Current configuration:
[NAME]		[DEFLT]	[VALUE]
-dcountfn		/home/lucija/Documents/Zadnji semestar/ROGJ/Prezentacije/CMUspinx/tutorial3/model_parameters/my_db.cd_cont_200/mixture_weights
-example	no	no
-fullvar	no	no
-help		no	no
-inmeanfn		/home/lucija/Documents/Zadnji semestar/ROGJ/Prezentacije/CMUspinx/tutorial3/model_parameters/my_db.cd_cont_200/means
-inmixwfn		/home/lucija/Documents/Zadnji semestar/ROGJ/Prezentacije/CMUspinx/tutorial3/model_parameters/my_db.cd_cont_200/mixture_weights
-invarfn		/home/lucija/Documents/Zadnji semestar/ROGJ/Prezentacije/CMUspinx/tutorial3/model_parameters/my_db.cd_cont_200/variances
-ninc		1	1
-outmeanfn		/home/lucija/Documents/Zadnji semestar/ROGJ/Prezentacije/CMUspinx/tutorial3/model_parameters/my_db.cd_cont_initial/means
-outmixwfn		/home/lucija/Documents/Zadnji semestar/ROGJ/Prezentacije/CMUspinx/tutorial3/model_parameters/my_db.cd_cont_initial/mixture_weights
-outvarfn		/home/lucija/Documents/Zadnji semestar/ROGJ/Prezentacije/CMUspinx/tutorial3/model_parameters/my_db.cd_cont_initial/variances

INFO: main.c(85): Reading mixing weight file /home/lucija/Documents/Zadnji semestar/ROGJ/Prezentacije/CMUspinx/tutorial3/model_parameters/my_db.cd_cont_200/mixture_weights.
INFO: s3mixw_io.c(116): Read /home/lucija/Documents/Zadnji semestar/ROGJ/Prezentacije/CMUspinx/tutorial3/model_parameters/my_db.cd_cont_200/mixture_weights [296x1x1 array]
INFO: s3gau_io.c(168): Read /home/lucija/Documents/Zadnji semestar/ROGJ/Prezentacije/CMUspinx/tutorial3/model_parameters/my_db.cd_cont_200/means [296x1x1 array]
INFO: s3gau_io.c(168): Read /home/lucija/Documents/Zadnji semestar/ROGJ/Prezentacije/CMUspinx/tutorial3/model_parameters/my_db.cd_cont_200/variances [296x1x1 array]
INFO: s3gau_io.c(552): Read /home/lucija/Documents/Zadnji semestar/ROGJ/Prezentacije/CMUspinx/tutorial3/model_parameters/my_db.cd_cont_200/mixture_weights [296x1x1 array]
INFO: main.c(151): output n_density == 2
0:0(2.90e+04)
1:0(5.95e+04)
2:0(2.42e+04)
3:0(1.15e+05)
4:0(3.18e+04)
5:0(2.67e+04)
6:0(1.35e+05)
7:0(1.55e+05)
8:0(1.54e+05)
9:0(1.44e+04)
10:0(9.79e+03)
11:0(1.10e+04)
12:0(1.03e+04)
13:0(1.17e+04)
14:0(7.10e+03)
15:0(4.02e+04)
16:0(3.41e+04)
17:0(4.05e+04)
18:0(1.11e+02)
19:0(9.77e+01)
20:0(8.54e+01)
21:0(1.06e+05)
22:0(8.00e+04)
23:0(8.66e+04)
24:0(5.84e+02)
25:0(6.71e+02)
26:0(4.60e+02)
27:0(1.01e+04)
28:0(1.08e+04)
29:0(1.69e+04)
30:0(3.26e+03)
31:0(4.01e+03)
32:0(4.26e+03)
33:0(6.88e+04)
34:0(9.38e+04)
35:0(8.94e+04)
36:0(4.45e+04)
37:0(3.59e+04)
38:0(3.02e+04)
39:0(2.92e+04)
40:0(1.79e+04)
41:0(2.22e+04)
42:0(1.81e+04)
43:0(1.69e+04)
44:0(1.49e+04)
45:0(5.00e+03)
46:0(4.14e+03)
47:0(4.75e+03)
48:0(4.13e+04)
49:0(3.18e+04)
50:0(3.77e+04)
51:0(5.91e+04)
52:0(4.59e+04)
53:0(4.39e+04)
54:0(1.14e+04)
55:0(7.86e+03)
56:0(7.80e+03)
57:0(8.77e+04)
58:0(1.19e+05)
59:0(1.06e+05)
60:0(4.18e+04)
61:0(2.12e+04)
62:0(2.55e+04)
63:0(4.42e+04)
64:0(4.21e+04)
65:0(4.11e+04)
66:0(5.00e+04)
67:0(8.96e+04)
68:0(5.68e+04)
69:0(5.42e+04)
70:0(3.69e+04)
71:0(5.93e+04)
72:0(5.02e+04)
73:0(5.96e+04)
74:0(6.20e+04)
75:0(2.79e+04)
76:0(1.80e+04)
77:0(2.33e+04)
78:0(1.62e+04)
79:0(2.43e+04)
80:0(1.74e+04)
81:0(1.11e+04)
82:0(1.22e+04)
83:0(7.95e+03)
84:0(1.47e+04)
85:0(1.72e+04)
86:0(1.16e+04)
87:0(1.21e+03)
88:0(1.25e+03)
89:0(1.05e+03)
90:0(8.72e+03)
91:0(1.91e+04)
92:0(1.20e+04)
93:0(4.25e+03)
94:0(6.67e+03)
95:0(4.00e+03)
96:0(2.90e+04)
97:0(5.95e+04)
98:0(2.42e+04)
99:0(9.80e+03)
100:0(1.32e+04)
101:0(3.21e+04)
102:0(5.20e+04)
103:0(1.20e+04)
104:0(1.56e+04)
105:0(1.09e+04)
106:0(5.33e+03)
107:0(2.46e+04)
108:0(1.55e+04)
109:0(2.81e+04)
110:0(2.70e+04)
111:0(4.33e+04)
112:0(2.98e+04)
113:0(1.55e+04)
114:0(1.04e+04)
115:0(9.50e+03)
116:0(1.46e+04)
117:0(9.85e+03)
118:0(8.99e+03)
119:0(2.53e+04)
120:0(3.00e+04)
121:0(1.44e+04)
122:0(9.79e+03)
123:0(1.10e+04)
124:0(1.03e+04)
125:0(1.17e+04)
126:0(7.10e+03)
127:0(2.72e+04)
128:0(1.30e+04)
129:0(2.48e+04)
130:0(9.30e+03)
131:0(1.36e+04)
132:0(2.69e+04)
133:0(1.11e+02)
134:0(9.77e+01)
135:0(8.54e+01)
136:0(6.11e+03)
137:0(1.50e+04)
138:0(4.12e+04)
139:0(2.17e+04)
140:0(2.20e+04)
141:0(1.22e+04)
142:0(5.86e+03)
143:0(1.95e+04)
144:0(1.16e+04)
145:0(1.43e+04)
146:0(1.66e+04)
147:0(1.40e+04)
148:0(7.05e+03)
149:0(2.28e+04)
150:0(2.69e+04)
151:0(1.57e+04)
152:0(5.84e+02)
153:0(6.71e+02)
154:0(4.60e+02)
155:0(1.01e+04)
156:0(1.08e+04)
157:0(9.57e+03)
158:0(7.28e+03)
159:0(3.26e+03)
160:0(4.01e+03)
161:0(4.26e+03)
162:0(2.31e+04)
163:0(1.53e+04)
164:0(3.04e+04)
165:0(3.63e+04)
166:0(2.19e+04)
167:0(3.56e+04)
168:0(1.31e+04)
169:0(5.71e+03)
170:0(2.29e+04)
171:0(1.15e+04)
172:0(3.62e+04)
173:0(3.77e+03)
174:0(1.79e+04)
175:0(7.90e+03)
176:0(1.49e+04)
177:0(8.58e+03)
178:0(1.93e+04)
179:0(8.06e+03)
180:0(1.16e+04)
181:0(8.20e+03)
182:0(1.04e+04)
183:0(2.05e+04)
184:0(8.70e+03)
185:0(1.79e+04)
186:0(2.22e+04)
187:0(9.22e+03)
188:0(8.87e+03)
189:0(8.77e+03)
190:0(8.14e+03)
191:0(1.49e+04)
192:0(5.00e+03)
193:0(4.14e+03)
194:0(4.75e+03)
195:0(3.47e+03)
196:0(3.79e+04)
197:0(2.08e+04)
198:0(1.11e+04)
199:0(2.01e+04)
200:0(1.77e+04)
201:0(4.12e+04)
202:0(8.37e+03)
203:0(9.49e+03)
204:0(1.08e+04)
205:0(3.01e+04)
206:0(5.00e+03)
207:0(6.51e+03)
208:0(7.71e+03)
209:0(2.97e+04)
210:0(1.14e+04)
211:0(7.86e+03)
212:0(7.80e+03)
213:0(1.67e+04)
214:0(1.26e+04)
215:0(1.06e+04)
216:0(3.58e+04)
217:0(1.20e+04)
218:0(1.69e+04)
219:0(3.00e+04)
220:0(1.78e+04)
221:0(1.25e+04)
222:0(1.32e+04)
223:0(9.54e+03)
224:0(1.92e+04)
225:0(6.76e+03)
226:0(1.08e+04)
227:0(1.77e+04)
228:0(1.52e+04)
229:0(1.22e+04)
230:0(1.93e+04)
231:0(1.25e+04)
232:0(1.16e+04)
233:0(4.18e+04)
234:0(2.12e+04)
235:0(1.43e+04)
236:0(1.12e+04)
237:0(1.06e+04)
238:0(1.72e+04)
239:0(1.64e+04)
240:0(1.85e+04)
241:0(2.36e+04)
242:0(8.64e+03)
243:0(3.25e+04)
244:0(5.87e+03)
245:0(4.41e+04)
246:0(2.28e+04)
247:0(7.75e+03)
248:0(5.91e+04)
249:0(5.89e+03)
250:0(1.97e+04)
251:0(3.12e+04)
252:0(3.98e+04)
253:0(1.44e+04)
254:0(2.64e+04)
255:0(1.05e+04)
256:0(2.05e+04)
257:0(3.88e+04)
258:0(1.28e+04)
259:0(8.69e+03)
260:0(1.10e+04)
261:0(6.57e+03)
262:0(1.12e+04)
263:0(3.22e+04)
264:0(2.74e+04)
265:0(1.24e+04)
266:0(7.40e+03)
267:0(1.17e+04)
268:0(2.26e+04)
269:0(7.91e+03)
270:0(1.01e+04)
271:0(1.78e+04)
272:0(1.80e+04)
273:0(4.71e+03)
274:0(1.86e+04)
275:0(1.62e+04)
276:0(2.43e+04)
277:0(4.64e+03)
278:0(1.28e+04)
279:0(1.11e+04)
280:0(1.22e+04)
281:0(7.95e+03)
282:0(1.47e+04)
283:0(1.72e+04)
284:0(4.35e+03)
285:0(7.22e+03)
286:0(1.21e+03)
287:0(1.25e+03)
288:0(1.05e+03)
289:0(8.72e+03)
290:0(1.91e+04)
291:0(5.34e+03)
292:0(6.62e+03)
293:0(4.25e+03)
294:0(6.67e+03)
295:0(4.00e+03)INFO: s3mixw_io.c(232): Wrote /home/lucija/Documents/Zadnji semestar/ROGJ/Prezentacije/CMUspinx/tutorial3/model_parameters/my_db.cd_cont_initial/mixture_weights [296x1x2 array]
INFO: s3gau_io.c(228): Wrote /home/lucija/Documents/Zadnji semestar/ROGJ/Prezentacije/CMUspinx/tutorial3/model_parameters/my_db.cd_cont_initial/means [296x1x2 array]
INFO: s3gau_io.c(228): Wrote /home/lucija/Documents/Zadnji semestar/ROGJ/Prezentacije/CMUspinx/tutorial3/model_parameters/my_db.cd_cont_initial/variances [296x1x2 array]

Tue Mar 21 22:05:04 2023
