Current configuration:
[NAME]		[DEFLT]	[VALUE]
-allphones	no	no
-cntthresh	0.00001	1.000000e-05
-csplitmax	100	2000
-csplitmin	1	1
-csplitthr	8e-4	0.000000e+00
-example	no	no
-fullvar	no	no
-help		no	no
-meanfn			/home/lucija/Documents/Zadnji semestar/ROGJ/Prezentacije/CMUspinx/tutorial10/model_parameters/my_db.cd_cont_untied/means
-mixwfn			/home/lucija/Documents/Zadnji semestar/ROGJ/Prezentacije/CMUspinx/tutorial10/model_parameters/my_db.cd_cont_untied/mixture_weights
-moddeffn		/home/lucija/Documents/Zadnji semestar/ROGJ/Prezentacije/CMUspinx/tutorial10/model_architecture/my_db.untied.mdef
-mwfloor	1e-4	1.000000e-08
-phone			c
-psetfn			/home/lucija/Documents/Zadnji semestar/ROGJ/Prezentacije/CMUspinx/tutorial10/model_architecture/my_db.tree_questions
-ssplitmax	5	7
-ssplitmin	1	1
-ssplitthr	8e-4	0.000000e+00
-state			2
-stwt			1.0,0.05,0.0,
-treefn			/home/lucija/Documents/Zadnji semestar/ROGJ/Prezentacije/CMUspinx/tutorial10/trees/my_db.unpruned/c-2.dtree
-ts2cbfn	.semi.	.cont.
-varfloor	0.00001	1.000000e-05
-varfn			/home/lucija/Documents/Zadnji semestar/ROGJ/Prezentacije/CMUspinx/tutorial10/model_parameters/my_db.cd_cont_untied/variances

INFO: main.c(223): Reading: /home/lucija/Documents/Zadnji semestar/ROGJ/Prezentacije/CMUspinx/tutorial10/model_architecture/my_db.untied.mdef
INFO: model_def_io.c(573): Model definition info:
INFO: model_def_io.c(574): 10885 total models defined (32 base, 10853 tri)
INFO: model_def_io.c(575): 43540 total states
INFO: model_def_io.c(576): 32655 total tied states
INFO: model_def_io.c(577): 96 total tied CI states
INFO: model_def_io.c(578): 32 total tied transition matrices
INFO: model_def_io.c(579): 4 max state/model
INFO: model_def_io.c(580): 4 min state/model
INFO: main.c(242): Building trees for [c NOISE e b] through [c ž e b]
INFO: main.c(268): Covering states |[5259 5621]| == 363
INFO: main.c(275): Reading: /home/lucija/Documents/Zadnji semestar/ROGJ/Prezentacije/CMUspinx/tutorial10/model_parameters/my_db.cd_cont_untied/mixture_weights
INFO: s3mixw_io.c(172): Read /home/lucija/Documents/Zadnji semestar/ROGJ/Prezentacije/CMUspinx/tutorial10/model_parameters/my_db.cd_cont_untied/mixture_weights [363x1x1 array]
INFO: main.c(311): 121 of 121 models have observation count greater than 0.000010
INFO: main.c(95): nrm stwt: 0.000 0.048 0.952 
INFO: s3gau_io.c(168): Read /home/lucija/Documents/Zadnji semestar/ROGJ/Prezentacije/CMUspinx/tutorial10/model_parameters/my_db.cd_cont_untied/means [32655x1x1 array]
INFO: s3gau_io.c(168): Read /home/lucija/Documents/Zadnji semestar/ROGJ/Prezentacije/CMUspinx/tutorial10/model_parameters/my_db.cd_cont_untied/variances [32655x1x1 array]
INFO: main.c(549): Reading: /home/lucija/Documents/Zadnji semestar/ROGJ/Prezentacije/CMUspinx/tutorial10/model_architecture/my_db.tree_questions
INFO: main.c(587): 180 total simple questions (172 phone; 8 word bndry)
INFO: main.c(589): 42 Left Only questions, and 42 Right Only questions
INFO: dtree.c(1478): Final simple tree
|( WDBNDRY_E 0 -1.931e+06 1.089e+04 8.500e+03
|    ( SILENCE 1 -2.119e+05 7.771e+02 9.393e+02
|        ( - -4.066e+04 2 0)
|        ( QUESTION0_8_R 1 -1.704e+05 5.482e+02 7.563e+02
|            ( - -9.201e+04 14 0 QUESTION0_16_R 1 3.836e+02 4.055e+02)
|            ( - -7.788e+04 10 0 QUESTION0_6_R 1 4.580e+02 3.507e+02)))
|    ( QUESTION17 -1 -1.709e+06 3.616e+03 7.560e+03
|        ( - -1.244e+05 3 0)
|        ( WDBNDRY_B 0 -1.581e+06 1.079e+03 6.991e+03
|            ( QUESTION0 1 -1.617e+05 9.072e+02 7.130e+02
|                ( - -1.337e+05 37 0 QUESTION20 -1 2.708e+02 5.866e+02)
|                ( - -2.707e+04 8 0 QUESTION0_0_R 1 4.495e+02 1.264e+02))
|            ( QUESTION20 -1 -1.418e+06 5.328e+02 6.278e+03
|                ( - -7.513e+03 1 0)
|                ( - -1.410e+06 46 0 QUESTION0_17_R 1 4.840e+02 6.242e+03)))))
s>    ( WDBNDRY_E 0 -1.931e+06 1.089e+04 8.500e+03
s>        ( SILENCE 1 -2.119e+05 7.771e+02 9.393e+02
s>            ( - -4.066e+04 2 0)
s>            ( QUESTION0_8_R 1 -1.704e+05 5.482e+02 7.563e+02
s>                ( - -9.201e+04 14 0 QUESTION0_16_R 1 3.836e+02 4.055e+02)
s>                ( - -7.788e+04 10 0 QUESTION0_6_R 1 4.580e+02 3.507e+02)))
s>        ( QUESTION17 -1 -1.709e+06 3.616e+03 7.560e+03
s>            ( - -1.244e+05 3 0)
s>            ( WDBNDRY_B 0 -1.581e+06 1.079e+03 6.991e+03
s>                ( QUESTION0 1 -1.617e+05 9.072e+02 7.130e+02
s>                    ( - -1.337e+05 37 0 QUESTION20 -1 2.708e+02 5.866e+02)
s>                    ( - -2.707e+04 8 0 QUESTION0_0_R 1 4.495e+02 1.264e+02))
s>                ( QUESTION20 -1 -1.418e+06 5.328e+02 6.278e+03
s>                    ( - -7.513e+03 1 0)
s>                    ( - -1.410e+06 46 0 QUESTION0_17_R 1 4.840e+02 6.242e+03)))))INFO: dtree.c(1315): Comp split 0
INFO: dtree.c(1478): Final simple tree
|( QUESTION17 -1 -1.709e+06 3.616e+03 7.560e+03
|    ( - -1.244e+05 3 0)
|    ( WDBNDRY_B 0 -1.581e+06 1.079e+03 6.991e+03
|        ( QUESTION0 1 -1.617e+05 9.072e+02 7.130e+02
|            ( - -1.337e+05 37 0 QUESTION20 -1 2.708e+02 5.866e+02)
|            ( QUESTION0_0_R 1 -2.707e+04 4.495e+02 1.264e+02
|                ( - -2.682e+04 7 0 QUESTION0 -1 2.979e+02 1.254e+02)
|                ( - 2.035e+02 1 0)))
|        ( QUESTION20 -1 -1.418e+06 5.328e+02 6.278e+03
|            ( - -7.513e+03 1 0)
|            ( QUESTION0_17_R 1 -1.410e+06 4.840e+02 6.242e+03
|                ( - 2.048e+02 1 0)
|                ( QUESTION2_0_L -1 -1.409e+06 4.487e+02 6.241e+03
|                    ( - -1.293e+06 25 0 QUESTION0_11_R 1 2.206e+02 5.726e+03)
|                    ( - -1.160e+05 20 0 QUESTION15 -1 1.374e+02 5.147e+02))))))
s>    ( QUESTION17 -1 -1.709e+06 3.616e+03 7.560e+03
s>        ( - -1.244e+05 3 0)
s>        ( WDBNDRY_B 0 -1.581e+06 1.079e+03 6.991e+03
s>            ( QUESTION0 1 -1.617e+05 9.072e+02 7.130e+02
s>                ( - -1.337e+05 37 0 QUESTION20 -1 2.708e+02 5.866e+02)
s>                ( QUESTION0_0_R 1 -2.707e+04 4.495e+02 1.264e+02
s>                    ( - -2.682e+04 7 0 QUESTION0 -1 2.979e+02 1.254e+02)
s>                    ( - 2.035e+02 1 0)))
s>            ( QUESTION20 -1 -1.418e+06 5.328e+02 6.278e+03
s>                ( - -7.513e+03 1 0)
s>                ( QUESTION0_17_R 1 -1.410e+06 4.840e+02 6.242e+03
s>                    ( - 2.048e+02 1 0)
s>                    ( QUESTION2_0_L -1 -1.409e+06 4.487e+02 6.241e+03
s>                        ( - -1.293e+06 25 0 QUESTION0_11_R 1 2.206e+02 5.726e+03)
s>                        ( - -1.160e+05 20 0 QUESTION15 -1 1.374e+02 5.147e+02))))))INFO: dtree.c(1478): Final simple tree
|( SILENCE 1 -2.119e+05 7.771e+02 9.393e+02
|    ( - -4.066e+04 2 0)
|    ( QUESTION0_8_R 1 -1.704e+05 5.482e+02 7.563e+02
|        ( QUESTION0_16_R 1 -9.201e+04 3.836e+02 4.055e+02
|            ( - -4.292e+04 4 0 QUESTION0 -1 1.500e+02 1.924e+02)
|            ( QUESTION0_13_R 1 -4.871e+04 2.175e+02 2.131e+02
|                ( - -1.321e+04 1 0)
|                ( - -3.528e+04 9 0 QUESTION3 1 1.680e+02 1.554e+02)))
|        ( QUESTION0_6_R 1 -7.788e+04 4.580e+02 3.507e+02
|            ( - 2.178e+02 1 0)
|            ( QUESTION0_3_R 1 -7.764e+04 2.819e+02 3.497e+02
|                ( - -2.800e+04 1 0)
|                ( QUESTION13 1 -4.936e+04 1.762e+02 2.221e+02
|                    ( - -3.021e+02 1 0)
|                    ( - -4.888e+04 7 0 QUESTION0_0_R 1 1.449e+02 2.201e+02))))))
s>    ( SILENCE 1 -2.119e+05 7.771e+02 9.393e+02
s>        ( - -4.066e+04 2 0)
s>        ( QUESTION0_8_R 1 -1.704e+05 5.482e+02 7.563e+02
s>            ( QUESTION0_16_R 1 -9.201e+04 3.836e+02 4.055e+02
s>                ( - -4.292e+04 4 0 QUESTION0 -1 1.500e+02 1.924e+02)
s>                ( QUESTION0_13_R 1 -4.871e+04 2.175e+02 2.131e+02
s>                    ( - -1.321e+04 1 0)
s>                    ( - -3.528e+04 9 0 QUESTION3 1 1.680e+02 1.554e+02)))
s>            ( QUESTION0_6_R 1 -7.788e+04 4.580e+02 3.507e+02
s>                ( - 2.178e+02 1 0)
s>                ( QUESTION0_3_R 1 -7.764e+04 2.819e+02 3.497e+02
s>                    ( - -2.800e+04 1 0)
s>                    ( QUESTION13 1 -4.936e+04 1.762e+02 2.221e+02
s>                        ( - -3.021e+02 1 0)
s>                        ( - -4.888e+04 7 0 QUESTION0_0_R 1 1.449e+02 2.201e+02))))))INFO: dtree.c(1315): Comp split 1
INFO: dtree.c(1439): stop. leaf nodes are specific
INFO: dtree.c(1478): Final simple tree
|( QUESTION0 1 -1.520e+05 7.907e+02 6.951e+02
|    ( - -1.244e+05 3 0)
|    ( QUESTION0 -1 -2.682e+04 2.979e+02 1.254e+02
|        ( - -1.807e+04 2 0)
|        ( QUESTION19 -1 -8.456e+03 1.159e+02 4.175e+01
|            ( - -5.107e+02 1 0)
|            ( SILENCE -1 -7.829e+03 1.229e+02 3.875e+01
|                ( - -3.771e+03 1 0)
|                ( QUESTION15 -1 -3.936e+03 1.262e+02 2.002e+01
|                    ( - -1.147e+03 1 0)
|                    ( QUESTION2 -1 -2.662e+03 8.948e+01 1.402e+01
|                        ( - -2.104e+03 1 0)
|                        ( - -4.685e+02 1 0)))))))
s>    ( QUESTION0 1 -1.520e+05 7.907e+02 6.951e+02
s>        ( - -1.244e+05 3 0)
s>        ( QUESTION0 -1 -2.682e+04 2.979e+02 1.254e+02
s>            ( - -1.807e+04 2 0)
s>            ( QUESTION19 -1 -8.456e+03 1.159e+02 4.175e+01
s>                ( - -5.107e+02 1 0)
s>                ( SILENCE -1 -7.829e+03 1.229e+02 3.875e+01
s>                    ( - -3.771e+03 1 0)
s>                    ( QUESTION15 -1 -3.936e+03 1.262e+02 2.002e+01
s>                        ( - -1.147e+03 1 0)
s>                        ( QUESTION2 -1 -2.662e+03 8.948e+01 1.402e+01
s>                            ( - -2.104e+03 1 0)
s>                            ( - -4.685e+02 1 0)))))))INFO: dtree.c(1478): Final simple tree
|( WDBNDRY_B 0 -1.553e+06 9.762e+02 6.865e+03
|    ( QUESTION0_0_R 1 -1.340e+05 4.368e+02 5.876e+02
|        ( QUESTION20 -1 -1.337e+05 2.708e+02 5.866e+02
|            ( - -2.292e+03 2 0)
|            ( QUESTION0 -1 -1.312e+05 2.448e+02 5.756e+02
|                ( - -1.069e+05 21 0 QUESTION2_0_L -1 1.431e+02 4.686e+02)
|                ( - -2.400e+04 14 0 QUESTION2_1_L -1 2.060e+02 1.069e+02)))
|        ( - 2.035e+02 1 0))
|    ( QUESTION20 -1 -1.418e+06 5.328e+02 6.278e+03
|        ( - -7.513e+03 1 0)
|        ( QUESTION0_17_R 1 -1.410e+06 4.840e+02 6.242e+03
|            ( - 2.048e+02 1 0)
|            ( QUESTION2_0_L -1 -1.409e+06 4.487e+02 6.241e+03
|                ( - -1.293e+06 25 0 QUESTION0_11_R 1 2.206e+02 5.726e+03)
|                ( - -1.160e+05 20 0 QUESTION15 -1 1.374e+02 5.147e+02)))))
s>    ( WDBNDRY_B 0 -1.553e+06 9.762e+02 6.865e+03
s>        ( QUESTION0_0_R 1 -1.340e+05 4.368e+02 5.876e+02
s>            ( QUESTION20 -1 -1.337e+05 2.708e+02 5.866e+02
s>                ( - -2.292e+03 2 0)
s>                ( QUESTION0 -1 -1.312e+05 2.448e+02 5.756e+02
s>                    ( - -1.069e+05 21 0 QUESTION2_0_L -1 1.431e+02 4.686e+02)
s>                    ( - -2.400e+04 14 0 QUESTION2_1_L -1 2.060e+02 1.069e+02)))
s>            ( - 2.035e+02 1 0))
s>        ( QUESTION20 -1 -1.418e+06 5.328e+02 6.278e+03
s>            ( - -7.513e+03 1 0)
s>            ( QUESTION0_17_R 1 -1.410e+06 4.840e+02 6.242e+03
s>                ( - 2.048e+02 1 0)
s>                ( QUESTION2_0_L -1 -1.409e+06 4.487e+02 6.241e+03
s>                    ( - -1.293e+06 25 0 QUESTION0_11_R 1 2.206e+02 5.726e+03)
s>                    ( - -1.160e+05 20 0 QUESTION15 -1 1.374e+02 5.147e+02)))))INFO: dtree.c(1315): Comp split 2
INFO: dtree.c(1439): stop. leaf nodes are specific
INFO: dtree.c(1478): Final simple tree
|( QUESTION0_11_R 1 -1.293e+06 2.206e+02 5.726e+03
|    ( - -5.034e+02 1 0)
|    ( QUESTION0_15_R 1 -1.292e+06 1.456e+02 5.723e+03
|        ( - -3.081e+02 1 0)
|        ( QUESTION0_0_R 1 -1.292e+06 1.212e+02 5.721e+03
|            ( QUESTION0 1 -1.291e+06 1.207e+02 5.719e+03
|                ( - -1.290e+06 20 0)
|                ( - -1.457e+03 2 0))
|            ( - -3.369e+02 1 0))))
s>    ( QUESTION0_11_R 1 -1.293e+06 2.206e+02 5.726e+03
s>        ( - -5.034e+02 1 0)
s>        ( QUESTION0_15_R 1 -1.292e+06 1.456e+02 5.723e+03
s>            ( - -3.081e+02 1 0)
s>            ( QUESTION0_0_R 1 -1.292e+06 1.212e+02 5.721e+03
s>                ( QUESTION0 1 -1.291e+06 1.207e+02 5.719e+03
s>                    ( - -1.290e+06 20 0)
s>                    ( - -1.457e+03 2 0))
s>                ( - -3.369e+02 1 0))))INFO: dtree.c(1478): Final simple tree
|( QUESTION0_17_R 1 -2.587e+05 4.832e+02 1.139e+03
|    ( - 2.048e+02 1 0)
|    ( WDBNDRY_B 0 -2.584e+05 4.610e+02 1.138e+03
|        ( QUESTION0_0_R 1 -1.340e+05 4.368e+02 5.876e+02
|            ( QUESTION20 -1 -1.337e+05 2.708e+02 5.866e+02
|                ( - -2.292e+03 2 0)
|                ( QUESTION0 -1 -1.312e+05 2.448e+02 5.756e+02
|                    ( - -1.069e+05 21 0 QUESTION2_0_L -1 1.431e+02 4.686e+02)
|                    ( QUESTION2_1_L -1 -2.400e+04 2.060e+02 1.069e+02
|                        ( - -1.089e+04 11 0 QUESTION16 -1 1.500e+02 4.899e+01)
|                        ( - -1.291e+04 3 0 SILENCE -1 1.407e+02 5.795e+01))))
|            ( - 2.035e+02 1 0))
|        ( QUESTION20 -1 -1.240e+05 4.816e+02 5.505e+02
|            ( - -7.513e+03 1 0)
|            ( - -1.160e+05 20 0 QUESTION15 -1 1.374e+02 5.147e+02))))
s>    ( QUESTION0_17_R 1 -2.587e+05 4.832e+02 1.139e+03
s>        ( - 2.048e+02 1 0)
s>        ( WDBNDRY_B 0 -2.584e+05 4.610e+02 1.138e+03
s>            ( QUESTION0_0_R 1 -1.340e+05 4.368e+02 5.876e+02
s>                ( QUESTION20 -1 -1.337e+05 2.708e+02 5.866e+02
s>                    ( - -2.292e+03 2 0)
s>                    ( QUESTION0 -1 -1.312e+05 2.448e+02 5.756e+02
s>                        ( - -1.069e+05 21 0 QUESTION2_0_L -1 1.431e+02 4.686e+02)
s>                        ( QUESTION2_1_L -1 -2.400e+04 2.060e+02 1.069e+02
s>                            ( - -1.089e+04 11 0 QUESTION16 -1 1.500e+02 4.899e+01)
s>                            ( - -1.291e+04 3 0 SILENCE -1 1.407e+02 5.795e+01))))
s>                ( - 2.035e+02 1 0))
s>            ( QUESTION20 -1 -1.240e+05 4.816e+02 5.505e+02
s>                ( - -7.513e+03 1 0)
s>                ( - -1.160e+05 20 0 QUESTION15 -1 1.374e+02 5.147e+02))))INFO: dtree.c(1315): Comp split 3
INFO: dtree.c(1439): stop. leaf nodes are specific
INFO: dtree.c(1478): Final simple tree
|( QUESTION0 -1 -2.682e+04 2.979e+02 1.254e+02
|    ( - -1.807e+04 2 0)
|    ( QUESTION19 -1 -8.456e+03 1.159e+02 4.175e+01
|        ( - -5.107e+02 1 0)
|        ( SILENCE -1 -7.829e+03 1.229e+02 3.875e+01
|            ( - -3.771e+03 1 0)
|            ( QUESTION15 -1 -3.936e+03 1.262e+02 2.002e+01
|                ( - -1.147e+03 1 0)
|                ( QUESTION2 -1 -2.662e+03 8.948e+01 1.402e+01
|                    ( - -2.104e+03 1 0)
|                    ( - -4.685e+02 1 0))))))
s>    ( QUESTION0 -1 -2.682e+04 2.979e+02 1.254e+02
s>        ( - -1.807e+04 2 0)
s>        ( QUESTION19 -1 -8.456e+03 1.159e+02 4.175e+01
s>            ( - -5.107e+02 1 0)
s>            ( SILENCE -1 -7.829e+03 1.229e+02 3.875e+01
s>                ( - -3.771e+03 1 0)
s>                ( QUESTION15 -1 -3.936e+03 1.262e+02 2.002e+01
s>                    ( - -1.147e+03 1 0)
s>                    ( QUESTION2 -1 -2.662e+03 8.948e+01 1.402e+01
s>                        ( - -2.104e+03 1 0)
s>                        ( - -4.685e+02 1 0))))))INFO: dtree.c(1315): Comp split 4
INFO: dtree.c(1478): Final simple tree
|( QUESTION0_8_R 1 -1.704e+05 5.482e+02 7.563e+02
|    ( QUESTION0_16_R 1 -9.201e+04 3.836e+02 4.055e+02
|        ( - -4.292e+04 4 0 QUESTION0 -1 1.500e+02 1.924e+02)
|        ( QUESTION0_13_R 1 -4.871e+04 2.175e+02 2.131e+02
|            ( - -1.321e+04 1 0)
|            ( QUESTION3 1 -3.528e+04 1.680e+02 1.554e+02
|                ( - -2.101e+03 1 0)
|                ( - -3.301e+04 8 0 QUESTION20 1 1.567e+02 1.454e+02))))
|    ( QUESTION0_6_R 1 -7.788e+04 4.580e+02 3.507e+02
|        ( - 2.178e+02 1 0)
|        ( QUESTION0_3_R 1 -7.764e+04 2.819e+02 3.497e+02
|            ( - -2.800e+04 1 0)
|            ( QUESTION13 1 -4.936e+04 1.762e+02 2.221e+02
|                ( - -3.021e+02 1 0)
|                ( - -4.888e+04 7 0 QUESTION0_0_R 1 1.449e+02 2.201e+02)))))
s>    ( QUESTION0_8_R 1 -1.704e+05 5.482e+02 7.563e+02
s>        ( QUESTION0_16_R 1 -9.201e+04 3.836e+02 4.055e+02
s>            ( - -4.292e+04 4 0 QUESTION0 -1 1.500e+02 1.924e+02)
s>            ( QUESTION0_13_R 1 -4.871e+04 2.175e+02 2.131e+02
s>                ( - -1.321e+04 1 0)
s>                ( QUESTION3 1 -3.528e+04 1.680e+02 1.554e+02
s>                    ( - -2.101e+03 1 0)
s>                    ( - -3.301e+04 8 0 QUESTION20 1 1.567e+02 1.454e+02))))
s>        ( QUESTION0_6_R 1 -7.788e+04 4.580e+02 3.507e+02
s>            ( - 2.178e+02 1 0)
s>            ( QUESTION0_3_R 1 -7.764e+04 2.819e+02 3.497e+02
s>                ( - -2.800e+04 1 0)
s>                ( QUESTION13 1 -4.936e+04 1.762e+02 2.221e+02
s>                    ( - -3.021e+02 1 0)
s>                    ( - -4.888e+04 7 0 QUESTION0_0_R 1 1.449e+02 2.201e+02)))))INFO: dtree.c(1315): Comp split 5
INFO: dtree.c(1478): Final simple tree
|( QUESTION14 1 -9.248e+04 3.835e+02 4.075e+02
|    ( QUESTION0_0_R 1 -4.339e+04 1.670e+02 1.944e+02
|        ( - -3.021e+02 1 0)
|        ( QUESTION0 -1 -4.292e+04 1.500e+02 1.924e+02
|            ( - -4.208e+04 3 0)
|            ( - -6.884e+02 1 0)))
|    ( QUESTION0_13_R 1 -4.871e+04 2.175e+02 2.131e+02
|        ( - -1.321e+04 1 0)
|        ( QUESTION3 1 -3.528e+04 1.680e+02 1.554e+02
|            ( - -2.101e+03 1 0)
|            ( QUESTION20 1 -3.301e+04 1.567e+02 1.454e+02
|                ( QUESTION0 -1 -8.692e+02 1.959e+02 4.000e+00
|                    ( - -2.830e+02 1 0)
|                    ( - -3.903e+02 1 0))
|                ( - -3.199e+04 6 0 QUESTION0_9_R 1 1.479e+02 1.414e+02)))))
s>    ( QUESTION14 1 -9.248e+04 3.835e+02 4.075e+02
s>        ( QUESTION0_0_R 1 -4.339e+04 1.670e+02 1.944e+02
s>            ( - -3.021e+02 1 0)
s>            ( QUESTION0 -1 -4.292e+04 1.500e+02 1.924e+02
s>                ( - -4.208e+04 3 0)
s>                ( - -6.884e+02 1 0)))
s>        ( QUESTION0_13_R 1 -4.871e+04 2.175e+02 2.131e+02
s>            ( - -1.321e+04 1 0)
s>            ( QUESTION3 1 -3.528e+04 1.680e+02 1.554e+02
s>                ( - -2.101e+03 1 0)
s>                ( QUESTION20 1 -3.301e+04 1.567e+02 1.454e+02
s>                    ( QUESTION0 -1 -8.692e+02 1.959e+02 4.000e+00
s>                        ( - -2.830e+02 1 0)
s>                        ( - -3.903e+02 1 0))
s>                    ( - -3.199e+04 6 0 QUESTION0_9_R 1 1.479e+02 1.414e+02)))))INFO: dtree.c(1439): stop. leaf nodes are specific
INFO: dtree.c(1478): Final simple tree
|( QUESTION0_6_R 1 -7.740e+04 4.580e+02 3.487e+02
|    ( - 2.178e+02 1 0)
|    ( QUESTION0_3_R 1 -7.716e+04 2.808e+02 3.477e+02
|        ( - -2.800e+04 1 0)
|        ( QUESTION0_0_R 1 -4.888e+04 1.449e+02 2.201e+02
|            ( - -4.263e+04 6 0)
|            ( - -6.104e+03 1 0))))
s>    ( QUESTION0_6_R 1 -7.740e+04 4.580e+02 3.487e+02
s>        ( - 2.178e+02 1 0)
s>        ( QUESTION0_3_R 1 -7.716e+04 2.808e+02 3.477e+02
s>            ( - -2.800e+04 1 0)
s>            ( QUESTION0_0_R 1 -4.888e+04 1.449e+02 2.201e+02
s>                ( - -4.263e+04 6 0)
s>                ( - -6.104e+03 1 0))))INFO: dtree.c(1315): Comp split 6
INFO: dtree.c(1478): Final simple tree
|( QUESTION0_17_R 1 -2.507e+05 4.832e+02 1.103e+03
|    ( - 2.048e+02 1 0)
|    ( QUESTION2_2_L -1 -2.504e+05 4.537e+02 1.102e+03
|        ( QUESTION0 -1 -1.188e+05 1.640e+02 5.277e+02
|            ( - -2.214e+03 2 0 WDBNDRY_B 0 1.062e+02 1.100e+01)
|            ( - -1.164e+05 20 0 WDBNDRY_B 0 1.083e+02 5.167e+02))
|        ( QUESTION0_0_R 1 -1.312e+05 4.367e+02 5.746e+02
|            ( QUESTION20 -1 -1.309e+05 2.716e+02 5.736e+02
|                ( - -2.292e+03 2 0)
|                ( QUESTION0 -1 -1.284e+05 2.607e+02 5.626e+02
|                    ( - -1.054e+05 20 0)
|                    ( QUESTION2_1_L -1 -2.272e+04 1.780e+02 1.009e+02
|                        ( - -9.635e+03 10 0 QUESTION16 -1 1.483e+02 4.299e+01)
|                        ( - -1.291e+04 3 0 SILENCE -1 1.407e+02 5.795e+01))))
|            ( - 2.035e+02 1 0))))
s>    ( QUESTION0_17_R 1 -2.507e+05 4.832e+02 1.103e+03
s>        ( - 2.048e+02 1 0)
s>        ( QUESTION2_2_L -1 -2.504e+05 4.537e+02 1.102e+03
s>            ( QUESTION0 -1 -1.188e+05 1.640e+02 5.277e+02
s>                ( - -2.214e+03 2 0 WDBNDRY_B 0 1.062e+02 1.100e+01)
s>                ( - -1.164e+05 20 0 WDBNDRY_B 0 1.083e+02 5.167e+02))
s>            ( QUESTION0_0_R 1 -1.312e+05 4.367e+02 5.746e+02
s>                ( QUESTION20 -1 -1.309e+05 2.716e+02 5.736e+02
s>                    ( - -2.292e+03 2 0)
s>                    ( QUESTION0 -1 -1.284e+05 2.607e+02 5.626e+02
s>                        ( - -1.054e+05 20 0)
s>                        ( QUESTION2_1_L -1 -2.272e+04 1.780e+02 1.009e+02
s>                            ( - -9.635e+03 10 0 QUESTION16 -1 1.483e+02 4.299e+01)
s>                            ( - -1.291e+04 3 0 SILENCE -1 1.407e+02 5.795e+01))))
s>                ( - 2.035e+02 1 0))))INFO: dtree.c(1315): Comp split 7
INFO: dtree.c(1478): Final simple tree
|( QUESTION2_2_L -1 -2.504e+05 4.537e+02 1.102e+03
|    ( QUESTION0 -1 -1.188e+05 1.640e+02 5.277e+02
|        ( - -2.214e+03 2 0 WDBNDRY_B 0 1.062e+02 1.100e+01)
|        ( - -1.164e+05 20 0 WDBNDRY_B 0 1.083e+02 5.167e+02))
|    ( QUESTION0_0_R 1 -1.312e+05 4.367e+02 5.746e+02
|        ( QUESTION20 -1 -1.309e+05 2.716e+02 5.736e+02
|            ( - -2.292e+03 2 0)
|            ( QUESTION0 -1 -1.284e+05 2.607e+02 5.626e+02
|                ( - -1.054e+05 20 0)
|                ( QUESTION2_1_L -1 -2.272e+04 1.780e+02 1.009e+02
|                    ( QUESTION16 -1 -9.635e+03 1.483e+02 4.299e+01
|                        ( - -2.953e+02 1 0)
|                        ( - -9.191e+03 9 0 QUESTION2_17_L -1 1.362e+02 4.099e+01))
|                    ( - -1.291e+04 3 0 SILENCE -1 1.407e+02 5.795e+01))))
|        ( - 2.035e+02 1 0)))
s>    ( QUESTION2_2_L -1 -2.504e+05 4.537e+02 1.102e+03
s>        ( QUESTION0 -1 -1.188e+05 1.640e+02 5.277e+02
s>            ( - -2.214e+03 2 0 WDBNDRY_B 0 1.062e+02 1.100e+01)
s>            ( - -1.164e+05 20 0 WDBNDRY_B 0 1.083e+02 5.167e+02))
s>        ( QUESTION0_0_R 1 -1.312e+05 4.367e+02 5.746e+02
s>            ( QUESTION20 -1 -1.309e+05 2.716e+02 5.736e+02
s>                ( - -2.292e+03 2 0)
s>                ( QUESTION0 -1 -1.284e+05 2.607e+02 5.626e+02
s>                    ( - -1.054e+05 20 0)
s>                    ( QUESTION2_1_L -1 -2.272e+04 1.780e+02 1.009e+02
s>                        ( QUESTION16 -1 -9.635e+03 1.483e+02 4.299e+01
s>                            ( - -2.953e+02 1 0)
s>                            ( - -9.191e+03 9 0 QUESTION2_17_L -1 1.362e+02 4.099e+01))
s>                        ( - -1.291e+04 3 0 SILENCE -1 1.407e+02 5.795e+01))))
s>            ( - 2.035e+02 1 0)))INFO: dtree.c(1315): Comp split 8
INFO: dtree.c(1439): stop. leaf nodes are specific
INFO: dtree.c(1478): Final simple tree
|( QUESTION0_3_R 1 -7.716e+04 2.808e+02 3.477e+02
|    ( - -2.800e+04 1 0)
|    ( QUESTION0_0_R 1 -4.888e+04 1.449e+02 2.201e+02
|        ( - -4.263e+04 6 0)
|        ( - -6.104e+03 1 0)))
s>    ( QUESTION0_3_R 1 -7.716e+04 2.808e+02 3.477e+02
s>        ( - -2.800e+04 1 0)
s>        ( QUESTION0_0_R 1 -4.888e+04 1.449e+02 2.201e+02
s>            ( - -4.263e+04 6 0)
s>            ( - -6.104e+03 1 0)))INFO: dtree.c(1315): Comp split 9
INFO: dtree.c(1478): Final simple tree
|( QUESTION0_0_R 1 -1.312e+05 4.367e+02 5.746e+02
|    ( QUESTION20 -1 -1.309e+05 2.716e+02 5.736e+02
|        ( - -2.292e+03 2 0)
|        ( QUESTION0 -1 -1.284e+05 2.607e+02 5.626e+02
|            ( - -1.054e+05 20 0)
|            ( QUESTION2_1_L -1 -2.272e+04 1.780e+02 1.009e+02
|                ( QUESTION16 -1 -9.635e+03 1.483e+02 4.299e+01
|                    ( - -2.953e+02 1 0)
|                    ( QUESTION2_17_L -1 -9.191e+03 1.362e+02 4.099e+01
|                        ( - -5.429e+02 1 0)
|                        ( - -8.512e+03 8 0 QUESTION12 -1 1.103e+02 3.799e+01)))
|                ( SILENCE -1 -1.291e+04 1.407e+02 5.795e+01
|                    ( - -7.011e+03 1 0)
|                    ( - -5.756e+03 2 0)))))
|    ( - 2.035e+02 1 0))
s>    ( QUESTION0_0_R 1 -1.312e+05 4.367e+02 5.746e+02
s>        ( QUESTION20 -1 -1.309e+05 2.716e+02 5.736e+02
s>            ( - -2.292e+03 2 0)
s>            ( QUESTION0 -1 -1.284e+05 2.607e+02 5.626e+02
s>                ( - -1.054e+05 20 0)
s>                ( QUESTION2_1_L -1 -2.272e+04 1.780e+02 1.009e+02
s>                    ( QUESTION16 -1 -9.635e+03 1.483e+02 4.299e+01
s>                        ( - -2.953e+02 1 0)
s>                        ( QUESTION2_17_L -1 -9.191e+03 1.362e+02 4.099e+01
s>                            ( - -5.429e+02 1 0)
s>                            ( - -8.512e+03 8 0 QUESTION12 -1 1.103e+02 3.799e+01)))
s>                    ( SILENCE -1 -1.291e+04 1.407e+02 5.795e+01
s>                        ( - -7.011e+03 1 0)
s>                        ( - -5.756e+03 2 0)))))
s>        ( - 2.035e+02 1 0))INFO: dtree.c(1439): stop. leaf nodes are specific
INFO: dtree.c(1478): Final simple tree
|( QUESTION0 -1 -1.188e+05 1.640e+02 5.277e+02
|    ( WDBNDRY_B 0 -2.214e+03 1.062e+02 1.100e+01
|        ( - -1.378e+03 1 0)
|        ( - -7.300e+02 1 0))
|    ( WDBNDRY_B 0 -1.164e+05 1.083e+02 5.167e+02
|        ( - -2.974e+03 4 0)
|        ( - -1.133e+05 16 0)))
s>    ( QUESTION0 -1 -1.188e+05 1.640e+02 5.277e+02
s>        ( WDBNDRY_B 0 -2.214e+03 1.062e+02 1.100e+01
s>            ( - -1.378e+03 1 0)
s>            ( - -7.300e+02 1 0))
s>        ( WDBNDRY_B 0 -1.164e+05 1.083e+02 5.167e+02
s>            ( - -2.974e+03 4 0)
s>            ( - -1.133e+05 16 0)))INFO: dtree.c(1315): Comp split 10
INFO: dtree.c(1478): Final simple tree
|( QUESTION20 -1 -1.309e+05 2.716e+02 5.736e+02
|    ( - -2.292e+03 2 0)
|    ( QUESTION0 -1 -1.284e+05 2.607e+02 5.626e+02
|        ( - -1.054e+05 20 0)
|        ( QUESTION2_1_L -1 -2.272e+04 1.780e+02 1.009e+02
|            ( QUESTION16 -1 -9.635e+03 1.483e+02 4.299e+01
|                ( - -2.953e+02 1 0)
|                ( QUESTION2_17_L -1 -9.191e+03 1.362e+02 4.099e+01
|                    ( - -5.429e+02 1 0)
|                    ( QUESTION12 -1 -8.512e+03 1.103e+02 3.799e+01
|                        ( - -6.073e+02 1 0)
|                        ( - -7.795e+03 7 0 QUESTION5 -1 1.059e+02 3.499e+01))))
|            ( SILENCE -1 -1.291e+04 1.407e+02 5.795e+01
|                ( - -7.011e+03 1 0)
|                ( - -5.756e+03 2 0)))))
s>    ( QUESTION20 -1 -1.309e+05 2.716e+02 5.736e+02
s>        ( - -2.292e+03 2 0)
s>        ( QUESTION0 -1 -1.284e+05 2.607e+02 5.626e+02
s>            ( - -1.054e+05 20 0)
s>            ( QUESTION2_1_L -1 -2.272e+04 1.780e+02 1.009e+02
s>                ( QUESTION16 -1 -9.635e+03 1.483e+02 4.299e+01
s>                    ( - -2.953e+02 1 0)
s>                    ( QUESTION2_17_L -1 -9.191e+03 1.362e+02 4.099e+01
s>                        ( - -5.429e+02 1 0)
s>                        ( QUESTION12 -1 -8.512e+03 1.103e+02 3.799e+01
s>                            ( - -6.073e+02 1 0)
s>                            ( - -7.795e+03 7 0 QUESTION5 -1 1.059e+02 3.499e+01))))
s>                ( SILENCE -1 -1.291e+04 1.407e+02 5.795e+01
s>                    ( - -7.011e+03 1 0)
s>                    ( - -5.756e+03 2 0)))))INFO: dtree.c(1315): Comp split 11
INFO: dtree.c(1439): stop. leaf nodes are specific
INFO: dtree.c(1478): Final simple tree
|( QUESTION0_13_R 1 -4.642e+04 2.014e+02 2.031e+02
|    ( - -1.321e+04 1 0)
|    ( QUESTION20 1 -3.301e+04 1.567e+02 1.454e+02
|        ( QUESTION0 -1 -8.692e+02 1.959e+02 4.000e+00
|            ( - -2.830e+02 1 0)
|            ( - -3.903e+02 1 0))
|        ( QUESTION0_9_R 1 -3.199e+04 1.479e+02 1.414e+02
|            ( QUESTION0_11_R 1 -1.864e+04 1.350e+02 8.352e+01
|                ( - -1.793e+04 2 0)
|                ( - -5.736e+02 1 0))
|            ( QUESTION17 1 -1.319e+04 1.235e+02 5.790e+01
|                ( - -2.023e+03 1 0)
|                ( - -1.105e+04 2 0)))))
s>    ( QUESTION0_13_R 1 -4.642e+04 2.014e+02 2.031e+02
s>        ( - -1.321e+04 1 0)
s>        ( QUESTION20 1 -3.301e+04 1.567e+02 1.454e+02
s>            ( QUESTION0 -1 -8.692e+02 1.959e+02 4.000e+00
s>                ( - -2.830e+02 1 0)
s>                ( - -3.903e+02 1 0))
s>            ( QUESTION0_9_R 1 -3.199e+04 1.479e+02 1.414e+02
s>                ( QUESTION0_11_R 1 -1.864e+04 1.350e+02 8.352e+01
s>                    ( - -1.793e+04 2 0)
s>                    ( - -5.736e+02 1 0))
s>                ( QUESTION17 1 -1.319e+04 1.235e+02 5.790e+01
s>                    ( - -2.023e+03 1 0)
s>                    ( - -1.105e+04 2 0)))))INFO: dtree.c(1439): stop. leaf nodes are specific
INFO: dtree.c(1478): Final simple tree
|( QUESTION0_0_R 1 -4.565e+04 1.673e+02 2.044e+02
|    ( - -3.021e+02 1 0)
|    ( QUESTION0_9_R 1 -4.518e+04 1.587e+02 2.024e+02
|        ( - -2.101e+03 1 0)
|        ( QUESTION0 -1 -4.292e+04 1.500e+02 1.924e+02
|            ( - -4.208e+04 3 0)
|            ( - -6.884e+02 1 0))))
s>    ( QUESTION0_0_R 1 -4.565e+04 1.673e+02 2.044e+02
s>        ( - -3.021e+02 1 0)
s>        ( QUESTION0_9_R 1 -4.518e+04 1.587e+02 2.024e+02
s>            ( - -2.101e+03 1 0)
s>            ( QUESTION0 -1 -4.292e+04 1.500e+02 1.924e+02
s>                ( - -4.208e+04 3 0)
s>                ( - -6.884e+02 1 0))))INFO: dtree.c(1315): Comp split 12
INFO: dtree.c(1439): stop. leaf nodes are specific
INFO: dtree.c(1478): Final simple tree
|( QUESTION2 -1 -1.335e+04 1.457e+02 5.995e+01
|    ( - -5.756e+03 2 0)
|    ( SILENCE -1 -7.445e+03 1.386e+02 3.382e+01
|        ( - -7.011e+03 1 0)
|        ( - -2.953e+02 1 0)))
s>    ( QUESTION2 -1 -1.335e+04 1.457e+02 5.995e+01
s>        ( - -5.756e+03 2 0)
s>        ( SILENCE -1 -7.445e+03 1.386e+02 3.382e+01
s>            ( - -7.011e+03 1 0)
s>            ( - -2.953e+02 1 0)))INFO: dtree.c(1478): Final simple tree
|( QUESTION20 -1 -1.173e+05 2.704e+02 5.136e+02
|    ( - -2.292e+03 2 0)
|    ( QUESTION0 -1 -1.147e+05 1.427e+02 5.026e+02
|        ( - -1.054e+05 20 0)
|        ( QUESTION2_17_L -1 -9.191e+03 1.362e+02 4.099e+01
|            ( - -5.429e+02 1 0)
|            ( QUESTION12 -1 -8.512e+03 1.103e+02 3.799e+01
|                ( - -6.073e+02 1 0)
|                ( QUESTION5 -1 -7.795e+03 1.059e+02 3.499e+01
|                    ( - -8.274e+02 1 0)
|                    ( WDBNDRY_B 0 -6.861e+03 9.264e+01 3.099e+01
|                        ( QUESTION2 -1 -5.709e+03 9.896e+01 2.599e+01
|                            ( - -1.472e+03 2 0)
|                            ( - -4.138e+03 2 0))
|                        ( - -1.060e+03 2 0)))))))
s>    ( QUESTION20 -1 -1.173e+05 2.704e+02 5.136e+02
s>        ( - -2.292e+03 2 0)
s>        ( QUESTION0 -1 -1.147e+05 1.427e+02 5.026e+02
s>            ( - -1.054e+05 20 0)
s>            ( QUESTION2_17_L -1 -9.191e+03 1.362e+02 4.099e+01
s>                ( - -5.429e+02 1 0)
s>                ( QUESTION12 -1 -8.512e+03 1.103e+02 3.799e+01
s>                    ( - -6.073e+02 1 0)
s>                    ( QUESTION5 -1 -7.795e+03 1.059e+02 3.499e+01
s>                        ( - -8.274e+02 1 0)
s>                        ( WDBNDRY_B 0 -6.861e+03 9.264e+01 3.099e+01
s>                            ( QUESTION2 -1 -5.709e+03 9.896e+01 2.599e+01
s>                                ( - -1.472e+03 2 0)
s>                                ( - -4.138e+03 2 0))
s>                            ( - -1.060e+03 2 0)))))))INFO: dtree.c(1315): Comp split 13
INFO: dtree.c(1439): stop. leaf nodes are specific
INFO: dtree.c(1478): Final simple tree
|( QUESTION19 -1 -8.456e+03 1.159e+02 4.175e+01
|    ( - -5.107e+02 1 0)
|    ( SILENCE -1 -7.829e+03 1.229e+02 3.875e+01
|        ( - -3.771e+03 1 0)
|        ( QUESTION15 -1 -3.936e+03 1.262e+02 2.002e+01
|            ( - -1.147e+03 1 0)
|            ( QUESTION2 -1 -2.662e+03 8.948e+01 1.402e+01
|                ( - -2.104e+03 1 0)
|                ( - -4.685e+02 1 0)))))
s>    ( QUESTION19 -1 -8.456e+03 1.159e+02 4.175e+01
s>        ( - -5.107e+02 1 0)
s>        ( SILENCE -1 -7.829e+03 1.229e+02 3.875e+01
s>            ( - -3.771e+03 1 0)
s>            ( QUESTION15 -1 -3.936e+03 1.262e+02 2.002e+01
s>                ( - -1.147e+03 1 0)
s>                ( QUESTION2 -1 -2.662e+03 8.948e+01 1.402e+01
s>                    ( - -2.104e+03 1 0)
s>                    ( - -4.685e+02 1 0)))))INFO: dtree.c(1315): Comp split 14
INFO: dtree.c(1439): stop. leaf nodes are specific
INFO: dtree.c(1478): Final simple tree
|( QUESTION0_0_R 1 -4.888e+04 1.449e+02 2.201e+02
|    ( - -4.263e+04 6 0)
|    ( - -6.104e+03 1 0))
s>    ( QUESTION0_0_R 1 -4.888e+04 1.449e+02 2.201e+02
s>        ( - -4.263e+04 6 0)
s>        ( - -6.104e+03 1 0))INFO: dtree.c(1315): Comp split 15
INFO: dtree.c(1439): stop. leaf nodes are specific
INFO: dtree.c(1478): Final simple tree
|( QUESTION0 -1 -1.147e+05 1.427e+02 5.026e+02
|    ( - -1.054e+05 20 0)
|    ( QUESTION2_17_L -1 -9.191e+03 1.362e+02 4.099e+01
|        ( - -5.429e+02 1 0)
|        ( QUESTION12 -1 -8.512e+03 1.103e+02 3.799e+01
|            ( - -6.073e+02 1 0)
|            ( QUESTION5 -1 -7.795e+03 1.059e+02 3.499e+01
|                ( - -8.274e+02 1 0)
|                ( WDBNDRY_B 0 -6.861e+03 9.264e+01 3.099e+01
|                    ( QUESTION2 -1 -5.709e+03 9.896e+01 2.599e+01
|                        ( - -1.472e+03 2 0)
|                        ( - -4.138e+03 2 0))
|                    ( - -1.060e+03 2 0))))))
s>    ( QUESTION0 -1 -1.147e+05 1.427e+02 5.026e+02
s>        ( - -1.054e+05 20 0)
s>        ( QUESTION2_17_L -1 -9.191e+03 1.362e+02 4.099e+01
s>            ( - -5.429e+02 1 0)
s>            ( QUESTION12 -1 -8.512e+03 1.103e+02 3.799e+01
s>                ( - -6.073e+02 1 0)
s>                ( QUESTION5 -1 -7.795e+03 1.059e+02 3.499e+01
s>                    ( - -8.274e+02 1 0)
s>                    ( WDBNDRY_B 0 -6.861e+03 9.264e+01 3.099e+01
s>                        ( QUESTION2 -1 -5.709e+03 9.896e+01 2.599e+01
s>                            ( - -1.472e+03 2 0)
s>                            ( - -4.138e+03 2 0))
s>                        ( - -1.060e+03 2 0))))))INFO: dtree.c(1315): Comp split 16
INFO: dtree.c(1439): stop. leaf nodes are specific
INFO: dtree.c(1478): Final simple tree
|( QUESTION0_13_R 1 -4.591e+04 2.083e+02 2.011e+02
|    ( - -1.321e+04 1 0)
|    ( QUESTION0_9_R 1 -3.250e+04 1.521e+02 1.434e+02
|        ( QUESTION0_11_R 1 -1.915e+04 1.345e+02 8.552e+01
|            ( QUESTION0 -1 -1.844e+04 1.159e+02 8.252e+01
|                ( - -1.793e+04 2 0)
|                ( - -3.903e+02 1 0))
|            ( - -5.736e+02 1 0))
|        ( QUESTION17 1 -1.319e+04 1.235e+02 5.790e+01
|            ( - -2.023e+03 1 0)
|            ( - -1.105e+04 2 0))))
s>    ( QUESTION0_13_R 1 -4.591e+04 2.083e+02 2.011e+02
s>        ( - -1.321e+04 1 0)
s>        ( QUESTION0_9_R 1 -3.250e+04 1.521e+02 1.434e+02
s>            ( QUESTION0_11_R 1 -1.915e+04 1.345e+02 8.552e+01
s>                ( QUESTION0 -1 -1.844e+04 1.159e+02 8.252e+01
s>                    ( - -1.793e+04 2 0)
s>                    ( - -3.903e+02 1 0))
s>                ( - -5.736e+02 1 0))
s>            ( QUESTION17 1 -1.319e+04 1.235e+02 5.790e+01
s>                ( - -2.023e+03 1 0)
s>                ( - -1.105e+04 2 0))))INFO: dtree.c(1315): Comp split 17
INFO: dtree.c(1439): stop. leaf nodes are specific
INFO: dtree.c(1478): Final simple tree
|( QUESTION0_15_R 1 -1.292e+06 1.456e+02 5.723e+03
|    ( - -3.081e+02 1 0)
|    ( QUESTION0_0_R 1 -1.292e+06 1.212e+02 5.721e+03
|        ( QUESTION0 1 -1.291e+06 1.207e+02 5.719e+03
|            ( - -1.290e+06 20 0)
|            ( - -1.457e+03 2 0))
|        ( - -3.369e+02 1 0)))
s>    ( QUESTION0_15_R 1 -1.292e+06 1.456e+02 5.723e+03
s>        ( - -3.081e+02 1 0)
s>        ( QUESTION0_0_R 1 -1.292e+06 1.212e+02 5.721e+03
s>            ( QUESTION0 1 -1.291e+06 1.207e+02 5.719e+03
s>                ( - -1.290e+06 20 0)
s>                ( - -1.457e+03 2 0))
s>            ( - -3.369e+02 1 0)))INFO: dtree.c(1315): Comp split 18
INFO: dtree.c(1439): stop. leaf nodes are specific
INFO: dtree.c(1478): Final simple tree
|( QUESTION0_9_R 1 -3.250e+04 1.521e+02 1.434e+02
|    ( QUESTION0_11_R 1 -1.915e+04 1.345e+02 8.552e+01
|        ( QUESTION0 -1 -1.844e+04 1.159e+02 8.252e+01
|            ( - -1.793e+04 2 0)
|            ( - -3.903e+02 1 0))
|        ( - -5.736e+02 1 0))
|    ( QUESTION17 1 -1.319e+04 1.235e+02 5.790e+01
|        ( - -2.023e+03 1 0)
|        ( - -1.105e+04 2 0)))
s>    ( QUESTION0_9_R 1 -3.250e+04 1.521e+02 1.434e+02
s>        ( QUESTION0_11_R 1 -1.915e+04 1.345e+02 8.552e+01
s>            ( QUESTION0 -1 -1.844e+04 1.159e+02 8.252e+01
s>                ( - -1.793e+04 2 0)
s>                ( - -3.903e+02 1 0))
s>            ( - -5.736e+02 1 0))
s>        ( QUESTION17 1 -1.319e+04 1.235e+02 5.790e+01
s>            ( - -2.023e+03 1 0)
s>            ( - -1.105e+04 2 0)))INFO: dtree.c(1315): Comp split 19
INFO: dtree.c(1439): stop. leaf nodes are specific
INFO: dtree.c(1478): Final simple tree
|( QUESTION0_9_R 1 -4.518e+04 1.587e+02 2.024e+02
|    ( - -2.101e+03 1 0)
|    ( QUESTION0 -1 -4.292e+04 1.500e+02 1.924e+02
|        ( - -4.208e+04 3 0)
|        ( - -6.884e+02 1 0)))
s>    ( QUESTION0_9_R 1 -4.518e+04 1.587e+02 2.024e+02
s>        ( - -2.101e+03 1 0)
s>        ( QUESTION0 -1 -4.292e+04 1.500e+02 1.924e+02
s>            ( - -4.208e+04 3 0)
s>            ( - -6.884e+02 1 0)))INFO: dtree.c(1315): Comp split 20
INFO: dtree.c(1439): stop. leaf nodes are specific
INFO: dtree.c(1478): Final simple tree
|( WDBNDRY_B 0 -1.164e+05 1.083e+02 5.167e+02
|    ( - -2.974e+03 4 0)
|    ( - -1.133e+05 16 0))
s>    ( WDBNDRY_B 0 -1.164e+05 1.083e+02 5.167e+02
s>        ( - -2.974e+03 4 0)
s>        ( - -1.133e+05 16 0))INFO: dtree.c(1439): stop. leaf nodes are specific
INFO: dtree.c(1478): Final simple tree
|( WDBNDRY_B 0 -2.214e+03 1.062e+02 1.100e+01
|    ( - -1.378e+03 1 0)
|    ( - -7.300e+02 1 0))
s>    ( WDBNDRY_B 0 -2.214e+03 1.062e+02 1.100e+01
s>        ( - -1.378e+03 1 0)
s>        ( - -7.300e+02 1 0))INFO: dtree.c(1315): Comp split 21
INFO: dtree.c(1439): stop. leaf nodes are specific
INFO: dtree.c(1478): Final simple tree
|( QUESTION0 -1 -4.292e+04 1.500e+02 1.924e+02
|    ( - -4.208e+04 3 0)
|    ( - -6.884e+02 1 0))
s>    ( QUESTION0 -1 -4.292e+04 1.500e+02 1.924e+02
s>        ( - -4.208e+04 3 0)
s>        ( - -6.884e+02 1 0))INFO: dtree.c(1315): Comp split 22
INFO: dtree.c(1439): stop. leaf nodes are specific
INFO: dtree.c(1478): Final simple tree
|( QUESTION17 1 -1.319e+04 1.235e+02 5.790e+01
|    ( - -2.023e+03 1 0)
|    ( - -1.105e+04 2 0))
s>    ( QUESTION17 1 -1.319e+04 1.235e+02 5.790e+01
s>        ( - -2.023e+03 1 0)
s>        ( - -1.105e+04 2 0))INFO: dtree.c(1439): stop. leaf nodes are specific
INFO: dtree.c(1478): Final simple tree
|( QUESTION0_11_R 1 -1.915e+04 1.345e+02 8.552e+01
|    ( QUESTION0 -1 -1.844e+04 1.159e+02 8.252e+01
|        ( - -1.793e+04 2 0)
|        ( - -3.903e+02 1 0))
|    ( - -5.736e+02 1 0))
s>    ( QUESTION0_11_R 1 -1.915e+04 1.345e+02 8.552e+01
s>        ( QUESTION0 -1 -1.844e+04 1.159e+02 8.252e+01
s>            ( - -1.793e+04 2 0)
s>            ( - -3.903e+02 1 0))
s>        ( - -5.736e+02 1 0))INFO: dtree.c(1315): Comp split 23
INFO: dtree.c(1315): Comp split 24
INFO: dtree.c(1439): stop. leaf nodes are specific
INFO: dtree.c(1478): Final simple tree
|( QUESTION2 -1 -2.662e+03 8.948e+01 1.402e+01
|    ( - -2.104e+03 1 0)
|    ( - -4.685e+02 1 0))
s>    ( QUESTION2 -1 -2.662e+03 8.948e+01 1.402e+01
s>        ( - -2.104e+03 1 0)
s>        ( - -4.685e+02 1 0))INFO: dtree.c(1439): stop. leaf nodes are specific
INFO: dtree.c(1478): Final simple tree
|( QUESTION20 -1 -5.645e+03 1.103e+02 2.773e+01
|    ( - -1.147e+03 1 0)
|    ( SILENCE -1 -4.388e+03 1.066e+02 2.173e+01
|        ( - -3.771e+03 1 0)
|        ( - -5.107e+02 1 0)))
s>    ( QUESTION20 -1 -5.645e+03 1.103e+02 2.773e+01
s>        ( - -1.147e+03 1 0)
s>        ( SILENCE -1 -4.388e+03 1.066e+02 2.173e+01
s>            ( - -3.771e+03 1 0)
s>            ( - -5.107e+02 1 0)))INFO: dtree.c(1315): Comp split 25
INFO: dtree.c(1439): stop. leaf nodes are specific
INFO: dtree.c(1478): Final simple tree
|( SILENCE -1 -7.445e+03 1.386e+02 3.382e+01
|    ( - -7.011e+03 1 0)
|    ( - -2.953e+02 1 0))
s>    ( SILENCE -1 -7.445e+03 1.386e+02 3.382e+01
s>        ( - -7.011e+03 1 0)
s>        ( - -2.953e+02 1 0))INFO: dtree.c(1315): Comp split 26
INFO: dtree.c(1439): stop. leaf nodes are specific
INFO: dtree.c(1478): Final simple tree
|( QUESTION0_0_R 1 -1.292e+06 1.212e+02 5.721e+03
|    ( QUESTION0 1 -1.291e+06 1.207e+02 5.719e+03
|        ( - -1.290e+06 20 0)
|        ( - -1.457e+03 2 0))
|    ( - -3.369e+02 1 0))
s>    ( QUESTION0_0_R 1 -1.292e+06 1.212e+02 5.721e+03
s>        ( QUESTION0 1 -1.291e+06 1.207e+02 5.719e+03
s>            ( - -1.290e+06 20 0)
s>            ( - -1.457e+03 2 0))
s>        ( - -3.369e+02 1 0))INFO: dtree.c(1315): Comp split 27
INFO: dtree.c(1315): Comp split 28
INFO: dtree.c(1439): stop. leaf nodes are specific
INFO: dtree.c(1478): Final simple tree
|( QUESTION2_17_L -1 -9.191e+03 1.362e+02 4.099e+01
|    ( - -5.429e+02 1 0)
|    ( QUESTION12 -1 -8.512e+03 1.103e+02 3.799e+01
|        ( - -6.073e+02 1 0)
|        ( QUESTION5 -1 -7.795e+03 1.059e+02 3.499e+01
|            ( - -8.274e+02 1 0)
|            ( WDBNDRY_B 0 -6.861e+03 9.264e+01 3.099e+01
|                ( QUESTION2 -1 -5.709e+03 9.896e+01 2.599e+01
|                    ( - -1.472e+03 2 0)
|                    ( - -4.138e+03 2 0))
|                ( - -1.060e+03 2 0)))))
s>    ( QUESTION2_17_L -1 -9.191e+03 1.362e+02 4.099e+01
s>        ( - -5.429e+02 1 0)
s>        ( QUESTION12 -1 -8.512e+03 1.103e+02 3.799e+01
s>            ( - -6.073e+02 1 0)
s>            ( QUESTION5 -1 -7.795e+03 1.059e+02 3.499e+01
s>                ( - -8.274e+02 1 0)
s>                ( WDBNDRY_B 0 -6.861e+03 9.264e+01 3.099e+01
s>                    ( QUESTION2 -1 -5.709e+03 9.896e+01 2.599e+01
s>                        ( - -1.472e+03 2 0)
s>                        ( - -4.138e+03 2 0))
s>                    ( - -1.060e+03 2 0)))))INFO: dtree.c(1315): Comp split 29
INFO: dtree.c(1315): Comp split 30
INFO: dtree.c(1439): stop. leaf nodes are specific
INFO: dtree.c(1478): Final simple tree
|( QUESTION12 -1 -8.512e+03 1.103e+02 3.799e+01
|    ( - -6.073e+02 1 0)
|    ( QUESTION5 -1 -7.795e+03 1.059e+02 3.499e+01
|        ( - -8.274e+02 1 0)
|        ( WDBNDRY_B 0 -6.861e+03 9.264e+01 3.099e+01
|            ( QUESTION2 -1 -5.709e+03 9.896e+01 2.599e+01
|                ( - -1.472e+03 2 0)
|                ( - -4.138e+03 2 0))
|            ( - -1.060e+03 2 0))))
s>    ( QUESTION12 -1 -8.512e+03 1.103e+02 3.799e+01
s>        ( - -6.073e+02 1 0)
s>        ( QUESTION5 -1 -7.795e+03 1.059e+02 3.499e+01
s>            ( - -8.274e+02 1 0)
s>            ( WDBNDRY_B 0 -6.861e+03 9.264e+01 3.099e+01
s>                ( QUESTION2 -1 -5.709e+03 9.896e+01 2.599e+01
s>                    ( - -1.472e+03 2 0)
s>                    ( - -4.138e+03 2 0))
s>                ( - -1.060e+03 2 0))))INFO: dtree.c(1315): Comp split 31
INFO: dtree.c(1439): stop. leaf nodes are specific
INFO: dtree.c(1478): Final simple tree
|( QUESTION0 -1 -1.844e+04 1.159e+02 8.252e+01
|    ( - -1.793e+04 2 0)
|    ( - -3.903e+02 1 0))
s>    ( QUESTION0 -1 -1.844e+04 1.159e+02 8.252e+01
s>        ( - -1.793e+04 2 0)
s>        ( - -3.903e+02 1 0))INFO: dtree.c(1315): Comp split 32
INFO: dtree.c(1315): Comp split 33
INFO: dtree.c(1439): stop. leaf nodes are specific
INFO: dtree.c(1478): Final simple tree
|( QUESTION0 1 -1.291e+06 1.207e+02 5.719e+03
|    ( - -1.290e+06 20 0)
|    ( - -1.457e+03 2 0))
s>    ( QUESTION0 1 -1.291e+06 1.207e+02 5.719e+03
s>        ( - -1.290e+06 20 0)
s>        ( - -1.457e+03 2 0))INFO: dtree.c(1315): Comp split 34
INFO: dtree.c(1315): Comp split 35
INFO: dtree.c(1315): Comp split 36
INFO: dtree.c(1439): stop. leaf nodes are specific
INFO: dtree.c(1478): Final simple tree
|( SILENCE -1 -4.388e+03 1.066e+02 2.173e+01
|    ( - -3.771e+03 1 0)
|    ( - -5.107e+02 1 0))
s>    ( SILENCE -1 -4.388e+03 1.066e+02 2.173e+01
s>        ( - -3.771e+03 1 0)
s>        ( - -5.107e+02 1 0))INFO: dtree.c(1315): Comp split 37
INFO: dtree.c(1439): stop. leaf nodes are specific
INFO: dtree.c(1478): Final simple tree
|( QUESTION5 -1 -7.795e+03 1.059e+02 3.499e+01
|    ( - -8.274e+02 1 0)
|    ( WDBNDRY_B 0 -6.861e+03 9.264e+01 3.099e+01
|        ( QUESTION2 -1 -5.709e+03 9.896e+01 2.599e+01
|            ( - -1.472e+03 2 0)
|            ( - -4.138e+03 2 0))
|        ( - -1.060e+03 2 0)))
s>    ( QUESTION5 -1 -7.795e+03 1.059e+02 3.499e+01
s>        ( - -8.274e+02 1 0)
s>        ( WDBNDRY_B 0 -6.861e+03 9.264e+01 3.099e+01
s>            ( QUESTION2 -1 -5.709e+03 9.896e+01 2.599e+01
s>                ( - -1.472e+03 2 0)
s>                ( - -4.138e+03 2 0))
s>            ( - -1.060e+03 2 0)))INFO: dtree.c(1315): Comp split 38
INFO: dtree.c(1315): Comp split 39
INFO: dtree.c(1439): stop. leaf nodes are specific
INFO: dtree.c(1478): Final simple tree
|( QUESTION2 -1 -5.709e+03 9.896e+01 2.599e+01
|    ( - -1.472e+03 2 0)
|    ( - -4.138e+03 2 0))
s>    ( QUESTION2 -1 -5.709e+03 9.896e+01 2.599e+01
s>        ( - -1.472e+03 2 0)
s>        ( - -4.138e+03 2 0))INFO: dtree.c(1439): stop. leaf nodes are specific
INFO: dtree.c(1478): Final simple tree
|( WDBNDRY_B 0 -1.978e+03 9.081e+01 9.000e+00
|    ( - -8.274e+02 1 0)
|    ( - -1.060e+03 2 0))
s>    ( WDBNDRY_B 0 -1.978e+03 9.081e+01 9.000e+00
s>        ( - -8.274e+02 1 0)
s>        ( - -1.060e+03 2 0))INFO: dtree.c(1315): Comp split 40
INFO: dtree.c(1315): Comp split 41
INFO: dtree.c(1315): Comp split 42
INFO: dtree.c(1315): Comp split 43
INFO: dtree.c(1315): Comp split 44
INFO: dtree.c(1315): Comp split 45
INFO: dtree.c(1318): stop. leaf nodes are specific
Tue Mar 28 15:04:44 2023
