Current configuration:
[NAME]		[DEFLT]	[VALUE]
-allphones	no	no
-cntthresh	0.00001	1.000000e-05
-csplitmax	100	2000
-csplitmin	1	1
-csplitthr	8e-4	0.000000e+00
-example	no	no
-fullvar	no	no
-help		no	no
-meanfn			/home/lucija/Documents/Zadnji semestar/ROGJ/Prezentacije/CMUspinx/tutorial10/model_parameters/my_db.cd_cont_untied/means
-mixwfn			/home/lucija/Documents/Zadnji semestar/ROGJ/Prezentacije/CMUspinx/tutorial10/model_parameters/my_db.cd_cont_untied/mixture_weights
-moddeffn		/home/lucija/Documents/Zadnji semestar/ROGJ/Prezentacije/CMUspinx/tutorial10/model_architecture/my_db.untied.mdef
-mwfloor	1e-4	1.000000e-08
-phone			NOISE
-psetfn			/home/lucija/Documents/Zadnji semestar/ROGJ/Prezentacije/CMUspinx/tutorial10/model_architecture/my_db.tree_questions
-ssplitmax	5	7
-ssplitmin	1	1
-ssplitthr	8e-4	0.000000e+00
-state			2
-stwt			1.0,0.05,0.0,
-treefn			/home/lucija/Documents/Zadnji semestar/ROGJ/Prezentacije/CMUspinx/tutorial10/trees/my_db.unpruned/NOISE-2.dtree
-ts2cbfn	.semi.	.cont.
-varfloor	0.00001	1.000000e-05
-varfn			/home/lucija/Documents/Zadnji semestar/ROGJ/Prezentacije/CMUspinx/tutorial10/model_parameters/my_db.cd_cont_untied/variances

INFO: main.c(223): Reading: /home/lucija/Documents/Zadnji semestar/ROGJ/Prezentacije/CMUspinx/tutorial10/model_architecture/my_db.untied.mdef
INFO: model_def_io.c(573): Model definition info:
INFO: model_def_io.c(574): 10885 total models defined (32 base, 10853 tri)
INFO: model_def_io.c(575): 43540 total states
INFO: model_def_io.c(576): 32655 total tied states
INFO: model_def_io.c(577): 96 total tied CI states
INFO: model_def_io.c(578): 32 total tied transition matrices
INFO: model_def_io.c(579): 4 max state/model
INFO: model_def_io.c(580): 4 min state/model
INFO: main.c(242): Building trees for [NOISE NOISE NOISE s] through [NOISE š p s]
INFO: main.c(268): Covering states |[96 935]| == 840
INFO: main.c(275): Reading: /home/lucija/Documents/Zadnji semestar/ROGJ/Prezentacije/CMUspinx/tutorial10/model_parameters/my_db.cd_cont_untied/mixture_weights
INFO: s3mixw_io.c(172): Read /home/lucija/Documents/Zadnji semestar/ROGJ/Prezentacije/CMUspinx/tutorial10/model_parameters/my_db.cd_cont_untied/mixture_weights [840x1x1 array]
INFO: main.c(311): 276 of 280 models have observation count greater than 0.000010
INFO: main.c(95): nrm stwt: 0.000 0.048 0.952 
INFO: s3gau_io.c(168): Read /home/lucija/Documents/Zadnji semestar/ROGJ/Prezentacije/CMUspinx/tutorial10/model_parameters/my_db.cd_cont_untied/means [32655x1x1 array]
INFO: s3gau_io.c(168): Read /home/lucija/Documents/Zadnji semestar/ROGJ/Prezentacije/CMUspinx/tutorial10/model_parameters/my_db.cd_cont_untied/variances [32655x1x1 array]
INFO: main.c(549): Reading: /home/lucija/Documents/Zadnji semestar/ROGJ/Prezentacije/CMUspinx/tutorial10/model_architecture/my_db.tree_questions
INFO: main.c(587): 180 total simple questions (172 phone; 8 word bndry)
INFO: main.c(589): 42 Left Only questions, and 42 Right Only questions
INFO: dtree.c(1478): Final simple tree
|( SILENCE 1 -6.288e+06 2.564e+04 2.742e+04
|    ( QUESTION5 -1 -1.598e+06 1.983e+03 6.859e+03
|        ( - -1.793e+04 1 0)
|        ( - -1.578e+06 19 0 QUESTION0 -1 1.126e+03 6.769e+03))
|    ( QUESTION0 1 -4.665e+06 1.356e+04 2.056e+04
|        ( - -1.710e+06 73 0 SILENCE -1 1.169e+03 7.514e+03)
|        ( QUESTION0_8_R 1 -2.942e+06 3.882e+03 1.305e+04
|            ( QUESTION0_11_R 1 -2.418e+06 2.711e+03 1.076e+04
|                ( QUESTION2 -1 -5.073e+05 1.888e+03 2.265e+03
|                    ( - -3.102e+04 6 0 QUESTION6 -1 4.592e+02 1.432e+02)
|                    ( - -4.744e+05 35 0 SILENCE -1 8.649e+02 2.122e+03))
|                ( SILENCE -1 -1.908e+06 1.404e+03 8.492e+03
|                    ( - -3.956e+05 10 0 QUESTION0_18_R 1 6.339e+02 1.735e+03)
|                    ( - -1.511e+06 83 0 QUESTION0_9_R 1 9.928e+02 6.757e+03)))
|            ( - -5.200e+05 49 0 QUESTION0_7_R 1 9.300e+02 2.293e+03))))
s>    ( SILENCE 1 -6.288e+06 2.564e+04 2.742e+04
s>        ( QUESTION5 -1 -1.598e+06 1.983e+03 6.859e+03
s>            ( - -1.793e+04 1 0)
s>            ( - -1.578e+06 19 0 QUESTION0 -1 1.126e+03 6.769e+03))
s>        ( QUESTION0 1 -4.665e+06 1.356e+04 2.056e+04
s>            ( - -1.710e+06 73 0 SILENCE -1 1.169e+03 7.514e+03)
s>            ( QUESTION0_8_R 1 -2.942e+06 3.882e+03 1.305e+04
s>                ( QUESTION0_11_R 1 -2.418e+06 2.711e+03 1.076e+04
s>                    ( QUESTION2 -1 -5.073e+05 1.888e+03 2.265e+03
s>                        ( - -3.102e+04 6 0 QUESTION6 -1 4.592e+02 1.432e+02)
s>                        ( - -4.744e+05 35 0 SILENCE -1 8.649e+02 2.122e+03))
s>                    ( SILENCE -1 -1.908e+06 1.404e+03 8.492e+03
s>                        ( - -3.956e+05 10 0 QUESTION0_18_R 1 6.339e+02 1.735e+03)
s>                        ( - -1.511e+06 83 0 QUESTION0_9_R 1 9.928e+02 6.757e+03)))
s>                ( - -5.200e+05 49 0 QUESTION0_7_R 1 9.300e+02 2.293e+03))))INFO: dtree.c(1315): Comp split 0
INFO: dtree.c(1478): Final simple tree
|( SILENCE 1 -2.077e+06 4.837e+03 8.981e+03
|    ( QUESTION5 -1 -1.598e+06 1.983e+03 6.859e+03
|        ( - -1.793e+04 1 0)
|        ( QUESTION0 -1 -1.578e+06 1.126e+03 6.769e+03
|            ( - -1.255e+06 7 0 QUESTION2_4_L -1 1.638e+02 5.393e+03)
|            ( QUESTION13 -1 -3.218e+05 4.460e+02 1.376e+03
|                ( - -3.028e+05 8 0 QUESTION20 -1 2.896e+02 1.294e+03)
|                ( - -1.846e+04 4 0 QUESTION3 -1 1.823e+02 8.240e+01))))
|    ( SILENCE -1 -4.744e+05 8.649e+02 2.122e+03
|        ( - -1.049e+05 3 0 QUESTION19 1 3.531e+02 4.606e+02)
|        ( QUESTION19 1 -3.686e+05 3.728e+02 1.661e+03
|            ( QUESTION2_3_L -1 -3.038e+05 4.700e+02 1.370e+03
|                ( - 2.405e+02 1 0)
|                ( - -3.036e+05 21 0 QUESTION14 -1 1.826e+02 1.369e+03))
|            ( - -6.447e+04 10 0 QUESTION16 -1 2.718e+02 2.912e+02))))
s>    ( SILENCE 1 -2.077e+06 4.837e+03 8.981e+03
s>        ( QUESTION5 -1 -1.598e+06 1.983e+03 6.859e+03
s>            ( - -1.793e+04 1 0)
s>            ( QUESTION0 -1 -1.578e+06 1.126e+03 6.769e+03
s>                ( - -1.255e+06 7 0 QUESTION2_4_L -1 1.638e+02 5.393e+03)
s>                ( QUESTION13 -1 -3.218e+05 4.460e+02 1.376e+03
s>                    ( - -3.028e+05 8 0 QUESTION20 -1 2.896e+02 1.294e+03)
s>                    ( - -1.846e+04 4 0 QUESTION3 -1 1.823e+02 8.240e+01))))
s>        ( SILENCE -1 -4.744e+05 8.649e+02 2.122e+03
s>            ( - -1.049e+05 3 0 QUESTION19 1 3.531e+02 4.606e+02)
s>            ( QUESTION19 1 -3.686e+05 3.728e+02 1.661e+03
s>                ( QUESTION2_3_L -1 -3.038e+05 4.700e+02 1.370e+03
s>                    ( - 2.405e+02 1 0)
s>                    ( - -3.036e+05 21 0 QUESTION14 -1 1.826e+02 1.369e+03))
s>                ( - -6.447e+04 10 0 QUESTION16 -1 2.718e+02 2.912e+02))))INFO: dtree.c(1478): Final simple tree
|( QUESTION0 1 -4.185e+06 1.176e+04 1.844e+04
|    ( SILENCE -1 -1.710e+06 1.169e+03 7.514e+03
|        ( - -3.390e+05 7 0 QUESTION0_0_R 1 1.556e+02 1.487e+03)
|        ( - -1.369e+06 66 0 QUESTION0_0_R 1 4.691e+02 6.027e+03))
|    ( QUESTION0_15_R 1 -2.464e+06 4.134e+03 1.093e+04
|        ( SILENCE -1 -1.847e+06 1.473e+03 8.215e+03
|            ( - -3.861e+05 6 0 QUESTION0_18_R 1 6.243e+02 1.693e+03)
|            ( - -1.459e+06 68 0 QUESTION0_18_R 1 7.536e+02 6.522e+03))
|        ( QUESTION0_8_R 1 -6.130e+05 1.029e+03 2.713e+03
|            ( - -9.195e+04 25 0 QUESTION19 1 6.597e+02 4.202e+02)
|            ( QUESTION0_7_R 1 -5.200e+05 9.300e+02 2.293e+03
|                ( - 4.840e+02 1 0)
|                ( QUESTION11 1 -5.195e+05 8.516e+02 2.291e+03
|                    ( - -3.634e+05 20 0 QUESTION0_3_R 1 4.839e+02 1.609e+03)
|                    ( - -1.553e+05 28 0 QUESTION2_3_L -1 4.918e+02 6.816e+02))))))
s>    ( QUESTION0 1 -4.185e+06 1.176e+04 1.844e+04
s>        ( SILENCE -1 -1.710e+06 1.169e+03 7.514e+03
s>            ( - -3.390e+05 7 0 QUESTION0_0_R 1 1.556e+02 1.487e+03)
s>            ( - -1.369e+06 66 0 QUESTION0_0_R 1 4.691e+02 6.027e+03))
s>        ( QUESTION0_15_R 1 -2.464e+06 4.134e+03 1.093e+04
s>            ( SILENCE -1 -1.847e+06 1.473e+03 8.215e+03
s>                ( - -3.861e+05 6 0 QUESTION0_18_R 1 6.243e+02 1.693e+03)
s>                ( - -1.459e+06 68 0 QUESTION0_18_R 1 7.536e+02 6.522e+03))
s>            ( QUESTION0_8_R 1 -6.130e+05 1.029e+03 2.713e+03
s>                ( - -9.195e+04 25 0 QUESTION19 1 6.597e+02 4.202e+02)
s>                ( QUESTION0_7_R 1 -5.200e+05 9.300e+02 2.293e+03
s>                    ( - 4.840e+02 1 0)
s>                    ( QUESTION11 1 -5.195e+05 8.516e+02 2.291e+03
s>                        ( - -3.634e+05 20 0 QUESTION0_3_R 1 4.839e+02 1.609e+03)
s>                        ( - -1.553e+05 28 0 QUESTION2_3_L -1 4.918e+02 6.816e+02))))))INFO: dtree.c(1315): Comp split 1
INFO: dtree.c(1478): Final simple tree
|( QUESTION0_8_R 1 -2.370e+06 3.667e+03 1.051e+04
|    ( SILENCE -1 -1.847e+06 1.473e+03 8.215e+03
|        ( QUESTION0_18_R 1 -3.861e+05 6.243e+02 1.693e+03
|            ( - -1.755e+05 1 0)
|            ( - -2.100e+05 5 0 QUESTION0_16_R 1 1.909e+02 9.265e+02))
|        ( QUESTION0_18_R 1 -1.459e+06 7.536e+02 6.522e+03
|            ( - -3.466e+05 13 0 QUESTION2 -1 4.652e+02 1.550e+03)
|            ( QUESTION0_16_R 1 -1.112e+06 4.972e+02 4.972e+03
|                ( - -8.379e+05 31 0 QUESTION2_4_L -1 4.712e+02 3.748e+03)
|                ( - -2.733e+05 24 0 QUESTION14 -1 2.370e+02 1.223e+03))))
|    ( QUESTION11 1 -5.195e+05 8.516e+02 2.291e+03
|        ( - -3.634e+05 20 0 QUESTION0_3_R 1 4.839e+02 1.609e+03)
|        ( QUESTION2_3_L -1 -1.553e+05 4.918e+02 6.816e+02
|            ( - 2.417e+02 1 0)
|            ( - -1.551e+05 27 0 QUESTION14 -1 4.446e+02 6.806e+02))))
s>    ( QUESTION0_8_R 1 -2.370e+06 3.667e+03 1.051e+04
s>        ( SILENCE -1 -1.847e+06 1.473e+03 8.215e+03
s>            ( QUESTION0_18_R 1 -3.861e+05 6.243e+02 1.693e+03
s>                ( - -1.755e+05 1 0)
s>                ( - -2.100e+05 5 0 QUESTION0_16_R 1 1.909e+02 9.265e+02))
s>            ( QUESTION0_18_R 1 -1.459e+06 7.536e+02 6.522e+03
s>                ( - -3.466e+05 13 0 QUESTION2 -1 4.652e+02 1.550e+03)
s>                ( QUESTION0_16_R 1 -1.112e+06 4.972e+02 4.972e+03
s>                    ( - -8.379e+05 31 0 QUESTION2_4_L -1 4.712e+02 3.748e+03)
s>                    ( - -2.733e+05 24 0 QUESTION14 -1 2.370e+02 1.223e+03))))
s>        ( QUESTION11 1 -5.195e+05 8.516e+02 2.291e+03
s>            ( - -3.634e+05 20 0 QUESTION0_3_R 1 4.839e+02 1.609e+03)
s>            ( QUESTION2_3_L -1 -1.553e+05 4.918e+02 6.816e+02
s>                ( - 2.417e+02 1 0)
s>                ( - -1.551e+05 27 0 QUESTION14 -1 4.446e+02 6.806e+02))))INFO: dtree.c(1478): Final simple tree
|( QUESTION0 1 -1.803e+06 1.231e+03 7.936e+03
|    ( SILENCE -1 -1.710e+06 1.169e+03 7.514e+03
|        ( - -3.390e+05 7 0 QUESTION0_0_R 1 1.556e+02 1.487e+03)
|        ( QUESTION0_0_R 1 -1.369e+06 4.691e+02 6.027e+03
|            ( - -1.369e+06 65 0 QUESTION20 -1 2.616e+02 6.026e+03)
|            ( - 2.414e+02 1 0)))
|    ( QUESTION0_2_R 1 -9.238e+04 9.200e+02 4.222e+02
|        ( - 4.840e+02 1 0)
|        ( QUESTION19 1 -9.195e+04 6.597e+02 4.202e+02
|            ( QUESTION6 -1 -2.661e+04 4.590e+02 1.222e+02
|                ( - 2.418e+02 1 0)
|                ( QUESTION10 -1 -2.639e+04 4.565e+02 1.212e+02
|                    ( - 2.409e+02 1 0)
|                    ( - -2.617e+04 3 0 QUESTION3 -1 1.312e+02 1.202e+02)))
|            ( - -6.468e+04 20 0 QUESTION0_10_R 1 3.156e+02 2.979e+02))))
s>    ( QUESTION0 1 -1.803e+06 1.231e+03 7.936e+03
s>        ( SILENCE -1 -1.710e+06 1.169e+03 7.514e+03
s>            ( - -3.390e+05 7 0 QUESTION0_0_R 1 1.556e+02 1.487e+03)
s>            ( QUESTION0_0_R 1 -1.369e+06 4.691e+02 6.027e+03
s>                ( - -1.369e+06 65 0 QUESTION20 -1 2.616e+02 6.026e+03)
s>                ( - 2.414e+02 1 0)))
s>        ( QUESTION0_2_R 1 -9.238e+04 9.200e+02 4.222e+02
s>            ( - 4.840e+02 1 0)
s>            ( QUESTION19 1 -9.195e+04 6.597e+02 4.202e+02
s>                ( QUESTION6 -1 -2.661e+04 4.590e+02 1.222e+02
s>                    ( - 2.418e+02 1 0)
s>                    ( QUESTION10 -1 -2.639e+04 4.565e+02 1.212e+02
s>                        ( - 2.409e+02 1 0)
s>                        ( - -2.617e+04 3 0 QUESTION3 -1 1.312e+02 1.202e+02)))
s>                ( - -6.468e+04 20 0 QUESTION0_10_R 1 3.156e+02 2.979e+02))))INFO: dtree.c(1315): Comp split 2
INFO: dtree.c(1478): Final simple tree
|( SILENCE -1 -4.933e+05 7.873e+02 2.204e+03
|    ( QUESTION19 1 -1.097e+05 3.825e+02 4.806e+02
|        ( - -7.935e+04 2 0)
|        ( - -2.999e+04 2 0 SILENCE 1 1.731e+02 1.303e+02))
|    ( SILENCE 1 -3.828e+05 4.427e+02 1.724e+03
|        ( - -1.373e+04 3 0 QUESTION2_15_L -1 1.907e+02 6.245e+01)
|        ( QUESTION19 1 -3.686e+05 3.728e+02 1.661e+03
|            ( QUESTION2_3_L -1 -3.038e+05 4.700e+02 1.370e+03
|                ( - 2.405e+02 1 0)
|                ( - -3.036e+05 21 0 QUESTION14 -1 1.826e+02 1.369e+03))
|            ( QUESTION16 -1 -6.447e+04 2.718e+02 2.912e+02
|                ( - -3.175e+03 1 0)
|                ( QUESTION14 -1 -6.102e+04 2.455e+02 2.742e+02
|                    ( - -7.662e+03 2 0)
|                    ( - -5.311e+04 7 0 QUESTION2_2_L -1 1.355e+02 2.391e+02))))))
s>    ( SILENCE -1 -4.933e+05 7.873e+02 2.204e+03
s>        ( QUESTION19 1 -1.097e+05 3.825e+02 4.806e+02
s>            ( - -7.935e+04 2 0)
s>            ( - -2.999e+04 2 0 SILENCE 1 1.731e+02 1.303e+02))
s>        ( SILENCE 1 -3.828e+05 4.427e+02 1.724e+03
s>            ( - -1.373e+04 3 0 QUESTION2_15_L -1 1.907e+02 6.245e+01)
s>            ( QUESTION19 1 -3.686e+05 3.728e+02 1.661e+03
s>                ( QUESTION2_3_L -1 -3.038e+05 4.700e+02 1.370e+03
s>                    ( - 2.405e+02 1 0)
s>                    ( - -3.036e+05 21 0 QUESTION14 -1 1.826e+02 1.369e+03))
s>                ( QUESTION16 -1 -6.447e+04 2.718e+02 2.912e+02
s>                    ( - -3.175e+03 1 0)
s>                    ( QUESTION14 -1 -6.102e+04 2.455e+02 2.742e+02
s>                        ( - -7.662e+03 2 0)
s>                        ( - -5.311e+04 7 0 QUESTION2_2_L -1 1.355e+02 2.391e+02))))))INFO: dtree.c(1478): Final simple tree
|( QUESTION2 -1 -1.579e+06 1.991e+03 6.777e+03
|    ( - -1.793e+04 1 0)
|    ( QUESTION0 -1 -1.559e+06 8.420e+02 6.686e+03
|        ( QUESTION2_4_L -1 -1.255e+06 1.638e+02 5.393e+03
|            ( - -6.506e+03 1 0)
|            ( QUESTION2_0_L -1 -1.248e+06 1.233e+02 5.363e+03
|                ( - -1.245e+06 5 0)
|                ( - -2.880e+03 1 0)))
|        ( QUESTION20 -1 -3.028e+05 2.896e+02 1.294e+03
|            ( - -6.228e+04 1 0)
|            ( QUESTION14 -1 -2.403e+05 2.969e+02 1.030e+03
|                ( - -1.606e+05 4 0)
|                ( QUESTION16 -1 -7.940e+04 1.289e+02 3.393e+02
|                    ( - -1.223e+04 2 0)
|                    ( - -6.704e+04 1 0))))))
s>    ( QUESTION2 -1 -1.579e+06 1.991e+03 6.777e+03
s>        ( - -1.793e+04 1 0)
s>        ( QUESTION0 -1 -1.559e+06 8.420e+02 6.686e+03
s>            ( QUESTION2_4_L -1 -1.255e+06 1.638e+02 5.393e+03
s>                ( - -6.506e+03 1 0)
s>                ( QUESTION2_0_L -1 -1.248e+06 1.233e+02 5.363e+03
s>                    ( - -1.245e+06 5 0)
s>                    ( - -2.880e+03 1 0)))
s>            ( QUESTION20 -1 -3.028e+05 2.896e+02 1.294e+03
s>                ( - -6.228e+04 1 0)
s>                ( QUESTION14 -1 -2.403e+05 2.969e+02 1.030e+03
s>                    ( - -1.606e+05 4 0)
s>                    ( QUESTION16 -1 -7.940e+04 1.289e+02 3.393e+02
s>                        ( - -1.223e+04 2 0)
s>                        ( - -6.704e+04 1 0))))))INFO: dtree.c(1315): Comp split 3
INFO: dtree.c(1478): Final simple tree
|( SILENCE -1 -1.847e+06 1.473e+03 8.215e+03
|    ( QUESTION0_18_R 1 -3.861e+05 6.243e+02 1.693e+03
|        ( - -1.755e+05 1 0)
|        ( - -2.100e+05 5 0 QUESTION0_16_R 1 1.909e+02 9.265e+02))
|    ( QUESTION0_18_R 1 -1.459e+06 7.536e+02 6.522e+03
|        ( QUESTION2 -1 -3.466e+05 4.652e+02 1.550e+03
|            ( - -9.694e+03 1 0)
|            ( - -3.365e+05 12 0 QUESTION14 -1 2.288e+02 1.503e+03))
|        ( QUESTION0_16_R 1 -1.112e+06 4.972e+02 4.972e+03
|            ( QUESTION2_4_L -1 -8.379e+05 4.712e+02 3.748e+03
|                ( - 2.410e+02 1 0)
|                ( QUESTION18 -1 -8.377e+05 3.425e+02 3.747e+03
|                    ( - -1.174e+05 5 0 QUESTION19 -1 1.233e+02 5.340e+02)
|                    ( - -7.199e+05 25 0 QUESTION2_6_L -1 2.986e+02 3.213e+03)))
|            ( - -2.733e+05 24 0 QUESTION14 -1 2.370e+02 1.223e+03))))
s>    ( SILENCE -1 -1.847e+06 1.473e+03 8.215e+03
s>        ( QUESTION0_18_R 1 -3.861e+05 6.243e+02 1.693e+03
s>            ( - -1.755e+05 1 0)
s>            ( - -2.100e+05 5 0 QUESTION0_16_R 1 1.909e+02 9.265e+02))
s>        ( QUESTION0_18_R 1 -1.459e+06 7.536e+02 6.522e+03
s>            ( QUESTION2 -1 -3.466e+05 4.652e+02 1.550e+03
s>                ( - -9.694e+03 1 0)
s>                ( - -3.365e+05 12 0 QUESTION14 -1 2.288e+02 1.503e+03))
s>            ( QUESTION0_16_R 1 -1.112e+06 4.972e+02 4.972e+03
s>                ( QUESTION2_4_L -1 -8.379e+05 4.712e+02 3.748e+03
s>                    ( - 2.410e+02 1 0)
s>                    ( QUESTION18 -1 -8.377e+05 3.425e+02 3.747e+03
s>                        ( - -1.174e+05 5 0 QUESTION19 -1 1.233e+02 5.340e+02)
s>                        ( - -7.199e+05 25 0 QUESTION2_6_L -1 2.986e+02 3.213e+03)))
s>                ( - -2.733e+05 24 0 QUESTION14 -1 2.370e+02 1.223e+03))))INFO: dtree.c(1478): Final simple tree
|( QUESTION11 1 -5.195e+05 8.516e+02 2.291e+03
|    ( QUESTION0_3_R 1 -3.634e+05 4.839e+02 1.609e+03
|        ( - -3.315e+05 12 0 QUESTION15 -1 3.015e+02 1.466e+03)
|        ( QUESTION15 -1 -3.133e+04 4.680e+02 1.432e+02
|            ( - 2.424e+02 1 0)
|            ( - -3.110e+04 7 0 QUESTION1 -1 1.944e+02 1.422e+02)))
|    ( QUESTION2_3_L -1 -1.553e+05 4.918e+02 6.816e+02
|        ( - 2.417e+02 1 0)
|        ( QUESTION14 -1 -1.551e+05 4.446e+02 6.806e+02
|            ( QUESTION0_3_R 1 -1.445e+04 4.869e+02 6.306e+01
|                ( - -1.421e+04 2 0)
|                ( - 2.421e+02 1 0))
|            ( QUESTION0_3_R 1 -1.402e+05 4.000e+02 6.176e+02
|                ( - -8.826e+04 9 0 QUESTION20 -1 4.654e+02 3.908e+02)
|                ( - -5.153e+04 15 0 QUESTION18 -1 4.911e+02 2.267e+02)))))
s>    ( QUESTION11 1 -5.195e+05 8.516e+02 2.291e+03
s>        ( QUESTION0_3_R 1 -3.634e+05 4.839e+02 1.609e+03
s>            ( - -3.315e+05 12 0 QUESTION15 -1 3.015e+02 1.466e+03)
s>            ( QUESTION15 -1 -3.133e+04 4.680e+02 1.432e+02
s>                ( - 2.424e+02 1 0)
s>                ( - -3.110e+04 7 0 QUESTION1 -1 1.944e+02 1.422e+02)))
s>        ( QUESTION2_3_L -1 -1.553e+05 4.918e+02 6.816e+02
s>            ( - 2.417e+02 1 0)
s>            ( QUESTION14 -1 -1.551e+05 4.446e+02 6.806e+02
s>                ( QUESTION0_3_R 1 -1.445e+04 4.869e+02 6.306e+01
s>                    ( - -1.421e+04 2 0)
s>                    ( - 2.421e+02 1 0))
s>                ( QUESTION0_3_R 1 -1.402e+05 4.000e+02 6.176e+02
s>                    ( - -8.826e+04 9 0 QUESTION20 -1 4.654e+02 3.908e+02)
s>                    ( - -5.153e+04 15 0 QUESTION18 -1 4.911e+02 2.267e+02)))))INFO: dtree.c(1315): Comp split 4
INFO: dtree.c(1439): stop. leaf nodes are specific
INFO: dtree.c(1478): Final simple tree
|( QUESTION0 -1 -1.559e+06 8.420e+02 6.686e+03
|    ( QUESTION2_4_L -1 -1.255e+06 1.638e+02 5.393e+03
|        ( - -6.506e+03 1 0)
|        ( QUESTION2_0_L -1 -1.248e+06 1.233e+02 5.363e+03
|            ( - -1.245e+06 5 0)
|            ( - -2.880e+03 1 0)))
|    ( QUESTION20 -1 -3.028e+05 2.896e+02 1.294e+03
|        ( - -6.228e+04 1 0)
|        ( QUESTION14 -1 -2.403e+05 2.969e+02 1.030e+03
|            ( - -1.606e+05 4 0)
|            ( QUESTION16 -1 -7.940e+04 1.289e+02 3.393e+02
|                ( - -1.223e+04 2 0)
|                ( - -6.704e+04 1 0)))))
s>    ( QUESTION0 -1 -1.559e+06 8.420e+02 6.686e+03
s>        ( QUESTION2_4_L -1 -1.255e+06 1.638e+02 5.393e+03
s>            ( - -6.506e+03 1 0)
s>            ( QUESTION2_0_L -1 -1.248e+06 1.233e+02 5.363e+03
s>                ( - -1.245e+06 5 0)
s>                ( - -2.880e+03 1 0)))
s>        ( QUESTION20 -1 -3.028e+05 2.896e+02 1.294e+03
s>            ( - -6.228e+04 1 0)
s>            ( QUESTION14 -1 -2.403e+05 2.969e+02 1.030e+03
s>                ( - -1.606e+05 4 0)
s>                ( QUESTION16 -1 -7.940e+04 1.289e+02 3.393e+02
s>                    ( - -1.223e+04 2 0)
s>                    ( - -6.704e+04 1 0)))))INFO: dtree.c(1315): Comp split 5
INFO: dtree.c(1439): stop. leaf nodes are specific
INFO: dtree.c(1478): Final simple tree
|( QUESTION0_18_R 1 -3.863e+05 6.221e+02 1.694e+03
|    ( - -1.755e+05 1 0)
|    ( SILENCE -1 -2.102e+05 4.699e+02 9.275e+02
|        ( QUESTION0_16_R 1 -2.100e+05 1.909e+02 9.265e+02
|            ( - -1.313e+05 2 0)
|            ( QUESTION17 1 -7.845e+04 1.562e+02 3.513e+02
|                ( - -1.822e+04 2 0)
|                ( - -6.007e+04 1 0)))
|        ( - 2.410e+02 1 0)))
s>    ( QUESTION0_18_R 1 -3.863e+05 6.221e+02 1.694e+03
s>        ( - -1.755e+05 1 0)
s>        ( SILENCE -1 -2.102e+05 4.699e+02 9.275e+02
s>            ( QUESTION0_16_R 1 -2.100e+05 1.909e+02 9.265e+02
s>                ( - -1.313e+05 2 0)
s>                ( QUESTION17 1 -7.845e+04 1.562e+02 3.513e+02
s>                    ( - -1.822e+04 2 0)
s>                    ( - -6.007e+04 1 0)))
s>            ( - 2.410e+02 1 0)))INFO: dtree.c(1478): Final simple tree
|( QUESTION0_18_R 1 -1.459e+06 7.548e+02 6.521e+03
|    ( QUESTION2 -1 -3.466e+05 4.652e+02 1.550e+03
|        ( - -9.694e+03 1 0)
|        ( - -3.365e+05 12 0 QUESTION14 -1 2.288e+02 1.503e+03))
|    ( QUESTION0_16_R 1 -1.112e+06 4.986e+02 4.971e+03
|        ( QUESTION18 -1 -8.377e+05 3.425e+02 3.747e+03
|            ( - -1.174e+05 5 0 QUESTION19 -1 1.233e+02 5.340e+02)
|            ( QUESTION2_6_L -1 -7.199e+05 2.986e+02 3.213e+03
|                ( QUESTION2_15_L -1 -1.744e+04 2.643e+02 8.022e+01
|                    ( - -6.890e+02 1 0)
|                    ( - -1.649e+04 6 0 QUESTION2 -1 1.408e+02 7.622e+01))
|                ( - -7.022e+05 18 0 QUESTION2_0_L -1 1.763e+02 3.133e+03)))
|        ( QUESTION14 -1 -2.733e+05 2.370e+02 1.223e+03
|            ( - -2.289e+04 4 0 QUESTION17 1 3.320e+02 1.059e+02)
|            ( - -2.502e+05 20 0 QUESTION20 -1 1.880e+02 1.117e+03))))
s>    ( QUESTION0_18_R 1 -1.459e+06 7.548e+02 6.521e+03
s>        ( QUESTION2 -1 -3.466e+05 4.652e+02 1.550e+03
s>            ( - -9.694e+03 1 0)
s>            ( - -3.365e+05 12 0 QUESTION14 -1 2.288e+02 1.503e+03))
s>        ( QUESTION0_16_R 1 -1.112e+06 4.986e+02 4.971e+03
s>            ( QUESTION18 -1 -8.377e+05 3.425e+02 3.747e+03
s>                ( - -1.174e+05 5 0 QUESTION19 -1 1.233e+02 5.340e+02)
s>                ( QUESTION2_6_L -1 -7.199e+05 2.986e+02 3.213e+03
s>                    ( QUESTION2_15_L -1 -1.744e+04 2.643e+02 8.022e+01
s>                        ( - -6.890e+02 1 0)
s>                        ( - -1.649e+04 6 0 QUESTION2 -1 1.408e+02 7.622e+01))
s>                    ( - -7.022e+05 18 0 QUESTION2_0_L -1 1.763e+02 3.133e+03)))
s>            ( QUESTION14 -1 -2.733e+05 2.370e+02 1.223e+03
s>                ( - -2.289e+04 4 0 QUESTION17 1 3.320e+02 1.059e+02)
s>                ( - -2.502e+05 20 0 QUESTION20 -1 1.880e+02 1.117e+03))))INFO: dtree.c(1315): Comp split 6
INFO: dtree.c(1478): Final simple tree
|( QUESTION0_0_R 1 -1.435e+06 8.224e+02 6.325e+03
|    ( QUESTION20 -1 -1.369e+06 2.616e+02 6.026e+03
|        ( - -3.676e+04 6 0)
|        ( QUESTION0 -1 -1.332e+06 2.319e+02 5.864e+03
|            ( - -1.060e+06 31 0 QUESTION2_4_L -1 1.774e+02 4.663e+03)
|            ( - -2.722e+05 28 0 QUESTION2_6_L -1 1.787e+02 1.201e+03)))
|    ( QUESTION19 1 -6.489e+04 4.529e+02 2.989e+02
|        ( - 2.409e+02 1 0)
|        ( QUESTION0_10_R 1 -6.468e+04 3.156e+02 2.979e+02
|            ( - -3.143e+04 12 0 QUESTION2 1 1.880e+02 1.460e+02)
|            ( QUESTION13 -1 -3.294e+04 2.929e+02 1.520e+02
|                ( QUESTION18 -1 -1.057e+04 2.031e+02 4.900e+01
|                    ( - -1.096e+03 1 0)
|                    ( - -9.272e+03 3 0 QUESTION14 -1 1.622e+02 4.300e+01))
|                ( - -2.207e+04 4 0 QUESTION0 -1 1.628e+02 1.030e+02)))))
s>    ( QUESTION0_0_R 1 -1.435e+06 8.224e+02 6.325e+03
s>        ( QUESTION20 -1 -1.369e+06 2.616e+02 6.026e+03
s>            ( - -3.676e+04 6 0)
s>            ( QUESTION0 -1 -1.332e+06 2.319e+02 5.864e+03
s>                ( - -1.060e+06 31 0 QUESTION2_4_L -1 1.774e+02 4.663e+03)
s>                ( - -2.722e+05 28 0 QUESTION2_6_L -1 1.787e+02 1.201e+03)))
s>        ( QUESTION19 1 -6.489e+04 4.529e+02 2.989e+02
s>            ( - 2.409e+02 1 0)
s>            ( QUESTION0_10_R 1 -6.468e+04 3.156e+02 2.979e+02
s>                ( - -3.143e+04 12 0 QUESTION2 1 1.880e+02 1.460e+02)
s>                ( QUESTION13 -1 -3.294e+04 2.929e+02 1.520e+02
s>                    ( QUESTION18 -1 -1.057e+04 2.031e+02 4.900e+01
s>                        ( - -1.096e+03 1 0)
s>                        ( - -9.272e+03 3 0 QUESTION14 -1 1.622e+02 4.300e+01))
s>                    ( - -2.207e+04 4 0 QUESTION0 -1 1.628e+02 1.030e+02)))))INFO: dtree.c(1439): stop. leaf nodes are specific
INFO: dtree.c(1478): Final simple tree
|( QUESTION2_0_L -1 -3.670e+05 9.606e+02 1.611e+03
|    ( QUESTION0_2_R 1 -2.572e+04 9.195e+02 1.192e+02
|        ( - 4.840e+02 1 0)
|        ( QUESTION0_9_R 1 -2.529e+04 4.655e+02 1.172e+02
|            ( - -2.506e+04 2 0)
|            ( - 2.414e+02 1 0)))
|    ( QUESTION6 -1 -3.403e+05 4.675e+02 1.492e+03
|        ( - 2.418e+02 1 0)
|        ( QUESTION0_15_R 1 -3.401e+05 1.557e+02 1.491e+03
|            ( - -2.176e+03 1 0)
|            ( SILENCE -1 -3.378e+05 1.190e+02 1.481e+03
|                ( - -3.367e+05 6 0)
|                ( - -9.811e+02 1 0)))))
s>    ( QUESTION2_0_L -1 -3.670e+05 9.606e+02 1.611e+03
s>        ( QUESTION0_2_R 1 -2.572e+04 9.195e+02 1.192e+02
s>            ( - 4.840e+02 1 0)
s>            ( QUESTION0_9_R 1 -2.529e+04 4.655e+02 1.172e+02
s>                ( - -2.506e+04 2 0)
s>                ( - 2.414e+02 1 0)))
s>        ( QUESTION6 -1 -3.403e+05 4.675e+02 1.492e+03
s>            ( - 2.418e+02 1 0)
s>            ( QUESTION0_15_R 1 -3.401e+05 1.557e+02 1.491e+03
s>                ( - -2.176e+03 1 0)
s>                ( SILENCE -1 -3.378e+05 1.190e+02 1.481e+03
s>                    ( - -3.367e+05 6 0)
s>                    ( - -9.811e+02 1 0)))))INFO: dtree.c(1315): Comp split 7
INFO: dtree.c(1439): stop. leaf nodes are specific
INFO: dtree.c(1478): Final simple tree
|( QUESTION0_15_R 1 -3.401e+05 1.557e+02 1.491e+03
|    ( - -2.176e+03 1 0)
|    ( SILENCE -1 -3.378e+05 1.190e+02 1.481e+03
|        ( - -3.367e+05 6 0)
|        ( - -9.811e+02 1 0)))
s>    ( QUESTION0_15_R 1 -3.401e+05 1.557e+02 1.491e+03
s>        ( - -2.176e+03 1 0)
s>        ( SILENCE -1 -3.378e+05 1.190e+02 1.481e+03
s>            ( - -3.367e+05 6 0)
s>            ( - -9.811e+02 1 0)))INFO: dtree.c(1439): stop. leaf nodes are specific
INFO: dtree.c(1478): Final simple tree
|( QUESTION0_2_R 1 -2.594e+04 9.189e+02 1.202e+02
|    ( - 4.840e+02 1 0)
|    ( QUESTION0_9_R 1 -2.550e+04 4.653e+02 1.182e+02
|        ( QUESTION3 -1 -2.528e+04 4.593e+02 1.172e+02
|            ( - -2.506e+04 2 0)
|            ( - 2.418e+02 1 0))
|        ( - 2.414e+02 1 0)))
s>    ( QUESTION0_2_R 1 -2.594e+04 9.189e+02 1.202e+02
s>        ( - 4.840e+02 1 0)
s>        ( QUESTION0_9_R 1 -2.550e+04 4.653e+02 1.182e+02
s>            ( QUESTION3 -1 -2.528e+04 4.593e+02 1.172e+02
s>                ( - -2.506e+04 2 0)
s>                ( - 2.418e+02 1 0))
s>            ( - 2.414e+02 1 0)))INFO: dtree.c(1315): Comp split 8
INFO: dtree.c(1439): stop. leaf nodes are specific
INFO: dtree.c(1478): Final simple tree
|( QUESTION0_9_R 1 -2.550e+04 4.653e+02 1.182e+02
|    ( QUESTION3 -1 -2.528e+04 4.593e+02 1.172e+02
|        ( - -2.506e+04 2 0)
|        ( - 2.418e+02 1 0))
|    ( - 2.414e+02 1 0))
s>    ( QUESTION0_9_R 1 -2.550e+04 4.653e+02 1.182e+02
s>        ( QUESTION3 -1 -2.528e+04 4.593e+02 1.172e+02
s>            ( - -2.506e+04 2 0)
s>            ( - 2.418e+02 1 0))
s>        ( - 2.414e+02 1 0))INFO: dtree.c(1315): Comp split 9
INFO: dtree.c(1439): stop. leaf nodes are specific
INFO: dtree.c(1478): Final simple tree
|( QUESTION14 -1 -2.403e+05 2.969e+02 1.030e+03
|    ( - -1.606e+05 4 0)
|    ( QUESTION16 -1 -7.940e+04 1.289e+02 3.393e+02
|        ( - -1.223e+04 2 0)
|        ( - -6.704e+04 1 0)))
s>    ( QUESTION14 -1 -2.403e+05 2.969e+02 1.030e+03
s>        ( - -1.606e+05 4 0)
s>        ( QUESTION16 -1 -7.940e+04 1.289e+02 3.393e+02
s>            ( - -1.223e+04 2 0)
s>            ( - -6.704e+04 1 0)))INFO: dtree.c(1439): stop. leaf nodes are specific
INFO: dtree.c(1478): Final simple tree
|( QUESTION0 -1 -1.318e+06 2.562e+02 5.656e+03
|    ( QUESTION2_4_L -1 -1.255e+06 1.638e+02 5.393e+03
|        ( - -6.506e+03 1 0)
|        ( QUESTION2_0_L -1 -1.248e+06 1.233e+02 5.363e+03
|            ( - -1.245e+06 5 0)
|            ( - -2.880e+03 1 0)))
|    ( - -6.228e+04 1 0))
s>    ( QUESTION0 -1 -1.318e+06 2.562e+02 5.656e+03
s>        ( QUESTION2_4_L -1 -1.255e+06 1.638e+02 5.393e+03
s>            ( - -6.506e+03 1 0)
s>            ( QUESTION2_0_L -1 -1.248e+06 1.233e+02 5.363e+03
s>                ( - -1.245e+06 5 0)
s>                ( - -2.880e+03 1 0)))
s>        ( - -6.228e+04 1 0))INFO: dtree.c(1315): Comp split 10
INFO: dtree.c(1478): Final simple tree
|( QUESTION14 -1 -1.549e+05 4.549e+02 6.796e+02
|    ( - -1.421e+04 2 0)
|    ( QUESTION0_3_R 1 -1.402e+05 4.000e+02 6.176e+02
|        ( QUESTION20 -1 -8.826e+04 4.654e+02 3.908e+02
|            ( - 2.411e+02 1 0)
|            ( - -8.804e+04 8 0 SILENCE -1 1.925e+02 3.898e+02))
|        ( QUESTION18 -1 -5.153e+04 4.911e+02 2.267e+02
|            ( - 2.406e+02 1 0)
|            ( QUESTION0_0_R 1 -5.128e+04 3.556e+02 2.257e+02
|                ( SILENCE -1 -3.800e+04 2.318e+02 1.672e+02
|                    ( - -2.084e+04 2 0)
|                    ( QUESTION0 -1 -1.692e+04 2.038e+02 7.400e+01
|                        ( - -1.646e+04 6 0)
|                        ( - -2.596e+02 1 0)))
|                ( - -1.292e+04 5 0 SILENCE -1 1.269e+02 5.854e+01)))))
s>    ( QUESTION14 -1 -1.549e+05 4.549e+02 6.796e+02
s>        ( - -1.421e+04 2 0)
s>        ( QUESTION0_3_R 1 -1.402e+05 4.000e+02 6.176e+02
s>            ( QUESTION20 -1 -8.826e+04 4.654e+02 3.908e+02
s>                ( - 2.411e+02 1 0)
s>                ( - -8.804e+04 8 0 SILENCE -1 1.925e+02 3.898e+02))
s>            ( QUESTION18 -1 -5.153e+04 4.911e+02 2.267e+02
s>                ( - 2.406e+02 1 0)
s>                ( QUESTION0_0_R 1 -5.128e+04 3.556e+02 2.257e+02
s>                    ( SILENCE -1 -3.800e+04 2.318e+02 1.672e+02
s>                        ( - -2.084e+04 2 0)
s>                        ( QUESTION0 -1 -1.692e+04 2.038e+02 7.400e+01
s>                            ( - -1.646e+04 6 0)
s>                            ( - -2.596e+02 1 0)))
s>                    ( - -1.292e+04 5 0 SILENCE -1 1.269e+02 5.854e+01)))))INFO: dtree.c(1478): Final simple tree
|( QUESTION12 1 -3.638e+05 4.854e+02 1.611e+03
|    ( - 2.417e+02 1 0)
|    ( QUESTION0_6_R 1 -3.636e+05 4.838e+02 1.610e+03
|        ( QUESTION15 -1 -3.133e+04 4.680e+02 1.432e+02
|            ( - 2.424e+02 1 0)
|            ( - -3.110e+04 7 0 QUESTION1 -1 1.944e+02 1.422e+02))
|        ( QUESTION0_3_R 1 -3.318e+05 4.741e+02 1.467e+03
|            ( QUESTION15 -1 -3.315e+05 3.015e+02 1.466e+03
|                ( - -2.463e+04 2 0 QUESTION19 -1 1.379e+02 1.116e+02)
|                ( QUESTION2 -1 -3.066e+05 2.766e+02 1.355e+03
|                    ( - -9.370e+02 1 0)
|                    ( QUESTION0 -1 -3.054e+05 2.414e+02 1.350e+03
|                        ( - -2.307e+05 5 0)
|                        ( - -7.449e+04 4 0 SILENCE -1 1.540e+02 3.282e+02))))
|            ( - 2.421e+02 1 0))))
s>    ( QUESTION12 1 -3.638e+05 4.854e+02 1.611e+03
s>        ( - 2.417e+02 1 0)
s>        ( QUESTION0_6_R 1 -3.636e+05 4.838e+02 1.610e+03
s>            ( QUESTION15 -1 -3.133e+04 4.680e+02 1.432e+02
s>                ( - 2.424e+02 1 0)
s>                ( - -3.110e+04 7 0 QUESTION1 -1 1.944e+02 1.422e+02))
s>            ( QUESTION0_3_R 1 -3.318e+05 4.741e+02 1.467e+03
s>                ( QUESTION15 -1 -3.315e+05 3.015e+02 1.466e+03
s>                    ( - -2.463e+04 2 0 QUESTION19 -1 1.379e+02 1.116e+02)
s>                    ( QUESTION2 -1 -3.066e+05 2.766e+02 1.355e+03
s>                        ( - -9.370e+02 1 0)
s>                        ( QUESTION0 -1 -3.054e+05 2.414e+02 1.350e+03
s>                            ( - -2.307e+05 5 0)
s>                            ( - -7.449e+04 4 0 SILENCE -1 1.540e+02 3.282e+02))))
s>                ( - 2.421e+02 1 0))))INFO: dtree.c(1315): Comp split 11
INFO: dtree.c(1478): Final simple tree
|( QUESTION20 1 -4.131e+05 4.949e+02 1.854e+03
|    ( QUESTION16 -1 -8.995e+04 2.769e+02 4.015e+02
|        ( - -3.175e+03 1 0)
|        ( SILENCE -1 -8.650e+04 2.488e+02 3.845e+02
|            ( - -2.523e+04 1 0)
|            ( QUESTION14 -1 -6.102e+04 2.455e+02 2.742e+02
|                ( - -7.662e+03 2 0)
|                ( - -5.311e+04 7 0 QUESTION2_2_L -1 1.355e+02 2.391e+02))))
|    ( QUESTION2_3_L -1 -3.227e+05 4.696e+02 1.452e+03
|        ( - 2.405e+02 1 0)
|        ( SILENCE 1 -3.225e+05 4.252e+02 1.451e+03
|            ( - -1.846e+04 4 0 QUESTION3 -1 1.823e+02 8.240e+01)
|            ( QUESTION14 -1 -3.036e+05 1.826e+02 1.369e+03
|                ( - -2.180e+04 5 0)
|                ( - -2.816e+05 16 0 QUESTION0 -1 1.615e+02 1.269e+03)))))
s>    ( QUESTION20 1 -4.131e+05 4.949e+02 1.854e+03
s>        ( QUESTION16 -1 -8.995e+04 2.769e+02 4.015e+02
s>            ( - -3.175e+03 1 0)
s>            ( SILENCE -1 -8.650e+04 2.488e+02 3.845e+02
s>                ( - -2.523e+04 1 0)
s>                ( QUESTION14 -1 -6.102e+04 2.455e+02 2.742e+02
s>                    ( - -7.662e+03 2 0)
s>                    ( - -5.311e+04 7 0 QUESTION2_2_L -1 1.355e+02 2.391e+02))))
s>        ( QUESTION2_3_L -1 -3.227e+05 4.696e+02 1.452e+03
s>            ( - 2.405e+02 1 0)
s>            ( SILENCE 1 -3.225e+05 4.252e+02 1.451e+03
s>                ( - -1.846e+04 4 0 QUESTION3 -1 1.823e+02 8.240e+01)
s>                ( QUESTION14 -1 -3.036e+05 1.826e+02 1.369e+03
s>                    ( - -2.180e+04 5 0)
s>                    ( - -2.816e+05 16 0 QUESTION0 -1 1.615e+02 1.269e+03)))))INFO: dtree.c(1315): Comp split 12
INFO: dtree.c(1478): Final simple tree
|( QUESTION19 1 -6.489e+04 4.529e+02 2.989e+02
|    ( - 2.409e+02 1 0)
|    ( QUESTION0_10_R 1 -6.468e+04 3.156e+02 2.979e+02
|        ( QUESTION2 1 -3.143e+04 1.880e+02 1.460e+02
|            ( - -1.272e+04 8 0 QUESTION0 -1 1.435e+02 5.900e+01)
|            ( - -1.852e+04 4 0 QUESTION0_11_R 1 1.381e+02 8.698e+01))
|        ( QUESTION13 -1 -3.294e+04 2.929e+02 1.520e+02
|            ( QUESTION18 -1 -1.057e+04 2.031e+02 4.900e+01
|                ( - -1.096e+03 1 0)
|                ( QUESTION14 -1 -9.272e+03 1.622e+02 4.300e+01
|                    ( - -1.656e+03 2 0)
|                    ( - -7.454e+03 1 0)))
|            ( QUESTION0 -1 -2.207e+04 1.628e+02 1.030e+02
|                ( - -1.730e+04 2 0)
|                ( - -4.613e+03 2 0 SILENCE -1 9.195e+01 2.004e+01)))))
s>    ( QUESTION19 1 -6.489e+04 4.529e+02 2.989e+02
s>        ( - 2.409e+02 1 0)
s>        ( QUESTION0_10_R 1 -6.468e+04 3.156e+02 2.979e+02
s>            ( QUESTION2 1 -3.143e+04 1.880e+02 1.460e+02
s>                ( - -1.272e+04 8 0 QUESTION0 -1 1.435e+02 5.900e+01)
s>                ( - -1.852e+04 4 0 QUESTION0_11_R 1 1.381e+02 8.698e+01))
s>            ( QUESTION13 -1 -3.294e+04 2.929e+02 1.520e+02
s>                ( QUESTION18 -1 -1.057e+04 2.031e+02 4.900e+01
s>                    ( - -1.096e+03 1 0)
s>                    ( QUESTION14 -1 -9.272e+03 1.622e+02 4.300e+01
s>                        ( - -1.656e+03 2 0)
s>                        ( - -7.454e+03 1 0)))
s>                ( QUESTION0 -1 -2.207e+04 1.628e+02 1.030e+02
s>                    ( - -1.730e+04 2 0)
s>                    ( - -4.613e+03 2 0 SILENCE -1 9.195e+01 2.004e+01)))))INFO: dtree.c(1478): Final simple tree
|( QUESTION20 -1 -1.369e+06 2.616e+02 6.026e+03
|    ( - -3.676e+04 6 0)
|    ( QUESTION0 -1 -1.332e+06 2.319e+02 5.864e+03
|        ( QUESTION2_4_L -1 -1.060e+06 1.774e+02 4.663e+03
|            ( - -7.928e+03 4 0)
|            ( QUESTION2_0_L -1 -1.052e+06 9.840e+01 4.626e+03
|                ( - -1.049e+06 26 0)
|                ( - -2.363e+03 1 0)))
|        ( QUESTION2_6_L -1 -2.722e+05 1.787e+02 1.201e+03
|            ( QUESTION18 -1 -1.182e+05 1.697e+02 5.205e+02
|                ( - -9.508e+04 5 0)
|                ( - -2.292e+04 7 0 QUESTION17 -1 9.527e+01 1.016e+02))
|            ( QUESTION2 -1 -1.539e+05 1.470e+02 6.805e+02
|                ( - -2.939e+03 2 0)
|                ( - -1.508e+05 14 0)))))
s>    ( QUESTION20 -1 -1.369e+06 2.616e+02 6.026e+03
s>        ( - -3.676e+04 6 0)
s>        ( QUESTION0 -1 -1.332e+06 2.319e+02 5.864e+03
s>            ( QUESTION2_4_L -1 -1.060e+06 1.774e+02 4.663e+03
s>                ( - -7.928e+03 4 0)
s>                ( QUESTION2_0_L -1 -1.052e+06 9.840e+01 4.626e+03
s>                    ( - -1.049e+06 26 0)
s>                    ( - -2.363e+03 1 0)))
s>            ( QUESTION2_6_L -1 -2.722e+05 1.787e+02 1.201e+03
s>                ( QUESTION18 -1 -1.182e+05 1.697e+02 5.205e+02
s>                    ( - -9.508e+04 5 0)
s>                    ( - -2.292e+04 7 0 QUESTION17 -1 9.527e+01 1.016e+02))
s>                ( QUESTION2 -1 -1.539e+05 1.470e+02 6.805e+02
s>                    ( - -2.939e+03 2 0)
s>                    ( - -1.508e+05 14 0)))))INFO: dtree.c(1315): Comp split 13
INFO: dtree.c(1439): stop. leaf nodes are specific
INFO: dtree.c(1478): Final simple tree
|( QUESTION14 -1 -3.365e+05 2.288e+02 1.503e+03
|    ( - -3.934e+04 2 0)
|    ( QUESTION19 -1 -2.969e+05 1.743e+02 1.326e+03
|        ( - -1.822e+04 1 0)
|        ( QUESTION17 -1 -2.785e+05 1.193e+02 1.242e+03
|            ( - -4.200e+03 1 0)
|            ( QUESTION16 -1 -2.742e+05 2.034e+02 1.222e+03
|                ( - -2.151e+02 1 0)
|                ( QUESTION2_2_L -1 -2.738e+05 1.183e+02 1.220e+03
|                    ( - -1.491e+03 1 0)
|                    ( QUESTION0 -1 -2.722e+05 1.078e+02 1.213e+03
|                        ( - -2.677e+05 5 0)
|                        ( - -4.398e+03 1 0)))))))
s>    ( QUESTION14 -1 -3.365e+05 2.288e+02 1.503e+03
s>        ( - -3.934e+04 2 0)
s>        ( QUESTION19 -1 -2.969e+05 1.743e+02 1.326e+03
s>            ( - -1.822e+04 1 0)
s>            ( QUESTION17 -1 -2.785e+05 1.193e+02 1.242e+03
s>                ( - -4.200e+03 1 0)
s>                ( QUESTION16 -1 -2.742e+05 2.034e+02 1.222e+03
s>                    ( - -2.151e+02 1 0)
s>                    ( QUESTION2_2_L -1 -2.738e+05 1.183e+02 1.220e+03
s>                        ( - -1.491e+03 1 0)
s>                        ( QUESTION0 -1 -2.722e+05 1.078e+02 1.213e+03
s>                            ( - -2.677e+05 5 0)
s>                            ( - -4.398e+03 1 0)))))))INFO: dtree.c(1478): Final simple tree
|( QUESTION0_17_R 1 -1.122e+06 5.147e+02 5.018e+03
|    ( QUESTION18 -1 -8.377e+05 3.425e+02 3.747e+03
|        ( - -1.174e+05 5 0 QUESTION19 -1 1.233e+02 5.340e+02)
|        ( QUESTION2_6_L -1 -7.199e+05 2.986e+02 3.213e+03
|            ( QUESTION2_15_L -1 -1.744e+04 2.643e+02 8.022e+01
|                ( - -6.890e+02 1 0)
|                ( - -1.649e+04 6 0 QUESTION2 -1 1.408e+02 7.622e+01))
|            ( - -7.022e+05 18 0 QUESTION2_0_L -1 1.763e+02 3.133e+03)))
|    ( QUESTION0_16_R 1 -2.834e+05 4.036e+02 1.270e+03
|        ( - -9.694e+03 1 0)
|        ( QUESTION14 -1 -2.733e+05 2.370e+02 1.223e+03
|            ( QUESTION17 1 -2.289e+04 3.320e+02 1.059e+02
|                ( - -4.540e+03 2 0)
|                ( - -1.802e+04 2 0))
|            ( - -2.502e+05 20 0 QUESTION20 -1 1.880e+02 1.117e+03))))
s>    ( QUESTION0_17_R 1 -1.122e+06 5.147e+02 5.018e+03
s>        ( QUESTION18 -1 -8.377e+05 3.425e+02 3.747e+03
s>            ( - -1.174e+05 5 0 QUESTION19 -1 1.233e+02 5.340e+02)
s>            ( QUESTION2_6_L -1 -7.199e+05 2.986e+02 3.213e+03
s>                ( QUESTION2_15_L -1 -1.744e+04 2.643e+02 8.022e+01
s>                    ( - -6.890e+02 1 0)
s>                    ( - -1.649e+04 6 0 QUESTION2 -1 1.408e+02 7.622e+01))
s>                ( - -7.022e+05 18 0 QUESTION2_0_L -1 1.763e+02 3.133e+03)))
s>        ( QUESTION0_16_R 1 -2.834e+05 4.036e+02 1.270e+03
s>            ( - -9.694e+03 1 0)
s>            ( QUESTION14 -1 -2.733e+05 2.370e+02 1.223e+03
s>                ( QUESTION17 1 -2.289e+04 3.320e+02 1.059e+02
s>                    ( - -4.540e+03 2 0)
s>                    ( - -1.802e+04 2 0))
s>                ( - -2.502e+05 20 0 QUESTION20 -1 1.880e+02 1.117e+03))))INFO: dtree.c(1315): Comp split 14
INFO: dtree.c(1439): stop. leaf nodes are specific
INFO: dtree.c(1478): Final simple tree
|( QUESTION0_16_R 1 -2.100e+05 1.909e+02 9.265e+02
|    ( - -1.313e+05 2 0)
|    ( QUESTION17 1 -7.845e+04 1.562e+02 3.513e+02
|        ( - -1.822e+04 2 0)
|        ( - -6.007e+04 1 0)))
s>    ( QUESTION0_16_R 1 -2.100e+05 1.909e+02 9.265e+02
s>        ( - -1.313e+05 2 0)
s>        ( QUESTION17 1 -7.845e+04 1.562e+02 3.513e+02
s>            ( - -1.822e+04 2 0)
s>            ( - -6.007e+04 1 0)))INFO: dtree.c(1439): stop. leaf nodes are specific
INFO: dtree.c(1478): Final simple tree
|( SILENCE -1 -1.757e+05 4.666e+02 7.675e+02
|    ( - -1.755e+05 1 0)
|    ( - 2.410e+02 1 0))
s>    ( SILENCE -1 -1.757e+05 4.666e+02 7.675e+02
s>        ( - -1.755e+05 1 0)
s>        ( - 2.410e+02 1 0))INFO: dtree.c(1315): Comp split 15
INFO: dtree.c(1439): stop. leaf nodes are specific
INFO: dtree.c(1478): Final simple tree
|( QUESTION0_18_R 1 -1.544e+04 3.132e+02 7.300e+01
|    ( - -9.694e+03 1 0)
|    ( QUESTION0_16_R 1 -5.437e+03 2.079e+02 2.600e+01
|        ( - -6.890e+02 1 0)
|        ( - -4.540e+03 2 0)))
s>    ( QUESTION0_18_R 1 -1.544e+04 3.132e+02 7.300e+01
s>        ( - -9.694e+03 1 0)
s>        ( QUESTION0_16_R 1 -5.437e+03 2.079e+02 2.600e+01
s>            ( - -6.890e+02 1 0)
s>            ( - -4.540e+03 2 0)))INFO: dtree.c(1478): Final simple tree
|( QUESTION0_16_R 1 -1.106e+06 4.627e+02 4.945e+03
|    ( QUESTION18 -1 -8.367e+05 3.451e+02 3.743e+03
|        ( - -1.174e+05 5 0 QUESTION19 -1 1.233e+02 5.340e+02)
|        ( QUESTION2_6_L -1 -7.189e+05 2.675e+02 3.209e+03
|            ( - -1.649e+04 6 0 QUESTION2 -1 1.408e+02 7.622e+01)
|            ( QUESTION2_0_L -1 -7.022e+05 1.763e+02 3.133e+03
|                ( - -6.227e+05 10 0)
|                ( - -7.933e+04 8 0 QUESTION0 -1 9.466e+01 3.581e+02))))
|    ( QUESTION14 -1 -2.684e+05 2.065e+02 1.201e+03
|        ( - -1.802e+04 2 0)
|        ( QUESTION20 -1 -2.502e+05 1.880e+02 1.117e+03
|            ( - -5.243e+03 2 0)
|            ( QUESTION0 -1 -2.447e+05 1.589e+02 1.093e+03
|                ( - -2.256e+05 17 0 QUESTION17 1 1.329e+02 1.008e+03)
|                ( - -1.901e+04 1 0)))))
s>    ( QUESTION0_16_R 1 -1.106e+06 4.627e+02 4.945e+03
s>        ( QUESTION18 -1 -8.367e+05 3.451e+02 3.743e+03
s>            ( - -1.174e+05 5 0 QUESTION19 -1 1.233e+02 5.340e+02)
s>            ( QUESTION2_6_L -1 -7.189e+05 2.675e+02 3.209e+03
s>                ( - -1.649e+04 6 0 QUESTION2 -1 1.408e+02 7.622e+01)
s>                ( QUESTION2_0_L -1 -7.022e+05 1.763e+02 3.133e+03
s>                    ( - -6.227e+05 10 0)
s>                    ( - -7.933e+04 8 0 QUESTION0 -1 9.466e+01 3.581e+02))))
s>        ( QUESTION14 -1 -2.684e+05 2.065e+02 1.201e+03
s>            ( - -1.802e+04 2 0)
s>            ( QUESTION20 -1 -2.502e+05 1.880e+02 1.117e+03
s>                ( - -5.243e+03 2 0)
s>                ( QUESTION0 -1 -2.447e+05 1.589e+02 1.093e+03
s>                    ( - -2.256e+05 17 0 QUESTION17 1 1.329e+02 1.008e+03)
s>                    ( - -1.901e+04 1 0)))))INFO: dtree.c(1315): Comp split 16
INFO: dtree.c(1478): Final simple tree
|( QUESTION19 1 -3.303e+05 4.494e+02 1.486e+03
|    ( QUESTION14 -1 -3.036e+05 1.826e+02 1.369e+03
|        ( - -2.180e+04 5 0)
|        ( QUESTION0 -1 -2.816e+05 1.615e+02 1.269e+03
|            ( - -2.620e+05 10 0)
|            ( QUESTION20 -1 -1.946e+04 1.417e+02 8.751e+01
|                ( - -7.671e+03 2 0)
|                ( - -1.164e+04 4 0 QUESTION17 -1 1.164e+02 5.213e+01))))
|    ( QUESTION3 -1 -2.630e+04 2.300e+02 1.176e+02
|        ( - -1.002e+04 1 0)
|        ( QUESTION2_15_L -1 -1.605e+04 1.627e+02 7.012e+01
|            ( - -3.031e+03 1 0)
|            ( QUESTION2 -1 -1.286e+04 1.548e+02 5.710e+01
|                ( - -3.361e+02 1 0)
|                ( - -1.237e+04 3 0 SILENCE -1 1.220e+02 5.510e+01)))))
s>    ( QUESTION19 1 -3.303e+05 4.494e+02 1.486e+03
s>        ( QUESTION14 -1 -3.036e+05 1.826e+02 1.369e+03
s>            ( - -2.180e+04 5 0)
s>            ( QUESTION0 -1 -2.816e+05 1.615e+02 1.269e+03
s>                ( - -2.620e+05 10 0)
s>                ( QUESTION20 -1 -1.946e+04 1.417e+02 8.751e+01
s>                    ( - -7.671e+03 2 0)
s>                    ( - -1.164e+04 4 0 QUESTION17 -1 1.164e+02 5.213e+01))))
s>        ( QUESTION3 -1 -2.630e+04 2.300e+02 1.176e+02
s>            ( - -1.002e+04 1 0)
s>            ( QUESTION2_15_L -1 -1.605e+04 1.627e+02 7.012e+01
s>                ( - -3.031e+03 1 0)
s>                ( QUESTION2 -1 -1.286e+04 1.548e+02 5.710e+01
s>                    ( - -3.361e+02 1 0)
s>                    ( - -1.237e+04 3 0 SILENCE -1 1.220e+02 5.510e+01)))))INFO: dtree.c(1439): stop. leaf nodes are specific
INFO: dtree.c(1478): Final simple tree
|( QUESTION19 1 -8.227e+04 4.667e+02 3.674e+02
|    ( - 2.405e+02 1 0)
|    ( QUESTION16 -1 -8.205e+04 2.762e+02 3.664e+02
|        ( - -3.175e+03 1 0)
|        ( SILENCE -1 -7.860e+04 2.570e+02 3.494e+02
|            ( - -2.523e+04 1 0)
|            ( QUESTION2_2_L -1 -5.311e+04 1.355e+02 2.391e+02
|                ( - -7.633e+02 1 0)
|                ( QUESTION0 -1 -5.221e+04 1.323e+02 2.351e+02
|                    ( - -4.213e+04 5 0)
|                    ( - -9.950e+03 1 0))))))
s>    ( QUESTION19 1 -8.227e+04 4.667e+02 3.674e+02
s>        ( - 2.405e+02 1 0)
s>        ( QUESTION16 -1 -8.205e+04 2.762e+02 3.664e+02
s>            ( - -3.175e+03 1 0)
s>            ( SILENCE -1 -7.860e+04 2.570e+02 3.494e+02
s>                ( - -2.523e+04 1 0)
s>                ( QUESTION2_2_L -1 -5.311e+04 1.355e+02 2.391e+02
s>                    ( - -7.633e+02 1 0)
s>                    ( QUESTION0 -1 -5.221e+04 1.323e+02 2.351e+02
s>                        ( - -4.213e+04 5 0)
s>                        ( - -9.950e+03 1 0))))))INFO: dtree.c(1315): Comp split 17
INFO: dtree.c(1478): Final simple tree
|( QUESTION0_16_R 1 -2.851e+05 2.414e+02 1.278e+03
|    ( QUESTION2 -1 -1.649e+04 1.408e+02 7.622e+01
|        ( - -2.904e+03 2 0 QUESTION5 -1 1.029e+02 1.397e+01)
|        ( - -1.344e+04 4 0 QUESTION17 -1 6.060e+01 6.224e+01))
|    ( QUESTION14 -1 -2.684e+05 2.065e+02 1.201e+03
|        ( - -1.802e+04 2 0)
|        ( QUESTION20 -1 -2.502e+05 1.880e+02 1.117e+03
|            ( - -5.243e+03 2 0)
|            ( QUESTION0 -1 -2.447e+05 1.589e+02 1.093e+03
|                ( QUESTION17 1 -2.256e+05 1.329e+02 1.008e+03
|                    ( - -5.635e+04 11 0 QUESTION2_0_L -1 1.066e+02 2.503e+02)
|                    ( QUESTION2_0_L -1 -1.691e+05 1.121e+02 7.578e+02
|                        ( - -1.668e+05 5 0)
|                        ( - -2.195e+03 1 0)))
|                ( - -1.901e+04 1 0)))))
s>    ( QUESTION0_16_R 1 -2.851e+05 2.414e+02 1.278e+03
s>        ( QUESTION2 -1 -1.649e+04 1.408e+02 7.622e+01
s>            ( - -2.904e+03 2 0 QUESTION5 -1 1.029e+02 1.397e+01)
s>            ( - -1.344e+04 4 0 QUESTION17 -1 6.060e+01 6.224e+01))
s>        ( QUESTION14 -1 -2.684e+05 2.065e+02 1.201e+03
s>            ( - -1.802e+04 2 0)
s>            ( QUESTION20 -1 -2.502e+05 1.880e+02 1.117e+03
s>                ( - -5.243e+03 2 0)
s>                ( QUESTION0 -1 -2.447e+05 1.589e+02 1.093e+03
s>                    ( QUESTION17 1 -2.256e+05 1.329e+02 1.008e+03
s>                        ( - -5.635e+04 11 0 QUESTION2_0_L -1 1.066e+02 2.503e+02)
s>                        ( QUESTION2_0_L -1 -1.691e+05 1.121e+02 7.578e+02
s>                            ( - -1.668e+05 5 0)
s>                            ( - -2.195e+03 1 0)))
s>                    ( - -1.901e+04 1 0)))))INFO: dtree.c(1439): stop. leaf nodes are specific
INFO: dtree.c(1478): Final simple tree
|( QUESTION15 -1 -8.200e+05 3.429e+02 3.667e+03
|    ( QUESTION19 -1 -1.174e+05 1.233e+02 5.340e+02
|        ( - -5.372e+04 2 0)
|        ( - -6.359e+04 3 0))
|    ( QUESTION2_0_L -1 -7.022e+05 1.763e+02 3.133e+03
|        ( - -6.227e+05 10 0)
|        ( QUESTION0 -1 -7.933e+04 9.466e+01 3.581e+02
|            ( - -1.817e+03 1 0)
|            ( - -7.741e+04 7 0))))
s>    ( QUESTION15 -1 -8.200e+05 3.429e+02 3.667e+03
s>        ( QUESTION19 -1 -1.174e+05 1.233e+02 5.340e+02
s>            ( - -5.372e+04 2 0)
s>            ( - -6.359e+04 3 0))
s>        ( QUESTION2_0_L -1 -7.022e+05 1.763e+02 3.133e+03
s>            ( - -6.227e+05 10 0)
s>            ( QUESTION0 -1 -7.933e+04 9.466e+01 3.581e+02
s>                ( - -1.817e+03 1 0)
s>                ( - -7.741e+04 7 0))))INFO: dtree.c(1315): Comp split 18
INFO: dtree.c(1439): stop. leaf nodes are specific
INFO: dtree.c(1478): Final simple tree
|( QUESTION1 -1 -3.110e+04 1.944e+02 1.422e+02
|    ( QUESTION2 -1 -6.262e+03 9.516e+01 2.967e+01
|        ( - -1.371e+03 1 0)
|        ( - -4.796e+03 2 0))
|    ( SILENCE -1 -2.465e+04 1.503e+02 1.125e+02
|        ( - -1.166e+04 1 0)
|        ( - -1.284e+04 3 0)))
s>    ( QUESTION1 -1 -3.110e+04 1.944e+02 1.422e+02
s>        ( QUESTION2 -1 -6.262e+03 9.516e+01 2.967e+01
s>            ( - -1.371e+03 1 0)
s>            ( - -4.796e+03 2 0))
s>        ( SILENCE -1 -2.465e+04 1.503e+02 1.125e+02
s>            ( - -1.166e+04 1 0)
s>            ( - -1.284e+04 3 0)))INFO: dtree.c(1478): Final simple tree
|( QUESTION12 1 -3.322e+05 4.855e+02 1.469e+03
|    ( - 2.417e+02 1 0)
|    ( QUESTION0_5_R 1 -3.320e+05 4.741e+02 1.468e+03
|        ( - 2.421e+02 1 0)
|        ( QUESTION0_3_R 1 -3.318e+05 4.610e+02 1.467e+03
|            ( QUESTION15 -1 -3.315e+05 3.015e+02 1.466e+03
|                ( - -2.463e+04 2 0 QUESTION19 -1 1.379e+02 1.116e+02)
|                ( QUESTION2 -1 -3.066e+05 2.766e+02 1.355e+03
|                    ( - -9.370e+02 1 0)
|                    ( QUESTION0 -1 -3.054e+05 2.414e+02 1.350e+03
|                        ( - -2.307e+05 5 0)
|                        ( SILENCE -1 -7.449e+04 1.540e+02 3.282e+02
|                            ( - -5.134e+04 1 0)
|                            ( - -2.299e+04 3 0)))))
|            ( - 2.424e+02 1 0))))
s>    ( QUESTION12 1 -3.322e+05 4.855e+02 1.469e+03
s>        ( - 2.417e+02 1 0)
s>        ( QUESTION0_5_R 1 -3.320e+05 4.741e+02 1.468e+03
s>            ( - 2.421e+02 1 0)
s>            ( QUESTION0_3_R 1 -3.318e+05 4.610e+02 1.467e+03
s>                ( QUESTION15 -1 -3.315e+05 3.015e+02 1.466e+03
s>                    ( - -2.463e+04 2 0 QUESTION19 -1 1.379e+02 1.116e+02)
s>                    ( QUESTION2 -1 -3.066e+05 2.766e+02 1.355e+03
s>                        ( - -9.370e+02 1 0)
s>                        ( QUESTION0 -1 -3.054e+05 2.414e+02 1.350e+03
s>                            ( - -2.307e+05 5 0)
s>                            ( SILENCE -1 -7.449e+04 1.540e+02 3.282e+02
s>                                ( - -5.134e+04 1 0)
s>                                ( - -2.299e+04 3 0)))))
s>                ( - 2.424e+02 1 0))))INFO: dtree.c(1315): Comp split 19
INFO: dtree.c(1478): Final simple tree
|( QUESTION0_5_R 1 -3.320e+05 4.741e+02 1.468e+03
|    ( - 2.421e+02 1 0)
|    ( QUESTION0_3_R 1 -3.318e+05 4.610e+02 1.467e+03
|        ( QUESTION15 -1 -3.315e+05 3.015e+02 1.466e+03
|            ( QUESTION19 -1 -2.463e+04 1.379e+02 1.116e+02
|                ( - -2.164e+04 1 0)
|                ( - -2.853e+03 1 0))
|            ( QUESTION2 -1 -3.066e+05 2.766e+02 1.355e+03
|                ( - -9.370e+02 1 0)
|                ( QUESTION0 -1 -3.054e+05 2.414e+02 1.350e+03
|                    ( - -2.307e+05 5 0)
|                    ( SILENCE -1 -7.449e+04 1.540e+02 3.282e+02
|                        ( - -5.134e+04 1 0)
|                        ( - -2.299e+04 3 0)))))
|        ( - 2.424e+02 1 0)))
s>    ( QUESTION0_5_R 1 -3.320e+05 4.741e+02 1.468e+03
s>        ( - 2.421e+02 1 0)
s>        ( QUESTION0_3_R 1 -3.318e+05 4.610e+02 1.467e+03
s>            ( QUESTION15 -1 -3.315e+05 3.015e+02 1.466e+03
s>                ( QUESTION19 -1 -2.463e+04 1.379e+02 1.116e+02
s>                    ( - -2.164e+04 1 0)
s>                    ( - -2.853e+03 1 0))
s>                ( QUESTION2 -1 -3.066e+05 2.766e+02 1.355e+03
s>                    ( - -9.370e+02 1 0)
s>                    ( QUESTION0 -1 -3.054e+05 2.414e+02 1.350e+03
s>                        ( - -2.307e+05 5 0)
s>                        ( SILENCE -1 -7.449e+04 1.540e+02 3.282e+02
s>                            ( - -5.134e+04 1 0)
s>                            ( - -2.299e+04 3 0)))))
s>            ( - 2.424e+02 1 0)))INFO: dtree.c(1315): Comp split 20
INFO: dtree.c(1478): Final simple tree
|( QUESTION20 -1 -1.546e+05 4.664e+02 6.786e+02
|    ( - 2.411e+02 1 0)
|    ( QUESTION14 -1 -1.544e+05 4.556e+02 6.776e+02
|        ( - -1.421e+04 2 0)
|        ( QUESTION0_3_R 1 -1.397e+05 4.107e+02 6.156e+02
|            ( SILENCE -1 -8.804e+04 1.925e+02 3.898e+02
|                ( - -3.027e+04 1 0)
|                ( - -5.757e+04 7 0 QUESTION13 -1 1.061e+02 2.577e+02))
|            ( QUESTION0_0_R 1 -5.128e+04 3.556e+02 2.257e+02
|                ( SILENCE -1 -3.800e+04 2.318e+02 1.672e+02
|                    ( - -2.084e+04 2 0)
|                    ( QUESTION0 -1 -1.692e+04 2.038e+02 7.400e+01
|                        ( - -1.646e+04 6 0)
|                        ( - -2.596e+02 1 0)))
|                ( - -1.292e+04 5 0 SILENCE -1 1.269e+02 5.854e+01)))))
s>    ( QUESTION20 -1 -1.546e+05 4.664e+02 6.786e+02
s>        ( - 2.411e+02 1 0)
s>        ( QUESTION14 -1 -1.544e+05 4.556e+02 6.776e+02
s>            ( - -1.421e+04 2 0)
s>            ( QUESTION0_3_R 1 -1.397e+05 4.107e+02 6.156e+02
s>                ( SILENCE -1 -8.804e+04 1.925e+02 3.898e+02
s>                    ( - -3.027e+04 1 0)
s>                    ( - -5.757e+04 7 0 QUESTION13 -1 1.061e+02 2.577e+02))
s>                ( QUESTION0_0_R 1 -5.128e+04 3.556e+02 2.257e+02
s>                    ( SILENCE -1 -3.800e+04 2.318e+02 1.672e+02
s>                        ( - -2.084e+04 2 0)
s>                        ( QUESTION0 -1 -1.692e+04 2.038e+02 7.400e+01
s>                            ( - -1.646e+04 6 0)
s>                            ( - -2.596e+02 1 0)))
s>                    ( - -1.292e+04 5 0 SILENCE -1 1.269e+02 5.854e+01)))))INFO: dtree.c(1315): Comp split 21
INFO: dtree.c(1439): stop. leaf nodes are specific
INFO: dtree.c(1478): Final simple tree
|( QUESTION0_0_R 1 -5.210e+04 3.628e+02 2.273e+02
|    ( SILENCE -1 -3.753e+04 2.246e+02 1.652e+02
|        ( - -2.084e+04 2 0)
|        ( - -1.646e+04 6 0))
|    ( - -1.421e+04 2 0))
s>    ( QUESTION0_0_R 1 -5.210e+04 3.628e+02 2.273e+02
s>        ( SILENCE -1 -3.753e+04 2.246e+02 1.652e+02
s>            ( - -2.084e+04 2 0)
s>            ( - -1.646e+04 6 0))
s>        ( - -1.421e+04 2 0))INFO: dtree.c(1478): Final simple tree
|( QUESTION20 -1 -1.020e+05 4.656e+02 4.514e+02
|    ( - 2.411e+02 1 0)
|    ( QUESTION0_3_R 1 -1.018e+05 3.979e+02 4.504e+02
|        ( SILENCE -1 -8.804e+04 1.925e+02 3.898e+02
|            ( - -3.027e+04 1 0)
|            ( QUESTION13 -1 -5.757e+04 1.061e+02 2.577e+02
|                ( - -2.578e+03 1 0)
|                ( QUESTION0 -1 -5.489e+04 8.399e+01 2.454e+02
|                    ( - -5.292e+04 5 0)
|                    ( - -1.890e+03 1 0))))
|        ( QUESTION0_0_R 1 -1.338e+04 1.985e+02 6.054e+01
|            ( - -2.596e+02 1 0)
|            ( SILENCE -1 -1.292e+04 1.269e+02 5.854e+01
|                ( - -2.068e+03 1 0)
|                ( - -1.073e+04 4 0)))))
s>    ( QUESTION20 -1 -1.020e+05 4.656e+02 4.514e+02
s>        ( - 2.411e+02 1 0)
s>        ( QUESTION0_3_R 1 -1.018e+05 3.979e+02 4.504e+02
s>            ( SILENCE -1 -8.804e+04 1.925e+02 3.898e+02
s>                ( - -3.027e+04 1 0)
s>                ( QUESTION13 -1 -5.757e+04 1.061e+02 2.577e+02
s>                    ( - -2.578e+03 1 0)
s>                    ( QUESTION0 -1 -5.489e+04 8.399e+01 2.454e+02
s>                        ( - -5.292e+04 5 0)
s>                        ( - -1.890e+03 1 0))))
s>            ( QUESTION0_0_R 1 -1.338e+04 1.985e+02 6.054e+01
s>                ( - -2.596e+02 1 0)
s>                ( SILENCE -1 -1.292e+04 1.269e+02 5.854e+01
s>                    ( - -2.068e+03 1 0)
s>                    ( - -1.073e+04 4 0)))))INFO: dtree.c(1315): Comp split 22
INFO: dtree.c(1439): stop. leaf nodes are specific
INFO: dtree.c(1478): Final simple tree
|( QUESTION0_3_R 1 -3.318e+05 4.610e+02 1.467e+03
|    ( QUESTION15 -1 -3.315e+05 3.015e+02 1.466e+03
|        ( QUESTION19 -1 -2.463e+04 1.379e+02 1.116e+02
|            ( - -2.164e+04 1 0)
|            ( - -2.853e+03 1 0))
|        ( QUESTION2 -1 -3.066e+05 2.766e+02 1.355e+03
|            ( - -9.370e+02 1 0)
|            ( QUESTION0 -1 -3.054e+05 2.414e+02 1.350e+03
|                ( - -2.307e+05 5 0)
|                ( SILENCE -1 -7.449e+04 1.540e+02 3.282e+02
|                    ( - -5.134e+04 1 0)
|                    ( - -2.299e+04 3 0)))))
|    ( - 2.424e+02 1 0))
s>    ( QUESTION0_3_R 1 -3.318e+05 4.610e+02 1.467e+03
s>        ( QUESTION15 -1 -3.315e+05 3.015e+02 1.466e+03
s>            ( QUESTION19 -1 -2.463e+04 1.379e+02 1.116e+02
s>                ( - -2.164e+04 1 0)
s>                ( - -2.853e+03 1 0))
s>            ( QUESTION2 -1 -3.066e+05 2.766e+02 1.355e+03
s>                ( - -9.370e+02 1 0)
s>                ( QUESTION0 -1 -3.054e+05 2.414e+02 1.350e+03
s>                    ( - -2.307e+05 5 0)
s>                    ( SILENCE -1 -7.449e+04 1.540e+02 3.282e+02
s>                        ( - -5.134e+04 1 0)
s>                        ( - -2.299e+04 3 0)))))
s>        ( - 2.424e+02 1 0))INFO: dtree.c(1315): Comp split 23
INFO: dtree.c(1439): stop. leaf nodes are specific
INFO: dtree.c(1478): Final simple tree
|( QUESTION16 -1 -8.205e+04 2.762e+02 3.664e+02
|    ( - -3.175e+03 1 0)
|    ( SILENCE -1 -7.860e+04 2.570e+02 3.494e+02
|        ( - -2.523e+04 1 0)
|        ( QUESTION2_2_L -1 -5.311e+04 1.355e+02 2.391e+02
|            ( - -7.633e+02 1 0)
|            ( QUESTION0 -1 -5.221e+04 1.323e+02 2.351e+02
|                ( - -4.213e+04 5 0)
|                ( - -9.950e+03 1 0)))))
s>    ( QUESTION16 -1 -8.205e+04 2.762e+02 3.664e+02
s>        ( - -3.175e+03 1 0)
s>        ( SILENCE -1 -7.860e+04 2.570e+02 3.494e+02
s>            ( - -2.523e+04 1 0)
s>            ( QUESTION2_2_L -1 -5.311e+04 1.355e+02 2.391e+02
s>                ( - -7.633e+02 1 0)
s>                ( QUESTION0 -1 -5.221e+04 1.323e+02 2.351e+02
s>                    ( - -4.213e+04 5 0)
s>                    ( - -9.950e+03 1 0)))))INFO: dtree.c(1315): Comp split 24
INFO: dtree.c(1315): Comp split 25
INFO: dtree.c(1439): stop. leaf nodes are specific
INFO: dtree.c(1478): Final simple tree
|( QUESTION0_3_R 1 -1.018e+05 3.979e+02 4.504e+02
|    ( SILENCE -1 -8.804e+04 1.925e+02 3.898e+02
|        ( - -3.027e+04 1 0)
|        ( QUESTION13 -1 -5.757e+04 1.061e+02 2.577e+02
|            ( - -2.578e+03 1 0)
|            ( QUESTION0 -1 -5.489e+04 8.399e+01 2.454e+02
|                ( - -5.292e+04 5 0)
|                ( - -1.890e+03 1 0))))
|    ( QUESTION0_0_R 1 -1.338e+04 1.985e+02 6.054e+01
|        ( - -2.596e+02 1 0)
|        ( SILENCE -1 -1.292e+04 1.269e+02 5.854e+01
|            ( - -2.068e+03 1 0)
|            ( - -1.073e+04 4 0))))
s>    ( QUESTION0_3_R 1 -1.018e+05 3.979e+02 4.504e+02
s>        ( SILENCE -1 -8.804e+04 1.925e+02 3.898e+02
s>            ( - -3.027e+04 1 0)
s>            ( QUESTION13 -1 -5.757e+04 1.061e+02 2.577e+02
s>                ( - -2.578e+03 1 0)
s>                ( QUESTION0 -1 -5.489e+04 8.399e+01 2.454e+02
s>                    ( - -5.292e+04 5 0)
s>                    ( - -1.890e+03 1 0))))
s>        ( QUESTION0_0_R 1 -1.338e+04 1.985e+02 6.054e+01
s>            ( - -2.596e+02 1 0)
s>            ( SILENCE -1 -1.292e+04 1.269e+02 5.854e+01
s>                ( - -2.068e+03 1 0)
s>                ( - -1.073e+04 4 0))))INFO: dtree.c(1315): Comp split 26
INFO: dtree.c(1439): stop. leaf nodes are specific
INFO: dtree.c(1478): Final simple tree
|( QUESTION3 -1 -2.528e+04 4.593e+02 1.172e+02
|    ( - -2.506e+04 2 0)
|    ( - 2.418e+02 1 0))
s>    ( QUESTION3 -1 -2.528e+04 4.593e+02 1.172e+02
s>        ( - -2.506e+04 2 0)
s>        ( - 2.418e+02 1 0))INFO: dtree.c(1315): Comp split 27
INFO: dtree.c(1439): stop. leaf nodes are specific
INFO: dtree.c(1478): Final simple tree
|( QUESTION15 -1 -3.315e+05 3.015e+02 1.466e+03
|    ( QUESTION19 -1 -2.463e+04 1.379e+02 1.116e+02
|        ( - -2.164e+04 1 0)
|        ( - -2.853e+03 1 0))
|    ( QUESTION2 -1 -3.066e+05 2.766e+02 1.355e+03
|        ( - -9.370e+02 1 0)
|        ( QUESTION0 -1 -3.054e+05 2.414e+02 1.350e+03
|            ( - -2.307e+05 5 0)
|            ( SILENCE -1 -7.449e+04 1.540e+02 3.282e+02
|                ( - -5.134e+04 1 0)
|                ( - -2.299e+04 3 0)))))
s>    ( QUESTION15 -1 -3.315e+05 3.015e+02 1.466e+03
s>        ( QUESTION19 -1 -2.463e+04 1.379e+02 1.116e+02
s>            ( - -2.164e+04 1 0)
s>            ( - -2.853e+03 1 0))
s>        ( QUESTION2 -1 -3.066e+05 2.766e+02 1.355e+03
s>            ( - -9.370e+02 1 0)
s>            ( QUESTION0 -1 -3.054e+05 2.414e+02 1.350e+03
s>                ( - -2.307e+05 5 0)
s>                ( SILENCE -1 -7.449e+04 1.540e+02 3.282e+02
s>                    ( - -5.134e+04 1 0)
s>                    ( - -2.299e+04 3 0)))))INFO: dtree.c(1315): Comp split 28
INFO: dtree.c(1439): stop. leaf nodes are specific
INFO: dtree.c(1478): Final simple tree
|( QUESTION14 -1 -3.041e+05 1.825e+02 1.371e+03
|    ( - -2.180e+04 5 0)
|    ( QUESTION13 -1 -2.821e+05 1.616e+02 1.271e+03
|        ( QUESTION20 -1 -1.946e+04 1.417e+02 8.751e+01
|            ( - -7.671e+03 2 0)
|            ( QUESTION17 -1 -1.164e+04 1.164e+02 5.213e+01
|                ( - -2.789e+03 1 0)
|                ( QUESTION16 -1 -8.739e+03 1.255e+02 3.908e+01
|                    ( - -1.040e+03 1 0)
|                    ( - -7.573e+03 2 0))))
|        ( SILENCE 1 -2.625e+05 1.454e+02 1.183e+03
|            ( - -3.361e+02 1 0)
|            ( - -2.620e+05 10 0))))
s>    ( QUESTION14 -1 -3.041e+05 1.825e+02 1.371e+03
s>        ( - -2.180e+04 5 0)
s>        ( QUESTION13 -1 -2.821e+05 1.616e+02 1.271e+03
s>            ( QUESTION20 -1 -1.946e+04 1.417e+02 8.751e+01
s>                ( - -7.671e+03 2 0)
s>                ( QUESTION17 -1 -1.164e+04 1.164e+02 5.213e+01
s>                    ( - -2.789e+03 1 0)
s>                    ( QUESTION16 -1 -8.739e+03 1.255e+02 3.908e+01
s>                        ( - -1.040e+03 1 0)
s>                        ( - -7.573e+03 2 0))))
s>            ( SILENCE 1 -2.625e+05 1.454e+02 1.183e+03
s>                ( - -3.361e+02 1 0)
s>                ( - -2.620e+05 10 0))))INFO: dtree.c(1439): stop. leaf nodes are specific
INFO: dtree.c(1478): Final simple tree
|( QUESTION3 -1 -2.581e+04 2.312e+02 1.156e+02
|    ( - -1.002e+04 1 0)
|    ( QUESTION2 -1 -1.556e+04 1.606e+02 6.812e+01
|        ( - -3.031e+03 1 0)
|        ( SILENCE -1 -1.237e+04 1.220e+02 5.510e+01
|            ( - -4.587e+03 1 0)
|            ( - -7.662e+03 2 0))))
s>    ( QUESTION3 -1 -2.581e+04 2.312e+02 1.156e+02
s>        ( - -1.002e+04 1 0)
s>        ( QUESTION2 -1 -1.556e+04 1.606e+02 6.812e+01
s>            ( - -3.031e+03 1 0)
s>            ( SILENCE -1 -1.237e+04 1.220e+02 5.510e+01
s>                ( - -4.587e+03 1 0)
s>                ( - -7.662e+03 2 0))))INFO: dtree.c(1315): Comp split 29
INFO: dtree.c(1315): Comp split 30
INFO: dtree.c(1478): Final simple tree
|( QUESTION0_10_R 1 -6.468e+04 3.156e+02 2.979e+02
|    ( QUESTION2 1 -3.143e+04 1.880e+02 1.460e+02
|        ( QUESTION0 -1 -1.272e+04 1.435e+02 5.900e+01
|            ( - -8.284e+03 5 0 QUESTION0_13_R 1 1.330e+02 3.800e+01)
|            ( - -4.291e+03 3 0 QUESTION0_13_R 1 1.158e+02 2.100e+01))
|        ( - -1.852e+04 4 0 QUESTION0_11_R 1 1.381e+02 8.698e+01))
|    ( QUESTION13 -1 -3.294e+04 2.929e+02 1.520e+02
|        ( QUESTION18 -1 -1.057e+04 2.031e+02 4.900e+01
|            ( - -1.096e+03 1 0)
|            ( QUESTION14 -1 -9.272e+03 1.622e+02 4.300e+01
|                ( - -1.656e+03 2 0)
|                ( - -7.454e+03 1 0)))
|        ( QUESTION0 -1 -2.207e+04 1.628e+02 1.030e+02
|            ( - -1.730e+04 2 0)
|            ( - -4.613e+03 2 0 SILENCE -1 9.195e+01 2.004e+01))))
s>    ( QUESTION0_10_R 1 -6.468e+04 3.156e+02 2.979e+02
s>        ( QUESTION2 1 -3.143e+04 1.880e+02 1.460e+02
s>            ( QUESTION0 -1 -1.272e+04 1.435e+02 5.900e+01
s>                ( - -8.284e+03 5 0 QUESTION0_13_R 1 1.330e+02 3.800e+01)
s>                ( - -4.291e+03 3 0 QUESTION0_13_R 1 1.158e+02 2.100e+01))
s>            ( - -1.852e+04 4 0 QUESTION0_11_R 1 1.381e+02 8.698e+01))
s>        ( QUESTION13 -1 -3.294e+04 2.929e+02 1.520e+02
s>            ( QUESTION18 -1 -1.057e+04 2.031e+02 4.900e+01
s>                ( - -1.096e+03 1 0)
s>                ( QUESTION14 -1 -9.272e+03 1.622e+02 4.300e+01
s>                    ( - -1.656e+03 2 0)
s>                    ( - -7.454e+03 1 0)))
s>            ( QUESTION0 -1 -2.207e+04 1.628e+02 1.030e+02
s>                ( - -1.730e+04 2 0)
s>                ( - -4.613e+03 2 0 SILENCE -1 9.195e+01 2.004e+01))))INFO: dtree.c(1315): Comp split 31
INFO: dtree.c(1439): stop. leaf nodes are specific
INFO: dtree.c(1478): Final simple tree
|( SILENCE -1 -8.804e+04 1.925e+02 3.898e+02
|    ( - -3.027e+04 1 0)
|    ( QUESTION13 -1 -5.757e+04 1.061e+02 2.577e+02
|        ( - -2.578e+03 1 0)
|        ( QUESTION0 -1 -5.489e+04 8.399e+01 2.454e+02
|            ( - -5.292e+04 5 0)
|            ( - -1.890e+03 1 0))))
s>    ( SILENCE -1 -8.804e+04 1.925e+02 3.898e+02
s>        ( - -3.027e+04 1 0)
s>        ( QUESTION13 -1 -5.757e+04 1.061e+02 2.577e+02
s>            ( - -2.578e+03 1 0)
s>            ( QUESTION0 -1 -5.489e+04 8.399e+01 2.454e+02
s>                ( - -5.292e+04 5 0)
s>                ( - -1.890e+03 1 0))))INFO: dtree.c(1439): stop. leaf nodes are specific
INFO: dtree.c(1478): Final simple tree
|( QUESTION0_0_R 1 -1.338e+04 1.985e+02 6.054e+01
|    ( - -2.596e+02 1 0)
|    ( SILENCE -1 -1.292e+04 1.269e+02 5.854e+01
|        ( - -2.068e+03 1 0)
|        ( - -1.073e+04 4 0)))
s>    ( QUESTION0_0_R 1 -1.338e+04 1.985e+02 6.054e+01
s>        ( - -2.596e+02 1 0)
s>        ( SILENCE -1 -1.292e+04 1.269e+02 5.854e+01
s>            ( - -2.068e+03 1 0)
s>            ( - -1.073e+04 4 0)))INFO: dtree.c(1315): Comp split 32
INFO: dtree.c(1439): stop. leaf nodes are specific
INFO: dtree.c(1478): Final simple tree
|( SILENCE -1 -3.753e+04 2.246e+02 1.652e+02
|    ( - -2.084e+04 2 0)
|    ( - -1.646e+04 6 0))
s>    ( SILENCE -1 -3.753e+04 2.246e+02 1.652e+02
s>        ( - -2.084e+04 2 0)
s>        ( - -1.646e+04 6 0))INFO: dtree.c(1315): Comp split 33
INFO: dtree.c(1439): stop. leaf nodes are specific
INFO: dtree.c(1478): Final simple tree
|( QUESTION2_0_L -1 -7.022e+05 1.763e+02 3.133e+03
|    ( - -6.227e+05 10 0)
|    ( QUESTION0 -1 -7.933e+04 9.466e+01 3.581e+02
|        ( - -1.817e+03 1 0)
|        ( - -7.741e+04 7 0)))
s>    ( QUESTION2_0_L -1 -7.022e+05 1.763e+02 3.133e+03
s>        ( - -6.227e+05 10 0)
s>        ( QUESTION0 -1 -7.933e+04 9.466e+01 3.581e+02
s>            ( - -1.817e+03 1 0)
s>            ( - -7.741e+04 7 0)))INFO: dtree.c(1439): stop. leaf nodes are specific
INFO: dtree.c(1478): Final simple tree
|( QUESTION19 -1 -1.174e+05 1.233e+02 5.340e+02
|    ( - -5.372e+04 2 0)
|    ( - -6.359e+04 3 0))
s>    ( QUESTION19 -1 -1.174e+05 1.233e+02 5.340e+02
s>        ( - -5.372e+04 2 0)
s>        ( - -6.359e+04 3 0))INFO: dtree.c(1315): Comp split 34
INFO: dtree.c(1439): stop. leaf nodes are specific
INFO: dtree.c(1478): Final simple tree
|( QUESTION13 -1 -3.163e+04 2.846e+02 1.460e+02
|    ( QUESTION14 -1 -9.272e+03 1.622e+02 4.300e+01
|        ( - -1.656e+03 2 0)
|        ( - -7.454e+03 1 0))
|    ( QUESTION0 -1 -2.207e+04 1.628e+02 1.030e+02
|        ( - -1.730e+04 2 0)
|        ( SILENCE -1 -4.613e+03 9.195e+01 2.004e+01
|            ( - -2.161e+03 1 0)
|            ( - -2.360e+03 1 0))))
s>    ( QUESTION13 -1 -3.163e+04 2.846e+02 1.460e+02
s>        ( QUESTION14 -1 -9.272e+03 1.622e+02 4.300e+01
s>            ( - -1.656e+03 2 0)
s>            ( - -7.454e+03 1 0))
s>        ( QUESTION0 -1 -2.207e+04 1.628e+02 1.030e+02
s>            ( - -1.730e+04 2 0)
s>            ( SILENCE -1 -4.613e+03 9.195e+01 2.004e+01
s>                ( - -2.161e+03 1 0)
s>                ( - -2.360e+03 1 0))))INFO: dtree.c(1478): Final simple tree
|( QUESTION4 1 -3.271e+04 1.956e+02 1.520e+02
|    ( QUESTION0 -1 -1.272e+04 1.435e+02 5.900e+01
|        ( QUESTION0_13_R 1 -8.284e+03 1.330e+02 3.800e+01
|            ( - -4.296e+03 3 0)
|            ( - -3.855e+03 2 0))
|        ( QUESTION0_13_R 1 -4.291e+03 1.158e+02 2.100e+01
|            ( - -2.794e+03 2 0 SILENCE -1 8.902e+01 1.400e+01)
|            ( - -1.381e+03 1 0)))
|    ( QUESTION0_10_R 1 -1.980e+04 1.782e+02 9.298e+01
|        ( QUESTION0_11_R 1 -1.852e+04 1.381e+02 8.698e+01
|            ( - -4.191e+03 1 0)
|            ( SILENCE -1 -1.419e+04 1.367e+02 6.598e+01
|                ( - -3.705e+03 1 0)
|                ( - -1.035e+04 2 0)))
|        ( - -1.096e+03 1 0)))
s>    ( QUESTION4 1 -3.271e+04 1.956e+02 1.520e+02
s>        ( QUESTION0 -1 -1.272e+04 1.435e+02 5.900e+01
s>            ( QUESTION0_13_R 1 -8.284e+03 1.330e+02 3.800e+01
s>                ( - -4.296e+03 3 0)
s>                ( - -3.855e+03 2 0))
s>            ( QUESTION0_13_R 1 -4.291e+03 1.158e+02 2.100e+01
s>                ( - -2.794e+03 2 0 SILENCE -1 8.902e+01 1.400e+01)
s>                ( - -1.381e+03 1 0)))
s>        ( QUESTION0_10_R 1 -1.980e+04 1.782e+02 9.298e+01
s>            ( QUESTION0_11_R 1 -1.852e+04 1.381e+02 8.698e+01
s>                ( - -4.191e+03 1 0)
s>                ( SILENCE -1 -1.419e+04 1.367e+02 6.598e+01
s>                    ( - -3.705e+03 1 0)
s>                    ( - -1.035e+04 2 0)))
s>            ( - -1.096e+03 1 0)))INFO: dtree.c(1315): Comp split 35
INFO: dtree.c(1439): stop. leaf nodes are specific
INFO: dtree.c(1478): Final simple tree
|( QUESTION0_16_R 1 -5.437e+03 2.079e+02 2.600e+01
|    ( - -6.890e+02 1 0)
|    ( - -4.540e+03 2 0))
s>    ( QUESTION0_16_R 1 -5.437e+03 2.079e+02 2.600e+01
s>        ( - -6.890e+02 1 0)
s>        ( - -4.540e+03 2 0))INFO: dtree.c(1315): Comp split 36
INFO: dtree.c(1439): stop. leaf nodes are specific
INFO: dtree.c(1478): Final simple tree
|( QUESTION2 -1 -3.066e+05 2.766e+02 1.355e+03
|    ( - -9.370e+02 1 0)
|    ( QUESTION0 -1 -3.054e+05 2.414e+02 1.350e+03
|        ( - -2.307e+05 5 0)
|        ( SILENCE -1 -7.449e+04 1.540e+02 3.282e+02
|            ( - -5.134e+04 1 0)
|            ( - -2.299e+04 3 0))))
s>    ( QUESTION2 -1 -3.066e+05 2.766e+02 1.355e+03
s>        ( - -9.370e+02 1 0)
s>        ( QUESTION0 -1 -3.054e+05 2.414e+02 1.350e+03
s>            ( - -2.307e+05 5 0)
s>            ( SILENCE -1 -7.449e+04 1.540e+02 3.282e+02
s>                ( - -5.134e+04 1 0)
s>                ( - -2.299e+04 3 0))))INFO: dtree.c(1439): stop. leaf nodes are specific
INFO: dtree.c(1478): Final simple tree
|( QUESTION19 -1 -2.463e+04 1.379e+02 1.116e+02
|    ( - -2.164e+04 1 0)
|    ( - -2.853e+03 1 0))
s>    ( QUESTION19 -1 -2.463e+04 1.379e+02 1.116e+02
s>        ( - -2.164e+04 1 0)
s>        ( - -2.853e+03 1 0))INFO: dtree.c(1315): Comp split 37
INFO: dtree.c(1439): stop. leaf nodes are specific
INFO: dtree.c(1478): Final simple tree
|( QUESTION16 -1 -7.940e+04 1.289e+02 3.393e+02
|    ( - -1.223e+04 2 0)
|    ( - -6.704e+04 1 0))
s>    ( QUESTION16 -1 -7.940e+04 1.289e+02 3.393e+02
s>        ( - -1.223e+04 2 0)
s>        ( - -6.704e+04 1 0))INFO: dtree.c(1315): Comp split 38
INFO: dtree.c(1439): stop. leaf nodes are specific
INFO: dtree.c(1478): Final simple tree
|( QUESTION0 -1 -2.207e+04 1.628e+02 1.030e+02
|    ( - -1.730e+04 2 0)
|    ( SILENCE -1 -4.613e+03 9.195e+01 2.004e+01
|        ( - -2.161e+03 1 0)
|        ( - -2.360e+03 1 0)))
s>    ( QUESTION0 -1 -2.207e+04 1.628e+02 1.030e+02
s>        ( - -1.730e+04 2 0)
s>        ( SILENCE -1 -4.613e+03 9.195e+01 2.004e+01
s>            ( - -2.161e+03 1 0)
s>            ( - -2.360e+03 1 0)))INFO: dtree.c(1439): stop. leaf nodes are specific
INFO: dtree.c(1478): Final simple tree
|( QUESTION14 -1 -9.272e+03 1.622e+02 4.300e+01
|    ( - -1.656e+03 2 0)
|    ( - -7.454e+03 1 0))
s>    ( QUESTION14 -1 -9.272e+03 1.622e+02 4.300e+01
s>        ( - -1.656e+03 2 0)
s>        ( - -7.454e+03 1 0))INFO: dtree.c(1315): Comp split 39
INFO: dtree.c(1439): stop. leaf nodes are specific
INFO: dtree.c(1478): Final simple tree
|( QUESTION0 -1 -1.321e+06 2.338e+02 5.813e+03
|    ( QUESTION2_0_L -1 -1.052e+06 9.840e+01 4.626e+03
|        ( - -1.049e+06 26 0)
|        ( - -2.363e+03 1 0))
|    ( QUESTION14 -1 -2.691e+05 1.780e+02 1.187e+03
|        ( - -1.508e+05 14 0)
|        ( QUESTION18 -1 -1.182e+05 1.697e+02 5.205e+02
|            ( - -9.508e+04 5 0)
|            ( QUESTION17 -1 -2.292e+04 9.527e+01 1.016e+02
|                ( - -1.902e+04 5 0)
|                ( QUESTION2 -1 -3.805e+03 1.075e+02 1.700e+01
|                    ( - -1.968e+03 1 0)
|                    ( - -1.730e+03 1 0))))))
s>    ( QUESTION0 -1 -1.321e+06 2.338e+02 5.813e+03
s>        ( QUESTION2_0_L -1 -1.052e+06 9.840e+01 4.626e+03
s>            ( - -1.049e+06 26 0)
s>            ( - -2.363e+03 1 0))
s>        ( QUESTION14 -1 -2.691e+05 1.780e+02 1.187e+03
s>            ( - -1.508e+05 14 0)
s>            ( QUESTION18 -1 -1.182e+05 1.697e+02 5.205e+02
s>                ( - -9.508e+04 5 0)
s>                ( QUESTION17 -1 -2.292e+04 9.527e+01 1.016e+02
s>                    ( - -1.902e+04 5 0)
s>                    ( QUESTION2 -1 -3.805e+03 1.075e+02 1.700e+01
s>                        ( - -1.968e+03 1 0)
s>                        ( - -1.730e+03 1 0))))))INFO: dtree.c(1439): stop. leaf nodes are specific
INFO: dtree.c(1478): Final simple tree
|( QUESTION0 -1 -4.793e+04 1.702e+02 2.131e+02
|    ( - -7.928e+03 4 0)
|    ( QUESTION2 -1 -3.983e+04 1.377e+02 1.761e+02
|        ( - -2.939e+03 2 0)
|        ( - -3.676e+04 6 0)))
s>    ( QUESTION0 -1 -4.793e+04 1.702e+02 2.131e+02
s>        ( - -7.928e+03 4 0)
s>        ( QUESTION2 -1 -3.983e+04 1.377e+02 1.761e+02
s>            ( - -2.939e+03 2 0)
s>            ( - -3.676e+04 6 0)))INFO: dtree.c(1315): Comp split 40
INFO: dtree.c(1439): stop. leaf nodes are specific
INFO: dtree.c(1478): Final simple tree
|( QUESTION0 -1 -3.054e+05 2.414e+02 1.350e+03
|    ( - -2.307e+05 5 0)
|    ( SILENCE -1 -7.449e+04 1.540e+02 3.282e+02
|        ( - -5.134e+04 1 0)
|        ( - -2.299e+04 3 0)))
s>    ( QUESTION0 -1 -3.054e+05 2.414e+02 1.350e+03
s>        ( - -2.307e+05 5 0)
s>        ( SILENCE -1 -7.449e+04 1.540e+02 3.282e+02
s>            ( - -5.134e+04 1 0)
s>            ( - -2.299e+04 3 0)))INFO: dtree.c(1315): Comp split 41
INFO: dtree.c(1439): stop. leaf nodes are specific
INFO: dtree.c(1478): Final simple tree
|( SILENCE -1 -7.860e+04 2.570e+02 3.494e+02
|    ( - -2.523e+04 1 0)
|    ( QUESTION2_2_L -1 -5.311e+04 1.355e+02 2.391e+02
|        ( - -7.633e+02 1 0)
|        ( QUESTION0 -1 -5.221e+04 1.323e+02 2.351e+02
|            ( - -4.213e+04 5 0)
|            ( - -9.950e+03 1 0))))
s>    ( SILENCE -1 -7.860e+04 2.570e+02 3.494e+02
s>        ( - -2.523e+04 1 0)
s>        ( QUESTION2_2_L -1 -5.311e+04 1.355e+02 2.391e+02
s>            ( - -7.633e+02 1 0)
s>            ( QUESTION0 -1 -5.221e+04 1.323e+02 2.351e+02
s>                ( - -4.213e+04 5 0)
s>                ( - -9.950e+03 1 0))))INFO: dtree.c(1315): Comp split 42
INFO: dtree.c(1439): stop. leaf nodes are specific
INFO: dtree.c(1478): Final simple tree
|( QUESTION0 -1 -5.221e+04 1.323e+02 2.351e+02
|    ( - -4.213e+04 5 0)
|    ( - -9.950e+03 1 0))
s>    ( QUESTION0 -1 -5.221e+04 1.323e+02 2.351e+02
s>        ( - -4.213e+04 5 0)
s>        ( - -9.950e+03 1 0))INFO: dtree.c(1439): stop. leaf nodes are specific
INFO: dtree.c(1478): Final simple tree
|( SILENCE -1 -2.613e+04 1.342e+02 1.143e+02
|    ( - -2.523e+04 1 0)
|    ( - -7.633e+02 1 0))
s>    ( SILENCE -1 -2.613e+04 1.342e+02 1.143e+02
s>        ( - -2.523e+04 1 0)
s>        ( - -7.633e+02 1 0))INFO: dtree.c(1315): Comp split 43
INFO: dtree.c(1439): stop. leaf nodes are specific
INFO: dtree.c(1478): Final simple tree
|( QUESTION2_4_L -1 -1.255e+06 1.638e+02 5.393e+03
|    ( - -6.506e+03 1 0)
|    ( QUESTION2_0_L -1 -1.248e+06 1.233e+02 5.363e+03
|        ( - -1.245e+06 5 0)
|        ( - -2.880e+03 1 0)))
s>    ( QUESTION2_4_L -1 -1.255e+06 1.638e+02 5.393e+03
s>        ( - -6.506e+03 1 0)
s>        ( QUESTION2_0_L -1 -1.248e+06 1.233e+02 5.363e+03
s>            ( - -1.245e+06 5 0)
s>            ( - -2.880e+03 1 0)))INFO: dtree.c(1315): Comp split 44
INFO: dtree.c(1439): stop. leaf nodes are specific
INFO: dtree.c(1478): Final simple tree
|( QUESTION17 -1 -2.785e+05 1.193e+02 1.242e+03
|    ( - -4.200e+03 1 0)
|    ( QUESTION16 -1 -2.742e+05 2.034e+02 1.222e+03
|        ( - -2.151e+02 1 0)
|        ( QUESTION2_2_L -1 -2.738e+05 1.183e+02 1.220e+03
|            ( - -1.491e+03 1 0)
|            ( QUESTION0 -1 -2.722e+05 1.078e+02 1.213e+03
|                ( - -2.677e+05 5 0)
|                ( - -4.398e+03 1 0)))))
s>    ( QUESTION17 -1 -2.785e+05 1.193e+02 1.242e+03
s>        ( - -4.200e+03 1 0)
s>        ( QUESTION16 -1 -2.742e+05 2.034e+02 1.222e+03
s>            ( - -2.151e+02 1 0)
s>            ( QUESTION2_2_L -1 -2.738e+05 1.183e+02 1.220e+03
s>                ( - -1.491e+03 1 0)
s>                ( QUESTION0 -1 -2.722e+05 1.078e+02 1.213e+03
s>                    ( - -2.677e+05 5 0)
s>                    ( - -4.398e+03 1 0)))))INFO: dtree.c(1439): stop. leaf nodes are specific
INFO: dtree.c(1478): Final simple tree
|( QUESTION14 -1 -5.771e+04 1.544e+02 2.614e+02
|    ( - -3.934e+04 2 0)
|    ( - -1.822e+04 1 0))
s>    ( QUESTION14 -1 -5.771e+04 1.544e+02 2.614e+02
s>        ( - -3.934e+04 2 0)
s>        ( - -1.822e+04 1 0))INFO: dtree.c(1315): Comp split 45
INFO: dtree.c(1439): stop. leaf nodes are specific
INFO: dtree.c(1478): Final simple tree
|( SILENCE -1 -7.449e+04 1.540e+02 3.282e+02
|    ( - -5.134e+04 1 0)
|    ( - -2.299e+04 3 0))
s>    ( SILENCE -1 -7.449e+04 1.540e+02 3.282e+02
s>        ( - -5.134e+04 1 0)
s>        ( - -2.299e+04 3 0))INFO: dtree.c(1315): Comp split 46
INFO: dtree.c(1439): stop. leaf nodes are specific
INFO: dtree.c(1478): Final simple tree
|( QUESTION14 -1 -2.684e+05 2.065e+02 1.201e+03
|    ( - -1.802e+04 2 0)
|    ( QUESTION20 -1 -2.502e+05 1.880e+02 1.117e+03
|        ( - -5.243e+03 2 0)
|        ( QUESTION0 -1 -2.447e+05 1.589e+02 1.093e+03
|            ( QUESTION17 1 -2.256e+05 1.329e+02 1.008e+03
|                ( QUESTION2_0_L -1 -5.635e+04 1.066e+02 2.503e+02
|                    ( - -5.308e+04 9 0)
|                    ( - -3.165e+03 2 0))
|                ( QUESTION2_0_L -1 -1.691e+05 1.121e+02 7.578e+02
|                    ( - -1.668e+05 5 0)
|                    ( - -2.195e+03 1 0)))
|            ( - -1.901e+04 1 0))))
s>    ( QUESTION14 -1 -2.684e+05 2.065e+02 1.201e+03
s>        ( - -1.802e+04 2 0)
s>        ( QUESTION20 -1 -2.502e+05 1.880e+02 1.117e+03
s>            ( - -5.243e+03 2 0)
s>            ( QUESTION0 -1 -2.447e+05 1.589e+02 1.093e+03
s>                ( QUESTION17 1 -2.256e+05 1.329e+02 1.008e+03
s>                    ( QUESTION2_0_L -1 -5.635e+04 1.066e+02 2.503e+02
s>                        ( - -5.308e+04 9 0)
s>                        ( - -3.165e+03 2 0))
s>                    ( QUESTION2_0_L -1 -1.691e+05 1.121e+02 7.578e+02
s>                        ( - -1.668e+05 5 0)
s>                        ( - -2.195e+03 1 0)))
s>                ( - -1.901e+04 1 0))))INFO: dtree.c(1439): stop. leaf nodes are specific
INFO: dtree.c(1478): Final simple tree
|( QUESTION2 -1 -1.649e+04 1.408e+02 7.622e+01
|    ( QUESTION5 -1 -2.904e+03 1.029e+02 1.397e+01
|        ( - -1.189e+03 1 0)
|        ( - -1.612e+03 1 0))
|    ( QUESTION17 -1 -1.344e+04 6.060e+01 6.224e+01
|        ( - -1.167e+04 3 0)
|        ( - -1.718e+03 1 0)))
s>    ( QUESTION2 -1 -1.649e+04 1.408e+02 7.622e+01
s>        ( QUESTION5 -1 -2.904e+03 1.029e+02 1.397e+01
s>            ( - -1.189e+03 1 0)
s>            ( - -1.612e+03 1 0))
s>        ( QUESTION17 -1 -1.344e+04 6.060e+01 6.224e+01
s>            ( - -1.167e+04 3 0)
s>            ( - -1.718e+03 1 0)))INFO: dtree.c(1315): Comp split 47
INFO: dtree.c(1439): stop. leaf nodes are specific
INFO: dtree.c(1478): Final simple tree
|( QUESTION0 -1 -1.053e+06 1.249e+02 4.634e+03
|    ( QUESTION2_0_L -1 -1.052e+06 9.840e+01 4.626e+03
|        ( - -1.049e+06 26 0)
|        ( - -2.363e+03 1 0))
|    ( - -1.730e+03 1 0))
s>    ( QUESTION0 -1 -1.053e+06 1.249e+02 4.634e+03
s>        ( QUESTION2_0_L -1 -1.052e+06 9.840e+01 4.626e+03
s>            ( - -1.049e+06 26 0)
s>            ( - -2.363e+03 1 0))
s>        ( - -1.730e+03 1 0))INFO: dtree.c(1439): stop. leaf nodes are specific
INFO: dtree.c(1478): Final simple tree
|( QUESTION15 -1 -2.673e+05 1.816e+02 1.179e+03
|    ( QUESTION16 -1 -1.142e+05 1.305e+02 5.035e+02
|        ( - -1.902e+04 5 0)
|        ( - -9.508e+04 5 0))
|    ( QUESTION2 -1 -1.529e+05 1.096e+02 6.758e+02
|        ( - -1.968e+03 1 0)
|        ( - -1.508e+05 14 0)))
s>    ( QUESTION15 -1 -2.673e+05 1.816e+02 1.179e+03
s>        ( QUESTION16 -1 -1.142e+05 1.305e+02 5.035e+02
s>            ( - -1.902e+04 5 0)
s>            ( - -9.508e+04 5 0))
s>        ( QUESTION2 -1 -1.529e+05 1.096e+02 6.758e+02
s>            ( - -1.968e+03 1 0)
s>            ( - -1.508e+05 14 0)))INFO: dtree.c(1315): Comp split 48
INFO: dtree.c(1439): stop. leaf nodes are specific
INFO: dtree.c(1478): Final simple tree
|( QUESTION2 -1 -1.556e+04 1.606e+02 6.812e+01
|    ( - -3.031e+03 1 0)
|    ( SILENCE -1 -1.237e+04 1.220e+02 5.510e+01
|        ( - -4.587e+03 1 0)
|        ( - -7.662e+03 2 0)))
s>    ( QUESTION2 -1 -1.556e+04 1.606e+02 6.812e+01
s>        ( - -3.031e+03 1 0)
s>        ( SILENCE -1 -1.237e+04 1.220e+02 5.510e+01
s>            ( - -4.587e+03 1 0)
s>            ( - -7.662e+03 2 0)))INFO: dtree.c(1315): Comp split 49
INFO: dtree.c(1315): Comp split 50
INFO: dtree.c(1439): stop. leaf nodes are specific
INFO: dtree.c(1478): Final simple tree
|( QUESTION0 -1 -2.424e+05 1.584e+02 1.082e+03
|    ( QUESTION17 1 -2.233e+05 1.295e+02 9.971e+02
|        ( QUESTION2_0_L -1 -5.635e+04 1.066e+02 2.503e+02
|            ( - -5.308e+04 9 0)
|            ( - -3.165e+03 2 0))
|        ( - -1.668e+05 5 0))
|    ( - -1.901e+04 1 0))
s>    ( QUESTION0 -1 -2.424e+05 1.584e+02 1.082e+03
s>        ( QUESTION17 1 -2.233e+05 1.295e+02 9.971e+02
s>            ( QUESTION2_0_L -1 -5.635e+04 1.066e+02 2.503e+02
s>                ( - -5.308e+04 9 0)
s>                ( - -3.165e+03 2 0))
s>            ( - -1.668e+05 5 0))
s>        ( - -1.901e+04 1 0))INFO: dtree.c(1439): stop. leaf nodes are specific
INFO: dtree.c(1478): Final simple tree
|( QUESTION15 -1 -2.575e+04 1.872e+02 1.197e+02
|    ( - -5.243e+03 2 0)
|    ( QUESTION0 -1 -2.032e+04 1.022e+02 9.494e+01
|        ( - -2.195e+03 1 0)
|        ( - -1.802e+04 2 0)))
s>    ( QUESTION15 -1 -2.575e+04 1.872e+02 1.197e+02
s>        ( - -5.243e+03 2 0)
s>        ( QUESTION0 -1 -2.032e+04 1.022e+02 9.494e+01
s>            ( - -2.195e+03 1 0)
s>            ( - -1.802e+04 2 0)))INFO: dtree.c(1315): Comp split 51
INFO: dtree.c(1439): stop. leaf nodes are specific
INFO: dtree.c(1478): Final simple tree
|( SILENCE 1 -2.702e+05 1.454e+02 1.218e+03
|    ( - -3.361e+02 1 0)
|    ( QUESTION0 -1 -2.697e+05 1.358e+02 1.216e+03
|        ( - -2.620e+05 10 0)
|        ( - -7.573e+03 2 0)))
s>    ( SILENCE 1 -2.702e+05 1.454e+02 1.218e+03
s>        ( - -3.361e+02 1 0)
s>        ( QUESTION0 -1 -2.697e+05 1.358e+02 1.216e+03
s>            ( - -2.620e+05 10 0)
s>            ( - -7.573e+03 2 0)))INFO: dtree.c(1439): stop. leaf nodes are specific
INFO: dtree.c(1478): Final simple tree
|( QUESTION16 -1 -3.367e+04 1.291e+02 1.534e+02
|    ( QUESTION17 -1 -3.955e+03 1.256e+02 1.805e+01
|        ( - -2.789e+03 1 0)
|        ( - -1.040e+03 1 0))
|    ( QUESTION14 -1 -2.959e+04 1.192e+02 1.353e+02
|        ( - -2.180e+04 5 0)
|        ( - -7.671e+03 2 0)))
s>    ( QUESTION16 -1 -3.367e+04 1.291e+02 1.534e+02
s>        ( QUESTION17 -1 -3.955e+03 1.256e+02 1.805e+01
s>            ( - -2.789e+03 1 0)
s>            ( - -1.040e+03 1 0))
s>        ( QUESTION14 -1 -2.959e+04 1.192e+02 1.353e+02
s>            ( - -2.180e+04 5 0)
s>            ( - -7.671e+03 2 0)))INFO: dtree.c(1315): Comp split 52
INFO: dtree.c(1439): stop. leaf nodes are specific
INFO: dtree.c(1478): Final simple tree
|( QUESTION2 1 -1.869e+04 1.539e+02 8.800e+01
|    ( - -3.855e+03 2 0)
|    ( QUESTION0_11_R 1 -1.468e+04 1.374e+02 7.000e+01
|        ( - -4.191e+03 1 0)
|        ( - -1.035e+04 2 0)))
s>    ( QUESTION2 1 -1.869e+04 1.539e+02 8.800e+01
s>        ( - -3.855e+03 2 0)
s>        ( QUESTION0_11_R 1 -1.468e+04 1.374e+02 7.000e+01
s>            ( - -4.191e+03 1 0)
s>            ( - -1.035e+04 2 0)))INFO: dtree.c(1439): stop. leaf nodes are specific
INFO: dtree.c(1478): Final simple tree
|( QUESTION0_10_R 1 -1.381e+04 1.856e+02 6.398e+01
|    ( QUESTION10 1 -1.252e+04 1.299e+02 5.798e+01
|        ( - -1.381e+03 1 0)
|        ( QUESTION0 -1 -1.101e+04 1.156e+02 5.098e+01
|            ( - -4.296e+03 3 0)
|            ( SILENCE -1 -6.602e+03 1.074e+02 3.098e+01
|                ( QUESTION0_13_R 1 -5.405e+03 8.443e+01 2.498e+01
|                    ( - -1.615e+03 1 0)
|                    ( - -3.705e+03 1 0))
|                ( - -1.090e+03 1 0))))
|    ( - -1.096e+03 1 0))
s>    ( QUESTION0_10_R 1 -1.381e+04 1.856e+02 6.398e+01
s>        ( QUESTION10 1 -1.252e+04 1.299e+02 5.798e+01
s>            ( - -1.381e+03 1 0)
s>            ( QUESTION0 -1 -1.101e+04 1.156e+02 5.098e+01
s>                ( - -4.296e+03 3 0)
s>                ( SILENCE -1 -6.602e+03 1.074e+02 3.098e+01
s>                    ( QUESTION0_13_R 1 -5.405e+03 8.443e+01 2.498e+01
s>                        ( - -1.615e+03 1 0)
s>                        ( - -3.705e+03 1 0))
s>                    ( - -1.090e+03 1 0))))
s>        ( - -1.096e+03 1 0))INFO: dtree.c(1315): Comp split 53
INFO: dtree.c(1315): Comp split 54
INFO: dtree.c(1439): stop. leaf nodes are specific
INFO: dtree.c(1478): Final simple tree
|( QUESTION0 -1 -5.560e+04 1.046e+02 2.498e+02
|    ( - -5.292e+04 5 0)
|    ( - -2.578e+03 1 0))
s>    ( QUESTION0 -1 -5.560e+04 1.046e+02 2.498e+02
s>        ( - -5.292e+04 5 0)
s>        ( - -2.578e+03 1 0))INFO: dtree.c(1439): stop. leaf nodes are specific
INFO: dtree.c(1478): Final simple tree
|( SILENCE -1 -3.223e+04 7.391e+01 1.401e+02
|    ( - -3.027e+04 1 0)
|    ( - -1.890e+03 1 0))
s>    ( SILENCE -1 -3.223e+04 7.391e+01 1.401e+02
s>        ( - -3.027e+04 1 0)
s>        ( - -1.890e+03 1 0))INFO: dtree.c(1315): Comp split 55
INFO: dtree.c(1439): stop. leaf nodes are specific
INFO: dtree.c(1478): Final simple tree
|( QUESTION16 -1 -2.781e+05 1.192e+02 1.240e+03
|    ( - -4.200e+03 1 0)
|    ( QUESTION2_2_L -1 -2.738e+05 1.183e+02 1.220e+03
|        ( - -1.491e+03 1 0)
|        ( QUESTION0 -1 -2.722e+05 1.078e+02 1.213e+03
|            ( - -2.677e+05 5 0)
|            ( - -4.398e+03 1 0))))
s>    ( QUESTION16 -1 -2.781e+05 1.192e+02 1.240e+03
s>        ( - -4.200e+03 1 0)
s>        ( QUESTION2_2_L -1 -2.738e+05 1.183e+02 1.220e+03
s>            ( - -1.491e+03 1 0)
s>            ( QUESTION0 -1 -2.722e+05 1.078e+02 1.213e+03
s>                ( - -2.677e+05 5 0)
s>                ( - -4.398e+03 1 0))))INFO: dtree.c(1315): Comp split 56
INFO: dtree.c(1439): stop. leaf nodes are specific
INFO: dtree.c(1478): Final simple tree
|( SILENCE -1 -1.292e+04 1.269e+02 5.854e+01
|    ( - -2.068e+03 1 0)
|    ( - -1.073e+04 4 0))
s>    ( SILENCE -1 -1.292e+04 1.269e+02 5.854e+01
s>        ( - -2.068e+03 1 0)
s>        ( - -1.073e+04 4 0))INFO: dtree.c(1315): Comp split 57
INFO: dtree.c(1439): stop. leaf nodes are specific
INFO: dtree.c(1478): Final simple tree
|( QUESTION2 -1 -6.262e+03 9.516e+01 2.967e+01
|    ( - -1.371e+03 1 0)
|    ( - -4.796e+03 2 0))
s>    ( QUESTION2 -1 -6.262e+03 9.516e+01 2.967e+01
s>        ( - -1.371e+03 1 0)
s>        ( - -4.796e+03 2 0))INFO: dtree.c(1439): stop. leaf nodes are specific
INFO: dtree.c(1478): Final simple tree
|( SILENCE -1 -2.465e+04 1.503e+02 1.125e+02
|    ( - -1.166e+04 1 0)
|    ( - -1.284e+04 3 0))
s>    ( SILENCE -1 -2.465e+04 1.503e+02 1.125e+02
s>        ( - -1.166e+04 1 0)
s>        ( - -1.284e+04 3 0))INFO: dtree.c(1315): Comp split 58
INFO: dtree.c(1439): stop. leaf nodes are specific
INFO: dtree.c(1478): Final simple tree
|( QUESTION17 1 -7.845e+04 1.562e+02 3.513e+02
|    ( - -1.822e+04 2 0)
|    ( - -6.007e+04 1 0))
s>    ( QUESTION17 1 -7.845e+04 1.562e+02 3.513e+02
s>        ( - -1.822e+04 2 0)
s>        ( - -6.007e+04 1 0))INFO: dtree.c(1315): Comp split 59
INFO: dtree.c(1439): stop. leaf nodes are specific
INFO: dtree.c(1478): Final simple tree
|( QUESTION0 -1 -2.032e+04 1.022e+02 9.494e+01
|    ( - -2.195e+03 1 0)
|    ( - -1.802e+04 2 0))
s>    ( QUESTION0 -1 -2.032e+04 1.022e+02 9.494e+01
s>        ( - -2.195e+03 1 0)
s>        ( - -1.802e+04 2 0))INFO: dtree.c(1315): Comp split 60
INFO: dtree.c(1439): stop. leaf nodes are specific
INFO: dtree.c(1478): Final simple tree
|( QUESTION10 1 -1.252e+04 1.299e+02 5.798e+01
|    ( - -1.381e+03 1 0)
|    ( QUESTION0 -1 -1.101e+04 1.156e+02 5.098e+01
|        ( - -4.296e+03 3 0)
|        ( SILENCE -1 -6.602e+03 1.074e+02 3.098e+01
|            ( QUESTION0_13_R 1 -5.405e+03 8.443e+01 2.498e+01
|                ( - -1.615e+03 1 0)
|                ( - -3.705e+03 1 0))
|            ( - -1.090e+03 1 0))))
s>    ( QUESTION10 1 -1.252e+04 1.299e+02 5.798e+01
s>        ( - -1.381e+03 1 0)
s>        ( QUESTION0 -1 -1.101e+04 1.156e+02 5.098e+01
s>            ( - -4.296e+03 3 0)
s>            ( SILENCE -1 -6.602e+03 1.074e+02 3.098e+01
s>                ( QUESTION0_13_R 1 -5.405e+03 8.443e+01 2.498e+01
s>                    ( - -1.615e+03 1 0)
s>                    ( - -3.705e+03 1 0))
s>                ( - -1.090e+03 1 0))))INFO: dtree.c(1315): Comp split 61
INFO: dtree.c(1439): stop. leaf nodes are specific
INFO: dtree.c(1478): Final simple tree
|( QUESTION2 -1 -1.529e+05 1.096e+02 6.758e+02
|    ( - -1.968e+03 1 0)
|    ( - -1.508e+05 14 0))
s>    ( QUESTION2 -1 -1.529e+05 1.096e+02 6.758e+02
s>        ( - -1.968e+03 1 0)
s>        ( - -1.508e+05 14 0))INFO: dtree.c(1439): stop. leaf nodes are specific
INFO: dtree.c(1478): Final simple tree
|( QUESTION16 -1 -1.142e+05 1.305e+02 5.035e+02
|    ( - -1.902e+04 5 0)
|    ( - -9.508e+04 5 0))
s>    ( QUESTION16 -1 -1.142e+05 1.305e+02 5.035e+02
s>        ( - -1.902e+04 5 0)
s>        ( - -9.508e+04 5 0))INFO: dtree.c(1315): Comp split 62
INFO: dtree.c(1439): stop. leaf nodes are specific
INFO: dtree.c(1478): Final simple tree
|( QUESTION0 -1 -7.933e+04 9.466e+01 3.581e+02
|    ( - -1.817e+03 1 0)
|    ( - -7.741e+04 7 0))
s>    ( QUESTION0 -1 -7.933e+04 9.466e+01 3.581e+02
s>        ( - -1.817e+03 1 0)
s>        ( - -7.741e+04 7 0))INFO: dtree.c(1315): Comp split 63
INFO: dtree.c(1439): stop. leaf nodes are specific
INFO: dtree.c(1478): Final simple tree
|( QUESTION2 -1 -3.983e+04 1.377e+02 1.761e+02
|    ( - -2.939e+03 2 0)
|    ( - -3.676e+04 6 0))
s>    ( QUESTION2 -1 -3.983e+04 1.377e+02 1.761e+02
s>        ( - -2.939e+03 2 0)
s>        ( - -3.676e+04 6 0))INFO: dtree.c(1315): Comp split 64
INFO: dtree.c(1439): stop. leaf nodes are specific
INFO: dtree.c(1478): Final simple tree
|( QUESTION2_0_L -1 -1.248e+06 1.233e+02 5.363e+03
|    ( - -1.245e+06 5 0)
|    ( - -2.880e+03 1 0))
s>    ( QUESTION2_0_L -1 -1.248e+06 1.233e+02 5.363e+03
s>        ( - -1.245e+06 5 0)
s>        ( - -2.880e+03 1 0))INFO: dtree.c(1315): Comp split 65
INFO: dtree.c(1439): stop. leaf nodes are specific
INFO: dtree.c(1478): Final simple tree
|( SILENCE -1 -4.613e+03 9.195e+01 2.004e+01
|    ( - -2.161e+03 1 0)
|    ( - -2.360e+03 1 0))
s>    ( SILENCE -1 -4.613e+03 9.195e+01 2.004e+01
s>        ( - -2.161e+03 1 0)
s>        ( - -2.360e+03 1 0))INFO: dtree.c(1315): Comp split 66
INFO: dtree.c(1315): Comp split 67
INFO: dtree.c(1439): stop. leaf nodes are specific
INFO: dtree.c(1478): Final simple tree
|( SILENCE -1 -1.237e+04 1.220e+02 5.510e+01
|    ( - -4.587e+03 1 0)
|    ( - -7.662e+03 2 0))
s>    ( SILENCE -1 -1.237e+04 1.220e+02 5.510e+01
s>        ( - -4.587e+03 1 0)
s>        ( - -7.662e+03 2 0))INFO: dtree.c(1315): Comp split 68
INFO: dtree.c(1439): stop. leaf nodes are specific
INFO: dtree.c(1478): Final simple tree
|( QUESTION17 1 -2.233e+05 1.295e+02 9.971e+02
|    ( QUESTION2_0_L -1 -5.635e+04 1.066e+02 2.503e+02
|        ( - -5.308e+04 9 0)
|        ( - -3.165e+03 2 0))
|    ( - -1.668e+05 5 0))
s>    ( QUESTION17 1 -2.233e+05 1.295e+02 9.971e+02
s>        ( QUESTION2_0_L -1 -5.635e+04 1.066e+02 2.503e+02
s>            ( - -5.308e+04 9 0)
s>            ( - -3.165e+03 2 0))
s>        ( - -1.668e+05 5 0))INFO: dtree.c(1315): Comp split 69
INFO: dtree.c(1315): Comp split 70
INFO: dtree.c(1439): stop. leaf nodes are specific
INFO: dtree.c(1478): Final simple tree
|( SILENCE -1 -3.378e+05 1.190e+02 1.481e+03
|    ( - -3.367e+05 6 0)
|    ( - -9.811e+02 1 0))
s>    ( SILENCE -1 -3.378e+05 1.190e+02 1.481e+03
s>        ( - -3.367e+05 6 0)
s>        ( - -9.811e+02 1 0))INFO: dtree.c(1315): Comp split 71
INFO: dtree.c(1315): Comp split 72
INFO: dtree.c(1315): Comp split 73
INFO: dtree.c(1439): stop. leaf nodes are specific
INFO: dtree.c(1478): Final simple tree
|( QUESTION0_11_R 1 -1.468e+04 1.374e+02 7.000e+01
|    ( - -4.191e+03 1 0)
|    ( - -1.035e+04 2 0))
s>    ( QUESTION0_11_R 1 -1.468e+04 1.374e+02 7.000e+01
s>        ( - -4.191e+03 1 0)
s>        ( - -1.035e+04 2 0))INFO: dtree.c(1315): Comp split 74
INFO: dtree.c(1315): Comp split 75
INFO: dtree.c(1439): stop. leaf nodes are specific
INFO: dtree.c(1478): Final simple tree
|( QUESTION0 -1 -2.697e+05 1.358e+02 1.216e+03
|    ( - -2.620e+05 10 0)
|    ( - -7.573e+03 2 0))
s>    ( QUESTION0 -1 -2.697e+05 1.358e+02 1.216e+03
s>        ( - -2.620e+05 10 0)
s>        ( - -7.573e+03 2 0))INFO: dtree.c(1315): Comp split 76
INFO: dtree.c(1439): stop. leaf nodes are specific
INFO: dtree.c(1478): Final simple tree
|( QUESTION17 -1 -1.344e+04 6.060e+01 6.224e+01
|    ( - -1.167e+04 3 0)
|    ( - -1.718e+03 1 0))
s>    ( QUESTION17 -1 -1.344e+04 6.060e+01 6.224e+01
s>        ( - -1.167e+04 3 0)
s>        ( - -1.718e+03 1 0))INFO: dtree.c(1439): stop. leaf nodes are specific
INFO: dtree.c(1478): Final simple tree
|( QUESTION5 -1 -2.904e+03 1.029e+02 1.397e+01
|    ( - -1.189e+03 1 0)
|    ( - -1.612e+03 1 0))
s>    ( QUESTION5 -1 -2.904e+03 1.029e+02 1.397e+01
s>        ( - -1.189e+03 1 0)
s>        ( - -1.612e+03 1 0))INFO: dtree.c(1315): Comp split 77
INFO: dtree.c(1439): stop. leaf nodes are specific
INFO: dtree.c(1478): Final simple tree
|( QUESTION0_13_R 1 -9.811e+03 1.147e+02 4.498e+01
|    ( SILENCE -1 -5.991e+03 8.067e+01 2.800e+01
|        ( - -1.615e+03 1 0)
|        ( - -4.296e+03 3 0))
|    ( - -3.705e+03 1 0))
s>    ( QUESTION0_13_R 1 -9.811e+03 1.147e+02 4.498e+01
s>        ( SILENCE -1 -5.991e+03 8.067e+01 2.800e+01
s>            ( - -1.615e+03 1 0)
s>            ( - -4.296e+03 3 0))
s>        ( - -3.705e+03 1 0))INFO: dtree.c(1439): stop. leaf nodes are specific
INFO: dtree.c(1478): Final simple tree
|( SILENCE -1 -2.573e+03 1.017e+02 1.300e+01
|    ( - -1.381e+03 1 0)
|    ( - -1.090e+03 1 0))
s>    ( SILENCE -1 -2.573e+03 1.017e+02 1.300e+01
s>        ( - -1.381e+03 1 0)
s>        ( - -1.090e+03 1 0))INFO: dtree.c(1315): Comp split 78
INFO: dtree.c(1315): Comp split 79
INFO: dtree.c(1315): Comp split 80
INFO: dtree.c(1315): Comp split 81
INFO: dtree.c(1315): Comp split 82
INFO: dtree.c(1315): Comp split 83
INFO: dtree.c(1315): Comp split 84
INFO: dtree.c(1315): Comp split 85
INFO: dtree.c(1439): stop. leaf nodes are specific
INFO: dtree.c(1478): Final simple tree
|( QUESTION2_0_L -1 -5.635e+04 1.066e+02 2.503e+02
|    ( - -5.308e+04 9 0)
|    ( - -3.165e+03 2 0))
s>    ( QUESTION2_0_L -1 -5.635e+04 1.066e+02 2.503e+02
s>        ( - -5.308e+04 9 0)
s>        ( - -3.165e+03 2 0))INFO: dtree.c(1315): Comp split 86
INFO: dtree.c(1439): stop. leaf nodes are specific
INFO: dtree.c(1478): Final simple tree
|( QUESTION14 -1 -2.959e+04 1.192e+02 1.353e+02
|    ( - -2.180e+04 5 0)
|    ( - -7.671e+03 2 0))
s>    ( QUESTION14 -1 -2.959e+04 1.192e+02 1.353e+02
s>        ( - -2.180e+04 5 0)
s>        ( - -7.671e+03 2 0))INFO: dtree.c(1439): stop. leaf nodes are specific
INFO: dtree.c(1478): Final simple tree
|( QUESTION17 -1 -3.955e+03 1.256e+02 1.805e+01
|    ( - -2.789e+03 1 0)
|    ( - -1.040e+03 1 0))
s>    ( QUESTION17 -1 -3.955e+03 1.256e+02 1.805e+01
s>        ( - -2.789e+03 1 0)
s>        ( - -1.040e+03 1 0))INFO: dtree.c(1315): Comp split 87
INFO: dtree.c(1315): Comp split 88
INFO: dtree.c(1315): Comp split 89
INFO: dtree.c(1315): Comp split 90
INFO: dtree.c(1439): stop. leaf nodes are specific
INFO: dtree.c(1478): Final simple tree
|( QUESTION2_0_L -1 -1.052e+06 9.840e+01 4.626e+03
|    ( - -1.049e+06 26 0)
|    ( - -2.363e+03 1 0))
s>    ( QUESTION2_0_L -1 -1.052e+06 9.840e+01 4.626e+03
s>        ( - -1.049e+06 26 0)
s>        ( - -2.363e+03 1 0))INFO: dtree.c(1315): Comp split 91
INFO: dtree.c(1439): stop. leaf nodes are specific
INFO: dtree.c(1478): Final simple tree
|( QUESTION0 -1 -2.722e+05 1.078e+02 1.213e+03
|    ( - -2.677e+05 5 0)
|    ( - -4.398e+03 1 0))
s>    ( QUESTION0 -1 -2.722e+05 1.078e+02 1.213e+03
s>        ( - -2.677e+05 5 0)
s>        ( - -4.398e+03 1 0))INFO: dtree.c(1439): stop. leaf nodes are specific
INFO: dtree.c(1478): Final simple tree
|( QUESTION0 -1 -5.805e+03 1.131e+02 2.695e+01
|    ( - -1.491e+03 1 0)
|    ( - -4.200e+03 1 0))
s>    ( QUESTION0 -1 -5.805e+03 1.131e+02 2.695e+01
s>        ( - -1.491e+03 1 0)
s>        ( - -4.200e+03 1 0))INFO: dtree.c(1315): Comp split 92
INFO: dtree.c(1315): Comp split 93
INFO: dtree.c(1315): Comp split 94
INFO: dtree.c(1315): Comp split 95
INFO: dtree.c(1315): Comp split 96
INFO: dtree.c(1315): Comp split 97
INFO: dtree.c(1439): stop. leaf nodes are specific
INFO: dtree.c(1478): Final simple tree
|( SILENCE -1 -5.991e+03 8.067e+01 2.800e+01
|    ( - -1.615e+03 1 0)
|    ( - -4.296e+03 3 0))
s>    ( SILENCE -1 -5.991e+03 8.067e+01 2.800e+01
s>        ( - -1.615e+03 1 0)
s>        ( - -4.296e+03 3 0))INFO: dtree.c(1315): Comp split 98
INFO: dtree.c(1315): Comp split 99
INFO: dtree.c(1315): Comp split 100
INFO: dtree.c(1315): Comp split 101
INFO: dtree.c(1315): Comp split 102
INFO: dtree.c(1315): Comp split 103
INFO: dtree.c(1315): Comp split 104
INFO: dtree.c(1315): Comp split 105
INFO: dtree.c(1315): Comp split 106
INFO: dtree.c(1315): Comp split 107
INFO: dtree.c(1315): Comp split 108
INFO: dtree.c(1315): Comp split 109
INFO: dtree.c(1315): Comp split 110
INFO: dtree.c(1315): Comp split 111
INFO: dtree.c(1315): Comp split 112
INFO: dtree.c(1315): Comp split 113
INFO: dtree.c(1318): stop. leaf nodes are specific
Tue Mar 28 15:11:56 2023
