Current configuration:
[NAME]		[DEFLT]	[VALUE]
-allphones	no	no
-cntthresh	0.00001	1.000000e-05
-csplitmax	100	2000
-csplitmin	1	1
-csplitthr	8e-4	0.000000e+00
-example	no	no
-fullvar	no	no
-help		no	no
-meanfn			/home/lucija/Documents/Zadnji semestar/ROGJ/Prezentacije/CMUspinx/tutorial10/model_parameters/my_db.cd_cont_untied/means
-mixwfn			/home/lucija/Documents/Zadnji semestar/ROGJ/Prezentacije/CMUspinx/tutorial10/model_parameters/my_db.cd_cont_untied/mixture_weights
-moddeffn		/home/lucija/Documents/Zadnji semestar/ROGJ/Prezentacije/CMUspinx/tutorial10/model_architecture/my_db.untied.mdef
-mwfloor	1e-4	1.000000e-08
-phone			v
-psetfn			/home/lucija/Documents/Zadnji semestar/ROGJ/Prezentacije/CMUspinx/tutorial10/model_architecture/my_db.tree_questions
-ssplitmax	5	7
-ssplitmin	1	1
-ssplitthr	8e-4	0.000000e+00
-state			2
-stwt			1.0,0.05,0.0,
-treefn			/home/lucija/Documents/Zadnji semestar/ROGJ/Prezentacije/CMUspinx/tutorial10/trees/my_db.unpruned/v-2.dtree
-ts2cbfn	.semi.	.cont.
-varfloor	0.00001	1.000000e-05
-varfn			/home/lucija/Documents/Zadnji semestar/ROGJ/Prezentacije/CMUspinx/tutorial10/model_parameters/my_db.cd_cont_untied/variances

INFO: main.c(223): Reading: /home/lucija/Documents/Zadnji semestar/ROGJ/Prezentacije/CMUspinx/tutorial10/model_architecture/my_db.untied.mdef
INFO: model_def_io.c(573): Model definition info:
INFO: model_def_io.c(574): 10885 total models defined (32 base, 10853 tri)
INFO: model_def_io.c(575): 43540 total states
INFO: model_def_io.c(576): 32655 total tied states
INFO: model_def_io.c(577): 96 total tied CI states
INFO: model_def_io.c(578): 32 total tied transition matrices
INFO: model_def_io.c(579): 4 max state/model
INFO: model_def_io.c(580): 4 min state/model
INFO: main.c(242): Building trees for [v NOISE a b] through [v ž i i]
INFO: main.c(268): Covering states |[29553 30413]| == 861
INFO: main.c(275): Reading: /home/lucija/Documents/Zadnji semestar/ROGJ/Prezentacije/CMUspinx/tutorial10/model_parameters/my_db.cd_cont_untied/mixture_weights
INFO: s3mixw_io.c(172): Read /home/lucija/Documents/Zadnji semestar/ROGJ/Prezentacije/CMUspinx/tutorial10/model_parameters/my_db.cd_cont_untied/mixture_weights [861x1x1 array]
INFO: main.c(311): 287 of 287 models have observation count greater than 0.000010
INFO: main.c(95): nrm stwt: 0.000 0.048 0.952 
INFO: s3gau_io.c(168): Read /home/lucija/Documents/Zadnji semestar/ROGJ/Prezentacije/CMUspinx/tutorial10/model_parameters/my_db.cd_cont_untied/means [32655x1x1 array]
INFO: s3gau_io.c(168): Read /home/lucija/Documents/Zadnji semestar/ROGJ/Prezentacije/CMUspinx/tutorial10/model_parameters/my_db.cd_cont_untied/variances [32655x1x1 array]
INFO: main.c(549): Reading: /home/lucija/Documents/Zadnji semestar/ROGJ/Prezentacije/CMUspinx/tutorial10/model_architecture/my_db.tree_questions
INFO: main.c(587): 180 total simple questions (172 phone; 8 word bndry)
INFO: main.c(589): 42 Left Only questions, and 42 Right Only questions
INFO: dtree.c(1478): Final simple tree
|( QUESTION16 -1 -6.333e+06 3.557e+04 2.853e+04
|    ( - -8.767e+05 20 0 QUESTION17 -1 2.328e+03 4.119e+03)
|    ( QUESTION0_15_R 1 -5.421e+06 2.310e+04 2.441e+04
|        ( - -4.297e+05 22 0 QUESTION0_17_R 1 1.588e+03 2.045e+03)
|        ( QUESTION2_6_L -1 -4.968e+06 1.817e+04 2.236e+04
|            ( QUESTION7 -1 -6.931e+05 9.408e+03 3.139e+03
|                ( - -1.537e+05 4 0 QUESTION0 1 4.009e+02 7.374e+02)
|                ( - -5.300e+05 63 0 QUESTION19 -1 5.024e+03 2.402e+03))
|            ( QUESTION14 1 -4.257e+06 1.596e+04 1.923e+04
|                ( - -5.479e+05 28 0 QUESTION0 -1 4.344e+03 2.463e+03)
|                ( WDBNDRY_I 0 -3.693e+06 1.127e+04 1.676e+04
|                    ( QUESTION2_3_L -1 -2.690e+06 5.216e+03 1.229e+04
|                        ( - -1.241e+05 5 0)
|                        ( - -2.561e+06 57 0 QUESTION0_0_R 1 2.034e+03 1.169e+04))
|                    ( - -9.921e+05 88 0 QUESTION0 -1 4.209e+03 4.477e+03))))))
s>    ( QUESTION16 -1 -6.333e+06 3.557e+04 2.853e+04
s>        ( - -8.767e+05 20 0 QUESTION17 -1 2.328e+03 4.119e+03)
s>        ( QUESTION0_15_R 1 -5.421e+06 2.310e+04 2.441e+04
s>            ( - -4.297e+05 22 0 QUESTION0_17_R 1 1.588e+03 2.045e+03)
s>            ( QUESTION2_6_L -1 -4.968e+06 1.817e+04 2.236e+04
s>                ( QUESTION7 -1 -6.931e+05 9.408e+03 3.139e+03
s>                    ( - -1.537e+05 4 0 QUESTION0 1 4.009e+02 7.374e+02)
s>                    ( - -5.300e+05 63 0 QUESTION19 -1 5.024e+03 2.402e+03))
s>                ( QUESTION14 1 -4.257e+06 1.596e+04 1.923e+04
s>                    ( - -5.479e+05 28 0 QUESTION0 -1 4.344e+03 2.463e+03)
s>                    ( WDBNDRY_I 0 -3.693e+06 1.127e+04 1.676e+04
s>                        ( QUESTION2_3_L -1 -2.690e+06 5.216e+03 1.229e+04
s>                            ( - -1.241e+05 5 0)
s>                            ( - -2.561e+06 57 0 QUESTION0_0_R 1 2.034e+03 1.169e+04))
s>                        ( - -9.921e+05 88 0 QUESTION0 -1 4.209e+03 4.477e+03))))))INFO: dtree.c(1315): Comp split 0
INFO: dtree.c(1478): Final simple tree
|( QUESTION0_15_R 1 -5.421e+06 2.310e+04 2.441e+04
|    ( - -4.297e+05 22 0 QUESTION0_17_R 1 1.588e+03 2.045e+03)
|    ( QUESTION2_6_L -1 -4.968e+06 1.817e+04 2.236e+04
|        ( QUESTION7 -1 -6.931e+05 9.408e+03 3.139e+03
|            ( - -1.537e+05 4 0 QUESTION0 1 4.009e+02 7.374e+02)
|            ( QUESTION19 -1 -5.300e+05 5.024e+03 2.402e+03
|                ( - -2.067e+05 12 0 QUESTION0 1 1.456e+03 9.501e+02)
|                ( - -3.182e+05 51 0 QUESTION12 -1 1.736e+03 1.452e+03)))
|        ( QUESTION14 1 -4.257e+06 1.596e+04 1.923e+04
|            ( - -5.479e+05 28 0 QUESTION0 -1 4.344e+03 2.463e+03)
|            ( WDBNDRY_I 0 -3.693e+06 1.127e+04 1.676e+04
|                ( QUESTION2_3_L -1 -2.690e+06 5.216e+03 1.229e+04
|                    ( - -1.241e+05 5 0)
|                    ( - -2.561e+06 57 0 QUESTION0_0_R 1 2.034e+03 1.169e+04))
|                ( - -9.921e+05 88 0 QUESTION0 -1 4.209e+03 4.477e+03)))))
s>    ( QUESTION0_15_R 1 -5.421e+06 2.310e+04 2.441e+04
s>        ( - -4.297e+05 22 0 QUESTION0_17_R 1 1.588e+03 2.045e+03)
s>        ( QUESTION2_6_L -1 -4.968e+06 1.817e+04 2.236e+04
s>            ( QUESTION7 -1 -6.931e+05 9.408e+03 3.139e+03
s>                ( - -1.537e+05 4 0 QUESTION0 1 4.009e+02 7.374e+02)
s>                ( QUESTION19 -1 -5.300e+05 5.024e+03 2.402e+03
s>                    ( - -2.067e+05 12 0 QUESTION0 1 1.456e+03 9.501e+02)
s>                    ( - -3.182e+05 51 0 QUESTION12 -1 1.736e+03 1.452e+03)))
s>            ( QUESTION14 1 -4.257e+06 1.596e+04 1.923e+04
s>                ( - -5.479e+05 28 0 QUESTION0 -1 4.344e+03 2.463e+03)
s>                ( WDBNDRY_I 0 -3.693e+06 1.127e+04 1.676e+04
s>                    ( QUESTION2_3_L -1 -2.690e+06 5.216e+03 1.229e+04
s>                        ( - -1.241e+05 5 0)
s>                        ( - -2.561e+06 57 0 QUESTION0_0_R 1 2.034e+03 1.169e+04))
s>                    ( - -9.921e+05 88 0 QUESTION0 -1 4.209e+03 4.477e+03)))))INFO: dtree.c(1439): stop. leaf nodes are specific
INFO: dtree.c(1478): Final simple tree
|( QUESTION17 -1 -8.767e+05 2.328e+03 4.119e+03
|    ( QUESTION0 1 -2.076e+04 4.147e+02 9.224e+01
|        ( WDBNDRY_B 0 -1.493e+04 2.846e+02 6.723e+01
|            ( - -1.274e+04 6 0)
|            ( - -1.908e+03 2 0))
|        ( - -5.417e+03 2 0))
|    ( WDBNDRY_B 0 -8.536e+05 2.166e+02 4.026e+03
|        ( QUESTION0 1 -4.216e+03 9.910e+01 1.997e+01
|            ( - -1.029e+03 4 0)
|            ( - -3.088e+03 1 0))
|        ( - -8.492e+05 5 0)))
s>    ( QUESTION17 -1 -8.767e+05 2.328e+03 4.119e+03
s>        ( QUESTION0 1 -2.076e+04 4.147e+02 9.224e+01
s>            ( WDBNDRY_B 0 -1.493e+04 2.846e+02 6.723e+01
s>                ( - -1.274e+04 6 0)
s>                ( - -1.908e+03 2 0))
s>            ( - -5.417e+03 2 0))
s>        ( WDBNDRY_B 0 -8.536e+05 2.166e+02 4.026e+03
s>            ( QUESTION0 1 -4.216e+03 9.910e+01 1.997e+01
s>                ( - -1.029e+03 4 0)
s>                ( - -3.088e+03 1 0))
s>            ( - -8.492e+05 5 0)))INFO: dtree.c(1315): Comp split 1
INFO: dtree.c(1478): Final simple tree
|( QUESTION2_6_L -1 -4.968e+06 1.817e+04 2.236e+04
|    ( QUESTION7 -1 -6.931e+05 9.408e+03 3.139e+03
|        ( - -1.537e+05 4 0 QUESTION0 1 4.009e+02 7.374e+02)
|        ( QUESTION19 -1 -5.300e+05 5.024e+03 2.402e+03
|            ( - -2.067e+05 12 0 QUESTION0 1 1.456e+03 9.501e+02)
|            ( - -3.182e+05 51 0 QUESTION12 -1 1.736e+03 1.452e+03)))
|    ( QUESTION14 1 -4.257e+06 1.596e+04 1.923e+04
|        ( QUESTION0 -1 -5.479e+05 4.344e+03 2.463e+03
|            ( - -2.593e+05 19 0 WDBNDRY_I 0 1.270e+03 1.173e+03)
|            ( - -2.842e+05 9 0 QUESTION13 -1 7.137e+02 1.289e+03))
|        ( WDBNDRY_I 0 -3.693e+06 1.127e+04 1.676e+04
|            ( QUESTION2_3_L -1 -2.690e+06 5.216e+03 1.229e+04
|                ( - -1.241e+05 5 0)
|                ( - -2.561e+06 57 0 QUESTION0_0_R 1 2.034e+03 1.169e+04))
|            ( - -9.921e+05 88 0 QUESTION0 -1 4.209e+03 4.477e+03))))
s>    ( QUESTION2_6_L -1 -4.968e+06 1.817e+04 2.236e+04
s>        ( QUESTION7 -1 -6.931e+05 9.408e+03 3.139e+03
s>            ( - -1.537e+05 4 0 QUESTION0 1 4.009e+02 7.374e+02)
s>            ( QUESTION19 -1 -5.300e+05 5.024e+03 2.402e+03
s>                ( - -2.067e+05 12 0 QUESTION0 1 1.456e+03 9.501e+02)
s>                ( - -3.182e+05 51 0 QUESTION12 -1 1.736e+03 1.452e+03)))
s>        ( QUESTION14 1 -4.257e+06 1.596e+04 1.923e+04
s>            ( QUESTION0 -1 -5.479e+05 4.344e+03 2.463e+03
s>                ( - -2.593e+05 19 0 WDBNDRY_I 0 1.270e+03 1.173e+03)
s>                ( - -2.842e+05 9 0 QUESTION13 -1 7.137e+02 1.289e+03))
s>            ( WDBNDRY_I 0 -3.693e+06 1.127e+04 1.676e+04
s>                ( QUESTION2_3_L -1 -2.690e+06 5.216e+03 1.229e+04
s>                    ( - -1.241e+05 5 0)
s>                    ( - -2.561e+06 57 0 QUESTION0_0_R 1 2.034e+03 1.169e+04))
s>                ( - -9.921e+05 88 0 QUESTION0 -1 4.209e+03 4.477e+03))))INFO: dtree.c(1478): Final simple tree
|( QUESTION0_17_R 1 -4.297e+05 1.588e+03 2.045e+03
|    ( WDBNDRY_E 0 -3.799e+05 1.331e+02 1.822e+03
|        ( - -1.397e+03 3 0)
|        ( - -3.784e+05 5 0))
|    ( QUESTION0_19_R 1 -4.821e+04 7.112e+02 2.234e+02
|        ( WDBNDRY_E 0 -2.892e+04 1.784e+02 1.361e+02
|            ( - -5.248e+02 1 0)
|            ( - -2.822e+04 5 0))
|        ( QUESTION0_16_R 1 -1.858e+04 2.832e+02 8.736e+01
|            ( - -5.450e+03 1 0)
|            ( QUESTION17 1 -1.285e+04 1.747e+02 6.029e+01
|                ( - -8.951e+03 3 0)
|                ( WDBNDRY_E 0 -3.720e+03 1.115e+02 1.800e+01
|                    ( - -1.596e+03 3 0)
|                    ( - -2.013e+03 1 0))))))
s>    ( QUESTION0_17_R 1 -4.297e+05 1.588e+03 2.045e+03
s>        ( WDBNDRY_E 0 -3.799e+05 1.331e+02 1.822e+03
s>            ( - -1.397e+03 3 0)
s>            ( - -3.784e+05 5 0))
s>        ( QUESTION0_19_R 1 -4.821e+04 7.112e+02 2.234e+02
s>            ( WDBNDRY_E 0 -2.892e+04 1.784e+02 1.361e+02
s>                ( - -5.248e+02 1 0)
s>                ( - -2.822e+04 5 0))
s>            ( QUESTION0_16_R 1 -1.858e+04 2.832e+02 8.736e+01
s>                ( - -5.450e+03 1 0)
s>                ( QUESTION17 1 -1.285e+04 1.747e+02 6.029e+01
s>                    ( - -8.951e+03 3 0)
s>                    ( WDBNDRY_E 0 -3.720e+03 1.115e+02 1.800e+01
s>                        ( - -1.596e+03 3 0)
s>                        ( - -2.013e+03 1 0))))))INFO: dtree.c(1315): Comp split 2
INFO: dtree.c(1478): Final simple tree
|( QUESTION2_3_L -1 -2.690e+06 5.216e+03 1.229e+04
|    ( - -1.241e+05 5 0)
|    ( QUESTION0_0_R 1 -2.561e+06 2.034e+03 1.169e+04
|        ( QUESTION0 -1 -2.535e+06 1.616e+03 1.158e+04
|            ( - -2.338e+06 28 0)
|            ( - -1.951e+05 13 0))
|        ( QUESTION20 1 -2.386e+04 4.986e+02 1.096e+02
|            ( - -9.032e+03 3 0)
|            ( QUESTION0_5_R 1 -1.433e+04 3.659e+02 6.550e+01
|                ( - -3.923e+03 4 0)
|                ( QUESTION0_3_R 1 -1.004e+04 1.951e+02 4.661e+01
|                    ( - -4.765e+03 3 0)
|                    ( QUESTION0_11_R 1 -5.082e+03 1.151e+02 2.332e+01
|                        ( - -7.888e+02 2 0)
|                        ( - -4.178e+03 4 0 QUESTION0_2_R 1 8.950e+01 1.932e+01)))))))
s>    ( QUESTION2_3_L -1 -2.690e+06 5.216e+03 1.229e+04
s>        ( - -1.241e+05 5 0)
s>        ( QUESTION0_0_R 1 -2.561e+06 2.034e+03 1.169e+04
s>            ( QUESTION0 -1 -2.535e+06 1.616e+03 1.158e+04
s>                ( - -2.338e+06 28 0)
s>                ( - -1.951e+05 13 0))
s>            ( QUESTION20 1 -2.386e+04 4.986e+02 1.096e+02
s>                ( - -9.032e+03 3 0)
s>                ( QUESTION0_5_R 1 -1.433e+04 3.659e+02 6.550e+01
s>                    ( - -3.923e+03 4 0)
s>                    ( QUESTION0_3_R 1 -1.004e+04 1.951e+02 4.661e+01
s>                        ( - -4.765e+03 3 0)
s>                        ( QUESTION0_11_R 1 -5.082e+03 1.151e+02 2.332e+01
s>                            ( - -7.888e+02 2 0)
s>                            ( - -4.178e+03 4 0 QUESTION0_2_R 1 8.950e+01 1.932e+01)))))))INFO: dtree.c(1478): Final simple tree
|( QUESTION7 -1 -2.259e+06 1.532e+04 1.008e+04
|    ( - -1.537e+05 4 0 QUESTION0 1 4.009e+02 7.374e+02)
|    ( QUESTION14 1 -2.090e+06 1.290e+04 9.341e+03
|        ( SILENCE -1 -5.832e+05 3.976e+03 2.624e+03
|            ( - -2.257e+05 2 0)
|            ( - -3.535e+05 38 0 WDBNDRY_I 0 1.431e+03 1.593e+03))
|        ( QUESTION19 -1 -1.494e+06 8.441e+03 6.717e+03
|            ( - -1.834e+05 10 0 WDBNDRY_B 0 3.540e+02 8.436e+02)
|            ( WDBNDRY_I 0 -1.302e+06 4.155e+03 5.873e+03
|                ( - -2.646e+05 23 0 QUESTION12 -1 1.701e+03 1.209e+03)
|                ( SILENCE -1 -1.033e+06 3.722e+03 4.664e+03
|                    ( - -1.755e+05 6 0)
|                    ( QUESTION3 -1 -8.541e+05 1.949e+03 3.864e+03
|                        ( - -7.801e+04 6 0)
|                        ( - -7.741e+05 94 0 QUESTION0_0_R 1 1.287e+03 3.509e+03)))))))
s>    ( QUESTION7 -1 -2.259e+06 1.532e+04 1.008e+04
s>        ( - -1.537e+05 4 0 QUESTION0 1 4.009e+02 7.374e+02)
s>        ( QUESTION14 1 -2.090e+06 1.290e+04 9.341e+03
s>            ( SILENCE -1 -5.832e+05 3.976e+03 2.624e+03
s>                ( - -2.257e+05 2 0)
s>                ( - -3.535e+05 38 0 WDBNDRY_I 0 1.431e+03 1.593e+03))
s>            ( QUESTION19 -1 -1.494e+06 8.441e+03 6.717e+03
s>                ( - -1.834e+05 10 0 WDBNDRY_B 0 3.540e+02 8.436e+02)
s>                ( WDBNDRY_I 0 -1.302e+06 4.155e+03 5.873e+03
s>                    ( - -2.646e+05 23 0 QUESTION12 -1 1.701e+03 1.209e+03)
s>                    ( SILENCE -1 -1.033e+06 3.722e+03 4.664e+03
s>                        ( - -1.755e+05 6 0)
s>                        ( QUESTION3 -1 -8.541e+05 1.949e+03 3.864e+03
s>                            ( - -7.801e+04 6 0)
s>                            ( - -7.741e+05 94 0 QUESTION0_0_R 1 1.287e+03 3.509e+03)))))))INFO: dtree.c(1315): Comp split 3
INFO: dtree.c(1478): Final simple tree
|( QUESTION14 1 -1.898e+06 1.287e+04 8.497e+03
|    ( SILENCE -1 -5.832e+05 3.976e+03 2.624e+03
|        ( - -2.257e+05 2 0)
|        ( WDBNDRY_I 0 -3.535e+05 1.431e+03 1.593e+03
|            ( - -1.117e+05 10 0 QUESTION0 -1 1.469e+03 5.095e+02)
|            ( - -2.404e+05 28 0 QUESTION3 -1 9.642e+02 1.084e+03)))
|    ( WDBNDRY_I 0 -1.302e+06 4.155e+03 5.873e+03
|        ( QUESTION12 -1 -2.646e+05 1.701e+03 1.209e+03
|            ( - -1.363e+05 6 0)
|            ( - -1.266e+05 17 0 QUESTION10 -1 6.104e+02 5.734e+02))
|        ( SILENCE -1 -1.033e+06 3.722e+03 4.664e+03
|            ( - -1.755e+05 6 0)
|            ( QUESTION3 -1 -8.541e+05 1.949e+03 3.864e+03
|                ( - -7.801e+04 6 0)
|                ( - -7.741e+05 94 0 QUESTION0_0_R 1 1.287e+03 3.509e+03)))))
s>    ( QUESTION14 1 -1.898e+06 1.287e+04 8.497e+03
s>        ( SILENCE -1 -5.832e+05 3.976e+03 2.624e+03
s>            ( - -2.257e+05 2 0)
s>            ( WDBNDRY_I 0 -3.535e+05 1.431e+03 1.593e+03
s>                ( - -1.117e+05 10 0 QUESTION0 -1 1.469e+03 5.095e+02)
s>                ( - -2.404e+05 28 0 QUESTION3 -1 9.642e+02 1.084e+03)))
s>        ( WDBNDRY_I 0 -1.302e+06 4.155e+03 5.873e+03
s>            ( QUESTION12 -1 -2.646e+05 1.701e+03 1.209e+03
s>                ( - -1.363e+05 6 0)
s>                ( - -1.266e+05 17 0 QUESTION10 -1 6.104e+02 5.734e+02))
s>            ( SILENCE -1 -1.033e+06 3.722e+03 4.664e+03
s>                ( - -1.755e+05 6 0)
s>                ( QUESTION3 -1 -8.541e+05 1.949e+03 3.864e+03
s>                    ( - -7.801e+04 6 0)
s>                    ( - -7.741e+05 94 0 QUESTION0_0_R 1 1.287e+03 3.509e+03)))))INFO: dtree.c(1439): stop. leaf nodes are specific
INFO: dtree.c(1478): Final simple tree
|( QUESTION2 -1 -3.427e+05 5.586e+03 1.581e+03
|    ( QUESTION0 1 -1.537e+05 4.009e+02 7.374e+02
|        ( WDBNDRY_B 0 -1.519e+05 1.473e+02 7.304e+02
|            ( - -4.856e+02 1 0)
|            ( - -1.513e+05 1 0))
|        ( WDBNDRY_B 0 -1.410e+03 5.336e+02 7.000e+00
|            ( - 2.427e+02 1 0)
|            ( - -1.119e+03 1 0)))
|    ( WDBNDRY_B 0 -1.834e+05 3.540e+02 8.436e+02
|        ( QUESTION2_17_L -1 -3.476e+03 1.524e+02 1.600e+01
|            ( - -2.730e+02 1 0)
|            ( - -3.051e+03 4 0))
|        ( - -1.795e+05 5 0)))
s>    ( QUESTION2 -1 -3.427e+05 5.586e+03 1.581e+03
s>        ( QUESTION0 1 -1.537e+05 4.009e+02 7.374e+02
s>            ( WDBNDRY_B 0 -1.519e+05 1.473e+02 7.304e+02
s>                ( - -4.856e+02 1 0)
s>                ( - -1.513e+05 1 0))
s>            ( WDBNDRY_B 0 -1.410e+03 5.336e+02 7.000e+00
s>                ( - 2.427e+02 1 0)
s>                ( - -1.119e+03 1 0)))
s>        ( WDBNDRY_B 0 -1.834e+05 3.540e+02 8.436e+02
s>            ( QUESTION2_17_L -1 -3.476e+03 1.524e+02 1.600e+01
s>                ( - -2.730e+02 1 0)
s>                ( - -3.051e+03 4 0))
s>            ( - -1.795e+05 5 0)))INFO: dtree.c(1315): Comp split 4
INFO: dtree.c(1478): Final simple tree
|( WDBNDRY_I 0 -1.302e+06 4.155e+03 5.873e+03
|    ( QUESTION12 -1 -2.646e+05 1.701e+03 1.209e+03
|        ( - -1.363e+05 6 0)
|        ( QUESTION10 -1 -1.266e+05 6.104e+02 5.734e+02
|            ( - -1.065e+05 7 0 QUESTION2_15_L -1 4.516e+02 4.837e+02)
|            ( - -1.948e+04 10 0 QUESTION2 -1 3.003e+02 8.975e+01)))
|    ( SILENCE -1 -1.033e+06 3.722e+03 4.664e+03
|        ( - -1.755e+05 6 0)
|        ( QUESTION3 -1 -8.541e+05 1.949e+03 3.864e+03
|            ( - -7.801e+04 6 0)
|            ( QUESTION0_0_R 1 -7.741e+05 1.287e+03 3.509e+03
|                ( QUESTION12 -1 -7.514e+05 8.610e+02 3.408e+03
|                    ( - -2.207e+04 4 0)
|                    ( - -7.285e+05 68 0 QUESTION15 -1 3.983e+02 3.303e+03))
|                ( - -2.146e+04 22 0 QUESTION0_12_R 1 4.619e+02 1.013e+02)))))
s>    ( WDBNDRY_I 0 -1.302e+06 4.155e+03 5.873e+03
s>        ( QUESTION12 -1 -2.646e+05 1.701e+03 1.209e+03
s>            ( - -1.363e+05 6 0)
s>            ( QUESTION10 -1 -1.266e+05 6.104e+02 5.734e+02
s>                ( - -1.065e+05 7 0 QUESTION2_15_L -1 4.516e+02 4.837e+02)
s>                ( - -1.948e+04 10 0 QUESTION2 -1 3.003e+02 8.975e+01)))
s>        ( SILENCE -1 -1.033e+06 3.722e+03 4.664e+03
s>            ( - -1.755e+05 6 0)
s>            ( QUESTION3 -1 -8.541e+05 1.949e+03 3.864e+03
s>                ( - -7.801e+04 6 0)
s>                ( QUESTION0_0_R 1 -7.741e+05 1.287e+03 3.509e+03
s>                    ( QUESTION12 -1 -7.514e+05 8.610e+02 3.408e+03
s>                        ( - -2.207e+04 4 0)
s>                        ( - -7.285e+05 68 0 QUESTION15 -1 3.983e+02 3.303e+03))
s>                    ( - -2.146e+04 22 0 QUESTION0_12_R 1 4.619e+02 1.013e+02)))))INFO: dtree.c(1478): Final simple tree
|( SILENCE -1 -5.832e+05 3.976e+03 2.624e+03
|    ( - -2.257e+05 2 0)
|    ( WDBNDRY_I 0 -3.535e+05 1.431e+03 1.593e+03
|        ( QUESTION0 -1 -1.117e+05 1.469e+03 5.095e+02
|            ( - -8.833e+04 7 0)
|            ( - -2.188e+04 3 0 QUESTION12 -1 1.390e+02 1.073e+02))
|        ( QUESTION3 -1 -2.404e+05 9.642e+02 1.084e+03
|            ( - -3.592e+04 2 0)
|            ( QUESTION14 -1 -2.035e+05 3.748e+02 9.199e+02
|                ( - -2.154e+04 5 0)
|                ( QUESTION5 -1 -1.816e+05 2.158e+02 8.250e+02
|                    ( - -1.460e+03 1 0)
|                    ( QUESTION11 -1 -1.799e+05 1.714e+02 8.170e+02
|                        ( - -1.825e+03 1 0)
|                        ( - -1.779e+05 19 0 QUESTION19 -1 1.599e+02 8.080e+02)))))))
s>    ( SILENCE -1 -5.832e+05 3.976e+03 2.624e+03
s>        ( - -2.257e+05 2 0)
s>        ( WDBNDRY_I 0 -3.535e+05 1.431e+03 1.593e+03
s>            ( QUESTION0 -1 -1.117e+05 1.469e+03 5.095e+02
s>                ( - -8.833e+04 7 0)
s>                ( - -2.188e+04 3 0 QUESTION12 -1 1.390e+02 1.073e+02))
s>            ( QUESTION3 -1 -2.404e+05 9.642e+02 1.084e+03
s>                ( - -3.592e+04 2 0)
s>                ( QUESTION14 -1 -2.035e+05 3.748e+02 9.199e+02
s>                    ( - -2.154e+04 5 0)
s>                    ( QUESTION5 -1 -1.816e+05 2.158e+02 8.250e+02
s>                        ( - -1.460e+03 1 0)
s>                        ( QUESTION11 -1 -1.799e+05 1.714e+02 8.170e+02
s>                            ( - -1.825e+03 1 0)
s>                            ( - -1.779e+05 19 0 QUESTION19 -1 1.599e+02 8.080e+02)))))))INFO: dtree.c(1315): Comp split 5
INFO: dtree.c(1439): stop. leaf nodes are specific
INFO: dtree.c(1478): Final simple tree
|( WDBNDRY_B 0 -1.519e+05 1.473e+02 7.304e+02
|    ( - -4.856e+02 1 0)
|    ( - -1.513e+05 1 0))
s>    ( WDBNDRY_B 0 -1.519e+05 1.473e+02 7.304e+02
s>        ( - -4.856e+02 1 0)
s>        ( - -1.513e+05 1 0))INFO: dtree.c(1439): stop. leaf nodes are specific
INFO: dtree.c(1478): Final simple tree
|( QUESTION9 -1 -1.849e+05 4.937e+02 8.506e+02
|    ( - 2.427e+02 1 0)
|    ( WDBNDRY_B 0 -1.847e+05 3.502e+02 8.496e+02
|        ( QUESTION2_17_L -1 -3.476e+03 1.524e+02 1.600e+01
|            ( - -2.730e+02 1 0)
|            ( - -3.051e+03 4 0))
|        ( QUESTION0 1 -1.809e+05 2.214e+02 8.336e+02
|            ( - -1.795e+05 5 0)
|            ( - -1.119e+03 1 0))))
s>    ( QUESTION9 -1 -1.849e+05 4.937e+02 8.506e+02
s>        ( - 2.427e+02 1 0)
s>        ( WDBNDRY_B 0 -1.847e+05 3.502e+02 8.496e+02
s>            ( QUESTION2_17_L -1 -3.476e+03 1.524e+02 1.600e+01
s>                ( - -2.730e+02 1 0)
s>                ( - -3.051e+03 4 0))
s>            ( QUESTION0 1 -1.809e+05 2.214e+02 8.336e+02
s>                ( - -1.795e+05 5 0)
s>                ( - -1.119e+03 1 0))))INFO: dtree.c(1315): Comp split 6
INFO: dtree.c(1478): Final simple tree
|( QUESTION0_0_R 1 -2.561e+06 2.034e+03 1.169e+04
|    ( QUESTION0 -1 -2.535e+06 1.616e+03 1.158e+04
|        ( - -2.338e+06 28 0)
|        ( - -1.951e+05 13 0))
|    ( QUESTION20 1 -2.386e+04 4.986e+02 1.096e+02
|        ( - -9.032e+03 3 0)
|        ( QUESTION0_5_R 1 -1.433e+04 3.659e+02 6.550e+01
|            ( - -3.923e+03 4 0)
|            ( QUESTION0_3_R 1 -1.004e+04 1.951e+02 4.661e+01
|                ( - -4.765e+03 3 0)
|                ( QUESTION0_11_R 1 -5.082e+03 1.151e+02 2.332e+01
|                    ( - -7.888e+02 2 0)
|                    ( QUESTION0_2_R 1 -4.178e+03 8.950e+01 1.932e+01
|                        ( - -3.262e+03 3 0)
|                        ( - -8.273e+02 1 0)))))))
s>    ( QUESTION0_0_R 1 -2.561e+06 2.034e+03 1.169e+04
s>        ( QUESTION0 -1 -2.535e+06 1.616e+03 1.158e+04
s>            ( - -2.338e+06 28 0)
s>            ( - -1.951e+05 13 0))
s>        ( QUESTION20 1 -2.386e+04 4.986e+02 1.096e+02
s>            ( - -9.032e+03 3 0)
s>            ( QUESTION0_5_R 1 -1.433e+04 3.659e+02 6.550e+01
s>                ( - -3.923e+03 4 0)
s>                ( QUESTION0_3_R 1 -1.004e+04 1.951e+02 4.661e+01
s>                    ( - -4.765e+03 3 0)
s>                    ( QUESTION0_11_R 1 -5.082e+03 1.151e+02 2.332e+01
s>                        ( - -7.888e+02 2 0)
s>                        ( QUESTION0_2_R 1 -4.178e+03 8.950e+01 1.932e+01
s>                            ( - -3.262e+03 3 0)
s>                            ( - -8.273e+02 1 0)))))))INFO: dtree.c(1315): Comp split 7
INFO: dtree.c(1478): Final simple tree
|( QUESTION10 -1 -1.043e+06 4.158e+03 4.719e+03
|    ( QUESTION11 -1 -2.734e+05 1.641e+03 1.251e+03
|        ( QUESTION2_15_L -1 -1.124e+05 4.516e+02 5.102e+02
|            ( - -1.121e+05 11 0 WDBNDRY_B 0 1.971e+02 5.092e+02)
|            ( - 2.411e+02 1 0))
|        ( WDBNDRY_B 0 -1.594e+05 1.034e+03 7.409e+02
|            ( - -2.207e+04 4 0)
|            ( - -1.363e+05 6 0)))
|    ( QUESTION0_0_R 1 -7.653e+05 1.276e+03 3.468e+03
|        ( QUESTION15 -1 -7.426e+05 6.001e+02 3.366e+03
|            ( - -2.485e+04 12 0 WDBNDRY_B 0 3.710e+02 1.134e+02)
|            ( - -7.172e+05 61 0 QUESTION0 -1 3.719e+02 3.253e+03))
|        ( QUESTION0_12_R 1 -2.146e+04 4.619e+02 1.013e+02
|            ( - 2.412e+02 1 0)
|            ( - -2.124e+04 21 0 WDBNDRY_E 0 4.367e+02 1.003e+02))))
s>    ( QUESTION10 -1 -1.043e+06 4.158e+03 4.719e+03
s>        ( QUESTION11 -1 -2.734e+05 1.641e+03 1.251e+03
s>            ( QUESTION2_15_L -1 -1.124e+05 4.516e+02 5.102e+02
s>                ( - -1.121e+05 11 0 WDBNDRY_B 0 1.971e+02 5.092e+02)
s>                ( - 2.411e+02 1 0))
s>            ( WDBNDRY_B 0 -1.594e+05 1.034e+03 7.409e+02
s>                ( - -2.207e+04 4 0)
s>                ( - -1.363e+05 6 0)))
s>        ( QUESTION0_0_R 1 -7.653e+05 1.276e+03 3.468e+03
s>            ( QUESTION15 -1 -7.426e+05 6.001e+02 3.366e+03
s>                ( - -2.485e+04 12 0 WDBNDRY_B 0 3.710e+02 1.134e+02)
s>                ( - -7.172e+05 61 0 QUESTION0 -1 3.719e+02 3.253e+03))
s>            ( QUESTION0_12_R 1 -2.146e+04 4.619e+02 1.013e+02
s>                ( - 2.412e+02 1 0)
s>                ( - -2.124e+04 21 0 WDBNDRY_E 0 4.367e+02 1.003e+02))))INFO: dtree.c(1439): stop. leaf nodes are specific
INFO: dtree.c(1478): Final simple tree
|( SILENCE -1 -2.540e+05 4.801e+02 1.155e+03
|    ( - -1.755e+05 6 0)
|    ( - -7.801e+04 6 0))
s>    ( SILENCE -1 -2.540e+05 4.801e+02 1.155e+03
s>        ( - -1.755e+05 6 0)
s>        ( - -7.801e+04 6 0))INFO: dtree.c(1315): Comp split 8
INFO: dtree.c(1478): Final simple tree
|( WDBNDRY_I 0 -3.164e+05 1.247e+03 1.429e+03
|    ( QUESTION0 -1 -1.117e+05 1.469e+03 5.095e+02
|        ( - -8.833e+04 7 0)
|        ( - -2.188e+04 3 0 QUESTION12 -1 1.390e+02 1.073e+02))
|    ( QUESTION14 -1 -2.035e+05 3.748e+02 9.199e+02
|        ( - -2.154e+04 5 0)
|        ( QUESTION5 -1 -1.816e+05 2.158e+02 8.250e+02
|            ( - -1.460e+03 1 0)
|            ( QUESTION11 -1 -1.799e+05 1.714e+02 8.170e+02
|                ( - -1.825e+03 1 0)
|                ( QUESTION19 -1 -1.779e+05 1.599e+02 8.080e+02
|                    ( - -1.802e+03 1 0)
|                    ( WDBNDRY_B 0 -1.759e+05 1.434e+02 7.988e+02
|                        ( - -1.755e+05 17 0 QUESTION0 -1 1.334e+02 7.968e+02)
|                        ( - -2.797e+02 1 0)))))))
s>    ( WDBNDRY_I 0 -3.164e+05 1.247e+03 1.429e+03
s>        ( QUESTION0 -1 -1.117e+05 1.469e+03 5.095e+02
s>            ( - -8.833e+04 7 0)
s>            ( - -2.188e+04 3 0 QUESTION12 -1 1.390e+02 1.073e+02))
s>        ( QUESTION14 -1 -2.035e+05 3.748e+02 9.199e+02
s>            ( - -2.154e+04 5 0)
s>            ( QUESTION5 -1 -1.816e+05 2.158e+02 8.250e+02
s>                ( - -1.460e+03 1 0)
s>                ( QUESTION11 -1 -1.799e+05 1.714e+02 8.170e+02
s>                    ( - -1.825e+03 1 0)
s>                    ( QUESTION19 -1 -1.779e+05 1.599e+02 8.080e+02
s>                        ( - -1.802e+03 1 0)
s>                        ( WDBNDRY_B 0 -1.759e+05 1.434e+02 7.988e+02
s>                            ( - -1.755e+05 17 0 QUESTION0 -1 1.334e+02 7.968e+02)
s>                            ( - -2.797e+02 1 0)))))))INFO: dtree.c(1439): stop. leaf nodes are specific
INFO: dtree.c(1478): Final simple tree
|( SILENCE -1 -2.619e+05 2.740e+02 1.195e+03
|    ( - -2.257e+05 2 0)
|    ( - -3.592e+04 2 0))
s>    ( SILENCE -1 -2.619e+05 2.740e+02 1.195e+03
s>        ( - -2.257e+05 2 0)
s>        ( - -3.592e+04 2 0))INFO: dtree.c(1315): Comp split 9
INFO: dtree.c(1478): Final simple tree
|( QUESTION0_0_R 1 -7.883e+05 1.282e+03 3.572e+03
|    ( QUESTION10 -1 -7.655e+05 8.577e+02 3.471e+03
|        ( - -2.207e+04 4 0)
|        ( QUESTION15 -1 -7.426e+05 6.001e+02 3.366e+03
|            ( WDBNDRY_B 0 -2.485e+04 3.710e+02 1.134e+02
|                ( - -9.712e+03 6 0)
|                ( - -1.477e+04 6 0))
|            ( QUESTION0 -1 -7.172e+05 3.719e+02 3.253e+03
|                ( - -6.546e+05 40 0 WDBNDRY_B 0 2.031e+02 2.970e+03)
|                ( - -6.218e+04 21 0 WDBNDRY_B 0 2.526e+02 2.829e+02))))
|    ( QUESTION0_12_R 1 -2.146e+04 4.619e+02 1.013e+02
|        ( - 2.412e+02 1 0)
|        ( WDBNDRY_E 0 -2.124e+04 4.367e+02 1.003e+02
|            ( - -2.102e+04 20 0 SILENCE 1 3.630e+02 9.930e+01)
|            ( - 2.189e+02 1 0))))
s>    ( QUESTION0_0_R 1 -7.883e+05 1.282e+03 3.572e+03
s>        ( QUESTION10 -1 -7.655e+05 8.577e+02 3.471e+03
s>            ( - -2.207e+04 4 0)
s>            ( QUESTION15 -1 -7.426e+05 6.001e+02 3.366e+03
s>                ( WDBNDRY_B 0 -2.485e+04 3.710e+02 1.134e+02
s>                    ( - -9.712e+03 6 0)
s>                    ( - -1.477e+04 6 0))
s>                ( QUESTION0 -1 -7.172e+05 3.719e+02 3.253e+03
s>                    ( - -6.546e+05 40 0 WDBNDRY_B 0 2.031e+02 2.970e+03)
s>                    ( - -6.218e+04 21 0 WDBNDRY_B 0 2.526e+02 2.829e+02))))
s>        ( QUESTION0_12_R 1 -2.146e+04 4.619e+02 1.013e+02
s>            ( - 2.412e+02 1 0)
s>            ( WDBNDRY_E 0 -2.124e+04 4.367e+02 1.003e+02
s>                ( - -2.102e+04 20 0 SILENCE 1 3.630e+02 9.930e+01)
s>                ( - 2.189e+02 1 0))))INFO: dtree.c(1439): stop. leaf nodes are specific
INFO: dtree.c(1478): Final simple tree
|( QUESTION11 -1 -2.503e+05 1.599e+03 1.146e+03
|    ( QUESTION2_15_L -1 -1.124e+05 4.516e+02 5.102e+02
|        ( WDBNDRY_B 0 -1.121e+05 1.971e+02 5.092e+02
|            ( - -5.630e+03 5 0)
|            ( - -1.063e+05 6 0))
|        ( - 2.411e+02 1 0))
|    ( - -1.363e+05 6 0))
s>    ( QUESTION11 -1 -2.503e+05 1.599e+03 1.146e+03
s>        ( QUESTION2_15_L -1 -1.124e+05 4.516e+02 5.102e+02
s>            ( WDBNDRY_B 0 -1.121e+05 1.971e+02 5.092e+02
s>                ( - -5.630e+03 5 0)
s>                ( - -1.063e+05 6 0))
s>            ( - 2.411e+02 1 0))
s>        ( - -1.363e+05 6 0))INFO: dtree.c(1315): Comp split 10
INFO: dtree.c(1439): stop. leaf nodes are specific
INFO: dtree.c(1478): Final simple tree
|( QUESTION0 1 -2.189e+04 4.033e+02 9.724e+01
|    ( WDBNDRY_B 0 -1.607e+04 2.752e+02 7.223e+01
|        ( QUESTION17 -1 -1.389e+04 1.198e+02 6.236e+01
|            ( - -1.274e+04 6 0)
|            ( - -1.029e+03 4 0))
|        ( - -1.908e+03 2 0))
|    ( - -5.417e+03 2 0))
s>    ( QUESTION0 1 -2.189e+04 4.033e+02 9.724e+01
s>        ( WDBNDRY_B 0 -1.607e+04 2.752e+02 7.223e+01
s>            ( QUESTION17 -1 -1.389e+04 1.198e+02 6.236e+01
s>                ( - -1.274e+04 6 0)
s>                ( - -1.029e+03 4 0))
s>            ( - -1.908e+03 2 0))
s>        ( - -5.417e+03 2 0))INFO: dtree.c(1439): stop. leaf nodes are specific
INFO: dtree.c(1478): Final simple tree
|( WDBNDRY_B 0 -8.525e+05 2.041e+02 4.021e+03
|    ( - -3.088e+03 1 0)
|    ( - -8.492e+05 5 0))
s>    ( WDBNDRY_B 0 -8.525e+05 2.041e+02 4.021e+03
s>        ( - -3.088e+03 1 0)
s>        ( - -8.492e+05 5 0))INFO: dtree.c(1315): Comp split 11
INFO: dtree.c(1439): stop. leaf nodes are specific
INFO: dtree.c(1478): Final simple tree
|( QUESTION0_0_R 1 -2.205e+05 1.579e+03 9.975e+02
|    ( - -1.951e+05 13 0)
|    ( QUESTION20 1 -2.386e+04 4.986e+02 1.096e+02
|        ( - -9.032e+03 3 0)
|        ( QUESTION0_5_R 1 -1.433e+04 3.659e+02 6.550e+01
|            ( - -3.923e+03 4 0)
|            ( QUESTION0_3_R 1 -1.004e+04 1.951e+02 4.661e+01
|                ( - -4.765e+03 3 0)
|                ( QUESTION0_11_R 1 -5.082e+03 1.151e+02 2.332e+01
|                    ( - -7.888e+02 2 0)
|                    ( QUESTION0_2_R 1 -4.178e+03 8.950e+01 1.932e+01
|                        ( - -3.262e+03 3 0)
|                        ( - -8.273e+02 1 0)))))))
s>    ( QUESTION0_0_R 1 -2.205e+05 1.579e+03 9.975e+02
s>        ( - -1.951e+05 13 0)
s>        ( QUESTION20 1 -2.386e+04 4.986e+02 1.096e+02
s>            ( - -9.032e+03 3 0)
s>            ( QUESTION0_5_R 1 -1.433e+04 3.659e+02 6.550e+01
s>                ( - -3.923e+03 4 0)
s>                ( QUESTION0_3_R 1 -1.004e+04 1.951e+02 4.661e+01
s>                    ( - -4.765e+03 3 0)
s>                    ( QUESTION0_11_R 1 -5.082e+03 1.151e+02 2.332e+01
s>                        ( - -7.888e+02 2 0)
s>                        ( QUESTION0_2_R 1 -4.178e+03 8.950e+01 1.932e+01
s>                            ( - -3.262e+03 3 0)
s>                            ( - -8.273e+02 1 0)))))))INFO: dtree.c(1315): Comp split 12
INFO: dtree.c(1439): stop. leaf nodes are specific
INFO: dtree.c(1478): Final simple tree
|( QUESTION0_19_R 1 -4.972e+04 7.061e+02 2.304e+02
|    ( WDBNDRY_E 0 -2.892e+04 1.784e+02 1.361e+02
|        ( - -5.248e+02 1 0)
|        ( - -2.822e+04 5 0))
|    ( QUESTION0_18_R 1 -2.009e+04 2.749e+02 9.436e+01
|        ( - -5.450e+03 1 0)
|        ( QUESTION17 1 -1.437e+04 1.757e+02 6.729e+01
|            ( - -8.951e+03 3 0)
|            ( WDBNDRY_E 0 -5.242e+03 1.329e+02 2.500e+01
|                ( QUESTION0_16_R 1 -3.096e+03 1.042e+02 1.500e+01
|                    ( - -1.397e+03 3 0)
|                    ( - -1.596e+03 3 0))
|                ( - -2.013e+03 1 0)))))
s>    ( QUESTION0_19_R 1 -4.972e+04 7.061e+02 2.304e+02
s>        ( WDBNDRY_E 0 -2.892e+04 1.784e+02 1.361e+02
s>            ( - -5.248e+02 1 0)
s>            ( - -2.822e+04 5 0))
s>        ( QUESTION0_18_R 1 -2.009e+04 2.749e+02 9.436e+01
s>            ( - -5.450e+03 1 0)
s>            ( QUESTION17 1 -1.437e+04 1.757e+02 6.729e+01
s>                ( - -8.951e+03 3 0)
s>                ( WDBNDRY_E 0 -5.242e+03 1.329e+02 2.500e+01
s>                    ( QUESTION0_16_R 1 -3.096e+03 1.042e+02 1.500e+01
s>                        ( - -1.397e+03 3 0)
s>                        ( - -1.596e+03 3 0))
s>                    ( - -2.013e+03 1 0)))))INFO: dtree.c(1315): Comp split 13
INFO: dtree.c(1439): stop. leaf nodes are specific
INFO: dtree.c(1478): Final simple tree
|( QUESTION2_15_L -1 -1.124e+05 4.516e+02 5.102e+02
|    ( WDBNDRY_B 0 -1.121e+05 1.971e+02 5.092e+02
|        ( - -5.630e+03 5 0)
|        ( - -1.063e+05 6 0))
|    ( - 2.411e+02 1 0))
s>    ( QUESTION2_15_L -1 -1.124e+05 4.516e+02 5.102e+02
s>        ( WDBNDRY_B 0 -1.121e+05 1.971e+02 5.092e+02
s>            ( - -5.630e+03 5 0)
s>            ( - -1.063e+05 6 0))
s>        ( - 2.411e+02 1 0))INFO: dtree.c(1315): Comp split 14
INFO: dtree.c(1439): stop. leaf nodes are specific
INFO: dtree.c(1478): Final simple tree
|( QUESTION20 1 -2.386e+04 4.986e+02 1.096e+02
|    ( - -9.032e+03 3 0)
|    ( QUESTION0_5_R 1 -1.433e+04 3.659e+02 6.550e+01
|        ( - -3.923e+03 4 0)
|        ( QUESTION0_3_R 1 -1.004e+04 1.951e+02 4.661e+01
|            ( - -4.765e+03 3 0)
|            ( QUESTION0_11_R 1 -5.082e+03 1.151e+02 2.332e+01
|                ( - -7.888e+02 2 0)
|                ( QUESTION0_2_R 1 -4.178e+03 8.950e+01 1.932e+01
|                    ( - -3.262e+03 3 0)
|                    ( - -8.273e+02 1 0))))))
s>    ( QUESTION20 1 -2.386e+04 4.986e+02 1.096e+02
s>        ( - -9.032e+03 3 0)
s>        ( QUESTION0_5_R 1 -1.433e+04 3.659e+02 6.550e+01
s>            ( - -3.923e+03 4 0)
s>            ( QUESTION0_3_R 1 -1.004e+04 1.951e+02 4.661e+01
s>                ( - -4.765e+03 3 0)
s>                ( QUESTION0_11_R 1 -5.082e+03 1.151e+02 2.332e+01
s>                    ( - -7.888e+02 2 0)
s>                    ( QUESTION0_2_R 1 -4.178e+03 8.950e+01 1.932e+01
s>                        ( - -3.262e+03 3 0)
s>                        ( - -8.273e+02 1 0))))))INFO: dtree.c(1315): Comp split 15
INFO: dtree.c(1478): Final simple tree
|( WDBNDRY_I 0 -2.267e+05 1.288e+03 1.027e+03
|    ( QUESTION12 -1 -2.188e+04 1.390e+02 1.073e+02
|        ( - -6.860e+02 1 0)
|        ( - -2.105e+04 2 0 QUESTION2 -1 7.521e+01 1.033e+02))
|    ( QUESTION14 -1 -2.035e+05 3.748e+02 9.199e+02
|        ( - -2.154e+04 5 0)
|        ( QUESTION5 -1 -1.816e+05 2.158e+02 8.250e+02
|            ( - -1.460e+03 1 0)
|            ( QUESTION11 -1 -1.799e+05 1.714e+02 8.170e+02
|                ( - -1.825e+03 1 0)
|                ( QUESTION19 -1 -1.779e+05 1.599e+02 8.080e+02
|                    ( - -1.802e+03 1 0)
|                    ( WDBNDRY_B 0 -1.759e+05 1.434e+02 7.988e+02
|                        ( - -1.755e+05 17 0 QUESTION0 -1 1.334e+02 7.968e+02)
|                        ( - -2.797e+02 1 0)))))))
s>    ( WDBNDRY_I 0 -2.267e+05 1.288e+03 1.027e+03
s>        ( QUESTION12 -1 -2.188e+04 1.390e+02 1.073e+02
s>            ( - -6.860e+02 1 0)
s>            ( - -2.105e+04 2 0 QUESTION2 -1 7.521e+01 1.033e+02))
s>        ( QUESTION14 -1 -2.035e+05 3.748e+02 9.199e+02
s>            ( - -2.154e+04 5 0)
s>            ( QUESTION5 -1 -1.816e+05 2.158e+02 8.250e+02
s>                ( - -1.460e+03 1 0)
s>                ( QUESTION11 -1 -1.799e+05 1.714e+02 8.170e+02
s>                    ( - -1.825e+03 1 0)
s>                    ( QUESTION19 -1 -1.779e+05 1.599e+02 8.080e+02
s>                        ( - -1.802e+03 1 0)
s>                        ( WDBNDRY_B 0 -1.759e+05 1.434e+02 7.988e+02
s>                            ( - -1.755e+05 17 0 QUESTION0 -1 1.334e+02 7.968e+02)
s>                            ( - -2.797e+02 1 0)))))))INFO: dtree.c(1315): Comp split 16
INFO: dtree.c(1478): Final simple tree
|( QUESTION14 -1 -2.018e+05 3.719e+02 9.119e+02
|    ( - -2.154e+04 5 0)
|    ( QUESTION11 -1 -1.799e+05 1.714e+02 8.170e+02
|        ( - -1.825e+03 1 0)
|        ( QUESTION19 -1 -1.779e+05 1.599e+02 8.080e+02
|            ( - -1.802e+03 1 0)
|            ( WDBNDRY_B 0 -1.759e+05 1.434e+02 7.988e+02
|                ( QUESTION0 -1 -1.755e+05 1.334e+02 7.968e+02
|                    ( QUESTION2_0_L -1 -1.693e+05 8.418e+01 7.688e+02
|                        ( - -1.671e+05 9 0)
|                        ( - -2.084e+03 2 0))
|                    ( QUESTION2 -1 -6.065e+03 6.817e+01 2.800e+01
|                        ( - -1.652e+03 2 0)
|                        ( - -4.344e+03 4 0)))
|                ( - -2.797e+02 1 0)))))
s>    ( QUESTION14 -1 -2.018e+05 3.719e+02 9.119e+02
s>        ( - -2.154e+04 5 0)
s>        ( QUESTION11 -1 -1.799e+05 1.714e+02 8.170e+02
s>            ( - -1.825e+03 1 0)
s>            ( QUESTION19 -1 -1.779e+05 1.599e+02 8.080e+02
s>                ( - -1.802e+03 1 0)
s>                ( WDBNDRY_B 0 -1.759e+05 1.434e+02 7.988e+02
s>                    ( QUESTION0 -1 -1.755e+05 1.334e+02 7.968e+02
s>                        ( QUESTION2_0_L -1 -1.693e+05 8.418e+01 7.688e+02
s>                            ( - -1.671e+05 9 0)
s>                            ( - -2.084e+03 2 0))
s>                        ( QUESTION2 -1 -6.065e+03 6.817e+01 2.800e+01
s>                            ( - -1.652e+03 2 0)
s>                            ( - -4.344e+03 4 0)))
s>                    ( - -2.797e+02 1 0)))))INFO: dtree.c(1439): stop. leaf nodes are specific
INFO: dtree.c(1478): Final simple tree
|( WDBNDRY_B 0 -2.354e+04 2.069e+02 1.153e+02
|    ( - -1.460e+03 1 0)
|    ( QUESTION12 -1 -2.188e+04 1.390e+02 1.073e+02
|        ( - -6.860e+02 1 0)
|        ( QUESTION2 -1 -2.105e+04 7.521e+01 1.033e+02
|            ( - -1.142e+03 1 0)
|            ( - -1.983e+04 1 0))))
s>    ( WDBNDRY_B 0 -2.354e+04 2.069e+02 1.153e+02
s>        ( - -1.460e+03 1 0)
s>        ( QUESTION12 -1 -2.188e+04 1.390e+02 1.073e+02
s>            ( - -6.860e+02 1 0)
s>            ( QUESTION2 -1 -2.105e+04 7.521e+01 1.033e+02
s>                ( - -1.142e+03 1 0)
s>                ( - -1.983e+04 1 0))))INFO: dtree.c(1315): Comp split 17
INFO: dtree.c(1478): Final simple tree
|( QUESTION10 -1 -7.655e+05 8.577e+02 3.471e+03
|    ( - -2.207e+04 4 0)
|    ( QUESTION15 -1 -7.426e+05 6.001e+02 3.366e+03
|        ( WDBNDRY_B 0 -2.485e+04 3.710e+02 1.134e+02
|            ( - -9.712e+03 6 0)
|            ( - -1.477e+04 6 0))
|        ( QUESTION0 -1 -7.172e+05 3.719e+02 3.253e+03
|            ( WDBNDRY_B 0 -6.546e+05 2.031e+02 2.970e+03
|                ( QUESTION2_0_L -1 -6.476e+05 1.201e+02 2.939e+03
|                    ( - -6.463e+05 28 0)
|                    ( - -1.167e+03 2 0))
|                ( - -6.786e+03 10 0))
|            ( WDBNDRY_B 0 -6.218e+04 2.526e+02 2.829e+02
|                ( - -5.751e+04 17 0 QUESTION2 -1 1.052e+02 2.608e+02)
|                ( - -4.411e+03 4 0)))))
s>    ( QUESTION10 -1 -7.655e+05 8.577e+02 3.471e+03
s>        ( - -2.207e+04 4 0)
s>        ( QUESTION15 -1 -7.426e+05 6.001e+02 3.366e+03
s>            ( WDBNDRY_B 0 -2.485e+04 3.710e+02 1.134e+02
s>                ( - -9.712e+03 6 0)
s>                ( - -1.477e+04 6 0))
s>            ( QUESTION0 -1 -7.172e+05 3.719e+02 3.253e+03
s>                ( WDBNDRY_B 0 -6.546e+05 2.031e+02 2.970e+03
s>                    ( QUESTION2_0_L -1 -6.476e+05 1.201e+02 2.939e+03
s>                        ( - -6.463e+05 28 0)
s>                        ( - -1.167e+03 2 0))
s>                    ( - -6.786e+03 10 0))
s>                ( WDBNDRY_B 0 -6.218e+04 2.526e+02 2.829e+02
s>                    ( - -5.751e+04 17 0 QUESTION2 -1 1.052e+02 2.608e+02)
s>                    ( - -4.411e+03 4 0)))))INFO: dtree.c(1478): Final simple tree
|( QUESTION0_12_R 1 -2.146e+04 4.619e+02 1.013e+02
|    ( - 2.412e+02 1 0)
|    ( WDBNDRY_E 0 -2.124e+04 4.367e+02 1.003e+02
|        ( SILENCE 1 -2.102e+04 3.630e+02 9.930e+01
|            ( - -1.050e+04 3 0)
|            ( QUESTION20 1 -1.016e+04 2.672e+02 4.600e+01
|                ( - -2.182e+03 2 0)
|                ( QUESTION0_10_R 1 -7.710e+03 1.694e+02 3.500e+01
|                    ( - -3.176e+03 5 0)
|                    ( QUESTION0_4_R 1 -4.365e+03 1.440e+02 2.000e+01
|                        ( - -3.122e+02 2 0)
|                        ( QUESTION12 1 -3.908e+03 1.307e+02 1.800e+01
|                            ( - -7.668e+02 2 0)
|                            ( - -3.011e+03 6 0 QUESTION0_2_R 1 9.622e+01 1.400e+01))))))
|        ( - 2.189e+02 1 0)))
s>    ( QUESTION0_12_R 1 -2.146e+04 4.619e+02 1.013e+02
s>        ( - 2.412e+02 1 0)
s>        ( WDBNDRY_E 0 -2.124e+04 4.367e+02 1.003e+02
s>            ( SILENCE 1 -2.102e+04 3.630e+02 9.930e+01
s>                ( - -1.050e+04 3 0)
s>                ( QUESTION20 1 -1.016e+04 2.672e+02 4.600e+01
s>                    ( - -2.182e+03 2 0)
s>                    ( QUESTION0_10_R 1 -7.710e+03 1.694e+02 3.500e+01
s>                        ( - -3.176e+03 5 0)
s>                        ( QUESTION0_4_R 1 -4.365e+03 1.440e+02 2.000e+01
s>                            ( - -3.122e+02 2 0)
s>                            ( QUESTION12 1 -3.908e+03 1.307e+02 1.800e+01
s>                                ( - -7.668e+02 2 0)
s>                                ( - -3.011e+03 6 0 QUESTION0_2_R 1 9.622e+01 1.400e+01))))))
s>            ( - 2.189e+02 1 0)))INFO: dtree.c(1315): Comp split 18
INFO: dtree.c(1439): stop. leaf nodes are specific
INFO: dtree.c(1478): Final simple tree
|( WDBNDRY_B 0 -2.805e+04 2.843e+02 1.330e+02
|    ( QUESTION0 -1 -2.335e+04 1.154e+02 1.109e+02
|        ( - -1.167e+03 2 0)
|        ( - -2.207e+04 4 0))
|    ( - -4.411e+03 4 0))
s>    ( WDBNDRY_B 0 -2.805e+04 2.843e+02 1.330e+02
s>        ( QUESTION0 -1 -2.335e+04 1.154e+02 1.109e+02
s>            ( - -1.167e+03 2 0)
s>            ( - -2.207e+04 4 0))
s>        ( - -4.411e+03 4 0))INFO: dtree.c(1439): stop. leaf nodes are specific
INFO: dtree.c(1478): Final simple tree
|( QUESTION2_6_L -1 -7.366e+05 6.037e+02 3.338e+03
|    ( WDBNDRY_B 0 -2.711e+04 3.450e+02 1.234e+02
|        ( QUESTION2 -1 -1.199e+04 1.287e+02 5.580e+01
|            ( - -2.153e+03 3 0)
|            ( - -9.712e+03 6 0))
|        ( - -1.477e+04 6 0))
|    ( QUESTION0 -1 -7.089e+05 3.215e+02 3.215e+03
|        ( WDBNDRY_B 0 -6.533e+05 2.030e+02 2.964e+03
|            ( - -6.463e+05 28 0)
|            ( - -6.786e+03 10 0))
|        ( - -5.526e+04 14 0)))
s>    ( QUESTION2_6_L -1 -7.366e+05 6.037e+02 3.338e+03
s>        ( WDBNDRY_B 0 -2.711e+04 3.450e+02 1.234e+02
s>            ( QUESTION2 -1 -1.199e+04 1.287e+02 5.580e+01
s>                ( - -2.153e+03 3 0)
s>                ( - -9.712e+03 6 0))
s>            ( - -1.477e+04 6 0))
s>        ( QUESTION0 -1 -7.089e+05 3.215e+02 3.215e+03
s>            ( WDBNDRY_B 0 -6.533e+05 2.030e+02 2.964e+03
s>                ( - -6.463e+05 28 0)
s>                ( - -6.786e+03 10 0))
s>            ( - -5.526e+04 14 0)))INFO: dtree.c(1315): Comp split 19
INFO: dtree.c(1439): stop. leaf nodes are specific
INFO: dtree.c(1478): Final simple tree
|( QUESTION0_18_R 1 -2.009e+04 2.749e+02 9.436e+01
|    ( - -5.450e+03 1 0)
|    ( QUESTION17 1 -1.437e+04 1.757e+02 6.729e+01
|        ( - -8.951e+03 3 0)
|        ( WDBNDRY_E 0 -5.242e+03 1.329e+02 2.500e+01
|            ( QUESTION0_16_R 1 -3.096e+03 1.042e+02 1.500e+01
|                ( - -1.397e+03 3 0)
|                ( - -1.596e+03 3 0))
|            ( - -2.013e+03 1 0))))
s>    ( QUESTION0_18_R 1 -2.009e+04 2.749e+02 9.436e+01
s>        ( - -5.450e+03 1 0)
s>        ( QUESTION17 1 -1.437e+04 1.757e+02 6.729e+01
s>            ( - -8.951e+03 3 0)
s>            ( WDBNDRY_E 0 -5.242e+03 1.329e+02 2.500e+01
s>                ( QUESTION0_16_R 1 -3.096e+03 1.042e+02 1.500e+01
s>                    ( - -1.397e+03 3 0)
s>                    ( - -1.596e+03 3 0))
s>                ( - -2.013e+03 1 0))))INFO: dtree.c(1439): stop. leaf nodes are specific
INFO: dtree.c(1478): Final simple tree
|( WDBNDRY_E 0 -2.892e+04 1.784e+02 1.361e+02
|    ( - -5.248e+02 1 0)
|    ( - -2.822e+04 5 0))
s>    ( WDBNDRY_E 0 -2.892e+04 1.784e+02 1.361e+02
s>        ( - -5.248e+02 1 0)
s>        ( - -2.822e+04 5 0))INFO: dtree.c(1315): Comp split 20
INFO: dtree.c(1439): stop. leaf nodes are specific
INFO: dtree.c(1478): Final simple tree
|( QUESTION0 -1 -7.089e+05 3.215e+02 3.215e+03
|    ( WDBNDRY_B 0 -6.533e+05 2.030e+02 2.964e+03
|        ( - -6.463e+05 28 0)
|        ( - -6.786e+03 10 0))
|    ( - -5.526e+04 14 0))
s>    ( QUESTION0 -1 -7.089e+05 3.215e+02 3.215e+03
s>        ( WDBNDRY_B 0 -6.533e+05 2.030e+02 2.964e+03
s>            ( - -6.463e+05 28 0)
s>            ( - -6.786e+03 10 0))
s>        ( - -5.526e+04 14 0))INFO: dtree.c(1439): stop. leaf nodes are specific
INFO: dtree.c(1478): Final simple tree
|( WDBNDRY_B 0 -2.711e+04 3.450e+02 1.234e+02
|    ( QUESTION2 -1 -1.199e+04 1.287e+02 5.580e+01
|        ( - -2.153e+03 3 0)
|        ( - -9.712e+03 6 0))
|    ( - -1.477e+04 6 0))
s>    ( WDBNDRY_B 0 -2.711e+04 3.450e+02 1.234e+02
s>        ( QUESTION2 -1 -1.199e+04 1.287e+02 5.580e+01
s>            ( - -2.153e+03 3 0)
s>            ( - -9.712e+03 6 0))
s>        ( - -1.477e+04 6 0))INFO: dtree.c(1315): Comp split 21
INFO: dtree.c(1439): stop. leaf nodes are specific
INFO: dtree.c(1478): Final simple tree
|( QUESTION20 1 -1.434e+04 2.219e+02 6.742e+01
|    ( - -9.032e+03 3 0)
|    ( QUESTION0_11_R 1 -5.082e+03 1.151e+02 2.332e+01
|        ( - -7.888e+02 2 0)
|        ( QUESTION0_2_R 1 -4.178e+03 8.950e+01 1.932e+01
|            ( - -3.262e+03 3 0)
|            ( - -8.273e+02 1 0))))
s>    ( QUESTION20 1 -1.434e+04 2.219e+02 6.742e+01
s>        ( - -9.032e+03 3 0)
s>        ( QUESTION0_11_R 1 -5.082e+03 1.151e+02 2.332e+01
s>            ( - -7.888e+02 2 0)
s>            ( QUESTION0_2_R 1 -4.178e+03 8.950e+01 1.932e+01
s>                ( - -3.262e+03 3 0)
s>                ( - -8.273e+02 1 0))))INFO: dtree.c(1439): stop. leaf nodes are specific
INFO: dtree.c(1478): Final simple tree
|( QUESTION0_3_R 1 -8.965e+03 2.774e+02 4.218e+01
|    ( - -4.765e+03 3 0)
|    ( - -3.923e+03 4 0))
s>    ( QUESTION0_3_R 1 -8.965e+03 2.774e+02 4.218e+01
s>        ( - -4.765e+03 3 0)
s>        ( - -3.923e+03 4 0))INFO: dtree.c(1315): Comp split 22
INFO: dtree.c(1439): stop. leaf nodes are specific
INFO: dtree.c(1478): Final simple tree
|( WDBNDRY_B 0 -1.847e+05 3.502e+02 8.496e+02
|    ( QUESTION2_17_L -1 -3.476e+03 1.524e+02 1.600e+01
|        ( - -2.730e+02 1 0)
|        ( - -3.051e+03 4 0))
|    ( QUESTION0 1 -1.809e+05 2.214e+02 8.336e+02
|        ( - -1.795e+05 5 0)
|        ( - -1.119e+03 1 0)))
s>    ( WDBNDRY_B 0 -1.847e+05 3.502e+02 8.496e+02
s>        ( QUESTION2_17_L -1 -3.476e+03 1.524e+02 1.600e+01
s>            ( - -2.730e+02 1 0)
s>            ( - -3.051e+03 4 0))
s>        ( QUESTION0 1 -1.809e+05 2.214e+02 8.336e+02
s>            ( - -1.795e+05 5 0)
s>            ( - -1.119e+03 1 0)))INFO: dtree.c(1315): Comp split 23
INFO: dtree.c(1315): Comp split 24
INFO: dtree.c(1439): stop. leaf nodes are specific
INFO: dtree.c(1478): Final simple tree
|( WDBNDRY_B 0 -8.689e+03 2.079e+02 3.988e+01
|    ( QUESTION0 1 -6.573e+03 1.272e+02 3.001e+01
|        ( - -1.029e+03 4 0)
|        ( - -5.417e+03 2 0))
|    ( - -1.908e+03 2 0))
s>    ( WDBNDRY_B 0 -8.689e+03 2.079e+02 3.988e+01
s>        ( QUESTION0 1 -6.573e+03 1.272e+02 3.001e+01
s>            ( - -1.029e+03 4 0)
s>            ( - -5.417e+03 2 0))
s>        ( - -1.908e+03 2 0))INFO: dtree.c(1315): Comp split 25
INFO: dtree.c(1478): Final simple tree
|( WDBNDRY_E 0 -2.124e+04 4.367e+02 1.003e+02
|    ( SILENCE 1 -2.102e+04 3.630e+02 9.930e+01
|        ( - -1.050e+04 3 0)
|        ( QUESTION20 1 -1.016e+04 2.672e+02 4.600e+01
|            ( - -2.182e+03 2 0)
|            ( QUESTION0_10_R 1 -7.710e+03 1.694e+02 3.500e+01
|                ( - -3.176e+03 5 0)
|                ( QUESTION0_4_R 1 -4.365e+03 1.440e+02 2.000e+01
|                    ( - -3.122e+02 2 0)
|                    ( QUESTION12 1 -3.908e+03 1.307e+02 1.800e+01
|                        ( - -7.668e+02 2 0)
|                        ( QUESTION0_2_R 1 -3.011e+03 9.622e+01 1.400e+01
|                            ( - -2.532e+03 4 0)
|                            ( - -3.824e+02 2 0)))))))
|    ( - 2.189e+02 1 0))
s>    ( WDBNDRY_E 0 -2.124e+04 4.367e+02 1.003e+02
s>        ( SILENCE 1 -2.102e+04 3.630e+02 9.930e+01
s>            ( - -1.050e+04 3 0)
s>            ( QUESTION20 1 -1.016e+04 2.672e+02 4.600e+01
s>                ( - -2.182e+03 2 0)
s>                ( QUESTION0_10_R 1 -7.710e+03 1.694e+02 3.500e+01
s>                    ( - -3.176e+03 5 0)
s>                    ( QUESTION0_4_R 1 -4.365e+03 1.440e+02 2.000e+01
s>                        ( - -3.122e+02 2 0)
s>                        ( QUESTION12 1 -3.908e+03 1.307e+02 1.800e+01
s>                            ( - -7.668e+02 2 0)
s>                            ( QUESTION0_2_R 1 -3.011e+03 9.622e+01 1.400e+01
s>                                ( - -2.532e+03 4 0)
s>                                ( - -3.824e+02 2 0)))))))
s>        ( - 2.189e+02 1 0))INFO: dtree.c(1315): Comp split 26
INFO: dtree.c(1439): stop. leaf nodes are specific
INFO: dtree.c(1478): Final simple tree
|( WDBNDRY_B 0 -1.121e+05 1.971e+02 5.092e+02
|    ( - -5.630e+03 5 0)
|    ( - -1.063e+05 6 0))
s>    ( WDBNDRY_B 0 -1.121e+05 1.971e+02 5.092e+02
s>        ( - -5.630e+03 5 0)
s>        ( - -1.063e+05 6 0))INFO: dtree.c(1315): Comp split 27
INFO: dtree.c(1439): stop. leaf nodes are specific
INFO: dtree.c(1478): Final simple tree
|( SILENCE 1 -2.102e+04 3.630e+02 9.930e+01
|    ( - -1.050e+04 3 0)
|    ( QUESTION20 1 -1.016e+04 2.672e+02 4.600e+01
|        ( - -2.182e+03 2 0)
|        ( QUESTION0_10_R 1 -7.710e+03 1.694e+02 3.500e+01
|            ( - -3.176e+03 5 0)
|            ( QUESTION0_4_R 1 -4.365e+03 1.440e+02 2.000e+01
|                ( - -3.122e+02 2 0)
|                ( QUESTION12 1 -3.908e+03 1.307e+02 1.800e+01
|                    ( - -7.668e+02 2 0)
|                    ( QUESTION0_2_R 1 -3.011e+03 9.622e+01 1.400e+01
|                        ( - -2.532e+03 4 0)
|                        ( - -3.824e+02 2 0)))))))
s>    ( SILENCE 1 -2.102e+04 3.630e+02 9.930e+01
s>        ( - -1.050e+04 3 0)
s>        ( QUESTION20 1 -1.016e+04 2.672e+02 4.600e+01
s>            ( - -2.182e+03 2 0)
s>            ( QUESTION0_10_R 1 -7.710e+03 1.694e+02 3.500e+01
s>                ( - -3.176e+03 5 0)
s>                ( QUESTION0_4_R 1 -4.365e+03 1.440e+02 2.000e+01
s>                    ( - -3.122e+02 2 0)
s>                    ( QUESTION12 1 -3.908e+03 1.307e+02 1.800e+01
s>                        ( - -7.668e+02 2 0)
s>                        ( QUESTION0_2_R 1 -3.011e+03 9.622e+01 1.400e+01
s>                            ( - -2.532e+03 4 0)
s>                            ( - -3.824e+02 2 0)))))))INFO: dtree.c(1315): Comp split 28
INFO: dtree.c(1439): stop. leaf nodes are specific
INFO: dtree.c(1478): Final simple tree
|( WDBNDRY_B 0 -4.774e+03 1.786e+02 2.200e+01
|    ( QUESTION2_17_L -1 -3.476e+03 1.524e+02 1.600e+01
|        ( - -2.730e+02 1 0)
|        ( - -3.051e+03 4 0))
|    ( - -1.119e+03 1 0))
s>    ( WDBNDRY_B 0 -4.774e+03 1.786e+02 2.200e+01
s>        ( QUESTION2_17_L -1 -3.476e+03 1.524e+02 1.600e+01
s>            ( - -2.730e+02 1 0)
s>            ( - -3.051e+03 4 0))
s>        ( - -1.119e+03 1 0))INFO: dtree.c(1315): Comp split 29
INFO: dtree.c(1439): stop. leaf nodes are specific
INFO: dtree.c(1478): Final simple tree
|( QUESTION19 -1 -1.779e+05 1.599e+02 8.080e+02
|    ( - -1.802e+03 1 0)
|    ( WDBNDRY_B 0 -1.759e+05 1.434e+02 7.988e+02
|        ( QUESTION0 -1 -1.755e+05 1.334e+02 7.968e+02
|            ( QUESTION2_0_L -1 -1.693e+05 8.418e+01 7.688e+02
|                ( - -1.671e+05 9 0)
|                ( - -2.084e+03 2 0))
|            ( QUESTION2 -1 -6.065e+03 6.817e+01 2.800e+01
|                ( - -1.652e+03 2 0)
|                ( - -4.344e+03 4 0)))
|        ( - -2.797e+02 1 0)))
s>    ( QUESTION19 -1 -1.779e+05 1.599e+02 8.080e+02
s>        ( - -1.802e+03 1 0)
s>        ( WDBNDRY_B 0 -1.759e+05 1.434e+02 7.988e+02
s>            ( QUESTION0 -1 -1.755e+05 1.334e+02 7.968e+02
s>                ( QUESTION2_0_L -1 -1.693e+05 8.418e+01 7.688e+02
s>                    ( - -1.671e+05 9 0)
s>                    ( - -2.084e+03 2 0))
s>                ( QUESTION2 -1 -6.065e+03 6.817e+01 2.800e+01
s>                    ( - -1.652e+03 2 0)
s>                    ( - -4.344e+03 4 0)))
s>            ( - -2.797e+02 1 0)))INFO: dtree.c(1439): stop. leaf nodes are specific
INFO: dtree.c(1478): Final simple tree
|( QUESTION2 -1 -2.353e+04 1.671e+02 1.039e+02
|    ( - -1.825e+03 1 0)
|    ( - -2.154e+04 5 0))
s>    ( QUESTION2 -1 -2.353e+04 1.671e+02 1.039e+02
s>        ( - -1.825e+03 1 0)
s>        ( - -2.154e+04 5 0))INFO: dtree.c(1315): Comp split 30
INFO: dtree.c(1439): stop. leaf nodes are specific
INFO: dtree.c(1478): Final simple tree
|( QUESTION20 1 -1.016e+04 2.672e+02 4.600e+01
|    ( - -2.182e+03 2 0)
|    ( QUESTION0_10_R 1 -7.710e+03 1.694e+02 3.500e+01
|        ( - -3.176e+03 5 0)
|        ( QUESTION0_4_R 1 -4.365e+03 1.440e+02 2.000e+01
|            ( - -3.122e+02 2 0)
|            ( QUESTION12 1 -3.908e+03 1.307e+02 1.800e+01
|                ( - -7.668e+02 2 0)
|                ( QUESTION0_2_R 1 -3.011e+03 9.622e+01 1.400e+01
|                    ( - -2.532e+03 4 0)
|                    ( - -3.824e+02 2 0))))))
s>    ( QUESTION20 1 -1.016e+04 2.672e+02 4.600e+01
s>        ( - -2.182e+03 2 0)
s>        ( QUESTION0_10_R 1 -7.710e+03 1.694e+02 3.500e+01
s>            ( - -3.176e+03 5 0)
s>            ( QUESTION0_4_R 1 -4.365e+03 1.440e+02 2.000e+01
s>                ( - -3.122e+02 2 0)
s>                ( QUESTION12 1 -3.908e+03 1.307e+02 1.800e+01
s>                    ( - -7.668e+02 2 0)
s>                    ( QUESTION0_2_R 1 -3.011e+03 9.622e+01 1.400e+01
s>                        ( - -2.532e+03 4 0)
s>                        ( - -3.824e+02 2 0))))))INFO: dtree.c(1315): Comp split 31
INFO: dtree.c(1439): stop. leaf nodes are specific
INFO: dtree.c(1478): Final simple tree
|( QUESTION2 -1 -1.199e+04 1.287e+02 5.580e+01
|    ( - -2.153e+03 3 0)
|    ( - -9.712e+03 6 0))
s>    ( QUESTION2 -1 -1.199e+04 1.287e+02 5.580e+01
s>        ( - -2.153e+03 3 0)
s>        ( - -9.712e+03 6 0))INFO: dtree.c(1315): Comp split 32
INFO: dtree.c(1439): stop. leaf nodes are specific
INFO: dtree.c(1478): Final simple tree
|( WDBNDRY_B 0 -6.533e+05 2.030e+02 2.964e+03
|    ( - -6.463e+05 28 0)
|    ( - -6.786e+03 10 0))
s>    ( WDBNDRY_B 0 -6.533e+05 2.030e+02 2.964e+03
s>        ( - -6.463e+05 28 0)
s>        ( - -6.786e+03 10 0))INFO: dtree.c(1315): Comp split 33
INFO: dtree.c(1439): stop. leaf nodes are specific
INFO: dtree.c(1478): Final simple tree
|( QUESTION0 -1 -2.335e+04 1.154e+02 1.109e+02
|    ( - -1.167e+03 2 0)
|    ( - -2.207e+04 4 0))
s>    ( QUESTION0 -1 -2.335e+04 1.154e+02 1.109e+02
s>        ( - -1.167e+03 2 0)
s>        ( - -2.207e+04 4 0))INFO: dtree.c(1315): Comp split 34
INFO: dtree.c(1315): Comp split 35
INFO: dtree.c(1439): stop. leaf nodes are specific
INFO: dtree.c(1478): Final simple tree
|( QUESTION17 1 -1.437e+04 1.757e+02 6.729e+01
|    ( - -8.951e+03 3 0)
|    ( WDBNDRY_E 0 -5.242e+03 1.329e+02 2.500e+01
|        ( QUESTION0_16_R 1 -3.096e+03 1.042e+02 1.500e+01
|            ( - -1.397e+03 3 0)
|            ( - -1.596e+03 3 0))
|        ( - -2.013e+03 1 0)))
s>    ( QUESTION17 1 -1.437e+04 1.757e+02 6.729e+01
s>        ( - -8.951e+03 3 0)
s>        ( WDBNDRY_E 0 -5.242e+03 1.329e+02 2.500e+01
s>            ( QUESTION0_16_R 1 -3.096e+03 1.042e+02 1.500e+01
s>                ( - -1.397e+03 3 0)
s>                ( - -1.596e+03 3 0))
s>            ( - -2.013e+03 1 0)))INFO: dtree.c(1315): Comp split 36
INFO: dtree.c(1315): Comp split 37
INFO: dtree.c(1439): stop. leaf nodes are specific
INFO: dtree.c(1478): Final simple tree
|( QUESTION0_10_R 1 -7.710e+03 1.694e+02 3.500e+01
|    ( - -3.176e+03 5 0)
|    ( QUESTION0_4_R 1 -4.365e+03 1.440e+02 2.000e+01
|        ( - -3.122e+02 2 0)
|        ( QUESTION12 1 -3.908e+03 1.307e+02 1.800e+01
|            ( - -7.668e+02 2 0)
|            ( QUESTION0_2_R 1 -3.011e+03 9.622e+01 1.400e+01
|                ( - -2.532e+03 4 0)
|                ( - -3.824e+02 2 0)))))
s>    ( QUESTION0_10_R 1 -7.710e+03 1.694e+02 3.500e+01
s>        ( - -3.176e+03 5 0)
s>        ( QUESTION0_4_R 1 -4.365e+03 1.440e+02 2.000e+01
s>            ( - -3.122e+02 2 0)
s>            ( QUESTION12 1 -3.908e+03 1.307e+02 1.800e+01
s>                ( - -7.668e+02 2 0)
s>                ( QUESTION0_2_R 1 -3.011e+03 9.622e+01 1.400e+01
s>                    ( - -2.532e+03 4 0)
s>                    ( - -3.824e+02 2 0)))))INFO: dtree.c(1315): Comp split 38
INFO: dtree.c(1439): stop. leaf nodes are specific
INFO: dtree.c(1478): Final simple tree
|( QUESTION0_11_R 1 -5.082e+03 1.151e+02 2.332e+01
|    ( - -7.888e+02 2 0)
|    ( QUESTION0_2_R 1 -4.178e+03 8.950e+01 1.932e+01
|        ( - -3.262e+03 3 0)
|        ( - -8.273e+02 1 0)))
s>    ( QUESTION0_11_R 1 -5.082e+03 1.151e+02 2.332e+01
s>        ( - -7.888e+02 2 0)
s>        ( QUESTION0_2_R 1 -4.178e+03 8.950e+01 1.932e+01
s>            ( - -3.262e+03 3 0)
s>            ( - -8.273e+02 1 0)))INFO: dtree.c(1315): Comp split 39
INFO: dtree.c(1439): stop. leaf nodes are specific
INFO: dtree.c(1478): Final simple tree
|( QUESTION0 1 -6.573e+03 1.272e+02 3.001e+01
|    ( - -1.029e+03 4 0)
|    ( - -5.417e+03 2 0))
s>    ( QUESTION0 1 -6.573e+03 1.272e+02 3.001e+01
s>        ( - -1.029e+03 4 0)
s>        ( - -5.417e+03 2 0))INFO: dtree.c(1315): Comp split 40
INFO: dtree.c(1439): stop. leaf nodes are specific
INFO: dtree.c(1478): Final simple tree
|( QUESTION12 -1 -2.188e+04 1.390e+02 1.073e+02
|    ( - -6.860e+02 1 0)
|    ( QUESTION2 -1 -2.105e+04 7.521e+01 1.033e+02
|        ( - -1.142e+03 1 0)
|        ( - -1.983e+04 1 0)))
s>    ( QUESTION12 -1 -2.188e+04 1.390e+02 1.073e+02
s>        ( - -6.860e+02 1 0)
s>        ( QUESTION2 -1 -2.105e+04 7.521e+01 1.033e+02
s>            ( - -1.142e+03 1 0)
s>            ( - -1.983e+04 1 0)))INFO: dtree.c(1315): Comp split 41
INFO: dtree.c(1315): Comp split 42
INFO: dtree.c(1315): Comp split 43
INFO: dtree.c(1315): Comp split 44
INFO: dtree.c(1439): stop. leaf nodes are specific
INFO: dtree.c(1478): Final simple tree
|( QUESTION2_17_L -1 -3.476e+03 1.524e+02 1.600e+01
|    ( - -2.730e+02 1 0)
|    ( - -3.051e+03 4 0))
s>    ( QUESTION2_17_L -1 -3.476e+03 1.524e+02 1.600e+01
s>        ( - -2.730e+02 1 0)
s>        ( - -3.051e+03 4 0))INFO: dtree.c(1315): Comp split 45
INFO: dtree.c(1315): Comp split 46
INFO: dtree.c(1439): stop. leaf nodes are specific
INFO: dtree.c(1478): Final simple tree
|( WDBNDRY_E 0 -5.242e+03 1.329e+02 2.500e+01
|    ( QUESTION0_16_R 1 -3.096e+03 1.042e+02 1.500e+01
|        ( - -1.397e+03 3 0)
|        ( - -1.596e+03 3 0))
|    ( - -2.013e+03 1 0))
s>    ( WDBNDRY_E 0 -5.242e+03 1.329e+02 2.500e+01
s>        ( QUESTION0_16_R 1 -3.096e+03 1.042e+02 1.500e+01
s>            ( - -1.397e+03 3 0)
s>            ( - -1.596e+03 3 0))
s>        ( - -2.013e+03 1 0))INFO: dtree.c(1315): Comp split 47
INFO: dtree.c(1439): stop. leaf nodes are specific
INFO: dtree.c(1478): Final simple tree
|( QUESTION0 -1 -1.755e+05 1.334e+02 7.968e+02
|    ( QUESTION2_0_L -1 -1.693e+05 8.418e+01 7.688e+02
|        ( - -1.671e+05 9 0)
|        ( - -2.084e+03 2 0))
|    ( QUESTION2 -1 -6.065e+03 6.817e+01 2.800e+01
|        ( - -1.652e+03 2 0)
|        ( - -4.344e+03 4 0)))
s>    ( QUESTION0 -1 -1.755e+05 1.334e+02 7.968e+02
s>        ( QUESTION2_0_L -1 -1.693e+05 8.418e+01 7.688e+02
s>            ( - -1.671e+05 9 0)
s>            ( - -2.084e+03 2 0))
s>        ( QUESTION2 -1 -6.065e+03 6.817e+01 2.800e+01
s>            ( - -1.652e+03 2 0)
s>            ( - -4.344e+03 4 0)))INFO: dtree.c(1439): stop. leaf nodes are specific
INFO: dtree.c(1478): Final simple tree
|( WDBNDRY_B 0 -2.209e+03 1.280e+02 1.114e+01
|    ( - -1.802e+03 1 0)
|    ( - -2.797e+02 1 0))
s>    ( WDBNDRY_B 0 -2.209e+03 1.280e+02 1.114e+01
s>        ( - -1.802e+03 1 0)
s>        ( - -2.797e+02 1 0))INFO: dtree.c(1315): Comp split 48
INFO: dtree.c(1439): stop. leaf nodes are specific
INFO: dtree.c(1478): Final simple tree
|( QUESTION0_4_R 1 -4.365e+03 1.440e+02 2.000e+01
|    ( - -3.122e+02 2 0)
|    ( QUESTION12 1 -3.908e+03 1.307e+02 1.800e+01
|        ( - -7.668e+02 2 0)
|        ( QUESTION0_2_R 1 -3.011e+03 9.622e+01 1.400e+01
|            ( - -2.532e+03 4 0)
|            ( - -3.824e+02 2 0))))
s>    ( QUESTION0_4_R 1 -4.365e+03 1.440e+02 2.000e+01
s>        ( - -3.122e+02 2 0)
s>        ( QUESTION12 1 -3.908e+03 1.307e+02 1.800e+01
s>            ( - -7.668e+02 2 0)
s>            ( QUESTION0_2_R 1 -3.011e+03 9.622e+01 1.400e+01
s>                ( - -2.532e+03 4 0)
s>                ( - -3.824e+02 2 0))))INFO: dtree.c(1315): Comp split 49
INFO: dtree.c(1315): Comp split 50
INFO: dtree.c(1315): Comp split 51
INFO: dtree.c(1315): Comp split 52
INFO: dtree.c(1439): stop. leaf nodes are specific
INFO: dtree.c(1478): Final simple tree
|( QUESTION12 1 -3.908e+03 1.307e+02 1.800e+01
|    ( - -7.668e+02 2 0)
|    ( QUESTION0_2_R 1 -3.011e+03 9.622e+01 1.400e+01
|        ( - -2.532e+03 4 0)
|        ( - -3.824e+02 2 0)))
s>    ( QUESTION12 1 -3.908e+03 1.307e+02 1.800e+01
s>        ( - -7.668e+02 2 0)
s>        ( QUESTION0_2_R 1 -3.011e+03 9.622e+01 1.400e+01
s>            ( - -2.532e+03 4 0)
s>            ( - -3.824e+02 2 0)))INFO: dtree.c(1315): Comp split 53
INFO: dtree.c(1439): stop. leaf nodes are specific
INFO: dtree.c(1478): Final simple tree
|( QUESTION2 -1 -2.105e+04 7.521e+01 1.033e+02
|    ( - -1.142e+03 1 0)
|    ( - -1.983e+04 1 0))
s>    ( QUESTION2 -1 -2.105e+04 7.521e+01 1.033e+02
s>        ( - -1.142e+03 1 0)
s>        ( - -1.983e+04 1 0))INFO: dtree.c(1315): Comp split 54
INFO: dtree.c(1439): stop. leaf nodes are specific
INFO: dtree.c(1478): Final simple tree
|( QUESTION2 -1 -6.065e+03 6.817e+01 2.800e+01
|    ( - -1.652e+03 2 0)
|    ( - -4.344e+03 4 0))
s>    ( QUESTION2 -1 -6.065e+03 6.817e+01 2.800e+01
s>        ( - -1.652e+03 2 0)
s>        ( - -4.344e+03 4 0))INFO: dtree.c(1439): stop. leaf nodes are specific
INFO: dtree.c(1478): Final simple tree
|( QUESTION2_0_L -1 -1.693e+05 8.418e+01 7.688e+02
|    ( - -1.671e+05 9 0)
|    ( - -2.084e+03 2 0))
s>    ( QUESTION2_0_L -1 -1.693e+05 8.418e+01 7.688e+02
s>        ( - -1.671e+05 9 0)
s>        ( - -2.084e+03 2 0))INFO: dtree.c(1315): Comp split 55
INFO: dtree.c(1439): stop. leaf nodes are specific
INFO: dtree.c(1478): Final simple tree
|( QUESTION0_16_R 1 -3.096e+03 1.042e+02 1.500e+01
|    ( - -1.397e+03 3 0)
|    ( - -1.596e+03 3 0))
s>    ( QUESTION0_16_R 1 -3.096e+03 1.042e+02 1.500e+01
s>        ( - -1.397e+03 3 0)
s>        ( - -1.596e+03 3 0))INFO: dtree.c(1315): Comp split 56
INFO: dtree.c(1439): stop. leaf nodes are specific
INFO: dtree.c(1478): Final simple tree
|( QUESTION0_2_R 1 -3.011e+03 9.622e+01 1.400e+01
|    ( - -2.532e+03 4 0)
|    ( - -3.824e+02 2 0))
s>    ( QUESTION0_2_R 1 -3.011e+03 9.622e+01 1.400e+01
s>        ( - -2.532e+03 4 0)
s>        ( - -3.824e+02 2 0))INFO: dtree.c(1315): Comp split 57
INFO: dtree.c(1315): Comp split 58
INFO: dtree.c(1315): Comp split 59
INFO: dtree.c(1315): Comp split 60
INFO: dtree.c(1315): Comp split 61
INFO: dtree.c(1439): stop. leaf nodes are specific
INFO: dtree.c(1478): Final simple tree
|( QUESTION0_2_R 1 -4.178e+03 8.950e+01 1.932e+01
|    ( - -3.262e+03 3 0)
|    ( - -8.273e+02 1 0))
s>    ( QUESTION0_2_R 1 -4.178e+03 8.950e+01 1.932e+01
s>        ( - -3.262e+03 3 0)
s>        ( - -8.273e+02 1 0))INFO: dtree.c(1315): Comp split 62
INFO: dtree.c(1315): Comp split 63
INFO: dtree.c(1315): Comp split 64
INFO: dtree.c(1315): Comp split 65
INFO: dtree.c(1315): Comp split 66
INFO: dtree.c(1315): Comp split 67
INFO: dtree.c(1315): Comp split 68
INFO: dtree.c(1318): stop. leaf nodes are specific
Tue Mar 28 15:11:30 2023
