Current configuration:
[NAME]		[DEFLT]	[VALUE]
-allphones	no	no
-cntthresh	0.00001	1.000000e-05
-csplitmax	100	2000
-csplitmin	1	1
-csplitthr	8e-4	0.000000e+00
-example	no	no
-fullvar	no	no
-help		no	no
-meanfn			/home/lucija/Documents/Zadnji semestar/ROGJ/Prezentacije/CMUspinx/tutorial10/model_parameters/my_db.cd_cont_untied/means
-mixwfn			/home/lucija/Documents/Zadnji semestar/ROGJ/Prezentacije/CMUspinx/tutorial10/model_parameters/my_db.cd_cont_untied/mixture_weights
-moddeffn		/home/lucija/Documents/Zadnji semestar/ROGJ/Prezentacije/CMUspinx/tutorial10/model_architecture/my_db.untied.mdef
-mwfloor	1e-4	1.000000e-08
-phone			ć
-psetfn			/home/lucija/Documents/Zadnji semestar/ROGJ/Prezentacije/CMUspinx/tutorial10/model_architecture/my_db.tree_questions
-ssplitmax	5	7
-ssplitmin	1	1
-ssplitthr	8e-4	0.000000e+00
-state			2
-stwt			1.0,0.05,0.0,
-treefn			/home/lucija/Documents/Zadnji semestar/ROGJ/Prezentacije/CMUspinx/tutorial10/trees/my_db.unpruned/ć-2.dtree
-ts2cbfn	.semi.	.cont.
-varfloor	0.00001	1.000000e-05
-varfn			/home/lucija/Documents/Zadnji semestar/ROGJ/Prezentacije/CMUspinx/tutorial10/model_parameters/my_db.cd_cont_untied/variances

INFO: main.c(223): Reading: /home/lucija/Documents/Zadnji semestar/ROGJ/Prezentacije/CMUspinx/tutorial10/model_architecture/my_db.untied.mdef
INFO: model_def_io.c(573): Model definition info:
INFO: model_def_io.c(574): 10885 total models defined (32 base, 10853 tri)
INFO: model_def_io.c(575): 43540 total states
INFO: model_def_io.c(576): 32655 total tied states
INFO: model_def_io.c(577): 96 total tied CI states
INFO: model_def_io.c(578): 32 total tied transition matrices
INFO: model_def_io.c(579): 4 max state/model
INFO: model_def_io.c(580): 4 min state/model
INFO: main.c(242): Building trees for [ć NOISE e b] through [ć š u i]
INFO: main.c(268): Covering states |[31116 31403]| == 288
INFO: main.c(275): Reading: /home/lucija/Documents/Zadnji semestar/ROGJ/Prezentacije/CMUspinx/tutorial10/model_parameters/my_db.cd_cont_untied/mixture_weights
INFO: s3mixw_io.c(172): Read /home/lucija/Documents/Zadnji semestar/ROGJ/Prezentacije/CMUspinx/tutorial10/model_parameters/my_db.cd_cont_untied/mixture_weights [288x1x1 array]
INFO: main.c(311): 96 of 96 models have observation count greater than 0.000010
INFO: main.c(95): nrm stwt: 0.000 0.048 0.952 
INFO: s3gau_io.c(168): Read /home/lucija/Documents/Zadnji semestar/ROGJ/Prezentacije/CMUspinx/tutorial10/model_parameters/my_db.cd_cont_untied/means [32655x1x1 array]
INFO: s3gau_io.c(168): Read /home/lucija/Documents/Zadnji semestar/ROGJ/Prezentacije/CMUspinx/tutorial10/model_parameters/my_db.cd_cont_untied/variances [32655x1x1 array]
INFO: main.c(549): Reading: /home/lucija/Documents/Zadnji semestar/ROGJ/Prezentacije/CMUspinx/tutorial10/model_architecture/my_db.tree_questions
INFO: main.c(587): 180 total simple questions (172 phone; 8 word bndry)
INFO: main.c(589): 42 Left Only questions, and 42 Right Only questions
INFO: dtree.c(1478): Final simple tree
|( WDBNDRY_E 0 -1.991e+06 1.053e+04 8.860e+03
|    ( QUESTION0_5_R 1 -2.182e+05 9.635e+02 9.795e+02
|        ( - -2.415e+04 1 0)
|        ( SILENCE 1 -1.930e+05 8.749e+02 8.640e+02
|            ( - -7.639e+04 2 0)
|            ( QUESTION15 1 -1.158e+05 5.451e+02 5.145e+02
|                ( - -2.954e+04 13 0 QUESTION20 1 2.072e+02 1.331e+02)
|                ( - -8.570e+04 26 0 QUESTION0_9_R 1 3.185e+02 3.813e+02))))
|    ( WDBNDRY_B 0 -1.762e+06 3.239e+03 7.880e+03
|        ( - -4.927e+05 21 0 QUESTION13 -1 2.992e+02 2.237e+03)
|        ( QUESTION0_0_R 1 -1.266e+06 2.409e+03 5.644e+03
|            ( QUESTION5 -1 -1.221e+06 8.167e+02 5.461e+03
|                ( - -4.477e+04 4 0)
|                ( - -1.176e+06 26 0 QUESTION13 -1 3.002e+02 5.256e+03))
|            ( - -4.296e+04 3 0))))
s>    ( WDBNDRY_E 0 -1.991e+06 1.053e+04 8.860e+03
s>        ( QUESTION0_5_R 1 -2.182e+05 9.635e+02 9.795e+02
s>            ( - -2.415e+04 1 0)
s>            ( SILENCE 1 -1.930e+05 8.749e+02 8.640e+02
s>                ( - -7.639e+04 2 0)
s>                ( QUESTION15 1 -1.158e+05 5.451e+02 5.145e+02
s>                    ( - -2.954e+04 13 0 QUESTION20 1 2.072e+02 1.331e+02)
s>                    ( - -8.570e+04 26 0 QUESTION0_9_R 1 3.185e+02 3.813e+02))))
s>        ( WDBNDRY_B 0 -1.762e+06 3.239e+03 7.880e+03
s>            ( - -4.927e+05 21 0 QUESTION13 -1 2.992e+02 2.237e+03)
s>            ( QUESTION0_0_R 1 -1.266e+06 2.409e+03 5.644e+03
s>                ( QUESTION5 -1 -1.221e+06 8.167e+02 5.461e+03
s>                    ( - -4.477e+04 4 0)
s>                    ( - -1.176e+06 26 0 QUESTION13 -1 3.002e+02 5.256e+03))
s>                ( - -4.296e+04 3 0))))INFO: dtree.c(1315): Comp split 0
INFO: dtree.c(1478): Final simple tree
|( WDBNDRY_B 0 -1.717e+06 3.036e+03 7.697e+03
|    ( QUESTION13 -1 -4.927e+05 2.992e+02 2.237e+03
|        ( QUESTION19 -1 -1.718e+05 2.271e+02 7.908e+02
|            ( - -1.357e+05 1 0)
|            ( - -3.593e+04 8 0 QUESTION16 -1 1.191e+02 1.626e+02))
|        ( QUESTION3 -1 -3.205e+05 1.729e+02 1.446e+03
|            ( - -1.112e+03 1 0)
|            ( QUESTION7 -1 -3.193e+05 1.447e+02 1.440e+03
|                ( - -2.870e+02 1 0)
|                ( - -3.188e+05 10 0 QUESTION5 -1 1.443e+02 1.438e+03))))
|    ( QUESTION5 -1 -1.221e+06 8.167e+02 5.461e+03
|        ( - -4.477e+04 4 0)
|        ( QUESTION13 -1 -1.176e+06 3.002e+02 5.256e+03
|            ( - -1.623e+04 3 0 QUESTION14 -1 1.369e+02 7.626e+01)
|            ( - -1.159e+06 23 0 QUESTION0 -1 1.026e+02 5.179e+03))))
s>    ( WDBNDRY_B 0 -1.717e+06 3.036e+03 7.697e+03
s>        ( QUESTION13 -1 -4.927e+05 2.992e+02 2.237e+03
s>            ( QUESTION19 -1 -1.718e+05 2.271e+02 7.908e+02
s>                ( - -1.357e+05 1 0)
s>                ( - -3.593e+04 8 0 QUESTION16 -1 1.191e+02 1.626e+02))
s>            ( QUESTION3 -1 -3.205e+05 1.729e+02 1.446e+03
s>                ( - -1.112e+03 1 0)
s>                ( QUESTION7 -1 -3.193e+05 1.447e+02 1.440e+03
s>                    ( - -2.870e+02 1 0)
s>                    ( - -3.188e+05 10 0 QUESTION5 -1 1.443e+02 1.438e+03))))
s>        ( QUESTION5 -1 -1.221e+06 8.167e+02 5.461e+03
s>            ( - -4.477e+04 4 0)
s>            ( QUESTION13 -1 -1.176e+06 3.002e+02 5.256e+03
s>                ( - -1.623e+04 3 0 QUESTION14 -1 1.369e+02 7.626e+01)
s>                ( - -1.159e+06 23 0 QUESTION0 -1 1.026e+02 5.179e+03))))INFO: dtree.c(1478): Final simple tree
|( QUESTION0_17_R 1 -2.625e+05 1.416e+03 1.163e+03
|    ( WDBNDRY_E 0 -4.819e+04 2.564e+02 2.051e+02
|        ( - -4.980e+03 2 0)
|        ( - -4.296e+04 3 0))
|    ( QUESTION0_5_R 1 -2.129e+05 9.682e+02 9.574e+02
|        ( - -2.415e+04 1 0)
|        ( SILENCE 1 -1.878e+05 8.437e+02 8.420e+02
|            ( - -7.639e+04 2 0)
|            ( QUESTION15 1 -1.105e+05 5.295e+02 4.924e+02
|                ( - -2.954e+04 13 0 QUESTION20 1 2.072e+02 1.331e+02)
|                ( QUESTION0_9_R 1 -8.046e+04 3.201e+02 3.593e+02
|                    ( - -1.887e+04 2 0)
|                    ( QUESTION0_3_R 1 -6.127e+04 2.137e+02 2.737e+02
|                        ( - -1.303e+04 6 0 QUESTION11 1 8.506e+01 5.786e+01)
|                        ( - -4.803e+04 16 0 QUESTION13 1 2.094e+02 2.158e+02)))))))
s>    ( QUESTION0_17_R 1 -2.625e+05 1.416e+03 1.163e+03
s>        ( WDBNDRY_E 0 -4.819e+04 2.564e+02 2.051e+02
s>            ( - -4.980e+03 2 0)
s>            ( - -4.296e+04 3 0))
s>        ( QUESTION0_5_R 1 -2.129e+05 9.682e+02 9.574e+02
s>            ( - -2.415e+04 1 0)
s>            ( SILENCE 1 -1.878e+05 8.437e+02 8.420e+02
s>                ( - -7.639e+04 2 0)
s>                ( QUESTION15 1 -1.105e+05 5.295e+02 4.924e+02
s>                    ( - -2.954e+04 13 0 QUESTION20 1 2.072e+02 1.331e+02)
s>                    ( QUESTION0_9_R 1 -8.046e+04 3.201e+02 3.593e+02
s>                        ( - -1.887e+04 2 0)
s>                        ( QUESTION0_3_R 1 -6.127e+04 2.137e+02 2.737e+02
s>                            ( - -1.303e+04 6 0 QUESTION11 1 8.506e+01 5.786e+01)
s>                            ( - -4.803e+04 16 0 QUESTION13 1 2.094e+02 2.158e+02)))))))INFO: dtree.c(1315): Comp split 1
INFO: dtree.c(1439): stop. leaf nodes are specific
INFO: dtree.c(1478): Final simple tree
|( QUESTION13 -1 -1.176e+06 3.002e+02 5.256e+03
|    ( QUESTION14 -1 -1.623e+04 1.369e+02 7.626e+01
|        ( - -4.999e+02 1 0)
|        ( - -1.559e+04 2 0))
|    ( QUESTION0 -1 -1.159e+06 1.026e+02 5.179e+03
|        ( - -1.157e+06 22 0)
|        ( - -2.020e+03 1 0)))
s>    ( QUESTION13 -1 -1.176e+06 3.002e+02 5.256e+03
s>        ( QUESTION14 -1 -1.623e+04 1.369e+02 7.626e+01
s>            ( - -4.999e+02 1 0)
s>            ( - -1.559e+04 2 0))
s>        ( QUESTION0 -1 -1.159e+06 1.026e+02 5.179e+03
s>            ( - -1.157e+06 22 0)
s>            ( - -2.020e+03 1 0)))INFO: dtree.c(1478): Final simple tree
|( QUESTION2 -1 -5.378e+05 3.812e+02 2.442e+03
|    ( QUESTION3 -1 -4.960e+04 1.634e+02 2.272e+02
|        ( - -1.112e+03 1 0)
|        ( QUESTION7 -1 -4.832e+04 1.403e+02 2.212e+02
|            ( - -2.870e+02 1 0)
|            ( - -4.789e+04 7 0 QUESTION2_15_L -1 1.034e+02 2.192e+02)))
|    ( QUESTION0 -1 -4.878e+05 3.012e+02 2.215e+03
|        ( - -3.142e+05 6 0 QUESTION2_0_L -1 1.128e+02 1.417e+03)
|        ( QUESTION19 -1 -1.733e+05 2.337e+02 7.978e+02
|            ( - -1.357e+05 1 0)
|            ( SILENCE -1 -3.742e+04 1.233e+02 1.696e+02
|                ( - -1.370e+03 1 0)
|                ( QUESTION16 -1 -3.593e+04 1.191e+02 1.626e+02
|                    ( - -2.774e+03 2 0 QUESTION17 -1 1.366e+02 1.297e+01)
|                    ( - -3.304e+04 6 0 QUESTION14 -1 1.102e+02 1.497e+02))))))
s>    ( QUESTION2 -1 -5.378e+05 3.812e+02 2.442e+03
s>        ( QUESTION3 -1 -4.960e+04 1.634e+02 2.272e+02
s>            ( - -1.112e+03 1 0)
s>            ( QUESTION7 -1 -4.832e+04 1.403e+02 2.212e+02
s>                ( - -2.870e+02 1 0)
s>                ( - -4.789e+04 7 0 QUESTION2_15_L -1 1.034e+02 2.192e+02)))
s>        ( QUESTION0 -1 -4.878e+05 3.012e+02 2.215e+03
s>            ( - -3.142e+05 6 0 QUESTION2_0_L -1 1.128e+02 1.417e+03)
s>            ( QUESTION19 -1 -1.733e+05 2.337e+02 7.978e+02
s>                ( - -1.357e+05 1 0)
s>                ( SILENCE -1 -3.742e+04 1.233e+02 1.696e+02
s>                    ( - -1.370e+03 1 0)
s>                    ( QUESTION16 -1 -3.593e+04 1.191e+02 1.626e+02
s>                        ( - -2.774e+03 2 0 QUESTION17 -1 1.366e+02 1.297e+01)
s>                        ( - -3.304e+04 6 0 QUESTION14 -1 1.102e+02 1.497e+02))))))INFO: dtree.c(1315): Comp split 2
INFO: dtree.c(1478): Final simple tree
|( QUESTION0_5_R 1 -1.352e+05 9.419e+02 5.943e+02
|    ( - -2.415e+04 1 0)
|    ( QUESTION0_17_R 1 -1.101e+05 6.659e+02 4.788e+02
|        ( WDBNDRY_E 0 -4.819e+04 2.564e+02 2.051e+02
|            ( - -4.980e+03 2 0)
|            ( - -4.296e+04 3 0))
|        ( QUESTION0_3_R 1 -6.127e+04 2.137e+02 2.737e+02
|            ( - -1.303e+04 6 0 QUESTION11 1 8.506e+01 5.786e+01)
|            ( QUESTION13 1 -4.803e+04 2.094e+02 2.158e+02
|                ( QUESTION0_0_R 1 -2.348e+03 1.348e+02 1.100e+01
|                    ( - -8.507e+02 1 0)
|                    ( - -1.363e+03 2 0))
|                ( QUESTION0_0_R 1 -4.547e+04 1.593e+02 2.048e+02
|                    ( - -4.481e+04 12 0)
|                    ( - -5.008e+02 1 0))))))
s>    ( QUESTION0_5_R 1 -1.352e+05 9.419e+02 5.943e+02
s>        ( - -2.415e+04 1 0)
s>        ( QUESTION0_17_R 1 -1.101e+05 6.659e+02 4.788e+02
s>            ( WDBNDRY_E 0 -4.819e+04 2.564e+02 2.051e+02
s>                ( - -4.980e+03 2 0)
s>                ( - -4.296e+04 3 0))
s>            ( QUESTION0_3_R 1 -6.127e+04 2.137e+02 2.737e+02
s>                ( - -1.303e+04 6 0 QUESTION11 1 8.506e+01 5.786e+01)
s>                ( QUESTION13 1 -4.803e+04 2.094e+02 2.158e+02
s>                    ( QUESTION0_0_R 1 -2.348e+03 1.348e+02 1.100e+01
s>                        ( - -8.507e+02 1 0)
s>                        ( - -1.363e+03 2 0))
s>                    ( QUESTION0_0_R 1 -4.547e+04 1.593e+02 2.048e+02
s>                        ( - -4.481e+04 12 0)
s>                        ( - -5.008e+02 1 0))))))INFO: dtree.c(1439): stop. leaf nodes are specific
INFO: dtree.c(1478): Final simple tree
|( QUESTION13 1 -1.257e+05 6.907e+02 5.683e+02
|    ( QUESTION20 1 -2.954e+04 2.072e+02 1.331e+02
|        ( - -4.810e+03 3 0)
|        ( QUESTION0_9_R 1 -2.452e+04 1.500e+02 1.111e+02
|            ( - -1.717e+04 4 0)
|            ( QUESTION17 1 -7.200e+03 1.241e+02 3.228e+01
|                ( - -3.098e+03 4 0)
|                ( - -3.978e+03 2 0))))
|    ( SILENCE 1 -9.543e+04 1.681e+02 4.352e+02
|        ( - -7.639e+04 2 0)
|        ( - -1.887e+04 2 0)))
s>    ( QUESTION13 1 -1.257e+05 6.907e+02 5.683e+02
s>        ( QUESTION20 1 -2.954e+04 2.072e+02 1.331e+02
s>            ( - -4.810e+03 3 0)
s>            ( QUESTION0_9_R 1 -2.452e+04 1.500e+02 1.111e+02
s>                ( - -1.717e+04 4 0)
s>                ( QUESTION17 1 -7.200e+03 1.241e+02 3.228e+01
s>                    ( - -3.098e+03 4 0)
s>                    ( - -3.978e+03 2 0))))
s>        ( SILENCE 1 -9.543e+04 1.681e+02 4.352e+02
s>            ( - -7.639e+04 2 0)
s>            ( - -1.887e+04 2 0)))INFO: dtree.c(1315): Comp split 3
INFO: dtree.c(1478): Final simple tree
|( QUESTION0_17_R 1 -1.101e+05 6.659e+02 4.788e+02
|    ( WDBNDRY_E 0 -4.819e+04 2.564e+02 2.051e+02
|        ( - -4.980e+03 2 0)
|        ( - -4.296e+04 3 0))
|    ( QUESTION0_3_R 1 -6.127e+04 2.137e+02 2.737e+02
|        ( QUESTION11 1 -1.303e+04 8.506e+01 5.786e+01
|            ( - -1.213e+04 4 0)
|            ( - -8.149e+02 2 0))
|        ( QUESTION13 1 -4.803e+04 2.094e+02 2.158e+02
|            ( QUESTION0_0_R 1 -2.348e+03 1.348e+02 1.100e+01
|                ( - -8.507e+02 1 0)
|                ( - -1.363e+03 2 0))
|            ( QUESTION0_0_R 1 -4.547e+04 1.593e+02 2.048e+02
|                ( - -4.481e+04 12 0)
|                ( - -5.008e+02 1 0)))))
s>    ( QUESTION0_17_R 1 -1.101e+05 6.659e+02 4.788e+02
s>        ( WDBNDRY_E 0 -4.819e+04 2.564e+02 2.051e+02
s>            ( - -4.980e+03 2 0)
s>            ( - -4.296e+04 3 0))
s>        ( QUESTION0_3_R 1 -6.127e+04 2.137e+02 2.737e+02
s>            ( QUESTION11 1 -1.303e+04 8.506e+01 5.786e+01
s>                ( - -1.213e+04 4 0)
s>                ( - -8.149e+02 2 0))
s>            ( QUESTION13 1 -4.803e+04 2.094e+02 2.158e+02
s>                ( QUESTION0_0_R 1 -2.348e+03 1.348e+02 1.100e+01
s>                    ( - -8.507e+02 1 0)
s>                    ( - -1.363e+03 2 0))
s>                ( QUESTION0_0_R 1 -4.547e+04 1.593e+02 2.048e+02
s>                    ( - -4.481e+04 12 0)
s>                    ( - -5.008e+02 1 0)))))INFO: dtree.c(1315): Comp split 4
INFO: dtree.c(1439): stop. leaf nodes are specific
INFO: dtree.c(1478): Final simple tree
|( QUESTION20 1 -2.954e+04 2.072e+02 1.331e+02
|    ( - -4.810e+03 3 0)
|    ( QUESTION0_9_R 1 -2.452e+04 1.500e+02 1.111e+02
|        ( - -1.717e+04 4 0)
|        ( QUESTION17 1 -7.200e+03 1.241e+02 3.228e+01
|            ( - -3.098e+03 4 0)
|            ( - -3.978e+03 2 0))))
s>    ( QUESTION20 1 -2.954e+04 2.072e+02 1.331e+02
s>        ( - -4.810e+03 3 0)
s>        ( QUESTION0_9_R 1 -2.452e+04 1.500e+02 1.111e+02
s>            ( - -1.717e+04 4 0)
s>            ( QUESTION17 1 -7.200e+03 1.241e+02 3.228e+01
s>                ( - -3.098e+03 4 0)
s>                ( - -3.978e+03 2 0))))INFO: dtree.c(1439): stop. leaf nodes are specific
INFO: dtree.c(1478): Final simple tree
|( SILENCE 1 -9.543e+04 1.681e+02 4.352e+02
|    ( - -7.639e+04 2 0)
|    ( - -1.887e+04 2 0))
s>    ( SILENCE 1 -9.543e+04 1.681e+02 4.352e+02
s>        ( - -7.639e+04 2 0)
s>        ( - -1.887e+04 2 0))INFO: dtree.c(1315): Comp split 5
INFO: dtree.c(1439): stop. leaf nodes are specific
INFO: dtree.c(1478): Final simple tree
|( WDBNDRY_E 0 -4.819e+04 2.564e+02 2.051e+02
|    ( - -4.980e+03 2 0)
|    ( - -4.296e+04 3 0))
s>    ( WDBNDRY_E 0 -4.819e+04 2.564e+02 2.051e+02
s>        ( - -4.980e+03 2 0)
s>        ( - -4.296e+04 3 0))INFO: dtree.c(1439): stop. leaf nodes are specific
INFO: dtree.c(1478): Final simple tree
|( QUESTION0_3_R 1 -6.127e+04 2.137e+02 2.737e+02
|    ( QUESTION11 1 -1.303e+04 8.506e+01 5.786e+01
|        ( - -1.213e+04 4 0)
|        ( - -8.149e+02 2 0))
|    ( QUESTION13 1 -4.803e+04 2.094e+02 2.158e+02
|        ( QUESTION0_0_R 1 -2.348e+03 1.348e+02 1.100e+01
|            ( - -8.507e+02 1 0)
|            ( - -1.363e+03 2 0))
|        ( QUESTION0_0_R 1 -4.547e+04 1.593e+02 2.048e+02
|            ( - -4.481e+04 12 0)
|            ( - -5.008e+02 1 0))))
s>    ( QUESTION0_3_R 1 -6.127e+04 2.137e+02 2.737e+02
s>        ( QUESTION11 1 -1.303e+04 8.506e+01 5.786e+01
s>            ( - -1.213e+04 4 0)
s>            ( - -8.149e+02 2 0))
s>        ( QUESTION13 1 -4.803e+04 2.094e+02 2.158e+02
s>            ( QUESTION0_0_R 1 -2.348e+03 1.348e+02 1.100e+01
s>                ( - -8.507e+02 1 0)
s>                ( - -1.363e+03 2 0))
s>            ( QUESTION0_0_R 1 -4.547e+04 1.593e+02 2.048e+02
s>                ( - -4.481e+04 12 0)
s>                ( - -5.008e+02 1 0))))INFO: dtree.c(1315): Comp split 6
INFO: dtree.c(1439): stop. leaf nodes are specific
INFO: dtree.c(1478): Final simple tree
|( QUESTION3 -1 -5.109e+04 1.643e+02 2.342e+02
|    ( - -1.112e+03 1 0)
|    ( QUESTION7 -1 -4.981e+04 1.401e+02 2.282e+02
|        ( - -2.870e+02 1 0)
|        ( SILENCE -1 -4.938e+04 1.196e+02 2.262e+02
|            ( - -1.370e+03 1 0)
|            ( QUESTION2_15_L -1 -4.789e+04 1.034e+02 2.192e+02
|                ( - -6.269e+02 1 0)
|                ( QUESTION5 -1 -4.716e+04 1.110e+02 2.162e+02
|                    ( WDBNDRY_B 0 -4.653e+04 1.375e+02 2.132e+02
|                        ( - -1.624e+03 1 0)
|                        ( - -4.477e+04 4 0))
|                    ( - -5.175e+02 1 0))))))
s>    ( QUESTION3 -1 -5.109e+04 1.643e+02 2.342e+02
s>        ( - -1.112e+03 1 0)
s>        ( QUESTION7 -1 -4.981e+04 1.401e+02 2.282e+02
s>            ( - -2.870e+02 1 0)
s>            ( SILENCE -1 -4.938e+04 1.196e+02 2.262e+02
s>                ( - -1.370e+03 1 0)
s>                ( QUESTION2_15_L -1 -4.789e+04 1.034e+02 2.192e+02
s>                    ( - -6.269e+02 1 0)
s>                    ( QUESTION5 -1 -4.716e+04 1.110e+02 2.162e+02
s>                        ( WDBNDRY_B 0 -4.653e+04 1.375e+02 2.132e+02
s>                            ( - -1.624e+03 1 0)
s>                            ( - -4.477e+04 4 0))
s>                        ( - -5.175e+02 1 0))))))INFO: dtree.c(1439): stop. leaf nodes are specific
INFO: dtree.c(1478): Final simple tree
|( QUESTION0 -1 -4.863e+05 3.008e+02 2.208e+03
|    ( QUESTION2_0_L -1 -3.142e+05 1.128e+02 1.417e+03
|        ( - -3.103e+05 5 0)
|        ( - -3.784e+03 1 0))
|    ( QUESTION19 -1 -1.718e+05 2.271e+02 7.908e+02
|        ( - -1.357e+05 1 0)
|        ( QUESTION16 -1 -3.593e+04 1.191e+02 1.626e+02
|            ( QUESTION17 -1 -2.774e+03 1.366e+02 1.297e+01
|                ( - -1.642e+03 1 0)
|                ( - -9.954e+02 1 0))
|            ( QUESTION14 -1 -3.304e+04 1.102e+02 1.497e+02
|                ( - -2.058e+04 4 0)
|                ( - -1.235e+04 2 0)))))
s>    ( QUESTION0 -1 -4.863e+05 3.008e+02 2.208e+03
s>        ( QUESTION2_0_L -1 -3.142e+05 1.128e+02 1.417e+03
s>            ( - -3.103e+05 5 0)
s>            ( - -3.784e+03 1 0))
s>        ( QUESTION19 -1 -1.718e+05 2.271e+02 7.908e+02
s>            ( - -1.357e+05 1 0)
s>            ( QUESTION16 -1 -3.593e+04 1.191e+02 1.626e+02
s>                ( QUESTION17 -1 -2.774e+03 1.366e+02 1.297e+01
s>                    ( - -1.642e+03 1 0)
s>                    ( - -9.954e+02 1 0))
s>                ( QUESTION14 -1 -3.304e+04 1.102e+02 1.497e+02
s>                    ( - -2.058e+04 4 0)
s>                    ( - -1.235e+04 2 0)))))INFO: dtree.c(1315): Comp split 7
INFO: dtree.c(1439): stop. leaf nodes are specific
INFO: dtree.c(1478): Final simple tree
|( QUESTION2_2_L -1 -3.171e+05 1.130e+02 1.430e+03
|    ( - -3.784e+03 1 0)
|    ( QUESTION17 -1 -3.132e+05 1.113e+02 1.412e+03
|        ( - -1.642e+03 1 0)
|        ( QUESTION0 -1 -3.114e+05 1.297e+02 1.404e+03
|            ( - -3.103e+05 5 0)
|            ( - -9.954e+02 1 0))))
s>    ( QUESTION2_2_L -1 -3.171e+05 1.130e+02 1.430e+03
s>        ( - -3.784e+03 1 0)
s>        ( QUESTION17 -1 -3.132e+05 1.113e+02 1.412e+03
s>            ( - -1.642e+03 1 0)
s>            ( QUESTION0 -1 -3.114e+05 1.297e+02 1.404e+03
s>                ( - -3.103e+05 5 0)
s>                ( - -9.954e+02 1 0))))INFO: dtree.c(1439): stop. leaf nodes are specific
INFO: dtree.c(1478): Final simple tree
|( QUESTION19 -1 -1.689e+05 2.283e+02 7.778e+02
|    ( - -1.357e+05 1 0)
|    ( QUESTION14 -1 -3.304e+04 1.102e+02 1.497e+02
|        ( - -2.058e+04 4 0)
|        ( - -1.235e+04 2 0)))
s>    ( QUESTION19 -1 -1.689e+05 2.283e+02 7.778e+02
s>        ( - -1.357e+05 1 0)
s>        ( QUESTION14 -1 -3.304e+04 1.102e+02 1.497e+02
s>            ( - -2.058e+04 4 0)
s>            ( - -1.235e+04 2 0)))INFO: dtree.c(1315): Comp split 8
INFO: dtree.c(1439): stop. leaf nodes are specific
INFO: dtree.c(1478): Final simple tree
|( QUESTION0 -1 -1.159e+06 1.026e+02 5.179e+03
|    ( - -1.157e+06 22 0)
|    ( - -2.020e+03 1 0))
s>    ( QUESTION0 -1 -1.159e+06 1.026e+02 5.179e+03
s>        ( - -1.157e+06 22 0)
s>        ( - -2.020e+03 1 0))INFO: dtree.c(1439): stop. leaf nodes are specific
INFO: dtree.c(1478): Final simple tree
|( QUESTION14 -1 -1.623e+04 1.369e+02 7.626e+01
|    ( - -4.999e+02 1 0)
|    ( - -1.559e+04 2 0))
s>    ( QUESTION14 -1 -1.623e+04 1.369e+02 7.626e+01
s>        ( - -4.999e+02 1 0)
s>        ( - -1.559e+04 2 0))INFO: dtree.c(1315): Comp split 9
INFO: dtree.c(1315): Comp split 10
INFO: dtree.c(1439): stop. leaf nodes are specific
INFO: dtree.c(1478): Final simple tree
|( QUESTION14 -1 -3.304e+04 1.102e+02 1.497e+02
|    ( - -2.058e+04 4 0)
|    ( - -1.235e+04 2 0))
s>    ( QUESTION14 -1 -3.304e+04 1.102e+02 1.497e+02
s>        ( - -2.058e+04 4 0)
s>        ( - -1.235e+04 2 0))INFO: dtree.c(1315): Comp split 11
INFO: dtree.c(1439): stop. leaf nodes are specific
INFO: dtree.c(1478): Final simple tree
|( QUESTION13 1 -4.803e+04 2.094e+02 2.158e+02
|    ( QUESTION0_0_R 1 -2.348e+03 1.348e+02 1.100e+01
|        ( - -8.507e+02 1 0)
|        ( - -1.363e+03 2 0))
|    ( QUESTION0_0_R 1 -4.547e+04 1.593e+02 2.048e+02
|        ( - -4.481e+04 12 0)
|        ( - -5.008e+02 1 0)))
s>    ( QUESTION13 1 -4.803e+04 2.094e+02 2.158e+02
s>        ( QUESTION0_0_R 1 -2.348e+03 1.348e+02 1.100e+01
s>            ( - -8.507e+02 1 0)
s>            ( - -1.363e+03 2 0))
s>        ( QUESTION0_0_R 1 -4.547e+04 1.593e+02 2.048e+02
s>            ( - -4.481e+04 12 0)
s>            ( - -5.008e+02 1 0)))INFO: dtree.c(1439): stop. leaf nodes are specific
INFO: dtree.c(1478): Final simple tree
|( QUESTION11 1 -1.303e+04 8.506e+01 5.786e+01
|    ( - -1.213e+04 4 0)
|    ( - -8.149e+02 2 0))
s>    ( QUESTION11 1 -1.303e+04 8.506e+01 5.786e+01
s>        ( - -1.213e+04 4 0)
s>        ( - -8.149e+02 2 0))INFO: dtree.c(1315): Comp split 12
INFO: dtree.c(1439): stop. leaf nodes are specific
INFO: dtree.c(1478): Final simple tree
|( QUESTION0_0_R 1 -4.547e+04 1.593e+02 2.048e+02
|    ( - -4.481e+04 12 0)
|    ( - -5.008e+02 1 0))
s>    ( QUESTION0_0_R 1 -4.547e+04 1.593e+02 2.048e+02
s>        ( - -4.481e+04 12 0)
s>        ( - -5.008e+02 1 0))INFO: dtree.c(1439): stop. leaf nodes are specific
INFO: dtree.c(1478): Final simple tree
|( QUESTION0_0_R 1 -2.348e+03 1.348e+02 1.100e+01
|    ( - -8.507e+02 1 0)
|    ( - -1.363e+03 2 0))
s>    ( QUESTION0_0_R 1 -2.348e+03 1.348e+02 1.100e+01
s>        ( - -8.507e+02 1 0)
s>        ( - -1.363e+03 2 0))INFO: dtree.c(1315): Comp split 13
INFO: dtree.c(1439): stop. leaf nodes are specific
INFO: dtree.c(1478): Final simple tree
|( QUESTION0_9_R 1 -2.452e+04 1.500e+02 1.111e+02
|    ( - -1.717e+04 4 0)
|    ( QUESTION17 1 -7.200e+03 1.241e+02 3.228e+01
|        ( - -3.098e+03 4 0)
|        ( - -3.978e+03 2 0)))
s>    ( QUESTION0_9_R 1 -2.452e+04 1.500e+02 1.111e+02
s>        ( - -1.717e+04 4 0)
s>        ( QUESTION17 1 -7.200e+03 1.241e+02 3.228e+01
s>            ( - -3.098e+03 4 0)
s>            ( - -3.978e+03 2 0)))INFO: dtree.c(1315): Comp split 14
INFO: dtree.c(1315): Comp split 15
INFO: dtree.c(1439): stop. leaf nodes are specific
INFO: dtree.c(1478): Final simple tree
|( QUESTION7 -1 -4.981e+04 1.401e+02 2.282e+02
|    ( - -2.870e+02 1 0)
|    ( SILENCE -1 -4.938e+04 1.196e+02 2.262e+02
|        ( - -1.370e+03 1 0)
|        ( QUESTION2_15_L -1 -4.789e+04 1.034e+02 2.192e+02
|            ( - -6.269e+02 1 0)
|            ( QUESTION5 -1 -4.716e+04 1.110e+02 2.162e+02
|                ( WDBNDRY_B 0 -4.653e+04 1.375e+02 2.132e+02
|                    ( - -1.624e+03 1 0)
|                    ( - -4.477e+04 4 0))
|                ( - -5.175e+02 1 0)))))
s>    ( QUESTION7 -1 -4.981e+04 1.401e+02 2.282e+02
s>        ( - -2.870e+02 1 0)
s>        ( SILENCE -1 -4.938e+04 1.196e+02 2.262e+02
s>            ( - -1.370e+03 1 0)
s>            ( QUESTION2_15_L -1 -4.789e+04 1.034e+02 2.192e+02
s>                ( - -6.269e+02 1 0)
s>                ( QUESTION5 -1 -4.716e+04 1.110e+02 2.162e+02
s>                    ( WDBNDRY_B 0 -4.653e+04 1.375e+02 2.132e+02
s>                        ( - -1.624e+03 1 0)
s>                        ( - -4.477e+04 4 0))
s>                    ( - -5.175e+02 1 0)))))INFO: dtree.c(1315): Comp split 16
INFO: dtree.c(1315): Comp split 17
INFO: dtree.c(1439): stop. leaf nodes are specific
INFO: dtree.c(1478): Final simple tree
|( QUESTION0_9_R 1 -2.039e+04 1.183e+02 9.284e+01
|    ( - -1.717e+04 4 0)
|    ( - -3.098e+03 4 0))
s>    ( QUESTION0_9_R 1 -2.039e+04 1.183e+02 9.284e+01
s>        ( - -1.717e+04 4 0)
s>        ( - -3.098e+03 4 0))INFO: dtree.c(1315): Comp split 18
INFO: dtree.c(1439): stop. leaf nodes are specific
INFO: dtree.c(1478): Final simple tree
|( SILENCE -1 -4.938e+04 1.196e+02 2.262e+02
|    ( - -1.370e+03 1 0)
|    ( QUESTION2_15_L -1 -4.789e+04 1.034e+02 2.192e+02
|        ( - -6.269e+02 1 0)
|        ( QUESTION5 -1 -4.716e+04 1.110e+02 2.162e+02
|            ( WDBNDRY_B 0 -4.653e+04 1.375e+02 2.132e+02
|                ( - -1.624e+03 1 0)
|                ( - -4.477e+04 4 0))
|            ( - -5.175e+02 1 0))))
s>    ( SILENCE -1 -4.938e+04 1.196e+02 2.262e+02
s>        ( - -1.370e+03 1 0)
s>        ( QUESTION2_15_L -1 -4.789e+04 1.034e+02 2.192e+02
s>            ( - -6.269e+02 1 0)
s>            ( QUESTION5 -1 -4.716e+04 1.110e+02 2.162e+02
s>                ( WDBNDRY_B 0 -4.653e+04 1.375e+02 2.132e+02
s>                    ( - -1.624e+03 1 0)
s>                    ( - -4.477e+04 4 0))
s>                ( - -5.175e+02 1 0))))INFO: dtree.c(1315): Comp split 19
INFO: dtree.c(1439): stop. leaf nodes are specific
INFO: dtree.c(1478): Final simple tree
|( SILENCE -1 -4.762e+04 1.200e+02 2.182e+02
|    ( - -1.370e+03 1 0)
|    ( QUESTION2_15_L -1 -4.613e+04 1.030e+02 2.112e+02
|        ( - -6.269e+02 1 0)
|        ( WDBNDRY_B 0 -4.540e+04 1.105e+02 2.082e+02
|            ( - -5.175e+02 1 0)
|            ( - -4.477e+04 4 0))))
s>    ( SILENCE -1 -4.762e+04 1.200e+02 2.182e+02
s>        ( - -1.370e+03 1 0)
s>        ( QUESTION2_15_L -1 -4.613e+04 1.030e+02 2.112e+02
s>            ( - -6.269e+02 1 0)
s>            ( WDBNDRY_B 0 -4.540e+04 1.105e+02 2.082e+02
s>                ( - -5.175e+02 1 0)
s>                ( - -4.477e+04 4 0))))INFO: dtree.c(1315): Comp split 20
INFO: dtree.c(1315): Comp split 21
INFO: dtree.c(1315): Comp split 22
INFO: dtree.c(1439): stop. leaf nodes are specific
INFO: dtree.c(1478): Final simple tree
|( QUESTION2_2_L -1 -3.160e+05 1.129e+02 1.425e+03
|    ( - -3.784e+03 1 0)
|    ( QUESTION0 -1 -3.121e+05 1.113e+02 1.407e+03
|        ( - -3.103e+05 5 0)
|        ( - -1.642e+03 1 0)))
s>    ( QUESTION2_2_L -1 -3.160e+05 1.129e+02 1.425e+03
s>        ( - -3.784e+03 1 0)
s>        ( QUESTION0 -1 -3.121e+05 1.113e+02 1.407e+03
s>            ( - -3.103e+05 5 0)
s>            ( - -1.642e+03 1 0)))INFO: dtree.c(1315): Comp split 23
INFO: dtree.c(1439): stop. leaf nodes are specific
INFO: dtree.c(1478): Final simple tree
|( WDBNDRY_B 0 -4.550e+04 1.029e+02 2.082e+02
|    ( - -6.269e+02 1 0)
|    ( - -4.477e+04 4 0))
s>    ( WDBNDRY_B 0 -4.550e+04 1.029e+02 2.082e+02
s>        ( - -6.269e+02 1 0)
s>        ( - -4.477e+04 4 0))INFO: dtree.c(1439): stop. leaf nodes are specific
INFO: dtree.c(1478): Final simple tree
|( SILENCE -1 -1.989e+03 1.019e+02 1.000e+01
|    ( - -1.370e+03 1 0)
|    ( - -5.175e+02 1 0))
s>    ( SILENCE -1 -1.989e+03 1.019e+02 1.000e+01
s>        ( - -1.370e+03 1 0)
s>        ( - -5.175e+02 1 0))INFO: dtree.c(1315): Comp split 24
INFO: dtree.c(1315): Comp split 25
INFO: dtree.c(1439): stop. leaf nodes are specific
INFO: dtree.c(1478): Final simple tree
|( QUESTION0 -1 -3.121e+05 1.113e+02 1.407e+03
|    ( - -3.103e+05 5 0)
|    ( - -1.642e+03 1 0))
s>    ( QUESTION0 -1 -3.121e+05 1.113e+02 1.407e+03
s>        ( - -3.103e+05 5 0)
s>        ( - -1.642e+03 1 0))INFO: dtree.c(1315): Comp split 26
INFO: dtree.c(1315): Comp split 27
INFO: dtree.c(1315): Comp split 28
INFO: dtree.c(1315): Comp split 29
INFO: dtree.c(1315): Comp split 30
INFO: dtree.c(1315): Comp split 31
INFO: dtree.c(1315): Comp split 32
INFO: dtree.c(1318): stop. leaf nodes are specific
Tue Mar 28 15:04:53 2023
