Current configuration:
[NAME]		[DEFLT]	[VALUE]
-allphones	no	no
-cntthresh	0.00001	1.000000e-05
-csplitmax	100	2000
-csplitmin	1	1
-csplitthr	8e-4	0.000000e+00
-example	no	no
-fullvar	no	no
-help		no	no
-meanfn			/home/lucija/Documents/Zadnji semestar/ROGJ/Prezentacije/CMUspinx/tutorial10/model_parameters/my_db.cd_cont_untied/means
-mixwfn			/home/lucija/Documents/Zadnji semestar/ROGJ/Prezentacije/CMUspinx/tutorial10/model_parameters/my_db.cd_cont_untied/mixture_weights
-moddeffn		/home/lucija/Documents/Zadnji semestar/ROGJ/Prezentacije/CMUspinx/tutorial10/model_architecture/my_db.untied.mdef
-mwfloor	1e-4	1.000000e-08
-phone			ć
-psetfn			/home/lucija/Documents/Zadnji semestar/ROGJ/Prezentacije/CMUspinx/tutorial10/model_architecture/my_db.tree_questions
-ssplitmax	5	7
-ssplitmin	1	1
-ssplitthr	8e-4	0.000000e+00
-state			0
-stwt			1.0,0.05,0.0,
-treefn			/home/lucija/Documents/Zadnji semestar/ROGJ/Prezentacije/CMUspinx/tutorial10/trees/my_db.unpruned/ć-0.dtree
-ts2cbfn	.semi.	.cont.
-varfloor	0.00001	1.000000e-05
-varfn			/home/lucija/Documents/Zadnji semestar/ROGJ/Prezentacije/CMUspinx/tutorial10/model_parameters/my_db.cd_cont_untied/variances

INFO: main.c(223): Reading: /home/lucija/Documents/Zadnji semestar/ROGJ/Prezentacije/CMUspinx/tutorial10/model_architecture/my_db.untied.mdef
INFO: model_def_io.c(573): Model definition info:
INFO: model_def_io.c(574): 10885 total models defined (32 base, 10853 tri)
INFO: model_def_io.c(575): 43540 total states
INFO: model_def_io.c(576): 32655 total tied states
INFO: model_def_io.c(577): 96 total tied CI states
INFO: model_def_io.c(578): 32 total tied transition matrices
INFO: model_def_io.c(579): 4 max state/model
INFO: model_def_io.c(580): 4 min state/model
INFO: main.c(242): Building trees for [ć NOISE e b] through [ć š u i]
INFO: main.c(268): Covering states |[31116 31403]| == 288
INFO: main.c(275): Reading: /home/lucija/Documents/Zadnji semestar/ROGJ/Prezentacije/CMUspinx/tutorial10/model_parameters/my_db.cd_cont_untied/mixture_weights
INFO: s3mixw_io.c(172): Read /home/lucija/Documents/Zadnji semestar/ROGJ/Prezentacije/CMUspinx/tutorial10/model_parameters/my_db.cd_cont_untied/mixture_weights [288x1x1 array]
INFO: main.c(311): 96 of 96 models have observation count greater than 0.000010
INFO: main.c(95): nrm stwt: 0.952 0.048 0.000 
INFO: s3gau_io.c(168): Read /home/lucija/Documents/Zadnji semestar/ROGJ/Prezentacije/CMUspinx/tutorial10/model_parameters/my_db.cd_cont_untied/means [32655x1x1 array]
INFO: s3gau_io.c(168): Read /home/lucija/Documents/Zadnji semestar/ROGJ/Prezentacije/CMUspinx/tutorial10/model_parameters/my_db.cd_cont_untied/variances [32655x1x1 array]
INFO: main.c(549): Reading: /home/lucija/Documents/Zadnji semestar/ROGJ/Prezentacije/CMUspinx/tutorial10/model_architecture/my_db.tree_questions
INFO: main.c(587): 180 total simple questions (172 phone; 8 word bndry)
INFO: main.c(589): 42 Left Only questions, and 42 Right Only questions
INFO: dtree.c(1478): Final simple tree
|( QUESTION2_19_L -1 -2.483e+06 5.708e+03 1.090e+04
|    ( QUESTION19 -1 -1.226e+05 1.392e+03 5.494e+02
|        ( - -1.065e+05 1 0)
|        ( - -1.469e+04 2 0))
|    ( QUESTION0_17_R 1 -2.355e+06 1.731e+03 1.035e+04
|        ( - -7.285e+04 5 0 WDBNDRY_E 0 1.516e+02 3.162e+02)
|        ( QUESTION0_0_R 1 -2.280e+06 1.658e+03 1.004e+04
|            ( QUESTION6 -1 -2.128e+06 1.495e+03 9.365e+03
|                ( - -4.767e+04 5 0 WDBNDRY_B 0 1.314e+02 2.182e+02)
|                ( WDBNDRY_B 0 -2.079e+06 1.015e+03 9.147e+03
|                    ( - -4.547e+05 17 0 QUESTION1 -1 4.217e+02 2.009e+03)
|                    ( QUESTION15 -1 -1.623e+06 6.032e+02 7.138e+03
|                        ( - -1.921e+04 2 0)
|                        ( - -1.603e+06 37 0 WDBNDRY_E 0 2.799e+02 7.052e+03))))
|            ( - -1.504e+05 27 0 SILENCE 1 5.483e+02 6.705e+02))))
s>    ( QUESTION2_19_L -1 -2.483e+06 5.708e+03 1.090e+04
s>        ( QUESTION19 -1 -1.226e+05 1.392e+03 5.494e+02
s>            ( - -1.065e+05 1 0)
s>            ( - -1.469e+04 2 0))
s>        ( QUESTION0_17_R 1 -2.355e+06 1.731e+03 1.035e+04
s>            ( - -7.285e+04 5 0 WDBNDRY_E 0 1.516e+02 3.162e+02)
s>            ( QUESTION0_0_R 1 -2.280e+06 1.658e+03 1.004e+04
s>                ( QUESTION6 -1 -2.128e+06 1.495e+03 9.365e+03
s>                    ( - -4.767e+04 5 0 WDBNDRY_B 0 1.314e+02 2.182e+02)
s>                    ( WDBNDRY_B 0 -2.079e+06 1.015e+03 9.147e+03
s>                        ( - -4.547e+05 17 0 QUESTION1 -1 4.217e+02 2.009e+03)
s>                        ( QUESTION15 -1 -1.623e+06 6.032e+02 7.138e+03
s>                            ( - -1.921e+04 2 0)
s>                            ( - -1.603e+06 37 0 WDBNDRY_E 0 2.799e+02 7.052e+03))))
s>                ( - -1.504e+05 27 0 SILENCE 1 5.483e+02 6.705e+02))))INFO: dtree.c(1315): Comp split 0
INFO: dtree.c(1478): Final simple tree
|( QUESTION0_17_R 1 -2.370e+06 1.734e+03 1.042e+04
|    ( - -7.285e+04 5 0 WDBNDRY_E 0 1.516e+02 3.162e+02)
|    ( QUESTION0_0_R 1 -2.295e+06 1.653e+03 1.010e+04
|        ( QUESTION6 -1 -2.143e+06 1.491e+03 9.432e+03
|            ( - -4.767e+04 5 0 WDBNDRY_B 0 1.314e+02 2.182e+02)
|            ( WDBNDRY_B 0 -2.094e+06 1.069e+03 9.213e+03
|                ( QUESTION0 -1 -4.697e+05 5.103e+02 2.075e+03
|                    ( - -4.163e+05 6 0 QUESTION2_0_L -1 1.803e+02 1.841e+03)
|                    ( - -5.287e+04 13 0 QUESTION3 -1 2.628e+02 2.344e+02))
|                ( QUESTION15 -1 -1.623e+06 6.032e+02 7.138e+03
|                    ( - -1.921e+04 2 0)
|                    ( - -1.603e+06 37 0 WDBNDRY_E 0 2.799e+02 7.052e+03))))
|        ( SILENCE 1 -1.504e+05 5.483e+02 6.705e+02
|            ( - -7.276e+04 2 0)
|            ( - -7.709e+04 25 0 QUESTION0_3_R 1 3.412e+02 3.442e+02))))
s>    ( QUESTION0_17_R 1 -2.370e+06 1.734e+03 1.042e+04
s>        ( - -7.285e+04 5 0 WDBNDRY_E 0 1.516e+02 3.162e+02)
s>        ( QUESTION0_0_R 1 -2.295e+06 1.653e+03 1.010e+04
s>            ( QUESTION6 -1 -2.143e+06 1.491e+03 9.432e+03
s>                ( - -4.767e+04 5 0 WDBNDRY_B 0 1.314e+02 2.182e+02)
s>                ( WDBNDRY_B 0 -2.094e+06 1.069e+03 9.213e+03
s>                    ( QUESTION0 -1 -4.697e+05 5.103e+02 2.075e+03
s>                        ( - -4.163e+05 6 0 QUESTION2_0_L -1 1.803e+02 1.841e+03)
s>                        ( - -5.287e+04 13 0 QUESTION3 -1 2.628e+02 2.344e+02))
s>                    ( QUESTION15 -1 -1.623e+06 6.032e+02 7.138e+03
s>                        ( - -1.921e+04 2 0)
s>                        ( - -1.603e+06 37 0 WDBNDRY_E 0 2.799e+02 7.052e+03))))
s>            ( SILENCE 1 -1.504e+05 5.483e+02 6.705e+02
s>                ( - -7.276e+04 2 0)
s>                ( - -7.709e+04 25 0 QUESTION0_3_R 1 3.412e+02 3.442e+02))))INFO: dtree.c(1315): Comp split 1
INFO: dtree.c(1478): Final simple tree
|( QUESTION0 1 -2.169e+06 1.717e+03 9.530e+03
|    ( WDBNDRY_I 0 -2.093e+06 1.073e+03 9.209e+03
|        ( QUESTION15 -1 -1.578e+06 6.075e+02 6.939e+03
|            ( - -1.921e+04 2 0)
|            ( - -1.558e+06 24 0 QUESTION2 -1 1.513e+02 6.853e+03))
|        ( QUESTION1 -1 -5.138e+05 5.000e+02 2.270e+03
|            ( QUESTION3 -1 -5.190e+04 2.625e+02 2.304e+02
|                ( - -1.017e+03 1 0)
|                ( QUESTION14 -1 -5.062e+04 2.000e+02 2.244e+02
|                    ( - -3.009e+04 4 0)
|                    ( - -2.033e+04 7 0 QUESTION5 -1 1.251e+02 9.107e+01)))
|            ( WDBNDRY_B 0 -4.614e+05 2.714e+02 2.040e+03
|                ( - -4.173e+05 7 0 QUESTION2_1_L -1 1.809e+02 1.845e+03)
|                ( - -4.382e+04 12 0))))
|    ( - -7.386e+04 6 0 QUESTION0_0_R 1 1.763e+02 3.202e+02))
s>    ( QUESTION0 1 -2.169e+06 1.717e+03 9.530e+03
s>        ( WDBNDRY_I 0 -2.093e+06 1.073e+03 9.209e+03
s>            ( QUESTION15 -1 -1.578e+06 6.075e+02 6.939e+03
s>                ( - -1.921e+04 2 0)
s>                ( - -1.558e+06 24 0 QUESTION2 -1 1.513e+02 6.853e+03))
s>            ( QUESTION1 -1 -5.138e+05 5.000e+02 2.270e+03
s>                ( QUESTION3 -1 -5.190e+04 2.625e+02 2.304e+02
s>                    ( - -1.017e+03 1 0)
s>                    ( QUESTION14 -1 -5.062e+04 2.000e+02 2.244e+02
s>                        ( - -3.009e+04 4 0)
s>                        ( - -2.033e+04 7 0 QUESTION5 -1 1.251e+02 9.107e+01)))
s>                ( WDBNDRY_B 0 -4.614e+05 2.714e+02 2.040e+03
s>                    ( - -4.173e+05 7 0 QUESTION2_1_L -1 1.809e+02 1.845e+03)
s>                    ( - -4.382e+04 12 0))))
s>        ( - -7.386e+04 6 0 QUESTION0_0_R 1 1.763e+02 3.202e+02))INFO: dtree.c(1478): Final simple tree
|( WDBNDRY_E 0 -1.991e+05 1.004e+03 8.887e+02
|    ( SILENCE 1 -1.504e+05 5.483e+02 6.705e+02
|        ( - -7.276e+04 2 0)
|        ( QUESTION0_3_R 1 -7.709e+04 3.412e+02 3.442e+02
|            ( - -2.001e+04 6 0 QUESTION11 1 1.197e+02 9.087e+01)
|            ( QUESTION2 1 -5.674e+04 2.598e+02 2.534e+02
|                ( QUESTION0_5_R 1 -2.225e+04 2.047e+02 9.924e+01
|                    ( - -8.816e+03 1 0)
|                    ( QUESTION0_2_R 1 -1.323e+04 1.714e+02 5.931e+01
|                        ( - -1.186e+03 1 0)
|                        ( - -1.188e+04 2 0)))
|                ( QUESTION19 1 -3.422e+04 2.038e+02 1.541e+02
|                    ( - -1.754e+04 4 0)
|                    ( - -1.648e+04 11 0 QUESTION0_9_R 1 1.473e+02 7.399e+01)))))
|    ( - -4.767e+04 5 0 WDBNDRY_B 0 1.314e+02 2.182e+02))
s>    ( WDBNDRY_E 0 -1.991e+05 1.004e+03 8.887e+02
s>        ( SILENCE 1 -1.504e+05 5.483e+02 6.705e+02
s>            ( - -7.276e+04 2 0)
s>            ( QUESTION0_3_R 1 -7.709e+04 3.412e+02 3.442e+02
s>                ( - -2.001e+04 6 0 QUESTION11 1 1.197e+02 9.087e+01)
s>                ( QUESTION2 1 -5.674e+04 2.598e+02 2.534e+02
s>                    ( QUESTION0_5_R 1 -2.225e+04 2.047e+02 9.924e+01
s>                        ( - -8.816e+03 1 0)
s>                        ( QUESTION0_2_R 1 -1.323e+04 1.714e+02 5.931e+01
s>                            ( - -1.186e+03 1 0)
s>                            ( - -1.188e+04 2 0)))
s>                    ( QUESTION19 1 -3.422e+04 2.038e+02 1.541e+02
s>                        ( - -1.754e+04 4 0)
s>                        ( - -1.648e+04 11 0 QUESTION0_9_R 1 1.473e+02 7.399e+01)))))
s>        ( - -4.767e+04 5 0 WDBNDRY_B 0 1.314e+02 2.182e+02))INFO: dtree.c(1315): Comp split 2
INFO: dtree.c(1478): Final simple tree
|( WDBNDRY_I 0 -2.073e+06 1.070e+03 9.123e+03
|    ( QUESTION2 -1 -1.558e+06 1.513e+02 6.853e+03
|        ( - -2.589e+03 1 0)
|        ( - -1.556e+06 23 0 QUESTION0 -1 1.167e+02 6.841e+03))
|    ( QUESTION1 -1 -5.138e+05 5.000e+02 2.270e+03
|        ( QUESTION3 -1 -5.190e+04 2.625e+02 2.304e+02
|            ( - -1.017e+03 1 0)
|            ( QUESTION14 -1 -5.062e+04 2.000e+02 2.244e+02
|                ( - -3.009e+04 4 0)
|                ( - -2.033e+04 7 0 QUESTION5 -1 1.251e+02 9.107e+01)))
|        ( WDBNDRY_B 0 -4.614e+05 2.714e+02 2.040e+03
|            ( QUESTION2_1_L -1 -4.173e+05 1.809e+02 1.845e+03
|                ( - -6.216e+03 1 0)
|                ( - -4.109e+05 6 0 SILENCE -1 1.252e+02 1.816e+03))
|            ( - -4.382e+04 12 0))))
s>    ( WDBNDRY_I 0 -2.073e+06 1.070e+03 9.123e+03
s>        ( QUESTION2 -1 -1.558e+06 1.513e+02 6.853e+03
s>            ( - -2.589e+03 1 0)
s>            ( - -1.556e+06 23 0 QUESTION0 -1 1.167e+02 6.841e+03))
s>        ( QUESTION1 -1 -5.138e+05 5.000e+02 2.270e+03
s>            ( QUESTION3 -1 -5.190e+04 2.625e+02 2.304e+02
s>                ( - -1.017e+03 1 0)
s>                ( QUESTION14 -1 -5.062e+04 2.000e+02 2.244e+02
s>                    ( - -3.009e+04 4 0)
s>                    ( - -2.033e+04 7 0 QUESTION5 -1 1.251e+02 9.107e+01)))
s>            ( WDBNDRY_B 0 -4.614e+05 2.714e+02 2.040e+03
s>                ( QUESTION2_1_L -1 -4.173e+05 1.809e+02 1.845e+03
s>                    ( - -6.216e+03 1 0)
s>                    ( - -4.109e+05 6 0 SILENCE -1 1.252e+02 1.816e+03))
s>                ( - -4.382e+04 12 0))))INFO: dtree.c(1439): stop. leaf nodes are specific
INFO: dtree.c(1478): Final simple tree
|( QUESTION0_0_R 1 -9.360e+04 5.311e+02 4.066e+02
|    ( WDBNDRY_E 0 -2.022e+04 1.727e+02 9.041e+01
|        ( - -8.333e+02 1 0)
|        ( - -1.921e+04 2 0))
|    ( WDBNDRY_E 0 -7.285e+04 1.516e+02 3.162e+02
|        ( - -5.341e+03 2 0)
|        ( - -6.736e+04 3 0)))
s>    ( QUESTION0_0_R 1 -9.360e+04 5.311e+02 4.066e+02
s>        ( WDBNDRY_E 0 -2.022e+04 1.727e+02 9.041e+01
s>            ( - -8.333e+02 1 0)
s>            ( - -1.921e+04 2 0))
s>        ( WDBNDRY_E 0 -7.285e+04 1.516e+02 3.162e+02
s>            ( - -5.341e+03 2 0)
s>            ( - -6.736e+04 3 0)))INFO: dtree.c(1315): Comp split 3
INFO: dtree.c(1478): Final simple tree
|( QUESTION1 -1 -5.138e+05 5.000e+02 2.270e+03
|    ( QUESTION3 -1 -5.190e+04 2.625e+02 2.304e+02
|        ( - -1.017e+03 1 0)
|        ( QUESTION14 -1 -5.062e+04 2.000e+02 2.244e+02
|            ( - -3.009e+04 4 0)
|            ( QUESTION5 -1 -2.033e+04 1.251e+02 9.107e+01
|                ( - -5.153e+02 1 0)
|                ( - -1.969e+04 6 0 QUESTION16 -1 1.115e+02 8.807e+01))))
|    ( WDBNDRY_B 0 -4.614e+05 2.714e+02 2.040e+03
|        ( QUESTION2_1_L -1 -4.173e+05 1.809e+02 1.845e+03
|            ( - -6.216e+03 1 0)
|            ( SILENCE -1 -4.109e+05 1.252e+02 1.816e+03
|                ( - -8.443e+02 1 0)
|                ( - -4.099e+05 5 0)))
|        ( - -4.382e+04 12 0)))
s>    ( QUESTION1 -1 -5.138e+05 5.000e+02 2.270e+03
s>        ( QUESTION3 -1 -5.190e+04 2.625e+02 2.304e+02
s>            ( - -1.017e+03 1 0)
s>            ( QUESTION14 -1 -5.062e+04 2.000e+02 2.244e+02
s>                ( - -3.009e+04 4 0)
s>                ( QUESTION5 -1 -2.033e+04 1.251e+02 9.107e+01
s>                    ( - -5.153e+02 1 0)
s>                    ( - -1.969e+04 6 0 QUESTION16 -1 1.115e+02 8.807e+01))))
s>        ( WDBNDRY_B 0 -4.614e+05 2.714e+02 2.040e+03
s>            ( QUESTION2_1_L -1 -4.173e+05 1.809e+02 1.845e+03
s>                ( - -6.216e+03 1 0)
s>                ( SILENCE -1 -4.109e+05 1.252e+02 1.816e+03
s>                    ( - -8.443e+02 1 0)
s>                    ( - -4.099e+05 5 0)))
s>            ( - -4.382e+04 12 0)))INFO: dtree.c(1439): stop. leaf nodes are specific
INFO: dtree.c(1478): Final simple tree
|( QUESTION2 -1 -1.558e+06 1.513e+02 6.853e+03
|    ( - -2.589e+03 1 0)
|    ( QUESTION0 -1 -1.556e+06 1.167e+02 6.841e+03
|        ( - -1.555e+06 22 0)
|        ( - -7.336e+02 1 0)))
s>    ( QUESTION2 -1 -1.558e+06 1.513e+02 6.853e+03
s>        ( - -2.589e+03 1 0)
s>        ( QUESTION0 -1 -1.556e+06 1.167e+02 6.841e+03
s>            ( - -1.555e+06 22 0)
s>            ( - -7.336e+02 1 0)))INFO: dtree.c(1315): Comp split 4
INFO: dtree.c(1478): Final simple tree
|( SILENCE 1 -1.504e+05 5.483e+02 6.705e+02
|    ( - -7.276e+04 2 0)
|    ( QUESTION0_3_R 1 -7.709e+04 3.412e+02 3.442e+02
|        ( - -2.001e+04 6 0 QUESTION11 1 1.197e+02 9.087e+01)
|        ( QUESTION2 1 -5.674e+04 2.598e+02 2.534e+02
|            ( QUESTION0_5_R 1 -2.225e+04 2.047e+02 9.924e+01
|                ( - -8.816e+03 1 0)
|                ( QUESTION0_2_R 1 -1.323e+04 1.714e+02 5.931e+01
|                    ( - -1.186e+03 1 0)
|                    ( - -1.188e+04 2 0)))
|            ( QUESTION19 1 -3.422e+04 2.038e+02 1.541e+02
|                ( - -1.754e+04 4 0)
|                ( QUESTION0_9_R 1 -1.648e+04 1.473e+02 7.399e+01
|                    ( - -5.920e+03 3 0)
|                    ( - -1.042e+04 8 0 QUESTION17 1 1.255e+02 4.699e+01))))))
s>    ( SILENCE 1 -1.504e+05 5.483e+02 6.705e+02
s>        ( - -7.276e+04 2 0)
s>        ( QUESTION0_3_R 1 -7.709e+04 3.412e+02 3.442e+02
s>            ( - -2.001e+04 6 0 QUESTION11 1 1.197e+02 9.087e+01)
s>            ( QUESTION2 1 -5.674e+04 2.598e+02 2.534e+02
s>                ( QUESTION0_5_R 1 -2.225e+04 2.047e+02 9.924e+01
s>                    ( - -8.816e+03 1 0)
s>                    ( QUESTION0_2_R 1 -1.323e+04 1.714e+02 5.931e+01
s>                        ( - -1.186e+03 1 0)
s>                        ( - -1.188e+04 2 0)))
s>                ( QUESTION19 1 -3.422e+04 2.038e+02 1.541e+02
s>                    ( - -1.754e+04 4 0)
s>                    ( QUESTION0_9_R 1 -1.648e+04 1.473e+02 7.399e+01
s>                        ( - -5.920e+03 3 0)
s>                        ( - -1.042e+04 8 0 QUESTION17 1 1.255e+02 4.699e+01))))))INFO: dtree.c(1439): stop. leaf nodes are specific
INFO: dtree.c(1478): Final simple tree
|( WDBNDRY_B 0 -4.767e+04 1.314e+02 2.182e+02
|    ( - -1.196e+03 1 0)
|    ( - -4.634e+04 4 0))
s>    ( WDBNDRY_B 0 -4.767e+04 1.314e+02 2.182e+02
s>        ( - -1.196e+03 1 0)
s>        ( - -4.634e+04 4 0))INFO: dtree.c(1315): Comp split 5
INFO: dtree.c(1478): Final simple tree
|( QUESTION19 1 -5.583e+04 2.856e+02 2.510e+02
|    ( - -1.754e+04 4 0)
|    ( QUESTION0_9_R 1 -3.801e+04 1.864e+02 1.709e+02
|        ( - -5.920e+03 3 0)
|        ( QUESTION17 1 -3.191e+04 1.612e+02 1.439e+02
|            ( - -4.963e+03 4 0)
|            ( QUESTION0_4_R 1 -2.678e+04 1.449e+02 1.209e+02
|                ( - -1.186e+03 1 0)
|                ( QUESTION12 1 -2.545e+04 1.247e+02 1.149e+02
|                    ( - -2.035e+03 2 0)
|                    ( QUESTION0_16_R 1 -2.329e+04 1.088e+02 1.049e+02
|                        ( - -1.614e+03 2 0)
|                        ( QUESTION0_2_R 1 -2.157e+04 1.037e+02 9.686e+01
|                            ( - -1.786e+04 4 0)
|                            ( - -3.608e+03 2 0))))))))
s>    ( QUESTION19 1 -5.583e+04 2.856e+02 2.510e+02
s>        ( - -1.754e+04 4 0)
s>        ( QUESTION0_9_R 1 -3.801e+04 1.864e+02 1.709e+02
s>            ( - -5.920e+03 3 0)
s>            ( QUESTION17 1 -3.191e+04 1.612e+02 1.439e+02
s>                ( - -4.963e+03 4 0)
s>                ( QUESTION0_4_R 1 -2.678e+04 1.449e+02 1.209e+02
s>                    ( - -1.186e+03 1 0)
s>                    ( QUESTION12 1 -2.545e+04 1.247e+02 1.149e+02
s>                        ( - -2.035e+03 2 0)
s>                        ( QUESTION0_16_R 1 -2.329e+04 1.088e+02 1.049e+02
s>                            ( - -1.614e+03 2 0)
s>                            ( QUESTION0_2_R 1 -2.157e+04 1.037e+02 9.686e+01
s>                                ( - -1.786e+04 4 0)
s>                                ( - -3.608e+03 2 0))))))))INFO: dtree.c(1439): stop. leaf nodes are specific
INFO: dtree.c(1478): Final simple tree
|( QUESTION0_2_R 1 -9.386e+04 2.965e+02 4.195e+02
|    ( - -8.816e+03 1 0)
|    ( SILENCE 1 -8.475e+04 1.188e+02 3.796e+02
|        ( - -7.276e+04 2 0)
|        ( - -1.188e+04 2 0)))
s>    ( QUESTION0_2_R 1 -9.386e+04 2.965e+02 4.195e+02
s>        ( - -8.816e+03 1 0)
s>        ( SILENCE 1 -8.475e+04 1.188e+02 3.796e+02
s>            ( - -7.276e+04 2 0)
s>            ( - -1.188e+04 2 0)))INFO: dtree.c(1315): Comp split 6
INFO: dtree.c(1439): stop. leaf nodes are specific
INFO: dtree.c(1478): Final simple tree
|( WDBNDRY_E 0 -7.285e+04 1.516e+02 3.162e+02
|    ( - -5.341e+03 2 0)
|    ( - -6.736e+04 3 0))
s>    ( WDBNDRY_E 0 -7.285e+04 1.516e+02 3.162e+02
s>        ( - -5.341e+03 2 0)
s>        ( - -6.736e+04 3 0))INFO: dtree.c(1439): stop. leaf nodes are specific
INFO: dtree.c(1478): Final simple tree
|( WDBNDRY_E 0 -2.022e+04 1.727e+02 9.041e+01
|    ( - -8.333e+02 1 0)
|    ( - -1.921e+04 2 0))
s>    ( WDBNDRY_E 0 -2.022e+04 1.727e+02 9.041e+01
s>        ( - -8.333e+02 1 0)
s>        ( - -1.921e+04 2 0))INFO: dtree.c(1315): Comp split 7
INFO: dtree.c(1439): stop. leaf nodes are specific
INFO: dtree.c(1478): Final simple tree
|( QUESTION14 -1 -5.062e+04 2.000e+02 2.244e+02
|    ( - -3.009e+04 4 0)
|    ( QUESTION5 -1 -2.033e+04 1.251e+02 9.107e+01
|        ( - -5.153e+02 1 0)
|        ( QUESTION16 -1 -1.969e+04 1.115e+02 8.807e+01
|            ( QUESTION17 -1 -3.520e+03 1.178e+02 1.600e+01
|                ( - -2.805e+03 1 0)
|                ( - -5.970e+02 1 0))
|            ( QUESTION2_15_L -1 -1.606e+04 1.055e+02 7.207e+01
|                ( - -1.031e+03 1 0)
|                ( QUESTION2 -1 -1.492e+04 4.471e+02 6.707e+01
|                    ( - 2.185e+02 1 0)
|                    ( - -1.469e+04 2 0))))))
s>    ( QUESTION14 -1 -5.062e+04 2.000e+02 2.244e+02
s>        ( - -3.009e+04 4 0)
s>        ( QUESTION5 -1 -2.033e+04 1.251e+02 9.107e+01
s>            ( - -5.153e+02 1 0)
s>            ( QUESTION16 -1 -1.969e+04 1.115e+02 8.807e+01
s>                ( QUESTION17 -1 -3.520e+03 1.178e+02 1.600e+01
s>                    ( - -2.805e+03 1 0)
s>                    ( - -5.970e+02 1 0))
s>                ( QUESTION2_15_L -1 -1.606e+04 1.055e+02 7.207e+01
s>                    ( - -1.031e+03 1 0)
s>                    ( QUESTION2 -1 -1.492e+04 4.471e+02 6.707e+01
s>                        ( - 2.185e+02 1 0)
s>                        ( - -1.469e+04 2 0))))))INFO: dtree.c(1439): stop. leaf nodes are specific
INFO: dtree.c(1478): Final simple tree
|( WDBNDRY_B 0 -4.626e+05 2.705e+02 2.046e+03
|    ( QUESTION1 -1 -4.186e+05 2.538e+02 1.851e+03
|        ( - -1.017e+03 1 0)
|        ( QUESTION2_1_L -1 -4.173e+05 1.809e+02 1.845e+03
|            ( - -6.216e+03 1 0)
|            ( SILENCE -1 -4.109e+05 1.252e+02 1.816e+03
|                ( - -8.443e+02 1 0)
|                ( - -4.099e+05 5 0))))
|    ( - -4.382e+04 12 0))
s>    ( WDBNDRY_B 0 -4.626e+05 2.705e+02 2.046e+03
s>        ( QUESTION1 -1 -4.186e+05 2.538e+02 1.851e+03
s>            ( - -1.017e+03 1 0)
s>            ( QUESTION2_1_L -1 -4.173e+05 1.809e+02 1.845e+03
s>                ( - -6.216e+03 1 0)
s>                ( SILENCE -1 -4.109e+05 1.252e+02 1.816e+03
s>                    ( - -8.443e+02 1 0)
s>                    ( - -4.099e+05 5 0))))
s>        ( - -4.382e+04 12 0))INFO: dtree.c(1315): Comp split 8
INFO: dtree.c(1439): stop. leaf nodes are specific
INFO: dtree.c(1478): Final simple tree
|( QUESTION14 -1 -5.039e+04 2.012e+02 2.234e+02
|    ( - -3.009e+04 4 0)
|    ( QUESTION5 -1 -2.010e+04 1.248e+02 9.007e+01
|        ( - -5.153e+02 1 0)
|        ( QUESTION16 -1 -1.946e+04 1.140e+02 8.707e+01
|            ( QUESTION17 -1 -3.520e+03 1.178e+02 1.600e+01
|                ( - -2.805e+03 1 0)
|                ( - -5.970e+02 1 0))
|            ( QUESTION2 -1 -1.583e+04 1.056e+02 7.107e+01
|                ( - -1.031e+03 1 0)
|                ( - -1.469e+04 2 0)))))
s>    ( QUESTION14 -1 -5.039e+04 2.012e+02 2.234e+02
s>        ( - -3.009e+04 4 0)
s>        ( QUESTION5 -1 -2.010e+04 1.248e+02 9.007e+01
s>            ( - -5.153e+02 1 0)
s>            ( QUESTION16 -1 -1.946e+04 1.140e+02 8.707e+01
s>                ( QUESTION17 -1 -3.520e+03 1.178e+02 1.600e+01
s>                    ( - -2.805e+03 1 0)
s>                    ( - -5.970e+02 1 0))
s>                ( QUESTION2 -1 -1.583e+04 1.056e+02 7.107e+01
s>                    ( - -1.031e+03 1 0)
s>                    ( - -1.469e+04 2 0)))))INFO: dtree.c(1315): Comp split 9
INFO: dtree.c(1439): stop. leaf nodes are specific
INFO: dtree.c(1478): Final simple tree
|( SILENCE 1 -8.475e+04 1.188e+02 3.796e+02
|    ( - -7.276e+04 2 0)
|    ( - -1.188e+04 2 0))
s>    ( SILENCE 1 -8.475e+04 1.188e+02 3.796e+02
s>        ( - -7.276e+04 2 0)
s>        ( - -1.188e+04 2 0))INFO: dtree.c(1315): Comp split 10
INFO: dtree.c(1439): stop. leaf nodes are specific
INFO: dtree.c(1478): Final simple tree
|( QUESTION1 -1 -5.244e+04 2.467e+02 2.335e+02
|    ( - -1.017e+03 1 0)
|    ( QUESTION2_1_L -1 -5.118e+04 1.785e+02 2.275e+02
|        ( - -6.216e+03 1 0)
|        ( WDBNDRY_B 0 -4.478e+04 1.179e+02 1.988e+02
|            ( - -8.443e+02 1 0)
|            ( - -4.382e+04 12 0))))
s>    ( QUESTION1 -1 -5.244e+04 2.467e+02 2.335e+02
s>        ( - -1.017e+03 1 0)
s>        ( QUESTION2_1_L -1 -5.118e+04 1.785e+02 2.275e+02
s>            ( - -6.216e+03 1 0)
s>            ( WDBNDRY_B 0 -4.478e+04 1.179e+02 1.988e+02
s>                ( - -8.443e+02 1 0)
s>                ( - -4.382e+04 12 0))))INFO: dtree.c(1315): Comp split 11
INFO: dtree.c(1439): stop. leaf nodes are specific
INFO: dtree.c(1478): Final simple tree
|( QUESTION0_9_R 1 -3.801e+04 1.864e+02 1.709e+02
|    ( - -5.920e+03 3 0)
|    ( QUESTION17 1 -3.191e+04 1.612e+02 1.439e+02
|        ( - -4.963e+03 4 0)
|        ( QUESTION0_4_R 1 -2.678e+04 1.449e+02 1.209e+02
|            ( - -1.186e+03 1 0)
|            ( QUESTION12 1 -2.545e+04 1.247e+02 1.149e+02
|                ( - -2.035e+03 2 0)
|                ( QUESTION0_16_R 1 -2.329e+04 1.088e+02 1.049e+02
|                    ( - -1.614e+03 2 0)
|                    ( QUESTION0_2_R 1 -2.157e+04 1.037e+02 9.686e+01
|                        ( - -1.786e+04 4 0)
|                        ( - -3.608e+03 2 0)))))))
s>    ( QUESTION0_9_R 1 -3.801e+04 1.864e+02 1.709e+02
s>        ( - -5.920e+03 3 0)
s>        ( QUESTION17 1 -3.191e+04 1.612e+02 1.439e+02
s>            ( - -4.963e+03 4 0)
s>            ( QUESTION0_4_R 1 -2.678e+04 1.449e+02 1.209e+02
s>                ( - -1.186e+03 1 0)
s>                ( QUESTION12 1 -2.545e+04 1.247e+02 1.149e+02
s>                    ( - -2.035e+03 2 0)
s>                    ( QUESTION0_16_R 1 -2.329e+04 1.088e+02 1.049e+02
s>                        ( - -1.614e+03 2 0)
s>                        ( QUESTION0_2_R 1 -2.157e+04 1.037e+02 9.686e+01
s>                            ( - -1.786e+04 4 0)
s>                            ( - -3.608e+03 2 0)))))))INFO: dtree.c(1315): Comp split 12
INFO: dtree.c(1439): stop. leaf nodes are specific
INFO: dtree.c(1478): Final simple tree
|( QUESTION2_1_L -1 -5.118e+04 1.785e+02 2.275e+02
|    ( - -6.216e+03 1 0)
|    ( WDBNDRY_B 0 -4.478e+04 1.179e+02 1.988e+02
|        ( - -8.443e+02 1 0)
|        ( - -4.382e+04 12 0)))
s>    ( QUESTION2_1_L -1 -5.118e+04 1.785e+02 2.275e+02
s>        ( - -6.216e+03 1 0)
s>        ( WDBNDRY_B 0 -4.478e+04 1.179e+02 1.988e+02
s>            ( - -8.443e+02 1 0)
s>            ( - -4.382e+04 12 0)))INFO: dtree.c(1315): Comp split 13
INFO: dtree.c(1439): stop. leaf nodes are specific
INFO: dtree.c(1478): Final simple tree
|( QUESTION14 -1 -3.080e+04 1.196e+02 1.363e+02
|    ( - -3.009e+04 4 0)
|    ( - -5.970e+02 1 0))
s>    ( QUESTION14 -1 -3.080e+04 1.196e+02 1.363e+02
s>        ( - -3.009e+04 4 0)
s>        ( - -5.970e+02 1 0))INFO: dtree.c(1439): stop. leaf nodes are specific
INFO: dtree.c(1478): Final simple tree
|( QUESTION5 -1 -1.938e+04 1.238e+02 8.707e+01
|    ( - -5.153e+02 1 0)
|    ( QUESTION2 -1 -1.874e+04 1.077e+02 8.407e+01
|        ( - -1.031e+03 1 0)
|        ( QUESTION16 -1 -1.760e+04 1.021e+02 7.907e+01
|            ( - -2.805e+03 1 0)
|            ( - -1.469e+04 2 0))))
s>    ( QUESTION5 -1 -1.938e+04 1.238e+02 8.707e+01
s>        ( - -5.153e+02 1 0)
s>        ( QUESTION2 -1 -1.874e+04 1.077e+02 8.407e+01
s>            ( - -1.031e+03 1 0)
s>            ( QUESTION16 -1 -1.760e+04 1.021e+02 7.907e+01
s>                ( - -2.805e+03 1 0)
s>                ( - -1.469e+04 2 0))))INFO: dtree.c(1315): Comp split 14
INFO: dtree.c(1439): stop. leaf nodes are specific
INFO: dtree.c(1478): Final simple tree
|( QUESTION0_4_R 1 -2.678e+04 1.449e+02 1.209e+02
|    ( - -1.186e+03 1 0)
|    ( QUESTION12 1 -2.545e+04 1.247e+02 1.149e+02
|        ( - -2.035e+03 2 0)
|        ( QUESTION0_16_R 1 -2.329e+04 1.088e+02 1.049e+02
|            ( - -1.614e+03 2 0)
|            ( QUESTION0_2_R 1 -2.157e+04 1.037e+02 9.686e+01
|                ( - -1.786e+04 4 0)
|                ( - -3.608e+03 2 0)))))
s>    ( QUESTION0_4_R 1 -2.678e+04 1.449e+02 1.209e+02
s>        ( - -1.186e+03 1 0)
s>        ( QUESTION12 1 -2.545e+04 1.247e+02 1.149e+02
s>            ( - -2.035e+03 2 0)
s>            ( QUESTION0_16_R 1 -2.329e+04 1.088e+02 1.049e+02
s>                ( - -1.614e+03 2 0)
s>                ( QUESTION0_2_R 1 -2.157e+04 1.037e+02 9.686e+01
s>                    ( - -1.786e+04 4 0)
s>                    ( - -3.608e+03 2 0)))))INFO: dtree.c(1439): stop. leaf nodes are specific
INFO: dtree.c(1478): Final simple tree
|( QUESTION0_9_R 1 -1.104e+04 1.599e+02 4.999e+01
|    ( - -5.920e+03 3 0)
|    ( - -4.963e+03 4 0))
s>    ( QUESTION0_9_R 1 -1.104e+04 1.599e+02 4.999e+01
s>        ( - -5.920e+03 3 0)
s>        ( - -4.963e+03 4 0))INFO: dtree.c(1315): Comp split 15
INFO: dtree.c(1439): stop. leaf nodes are specific
INFO: dtree.c(1478): Final simple tree
|( WDBNDRY_B 0 -4.478e+04 1.179e+02 1.988e+02
|    ( - -8.443e+02 1 0)
|    ( - -4.382e+04 12 0))
s>    ( WDBNDRY_B 0 -4.478e+04 1.179e+02 1.988e+02
s>        ( - -8.443e+02 1 0)
s>        ( - -4.382e+04 12 0))INFO: dtree.c(1315): Comp split 16
INFO: dtree.c(1315): Comp split 17
INFO: dtree.c(1315): Comp split 18
INFO: dtree.c(1315): Comp split 19
INFO: dtree.c(1439): stop. leaf nodes are specific
INFO: dtree.c(1478): Final simple tree
|( QUESTION0 -1 -1.556e+06 1.167e+02 6.841e+03
|    ( - -1.555e+06 22 0)
|    ( - -7.336e+02 1 0))
s>    ( QUESTION0 -1 -1.556e+06 1.167e+02 6.841e+03
s>        ( - -1.555e+06 22 0)
s>        ( - -7.336e+02 1 0))INFO: dtree.c(1315): Comp split 20
INFO: dtree.c(1439): stop. leaf nodes are specific
INFO: dtree.c(1478): Final simple tree
|( QUESTION12 1 -2.545e+04 1.247e+02 1.149e+02
|    ( - -2.035e+03 2 0)
|    ( QUESTION0_16_R 1 -2.329e+04 1.088e+02 1.049e+02
|        ( - -1.614e+03 2 0)
|        ( QUESTION0_2_R 1 -2.157e+04 1.037e+02 9.686e+01
|            ( - -1.786e+04 4 0)
|            ( - -3.608e+03 2 0))))
s>    ( QUESTION12 1 -2.545e+04 1.247e+02 1.149e+02
s>        ( - -2.035e+03 2 0)
s>        ( QUESTION0_16_R 1 -2.329e+04 1.088e+02 1.049e+02
s>            ( - -1.614e+03 2 0)
s>            ( QUESTION0_2_R 1 -2.157e+04 1.037e+02 9.686e+01
s>                ( - -1.786e+04 4 0)
s>                ( - -3.608e+03 2 0))))INFO: dtree.c(1315): Comp split 21
INFO: dtree.c(1315): Comp split 22
INFO: dtree.c(1439): stop. leaf nodes are specific
INFO: dtree.c(1478): Final simple tree
|( QUESTION0_16_R 1 -2.329e+04 1.088e+02 1.049e+02
|    ( - -1.614e+03 2 0)
|    ( QUESTION0_2_R 1 -2.157e+04 1.037e+02 9.686e+01
|        ( - -1.786e+04 4 0)
|        ( - -3.608e+03 2 0)))
s>    ( QUESTION0_16_R 1 -2.329e+04 1.088e+02 1.049e+02
s>        ( - -1.614e+03 2 0)
s>        ( QUESTION0_2_R 1 -2.157e+04 1.037e+02 9.686e+01
s>            ( - -1.786e+04 4 0)
s>            ( - -3.608e+03 2 0)))INFO: dtree.c(1315): Comp split 23
INFO: dtree.c(1439): stop. leaf nodes are specific
INFO: dtree.c(1478): Final simple tree
|( QUESTION2 -1 -1.874e+04 1.077e+02 8.407e+01
|    ( - -1.031e+03 1 0)
|    ( QUESTION16 -1 -1.760e+04 1.021e+02 7.907e+01
|        ( - -2.805e+03 1 0)
|        ( - -1.469e+04 2 0)))
s>    ( QUESTION2 -1 -1.874e+04 1.077e+02 8.407e+01
s>        ( - -1.031e+03 1 0)
s>        ( QUESTION16 -1 -1.760e+04 1.021e+02 7.907e+01
s>            ( - -2.805e+03 1 0)
s>            ( - -1.469e+04 2 0)))INFO: dtree.c(1315): Comp split 24
INFO: dtree.c(1315): Comp split 25
INFO: dtree.c(1315): Comp split 26
INFO: dtree.c(1315): Comp split 27
INFO: dtree.c(1315): Comp split 28
INFO: dtree.c(1439): stop. leaf nodes are specific
INFO: dtree.c(1478): Final simple tree
|( QUESTION0_2_R 1 -2.157e+04 1.037e+02 9.686e+01
|    ( - -1.786e+04 4 0)
|    ( - -3.608e+03 2 0))
s>    ( QUESTION0_2_R 1 -2.157e+04 1.037e+02 9.686e+01
s>        ( - -1.786e+04 4 0)
s>        ( - -3.608e+03 2 0))INFO: dtree.c(1315): Comp split 29
INFO: dtree.c(1439): stop. leaf nodes are specific
INFO: dtree.c(1478): Final simple tree
|( QUESTION16 -1 -1.760e+04 1.021e+02 7.907e+01
|    ( - -2.805e+03 1 0)
|    ( - -1.469e+04 2 0))
s>    ( QUESTION16 -1 -1.760e+04 1.021e+02 7.907e+01
s>        ( - -2.805e+03 1 0)
s>        ( - -1.469e+04 2 0))INFO: dtree.c(1315): Comp split 30
INFO: dtree.c(1315): Comp split 31
INFO: dtree.c(1315): Comp split 32
INFO: dtree.c(1318): stop. leaf nodes are specific
Tue Mar 28 15:04:51 2023
