Current configuration:
[NAME]		[DEFLT]	[VALUE]
-allphones	no	no
-cntthresh	0.00001	1.000000e-05
-csplitmax	100	2000
-csplitmin	1	1
-csplitthr	8e-4	0.000000e+00
-example	no	no
-fullvar	no	no
-help		no	no
-meanfn			/home/lucija/Documents/Zadnji semestar/ROGJ/Prezentacije/CMUspinx/tutorial10/model_parameters/my_db.cd_cont_untied/means
-mixwfn			/home/lucija/Documents/Zadnji semestar/ROGJ/Prezentacije/CMUspinx/tutorial10/model_parameters/my_db.cd_cont_untied/mixture_weights
-moddeffn		/home/lucija/Documents/Zadnji semestar/ROGJ/Prezentacije/CMUspinx/tutorial10/model_architecture/my_db.untied.mdef
-mwfloor	1e-4	1.000000e-08
-phone			r
-psetfn			/home/lucija/Documents/Zadnji semestar/ROGJ/Prezentacije/CMUspinx/tutorial10/model_architecture/my_db.tree_questions
-ssplitmax	5	7
-ssplitmin	1	1
-ssplitthr	8e-4	0.000000e+00
-state			2
-stwt			1.0,0.05,0.0,
-treefn			/home/lucija/Documents/Zadnji semestar/ROGJ/Prezentacije/CMUspinx/tutorial10/trees/my_db.unpruned/r-2.dtree
-ts2cbfn	.semi.	.cont.
-varfloor	0.00001	1.000000e-05
-varfn			/home/lucija/Documents/Zadnji semestar/ROGJ/Prezentacije/CMUspinx/tutorial10/model_parameters/my_db.cd_cont_untied/variances

INFO: main.c(223): Reading: /home/lucija/Documents/Zadnji semestar/ROGJ/Prezentacije/CMUspinx/tutorial10/model_architecture/my_db.untied.mdef
INFO: model_def_io.c(573): Model definition info:
INFO: model_def_io.c(574): 10885 total models defined (32 base, 10853 tri)
INFO: model_def_io.c(575): 43540 total states
INFO: model_def_io.c(576): 32655 total tied states
INFO: model_def_io.c(577): 96 total tied CI states
INFO: model_def_io.c(578): 32 total tied transition matrices
INFO: model_def_io.c(579): 4 max state/model
INFO: model_def_io.c(580): 4 min state/model
INFO: main.c(242): Building trees for [r NOISE a b] through [r ž t i]
INFO: main.c(268): Covering states |[22362 23387]| == 1026
INFO: main.c(275): Reading: /home/lucija/Documents/Zadnji semestar/ROGJ/Prezentacije/CMUspinx/tutorial10/model_parameters/my_db.cd_cont_untied/mixture_weights
INFO: s3mixw_io.c(172): Read /home/lucija/Documents/Zadnji semestar/ROGJ/Prezentacije/CMUspinx/tutorial10/model_parameters/my_db.cd_cont_untied/mixture_weights [1026x1x1 array]
INFO: main.c(311): 342 of 342 models have observation count greater than 0.000010
INFO: main.c(95): nrm stwt: 0.000 0.048 0.952 
INFO: s3gau_io.c(168): Read /home/lucija/Documents/Zadnji semestar/ROGJ/Prezentacije/CMUspinx/tutorial10/model_parameters/my_db.cd_cont_untied/means [32655x1x1 array]
INFO: s3gau_io.c(168): Read /home/lucija/Documents/Zadnji semestar/ROGJ/Prezentacije/CMUspinx/tutorial10/model_parameters/my_db.cd_cont_untied/variances [32655x1x1 array]
INFO: main.c(549): Reading: /home/lucija/Documents/Zadnji semestar/ROGJ/Prezentacije/CMUspinx/tutorial10/model_architecture/my_db.tree_questions
INFO: main.c(587): 180 total simple questions (172 phone; 8 word bndry)
INFO: main.c(589): 42 Left Only questions, and 42 Right Only questions
INFO: dtree.c(1478): Final simple tree
|( QUESTION0_0_R 1 -1.099e+07 6.964e+04 4.876e+04
|    ( QUESTION16 -1 -8.889e+06 1.531e+04 3.984e+04
|        ( - -1.450e+06 22 0 QUESTION17 -1 4.280e+03 6.598e+03)
|        ( QUESTION0 -1 -7.424e+06 7.878e+03 3.325e+04
|            ( - -3.563e+06 82 0 WDBNDRY_E 0 3.370e+03 1.605e+04)
|            ( QUESTION2_19_L -1 -3.853e+06 7.735e+03 1.719e+04
|                ( - -1.641e+06 20 0 QUESTION19 -1 3.607e+03 7.307e+03)
|                ( - -2.204e+06 61 0 QUESTION11 -1 6.657e+03 9.885e+03))))
|    ( QUESTION0_2_R 1 -2.026e+06 1.626e+04 8.918e+03
|        ( QUESTION0_5_R 1 -5.155e+05 7.544e+03 2.286e+03
|            ( - -1.667e+05 14 0 QUESTION16 -1 1.087e+03 7.695e+02)
|            ( - -3.412e+05 28 0 WDBNDRY_E 0 2.764e+03 1.517e+03))
|        ( QUESTION15 -1 -1.495e+06 1.317e+04 6.631e+03
|            ( - -5.863e+05 21 0 QUESTION0_18_R 1 4.357e+03 2.611e+03)
|            ( - -8.951e+05 94 0 QUESTION0_16_R 1 6.538e+03 4.021e+03))))
s>    ( QUESTION0_0_R 1 -1.099e+07 6.964e+04 4.876e+04
s>        ( QUESTION16 -1 -8.889e+06 1.531e+04 3.984e+04
s>            ( - -1.450e+06 22 0 QUESTION17 -1 4.280e+03 6.598e+03)
s>            ( QUESTION0 -1 -7.424e+06 7.878e+03 3.325e+04
s>                ( - -3.563e+06 82 0 WDBNDRY_E 0 3.370e+03 1.605e+04)
s>                ( QUESTION2_19_L -1 -3.853e+06 7.735e+03 1.719e+04
s>                    ( - -1.641e+06 20 0 QUESTION19 -1 3.607e+03 7.307e+03)
s>                    ( - -2.204e+06 61 0 QUESTION11 -1 6.657e+03 9.885e+03))))
s>        ( QUESTION0_2_R 1 -2.026e+06 1.626e+04 8.918e+03
s>            ( QUESTION0_5_R 1 -5.155e+05 7.544e+03 2.286e+03
s>                ( - -1.667e+05 14 0 QUESTION16 -1 1.087e+03 7.695e+02)
s>                ( - -3.412e+05 28 0 WDBNDRY_E 0 2.764e+03 1.517e+03))
s>            ( QUESTION15 -1 -1.495e+06 1.317e+04 6.631e+03
s>                ( - -5.863e+05 21 0 QUESTION0_18_R 1 4.357e+03 2.611e+03)
s>                ( - -8.951e+05 94 0 QUESTION0_16_R 1 6.538e+03 4.021e+03))))INFO: dtree.c(1315): Comp split 0
INFO: dtree.c(1478): Final simple tree
|( QUESTION0_2_R 1 -2.026e+06 1.626e+04 8.918e+03
|    ( QUESTION0_5_R 1 -5.155e+05 7.544e+03 2.286e+03
|        ( - -1.667e+05 14 0 QUESTION16 -1 1.087e+03 7.695e+02)
|        ( WDBNDRY_E 0 -3.412e+05 2.764e+03 1.517e+03
|            ( - -1.217e+05 8 0 QUESTION12 1 4.252e+02 5.478e+02)
|            ( - -2.168e+05 20 0 QUESTION0 -1 1.569e+03 9.691e+02)))
|    ( QUESTION15 -1 -1.495e+06 1.317e+04 6.631e+03
|        ( QUESTION0_18_R 1 -5.863e+05 4.357e+03 2.611e+03
|            ( - -2.688e+05 4 0 QUESTION20 -1 2.189e+03 1.217e+03)
|            ( - -3.132e+05 17 0 QUESTION17 -1 2.380e+03 1.394e+03))
|        ( QUESTION0_16_R 1 -8.951e+05 6.538e+03 4.021e+03
|            ( - -5.103e+05 28 0 QUESTION0_17_R 1 1.780e+03 2.297e+03)
|            ( QUESTION13 1 -3.783e+05 3.443e+03 1.724e+03
|                ( - -2.077e+05 52 0 QUESTION0_9_R 1 9.478e+02 9.420e+02)
|                ( - -1.671e+05 14 0 QUESTION0_13_R 1 1.179e+03 7.816e+02)))))
s>    ( QUESTION0_2_R 1 -2.026e+06 1.626e+04 8.918e+03
s>        ( QUESTION0_5_R 1 -5.155e+05 7.544e+03 2.286e+03
s>            ( - -1.667e+05 14 0 QUESTION16 -1 1.087e+03 7.695e+02)
s>            ( WDBNDRY_E 0 -3.412e+05 2.764e+03 1.517e+03
s>                ( - -1.217e+05 8 0 QUESTION12 1 4.252e+02 5.478e+02)
s>                ( - -2.168e+05 20 0 QUESTION0 -1 1.569e+03 9.691e+02)))
s>        ( QUESTION15 -1 -1.495e+06 1.317e+04 6.631e+03
s>            ( QUESTION0_18_R 1 -5.863e+05 4.357e+03 2.611e+03
s>                ( - -2.688e+05 4 0 QUESTION20 -1 2.189e+03 1.217e+03)
s>                ( - -3.132e+05 17 0 QUESTION17 -1 2.380e+03 1.394e+03))
s>            ( QUESTION0_16_R 1 -8.951e+05 6.538e+03 4.021e+03
s>                ( - -5.103e+05 28 0 QUESTION0_17_R 1 1.780e+03 2.297e+03)
s>                ( QUESTION13 1 -3.783e+05 3.443e+03 1.724e+03
s>                    ( - -2.077e+05 52 0 QUESTION0_9_R 1 9.478e+02 9.420e+02)
s>                    ( - -1.671e+05 14 0 QUESTION0_13_R 1 1.179e+03 7.816e+02)))))INFO: dtree.c(1478): Final simple tree
|( QUESTION16 -1 -8.889e+06 1.531e+04 3.984e+04
|    ( QUESTION17 -1 -1.450e+06 4.280e+03 6.598e+03
|        ( - -2.029e+05 14 0 WDBNDRY_B 0 2.503e+02 9.185e+02)
|        ( - -1.243e+06 8 0 WDBNDRY_B 0 1.720e+02 5.680e+03))
|    ( QUESTION0 -1 -7.424e+06 7.878e+03 3.325e+04
|        ( - -3.563e+06 82 0 WDBNDRY_E 0 3.370e+03 1.605e+04)
|        ( QUESTION2_19_L -1 -3.853e+06 7.735e+03 1.719e+04
|            ( - -1.641e+06 20 0 QUESTION19 -1 3.607e+03 7.307e+03)
|            ( QUESTION11 -1 -2.204e+06 6.657e+03 9.885e+03
|                ( - -2.919e+05 8 0 QUESTION2_15_L -1 4.653e+02 1.355e+03)
|                ( QUESTION2_6_L -1 -1.906e+06 6.007e+03 8.530e+03
|                    ( - -1.292e+06 21 0 QUESTION10 -1 2.127e+03 5.762e+03)
|                    ( QUESTION0 1 -6.075e+05 4.387e+03 2.768e+03
|                        ( - -5.467e+05 30 0 WDBNDRY_B 0 1.316e+03 2.520e+03)
|                        ( - -5.638e+04 2 0)))))))
s>    ( QUESTION16 -1 -8.889e+06 1.531e+04 3.984e+04
s>        ( QUESTION17 -1 -1.450e+06 4.280e+03 6.598e+03
s>            ( - -2.029e+05 14 0 WDBNDRY_B 0 2.503e+02 9.185e+02)
s>            ( - -1.243e+06 8 0 WDBNDRY_B 0 1.720e+02 5.680e+03))
s>        ( QUESTION0 -1 -7.424e+06 7.878e+03 3.325e+04
s>            ( - -3.563e+06 82 0 WDBNDRY_E 0 3.370e+03 1.605e+04)
s>            ( QUESTION2_19_L -1 -3.853e+06 7.735e+03 1.719e+04
s>                ( - -1.641e+06 20 0 QUESTION19 -1 3.607e+03 7.307e+03)
s>                ( QUESTION11 -1 -2.204e+06 6.657e+03 9.885e+03
s>                    ( - -2.919e+05 8 0 QUESTION2_15_L -1 4.653e+02 1.355e+03)
s>                    ( QUESTION2_6_L -1 -1.906e+06 6.007e+03 8.530e+03
s>                        ( - -1.292e+06 21 0 QUESTION10 -1 2.127e+03 5.762e+03)
s>                        ( QUESTION0 1 -6.075e+05 4.387e+03 2.768e+03
s>                            ( - -5.467e+05 30 0 WDBNDRY_B 0 1.316e+03 2.520e+03)
s>                            ( - -5.638e+04 2 0)))))))INFO: dtree.c(1315): Comp split 1
INFO: dtree.c(1439): stop. leaf nodes are specific
INFO: dtree.c(1478): Final simple tree
|( WDBNDRY_B 0 -1.243e+06 1.720e+02 5.680e+03
|    ( - -4.438e+03 3 0)
|    ( - -1.238e+06 5 0))
s>    ( WDBNDRY_B 0 -1.243e+06 1.720e+02 5.680e+03
s>        ( - -4.438e+03 3 0)
s>        ( - -1.238e+06 5 0))INFO: dtree.c(1478): Final simple tree
|( QUESTION0 -1 -7.629e+06 7.751e+03 3.416e+04
|    ( WDBNDRY_E 0 -3.563e+06 3.370e+03 1.605e+04
|        ( - -1.201e+05 23 0 QUESTION0 1 3.080e+02 5.332e+02)
|        ( - -3.440e+06 59 0 WDBNDRY_B 0 1.578e+03 1.552e+04))
|    ( QUESTION2_19_L -1 -4.058e+06 7.807e+03 1.811e+04
|        ( QUESTION19 -1 -1.641e+06 3.607e+03 7.307e+03
|            ( - -1.286e+06 8 0 WDBNDRY_B 0 1.328e+02 5.709e+03)
|            ( - -3.522e+05 12 0 WDBNDRY_B 0 2.544e+02 1.598e+03))
|        ( QUESTION11 -1 -2.409e+06 6.739e+03 1.080e+04
|            ( - -2.919e+05 8 0 QUESTION2_15_L -1 4.653e+02 1.355e+03)
|            ( QUESTION14 -1 -2.110e+06 5.723e+03 9.448e+03
|                ( QUESTION0 1 -5.800e+05 4.435e+03 2.644e+03
|                    ( - -5.192e+05 20 0 WDBNDRY_B 0 1.144e+03 2.395e+03)
|                    ( - -5.638e+04 2 0))
|                ( - -1.524e+06 45 0 QUESTION18 -1 2.585e+03 6.805e+03)))))
s>    ( QUESTION0 -1 -7.629e+06 7.751e+03 3.416e+04
s>        ( WDBNDRY_E 0 -3.563e+06 3.370e+03 1.605e+04
s>            ( - -1.201e+05 23 0 QUESTION0 1 3.080e+02 5.332e+02)
s>            ( - -3.440e+06 59 0 WDBNDRY_B 0 1.578e+03 1.552e+04))
s>        ( QUESTION2_19_L -1 -4.058e+06 7.807e+03 1.811e+04
s>            ( QUESTION19 -1 -1.641e+06 3.607e+03 7.307e+03
s>                ( - -1.286e+06 8 0 WDBNDRY_B 0 1.328e+02 5.709e+03)
s>                ( - -3.522e+05 12 0 WDBNDRY_B 0 2.544e+02 1.598e+03))
s>            ( QUESTION11 -1 -2.409e+06 6.739e+03 1.080e+04
s>                ( - -2.919e+05 8 0 QUESTION2_15_L -1 4.653e+02 1.355e+03)
s>                ( QUESTION14 -1 -2.110e+06 5.723e+03 9.448e+03
s>                    ( QUESTION0 1 -5.800e+05 4.435e+03 2.644e+03
s>                        ( - -5.192e+05 20 0 WDBNDRY_B 0 1.144e+03 2.395e+03)
s>                        ( - -5.638e+04 2 0))
s>                    ( - -1.524e+06 45 0 QUESTION18 -1 2.585e+03 6.805e+03)))))INFO: dtree.c(1315): Comp split 2
INFO: dtree.c(1478): Final simple tree
|( QUESTION0_15_R 1 -6.826e+05 5.126e+03 3.079e+03
|    ( QUESTION0_17_R 1 -5.103e+05 1.780e+03 2.297e+03
|        ( QUESTION0 -1 -3.976e+05 1.124e+03 1.798e+03
|            ( WDBNDRY_E 0 -3.737e+05 7.821e+02 1.688e+03
|                ( - -2.273e+04 7 0)
|                ( - -3.501e+05 8 0))
|            ( - -2.277e+04 2 0 QUESTION2 -1 1.180e+02 1.099e+02))
|        ( QUESTION0_19_R 1 -1.110e+05 1.640e+03 4.988e+02
|            ( - -7.592e+04 4 0 WDBNDRY_E 0 1.828e+02 3.434e+02)
|            ( - -3.340e+04 7 0 WDBNDRY_E 0 2.841e+02 1.554e+02)))
|    ( QUESTION0_13_R 1 -1.671e+05 1.179e+03 7.816e+02
|        ( WDBNDRY_E 0 -3.552e+04 3.788e+02 1.652e+02
|            ( - -1.472e+04 1 0)
|            ( - -2.042e+04 4 0 QUESTION0 -1 1.866e+02 9.562e+01))
|        ( - -1.304e+05 9 0 QUESTION3 1 3.761e+02 6.164e+02)))
s>    ( QUESTION0_15_R 1 -6.826e+05 5.126e+03 3.079e+03
s>        ( QUESTION0_17_R 1 -5.103e+05 1.780e+03 2.297e+03
s>            ( QUESTION0 -1 -3.976e+05 1.124e+03 1.798e+03
s>                ( WDBNDRY_E 0 -3.737e+05 7.821e+02 1.688e+03
s>                    ( - -2.273e+04 7 0)
s>                    ( - -3.501e+05 8 0))
s>                ( - -2.277e+04 2 0 QUESTION2 -1 1.180e+02 1.099e+02))
s>            ( QUESTION0_19_R 1 -1.110e+05 1.640e+03 4.988e+02
s>                ( - -7.592e+04 4 0 WDBNDRY_E 0 1.828e+02 3.434e+02)
s>                ( - -3.340e+04 7 0 WDBNDRY_E 0 2.841e+02 1.554e+02)))
s>        ( QUESTION0_13_R 1 -1.671e+05 1.179e+03 7.816e+02
s>            ( WDBNDRY_E 0 -3.552e+04 3.788e+02 1.652e+02
s>                ( - -1.472e+04 1 0)
s>                ( - -2.042e+04 4 0 QUESTION0 -1 1.866e+02 9.562e+01))
s>            ( - -1.304e+05 9 0 QUESTION3 1 3.761e+02 6.164e+02)))INFO: dtree.c(1478): Final simple tree
|( QUESTION2 1 -1.327e+06 1.417e+04 5.839e+03
|    ( QUESTION0_5_R 1 -5.159e+05 7.548e+03 2.288e+03
|        ( - -1.667e+05 14 0 QUESTION16 -1 1.087e+03 7.695e+02)
|        ( WDBNDRY_E 0 -3.417e+05 2.764e+03 1.519e+03
|            ( - -1.217e+05 8 0 QUESTION12 1 4.252e+02 5.478e+02)
|            ( - -2.173e+05 21 0 QUESTION0 -1 1.554e+03 9.711e+02)))
|    ( QUESTION0_18_R 1 -7.972e+05 5.872e+03 3.551e+03
|        ( QUESTION20 -1 -2.688e+05 2.189e+03 1.217e+03
|            ( - -1.031e+05 2 0)
|            ( - -1.635e+05 2 0 QUESTION16 -1 2.506e+02 7.421e+02))
|        ( QUESTION17 -1 -5.225e+05 3.537e+03 2.333e+03
|            ( - -1.652e+05 4 0 QUESTION0_20_R 1 1.745e+02 7.408e+02)
|            ( QUESTION0_20_R 1 -3.538e+05 1.809e+03 1.593e+03
|                ( - -1.497e+05 29 0 QUESTION17 1 9.032e+02 6.773e+02)
|                ( - -2.023e+05 35 0 QUESTION0_9_R 1 1.257e+03 9.154e+02)))))
s>    ( QUESTION2 1 -1.327e+06 1.417e+04 5.839e+03
s>        ( QUESTION0_5_R 1 -5.159e+05 7.548e+03 2.288e+03
s>            ( - -1.667e+05 14 0 QUESTION16 -1 1.087e+03 7.695e+02)
s>            ( WDBNDRY_E 0 -3.417e+05 2.764e+03 1.519e+03
s>                ( - -1.217e+05 8 0 QUESTION12 1 4.252e+02 5.478e+02)
s>                ( - -2.173e+05 21 0 QUESTION0 -1 1.554e+03 9.711e+02)))
s>        ( QUESTION0_18_R 1 -7.972e+05 5.872e+03 3.551e+03
s>            ( QUESTION20 -1 -2.688e+05 2.189e+03 1.217e+03
s>                ( - -1.031e+05 2 0)
s>                ( - -1.635e+05 2 0 QUESTION16 -1 2.506e+02 7.421e+02))
s>            ( QUESTION17 -1 -5.225e+05 3.537e+03 2.333e+03
s>                ( - -1.652e+05 4 0 QUESTION0_20_R 1 1.745e+02 7.408e+02)
s>                ( QUESTION0_20_R 1 -3.538e+05 1.809e+03 1.593e+03
s>                    ( - -1.497e+05 29 0 QUESTION17 1 9.032e+02 6.773e+02)
s>                    ( - -2.023e+05 35 0 QUESTION0_9_R 1 1.257e+03 9.154e+02)))))INFO: dtree.c(1315): Comp split 3
INFO: dtree.c(1478): Final simple tree
|( WDBNDRY_E 0 -3.417e+05 2.764e+03 1.519e+03
|    ( QUESTION12 1 -1.217e+05 4.252e+02 5.478e+02
|        ( - -1.254e+04 2 0)
|        ( - -1.087e+05 6 0 QUESTION0_3_R 1 2.768e+02 4.896e+02))
|    ( QUESTION0 -1 -2.173e+05 1.554e+03 9.711e+02
|        ( QUESTION0_3_R 1 -1.875e+05 4.421e+02 8.432e+02
|            ( - -1.815e+05 6 0 QUESTION11 1 1.996e+02 8.176e+02)
|            ( - -5.557e+03 4 0 QUESTION0_7_R 1 2.118e+02 2.566e+01))
|        ( QUESTION2 -1 -2.819e+04 4.463e+02 1.278e+02
|            ( - 2.179e+02 1 0)
|            ( QUESTION12 1 -2.797e+04 3.882e+02 1.268e+02
|                ( - -1.414e+04 2 0 QUESTION14 -1 1.662e+02 6.437e+01)
|                ( QUESTION2_17_L -1 -1.344e+04 2.966e+02 6.245e+01
|                    ( - -2.934e+03 1 0)
|                    ( - -1.021e+04 7 0 QUESTION5 1 2.322e+02 4.744e+01))))))
s>    ( WDBNDRY_E 0 -3.417e+05 2.764e+03 1.519e+03
s>        ( QUESTION12 1 -1.217e+05 4.252e+02 5.478e+02
s>            ( - -1.254e+04 2 0)
s>            ( - -1.087e+05 6 0 QUESTION0_3_R 1 2.768e+02 4.896e+02))
s>        ( QUESTION0 -1 -2.173e+05 1.554e+03 9.711e+02
s>            ( QUESTION0_3_R 1 -1.875e+05 4.421e+02 8.432e+02
s>                ( - -1.815e+05 6 0 QUESTION11 1 1.996e+02 8.176e+02)
s>                ( - -5.557e+03 4 0 QUESTION0_7_R 1 2.118e+02 2.566e+01))
s>            ( QUESTION2 -1 -2.819e+04 4.463e+02 1.278e+02
s>                ( - 2.179e+02 1 0)
s>                ( QUESTION12 1 -2.797e+04 3.882e+02 1.268e+02
s>                    ( - -1.414e+04 2 0 QUESTION14 -1 1.662e+02 6.437e+01)
s>                    ( QUESTION2_17_L -1 -1.344e+04 2.966e+02 6.245e+01
s>                        ( - -2.934e+03 1 0)
s>                        ( - -1.021e+04 7 0 QUESTION5 1 2.322e+02 4.744e+01))))))INFO: dtree.c(1478): Final simple tree
|( QUESTION0_2_R 1 -9.714e+05 7.528e+03 4.320e+03
|    ( QUESTION16 -1 -1.667e+05 1.087e+03 7.695e+02
|        ( - -1.397e+05 2 0 QUESTION17 -1 1.971e+02 6.530e+02)
|        ( - -2.587e+04 12 0 QUESTION19 -1 4.468e+02 1.165e+02))
|    ( QUESTION0_18_R 1 -7.972e+05 5.872e+03 3.551e+03
|        ( QUESTION20 -1 -2.688e+05 2.189e+03 1.217e+03
|            ( - -1.031e+05 2 0)
|            ( - -1.635e+05 2 0 QUESTION16 -1 2.506e+02 7.421e+02))
|        ( QUESTION17 -1 -5.225e+05 3.537e+03 2.333e+03
|            ( - -1.652e+05 4 0 QUESTION0_20_R 1 1.745e+02 7.408e+02)
|            ( QUESTION0_20_R 1 -3.538e+05 1.809e+03 1.593e+03
|                ( - -1.497e+05 29 0 QUESTION17 1 9.032e+02 6.773e+02)
|                ( QUESTION0_9_R 1 -2.023e+05 1.257e+03 9.154e+02
|                    ( - -1.382e+05 33 0 QUESTION14 -1 5.594e+02 6.282e+02)
|                    ( - -6.285e+04 2 0 QUESTION16 -1 1.526e+02 2.872e+02))))))
s>    ( QUESTION0_2_R 1 -9.714e+05 7.528e+03 4.320e+03
s>        ( QUESTION16 -1 -1.667e+05 1.087e+03 7.695e+02
s>            ( - -1.397e+05 2 0 QUESTION17 -1 1.971e+02 6.530e+02)
s>            ( - -2.587e+04 12 0 QUESTION19 -1 4.468e+02 1.165e+02))
s>        ( QUESTION0_18_R 1 -7.972e+05 5.872e+03 3.551e+03
s>            ( QUESTION20 -1 -2.688e+05 2.189e+03 1.217e+03
s>                ( - -1.031e+05 2 0)
s>                ( - -1.635e+05 2 0 QUESTION16 -1 2.506e+02 7.421e+02))
s>            ( QUESTION17 -1 -5.225e+05 3.537e+03 2.333e+03
s>                ( - -1.652e+05 4 0 QUESTION0_20_R 1 1.745e+02 7.408e+02)
s>                ( QUESTION0_20_R 1 -3.538e+05 1.809e+03 1.593e+03
s>                    ( - -1.497e+05 29 0 QUESTION17 1 9.032e+02 6.773e+02)
s>                    ( QUESTION0_9_R 1 -2.023e+05 1.257e+03 9.154e+02
s>                        ( - -1.382e+05 33 0 QUESTION14 -1 5.594e+02 6.282e+02)
s>                        ( - -6.285e+04 2 0 QUESTION16 -1 1.526e+02 2.872e+02))))))INFO: dtree.c(1315): Comp split 4
INFO: dtree.c(1478): Final simple tree
|( QUESTION13 -1 -5.681e+06 7.827e+03 2.550e+04
|    ( QUESTION14 -1 -1.947e+06 5.548e+03 8.716e+03
|        ( QUESTION0 1 -5.800e+05 4.435e+03 2.644e+03
|            ( - -5.192e+05 20 0 WDBNDRY_B 0 1.144e+03 2.395e+03)
|            ( - -5.638e+04 2 0))
|        ( QUESTION16 -1 -1.361e+06 2.064e+03 6.073e+03
|            ( - -2.029e+05 14 0 WDBNDRY_B 0 2.503e+02 9.185e+02)
|            ( - -1.156e+06 6 0 QUESTION0 1 4.720e+02 5.154e+03)))
|    ( WDBNDRY_E 0 -3.726e+06 3.336e+03 1.679e+04
|        ( - -1.201e+05 23 0 QUESTION0 1 3.080e+02 5.332e+02)
|        ( QUESTION10 -1 -3.603e+06 1.836e+03 1.625e+04
|            ( - -1.270e+05 12 0 QUESTION2_14_L -1 9.222e+02 5.755e+02)
|            ( WDBNDRY_B 0 -3.474e+06 1.727e+03 1.568e+04
|                ( - -2.444e+05 38 0 QUESTION0 -1 4.848e+02 1.114e+03)
|                ( - -3.228e+06 34 0 QUESTION0 1 1.282e+03 1.456e+04)))))
s>    ( QUESTION13 -1 -5.681e+06 7.827e+03 2.550e+04
s>        ( QUESTION14 -1 -1.947e+06 5.548e+03 8.716e+03
s>            ( QUESTION0 1 -5.800e+05 4.435e+03 2.644e+03
s>                ( - -5.192e+05 20 0 WDBNDRY_B 0 1.144e+03 2.395e+03)
s>                ( - -5.638e+04 2 0))
s>            ( QUESTION16 -1 -1.361e+06 2.064e+03 6.073e+03
s>                ( - -2.029e+05 14 0 WDBNDRY_B 0 2.503e+02 9.185e+02)
s>                ( - -1.156e+06 6 0 QUESTION0 1 4.720e+02 5.154e+03)))
s>        ( WDBNDRY_E 0 -3.726e+06 3.336e+03 1.679e+04
s>            ( - -1.201e+05 23 0 QUESTION0 1 3.080e+02 5.332e+02)
s>            ( QUESTION10 -1 -3.603e+06 1.836e+03 1.625e+04
s>                ( - -1.270e+05 12 0 QUESTION2_14_L -1 9.222e+02 5.755e+02)
s>                ( WDBNDRY_B 0 -3.474e+06 1.727e+03 1.568e+04
s>                    ( - -2.444e+05 38 0 QUESTION0 -1 4.848e+02 1.114e+03)
s>                    ( - -3.228e+06 34 0 QUESTION0 1 1.282e+03 1.456e+04)))))INFO: dtree.c(1439): stop. leaf nodes are specific
INFO: dtree.c(1478): Final simple tree
|( QUESTION19 -1 -1.938e+06 5.777e+03 8.662e+03
|    ( WDBNDRY_B 0 -1.286e+06 1.328e+02 5.709e+03
|        ( - -2.639e+03 3 0)
|        ( - -1.283e+06 5 0))
|    ( QUESTION2 -1 -6.470e+05 2.921e+03 2.953e+03
|        ( QUESTION2_15_L -1 -2.919e+05 4.653e+02 1.355e+03
|            ( WDBNDRY_B 0 -2.917e+05 1.394e+02 1.354e+03
|                ( - -2.967e+03 3 0)
|                ( - -2.885e+05 4 0))
|            ( - 2.424e+02 1 0))
|        ( WDBNDRY_B 0 -3.522e+05 2.544e+02 1.598e+03
|            ( - -2.018e+04 5 0)
|            ( - -3.318e+05 7 0))))
s>    ( QUESTION19 -1 -1.938e+06 5.777e+03 8.662e+03
s>        ( WDBNDRY_B 0 -1.286e+06 1.328e+02 5.709e+03
s>            ( - -2.639e+03 3 0)
s>            ( - -1.283e+06 5 0))
s>        ( QUESTION2 -1 -6.470e+05 2.921e+03 2.953e+03
s>            ( QUESTION2_15_L -1 -2.919e+05 4.653e+02 1.355e+03
s>                ( WDBNDRY_B 0 -2.917e+05 1.394e+02 1.354e+03
s>                    ( - -2.967e+03 3 0)
s>                    ( - -2.885e+05 4 0))
s>                ( - 2.424e+02 1 0))
s>            ( WDBNDRY_B 0 -3.522e+05 2.544e+02 1.598e+03
s>                ( - -2.018e+04 5 0)
s>                ( - -3.318e+05 7 0))))INFO: dtree.c(1315): Comp split 5
INFO: dtree.c(1478): Final simple tree
|( QUESTION0_2_R 1 -5.262e+05 5.719e+03 2.362e+03
|    ( QUESTION16 -1 -1.667e+05 1.087e+03 7.695e+02
|        ( - -1.397e+05 2 0 QUESTION17 -1 1.971e+02 6.530e+02)
|        ( - -2.587e+04 12 0 QUESTION19 -1 4.468e+02 1.165e+02))
|    ( QUESTION0_20_R 1 -3.538e+05 1.809e+03 1.593e+03
|        ( QUESTION17 1 -1.497e+05 9.032e+02 6.773e+02
|            ( - -3.999e+04 20 0 QUESTION2_6_L -1 3.409e+02 1.836e+02)
|            ( - -1.088e+05 9 0 QUESTION15 -1 3.870e+02 4.937e+02))
|        ( QUESTION0_9_R 1 -2.023e+05 1.257e+03 9.154e+02
|            ( QUESTION14 -1 -1.382e+05 5.594e+02 6.282e+02
|                ( - -2.748e+04 4 0 QUESTION0_11_R 1 2.860e+02 1.253e+02)
|                ( QUESTION16 -1 -1.101e+05 4.774e+02 5.029e+02
|                    ( - 2.425e+02 1 0)
|                    ( - -1.099e+05 28 0 QUESTION5 -1 3.693e+02 5.019e+02)))
|            ( - -6.285e+04 2 0 QUESTION16 -1 1.526e+02 2.872e+02))))
s>    ( QUESTION0_2_R 1 -5.262e+05 5.719e+03 2.362e+03
s>        ( QUESTION16 -1 -1.667e+05 1.087e+03 7.695e+02
s>            ( - -1.397e+05 2 0 QUESTION17 -1 1.971e+02 6.530e+02)
s>            ( - -2.587e+04 12 0 QUESTION19 -1 4.468e+02 1.165e+02))
s>        ( QUESTION0_20_R 1 -3.538e+05 1.809e+03 1.593e+03
s>            ( QUESTION17 1 -1.497e+05 9.032e+02 6.773e+02
s>                ( - -3.999e+04 20 0 QUESTION2_6_L -1 3.409e+02 1.836e+02)
s>                ( - -1.088e+05 9 0 QUESTION15 -1 3.870e+02 4.937e+02))
s>            ( QUESTION0_9_R 1 -2.023e+05 1.257e+03 9.154e+02
s>                ( QUESTION14 -1 -1.382e+05 5.594e+02 6.282e+02
s>                    ( - -2.748e+04 4 0 QUESTION0_11_R 1 2.860e+02 1.253e+02)
s>                    ( QUESTION16 -1 -1.101e+05 4.774e+02 5.029e+02
s>                        ( - 2.425e+02 1 0)
s>                        ( - -1.099e+05 28 0 QUESTION5 -1 3.693e+02 5.019e+02)))
s>                ( - -6.285e+04 2 0 QUESTION16 -1 1.526e+02 2.872e+02))))INFO: dtree.c(1439): stop. leaf nodes are specific
INFO: dtree.c(1478): Final simple tree
|( QUESTION0_17_R 1 -4.366e+05 2.603e+03 1.958e+03
|    ( - -1.640e+05 2 0)
|    ( QUESTION20 -1 -2.699e+05 2.202e+03 1.222e+03
|        ( - -1.031e+05 2 0)
|        ( QUESTION16 -1 -1.647e+05 2.331e+02 7.471e+02
|            ( QUESTION0_9_R 1 -1.113e+04 1.796e+02 5.098e+01
|                ( - -2.912e+02 1 0)
|                ( QUESTION0_16_R 1 -1.066e+04 1.307e+02 4.898e+01
|                    ( - -9.967e+03 1 0)
|                    ( - -5.661e+02 1 0)))
|            ( - -1.533e+05 1 0))))
s>    ( QUESTION0_17_R 1 -4.366e+05 2.603e+03 1.958e+03
s>        ( - -1.640e+05 2 0)
s>        ( QUESTION20 -1 -2.699e+05 2.202e+03 1.222e+03
s>            ( - -1.031e+05 2 0)
s>            ( QUESTION16 -1 -1.647e+05 2.331e+02 7.471e+02
s>                ( QUESTION0_9_R 1 -1.113e+04 1.796e+02 5.098e+01
s>                    ( - -2.912e+02 1 0)
s>                    ( QUESTION0_16_R 1 -1.066e+04 1.307e+02 4.898e+01
s>                        ( - -9.967e+03 1 0)
s>                        ( - -5.661e+02 1 0)))
s>                ( - -1.533e+05 1 0))))INFO: dtree.c(1315): Comp split 6
INFO: dtree.c(1439): stop. leaf nodes are specific
INFO: dtree.c(1478): Final simple tree
|( WDBNDRY_B 0 -5.192e+05 1.144e+03 2.395e+03
|    ( - -3.762e+04 12 0)
|    ( - -4.804e+05 8 0))
s>    ( WDBNDRY_B 0 -5.192e+05 1.144e+03 2.395e+03
s>        ( - -3.762e+04 12 0)
s>        ( - -4.804e+05 8 0))INFO: dtree.c(1478): Final simple tree
|( QUESTION0 -1 -5.154e+06 6.933e+03 2.311e+04
|    ( WDBNDRY_E 0 -3.563e+06 3.370e+03 1.605e+04
|        ( - -1.201e+05 23 0 QUESTION0 1 3.080e+02 5.332e+02)
|        ( WDBNDRY_B 0 -3.440e+06 1.578e+03 1.552e+04
|            ( - -2.165e+05 27 0 QUESTION2_0_L -1 1.753e+02 9.877e+02)
|            ( QUESTION0 1 -3.222e+06 1.283e+03 1.453e+04
|                ( - -3.204e+06 30 0 QUESTION2_0_L -1 2.064e+02 1.446e+04)
|                ( - -1.673e+04 2 0))))
|    ( QUESTION14 -1 -1.584e+06 3.037e+03 7.054e+03
|        ( - -5.638e+04 2 0)
|        ( QUESTION18 -1 -1.524e+06 2.585e+03 6.805e+03
|            ( - -1.156e+06 6 0 QUESTION0 1 4.720e+02 5.154e+03)
|            ( QUESTION10 -1 -3.655e+05 1.583e+03 1.651e+03
|                ( - -1.270e+05 12 0 QUESTION2_14_L -1 9.222e+02 5.755e+02)
|                ( - -2.369e+05 27 0 QUESTION4 -1 4.651e+02 1.075e+03)))))
s>    ( QUESTION0 -1 -5.154e+06 6.933e+03 2.311e+04
s>        ( WDBNDRY_E 0 -3.563e+06 3.370e+03 1.605e+04
s>            ( - -1.201e+05 23 0 QUESTION0 1 3.080e+02 5.332e+02)
s>            ( WDBNDRY_B 0 -3.440e+06 1.578e+03 1.552e+04
s>                ( - -2.165e+05 27 0 QUESTION2_0_L -1 1.753e+02 9.877e+02)
s>                ( QUESTION0 1 -3.222e+06 1.283e+03 1.453e+04
s>                    ( - -3.204e+06 30 0 QUESTION2_0_L -1 2.064e+02 1.446e+04)
s>                    ( - -1.673e+04 2 0))))
s>        ( QUESTION14 -1 -1.584e+06 3.037e+03 7.054e+03
s>            ( - -5.638e+04 2 0)
s>            ( QUESTION18 -1 -1.524e+06 2.585e+03 6.805e+03
s>                ( - -1.156e+06 6 0 QUESTION0 1 4.720e+02 5.154e+03)
s>                ( QUESTION10 -1 -3.655e+05 1.583e+03 1.651e+03
s>                    ( - -1.270e+05 12 0 QUESTION2_14_L -1 9.222e+02 5.755e+02)
s>                    ( - -2.369e+05 27 0 QUESTION4 -1 4.651e+02 1.075e+03)))))INFO: dtree.c(1315): Comp split 7
INFO: dtree.c(1478): Final simple tree
|( QUESTION0 -1 -3.790e+06 2.349e+03 1.709e+04
|    ( WDBNDRY_B 0 -3.422e+06 1.572e+03 1.544e+04
|        ( - -2.165e+05 27 0 QUESTION2_0_L -1 1.753e+02 9.877e+02)
|        ( - -3.204e+06 30 0 QUESTION2_0_L -1 2.064e+02 1.446e+04))
|    ( QUESTION10 -1 -3.655e+05 1.583e+03 1.651e+03
|        ( QUESTION2_14_L -1 -1.270e+05 9.222e+02 5.755e+02
|            ( - -4.244e+04 4 0)
|            ( WDBNDRY_B 0 -8.362e+04 3.168e+02 3.807e+02
|                ( - -1.876e+03 2 0)
|                ( - -8.143e+04 6 0)))
|        ( QUESTION4 -1 -2.369e+05 4.651e+02 1.075e+03
|            ( - -6.254e+03 3 0 WDBNDRY_B 0 2.735e+02 3.201e+01)
|            ( QUESTION13 -1 -2.302e+05 3.298e+02 1.043e+03
|                ( - -2.029e+05 14 0 WDBNDRY_B 0 2.503e+02 9.185e+02)
|                ( - -2.699e+04 10 0 SILENCE -1 1.416e+02 1.247e+02)))))
s>    ( QUESTION0 -1 -3.790e+06 2.349e+03 1.709e+04
s>        ( WDBNDRY_B 0 -3.422e+06 1.572e+03 1.544e+04
s>            ( - -2.165e+05 27 0 QUESTION2_0_L -1 1.753e+02 9.877e+02)
s>            ( - -3.204e+06 30 0 QUESTION2_0_L -1 2.064e+02 1.446e+04))
s>        ( QUESTION10 -1 -3.655e+05 1.583e+03 1.651e+03
s>            ( QUESTION2_14_L -1 -1.270e+05 9.222e+02 5.755e+02
s>                ( - -4.244e+04 4 0)
s>                ( WDBNDRY_B 0 -8.362e+04 3.168e+02 3.807e+02
s>                    ( - -1.876e+03 2 0)
s>                    ( - -8.143e+04 6 0)))
s>            ( QUESTION4 -1 -2.369e+05 4.651e+02 1.075e+03
s>                ( - -6.254e+03 3 0 WDBNDRY_B 0 2.735e+02 3.201e+01)
s>                ( QUESTION13 -1 -2.302e+05 3.298e+02 1.043e+03
s>                    ( - -2.029e+05 14 0 WDBNDRY_B 0 2.503e+02 9.185e+02)
s>                    ( - -2.699e+04 10 0 SILENCE -1 1.416e+02 1.247e+02)))))INFO: dtree.c(1439): stop. leaf nodes are specific
INFO: dtree.c(1478): Final simple tree
|( QUESTION15 -1 -1.356e+06 4.734e+03 6.013e+03
|    ( QUESTION0 1 -1.156e+06 4.720e+02 5.154e+03
|        ( - -1.156e+06 5 0)
|        ( - 2.415e+02 1 0))
|    ( WDBNDRY_E 0 -1.952e+05 1.492e+03 8.590e+02
|        ( QUESTION0 1 -1.201e+05 3.080e+02 5.332e+02
|            ( - -1.133e+05 17 0)
|            ( - -6.429e+03 6 0))
|        ( QUESTION0 -1 -7.361e+04 4.913e+02 3.258e+02
|            ( - -1.673e+04 2 0)
|            ( - -5.638e+04 2 0))))
s>    ( QUESTION15 -1 -1.356e+06 4.734e+03 6.013e+03
s>        ( QUESTION0 1 -1.156e+06 4.720e+02 5.154e+03
s>            ( - -1.156e+06 5 0)
s>            ( - 2.415e+02 1 0))
s>        ( WDBNDRY_E 0 -1.952e+05 1.492e+03 8.590e+02
s>            ( QUESTION0 1 -1.201e+05 3.080e+02 5.332e+02
s>                ( - -1.133e+05 17 0)
s>                ( - -6.429e+03 6 0))
s>            ( QUESTION0 -1 -7.361e+04 4.913e+02 3.258e+02
s>                ( - -1.673e+04 2 0)
s>                ( - -5.638e+04 2 0))))INFO: dtree.c(1315): Comp split 8
INFO: dtree.c(1439): stop. leaf nodes are specific
INFO: dtree.c(1478): Final simple tree
|( QUESTION2 -1 -6.290e+05 2.797e+03 2.873e+03
|    ( WDBNDRY_B 0 -2.917e+05 1.394e+02 1.354e+03
|        ( - -2.967e+03 3 0)
|        ( - -2.885e+05 4 0))
|    ( WDBNDRY_B 0 -3.345e+05 1.117e+02 1.519e+03
|        ( - -2.639e+03 3 0)
|        ( - -3.318e+05 7 0)))
s>    ( QUESTION2 -1 -6.290e+05 2.797e+03 2.873e+03
s>        ( WDBNDRY_B 0 -2.917e+05 1.394e+02 1.354e+03
s>            ( - -2.967e+03 3 0)
s>            ( - -2.885e+05 4 0))
s>        ( WDBNDRY_B 0 -3.345e+05 1.117e+02 1.519e+03
s>            ( - -2.639e+03 3 0)
s>            ( - -3.318e+05 7 0)))INFO: dtree.c(1439): stop. leaf nodes are specific
INFO: dtree.c(1478): Final simple tree
|( QUESTION2 -1 -1.303e+06 4.580e+02 5.789e+03
|    ( - 2.424e+02 1 0)
|    ( WDBNDRY_B 0 -1.303e+06 3.283e+02 5.788e+03
|        ( - -2.018e+04 5 0)
|        ( - -1.283e+06 5 0)))
s>    ( QUESTION2 -1 -1.303e+06 4.580e+02 5.789e+03
s>        ( - 2.424e+02 1 0)
s>        ( WDBNDRY_B 0 -1.303e+06 3.283e+02 5.788e+03
s>            ( - -2.018e+04 5 0)
s>            ( - -1.283e+06 5 0)))INFO: dtree.c(1315): Comp split 9
INFO: dtree.c(1478): Final simple tree
|( QUESTION16 -1 -1.669e+05 1.081e+03 7.705e+02
|    ( QUESTION0_2_R 1 -1.400e+05 4.762e+02 6.540e+02
|        ( QUESTION17 -1 -1.397e+05 1.971e+02 6.530e+02
|            ( - -2.082e+03 1 0)
|            ( - -1.374e+05 1 0))
|        ( - 2.425e+02 1 0))
|    ( QUESTION19 -1 -2.587e+04 4.468e+02 1.165e+02
|        ( - 2.185e+02 1 0)
|        ( QUESTION0 -1 -2.564e+04 2.568e+02 1.155e+02
|            ( WDBNDRY_E 0 -1.448e+04 1.874e+02 6.480e+01
|                ( - -1.143e+04 6 0)
|                ( - -2.867e+03 3 0))
|            ( QUESTION14 -1 -1.090e+04 1.298e+02 5.072e+01
|                ( - -8.496e+03 1 0)
|                ( - -2.274e+03 1 0)))))
s>    ( QUESTION16 -1 -1.669e+05 1.081e+03 7.705e+02
s>        ( QUESTION0_2_R 1 -1.400e+05 4.762e+02 6.540e+02
s>            ( QUESTION17 -1 -1.397e+05 1.971e+02 6.530e+02
s>                ( - -2.082e+03 1 0)
s>                ( - -1.374e+05 1 0))
s>            ( - 2.425e+02 1 0))
s>        ( QUESTION19 -1 -2.587e+04 4.468e+02 1.165e+02
s>            ( - 2.185e+02 1 0)
s>            ( QUESTION0 -1 -2.564e+04 2.568e+02 1.155e+02
s>                ( WDBNDRY_E 0 -1.448e+04 1.874e+02 6.480e+01
s>                    ( - -1.143e+04 6 0)
s>                    ( - -2.867e+03 3 0))
s>                ( QUESTION14 -1 -1.090e+04 1.298e+02 5.072e+01
s>                    ( - -8.496e+03 1 0)
s>                    ( - -2.274e+03 1 0)))))INFO: dtree.c(1478): Final simple tree
|( QUESTION0_20_R 1 -3.536e+05 1.804e+03 1.592e+03
|    ( QUESTION17 1 -1.497e+05 9.032e+02 6.773e+02
|        ( - -3.999e+04 20 0 QUESTION2_6_L -1 3.409e+02 1.836e+02)
|        ( QUESTION15 -1 -1.088e+05 3.870e+02 4.937e+02
|            ( - -6.321e+04 1 0)
|            ( - -4.522e+04 8 0 QUESTION13 -1 3.297e+02 2.073e+02)))
|    ( QUESTION0_9_R 1 -2.020e+05 1.258e+03 9.144e+02
|        ( QUESTION14 -1 -1.379e+05 5.607e+02 6.272e+02
|            ( - -2.748e+04 4 0 QUESTION0_11_R 1 2.860e+02 1.253e+02)
|            ( QUESTION5 -1 -1.099e+05 3.693e+02 5.019e+02
|                ( - -1.130e+04 1 0)
|                ( QUESTION19 1 -9.823e+04 3.439e+02 4.485e+02
|                    ( - -6.332e+04 15 0 QUESTION19 -1 4.792e+02 2.929e+02)
|                    ( - -3.456e+04 12 0 QUESTION13 -1 2.141e+02 1.556e+02))))
|        ( - -6.285e+04 2 0 QUESTION16 -1 1.526e+02 2.872e+02)))
s>    ( QUESTION0_20_R 1 -3.536e+05 1.804e+03 1.592e+03
s>        ( QUESTION17 1 -1.497e+05 9.032e+02 6.773e+02
s>            ( - -3.999e+04 20 0 QUESTION2_6_L -1 3.409e+02 1.836e+02)
s>            ( QUESTION15 -1 -1.088e+05 3.870e+02 4.937e+02
s>                ( - -6.321e+04 1 0)
s>                ( - -4.522e+04 8 0 QUESTION13 -1 3.297e+02 2.073e+02)))
s>        ( QUESTION0_9_R 1 -2.020e+05 1.258e+03 9.144e+02
s>            ( QUESTION14 -1 -1.379e+05 5.607e+02 6.272e+02
s>                ( - -2.748e+04 4 0 QUESTION0_11_R 1 2.860e+02 1.253e+02)
s>                ( QUESTION5 -1 -1.099e+05 3.693e+02 5.019e+02
s>                    ( - -1.130e+04 1 0)
s>                    ( QUESTION19 1 -9.823e+04 3.439e+02 4.485e+02
s>                        ( - -6.332e+04 15 0 QUESTION19 -1 4.792e+02 2.929e+02)
s>                        ( - -3.456e+04 12 0 QUESTION13 -1 2.141e+02 1.556e+02))))
s>            ( - -6.285e+04 2 0 QUESTION16 -1 1.526e+02 2.872e+02)))INFO: dtree.c(1315): Comp split 10
INFO: dtree.c(1439): stop. leaf nodes are specific
INFO: dtree.c(1478): Final simple tree
|( QUESTION0_17_R 1 -4.271e+05 1.081e+03 1.935e+03
|    ( - -3.501e+05 8 0)
|    ( WDBNDRY_E 0 -7.592e+04 1.828e+02 3.434e+02
|        ( - -4.790e+02 1 0)
|        ( - -7.526e+04 3 0)))
s>    ( QUESTION0_17_R 1 -4.271e+05 1.081e+03 1.935e+03
s>        ( - -3.501e+05 8 0)
s>        ( WDBNDRY_E 0 -7.592e+04 1.828e+02 3.434e+02
s>            ( - -4.790e+02 1 0)
s>            ( - -7.526e+04 3 0)))INFO: dtree.c(1478): Final simple tree
|( QUESTION0_15_R 1 -2.501e+05 2.518e+03 1.144e+03
|    ( QUESTION0_17_R 1 -8.044e+04 9.552e+02 3.619e+02
|        ( WDBNDRY_E 0 -4.608e+04 5.794e+02 2.064e+02
|            ( - -2.273e+04 7 0)
|            ( - -2.277e+04 2 0 QUESTION2 -1 1.180e+02 1.099e+02))
|        ( WDBNDRY_E 0 -3.340e+04 2.841e+02 1.554e+02
|            ( - -2.437e+04 3 0)
|            ( - -8.747e+03 4 0 QUESTION0 -1 1.391e+02 4.061e+01)))
|    ( QUESTION0_13_R 1 -1.671e+05 1.179e+03 7.816e+02
|        ( WDBNDRY_E 0 -3.552e+04 3.788e+02 1.652e+02
|            ( - -1.472e+04 1 0)
|            ( - -2.042e+04 4 0 QUESTION0 -1 1.866e+02 9.562e+01))
|        ( QUESTION3 1 -1.304e+05 3.761e+02 6.164e+02
|            ( - -4.713e+04 3 0)
|            ( - -8.294e+04 6 0 WDBNDRY_E 0 1.365e+02 3.898e+02))))
s>    ( QUESTION0_15_R 1 -2.501e+05 2.518e+03 1.144e+03
s>        ( QUESTION0_17_R 1 -8.044e+04 9.552e+02 3.619e+02
s>            ( WDBNDRY_E 0 -4.608e+04 5.794e+02 2.064e+02
s>                ( - -2.273e+04 7 0)
s>                ( - -2.277e+04 2 0 QUESTION2 -1 1.180e+02 1.099e+02))
s>            ( WDBNDRY_E 0 -3.340e+04 2.841e+02 1.554e+02
s>                ( - -2.437e+04 3 0)
s>                ( - -8.747e+03 4 0 QUESTION0 -1 1.391e+02 4.061e+01)))
s>        ( QUESTION0_13_R 1 -1.671e+05 1.179e+03 7.816e+02
s>            ( WDBNDRY_E 0 -3.552e+04 3.788e+02 1.652e+02
s>                ( - -1.472e+04 1 0)
s>                ( - -2.042e+04 4 0 QUESTION0 -1 1.866e+02 9.562e+01))
s>            ( QUESTION3 1 -1.304e+05 3.761e+02 6.164e+02
s>                ( - -4.713e+04 3 0)
s>                ( - -8.294e+04 6 0 WDBNDRY_E 0 1.365e+02 3.898e+02))))INFO: dtree.c(1315): Comp split 11
INFO: dtree.c(1439): stop. leaf nodes are specific
INFO: dtree.c(1478): Final simple tree
|( WDBNDRY_E 0 -1.163e+06 3.278e+02 5.183e+03
|    ( - -6.429e+03 6 0)
|    ( - -1.156e+06 5 0))
s>    ( WDBNDRY_E 0 -1.163e+06 3.278e+02 5.183e+03
s>        ( - -6.429e+03 6 0)
s>        ( - -1.156e+06 5 0))INFO: dtree.c(1439): stop. leaf nodes are specific
INFO: dtree.c(1478): Final simple tree
|( WDBNDRY_E 0 -1.886e+05 1.442e+03 8.300e+02
|    ( - -1.133e+05 17 0)
|    ( QUESTION0 -1 -7.384e+04 4.899e+02 3.268e+02
|        ( - -1.673e+04 2 0)
|        ( QUESTION14 -1 -5.662e+04 4.746e+02 2.497e+02
|            ( - -5.638e+04 2 0)
|            ( - 2.415e+02 1 0))))
s>    ( WDBNDRY_E 0 -1.886e+05 1.442e+03 8.300e+02
s>        ( - -1.133e+05 17 0)
s>        ( QUESTION0 -1 -7.384e+04 4.899e+02 3.268e+02
s>            ( - -1.673e+04 2 0)
s>            ( QUESTION14 -1 -5.662e+04 4.746e+02 2.497e+02
s>                ( - -5.638e+04 2 0)
s>                ( - 2.415e+02 1 0))))INFO: dtree.c(1315): Comp split 12
INFO: dtree.c(1439): stop. leaf nodes are specific
INFO: dtree.c(1478): Final simple tree
|( QUESTION11 1 -1.815e+05 1.996e+02 8.176e+02
|    ( - -1.803e+05 5 0)
|    ( - -9.960e+02 1 0))
s>    ( QUESTION11 1 -1.815e+05 1.996e+02 8.176e+02
s>        ( - -1.803e+05 5 0)
s>        ( - -9.960e+02 1 0))INFO: dtree.c(1478): Final simple tree
|( QUESTION12 1 -1.564e+05 6.899e+02 7.013e+02
|    ( QUESTION15 -1 -2.689e+04 2.131e+02 1.226e+02
|        ( - -5.288e+03 1 0)
|        ( - -2.139e+04 3 0 WDBNDRY_E 0 1.619e+02 9.753e+01))
|    ( QUESTION0 -1 -1.288e+05 5.858e+02 5.787e+02
|        ( QUESTION0_3_R 1 -1.146e+05 3.948e+02 5.153e+02
|            ( - -1.050e+05 4 0)
|            ( - -9.114e+03 6 0 QUESTION0_7_R 1 1.534e+02 4.137e+01))
|        ( QUESTION2 -1 -1.366e+04 4.401e+02 6.345e+01
|            ( - 2.179e+02 1 0)
|            ( QUESTION2_17_L -1 -1.344e+04 2.966e+02 6.245e+01
|                ( - -2.934e+03 1 0)
|                ( QUESTION5 1 -1.021e+04 2.322e+02 4.744e+01
|                    ( - -4.805e+03 3 0 QUESTION0_2_R 1 2.090e+02 2.227e+01)
|                    ( - -5.171e+03 4 0 QUESTION19 -1 1.223e+02 2.518e+01))))))
s>    ( QUESTION12 1 -1.564e+05 6.899e+02 7.013e+02
s>        ( QUESTION15 -1 -2.689e+04 2.131e+02 1.226e+02
s>            ( - -5.288e+03 1 0)
s>            ( - -2.139e+04 3 0 WDBNDRY_E 0 1.619e+02 9.753e+01))
s>        ( QUESTION0 -1 -1.288e+05 5.858e+02 5.787e+02
s>            ( QUESTION0_3_R 1 -1.146e+05 3.948e+02 5.153e+02
s>                ( - -1.050e+05 4 0)
s>                ( - -9.114e+03 6 0 QUESTION0_7_R 1 1.534e+02 4.137e+01))
s>            ( QUESTION2 -1 -1.366e+04 4.401e+02 6.345e+01
s>                ( - 2.179e+02 1 0)
s>                ( QUESTION2_17_L -1 -1.344e+04 2.966e+02 6.245e+01
s>                    ( - -2.934e+03 1 0)
s>                    ( QUESTION5 1 -1.021e+04 2.322e+02 4.744e+01
s>                        ( - -4.805e+03 3 0 QUESTION0_2_R 1 2.090e+02 2.227e+01)
s>                        ( - -5.171e+03 4 0 QUESTION19 -1 1.223e+02 2.518e+01))))))INFO: dtree.c(1315): Comp split 13
INFO: dtree.c(1439): stop. leaf nodes are specific
INFO: dtree.c(1478): Final simple tree
|( QUESTION2_2_L -1 -3.206e+06 2.064e+02 1.446e+04
|    ( - -2.299e+03 1 0)
|    ( WDBNDRY_B 0 -3.203e+06 1.969e+02 1.445e+04
|        ( - -1.876e+03 2 0)
|        ( - -3.201e+06 29 0)))
s>    ( QUESTION2_2_L -1 -3.206e+06 2.064e+02 1.446e+04
s>        ( - -2.299e+03 1 0)
s>        ( WDBNDRY_B 0 -3.203e+06 1.969e+02 1.445e+04
s>            ( - -1.876e+03 2 0)
s>            ( - -3.201e+06 29 0)))INFO: dtree.c(1478): Final simple tree
|( QUESTION10 -1 -5.809e+05 1.437e+03 2.629e+03
|    ( QUESTION2_14_L -1 -1.248e+05 9.468e+02 5.664e+02
|        ( - -4.244e+04 4 0)
|        ( - -8.143e+04 6 0))
|    ( QUESTION0 -1 -4.547e+05 1.236e+03 2.063e+03
|        ( - -2.165e+05 27 0 QUESTION2_0_L -1 1.753e+02 9.877e+02)
|        ( QUESTION4 -1 -2.369e+05 4.651e+02 1.075e+03
|            ( WDBNDRY_B 0 -6.254e+03 2.735e+02 3.201e+01
|                ( - -1.863e+02 1 0)
|                ( - -5.794e+03 2 0))
|            ( QUESTION13 -1 -2.302e+05 3.298e+02 1.043e+03
|                ( WDBNDRY_B 0 -2.029e+05 2.503e+02 9.185e+02
|                    ( - -1.265e+04 4 0)
|                    ( - -1.900e+05 10 0))
|                ( - -2.699e+04 10 0 SILENCE -1 1.416e+02 1.247e+02)))))
s>    ( QUESTION10 -1 -5.809e+05 1.437e+03 2.629e+03
s>        ( QUESTION2_14_L -1 -1.248e+05 9.468e+02 5.664e+02
s>            ( - -4.244e+04 4 0)
s>            ( - -8.143e+04 6 0))
s>        ( QUESTION0 -1 -4.547e+05 1.236e+03 2.063e+03
s>            ( - -2.165e+05 27 0 QUESTION2_0_L -1 1.753e+02 9.877e+02)
s>            ( QUESTION4 -1 -2.369e+05 4.651e+02 1.075e+03
s>                ( WDBNDRY_B 0 -6.254e+03 2.735e+02 3.201e+01
s>                    ( - -1.863e+02 1 0)
s>                    ( - -5.794e+03 2 0))
s>                ( QUESTION13 -1 -2.302e+05 3.298e+02 1.043e+03
s>                    ( WDBNDRY_B 0 -2.029e+05 2.503e+02 9.185e+02
s>                        ( - -1.265e+04 4 0)
s>                        ( - -1.900e+05 10 0))
s>                    ( - -2.699e+04 10 0 SILENCE -1 1.416e+02 1.247e+02)))))INFO: dtree.c(1315): Comp split 14
INFO: dtree.c(1439): stop. leaf nodes are specific
INFO: dtree.c(1478): Final simple tree
|( WDBNDRY_B 0 -3.376e+05 1.166e+02 1.533e+03
|    ( QUESTION2 -1 -5.697e+03 9.131e+01 2.663e+01
|        ( - -2.967e+03 3 0)
|        ( - -2.639e+03 3 0))
|    ( - -3.318e+05 7 0))
s>    ( WDBNDRY_B 0 -3.376e+05 1.166e+02 1.533e+03
s>        ( QUESTION2 -1 -5.697e+03 9.131e+01 2.663e+01
s>            ( - -2.967e+03 3 0)
s>            ( - -2.639e+03 3 0))
s>        ( - -3.318e+05 7 0))INFO: dtree.c(1315): Comp split 15
INFO: dtree.c(1439): stop. leaf nodes are specific
INFO: dtree.c(1478): Final simple tree
|( QUESTION0_9_R 1 -1.645e+05 1.602e+02 7.378e+02
|    ( - -2.912e+02 1 0)
|    ( - -1.640e+05 2 0))
s>    ( QUESTION0_9_R 1 -1.645e+05 1.602e+02 7.378e+02
s>        ( - -2.912e+02 1 0)
s>        ( - -1.640e+05 2 0))INFO: dtree.c(1439): stop. leaf nodes are specific
INFO: dtree.c(1478): Final simple tree
|( QUESTION20 -1 -2.695e+05 2.195e+03 1.220e+03
|    ( - -1.031e+05 2 0)
|    ( QUESTION16 -1 -1.642e+05 2.571e+02 7.451e+02
|        ( QUESTION0_16_R 1 -1.066e+04 1.307e+02 4.898e+01
|            ( - -9.967e+03 1 0)
|            ( - -5.661e+02 1 0))
|        ( - -1.533e+05 1 0)))
s>    ( QUESTION20 -1 -2.695e+05 2.195e+03 1.220e+03
s>        ( - -1.031e+05 2 0)
s>        ( QUESTION16 -1 -1.642e+05 2.571e+02 7.451e+02
s>            ( QUESTION0_16_R 1 -1.066e+04 1.307e+02 4.898e+01
s>                ( - -9.967e+03 1 0)
s>                ( - -5.661e+02 1 0))
s>            ( - -1.533e+05 1 0)))INFO: dtree.c(1315): Comp split 16
INFO: dtree.c(1439): stop. leaf nodes are specific
INFO: dtree.c(1478): Final simple tree
|( QUESTION0_13_R 1 -1.671e+05 1.179e+03 7.816e+02
|    ( WDBNDRY_E 0 -3.552e+04 3.788e+02 1.652e+02
|        ( - -1.472e+04 1 0)
|        ( QUESTION0 -1 -2.042e+04 1.866e+02 9.562e+01
|            ( - -1.874e+03 3 0)
|            ( - -1.836e+04 1 0)))
|    ( QUESTION3 1 -1.304e+05 3.761e+02 6.164e+02
|        ( - -4.713e+04 3 0)
|        ( WDBNDRY_E 0 -8.294e+04 1.365e+02 3.898e+02
|            ( SILENCE 1 -8.249e+04 4.552e+02 3.878e+02
|                ( - -8.227e+04 4 0)
|                ( - 2.413e+02 1 0))
|            ( - -3.167e+02 1 0))))
s>    ( QUESTION0_13_R 1 -1.671e+05 1.179e+03 7.816e+02
s>        ( WDBNDRY_E 0 -3.552e+04 3.788e+02 1.652e+02
s>            ( - -1.472e+04 1 0)
s>            ( QUESTION0 -1 -2.042e+04 1.866e+02 9.562e+01
s>                ( - -1.874e+03 3 0)
s>                ( - -1.836e+04 1 0)))
s>        ( QUESTION3 1 -1.304e+05 3.761e+02 6.164e+02
s>            ( - -4.713e+04 3 0)
s>            ( WDBNDRY_E 0 -8.294e+04 1.365e+02 3.898e+02
s>                ( SILENCE 1 -8.249e+04 4.552e+02 3.878e+02
s>                    ( - -8.227e+04 4 0)
s>                    ( - 2.413e+02 1 0))
s>                ( - -3.167e+02 1 0))))INFO: dtree.c(1439): stop. leaf nodes are specific
INFO: dtree.c(1478): Final simple tree
|( QUESTION0_17_R 1 -8.044e+04 9.552e+02 3.619e+02
|    ( WDBNDRY_E 0 -4.608e+04 5.794e+02 2.064e+02
|        ( - -2.273e+04 7 0)
|        ( QUESTION2 -1 -2.277e+04 1.180e+02 1.099e+02
|            ( - -2.213e+04 1 0)
|            ( - -5.237e+02 1 0)))
|    ( WDBNDRY_E 0 -3.340e+04 2.841e+02 1.554e+02
|        ( - -2.437e+04 3 0)
|        ( QUESTION0 -1 -8.747e+03 1.391e+02 4.061e+01
|            ( - -6.816e+03 3 0)
|            ( - -1.792e+03 1 0))))
s>    ( QUESTION0_17_R 1 -8.044e+04 9.552e+02 3.619e+02
s>        ( WDBNDRY_E 0 -4.608e+04 5.794e+02 2.064e+02
s>            ( - -2.273e+04 7 0)
s>            ( QUESTION2 -1 -2.277e+04 1.180e+02 1.099e+02
s>                ( - -2.213e+04 1 0)
s>                ( - -5.237e+02 1 0)))
s>        ( WDBNDRY_E 0 -3.340e+04 2.841e+02 1.554e+02
s>            ( - -2.437e+04 3 0)
s>            ( QUESTION0 -1 -8.747e+03 1.391e+02 4.061e+01
s>                ( - -6.816e+03 3 0)
s>                ( - -1.792e+03 1 0))))INFO: dtree.c(1315): Comp split 17
INFO: dtree.c(1439): stop. leaf nodes are specific
INFO: dtree.c(1478): Final simple tree
|( QUESTION16 -1 -1.642e+05 2.571e+02 7.451e+02
|    ( QUESTION0_16_R 1 -1.066e+04 1.307e+02 4.898e+01
|        ( - -9.967e+03 1 0)
|        ( - -5.661e+02 1 0))
|    ( - -1.533e+05 1 0))
s>    ( QUESTION16 -1 -1.642e+05 2.571e+02 7.451e+02
s>        ( QUESTION0_16_R 1 -1.066e+04 1.307e+02 4.898e+01
s>            ( - -9.967e+03 1 0)
s>            ( - -5.661e+02 1 0))
s>        ( - -1.533e+05 1 0))INFO: dtree.c(1315): Comp split 18
INFO: dtree.c(1439): stop. leaf nodes are specific
INFO: dtree.c(1478): Final simple tree
|( QUESTION15 -1 -1.088e+05 3.870e+02 4.937e+02
|    ( - -6.321e+04 1 0)
|    ( QUESTION13 -1 -4.522e+04 3.297e+02 2.073e+02
|        ( - -1.056e+04 1 0)
|        ( WDBNDRY_E 0 -3.433e+04 2.794e+02 1.569e+02
|            ( - -2.349e+04 2 0)
|            ( QUESTION0 -1 -1.057e+04 1.241e+02 4.822e+01
|                ( - -8.503e+03 4 0)
|                ( - -1.940e+03 1 0)))))
s>    ( QUESTION15 -1 -1.088e+05 3.870e+02 4.937e+02
s>        ( - -6.321e+04 1 0)
s>        ( QUESTION13 -1 -4.522e+04 3.297e+02 2.073e+02
s>            ( - -1.056e+04 1 0)
s>            ( WDBNDRY_E 0 -3.433e+04 2.794e+02 1.569e+02
s>                ( - -2.349e+04 2 0)
s>                ( QUESTION0 -1 -1.057e+04 1.241e+02 4.822e+01
s>                    ( - -8.503e+03 4 0)
s>                    ( - -1.940e+03 1 0)))))INFO: dtree.c(1478): Final simple tree
|( QUESTION0_16_R 1 -2.429e+05 1.372e+03 1.098e+03
|    ( - -6.285e+04 2 0 QUESTION16 -1 1.526e+02 2.872e+02)
|    ( QUESTION0_9_R 1 -1.787e+05 7.645e+02 8.108e+02
|        ( QUESTION14 -1 -1.379e+05 5.607e+02 6.272e+02
|            ( - -2.748e+04 4 0 QUESTION0_11_R 1 2.860e+02 1.253e+02)
|            ( QUESTION5 -1 -1.099e+05 3.693e+02 5.019e+02
|                ( - -1.130e+04 1 0)
|                ( QUESTION19 1 -9.823e+04 3.439e+02 4.485e+02
|                    ( QUESTION19 -1 -6.332e+04 4.792e+02 2.929e+02
|                        ( - 2.418e+02 1 0)
|                        ( - -6.309e+04 14 0 WDBNDRY_E 0 2.493e+02 2.919e+02))
|                    ( - -3.456e+04 12 0 QUESTION13 -1 2.141e+02 1.556e+02))))
|        ( QUESTION2_6_L -1 -3.999e+04 3.409e+02 1.836e+02
|            ( - -1.640e+04 5 0 QUESTION2 -1 2.163e+02 7.759e+01)
|            ( - -2.325e+04 15 0 WDBNDRY_E 0 1.946e+02 1.060e+02))))
s>    ( QUESTION0_16_R 1 -2.429e+05 1.372e+03 1.098e+03
s>        ( - -6.285e+04 2 0 QUESTION16 -1 1.526e+02 2.872e+02)
s>        ( QUESTION0_9_R 1 -1.787e+05 7.645e+02 8.108e+02
s>            ( QUESTION14 -1 -1.379e+05 5.607e+02 6.272e+02
s>                ( - -2.748e+04 4 0 QUESTION0_11_R 1 2.860e+02 1.253e+02)
s>                ( QUESTION5 -1 -1.099e+05 3.693e+02 5.019e+02
s>                    ( - -1.130e+04 1 0)
s>                    ( QUESTION19 1 -9.823e+04 3.439e+02 4.485e+02
s>                        ( QUESTION19 -1 -6.332e+04 4.792e+02 2.929e+02
s>                            ( - 2.418e+02 1 0)
s>                            ( - -6.309e+04 14 0 WDBNDRY_E 0 2.493e+02 2.919e+02))
s>                        ( - -3.456e+04 12 0 QUESTION13 -1 2.141e+02 1.556e+02))))
s>            ( QUESTION2_6_L -1 -3.999e+04 3.409e+02 1.836e+02
s>                ( - -1.640e+04 5 0 QUESTION2 -1 2.163e+02 7.759e+01)
s>                ( - -2.325e+04 15 0 WDBNDRY_E 0 1.946e+02 1.060e+02))))INFO: dtree.c(1315): Comp split 19
INFO: dtree.c(1439): stop. leaf nodes are specific
INFO: dtree.c(1478): Final simple tree
|( QUESTION4 -1 -2.240e+05 4.594e+02 1.017e+03
|    ( WDBNDRY_B 0 -6.254e+03 2.735e+02 3.201e+01
|        ( - -1.863e+02 1 0)
|        ( - -5.794e+03 2 0))
|    ( WDBNDRY_B 0 -2.173e+05 3.235e+02 9.855e+02
|        ( SILENCE -1 -2.699e+04 1.416e+02 1.247e+02
|            ( - -1.661e+04 5 0)
|            ( - -1.023e+04 5 0))
|        ( - -1.900e+05 10 0)))
s>    ( QUESTION4 -1 -2.240e+05 4.594e+02 1.017e+03
s>        ( WDBNDRY_B 0 -6.254e+03 2.735e+02 3.201e+01
s>            ( - -1.863e+02 1 0)
s>            ( - -5.794e+03 2 0))
s>        ( WDBNDRY_B 0 -2.173e+05 3.235e+02 9.855e+02
s>            ( SILENCE -1 -2.699e+04 1.416e+02 1.247e+02
s>                ( - -1.661e+04 5 0)
s>                ( - -1.023e+04 5 0))
s>            ( - -1.900e+05 10 0)))INFO: dtree.c(1439): stop. leaf nodes are specific
INFO: dtree.c(1478): Final simple tree
|( WDBNDRY_B 0 -3.554e+05 1.194e+03 1.612e+03
|    ( QUESTION0 -1 -2.294e+05 2.361e+02 1.045e+03
|        ( QUESTION2_0_L -1 -2.165e+05 1.753e+02 9.877e+02
|            ( - -2.146e+05 25 0)
|            ( - -1.701e+03 2 0))
|        ( - -1.265e+04 4 0))
|    ( QUESTION2_14_L -1 -1.248e+05 9.468e+02 5.664e+02
|        ( - -4.244e+04 4 0)
|        ( - -8.143e+04 6 0)))
s>    ( WDBNDRY_B 0 -3.554e+05 1.194e+03 1.612e+03
s>        ( QUESTION0 -1 -2.294e+05 2.361e+02 1.045e+03
s>            ( QUESTION2_0_L -1 -2.165e+05 1.753e+02 9.877e+02
s>                ( - -2.146e+05 25 0)
s>                ( - -1.701e+03 2 0))
s>            ( - -1.265e+04 4 0))
s>        ( QUESTION2_14_L -1 -1.248e+05 9.468e+02 5.664e+02
s>            ( - -4.244e+04 4 0)
s>            ( - -8.143e+04 6 0)))INFO: dtree.c(1315): Comp split 20
INFO: dtree.c(1439): stop. leaf nodes are specific
INFO: dtree.c(1478): Final simple tree
|( QUESTION0 -1 -7.384e+04 4.899e+02 3.268e+02
|    ( - -1.673e+04 2 0)
|    ( QUESTION14 -1 -5.662e+04 4.746e+02 2.497e+02
|        ( - -5.638e+04 2 0)
|        ( - 2.415e+02 1 0)))
s>    ( QUESTION0 -1 -7.384e+04 4.899e+02 3.268e+02
s>        ( - -1.673e+04 2 0)
s>        ( QUESTION14 -1 -5.662e+04 4.746e+02 2.497e+02
s>            ( - -5.638e+04 2 0)
s>            ( - 2.415e+02 1 0)))INFO: dtree.c(1315): Comp split 21
INFO: dtree.c(1439): stop. leaf nodes are specific
INFO: dtree.c(1478): Final simple tree
|( QUESTION16 -1 -6.285e+04 1.526e+02 2.872e+02
|    ( - -5.021e+02 1 0)
|    ( - -6.219e+04 1 0))
s>    ( QUESTION16 -1 -6.285e+04 1.526e+02 2.872e+02
s>        ( - -5.021e+02 1 0)
s>        ( - -6.219e+04 1 0))INFO: dtree.c(1478): Final simple tree
|( QUESTION0_9_R 1 -1.787e+05 7.645e+02 8.108e+02
|    ( QUESTION14 -1 -1.379e+05 5.607e+02 6.272e+02
|        ( QUESTION0_11_R 1 -2.748e+04 2.860e+02 1.253e+02
|            ( - -2.462e+04 3 0)
|            ( - -2.574e+03 1 0))
|        ( QUESTION5 -1 -1.099e+05 3.693e+02 5.019e+02
|            ( - -1.130e+04 1 0)
|            ( QUESTION19 1 -9.823e+04 3.439e+02 4.485e+02
|                ( QUESTION19 -1 -6.332e+04 4.792e+02 2.929e+02
|                    ( - 2.418e+02 1 0)
|                    ( - -6.309e+04 14 0 WDBNDRY_E 0 2.493e+02 2.919e+02))
|                ( - -3.456e+04 12 0 QUESTION13 -1 2.141e+02 1.556e+02))))
|    ( QUESTION2_6_L -1 -3.999e+04 3.409e+02 1.836e+02
|        ( - -1.640e+04 5 0 QUESTION2 -1 2.163e+02 7.759e+01)
|        ( - -2.325e+04 15 0 WDBNDRY_E 0 1.946e+02 1.060e+02)))
s>    ( QUESTION0_9_R 1 -1.787e+05 7.645e+02 8.108e+02
s>        ( QUESTION14 -1 -1.379e+05 5.607e+02 6.272e+02
s>            ( QUESTION0_11_R 1 -2.748e+04 2.860e+02 1.253e+02
s>                ( - -2.462e+04 3 0)
s>                ( - -2.574e+03 1 0))
s>            ( QUESTION5 -1 -1.099e+05 3.693e+02 5.019e+02
s>                ( - -1.130e+04 1 0)
s>                ( QUESTION19 1 -9.823e+04 3.439e+02 4.485e+02
s>                    ( QUESTION19 -1 -6.332e+04 4.792e+02 2.929e+02
s>                        ( - 2.418e+02 1 0)
s>                        ( - -6.309e+04 14 0 WDBNDRY_E 0 2.493e+02 2.919e+02))
s>                    ( - -3.456e+04 12 0 QUESTION13 -1 2.141e+02 1.556e+02))))
s>        ( QUESTION2_6_L -1 -3.999e+04 3.409e+02 1.836e+02
s>            ( - -1.640e+04 5 0 QUESTION2 -1 2.163e+02 7.759e+01)
s>            ( - -2.325e+04 15 0 WDBNDRY_E 0 1.946e+02 1.060e+02)))INFO: dtree.c(1315): Comp split 22
INFO: dtree.c(1439): stop. leaf nodes are specific
INFO: dtree.c(1478): Final simple tree
|( QUESTION0 -1 -2.294e+05 2.361e+02 1.045e+03
|    ( QUESTION2_0_L -1 -2.165e+05 1.753e+02 9.877e+02
|        ( - -2.146e+05 25 0)
|        ( - -1.701e+03 2 0))
|    ( - -1.265e+04 4 0))
s>    ( QUESTION0 -1 -2.294e+05 2.361e+02 1.045e+03
s>        ( QUESTION2_0_L -1 -2.165e+05 1.753e+02 9.877e+02
s>            ( - -2.146e+05 25 0)
s>            ( - -1.701e+03 2 0))
s>        ( - -1.265e+04 4 0))INFO: dtree.c(1439): stop. leaf nodes are specific
INFO: dtree.c(1478): Final simple tree
|( QUESTION2_14_L -1 -1.248e+05 9.468e+02 5.664e+02
|    ( - -4.244e+04 4 0)
|    ( - -8.143e+04 6 0))
s>    ( QUESTION2_14_L -1 -1.248e+05 9.468e+02 5.664e+02
s>        ( - -4.244e+04 4 0)
s>        ( - -8.143e+04 6 0))INFO: dtree.c(1315): Comp split 23
INFO: dtree.c(1439): stop. leaf nodes are specific
INFO: dtree.c(1478): Final simple tree
|( QUESTION0 -1 -3.597e+04 3.772e+02 1.672e+02
|    ( WDBNDRY_E 0 -1.724e+04 1.877e+02 8.059e+01
|        ( - -1.472e+04 1 0)
|        ( QUESTION0_13_R 1 -2.324e+03 1.334e+02 1.100e+01
|            ( - -1.874e+03 3 0)
|            ( - -3.167e+02 1 0)))
|    ( - -1.836e+04 1 0))
s>    ( QUESTION0 -1 -3.597e+04 3.772e+02 1.672e+02
s>        ( WDBNDRY_E 0 -1.724e+04 1.877e+02 8.059e+01
s>            ( - -1.472e+04 1 0)
s>            ( QUESTION0_13_R 1 -2.324e+03 1.334e+02 1.100e+01
s>                ( - -1.874e+03 3 0)
s>                ( - -3.167e+02 1 0)))
s>        ( - -1.836e+04 1 0))INFO: dtree.c(1439): stop. leaf nodes are specific
INFO: dtree.c(1478): Final simple tree
|( QUESTION0_10_R 1 -1.300e+05 4.554e+02 6.144e+02
|    ( - 2.413e+02 1 0)
|    ( SILENCE 1 -1.298e+05 3.727e+02 6.134e+02
|        ( - -8.227e+04 4 0)
|        ( - -4.713e+04 3 0)))
s>    ( QUESTION0_10_R 1 -1.300e+05 4.554e+02 6.144e+02
s>        ( - 2.413e+02 1 0)
s>        ( SILENCE 1 -1.298e+05 3.727e+02 6.134e+02
s>            ( - -8.227e+04 4 0)
s>            ( - -4.713e+04 3 0)))INFO: dtree.c(1315): Comp split 24
INFO: dtree.c(1315): Comp split 25
INFO: dtree.c(1439): stop. leaf nodes are specific
INFO: dtree.c(1478): Final simple tree
|( QUESTION0_2_R 1 -2.836e+04 4.667e+02 1.286e+02
|    ( QUESTION19 -1 -2.814e+04 4.452e+02 1.276e+02
|        ( - 2.185e+02 1 0)
|        ( QUESTION0 -1 -2.791e+04 2.962e+02 1.266e+02
|            ( WDBNDRY_E 0 -1.448e+04 1.874e+02 6.480e+01
|                ( - -1.143e+04 6 0)
|                ( - -2.867e+03 3 0))
|            ( QUESTION14 -1 -1.313e+04 1.509e+02 6.181e+01
|                ( - -8.496e+03 1 0)
|                ( QUESTION16 -1 -4.484e+03 1.273e+02 2.209e+01
|                    ( - -2.082e+03 1 0)
|                    ( - -2.274e+03 1 0)))))
|    ( - 2.425e+02 1 0))
s>    ( QUESTION0_2_R 1 -2.836e+04 4.667e+02 1.286e+02
s>        ( QUESTION19 -1 -2.814e+04 4.452e+02 1.276e+02
s>            ( - 2.185e+02 1 0)
s>            ( QUESTION0 -1 -2.791e+04 2.962e+02 1.266e+02
s>                ( WDBNDRY_E 0 -1.448e+04 1.874e+02 6.480e+01
s>                    ( - -1.143e+04 6 0)
s>                    ( - -2.867e+03 3 0))
s>                ( QUESTION14 -1 -1.313e+04 1.509e+02 6.181e+01
s>                    ( - -8.496e+03 1 0)
s>                    ( QUESTION16 -1 -4.484e+03 1.273e+02 2.209e+01
s>                        ( - -2.082e+03 1 0)
s>                        ( - -2.274e+03 1 0)))))
s>        ( - 2.425e+02 1 0))INFO: dtree.c(1315): Comp split 26
INFO: dtree.c(1439): stop. leaf nodes are specific
INFO: dtree.c(1478): Final simple tree
|( WDBNDRY_E 0 -7.592e+04 1.828e+02 3.434e+02
|    ( - -4.790e+02 1 0)
|    ( - -7.526e+04 3 0))
s>    ( WDBNDRY_E 0 -7.592e+04 1.828e+02 3.434e+02
s>        ( - -4.790e+02 1 0)
s>        ( - -7.526e+04 3 0))INFO: dtree.c(1315): Comp split 27
INFO: dtree.c(1439): stop. leaf nodes are specific
INFO: dtree.c(1478): Final simple tree
|( WDBNDRY_E 0 -3.340e+04 2.841e+02 1.554e+02
|    ( - -2.437e+04 3 0)
|    ( QUESTION0 -1 -8.747e+03 1.391e+02 4.061e+01
|        ( - -6.816e+03 3 0)
|        ( - -1.792e+03 1 0)))
s>    ( WDBNDRY_E 0 -3.340e+04 2.841e+02 1.554e+02
s>        ( - -2.437e+04 3 0)
s>        ( QUESTION0 -1 -8.747e+03 1.391e+02 4.061e+01
s>            ( - -6.816e+03 3 0)
s>            ( - -1.792e+03 1 0)))INFO: dtree.c(1439): stop. leaf nodes are specific
INFO: dtree.c(1478): Final simple tree
|( WDBNDRY_E 0 -4.608e+04 5.794e+02 2.064e+02
|    ( - -2.273e+04 7 0)
|    ( QUESTION2 -1 -2.277e+04 1.180e+02 1.099e+02
|        ( - -2.213e+04 1 0)
|        ( - -5.237e+02 1 0)))
s>    ( WDBNDRY_E 0 -4.608e+04 5.794e+02 2.064e+02
s>        ( - -2.273e+04 7 0)
s>        ( QUESTION2 -1 -2.277e+04 1.180e+02 1.099e+02
s>            ( - -2.213e+04 1 0)
s>            ( - -5.237e+02 1 0)))INFO: dtree.c(1315): Comp split 28
INFO: dtree.c(1315): Comp split 29
INFO: dtree.c(1439): stop. leaf nodes are specific
INFO: dtree.c(1478): Final simple tree
|( QUESTION0_3_R 1 -1.146e+05 3.948e+02 5.153e+02
|    ( - -1.050e+05 4 0)
|    ( QUESTION0_7_R 1 -9.114e+03 1.534e+02 4.137e+01
|        ( WDBNDRY_E 0 -3.837e+03 2.094e+02 1.771e+01
|            ( - -3.406e+03 2 0)
|            ( - -2.217e+02 1 0))
|        ( - -5.123e+03 3 0)))
s>    ( QUESTION0_3_R 1 -1.146e+05 3.948e+02 5.153e+02
s>        ( - -1.050e+05 4 0)
s>        ( QUESTION0_7_R 1 -9.114e+03 1.534e+02 4.137e+01
s>            ( WDBNDRY_E 0 -3.837e+03 2.094e+02 1.771e+01
s>                ( - -3.406e+03 2 0)
s>                ( - -2.217e+02 1 0))
s>            ( - -5.123e+03 3 0)))INFO: dtree.c(1478): Final simple tree
|( QUESTION12 1 -4.102e+04 4.727e+02 1.860e+02
|    ( QUESTION15 -1 -2.689e+04 2.131e+02 1.226e+02
|        ( - -5.288e+03 1 0)
|        ( WDBNDRY_E 0 -2.139e+04 1.619e+02 9.753e+01
|            ( - -1.254e+04 2 0)
|            ( - -8.684e+03 1 0)))
|    ( QUESTION2 -1 -1.366e+04 4.401e+02 6.345e+01
|        ( - 2.179e+02 1 0)
|        ( QUESTION2_17_L -1 -1.344e+04 2.966e+02 6.245e+01
|            ( - -2.934e+03 1 0)
|            ( QUESTION5 1 -1.021e+04 2.322e+02 4.744e+01
|                ( QUESTION0_2_R 1 -4.805e+03 2.090e+02 2.227e+01
|                    ( - -4.322e+03 2 0)
|                    ( - -2.741e+02 1 0))
|                ( - -5.171e+03 4 0 QUESTION19 -1 1.223e+02 2.518e+01)))))
s>    ( QUESTION12 1 -4.102e+04 4.727e+02 1.860e+02
s>        ( QUESTION15 -1 -2.689e+04 2.131e+02 1.226e+02
s>            ( - -5.288e+03 1 0)
s>            ( WDBNDRY_E 0 -2.139e+04 1.619e+02 9.753e+01
s>                ( - -1.254e+04 2 0)
s>                ( - -8.684e+03 1 0)))
s>        ( QUESTION2 -1 -1.366e+04 4.401e+02 6.345e+01
s>            ( - 2.179e+02 1 0)
s>            ( QUESTION2_17_L -1 -1.344e+04 2.966e+02 6.245e+01
s>                ( - -2.934e+03 1 0)
s>                ( QUESTION5 1 -1.021e+04 2.322e+02 4.744e+01
s>                    ( QUESTION0_2_R 1 -4.805e+03 2.090e+02 2.227e+01
s>                        ( - -4.322e+03 2 0)
s>                        ( - -2.741e+02 1 0))
s>                    ( - -5.171e+03 4 0 QUESTION19 -1 1.223e+02 2.518e+01)))))INFO: dtree.c(1315): Comp split 30
INFO: dtree.c(1478): Final simple tree
|( QUESTION0_11_R 1 -4.306e+04 4.748e+02 1.968e+02
|    ( - 2.418e+02 1 0)
|    ( QUESTION2_6_L -1 -4.282e+04 3.409e+02 1.958e+02
|        ( QUESTION2 -1 -1.640e+04 2.163e+02 7.759e+01
|            ( - -7.739e+03 1 0)
|            ( QUESTION19 -1 -8.442e+03 9.705e+01 3.963e+01
|                ( - -6.677e+03 2 0)
|                ( - -1.668e+03 2 0)))
|        ( QUESTION0_9_R 1 -2.609e+04 2.568e+02 1.183e+02
|            ( - -2.574e+03 1 0)
|            ( WDBNDRY_E 0 -2.325e+04 1.946e+02 1.060e+02
|                ( - -6.957e+03 5 0)
|                ( QUESTION0 -1 -1.610e+04 8.617e+01 7.392e+01
|                    ( - -1.434e+04 8 0)
|                    ( - -1.673e+03 2 0))))))
s>    ( QUESTION0_11_R 1 -4.306e+04 4.748e+02 1.968e+02
s>        ( - 2.418e+02 1 0)
s>        ( QUESTION2_6_L -1 -4.282e+04 3.409e+02 1.958e+02
s>            ( QUESTION2 -1 -1.640e+04 2.163e+02 7.759e+01
s>                ( - -7.739e+03 1 0)
s>                ( QUESTION19 -1 -8.442e+03 9.705e+01 3.963e+01
s>                    ( - -6.677e+03 2 0)
s>                    ( - -1.668e+03 2 0)))
s>            ( QUESTION0_9_R 1 -2.609e+04 2.568e+02 1.183e+02
s>                ( - -2.574e+03 1 0)
s>                ( WDBNDRY_E 0 -2.325e+04 1.946e+02 1.060e+02
s>                    ( - -6.957e+03 5 0)
s>                    ( QUESTION0 -1 -1.610e+04 8.617e+01 7.392e+01
s>                        ( - -1.434e+04 8 0)
s>                        ( - -1.673e+03 2 0))))))INFO: dtree.c(1478): Final simple tree
|( QUESTION14 -1 -1.349e+05 5.848e+02 6.140e+02
|    ( - -2.462e+04 3 0)
|    ( QUESTION5 -1 -1.097e+05 3.701e+02 5.009e+02
|        ( - -1.130e+04 1 0)
|        ( QUESTION19 1 -9.799e+04 3.472e+02 4.475e+02
|            ( WDBNDRY_E 0 -6.309e+04 2.493e+02 2.919e+02
|                ( - -5.065e+04 6 0)
|                ( QUESTION2_15_L -1 -1.219e+04 2.289e+02 5.610e+01
|                    ( - -1.904e+03 1 0)
|                    ( QUESTION13 -1 -1.006e+04 2.000e+02 4.610e+01
|                        ( - -2.457e+02 1 0)
|                        ( - -9.613e+03 6 0 QUESTION0 -1 1.528e+02 4.410e+01))))
|            ( QUESTION13 -1 -3.456e+04 2.141e+02 1.556e+02
|                ( - -7.451e+03 2 0 QUESTION2_17_L -1 1.551e+02 3.349e+01)
|                ( - -2.689e+04 10 0 QUESTION0_11_R 1 1.702e+02 1.221e+02)))))
s>    ( QUESTION14 -1 -1.349e+05 5.848e+02 6.140e+02
s>        ( - -2.462e+04 3 0)
s>        ( QUESTION5 -1 -1.097e+05 3.701e+02 5.009e+02
s>            ( - -1.130e+04 1 0)
s>            ( QUESTION19 1 -9.799e+04 3.472e+02 4.475e+02
s>                ( WDBNDRY_E 0 -6.309e+04 2.493e+02 2.919e+02
s>                    ( - -5.065e+04 6 0)
s>                    ( QUESTION2_15_L -1 -1.219e+04 2.289e+02 5.610e+01
s>                        ( - -1.904e+03 1 0)
s>                        ( QUESTION13 -1 -1.006e+04 2.000e+02 4.610e+01
s>                            ( - -2.457e+02 1 0)
s>                            ( - -9.613e+03 6 0 QUESTION0 -1 1.528e+02 4.410e+01))))
s>                ( QUESTION13 -1 -3.456e+04 2.141e+02 1.556e+02
s>                    ( - -7.451e+03 2 0 QUESTION2_17_L -1 1.551e+02 3.349e+01)
s>                    ( - -2.689e+04 10 0 QUESTION0_11_R 1 1.702e+02 1.221e+02)))))INFO: dtree.c(1315): Comp split 31
INFO: dtree.c(1478): Final simple tree
|( QUESTION19 1 -9.799e+04 3.472e+02 4.475e+02
|    ( WDBNDRY_E 0 -6.309e+04 2.493e+02 2.919e+02
|        ( - -5.065e+04 6 0)
|        ( QUESTION2_15_L -1 -1.219e+04 2.289e+02 5.610e+01
|            ( - -1.904e+03 1 0)
|            ( QUESTION13 -1 -1.006e+04 2.000e+02 4.610e+01
|                ( - -2.457e+02 1 0)
|                ( - -9.613e+03 6 0 QUESTION0 -1 1.528e+02 4.410e+01))))
|    ( QUESTION13 -1 -3.456e+04 2.141e+02 1.556e+02
|        ( - -7.451e+03 2 0 QUESTION2_17_L -1 1.551e+02 3.349e+01)
|        ( QUESTION0_11_R 1 -2.689e+04 1.702e+02 1.221e+02
|            ( WDBNDRY_E 0 -2.573e+04 1.783e+02 1.171e+02
|                ( - -8.047e+03 3 0)
|                ( - -1.750e+04 5 0 QUESTION0 -1 1.138e+02 8.024e+01))
|            ( - -9.942e+02 2 0))))
s>    ( QUESTION19 1 -9.799e+04 3.472e+02 4.475e+02
s>        ( WDBNDRY_E 0 -6.309e+04 2.493e+02 2.919e+02
s>            ( - -5.065e+04 6 0)
s>            ( QUESTION2_15_L -1 -1.219e+04 2.289e+02 5.610e+01
s>                ( - -1.904e+03 1 0)
s>                ( QUESTION13 -1 -1.006e+04 2.000e+02 4.610e+01
s>                    ( - -2.457e+02 1 0)
s>                    ( - -9.613e+03 6 0 QUESTION0 -1 1.528e+02 4.410e+01))))
s>        ( QUESTION13 -1 -3.456e+04 2.141e+02 1.556e+02
s>            ( - -7.451e+03 2 0 QUESTION2_17_L -1 1.551e+02 3.349e+01)
s>            ( QUESTION0_11_R 1 -2.689e+04 1.702e+02 1.221e+02
s>                ( WDBNDRY_E 0 -2.573e+04 1.783e+02 1.171e+02
s>                    ( - -8.047e+03 3 0)
s>                    ( - -1.750e+04 5 0 QUESTION0 -1 1.138e+02 8.024e+01))
s>                ( - -9.942e+02 2 0))))INFO: dtree.c(1439): stop. leaf nodes are specific
INFO: dtree.c(1478): Final simple tree
|( QUESTION2 -1 -3.621e+04 2.973e+02 1.665e+02
|    ( - -1.130e+04 1 0)
|    ( - -2.462e+04 3 0))
s>    ( QUESTION2 -1 -3.621e+04 2.973e+02 1.665e+02
s>        ( - -1.130e+04 1 0)
s>        ( - -2.462e+04 3 0))INFO: dtree.c(1315): Comp split 32
INFO: dtree.c(1439): stop. leaf nodes are specific
INFO: dtree.c(1478): Final simple tree
|( QUESTION2 -1 -2.277e+04 1.180e+02 1.099e+02
|    ( - -2.213e+04 1 0)
|    ( - -5.237e+02 1 0))
s>    ( QUESTION2 -1 -2.277e+04 1.180e+02 1.099e+02
s>        ( - -2.213e+04 1 0)
s>        ( - -5.237e+02 1 0))INFO: dtree.c(1315): Comp split 33
INFO: dtree.c(1439): stop. leaf nodes are specific
INFO: dtree.c(1478): Final simple tree
|( WDBNDRY_B 0 -2.177e+05 3.245e+02 9.875e+02
|    ( QUESTION4 -1 -2.741e+04 2.360e+02 1.267e+02
|        ( - -1.863e+02 1 0)
|        ( SILENCE -1 -2.699e+04 1.416e+02 1.247e+02
|            ( - -1.661e+04 5 0)
|            ( - -1.023e+04 5 0)))
|    ( - -1.900e+05 10 0))
s>    ( WDBNDRY_B 0 -2.177e+05 3.245e+02 9.875e+02
s>        ( QUESTION4 -1 -2.741e+04 2.360e+02 1.267e+02
s>            ( - -1.863e+02 1 0)
s>            ( SILENCE -1 -2.699e+04 1.416e+02 1.247e+02
s>                ( - -1.661e+04 5 0)
s>                ( - -1.023e+04 5 0)))
s>        ( - -1.900e+05 10 0))INFO: dtree.c(1315): Comp split 34
INFO: dtree.c(1439): stop. leaf nodes are specific
INFO: dtree.c(1478): Final simple tree
|( QUESTION14 -1 -5.662e+04 4.746e+02 2.497e+02
|    ( - -5.638e+04 2 0)
|    ( - 2.415e+02 1 0))
s>    ( QUESTION14 -1 -5.662e+04 4.746e+02 2.497e+02
s>        ( - -5.638e+04 2 0)
s>        ( - 2.415e+02 1 0))INFO: dtree.c(1315): Comp split 35
INFO: dtree.c(1439): stop. leaf nodes are specific
INFO: dtree.c(1478): Final simple tree
|( QUESTION2_6_L -1 -4.282e+04 3.409e+02 1.958e+02
|    ( QUESTION2 -1 -1.640e+04 2.163e+02 7.759e+01
|        ( - -7.739e+03 1 0)
|        ( QUESTION19 -1 -8.442e+03 9.705e+01 3.963e+01
|            ( - -6.677e+03 2 0)
|            ( - -1.668e+03 2 0)))
|    ( QUESTION0_9_R 1 -2.609e+04 2.568e+02 1.183e+02
|        ( - -2.574e+03 1 0)
|        ( WDBNDRY_E 0 -2.325e+04 1.946e+02 1.060e+02
|            ( - -6.957e+03 5 0)
|            ( QUESTION0 -1 -1.610e+04 8.617e+01 7.392e+01
|                ( - -1.434e+04 8 0)
|                ( - -1.673e+03 2 0)))))
s>    ( QUESTION2_6_L -1 -4.282e+04 3.409e+02 1.958e+02
s>        ( QUESTION2 -1 -1.640e+04 2.163e+02 7.759e+01
s>            ( - -7.739e+03 1 0)
s>            ( QUESTION19 -1 -8.442e+03 9.705e+01 3.963e+01
s>                ( - -6.677e+03 2 0)
s>                ( - -1.668e+03 2 0)))
s>        ( QUESTION0_9_R 1 -2.609e+04 2.568e+02 1.183e+02
s>            ( - -2.574e+03 1 0)
s>            ( WDBNDRY_E 0 -2.325e+04 1.946e+02 1.060e+02
s>                ( - -6.957e+03 5 0)
s>                ( QUESTION0 -1 -1.610e+04 8.617e+01 7.392e+01
s>                    ( - -1.434e+04 8 0)
s>                    ( - -1.673e+03 2 0)))))INFO: dtree.c(1315): Comp split 36
INFO: dtree.c(1315): Comp split 37
INFO: dtree.c(1478): Final simple tree
|( QUESTION2 -1 -1.366e+04 4.401e+02 6.345e+01
|    ( - 2.179e+02 1 0)
|    ( QUESTION2_17_L -1 -1.344e+04 2.966e+02 6.245e+01
|        ( - -2.934e+03 1 0)
|        ( QUESTION5 1 -1.021e+04 2.322e+02 4.744e+01
|            ( QUESTION0_2_R 1 -4.805e+03 2.090e+02 2.227e+01
|                ( - -4.322e+03 2 0)
|                ( - -2.741e+02 1 0))
|            ( QUESTION19 -1 -5.171e+03 1.223e+02 2.518e+01
|                ( - -5.369e+02 1 0)
|                ( QUESTION0_3_R 1 -4.512e+03 1.051e+02 2.218e+01
|                    ( QUESTION14 -1 -1.978e+03 1.071e+02 1.000e+01
|                        ( - -1.358e+03 1 0)
|                        ( - -5.134e+02 1 0))
|                    ( - -2.428e+03 1 0))))))
s>    ( QUESTION2 -1 -1.366e+04 4.401e+02 6.345e+01
s>        ( - 2.179e+02 1 0)
s>        ( QUESTION2_17_L -1 -1.344e+04 2.966e+02 6.245e+01
s>            ( - -2.934e+03 1 0)
s>            ( QUESTION5 1 -1.021e+04 2.322e+02 4.744e+01
s>                ( QUESTION0_2_R 1 -4.805e+03 2.090e+02 2.227e+01
s>                    ( - -4.322e+03 2 0)
s>                    ( - -2.741e+02 1 0))
s>                ( QUESTION19 -1 -5.171e+03 1.223e+02 2.518e+01
s>                    ( - -5.369e+02 1 0)
s>                    ( QUESTION0_3_R 1 -4.512e+03 1.051e+02 2.218e+01
s>                        ( QUESTION14 -1 -1.978e+03 1.071e+02 1.000e+01
s>                            ( - -1.358e+03 1 0)
s>                            ( - -5.134e+02 1 0))
s>                        ( - -2.428e+03 1 0))))))INFO: dtree.c(1439): stop. leaf nodes are specific
INFO: dtree.c(1478): Final simple tree
|( QUESTION15 -1 -2.689e+04 2.131e+02 1.226e+02
|    ( - -5.288e+03 1 0)
|    ( WDBNDRY_E 0 -2.139e+04 1.619e+02 9.753e+01
|        ( - -1.254e+04 2 0)
|        ( - -8.684e+03 1 0)))
s>    ( QUESTION15 -1 -2.689e+04 2.131e+02 1.226e+02
s>        ( - -5.288e+03 1 0)
s>        ( WDBNDRY_E 0 -2.139e+04 1.619e+02 9.753e+01
s>            ( - -1.254e+04 2 0)
s>            ( - -8.684e+03 1 0)))INFO: dtree.c(1315): Comp split 38
INFO: dtree.c(1439): stop. leaf nodes are specific
INFO: dtree.c(1478): Final simple tree
|( QUESTION19 -1 -2.814e+04 4.452e+02 1.276e+02
|    ( - 2.185e+02 1 0)
|    ( QUESTION0 -1 -2.791e+04 2.962e+02 1.266e+02
|        ( WDBNDRY_E 0 -1.448e+04 1.874e+02 6.480e+01
|            ( - -1.143e+04 6 0)
|            ( - -2.867e+03 3 0))
|        ( QUESTION14 -1 -1.313e+04 1.509e+02 6.181e+01
|            ( - -8.496e+03 1 0)
|            ( QUESTION16 -1 -4.484e+03 1.273e+02 2.209e+01
|                ( - -2.082e+03 1 0)
|                ( - -2.274e+03 1 0)))))
s>    ( QUESTION19 -1 -2.814e+04 4.452e+02 1.276e+02
s>        ( - 2.185e+02 1 0)
s>        ( QUESTION0 -1 -2.791e+04 2.962e+02 1.266e+02
s>            ( WDBNDRY_E 0 -1.448e+04 1.874e+02 6.480e+01
s>                ( - -1.143e+04 6 0)
s>                ( - -2.867e+03 3 0))
s>            ( QUESTION14 -1 -1.313e+04 1.509e+02 6.181e+01
s>                ( - -8.496e+03 1 0)
s>                ( QUESTION16 -1 -4.484e+03 1.273e+02 2.209e+01
s>                    ( - -2.082e+03 1 0)
s>                    ( - -2.274e+03 1 0)))))INFO: dtree.c(1315): Comp split 39
INFO: dtree.c(1439): stop. leaf nodes are specific
INFO: dtree.c(1478): Final simple tree
|( WDBNDRY_B 0 -1.303e+06 3.283e+02 5.788e+03
|    ( - -2.018e+04 5 0)
|    ( - -1.283e+06 5 0))
s>    ( WDBNDRY_B 0 -1.303e+06 3.283e+02 5.788e+03
s>        ( - -2.018e+04 5 0)
s>        ( - -1.283e+06 5 0))INFO: dtree.c(1315): Comp split 40
INFO: dtree.c(1439): stop. leaf nodes are specific
INFO: dtree.c(1478): Final simple tree
|( SILENCE 1 -1.298e+05 3.727e+02 6.134e+02
|    ( - -8.227e+04 4 0)
|    ( - -4.713e+04 3 0))
s>    ( SILENCE 1 -1.298e+05 3.727e+02 6.134e+02
s>        ( - -8.227e+04 4 0)
s>        ( - -4.713e+04 3 0))INFO: dtree.c(1315): Comp split 41
INFO: dtree.c(1439): stop. leaf nodes are specific
INFO: dtree.c(1478): Final simple tree
|( QUESTION13 -1 -7.400e+04 2.245e+02 3.346e+02
|    ( - -6.321e+04 1 0)
|    ( QUESTION0 -1 -1.057e+04 1.241e+02 4.822e+01
|        ( - -8.503e+03 4 0)
|        ( - -1.940e+03 1 0)))
s>    ( QUESTION13 -1 -7.400e+04 2.245e+02 3.346e+02
s>        ( - -6.321e+04 1 0)
s>        ( QUESTION0 -1 -1.057e+04 1.241e+02 4.822e+01
s>            ( - -8.503e+03 4 0)
s>            ( - -1.940e+03 1 0)))INFO: dtree.c(1439): stop. leaf nodes are specific
INFO: dtree.c(1478): Final simple tree
|( WDBNDRY_E 0 -3.436e+04 3.197e+02 1.591e+02
|    ( - -2.349e+04 2 0)
|    ( - -1.056e+04 1 0))
s>    ( WDBNDRY_E 0 -3.436e+04 3.197e+02 1.591e+02
s>        ( - -2.349e+04 2 0)
s>        ( - -1.056e+04 1 0))INFO: dtree.c(1315): Comp split 42
INFO: dtree.c(1439): stop. leaf nodes are specific
INFO: dtree.c(1478): Final simple tree
|( QUESTION0 -1 -2.791e+04 2.962e+02 1.266e+02
|    ( WDBNDRY_E 0 -1.448e+04 1.874e+02 6.480e+01
|        ( - -1.143e+04 6 0)
|        ( - -2.867e+03 3 0))
|    ( QUESTION14 -1 -1.313e+04 1.509e+02 6.181e+01
|        ( - -8.496e+03 1 0)
|        ( QUESTION16 -1 -4.484e+03 1.273e+02 2.209e+01
|            ( - -2.082e+03 1 0)
|            ( - -2.274e+03 1 0))))
s>    ( QUESTION0 -1 -2.791e+04 2.962e+02 1.266e+02
s>        ( WDBNDRY_E 0 -1.448e+04 1.874e+02 6.480e+01
s>            ( - -1.143e+04 6 0)
s>            ( - -2.867e+03 3 0))
s>        ( QUESTION14 -1 -1.313e+04 1.509e+02 6.181e+01
s>            ( - -8.496e+03 1 0)
s>            ( QUESTION16 -1 -4.484e+03 1.273e+02 2.209e+01
s>                ( - -2.082e+03 1 0)
s>                ( - -2.274e+03 1 0))))INFO: dtree.c(1315): Comp split 43
INFO: dtree.c(1439): stop. leaf nodes are specific
INFO: dtree.c(1478): Final simple tree
|( QUESTION2_17_L -1 -1.344e+04 2.966e+02 6.245e+01
|    ( - -2.934e+03 1 0)
|    ( QUESTION5 1 -1.021e+04 2.322e+02 4.744e+01
|        ( QUESTION0_2_R 1 -4.805e+03 2.090e+02 2.227e+01
|            ( - -4.322e+03 2 0)
|            ( - -2.741e+02 1 0))
|        ( QUESTION19 -1 -5.171e+03 1.223e+02 2.518e+01
|            ( - -5.369e+02 1 0)
|            ( QUESTION0_3_R 1 -4.512e+03 1.051e+02 2.218e+01
|                ( QUESTION14 -1 -1.978e+03 1.071e+02 1.000e+01
|                    ( - -1.358e+03 1 0)
|                    ( - -5.134e+02 1 0))
|                ( - -2.428e+03 1 0)))))
s>    ( QUESTION2_17_L -1 -1.344e+04 2.966e+02 6.245e+01
s>        ( - -2.934e+03 1 0)
s>        ( QUESTION5 1 -1.021e+04 2.322e+02 4.744e+01
s>            ( QUESTION0_2_R 1 -4.805e+03 2.090e+02 2.227e+01
s>                ( - -4.322e+03 2 0)
s>                ( - -2.741e+02 1 0))
s>            ( QUESTION19 -1 -5.171e+03 1.223e+02 2.518e+01
s>                ( - -5.369e+02 1 0)
s>                ( QUESTION0_3_R 1 -4.512e+03 1.051e+02 2.218e+01
s>                    ( QUESTION14 -1 -1.978e+03 1.071e+02 1.000e+01
s>                        ( - -1.358e+03 1 0)
s>                        ( - -5.134e+02 1 0))
s>                    ( - -2.428e+03 1 0)))))INFO: dtree.c(1315): Comp split 44
INFO: dtree.c(1439): stop. leaf nodes are specific
INFO: dtree.c(1478): Final simple tree
|( WDBNDRY_E 0 -5.273e+04 1.819e+02 2.458e+02
|    ( - -5.065e+04 6 0)
|    ( - -1.904e+03 1 0))
s>    ( WDBNDRY_E 0 -5.273e+04 1.819e+02 2.458e+02
s>        ( - -5.065e+04 6 0)
s>        ( - -1.904e+03 1 0))INFO: dtree.c(1478): Final simple tree
|( QUESTION19 -1 -4.483e+04 2.519e+02 2.017e+02
|    ( QUESTION2_17_L -1 -7.451e+03 1.551e+02 3.349e+01
|        ( - -2.823e+02 1 0)
|        ( - -7.014e+03 1 0))
|    ( QUESTION13 -1 -3.713e+04 1.884e+02 1.682e+02
|        ( - -2.457e+02 1 0)
|        ( QUESTION19 1 -3.670e+04 1.904e+02 1.662e+02
|            ( QUESTION0 -1 -9.613e+03 1.528e+02 4.410e+01
|                ( - -8.683e+03 5 0)
|                ( - -7.772e+02 1 0))
|            ( QUESTION0_11_R 1 -2.689e+04 1.702e+02 1.221e+02
|                ( WDBNDRY_E 0 -2.573e+04 1.783e+02 1.171e+02
|                    ( - -8.047e+03 3 0)
|                    ( - -1.750e+04 5 0 QUESTION0 -1 1.138e+02 8.024e+01))
|                ( - -9.942e+02 2 0)))))
s>    ( QUESTION19 -1 -4.483e+04 2.519e+02 2.017e+02
s>        ( QUESTION2_17_L -1 -7.451e+03 1.551e+02 3.349e+01
s>            ( - -2.823e+02 1 0)
s>            ( - -7.014e+03 1 0))
s>        ( QUESTION13 -1 -3.713e+04 1.884e+02 1.682e+02
s>            ( - -2.457e+02 1 0)
s>            ( QUESTION19 1 -3.670e+04 1.904e+02 1.662e+02
s>                ( QUESTION0 -1 -9.613e+03 1.528e+02 4.410e+01
s>                    ( - -8.683e+03 5 0)
s>                    ( - -7.772e+02 1 0))
s>                ( QUESTION0_11_R 1 -2.689e+04 1.702e+02 1.221e+02
s>                    ( WDBNDRY_E 0 -2.573e+04 1.783e+02 1.171e+02
s>                        ( - -8.047e+03 3 0)
s>                        ( - -1.750e+04 5 0 QUESTION0 -1 1.138e+02 8.024e+01))
s>                    ( - -9.942e+02 2 0)))))INFO: dtree.c(1315): Comp split 45
INFO: dtree.c(1439): stop. leaf nodes are specific
INFO: dtree.c(1478): Final simple tree
|( QUESTION0_7_R 1 -9.114e+03 1.534e+02 4.137e+01
|    ( WDBNDRY_E 0 -3.837e+03 2.094e+02 1.771e+01
|        ( - -3.406e+03 2 0)
|        ( - -2.217e+02 1 0))
|    ( - -5.123e+03 3 0))
s>    ( QUESTION0_7_R 1 -9.114e+03 1.534e+02 4.137e+01
s>        ( WDBNDRY_E 0 -3.837e+03 2.094e+02 1.771e+01
s>            ( - -3.406e+03 2 0)
s>            ( - -2.217e+02 1 0))
s>        ( - -5.123e+03 3 0))INFO: dtree.c(1315): Comp split 46
INFO: dtree.c(1439): stop. leaf nodes are specific
INFO: dtree.c(1478): Final simple tree
|( QUESTION0 -1 -2.042e+04 1.866e+02 9.562e+01
|    ( - -1.874e+03 3 0)
|    ( - -1.836e+04 1 0))
s>    ( QUESTION0 -1 -2.042e+04 1.866e+02 9.562e+01
s>        ( - -1.874e+03 3 0)
s>        ( - -1.836e+04 1 0))INFO: dtree.c(1439): stop. leaf nodes are specific
INFO: dtree.c(1478): Final simple tree
|( WDBNDRY_E 0 -1.517e+04 1.338e+02 7.159e+01
|    ( - -1.472e+04 1 0)
|    ( - -3.167e+02 1 0))
s>    ( WDBNDRY_E 0 -1.517e+04 1.338e+02 7.159e+01
s>        ( - -1.472e+04 1 0)
s>        ( - -3.167e+02 1 0))INFO: dtree.c(1315): Comp split 47
INFO: dtree.c(1315): Comp split 48
INFO: dtree.c(1439): stop. leaf nodes are specific
INFO: dtree.c(1478): Final simple tree
|( QUESTION0_9_R 1 -2.783e+04 2.497e+02 1.263e+02
|    ( - -2.574e+03 1 0)
|    ( WDBNDRY_E 0 -2.501e+04 2.003e+02 1.140e+02
|        ( - -6.957e+03 5 0)
|        ( QUESTION0 -1 -1.785e+04 8.841e+01 8.192e+01
|            ( - -1.434e+04 8 0)
|            ( QUESTION14 -1 -3.419e+03 7.828e+01 1.600e+01
|                ( - -1.673e+03 2 0)
|                ( - -1.668e+03 2 0)))))
s>    ( QUESTION0_9_R 1 -2.783e+04 2.497e+02 1.263e+02
s>        ( - -2.574e+03 1 0)
s>        ( WDBNDRY_E 0 -2.501e+04 2.003e+02 1.140e+02
s>            ( - -6.957e+03 5 0)
s>            ( QUESTION0 -1 -1.785e+04 8.841e+01 8.192e+01
s>                ( - -1.434e+04 8 0)
s>                ( QUESTION14 -1 -3.419e+03 7.828e+01 1.600e+01
s>                    ( - -1.673e+03 2 0)
s>                    ( - -1.668e+03 2 0)))))INFO: dtree.c(1439): stop. leaf nodes are specific
INFO: dtree.c(1478): Final simple tree
|( QUESTION2 -1 -1.464e+04 2.233e+02 6.959e+01
|    ( - -7.739e+03 1 0)
|    ( - -6.677e+03 2 0))
s>    ( QUESTION2 -1 -1.464e+04 2.233e+02 6.959e+01
s>        ( - -7.739e+03 1 0)
s>        ( - -6.677e+03 2 0))INFO: dtree.c(1315): Comp split 49
INFO: dtree.c(1315): Comp split 50
INFO: dtree.c(1315): Comp split 51
INFO: dtree.c(1439): stop. leaf nodes are specific
INFO: dtree.c(1478): Final simple tree
|( QUESTION4 -1 -2.741e+04 2.360e+02 1.267e+02
|    ( - -1.863e+02 1 0)
|    ( SILENCE -1 -2.699e+04 1.416e+02 1.247e+02
|        ( - -1.661e+04 5 0)
|        ( - -1.023e+04 5 0)))
s>    ( QUESTION4 -1 -2.741e+04 2.360e+02 1.267e+02
s>        ( - -1.863e+02 1 0)
s>        ( SILENCE -1 -2.699e+04 1.416e+02 1.247e+02
s>            ( - -1.661e+04 5 0)
s>            ( - -1.023e+04 5 0)))INFO: dtree.c(1315): Comp split 52
INFO: dtree.c(1315): Comp split 53
INFO: dtree.c(1439): stop. leaf nodes are specific
INFO: dtree.c(1478): Final simple tree
|( QUESTION0_7_R 1 -9.719e+03 2.263e+02 4.544e+01
|    ( - -4.322e+03 2 0)
|    ( QUESTION19 -1 -5.171e+03 1.223e+02 2.518e+01
|        ( - -5.369e+02 1 0)
|        ( QUESTION0_3_R 1 -4.512e+03 1.051e+02 2.218e+01
|            ( QUESTION14 -1 -1.978e+03 1.071e+02 1.000e+01
|                ( - -1.358e+03 1 0)
|                ( - -5.134e+02 1 0))
|            ( - -2.428e+03 1 0))))
s>    ( QUESTION0_7_R 1 -9.719e+03 2.263e+02 4.544e+01
s>        ( - -4.322e+03 2 0)
s>        ( QUESTION19 -1 -5.171e+03 1.223e+02 2.518e+01
s>            ( - -5.369e+02 1 0)
s>            ( QUESTION0_3_R 1 -4.512e+03 1.051e+02 2.218e+01
s>                ( QUESTION14 -1 -1.978e+03 1.071e+02 1.000e+01
s>                    ( - -1.358e+03 1 0)
s>                    ( - -5.134e+02 1 0))
s>                ( - -2.428e+03 1 0))))INFO: dtree.c(1439): stop. leaf nodes are specific
INFO: dtree.c(1478): Final simple tree
|( QUESTION0_2_R 1 -3.414e+03 2.054e+02 1.700e+01
|    ( - -2.934e+03 1 0)
|    ( - -2.741e+02 1 0))
s>    ( QUESTION0_2_R 1 -3.414e+03 2.054e+02 1.700e+01
s>        ( - -2.934e+03 1 0)
s>        ( - -2.741e+02 1 0))INFO: dtree.c(1315): Comp split 54
INFO: dtree.c(1315): Comp split 55
INFO: dtree.c(1439): stop. leaf nodes are specific
INFO: dtree.c(1478): Final simple tree
|( QUESTION14 -1 -1.313e+04 1.509e+02 6.181e+01
|    ( - -8.496e+03 1 0)
|    ( QUESTION16 -1 -4.484e+03 1.273e+02 2.209e+01
|        ( - -2.082e+03 1 0)
|        ( - -2.274e+03 1 0)))
s>    ( QUESTION14 -1 -1.313e+04 1.509e+02 6.181e+01
s>        ( - -8.496e+03 1 0)
s>        ( QUESTION16 -1 -4.484e+03 1.273e+02 2.209e+01
s>            ( - -2.082e+03 1 0)
s>            ( - -2.274e+03 1 0)))INFO: dtree.c(1439): stop. leaf nodes are specific
INFO: dtree.c(1478): Final simple tree
|( WDBNDRY_E 0 -1.448e+04 1.874e+02 6.480e+01
|    ( - -1.143e+04 6 0)
|    ( - -2.867e+03 3 0))
s>    ( WDBNDRY_E 0 -1.448e+04 1.874e+02 6.480e+01
s>        ( - -1.143e+04 6 0)
s>        ( - -2.867e+03 3 0))INFO: dtree.c(1315): Comp split 56
INFO: dtree.c(1439): stop. leaf nodes are specific
INFO: dtree.c(1478): Final simple tree
|( QUESTION0 -1 -8.747e+03 1.391e+02 4.061e+01
|    ( - -6.816e+03 3 0)
|    ( - -1.792e+03 1 0))
s>    ( QUESTION0 -1 -8.747e+03 1.391e+02 4.061e+01
s>        ( - -6.816e+03 3 0)
s>        ( - -1.792e+03 1 0))INFO: dtree.c(1315): Comp split 57
INFO: dtree.c(1439): stop. leaf nodes are specific
INFO: dtree.c(1478): Final simple tree
|( QUESTION0_11_R 1 -2.753e+04 1.683e+02 1.253e+02
|    ( QUESTION19 1 -2.637e+04 1.791e+02 1.203e+02
|        ( - -8.683e+03 5 0)
|        ( QUESTION0 -1 -1.750e+04 1.138e+02 8.024e+01
|            ( - -1.573e+04 4 0)
|            ( - -1.657e+03 1 0)))
|    ( - -9.942e+02 2 0))
s>    ( QUESTION0_11_R 1 -2.753e+04 1.683e+02 1.253e+02
s>        ( QUESTION19 1 -2.637e+04 1.791e+02 1.203e+02
s>            ( - -8.683e+03 5 0)
s>            ( QUESTION0 -1 -1.750e+04 1.138e+02 8.024e+01
s>                ( - -1.573e+04 4 0)
s>                ( - -1.657e+03 1 0)))
s>        ( - -9.942e+02 2 0))INFO: dtree.c(1439): stop. leaf nodes are specific
INFO: dtree.c(1478): Final simple tree
|( QUESTION20 -1 -1.703e+04 1.864e+02 7.636e+01
|    ( - -2.457e+02 1 0)
|    ( WDBNDRY_E 0 -1.660e+04 1.737e+02 7.436e+01
|        ( - -8.047e+03 3 0)
|        ( QUESTION2_17_L -1 -8.375e+03 1.555e+02 3.749e+01
|            ( - -2.823e+02 1 0)
|            ( QUESTION2 -1 -7.938e+03 1.464e+02 3.549e+01
|                ( - -7.772e+02 1 0)
|                ( - -7.014e+03 1 0)))))
s>    ( QUESTION20 -1 -1.703e+04 1.864e+02 7.636e+01
s>        ( - -2.457e+02 1 0)
s>        ( WDBNDRY_E 0 -1.660e+04 1.737e+02 7.436e+01
s>            ( - -8.047e+03 3 0)
s>            ( QUESTION2_17_L -1 -8.375e+03 1.555e+02 3.749e+01
s>                ( - -2.823e+02 1 0)
s>                ( QUESTION2 -1 -7.938e+03 1.464e+02 3.549e+01
s>                    ( - -7.772e+02 1 0)
s>                    ( - -7.014e+03 1 0)))))INFO: dtree.c(1315): Comp split 58
INFO: dtree.c(1439): stop. leaf nodes are specific
INFO: dtree.c(1478): Final simple tree
|( QUESTION0_16_R 1 -1.066e+04 1.307e+02 4.898e+01
|    ( - -9.967e+03 1 0)
|    ( - -5.661e+02 1 0))
s>    ( QUESTION0_16_R 1 -1.066e+04 1.307e+02 4.898e+01
s>        ( - -9.967e+03 1 0)
s>        ( - -5.661e+02 1 0))INFO: dtree.c(1315): Comp split 59
INFO: dtree.c(1439): stop. leaf nodes are specific
INFO: dtree.c(1478): Final simple tree
|( WDBNDRY_E 0 -2.501e+04 2.003e+02 1.140e+02
|    ( - -6.957e+03 5 0)
|    ( QUESTION0 -1 -1.785e+04 8.841e+01 8.192e+01
|        ( - -1.434e+04 8 0)
|        ( QUESTION14 -1 -3.419e+03 7.828e+01 1.600e+01
|            ( - -1.673e+03 2 0)
|            ( - -1.668e+03 2 0))))
s>    ( WDBNDRY_E 0 -2.501e+04 2.003e+02 1.140e+02
s>        ( - -6.957e+03 5 0)
s>        ( QUESTION0 -1 -1.785e+04 8.841e+01 8.192e+01
s>            ( - -1.434e+04 8 0)
s>            ( QUESTION14 -1 -3.419e+03 7.828e+01 1.600e+01
s>                ( - -1.673e+03 2 0)
s>                ( - -1.668e+03 2 0))))INFO: dtree.c(1315): Comp split 60
INFO: dtree.c(1439): stop. leaf nodes are specific
INFO: dtree.c(1478): Final simple tree
|( QUESTION2_0_L -1 -2.165e+05 1.753e+02 9.877e+02
|    ( - -2.146e+05 25 0)
|    ( - -1.701e+03 2 0))
s>    ( QUESTION2_0_L -1 -2.165e+05 1.753e+02 9.877e+02
s>        ( - -2.146e+05 25 0)
s>        ( - -1.701e+03 2 0))INFO: dtree.c(1315): Comp split 61
INFO: dtree.c(1439): stop. leaf nodes are specific
INFO: dtree.c(1478): Final simple tree
|( SILENCE -1 -2.699e+04 1.416e+02 1.247e+02
|    ( - -1.661e+04 5 0)
|    ( - -1.023e+04 5 0))
s>    ( SILENCE -1 -2.699e+04 1.416e+02 1.247e+02
s>        ( - -1.661e+04 5 0)
s>        ( - -1.023e+04 5 0))INFO: dtree.c(1315): Comp split 62
INFO: dtree.c(1439): stop. leaf nodes are specific
INFO: dtree.c(1478): Final simple tree
|( QUESTION19 -1 -5.171e+03 1.223e+02 2.518e+01
|    ( - -5.369e+02 1 0)
|    ( QUESTION0_3_R 1 -4.512e+03 1.051e+02 2.218e+01
|        ( QUESTION14 -1 -1.978e+03 1.071e+02 1.000e+01
|            ( - -1.358e+03 1 0)
|            ( - -5.134e+02 1 0))
|        ( - -2.428e+03 1 0)))
s>    ( QUESTION19 -1 -5.171e+03 1.223e+02 2.518e+01
s>        ( - -5.369e+02 1 0)
s>        ( QUESTION0_3_R 1 -4.512e+03 1.051e+02 2.218e+01
s>            ( QUESTION14 -1 -1.978e+03 1.071e+02 1.000e+01
s>                ( - -1.358e+03 1 0)
s>                ( - -5.134e+02 1 0))
s>            ( - -2.428e+03 1 0)))INFO: dtree.c(1315): Comp split 63
INFO: dtree.c(1439): stop. leaf nodes are specific
INFO: dtree.c(1478): Final simple tree
|( QUESTION0 -1 -1.057e+04 1.241e+02 4.822e+01
|    ( - -8.503e+03 4 0)
|    ( - -1.940e+03 1 0))
s>    ( QUESTION0 -1 -1.057e+04 1.241e+02 4.822e+01
s>        ( - -8.503e+03 4 0)
s>        ( - -1.940e+03 1 0))INFO: dtree.c(1315): Comp split 64
INFO: dtree.c(1315): Comp split 65
INFO: dtree.c(1439): stop. leaf nodes are specific
INFO: dtree.c(1478): Final simple tree
|( WDBNDRY_E 0 -2.139e+04 1.619e+02 9.753e+01
|    ( - -1.254e+04 2 0)
|    ( - -8.684e+03 1 0))
s>    ( WDBNDRY_E 0 -2.139e+04 1.619e+02 9.753e+01
s>        ( - -1.254e+04 2 0)
s>        ( - -8.684e+03 1 0))INFO: dtree.c(1315): Comp split 66
INFO: dtree.c(1439): stop. leaf nodes are specific
INFO: dtree.c(1478): Final simple tree
|( WDBNDRY_E 0 -8.682e+03 1.527e+02 3.937e+01
|    ( - -3.406e+03 2 0)
|    ( - -5.123e+03 3 0))
s>    ( WDBNDRY_E 0 -8.682e+03 1.527e+02 3.937e+01
s>        ( - -3.406e+03 2 0)
s>        ( - -5.123e+03 3 0))INFO: dtree.c(1315): Comp split 67
INFO: dtree.c(1439): stop. leaf nodes are specific
INFO: dtree.c(1478): Final simple tree
|( WDBNDRY_B 0 -3.203e+06 1.969e+02 1.445e+04
|    ( - -1.876e+03 2 0)
|    ( - -3.201e+06 29 0))
s>    ( WDBNDRY_B 0 -3.203e+06 1.969e+02 1.445e+04
s>        ( - -1.876e+03 2 0)
s>        ( - -3.201e+06 29 0))INFO: dtree.c(1315): Comp split 68
INFO: dtree.c(1315): Comp split 69
INFO: dtree.c(1439): stop. leaf nodes are specific
INFO: dtree.c(1478): Final simple tree
|( QUESTION0 -1 -1.785e+04 8.841e+01 8.192e+01
|    ( - -1.434e+04 8 0)
|    ( QUESTION14 -1 -3.419e+03 7.828e+01 1.600e+01
|        ( - -1.673e+03 2 0)
|        ( - -1.668e+03 2 0)))
s>    ( QUESTION0 -1 -1.785e+04 8.841e+01 8.192e+01
s>        ( - -1.434e+04 8 0)
s>        ( QUESTION14 -1 -3.419e+03 7.828e+01 1.600e+01
s>            ( - -1.673e+03 2 0)
s>            ( - -1.668e+03 2 0)))INFO: dtree.c(1315): Comp split 70
INFO: dtree.c(1315): Comp split 71
INFO: dtree.c(1315): Comp split 72
INFO: dtree.c(1439): stop. leaf nodes are specific
INFO: dtree.c(1478): Final simple tree
|( QUESTION0 -1 -1.750e+04 1.138e+02 8.024e+01
|    ( - -1.573e+04 4 0)
|    ( - -1.657e+03 1 0))
s>    ( QUESTION0 -1 -1.750e+04 1.138e+02 8.024e+01
s>        ( - -1.573e+04 4 0)
s>        ( - -1.657e+03 1 0))INFO: dtree.c(1439): stop. leaf nodes are specific
INFO: dtree.c(1478): Final simple tree
|( QUESTION0_11_R 1 -9.832e+03 1.552e+02 4.510e+01
|    ( - -8.683e+03 5 0)
|    ( - -9.942e+02 2 0))
s>    ( QUESTION0_11_R 1 -9.832e+03 1.552e+02 4.510e+01
s>        ( - -8.683e+03 5 0)
s>        ( - -9.942e+02 2 0))INFO: dtree.c(1315): Comp split 73
INFO: dtree.c(1439): stop. leaf nodes are specific
INFO: dtree.c(1478): Final simple tree
|( QUESTION2 -1 -7.938e+03 1.464e+02 3.549e+01
|    ( - -7.772e+02 1 0)
|    ( - -7.014e+03 1 0))
s>    ( QUESTION2 -1 -7.938e+03 1.464e+02 3.549e+01
s>        ( - -7.772e+02 1 0)
s>        ( - -7.014e+03 1 0))INFO: dtree.c(1439): stop. leaf nodes are specific
INFO: dtree.c(1478): Final simple tree
|( QUESTION19 1 -8.900e+03 1.746e+02 4.087e+01
|    ( - -2.457e+02 1 0)
|    ( WDBNDRY_E 0 -8.480e+03 1.499e+02 3.887e+01
|        ( - -8.047e+03 3 0)
|        ( - -2.823e+02 1 0)))
s>    ( QUESTION19 1 -8.900e+03 1.746e+02 4.087e+01
s>        ( - -2.457e+02 1 0)
s>        ( WDBNDRY_E 0 -8.480e+03 1.499e+02 3.887e+01
s>            ( - -8.047e+03 3 0)
s>            ( - -2.823e+02 1 0)))INFO: dtree.c(1315): Comp split 74
INFO: dtree.c(1315): Comp split 75
INFO: dtree.c(1315): Comp split 76
INFO: dtree.c(1315): Comp split 77
INFO: dtree.c(1315): Comp split 78
INFO: dtree.c(1315): Comp split 79
INFO: dtree.c(1439): stop. leaf nodes are specific
INFO: dtree.c(1478): Final simple tree
|( WDBNDRY_E 0 -8.480e+03 1.499e+02 3.887e+01
|    ( - -8.047e+03 3 0)
|    ( - -2.823e+02 1 0))
s>    ( WDBNDRY_E 0 -8.480e+03 1.499e+02 3.887e+01
s>        ( - -8.047e+03 3 0)
s>        ( - -2.823e+02 1 0))INFO: dtree.c(1315): Comp split 80
INFO: dtree.c(1315): Comp split 81
INFO: dtree.c(1315): Comp split 82
INFO: dtree.c(1315): Comp split 83
INFO: dtree.c(1315): Comp split 84
INFO: dtree.c(1315): Comp split 85
INFO: dtree.c(1315): Comp split 86
INFO: dtree.c(1439): stop. leaf nodes are specific
INFO: dtree.c(1478): Final simple tree
|( QUESTION16 -1 -4.484e+03 1.273e+02 2.209e+01
|    ( - -2.082e+03 1 0)
|    ( - -2.274e+03 1 0))
s>    ( QUESTION16 -1 -4.484e+03 1.273e+02 2.209e+01
s>        ( - -2.082e+03 1 0)
s>        ( - -2.274e+03 1 0))INFO: dtree.c(1315): Comp split 87
INFO: dtree.c(1315): Comp split 88
INFO: dtree.c(1315): Comp split 89
INFO: dtree.c(1315): Comp split 90
INFO: dtree.c(1315): Comp split 91
INFO: dtree.c(1315): Comp split 92
INFO: dtree.c(1315): Comp split 93
INFO: dtree.c(1315): Comp split 94
INFO: dtree.c(1315): Comp split 95
INFO: dtree.c(1439): stop. leaf nodes are specific
INFO: dtree.c(1478): Final simple tree
|( QUESTION0_3_R 1 -4.512e+03 1.051e+02 2.218e+01
|    ( QUESTION14 -1 -1.978e+03 1.071e+02 1.000e+01
|        ( - -1.358e+03 1 0)
|        ( - -5.134e+02 1 0))
|    ( - -2.428e+03 1 0))
s>    ( QUESTION0_3_R 1 -4.512e+03 1.051e+02 2.218e+01
s>        ( QUESTION14 -1 -1.978e+03 1.071e+02 1.000e+01
s>            ( - -1.358e+03 1 0)
s>            ( - -5.134e+02 1 0))
s>        ( - -2.428e+03 1 0))INFO: dtree.c(1315): Comp split 96
INFO: dtree.c(1315): Comp split 97
INFO: dtree.c(1439): stop. leaf nodes are specific
INFO: dtree.c(1478): Final simple tree
|( QUESTION2 -1 -5.697e+03 9.131e+01 2.663e+01
|    ( - -2.967e+03 3 0)
|    ( - -2.639e+03 3 0))
s>    ( QUESTION2 -1 -5.697e+03 9.131e+01 2.663e+01
s>        ( - -2.967e+03 3 0)
s>        ( - -2.639e+03 3 0))INFO: dtree.c(1315): Comp split 98
INFO: dtree.c(1315): Comp split 99
INFO: dtree.c(1439): stop. leaf nodes are specific
INFO: dtree.c(1478): Final simple tree
|( QUESTION0_3_R 1 -3.886e+03 1.002e+02 1.918e+01
|    ( - -1.358e+03 1 0)
|    ( - -2.428e+03 1 0))
s>    ( QUESTION0_3_R 1 -3.886e+03 1.002e+02 1.918e+01
s>        ( - -1.358e+03 1 0)
s>        ( - -2.428e+03 1 0))INFO: dtree.c(1315): Comp split 100
INFO: dtree.c(1315): Comp split 101
INFO: dtree.c(1315): Comp split 102
INFO: dtree.c(1439): stop. leaf nodes are specific
INFO: dtree.c(1478): Final simple tree
|( QUESTION14 -1 -3.419e+03 7.828e+01 1.600e+01
|    ( - -1.673e+03 2 0)
|    ( - -1.668e+03 2 0))
s>    ( QUESTION14 -1 -3.419e+03 7.828e+01 1.600e+01
s>        ( - -1.673e+03 2 0)
s>        ( - -1.668e+03 2 0))INFO: dtree.c(1315): Comp split 103
INFO: dtree.c(1315): Comp split 104
INFO: dtree.c(1318): stop. leaf nodes are specific
Tue Mar 28 15:09:24 2023
