Current configuration:
[NAME]		[DEFLT]	[VALUE]
-allphones	no	no
-cntthresh	0.00001	1.000000e-05
-csplitmax	100	2000
-csplitmin	1	1
-csplitthr	8e-4	0.000000e+00
-example	no	no
-fullvar	no	no
-help		no	no
-meanfn			/home/lucija/Documents/Zadnji semestar/ROGJ/Prezentacije/CMUspinx/tutorial10/model_parameters/my_db.cd_cont_untied/means
-mixwfn			/home/lucija/Documents/Zadnji semestar/ROGJ/Prezentacije/CMUspinx/tutorial10/model_parameters/my_db.cd_cont_untied/mixture_weights
-moddeffn		/home/lucija/Documents/Zadnji semestar/ROGJ/Prezentacije/CMUspinx/tutorial10/model_architecture/my_db.untied.mdef
-mwfloor	1e-4	1.000000e-08
-phone			m
-psetfn			/home/lucija/Documents/Zadnji semestar/ROGJ/Prezentacije/CMUspinx/tutorial10/model_architecture/my_db.tree_questions
-ssplitmax	5	7
-ssplitmin	1	1
-ssplitthr	8e-4	0.000000e+00
-state			2
-stwt			1.0,0.05,0.0,
-treefn			/home/lucija/Documents/Zadnji semestar/ROGJ/Prezentacije/CMUspinx/tutorial10/trees/my_db.unpruned/m-2.dtree
-ts2cbfn	.semi.	.cont.
-varfloor	0.00001	1.000000e-05
-varfn			/home/lucija/Documents/Zadnji semestar/ROGJ/Prezentacije/CMUspinx/tutorial10/model_parameters/my_db.cd_cont_untied/variances

INFO: main.c(223): Reading: /home/lucija/Documents/Zadnji semestar/ROGJ/Prezentacije/CMUspinx/tutorial10/model_architecture/my_db.untied.mdef
INFO: model_def_io.c(573): Model definition info:
INFO: model_def_io.c(574): 10885 total models defined (32 base, 10853 tri)
INFO: model_def_io.c(575): 43540 total states
INFO: model_def_io.c(576): 32655 total tied states
INFO: model_def_io.c(577): 96 total tied CI states
INFO: model_def_io.c(578): 32 total tied transition matrices
INFO: model_def_io.c(579): 4 max state/model
INFO: model_def_io.c(580): 4 min state/model
INFO: main.c(242): Building trees for [m NOISE a b] through [m š o b]
INFO: main.c(268): Covering states |[16551 17588]| == 1038
INFO: main.c(275): Reading: /home/lucija/Documents/Zadnji semestar/ROGJ/Prezentacije/CMUspinx/tutorial10/model_parameters/my_db.cd_cont_untied/mixture_weights
INFO: s3mixw_io.c(172): Read /home/lucija/Documents/Zadnji semestar/ROGJ/Prezentacije/CMUspinx/tutorial10/model_parameters/my_db.cd_cont_untied/mixture_weights [1038x1x1 array]
INFO: main.c(311): 344 of 346 models have observation count greater than 0.000010
INFO: main.c(95): nrm stwt: 0.000 0.048 0.952 
INFO: s3gau_io.c(168): Read /home/lucija/Documents/Zadnji semestar/ROGJ/Prezentacije/CMUspinx/tutorial10/model_parameters/my_db.cd_cont_untied/means [32655x1x1 array]
INFO: s3gau_io.c(168): Read /home/lucija/Documents/Zadnji semestar/ROGJ/Prezentacije/CMUspinx/tutorial10/model_parameters/my_db.cd_cont_untied/variances [32655x1x1 array]
INFO: main.c(549): Reading: /home/lucija/Documents/Zadnji semestar/ROGJ/Prezentacije/CMUspinx/tutorial10/model_architecture/my_db.tree_questions
INFO: main.c(587): 180 total simple questions (172 phone; 8 word bndry)
INFO: main.c(589): 42 Left Only questions, and 42 Right Only questions
INFO: dtree.c(1478): Final simple tree
|( QUESTION0_0_R 1 -9.162e+06 7.103e+04 4.127e+04
|    ( WDBNDRY_E 0 -6.193e+06 2.451e+04 2.801e+04
|        ( - -1.086e+06 30 0 QUESTION0 1 9.073e+02 4.936e+03)
|        ( WDBNDRY_B 0 -5.083e+06 1.086e+04 2.308e+04
|            ( - -1.904e+06 121 0 SILENCE -1 4.008e+03 8.636e+03)
|            ( - -3.168e+06 71 0 QUESTION2_0_L -1 3.662e+03 1.444e+04)))
|    ( QUESTION0_2_R 1 -2.897e+06 1.490e+04 1.325e+04
|        ( - -4.097e+05 30 0 QUESTION11 1 9.846e+02 1.859e+03)
|        ( QUESTION0_15_R 1 -2.472e+06 1.007e+04 1.139e+04
|            ( QUESTION0_19_R 1 -1.184e+06 5.947e+03 5.472e+03
|                ( - -1.964e+05 7 0 QUESTION0 -1 4.728e+02 9.159e+02)
|                ( - -9.818e+05 44 0 QUESTION0_17_R 1 3.703e+03 4.556e+03))
|            ( QUESTION0_10_R 1 -1.278e+06 8.746e+03 5.921e+03
|                ( - -7.243e+05 32 0 WDBNDRY_E 0 4.284e+03 3.325e+03)
|                ( - -5.452e+05 9 0 SILENCE 1 1.372e+03 2.596e+03)))))
s>    ( QUESTION0_0_R 1 -9.162e+06 7.103e+04 4.127e+04
s>        ( WDBNDRY_E 0 -6.193e+06 2.451e+04 2.801e+04
s>            ( - -1.086e+06 30 0 QUESTION0 1 9.073e+02 4.936e+03)
s>            ( WDBNDRY_B 0 -5.083e+06 1.086e+04 2.308e+04
s>                ( - -1.904e+06 121 0 SILENCE -1 4.008e+03 8.636e+03)
s>                ( - -3.168e+06 71 0 QUESTION2_0_L -1 3.662e+03 1.444e+04)))
s>        ( QUESTION0_2_R 1 -2.897e+06 1.490e+04 1.325e+04
s>            ( - -4.097e+05 30 0 QUESTION11 1 9.846e+02 1.859e+03)
s>            ( QUESTION0_15_R 1 -2.472e+06 1.007e+04 1.139e+04
s>                ( QUESTION0_19_R 1 -1.184e+06 5.947e+03 5.472e+03
s>                    ( - -1.964e+05 7 0 QUESTION0 -1 4.728e+02 9.159e+02)
s>                    ( - -9.818e+05 44 0 QUESTION0_17_R 1 3.703e+03 4.556e+03))
s>                ( QUESTION0_10_R 1 -1.278e+06 8.746e+03 5.921e+03
s>                    ( - -7.243e+05 32 0 WDBNDRY_E 0 4.284e+03 3.325e+03)
s>                    ( - -5.452e+05 9 0 SILENCE 1 1.372e+03 2.596e+03)))))INFO: dtree.c(1315): Comp split 0
INFO: dtree.c(1478): Final simple tree
|( WDBNDRY_B 0 -5.083e+06 1.086e+04 2.308e+04
|    ( SILENCE -1 -1.904e+06 4.008e+03 8.636e+03
|        ( - -2.437e+05 6 0 QUESTION0 1 4.477e+02 1.127e+03)
|        ( QUESTION17 -1 -1.656e+06 3.680e+03 7.508e+03
|            ( - -1.081e+05 8 0 QUESTION0 1 4.506e+02 4.938e+02)
|            ( QUESTION16 -1 -1.544e+06 3.130e+03 7.015e+03
|                ( - -1.021e+05 6 0)
|                ( QUESTION3 -1 -1.439e+06 2.746e+03 6.541e+03
|                    ( - -1.113e+05 6 0)
|                    ( - -1.325e+06 95 0 QUESTION2_6_L -1 9.763e+02 6.033e+03)))))
|    ( QUESTION2_0_L -1 -3.168e+06 3.662e+03 1.444e+04
|        ( - -2.816e+06 32 0 QUESTION0 1 2.943e+02 1.286e+04)
|        ( QUESTION12 -1 -3.489e+05 3.256e+03 1.584e+03
|            ( - -1.544e+05 5 0)
|            ( - -1.912e+05 34 0 QUESTION2_2_L -1 1.649e+03 8.688e+02))))
s>    ( WDBNDRY_B 0 -5.083e+06 1.086e+04 2.308e+04
s>        ( SILENCE -1 -1.904e+06 4.008e+03 8.636e+03
s>            ( - -2.437e+05 6 0 QUESTION0 1 4.477e+02 1.127e+03)
s>            ( QUESTION17 -1 -1.656e+06 3.680e+03 7.508e+03
s>                ( - -1.081e+05 8 0 QUESTION0 1 4.506e+02 4.938e+02)
s>                ( QUESTION16 -1 -1.544e+06 3.130e+03 7.015e+03
s>                    ( - -1.021e+05 6 0)
s>                    ( QUESTION3 -1 -1.439e+06 2.746e+03 6.541e+03
s>                        ( - -1.113e+05 6 0)
s>                        ( - -1.325e+06 95 0 QUESTION2_6_L -1 9.763e+02 6.033e+03)))))
s>        ( QUESTION2_0_L -1 -3.168e+06 3.662e+03 1.444e+04
s>            ( - -2.816e+06 32 0 QUESTION0 1 2.943e+02 1.286e+04)
s>            ( QUESTION12 -1 -3.489e+05 3.256e+03 1.584e+03
s>                ( - -1.544e+05 5 0)
s>                ( - -1.912e+05 34 0 QUESTION2_2_L -1 1.649e+03 8.688e+02))))INFO: dtree.c(1478): Final simple tree
|( QUESTION0 1 -3.997e+06 1.544e+04 1.819e+04
|    ( WDBNDRY_E 0 -1.254e+06 5.871e+03 5.701e+03
|        ( - -1.054e+06 25 0 QUESTION0_0_R 1 1.354e+02 4.795e+03)
|        ( - -1.942e+05 5 0 QUESTION0 -1 4.581e+02 9.059e+02))
|    ( QUESTION0_2_R 1 -2.727e+06 1.463e+04 1.249e+04
|        ( - -4.097e+05 30 0 QUESTION11 1 9.846e+02 1.859e+03)
|        ( QUESTION15 1 -2.303e+06 9.119e+03 1.063e+04
|            ( WDBNDRY_E 0 -1.179e+06 5.153e+03 5.402e+03
|                ( QUESTION0_9_R 1 -9.205e+05 3.246e+03 4.230e+03
|                    ( - -4.747e+05 17 0 QUESTION19 1 1.489e+03 2.183e+03)
|                    ( - -4.425e+05 12 0 QUESTION17 1 3.723e+02 2.048e+03))
|                ( - -2.533e+05 12 0 QUESTION0_9_R 1 1.895e+03 1.172e+03))
|            ( QUESTION13 1 -1.115e+06 7.119e+03 5.226e+03
|                ( - -5.211e+05 34 0 WDBNDRY_E 0 2.271e+03 2.438e+03)
|                ( - -5.867e+05 17 0 SILENCE 1 1.567e+03 2.788e+03)))))
s>    ( QUESTION0 1 -3.997e+06 1.544e+04 1.819e+04
s>        ( WDBNDRY_E 0 -1.254e+06 5.871e+03 5.701e+03
s>            ( - -1.054e+06 25 0 QUESTION0_0_R 1 1.354e+02 4.795e+03)
s>            ( - -1.942e+05 5 0 QUESTION0 -1 4.581e+02 9.059e+02))
s>        ( QUESTION0_2_R 1 -2.727e+06 1.463e+04 1.249e+04
s>            ( - -4.097e+05 30 0 QUESTION11 1 9.846e+02 1.859e+03)
s>            ( QUESTION15 1 -2.303e+06 9.119e+03 1.063e+04
s>                ( WDBNDRY_E 0 -1.179e+06 5.153e+03 5.402e+03
s>                    ( QUESTION0_9_R 1 -9.205e+05 3.246e+03 4.230e+03
s>                        ( - -4.747e+05 17 0 QUESTION19 1 1.489e+03 2.183e+03)
s>                        ( - -4.425e+05 12 0 QUESTION17 1 3.723e+02 2.048e+03))
s>                    ( - -2.533e+05 12 0 QUESTION0_9_R 1 1.895e+03 1.172e+03))
s>                ( QUESTION13 1 -1.115e+06 7.119e+03 5.226e+03
s>                    ( - -5.211e+05 34 0 WDBNDRY_E 0 2.271e+03 2.438e+03)
s>                    ( - -5.867e+05 17 0 SILENCE 1 1.567e+03 2.788e+03)))))INFO: dtree.c(1315): Comp split 1
INFO: dtree.c(1478): Final simple tree
|( QUESTION15 1 -2.303e+06 9.119e+03 1.063e+04
|    ( WDBNDRY_E 0 -1.179e+06 5.153e+03 5.402e+03
|        ( QUESTION0_9_R 1 -9.205e+05 3.246e+03 4.230e+03
|            ( - -4.747e+05 17 0 QUESTION19 1 1.489e+03 2.183e+03)
|            ( - -4.425e+05 12 0 QUESTION17 1 3.723e+02 2.048e+03))
|        ( QUESTION0_9_R 1 -2.533e+05 1.895e+03 1.172e+03
|            ( - -2.040e+05 7 0 QUESTION19 1 1.700e+02 9.508e+02)
|            ( - -4.739e+04 5 0 QUESTION17 1 2.916e+02 2.209e+02)))
|    ( QUESTION13 1 -1.115e+06 7.119e+03 5.226e+03
|        ( WDBNDRY_E 0 -5.211e+05 2.271e+03 2.438e+03
|            ( - -4.102e+05 20 0 QUESTION0_17_R 1 1.135e+03 1.905e+03)
|            ( - -1.086e+05 14 0 QUESTION4 -1 4.713e+02 5.323e+02))
|        ( SILENCE 1 -5.867e+05 1.567e+03 2.788e+03
|            ( - -3.554e+05 5 0)
|            ( - -2.297e+05 12 0 QUESTION0_10_R 1 5.853e+02 1.076e+03))))
s>    ( QUESTION15 1 -2.303e+06 9.119e+03 1.063e+04
s>        ( WDBNDRY_E 0 -1.179e+06 5.153e+03 5.402e+03
s>            ( QUESTION0_9_R 1 -9.205e+05 3.246e+03 4.230e+03
s>                ( - -4.747e+05 17 0 QUESTION19 1 1.489e+03 2.183e+03)
s>                ( - -4.425e+05 12 0 QUESTION17 1 3.723e+02 2.048e+03))
s>            ( QUESTION0_9_R 1 -2.533e+05 1.895e+03 1.172e+03
s>                ( - -2.040e+05 7 0 QUESTION19 1 1.700e+02 9.508e+02)
s>                ( - -4.739e+04 5 0 QUESTION17 1 2.916e+02 2.209e+02)))
s>        ( QUESTION13 1 -1.115e+06 7.119e+03 5.226e+03
s>            ( WDBNDRY_E 0 -5.211e+05 2.271e+03 2.438e+03
s>                ( - -4.102e+05 20 0 QUESTION0_17_R 1 1.135e+03 1.905e+03)
s>                ( - -1.086e+05 14 0 QUESTION4 -1 4.713e+02 5.323e+02))
s>            ( SILENCE 1 -5.867e+05 1.567e+03 2.788e+03
s>                ( - -3.554e+05 5 0)
s>                ( - -2.297e+05 12 0 QUESTION0_10_R 1 5.853e+02 1.076e+03))))INFO: dtree.c(1478): Final simple tree
|( QUESTION0_2_R 1 -1.676e+06 1.207e+04 7.560e+03
|    ( QUESTION11 1 -4.097e+05 9.846e+02 1.859e+03
|        ( QUESTION0 -1 -3.329e+05 5.342e+02 1.515e+03
|            ( - -3.271e+05 16 0 WDBNDRY_E 0 4.376e+02 1.489e+03)
|            ( WDBNDRY_E 0 -5.242e+03 5.113e+02 2.600e+01
|                ( - -4.948e+03 1 0)
|                ( - 2.174e+02 1 0)))
|        ( QUESTION0_3_R 1 -7.586e+04 6.484e+02 3.435e+02
|            ( - -4.361e+04 5 0)
|            ( - -3.160e+04 7 0 QUESTION0_5_R 1 3.539e+02 1.427e+02)))
|    ( WDBNDRY_E 0 -1.254e+06 5.871e+03 5.701e+03
|        ( - -1.054e+06 25 0 QUESTION0_0_R 1 1.354e+02 4.795e+03)
|        ( QUESTION0 -1 -1.942e+05 4.581e+02 9.059e+02
|            ( - -5.544e+04 4 0)
|            ( - -1.383e+05 1 0))))
s>    ( QUESTION0_2_R 1 -1.676e+06 1.207e+04 7.560e+03
s>        ( QUESTION11 1 -4.097e+05 9.846e+02 1.859e+03
s>            ( QUESTION0 -1 -3.329e+05 5.342e+02 1.515e+03
s>                ( - -3.271e+05 16 0 WDBNDRY_E 0 4.376e+02 1.489e+03)
s>                ( WDBNDRY_E 0 -5.242e+03 5.113e+02 2.600e+01
s>                    ( - -4.948e+03 1 0)
s>                    ( - 2.174e+02 1 0)))
s>            ( QUESTION0_3_R 1 -7.586e+04 6.484e+02 3.435e+02
s>                ( - -4.361e+04 5 0)
s>                ( - -3.160e+04 7 0 QUESTION0_5_R 1 3.539e+02 1.427e+02)))
s>        ( WDBNDRY_E 0 -1.254e+06 5.871e+03 5.701e+03
s>            ( - -1.054e+06 25 0 QUESTION0_0_R 1 1.354e+02 4.795e+03)
s>            ( QUESTION0 -1 -1.942e+05 4.581e+02 9.059e+02
s>                ( - -5.544e+04 4 0)
s>                ( - -1.383e+05 1 0))))INFO: dtree.c(1315): Comp split 2
INFO: dtree.c(1478): Final simple tree
|( QUESTION0 -1 -1.881e+06 3.967e+03 8.537e+03
|    ( - -1.066e+06 46 0 WDBNDRY_B 0 3.710e+02 4.855e+03)
|    ( QUESTION2_1_L -1 -8.113e+05 3.532e+03 3.682e+03
|        ( WDBNDRY_B 0 -4.520e+05 1.819e+03 2.047e+03
|            ( QUESTION14 -1 -2.662e+05 8.622e+02 1.210e+03
|                ( - -1.214e+05 21 0)
|                ( QUESTION12 -1 -1.439e+05 5.103e+02 6.511e+02
|                    ( - -2.415e+04 5 0 QUESTION0 1 1.609e+02 1.135e+02)
|                    ( - -1.193e+05 27 0 QUESTION2_19_L -1 3.559e+02 5.376e+02)))
|            ( QUESTION14 -1 -1.840e+05 1.651e+03 8.368e+02
|                ( - -7.495e+04 6 0)
|                ( - -1.074e+05 24 0 QUESTION6 -1 4.381e+02 4.849e+02)))
|        ( SILENCE -1 -3.558e+05 7.898e+02 1.635e+03
|            ( - -2.437e+05 6 0 QUESTION0 1 4.477e+02 1.127e+03)
|            ( - -1.113e+05 6 0))))
s>    ( QUESTION0 -1 -1.881e+06 3.967e+03 8.537e+03
s>        ( - -1.066e+06 46 0 WDBNDRY_B 0 3.710e+02 4.855e+03)
s>        ( QUESTION2_1_L -1 -8.113e+05 3.532e+03 3.682e+03
s>            ( WDBNDRY_B 0 -4.520e+05 1.819e+03 2.047e+03
s>                ( QUESTION14 -1 -2.662e+05 8.622e+02 1.210e+03
s>                    ( - -1.214e+05 21 0)
s>                    ( QUESTION12 -1 -1.439e+05 5.103e+02 6.511e+02
s>                        ( - -2.415e+04 5 0 QUESTION0 1 1.609e+02 1.135e+02)
s>                        ( - -1.193e+05 27 0 QUESTION2_19_L -1 3.559e+02 5.376e+02)))
s>                ( QUESTION14 -1 -1.840e+05 1.651e+03 8.368e+02
s>                    ( - -7.495e+04 6 0)
s>                    ( - -1.074e+05 24 0 QUESTION6 -1 4.381e+02 4.849e+02)))
s>            ( SILENCE -1 -3.558e+05 7.898e+02 1.635e+03
s>                ( - -2.437e+05 6 0 QUESTION0 1 4.477e+02 1.127e+03)
s>                ( - -1.113e+05 6 0))))INFO: dtree.c(1439): stop. leaf nodes are specific
INFO: dtree.c(1478): Final simple tree
|( QUESTION0 -1 -3.188e+06 2.829e+03 1.454e+04
|    ( QUESTION0 1 -2.816e+06 2.943e+02 1.286e+04
|        ( - -2.813e+06 30 0)
|        ( - -2.642e+03 2 0))
|    ( QUESTION17 -1 -3.696e+05 2.486e+03 1.683e+03
|        ( QUESTION0 1 -1.081e+05 4.506e+02 4.938e+02
|            ( - -1.078e+05 7 0)
|            ( - 1.887e+02 1 0))
|        ( WDBNDRY_B 0 -2.591e+05 2.526e+03 1.189e+03
|            ( - -1.021e+05 6 0)
|            ( - -1.544e+05 5 0))))
s>    ( QUESTION0 -1 -3.188e+06 2.829e+03 1.454e+04
s>        ( QUESTION0 1 -2.816e+06 2.943e+02 1.286e+04
s>            ( - -2.813e+06 30 0)
s>            ( - -2.642e+03 2 0))
s>        ( QUESTION17 -1 -3.696e+05 2.486e+03 1.683e+03
s>            ( QUESTION0 1 -1.081e+05 4.506e+02 4.938e+02
s>                ( - -1.078e+05 7 0)
s>                ( - 1.887e+02 1 0))
s>            ( WDBNDRY_B 0 -2.591e+05 2.526e+03 1.189e+03
s>                ( - -1.021e+05 6 0)
s>                ( - -1.544e+05 5 0))))INFO: dtree.c(1315): Comp split 3
INFO: dtree.c(1439): stop. leaf nodes are specific
INFO: dtree.c(1478): Final simple tree
|( WDBNDRY_E 0 -1.260e+06 5.881e+03 5.726e+03
|    ( QUESTION0_2_R 1 -1.060e+06 4.800e+02 4.820e+03
|        ( - -4.948e+03 1 0)
|        ( QUESTION0_0_R 1 -1.054e+06 1.354e+02 4.795e+03
|            ( - -1.052e+06 23 0)
|            ( - -2.117e+03 2 0)))
|    ( QUESTION0 -1 -1.942e+05 4.581e+02 9.059e+02
|        ( - -5.544e+04 4 0)
|        ( - -1.383e+05 1 0)))
s>    ( WDBNDRY_E 0 -1.260e+06 5.881e+03 5.726e+03
s>        ( QUESTION0_2_R 1 -1.060e+06 4.800e+02 4.820e+03
s>            ( - -4.948e+03 1 0)
s>            ( QUESTION0_0_R 1 -1.054e+06 1.354e+02 4.795e+03
s>                ( - -1.052e+06 23 0)
s>                ( - -2.117e+03 2 0)))
s>        ( QUESTION0 -1 -1.942e+05 4.581e+02 9.059e+02
s>            ( - -5.544e+04 4 0)
s>            ( - -1.383e+05 1 0)))INFO: dtree.c(1478): Final simple tree
|( QUESTION11 1 -4.042e+05 1.029e+03 1.834e+03
|    ( QUESTION0 -1 -3.273e+05 4.528e+02 1.490e+03
|        ( WDBNDRY_E 0 -3.271e+05 4.376e+02 1.489e+03
|            ( QUESTION0_3_R 1 -3.040e+05 1.758e+02 1.384e+03
|                ( - -3.024e+05 5 0)
|                ( - -1.404e+03 3 0))
|            ( QUESTION0_3_R 1 -2.267e+04 1.652e+02 1.053e+02
|                ( - -1.986e+04 5 0 QUESTION2_0_L -1 1.119e+02 9.233e+01)
|                ( - -2.651e+03 3 0)))
|        ( - 2.174e+02 1 0))
|    ( QUESTION0_3_R 1 -7.586e+04 6.484e+02 3.435e+02
|        ( - -4.361e+04 5 0)
|        ( QUESTION0_5_R 1 -3.160e+04 3.539e+02 1.427e+02
|            ( - -1.801e+04 4 0)
|            ( - -1.323e+04 3 0))))
s>    ( QUESTION11 1 -4.042e+05 1.029e+03 1.834e+03
s>        ( QUESTION0 -1 -3.273e+05 4.528e+02 1.490e+03
s>            ( WDBNDRY_E 0 -3.271e+05 4.376e+02 1.489e+03
s>                ( QUESTION0_3_R 1 -3.040e+05 1.758e+02 1.384e+03
s>                    ( - -3.024e+05 5 0)
s>                    ( - -1.404e+03 3 0))
s>                ( QUESTION0_3_R 1 -2.267e+04 1.652e+02 1.053e+02
s>                    ( - -1.986e+04 5 0 QUESTION2_0_L -1 1.119e+02 9.233e+01)
s>                    ( - -2.651e+03 3 0)))
s>            ( - 2.174e+02 1 0))
s>        ( QUESTION0_3_R 1 -7.586e+04 6.484e+02 3.435e+02
s>            ( - -4.361e+04 5 0)
s>            ( QUESTION0_5_R 1 -3.160e+04 3.539e+02 1.427e+02
s>                ( - -1.801e+04 4 0)
s>                ( - -1.323e+04 3 0))))INFO: dtree.c(1315): Comp split 4
INFO: dtree.c(1478): Final simple tree
|( QUESTION13 1 -1.115e+06 7.119e+03 5.226e+03
|    ( WDBNDRY_E 0 -5.211e+05 2.271e+03 2.438e+03
|        ( QUESTION0_17_R 1 -4.102e+05 1.135e+03 1.905e+03
|            ( QUESTION0 -1 -3.108e+05 4.878e+02 1.447e+03
|                ( - -3.096e+05 8 0)
|                ( - -7.356e+02 1 0))
|            ( QUESTION0_0_R 1 -9.826e+04 9.873e+02 4.588e+02
|                ( - -3.285e+04 7 0)
|                ( - -6.442e+04 4 0)))
|        ( - -1.086e+05 14 0 QUESTION4 -1 4.713e+02 5.323e+02))
|    ( SILENCE 1 -5.867e+05 1.567e+03 2.788e+03
|        ( - -3.554e+05 5 0)
|        ( QUESTION0_10_R 1 -2.297e+05 5.853e+02 1.076e+03
|            ( - -4.078e+04 8 0 QUESTION0_13_R 1 2.764e+02 1.914e+02)
|            ( - -1.884e+05 4 0))))
s>    ( QUESTION13 1 -1.115e+06 7.119e+03 5.226e+03
s>        ( WDBNDRY_E 0 -5.211e+05 2.271e+03 2.438e+03
s>            ( QUESTION0_17_R 1 -4.102e+05 1.135e+03 1.905e+03
s>                ( QUESTION0 -1 -3.108e+05 4.878e+02 1.447e+03
s>                    ( - -3.096e+05 8 0)
s>                    ( - -7.356e+02 1 0))
s>                ( QUESTION0_0_R 1 -9.826e+04 9.873e+02 4.588e+02
s>                    ( - -3.285e+04 7 0)
s>                    ( - -6.442e+04 4 0)))
s>            ( - -1.086e+05 14 0 QUESTION4 -1 4.713e+02 5.323e+02))
s>        ( SILENCE 1 -5.867e+05 1.567e+03 2.788e+03
s>            ( - -3.554e+05 5 0)
s>            ( QUESTION0_10_R 1 -2.297e+05 5.853e+02 1.076e+03
s>                ( - -4.078e+04 8 0 QUESTION0_13_R 1 2.764e+02 1.914e+02)
s>                ( - -1.884e+05 4 0))))INFO: dtree.c(1478): Final simple tree
|( WDBNDRY_E 0 -1.179e+06 5.153e+03 5.402e+03
|    ( QUESTION0_9_R 1 -9.205e+05 3.246e+03 4.230e+03
|        ( QUESTION19 1 -4.747e+05 1.489e+03 2.183e+03
|            ( - -2.661e+05 9 0)
|            ( QUESTION0_11_R 1 -2.071e+05 1.970e+02 9.516e+02
|                ( - -2.017e+05 5 0)
|                ( - -5.198e+03 3 0)))
|        ( QUESTION17 1 -4.425e+05 3.723e+02 2.048e+03
|            ( - -2.477e+04 8 0)
|            ( - -4.174e+05 4 0)))
|    ( QUESTION0_9_R 1 -2.533e+05 1.895e+03 1.172e+03
|        ( - -2.040e+05 7 0 QUESTION19 1 1.700e+02 9.508e+02)
|        ( QUESTION17 1 -4.739e+04 2.916e+02 2.209e+02
|            ( - -4.921e+03 3 0)
|            ( - -4.217e+04 2 0))))
s>    ( WDBNDRY_E 0 -1.179e+06 5.153e+03 5.402e+03
s>        ( QUESTION0_9_R 1 -9.205e+05 3.246e+03 4.230e+03
s>            ( QUESTION19 1 -4.747e+05 1.489e+03 2.183e+03
s>                ( - -2.661e+05 9 0)
s>                ( QUESTION0_11_R 1 -2.071e+05 1.970e+02 9.516e+02
s>                    ( - -2.017e+05 5 0)
s>                    ( - -5.198e+03 3 0)))
s>            ( QUESTION17 1 -4.425e+05 3.723e+02 2.048e+03
s>                ( - -2.477e+04 8 0)
s>                ( - -4.174e+05 4 0)))
s>        ( QUESTION0_9_R 1 -2.533e+05 1.895e+03 1.172e+03
s>            ( - -2.040e+05 7 0 QUESTION19 1 1.700e+02 9.508e+02)
s>            ( QUESTION17 1 -4.739e+04 2.916e+02 2.209e+02
s>                ( - -4.921e+03 3 0)
s>                ( - -4.217e+04 2 0))))INFO: dtree.c(1315): Comp split 5
INFO: dtree.c(1439): stop. leaf nodes are specific
INFO: dtree.c(1478): Final simple tree
|( SILENCE 1 -6.518e+05 1.486e+03 3.096e+03
|    ( - -3.554e+05 5 0)
|    ( QUESTION3 1 -2.948e+05 7.822e+02 1.385e+03
|        ( - -1.884e+05 4 0)
|        ( QUESTION0_9_R 1 -1.057e+05 4.803e+02 4.997e+02
|            ( QUESTION0_13_R 1 -4.078e+04 2.764e+02 1.914e+02
|                ( WDBNDRY_E 0 -3.291e+04 1.186e+02 1.551e+02
|                    ( - -3.160e+04 4 0)
|                    ( - -1.191e+03 2 0))
|                ( - -7.593e+03 2 0))
|            ( - -6.442e+04 4 0))))
s>    ( SILENCE 1 -6.518e+05 1.486e+03 3.096e+03
s>        ( - -3.554e+05 5 0)
s>        ( QUESTION3 1 -2.948e+05 7.822e+02 1.385e+03
s>            ( - -1.884e+05 4 0)
s>            ( QUESTION0_9_R 1 -1.057e+05 4.803e+02 4.997e+02
s>                ( QUESTION0_13_R 1 -4.078e+04 2.764e+02 1.914e+02
s>                    ( WDBNDRY_E 0 -3.291e+04 1.186e+02 1.551e+02
s>                        ( - -3.160e+04 4 0)
s>                        ( - -1.191e+03 2 0))
s>                    ( - -7.593e+03 2 0))
s>                ( - -6.442e+04 4 0))))INFO: dtree.c(1478): Final simple tree
|( WDBNDRY_E 0 -4.555e+05 2.189e+03 2.129e+03
|    ( QUESTION0_0_R 1 -3.447e+05 1.033e+03 1.597e+03
|        ( - -3.285e+04 7 0)
|        ( QUESTION0 -1 -3.108e+05 4.878e+02 1.447e+03
|            ( - -3.096e+05 8 0)
|            ( - -7.356e+02 1 0)))
|    ( QUESTION4 -1 -1.086e+05 4.713e+02 5.323e+02
|        ( - 2.412e+02 1 0)
|        ( WDBNDRY_B 0 -1.083e+05 3.065e+02 5.313e+02
|            ( QUESTION0 -1 -1.372e+04 2.433e+02 6.804e+01
|                ( - -1.313e+04 5 0)
|                ( - -3.466e+02 1 0))
|            ( QUESTION0_17_R 1 -9.431e+04 2.295e+02 4.633e+02
|                ( - -9.269e+04 5 0)
|                ( - -1.385e+03 2 0)))))
s>    ( WDBNDRY_E 0 -4.555e+05 2.189e+03 2.129e+03
s>        ( QUESTION0_0_R 1 -3.447e+05 1.033e+03 1.597e+03
s>            ( - -3.285e+04 7 0)
s>            ( QUESTION0 -1 -3.108e+05 4.878e+02 1.447e+03
s>                ( - -3.096e+05 8 0)
s>                ( - -7.356e+02 1 0)))
s>        ( QUESTION4 -1 -1.086e+05 4.713e+02 5.323e+02
s>            ( - 2.412e+02 1 0)
s>            ( WDBNDRY_B 0 -1.083e+05 3.065e+02 5.313e+02
s>                ( QUESTION0 -1 -1.372e+04 2.433e+02 6.804e+01
s>                    ( - -1.313e+04 5 0)
s>                    ( - -3.466e+02 1 0))
s>                ( QUESTION0_17_R 1 -9.431e+04 2.295e+02 4.633e+02
s>                    ( - -9.269e+04 5 0)
s>                    ( - -1.385e+03 2 0)))))INFO: dtree.c(1315): Comp split 6
INFO: dtree.c(1439): stop. leaf nodes are specific
INFO: dtree.c(1478): Final simple tree
|( QUESTION0 -1 -1.942e+05 4.581e+02 9.059e+02
|    ( - -5.544e+04 4 0)
|    ( - -1.383e+05 1 0))
s>    ( QUESTION0 -1 -1.942e+05 4.581e+02 9.059e+02
s>        ( - -5.544e+04 4 0)
s>        ( - -1.383e+05 1 0))INFO: dtree.c(1439): stop. leaf nodes are specific
INFO: dtree.c(1478): Final simple tree
|( QUESTION0_2_R 1 -1.060e+06 4.800e+02 4.820e+03
|    ( - -4.948e+03 1 0)
|    ( QUESTION0_0_R 1 -1.054e+06 1.354e+02 4.795e+03
|        ( - -1.052e+06 23 0)
|        ( - -2.117e+03 2 0)))
s>    ( QUESTION0_2_R 1 -1.060e+06 4.800e+02 4.820e+03
s>        ( - -4.948e+03 1 0)
s>        ( QUESTION0_0_R 1 -1.054e+06 1.354e+02 4.795e+03
s>            ( - -1.052e+06 23 0)
s>            ( - -2.117e+03 2 0)))INFO: dtree.c(1315): Comp split 7
INFO: dtree.c(1439): stop. leaf nodes are specific
INFO: dtree.c(1478): Final simple tree
|( QUESTION19 1 -2.040e+05 1.700e+02 9.508e+02
|    ( - -2.024e+05 5 0)
|    ( - -1.383e+03 2 0))
s>    ( QUESTION19 1 -2.040e+05 1.700e+02 9.508e+02
s>        ( - -2.024e+05 5 0)
s>        ( - -1.383e+03 2 0))INFO: dtree.c(1439): stop. leaf nodes are specific
INFO: dtree.c(1478): Final simple tree
|( QUESTION0_9_R 1 -9.693e+05 3.472e+03 4.451e+03
|    ( QUESTION19 1 -4.747e+05 1.489e+03 2.183e+03
|        ( - -2.661e+05 9 0)
|        ( QUESTION0_11_R 1 -2.071e+05 1.970e+02 9.516e+02
|            ( - -2.017e+05 5 0)
|            ( - -5.198e+03 3 0)))
|    ( WDBNDRY_E 0 -4.911e+05 1.222e+03 2.269e+03
|        ( QUESTION17 1 -4.425e+05 3.723e+02 2.048e+03
|            ( - -2.477e+04 8 0)
|            ( - -4.174e+05 4 0))
|        ( QUESTION17 1 -4.739e+04 2.916e+02 2.209e+02
|            ( - -4.921e+03 3 0)
|            ( - -4.217e+04 2 0))))
s>    ( QUESTION0_9_R 1 -9.693e+05 3.472e+03 4.451e+03
s>        ( QUESTION19 1 -4.747e+05 1.489e+03 2.183e+03
s>            ( - -2.661e+05 9 0)
s>            ( QUESTION0_11_R 1 -2.071e+05 1.970e+02 9.516e+02
s>                ( - -2.017e+05 5 0)
s>                ( - -5.198e+03 3 0)))
s>        ( WDBNDRY_E 0 -4.911e+05 1.222e+03 2.269e+03
s>            ( QUESTION17 1 -4.425e+05 3.723e+02 2.048e+03
s>                ( - -2.477e+04 8 0)
s>                ( - -4.174e+05 4 0))
s>            ( QUESTION17 1 -4.739e+04 2.916e+02 2.209e+02
s>                ( - -4.921e+03 3 0)
s>                ( - -4.217e+04 2 0))))INFO: dtree.c(1315): Comp split 8
INFO: dtree.c(1439): stop. leaf nodes are specific
INFO: dtree.c(1478): Final simple tree
|( SILENCE -1 -3.558e+05 7.898e+02 1.635e+03
|    ( QUESTION0 1 -2.437e+05 4.477e+02 1.127e+03
|        ( - -2.435e+05 5 0)
|        ( - 2.199e+02 1 0))
|    ( - -1.113e+05 6 0))
s>    ( SILENCE -1 -3.558e+05 7.898e+02 1.635e+03
s>        ( QUESTION0 1 -2.437e+05 4.477e+02 1.127e+03
s>            ( - -2.435e+05 5 0)
s>            ( - 2.199e+02 1 0))
s>        ( - -1.113e+05 6 0))INFO: dtree.c(1478): Final simple tree
|( WDBNDRY_B 0 -1.520e+06 3.253e+03 6.901e+03
|    ( QUESTION2_6_L -1 -1.325e+06 9.763e+02 6.033e+03
|        ( QUESTION12 -1 -1.439e+05 5.103e+02 6.511e+02
|            ( - -2.415e+04 5 0 QUESTION0 1 1.609e+02 1.135e+02)
|            ( - -1.193e+05 27 0 QUESTION2_19_L -1 3.559e+02 5.376e+02))
|        ( QUESTION0 -1 -1.180e+06 5.150e+02 5.382e+03
|            ( - -1.058e+06 42 0 QUESTION0 1 2.864e+02 4.823e+03)
|            ( - -1.214e+05 21 0)))
|    ( QUESTION2_2_L -1 -1.912e+05 1.649e+03 8.688e+02
|        ( QUESTION0 1 -8.216e+04 4.448e+02 3.839e+02
|            ( - -8.193e+04 9 0 QUESTION0 -1 2.672e+02 3.829e+02)
|            ( - 2.166e+02 1 0))
|        ( QUESTION6 -1 -1.074e+05 4.381e+02 4.849e+02
|            ( - 2.143e+02 1 0)
|            ( - -1.072e+05 23 0 QUESTION18 -1 4.237e+02 4.839e+02))))
s>    ( WDBNDRY_B 0 -1.520e+06 3.253e+03 6.901e+03
s>        ( QUESTION2_6_L -1 -1.325e+06 9.763e+02 6.033e+03
s>            ( QUESTION12 -1 -1.439e+05 5.103e+02 6.511e+02
s>                ( - -2.415e+04 5 0 QUESTION0 1 1.609e+02 1.135e+02)
s>                ( - -1.193e+05 27 0 QUESTION2_19_L -1 3.559e+02 5.376e+02))
s>            ( QUESTION0 -1 -1.180e+06 5.150e+02 5.382e+03
s>                ( - -1.058e+06 42 0 QUESTION0 1 2.864e+02 4.823e+03)
s>                ( - -1.214e+05 21 0)))
s>        ( QUESTION2_2_L -1 -1.912e+05 1.649e+03 8.688e+02
s>            ( QUESTION0 1 -8.216e+04 4.448e+02 3.839e+02
s>                ( - -8.193e+04 9 0 QUESTION0 -1 2.672e+02 3.829e+02)
s>                ( - 2.166e+02 1 0))
s>            ( QUESTION6 -1 -1.074e+05 4.381e+02 4.849e+02
s>                ( - 2.143e+02 1 0)
s>                ( - -1.072e+05 23 0 QUESTION18 -1 4.237e+02 4.839e+02))))INFO: dtree.c(1315): Comp split 9
INFO: dtree.c(1439): stop. leaf nodes are specific
INFO: dtree.c(1478): Final simple tree
|( WDBNDRY_E 0 -4.911e+05 1.222e+03 2.269e+03
|    ( QUESTION17 1 -4.425e+05 3.723e+02 2.048e+03
|        ( - -2.477e+04 8 0)
|        ( - -4.174e+05 4 0))
|    ( QUESTION17 1 -4.739e+04 2.916e+02 2.209e+02
|        ( - -4.921e+03 3 0)
|        ( - -4.217e+04 2 0)))
s>    ( WDBNDRY_E 0 -4.911e+05 1.222e+03 2.269e+03
s>        ( QUESTION17 1 -4.425e+05 3.723e+02 2.048e+03
s>            ( - -2.477e+04 8 0)
s>            ( - -4.174e+05 4 0))
s>        ( QUESTION17 1 -4.739e+04 2.916e+02 2.209e+02
s>            ( - -4.921e+03 3 0)
s>            ( - -4.217e+04 2 0)))INFO: dtree.c(1439): stop. leaf nodes are specific
INFO: dtree.c(1478): Final simple tree
|( QUESTION19 1 -4.747e+05 1.489e+03 2.183e+03
|    ( - -2.661e+05 9 0)
|    ( QUESTION0_11_R 1 -2.071e+05 1.970e+02 9.516e+02
|        ( - -2.017e+05 5 0)
|        ( - -5.198e+03 3 0)))
s>    ( QUESTION19 1 -4.747e+05 1.489e+03 2.183e+03
s>        ( - -2.661e+05 9 0)
s>        ( QUESTION0_11_R 1 -2.071e+05 1.970e+02 9.516e+02
s>            ( - -2.017e+05 5 0)
s>            ( - -5.198e+03 3 0)))INFO: dtree.c(1315): Comp split 10
INFO: dtree.c(1478): Final simple tree
|( QUESTION2_2_L -1 -1.912e+05 1.649e+03 8.688e+02
|    ( QUESTION0 1 -8.216e+04 4.448e+02 3.839e+02
|        ( QUESTION0 -1 -8.193e+04 2.672e+02 3.829e+02
|            ( - -6.715e+03 3 0)
|            ( - -7.495e+04 6 0))
|        ( - 2.166e+02 1 0))
|    ( QUESTION6 -1 -1.074e+05 4.381e+02 4.849e+02
|        ( - 2.143e+02 1 0)
|        ( QUESTION18 -1 -1.072e+05 4.237e+02 4.839e+02
|            ( QUESTION19 -1 -3.198e+04 2.394e+02 1.446e+02
|                ( - -2.531e+04 4 0)
|                ( - -6.425e+03 4 0))
|            ( QUESTION0 1 -7.480e+04 3.492e+02 3.393e+02
|                ( - -6.385e+04 14 0 QUESTION2 -1 2.293e+02 2.900e+02)
|                ( - -1.060e+04 1 0)))))
s>    ( QUESTION2_2_L -1 -1.912e+05 1.649e+03 8.688e+02
s>        ( QUESTION0 1 -8.216e+04 4.448e+02 3.839e+02
s>            ( QUESTION0 -1 -8.193e+04 2.672e+02 3.829e+02
s>                ( - -6.715e+03 3 0)
s>                ( - -7.495e+04 6 0))
s>            ( - 2.166e+02 1 0))
s>        ( QUESTION6 -1 -1.074e+05 4.381e+02 4.849e+02
s>            ( - 2.143e+02 1 0)
s>            ( QUESTION18 -1 -1.072e+05 4.237e+02 4.839e+02
s>                ( QUESTION19 -1 -3.198e+04 2.394e+02 1.446e+02
s>                    ( - -2.531e+04 4 0)
s>                    ( - -6.425e+03 4 0))
s>                ( QUESTION0 1 -7.480e+04 3.492e+02 3.393e+02
s>                    ( - -6.385e+04 14 0 QUESTION2 -1 2.293e+02 2.900e+02)
s>                    ( - -1.060e+04 1 0)))))INFO: dtree.c(1478): Final simple tree
|( QUESTION2_6_L -1 -1.325e+06 9.763e+02 6.033e+03
|    ( QUESTION12 -1 -1.439e+05 5.103e+02 6.511e+02
|        ( - -2.415e+04 5 0 QUESTION0 1 1.609e+02 1.135e+02)
|        ( QUESTION2_19_L -1 -1.193e+05 3.559e+02 5.376e+02
|            ( QUESTION19 -1 -6.496e+04 2.643e+02 2.936e+02
|                ( - -3.205e+04 6 0)
|                ( - -3.265e+04 10 0))
|            ( QUESTION2_15_L -1 -5.396e+04 2.545e+02 2.439e+02
|                ( - -2.570e+04 5 0)
|                ( - -2.801e+04 6 0 QUESTION10 -1 3.358e+02 1.266e+02))))
|    ( QUESTION0 -1 -1.180e+06 5.150e+02 5.382e+03
|        ( QUESTION0 1 -1.058e+06 2.864e+02 4.823e+03
|            ( - -1.052e+06 35 0 QUESTION2_4_L -1 6.981e+01 4.793e+03)
|            ( - -6.460e+03 7 0))
|        ( - -1.214e+05 21 0)))
s>    ( QUESTION2_6_L -1 -1.325e+06 9.763e+02 6.033e+03
s>        ( QUESTION12 -1 -1.439e+05 5.103e+02 6.511e+02
s>            ( - -2.415e+04 5 0 QUESTION0 1 1.609e+02 1.135e+02)
s>            ( QUESTION2_19_L -1 -1.193e+05 3.559e+02 5.376e+02
s>                ( QUESTION19 -1 -6.496e+04 2.643e+02 2.936e+02
s>                    ( - -3.205e+04 6 0)
s>                    ( - -3.265e+04 10 0))
s>                ( QUESTION2_15_L -1 -5.396e+04 2.545e+02 2.439e+02
s>                    ( - -2.570e+04 5 0)
s>                    ( - -2.801e+04 6 0 QUESTION10 -1 3.358e+02 1.266e+02))))
s>        ( QUESTION0 -1 -1.180e+06 5.150e+02 5.382e+03
s>            ( QUESTION0 1 -1.058e+06 2.864e+02 4.823e+03
s>                ( - -1.052e+06 35 0 QUESTION2_4_L -1 6.981e+01 4.793e+03)
s>                ( - -6.460e+03 7 0))
s>            ( - -1.214e+05 21 0)))INFO: dtree.c(1315): Comp split 11
INFO: dtree.c(1439): stop. leaf nodes are specific
INFO: dtree.c(1478): Final simple tree
|( WDBNDRY_B 0 -2.644e+05 1.893e+03 1.209e+03
|    ( QUESTION0 1 -1.081e+05 4.506e+02 4.938e+02
|        ( - -1.078e+05 7 0)
|        ( - 1.887e+02 1 0))
|    ( - -1.544e+05 5 0))
s>    ( WDBNDRY_B 0 -2.644e+05 1.893e+03 1.209e+03
s>        ( QUESTION0 1 -1.081e+05 4.506e+02 4.938e+02
s>            ( - -1.078e+05 7 0)
s>            ( - 1.887e+02 1 0))
s>        ( - -1.544e+05 5 0))INFO: dtree.c(1439): stop. leaf nodes are specific
INFO: dtree.c(1478): Final simple tree
|( WDBNDRY_B 0 -2.921e+06 2.830e+03 1.333e+04
|    ( - -1.021e+05 6 0)
|    ( QUESTION0 1 -2.816e+06 2.943e+02 1.286e+04
|        ( - -2.813e+06 30 0)
|        ( - -2.642e+03 2 0)))
s>    ( WDBNDRY_B 0 -2.921e+06 2.830e+03 1.333e+04
s>        ( - -1.021e+05 6 0)
s>        ( QUESTION0 1 -2.816e+06 2.943e+02 1.286e+04
s>            ( - -2.813e+06 30 0)
s>            ( - -2.642e+03 2 0)))INFO: dtree.c(1315): Comp split 12
INFO: dtree.c(1439): stop. leaf nodes are specific
INFO: dtree.c(1478): Final simple tree
|( QUESTION0 1 -2.816e+06 2.943e+02 1.286e+04
|    ( - -2.813e+06 30 0)
|    ( - -2.642e+03 2 0))
s>    ( QUESTION0 1 -2.816e+06 2.943e+02 1.286e+04
s>        ( - -2.813e+06 30 0)
s>        ( - -2.642e+03 2 0))INFO: dtree.c(1315): Comp split 13
INFO: dtree.c(1439): stop. leaf nodes are specific
INFO: dtree.c(1478): Final simple tree
|( WDBNDRY_E 0 -1.073e+05 4.523e+02 5.283e+02
|    ( - -7.356e+02 1 0)
|    ( WDBNDRY_B 0 -1.061e+05 2.942e+02 5.223e+02
|        ( - -1.313e+04 5 0)
|        ( - -9.269e+04 5 0)))
s>    ( WDBNDRY_E 0 -1.073e+05 4.523e+02 5.283e+02
s>        ( - -7.356e+02 1 0)
s>        ( WDBNDRY_B 0 -1.061e+05 2.942e+02 5.223e+02
s>            ( - -1.313e+04 5 0)
s>            ( - -9.269e+04 5 0)))INFO: dtree.c(1439): stop. leaf nodes are specific
INFO: dtree.c(1478): Final simple tree
|( QUESTION0_0_R 1 -3.457e+05 1.018e+03 1.601e+03
|    ( - -3.285e+04 7 0)
|    ( QUESTION4 -1 -3.119e+05 4.647e+02 1.451e+03
|        ( - 2.412e+02 1 0)
|        ( WDBNDRY_B 0 -3.116e+05 1.565e+02 1.450e+03
|            ( - -3.466e+02 1 0)
|            ( WDBNDRY_E 0 -3.111e+05 1.394e+02 1.448e+03
|                ( - -3.096e+05 8 0)
|                ( - -1.385e+03 2 0)))))
s>    ( QUESTION0_0_R 1 -3.457e+05 1.018e+03 1.601e+03
s>        ( - -3.285e+04 7 0)
s>        ( QUESTION4 -1 -3.119e+05 4.647e+02 1.451e+03
s>            ( - 2.412e+02 1 0)
s>            ( WDBNDRY_B 0 -3.116e+05 1.565e+02 1.450e+03
s>                ( - -3.466e+02 1 0)
s>                ( WDBNDRY_E 0 -3.111e+05 1.394e+02 1.448e+03
s>                    ( - -3.096e+05 8 0)
s>                    ( - -1.385e+03 2 0)))))INFO: dtree.c(1315): Comp split 14
INFO: dtree.c(1439): stop. leaf nodes are specific
INFO: dtree.c(1478): Final simple tree
|( QUESTION0 1 -1.081e+05 4.506e+02 4.938e+02
|    ( - -1.078e+05 7 0)
|    ( - 1.887e+02 1 0))
s>    ( QUESTION0 1 -1.081e+05 4.506e+02 4.938e+02
s>        ( - -1.078e+05 7 0)
s>        ( - 1.887e+02 1 0))INFO: dtree.c(1315): Comp split 15
INFO: dtree.c(1478): Final simple tree
|( QUESTION18 -1 -1.072e+05 4.237e+02 4.839e+02
|    ( QUESTION19 -1 -3.198e+04 2.394e+02 1.446e+02
|        ( - -2.531e+04 4 0)
|        ( - -6.425e+03 4 0))
|    ( QUESTION0 1 -7.480e+04 3.492e+02 3.393e+02
|        ( QUESTION2 -1 -6.385e+04 2.293e+02 2.900e+02
|            ( QUESTION9 -1 -5.472e+04 1.934e+02 2.480e+02
|                ( - -1.380e+03 1 0)
|                ( QUESTION5 -1 -5.315e+04 1.552e+02 2.410e+02
|                    ( - -2.800e+02 1 0)
|                    ( - -5.271e+04 5 0)))
|            ( QUESTION17 -1 -8.900e+03 1.292e+02 4.200e+01
|                ( - -1.408e+03 3 0)
|                ( - -7.363e+03 4 0)))
|        ( - -1.060e+04 1 0)))
s>    ( QUESTION18 -1 -1.072e+05 4.237e+02 4.839e+02
s>        ( QUESTION19 -1 -3.198e+04 2.394e+02 1.446e+02
s>            ( - -2.531e+04 4 0)
s>            ( - -6.425e+03 4 0))
s>        ( QUESTION0 1 -7.480e+04 3.492e+02 3.393e+02
s>            ( QUESTION2 -1 -6.385e+04 2.293e+02 2.900e+02
s>                ( QUESTION9 -1 -5.472e+04 1.934e+02 2.480e+02
s>                    ( - -1.380e+03 1 0)
s>                    ( QUESTION5 -1 -5.315e+04 1.552e+02 2.410e+02
s>                        ( - -2.800e+02 1 0)
s>                        ( - -5.271e+04 5 0)))
s>                ( QUESTION17 -1 -8.900e+03 1.292e+02 4.200e+01
s>                    ( - -1.408e+03 3 0)
s>                    ( - -7.363e+03 4 0)))
s>            ( - -1.060e+04 1 0)))INFO: dtree.c(1439): stop. leaf nodes are specific
INFO: dtree.c(1478): Final simple tree
|( QUESTION0 1 -8.238e+04 4.448e+02 3.849e+02
|    ( QUESTION2 -1 -8.215e+04 4.349e+02 3.839e+02
|        ( - 2.143e+02 1 0)
|        ( QUESTION0 -1 -8.193e+04 2.672e+02 3.829e+02
|            ( - -6.715e+03 3 0)
|            ( - -7.495e+04 6 0)))
|    ( - 2.166e+02 1 0))
s>    ( QUESTION0 1 -8.238e+04 4.448e+02 3.849e+02
s>        ( QUESTION2 -1 -8.215e+04 4.349e+02 3.839e+02
s>            ( - 2.143e+02 1 0)
s>            ( QUESTION0 -1 -8.193e+04 2.672e+02 3.829e+02
s>                ( - -6.715e+03 3 0)
s>                ( - -7.495e+04 6 0)))
s>        ( - 2.166e+02 1 0))INFO: dtree.c(1315): Comp split 16
INFO: dtree.c(1439): stop. leaf nodes are specific
INFO: dtree.c(1478): Final simple tree
|( QUESTION0_11_R 1 -2.071e+05 1.970e+02 9.516e+02
|    ( - -2.017e+05 5 0)
|    ( - -5.198e+03 3 0))
s>    ( QUESTION0_11_R 1 -2.071e+05 1.970e+02 9.516e+02
s>        ( - -2.017e+05 5 0)
s>        ( - -5.198e+03 3 0))INFO: dtree.c(1315): Comp split 17
INFO: dtree.c(1439): stop. leaf nodes are specific
INFO: dtree.c(1478): Final simple tree
|( QUESTION3 1 -2.948e+05 7.822e+02 1.385e+03
|    ( - -1.884e+05 4 0)
|    ( QUESTION0_9_R 1 -1.057e+05 4.803e+02 4.997e+02
|        ( QUESTION0_13_R 1 -4.078e+04 2.764e+02 1.914e+02
|            ( WDBNDRY_E 0 -3.291e+04 1.186e+02 1.551e+02
|                ( - -3.160e+04 4 0)
|                ( - -1.191e+03 2 0))
|            ( - -7.593e+03 2 0))
|        ( - -6.442e+04 4 0)))
s>    ( QUESTION3 1 -2.948e+05 7.822e+02 1.385e+03
s>        ( - -1.884e+05 4 0)
s>        ( QUESTION0_9_R 1 -1.057e+05 4.803e+02 4.997e+02
s>            ( QUESTION0_13_R 1 -4.078e+04 2.764e+02 1.914e+02
s>                ( WDBNDRY_E 0 -3.291e+04 1.186e+02 1.551e+02
s>                    ( - -3.160e+04 4 0)
s>                    ( - -1.191e+03 2 0))
s>                ( - -7.593e+03 2 0))
s>            ( - -6.442e+04 4 0)))INFO: dtree.c(1315): Comp split 18
INFO: dtree.c(1439): stop. leaf nodes are specific
INFO: dtree.c(1478): Final simple tree
|( QUESTION17 1 -4.477e+05 4.396e+02 2.071e+03
|    ( WDBNDRY_E 0 -2.989e+04 1.956e+02 1.384e+02
|        ( - -2.477e+04 8 0)
|        ( - -4.921e+03 3 0))
|    ( - -4.174e+05 4 0))
s>    ( QUESTION17 1 -4.477e+05 4.396e+02 2.071e+03
s>        ( WDBNDRY_E 0 -2.989e+04 1.956e+02 1.384e+02
s>            ( - -2.477e+04 8 0)
s>            ( - -4.921e+03 3 0))
s>        ( - -4.174e+05 4 0))INFO: dtree.c(1315): Comp split 19
INFO: dtree.c(1439): stop. leaf nodes are specific
INFO: dtree.c(1478): Final simple tree
|( QUESTION5 1 -7.742e+04 6.482e+02 3.505e+02
|    ( QUESTION0_5_R 1 -3.160e+04 3.539e+02 1.427e+02
|        ( - -1.801e+04 4 0)
|        ( - -1.323e+04 3 0))
|    ( QUESTION0_3_R 1 -4.517e+04 1.574e+02 2.078e+02
|        ( - -4.361e+04 5 0)
|        ( - -1.404e+03 3 0)))
s>    ( QUESTION5 1 -7.742e+04 6.482e+02 3.505e+02
s>        ( QUESTION0_5_R 1 -3.160e+04 3.539e+02 1.427e+02
s>            ( - -1.801e+04 4 0)
s>            ( - -1.323e+04 3 0))
s>        ( QUESTION0_3_R 1 -4.517e+04 1.574e+02 2.078e+02
s>            ( - -4.361e+04 5 0)
s>            ( - -1.404e+03 3 0)))INFO: dtree.c(1439): stop. leaf nodes are specific
INFO: dtree.c(1478): Final simple tree
|( QUESTION0 -1 -3.257e+05 4.528e+02 1.483e+03
|    ( WDBNDRY_E 0 -3.255e+05 4.378e+02 1.482e+03
|        ( - -3.024e+05 5 0)
|        ( QUESTION0_3_R 1 -2.267e+04 1.652e+02 1.053e+02
|            ( QUESTION2_0_L -1 -1.986e+04 1.119e+02 9.233e+01
|                ( - -1.941e+04 4 0)
|                ( - -3.340e+02 1 0))
|            ( - -2.651e+03 3 0)))
|    ( - 2.174e+02 1 0))
s>    ( QUESTION0 -1 -3.257e+05 4.528e+02 1.483e+03
s>        ( WDBNDRY_E 0 -3.255e+05 4.378e+02 1.482e+03
s>            ( - -3.024e+05 5 0)
s>            ( QUESTION0_3_R 1 -2.267e+04 1.652e+02 1.053e+02
s>                ( QUESTION2_0_L -1 -1.986e+04 1.119e+02 9.233e+01
s>                    ( - -1.941e+04 4 0)
s>                    ( - -3.340e+02 1 0))
s>                ( - -2.651e+03 3 0)))
s>        ( - 2.174e+02 1 0))INFO: dtree.c(1315): Comp split 20
INFO: dtree.c(1439): stop. leaf nodes are specific
INFO: dtree.c(1478): Final simple tree
|( WDBNDRY_E 0 -3.111e+05 1.394e+02 1.448e+03
|    ( - -3.096e+05 8 0)
|    ( - -1.385e+03 2 0))
s>    ( WDBNDRY_E 0 -3.111e+05 1.394e+02 1.448e+03
s>        ( - -3.096e+05 8 0)
s>        ( - -1.385e+03 2 0))INFO: dtree.c(1439): stop. leaf nodes are specific
INFO: dtree.c(1478): Final simple tree
|( QUESTION4 -1 -3.355e+04 4.640e+02 1.535e+02
|    ( - 2.412e+02 1 0)
|    ( WDBNDRY_B 0 -3.333e+04 1.374e+02 1.525e+02
|        ( - -3.466e+02 1 0)
|        ( - -3.285e+04 7 0)))
s>    ( QUESTION4 -1 -3.355e+04 4.640e+02 1.535e+02
s>        ( - 2.412e+02 1 0)
s>        ( WDBNDRY_B 0 -3.333e+04 1.374e+02 1.525e+02
s>            ( - -3.466e+02 1 0)
s>            ( - -3.285e+04 7 0)))INFO: dtree.c(1315): Comp split 21
INFO: dtree.c(1478): Final simple tree
|( QUESTION12 -1 -1.507e+05 5.119e+02 6.811e+02
|    ( - -2.415e+04 5 0 QUESTION0 1 1.609e+02 1.135e+02)
|    ( QUESTION2_19_L -1 -1.260e+05 3.637e+02 5.676e+02
|        ( QUESTION19 -1 -6.496e+04 2.643e+02 2.936e+02
|            ( - -3.205e+04 6 0)
|            ( - -3.265e+04 10 0))
|        ( QUESTION0 1 -6.068e+04 2.721e+02 2.739e+02
|            ( QUESTION2_15_L -1 -5.348e+04 2.656e+02 2.419e+02
|                ( - -2.570e+04 5 0)
|                ( QUESTION5 -1 -2.752e+04 3.296e+02 1.246e+02
|                    ( - -1.405e+04 3 0)
|                    ( - -1.314e+04 2 0)))
|            ( QUESTION0 -1 -6.932e+03 1.700e+02 3.200e+01
|                ( - -6.460e+03 7 0)
|                ( - -3.017e+02 1 0)))))
s>    ( QUESTION12 -1 -1.507e+05 5.119e+02 6.811e+02
s>        ( - -2.415e+04 5 0 QUESTION0 1 1.609e+02 1.135e+02)
s>        ( QUESTION2_19_L -1 -1.260e+05 3.637e+02 5.676e+02
s>            ( QUESTION19 -1 -6.496e+04 2.643e+02 2.936e+02
s>                ( - -3.205e+04 6 0)
s>                ( - -3.265e+04 10 0))
s>            ( QUESTION0 1 -6.068e+04 2.721e+02 2.739e+02
s>                ( QUESTION2_15_L -1 -5.348e+04 2.656e+02 2.419e+02
s>                    ( - -2.570e+04 5 0)
s>                    ( QUESTION5 -1 -2.752e+04 3.296e+02 1.246e+02
s>                        ( - -1.405e+04 3 0)
s>                        ( - -1.314e+04 2 0)))
s>                ( QUESTION0 -1 -6.932e+03 1.700e+02 3.200e+01
s>                    ( - -6.460e+03 7 0)
s>                    ( - -3.017e+02 1 0)))))INFO: dtree.c(1439): stop. leaf nodes are specific
INFO: dtree.c(1478): Final simple tree
|( QUESTION0 -1 -1.173e+06 5.116e+02 5.352e+03
|    ( QUESTION2_4_L -1 -1.052e+06 6.981e+01 4.793e+03
|        ( - -1.490e+03 4 0)
|        ( QUESTION2_0_L -1 -1.050e+06 4.661e+02 4.786e+03
|            ( - -1.050e+06 30 0)
|            ( - 2.412e+02 1 0)))
|    ( - -1.214e+05 21 0))
s>    ( QUESTION0 -1 -1.173e+06 5.116e+02 5.352e+03
s>        ( QUESTION2_4_L -1 -1.052e+06 6.981e+01 4.793e+03
s>            ( - -1.490e+03 4 0)
s>            ( QUESTION2_0_L -1 -1.050e+06 4.661e+02 4.786e+03
s>                ( - -1.050e+06 30 0)
s>                ( - 2.412e+02 1 0)))
s>        ( - -1.214e+05 21 0))INFO: dtree.c(1315): Comp split 22
INFO: dtree.c(1439): stop. leaf nodes are specific
INFO: dtree.c(1478): Final simple tree
|( QUESTION0 1 -2.437e+05 4.477e+02 1.127e+03
|    ( - -2.435e+05 5 0)
|    ( - 2.199e+02 1 0))
s>    ( QUESTION0 1 -2.437e+05 4.477e+02 1.127e+03
s>        ( - -2.435e+05 5 0)
s>        ( - 2.199e+02 1 0))INFO: dtree.c(1315): Comp split 23
INFO: dtree.c(1439): stop. leaf nodes are specific
INFO: dtree.c(1478): Final simple tree
|( QUESTION0_9_R 1 -1.057e+05 4.803e+02 4.997e+02
|    ( QUESTION0_13_R 1 -4.078e+04 2.764e+02 1.914e+02
|        ( WDBNDRY_E 0 -3.291e+04 1.186e+02 1.551e+02
|            ( - -3.160e+04 4 0)
|            ( - -1.191e+03 2 0))
|        ( - -7.593e+03 2 0))
|    ( - -6.442e+04 4 0))
s>    ( QUESTION0_9_R 1 -1.057e+05 4.803e+02 4.997e+02
s>        ( QUESTION0_13_R 1 -4.078e+04 2.764e+02 1.914e+02
s>            ( WDBNDRY_E 0 -3.291e+04 1.186e+02 1.551e+02
s>                ( - -3.160e+04 4 0)
s>                ( - -1.191e+03 2 0))
s>            ( - -7.593e+03 2 0))
s>        ( - -6.442e+04 4 0))INFO: dtree.c(1315): Comp split 24
INFO: dtree.c(1439): stop. leaf nodes are specific
INFO: dtree.c(1478): Final simple tree
|( QUESTION0_3_R 1 -4.517e+04 1.574e+02 2.078e+02
|    ( - -4.361e+04 5 0)
|    ( - -1.404e+03 3 0))
s>    ( QUESTION0_3_R 1 -4.517e+04 1.574e+02 2.078e+02
s>        ( - -4.361e+04 5 0)
s>        ( - -1.404e+03 3 0))INFO: dtree.c(1439): stop. leaf nodes are specific
INFO: dtree.c(1478): Final simple tree
|( QUESTION0_5_R 1 -3.160e+04 3.539e+02 1.427e+02
|    ( - -1.801e+04 4 0)
|    ( - -1.323e+04 3 0))
s>    ( QUESTION0_5_R 1 -3.160e+04 3.539e+02 1.427e+02
s>        ( - -1.801e+04 4 0)
s>        ( - -1.323e+04 3 0))INFO: dtree.c(1315): Comp split 25
INFO: dtree.c(1439): stop. leaf nodes are specific
INFO: dtree.c(1478): Final simple tree
|( QUESTION2 -1 -7.845e+04 3.536e+02 3.536e+02
|    ( - -1.314e+04 2 0)
|    ( QUESTION19 -1 -6.496e+04 2.643e+02 2.936e+02
|        ( - -3.205e+04 6 0)
|        ( - -3.265e+04 10 0)))
s>    ( QUESTION2 -1 -7.845e+04 3.536e+02 3.536e+02
s>        ( - -1.314e+04 2 0)
s>        ( QUESTION19 -1 -6.496e+04 2.643e+02 2.936e+02
s>            ( - -3.205e+04 6 0)
s>            ( - -3.265e+04 10 0)))INFO: dtree.c(1439): stop. leaf nodes are specific
INFO: dtree.c(1478): Final simple tree
|( QUESTION12 -1 -7.159e+04 4.106e+02 3.275e+02
|    ( QUESTION0 1 -2.415e+04 1.609e+02 1.135e+02
|        ( QUESTION2_14_L -1 -2.371e+04 1.324e+02 1.115e+02
|            ( - -3.104e+02 1 0)
|            ( - -2.327e+04 3 0))
|        ( - -2.752e+02 1 0))
|    ( QUESTION0 1 -4.704e+04 2.421e+02 2.140e+02
|        ( QUESTION5 -1 -3.986e+04 1.204e+02 1.820e+02
|            ( - -1.405e+04 3 0)
|            ( - -2.570e+04 5 0))
|        ( QUESTION0 -1 -6.932e+03 1.700e+02 3.200e+01
|            ( - -6.460e+03 7 0)
|            ( - -3.017e+02 1 0))))
s>    ( QUESTION12 -1 -7.159e+04 4.106e+02 3.275e+02
s>        ( QUESTION0 1 -2.415e+04 1.609e+02 1.135e+02
s>            ( QUESTION2_14_L -1 -2.371e+04 1.324e+02 1.115e+02
s>                ( - -3.104e+02 1 0)
s>                ( - -2.327e+04 3 0))
s>            ( - -2.752e+02 1 0))
s>        ( QUESTION0 1 -4.704e+04 2.421e+02 2.140e+02
s>            ( QUESTION5 -1 -3.986e+04 1.204e+02 1.820e+02
s>                ( - -1.405e+04 3 0)
s>                ( - -2.570e+04 5 0))
s>            ( QUESTION0 -1 -6.932e+03 1.700e+02 3.200e+01
s>                ( - -6.460e+03 7 0)
s>                ( - -3.017e+02 1 0))))INFO: dtree.c(1315): Comp split 26
INFO: dtree.c(1439): stop. leaf nodes are specific
INFO: dtree.c(1478): Final simple tree
|( QUESTION2_4_L -1 -1.052e+06 6.981e+01 4.793e+03
|    ( - -1.490e+03 4 0)
|    ( QUESTION2_0_L -1 -1.050e+06 4.661e+02 4.786e+03
|        ( - -1.050e+06 30 0)
|        ( - 2.412e+02 1 0)))
s>    ( QUESTION2_4_L -1 -1.052e+06 6.981e+01 4.793e+03
s>        ( - -1.490e+03 4 0)
s>        ( QUESTION2_0_L -1 -1.050e+06 4.661e+02 4.786e+03
s>            ( - -1.050e+06 30 0)
s>            ( - 2.412e+02 1 0)))INFO: dtree.c(1315): Comp split 27
INFO: dtree.c(1439): stop. leaf nodes are specific
INFO: dtree.c(1478): Final simple tree
|( QUESTION0_13_R 1 -4.078e+04 2.764e+02 1.914e+02
|    ( WDBNDRY_E 0 -3.291e+04 1.186e+02 1.551e+02
|        ( - -3.160e+04 4 0)
|        ( - -1.191e+03 2 0))
|    ( - -7.593e+03 2 0))
s>    ( QUESTION0_13_R 1 -4.078e+04 2.764e+02 1.914e+02
s>        ( WDBNDRY_E 0 -3.291e+04 1.186e+02 1.551e+02
s>            ( - -3.160e+04 4 0)
s>            ( - -1.191e+03 2 0))
s>        ( - -7.593e+03 2 0))INFO: dtree.c(1315): Comp split 28
INFO: dtree.c(1439): stop. leaf nodes are specific
INFO: dtree.c(1478): Final simple tree
|( QUESTION0_0_R 1 -1.054e+06 1.354e+02 4.795e+03
|    ( - -1.052e+06 23 0)
|    ( - -2.117e+03 2 0))
s>    ( QUESTION0_0_R 1 -1.054e+06 1.354e+02 4.795e+03
s>        ( - -1.052e+06 23 0)
s>        ( - -2.117e+03 2 0))INFO: dtree.c(1315): Comp split 29
INFO: dtree.c(1439): stop. leaf nodes are specific
INFO: dtree.c(1478): Final simple tree
|( QUESTION2_0_L -1 -1.051e+06 6.981e+01 4.792e+03
|    ( - -1.050e+06 30 0)
|    ( - -1.490e+03 4 0))
s>    ( QUESTION2_0_L -1 -1.051e+06 6.981e+01 4.792e+03
s>        ( - -1.050e+06 30 0)
s>        ( - -1.490e+03 4 0))INFO: dtree.c(1315): Comp split 30
INFO: dtree.c(1439): stop. leaf nodes are specific
INFO: dtree.c(1478): Final simple tree
|( WDBNDRY_B 0 -3.333e+04 1.374e+02 1.525e+02
|    ( - -3.466e+02 1 0)
|    ( - -3.285e+04 7 0))
s>    ( WDBNDRY_B 0 -3.333e+04 1.374e+02 1.525e+02
s>        ( - -3.466e+02 1 0)
s>        ( - -3.285e+04 7 0))INFO: dtree.c(1315): Comp split 31
INFO: dtree.c(1315): Comp split 32
INFO: dtree.c(1439): stop. leaf nodes are specific
INFO: dtree.c(1478): Final simple tree
|( QUESTION0 -1 -2.009e+04 4.490e+02 9.333e+01
|    ( QUESTION2_0_L -1 -1.986e+04 1.119e+02 9.233e+01
|        ( - -1.941e+04 4 0)
|        ( - -3.340e+02 1 0))
|    ( - 2.174e+02 1 0))
s>    ( QUESTION0 -1 -2.009e+04 4.490e+02 9.333e+01
s>        ( QUESTION2_0_L -1 -1.986e+04 1.119e+02 9.233e+01
s>            ( - -1.941e+04 4 0)
s>            ( - -3.340e+02 1 0))
s>        ( - 2.174e+02 1 0))INFO: dtree.c(1439): stop. leaf nodes are specific
INFO: dtree.c(1478): Final simple tree
|( WDBNDRY_E 0 -3.052e+05 1.517e+02 1.390e+03
|    ( - -3.024e+05 5 0)
|    ( - -2.651e+03 3 0))
s>    ( WDBNDRY_E 0 -3.052e+05 1.517e+02 1.390e+03
s>        ( - -3.024e+05 5 0)
s>        ( - -2.651e+03 3 0))INFO: dtree.c(1315): Comp split 33
INFO: dtree.c(1439): stop. leaf nodes are specific
INFO: dtree.c(1478): Final simple tree
|( WDBNDRY_B 0 -1.061e+05 2.942e+02 5.223e+02
|    ( - -1.313e+04 5 0)
|    ( - -9.269e+04 5 0))
s>    ( WDBNDRY_B 0 -1.061e+05 2.942e+02 5.223e+02
s>        ( - -1.313e+04 5 0)
s>        ( - -9.269e+04 5 0))INFO: dtree.c(1315): Comp split 34
INFO: dtree.c(1315): Comp split 35
INFO: dtree.c(1439): stop. leaf nodes are specific
INFO: dtree.c(1478): Final simple tree
|( QUESTION2_0_L -1 -1.986e+04 1.119e+02 9.233e+01
|    ( - -1.941e+04 4 0)
|    ( - -3.340e+02 1 0))
s>    ( QUESTION2_0_L -1 -1.986e+04 1.119e+02 9.233e+01
s>        ( - -1.941e+04 4 0)
s>        ( - -3.340e+02 1 0))INFO: dtree.c(1315): Comp split 36
INFO: dtree.c(1315): Comp split 37
INFO: dtree.c(1439): stop. leaf nodes are specific
INFO: dtree.c(1478): Final simple tree
|( QUESTION2 -1 -8.215e+04 4.349e+02 3.839e+02
|    ( - 2.143e+02 1 0)
|    ( QUESTION0 -1 -8.193e+04 2.672e+02 3.829e+02
|        ( - -6.715e+03 3 0)
|        ( - -7.495e+04 6 0)))
s>    ( QUESTION2 -1 -8.215e+04 4.349e+02 3.839e+02
s>        ( - 2.143e+02 1 0)
s>        ( QUESTION0 -1 -8.193e+04 2.672e+02 3.829e+02
s>            ( - -6.715e+03 3 0)
s>            ( - -7.495e+04 6 0)))INFO: dtree.c(1315): Comp split 38
INFO: dtree.c(1439): stop. leaf nodes are specific
INFO: dtree.c(1478): Final simple tree
|( WDBNDRY_E 0 -2.989e+04 1.956e+02 1.384e+02
|    ( - -2.477e+04 8 0)
|    ( - -4.921e+03 3 0))
s>    ( WDBNDRY_E 0 -2.989e+04 1.956e+02 1.384e+02
s>        ( - -2.477e+04 8 0)
s>        ( - -4.921e+03 3 0))INFO: dtree.c(1315): Comp split 39
INFO: dtree.c(1439): stop. leaf nodes are specific
INFO: dtree.c(1478): Final simple tree
|( QUESTION0 -1 -8.193e+04 2.672e+02 3.829e+02
|    ( - -6.715e+03 3 0)
|    ( - -7.495e+04 6 0))
s>    ( QUESTION0 -1 -8.193e+04 2.672e+02 3.829e+02
s>        ( - -6.715e+03 3 0)
s>        ( - -7.495e+04 6 0))INFO: dtree.c(1315): Comp split 40
INFO: dtree.c(1439): stop. leaf nodes are specific
INFO: dtree.c(1478): Final simple tree
|( QUESTION20 -1 -3.354e+04 2.419e+02 1.516e+02
|    ( - -6.425e+03 4 0)
|    ( QUESTION2 -1 -2.688e+04 1.846e+02 1.215e+02
|        ( - -1.380e+03 1 0)
|        ( - -2.531e+04 4 0)))
s>    ( QUESTION20 -1 -3.354e+04 2.419e+02 1.516e+02
s>        ( - -6.425e+03 4 0)
s>        ( QUESTION2 -1 -2.688e+04 1.846e+02 1.215e+02
s>            ( - -1.380e+03 1 0)
s>            ( - -2.531e+04 4 0)))INFO: dtree.c(1439): stop. leaf nodes are specific
INFO: dtree.c(1478): Final simple tree
|( QUESTION0 1 -7.323e+04 3.530e+02 3.323e+02
|    ( QUESTION2 -1 -6.227e+04 2.273e+02 2.830e+02
|        ( QUESTION5 -1 -5.315e+04 1.552e+02 2.410e+02
|            ( - -2.800e+02 1 0)
|            ( - -5.271e+04 5 0))
|        ( QUESTION17 -1 -8.900e+03 1.292e+02 4.200e+01
|            ( - -1.408e+03 3 0)
|            ( - -7.363e+03 4 0)))
|    ( - -1.060e+04 1 0))
s>    ( QUESTION0 1 -7.323e+04 3.530e+02 3.323e+02
s>        ( QUESTION2 -1 -6.227e+04 2.273e+02 2.830e+02
s>            ( QUESTION5 -1 -5.315e+04 1.552e+02 2.410e+02
s>                ( - -2.800e+02 1 0)
s>                ( - -5.271e+04 5 0))
s>            ( QUESTION17 -1 -8.900e+03 1.292e+02 4.200e+01
s>                ( - -1.408e+03 3 0)
s>                ( - -7.363e+03 4 0)))
s>        ( - -1.060e+04 1 0))INFO: dtree.c(1315): Comp split 41
INFO: dtree.c(1439): stop. leaf nodes are specific
INFO: dtree.c(1478): Final simple tree
|( QUESTION0 1 -4.790e+04 2.520e+02 2.180e+02
|    ( QUESTION12 -1 -4.030e+04 1.289e+02 1.840e+02
|        ( - -3.104e+02 1 0)
|        ( QUESTION5 -1 -3.986e+04 1.204e+02 1.820e+02
|            ( - -1.405e+04 3 0)
|            ( - -2.570e+04 5 0)))
|    ( QUESTION13 -1 -7.345e+03 1.671e+02 3.400e+01
|        ( - -3.017e+02 1 0)
|        ( QUESTION0 -1 -6.876e+03 1.406e+02 3.200e+01
|            ( - -6.460e+03 7 0)
|            ( - -2.752e+02 1 0))))
s>    ( QUESTION0 1 -4.790e+04 2.520e+02 2.180e+02
s>        ( QUESTION12 -1 -4.030e+04 1.289e+02 1.840e+02
s>            ( - -3.104e+02 1 0)
s>            ( QUESTION5 -1 -3.986e+04 1.204e+02 1.820e+02
s>                ( - -1.405e+04 3 0)
s>                ( - -2.570e+04 5 0)))
s>        ( QUESTION13 -1 -7.345e+03 1.671e+02 3.400e+01
s>            ( - -3.017e+02 1 0)
s>            ( QUESTION0 -1 -6.876e+03 1.406e+02 3.200e+01
s>                ( - -6.460e+03 7 0)
s>                ( - -2.752e+02 1 0))))INFO: dtree.c(1315): Comp split 42
INFO: dtree.c(1439): stop. leaf nodes are specific
INFO: dtree.c(1478): Final simple tree
|( QUESTION2 -1 -6.029e+04 2.196e+02 2.740e+02
|    ( - -5.271e+04 5 0)
|    ( - -7.363e+03 4 0))
s>    ( QUESTION2 -1 -6.029e+04 2.196e+02 2.740e+02
s>        ( - -5.271e+04 5 0)
s>        ( - -7.363e+03 4 0))INFO: dtree.c(1439): stop. leaf nodes are specific
INFO: dtree.c(1478): Final simple tree
|( QUESTION5 -1 -1.257e+04 1.529e+02 5.835e+01
|    ( - -2.800e+02 1 0)
|    ( QUESTION0 1 -1.214e+04 1.302e+02 5.635e+01
|        ( - -1.408e+03 3 0)
|        ( - -1.060e+04 1 0)))
s>    ( QUESTION5 -1 -1.257e+04 1.529e+02 5.835e+01
s>        ( - -2.800e+02 1 0)
s>        ( QUESTION0 1 -1.214e+04 1.302e+02 5.635e+01
s>            ( - -1.408e+03 3 0)
s>            ( - -1.060e+04 1 0)))INFO: dtree.c(1315): Comp split 43
INFO: dtree.c(1315): Comp split 44
INFO: dtree.c(1439): stop. leaf nodes are specific
INFO: dtree.c(1478): Final simple tree
|( QUESTION19 -1 -6.496e+04 2.643e+02 2.936e+02
|    ( - -3.205e+04 6 0)
|    ( - -3.265e+04 10 0))
s>    ( QUESTION19 -1 -6.496e+04 2.643e+02 2.936e+02
s>        ( - -3.205e+04 6 0)
s>        ( - -3.265e+04 10 0))INFO: dtree.c(1315): Comp split 45
INFO: dtree.c(1315): Comp split 46
INFO: dtree.c(1315): Comp split 47
INFO: dtree.c(1439): stop. leaf nodes are specific
INFO: dtree.c(1478): Final simple tree
|( WDBNDRY_E 0 -3.291e+04 1.186e+02 1.551e+02
|    ( - -3.160e+04 4 0)
|    ( - -1.191e+03 2 0))
s>    ( WDBNDRY_E 0 -3.291e+04 1.186e+02 1.551e+02
s>        ( - -3.160e+04 4 0)
s>        ( - -1.191e+03 2 0))INFO: dtree.c(1315): Comp split 48
INFO: dtree.c(1315): Comp split 49
INFO: dtree.c(1315): Comp split 50
INFO: dtree.c(1439): stop. leaf nodes are specific
INFO: dtree.c(1478): Final simple tree
|( QUESTION5 -1 -3.986e+04 1.204e+02 1.820e+02
|    ( - -1.405e+04 3 0)
|    ( - -2.570e+04 5 0))
s>    ( QUESTION5 -1 -3.986e+04 1.204e+02 1.820e+02
s>        ( - -1.405e+04 3 0)
s>        ( - -2.570e+04 5 0))INFO: dtree.c(1439): stop. leaf nodes are specific
INFO: dtree.c(1478): Final simple tree
|( QUESTION13 -1 -7.782e+03 1.657e+02 3.600e+01
|    ( - -3.017e+02 1 0)
|    ( QUESTION0 1 -7.315e+03 1.284e+02 3.400e+01
|        ( - -3.104e+02 1 0)
|        ( QUESTION0 -1 -6.876e+03 1.406e+02 3.200e+01
|            ( - -6.460e+03 7 0)
|            ( - -2.752e+02 1 0))))
s>    ( QUESTION13 -1 -7.782e+03 1.657e+02 3.600e+01
s>        ( - -3.017e+02 1 0)
s>        ( QUESTION0 1 -7.315e+03 1.284e+02 3.400e+01
s>            ( - -3.104e+02 1 0)
s>            ( QUESTION0 -1 -6.876e+03 1.406e+02 3.200e+01
s>                ( - -6.460e+03 7 0)
s>                ( - -2.752e+02 1 0))))INFO: dtree.c(1315): Comp split 51
INFO: dtree.c(1439): stop. leaf nodes are specific
INFO: dtree.c(1478): Final simple tree
|( QUESTION2 -1 -2.688e+04 1.846e+02 1.215e+02
|    ( - -1.380e+03 1 0)
|    ( - -2.531e+04 4 0))
s>    ( QUESTION2 -1 -2.688e+04 1.846e+02 1.215e+02
s>        ( - -1.380e+03 1 0)
s>        ( - -2.531e+04 4 0))INFO: dtree.c(1315): Comp split 52
INFO: dtree.c(1315): Comp split 53
INFO: dtree.c(1315): Comp split 54
INFO: dtree.c(1315): Comp split 55
INFO: dtree.c(1315): Comp split 56
INFO: dtree.c(1315): Comp split 57
INFO: dtree.c(1439): stop. leaf nodes are specific
INFO: dtree.c(1478): Final simple tree
|( QUESTION0 1 -7.315e+03 1.284e+02 3.400e+01
|    ( - -3.104e+02 1 0)
|    ( QUESTION0 -1 -6.876e+03 1.406e+02 3.200e+01
|        ( - -6.460e+03 7 0)
|        ( - -2.752e+02 1 0)))
s>    ( QUESTION0 1 -7.315e+03 1.284e+02 3.400e+01
s>        ( - -3.104e+02 1 0)
s>        ( QUESTION0 -1 -6.876e+03 1.406e+02 3.200e+01
s>            ( - -6.460e+03 7 0)
s>            ( - -2.752e+02 1 0)))INFO: dtree.c(1315): Comp split 58
INFO: dtree.c(1315): Comp split 59
INFO: dtree.c(1439): stop. leaf nodes are specific
INFO: dtree.c(1478): Final simple tree
|( QUESTION0 1 -1.214e+04 1.302e+02 5.635e+01
|    ( - -1.408e+03 3 0)
|    ( - -1.060e+04 1 0))
s>    ( QUESTION0 1 -1.214e+04 1.302e+02 5.635e+01
s>        ( - -1.408e+03 3 0)
s>        ( - -1.060e+04 1 0))INFO: dtree.c(1315): Comp split 60
INFO: dtree.c(1315): Comp split 61
INFO: dtree.c(1315): Comp split 62
INFO: dtree.c(1439): stop. leaf nodes are specific
INFO: dtree.c(1478): Final simple tree
|( QUESTION0 -1 -6.901e+03 1.302e+02 3.200e+01
|    ( - -6.460e+03 7 0)
|    ( - -3.104e+02 1 0))
s>    ( QUESTION0 -1 -6.901e+03 1.302e+02 3.200e+01
s>        ( - -6.460e+03 7 0)
s>        ( - -3.104e+02 1 0))INFO: dtree.c(1315): Comp split 63
INFO: dtree.c(1315): Comp split 64
INFO: dtree.c(1315): Comp split 65
INFO: dtree.c(1315): Comp split 66
INFO: dtree.c(1315): Comp split 67
INFO: dtree.c(1315): Comp split 68
INFO: dtree.c(1315): Comp split 69
INFO: dtree.c(1315): Comp split 70
INFO: dtree.c(1315): Comp split 71
INFO: dtree.c(1318): stop. leaf nodes are specific
Tue Mar 28 15:08:00 2023
