Current configuration:
[NAME]		[DEFLT]	[VALUE]
-allphones	no	no
-cntthresh	0.00001	1.000000e-05
-csplitmax	100	2000
-csplitmin	1	1
-csplitthr	8e-4	0.000000e+00
-example	no	no
-fullvar	no	no
-help		no	no
-meanfn			/home/lucija/Documents/Zadnji semestar/ROGJ/Prezentacije/CMUspinx/tutorial11/model_parameters/my_db.cd_cont_untied/means
-mixwfn			/home/lucija/Documents/Zadnji semestar/ROGJ/Prezentacije/CMUspinx/tutorial11/model_parameters/my_db.cd_cont_untied/mixture_weights
-moddeffn		/home/lucija/Documents/Zadnji semestar/ROGJ/Prezentacije/CMUspinx/tutorial11/model_architecture/my_db.untied.mdef
-mwfloor	1e-4	1.000000e-08
-phone			
-psetfn			/home/lucija/Documents/Zadnji semestar/ROGJ/Prezentacije/CMUspinx/tutorial11/model_architecture/my_db.tree_questions
-ssplitmax	5	7
-ssplitmin	1	1
-ssplitthr	8e-4	0.000000e+00
-state			1
-stwt			1.0,0.05,0.0,
-treefn			/home/lucija/Documents/Zadnji semestar/ROGJ/Prezentacije/CMUspinx/tutorial11/trees/my_db.unpruned/-1.dtree
-ts2cbfn	.semi.	.cont.
-varfloor	0.00001	1.000000e-05
-varfn			/home/lucija/Documents/Zadnji semestar/ROGJ/Prezentacije/CMUspinx/tutorial11/model_parameters/my_db.cd_cont_untied/variances

INFO: main.c(223): Reading: /home/lucija/Documents/Zadnji semestar/ROGJ/Prezentacije/CMUspinx/tutorial11/model_architecture/my_db.untied.mdef
INFO: model_def_io.c(573): Model definition info:
INFO: model_def_io.c(574): 10613 total models defined (32 base, 10581 tri)
INFO: model_def_io.c(575): 42452 total states
INFO: model_def_io.c(576): 31839 total tied states
INFO: model_def_io.c(577): 96 total tied CI states
INFO: model_def_io.c(578): 32 total tied transition matrices
INFO: model_def_io.c(579): 4 max state/model
INFO: model_def_io.c(580): 4 min state/model
INFO: main.c(242): Building trees for [ a a i] through [ u m i]
INFO: main.c(268): Covering states |[30993 31067]| == 75
INFO: main.c(275): Reading: /home/lucija/Documents/Zadnji semestar/ROGJ/Prezentacije/CMUspinx/tutorial11/model_parameters/my_db.cd_cont_untied/mixture_weights
INFO: s3mixw_io.c(172): Read /home/lucija/Documents/Zadnji semestar/ROGJ/Prezentacije/CMUspinx/tutorial11/model_parameters/my_db.cd_cont_untied/mixture_weights [75x1x1 array]
INFO: main.c(311): 25 of 25 models have observation count greater than 0.000010
INFO: main.c(95): nrm stwt: 0.045 0.909 0.045 
INFO: s3gau_io.c(168): Read /home/lucija/Documents/Zadnji semestar/ROGJ/Prezentacije/CMUspinx/tutorial11/model_parameters/my_db.cd_cont_untied/means [31839x1x1 array]
INFO: s3gau_io.c(168): Read /home/lucija/Documents/Zadnji semestar/ROGJ/Prezentacije/CMUspinx/tutorial11/model_parameters/my_db.cd_cont_untied/variances [31839x1x1 array]
INFO: main.c(549): Reading: /home/lucija/Documents/Zadnji semestar/ROGJ/Prezentacije/CMUspinx/tutorial11/model_architecture/my_db.tree_questions
INFO: main.c(587): 180 total simple questions (172 phone; 8 word bndry)
INFO: main.c(589): 42 Left Only questions, and 42 Right Only questions
INFO: dtree.c(1439): stop. leaf nodes are specific
INFO: dtree.c(1478): Final simple tree
|( QUESTION0 -1 -2.913e+05 3.838e+02 1.339e+03
|    ( QUESTION0_0_R 1 -2.790e+05 2.850e+02 1.280e+03
|        ( WDBNDRY_B 0 -2.757e+05 9.975e+01 1.265e+03
|            ( - -1.689e+03 2 0)
|            ( - -2.740e+05 14 0))
|        ( - -2.955e+03 1 0))
|    ( WDBNDRY_B 0 -1.191e+04 1.905e+02 5.824e+01
|        ( - -1.072e+03 1 0)
|        ( - -1.064e+04 7 0)))
s>    ( QUESTION0 -1 -2.913e+05 3.838e+02 1.339e+03
s>        ( QUESTION0_0_R 1 -2.790e+05 2.850e+02 1.280e+03
s>            ( WDBNDRY_B 0 -2.757e+05 9.975e+01 1.265e+03
s>                ( - -1.689e+03 2 0)
s>                ( - -2.740e+05 14 0))
s>            ( - -2.955e+03 1 0))
s>        ( WDBNDRY_B 0 -1.191e+04 1.905e+02 5.824e+01
s>            ( - -1.072e+03 1 0)
s>            ( - -1.064e+04 7 0)))INFO: dtree.c(1315): Comp split 0
INFO: dtree.c(1439): stop. leaf nodes are specific
INFO: dtree.c(1478): Final simple tree
|( WDBNDRY_B 0 -2.757e+05 9.975e+01 1.265e+03
|    ( - -1.689e+03 2 0)
|    ( - -2.740e+05 14 0))
s>    ( WDBNDRY_B 0 -2.757e+05 9.975e+01 1.265e+03
s>        ( - -1.689e+03 2 0)
s>        ( - -2.740e+05 14 0))INFO: dtree.c(1439): stop. leaf nodes are specific
INFO: dtree.c(1478): Final simple tree
|( QUESTION0_0_R 1 -1.507e+04 2.065e+02 7.324e+01
|    ( WDBNDRY_B 0 -1.191e+04 1.905e+02 5.824e+01
|        ( - -1.072e+03 1 0)
|        ( - -1.064e+04 7 0))
|    ( - -2.955e+03 1 0))
s>    ( QUESTION0_0_R 1 -1.507e+04 2.065e+02 7.324e+01
s>        ( WDBNDRY_B 0 -1.191e+04 1.905e+02 5.824e+01
s>            ( - -1.072e+03 1 0)
s>            ( - -1.064e+04 7 0))
s>        ( - -2.955e+03 1 0))INFO: dtree.c(1315): Comp split 1
INFO: dtree.c(1439): stop. leaf nodes are specific
INFO: dtree.c(1478): Final simple tree
|( WDBNDRY_B 0 -4.214e+03 1.865e+02 2.100e+01
|    ( - -1.072e+03 1 0)
|    ( - -2.955e+03 1 0))
s>    ( WDBNDRY_B 0 -4.214e+03 1.865e+02 2.100e+01
s>        ( - -1.072e+03 1 0)
s>        ( - -2.955e+03 1 0))INFO: dtree.c(1315): Comp split 2
INFO: dtree.c(1315): Comp split 3
INFO: dtree.c(1315): Comp split 4
INFO: dtree.c(1318): stop. leaf nodes are specific
Fri Mar 31 15:49:25 2023
