Current configuration:
[NAME]		[DEFLT]	[VALUE]
-allphones	no	no
-cntthresh	0.00001	1.000000e-05
-csplitmax	100	2000
-csplitmin	1	1
-csplitthr	8e-4	0.000000e+00
-example	no	no
-fullvar	no	no
-help		no	no
-meanfn			/home/lucija/Documents/Zadnji semestar/ROGJ/Prezentacije/CMUspinx/tutorial11/model_parameters/my_db.cd_cont_untied/means
-mixwfn			/home/lucija/Documents/Zadnji semestar/ROGJ/Prezentacije/CMUspinx/tutorial11/model_parameters/my_db.cd_cont_untied/mixture_weights
-moddeffn		/home/lucija/Documents/Zadnji semestar/ROGJ/Prezentacije/CMUspinx/tutorial11/model_architecture/my_db.untied.mdef
-mwfloor	1e-4	1.000000e-08
-phone			nj
-psetfn			/home/lucija/Documents/Zadnji semestar/ROGJ/Prezentacije/CMUspinx/tutorial11/model_architecture/my_db.tree_questions
-ssplitmax	5	7
-ssplitmin	1	1
-ssplitthr	8e-4	0.000000e+00
-state			2
-stwt			1.0,0.05,0.0,
-treefn			/home/lucija/Documents/Zadnji semestar/ROGJ/Prezentacije/CMUspinx/tutorial11/trees/my_db.unpruned/nj-2.dtree
-ts2cbfn	.semi.	.cont.
-varfloor	0.00001	1.000000e-05
-varfn			/home/lucija/Documents/Zadnji semestar/ROGJ/Prezentacije/CMUspinx/tutorial11/model_parameters/my_db.cd_cont_untied/variances

INFO: main.c(223): Reading: /home/lucija/Documents/Zadnji semestar/ROGJ/Prezentacije/CMUspinx/tutorial11/model_architecture/my_db.untied.mdef
INFO: model_def_io.c(573): Model definition info:
INFO: model_def_io.c(574): 10613 total models defined (32 base, 10581 tri)
INFO: model_def_io.c(575): 42452 total states
INFO: model_def_io.c(576): 31839 total tied states
INFO: model_def_io.c(577): 96 total tied CI states
INFO: model_def_io.c(578): 32 total tied transition matrices
INFO: model_def_io.c(579): 4 max state/model
INFO: model_def_io.c(580): 4 min state/model
INFO: main.c(242): Building trees for [nj NOISE e b] through [nj ž u i]
INFO: main.c(268): Covering states |[18258 18548]| == 291
INFO: main.c(275): Reading: /home/lucija/Documents/Zadnji semestar/ROGJ/Prezentacije/CMUspinx/tutorial11/model_parameters/my_db.cd_cont_untied/mixture_weights
INFO: s3mixw_io.c(172): Read /home/lucija/Documents/Zadnji semestar/ROGJ/Prezentacije/CMUspinx/tutorial11/model_parameters/my_db.cd_cont_untied/mixture_weights [291x1x1 array]
INFO: main.c(311): 97 of 97 models have observation count greater than 0.000010
INFO: main.c(95): nrm stwt: 0.000 0.048 0.952 
INFO: s3gau_io.c(168): Read /home/lucija/Documents/Zadnji semestar/ROGJ/Prezentacije/CMUspinx/tutorial11/model_parameters/my_db.cd_cont_untied/means [31839x1x1 array]
INFO: s3gau_io.c(168): Read /home/lucija/Documents/Zadnji semestar/ROGJ/Prezentacije/CMUspinx/tutorial11/model_parameters/my_db.cd_cont_untied/variances [31839x1x1 array]
INFO: main.c(549): Reading: /home/lucija/Documents/Zadnji semestar/ROGJ/Prezentacije/CMUspinx/tutorial11/model_architecture/my_db.tree_questions
INFO: main.c(587): 180 total simple questions (172 phone; 8 word bndry)
INFO: main.c(589): 42 Left Only questions, and 42 Right Only questions
INFO: dtree.c(1478): Final simple tree
|( QUESTION6 -1 -1.779e+06 7.809e+03 8.246e+03
|    ( - -1.568e+05 9 0)
|    ( QUESTION1 -1 -1.615e+06 5.564e+03 7.531e+03
|        ( QUESTION19 -1 -8.004e+05 3.225e+03 3.779e+03
|            ( - -3.012e+05 7 0 QUESTION2_17_L -1 2.755e+02 1.439e+03)
|            ( QUESTION15 -1 -4.959e+05 2.276e+03 2.340e+03
|                ( - -3.234e+05 9 0 QUESTION17 -1 6.541e+02 1.524e+03)
|                ( - -1.702e+05 23 0 QUESTION5 -1 6.221e+02 8.157e+02)))
|        ( QUESTION0_0_R 1 -8.087e+05 2.690e+03 3.751e+03
|            ( WDBNDRY_B 0 -7.666e+05 6.971e+02 3.573e+03
|                ( - -3.718e+04 14 0 SILENCE -1 3.552e+02 1.727e+02)
|                ( - -7.287e+05 24 0 WDBNDRY_E 0 3.262e+02 3.401e+03))
|            ( WDBNDRY_E 0 -3.943e+04 6.902e+02 1.780e+02
|                ( - -1.890e+04 8 0 QUESTION0_15_R 1 4.462e+02 8.787e+01)
|                ( - -1.985e+04 3 0 QUESTION0_2_R 1 5.992e+02 9.010e+01)))))
s>    ( QUESTION6 -1 -1.779e+06 7.809e+03 8.246e+03
s>        ( - -1.568e+05 9 0)
s>        ( QUESTION1 -1 -1.615e+06 5.564e+03 7.531e+03
s>            ( QUESTION19 -1 -8.004e+05 3.225e+03 3.779e+03
s>                ( - -3.012e+05 7 0 QUESTION2_17_L -1 2.755e+02 1.439e+03)
s>                ( QUESTION15 -1 -4.959e+05 2.276e+03 2.340e+03
s>                    ( - -3.234e+05 9 0 QUESTION17 -1 6.541e+02 1.524e+03)
s>                    ( - -1.702e+05 23 0 QUESTION5 -1 6.221e+02 8.157e+02)))
s>            ( QUESTION0_0_R 1 -8.087e+05 2.690e+03 3.751e+03
s>                ( WDBNDRY_B 0 -7.666e+05 6.971e+02 3.573e+03
s>                    ( - -3.718e+04 14 0 SILENCE -1 3.552e+02 1.727e+02)
s>                    ( - -7.287e+05 24 0 WDBNDRY_E 0 3.262e+02 3.401e+03))
s>                ( WDBNDRY_E 0 -3.943e+04 6.902e+02 1.780e+02
s>                    ( - -1.890e+04 8 0 QUESTION0_15_R 1 4.462e+02 8.787e+01)
s>                    ( - -1.985e+04 3 0 QUESTION0_2_R 1 5.992e+02 9.010e+01)))))INFO: dtree.c(1315): Comp split 0
INFO: dtree.c(1478): Final simple tree
|( QUESTION1 -1 -1.572e+06 4.835e+03 7.353e+03
|    ( QUESTION19 -1 -8.004e+05 3.225e+03 3.779e+03
|        ( - -3.012e+05 7 0 QUESTION2_17_L -1 2.755e+02 1.439e+03)
|        ( QUESTION15 -1 -4.959e+05 2.276e+03 2.340e+03
|            ( QUESTION17 -1 -3.234e+05 6.541e+02 1.524e+03
|                ( - -7.484e+03 2 0)
|                ( - -3.153e+05 7 0 QUESTION16 -1 2.562e+02 1.486e+03))
|            ( QUESTION5 -1 -1.702e+05 6.221e+02 8.157e+02
|                ( - -5.335e+04 2 0)
|                ( - -1.162e+05 21 0 QUESTION2_15_L -1 3.416e+02 5.543e+02))))
|    ( WDBNDRY_B 0 -7.666e+05 6.971e+02 3.573e+03
|        ( SILENCE -1 -3.718e+04 3.552e+02 1.727e+02
|            ( - -5.974e+03 1 0)
|            ( - -3.085e+04 13 0))
|        ( - -7.287e+05 24 0 WDBNDRY_E 0 3.262e+02 3.401e+03)))
s>    ( QUESTION1 -1 -1.572e+06 4.835e+03 7.353e+03
s>        ( QUESTION19 -1 -8.004e+05 3.225e+03 3.779e+03
s>            ( - -3.012e+05 7 0 QUESTION2_17_L -1 2.755e+02 1.439e+03)
s>            ( QUESTION15 -1 -4.959e+05 2.276e+03 2.340e+03
s>                ( QUESTION17 -1 -3.234e+05 6.541e+02 1.524e+03
s>                    ( - -7.484e+03 2 0)
s>                    ( - -3.153e+05 7 0 QUESTION16 -1 2.562e+02 1.486e+03))
s>                ( QUESTION5 -1 -1.702e+05 6.221e+02 8.157e+02
s>                    ( - -5.335e+04 2 0)
s>                    ( - -1.162e+05 21 0 QUESTION2_15_L -1 3.416e+02 5.543e+02))))
s>        ( WDBNDRY_B 0 -7.666e+05 6.971e+02 3.573e+03
s>            ( SILENCE -1 -3.718e+04 3.552e+02 1.727e+02
s>                ( - -5.974e+03 1 0)
s>                ( - -3.085e+04 13 0))
s>            ( - -7.287e+05 24 0 WDBNDRY_E 0 3.262e+02 3.401e+03)))INFO: dtree.c(1478): Final simple tree
|( QUESTION0_0_R 1 -1.986e+05 2.290e+03 8.929e+02
|    ( - -1.568e+05 9 0)
|    ( WDBNDRY_E 0 -3.943e+04 6.902e+02 1.780e+02
|        ( QUESTION0_15_R 1 -1.890e+04 4.462e+02 8.787e+01
|            ( - 2.188e+02 1 0)
|            ( QUESTION0_11_R 1 -1.867e+04 2.236e+02 8.687e+01
|                ( - -6.645e+03 1 0)
|                ( QUESTION0_2_R 1 -1.180e+04 1.567e+02 5.622e+01
|                    ( - -2.978e+02 1 0)
|                    ( QUESTION0_10_R 1 -1.134e+04 1.412e+02 5.422e+01
|                        ( - -4.898e+02 2 0)
|                        ( - -1.071e+04 3 0 SILENCE 1 1.065e+02 5.122e+01)))))
|        ( QUESTION0_2_R 1 -1.985e+04 5.992e+02 9.010e+01
|            ( - -5.881e+03 2 0)
|            ( - -1.336e+04 1 0))))
s>    ( QUESTION0_0_R 1 -1.986e+05 2.290e+03 8.929e+02
s>        ( - -1.568e+05 9 0)
s>        ( WDBNDRY_E 0 -3.943e+04 6.902e+02 1.780e+02
s>            ( QUESTION0_15_R 1 -1.890e+04 4.462e+02 8.787e+01
s>                ( - 2.188e+02 1 0)
s>                ( QUESTION0_11_R 1 -1.867e+04 2.236e+02 8.687e+01
s>                    ( - -6.645e+03 1 0)
s>                    ( QUESTION0_2_R 1 -1.180e+04 1.567e+02 5.622e+01
s>                        ( - -2.978e+02 1 0)
s>                        ( QUESTION0_10_R 1 -1.134e+04 1.412e+02 5.422e+01
s>                            ( - -4.898e+02 2 0)
s>                            ( - -1.071e+04 3 0 SILENCE 1 1.065e+02 5.122e+01)))))
s>            ( QUESTION0_2_R 1 -1.985e+04 5.992e+02 9.010e+01
s>                ( - -5.881e+03 2 0)
s>                ( - -1.336e+04 1 0))))INFO: dtree.c(1315): Comp split 1
INFO: dtree.c(1439): stop. leaf nodes are specific
INFO: dtree.c(1478): Final simple tree
|( WDBNDRY_B 0 -7.746e+05 6.948e+02 3.612e+03
|    ( SILENCE -1 -3.718e+04 3.552e+02 1.727e+02
|        ( - -5.974e+03 1 0)
|        ( - -3.085e+04 13 0))
|    ( QUESTION0 -1 -7.367e+05 5.278e+02 3.439e+03
|        ( WDBNDRY_E 0 -7.287e+05 3.262e+02 3.401e+03
|            ( - -4.711e+03 3 0)
|            ( QUESTION2_0_L -1 -7.237e+05 1.218e+02 3.378e+03
|                ( - -7.205e+05 19 0)
|                ( - -3.022e+03 2 0)))
|        ( - -7.484e+03 2 0)))
s>    ( WDBNDRY_B 0 -7.746e+05 6.948e+02 3.612e+03
s>        ( SILENCE -1 -3.718e+04 3.552e+02 1.727e+02
s>            ( - -5.974e+03 1 0)
s>            ( - -3.085e+04 13 0))
s>        ( QUESTION0 -1 -7.367e+05 5.278e+02 3.439e+03
s>            ( WDBNDRY_E 0 -7.287e+05 3.262e+02 3.401e+03
s>                ( - -4.711e+03 3 0)
s>                ( QUESTION2_0_L -1 -7.237e+05 1.218e+02 3.378e+03
s>                    ( - -7.205e+05 19 0)
s>                    ( - -3.022e+03 2 0)))
s>            ( - -7.484e+03 2 0)))INFO: dtree.c(1478): Final simple tree
|( QUESTION19 -1 -7.924e+05 3.245e+03 3.741e+03
|    ( QUESTION2_17_L -1 -3.012e+05 2.755e+02 1.439e+03
|        ( - -2.931e+05 4 0)
|        ( - -7.878e+03 3 0))
|    ( QUESTION15 -1 -4.879e+05 2.384e+03 2.302e+03
|        ( QUESTION16 -1 -3.153e+05 2.562e+02 1.486e+03
|            ( - -3.142e+05 6 0 WDBNDRY_B 0 1.576e+02 1.481e+03)
|            ( - -8.464e+02 1 0))
|        ( QUESTION5 -1 -1.702e+05 6.221e+02 8.157e+02
|            ( - -5.335e+04 2 0)
|            ( QUESTION2_15_L -1 -1.162e+05 3.416e+02 5.543e+02
|                ( - -6.858e+03 2 0 WDBNDRY_B 0 1.809e+02 3.309e+01)
|                ( WDBNDRY_B 0 -1.090e+05 2.892e+02 5.212e+02
|                    ( - -3.733e+03 7 0 QUESTION2 -1 1.329e+02 1.779e+01)
|                    ( - -1.050e+05 12 0 QUESTION2 -1 1.416e+02 5.035e+02))))))
s>    ( QUESTION19 -1 -7.924e+05 3.245e+03 3.741e+03
s>        ( QUESTION2_17_L -1 -3.012e+05 2.755e+02 1.439e+03
s>            ( - -2.931e+05 4 0)
s>            ( - -7.878e+03 3 0))
s>        ( QUESTION15 -1 -4.879e+05 2.384e+03 2.302e+03
s>            ( QUESTION16 -1 -3.153e+05 2.562e+02 1.486e+03
s>                ( - -3.142e+05 6 0 WDBNDRY_B 0 1.576e+02 1.481e+03)
s>                ( - -8.464e+02 1 0))
s>            ( QUESTION5 -1 -1.702e+05 6.221e+02 8.157e+02
s>                ( - -5.335e+04 2 0)
s>                ( QUESTION2_15_L -1 -1.162e+05 3.416e+02 5.543e+02
s>                    ( - -6.858e+03 2 0 WDBNDRY_B 0 1.809e+02 3.309e+01)
s>                    ( WDBNDRY_B 0 -1.090e+05 2.892e+02 5.212e+02
s>                        ( - -3.733e+03 7 0 QUESTION2 -1 1.329e+02 1.779e+01)
s>                        ( - -1.050e+05 12 0 QUESTION2 -1 1.416e+02 5.035e+02))))))INFO: dtree.c(1315): Comp split 2
INFO: dtree.c(1478): Final simple tree
|( QUESTION15 -1 -4.960e+05 2.377e+03 2.340e+03
|    ( QUESTION16 -1 -3.234e+05 2.593e+02 1.524e+03
|        ( - -3.142e+05 6 0 WDBNDRY_B 0 1.576e+02 1.481e+03)
|        ( QUESTION19 -1 -8.966e+03 2.424e+02 4.320e+01
|            ( - -7.878e+03 3 0)
|            ( - -8.464e+02 1 0)))
|    ( QUESTION5 -1 -1.702e+05 6.221e+02 8.157e+02
|        ( - -5.335e+04 2 0)
|        ( QUESTION2_15_L -1 -1.162e+05 3.416e+02 5.543e+02
|            ( WDBNDRY_B 0 -6.858e+03 1.809e+02 3.309e+01
|                ( - -4.115e+02 1 0)
|                ( - -6.265e+03 1 0))
|            ( WDBNDRY_B 0 -1.090e+05 2.892e+02 5.212e+02
|                ( - -3.733e+03 7 0 QUESTION2 -1 1.329e+02 1.779e+01)
|                ( - -1.050e+05 12 0 QUESTION2 -1 1.416e+02 5.035e+02)))))
s>    ( QUESTION15 -1 -4.960e+05 2.377e+03 2.340e+03
s>        ( QUESTION16 -1 -3.234e+05 2.593e+02 1.524e+03
s>            ( - -3.142e+05 6 0 WDBNDRY_B 0 1.576e+02 1.481e+03)
s>            ( QUESTION19 -1 -8.966e+03 2.424e+02 4.320e+01
s>                ( - -7.878e+03 3 0)
s>                ( - -8.464e+02 1 0)))
s>        ( QUESTION5 -1 -1.702e+05 6.221e+02 8.157e+02
s>            ( - -5.335e+04 2 0)
s>            ( QUESTION2_15_L -1 -1.162e+05 3.416e+02 5.543e+02
s>                ( WDBNDRY_B 0 -6.858e+03 1.809e+02 3.309e+01
s>                    ( - -4.115e+02 1 0)
s>                    ( - -6.265e+03 1 0))
s>                ( WDBNDRY_B 0 -1.090e+05 2.892e+02 5.212e+02
s>                    ( - -3.733e+03 7 0 QUESTION2 -1 1.329e+02 1.779e+01)
s>                    ( - -1.050e+05 12 0 QUESTION2 -1 1.416e+02 5.035e+02)))))INFO: dtree.c(1315): Comp split 3
INFO: dtree.c(1439): stop. leaf nodes are specific
INFO: dtree.c(1478): Final simple tree
|( QUESTION16 -1 -3.339e+05 4.916e+02 1.572e+03
|    ( WDBNDRY_B 0 -3.142e+05 1.576e+02 1.481e+03
|        ( - -3.237e+02 1 0)
|        ( - -3.137e+05 5 0))
|    ( QUESTION20 -1 -1.924e+04 2.113e+02 9.108e+01
|        ( - -8.464e+02 1 0)
|        ( QUESTION15 -1 -1.818e+04 1.786e+02 8.608e+01
|            ( - -7.878e+03 3 0)
|            ( QUESTION3 -1 -1.012e+04 1.362e+02 4.788e+01
|                ( - -3.255e+02 2 0)
|                ( WDBNDRY_B 0 -9.659e+03 1.191e+02 4.588e+01
|                    ( - -3.275e+03 5 0)
|                    ( - -6.265e+03 1 0))))))
s>    ( QUESTION16 -1 -3.339e+05 4.916e+02 1.572e+03
s>        ( WDBNDRY_B 0 -3.142e+05 1.576e+02 1.481e+03
s>            ( - -3.237e+02 1 0)
s>            ( - -3.137e+05 5 0))
s>        ( QUESTION20 -1 -1.924e+04 2.113e+02 9.108e+01
s>            ( - -8.464e+02 1 0)
s>            ( QUESTION15 -1 -1.818e+04 1.786e+02 8.608e+01
s>                ( - -7.878e+03 3 0)
s>                ( QUESTION3 -1 -1.012e+04 1.362e+02 4.788e+01
s>                    ( - -3.255e+02 2 0)
s>                    ( WDBNDRY_B 0 -9.659e+03 1.191e+02 4.588e+01
s>                        ( - -3.275e+03 5 0)
s>                        ( - -6.265e+03 1 0))))))INFO: dtree.c(1439): stop. leaf nodes are specific
INFO: dtree.c(1478): Final simple tree
|( QUESTION2 -1 -1.595e+05 6.123e+02 7.678e+02
|    ( WDBNDRY_B 0 -5.434e+04 1.764e+02 2.664e+02
|        ( - -4.115e+02 1 0)
|        ( QUESTION5 -1 -5.375e+04 1.379e+02 2.634e+02
|            ( - -5.335e+04 2 0)
|            ( - -2.672e+02 1 0)))
|    ( - -1.046e+05 11 0))
s>    ( QUESTION2 -1 -1.595e+05 6.123e+02 7.678e+02
s>        ( WDBNDRY_B 0 -5.434e+04 1.764e+02 2.664e+02
s>            ( - -4.115e+02 1 0)
s>            ( QUESTION5 -1 -5.375e+04 1.379e+02 2.634e+02
s>                ( - -5.335e+04 2 0)
s>                ( - -2.672e+02 1 0)))
s>        ( - -1.046e+05 11 0))INFO: dtree.c(1315): Comp split 4
INFO: dtree.c(1478): Final simple tree
|( WDBNDRY_E 0 -3.943e+04 6.902e+02 1.780e+02
|    ( QUESTION0_15_R 1 -1.890e+04 4.462e+02 8.787e+01
|        ( - 2.188e+02 1 0)
|        ( QUESTION0_11_R 1 -1.867e+04 2.236e+02 8.687e+01
|            ( - -6.645e+03 1 0)
|            ( QUESTION0_2_R 1 -1.180e+04 1.567e+02 5.622e+01
|                ( - -2.978e+02 1 0)
|                ( QUESTION0_10_R 1 -1.134e+04 1.412e+02 5.422e+01
|                    ( - -4.898e+02 2 0)
|                    ( SILENCE 1 -1.071e+04 1.065e+02 5.122e+01
|                        ( - -8.136e+03 2 0)
|                        ( - -2.471e+03 1 0))))))
|    ( QUESTION0_2_R 1 -1.985e+04 5.992e+02 9.010e+01
|        ( - -5.881e+03 2 0)
|        ( - -1.336e+04 1 0)))
s>    ( WDBNDRY_E 0 -3.943e+04 6.902e+02 1.780e+02
s>        ( QUESTION0_15_R 1 -1.890e+04 4.462e+02 8.787e+01
s>            ( - 2.188e+02 1 0)
s>            ( QUESTION0_11_R 1 -1.867e+04 2.236e+02 8.687e+01
s>                ( - -6.645e+03 1 0)
s>                ( QUESTION0_2_R 1 -1.180e+04 1.567e+02 5.622e+01
s>                    ( - -2.978e+02 1 0)
s>                    ( QUESTION0_10_R 1 -1.134e+04 1.412e+02 5.422e+01
s>                        ( - -4.898e+02 2 0)
s>                        ( SILENCE 1 -1.071e+04 1.065e+02 5.122e+01
s>                            ( - -8.136e+03 2 0)
s>                            ( - -2.471e+03 1 0))))))
s>        ( QUESTION0_2_R 1 -1.985e+04 5.992e+02 9.010e+01
s>            ( - -5.881e+03 2 0)
s>            ( - -1.336e+04 1 0)))INFO: dtree.c(1315): Comp split 5
INFO: dtree.c(1439): stop. leaf nodes are specific
INFO: dtree.c(1478): Final simple tree
|( WDBNDRY_E 0 -7.287e+05 3.262e+02 3.401e+03
|    ( - -4.711e+03 3 0)
|    ( QUESTION2_0_L -1 -7.237e+05 1.218e+02 3.378e+03
|        ( - -7.205e+05 19 0)
|        ( - -3.022e+03 2 0)))
s>    ( WDBNDRY_E 0 -7.287e+05 3.262e+02 3.401e+03
s>        ( - -4.711e+03 3 0)
s>        ( QUESTION2_0_L -1 -7.237e+05 1.218e+02 3.378e+03
s>            ( - -7.205e+05 19 0)
s>            ( - -3.022e+03 2 0)))INFO: dtree.c(1439): stop. leaf nodes are specific
INFO: dtree.c(1478): Final simple tree
|( QUESTION0 -1 -4.518e+04 6.013e+02 2.110e+02
|    ( - -3.085e+04 13 0)
|    ( WDBNDRY_B 0 -1.373e+04 2.732e+02 6.625e+01
|        ( - -5.974e+03 1 0)
|        ( - -7.484e+03 2 0)))
s>    ( QUESTION0 -1 -4.518e+04 6.013e+02 2.110e+02
s>        ( - -3.085e+04 13 0)
s>        ( WDBNDRY_B 0 -1.373e+04 2.732e+02 6.625e+01
s>            ( - -5.974e+03 1 0)
s>            ( - -7.484e+03 2 0)))INFO: dtree.c(1315): Comp split 6
INFO: dtree.c(1439): stop. leaf nodes are specific
INFO: dtree.c(1478): Final simple tree
|( QUESTION0_2_R 1 -2.048e+04 5.933e+02 9.310e+01
|    ( - -5.881e+03 2 0)
|    ( WDBNDRY_E 0 -1.401e+04 1.535e+02 6.520e+01
|        ( - -4.898e+02 2 0)
|        ( - -1.336e+04 1 0)))
s>    ( QUESTION0_2_R 1 -2.048e+04 5.933e+02 9.310e+01
s>        ( - -5.881e+03 2 0)
s>        ( WDBNDRY_E 0 -1.401e+04 1.535e+02 6.520e+01
s>            ( - -4.898e+02 2 0)
s>            ( - -1.336e+04 1 0)))INFO: dtree.c(1439): stop. leaf nodes are specific
INFO: dtree.c(1478): Final simple tree
|( QUESTION0_14_R 1 -1.825e+04 4.468e+02 8.487e+01
|    ( - 2.188e+02 1 0)
|    ( QUESTION0_10_R 1 -1.803e+04 2.116e+02 8.387e+01
|        ( - -6.645e+03 1 0)
|        ( QUESTION0_2_R 1 -1.117e+04 1.586e+02 5.322e+01
|            ( - -2.978e+02 1 0)
|            ( SILENCE 1 -1.071e+04 1.065e+02 5.122e+01
|                ( - -8.136e+03 2 0)
|                ( - -2.471e+03 1 0)))))
s>    ( QUESTION0_14_R 1 -1.825e+04 4.468e+02 8.487e+01
s>        ( - 2.188e+02 1 0)
s>        ( QUESTION0_10_R 1 -1.803e+04 2.116e+02 8.387e+01
s>            ( - -6.645e+03 1 0)
s>            ( QUESTION0_2_R 1 -1.117e+04 1.586e+02 5.322e+01
s>                ( - -2.978e+02 1 0)
s>                ( SILENCE 1 -1.071e+04 1.065e+02 5.122e+01
s>                    ( - -8.136e+03 2 0)
s>                    ( - -2.471e+03 1 0)))))INFO: dtree.c(1315): Comp split 7
INFO: dtree.c(1439): stop. leaf nodes are specific
INFO: dtree.c(1478): Final simple tree
|( WDBNDRY_B 0 -5.434e+04 1.764e+02 2.664e+02
|    ( - -4.115e+02 1 0)
|    ( QUESTION5 -1 -5.375e+04 1.379e+02 2.634e+02
|        ( - -5.335e+04 2 0)
|        ( - -2.672e+02 1 0)))
s>    ( WDBNDRY_B 0 -5.434e+04 1.764e+02 2.664e+02
s>        ( - -4.115e+02 1 0)
s>        ( QUESTION5 -1 -5.375e+04 1.379e+02 2.634e+02
s>            ( - -5.335e+04 2 0)
s>            ( - -2.672e+02 1 0)))INFO: dtree.c(1315): Comp split 8
INFO: dtree.c(1439): stop. leaf nodes are specific
INFO: dtree.c(1478): Final simple tree
|( WDBNDRY_B 0 -1.373e+04 2.732e+02 6.625e+01
|    ( - -5.974e+03 1 0)
|    ( - -7.484e+03 2 0))
s>    ( WDBNDRY_B 0 -1.373e+04 2.732e+02 6.625e+01
s>        ( - -5.974e+03 1 0)
s>        ( - -7.484e+03 2 0))INFO: dtree.c(1315): Comp split 9
INFO: dtree.c(1439): stop. leaf nodes are specific
INFO: dtree.c(1478): Final simple tree
|( WDBNDRY_E 0 -1.401e+04 1.535e+02 6.520e+01
|    ( - -4.898e+02 2 0)
|    ( - -1.336e+04 1 0))
s>    ( WDBNDRY_E 0 -1.401e+04 1.535e+02 6.520e+01
s>        ( - -4.898e+02 2 0)
s>        ( - -1.336e+04 1 0))INFO: dtree.c(1315): Comp split 10
INFO: dtree.c(1439): stop. leaf nodes are specific
INFO: dtree.c(1478): Final simple tree
|( QUESTION20 -1 -1.971e+04 2.115e+02 9.308e+01
|    ( - -8.464e+02 1 0)
|    ( QUESTION15 -1 -1.866e+04 1.787e+02 8.808e+01
|        ( WDBNDRY_B 0 -8.356e+03 1.544e+02 4.020e+01
|            ( - -3.237e+02 1 0)
|            ( - -7.878e+03 3 0))
|        ( QUESTION3 -1 -1.012e+04 1.362e+02 4.788e+01
|            ( - -3.255e+02 2 0)
|            ( WDBNDRY_B 0 -9.659e+03 1.191e+02 4.588e+01
|                ( - -3.275e+03 5 0)
|                ( - -6.265e+03 1 0)))))
s>    ( QUESTION20 -1 -1.971e+04 2.115e+02 9.308e+01
s>        ( - -8.464e+02 1 0)
s>        ( QUESTION15 -1 -1.866e+04 1.787e+02 8.808e+01
s>            ( WDBNDRY_B 0 -8.356e+03 1.544e+02 4.020e+01
s>                ( - -3.237e+02 1 0)
s>                ( - -7.878e+03 3 0))
s>            ( QUESTION3 -1 -1.012e+04 1.362e+02 4.788e+01
s>                ( - -3.255e+02 2 0)
s>                ( WDBNDRY_B 0 -9.659e+03 1.191e+02 4.588e+01
s>                    ( - -3.275e+03 5 0)
s>                    ( - -6.265e+03 1 0)))))INFO: dtree.c(1315): Comp split 11
INFO: dtree.c(1439): stop. leaf nodes are specific
INFO: dtree.c(1478): Final simple tree
|( QUESTION0_10_R 1 -1.803e+04 2.116e+02 8.387e+01
|    ( - -6.645e+03 1 0)
|    ( QUESTION0_2_R 1 -1.117e+04 1.586e+02 5.322e+01
|        ( - -2.978e+02 1 0)
|        ( SILENCE 1 -1.071e+04 1.065e+02 5.122e+01
|            ( - -8.136e+03 2 0)
|            ( - -2.471e+03 1 0))))
s>    ( QUESTION0_10_R 1 -1.803e+04 2.116e+02 8.387e+01
s>        ( - -6.645e+03 1 0)
s>        ( QUESTION0_2_R 1 -1.117e+04 1.586e+02 5.322e+01
s>            ( - -2.978e+02 1 0)
s>            ( SILENCE 1 -1.071e+04 1.065e+02 5.122e+01
s>                ( - -8.136e+03 2 0)
s>                ( - -2.471e+03 1 0))))INFO: dtree.c(1315): Comp split 12
INFO: dtree.c(1439): stop. leaf nodes are specific
INFO: dtree.c(1478): Final simple tree
|( QUESTION2_0_L -1 -7.237e+05 1.218e+02 3.378e+03
|    ( - -7.205e+05 19 0)
|    ( - -3.022e+03 2 0))
s>    ( QUESTION2_0_L -1 -7.237e+05 1.218e+02 3.378e+03
s>        ( - -7.205e+05 19 0)
s>        ( - -3.022e+03 2 0))INFO: dtree.c(1315): Comp split 13
INFO: dtree.c(1315): Comp split 14
INFO: dtree.c(1439): stop. leaf nodes are specific
INFO: dtree.c(1478): Final simple tree
|( SILENCE 1 -1.071e+04 1.065e+02 5.122e+01
|    ( - -8.136e+03 2 0)
|    ( - -2.471e+03 1 0))
s>    ( SILENCE 1 -1.071e+04 1.065e+02 5.122e+01
s>        ( - -8.136e+03 2 0)
s>        ( - -2.471e+03 1 0))INFO: dtree.c(1439): stop. leaf nodes are specific
INFO: dtree.c(1478): Final simple tree
|( QUESTION0_2_R 1 -7.092e+03 1.490e+02 3.265e+01
|    ( - -2.978e+02 1 0)
|    ( - -6.645e+03 1 0))
s>    ( QUESTION0_2_R 1 -7.092e+03 1.490e+02 3.265e+01
s>        ( - -2.978e+02 1 0)
s>        ( - -6.645e+03 1 0))INFO: dtree.c(1315): Comp split 15
INFO: dtree.c(1439): stop. leaf nodes are specific
INFO: dtree.c(1478): Final simple tree
|( QUESTION15 -1 -1.866e+04 1.787e+02 8.808e+01
|    ( WDBNDRY_B 0 -8.356e+03 1.544e+02 4.020e+01
|        ( - -3.237e+02 1 0)
|        ( - -7.878e+03 3 0))
|    ( QUESTION3 -1 -1.012e+04 1.362e+02 4.788e+01
|        ( - -3.255e+02 2 0)
|        ( WDBNDRY_B 0 -9.659e+03 1.191e+02 4.588e+01
|            ( - -3.275e+03 5 0)
|            ( - -6.265e+03 1 0))))
s>    ( QUESTION15 -1 -1.866e+04 1.787e+02 8.808e+01
s>        ( WDBNDRY_B 0 -8.356e+03 1.544e+02 4.020e+01
s>            ( - -3.237e+02 1 0)
s>            ( - -7.878e+03 3 0))
s>        ( QUESTION3 -1 -1.012e+04 1.362e+02 4.788e+01
s>            ( - -3.255e+02 2 0)
s>            ( WDBNDRY_B 0 -9.659e+03 1.191e+02 4.588e+01
s>                ( - -3.275e+03 5 0)
s>                ( - -6.265e+03 1 0))))INFO: dtree.c(1315): Comp split 16
INFO: dtree.c(1439): stop. leaf nodes are specific
INFO: dtree.c(1478): Final simple tree
|( QUESTION3 -1 -1.012e+04 1.362e+02 4.788e+01
|    ( - -3.255e+02 2 0)
|    ( WDBNDRY_B 0 -9.659e+03 1.191e+02 4.588e+01
|        ( - -3.275e+03 5 0)
|        ( - -6.265e+03 1 0)))
s>    ( QUESTION3 -1 -1.012e+04 1.362e+02 4.788e+01
s>        ( - -3.255e+02 2 0)
s>        ( WDBNDRY_B 0 -9.659e+03 1.191e+02 4.588e+01
s>            ( - -3.275e+03 5 0)
s>            ( - -6.265e+03 1 0)))INFO: dtree.c(1439): stop. leaf nodes are specific
INFO: dtree.c(1478): Final simple tree
|( WDBNDRY_B 0 -8.356e+03 1.544e+02 4.020e+01
|    ( - -3.237e+02 1 0)
|    ( - -7.878e+03 3 0))
s>    ( WDBNDRY_B 0 -8.356e+03 1.544e+02 4.020e+01
s>        ( - -3.237e+02 1 0)
s>        ( - -7.878e+03 3 0))INFO: dtree.c(1315): Comp split 17
INFO: dtree.c(1439): stop. leaf nodes are specific
INFO: dtree.c(1478): Final simple tree
|( QUESTION5 -1 -5.375e+04 1.379e+02 2.634e+02
|    ( - -5.335e+04 2 0)
|    ( - -2.672e+02 1 0))
s>    ( QUESTION5 -1 -5.375e+04 1.379e+02 2.634e+02
s>        ( - -5.335e+04 2 0)
s>        ( - -2.672e+02 1 0))INFO: dtree.c(1315): Comp split 18
INFO: dtree.c(1315): Comp split 19
INFO: dtree.c(1315): Comp split 20
INFO: dtree.c(1315): Comp split 21
INFO: dtree.c(1315): Comp split 22
INFO: dtree.c(1439): stop. leaf nodes are specific
INFO: dtree.c(1478): Final simple tree
|( WDBNDRY_B 0 -9.659e+03 1.191e+02 4.588e+01
|    ( - -3.275e+03 5 0)
|    ( - -6.265e+03 1 0))
s>    ( WDBNDRY_B 0 -9.659e+03 1.191e+02 4.588e+01
s>        ( - -3.275e+03 5 0)
s>        ( - -6.265e+03 1 0))INFO: dtree.c(1315): Comp split 23
INFO: dtree.c(1315): Comp split 24
INFO: dtree.c(1315): Comp split 25
INFO: dtree.c(1315): Comp split 26
INFO: dtree.c(1318): stop. leaf nodes are specific
Fri Mar 31 15:52:03 2023
