Current configuration:
[NAME]		[DEFLT]	[VALUE]
-allphones	no	no
-cntthresh	0.00001	1.000000e-05
-csplitmax	100	2000
-csplitmin	1	1
-csplitthr	8e-4	0.000000e+00
-example	no	no
-fullvar	no	no
-help		no	no
-meanfn			/home/lucija/Documents/Zadnji semestar/ROGJ/Prezentacije/CMUspinx/tutorial11/model_parameters/my_db.cd_cont_untied/means
-mixwfn			/home/lucija/Documents/Zadnji semestar/ROGJ/Prezentacije/CMUspinx/tutorial11/model_parameters/my_db.cd_cont_untied/mixture_weights
-moddeffn		/home/lucija/Documents/Zadnji semestar/ROGJ/Prezentacije/CMUspinx/tutorial11/model_architecture/my_db.untied.mdef
-mwfloor	1e-4	1.000000e-08
-phone			lj
-psetfn			/home/lucija/Documents/Zadnji semestar/ROGJ/Prezentacije/CMUspinx/tutorial11/model_architecture/my_db.tree_questions
-ssplitmax	5	7
-ssplitmin	1	1
-ssplitthr	8e-4	0.000000e+00
-state			1
-stwt			1.0,0.05,0.0,
-treefn			/home/lucija/Documents/Zadnji semestar/ROGJ/Prezentacije/CMUspinx/tutorial11/trees/my_db.unpruned/lj-1.dtree
-ts2cbfn	.semi.	.cont.
-varfloor	0.00001	1.000000e-05
-varfn			/home/lucija/Documents/Zadnji semestar/ROGJ/Prezentacije/CMUspinx/tutorial11/model_parameters/my_db.cd_cont_untied/variances

INFO: main.c(223): Reading: /home/lucija/Documents/Zadnji semestar/ROGJ/Prezentacije/CMUspinx/tutorial11/model_architecture/my_db.untied.mdef
INFO: model_def_io.c(573): Model definition info:
INFO: model_def_io.c(574): 10613 total models defined (32 base, 10581 tri)
INFO: model_def_io.c(575): 42452 total states
INFO: model_def_io.c(576): 31839 total tied states
INFO: model_def_io.c(577): 96 total tied CI states
INFO: model_def_io.c(578): 32 total tied transition matrices
INFO: model_def_io.c(579): 4 max state/model
INFO: model_def_io.c(580): 4 min state/model
INFO: main.c(242): Building trees for [lj NOISE u b] through [lj ž i i]
INFO: main.c(268): Covering states |[15960 16193]| == 234
INFO: main.c(275): Reading: /home/lucija/Documents/Zadnji semestar/ROGJ/Prezentacije/CMUspinx/tutorial11/model_parameters/my_db.cd_cont_untied/mixture_weights
INFO: s3mixw_io.c(172): Read /home/lucija/Documents/Zadnji semestar/ROGJ/Prezentacije/CMUspinx/tutorial11/model_parameters/my_db.cd_cont_untied/mixture_weights [234x1x1 array]
INFO: main.c(311): 77 of 78 models have observation count greater than 0.000010
INFO: main.c(95): nrm stwt: 0.045 0.909 0.045 
INFO: s3gau_io.c(168): Read /home/lucija/Documents/Zadnji semestar/ROGJ/Prezentacije/CMUspinx/tutorial11/model_parameters/my_db.cd_cont_untied/means [31839x1x1 array]
INFO: s3gau_io.c(168): Read /home/lucija/Documents/Zadnji semestar/ROGJ/Prezentacije/CMUspinx/tutorial11/model_parameters/my_db.cd_cont_untied/variances [31839x1x1 array]
INFO: main.c(549): Reading: /home/lucija/Documents/Zadnji semestar/ROGJ/Prezentacije/CMUspinx/tutorial11/model_architecture/my_db.tree_questions
INFO: main.c(587): 180 total simple questions (172 phone; 8 word bndry)
INFO: main.c(589): 42 Left Only questions, and 42 Right Only questions
INFO: dtree.c(1478): Final simple tree
|( QUESTION2_6_L -1 -1.116e+06 6.127e+03 5.071e+03
|    ( QUESTION18 -1 -4.154e+05 3.112e+03 1.901e+03
|        ( - -2.109e+05 7 0 QUESTION2_17_L -1 8.985e+02 9.624e+02)
|        ( QUESTION17 -1 -2.014e+05 1.319e+03 9.391e+02
|            ( - -6.978e+04 4 0 WDBNDRY_B 0 1.609e+02 3.280e+02)
|            ( QUESTION2 -1 -1.303e+05 1.051e+03 6.110e+02
|                ( - -4.256e+04 7 0 QUESTION5 -1 5.546e+02 1.981e+02)
|                ( - -8.665e+04 2 0 WDBNDRY_B 0 2.206e+02 4.129e+02))))
|    ( QUESTION2_1_L -1 -6.941e+05 4.343e+03 3.169e+03
|        ( - -2.492e+05 12 0 QUESTION0 -1 4.875e+02 1.147e+03)
|        ( QUESTION0 1 -4.405e+05 3.235e+03 2.022e+03
|            ( WDBNDRY_B 0 -3.555e+05 2.204e+03 1.648e+03
|                ( - -6.092e+04 10 0 QUESTION1 -1 4.320e+02 2.848e+02)
|                ( - -2.924e+05 23 0 QUESTION0_0_R 1 1.749e+02 1.363e+03))
|            ( - -8.171e+04 12 0 QUESTION0_9_R 1 4.765e+02 3.746e+02))))
s>    ( QUESTION2_6_L -1 -1.116e+06 6.127e+03 5.071e+03
s>        ( QUESTION18 -1 -4.154e+05 3.112e+03 1.901e+03
s>            ( - -2.109e+05 7 0 QUESTION2_17_L -1 8.985e+02 9.624e+02)
s>            ( QUESTION17 -1 -2.014e+05 1.319e+03 9.391e+02
s>                ( - -6.978e+04 4 0 WDBNDRY_B 0 1.609e+02 3.280e+02)
s>                ( QUESTION2 -1 -1.303e+05 1.051e+03 6.110e+02
s>                    ( - -4.256e+04 7 0 QUESTION5 -1 5.546e+02 1.981e+02)
s>                    ( - -8.665e+04 2 0 WDBNDRY_B 0 2.206e+02 4.129e+02))))
s>        ( QUESTION2_1_L -1 -6.941e+05 4.343e+03 3.169e+03
s>            ( - -2.492e+05 12 0 QUESTION0 -1 4.875e+02 1.147e+03)
s>            ( QUESTION0 1 -4.405e+05 3.235e+03 2.022e+03
s>                ( WDBNDRY_B 0 -3.555e+05 2.204e+03 1.648e+03
s>                    ( - -6.092e+04 10 0 QUESTION1 -1 4.320e+02 2.848e+02)
s>                    ( - -2.924e+05 23 0 QUESTION0_0_R 1 1.749e+02 1.363e+03))
s>                ( - -8.171e+04 12 0 QUESTION0_9_R 1 4.765e+02 3.746e+02))))INFO: dtree.c(1315): Comp split 0
INFO: dtree.c(1478): Final simple tree
|( QUESTION16 -1 -4.061e+05 2.317e+03 1.858e+03
|    ( - -8.665e+04 2 0 WDBNDRY_B 0 2.206e+02 4.129e+02)
|    ( WDBNDRY_B 0 -3.172e+05 1.642e+03 1.445e+03
|        ( QUESTION3 -1 -7.206e+04 4.322e+02 3.348e+02
|            ( - 2.060e+02 1 0)
|            ( QUESTION2 -1 -7.183e+04 4.260e+02 3.338e+02
|                ( - 1.960e+02 1 0)
|                ( - -7.160e+04 11 0 QUESTION1 -1 2.364e+02 3.328e+02)))
|        ( QUESTION2_17_L -1 -2.435e+05 1.795e+03 1.111e+03
|            ( - -1.665e+05 3 0)
|            ( QUESTION10 -1 -7.513e+04 7.440e+02 3.445e+02
|                ( - -2.422e+04 3 0 QUESTION11 -1 1.554e+02 1.143e+02)
|                ( QUESTION2 -1 -5.016e+04 3.247e+02 2.303e+02
|                    ( - -1.755e+04 3 0)
|                    ( - -3.229e+04 2 0 QUESTION19 -1 3.028e+02 1.474e+02))))))
s>    ( QUESTION16 -1 -4.061e+05 2.317e+03 1.858e+03
s>        ( - -8.665e+04 2 0 WDBNDRY_B 0 2.206e+02 4.129e+02)
s>        ( WDBNDRY_B 0 -3.172e+05 1.642e+03 1.445e+03
s>            ( QUESTION3 -1 -7.206e+04 4.322e+02 3.348e+02
s>                ( - 2.060e+02 1 0)
s>                ( QUESTION2 -1 -7.183e+04 4.260e+02 3.338e+02
s>                    ( - 1.960e+02 1 0)
s>                    ( - -7.160e+04 11 0 QUESTION1 -1 2.364e+02 3.328e+02)))
s>            ( QUESTION2_17_L -1 -2.435e+05 1.795e+03 1.111e+03
s>                ( - -1.665e+05 3 0)
s>                ( QUESTION10 -1 -7.513e+04 7.440e+02 3.445e+02
s>                    ( - -2.422e+04 3 0 QUESTION11 -1 1.554e+02 1.143e+02)
s>                    ( QUESTION2 -1 -5.016e+04 3.247e+02 2.303e+02
s>                        ( - -1.755e+04 3 0)
s>                        ( - -3.229e+04 2 0 QUESTION19 -1 3.028e+02 1.474e+02))))))INFO: dtree.c(1478): Final simple tree
|( QUESTION0 1 -7.017e+05 4.274e+03 3.212e+03
|    ( QUESTION2_2_L -1 -6.157e+05 3.193e+03 2.838e+03
|        ( QUESTION0 -1 -2.492e+05 4.875e+02 1.147e+03
|            ( - -1.182e+04 1 0)
|            ( WDBNDRY_B 0 -2.369e+05 2.415e+02 1.090e+03
|                ( - -1.450e+03 1 0)
|                ( - -2.352e+05 10 0)))
|        ( QUESTION0 -1 -3.633e+05 1.117e+03 1.691e+03
|            ( - -2.924e+05 23 0 QUESTION0_0_R 1 1.749e+02 1.363e+03)
|            ( - -6.978e+04 4 0 WDBNDRY_B 0 1.609e+02 3.280e+02)))
|    ( QUESTION0_9_R 1 -8.171e+04 4.765e+02 3.746e+02
|        ( - 2.414e+02 1 0)
|        ( QUESTION0_2_R 1 -8.147e+04 4.716e+02 3.736e+02
|            ( - -7.679e+03 3 0 QUESTION0_3_R 1 1.447e+02 3.460e+01)
|            ( - -7.332e+04 8 0 QUESTION0_11_R 1 2.284e+02 3.390e+02))))
s>    ( QUESTION0 1 -7.017e+05 4.274e+03 3.212e+03
s>        ( QUESTION2_2_L -1 -6.157e+05 3.193e+03 2.838e+03
s>            ( QUESTION0 -1 -2.492e+05 4.875e+02 1.147e+03
s>                ( - -1.182e+04 1 0)
s>                ( WDBNDRY_B 0 -2.369e+05 2.415e+02 1.090e+03
s>                    ( - -1.450e+03 1 0)
s>                    ( - -2.352e+05 10 0)))
s>            ( QUESTION0 -1 -3.633e+05 1.117e+03 1.691e+03
s>                ( - -2.924e+05 23 0 QUESTION0_0_R 1 1.749e+02 1.363e+03)
s>                ( - -6.978e+04 4 0 WDBNDRY_B 0 1.609e+02 3.280e+02)))
s>        ( QUESTION0_9_R 1 -8.171e+04 4.765e+02 3.746e+02
s>            ( - 2.414e+02 1 0)
s>            ( QUESTION0_2_R 1 -8.147e+04 4.716e+02 3.736e+02
s>                ( - -7.679e+03 3 0 QUESTION0_3_R 1 1.447e+02 3.460e+01)
s>                ( - -7.332e+04 8 0 QUESTION0_11_R 1 2.284e+02 3.390e+02))))INFO: dtree.c(1315): Comp split 1
INFO: dtree.c(1439): stop. leaf nodes are specific
INFO: dtree.c(1478): Final simple tree
|( QUESTION0_2_R 1 -8.147e+04 4.716e+02 3.736e+02
|    ( QUESTION0_3_R 1 -7.679e+03 1.447e+02 3.460e+01
|        ( - -1.368e+03 2 0)
|        ( - -6.166e+03 1 0))
|    ( QUESTION0_11_R 1 -7.332e+04 2.284e+02 3.390e+02
|        ( - -6.997e+04 4 0)
|        ( WDBNDRY_E 0 -3.120e+03 1.122e+02 1.501e+01
|            ( QUESTION19 1 -2.482e+03 1.964e+02 1.201e+01
|                ( - -1.496e+03 2 0)
|                ( - -7.896e+02 1 0))
|            ( - -5.267e+02 1 0))))
s>    ( QUESTION0_2_R 1 -8.147e+04 4.716e+02 3.736e+02
s>        ( QUESTION0_3_R 1 -7.679e+03 1.447e+02 3.460e+01
s>            ( - -1.368e+03 2 0)
s>            ( - -6.166e+03 1 0))
s>        ( QUESTION0_11_R 1 -7.332e+04 2.284e+02 3.390e+02
s>            ( - -6.997e+04 4 0)
s>            ( WDBNDRY_E 0 -3.120e+03 1.122e+02 1.501e+01
s>                ( QUESTION19 1 -2.482e+03 1.964e+02 1.201e+01
s>                    ( - -1.496e+03 2 0)
s>                    ( - -7.896e+02 1 0))
s>                ( - -5.267e+02 1 0))))INFO: dtree.c(1478): Final simple tree
|( QUESTION2_2_L -1 -6.160e+05 3.194e+03 2.839e+03
|    ( QUESTION0 -1 -2.492e+05 4.875e+02 1.147e+03
|        ( - -1.182e+04 1 0)
|        ( WDBNDRY_B 0 -2.369e+05 2.415e+02 1.090e+03
|            ( - -1.450e+03 1 0)
|            ( - -2.352e+05 10 0)))
|    ( QUESTION0 -1 -3.635e+05 1.118e+03 1.692e+03
|        ( QUESTION0_9_R 1 -2.926e+05 4.610e+02 1.364e+03
|            ( - 2.414e+02 1 0)
|            ( QUESTION0_0_R 1 -2.924e+05 1.749e+02 1.363e+03
|                ( - -2.904e+05 22 0 WDBNDRY_E 0 1.375e+02 1.354e+03)
|                ( - -1.869e+03 1 0)))
|        ( WDBNDRY_B 0 -6.978e+04 1.609e+02 3.280e+02
|            ( - -2.645e+02 1 0)
|            ( - -6.936e+04 3 0))))
s>    ( QUESTION2_2_L -1 -6.160e+05 3.194e+03 2.839e+03
s>        ( QUESTION0 -1 -2.492e+05 4.875e+02 1.147e+03
s>            ( - -1.182e+04 1 0)
s>            ( WDBNDRY_B 0 -2.369e+05 2.415e+02 1.090e+03
s>                ( - -1.450e+03 1 0)
s>                ( - -2.352e+05 10 0)))
s>        ( QUESTION0 -1 -3.635e+05 1.118e+03 1.692e+03
s>            ( QUESTION0_9_R 1 -2.926e+05 4.610e+02 1.364e+03
s>                ( - 2.414e+02 1 0)
s>                ( QUESTION0_0_R 1 -2.924e+05 1.749e+02 1.363e+03
s>                    ( - -2.904e+05 22 0 WDBNDRY_E 0 1.375e+02 1.354e+03)
s>                    ( - -1.869e+03 1 0)))
s>            ( WDBNDRY_B 0 -6.978e+04 1.609e+02 3.280e+02
s>                ( - -2.645e+02 1 0)
s>                ( - -6.936e+04 3 0))))INFO: dtree.c(1315): Comp split 2
INFO: dtree.c(1439): stop. leaf nodes are specific
INFO: dtree.c(1478): Final simple tree
|( WDBNDRY_B 0 -2.401e+05 1.484e+03 1.101e+03
|    ( QUESTION3 -1 -7.206e+04 4.322e+02 3.348e+02
|        ( - 2.060e+02 1 0)
|        ( QUESTION2 -1 -7.183e+04 4.260e+02 3.338e+02
|            ( - 1.960e+02 1 0)
|            ( QUESTION1 -1 -7.160e+04 2.364e+02 3.328e+02
|                ( QUESTION19 -1 -1.067e+04 1.848e+02 4.896e+01
|                    ( - -2.653e+03 1 0)
|                    ( - -7.833e+03 1 0))
|                ( SILENCE -1 -6.069e+04 1.440e+02 2.838e+02
|                    ( - -1.891e+03 1 0)
|                    ( - -5.866e+04 8 0)))))
|    ( - -1.665e+05 3 0))
s>    ( WDBNDRY_B 0 -2.401e+05 1.484e+03 1.101e+03
s>        ( QUESTION3 -1 -7.206e+04 4.322e+02 3.348e+02
s>            ( - 2.060e+02 1 0)
s>            ( QUESTION2 -1 -7.183e+04 4.260e+02 3.338e+02
s>                ( - 1.960e+02 1 0)
s>                ( QUESTION1 -1 -7.160e+04 2.364e+02 3.328e+02
s>                    ( QUESTION19 -1 -1.067e+04 1.848e+02 4.896e+01
s>                        ( - -2.653e+03 1 0)
s>                        ( - -7.833e+03 1 0))
s>                    ( SILENCE -1 -6.069e+04 1.440e+02 2.838e+02
s>                        ( - -1.891e+03 1 0)
s>                        ( - -5.866e+04 8 0)))))
s>        ( - -1.665e+05 3 0))INFO: dtree.c(1439): stop. leaf nodes are specific
INFO: dtree.c(1478): Final simple tree
|( QUESTION16 -1 -1.628e+05 1.037e+03 7.574e+02
|    ( WDBNDRY_B 0 -8.665e+04 2.206e+02 4.129e+02
|        ( - -7.787e+02 1 0)
|        ( - -8.565e+04 1 0))
|    ( QUESTION10 -1 -7.513e+04 7.440e+02 3.445e+02
|        ( QUESTION11 -1 -2.422e+04 1.554e+02 1.143e+02
|            ( - -2.252e+04 1 0)
|            ( - -1.551e+03 2 0))
|        ( QUESTION2 -1 -5.016e+04 3.247e+02 2.303e+02
|            ( - -1.755e+04 3 0)
|            ( QUESTION19 -1 -3.229e+04 3.028e+02 1.474e+02
|                ( - -2.754e+04 1 0)
|                ( - -4.447e+03 1 0)))))
s>    ( QUESTION16 -1 -1.628e+05 1.037e+03 7.574e+02
s>        ( WDBNDRY_B 0 -8.665e+04 2.206e+02 4.129e+02
s>            ( - -7.787e+02 1 0)
s>            ( - -8.565e+04 1 0))
s>        ( QUESTION10 -1 -7.513e+04 7.440e+02 3.445e+02
s>            ( QUESTION11 -1 -2.422e+04 1.554e+02 1.143e+02
s>                ( - -2.252e+04 1 0)
s>                ( - -1.551e+03 2 0))
s>            ( QUESTION2 -1 -5.016e+04 3.247e+02 2.303e+02
s>                ( - -1.755e+04 3 0)
s>                ( QUESTION19 -1 -3.229e+04 3.028e+02 1.474e+02
s>                    ( - -2.754e+04 1 0)
s>                    ( - -4.447e+03 1 0)))))INFO: dtree.c(1315): Comp split 3
INFO: dtree.c(1439): stop. leaf nodes are specific
INFO: dtree.c(1478): Final simple tree
|( QUESTION15 -1 -3.652e+05 1.121e+03 1.699e+03
|    ( WDBNDRY_B 0 -6.978e+04 1.609e+02 3.280e+02
|        ( - -2.645e+02 1 0)
|        ( - -6.936e+04 3 0))
|    ( QUESTION0_9_R 1 -2.943e+05 4.610e+02 1.371e+03
|        ( - 2.414e+02 1 0)
|        ( WDBNDRY_B 0 -2.941e+05 2.113e+02 1.370e+03
|            ( - -1.450e+03 1 0)
|            ( QUESTION0_0_R 1 -2.924e+05 1.749e+02 1.363e+03
|                ( WDBNDRY_E 0 -2.904e+05 1.375e+02 1.354e+03
|                    ( - -1.632e+03 3 0)
|                    ( - -2.886e+05 19 0))
|                ( - -1.869e+03 1 0)))))
s>    ( QUESTION15 -1 -3.652e+05 1.121e+03 1.699e+03
s>        ( WDBNDRY_B 0 -6.978e+04 1.609e+02 3.280e+02
s>            ( - -2.645e+02 1 0)
s>            ( - -6.936e+04 3 0))
s>        ( QUESTION0_9_R 1 -2.943e+05 4.610e+02 1.371e+03
s>            ( - 2.414e+02 1 0)
s>            ( WDBNDRY_B 0 -2.941e+05 2.113e+02 1.370e+03
s>                ( - -1.450e+03 1 0)
s>                ( QUESTION0_0_R 1 -2.924e+05 1.749e+02 1.363e+03
s>                    ( WDBNDRY_E 0 -2.904e+05 1.375e+02 1.354e+03
s>                        ( - -1.632e+03 3 0)
s>                        ( - -2.886e+05 19 0))
s>                    ( - -1.869e+03 1 0)))))INFO: dtree.c(1439): stop. leaf nodes are specific
INFO: dtree.c(1478): Final simple tree
|( QUESTION0 -1 -2.476e+05 4.907e+02 1.140e+03
|    ( - -1.182e+04 1 0)
|    ( - -2.352e+05 10 0))
s>    ( QUESTION0 -1 -2.476e+05 4.907e+02 1.140e+03
s>        ( - -1.182e+04 1 0)
s>        ( - -2.352e+05 10 0))INFO: dtree.c(1315): Comp split 4
INFO: dtree.c(1439): stop. leaf nodes are specific
INFO: dtree.c(1478): Final simple tree
|( QUESTION2 -1 -7.183e+04 4.323e+02 3.338e+02
|    ( - 2.060e+02 1 0)
|    ( QUESTION1 -1 -7.160e+04 2.364e+02 3.328e+02
|        ( QUESTION19 -1 -1.067e+04 1.848e+02 4.896e+01
|            ( - -2.653e+03 1 0)
|            ( - -7.833e+03 1 0))
|        ( SILENCE -1 -6.069e+04 1.440e+02 2.838e+02
|            ( - -1.891e+03 1 0)
|            ( - -5.866e+04 8 0))))
s>    ( QUESTION2 -1 -7.183e+04 4.323e+02 3.338e+02
s>        ( - 2.060e+02 1 0)
s>        ( QUESTION1 -1 -7.160e+04 2.364e+02 3.328e+02
s>            ( QUESTION19 -1 -1.067e+04 1.848e+02 4.896e+01
s>                ( - -2.653e+03 1 0)
s>                ( - -7.833e+03 1 0))
s>            ( SILENCE -1 -6.069e+04 1.440e+02 2.838e+02
s>                ( - -1.891e+03 1 0)
s>                ( - -5.866e+04 8 0))))INFO: dtree.c(1439): stop. leaf nodes are specific
INFO: dtree.c(1478): Final simple tree
|( WDBNDRY_B 0 -1.668e+05 4.195e+02 7.670e+02
|    ( - 1.960e+02 1 0)
|    ( - -1.665e+05 3 0))
s>    ( WDBNDRY_B 0 -1.668e+05 4.195e+02 7.670e+02
s>        ( - 1.960e+02 1 0)
s>        ( - -1.665e+05 3 0))INFO: dtree.c(1315): Comp split 5
INFO: dtree.c(1439): stop. leaf nodes are specific
INFO: dtree.c(1478): Final simple tree
|( QUESTION0_9_R 1 -2.943e+05 4.610e+02 1.371e+03
|    ( - 2.414e+02 1 0)
|    ( WDBNDRY_B 0 -2.941e+05 2.113e+02 1.370e+03
|        ( - -1.450e+03 1 0)
|        ( QUESTION0_0_R 1 -2.924e+05 1.749e+02 1.363e+03
|            ( WDBNDRY_E 0 -2.904e+05 1.375e+02 1.354e+03
|                ( - -1.632e+03 3 0)
|                ( - -2.886e+05 19 0))
|            ( - -1.869e+03 1 0))))
s>    ( QUESTION0_9_R 1 -2.943e+05 4.610e+02 1.371e+03
s>        ( - 2.414e+02 1 0)
s>        ( WDBNDRY_B 0 -2.941e+05 2.113e+02 1.370e+03
s>            ( - -1.450e+03 1 0)
s>            ( QUESTION0_0_R 1 -2.924e+05 1.749e+02 1.363e+03
s>                ( WDBNDRY_E 0 -2.904e+05 1.375e+02 1.354e+03
s>                    ( - -1.632e+03 3 0)
s>                    ( - -2.886e+05 19 0))
s>                ( - -1.869e+03 1 0))))INFO: dtree.c(1439): stop. leaf nodes are specific
INFO: dtree.c(1478): Final simple tree
|( WDBNDRY_B 0 -6.978e+04 1.609e+02 3.280e+02
|    ( - -2.645e+02 1 0)
|    ( - -6.936e+04 3 0))
s>    ( WDBNDRY_B 0 -6.978e+04 1.609e+02 3.280e+02
s>        ( - -2.645e+02 1 0)
s>        ( - -6.936e+04 3 0))INFO: dtree.c(1315): Comp split 6
INFO: dtree.c(1439): stop. leaf nodes are specific
INFO: dtree.c(1478): Final simple tree
|( QUESTION10 -1 -7.611e+04 7.649e+02 3.485e+02
|    ( QUESTION11 -1 -2.422e+04 1.554e+02 1.143e+02
|        ( - -2.252e+04 1 0)
|        ( - -1.551e+03 2 0))
|    ( QUESTION2 -1 -5.112e+04 3.280e+02 2.343e+02
|        ( - -1.755e+04 3 0)
|        ( QUESTION19 -1 -3.325e+04 3.141e+02 1.514e+02
|            ( - -2.754e+04 1 0)
|            ( WDBNDRY_B 0 -5.396e+03 1.703e+02 2.490e+01
|                ( - -7.787e+02 1 0)
|                ( - -4.447e+03 1 0)))))
s>    ( QUESTION10 -1 -7.611e+04 7.649e+02 3.485e+02
s>        ( QUESTION11 -1 -2.422e+04 1.554e+02 1.143e+02
s>            ( - -2.252e+04 1 0)
s>            ( - -1.551e+03 2 0))
s>        ( QUESTION2 -1 -5.112e+04 3.280e+02 2.343e+02
s>            ( - -1.755e+04 3 0)
s>            ( QUESTION19 -1 -3.325e+04 3.141e+02 1.514e+02
s>                ( - -2.754e+04 1 0)
s>                ( WDBNDRY_B 0 -5.396e+03 1.703e+02 2.490e+01
s>                    ( - -7.787e+02 1 0)
s>                    ( - -4.447e+03 1 0)))))INFO: dtree.c(1315): Comp split 7
INFO: dtree.c(1439): stop. leaf nodes are specific
INFO: dtree.c(1478): Final simple tree
|( QUESTION11 -1 -2.422e+04 1.554e+02 1.143e+02
|    ( - -2.252e+04 1 0)
|    ( - -1.551e+03 2 0))
s>    ( QUESTION11 -1 -2.422e+04 1.554e+02 1.143e+02
s>        ( - -2.252e+04 1 0)
s>        ( - -1.551e+03 2 0))INFO: dtree.c(1439): stop. leaf nodes are specific
INFO: dtree.c(1478): Final simple tree
|( QUESTION2 -1 -5.112e+04 3.280e+02 2.343e+02
|    ( - -1.755e+04 3 0)
|    ( QUESTION19 -1 -3.325e+04 3.141e+02 1.514e+02
|        ( - -2.754e+04 1 0)
|        ( WDBNDRY_B 0 -5.396e+03 1.703e+02 2.490e+01
|            ( - -7.787e+02 1 0)
|            ( - -4.447e+03 1 0))))
s>    ( QUESTION2 -1 -5.112e+04 3.280e+02 2.343e+02
s>        ( - -1.755e+04 3 0)
s>        ( QUESTION19 -1 -3.325e+04 3.141e+02 1.514e+02
s>            ( - -2.754e+04 1 0)
s>            ( WDBNDRY_B 0 -5.396e+03 1.703e+02 2.490e+01
s>                ( - -7.787e+02 1 0)
s>                ( - -4.447e+03 1 0))))INFO: dtree.c(1315): Comp split 8
INFO: dtree.c(1315): Comp split 9
INFO: dtree.c(1439): stop. leaf nodes are specific
INFO: dtree.c(1478): Final simple tree
|( QUESTION0_11_R 1 -7.332e+04 2.284e+02 3.390e+02
|    ( - -6.997e+04 4 0)
|    ( WDBNDRY_E 0 -3.120e+03 1.122e+02 1.501e+01
|        ( QUESTION19 1 -2.482e+03 1.964e+02 1.201e+01
|            ( - -1.496e+03 2 0)
|            ( - -7.896e+02 1 0))
|        ( - -5.267e+02 1 0)))
s>    ( QUESTION0_11_R 1 -7.332e+04 2.284e+02 3.390e+02
s>        ( - -6.997e+04 4 0)
s>        ( WDBNDRY_E 0 -3.120e+03 1.122e+02 1.501e+01
s>            ( QUESTION19 1 -2.482e+03 1.964e+02 1.201e+01
s>                ( - -1.496e+03 2 0)
s>                ( - -7.896e+02 1 0))
s>            ( - -5.267e+02 1 0)))INFO: dtree.c(1439): stop. leaf nodes are specific
INFO: dtree.c(1478): Final simple tree
|( QUESTION0_3_R 1 -7.679e+03 1.447e+02 3.460e+01
|    ( - -1.368e+03 2 0)
|    ( - -6.166e+03 1 0))
s>    ( QUESTION0_3_R 1 -7.679e+03 1.447e+02 3.460e+01
s>        ( - -1.368e+03 2 0)
s>        ( - -6.166e+03 1 0))INFO: dtree.c(1315): Comp split 10
INFO: dtree.c(1439): stop. leaf nodes are specific
INFO: dtree.c(1478): Final simple tree
|( WDBNDRY_B 0 -2.941e+05 2.113e+02 1.370e+03
|    ( - -1.450e+03 1 0)
|    ( QUESTION0_0_R 1 -2.924e+05 1.749e+02 1.363e+03
|        ( WDBNDRY_E 0 -2.904e+05 1.375e+02 1.354e+03
|            ( - -1.632e+03 3 0)
|            ( - -2.886e+05 19 0))
|        ( - -1.869e+03 1 0)))
s>    ( WDBNDRY_B 0 -2.941e+05 2.113e+02 1.370e+03
s>        ( - -1.450e+03 1 0)
s>        ( QUESTION0_0_R 1 -2.924e+05 1.749e+02 1.363e+03
s>            ( WDBNDRY_E 0 -2.904e+05 1.375e+02 1.354e+03
s>                ( - -1.632e+03 3 0)
s>                ( - -2.886e+05 19 0))
s>            ( - -1.869e+03 1 0)))INFO: dtree.c(1315): Comp split 11
INFO: dtree.c(1439): stop. leaf nodes are specific
INFO: dtree.c(1478): Final simple tree
|( QUESTION1 -1 -7.160e+04 2.364e+02 3.328e+02
|    ( QUESTION19 -1 -1.067e+04 1.848e+02 4.896e+01
|        ( - -2.653e+03 1 0)
|        ( - -7.833e+03 1 0))
|    ( SILENCE -1 -6.069e+04 1.440e+02 2.838e+02
|        ( - -1.891e+03 1 0)
|        ( - -5.866e+04 8 0)))
s>    ( QUESTION1 -1 -7.160e+04 2.364e+02 3.328e+02
s>        ( QUESTION19 -1 -1.067e+04 1.848e+02 4.896e+01
s>            ( - -2.653e+03 1 0)
s>            ( - -7.833e+03 1 0))
s>        ( SILENCE -1 -6.069e+04 1.440e+02 2.838e+02
s>            ( - -1.891e+03 1 0)
s>            ( - -5.866e+04 8 0)))INFO: dtree.c(1315): Comp split 12
INFO: dtree.c(1315): Comp split 13
INFO: dtree.c(1439): stop. leaf nodes are specific
INFO: dtree.c(1478): Final simple tree
|( WDBNDRY_B 0 -5.396e+03 1.703e+02 2.490e+01
|    ( - -7.787e+02 1 0)
|    ( - -4.447e+03 1 0))
s>    ( WDBNDRY_B 0 -5.396e+03 1.703e+02 2.490e+01
s>        ( - -7.787e+02 1 0)
s>        ( - -4.447e+03 1 0))INFO: dtree.c(1439): stop. leaf nodes are specific
INFO: dtree.c(1478): Final simple tree
|( QUESTION2 -1 -4.539e+04 3.062e+02 2.094e+02
|    ( - -1.755e+04 3 0)
|    ( - -2.754e+04 1 0))
s>    ( QUESTION2 -1 -4.539e+04 3.062e+02 2.094e+02
s>        ( - -1.755e+04 3 0)
s>        ( - -2.754e+04 1 0))INFO: dtree.c(1315): Comp split 14
INFO: dtree.c(1315): Comp split 15
INFO: dtree.c(1439): stop. leaf nodes are specific
INFO: dtree.c(1478): Final simple tree
|( QUESTION0_11_R 1 -7.229e+04 1.936e+02 3.340e+02
|    ( - -6.997e+04 4 0)
|    ( WDBNDRY_E 0 -2.125e+03 1.024e+02 1.001e+01
|        ( - -1.496e+03 2 0)
|        ( - -5.267e+02 1 0)))
s>    ( QUESTION0_11_R 1 -7.229e+04 1.936e+02 3.340e+02
s>        ( - -6.997e+04 4 0)
s>        ( WDBNDRY_E 0 -2.125e+03 1.024e+02 1.001e+01
s>            ( - -1.496e+03 2 0)
s>            ( - -5.267e+02 1 0)))INFO: dtree.c(1315): Comp split 16
INFO: dtree.c(1439): stop. leaf nodes are specific
INFO: dtree.c(1478): Final simple tree
|( SILENCE -1 -6.069e+04 1.440e+02 2.838e+02
|    ( - -1.891e+03 1 0)
|    ( - -5.866e+04 8 0))
s>    ( SILENCE -1 -6.069e+04 1.440e+02 2.838e+02
s>        ( - -1.891e+03 1 0)
s>        ( - -5.866e+04 8 0))INFO: dtree.c(1439): stop. leaf nodes are specific
INFO: dtree.c(1478): Final simple tree
|( QUESTION19 -1 -1.067e+04 1.848e+02 4.896e+01
|    ( - -2.653e+03 1 0)
|    ( - -7.833e+03 1 0))
s>    ( QUESTION19 -1 -1.067e+04 1.848e+02 4.896e+01
s>        ( - -2.653e+03 1 0)
s>        ( - -7.833e+03 1 0))INFO: dtree.c(1315): Comp split 17
INFO: dtree.c(1439): stop. leaf nodes are specific
INFO: dtree.c(1478): Final simple tree
|( QUESTION0_0_R 1 -2.924e+05 1.749e+02 1.363e+03
|    ( WDBNDRY_E 0 -2.904e+05 1.375e+02 1.354e+03
|        ( - -1.632e+03 3 0)
|        ( - -2.886e+05 19 0))
|    ( - -1.869e+03 1 0))
s>    ( QUESTION0_0_R 1 -2.924e+05 1.749e+02 1.363e+03
s>        ( WDBNDRY_E 0 -2.904e+05 1.375e+02 1.354e+03
s>            ( - -1.632e+03 3 0)
s>            ( - -2.886e+05 19 0))
s>        ( - -1.869e+03 1 0))INFO: dtree.c(1315): Comp split 18
INFO: dtree.c(1439): stop. leaf nodes are specific
INFO: dtree.c(1478): Final simple tree
|( WDBNDRY_E 0 -3.614e+03 1.138e+02 1.675e+01
|    ( - -1.632e+03 3 0)
|    ( - -1.869e+03 1 0))
s>    ( WDBNDRY_E 0 -3.614e+03 1.138e+02 1.675e+01
s>        ( - -1.632e+03 3 0)
s>        ( - -1.869e+03 1 0))INFO: dtree.c(1315): Comp split 19
INFO: dtree.c(1439): stop. leaf nodes are specific
INFO: dtree.c(1478): Final simple tree
|( WDBNDRY_E 0 -2.125e+03 1.024e+02 1.001e+01
|    ( - -1.496e+03 2 0)
|    ( - -5.267e+02 1 0))
s>    ( WDBNDRY_E 0 -2.125e+03 1.024e+02 1.001e+01
s>        ( - -1.496e+03 2 0)
s>        ( - -5.267e+02 1 0))INFO: dtree.c(1315): Comp split 20
INFO: dtree.c(1315): Comp split 21
INFO: dtree.c(1315): Comp split 22
INFO: dtree.c(1315): Comp split 23
INFO: dtree.c(1315): Comp split 24
INFO: dtree.c(1315): Comp split 25
INFO: dtree.c(1315): Comp split 26
INFO: dtree.c(1315): Comp split 27
INFO: dtree.c(1315): Comp split 28
INFO: dtree.c(1318): stop. leaf nodes are specific
Fri Mar 31 15:51:40 2023
