Current configuration:
[NAME]		[DEFLT]	[VALUE]
-allphones	no	no
-cntthresh	0.00001	1.000000e-05
-csplitmax	100	2000
-csplitmin	1	1
-csplitthr	8e-4	0.000000e+00
-example	no	no
-fullvar	no	no
-help		no	no
-meanfn			/home/lucija/Documents/Zadnji semestar/ROGJ/Prezentacije/CMUspinx/tutorial11/model_parameters/my_db.cd_cont_untied/means
-mixwfn			/home/lucija/Documents/Zadnji semestar/ROGJ/Prezentacije/CMUspinx/tutorial11/model_parameters/my_db.cd_cont_untied/mixture_weights
-moddeffn		/home/lucija/Documents/Zadnji semestar/ROGJ/Prezentacije/CMUspinx/tutorial11/model_architecture/my_db.untied.mdef
-mwfloor	1e-4	1.000000e-08
-phone			v
-psetfn			/home/lucija/Documents/Zadnji semestar/ROGJ/Prezentacije/CMUspinx/tutorial11/model_architecture/my_db.tree_questions
-ssplitmax	5	7
-ssplitmin	1	1
-ssplitthr	8e-4	0.000000e+00
-state			1
-stwt			1.0,0.05,0.0,
-treefn			/home/lucija/Documents/Zadnji semestar/ROGJ/Prezentacije/CMUspinx/tutorial11/trees/my_db.unpruned/v-1.dtree
-ts2cbfn	.semi.	.cont.
-varfloor	0.00001	1.000000e-05
-varfn			/home/lucija/Documents/Zadnji semestar/ROGJ/Prezentacije/CMUspinx/tutorial11/model_parameters/my_db.cd_cont_untied/variances

INFO: main.c(223): Reading: /home/lucija/Documents/Zadnji semestar/ROGJ/Prezentacije/CMUspinx/tutorial11/model_architecture/my_db.untied.mdef
INFO: model_def_io.c(573): Model definition info:
INFO: model_def_io.c(574): 10613 total models defined (32 base, 10581 tri)
INFO: model_def_io.c(575): 42452 total states
INFO: model_def_io.c(576): 31839 total tied states
INFO: model_def_io.c(577): 96 total tied CI states
INFO: model_def_io.c(578): 32 total tied transition matrices
INFO: model_def_io.c(579): 4 max state/model
INFO: model_def_io.c(580): 4 min state/model
INFO: main.c(242): Building trees for [v NOISE a b] through [v ž i i]
INFO: main.c(268): Covering states |[28827 29678]| == 852
INFO: main.c(275): Reading: /home/lucija/Documents/Zadnji semestar/ROGJ/Prezentacije/CMUspinx/tutorial11/model_parameters/my_db.cd_cont_untied/mixture_weights
INFO: s3mixw_io.c(172): Read /home/lucija/Documents/Zadnji semestar/ROGJ/Prezentacije/CMUspinx/tutorial11/model_parameters/my_db.cd_cont_untied/mixture_weights [852x1x1 array]
INFO: main.c(311): 284 of 284 models have observation count greater than 0.000010
INFO: main.c(95): nrm stwt: 0.045 0.909 0.045 
INFO: s3gau_io.c(168): Read /home/lucija/Documents/Zadnji semestar/ROGJ/Prezentacije/CMUspinx/tutorial11/model_parameters/my_db.cd_cont_untied/means [31839x1x1 array]
INFO: s3gau_io.c(168): Read /home/lucija/Documents/Zadnji semestar/ROGJ/Prezentacije/CMUspinx/tutorial11/model_parameters/my_db.cd_cont_untied/variances [31839x1x1 array]
INFO: main.c(549): Reading: /home/lucija/Documents/Zadnji semestar/ROGJ/Prezentacije/CMUspinx/tutorial11/model_architecture/my_db.tree_questions
INFO: main.c(587): 180 total simple questions (172 phone; 8 word bndry)
INFO: main.c(589): 42 Left Only questions, and 42 Right Only questions
INFO: dtree.c(1478): Final simple tree
|( QUESTION2_6_L -1 -5.429e+06 2.584e+04 2.365e+04
|    ( QUESTION16 -1 -1.339e+06 1.639e+04 5.852e+03
|        ( - -7.543e+05 20 0 WDBNDRY_B 0 1.360e+03 3.376e+03)
|        ( QUESTION7 -1 -5.681e+05 6.599e+03 2.476e+03
|            ( - -1.265e+05 4 0 QUESTION0 1 2.108e+02 5.726e+02)
|            ( - -4.350e+05 62 0 QUESTION19 -1 3.647e+03 1.903e+03)))
|    ( WDBNDRY_B 0 -4.065e+06 1.657e+04 1.780e+04
|        ( QUESTION0 1 -1.304e+06 6.306e+03 5.597e+03
|            ( - -7.819e+05 56 0 QUESTION0 -1 3.801e+03 3.355e+03)
|            ( - -5.159e+05 20 0 QUESTION0 -1 2.796e+03 2.242e+03))
|        ( QUESTION0_10_R 1 -2.744e+06 1.044e+04 1.221e+04
|            ( - -3.342e+05 35 0 QUESTION0_12_R 1 1.400e+03 1.518e+03)
|            ( QUESTION2_3_L -1 -2.399e+06 5.856e+03 1.069e+04
|                ( - -1.103e+05 5 0)
|                ( - -2.283e+06 82 0 QUESTION0 -1 3.087e+03 1.017e+04)))))
s>    ( QUESTION2_6_L -1 -5.429e+06 2.584e+04 2.365e+04
s>        ( QUESTION16 -1 -1.339e+06 1.639e+04 5.852e+03
s>            ( - -7.543e+05 20 0 WDBNDRY_B 0 1.360e+03 3.376e+03)
s>            ( QUESTION7 -1 -5.681e+05 6.599e+03 2.476e+03
s>                ( - -1.265e+05 4 0 QUESTION0 1 2.108e+02 5.726e+02)
s>                ( - -4.350e+05 62 0 QUESTION19 -1 3.647e+03 1.903e+03)))
s>        ( WDBNDRY_B 0 -4.065e+06 1.657e+04 1.780e+04
s>            ( QUESTION0 1 -1.304e+06 6.306e+03 5.597e+03
s>                ( - -7.819e+05 56 0 QUESTION0 -1 3.801e+03 3.355e+03)
s>                ( - -5.159e+05 20 0 QUESTION0 -1 2.796e+03 2.242e+03))
s>            ( QUESTION0_10_R 1 -2.744e+06 1.044e+04 1.221e+04
s>                ( - -3.342e+05 35 0 QUESTION0_12_R 1 1.400e+03 1.518e+03)
s>                ( QUESTION2_3_L -1 -2.399e+06 5.856e+03 1.069e+04
s>                    ( - -1.103e+05 5 0)
s>                    ( - -2.283e+06 82 0 QUESTION0 -1 3.087e+03 1.017e+04)))))INFO: dtree.c(1315): Comp split 0
INFO: dtree.c(1478): Final simple tree
|( WDBNDRY_B 0 -4.065e+06 1.657e+04 1.780e+04
|    ( QUESTION0 1 -1.304e+06 6.306e+03 5.597e+03
|        ( QUESTION0 -1 -7.819e+05 3.801e+03 3.355e+03
|            ( - -4.979e+05 30 0 QUESTION2_0_L -1 1.311e+02 2.148e+03)
|            ( - -2.802e+05 26 0 QUESTION13 -1 1.156e+03 1.207e+03))
|        ( QUESTION0 -1 -5.159e+05 2.796e+03 2.242e+03
|            ( - -1.613e+05 11 0 QUESTION2_0_L -1 1.158e+02 7.117e+02)
|            ( - -3.518e+05 9 0 QUESTION13 -1 7.712e+02 1.530e+03)))
|    ( QUESTION0_10_R 1 -2.744e+06 1.044e+04 1.221e+04
|        ( - -3.342e+05 35 0 QUESTION0_12_R 1 1.400e+03 1.518e+03)
|        ( QUESTION2_3_L -1 -2.399e+06 5.856e+03 1.069e+04
|            ( - -1.103e+05 5 0)
|            ( QUESTION0 -1 -2.283e+06 3.087e+03 1.017e+04
|                ( - -2.098e+06 69 0 QUESTION0 1 2.401e+03 9.356e+03)
|                ( - -1.818e+05 13 0)))))
s>    ( WDBNDRY_B 0 -4.065e+06 1.657e+04 1.780e+04
s>        ( QUESTION0 1 -1.304e+06 6.306e+03 5.597e+03
s>            ( QUESTION0 -1 -7.819e+05 3.801e+03 3.355e+03
s>                ( - -4.979e+05 30 0 QUESTION2_0_L -1 1.311e+02 2.148e+03)
s>                ( - -2.802e+05 26 0 QUESTION13 -1 1.156e+03 1.207e+03))
s>            ( QUESTION0 -1 -5.159e+05 2.796e+03 2.242e+03
s>                ( - -1.613e+05 11 0 QUESTION2_0_L -1 1.158e+02 7.117e+02)
s>                ( - -3.518e+05 9 0 QUESTION13 -1 7.712e+02 1.530e+03)))
s>        ( QUESTION0_10_R 1 -2.744e+06 1.044e+04 1.221e+04
s>            ( - -3.342e+05 35 0 QUESTION0_12_R 1 1.400e+03 1.518e+03)
s>            ( QUESTION2_3_L -1 -2.399e+06 5.856e+03 1.069e+04
s>                ( - -1.103e+05 5 0)
s>                ( QUESTION0 -1 -2.283e+06 3.087e+03 1.017e+04
s>                    ( - -2.098e+06 69 0 QUESTION0 1 2.401e+03 9.356e+03)
s>                    ( - -1.818e+05 13 0)))))INFO: dtree.c(1478): Final simple tree
|( QUESTION16 -1 -1.339e+06 1.639e+04 5.852e+03
|    ( WDBNDRY_B 0 -7.543e+05 1.360e+03 3.376e+03
|        ( - -2.100e+04 13 0 QUESTION0 1 3.230e+02 8.784e+01)
|        ( - -7.319e+05 7 0 QUESTION17 -1 2.405e+02 3.288e+03))
|    ( QUESTION7 -1 -5.681e+05 6.599e+03 2.476e+03
|        ( - -1.265e+05 4 0 QUESTION0 1 2.108e+02 5.726e+02)
|        ( QUESTION19 -1 -4.350e+05 3.647e+03 1.903e+03
|            ( QUESTION0 1 -1.877e+05 7.905e+02 8.411e+02
|                ( - -1.725e+05 10 0 QUESTION2_17_L -1 4.586e+02 7.736e+02)
|                ( - -1.443e+04 2 0 WDBNDRY_B 0 2.302e+02 6.748e+01))
|            ( QUESTION12 -1 -2.436e+05 1.611e+03 1.062e+03
|                ( WDBNDRY_B 0 -1.261e+05 6.636e+02 5.605e+02
|                    ( - -1.852e+04 6 0 QUESTION0 1 1.302e+02 8.360e+01)
|                    ( - -1.070e+05 7 0 QUESTION0 1 1.472e+02 4.769e+02))
|                ( - -1.159e+05 37 0 QUESTION10 -1 6.241e+02 5.016e+02)))))
s>    ( QUESTION16 -1 -1.339e+06 1.639e+04 5.852e+03
s>        ( WDBNDRY_B 0 -7.543e+05 1.360e+03 3.376e+03
s>            ( - -2.100e+04 13 0 QUESTION0 1 3.230e+02 8.784e+01)
s>            ( - -7.319e+05 7 0 QUESTION17 -1 2.405e+02 3.288e+03))
s>        ( QUESTION7 -1 -5.681e+05 6.599e+03 2.476e+03
s>            ( - -1.265e+05 4 0 QUESTION0 1 2.108e+02 5.726e+02)
s>            ( QUESTION19 -1 -4.350e+05 3.647e+03 1.903e+03
s>                ( QUESTION0 1 -1.877e+05 7.905e+02 8.411e+02
s>                    ( - -1.725e+05 10 0 QUESTION2_17_L -1 4.586e+02 7.736e+02)
s>                    ( - -1.443e+04 2 0 WDBNDRY_B 0 2.302e+02 6.748e+01))
s>                ( QUESTION12 -1 -2.436e+05 1.611e+03 1.062e+03
s>                    ( WDBNDRY_B 0 -1.261e+05 6.636e+02 5.605e+02
s>                        ( - -1.852e+04 6 0 QUESTION0 1 1.302e+02 8.360e+01)
s>                        ( - -1.070e+05 7 0 QUESTION0 1 1.472e+02 4.769e+02))
s>                    ( - -1.159e+05 37 0 QUESTION10 -1 6.241e+02 5.016e+02)))))INFO: dtree.c(1315): Comp split 1
INFO: dtree.c(1439): stop. leaf nodes are specific
INFO: dtree.c(1478): Final simple tree
|( QUESTION0 1 -7.473e+05 9.256e+02 3.355e+03
|    ( QUESTION17 -1 -7.319e+05 2.405e+02 3.288e+03
|        ( - -1.640e+03 2 0)
|        ( - -7.301e+05 5 0))
|    ( WDBNDRY_B 0 -1.443e+04 2.302e+02 6.748e+01
|        ( - -1.176e+03 1 0)
|        ( - -1.302e+04 1 0)))
s>    ( QUESTION0 1 -7.473e+05 9.256e+02 3.355e+03
s>        ( QUESTION17 -1 -7.319e+05 2.405e+02 3.288e+03
s>            ( - -1.640e+03 2 0)
s>            ( - -7.301e+05 5 0))
s>        ( WDBNDRY_B 0 -1.443e+04 2.302e+02 6.748e+01
s>            ( - -1.176e+03 1 0)
s>            ( - -1.302e+04 1 0)))INFO: dtree.c(1478): Final simple tree
|( QUESTION7 -1 -5.745e+05 6.587e+03 2.496e+03
|    ( - -1.265e+05 4 0 QUESTION0 1 2.108e+02 5.726e+02)
|    ( QUESTION19 -1 -4.414e+05 3.652e+03 1.924e+03
|        ( QUESTION2_17_L -1 -1.725e+05 4.586e+02 7.736e+02
|            ( - 1.924e+02 1 0)
|            ( - -1.722e+05 9 0 WDBNDRY_B 0 3.616e+02 7.726e+02))
|        ( QUESTION12 -1 -2.652e+05 1.653e+03 1.150e+03
|            ( WDBNDRY_B 0 -1.261e+05 6.636e+02 5.605e+02
|                ( - -1.852e+04 6 0 QUESTION0 1 1.302e+02 8.360e+01)
|                ( - -1.070e+05 7 0 QUESTION0 1 1.472e+02 4.769e+02))
|            ( QUESTION10 -1 -1.374e+05 8.808e+02 5.894e+02
|                ( QUESTION2_15_L -1 -8.939e+04 4.575e+02 3.903e+02
|                    ( - -8.917e+04 13 0 QUESTION0 1 1.816e+02 3.893e+02)
|                    ( - 2.410e+02 1 0))
|                ( - -4.717e+04 36 0 WDBNDRY_B 0 3.205e+02 1.991e+02)))))
s>    ( QUESTION7 -1 -5.745e+05 6.587e+03 2.496e+03
s>        ( - -1.265e+05 4 0 QUESTION0 1 2.108e+02 5.726e+02)
s>        ( QUESTION19 -1 -4.414e+05 3.652e+03 1.924e+03
s>            ( QUESTION2_17_L -1 -1.725e+05 4.586e+02 7.736e+02
s>                ( - 1.924e+02 1 0)
s>                ( - -1.722e+05 9 0 WDBNDRY_B 0 3.616e+02 7.726e+02))
s>            ( QUESTION12 -1 -2.652e+05 1.653e+03 1.150e+03
s>                ( WDBNDRY_B 0 -1.261e+05 6.636e+02 5.605e+02
s>                    ( - -1.852e+04 6 0 QUESTION0 1 1.302e+02 8.360e+01)
s>                    ( - -1.070e+05 7 0 QUESTION0 1 1.472e+02 4.769e+02))
s>                ( QUESTION10 -1 -1.374e+05 8.808e+02 5.894e+02
s>                    ( QUESTION2_15_L -1 -8.939e+04 4.575e+02 3.903e+02
s>                        ( - -8.917e+04 13 0 QUESTION0 1 1.816e+02 3.893e+02)
s>                        ( - 2.410e+02 1 0))
s>                    ( - -4.717e+04 36 0 WDBNDRY_B 0 3.205e+02 1.991e+02)))))INFO: dtree.c(1315): Comp split 2
INFO: dtree.c(1478): Final simple tree
|( QUESTION0_10_R 1 -2.744e+06 1.044e+04 1.221e+04
|    ( QUESTION0_12_R 1 -3.342e+05 1.400e+03 1.518e+03
|        ( - -2.773e+05 7 0 WDBNDRY_E 0 1.010e+02 1.272e+03)
|        ( QUESTION0 1 -5.559e+04 8.061e+02 2.454e+02
|            ( - -2.300e+04 6 0 WDBNDRY_E 0 1.991e+02 1.051e+02)
|            ( - -3.179e+04 22 0 QUESTION0_20_R 1 4.623e+02 1.404e+02)))
|    ( QUESTION2_3_L -1 -2.399e+06 5.856e+03 1.069e+04
|        ( - -1.103e+05 5 0)
|        ( QUESTION0 -1 -2.283e+06 3.087e+03 1.017e+04
|            ( QUESTION0 1 -2.098e+06 2.401e+03 9.356e+03
|                ( - -2.013e+06 38 0 WDBNDRY_E 0 2.265e+02 8.998e+03)
|                ( QUESTION0_0_R 1 -8.266e+04 1.059e+03 3.584e+02
|                    ( - -6.170e+04 8 0 WDBNDRY_E 0 4.330e+02 2.718e+02)
|                    ( - -1.990e+04 23 0 WDBNDRY_S 0 4.435e+02 8.651e+01)))
|            ( - -1.818e+05 13 0))))
s>    ( QUESTION0_10_R 1 -2.744e+06 1.044e+04 1.221e+04
s>        ( QUESTION0_12_R 1 -3.342e+05 1.400e+03 1.518e+03
s>            ( - -2.773e+05 7 0 WDBNDRY_E 0 1.010e+02 1.272e+03)
s>            ( QUESTION0 1 -5.559e+04 8.061e+02 2.454e+02
s>                ( - -2.300e+04 6 0 WDBNDRY_E 0 1.991e+02 1.051e+02)
s>                ( - -3.179e+04 22 0 QUESTION0_20_R 1 4.623e+02 1.404e+02)))
s>        ( QUESTION2_3_L -1 -2.399e+06 5.856e+03 1.069e+04
s>            ( - -1.103e+05 5 0)
s>            ( QUESTION0 -1 -2.283e+06 3.087e+03 1.017e+04
s>                ( QUESTION0 1 -2.098e+06 2.401e+03 9.356e+03
s>                    ( - -2.013e+06 38 0 WDBNDRY_E 0 2.265e+02 8.998e+03)
s>                    ( QUESTION0_0_R 1 -8.266e+04 1.059e+03 3.584e+02
s>                        ( - -6.170e+04 8 0 WDBNDRY_E 0 4.330e+02 2.718e+02)
s>                        ( - -1.990e+04 23 0 WDBNDRY_S 0 4.435e+02 8.651e+01)))
s>                ( - -1.818e+05 13 0))))INFO: dtree.c(1478): Final simple tree
|( QUESTION0 1 -1.304e+06 6.306e+03 5.597e+03
|    ( QUESTION0 -1 -7.819e+05 3.801e+03 3.355e+03
|        ( - -4.979e+05 30 0 QUESTION2_0_L -1 1.311e+02 2.148e+03)
|        ( QUESTION13 -1 -2.802e+05 1.156e+03 1.207e+03
|            ( - -4.715e+04 14 0)
|            ( SILENCE -1 -2.319e+05 6.846e+02 1.005e+03
|                ( - -1.616e+05 6 0)
|                ( - -6.961e+04 6 0))))
|    ( QUESTION0 -1 -5.159e+05 2.796e+03 2.242e+03
|        ( - -1.613e+05 11 0 QUESTION2_0_L -1 1.158e+02 7.117e+02)
|        ( QUESTION13 -1 -3.518e+05 7.712e+02 1.530e+03
|            ( - -2.899e+04 5 0)
|            ( SILENCE -1 -3.220e+05 2.677e+02 1.412e+03
|                ( - -2.768e+05 2 0)
|                ( - -4.496e+04 2 0)))))
s>    ( QUESTION0 1 -1.304e+06 6.306e+03 5.597e+03
s>        ( QUESTION0 -1 -7.819e+05 3.801e+03 3.355e+03
s>            ( - -4.979e+05 30 0 QUESTION2_0_L -1 1.311e+02 2.148e+03)
s>            ( QUESTION13 -1 -2.802e+05 1.156e+03 1.207e+03
s>                ( - -4.715e+04 14 0)
s>                ( SILENCE -1 -2.319e+05 6.846e+02 1.005e+03
s>                    ( - -1.616e+05 6 0)
s>                    ( - -6.961e+04 6 0))))
s>        ( QUESTION0 -1 -5.159e+05 2.796e+03 2.242e+03
s>            ( - -1.613e+05 11 0 QUESTION2_0_L -1 1.158e+02 7.117e+02)
s>            ( QUESTION13 -1 -3.518e+05 7.712e+02 1.530e+03
s>                ( - -2.899e+04 5 0)
s>                ( SILENCE -1 -3.220e+05 2.677e+02 1.412e+03
s>                    ( - -2.768e+05 2 0)
s>                    ( - -4.496e+04 2 0)))))INFO: dtree.c(1315): Comp split 3
INFO: dtree.c(1478): Final simple tree
|( QUESTION0 -1 -2.283e+06 3.087e+03 1.017e+04
|    ( QUESTION0 1 -2.098e+06 2.401e+03 9.356e+03
|        ( WDBNDRY_E 0 -2.013e+06 2.265e+02 8.998e+03
|            ( - -6.509e+03 10 0)
|            ( - -2.006e+06 28 0))
|        ( QUESTION0_0_R 1 -8.266e+04 1.059e+03 3.584e+02
|            ( WDBNDRY_E 0 -6.170e+04 4.330e+02 2.718e+02
|                ( - 1.926e+02 1 0)
|                ( - -6.146e+04 7 0))
|            ( WDBNDRY_S 0 -1.990e+04 4.435e+02 8.651e+01
|                ( - 2.070e+02 1 0)
|                ( QUESTION0_5_R 1 -1.966e+04 3.310e+02 8.551e+01
|                    ( - -4.315e+03 6 0 WDBNDRY_E 0 9.501e+01 1.999e+01)
|                    ( - -1.501e+04 16 0 QUESTION0_4_R 1 1.840e+02 6.552e+01)))))
|    ( - -1.818e+05 13 0))
s>    ( QUESTION0 -1 -2.283e+06 3.087e+03 1.017e+04
s>        ( QUESTION0 1 -2.098e+06 2.401e+03 9.356e+03
s>            ( WDBNDRY_E 0 -2.013e+06 2.265e+02 8.998e+03
s>                ( - -6.509e+03 10 0)
s>                ( - -2.006e+06 28 0))
s>            ( QUESTION0_0_R 1 -8.266e+04 1.059e+03 3.584e+02
s>                ( WDBNDRY_E 0 -6.170e+04 4.330e+02 2.718e+02
s>                    ( - 1.926e+02 1 0)
s>                    ( - -6.146e+04 7 0))
s>                ( WDBNDRY_S 0 -1.990e+04 4.435e+02 8.651e+01
s>                    ( - 2.070e+02 1 0)
s>                    ( QUESTION0_5_R 1 -1.966e+04 3.310e+02 8.551e+01
s>                        ( - -4.315e+03 6 0 WDBNDRY_E 0 9.501e+01 1.999e+01)
s>                        ( - -1.501e+04 16 0 QUESTION0_4_R 1 1.840e+02 6.552e+01)))))
s>        ( - -1.818e+05 13 0))INFO: dtree.c(1478): Final simple tree
|( QUESTION0_0_R 1 -4.492e+05 4.646e+03 2.035e+03
|    ( - -1.103e+05 5 0)
|    ( QUESTION0_12_R 1 -3.342e+05 1.400e+03 1.518e+03
|        ( - -2.773e+05 7 0 WDBNDRY_E 0 1.010e+02 1.272e+03)
|        ( QUESTION0 1 -5.559e+04 8.061e+02 2.454e+02
|            ( WDBNDRY_E 0 -2.300e+04 1.991e+02 1.051e+02
|                ( - -5.389e+02 1 0)
|                ( - -2.226e+04 5 0))
|            ( QUESTION0_20_R 1 -3.179e+04 4.623e+02 1.404e+02
|                ( - 2.416e+02 1 0)
|                ( QUESTION0_16_R 1 -3.157e+04 3.567e+02 1.394e+02
|                    ( - -1.333e+04 13 0 QUESTION20 1 1.847e+02 5.946e+01)
|                    ( QUESTION0_11_R 1 -1.788e+04 2.138e+02 7.991e+01
|                        ( - -6.233e+03 1 0)
|                        ( - -1.144e+04 7 0 QUESTION17 1 1.557e+02 4.970e+01)))))))
s>    ( QUESTION0_0_R 1 -4.492e+05 4.646e+03 2.035e+03
s>        ( - -1.103e+05 5 0)
s>        ( QUESTION0_12_R 1 -3.342e+05 1.400e+03 1.518e+03
s>            ( - -2.773e+05 7 0 WDBNDRY_E 0 1.010e+02 1.272e+03)
s>            ( QUESTION0 1 -5.559e+04 8.061e+02 2.454e+02
s>                ( WDBNDRY_E 0 -2.300e+04 1.991e+02 1.051e+02
s>                    ( - -5.389e+02 1 0)
s>                    ( - -2.226e+04 5 0))
s>                ( QUESTION0_20_R 1 -3.179e+04 4.623e+02 1.404e+02
s>                    ( - 2.416e+02 1 0)
s>                    ( QUESTION0_16_R 1 -3.157e+04 3.567e+02 1.394e+02
s>                        ( - -1.333e+04 13 0 QUESTION20 1 1.847e+02 5.946e+01)
s>                        ( QUESTION0_11_R 1 -1.788e+04 2.138e+02 7.991e+01
s>                            ( - -6.233e+03 1 0)
s>                            ( - -1.144e+04 7 0 QUESTION17 1 1.557e+02 4.970e+01)))))))INFO: dtree.c(1315): Comp split 4
INFO: dtree.c(1478): Final simple tree
|( QUESTION19 -1 -4.414e+05 3.652e+03 1.924e+03
|    ( QUESTION2_17_L -1 -1.725e+05 4.586e+02 7.736e+02
|        ( - 1.924e+02 1 0)
|        ( WDBNDRY_B 0 -1.722e+05 3.616e+02 7.726e+02
|            ( - -3.240e+03 4 0)
|            ( - -1.686e+05 5 0)))
|    ( QUESTION12 -1 -2.652e+05 1.653e+03 1.150e+03
|        ( WDBNDRY_B 0 -1.261e+05 6.636e+02 5.605e+02
|            ( - -1.852e+04 6 0 QUESTION0 1 1.302e+02 8.360e+01)
|            ( - -1.070e+05 7 0 QUESTION0 1 1.472e+02 4.769e+02))
|        ( QUESTION10 -1 -1.374e+05 8.808e+02 5.894e+02
|            ( QUESTION2_15_L -1 -8.939e+04 4.575e+02 3.903e+02
|                ( - -8.917e+04 13 0 QUESTION0 1 1.816e+02 3.893e+02)
|                ( - 2.410e+02 1 0))
|            ( - -4.717e+04 36 0 WDBNDRY_B 0 3.205e+02 1.991e+02))))
s>    ( QUESTION19 -1 -4.414e+05 3.652e+03 1.924e+03
s>        ( QUESTION2_17_L -1 -1.725e+05 4.586e+02 7.736e+02
s>            ( - 1.924e+02 1 0)
s>            ( WDBNDRY_B 0 -1.722e+05 3.616e+02 7.726e+02
s>                ( - -3.240e+03 4 0)
s>                ( - -1.686e+05 5 0)))
s>        ( QUESTION12 -1 -2.652e+05 1.653e+03 1.150e+03
s>            ( WDBNDRY_B 0 -1.261e+05 6.636e+02 5.605e+02
s>                ( - -1.852e+04 6 0 QUESTION0 1 1.302e+02 8.360e+01)
s>                ( - -1.070e+05 7 0 QUESTION0 1 1.472e+02 4.769e+02))
s>            ( QUESTION10 -1 -1.374e+05 8.808e+02 5.894e+02
s>                ( QUESTION2_15_L -1 -8.939e+04 4.575e+02 3.903e+02
s>                    ( - -8.917e+04 13 0 QUESTION0 1 1.816e+02 3.893e+02)
s>                    ( - 2.410e+02 1 0))
s>                ( - -4.717e+04 36 0 WDBNDRY_B 0 3.205e+02 1.991e+02))))INFO: dtree.c(1439): stop. leaf nodes are specific
INFO: dtree.c(1478): Final simple tree
|( QUESTION0 1 -1.265e+05 2.108e+02 5.726e+02
|    ( WDBNDRY_B 0 -1.252e+05 1.588e+02 5.676e+02
|        ( - -2.954e+02 1 0)
|        ( - -1.248e+05 1 0))
|    ( WDBNDRY_B 0 -1.064e+03 4.835e+02 5.000e+00
|        ( - 1.857e+02 1 0)
|        ( - -7.658e+02 1 0)))
s>    ( QUESTION0 1 -1.265e+05 2.108e+02 5.726e+02
s>        ( WDBNDRY_B 0 -1.252e+05 1.588e+02 5.676e+02
s>            ( - -2.954e+02 1 0)
s>            ( - -1.248e+05 1 0))
s>        ( WDBNDRY_B 0 -1.064e+03 4.835e+02 5.000e+00
s>            ( - 1.857e+02 1 0)
s>            ( - -7.658e+02 1 0)))INFO: dtree.c(1315): Comp split 5
INFO: dtree.c(1439): stop. leaf nodes are specific
INFO: dtree.c(1478): Final simple tree
|( SILENCE -1 -3.220e+05 2.677e+02 1.412e+03
|    ( - -2.768e+05 2 0)
|    ( - -4.496e+04 2 0))
s>    ( SILENCE -1 -3.220e+05 2.677e+02 1.412e+03
s>        ( - -2.768e+05 2 0)
s>        ( - -4.496e+04 2 0))INFO: dtree.c(1478): Final simple tree
|( QUESTION0 -1 -9.757e+05 4.356e+03 4.185e+03
|    ( QUESTION0 1 -6.613e+05 2.022e+03 2.859e+03
|        ( QUESTION2_0_L -1 -4.979e+05 1.311e+02 2.148e+03
|            ( - -4.965e+05 28 0)
|            ( - -1.244e+03 2 0))
|        ( QUESTION2_0_L -1 -1.613e+05 1.158e+02 7.117e+02
|            ( - -1.590e+05 9 0)
|            ( - -2.185e+03 2 0)))
|    ( QUESTION13 -1 -3.101e+05 1.601e+03 1.325e+03
|        ( QUESTION0 1 -7.656e+04 4.204e+02 3.206e+02
|            ( - -4.715e+04 14 0)
|            ( - -2.899e+04 5 0))
|        ( SILENCE -1 -2.319e+05 6.846e+02 1.005e+03
|            ( - -1.616e+05 6 0)
|            ( - -6.961e+04 6 0))))
s>    ( QUESTION0 -1 -9.757e+05 4.356e+03 4.185e+03
s>        ( QUESTION0 1 -6.613e+05 2.022e+03 2.859e+03
s>            ( QUESTION2_0_L -1 -4.979e+05 1.311e+02 2.148e+03
s>                ( - -4.965e+05 28 0)
s>                ( - -1.244e+03 2 0))
s>            ( QUESTION2_0_L -1 -1.613e+05 1.158e+02 7.117e+02
s>                ( - -1.590e+05 9 0)
s>                ( - -2.185e+03 2 0)))
s>        ( QUESTION13 -1 -3.101e+05 1.601e+03 1.325e+03
s>            ( QUESTION0 1 -7.656e+04 4.204e+02 3.206e+02
s>                ( - -4.715e+04 14 0)
s>                ( - -2.899e+04 5 0))
s>            ( SILENCE -1 -2.319e+05 6.846e+02 1.005e+03
s>                ( - -1.616e+05 6 0)
s>                ( - -6.961e+04 6 0))))INFO: dtree.c(1315): Comp split 6
INFO: dtree.c(1439): stop. leaf nodes are specific
INFO: dtree.c(1478): Final simple tree
|( SILENCE -1 -2.319e+05 6.846e+02 1.005e+03
|    ( - -1.616e+05 6 0)
|    ( - -6.961e+04 6 0))
s>    ( SILENCE -1 -2.319e+05 6.846e+02 1.005e+03
s>        ( - -1.616e+05 6 0)
s>        ( - -6.961e+04 6 0))INFO: dtree.c(1439): stop. leaf nodes are specific
INFO: dtree.c(1478): Final simple tree
|( QUESTION0 1 -7.383e+05 1.981e+03 3.180e+03
|    ( QUESTION0 -1 -5.454e+05 3.619e+02 2.350e+03
|        ( QUESTION2_0_L -1 -4.979e+05 1.311e+02 2.148e+03
|            ( - -4.965e+05 28 0)
|            ( - -1.244e+03 2 0))
|        ( - -4.715e+04 14 0))
|    ( QUESTION0 -1 -1.909e+05 5.777e+02 8.298e+02
|        ( QUESTION2_0_L -1 -1.613e+05 1.158e+02 7.117e+02
|            ( - -1.590e+05 9 0)
|            ( - -2.185e+03 2 0))
|        ( - -2.899e+04 5 0)))
s>    ( QUESTION0 1 -7.383e+05 1.981e+03 3.180e+03
s>        ( QUESTION0 -1 -5.454e+05 3.619e+02 2.350e+03
s>            ( QUESTION2_0_L -1 -4.979e+05 1.311e+02 2.148e+03
s>                ( - -4.965e+05 28 0)
s>                ( - -1.244e+03 2 0))
s>            ( - -4.715e+04 14 0))
s>        ( QUESTION0 -1 -1.909e+05 5.777e+02 8.298e+02
s>            ( QUESTION2_0_L -1 -1.613e+05 1.158e+02 7.117e+02
s>                ( - -1.590e+05 9 0)
s>                ( - -2.185e+03 2 0))
s>            ( - -2.899e+04 5 0)))INFO: dtree.c(1315): Comp split 7
INFO: dtree.c(1439): stop. leaf nodes are specific
INFO: dtree.c(1478): Final simple tree
|( WDBNDRY_E 0 -1.110e+05 1.657e+02 5.197e+02
|    ( - -5.389e+02 1 0)
|    ( - -1.103e+05 5 0))
s>    ( WDBNDRY_E 0 -1.110e+05 1.657e+02 5.197e+02
s>        ( - -5.389e+02 1 0)
s>        ( - -1.103e+05 5 0))INFO: dtree.c(1478): Final simple tree
|( QUESTION0_12_R 1 -3.335e+05 1.392e+03 1.515e+03
|    ( - -2.773e+05 7 0 WDBNDRY_E 0 1.010e+02 1.272e+03)
|    ( QUESTION0 1 -5.486e+04 8.124e+02 2.424e+02
|        ( - -2.226e+04 5 0)
|        ( QUESTION0_20_R 1 -3.179e+04 4.623e+02 1.404e+02
|            ( - 2.416e+02 1 0)
|            ( QUESTION0_16_R 1 -3.157e+04 3.567e+02 1.394e+02
|                ( QUESTION20 1 -1.333e+04 1.847e+02 5.946e+01
|                    ( - -8.492e+03 5 0 WDBNDRY_E 0 1.237e+02 3.846e+01)
|                    ( - -4.654e+03 8 0 WDBNDRY_E 0 9.602e+01 2.100e+01))
|                ( QUESTION0_11_R 1 -1.788e+04 2.138e+02 7.991e+01
|                    ( - -6.233e+03 1 0)
|                    ( QUESTION17 1 -1.144e+04 1.557e+02 4.970e+01
|                        ( - -8.553e+03 3 0)
|                        ( - -2.729e+03 4 0 WDBNDRY_E 0 1.066e+02 1.300e+01)))))))
s>    ( QUESTION0_12_R 1 -3.335e+05 1.392e+03 1.515e+03
s>        ( - -2.773e+05 7 0 WDBNDRY_E 0 1.010e+02 1.272e+03)
s>        ( QUESTION0 1 -5.486e+04 8.124e+02 2.424e+02
s>            ( - -2.226e+04 5 0)
s>            ( QUESTION0_20_R 1 -3.179e+04 4.623e+02 1.404e+02
s>                ( - 2.416e+02 1 0)
s>                ( QUESTION0_16_R 1 -3.157e+04 3.567e+02 1.394e+02
s>                    ( QUESTION20 1 -1.333e+04 1.847e+02 5.946e+01
s>                        ( - -8.492e+03 5 0 WDBNDRY_E 0 1.237e+02 3.846e+01)
s>                        ( - -4.654e+03 8 0 WDBNDRY_E 0 9.602e+01 2.100e+01))
s>                    ( QUESTION0_11_R 1 -1.788e+04 2.138e+02 7.991e+01
s>                        ( - -6.233e+03 1 0)
s>                        ( QUESTION17 1 -1.144e+04 1.557e+02 4.970e+01
s>                            ( - -8.553e+03 3 0)
s>                            ( - -2.729e+03 4 0 WDBNDRY_E 0 1.066e+02 1.300e+01)))))))INFO: dtree.c(1315): Comp split 8
INFO: dtree.c(1478): Final simple tree
|( QUESTION12 -1 -2.689e+05 1.663e+03 1.164e+03
|    ( WDBNDRY_B 0 -1.261e+05 6.636e+02 5.605e+02
|        ( - -1.852e+04 6 0 QUESTION0 1 1.302e+02 8.360e+01)
|        ( - -1.070e+05 7 0 QUESTION0 1 1.472e+02 4.769e+02))
|    ( QUESTION10 -1 -1.411e+05 9.148e+02 6.034e+02
|        ( QUESTION2_15_L -1 -8.939e+04 4.575e+02 3.903e+02
|            ( - -8.917e+04 13 0 QUESTION0 1 1.816e+02 3.893e+02)
|            ( - 2.410e+02 1 0))
|        ( WDBNDRY_B 0 -5.075e+04 3.338e+02 2.131e+02
|            ( QUESTION0 1 -3.652e+04 3.508e+02 1.508e+02
|                ( QUESTION17 -1 -2.430e+04 1.860e+02 1.010e+02
|                    ( - -1.189e+04 6 0)
|                    ( - -1.223e+04 17 0 QUESTION19 -1 1.119e+02 5.100e+01))
|                ( - -1.186e+04 8 0 QUESTION2 -1 1.430e+02 4.987e+01))
|            ( - -1.391e+04 10 0 QUESTION2 -1 1.749e+02 6.231e+01))))
s>    ( QUESTION12 -1 -2.689e+05 1.663e+03 1.164e+03
s>        ( WDBNDRY_B 0 -1.261e+05 6.636e+02 5.605e+02
s>            ( - -1.852e+04 6 0 QUESTION0 1 1.302e+02 8.360e+01)
s>            ( - -1.070e+05 7 0 QUESTION0 1 1.472e+02 4.769e+02))
s>        ( QUESTION10 -1 -1.411e+05 9.148e+02 6.034e+02
s>            ( QUESTION2_15_L -1 -8.939e+04 4.575e+02 3.903e+02
s>                ( - -8.917e+04 13 0 QUESTION0 1 1.816e+02 3.893e+02)
s>                ( - 2.410e+02 1 0))
s>            ( WDBNDRY_B 0 -5.075e+04 3.338e+02 2.131e+02
s>                ( QUESTION0 1 -3.652e+04 3.508e+02 1.508e+02
s>                    ( QUESTION17 -1 -2.430e+04 1.860e+02 1.010e+02
s>                        ( - -1.189e+04 6 0)
s>                        ( - -1.223e+04 17 0 QUESTION19 -1 1.119e+02 5.100e+01))
s>                    ( - -1.186e+04 8 0 QUESTION2 -1 1.430e+02 4.987e+01))
s>                ( - -1.391e+04 10 0 QUESTION2 -1 1.749e+02 6.231e+01))))INFO: dtree.c(1315): Comp split 9
INFO: dtree.c(1439): stop. leaf nodes are specific
INFO: dtree.c(1478): Final simple tree
|( WDBNDRY_E 0 -2.006e+06 4.293e+02 8.973e+03
|    ( - 1.926e+02 1 0)
|    ( - -2.006e+06 28 0))
s>    ( WDBNDRY_E 0 -2.006e+06 4.293e+02 8.973e+03
s>        ( - 1.926e+02 1 0)
s>        ( - -2.006e+06 28 0))INFO: dtree.c(1478): Final simple tree
|( QUESTION0 1 -2.726e+05 1.594e+03 1.198e+03
|    ( WDBNDRY_E 0 -1.886e+05 2.390e+02 8.404e+02
|        ( - -6.509e+03 10 0)
|        ( - -1.818e+05 13 0))
|    ( QUESTION0_0_R 1 -8.242e+04 1.059e+03 3.574e+02
|        ( - -6.146e+04 7 0)
|        ( WDBNDRY_S 0 -1.990e+04 4.435e+02 8.651e+01
|            ( - 2.070e+02 1 0)
|            ( QUESTION0_5_R 1 -1.966e+04 3.310e+02 8.551e+01
|                ( - -4.315e+03 6 0 WDBNDRY_E 0 9.501e+01 1.999e+01)
|                ( QUESTION0_4_R 1 -1.501e+04 1.840e+02 6.552e+01
|                    ( - -3.500e+03 2 0)
|                    ( WDBNDRY_E 0 -1.133e+04 1.488e+02 4.913e+01
|                        ( - -6.723e+03 11 0 SILENCE 1 1.178e+02 2.801e+01)
|                        ( - -4.458e+03 3 0)))))))
s>    ( QUESTION0 1 -2.726e+05 1.594e+03 1.198e+03
s>        ( WDBNDRY_E 0 -1.886e+05 2.390e+02 8.404e+02
s>            ( - -6.509e+03 10 0)
s>            ( - -1.818e+05 13 0))
s>        ( QUESTION0_0_R 1 -8.242e+04 1.059e+03 3.574e+02
s>            ( - -6.146e+04 7 0)
s>            ( WDBNDRY_S 0 -1.990e+04 4.435e+02 8.651e+01
s>                ( - 2.070e+02 1 0)
s>                ( QUESTION0_5_R 1 -1.966e+04 3.310e+02 8.551e+01
s>                    ( - -4.315e+03 6 0 WDBNDRY_E 0 9.501e+01 1.999e+01)
s>                    ( QUESTION0_4_R 1 -1.501e+04 1.840e+02 6.552e+01
s>                        ( - -3.500e+03 2 0)
s>                        ( WDBNDRY_E 0 -1.133e+04 1.488e+02 4.913e+01
s>                            ( - -6.723e+03 11 0 SILENCE 1 1.178e+02 2.801e+01)
s>                            ( - -4.458e+03 3 0)))))))INFO: dtree.c(1315): Comp split 10
INFO: dtree.c(1439): stop. leaf nodes are specific
INFO: dtree.c(1478): Final simple tree
|( QUESTION0 -1 -1.909e+05 5.777e+02 8.298e+02
|    ( QUESTION2_0_L -1 -1.613e+05 1.158e+02 7.117e+02
|        ( - -1.590e+05 9 0)
|        ( - -2.185e+03 2 0))
|    ( - -2.899e+04 5 0))
s>    ( QUESTION0 -1 -1.909e+05 5.777e+02 8.298e+02
s>        ( QUESTION2_0_L -1 -1.613e+05 1.158e+02 7.117e+02
s>            ( - -1.590e+05 9 0)
s>            ( - -2.185e+03 2 0))
s>        ( - -2.899e+04 5 0))INFO: dtree.c(1439): stop. leaf nodes are specific
INFO: dtree.c(1478): Final simple tree
|( QUESTION0 -1 -5.454e+05 3.619e+02 2.350e+03
|    ( QUESTION2_0_L -1 -4.979e+05 1.311e+02 2.148e+03
|        ( - -4.965e+05 28 0)
|        ( - -1.244e+03 2 0))
|    ( - -4.715e+04 14 0))
s>    ( QUESTION0 -1 -5.454e+05 3.619e+02 2.350e+03
s>        ( QUESTION2_0_L -1 -4.979e+05 1.311e+02 2.148e+03
s>            ( - -4.965e+05 28 0)
s>            ( - -1.244e+03 2 0))
s>        ( - -4.715e+04 14 0))INFO: dtree.c(1315): Comp split 11
INFO: dtree.c(1439): stop. leaf nodes are specific
INFO: dtree.c(1478): Final simple tree
|( QUESTION11 -1 -1.072e+05 4.599e+02 4.779e+02
|    ( - 2.410e+02 1 0)
|    ( QUESTION0 1 -1.070e+05 1.472e+02 4.769e+02
|        ( - -1.065e+05 6 0)
|        ( - -3.402e+02 1 0)))
s>    ( QUESTION11 -1 -1.072e+05 4.599e+02 4.779e+02
s>        ( - 2.410e+02 1 0)
s>        ( QUESTION0 1 -1.070e+05 1.472e+02 4.769e+02
s>            ( - -1.065e+05 6 0)
s>            ( - -3.402e+02 1 0)))INFO: dtree.c(1478): Final simple tree
|( QUESTION11 -1 -1.600e+05 1.016e+03 6.860e+02
|    ( QUESTION0 1 -8.917e+04 1.816e+02 3.893e+02
|        ( WDBNDRY_B 0 -8.698e+04 1.883e+02 3.803e+02
|            ( - -4.839e+03 5 0)
|            ( - -8.196e+04 6 0))
|        ( - -2.004e+03 2 0 WDBNDRY_B 0 1.087e+02 9.000e+00))
|    ( QUESTION10 -1 -6.980e+04 5.295e+02 2.967e+02
|        ( - -1.852e+04 6 0 QUESTION0 1 1.302e+02 8.360e+01)
|        ( WDBNDRY_B 0 -5.075e+04 3.338e+02 2.131e+02
|            ( QUESTION0 1 -3.652e+04 3.508e+02 1.508e+02
|                ( QUESTION17 -1 -2.430e+04 1.860e+02 1.010e+02
|                    ( - -1.189e+04 6 0)
|                    ( - -1.223e+04 17 0 QUESTION19 -1 1.119e+02 5.100e+01))
|                ( - -1.186e+04 8 0 QUESTION2 -1 1.430e+02 4.987e+01))
|            ( - -1.391e+04 10 0 QUESTION2 -1 1.749e+02 6.231e+01))))
s>    ( QUESTION11 -1 -1.600e+05 1.016e+03 6.860e+02
s>        ( QUESTION0 1 -8.917e+04 1.816e+02 3.893e+02
s>            ( WDBNDRY_B 0 -8.698e+04 1.883e+02 3.803e+02
s>                ( - -4.839e+03 5 0)
s>                ( - -8.196e+04 6 0))
s>            ( - -2.004e+03 2 0 WDBNDRY_B 0 1.087e+02 9.000e+00))
s>        ( QUESTION10 -1 -6.980e+04 5.295e+02 2.967e+02
s>            ( - -1.852e+04 6 0 QUESTION0 1 1.302e+02 8.360e+01)
s>            ( WDBNDRY_B 0 -5.075e+04 3.338e+02 2.131e+02
s>                ( QUESTION0 1 -3.652e+04 3.508e+02 1.508e+02
s>                    ( QUESTION17 -1 -2.430e+04 1.860e+02 1.010e+02
s>                        ( - -1.189e+04 6 0)
s>                        ( - -1.223e+04 17 0 QUESTION19 -1 1.119e+02 5.100e+01))
s>                    ( - -1.186e+04 8 0 QUESTION2 -1 1.430e+02 4.987e+01))
s>                ( - -1.391e+04 10 0 QUESTION2 -1 1.749e+02 6.231e+01))))INFO: dtree.c(1315): Comp split 12
INFO: dtree.c(1478): Final simple tree
|( QUESTION0_0_R 1 -8.242e+04 1.059e+03 3.574e+02
|    ( - -6.146e+04 7 0)
|    ( WDBNDRY_S 0 -1.990e+04 4.435e+02 8.651e+01
|        ( - 2.070e+02 1 0)
|        ( QUESTION0_5_R 1 -1.966e+04 3.310e+02 8.551e+01
|            ( - -4.315e+03 6 0 WDBNDRY_E 0 9.501e+01 1.999e+01)
|            ( QUESTION0_4_R 1 -1.501e+04 1.840e+02 6.552e+01
|                ( - -3.500e+03 2 0)
|                ( WDBNDRY_E 0 -1.133e+04 1.488e+02 4.913e+01
|                    ( SILENCE 1 -6.723e+03 1.178e+02 2.801e+01
|                        ( - -2.516e+03 3 0)
|                        ( QUESTION0_2_R 1 -4.089e+03 1.062e+02 1.800e+01
|                            ( - -3.636e+03 6 0 QUESTION11 1 9.846e+01 1.600e+01)
|                            ( - -3.475e+02 2 0)))
|                    ( - -4.458e+03 3 0))))))
s>    ( QUESTION0_0_R 1 -8.242e+04 1.059e+03 3.574e+02
s>        ( - -6.146e+04 7 0)
s>        ( WDBNDRY_S 0 -1.990e+04 4.435e+02 8.651e+01
s>            ( - 2.070e+02 1 0)
s>            ( QUESTION0_5_R 1 -1.966e+04 3.310e+02 8.551e+01
s>                ( - -4.315e+03 6 0 WDBNDRY_E 0 9.501e+01 1.999e+01)
s>                ( QUESTION0_4_R 1 -1.501e+04 1.840e+02 6.552e+01
s>                    ( - -3.500e+03 2 0)
s>                    ( WDBNDRY_E 0 -1.133e+04 1.488e+02 4.913e+01
s>                        ( SILENCE 1 -6.723e+03 1.178e+02 2.801e+01
s>                            ( - -2.516e+03 3 0)
s>                            ( QUESTION0_2_R 1 -4.089e+03 1.062e+02 1.800e+01
s>                                ( - -3.636e+03 6 0 QUESTION11 1 9.846e+01 1.600e+01)
s>                                ( - -3.475e+02 2 0)))
s>                        ( - -4.458e+03 3 0))))))INFO: dtree.c(1439): stop. leaf nodes are specific
INFO: dtree.c(1478): Final simple tree
|( WDBNDRY_E 0 -1.886e+05 2.390e+02 8.404e+02
|    ( - -6.509e+03 10 0)
|    ( - -1.818e+05 13 0))
s>    ( WDBNDRY_E 0 -1.886e+05 2.390e+02 8.404e+02
s>        ( - -6.509e+03 10 0)
s>        ( - -1.818e+05 13 0))INFO: dtree.c(1315): Comp split 13
INFO: dtree.c(1478): Final simple tree
|( QUESTION0 1 -5.486e+04 8.124e+02 2.424e+02
|    ( - -2.226e+04 5 0)
|    ( QUESTION0_20_R 1 -3.179e+04 4.623e+02 1.404e+02
|        ( - 2.416e+02 1 0)
|        ( QUESTION0_16_R 1 -3.157e+04 3.567e+02 1.394e+02
|            ( QUESTION20 1 -1.333e+04 1.847e+02 5.946e+01
|                ( WDBNDRY_E 0 -8.492e+03 1.237e+02 3.846e+01
|                    ( - -1.671e+03 2 0)
|                    ( - -6.697e+03 3 0))
|                ( - -4.654e+03 8 0 WDBNDRY_E 0 9.602e+01 2.100e+01))
|            ( QUESTION0_11_R 1 -1.788e+04 2.138e+02 7.991e+01
|                ( - -6.233e+03 1 0)
|                ( QUESTION17 1 -1.144e+04 1.557e+02 4.970e+01
|                    ( - -8.553e+03 3 0)
|                    ( - -2.729e+03 4 0 WDBNDRY_E 0 1.066e+02 1.300e+01))))))
s>    ( QUESTION0 1 -5.486e+04 8.124e+02 2.424e+02
s>        ( - -2.226e+04 5 0)
s>        ( QUESTION0_20_R 1 -3.179e+04 4.623e+02 1.404e+02
s>            ( - 2.416e+02 1 0)
s>            ( QUESTION0_16_R 1 -3.157e+04 3.567e+02 1.394e+02
s>                ( QUESTION20 1 -1.333e+04 1.847e+02 5.946e+01
s>                    ( WDBNDRY_E 0 -8.492e+03 1.237e+02 3.846e+01
s>                        ( - -1.671e+03 2 0)
s>                        ( - -6.697e+03 3 0))
s>                    ( - -4.654e+03 8 0 WDBNDRY_E 0 9.602e+01 2.100e+01))
s>                ( QUESTION0_11_R 1 -1.788e+04 2.138e+02 7.991e+01
s>                    ( - -6.233e+03 1 0)
s>                    ( QUESTION17 1 -1.144e+04 1.557e+02 4.970e+01
s>                        ( - -8.553e+03 3 0)
s>                        ( - -2.729e+03 4 0 WDBNDRY_E 0 1.066e+02 1.300e+01))))))INFO: dtree.c(1439): stop. leaf nodes are specific
INFO: dtree.c(1478): Final simple tree
|( WDBNDRY_E 0 -2.773e+05 1.010e+02 1.272e+03
|    ( - -1.021e+03 2 0)
|    ( - -2.761e+05 5 0))
s>    ( WDBNDRY_E 0 -2.773e+05 1.010e+02 1.272e+03
s>        ( - -1.021e+03 2 0)
s>        ( - -2.761e+05 5 0))INFO: dtree.c(1315): Comp split 14
INFO: dtree.c(1478): Final simple tree
|( QUESTION0_5_R 1 -1.966e+04 3.310e+02 8.551e+01
|    ( WDBNDRY_E 0 -4.315e+03 9.501e+01 1.999e+01
|        ( - -3.451e+02 2 0)
|        ( - -3.875e+03 4 0))
|    ( QUESTION0_4_R 1 -1.501e+04 1.840e+02 6.552e+01
|        ( - -3.500e+03 2 0)
|        ( WDBNDRY_E 0 -1.133e+04 1.488e+02 4.913e+01
|            ( SILENCE 1 -6.723e+03 1.178e+02 2.801e+01
|                ( - -2.516e+03 3 0)
|                ( QUESTION0_2_R 1 -4.089e+03 1.062e+02 1.800e+01
|                    ( QUESTION11 1 -3.636e+03 9.846e+01 1.600e+01
|                        ( - -2.591e+03 4 0)
|                        ( - -9.464e+02 2 0))
|                    ( - -3.475e+02 2 0)))
|            ( - -4.458e+03 3 0))))
s>    ( QUESTION0_5_R 1 -1.966e+04 3.310e+02 8.551e+01
s>        ( WDBNDRY_E 0 -4.315e+03 9.501e+01 1.999e+01
s>            ( - -3.451e+02 2 0)
s>            ( - -3.875e+03 4 0))
s>        ( QUESTION0_4_R 1 -1.501e+04 1.840e+02 6.552e+01
s>            ( - -3.500e+03 2 0)
s>            ( WDBNDRY_E 0 -1.133e+04 1.488e+02 4.913e+01
s>                ( SILENCE 1 -6.723e+03 1.178e+02 2.801e+01
s>                    ( - -2.516e+03 3 0)
s>                    ( QUESTION0_2_R 1 -4.089e+03 1.062e+02 1.800e+01
s>                        ( QUESTION11 1 -3.636e+03 9.846e+01 1.600e+01
s>                            ( - -2.591e+03 4 0)
s>                            ( - -9.464e+02 2 0))
s>                        ( - -3.475e+02 2 0)))
s>                ( - -4.458e+03 3 0))))INFO: dtree.c(1439): stop. leaf nodes are specific
INFO: dtree.c(1478): Final simple tree
|( WDBNDRY_S 0 -6.169e+04 4.406e+02 2.718e+02
|    ( - 2.070e+02 1 0)
|    ( - -6.146e+04 7 0))
s>    ( WDBNDRY_S 0 -6.169e+04 4.406e+02 2.718e+02
s>        ( - 2.070e+02 1 0)
s>        ( - -6.146e+04 7 0))INFO: dtree.c(1315): Comp split 15
INFO: dtree.c(1439): stop. leaf nodes are specific
INFO: dtree.c(1478): Final simple tree
|( WDBNDRY_B 0 -8.698e+04 1.883e+02 3.803e+02
|    ( - -4.839e+03 5 0)
|    ( - -8.196e+04 6 0))
s>    ( WDBNDRY_B 0 -8.698e+04 1.883e+02 3.803e+02
s>        ( - -4.839e+03 5 0)
s>        ( - -8.196e+04 6 0))INFO: dtree.c(1478): Final simple tree
|( QUESTION12 -1 -7.198e+04 5.247e+02 3.057e+02
|    ( - -1.852e+04 6 0 QUESTION0 1 1.302e+02 8.360e+01)
|    ( WDBNDRY_B 0 -5.293e+04 3.428e+02 2.221e+02
|        ( QUESTION0 1 -3.756e+04 3.740e+02 1.548e+02
|            ( QUESTION17 -1 -2.430e+04 1.860e+02 1.010e+02
|                ( - -1.189e+04 6 0)
|                ( - -1.223e+04 17 0 QUESTION19 -1 1.119e+02 5.100e+01))
|            ( QUESTION5 -1 -1.288e+04 1.440e+02 5.387e+01
|                ( - -1.106e+03 1 0)
|                ( QUESTION2 -1 -1.163e+04 1.326e+02 4.887e+01
|                    ( - -8.852e+02 1 0)
|                    ( - -1.061e+04 7 0 QUESTION17 -1 1.326e+02 4.487e+01))))
|        ( QUESTION5 -1 -1.503e+04 1.718e+02 6.731e+01
|            ( - -2.580e+03 4 0)
|            ( - -1.228e+04 7 0 QUESTION0 1 1.194e+02 5.531e+01))))
s>    ( QUESTION12 -1 -7.198e+04 5.247e+02 3.057e+02
s>        ( - -1.852e+04 6 0 QUESTION0 1 1.302e+02 8.360e+01)
s>        ( WDBNDRY_B 0 -5.293e+04 3.428e+02 2.221e+02
s>            ( QUESTION0 1 -3.756e+04 3.740e+02 1.548e+02
s>                ( QUESTION17 -1 -2.430e+04 1.860e+02 1.010e+02
s>                    ( - -1.189e+04 6 0)
s>                    ( - -1.223e+04 17 0 QUESTION19 -1 1.119e+02 5.100e+01))
s>                ( QUESTION5 -1 -1.288e+04 1.440e+02 5.387e+01
s>                    ( - -1.106e+03 1 0)
s>                    ( QUESTION2 -1 -1.163e+04 1.326e+02 4.887e+01
s>                        ( - -8.852e+02 1 0)
s>                        ( - -1.061e+04 7 0 QUESTION17 -1 1.326e+02 4.487e+01))))
s>            ( QUESTION5 -1 -1.503e+04 1.718e+02 6.731e+01
s>                ( - -2.580e+03 4 0)
s>                ( - -1.228e+04 7 0 QUESTION0 1 1.194e+02 5.531e+01))))INFO: dtree.c(1315): Comp split 16
INFO: dtree.c(1439): stop. leaf nodes are specific
INFO: dtree.c(1478): Final simple tree
|( QUESTION17 -1 -7.332e+05 2.400e+02 3.293e+03
|    ( - -1.640e+03 2 0)
|    ( WDBNDRY_B 0 -7.314e+05 1.351e+02 3.285e+03
|        ( - -1.176e+03 1 0)
|        ( - -7.301e+05 5 0)))
s>    ( QUESTION17 -1 -7.332e+05 2.400e+02 3.293e+03
s>        ( - -1.640e+03 2 0)
s>        ( WDBNDRY_B 0 -7.314e+05 1.351e+02 3.285e+03
s>            ( - -1.176e+03 1 0)
s>            ( - -7.301e+05 5 0)))INFO: dtree.c(1315): Comp split 17
INFO: dtree.c(1478): Final simple tree
|( QUESTION0_20_R 1 -3.179e+04 4.623e+02 1.404e+02
|    ( - 2.416e+02 1 0)
|    ( QUESTION0_16_R 1 -3.157e+04 3.567e+02 1.394e+02
|        ( QUESTION20 1 -1.333e+04 1.847e+02 5.946e+01
|            ( WDBNDRY_E 0 -8.492e+03 1.237e+02 3.846e+01
|                ( - -1.671e+03 2 0)
|                ( - -6.697e+03 3 0))
|            ( - -4.654e+03 8 0 WDBNDRY_E 0 9.602e+01 2.100e+01))
|        ( QUESTION0_11_R 1 -1.788e+04 2.138e+02 7.991e+01
|            ( - -6.233e+03 1 0)
|            ( QUESTION17 1 -1.144e+04 1.557e+02 4.970e+01
|                ( - -8.553e+03 3 0)
|                ( WDBNDRY_E 0 -2.729e+03 1.066e+02 1.300e+01
|                    ( - -1.438e+03 3 0)
|                    ( - -1.184e+03 1 0))))))
s>    ( QUESTION0_20_R 1 -3.179e+04 4.623e+02 1.404e+02
s>        ( - 2.416e+02 1 0)
s>        ( QUESTION0_16_R 1 -3.157e+04 3.567e+02 1.394e+02
s>            ( QUESTION20 1 -1.333e+04 1.847e+02 5.946e+01
s>                ( WDBNDRY_E 0 -8.492e+03 1.237e+02 3.846e+01
s>                    ( - -1.671e+03 2 0)
s>                    ( - -6.697e+03 3 0))
s>                ( - -4.654e+03 8 0 WDBNDRY_E 0 9.602e+01 2.100e+01))
s>            ( QUESTION0_11_R 1 -1.788e+04 2.138e+02 7.991e+01
s>                ( - -6.233e+03 1 0)
s>                ( QUESTION17 1 -1.144e+04 1.557e+02 4.970e+01
s>                    ( - -8.553e+03 3 0)
s>                    ( WDBNDRY_E 0 -2.729e+03 1.066e+02 1.300e+01
s>                        ( - -1.438e+03 3 0)
s>                        ( - -1.184e+03 1 0))))))INFO: dtree.c(1315): Comp split 18
INFO: dtree.c(1315): Comp split 19
INFO: dtree.c(1439): stop. leaf nodes are specific
INFO: dtree.c(1478): Final simple tree
|( QUESTION2_0_L -1 -1.613e+05 1.158e+02 7.117e+02
|    ( - -1.590e+05 9 0)
|    ( - -2.185e+03 2 0))
s>    ( QUESTION2_0_L -1 -1.613e+05 1.158e+02 7.117e+02
s>        ( - -1.590e+05 9 0)
s>        ( - -2.185e+03 2 0))INFO: dtree.c(1315): Comp split 20
INFO: dtree.c(1478): Final simple tree
|( WDBNDRY_B 0 -5.293e+04 3.428e+02 2.221e+02
|    ( QUESTION0 1 -3.756e+04 3.740e+02 1.548e+02
|        ( QUESTION17 -1 -2.430e+04 1.860e+02 1.010e+02
|            ( - -1.189e+04 6 0)
|            ( - -1.223e+04 17 0 QUESTION19 -1 1.119e+02 5.100e+01))
|        ( QUESTION5 -1 -1.288e+04 1.440e+02 5.387e+01
|            ( - -1.106e+03 1 0)
|            ( QUESTION2 -1 -1.163e+04 1.326e+02 4.887e+01
|                ( - -8.852e+02 1 0)
|                ( QUESTION17 -1 -1.061e+04 1.326e+02 4.487e+01
|                    ( - -4.220e+03 2 0)
|                    ( - -6.261e+03 5 0 QUESTION16 -1 1.145e+02 2.704e+01)))))
|    ( QUESTION5 -1 -1.503e+04 1.718e+02 6.731e+01
|        ( - -2.580e+03 4 0)
|        ( - -1.228e+04 7 0 QUESTION0 1 1.194e+02 5.531e+01)))
s>    ( WDBNDRY_B 0 -5.293e+04 3.428e+02 2.221e+02
s>        ( QUESTION0 1 -3.756e+04 3.740e+02 1.548e+02
s>            ( QUESTION17 -1 -2.430e+04 1.860e+02 1.010e+02
s>                ( - -1.189e+04 6 0)
s>                ( - -1.223e+04 17 0 QUESTION19 -1 1.119e+02 5.100e+01))
s>            ( QUESTION5 -1 -1.288e+04 1.440e+02 5.387e+01
s>                ( - -1.106e+03 1 0)
s>                ( QUESTION2 -1 -1.163e+04 1.326e+02 4.887e+01
s>                    ( - -8.852e+02 1 0)
s>                    ( QUESTION17 -1 -1.061e+04 1.326e+02 4.487e+01
s>                        ( - -4.220e+03 2 0)
s>                        ( - -6.261e+03 5 0 QUESTION16 -1 1.145e+02 2.704e+01)))))
s>        ( QUESTION5 -1 -1.503e+04 1.718e+02 6.731e+01
s>            ( - -2.580e+03 4 0)
s>            ( - -1.228e+04 7 0 QUESTION0 1 1.194e+02 5.531e+01)))INFO: dtree.c(1439): stop. leaf nodes are specific
INFO: dtree.c(1478): Final simple tree
|( QUESTION0 1 -1.852e+04 1.302e+02 8.360e+01
|    ( - -1.728e+04 4 0)
|    ( - -1.108e+03 2 0))
s>    ( QUESTION0 1 -1.852e+04 1.302e+02 8.360e+01
s>        ( - -1.728e+04 4 0)
s>        ( - -1.108e+03 2 0))INFO: dtree.c(1315): Comp split 21
INFO: dtree.c(1439): stop. leaf nodes are specific
INFO: dtree.c(1478): Final simple tree
|( QUESTION0 1 -1.262e+05 2.168e+02 5.716e+02
|    ( WDBNDRY_B 0 -1.252e+05 1.588e+02 5.676e+02
|        ( - -2.954e+02 1 0)
|        ( - -1.248e+05 1 0))
|    ( - -7.658e+02 1 0))
s>    ( QUESTION0 1 -1.262e+05 2.168e+02 5.716e+02
s>        ( WDBNDRY_B 0 -1.252e+05 1.588e+02 5.676e+02
s>            ( - -2.954e+02 1 0)
s>            ( - -1.248e+05 1 0))
s>        ( - -7.658e+02 1 0))INFO: dtree.c(1315): Comp split 22
INFO: dtree.c(1478): Final simple tree
|( QUESTION0_16_R 1 -3.157e+04 3.567e+02 1.394e+02
|    ( QUESTION20 1 -1.333e+04 1.847e+02 5.946e+01
|        ( WDBNDRY_E 0 -8.492e+03 1.237e+02 3.846e+01
|            ( - -1.671e+03 2 0)
|            ( - -6.697e+03 3 0))
|        ( WDBNDRY_E 0 -4.654e+03 9.602e+01 2.100e+01
|            ( - -3.291e+03 5 0)
|            ( - -1.267e+03 3 0 QUESTION0_17_R 1 1.151e+02 6.000e+00)))
|    ( QUESTION0_11_R 1 -1.788e+04 2.138e+02 7.991e+01
|        ( - -6.233e+03 1 0)
|        ( QUESTION17 1 -1.144e+04 1.557e+02 4.970e+01
|            ( - -8.553e+03 3 0)
|            ( WDBNDRY_E 0 -2.729e+03 1.066e+02 1.300e+01
|                ( - -1.438e+03 3 0)
|                ( - -1.184e+03 1 0)))))
s>    ( QUESTION0_16_R 1 -3.157e+04 3.567e+02 1.394e+02
s>        ( QUESTION20 1 -1.333e+04 1.847e+02 5.946e+01
s>            ( WDBNDRY_E 0 -8.492e+03 1.237e+02 3.846e+01
s>                ( - -1.671e+03 2 0)
s>                ( - -6.697e+03 3 0))
s>            ( WDBNDRY_E 0 -4.654e+03 9.602e+01 2.100e+01
s>                ( - -3.291e+03 5 0)
s>                ( - -1.267e+03 3 0 QUESTION0_17_R 1 1.151e+02 6.000e+00)))
s>        ( QUESTION0_11_R 1 -1.788e+04 2.138e+02 7.991e+01
s>            ( - -6.233e+03 1 0)
s>            ( QUESTION17 1 -1.144e+04 1.557e+02 4.970e+01
s>                ( - -8.553e+03 3 0)
s>                ( WDBNDRY_E 0 -2.729e+03 1.066e+02 1.300e+01
s>                    ( - -1.438e+03 3 0)
s>                    ( - -1.184e+03 1 0)))))INFO: dtree.c(1315): Comp split 23
INFO: dtree.c(1439): stop. leaf nodes are specific
INFO: dtree.c(1478): Final simple tree
|( WDBNDRY_B 0 -2.541e+04 2.458e+02 1.092e+02
|    ( QUESTION5 -1 -1.288e+04 1.440e+02 5.387e+01
|        ( - -1.106e+03 1 0)
|        ( QUESTION2 -1 -1.163e+04 1.326e+02 4.887e+01
|            ( - -8.852e+02 1 0)
|            ( QUESTION17 -1 -1.061e+04 1.326e+02 4.487e+01
|                ( - -4.220e+03 2 0)
|                ( QUESTION16 -1 -6.261e+03 1.145e+02 2.704e+01
|                    ( - -3.042e+03 1 0)
|                    ( - -3.105e+03 4 0)))))
|    ( QUESTION0 1 -1.228e+04 1.194e+02 5.531e+01
|        ( - -1.115e+04 6 0)
|        ( - -1.010e+03 1 0)))
s>    ( WDBNDRY_B 0 -2.541e+04 2.458e+02 1.092e+02
s>        ( QUESTION5 -1 -1.288e+04 1.440e+02 5.387e+01
s>            ( - -1.106e+03 1 0)
s>            ( QUESTION2 -1 -1.163e+04 1.326e+02 4.887e+01
s>                ( - -8.852e+02 1 0)
s>                ( QUESTION17 -1 -1.061e+04 1.326e+02 4.487e+01
s>                    ( - -4.220e+03 2 0)
s>                    ( QUESTION16 -1 -6.261e+03 1.145e+02 2.704e+01
s>                        ( - -3.042e+03 1 0)
s>                        ( - -3.105e+03 4 0)))))
s>        ( QUESTION0 1 -1.228e+04 1.194e+02 5.531e+01
s>            ( - -1.115e+04 6 0)
s>            ( - -1.010e+03 1 0)))INFO: dtree.c(1439): stop. leaf nodes are specific
INFO: dtree.c(1478): Final simple tree
|( QUESTION17 -1 -2.707e+04 2.021e+02 1.130e+02
|    ( - -1.189e+04 6 0)
|    ( WDBNDRY_B 0 -1.497e+04 1.668e+02 6.300e+01
|        ( QUESTION19 -1 -1.223e+04 1.119e+02 5.100e+01
|            ( QUESTION2_17_L -1 -3.477e+03 4.296e+02 1.400e+01
|                ( - 1.924e+02 1 0)
|                ( - -3.240e+03 4 0))
|            ( QUESTION2 -1 -8.638e+03 8.774e+01 3.700e+01
|                ( - -1.563e+03 3 0)
|                ( QUESTION16 -1 -6.988e+03 7.669e+01 3.000e+01
|                    ( - -1.267e+03 4 0)
|                    ( - -5.644e+03 5 0))))
|        ( - -2.580e+03 4 0)))
s>    ( QUESTION17 -1 -2.707e+04 2.021e+02 1.130e+02
s>        ( - -1.189e+04 6 0)
s>        ( WDBNDRY_B 0 -1.497e+04 1.668e+02 6.300e+01
s>            ( QUESTION19 -1 -1.223e+04 1.119e+02 5.100e+01
s>                ( QUESTION2_17_L -1 -3.477e+03 4.296e+02 1.400e+01
s>                    ( - 1.924e+02 1 0)
s>                    ( - -3.240e+03 4 0))
s>                ( QUESTION2 -1 -8.638e+03 8.774e+01 3.700e+01
s>                    ( - -1.563e+03 3 0)
s>                    ( QUESTION16 -1 -6.988e+03 7.669e+01 3.000e+01
s>                        ( - -1.267e+03 4 0)
s>                        ( - -5.644e+03 5 0))))
s>            ( - -2.580e+03 4 0)))INFO: dtree.c(1315): Comp split 24
INFO: dtree.c(1439): stop. leaf nodes are specific
INFO: dtree.c(1478): Final simple tree
|( QUESTION0 1 -1.070e+05 1.472e+02 4.769e+02
|    ( - -1.065e+05 6 0)
|    ( - -3.402e+02 1 0))
s>    ( QUESTION0 1 -1.070e+05 1.472e+02 4.769e+02
s>        ( - -1.065e+05 6 0)
s>        ( - -3.402e+02 1 0))INFO: dtree.c(1315): Comp split 25
INFO: dtree.c(1315): Comp split 26
INFO: dtree.c(1315): Comp split 27
INFO: dtree.c(1439): stop. leaf nodes are specific
INFO: dtree.c(1478): Final simple tree
|( QUESTION17 -1 -2.683e+04 2.069e+02 1.120e+02
|    ( - -1.189e+04 6 0)
|    ( WDBNDRY_B 0 -1.473e+04 1.685e+02 6.200e+01
|        ( QUESTION19 -1 -1.198e+04 1.072e+02 5.000e+01
|            ( - -3.240e+03 4 0)
|            ( QUESTION2 -1 -8.638e+03 8.774e+01 3.700e+01
|                ( - -1.563e+03 3 0)
|                ( QUESTION16 -1 -6.988e+03 7.669e+01 3.000e+01
|                    ( - -1.267e+03 4 0)
|                    ( - -5.644e+03 5 0))))
|        ( - -2.580e+03 4 0)))
s>    ( QUESTION17 -1 -2.683e+04 2.069e+02 1.120e+02
s>        ( - -1.189e+04 6 0)
s>        ( WDBNDRY_B 0 -1.473e+04 1.685e+02 6.200e+01
s>            ( QUESTION19 -1 -1.198e+04 1.072e+02 5.000e+01
s>                ( - -3.240e+03 4 0)
s>                ( QUESTION2 -1 -8.638e+03 8.774e+01 3.700e+01
s>                    ( - -1.563e+03 3 0)
s>                    ( QUESTION16 -1 -6.988e+03 7.669e+01 3.000e+01
s>                        ( - -1.267e+03 4 0)
s>                        ( - -5.644e+03 5 0))))
s>            ( - -2.580e+03 4 0)))INFO: dtree.c(1315): Comp split 28
INFO: dtree.c(1439): stop. leaf nodes are specific
INFO: dtree.c(1478): Final simple tree
|( QUESTION2_0_L -1 -4.979e+05 1.311e+02 2.148e+03
|    ( - -4.965e+05 28 0)
|    ( - -1.244e+03 2 0))
s>    ( QUESTION2_0_L -1 -4.979e+05 1.311e+02 2.148e+03
s>        ( - -4.965e+05 28 0)
s>        ( - -1.244e+03 2 0))INFO: dtree.c(1315): Comp split 29
INFO: dtree.c(1439): stop. leaf nodes are specific
INFO: dtree.c(1478): Final simple tree
|( QUESTION0_11_R 1 -1.788e+04 2.138e+02 7.991e+01
|    ( - -6.233e+03 1 0)
|    ( QUESTION17 1 -1.144e+04 1.557e+02 4.970e+01
|        ( - -8.553e+03 3 0)
|        ( WDBNDRY_E 0 -2.729e+03 1.066e+02 1.300e+01
|            ( - -1.438e+03 3 0)
|            ( - -1.184e+03 1 0))))
s>    ( QUESTION0_11_R 1 -1.788e+04 2.138e+02 7.991e+01
s>        ( - -6.233e+03 1 0)
s>        ( QUESTION17 1 -1.144e+04 1.557e+02 4.970e+01
s>            ( - -8.553e+03 3 0)
s>            ( WDBNDRY_E 0 -2.729e+03 1.066e+02 1.300e+01
s>                ( - -1.438e+03 3 0)
s>                ( - -1.184e+03 1 0))))INFO: dtree.c(1439): stop. leaf nodes are specific
INFO: dtree.c(1478): Final simple tree
|( QUESTION20 1 -1.333e+04 1.847e+02 5.946e+01
|    ( WDBNDRY_E 0 -8.492e+03 1.237e+02 3.846e+01
|        ( - -1.671e+03 2 0)
|        ( - -6.697e+03 3 0))
|    ( WDBNDRY_E 0 -4.654e+03 9.602e+01 2.100e+01
|        ( - -3.291e+03 5 0)
|        ( QUESTION0_17_R 1 -1.267e+03 1.151e+02 6.000e+00
|            ( - -3.480e+02 2 0)
|            ( - -8.039e+02 1 0))))
s>    ( QUESTION20 1 -1.333e+04 1.847e+02 5.946e+01
s>        ( WDBNDRY_E 0 -8.492e+03 1.237e+02 3.846e+01
s>            ( - -1.671e+03 2 0)
s>            ( - -6.697e+03 3 0))
s>        ( WDBNDRY_E 0 -4.654e+03 9.602e+01 2.100e+01
s>            ( - -3.291e+03 5 0)
s>            ( QUESTION0_17_R 1 -1.267e+03 1.151e+02 6.000e+00
s>                ( - -3.480e+02 2 0)
s>                ( - -8.039e+02 1 0))))INFO: dtree.c(1315): Comp split 30
INFO: dtree.c(1439): stop. leaf nodes are specific
INFO: dtree.c(1478): Final simple tree
|( QUESTION0_4_R 1 -1.501e+04 1.840e+02 6.552e+01
|    ( - -3.500e+03 2 0)
|    ( WDBNDRY_E 0 -1.133e+04 1.488e+02 4.913e+01
|        ( SILENCE 1 -6.723e+03 1.178e+02 2.801e+01
|            ( - -2.516e+03 3 0)
|            ( QUESTION0_2_R 1 -4.089e+03 1.062e+02 1.800e+01
|                ( QUESTION11 1 -3.636e+03 9.846e+01 1.600e+01
|                    ( - -2.591e+03 4 0)
|                    ( - -9.464e+02 2 0))
|                ( - -3.475e+02 2 0)))
|        ( - -4.458e+03 3 0)))
s>    ( QUESTION0_4_R 1 -1.501e+04 1.840e+02 6.552e+01
s>        ( - -3.500e+03 2 0)
s>        ( WDBNDRY_E 0 -1.133e+04 1.488e+02 4.913e+01
s>            ( SILENCE 1 -6.723e+03 1.178e+02 2.801e+01
s>                ( - -2.516e+03 3 0)
s>                ( QUESTION0_2_R 1 -4.089e+03 1.062e+02 1.800e+01
s>                    ( QUESTION11 1 -3.636e+03 9.846e+01 1.600e+01
s>                        ( - -2.591e+03 4 0)
s>                        ( - -9.464e+02 2 0))
s>                    ( - -3.475e+02 2 0)))
s>            ( - -4.458e+03 3 0)))INFO: dtree.c(1439): stop. leaf nodes are specific
INFO: dtree.c(1478): Final simple tree
|( WDBNDRY_E 0 -4.315e+03 9.501e+01 1.999e+01
|    ( - -3.451e+02 2 0)
|    ( - -3.875e+03 4 0))
s>    ( WDBNDRY_E 0 -4.315e+03 9.501e+01 1.999e+01
s>        ( - -3.451e+02 2 0)
s>        ( - -3.875e+03 4 0))INFO: dtree.c(1315): Comp split 31
INFO: dtree.c(1315): Comp split 32
INFO: dtree.c(1439): stop. leaf nodes are specific
INFO: dtree.c(1478): Final simple tree
|( QUESTION2 -1 -1.186e+04 1.430e+02 4.987e+01
|    ( - -1.106e+03 1 0)
|    ( QUESTION17 -1 -1.061e+04 1.326e+02 4.487e+01
|        ( - -4.220e+03 2 0)
|        ( QUESTION16 -1 -6.261e+03 1.145e+02 2.704e+01
|            ( - -3.042e+03 1 0)
|            ( - -3.105e+03 4 0))))
s>    ( QUESTION2 -1 -1.186e+04 1.430e+02 4.987e+01
s>        ( - -1.106e+03 1 0)
s>        ( QUESTION17 -1 -1.061e+04 1.326e+02 4.487e+01
s>            ( - -4.220e+03 2 0)
s>            ( QUESTION16 -1 -6.261e+03 1.145e+02 2.704e+01
s>                ( - -3.042e+03 1 0)
s>                ( - -3.105e+03 4 0))))INFO: dtree.c(1439): stop. leaf nodes are specific
INFO: dtree.c(1478): Final simple tree
|( QUESTION0 1 -1.329e+04 1.324e+02 5.931e+01
|    ( - -1.115e+04 6 0)
|    ( WDBNDRY_B 0 -2.004e+03 1.087e+02 9.000e+00
|        ( - -8.852e+02 1 0)
|        ( - -1.010e+03 1 0)))
s>    ( QUESTION0 1 -1.329e+04 1.324e+02 5.931e+01
s>        ( - -1.115e+04 6 0)
s>        ( WDBNDRY_B 0 -2.004e+03 1.087e+02 9.000e+00
s>            ( - -8.852e+02 1 0)
s>            ( - -1.010e+03 1 0)))INFO: dtree.c(1315): Comp split 33
INFO: dtree.c(1439): stop. leaf nodes are specific
INFO: dtree.c(1478): Final simple tree
|( WDBNDRY_B 0 -2.944e+03 1.284e+02 1.300e+01
|    ( - -1.176e+03 1 0)
|    ( - -1.640e+03 2 0))
s>    ( WDBNDRY_B 0 -2.944e+03 1.284e+02 1.300e+01
s>        ( - -1.176e+03 1 0)
s>        ( - -1.640e+03 2 0))INFO: dtree.c(1315): Comp split 34
INFO: dtree.c(1315): Comp split 35
INFO: dtree.c(1439): stop. leaf nodes are specific
INFO: dtree.c(1478): Final simple tree
|( QUESTION2 -1 -1.139e+04 1.697e+02 4.900e+01
|    ( WDBNDRY_B 0 -4.230e+03 8.677e+01 1.900e+01
|        ( - -1.563e+03 3 0)
|        ( - -2.580e+03 4 0))
|    ( QUESTION16 -1 -6.988e+03 7.669e+01 3.000e+01
|        ( - -1.267e+03 4 0)
|        ( - -5.644e+03 5 0)))
s>    ( QUESTION2 -1 -1.139e+04 1.697e+02 4.900e+01
s>        ( WDBNDRY_B 0 -4.230e+03 8.677e+01 1.900e+01
s>            ( - -1.563e+03 3 0)
s>            ( - -2.580e+03 4 0))
s>        ( QUESTION16 -1 -6.988e+03 7.669e+01 3.000e+01
s>            ( - -1.267e+03 4 0)
s>            ( - -5.644e+03 5 0)))INFO: dtree.c(1439): stop. leaf nodes are specific
INFO: dtree.c(1478): Final simple tree
|( QUESTION16 -1 -1.522e+04 9.081e+01 6.297e+01
|    ( - -1.189e+04 6 0)
|    ( - -3.240e+03 4 0))
s>    ( QUESTION16 -1 -1.522e+04 9.081e+01 6.297e+01
s>        ( - -1.189e+04 6 0)
s>        ( - -3.240e+03 4 0))INFO: dtree.c(1315): Comp split 36
INFO: dtree.c(1439): stop. leaf nodes are specific
INFO: dtree.c(1478): Final simple tree
|( WDBNDRY_B 0 -1.252e+05 1.588e+02 5.676e+02
|    ( - -2.954e+02 1 0)
|    ( - -1.248e+05 1 0))
s>    ( WDBNDRY_B 0 -1.252e+05 1.588e+02 5.676e+02
s>        ( - -2.954e+02 1 0)
s>        ( - -1.248e+05 1 0))INFO: dtree.c(1315): Comp split 37
INFO: dtree.c(1439): stop. leaf nodes are specific
INFO: dtree.c(1478): Final simple tree
|( QUESTION17 1 -1.144e+04 1.557e+02 4.970e+01
|    ( - -8.553e+03 3 0)
|    ( WDBNDRY_E 0 -2.729e+03 1.066e+02 1.300e+01
|        ( - -1.438e+03 3 0)
|        ( - -1.184e+03 1 0)))
s>    ( QUESTION17 1 -1.144e+04 1.557e+02 4.970e+01
s>        ( - -8.553e+03 3 0)
s>        ( WDBNDRY_E 0 -2.729e+03 1.066e+02 1.300e+01
s>            ( - -1.438e+03 3 0)
s>            ( - -1.184e+03 1 0)))INFO: dtree.c(1315): Comp split 38
INFO: dtree.c(1315): Comp split 39
INFO: dtree.c(1439): stop. leaf nodes are specific
INFO: dtree.c(1478): Final simple tree
|( QUESTION20 1 -6.448e+03 1.227e+02 2.900e+01
|    ( - -1.671e+03 2 0)
|    ( WDBNDRY_E 0 -4.654e+03 9.602e+01 2.100e+01
|        ( - -3.291e+03 5 0)
|        ( QUESTION0_17_R 1 -1.267e+03 1.151e+02 6.000e+00
|            ( - -3.480e+02 2 0)
|            ( - -8.039e+02 1 0))))
s>    ( QUESTION20 1 -6.448e+03 1.227e+02 2.900e+01
s>        ( - -1.671e+03 2 0)
s>        ( WDBNDRY_E 0 -4.654e+03 9.602e+01 2.100e+01
s>            ( - -3.291e+03 5 0)
s>            ( QUESTION0_17_R 1 -1.267e+03 1.151e+02 6.000e+00
s>                ( - -3.480e+02 2 0)
s>                ( - -8.039e+02 1 0))))INFO: dtree.c(1315): Comp split 40
INFO: dtree.c(1439): stop. leaf nodes are specific
INFO: dtree.c(1478): Final simple tree
|( WDBNDRY_E 0 -1.133e+04 1.488e+02 4.913e+01
|    ( SILENCE 1 -6.723e+03 1.178e+02 2.801e+01
|        ( - -2.516e+03 3 0)
|        ( QUESTION0_2_R 1 -4.089e+03 1.062e+02 1.800e+01
|            ( QUESTION11 1 -3.636e+03 9.846e+01 1.600e+01
|                ( - -2.591e+03 4 0)
|                ( - -9.464e+02 2 0))
|            ( - -3.475e+02 2 0)))
|    ( - -4.458e+03 3 0))
s>    ( WDBNDRY_E 0 -1.133e+04 1.488e+02 4.913e+01
s>        ( SILENCE 1 -6.723e+03 1.178e+02 2.801e+01
s>            ( - -2.516e+03 3 0)
s>            ( QUESTION0_2_R 1 -4.089e+03 1.062e+02 1.800e+01
s>                ( QUESTION11 1 -3.636e+03 9.846e+01 1.600e+01
s>                    ( - -2.591e+03 4 0)
s>                    ( - -9.464e+02 2 0))
s>                ( - -3.475e+02 2 0)))
s>        ( - -4.458e+03 3 0))INFO: dtree.c(1315): Comp split 41
INFO: dtree.c(1439): stop. leaf nodes are specific
INFO: dtree.c(1478): Final simple tree
|( QUESTION16 -1 -6.988e+03 7.669e+01 3.000e+01
|    ( - -1.267e+03 4 0)
|    ( - -5.644e+03 5 0))
s>    ( QUESTION16 -1 -6.988e+03 7.669e+01 3.000e+01
s>        ( - -1.267e+03 4 0)
s>        ( - -5.644e+03 5 0))INFO: dtree.c(1439): stop. leaf nodes are specific
INFO: dtree.c(1478): Final simple tree
|( WDBNDRY_B 0 -4.230e+03 8.677e+01 1.900e+01
|    ( - -1.563e+03 3 0)
|    ( - -2.580e+03 4 0))
s>    ( WDBNDRY_B 0 -4.230e+03 8.677e+01 1.900e+01
s>        ( - -1.563e+03 3 0)
s>        ( - -2.580e+03 4 0))INFO: dtree.c(1315): Comp split 42
INFO: dtree.c(1315): Comp split 43
INFO: dtree.c(1315): Comp split 44
INFO: dtree.c(1439): stop. leaf nodes are specific
INFO: dtree.c(1478): Final simple tree
|( WDBNDRY_E 0 -2.729e+03 1.066e+02 1.300e+01
|    ( - -1.438e+03 3 0)
|    ( - -1.184e+03 1 0))
s>    ( WDBNDRY_E 0 -2.729e+03 1.066e+02 1.300e+01
s>        ( - -1.438e+03 3 0)
s>        ( - -1.184e+03 1 0))INFO: dtree.c(1315): Comp split 45
INFO: dtree.c(1439): stop. leaf nodes are specific
INFO: dtree.c(1478): Final simple tree
|( SILENCE 1 -6.723e+03 1.178e+02 2.801e+01
|    ( - -2.516e+03 3 0)
|    ( QUESTION0_2_R 1 -4.089e+03 1.062e+02 1.800e+01
|        ( QUESTION11 1 -3.636e+03 9.846e+01 1.600e+01
|            ( - -2.591e+03 4 0)
|            ( - -9.464e+02 2 0))
|        ( - -3.475e+02 2 0)))
s>    ( SILENCE 1 -6.723e+03 1.178e+02 2.801e+01
s>        ( - -2.516e+03 3 0)
s>        ( QUESTION0_2_R 1 -4.089e+03 1.062e+02 1.800e+01
s>            ( QUESTION11 1 -3.636e+03 9.846e+01 1.600e+01
s>                ( - -2.591e+03 4 0)
s>                ( - -9.464e+02 2 0))
s>            ( - -3.475e+02 2 0)))INFO: dtree.c(1315): Comp split 46
INFO: dtree.c(1315): Comp split 47
INFO: dtree.c(1439): stop. leaf nodes are specific
INFO: dtree.c(1478): Final simple tree
|( QUESTION17 -1 -1.061e+04 1.326e+02 4.487e+01
|    ( - -4.220e+03 2 0)
|    ( QUESTION16 -1 -6.261e+03 1.145e+02 2.704e+01
|        ( - -3.042e+03 1 0)
|        ( - -3.105e+03 4 0)))
s>    ( QUESTION17 -1 -1.061e+04 1.326e+02 4.487e+01
s>        ( - -4.220e+03 2 0)
s>        ( QUESTION16 -1 -6.261e+03 1.145e+02 2.704e+01
s>            ( - -3.042e+03 1 0)
s>            ( - -3.105e+03 4 0)))INFO: dtree.c(1315): Comp split 48
INFO: dtree.c(1439): stop. leaf nodes are specific
INFO: dtree.c(1478): Final simple tree
|( QUESTION16 -1 -6.261e+03 1.145e+02 2.704e+01
|    ( - -3.042e+03 1 0)
|    ( - -3.105e+03 4 0))
s>    ( QUESTION16 -1 -6.261e+03 1.145e+02 2.704e+01
s>        ( - -3.042e+03 1 0)
s>        ( - -3.105e+03 4 0))INFO: dtree.c(1315): Comp split 49
INFO: dtree.c(1439): stop. leaf nodes are specific
INFO: dtree.c(1478): Final simple tree
|( WDBNDRY_B 0 -2.004e+03 1.087e+02 9.000e+00
|    ( - -8.852e+02 1 0)
|    ( - -1.010e+03 1 0))
s>    ( WDBNDRY_B 0 -2.004e+03 1.087e+02 9.000e+00
s>        ( - -8.852e+02 1 0)
s>        ( - -1.010e+03 1 0))INFO: dtree.c(1315): Comp split 50
INFO: dtree.c(1315): Comp split 51
INFO: dtree.c(1315): Comp split 52
INFO: dtree.c(1315): Comp split 53
INFO: dtree.c(1439): stop. leaf nodes are specific
INFO: dtree.c(1478): Final simple tree
|( WDBNDRY_E 0 -4.654e+03 9.602e+01 2.100e+01
|    ( - -3.291e+03 5 0)
|    ( QUESTION0_17_R 1 -1.267e+03 1.151e+02 6.000e+00
|        ( - -3.480e+02 2 0)
|        ( - -8.039e+02 1 0)))
s>    ( WDBNDRY_E 0 -4.654e+03 9.602e+01 2.100e+01
s>        ( - -3.291e+03 5 0)
s>        ( QUESTION0_17_R 1 -1.267e+03 1.151e+02 6.000e+00
s>            ( - -3.480e+02 2 0)
s>            ( - -8.039e+02 1 0)))INFO: dtree.c(1315): Comp split 54
INFO: dtree.c(1439): stop. leaf nodes are specific
INFO: dtree.c(1478): Final simple tree
|( QUESTION0_2_R 1 -4.089e+03 1.062e+02 1.800e+01
|    ( QUESTION11 1 -3.636e+03 9.846e+01 1.600e+01
|        ( - -2.591e+03 4 0)
|        ( - -9.464e+02 2 0))
|    ( - -3.475e+02 2 0))
s>    ( QUESTION0_2_R 1 -4.089e+03 1.062e+02 1.800e+01
s>        ( QUESTION11 1 -3.636e+03 9.846e+01 1.600e+01
s>            ( - -2.591e+03 4 0)
s>            ( - -9.464e+02 2 0))
s>        ( - -3.475e+02 2 0))INFO: dtree.c(1315): Comp split 55
INFO: dtree.c(1315): Comp split 56
INFO: dtree.c(1315): Comp split 57
INFO: dtree.c(1439): stop. leaf nodes are specific
INFO: dtree.c(1478): Final simple tree
|( WDBNDRY_E 0 -4.192e+03 9.698e+01 1.900e+01
|    ( - -3.291e+03 5 0)
|    ( - -8.039e+02 1 0))
s>    ( WDBNDRY_E 0 -4.192e+03 9.698e+01 1.900e+01
s>        ( - -3.291e+03 5 0)
s>        ( - -8.039e+02 1 0))INFO: dtree.c(1315): Comp split 58
INFO: dtree.c(1315): Comp split 59
INFO: dtree.c(1315): Comp split 60
INFO: dtree.c(1439): stop. leaf nodes are specific
INFO: dtree.c(1478): Final simple tree
|( QUESTION11 1 -3.636e+03 9.846e+01 1.600e+01
|    ( - -2.591e+03 4 0)
|    ( - -9.464e+02 2 0))
s>    ( QUESTION11 1 -3.636e+03 9.846e+01 1.600e+01
s>        ( - -2.591e+03 4 0)
s>        ( - -9.464e+02 2 0))INFO: dtree.c(1315): Comp split 61
INFO: dtree.c(1315): Comp split 62
INFO: dtree.c(1315): Comp split 63
INFO: dtree.c(1315): Comp split 64
INFO: dtree.c(1315): Comp split 65
INFO: dtree.c(1315): Comp split 66
INFO: dtree.c(1315): Comp split 67
INFO: dtree.c(1315): Comp split 68
INFO: dtree.c(1318): stop. leaf nodes are specific
Fri Mar 31 15:54:47 2023
