Current configuration:
[NAME]		[DEFLT]	[VALUE]
-allphones	no	no
-cntthresh	0.00001	1.000000e-05
-csplitmax	100	2000
-csplitmin	1	1
-csplitthr	8e-4	0.000000e+00
-example	no	no
-fullvar	no	no
-help		no	no
-meanfn			/home/lucija/Documents/Zadnji semestar/ROGJ/Prezentacije/CMUspinx/tutorial11/model_parameters/my_db.cd_cont_untied/means
-mixwfn			/home/lucija/Documents/Zadnji semestar/ROGJ/Prezentacije/CMUspinx/tutorial11/model_parameters/my_db.cd_cont_untied/mixture_weights
-moddeffn		/home/lucija/Documents/Zadnji semestar/ROGJ/Prezentacije/CMUspinx/tutorial11/model_architecture/my_db.untied.mdef
-mwfloor	1e-4	1.000000e-08
-phone			b
-psetfn			/home/lucija/Documents/Zadnji semestar/ROGJ/Prezentacije/CMUspinx/tutorial11/model_architecture/my_db.tree_questions
-ssplitmax	5	7
-ssplitmin	1	1
-ssplitthr	8e-4	0.000000e+00
-state			1
-stwt			1.0,0.05,0.0,
-treefn			/home/lucija/Documents/Zadnji semestar/ROGJ/Prezentacije/CMUspinx/tutorial11/trees/my_db.unpruned/b-1.dtree
-ts2cbfn	.semi.	.cont.
-varfloor	0.00001	1.000000e-05
-varfn			/home/lucija/Documents/Zadnji semestar/ROGJ/Prezentacije/CMUspinx/tutorial11/model_parameters/my_db.cd_cont_untied/variances

INFO: main.c(223): Reading: /home/lucija/Documents/Zadnji semestar/ROGJ/Prezentacije/CMUspinx/tutorial11/model_architecture/my_db.untied.mdef
INFO: model_def_io.c(573): Model definition info:
INFO: model_def_io.c(574): 10613 total models defined (32 base, 10581 tri)
INFO: model_def_io.c(575): 42452 total states
INFO: model_def_io.c(576): 31839 total tied states
INFO: model_def_io.c(577): 96 total tied CI states
INFO: model_def_io.c(578): 32 total tied transition matrices
INFO: model_def_io.c(579): 4 max state/model
INFO: model_def_io.c(580): 4 min state/model
INFO: main.c(242): Building trees for [b NOISE e b] through [b ž u i]
INFO: main.c(268): Covering states |[4527 5174]| == 648
INFO: main.c(275): Reading: /home/lucija/Documents/Zadnji semestar/ROGJ/Prezentacije/CMUspinx/tutorial11/model_parameters/my_db.cd_cont_untied/mixture_weights
INFO: s3mixw_io.c(172): Read /home/lucija/Documents/Zadnji semestar/ROGJ/Prezentacije/CMUspinx/tutorial11/model_parameters/my_db.cd_cont_untied/mixture_weights [648x1x1 array]
INFO: main.c(311): 215 of 216 models have observation count greater than 0.000010
INFO: main.c(95): nrm stwt: 0.045 0.909 0.045 
INFO: s3gau_io.c(168): Read /home/lucija/Documents/Zadnji semestar/ROGJ/Prezentacije/CMUspinx/tutorial11/model_parameters/my_db.cd_cont_untied/means [31839x1x1 array]
INFO: s3gau_io.c(168): Read /home/lucija/Documents/Zadnji semestar/ROGJ/Prezentacije/CMUspinx/tutorial11/model_parameters/my_db.cd_cont_untied/variances [31839x1x1 array]
INFO: main.c(549): Reading: /home/lucija/Documents/Zadnji semestar/ROGJ/Prezentacije/CMUspinx/tutorial11/model_architecture/my_db.tree_questions
INFO: main.c(587): 180 total simple questions (172 phone; 8 word bndry)
INFO: main.c(589): 42 Left Only questions, and 42 Right Only questions
INFO: dtree.c(1478): Final simple tree
|( QUESTION14 1 -2.539e+06 8.334e+03 1.110e+04
|    ( WDBNDRY_I 0 -5.806e+05 2.797e+03 2.577e+03
|        ( - -4.408e+05 19 0 QUESTION0_12_R 1 6.657e+02 1.985e+03)
|        ( QUESTION0_0_R 1 -1.371e+05 1.347e+03 5.929e+02
|            ( - -6.526e+04 29 0 QUESTION17 -1 4.627e+02 2.924e+02)
|            ( - -7.045e+04 4 0 QUESTION0_12_R 1 8.592e+01 3.006e+02)))
|    ( WDBNDRY_E 0 -1.950e+06 5.915e+03 8.519e+03
|        ( - -2.042e+05 16 0 QUESTION0_15_R 1 1.283e+03 8.919e+02)
|        ( WDBNDRY_B 0 -1.740e+06 4.327e+03 7.627e+03
|            ( SILENCE -1 -8.601e+05 2.109e+03 3.747e+03
|                ( - -9.877e+04 5 0)
|                ( - -7.592e+05 76 0 QUESTION0 -1 5.119e+02 3.323e+03))
|            ( QUESTION2 -1 -8.757e+05 4.520e+03 3.880e+03
|                ( - -1.281e+05 13 0 QUESTION6 -1 6.309e+02 5.835e+02)
|                ( - -7.431e+05 53 0 QUESTION0_0_R 1 1.324e+03 3.297e+03)))))
s>    ( QUESTION14 1 -2.539e+06 8.334e+03 1.110e+04
s>        ( WDBNDRY_I 0 -5.806e+05 2.797e+03 2.577e+03
s>            ( - -4.408e+05 19 0 QUESTION0_12_R 1 6.657e+02 1.985e+03)
s>            ( QUESTION0_0_R 1 -1.371e+05 1.347e+03 5.929e+02
s>                ( - -6.526e+04 29 0 QUESTION17 -1 4.627e+02 2.924e+02)
s>                ( - -7.045e+04 4 0 QUESTION0_12_R 1 8.592e+01 3.006e+02)))
s>        ( WDBNDRY_E 0 -1.950e+06 5.915e+03 8.519e+03
s>            ( - -2.042e+05 16 0 QUESTION0_15_R 1 1.283e+03 8.919e+02)
s>            ( WDBNDRY_B 0 -1.740e+06 4.327e+03 7.627e+03
s>                ( SILENCE -1 -8.601e+05 2.109e+03 3.747e+03
s>                    ( - -9.877e+04 5 0)
s>                    ( - -7.592e+05 76 0 QUESTION0 -1 5.119e+02 3.323e+03))
s>                ( QUESTION2 -1 -8.757e+05 4.520e+03 3.880e+03
s>                    ( - -1.281e+05 13 0 QUESTION6 -1 6.309e+02 5.835e+02)
s>                    ( - -7.431e+05 53 0 QUESTION0_0_R 1 1.324e+03 3.297e+03)))))INFO: dtree.c(1315): Comp split 0
INFO: dtree.c(1478): Final simple tree
|( QUESTION0_12_R 1 -4.408e+05 6.657e+02 1.985e+03
|    ( QUESTION0 -1 -1.225e+04 4.393e+02 5.634e+01
|        ( - -1.200e+04 4 0)
|        ( - 1.884e+02 1 0))
|    ( QUESTION2_0_L -1 -4.279e+05 1.610e+02 1.928e+03
|        ( QUESTION0_0_R 1 -4.246e+05 1.069e+02 1.914e+03
|            ( - -4.235e+05 8 0)
|            ( - -1.016e+03 1 0))
|        ( QUESTION15 -1 -3.096e+03 1.473e+02 1.400e+01
|            ( - -2.779e+02 1 0)
|            ( QUESTION2 -1 -2.671e+03 1.417e+02 1.200e+01
|                ( - -3.220e+02 1 0)
|                ( QUESTION0 -1 -2.208e+03 1.184e+02 1.000e+01
|                    ( - -1.206e+03 1 0)
|                    ( - -8.830e+02 2 0))))))
s>    ( QUESTION0_12_R 1 -4.408e+05 6.657e+02 1.985e+03
s>        ( QUESTION0 -1 -1.225e+04 4.393e+02 5.634e+01
s>            ( - -1.200e+04 4 0)
s>            ( - 1.884e+02 1 0))
s>        ( QUESTION2_0_L -1 -4.279e+05 1.610e+02 1.928e+03
s>            ( QUESTION0_0_R 1 -4.246e+05 1.069e+02 1.914e+03
s>                ( - -4.235e+05 8 0)
s>                ( - -1.016e+03 1 0))
s>            ( QUESTION15 -1 -3.096e+03 1.473e+02 1.400e+01
s>                ( - -2.779e+02 1 0)
s>                ( QUESTION2 -1 -2.671e+03 1.417e+02 1.200e+01
s>                    ( - -3.220e+02 1 0)
s>                    ( QUESTION0 -1 -2.208e+03 1.184e+02 1.000e+01
s>                        ( - -1.206e+03 1 0)
s>                        ( - -8.830e+02 2 0))))))INFO: dtree.c(1478): Final simple tree
|( WDBNDRY_E 0 -2.088e+06 6.616e+03 9.112e+03
|    ( QUESTION0_15_R 1 -2.765e+05 1.381e+03 1.198e+03
|        ( - -6.367e+04 3 0 QUESTION17 1 1.028e+02 2.992e+02)
|        ( - -2.114e+05 19 0 QUESTION0_2_R 1 1.043e+03 8.983e+02))
|    ( QUESTION4 -1 -1.805e+06 4.143e+03 7.914e+03
|        ( - -1.417e+05 26 0 QUESTION6 -1 5.817e+02 6.435e+02)
|        ( WDBNDRY_B 0 -1.659e+06 4.520e+03 7.271e+03
|            ( SILENCE -1 -9.118e+05 2.219e+03 3.974e+03
|                ( - -1.018e+05 7 0 QUESTION0 1 2.375e+02 4.355e+02)
|                ( QUESTION0 1 -8.078e+05 1.167e+03 3.538e+03
|                    ( - -7.478e+05 65 0 QUESTION0 -1 4.420e+02 3.273e+03)
|                    ( - -5.881e+04 23 0 QUESTION17 -1 4.626e+02 2.652e+02)))
|            ( QUESTION0_0_R 1 -7.431e+05 1.324e+03 3.297e+03
|                ( - -6.835e+05 46 0 QUESTION0 -1 4.096e+02 3.032e+03)
|                ( - -5.827e+04 7 0 QUESTION0_2_R 1 4.544e+02 2.650e+02)))))
s>    ( WDBNDRY_E 0 -2.088e+06 6.616e+03 9.112e+03
s>        ( QUESTION0_15_R 1 -2.765e+05 1.381e+03 1.198e+03
s>            ( - -6.367e+04 3 0 QUESTION17 1 1.028e+02 2.992e+02)
s>            ( - -2.114e+05 19 0 QUESTION0_2_R 1 1.043e+03 8.983e+02))
s>        ( QUESTION4 -1 -1.805e+06 4.143e+03 7.914e+03
s>            ( - -1.417e+05 26 0 QUESTION6 -1 5.817e+02 6.435e+02)
s>            ( WDBNDRY_B 0 -1.659e+06 4.520e+03 7.271e+03
s>                ( SILENCE -1 -9.118e+05 2.219e+03 3.974e+03
s>                    ( - -1.018e+05 7 0 QUESTION0 1 2.375e+02 4.355e+02)
s>                    ( QUESTION0 1 -8.078e+05 1.167e+03 3.538e+03
s>                        ( - -7.478e+05 65 0 QUESTION0 -1 4.420e+02 3.273e+03)
s>                        ( - -5.881e+04 23 0 QUESTION17 -1 4.626e+02 2.652e+02)))
s>                ( QUESTION0_0_R 1 -7.431e+05 1.324e+03 3.297e+03
s>                    ( - -6.835e+05 46 0 QUESTION0 -1 4.096e+02 3.032e+03)
s>                    ( - -5.827e+04 7 0 QUESTION0_2_R 1 4.544e+02 2.650e+02)))))INFO: dtree.c(1315): Comp split 1
INFO: dtree.c(1478): Final simple tree
|( QUESTION4 -1 -1.057e+06 3.606e+03 4.617e+03
|    ( QUESTION6 -1 -1.417e+05 5.817e+02 6.435e+02
|        ( - -1.453e+04 5 0 WDBNDRY_B 0 1.378e+02 6.622e+01)
|        ( - -1.266e+05 21 0 WDBNDRY_B 0 2.356e+02 5.773e+02))
|    ( SILENCE -1 -9.118e+05 2.219e+03 3.974e+03
|        ( - -1.018e+05 7 0 QUESTION0 1 2.375e+02 4.355e+02)
|        ( QUESTION0 1 -8.078e+05 1.167e+03 3.538e+03
|            ( QUESTION0 -1 -7.478e+05 4.420e+02 3.273e+03
|                ( - -6.643e+05 30 0 QUESTION2_0_L -1 2.773e+02 2.909e+03)
|                ( QUESTION2 -1 -8.313e+04 3.316e+02 3.646e+02
|                    ( - -1.156e+04 4 0)
|                    ( - -7.124e+04 31 0 QUESTION20 -1 2.318e+02 3.149e+02)))
|            ( QUESTION17 -1 -5.881e+04 4.626e+02 2.652e+02
|                ( - 2.181e+02 1 0)
|                ( - -5.857e+04 22 0 QUESTION2 -1 1.984e+02 2.642e+02)))))
s>    ( QUESTION4 -1 -1.057e+06 3.606e+03 4.617e+03
s>        ( QUESTION6 -1 -1.417e+05 5.817e+02 6.435e+02
s>            ( - -1.453e+04 5 0 WDBNDRY_B 0 1.378e+02 6.622e+01)
s>            ( - -1.266e+05 21 0 WDBNDRY_B 0 2.356e+02 5.773e+02))
s>        ( SILENCE -1 -9.118e+05 2.219e+03 3.974e+03
s>            ( - -1.018e+05 7 0 QUESTION0 1 2.375e+02 4.355e+02)
s>            ( QUESTION0 1 -8.078e+05 1.167e+03 3.538e+03
s>                ( QUESTION0 -1 -7.478e+05 4.420e+02 3.273e+03
s>                    ( - -6.643e+05 30 0 QUESTION2_0_L -1 2.773e+02 2.909e+03)
s>                    ( QUESTION2 -1 -8.313e+04 3.316e+02 3.646e+02
s>                        ( - -1.156e+04 4 0)
s>                        ( - -7.124e+04 31 0 QUESTION20 -1 2.318e+02 3.149e+02)))
s>                ( QUESTION17 -1 -5.881e+04 4.626e+02 2.652e+02
s>                    ( - 2.181e+02 1 0)
s>                    ( - -5.857e+04 22 0 QUESTION2 -1 1.984e+02 2.642e+02)))))INFO: dtree.c(1478): Final simple tree
|( WDBNDRY_E 0 -1.024e+06 4.668e+03 4.494e+03
|    ( QUESTION0_15_R 1 -2.765e+05 1.381e+03 1.198e+03
|        ( - -6.367e+04 3 0 QUESTION17 1 1.028e+02 2.992e+02)
|        ( QUESTION0_2_R 1 -2.114e+05 1.043e+03 8.983e+02
|            ( - -5.104e+04 3 0 QUESTION11 1 1.573e+02 2.227e+02)
|            ( QUESTION0 1 -1.593e+05 4.950e+02 6.755e+02
|                ( - -5.958e+04 4 0)
|                ( - -9.927e+04 12 0 QUESTION14 1 2.379e+02 4.231e+02))))
|    ( QUESTION0_0_R 1 -7.431e+05 1.324e+03 3.297e+03
|        ( QUESTION0 -1 -6.835e+05 4.096e+02 3.032e+03
|            ( - -6.468e+05 29 0 QUESTION2_0_L -1 2.835e+02 2.868e+03)
|            ( - -3.627e+04 17 0 QUESTION18 -1 1.502e+02 1.635e+02))
|        ( QUESTION0_2_R 1 -5.827e+04 4.544e+02 2.650e+02
|            ( - 2.409e+02 1 0)
|            ( - -5.806e+04 6 0))))
s>    ( WDBNDRY_E 0 -1.024e+06 4.668e+03 4.494e+03
s>        ( QUESTION0_15_R 1 -2.765e+05 1.381e+03 1.198e+03
s>            ( - -6.367e+04 3 0 QUESTION17 1 1.028e+02 2.992e+02)
s>            ( QUESTION0_2_R 1 -2.114e+05 1.043e+03 8.983e+02
s>                ( - -5.104e+04 3 0 QUESTION11 1 1.573e+02 2.227e+02)
s>                ( QUESTION0 1 -1.593e+05 4.950e+02 6.755e+02
s>                    ( - -5.958e+04 4 0)
s>                    ( - -9.927e+04 12 0 QUESTION14 1 2.379e+02 4.231e+02))))
s>        ( QUESTION0_0_R 1 -7.431e+05 1.324e+03 3.297e+03
s>            ( QUESTION0 -1 -6.835e+05 4.096e+02 3.032e+03
s>                ( - -6.468e+05 29 0 QUESTION2_0_L -1 2.835e+02 2.868e+03)
s>                ( - -3.627e+04 17 0 QUESTION18 -1 1.502e+02 1.635e+02))
s>            ( QUESTION0_2_R 1 -5.827e+04 4.544e+02 2.650e+02
s>                ( - 2.409e+02 1 0)
s>                ( - -5.806e+04 6 0))))INFO: dtree.c(1315): Comp split 2
INFO: dtree.c(1439): stop. leaf nodes are specific
INFO: dtree.c(1478): Final simple tree
|( QUESTION0_0_R 1 -7.431e+05 1.324e+03 3.297e+03
|    ( QUESTION0 -1 -6.835e+05 4.096e+02 3.032e+03
|        ( QUESTION2_0_L -1 -6.468e+05 2.835e+02 2.868e+03
|            ( - -6.404e+05 26 0)
|            ( - -6.116e+03 3 0))
|        ( QUESTION18 -1 -3.627e+04 1.502e+02 1.635e+02
|            ( - -2.996e+02 1 0)
|            ( QUESTION14 -1 -3.582e+04 1.262e+02 1.615e+02
|                ( - -2.607e+04 12 0)
|                ( - -9.618e+03 4 0))))
|    ( QUESTION0_2_R 1 -5.827e+04 4.544e+02 2.650e+02
|        ( - 2.409e+02 1 0)
|        ( - -5.806e+04 6 0)))
s>    ( QUESTION0_0_R 1 -7.431e+05 1.324e+03 3.297e+03
s>        ( QUESTION0 -1 -6.835e+05 4.096e+02 3.032e+03
s>            ( QUESTION2_0_L -1 -6.468e+05 2.835e+02 2.868e+03
s>                ( - -6.404e+05 26 0)
s>                ( - -6.116e+03 3 0))
s>            ( QUESTION18 -1 -3.627e+04 1.502e+02 1.635e+02
s>                ( - -2.996e+02 1 0)
s>                ( QUESTION14 -1 -3.582e+04 1.262e+02 1.615e+02
s>                    ( - -2.607e+04 12 0)
s>                    ( - -9.618e+03 4 0))))
s>        ( QUESTION0_2_R 1 -5.827e+04 4.544e+02 2.650e+02
s>            ( - 2.409e+02 1 0)
s>            ( - -5.806e+04 6 0)))INFO: dtree.c(1478): Final simple tree
|( QUESTION0_15_R 1 -2.765e+05 1.381e+03 1.198e+03
|    ( - -6.367e+04 3 0 QUESTION17 1 1.028e+02 2.992e+02)
|    ( QUESTION0_2_R 1 -2.114e+05 1.043e+03 8.983e+02
|        ( QUESTION11 1 -5.104e+04 1.573e+02 2.227e+02
|            ( - -4.414e+04 2 0)
|            ( - -6.746e+03 1 0))
|        ( QUESTION0 1 -1.593e+05 4.950e+02 6.755e+02
|            ( - -5.958e+04 4 0)
|            ( QUESTION14 1 -9.927e+04 2.379e+02 4.231e+02
|                ( QUESTION0_0_R 1 -7.155e+04 1.440e+02 3.056e+02
|                    ( - -9.592e+02 2 0)
|                    ( - -7.045e+04 4 0 QUESTION0_12_R 1 8.592e+01 3.006e+02))
|                ( QUESTION0_18_R 1 -2.748e+04 1.610e+02 1.175e+02
|                    ( - -2.772e+02 1 0)
|                    ( - -2.704e+04 5 0 SILENCE 1 1.409e+02 1.155e+02))))))
s>    ( QUESTION0_15_R 1 -2.765e+05 1.381e+03 1.198e+03
s>        ( - -6.367e+04 3 0 QUESTION17 1 1.028e+02 2.992e+02)
s>        ( QUESTION0_2_R 1 -2.114e+05 1.043e+03 8.983e+02
s>            ( QUESTION11 1 -5.104e+04 1.573e+02 2.227e+02
s>                ( - -4.414e+04 2 0)
s>                ( - -6.746e+03 1 0))
s>            ( QUESTION0 1 -1.593e+05 4.950e+02 6.755e+02
s>                ( - -5.958e+04 4 0)
s>                ( QUESTION14 1 -9.927e+04 2.379e+02 4.231e+02
s>                    ( QUESTION0_0_R 1 -7.155e+04 1.440e+02 3.056e+02
s>                        ( - -9.592e+02 2 0)
s>                        ( - -7.045e+04 4 0 QUESTION0_12_R 1 8.592e+01 3.006e+02))
s>                    ( QUESTION0_18_R 1 -2.748e+04 1.610e+02 1.175e+02
s>                        ( - -2.772e+02 1 0)
s>                        ( - -2.704e+04 5 0 SILENCE 1 1.409e+02 1.155e+02))))))INFO: dtree.c(1315): Comp split 3
INFO: dtree.c(1478): Final simple tree
|( QUESTION6 -1 -1.420e+05 5.820e+02 6.445e+02
|    ( WDBNDRY_B 0 -1.453e+04 1.378e+02 6.622e+01
|        ( - -5.681e+02 1 0)
|        ( - -1.382e+04 4 0))
|    ( QUESTION2 -1 -1.269e+05 4.634e+02 5.783e+02
|        ( WDBNDRY_B 0 -1.266e+05 2.356e+02 5.773e+02
|            ( - -1.271e+04 12 0 QUESTION0 1 1.322e+02 5.703e+01)
|            ( QUESTION5 -1 -1.137e+05 2.153e+02 5.203e+02
|                ( - -2.225e+02 1 0)
|                ( QUESTION11 -1 -1.132e+05 1.633e+02 5.183e+02
|                    ( - -3.039e+02 1 0)
|                    ( QUESTION2_14_L -1 -1.128e+05 1.703e+02 5.163e+02
|                        ( - -3.012e+02 1 0)
|                        ( - -1.123e+05 6 0)))))
|        ( - 2.181e+02 1 0)))
s>    ( QUESTION6 -1 -1.420e+05 5.820e+02 6.445e+02
s>        ( WDBNDRY_B 0 -1.453e+04 1.378e+02 6.622e+01
s>            ( - -5.681e+02 1 0)
s>            ( - -1.382e+04 4 0))
s>        ( QUESTION2 -1 -1.269e+05 4.634e+02 5.783e+02
s>            ( WDBNDRY_B 0 -1.266e+05 2.356e+02 5.773e+02
s>                ( - -1.271e+04 12 0 QUESTION0 1 1.322e+02 5.703e+01)
s>                ( QUESTION5 -1 -1.137e+05 2.153e+02 5.203e+02
s>                    ( - -2.225e+02 1 0)
s>                    ( QUESTION11 -1 -1.132e+05 1.633e+02 5.183e+02
s>                        ( - -3.039e+02 1 0)
s>                        ( QUESTION2_14_L -1 -1.128e+05 1.703e+02 5.163e+02
s>                            ( - -3.012e+02 1 0)
s>                            ( - -1.123e+05 6 0)))))
s>            ( - 2.181e+02 1 0)))INFO: dtree.c(1478): Final simple tree
|( SILENCE -1 -9.116e+05 2.218e+03 3.973e+03
|    ( QUESTION0 1 -1.018e+05 2.375e+02 4.355e+02
|        ( - -9.877e+04 5 0)
|        ( - -2.778e+03 2 0))
|    ( QUESTION0 1 -8.076e+05 1.165e+03 3.537e+03
|        ( QUESTION0 -1 -7.478e+05 4.420e+02 3.273e+03
|            ( QUESTION2_0_L -1 -6.643e+05 2.773e+02 2.909e+03
|                ( - -6.508e+05 27 0 QUESTION0_0_R 1 1.561e+02 2.849e+03)
|                ( - -1.323e+04 3 0))
|            ( QUESTION2 -1 -8.313e+04 3.316e+02 3.646e+02
|                ( - -1.156e+04 4 0)
|                ( QUESTION20 -1 -7.124e+04 2.318e+02 3.149e+02
|                    ( - -2.201e+04 4 0)
|                    ( - -4.900e+04 27 0 QUESTION18 -1 1.123e+02 2.169e+02))))
|        ( - -5.857e+04 22 0 QUESTION2 -1 1.984e+02 2.642e+02)))
s>    ( SILENCE -1 -9.116e+05 2.218e+03 3.973e+03
s>        ( QUESTION0 1 -1.018e+05 2.375e+02 4.355e+02
s>            ( - -9.877e+04 5 0)
s>            ( - -2.778e+03 2 0))
s>        ( QUESTION0 1 -8.076e+05 1.165e+03 3.537e+03
s>            ( QUESTION0 -1 -7.478e+05 4.420e+02 3.273e+03
s>                ( QUESTION2_0_L -1 -6.643e+05 2.773e+02 2.909e+03
s>                    ( - -6.508e+05 27 0 QUESTION0_0_R 1 1.561e+02 2.849e+03)
s>                    ( - -1.323e+04 3 0))
s>                ( QUESTION2 -1 -8.313e+04 3.316e+02 3.646e+02
s>                    ( - -1.156e+04 4 0)
s>                    ( QUESTION20 -1 -7.124e+04 2.318e+02 3.149e+02
s>                        ( - -2.201e+04 4 0)
s>                        ( - -4.900e+04 27 0 QUESTION18 -1 1.123e+02 2.169e+02))))
s>            ( - -5.857e+04 22 0 QUESTION2 -1 1.984e+02 2.642e+02)))INFO: dtree.c(1315): Comp split 4
INFO: dtree.c(1439): stop. leaf nodes are specific
INFO: dtree.c(1478): Final simple tree
|( QUESTION0 1 -1.135e+05 2.389e+02 4.853e+02
|    ( SILENCE -1 -1.105e+05 1.620e+02 4.731e+02
|        ( - -9.877e+04 5 0)
|        ( - -1.156e+04 4 0))
|    ( - -2.778e+03 2 0))
s>    ( QUESTION0 1 -1.135e+05 2.389e+02 4.853e+02
s>        ( SILENCE -1 -1.105e+05 1.620e+02 4.731e+02
s>            ( - -9.877e+04 5 0)
s>            ( - -1.156e+04 4 0))
s>        ( - -2.778e+03 2 0))INFO: dtree.c(1478): Final simple tree
|( QUESTION0 1 -7.956e+05 1.167e+03 3.488e+03
|    ( QUESTION0 -1 -7.359e+05 3.675e+02 3.223e+03
|        ( QUESTION2_0_L -1 -6.643e+05 2.773e+02 2.909e+03
|            ( QUESTION0_0_R 1 -6.508e+05 1.561e+02 2.849e+03
|                ( - -6.503e+05 26 0)
|                ( - -3.073e+02 1 0))
|            ( - -1.323e+04 3 0))
|        ( QUESTION20 -1 -7.124e+04 2.318e+02 3.149e+02
|            ( - -2.201e+04 4 0)
|            ( - -4.900e+04 27 0 QUESTION18 -1 1.123e+02 2.169e+02)))
|    ( QUESTION2 -1 -5.857e+04 1.984e+02 2.642e+02
|        ( - -1.123e+03 2 0)
|        ( QUESTION20 -1 -5.725e+04 1.787e+02 2.582e+02
|            ( - -7.259e+02 2 0)
|            ( - -5.634e+04 18 0 QUESTION16 -1 1.462e+02 2.542e+02))))
s>    ( QUESTION0 1 -7.956e+05 1.167e+03 3.488e+03
s>        ( QUESTION0 -1 -7.359e+05 3.675e+02 3.223e+03
s>            ( QUESTION2_0_L -1 -6.643e+05 2.773e+02 2.909e+03
s>                ( QUESTION0_0_R 1 -6.508e+05 1.561e+02 2.849e+03
s>                    ( - -6.503e+05 26 0)
s>                    ( - -3.073e+02 1 0))
s>                ( - -1.323e+04 3 0))
s>            ( QUESTION20 -1 -7.124e+04 2.318e+02 3.149e+02
s>                ( - -2.201e+04 4 0)
s>                ( - -4.900e+04 27 0 QUESTION18 -1 1.123e+02 2.169e+02)))
s>        ( QUESTION2 -1 -5.857e+04 1.984e+02 2.642e+02
s>            ( - -1.123e+03 2 0)
s>            ( QUESTION20 -1 -5.725e+04 1.787e+02 2.582e+02
s>                ( - -7.259e+02 2 0)
s>                ( - -5.634e+04 18 0 QUESTION16 -1 1.462e+02 2.542e+02))))INFO: dtree.c(1315): Comp split 5
INFO: dtree.c(1439): stop. leaf nodes are specific
INFO: dtree.c(1478): Final simple tree
|( QUESTION17 1 -6.367e+04 1.028e+02 2.992e+02
|    ( - -1.278e+03 1 0)
|    ( - -6.229e+04 2 0))
s>    ( QUESTION17 1 -6.367e+04 1.028e+02 2.992e+02
s>        ( - -1.278e+03 1 0)
s>        ( - -6.229e+04 2 0))INFO: dtree.c(1478): Final simple tree
|( QUESTION0_2_R 1 -2.114e+05 1.043e+03 8.983e+02
|    ( QUESTION11 1 -5.104e+04 1.573e+02 2.227e+02
|        ( - -4.414e+04 2 0)
|        ( - -6.746e+03 1 0))
|    ( QUESTION0 1 -1.593e+05 4.950e+02 6.755e+02
|        ( - -5.958e+04 4 0)
|        ( QUESTION14 1 -9.927e+04 2.379e+02 4.231e+02
|            ( QUESTION0_0_R 1 -7.155e+04 1.440e+02 3.056e+02
|                ( - -9.592e+02 2 0)
|                ( - -7.045e+04 4 0 QUESTION0_12_R 1 8.592e+01 3.006e+02))
|            ( QUESTION0_18_R 1 -2.748e+04 1.610e+02 1.175e+02
|                ( - -2.772e+02 1 0)
|                ( SILENCE 1 -2.704e+04 1.409e+02 1.155e+02
|                    ( - -1.771e+04 2 0)
|                    ( - -9.192e+03 3 0 QUESTION0_9_R 1 9.913e+01 4.165e+01))))))
s>    ( QUESTION0_2_R 1 -2.114e+05 1.043e+03 8.983e+02
s>        ( QUESTION11 1 -5.104e+04 1.573e+02 2.227e+02
s>            ( - -4.414e+04 2 0)
s>            ( - -6.746e+03 1 0))
s>        ( QUESTION0 1 -1.593e+05 4.950e+02 6.755e+02
s>            ( - -5.958e+04 4 0)
s>            ( QUESTION14 1 -9.927e+04 2.379e+02 4.231e+02
s>                ( QUESTION0_0_R 1 -7.155e+04 1.440e+02 3.056e+02
s>                    ( - -9.592e+02 2 0)
s>                    ( - -7.045e+04 4 0 QUESTION0_12_R 1 8.592e+01 3.006e+02))
s>                ( QUESTION0_18_R 1 -2.748e+04 1.610e+02 1.175e+02
s>                    ( - -2.772e+02 1 0)
s>                    ( SILENCE 1 -2.704e+04 1.409e+02 1.155e+02
s>                        ( - -1.771e+04 2 0)
s>                        ( - -9.192e+03 3 0 QUESTION0_9_R 1 9.913e+01 4.165e+01))))))INFO: dtree.c(1315): Comp split 6
INFO: dtree.c(1439): stop. leaf nodes are specific
INFO: dtree.c(1478): Final simple tree
|( QUESTION0 -1 -6.835e+05 4.096e+02 3.032e+03
|    ( QUESTION2_0_L -1 -6.468e+05 2.835e+02 2.868e+03
|        ( - -6.404e+05 26 0)
|        ( - -6.116e+03 3 0))
|    ( QUESTION18 -1 -3.627e+04 1.502e+02 1.635e+02
|        ( - -2.996e+02 1 0)
|        ( QUESTION14 -1 -3.582e+04 1.262e+02 1.615e+02
|            ( - -2.607e+04 12 0)
|            ( - -9.618e+03 4 0))))
s>    ( QUESTION0 -1 -6.835e+05 4.096e+02 3.032e+03
s>        ( QUESTION2_0_L -1 -6.468e+05 2.835e+02 2.868e+03
s>            ( - -6.404e+05 26 0)
s>            ( - -6.116e+03 3 0))
s>        ( QUESTION18 -1 -3.627e+04 1.502e+02 1.635e+02
s>            ( - -2.996e+02 1 0)
s>            ( QUESTION14 -1 -3.582e+04 1.262e+02 1.615e+02
s>                ( - -2.607e+04 12 0)
s>                ( - -9.618e+03 4 0))))INFO: dtree.c(1439): stop. leaf nodes are specific
INFO: dtree.c(1478): Final simple tree
|( QUESTION0_2_R 1 -5.827e+04 4.544e+02 2.650e+02
|    ( - 2.409e+02 1 0)
|    ( - -5.806e+04 6 0))
s>    ( QUESTION0_2_R 1 -5.827e+04 4.544e+02 2.650e+02
s>        ( - 2.409e+02 1 0)
s>        ( - -5.806e+04 6 0))INFO: dtree.c(1315): Comp split 7
INFO: dtree.c(1478): Final simple tree
|( QUESTION0 -1 -7.359e+05 3.675e+02 3.223e+03
|    ( QUESTION2_0_L -1 -6.643e+05 2.773e+02 2.909e+03
|        ( QUESTION0_0_R 1 -6.508e+05 1.561e+02 2.849e+03
|            ( - -6.503e+05 26 0)
|            ( - -3.073e+02 1 0))
|        ( - -1.323e+04 3 0))
|    ( QUESTION20 -1 -7.124e+04 2.318e+02 3.149e+02
|        ( - -2.201e+04 4 0)
|        ( QUESTION18 -1 -4.900e+04 1.123e+02 2.169e+02
|            ( - -8.087e+02 1 0)
|            ( QUESTION14 -1 -4.808e+04 9.797e+01 2.129e+02
|                ( - -4.007e+04 16 0)
|                ( QUESTION17 -1 -7.908e+03 7.532e+01 3.500e+01
|                    ( - -4.253e+03 5 0)
|                    ( - -3.579e+03 5 0))))))
s>    ( QUESTION0 -1 -7.359e+05 3.675e+02 3.223e+03
s>        ( QUESTION2_0_L -1 -6.643e+05 2.773e+02 2.909e+03
s>            ( QUESTION0_0_R 1 -6.508e+05 1.561e+02 2.849e+03
s>                ( - -6.503e+05 26 0)
s>                ( - -3.073e+02 1 0))
s>            ( - -1.323e+04 3 0))
s>        ( QUESTION20 -1 -7.124e+04 2.318e+02 3.149e+02
s>            ( - -2.201e+04 4 0)
s>            ( QUESTION18 -1 -4.900e+04 1.123e+02 2.169e+02
s>                ( - -8.087e+02 1 0)
s>                ( QUESTION14 -1 -4.808e+04 9.797e+01 2.129e+02
s>                    ( - -4.007e+04 16 0)
s>                    ( QUESTION17 -1 -7.908e+03 7.532e+01 3.500e+01
s>                        ( - -4.253e+03 5 0)
s>                        ( - -3.579e+03 5 0))))))INFO: dtree.c(1439): stop. leaf nodes are specific
INFO: dtree.c(1478): Final simple tree
|( QUESTION2 -1 -5.857e+04 1.984e+02 2.642e+02
|    ( - -1.123e+03 2 0)
|    ( QUESTION20 -1 -5.725e+04 1.787e+02 2.582e+02
|        ( - -7.259e+02 2 0)
|        ( QUESTION16 -1 -5.634e+04 1.462e+02 2.542e+02
|            ( - -3.150e+02 1 0)
|            ( QUESTION15 -1 -5.588e+04 1.080e+02 2.522e+02
|                ( - -9.666e+02 1 0)
|                ( QUESTION2_3_L -1 -5.481e+04 1.061e+02 2.472e+02
|                    ( - -1.238e+03 2 0)
|                    ( QUESTION0 -1 -5.346e+04 1.041e+02 2.412e+02
|                        ( - -5.098e+04 10 0)
|                        ( - -2.377e+03 4 0)))))))
s>    ( QUESTION2 -1 -5.857e+04 1.984e+02 2.642e+02
s>        ( - -1.123e+03 2 0)
s>        ( QUESTION20 -1 -5.725e+04 1.787e+02 2.582e+02
s>            ( - -7.259e+02 2 0)
s>            ( QUESTION16 -1 -5.634e+04 1.462e+02 2.542e+02
s>                ( - -3.150e+02 1 0)
s>                ( QUESTION15 -1 -5.588e+04 1.080e+02 2.522e+02
s>                    ( - -9.666e+02 1 0)
s>                    ( QUESTION2_3_L -1 -5.481e+04 1.061e+02 2.472e+02
s>                        ( - -1.238e+03 2 0)
s>                        ( QUESTION0 -1 -5.346e+04 1.041e+02 2.412e+02
s>                            ( - -5.098e+04 10 0)
s>                            ( - -2.377e+03 4 0)))))))INFO: dtree.c(1315): Comp split 8
INFO: dtree.c(1478): Final simple tree
|( QUESTION0 1 -1.593e+05 4.950e+02 6.755e+02
|    ( - -5.958e+04 4 0)
|    ( QUESTION14 1 -9.927e+04 2.379e+02 4.231e+02
|        ( QUESTION0_0_R 1 -7.155e+04 1.440e+02 3.056e+02
|            ( - -9.592e+02 2 0)
|            ( QUESTION0_12_R 1 -7.045e+04 8.592e+01 3.006e+02
|                ( - -6.955e+04 3 0)
|                ( - -8.177e+02 1 0)))
|        ( QUESTION0_18_R 1 -2.748e+04 1.610e+02 1.175e+02
|            ( - -2.772e+02 1 0)
|            ( SILENCE 1 -2.704e+04 1.409e+02 1.155e+02
|                ( - -1.771e+04 2 0)
|                ( QUESTION0_9_R 1 -9.192e+03 9.913e+01 4.165e+01
|                    ( - -3.791e+03 1 0)
|                    ( - -5.301e+03 2 0))))))
s>    ( QUESTION0 1 -1.593e+05 4.950e+02 6.755e+02
s>        ( - -5.958e+04 4 0)
s>        ( QUESTION14 1 -9.927e+04 2.379e+02 4.231e+02
s>            ( QUESTION0_0_R 1 -7.155e+04 1.440e+02 3.056e+02
s>                ( - -9.592e+02 2 0)
s>                ( QUESTION0_12_R 1 -7.045e+04 8.592e+01 3.006e+02
s>                    ( - -6.955e+04 3 0)
s>                    ( - -8.177e+02 1 0)))
s>            ( QUESTION0_18_R 1 -2.748e+04 1.610e+02 1.175e+02
s>                ( - -2.772e+02 1 0)
s>                ( SILENCE 1 -2.704e+04 1.409e+02 1.155e+02
s>                    ( - -1.771e+04 2 0)
s>                    ( QUESTION0_9_R 1 -9.192e+03 9.913e+01 4.165e+01
s>                        ( - -3.791e+03 1 0)
s>                        ( - -5.301e+03 2 0))))))INFO: dtree.c(1439): stop. leaf nodes are specific
INFO: dtree.c(1478): Final simple tree
|( QUESTION11 1 -5.104e+04 1.573e+02 2.227e+02
|    ( - -4.414e+04 2 0)
|    ( - -6.746e+03 1 0))
s>    ( QUESTION11 1 -5.104e+04 1.573e+02 2.227e+02
s>        ( - -4.414e+04 2 0)
s>        ( - -6.746e+03 1 0))INFO: dtree.c(1315): Comp split 9
INFO: dtree.c(1439): stop. leaf nodes are specific
INFO: dtree.c(1478): Final simple tree
|( QUESTION13 -1 -1.272e+04 4.396e+02 5.834e+01
|    ( - 1.884e+02 1 0)
|    ( QUESTION0_0_R 1 -1.247e+04 1.470e+02 5.734e+01
|        ( - -3.220e+02 1 0)
|        ( - -1.200e+04 4 0)))
s>    ( QUESTION13 -1 -1.272e+04 4.396e+02 5.834e+01
s>        ( - 1.884e+02 1 0)
s>        ( QUESTION0_0_R 1 -1.247e+04 1.470e+02 5.734e+01
s>            ( - -3.220e+02 1 0)
s>            ( - -1.200e+04 4 0)))INFO: dtree.c(1439): stop. leaf nodes are specific
INFO: dtree.c(1478): Final simple tree
|( QUESTION15 -1 -4.274e+05 1.592e+02 1.926e+03
|    ( - -2.779e+02 1 0)
|    ( QUESTION2_0_L -1 -4.269e+05 1.328e+02 1.924e+03
|        ( QUESTION0_0_R 1 -4.246e+05 1.069e+02 1.914e+03
|            ( - -4.235e+05 8 0)
|            ( - -1.016e+03 1 0))
|        ( QUESTION0 -1 -2.208e+03 1.184e+02 1.000e+01
|            ( - -1.206e+03 1 0)
|            ( - -8.830e+02 2 0))))
s>    ( QUESTION15 -1 -4.274e+05 1.592e+02 1.926e+03
s>        ( - -2.779e+02 1 0)
s>        ( QUESTION2_0_L -1 -4.269e+05 1.328e+02 1.924e+03
s>            ( QUESTION0_0_R 1 -4.246e+05 1.069e+02 1.914e+03
s>                ( - -4.235e+05 8 0)
s>                ( - -1.016e+03 1 0))
s>            ( QUESTION0 -1 -2.208e+03 1.184e+02 1.000e+01
s>                ( - -1.206e+03 1 0)
s>                ( - -8.830e+02 2 0))))INFO: dtree.c(1315): Comp split 10
INFO: dtree.c(1478): Final simple tree
|( QUESTION2 -1 -1.276e+05 4.634e+02 5.813e+02
|    ( WDBNDRY_B 0 -1.273e+05 2.479e+02 5.803e+02
|        ( QUESTION0 1 -1.339e+04 1.321e+02 6.003e+01
|            ( QUESTION12 -1 -1.116e+04 1.194e+02 5.003e+01
|                ( - -4.505e+03 3 0)
|                ( - -6.540e+03 8 0 QUESTION9 -1 1.165e+02 2.900e+01))
|            ( - -2.095e+03 2 0 QUESTION11 -1 1.031e+02 1.000e+01))
|        ( QUESTION5 -1 -1.137e+05 2.153e+02 5.203e+02
|            ( - -2.225e+02 1 0)
|            ( QUESTION11 -1 -1.132e+05 1.633e+02 5.183e+02
|                ( - -3.039e+02 1 0)
|                ( QUESTION2_14_L -1 -1.128e+05 1.703e+02 5.163e+02
|                    ( - -3.012e+02 1 0)
|                    ( - -1.123e+05 6 0)))))
|    ( - 2.181e+02 1 0))
s>    ( QUESTION2 -1 -1.276e+05 4.634e+02 5.813e+02
s>        ( WDBNDRY_B 0 -1.273e+05 2.479e+02 5.803e+02
s>            ( QUESTION0 1 -1.339e+04 1.321e+02 6.003e+01
s>                ( QUESTION12 -1 -1.116e+04 1.194e+02 5.003e+01
s>                    ( - -4.505e+03 3 0)
s>                    ( - -6.540e+03 8 0 QUESTION9 -1 1.165e+02 2.900e+01))
s>                ( - -2.095e+03 2 0 QUESTION11 -1 1.031e+02 1.000e+01))
s>            ( QUESTION5 -1 -1.137e+05 2.153e+02 5.203e+02
s>                ( - -2.225e+02 1 0)
s>                ( QUESTION11 -1 -1.132e+05 1.633e+02 5.183e+02
s>                    ( - -3.039e+02 1 0)
s>                    ( QUESTION2_14_L -1 -1.128e+05 1.703e+02 5.163e+02
s>                        ( - -3.012e+02 1 0)
s>                        ( - -1.123e+05 6 0)))))
s>        ( - 2.181e+02 1 0))INFO: dtree.c(1315): Comp split 11
INFO: dtree.c(1439): stop. leaf nodes are specific
INFO: dtree.c(1478): Final simple tree
|( QUESTION14 1 -9.927e+04 2.379e+02 4.231e+02
|    ( QUESTION0_0_R 1 -7.155e+04 1.440e+02 3.056e+02
|        ( - -9.592e+02 2 0)
|        ( QUESTION0_12_R 1 -7.045e+04 8.592e+01 3.006e+02
|            ( - -6.955e+04 3 0)
|            ( - -8.177e+02 1 0)))
|    ( QUESTION0_18_R 1 -2.748e+04 1.610e+02 1.175e+02
|        ( - -2.772e+02 1 0)
|        ( SILENCE 1 -2.704e+04 1.409e+02 1.155e+02
|            ( - -1.771e+04 2 0)
|            ( QUESTION0_9_R 1 -9.192e+03 9.913e+01 4.165e+01
|                ( - -3.791e+03 1 0)
|                ( - -5.301e+03 2 0)))))
s>    ( QUESTION14 1 -9.927e+04 2.379e+02 4.231e+02
s>        ( QUESTION0_0_R 1 -7.155e+04 1.440e+02 3.056e+02
s>            ( - -9.592e+02 2 0)
s>            ( QUESTION0_12_R 1 -7.045e+04 8.592e+01 3.006e+02
s>                ( - -6.955e+04 3 0)
s>                ( - -8.177e+02 1 0)))
s>        ( QUESTION0_18_R 1 -2.748e+04 1.610e+02 1.175e+02
s>            ( - -2.772e+02 1 0)
s>            ( SILENCE 1 -2.704e+04 1.409e+02 1.155e+02
s>                ( - -1.771e+04 2 0)
s>                ( QUESTION0_9_R 1 -9.192e+03 9.913e+01 4.165e+01
s>                    ( - -3.791e+03 1 0)
s>                    ( - -5.301e+03 2 0)))))INFO: dtree.c(1315): Comp split 12
INFO: dtree.c(1478): Final simple tree
|( WDBNDRY_B 0 -1.273e+05 2.479e+02 5.803e+02
|    ( QUESTION0 1 -1.339e+04 1.321e+02 6.003e+01
|        ( QUESTION12 -1 -1.116e+04 1.194e+02 5.003e+01
|            ( - -4.505e+03 3 0)
|            ( QUESTION9 -1 -6.540e+03 1.165e+02 2.900e+01
|                ( - -3.304e+02 1 0)
|                ( - -6.093e+03 7 0 QUESTION6 -1 1.136e+02 2.700e+01)))
|        ( - -2.095e+03 2 0 QUESTION11 -1 1.031e+02 1.000e+01))
|    ( QUESTION5 -1 -1.137e+05 2.153e+02 5.203e+02
|        ( - -2.225e+02 1 0)
|        ( QUESTION11 -1 -1.132e+05 1.633e+02 5.183e+02
|            ( - -3.039e+02 1 0)
|            ( QUESTION2_14_L -1 -1.128e+05 1.703e+02 5.163e+02
|                ( - -3.012e+02 1 0)
|                ( - -1.123e+05 6 0)))))
s>    ( WDBNDRY_B 0 -1.273e+05 2.479e+02 5.803e+02
s>        ( QUESTION0 1 -1.339e+04 1.321e+02 6.003e+01
s>            ( QUESTION12 -1 -1.116e+04 1.194e+02 5.003e+01
s>                ( - -4.505e+03 3 0)
s>                ( QUESTION9 -1 -6.540e+03 1.165e+02 2.900e+01
s>                    ( - -3.304e+02 1 0)
s>                    ( - -6.093e+03 7 0 QUESTION6 -1 1.136e+02 2.700e+01)))
s>            ( - -2.095e+03 2 0 QUESTION11 -1 1.031e+02 1.000e+01))
s>        ( QUESTION5 -1 -1.137e+05 2.153e+02 5.203e+02
s>            ( - -2.225e+02 1 0)
s>            ( QUESTION11 -1 -1.132e+05 1.633e+02 5.183e+02
s>                ( - -3.039e+02 1 0)
s>                ( QUESTION2_14_L -1 -1.128e+05 1.703e+02 5.163e+02
s>                    ( - -3.012e+02 1 0)
s>                    ( - -1.123e+05 6 0)))))INFO: dtree.c(1315): Comp split 13
INFO: dtree.c(1315): Comp split 14
INFO: dtree.c(1439): stop. leaf nodes are specific
INFO: dtree.c(1478): Final simple tree
|( QUESTION0_0_R 1 -1.247e+04 1.470e+02 5.734e+01
|    ( - -3.220e+02 1 0)
|    ( - -1.200e+04 4 0))
s>    ( QUESTION0_0_R 1 -1.247e+04 1.470e+02 5.734e+01
s>        ( - -3.220e+02 1 0)
s>        ( - -1.200e+04 4 0))INFO: dtree.c(1315): Comp split 15
INFO: dtree.c(1439): stop. leaf nodes are specific
INFO: dtree.c(1478): Final simple tree
|( QUESTION18 -1 -3.627e+04 1.502e+02 1.635e+02
|    ( - -2.996e+02 1 0)
|    ( QUESTION14 -1 -3.582e+04 1.262e+02 1.615e+02
|        ( - -2.607e+04 12 0)
|        ( - -9.618e+03 4 0)))
s>    ( QUESTION18 -1 -3.627e+04 1.502e+02 1.635e+02
s>        ( - -2.996e+02 1 0)
s>        ( QUESTION14 -1 -3.582e+04 1.262e+02 1.615e+02
s>            ( - -2.607e+04 12 0)
s>            ( - -9.618e+03 4 0)))INFO: dtree.c(1439): stop. leaf nodes are specific
INFO: dtree.c(1478): Final simple tree
|( QUESTION2_0_L -1 -6.468e+05 2.835e+02 2.868e+03
|    ( - -6.404e+05 26 0)
|    ( - -6.116e+03 3 0))
s>    ( QUESTION2_0_L -1 -6.468e+05 2.835e+02 2.868e+03
s>        ( - -6.404e+05 26 0)
s>        ( - -6.116e+03 3 0))INFO: dtree.c(1315): Comp split 16
INFO: dtree.c(1439): stop. leaf nodes are specific
INFO: dtree.c(1478): Final simple tree
|( QUESTION0 -1 -7.001e+05 2.967e+02 3.066e+03
|    ( QUESTION0_0_R 1 -6.508e+05 1.561e+02 2.849e+03
|        ( - -6.503e+05 26 0)
|        ( - -3.073e+02 1 0))
|    ( QUESTION18 -1 -4.900e+04 1.123e+02 2.169e+02
|        ( - -8.087e+02 1 0)
|        ( QUESTION14 -1 -4.808e+04 9.797e+01 2.129e+02
|            ( - -4.007e+04 16 0)
|            ( QUESTION17 -1 -7.908e+03 7.532e+01 3.500e+01
|                ( - -4.253e+03 5 0)
|                ( - -3.579e+03 5 0)))))
s>    ( QUESTION0 -1 -7.001e+05 2.967e+02 3.066e+03
s>        ( QUESTION0_0_R 1 -6.508e+05 1.561e+02 2.849e+03
s>            ( - -6.503e+05 26 0)
s>            ( - -3.073e+02 1 0))
s>        ( QUESTION18 -1 -4.900e+04 1.123e+02 2.169e+02
s>            ( - -8.087e+02 1 0)
s>            ( QUESTION14 -1 -4.808e+04 9.797e+01 2.129e+02
s>                ( - -4.007e+04 16 0)
s>                ( QUESTION17 -1 -7.908e+03 7.532e+01 3.500e+01
s>                    ( - -4.253e+03 5 0)
s>                    ( - -3.579e+03 5 0)))))INFO: dtree.c(1439): stop. leaf nodes are specific
INFO: dtree.c(1478): Final simple tree
|( QUESTION0 -1 -3.544e+04 2.006e+02 1.573e+02
|    ( - -1.323e+04 3 0)
|    ( - -2.201e+04 4 0))
s>    ( QUESTION0 -1 -3.544e+04 2.006e+02 1.573e+02
s>        ( - -1.323e+04 3 0)
s>        ( - -2.201e+04 4 0))INFO: dtree.c(1315): Comp split 17
INFO: dtree.c(1439): stop. leaf nodes are specific
INFO: dtree.c(1478): Final simple tree
|( QUESTION0_0_R 1 -4.854e+04 1.523e+02 2.149e+02
|    ( QUESTION14 -1 -4.808e+04 9.797e+01 2.129e+02
|        ( - -4.007e+04 16 0)
|        ( QUESTION17 -1 -7.908e+03 7.532e+01 3.500e+01
|            ( - -4.253e+03 5 0)
|            ( - -3.579e+03 5 0)))
|    ( - -3.073e+02 1 0))
s>    ( QUESTION0_0_R 1 -4.854e+04 1.523e+02 2.149e+02
s>        ( QUESTION14 -1 -4.808e+04 9.797e+01 2.129e+02
s>            ( - -4.007e+04 16 0)
s>            ( QUESTION17 -1 -7.908e+03 7.532e+01 3.500e+01
s>                ( - -4.253e+03 5 0)
s>                ( - -3.579e+03 5 0)))
s>        ( - -3.073e+02 1 0))INFO: dtree.c(1439): stop. leaf nodes are specific
INFO: dtree.c(1478): Final simple tree
|( QUESTION0 -1 -6.512e+05 1.104e+02 2.851e+03
|    ( - -6.503e+05 26 0)
|    ( - -8.087e+02 1 0))
s>    ( QUESTION0 -1 -6.512e+05 1.104e+02 2.851e+03
s>        ( - -6.503e+05 26 0)
s>        ( - -8.087e+02 1 0))INFO: dtree.c(1315): Comp split 18
INFO: dtree.c(1478): Final simple tree
|( QUESTION7 -1 -1.473e+04 1.377e+02 6.603e+01
|    ( WDBNDRY_B 0 -2.544e+03 1.965e+02 1.200e+01
|        ( - -2.125e+03 2 0 QUESTION8 -1 1.109e+02 1.000e+01)
|        ( - -2.225e+02 1 0))
|    ( QUESTION0 1 -1.205e+04 1.191e+02 5.403e+01
|        ( QUESTION2_14_L -1 -9.835e+03 1.239e+02 4.403e+01
|            ( QUESTION11 -1 -4.521e+03 1.512e+02 2.000e+01
|                ( WDBNDRY_B 0 -4.069e+03 1.387e+02 1.800e+01
|                    ( QUESTION2_15_L -1 -3.626e+03 1.311e+02 1.600e+01
|                        ( - -2.879e+03 3 0)
|                        ( - -6.161e+02 2 0))
|                    ( - -3.039e+02 1 0))
|                ( - -3.012e+02 1 0))
|            ( - -5.190e+03 4 0 QUESTION5 -1 1.168e+02 2.403e+01))
|        ( - -2.095e+03 2 0 QUESTION11 -1 1.031e+02 1.000e+01)))
s>    ( QUESTION7 -1 -1.473e+04 1.377e+02 6.603e+01
s>        ( WDBNDRY_B 0 -2.544e+03 1.965e+02 1.200e+01
s>            ( - -2.125e+03 2 0 QUESTION8 -1 1.109e+02 1.000e+01)
s>            ( - -2.225e+02 1 0))
s>        ( QUESTION0 1 -1.205e+04 1.191e+02 5.403e+01
s>            ( QUESTION2_14_L -1 -9.835e+03 1.239e+02 4.403e+01
s>                ( QUESTION11 -1 -4.521e+03 1.512e+02 2.000e+01
s>                    ( WDBNDRY_B 0 -4.069e+03 1.387e+02 1.800e+01
s>                        ( QUESTION2_15_L -1 -3.626e+03 1.311e+02 1.600e+01
s>                            ( - -2.879e+03 3 0)
s>                            ( - -6.161e+02 2 0))
s>                        ( - -3.039e+02 1 0))
s>                    ( - -3.012e+02 1 0))
s>                ( - -5.190e+03 4 0 QUESTION5 -1 1.168e+02 2.403e+01))
s>            ( - -2.095e+03 2 0 QUESTION11 -1 1.031e+02 1.000e+01)))INFO: dtree.c(1315): Comp split 19
INFO: dtree.c(1315): Comp split 20
INFO: dtree.c(1439): stop. leaf nodes are specific
INFO: dtree.c(1478): Final simple tree
|( SILENCE 1 -2.793e+04 1.386e+02 1.195e+02
|    ( - -1.771e+04 2 0)
|    ( QUESTION0_9_R 1 -1.009e+04 9.830e+01 4.565e+01
|        ( - -3.791e+03 1 0)
|        ( QUESTION0_11_R 1 -6.196e+03 7.655e+01 2.875e+01
|            ( - -8.177e+02 1 0)
|            ( - -5.301e+03 2 0))))
s>    ( SILENCE 1 -2.793e+04 1.386e+02 1.195e+02
s>        ( - -1.771e+04 2 0)
s>        ( QUESTION0_9_R 1 -1.009e+04 9.830e+01 4.565e+01
s>            ( - -3.791e+03 1 0)
s>            ( QUESTION0_11_R 1 -6.196e+03 7.655e+01 2.875e+01
s>                ( - -8.177e+02 1 0)
s>                ( - -5.301e+03 2 0))))INFO: dtree.c(1439): stop. leaf nodes are specific
INFO: dtree.c(1478): Final simple tree
|( QUESTION0_14_R 1 -7.109e+04 1.601e+02 3.036e+02
|    ( - -2.772e+02 1 0)
|    ( QUESTION0_0_R 1 -7.065e+04 1.437e+02 3.016e+02
|        ( - -9.592e+02 2 0)
|        ( - -6.955e+04 3 0)))
s>    ( QUESTION0_14_R 1 -7.109e+04 1.601e+02 3.036e+02
s>        ( - -2.772e+02 1 0)
s>        ( QUESTION0_0_R 1 -7.065e+04 1.437e+02 3.016e+02
s>            ( - -9.592e+02 2 0)
s>            ( - -6.955e+04 3 0)))INFO: dtree.c(1315): Comp split 21
INFO: dtree.c(1439): stop. leaf nodes are specific
INFO: dtree.c(1478): Final simple tree
|( SILENCE -1 -1.105e+05 1.620e+02 4.731e+02
|    ( - -9.877e+04 5 0)
|    ( - -1.156e+04 4 0))
s>    ( SILENCE -1 -1.105e+05 1.620e+02 4.731e+02
s>        ( - -9.877e+04 5 0)
s>        ( - -1.156e+04 4 0))INFO: dtree.c(1315): Comp split 22
INFO: dtree.c(1478): Final simple tree
|( QUESTION0 1 -1.430e+04 1.298e+02 6.403e+01
|    ( WDBNDRY_B 0 -1.207e+04 1.222e+02 5.403e+01
|        ( QUESTION12 -1 -1.116e+04 1.194e+02 5.003e+01
|            ( - -4.505e+03 3 0)
|            ( QUESTION9 -1 -6.540e+03 1.165e+02 2.900e+01
|                ( - -3.304e+02 1 0)
|                ( QUESTION6 -1 -6.093e+03 1.136e+02 2.700e+01
|                    ( - -5.681e+02 1 0)
|                    ( - -5.411e+03 6 0 QUESTION5 -1 1.014e+02 2.400e+01))))
|        ( QUESTION11 -1 -7.846e+02 1.794e+02 4.000e+00
|            ( - -3.039e+02 1 0)
|            ( - -3.012e+02 1 0)))
|    ( QUESTION11 -1 -2.095e+03 1.031e+02 1.000e+01
|        ( - -1.395e+03 1 0)
|        ( - -5.971e+02 1 0)))
s>    ( QUESTION0 1 -1.430e+04 1.298e+02 6.403e+01
s>        ( WDBNDRY_B 0 -1.207e+04 1.222e+02 5.403e+01
s>            ( QUESTION12 -1 -1.116e+04 1.194e+02 5.003e+01
s>                ( - -4.505e+03 3 0)
s>                ( QUESTION9 -1 -6.540e+03 1.165e+02 2.900e+01
s>                    ( - -3.304e+02 1 0)
s>                    ( QUESTION6 -1 -6.093e+03 1.136e+02 2.700e+01
s>                        ( - -5.681e+02 1 0)
s>                        ( - -5.411e+03 6 0 QUESTION5 -1 1.014e+02 2.400e+01))))
s>            ( QUESTION11 -1 -7.846e+02 1.794e+02 4.000e+00
s>                ( - -3.039e+02 1 0)
s>                ( - -3.012e+02 1 0)))
s>        ( QUESTION11 -1 -2.095e+03 1.031e+02 1.000e+01
s>            ( - -1.395e+03 1 0)
s>            ( - -5.971e+02 1 0)))INFO: dtree.c(1315): Comp split 23
INFO: dtree.c(1315): Comp split 24
INFO: dtree.c(1439): stop. leaf nodes are specific
INFO: dtree.c(1478): Final simple tree
|( QUESTION20 -1 -5.725e+04 1.787e+02 2.582e+02
|    ( - -7.259e+02 2 0)
|    ( QUESTION16 -1 -5.634e+04 1.462e+02 2.542e+02
|        ( - -3.150e+02 1 0)
|        ( QUESTION15 -1 -5.588e+04 1.080e+02 2.522e+02
|            ( - -9.666e+02 1 0)
|            ( QUESTION2_3_L -1 -5.481e+04 1.061e+02 2.472e+02
|                ( - -1.238e+03 2 0)
|                ( QUESTION0 -1 -5.346e+04 1.041e+02 2.412e+02
|                    ( - -5.098e+04 10 0)
|                    ( - -2.377e+03 4 0))))))
s>    ( QUESTION20 -1 -5.725e+04 1.787e+02 2.582e+02
s>        ( - -7.259e+02 2 0)
s>        ( QUESTION16 -1 -5.634e+04 1.462e+02 2.542e+02
s>            ( - -3.150e+02 1 0)
s>            ( QUESTION15 -1 -5.588e+04 1.080e+02 2.522e+02
s>                ( - -9.666e+02 1 0)
s>                ( QUESTION2_3_L -1 -5.481e+04 1.061e+02 2.472e+02
s>                    ( - -1.238e+03 2 0)
s>                    ( QUESTION0 -1 -5.346e+04 1.041e+02 2.412e+02
s>                        ( - -5.098e+04 10 0)
s>                        ( - -2.377e+03 4 0))))))INFO: dtree.c(1315): Comp split 25
INFO: dtree.c(1439): stop. leaf nodes are specific
INFO: dtree.c(1478): Final simple tree
|( QUESTION16 -1 -5.634e+04 1.462e+02 2.542e+02
|    ( - -3.150e+02 1 0)
|    ( QUESTION15 -1 -5.588e+04 1.080e+02 2.522e+02
|        ( - -9.666e+02 1 0)
|        ( QUESTION2_3_L -1 -5.481e+04 1.061e+02 2.472e+02
|            ( - -1.238e+03 2 0)
|            ( QUESTION0 -1 -5.346e+04 1.041e+02 2.412e+02
|                ( - -5.098e+04 10 0)
|                ( - -2.377e+03 4 0)))))
s>    ( QUESTION16 -1 -5.634e+04 1.462e+02 2.542e+02
s>        ( - -3.150e+02 1 0)
s>        ( QUESTION15 -1 -5.588e+04 1.080e+02 2.522e+02
s>            ( - -9.666e+02 1 0)
s>            ( QUESTION2_3_L -1 -5.481e+04 1.061e+02 2.472e+02
s>                ( - -1.238e+03 2 0)
s>                ( QUESTION0 -1 -5.346e+04 1.041e+02 2.412e+02
s>                    ( - -5.098e+04 10 0)
s>                    ( - -2.377e+03 4 0)))))INFO: dtree.c(1315): Comp split 26
INFO: dtree.c(1315): Comp split 27
INFO: dtree.c(1439): stop. leaf nodes are specific
INFO: dtree.c(1478): Final simple tree
|( QUESTION0_0_R 1 -7.065e+04 1.437e+02 3.016e+02
|    ( - -9.592e+02 2 0)
|    ( - -6.955e+04 3 0))
s>    ( QUESTION0_0_R 1 -7.065e+04 1.437e+02 3.016e+02
s>        ( - -9.592e+02 2 0)
s>        ( - -6.955e+04 3 0))INFO: dtree.c(1315): Comp split 28
INFO: dtree.c(1439): stop. leaf nodes are specific
INFO: dtree.c(1478): Final simple tree
|( QUESTION2_0_L -1 -4.269e+05 1.328e+02 1.924e+03
|    ( QUESTION0_0_R 1 -4.246e+05 1.069e+02 1.914e+03
|        ( - -4.235e+05 8 0)
|        ( - -1.016e+03 1 0))
|    ( QUESTION0 -1 -2.208e+03 1.184e+02 1.000e+01
|        ( - -1.206e+03 1 0)
|        ( - -8.830e+02 2 0)))
s>    ( QUESTION2_0_L -1 -4.269e+05 1.328e+02 1.924e+03
s>        ( QUESTION0_0_R 1 -4.246e+05 1.069e+02 1.914e+03
s>            ( - -4.235e+05 8 0)
s>            ( - -1.016e+03 1 0))
s>        ( QUESTION0 -1 -2.208e+03 1.184e+02 1.000e+01
s>            ( - -1.206e+03 1 0)
s>            ( - -8.830e+02 2 0)))INFO: dtree.c(1315): Comp split 29
INFO: dtree.c(1315): Comp split 30
INFO: dtree.c(1439): stop. leaf nodes are specific
INFO: dtree.c(1478): Final simple tree
|( QUESTION14 -1 -4.808e+04 9.797e+01 2.129e+02
|    ( - -4.007e+04 16 0)
|    ( QUESTION17 -1 -7.908e+03 7.532e+01 3.500e+01
|        ( - -4.253e+03 5 0)
|        ( - -3.579e+03 5 0)))
s>    ( QUESTION14 -1 -4.808e+04 9.797e+01 2.129e+02
s>        ( - -4.007e+04 16 0)
s>        ( QUESTION17 -1 -7.908e+03 7.532e+01 3.500e+01
s>            ( - -4.253e+03 5 0)
s>            ( - -3.579e+03 5 0)))INFO: dtree.c(1315): Comp split 31
INFO: dtree.c(1439): stop. leaf nodes are specific
INFO: dtree.c(1478): Final simple tree
|( QUESTION14 -1 -3.582e+04 1.262e+02 1.615e+02
|    ( - -2.607e+04 12 0)
|    ( - -9.618e+03 4 0))
s>    ( QUESTION14 -1 -3.582e+04 1.262e+02 1.615e+02
s>        ( - -2.607e+04 12 0)
s>        ( - -9.618e+03 4 0))INFO: dtree.c(1315): Comp split 32
INFO: dtree.c(1478): Final simple tree
|( WDBNDRY_B 0 -1.384e+04 1.496e+02 6.203e+01
|    ( QUESTION0 1 -1.339e+04 1.321e+02 6.003e+01
|        ( QUESTION12 -1 -1.116e+04 1.194e+02 5.003e+01
|            ( - -4.505e+03 3 0)
|            ( QUESTION9 -1 -6.540e+03 1.165e+02 2.900e+01
|                ( - -3.304e+02 1 0)
|                ( QUESTION6 -1 -6.093e+03 1.136e+02 2.700e+01
|                    ( - -5.681e+02 1 0)
|                    ( QUESTION5 -1 -5.411e+03 1.014e+02 2.400e+01
|                        ( - -1.684e+03 1 0)
|                        ( - -3.626e+03 5 0 QUESTION2_15_L -1 1.311e+02 1.600e+01)))))
|        ( QUESTION11 -1 -2.095e+03 1.031e+02 1.000e+01
|            ( - -1.395e+03 1 0)
|            ( - -5.971e+02 1 0)))
|    ( - -3.012e+02 1 0))
s>    ( WDBNDRY_B 0 -1.384e+04 1.496e+02 6.203e+01
s>        ( QUESTION0 1 -1.339e+04 1.321e+02 6.003e+01
s>            ( QUESTION12 -1 -1.116e+04 1.194e+02 5.003e+01
s>                ( - -4.505e+03 3 0)
s>                ( QUESTION9 -1 -6.540e+03 1.165e+02 2.900e+01
s>                    ( - -3.304e+02 1 0)
s>                    ( QUESTION6 -1 -6.093e+03 1.136e+02 2.700e+01
s>                        ( - -5.681e+02 1 0)
s>                        ( QUESTION5 -1 -5.411e+03 1.014e+02 2.400e+01
s>                            ( - -1.684e+03 1 0)
s>                            ( - -3.626e+03 5 0 QUESTION2_15_L -1 1.311e+02 1.600e+01)))))
s>            ( QUESTION11 -1 -2.095e+03 1.031e+02 1.000e+01
s>                ( - -1.395e+03 1 0)
s>                ( - -5.971e+02 1 0)))
s>        ( - -3.012e+02 1 0))INFO: dtree.c(1315): Comp split 33
INFO: dtree.c(1478): Final simple tree
|( QUESTION0 1 -1.339e+04 1.321e+02 6.003e+01
|    ( QUESTION12 -1 -1.116e+04 1.194e+02 5.003e+01
|        ( - -4.505e+03 3 0)
|        ( QUESTION9 -1 -6.540e+03 1.165e+02 2.900e+01
|            ( - -3.304e+02 1 0)
|            ( QUESTION6 -1 -6.093e+03 1.136e+02 2.700e+01
|                ( - -5.681e+02 1 0)
|                ( QUESTION5 -1 -5.411e+03 1.014e+02 2.400e+01
|                    ( - -1.684e+03 1 0)
|                    ( QUESTION2_15_L -1 -3.626e+03 1.311e+02 1.600e+01
|                        ( - -2.879e+03 3 0)
|                        ( - -6.161e+02 2 0))))))
|    ( QUESTION11 -1 -2.095e+03 1.031e+02 1.000e+01
|        ( - -1.395e+03 1 0)
|        ( - -5.971e+02 1 0)))
s>    ( QUESTION0 1 -1.339e+04 1.321e+02 6.003e+01
s>        ( QUESTION12 -1 -1.116e+04 1.194e+02 5.003e+01
s>            ( - -4.505e+03 3 0)
s>            ( QUESTION9 -1 -6.540e+03 1.165e+02 2.900e+01
s>                ( - -3.304e+02 1 0)
s>                ( QUESTION6 -1 -6.093e+03 1.136e+02 2.700e+01
s>                    ( - -5.681e+02 1 0)
s>                    ( QUESTION5 -1 -5.411e+03 1.014e+02 2.400e+01
s>                        ( - -1.684e+03 1 0)
s>                        ( QUESTION2_15_L -1 -3.626e+03 1.311e+02 1.600e+01
s>                            ( - -2.879e+03 3 0)
s>                            ( - -6.161e+02 2 0))))))
s>        ( QUESTION11 -1 -2.095e+03 1.031e+02 1.000e+01
s>            ( - -1.395e+03 1 0)
s>            ( - -5.971e+02 1 0)))INFO: dtree.c(1315): Comp split 34
INFO: dtree.c(1315): Comp split 35
INFO: dtree.c(1439): stop. leaf nodes are specific
INFO: dtree.c(1478): Final simple tree
|( QUESTION15 -1 -5.588e+04 1.080e+02 2.522e+02
|    ( - -9.666e+02 1 0)
|    ( QUESTION2_3_L -1 -5.481e+04 1.061e+02 2.472e+02
|        ( - -1.238e+03 2 0)
|        ( QUESTION0 -1 -5.346e+04 1.041e+02 2.412e+02
|            ( - -5.098e+04 10 0)
|            ( - -2.377e+03 4 0))))
s>    ( QUESTION15 -1 -5.588e+04 1.080e+02 2.522e+02
s>        ( - -9.666e+02 1 0)
s>        ( QUESTION2_3_L -1 -5.481e+04 1.061e+02 2.472e+02
s>            ( - -1.238e+03 2 0)
s>            ( QUESTION0 -1 -5.346e+04 1.041e+02 2.412e+02
s>                ( - -5.098e+04 10 0)
s>                ( - -2.377e+03 4 0))))INFO: dtree.c(1315): Comp split 36
INFO: dtree.c(1439): stop. leaf nodes are specific
INFO: dtree.c(1478): Final simple tree
|( QUESTION9 -1 -5.109e+03 1.133e+02 2.300e+01
|    ( - -3.304e+02 1 0)
|    ( QUESTION5 -1 -4.665e+03 1.026e+02 2.100e+01
|        ( - -1.684e+03 1 0)
|        ( - -2.879e+03 3 0)))
s>    ( QUESTION9 -1 -5.109e+03 1.133e+02 2.300e+01
s>        ( - -3.304e+02 1 0)
s>        ( QUESTION5 -1 -4.665e+03 1.026e+02 2.100e+01
s>            ( - -1.684e+03 1 0)
s>            ( - -2.879e+03 3 0)))INFO: dtree.c(1439): stop. leaf nodes are specific
INFO: dtree.c(1478): Final simple tree
|( QUESTION2_15_L -1 -8.137e+03 1.249e+02 3.703e+01
|    ( - -1.395e+03 1 0)
|    ( QUESTION11 -1 -6.617e+03 1.233e+02 3.003e+01
|        ( - -6.161e+02 2 0)
|        ( QUESTION5 -1 -5.878e+03 1.168e+02 2.703e+01
|            ( - -5.681e+02 1 0)
|            ( QUESTION0 1 -5.193e+03 9.083e+01 2.403e+01
|                ( - -4.505e+03 3 0)
|                ( - -5.971e+02 1 0)))))
s>    ( QUESTION2_15_L -1 -8.137e+03 1.249e+02 3.703e+01
s>        ( - -1.395e+03 1 0)
s>        ( QUESTION11 -1 -6.617e+03 1.233e+02 3.003e+01
s>            ( - -6.161e+02 2 0)
s>            ( QUESTION5 -1 -5.878e+03 1.168e+02 2.703e+01
s>                ( - -5.681e+02 1 0)
s>                ( QUESTION0 1 -5.193e+03 9.083e+01 2.403e+01
s>                    ( - -4.505e+03 3 0)
s>                    ( - -5.971e+02 1 0)))))INFO: dtree.c(1315): Comp split 37
INFO: dtree.c(1315): Comp split 38
INFO: dtree.c(1439): stop. leaf nodes are specific
INFO: dtree.c(1478): Final simple tree
|( QUESTION2_3_L -1 -3.323e+03 1.190e+02 1.500e+01
|    ( - -1.206e+03 1 0)
|    ( QUESTION0_0_R 1 -1.997e+03 9.864e+01 9.000e+00
|        ( - -8.830e+02 2 0)
|        ( - -1.016e+03 1 0)))
s>    ( QUESTION2_3_L -1 -3.323e+03 1.190e+02 1.500e+01
s>        ( - -1.206e+03 1 0)
s>        ( QUESTION0_0_R 1 -1.997e+03 9.864e+01 9.000e+00
s>            ( - -8.830e+02 2 0)
s>            ( - -1.016e+03 1 0)))INFO: dtree.c(1315): Comp split 39
INFO: dtree.c(1439): stop. leaf nodes are specific
INFO: dtree.c(1478): Final simple tree
|( QUESTION0_9_R 1 -9.192e+03 9.913e+01 4.165e+01
|    ( - -3.791e+03 1 0)
|    ( - -5.301e+03 2 0))
s>    ( QUESTION0_9_R 1 -9.192e+03 9.913e+01 4.165e+01
s>        ( - -3.791e+03 1 0)
s>        ( - -5.301e+03 2 0))INFO: dtree.c(1439): stop. leaf nodes are specific
INFO: dtree.c(1478): Final simple tree
|( SILENCE 1 -1.860e+04 7.444e+01 7.786e+01
|    ( - -1.771e+04 2 0)
|    ( - -8.177e+02 1 0))
s>    ( SILENCE 1 -1.860e+04 7.444e+01 7.786e+01
s>        ( - -1.771e+04 2 0)
s>        ( - -8.177e+02 1 0))INFO: dtree.c(1315): Comp split 40
INFO: dtree.c(1315): Comp split 41
INFO: dtree.c(1439): stop. leaf nodes are specific
INFO: dtree.c(1478): Final simple tree
|( QUESTION11 -1 -6.617e+03 1.233e+02 3.003e+01
|    ( - -6.161e+02 2 0)
|    ( QUESTION5 -1 -5.878e+03 1.168e+02 2.703e+01
|        ( - -5.681e+02 1 0)
|        ( QUESTION0 1 -5.193e+03 9.083e+01 2.403e+01
|            ( - -4.505e+03 3 0)
|            ( - -5.971e+02 1 0))))
s>    ( QUESTION11 -1 -6.617e+03 1.233e+02 3.003e+01
s>        ( - -6.161e+02 2 0)
s>        ( QUESTION5 -1 -5.878e+03 1.168e+02 2.703e+01
s>            ( - -5.681e+02 1 0)
s>            ( QUESTION0 1 -5.193e+03 9.083e+01 2.403e+01
s>                ( - -4.505e+03 3 0)
s>                ( - -5.971e+02 1 0))))INFO: dtree.c(1315): Comp split 42
INFO: dtree.c(1439): stop. leaf nodes are specific
INFO: dtree.c(1478): Final simple tree
|( QUESTION5 -1 -5.878e+03 1.168e+02 2.703e+01
|    ( - -5.681e+02 1 0)
|    ( QUESTION0 1 -5.193e+03 9.083e+01 2.403e+01
|        ( - -4.505e+03 3 0)
|        ( - -5.971e+02 1 0)))
s>    ( QUESTION5 -1 -5.878e+03 1.168e+02 2.703e+01
s>        ( - -5.681e+02 1 0)
s>        ( QUESTION0 1 -5.193e+03 9.083e+01 2.403e+01
s>            ( - -4.505e+03 3 0)
s>            ( - -5.971e+02 1 0)))INFO: dtree.c(1315): Comp split 43
INFO: dtree.c(1439): stop. leaf nodes are specific
INFO: dtree.c(1478): Final simple tree
|( QUESTION0_0_R 1 -1.997e+03 9.864e+01 9.000e+00
|    ( - -8.830e+02 2 0)
|    ( - -1.016e+03 1 0))
s>    ( QUESTION0_0_R 1 -1.997e+03 9.864e+01 9.000e+00
s>        ( - -8.830e+02 2 0)
s>        ( - -1.016e+03 1 0))INFO: dtree.c(1315): Comp split 44
INFO: dtree.c(1439): stop. leaf nodes are specific
INFO: dtree.c(1478): Final simple tree
|( QUESTION0 1 -5.193e+03 9.083e+01 2.403e+01
|    ( - -4.505e+03 3 0)
|    ( - -5.971e+02 1 0))
s>    ( QUESTION0 1 -5.193e+03 9.083e+01 2.403e+01
s>        ( - -4.505e+03 3 0)
s>        ( - -5.971e+02 1 0))INFO: dtree.c(1315): Comp split 45
INFO: dtree.c(1439): stop. leaf nodes are specific
INFO: dtree.c(1478): Final simple tree
|( QUESTION5 -1 -4.665e+03 1.026e+02 2.100e+01
|    ( - -1.684e+03 1 0)
|    ( - -2.879e+03 3 0))
s>    ( QUESTION5 -1 -4.665e+03 1.026e+02 2.100e+01
s>        ( - -1.684e+03 1 0)
s>        ( - -2.879e+03 3 0))INFO: dtree.c(1315): Comp split 46
INFO: dtree.c(1315): Comp split 47
INFO: dtree.c(1439): stop. leaf nodes are specific
INFO: dtree.c(1478): Final simple tree
|( QUESTION2_3_L -1 -5.481e+04 1.061e+02 2.472e+02
|    ( - -1.238e+03 2 0)
|    ( QUESTION0 -1 -5.346e+04 1.041e+02 2.412e+02
|        ( - -5.098e+04 10 0)
|        ( - -2.377e+03 4 0)))
s>    ( QUESTION2_3_L -1 -5.481e+04 1.061e+02 2.472e+02
s>        ( - -1.238e+03 2 0)
s>        ( QUESTION0 -1 -5.346e+04 1.041e+02 2.412e+02
s>            ( - -5.098e+04 10 0)
s>            ( - -2.377e+03 4 0)))INFO: dtree.c(1315): Comp split 48
INFO: dtree.c(1439): stop. leaf nodes are specific
INFO: dtree.c(1478): Final simple tree
|( QUESTION0 -1 -5.346e+04 1.041e+02 2.412e+02
|    ( - -5.098e+04 10 0)
|    ( - -2.377e+03 4 0))
s>    ( QUESTION0 -1 -5.346e+04 1.041e+02 2.412e+02
s>        ( - -5.098e+04 10 0)
s>        ( - -2.377e+03 4 0))INFO: dtree.c(1315): Comp split 49
INFO: dtree.c(1315): Comp split 50
INFO: dtree.c(1315): Comp split 51
INFO: dtree.c(1315): Comp split 52
INFO: dtree.c(1439): stop. leaf nodes are specific
INFO: dtree.c(1478): Final simple tree
|( QUESTION14 -1 -4.440e+04 7.177e+01 1.969e+02
|    ( - -4.007e+04 16 0)
|    ( - -4.253e+03 5 0))
s>    ( QUESTION14 -1 -4.440e+04 7.177e+01 1.969e+02
s>        ( - -4.007e+04 16 0)
s>        ( - -4.253e+03 5 0))INFO: dtree.c(1315): Comp split 53
INFO: dtree.c(1315): Comp split 54
INFO: dtree.c(1315): Comp split 55
INFO: dtree.c(1315): Comp split 56
INFO: dtree.c(1315): Comp split 57
INFO: dtree.c(1315): Comp split 58
INFO: dtree.c(1318): stop. leaf nodes are specific
Fri Mar 31 15:48:59 2023
