Current configuration:
[NAME]		[DEFLT]	[VALUE]
-allphones	no	no
-cntthresh	0.00001	1.000000e-05
-csplitmax	100	2000
-csplitmin	1	1
-csplitthr	8e-4	0.000000e+00
-example	no	no
-fullvar	no	no
-help		no	no
-meanfn			/home/lucija/Documents/Zadnji semestar/ROGJ/Prezentacije/CMUspinx/tutorial11/model_parameters/my_db.cd_cont_untied/means
-mixwfn			/home/lucija/Documents/Zadnji semestar/ROGJ/Prezentacije/CMUspinx/tutorial11/model_parameters/my_db.cd_cont_untied/mixture_weights
-moddeffn		/home/lucija/Documents/Zadnji semestar/ROGJ/Prezentacije/CMUspinx/tutorial11/model_architecture/my_db.untied.mdef
-mwfloor	1e-4	1.000000e-08
-phone			l
-psetfn			/home/lucija/Documents/Zadnji semestar/ROGJ/Prezentacije/CMUspinx/tutorial11/model_architecture/my_db.tree_questions
-ssplitmax	5	7
-ssplitmin	1	1
-ssplitthr	8e-4	0.000000e+00
-state			2
-stwt			1.0,0.05,0.0,
-treefn			/home/lucija/Documents/Zadnji semestar/ROGJ/Prezentacije/CMUspinx/tutorial11/trees/my_db.unpruned/l-2.dtree
-ts2cbfn	.semi.	.cont.
-varfloor	0.00001	1.000000e-05
-varfn			/home/lucija/Documents/Zadnji semestar/ROGJ/Prezentacije/CMUspinx/tutorial11/model_parameters/my_db.cd_cont_untied/variances

INFO: main.c(223): Reading: /home/lucija/Documents/Zadnji semestar/ROGJ/Prezentacije/CMUspinx/tutorial11/model_architecture/my_db.untied.mdef
INFO: model_def_io.c(573): Model definition info:
INFO: model_def_io.c(574): 10613 total models defined (32 base, 10581 tri)
INFO: model_def_io.c(575): 42452 total states
INFO: model_def_io.c(576): 31839 total tied states
INFO: model_def_io.c(577): 96 total tied CI states
INFO: model_def_io.c(578): 32 total tied transition matrices
INFO: model_def_io.c(579): 4 max state/model
INFO: model_def_io.c(580): 4 min state/model
INFO: main.c(242): Building trees for [l NOISE a b] through [l š o i]
INFO: main.c(268): Covering states |[15366 15959]| == 594
INFO: main.c(275): Reading: /home/lucija/Documents/Zadnji semestar/ROGJ/Prezentacije/CMUspinx/tutorial11/model_parameters/my_db.cd_cont_untied/mixture_weights
INFO: s3mixw_io.c(172): Read /home/lucija/Documents/Zadnji semestar/ROGJ/Prezentacije/CMUspinx/tutorial11/model_parameters/my_db.cd_cont_untied/mixture_weights [594x1x1 array]
INFO: main.c(311): 197 of 198 models have observation count greater than 0.000010
INFO: main.c(95): nrm stwt: 0.000 0.048 0.952 
INFO: s3gau_io.c(168): Read /home/lucija/Documents/Zadnji semestar/ROGJ/Prezentacije/CMUspinx/tutorial11/model_parameters/my_db.cd_cont_untied/means [31839x1x1 array]
INFO: s3gau_io.c(168): Read /home/lucija/Documents/Zadnji semestar/ROGJ/Prezentacije/CMUspinx/tutorial11/model_parameters/my_db.cd_cont_untied/variances [31839x1x1 array]
INFO: main.c(549): Reading: /home/lucija/Documents/Zadnji semestar/ROGJ/Prezentacije/CMUspinx/tutorial11/model_architecture/my_db.tree_questions
INFO: main.c(587): 180 total simple questions (172 phone; 8 word bndry)
INFO: main.c(589): 42 Left Only questions, and 42 Right Only questions
INFO: dtree.c(1478): Final simple tree
|( QUESTION2_6_L -1 -4.406e+06 2.343e+04 1.962e+04
|    ( QUESTION2_17_L -1 -1.972e+06 1.602e+04 8.762e+03
|        ( QUESTION17 -1 -1.022e+06 5.872e+03 4.590e+03
|            ( - -7.905e+05 12 0 WDBNDRY_B 0 1.306e+02 3.589e+03)
|            ( - -2.260e+05 11 0 QUESTION16 -1 4.713e+02 1.001e+03))
|        ( QUESTION11 -1 -9.338e+05 3.044e+03 4.172e+03
|            ( - -7.112e+05 8 0 WDBNDRY_B 0 3.261e+02 3.175e+03)
|            ( - -2.196e+05 30 0 QUESTION8 -1 5.635e+02 9.969e+02)))
|    ( QUESTION0 1 -2.410e+06 1.022e+04 1.085e+04
|        ( WDBNDRY_B 0 -2.113e+06 3.201e+03 9.546e+03
|            ( - -1.741e+05 35 0 SILENCE -1 1.935e+02 7.815e+02)
|            ( - -1.936e+06 39 0 QUESTION2_0_L -1 1.651e+03 8.764e+03))
|        ( QUESTION0_12_R 1 -2.870e+05 1.804e+03 1.308e+03
|            ( - -1.655e+05 10 0 WDBNDRY_E 0 6.367e+02 7.635e+02)
|            ( - -1.197e+05 52 0 QUESTION11 1 8.575e+02 5.444e+02))))
s>    ( QUESTION2_6_L -1 -4.406e+06 2.343e+04 1.962e+04
s>        ( QUESTION2_17_L -1 -1.972e+06 1.602e+04 8.762e+03
s>            ( QUESTION17 -1 -1.022e+06 5.872e+03 4.590e+03
s>                ( - -7.905e+05 12 0 WDBNDRY_B 0 1.306e+02 3.589e+03)
s>                ( - -2.260e+05 11 0 QUESTION16 -1 4.713e+02 1.001e+03))
s>            ( QUESTION11 -1 -9.338e+05 3.044e+03 4.172e+03
s>                ( - -7.112e+05 8 0 WDBNDRY_B 0 3.261e+02 3.175e+03)
s>                ( - -2.196e+05 30 0 QUESTION8 -1 5.635e+02 9.969e+02)))
s>        ( QUESTION0 1 -2.410e+06 1.022e+04 1.085e+04
s>            ( WDBNDRY_B 0 -2.113e+06 3.201e+03 9.546e+03
s>                ( - -1.741e+05 35 0 SILENCE -1 1.935e+02 7.815e+02)
s>                ( - -1.936e+06 39 0 QUESTION2_0_L -1 1.651e+03 8.764e+03))
s>            ( QUESTION0_12_R 1 -2.870e+05 1.804e+03 1.308e+03
s>                ( - -1.655e+05 10 0 WDBNDRY_E 0 6.367e+02 7.635e+02)
s>                ( - -1.197e+05 52 0 QUESTION11 1 8.575e+02 5.444e+02))))INFO: dtree.c(1315): Comp split 0
INFO: dtree.c(1478): Final simple tree
|( QUESTION0 1 -2.641e+06 1.049e+04 1.185e+04
|    ( QUESTION18 -1 -2.343e+06 4.299e+03 1.055e+04
|        ( - -2.127e+05 6 0 WDBNDRY_B 0 4.719e+02 9.427e+02)
|        ( WDBNDRY_B 0 -2.126e+06 3.250e+03 9.604e+03
|            ( - -1.754e+05 36 0 SILENCE -1 1.932e+02 7.875e+02)
|            ( QUESTION2_2_L -1 -1.948e+06 1.643e+03 8.816e+03
|                ( - -1.554e+05 11 0 QUESTION0 -1 3.433e+02 7.198e+02)
|                ( - -1.791e+06 32 0 QUESTION0 -1 4.532e+02 8.096e+03))))
|    ( QUESTION0_12_R 1 -2.870e+05 1.804e+03 1.308e+03
|        ( - -1.655e+05 10 0 WDBNDRY_E 0 6.367e+02 7.635e+02)
|        ( QUESTION11 1 -1.197e+05 8.575e+02 5.444e+02
|            ( - -1.071e+04 10 0 WDBNDRY_E 0 4.777e+02 4.905e+01)
|            ( WDBNDRY_E 0 -1.081e+05 7.330e+02 4.953e+02
|                ( - -5.536e+04 22 0 QUESTION0_6_R 1 4.721e+02 2.558e+02)
|                ( - -5.202e+04 20 0 QUESTION0_15_R 1 4.697e+02 2.395e+02)))))
s>    ( QUESTION0 1 -2.641e+06 1.049e+04 1.185e+04
s>        ( QUESTION18 -1 -2.343e+06 4.299e+03 1.055e+04
s>            ( - -2.127e+05 6 0 WDBNDRY_B 0 4.719e+02 9.427e+02)
s>            ( WDBNDRY_B 0 -2.126e+06 3.250e+03 9.604e+03
s>                ( - -1.754e+05 36 0 SILENCE -1 1.932e+02 7.875e+02)
s>                ( QUESTION2_2_L -1 -1.948e+06 1.643e+03 8.816e+03
s>                    ( - -1.554e+05 11 0 QUESTION0 -1 3.433e+02 7.198e+02)
s>                    ( - -1.791e+06 32 0 QUESTION0 -1 4.532e+02 8.096e+03))))
s>        ( QUESTION0_12_R 1 -2.870e+05 1.804e+03 1.308e+03
s>            ( - -1.655e+05 10 0 WDBNDRY_E 0 6.367e+02 7.635e+02)
s>            ( QUESTION11 1 -1.197e+05 8.575e+02 5.444e+02
s>                ( - -1.071e+04 10 0 WDBNDRY_E 0 4.777e+02 4.905e+01)
s>                ( WDBNDRY_E 0 -1.081e+05 7.330e+02 4.953e+02
s>                    ( - -5.536e+04 22 0 QUESTION0_6_R 1 4.721e+02 2.558e+02)
s>                    ( - -5.202e+04 20 0 QUESTION0_15_R 1 4.697e+02 2.395e+02)))))INFO: dtree.c(1478): Final simple tree
|( QUESTION16 -1 -1.739e+06 1.488e+04 7.761e+03
|    ( - -7.905e+05 12 0 WDBNDRY_B 0 1.306e+02 3.589e+03)
|    ( QUESTION11 -1 -9.338e+05 3.044e+03 4.172e+03
|        ( WDBNDRY_B 0 -7.112e+05 3.261e+02 3.175e+03
|            ( - -2.812e+03 2 0)
|            ( - -7.080e+05 6 0 WDBNDRY_E 0 1.755e+02 3.162e+03))
|        ( QUESTION8 -1 -2.196e+05 5.635e+02 9.969e+02
|            ( - -8.296e+03 1 0)
|            ( QUESTION6 -1 -2.108e+05 4.469e+02 9.548e+02
|                ( - -6.270e+03 4 0)
|                ( QUESTION20 -1 -2.040e+05 4.445e+02 9.255e+02
|                    ( - -1.383e+05 10 0 WDBNDRY_B 0 1.838e+02 6.282e+02)
|                    ( QUESTION2 -1 -6.532e+04 2.541e+02 2.973e+02
|                        ( - -1.892e+04 7 0 QUESTION2_14_L -1 2.225e+02 8.782e+01)
|                        ( - -4.615e+04 8 0 WDBNDRY_B 0 1.417e+02 2.094e+02)))))))
s>    ( QUESTION16 -1 -1.739e+06 1.488e+04 7.761e+03
s>        ( - -7.905e+05 12 0 WDBNDRY_B 0 1.306e+02 3.589e+03)
s>        ( QUESTION11 -1 -9.338e+05 3.044e+03 4.172e+03
s>            ( WDBNDRY_B 0 -7.112e+05 3.261e+02 3.175e+03
s>                ( - -2.812e+03 2 0)
s>                ( - -7.080e+05 6 0 WDBNDRY_E 0 1.755e+02 3.162e+03))
s>            ( QUESTION8 -1 -2.196e+05 5.635e+02 9.969e+02
s>                ( - -8.296e+03 1 0)
s>                ( QUESTION6 -1 -2.108e+05 4.469e+02 9.548e+02
s>                    ( - -6.270e+03 4 0)
s>                    ( QUESTION20 -1 -2.040e+05 4.445e+02 9.255e+02
s>                        ( - -1.383e+05 10 0 WDBNDRY_B 0 1.838e+02 6.282e+02)
s>                        ( QUESTION2 -1 -6.532e+04 2.541e+02 2.973e+02
s>                            ( - -1.892e+04 7 0 QUESTION2_14_L -1 2.225e+02 8.782e+01)
s>                            ( - -4.615e+04 8 0 WDBNDRY_B 0 1.417e+02 2.094e+02)))))))INFO: dtree.c(1315): Comp split 1
INFO: dtree.c(1478): Final simple tree
|( QUESTION11 -1 -9.338e+05 3.044e+03 4.172e+03
|    ( WDBNDRY_B 0 -7.112e+05 3.261e+02 3.175e+03
|        ( - -2.812e+03 2 0)
|        ( - -7.080e+05 6 0 WDBNDRY_E 0 1.755e+02 3.162e+03))
|    ( QUESTION8 -1 -2.196e+05 5.635e+02 9.969e+02
|        ( - -8.296e+03 1 0)
|        ( QUESTION6 -1 -2.108e+05 4.469e+02 9.548e+02
|            ( - -6.270e+03 4 0)
|            ( QUESTION20 -1 -2.040e+05 4.445e+02 9.255e+02
|                ( - -1.383e+05 10 0 WDBNDRY_B 0 1.838e+02 6.282e+02)
|                ( QUESTION2 -1 -6.532e+04 2.541e+02 2.973e+02
|                    ( QUESTION2_14_L -1 -1.892e+04 2.225e+02 8.782e+01
|                        ( - -1.153e+03 1 0)
|                        ( - -1.754e+04 6 0 QUESTION5 -1 2.045e+02 8.182e+01))
|                    ( - -4.615e+04 8 0 WDBNDRY_B 0 1.417e+02 2.094e+02))))))
s>    ( QUESTION11 -1 -9.338e+05 3.044e+03 4.172e+03
s>        ( WDBNDRY_B 0 -7.112e+05 3.261e+02 3.175e+03
s>            ( - -2.812e+03 2 0)
s>            ( - -7.080e+05 6 0 WDBNDRY_E 0 1.755e+02 3.162e+03))
s>        ( QUESTION8 -1 -2.196e+05 5.635e+02 9.969e+02
s>            ( - -8.296e+03 1 0)
s>            ( QUESTION6 -1 -2.108e+05 4.469e+02 9.548e+02
s>                ( - -6.270e+03 4 0)
s>                ( QUESTION20 -1 -2.040e+05 4.445e+02 9.255e+02
s>                    ( - -1.383e+05 10 0 WDBNDRY_B 0 1.838e+02 6.282e+02)
s>                    ( QUESTION2 -1 -6.532e+04 2.541e+02 2.973e+02
s>                        ( QUESTION2_14_L -1 -1.892e+04 2.225e+02 8.782e+01
s>                            ( - -1.153e+03 1 0)
s>                            ( - -1.754e+04 6 0 QUESTION5 -1 2.045e+02 8.182e+01))
s>                        ( - -4.615e+04 8 0 WDBNDRY_B 0 1.417e+02 2.094e+02))))))INFO: dtree.c(1439): stop. leaf nodes are specific
INFO: dtree.c(1478): Final simple tree
|( WDBNDRY_B 0 -7.905e+05 1.306e+02 3.589e+03
|    ( - -1.465e+03 3 0)
|    ( - -7.889e+05 9 0))
s>    ( WDBNDRY_B 0 -7.905e+05 1.306e+02 3.589e+03
s>        ( - -1.465e+03 3 0)
s>        ( - -7.889e+05 9 0))INFO: dtree.c(1315): Comp split 2
INFO: dtree.c(1478): Final simple tree
|( QUESTION0_12_R 1 -2.870e+05 1.804e+03 1.308e+03
|    ( WDBNDRY_E 0 -1.655e+05 6.367e+02 7.635e+02
|        ( - -9.658e+03 4 0)
|        ( - -1.552e+05 6 0))
|    ( QUESTION11 1 -1.197e+05 8.575e+02 5.444e+02
|        ( WDBNDRY_E 0 -1.071e+04 4.777e+02 4.905e+01
|            ( - 2.421e+02 1 0)
|            ( - -1.048e+04 9 0 QUESTION0 -1 4.621e+02 4.805e+01))
|        ( WDBNDRY_E 0 -1.081e+05 7.330e+02 4.953e+02
|            ( QUESTION0_6_R 1 -5.536e+04 4.721e+02 2.558e+02
|                ( - 2.414e+02 1 0)
|                ( - -5.512e+04 21 0 QUESTION0_9_R 1 4.508e+02 2.548e+02))
|            ( QUESTION0_15_R 1 -5.202e+04 4.697e+02 2.395e+02
|                ( - -5.585e+03 3 0)
|                ( - -4.596e+04 17 0 QUESTION0_3_R 1 2.336e+02 2.122e+02)))))
s>    ( QUESTION0_12_R 1 -2.870e+05 1.804e+03 1.308e+03
s>        ( WDBNDRY_E 0 -1.655e+05 6.367e+02 7.635e+02
s>            ( - -9.658e+03 4 0)
s>            ( - -1.552e+05 6 0))
s>        ( QUESTION11 1 -1.197e+05 8.575e+02 5.444e+02
s>            ( WDBNDRY_E 0 -1.071e+04 4.777e+02 4.905e+01
s>                ( - 2.421e+02 1 0)
s>                ( - -1.048e+04 9 0 QUESTION0 -1 4.621e+02 4.805e+01))
s>            ( WDBNDRY_E 0 -1.081e+05 7.330e+02 4.953e+02
s>                ( QUESTION0_6_R 1 -5.536e+04 4.721e+02 2.558e+02
s>                    ( - 2.414e+02 1 0)
s>                    ( - -5.512e+04 21 0 QUESTION0_9_R 1 4.508e+02 2.548e+02))
s>                ( QUESTION0_15_R 1 -5.202e+04 4.697e+02 2.395e+02
s>                    ( - -5.585e+03 3 0)
s>                    ( - -4.596e+04 17 0 QUESTION0_3_R 1 2.336e+02 2.122e+02)))))INFO: dtree.c(1478): Final simple tree
|( QUESTION18 -1 -2.343e+06 4.299e+03 1.055e+04
|    ( WDBNDRY_B 0 -2.127e+05 4.719e+02 9.427e+02
|        ( - 2.421e+02 1 0)
|        ( - -2.124e+05 5 0))
|    ( WDBNDRY_B 0 -2.126e+06 3.250e+03 9.604e+03
|        ( SILENCE -1 -1.754e+05 1.932e+02 7.875e+02
|            ( - -6.681e+03 4 0)
|            ( - -1.685e+05 32 0 QUESTION2 -1 1.832e+02 7.561e+02))
|        ( QUESTION2_2_L -1 -1.948e+06 1.643e+03 8.816e+03
|            ( QUESTION0 -1 -1.554e+05 3.433e+02 7.198e+02
|                ( - -5.639e+03 2 0)
|                ( - -1.494e+05 9 0))
|            ( QUESTION0 -1 -1.791e+06 4.532e+02 8.096e+03
|                ( - -1.779e+06 28 0 WDBNDRY_E 0 1.208e+02 8.045e+03)
|                ( - -1.142e+04 4 0)))))
s>    ( QUESTION18 -1 -2.343e+06 4.299e+03 1.055e+04
s>        ( WDBNDRY_B 0 -2.127e+05 4.719e+02 9.427e+02
s>            ( - 2.421e+02 1 0)
s>            ( - -2.124e+05 5 0))
s>        ( WDBNDRY_B 0 -2.126e+06 3.250e+03 9.604e+03
s>            ( SILENCE -1 -1.754e+05 1.932e+02 7.875e+02
s>                ( - -6.681e+03 4 0)
s>                ( - -1.685e+05 32 0 QUESTION2 -1 1.832e+02 7.561e+02))
s>            ( QUESTION2_2_L -1 -1.948e+06 1.643e+03 8.816e+03
s>                ( QUESTION0 -1 -1.554e+05 3.433e+02 7.198e+02
s>                    ( - -5.639e+03 2 0)
s>                    ( - -1.494e+05 9 0))
s>                ( QUESTION0 -1 -1.791e+06 4.532e+02 8.096e+03
s>                    ( - -1.779e+06 28 0 WDBNDRY_E 0 1.208e+02 8.045e+03)
s>                    ( - -1.142e+04 4 0)))))INFO: dtree.c(1315): Comp split 3
INFO: dtree.c(1439): stop. leaf nodes are specific
INFO: dtree.c(1478): Final simple tree
|( QUESTION2_2_L -1 -1.948e+06 1.643e+03 8.817e+03
|    ( QUESTION0 -1 -1.554e+05 3.433e+02 7.198e+02
|        ( - -5.639e+03 2 0)
|        ( - -1.494e+05 9 0))
|    ( WDBNDRY_B 0 -1.791e+06 4.712e+02 8.097e+03
|        ( - 2.421e+02 1 0)
|        ( QUESTION0 -1 -1.791e+06 4.532e+02 8.096e+03
|            ( WDBNDRY_E 0 -1.779e+06 1.208e+02 8.045e+03
|                ( - -1.967e+03 3 0)
|                ( - -1.777e+06 25 0))
|            ( - -1.142e+04 4 0))))
s>    ( QUESTION2_2_L -1 -1.948e+06 1.643e+03 8.817e+03
s>        ( QUESTION0 -1 -1.554e+05 3.433e+02 7.198e+02
s>            ( - -5.639e+03 2 0)
s>            ( - -1.494e+05 9 0))
s>        ( WDBNDRY_B 0 -1.791e+06 4.712e+02 8.097e+03
s>            ( - 2.421e+02 1 0)
s>            ( QUESTION0 -1 -1.791e+06 4.532e+02 8.096e+03
s>                ( WDBNDRY_E 0 -1.779e+06 1.208e+02 8.045e+03
s>                    ( - -1.967e+03 3 0)
s>                    ( - -1.777e+06 25 0))
s>                ( - -1.142e+04 4 0))))INFO: dtree.c(1439): stop. leaf nodes are specific
INFO: dtree.c(1478): Final simple tree
|( WDBNDRY_B 0 -3.890e+05 1.178e+03 1.729e+03
|    ( SILENCE -1 -1.754e+05 1.932e+02 7.875e+02
|        ( - -6.681e+03 4 0)
|        ( QUESTION2 -1 -1.685e+05 1.832e+02 7.561e+02
|            ( - -2.464e+03 2 0)
|            ( QUESTION2_3_L -1 -1.658e+05 1.368e+02 7.441e+02
|                ( - -1.055e+03 2 0)
|                ( QUESTION14 -1 -1.647e+05 1.155e+02 7.391e+02
|                    ( - -6.576e+03 6 0)
|                    ( QUESTION0 -1 -1.580e+05 7.736e+01 7.094e+02
|                        ( - -1.567e+05 21 0)
|                        ( - -1.232e+03 1 0))))))
|    ( - -2.124e+05 5 0))
s>    ( WDBNDRY_B 0 -3.890e+05 1.178e+03 1.729e+03
s>        ( SILENCE -1 -1.754e+05 1.932e+02 7.875e+02
s>            ( - -6.681e+03 4 0)
s>            ( QUESTION2 -1 -1.685e+05 1.832e+02 7.561e+02
s>                ( - -2.464e+03 2 0)
s>                ( QUESTION2_3_L -1 -1.658e+05 1.368e+02 7.441e+02
s>                    ( - -1.055e+03 2 0)
s>                    ( QUESTION14 -1 -1.647e+05 1.155e+02 7.391e+02
s>                        ( - -6.576e+03 6 0)
s>                        ( QUESTION0 -1 -1.580e+05 7.736e+01 7.094e+02
s>                            ( - -1.567e+05 21 0)
s>                            ( - -1.232e+03 1 0))))))
s>        ( - -2.124e+05 5 0))INFO: dtree.c(1315): Comp split 4
INFO: dtree.c(1439): stop. leaf nodes are specific
INFO: dtree.c(1478): Final simple tree
|( WDBNDRY_E 0 -7.080e+05 1.755e+02 3.162e+03
|    ( - -8.495e+02 1 0)
|    ( - -7.070e+05 5 0))
s>    ( WDBNDRY_E 0 -7.080e+05 1.755e+02 3.162e+03
s>        ( - -8.495e+02 1 0)
s>        ( - -7.070e+05 5 0))INFO: dtree.c(1478): Final simple tree
|( QUESTION8 -1 -2.227e+05 5.703e+02 1.010e+03
|    ( - -8.296e+03 1 0)
|    ( QUESTION20 -1 -2.139e+05 4.517e+02 9.678e+02
|        ( - -1.383e+05 10 0 WDBNDRY_B 0 1.838e+02 6.282e+02)
|        ( QUESTION6 -1 -7.515e+04 4.642e+02 3.396e+02
|            ( - -6.270e+03 4 0)
|            ( QUESTION2_14_L -1 -6.842e+04 2.922e+02 3.103e+02
|                ( - -4.162e+03 3 0 WDBNDRY_B 0 1.967e+02 1.900e+01)
|                ( QUESTION2 -1 -6.396e+04 2.737e+02 2.913e+02
|                    ( QUESTION5 -1 -1.754e+04 2.045e+02 8.182e+01
|                        ( - -4.297e+02 1 0)
|                        ( WDBNDRY_B 0 -1.691e+04 4.905e+02 7.882e+01
|                            ( - 2.417e+02 1 0)
|                            ( - -1.666e+04 4 0)))
|                    ( - -4.615e+04 8 0 WDBNDRY_B 0 1.417e+02 2.094e+02))))))
s>    ( QUESTION8 -1 -2.227e+05 5.703e+02 1.010e+03
s>        ( - -8.296e+03 1 0)
s>        ( QUESTION20 -1 -2.139e+05 4.517e+02 9.678e+02
s>            ( - -1.383e+05 10 0 WDBNDRY_B 0 1.838e+02 6.282e+02)
s>            ( QUESTION6 -1 -7.515e+04 4.642e+02 3.396e+02
s>                ( - -6.270e+03 4 0)
s>                ( QUESTION2_14_L -1 -6.842e+04 2.922e+02 3.103e+02
s>                    ( - -4.162e+03 3 0 WDBNDRY_B 0 1.967e+02 1.900e+01)
s>                    ( QUESTION2 -1 -6.396e+04 2.737e+02 2.913e+02
s>                        ( QUESTION5 -1 -1.754e+04 2.045e+02 8.182e+01
s>                            ( - -4.297e+02 1 0)
s>                            ( WDBNDRY_B 0 -1.691e+04 4.905e+02 7.882e+01
s>                                ( - 2.417e+02 1 0)
s>                                ( - -1.666e+04 4 0)))
s>                        ( - -4.615e+04 8 0 WDBNDRY_B 0 1.417e+02 2.094e+02))))))INFO: dtree.c(1315): Comp split 5
INFO: dtree.c(1439): stop. leaf nodes are specific
INFO: dtree.c(1478): Final simple tree
|( QUESTION0_11_R 1 -1.613e+05 5.038e+02 7.448e+02
|    ( - -1.552e+05 6 0)
|    ( - -5.585e+03 3 0))
s>    ( QUESTION0_11_R 1 -1.613e+05 5.038e+02 7.448e+02
s>        ( - -1.552e+05 6 0)
s>        ( - -5.585e+03 3 0))INFO: dtree.c(1478): Final simple tree
|( QUESTION11 1 -1.237e+05 8.618e+02 5.631e+02
|    ( WDBNDRY_E 0 -1.071e+04 4.777e+02 4.905e+01
|        ( - 2.421e+02 1 0)
|        ( QUESTION0 -1 -1.048e+04 4.621e+02 4.805e+01
|            ( - -1.025e+04 8 0 QUESTION0_3_R 1 1.482e+02 4.705e+01)
|            ( - 2.412e+02 1 0)))
|    ( WDBNDRY_E 0 -1.121e+05 6.848e+02 5.140e+02
|        ( QUESTION0_9_R 1 -6.546e+04 5.520e+02 3.018e+02
|            ( - -1.450e+04 2 0)
|            ( QUESTION0_6_R 1 -5.040e+04 4.749e+02 2.336e+02
|                ( - 2.414e+02 1 0)
|                ( QUESTION0_1_R 1 -5.017e+04 3.651e+02 2.326e+02
|                    ( - -2.676e+04 17 0 QUESTION0_11_R 1 2.598e+02 1.245e+02)
|                    ( - -2.305e+04 6 0 QUESTION0 -1 3.290e+02 1.082e+02))))
|        ( - -4.596e+04 17 0 QUESTION0_3_R 1 2.336e+02 2.122e+02)))
s>    ( QUESTION11 1 -1.237e+05 8.618e+02 5.631e+02
s>        ( WDBNDRY_E 0 -1.071e+04 4.777e+02 4.905e+01
s>            ( - 2.421e+02 1 0)
s>            ( QUESTION0 -1 -1.048e+04 4.621e+02 4.805e+01
s>                ( - -1.025e+04 8 0 QUESTION0_3_R 1 1.482e+02 4.705e+01)
s>                ( - 2.412e+02 1 0)))
s>        ( WDBNDRY_E 0 -1.121e+05 6.848e+02 5.140e+02
s>            ( QUESTION0_9_R 1 -6.546e+04 5.520e+02 3.018e+02
s>                ( - -1.450e+04 2 0)
s>                ( QUESTION0_6_R 1 -5.040e+04 4.749e+02 2.336e+02
s>                    ( - 2.414e+02 1 0)
s>                    ( QUESTION0_1_R 1 -5.017e+04 3.651e+02 2.326e+02
s>                        ( - -2.676e+04 17 0 QUESTION0_11_R 1 2.598e+02 1.245e+02)
s>                        ( - -2.305e+04 6 0 QUESTION0 -1 3.290e+02 1.082e+02))))
s>            ( - -4.596e+04 17 0 QUESTION0_3_R 1 2.336e+02 2.122e+02)))INFO: dtree.c(1315): Comp split 6
INFO: dtree.c(1439): stop. leaf nodes are specific
INFO: dtree.c(1478): Final simple tree
|( QUESTION0 -1 -1.791e+06 4.532e+02 8.096e+03
|    ( WDBNDRY_E 0 -1.779e+06 1.208e+02 8.045e+03
|        ( - -1.967e+03 3 0)
|        ( - -1.777e+06 25 0))
|    ( - -1.142e+04 4 0))
s>    ( QUESTION0 -1 -1.791e+06 4.532e+02 8.096e+03
s>        ( WDBNDRY_E 0 -1.779e+06 1.208e+02 8.045e+03
s>            ( - -1.967e+03 3 0)
s>            ( - -1.777e+06 25 0))
s>        ( - -1.142e+04 4 0))INFO: dtree.c(1439): stop. leaf nodes are specific
INFO: dtree.c(1478): Final simple tree
|( WDBNDRY_B 0 -1.556e+05 4.697e+02 7.208e+02
|    ( - 2.421e+02 1 0)
|    ( QUESTION0 -1 -1.554e+05 3.433e+02 7.198e+02
|        ( - -5.639e+03 2 0)
|        ( - -1.494e+05 9 0)))
s>    ( WDBNDRY_B 0 -1.556e+05 4.697e+02 7.208e+02
s>        ( - 2.421e+02 1 0)
s>        ( QUESTION0 -1 -1.554e+05 3.433e+02 7.198e+02
s>            ( - -5.639e+03 2 0)
s>            ( - -1.494e+05 9 0)))INFO: dtree.c(1315): Comp split 7
INFO: dtree.c(1439): stop. leaf nodes are specific
INFO: dtree.c(1478): Final simple tree
|( SILENCE -1 -1.754e+05 1.932e+02 7.875e+02
|    ( - -6.681e+03 4 0)
|    ( QUESTION2 -1 -1.685e+05 1.832e+02 7.561e+02
|        ( - -2.464e+03 2 0)
|        ( QUESTION2_3_L -1 -1.658e+05 1.368e+02 7.441e+02
|            ( - -1.055e+03 2 0)
|            ( QUESTION14 -1 -1.647e+05 1.155e+02 7.391e+02
|                ( - -6.576e+03 6 0)
|                ( QUESTION0 -1 -1.580e+05 7.736e+01 7.094e+02
|                    ( - -1.567e+05 21 0)
|                    ( - -1.232e+03 1 0))))))
s>    ( SILENCE -1 -1.754e+05 1.932e+02 7.875e+02
s>        ( - -6.681e+03 4 0)
s>        ( QUESTION2 -1 -1.685e+05 1.832e+02 7.561e+02
s>            ( - -2.464e+03 2 0)
s>            ( QUESTION2_3_L -1 -1.658e+05 1.368e+02 7.441e+02
s>                ( - -1.055e+03 2 0)
s>                ( QUESTION14 -1 -1.647e+05 1.155e+02 7.391e+02
s>                    ( - -6.576e+03 6 0)
s>                    ( QUESTION0 -1 -1.580e+05 7.736e+01 7.094e+02
s>                        ( - -1.567e+05 21 0)
s>                        ( - -1.232e+03 1 0))))))INFO: dtree.c(1315): Comp split 8
INFO: dtree.c(1439): stop. leaf nodes are specific
INFO: dtree.c(1478): Final simple tree
|( QUESTION0_7_R 1 -1.093e+04 4.650e+02 5.005e+01
|    ( - 2.414e+02 1 0)
|    ( WDBNDRY_E 0 -1.071e+04 4.777e+02 4.905e+01
|        ( - 2.421e+02 1 0)
|        ( QUESTION0 -1 -1.048e+04 4.621e+02 4.805e+01
|            ( QUESTION0_3_R 1 -1.025e+04 1.482e+02 4.705e+01
|                ( - -8.448e+03 4 0)
|                ( - -1.658e+03 4 0))
|            ( - 2.412e+02 1 0))))
s>    ( QUESTION0_7_R 1 -1.093e+04 4.650e+02 5.005e+01
s>        ( - 2.414e+02 1 0)
s>        ( WDBNDRY_E 0 -1.071e+04 4.777e+02 4.905e+01
s>            ( - 2.421e+02 1 0)
s>            ( QUESTION0 -1 -1.048e+04 4.621e+02 4.805e+01
s>                ( QUESTION0_3_R 1 -1.025e+04 1.482e+02 4.705e+01
s>                    ( - -8.448e+03 4 0)
s>                    ( - -1.658e+03 4 0))
s>                ( - 2.412e+02 1 0))))INFO: dtree.c(1478): Final simple tree
|( WDBNDRY_E 0 -1.119e+05 6.876e+02 5.130e+02
|    ( QUESTION0_9_R 1 -6.523e+04 5.539e+02 3.008e+02
|        ( - -1.450e+04 2 0)
|        ( QUESTION0_1_R 1 -5.017e+04 3.651e+02 2.326e+02
|            ( QUESTION0_11_R 1 -2.676e+04 2.598e+02 1.245e+02
|                ( - -9.658e+03 4 0)
|                ( QUESTION10 1 -1.684e+04 1.973e+02 7.847e+01
|                    ( - -3.190e+03 1 0)
|                    ( - -1.345e+04 12 0 QUESTION0_20_R 1 4.806e+02 6.247e+01)))
|            ( QUESTION0 -1 -2.305e+04 3.290e+02 1.082e+02
|                ( - -2.117e+04 5 0 SILENCE 1 1.589e+02 9.915e+01)
|                ( - -1.548e+03 1 0))))
|    ( QUESTION0_3_R 1 -4.596e+04 2.336e+02 2.122e+02
|        ( - -2.199e+02 1 0)
|        ( - -4.551e+04 16 0 QUESTION20 1 1.937e+02 2.102e+02)))
s>    ( WDBNDRY_E 0 -1.119e+05 6.876e+02 5.130e+02
s>        ( QUESTION0_9_R 1 -6.523e+04 5.539e+02 3.008e+02
s>            ( - -1.450e+04 2 0)
s>            ( QUESTION0_1_R 1 -5.017e+04 3.651e+02 2.326e+02
s>                ( QUESTION0_11_R 1 -2.676e+04 2.598e+02 1.245e+02
s>                    ( - -9.658e+03 4 0)
s>                    ( QUESTION10 1 -1.684e+04 1.973e+02 7.847e+01
s>                        ( - -3.190e+03 1 0)
s>                        ( - -1.345e+04 12 0 QUESTION0_20_R 1 4.806e+02 6.247e+01)))
s>                ( QUESTION0 -1 -2.305e+04 3.290e+02 1.082e+02
s>                    ( - -2.117e+04 5 0 SILENCE 1 1.589e+02 9.915e+01)
s>                    ( - -1.548e+03 1 0))))
s>        ( QUESTION0_3_R 1 -4.596e+04 2.336e+02 2.122e+02
s>            ( - -2.199e+02 1 0)
s>            ( - -4.551e+04 16 0 QUESTION20 1 1.937e+02 2.102e+02)))INFO: dtree.c(1315): Comp split 9
INFO: dtree.c(1439): stop. leaf nodes are specific
INFO: dtree.c(1478): Final simple tree
|( QUESTION0_1_R 1 -3.603e+04 3.502e+02 1.673e+02
|    ( - -1.450e+04 2 0)
|    ( SILENCE 1 -2.117e+04 1.589e+02 9.915e+01
|        ( - -2.006e+04 4 0)
|        ( - -9.555e+02 1 0)))
s>    ( QUESTION0_1_R 1 -3.603e+04 3.502e+02 1.673e+02
s>        ( - -1.450e+04 2 0)
s>        ( SILENCE 1 -2.117e+04 1.589e+02 9.915e+01
s>            ( - -2.006e+04 4 0)
s>            ( - -9.555e+02 1 0)))INFO: dtree.c(1478): Final simple tree
|( WDBNDRY_E 0 -7.504e+04 5.460e+02 3.457e+02
|    ( QUESTION0_11_R 1 -2.853e+04 2.392e+02 1.335e+02
|        ( - -9.658e+03 4 0)
|        ( SILENCE 1 -1.863e+04 2.481e+02 8.747e+01
|            ( - -1.548e+03 1 0)
|            ( QUESTION10 1 -1.684e+04 1.973e+02 7.847e+01
|                ( - -3.190e+03 1 0)
|                ( QUESTION0_20_R 1 -1.345e+04 4.806e+02 6.247e+01
|                    ( - 2.421e+02 1 0)
|                    ( - -1.321e+04 11 0 QUESTION0_2_R 1 1.904e+02 6.147e+01)))))
|    ( QUESTION0_3_R 1 -4.596e+04 2.336e+02 2.122e+02
|        ( - -2.199e+02 1 0)
|        ( QUESTION20 1 -4.551e+04 1.937e+02 2.102e+02
|            ( - -3.910e+04 4 0 QUESTION0_17_R 1 1.883e+02 1.822e+02)
|            ( - -6.217e+03 12 0 QUESTION0_5_R 1 1.755e+02 2.800e+01))))
s>    ( WDBNDRY_E 0 -7.504e+04 5.460e+02 3.457e+02
s>        ( QUESTION0_11_R 1 -2.853e+04 2.392e+02 1.335e+02
s>            ( - -9.658e+03 4 0)
s>            ( SILENCE 1 -1.863e+04 2.481e+02 8.747e+01
s>                ( - -1.548e+03 1 0)
s>                ( QUESTION10 1 -1.684e+04 1.973e+02 7.847e+01
s>                    ( - -3.190e+03 1 0)
s>                    ( QUESTION0_20_R 1 -1.345e+04 4.806e+02 6.247e+01
s>                        ( - 2.421e+02 1 0)
s>                        ( - -1.321e+04 11 0 QUESTION0_2_R 1 1.904e+02 6.147e+01)))))
s>        ( QUESTION0_3_R 1 -4.596e+04 2.336e+02 2.122e+02
s>            ( - -2.199e+02 1 0)
s>            ( QUESTION20 1 -4.551e+04 1.937e+02 2.102e+02
s>                ( - -3.910e+04 4 0 QUESTION0_17_R 1 1.883e+02 1.822e+02)
s>                ( - -6.217e+03 12 0 QUESTION0_5_R 1 1.755e+02 2.800e+01))))INFO: dtree.c(1315): Comp split 10
INFO: dtree.c(1478): Final simple tree
|( QUESTION20 -1 -2.139e+05 4.517e+02 9.678e+02
|    ( - -1.383e+05 10 0 WDBNDRY_B 0 1.838e+02 6.282e+02)
|    ( QUESTION6 -1 -7.515e+04 4.642e+02 3.396e+02
|        ( - -6.270e+03 4 0)
|        ( QUESTION2_14_L -1 -6.842e+04 2.922e+02 3.103e+02
|            ( WDBNDRY_B 0 -4.162e+03 1.967e+02 1.900e+01
|                ( - -2.812e+03 2 0)
|                ( - -1.153e+03 1 0))
|            ( QUESTION2 -1 -6.396e+04 2.737e+02 2.913e+02
|                ( QUESTION5 -1 -1.754e+04 2.045e+02 8.182e+01
|                    ( - -4.297e+02 1 0)
|                    ( WDBNDRY_B 0 -1.691e+04 4.905e+02 7.882e+01
|                        ( - 2.417e+02 1 0)
|                        ( - -1.666e+04 4 0)))
|                ( - -4.615e+04 8 0 WDBNDRY_B 0 1.417e+02 2.094e+02)))))
s>    ( QUESTION20 -1 -2.139e+05 4.517e+02 9.678e+02
s>        ( - -1.383e+05 10 0 WDBNDRY_B 0 1.838e+02 6.282e+02)
s>        ( QUESTION6 -1 -7.515e+04 4.642e+02 3.396e+02
s>            ( - -6.270e+03 4 0)
s>            ( QUESTION2_14_L -1 -6.842e+04 2.922e+02 3.103e+02
s>                ( WDBNDRY_B 0 -4.162e+03 1.967e+02 1.900e+01
s>                    ( - -2.812e+03 2 0)
s>                    ( - -1.153e+03 1 0))
s>                ( QUESTION2 -1 -6.396e+04 2.737e+02 2.913e+02
s>                    ( QUESTION5 -1 -1.754e+04 2.045e+02 8.182e+01
s>                        ( - -4.297e+02 1 0)
s>                        ( WDBNDRY_B 0 -1.691e+04 4.905e+02 7.882e+01
s>                            ( - 2.417e+02 1 0)
s>                            ( - -1.666e+04 4 0)))
s>                    ( - -4.615e+04 8 0 WDBNDRY_B 0 1.417e+02 2.094e+02)))))INFO: dtree.c(1315): Comp split 11
INFO: dtree.c(1478): Final simple tree
|( WDBNDRY_E 0 -4.574e+04 4.768e+02 2.112e+02
|    ( - 2.421e+02 1 0)
|    ( QUESTION20 1 -4.551e+04 1.937e+02 2.102e+02
|        ( QUESTION0_17_R 1 -3.910e+04 1.883e+02 1.822e+02
|            ( - -3.865e+04 3 0)
|            ( - -2.560e+02 1 0))
|        ( QUESTION0_5_R 1 -6.217e+03 1.755e+02 2.800e+01
|            ( - -3.163e+02 1 0)
|            ( QUESTION0_2_R 1 -5.726e+03 1.457e+02 2.600e+01
|                ( - -3.210e+02 1 0)
|                ( QUESTION0_17_R 1 -5.259e+03 1.050e+02 2.400e+01
|                    ( - -2.807e+03 5 0)
|                    ( QUESTION0_11_R 1 -2.347e+03 7.370e+01 1.100e+01
|                        ( - -8.107e+02 2 0)
|                        ( - -1.462e+03 3 0)))))))
s>    ( WDBNDRY_E 0 -4.574e+04 4.768e+02 2.112e+02
s>        ( - 2.421e+02 1 0)
s>        ( QUESTION20 1 -4.551e+04 1.937e+02 2.102e+02
s>            ( QUESTION0_17_R 1 -3.910e+04 1.883e+02 1.822e+02
s>                ( - -3.865e+04 3 0)
s>                ( - -2.560e+02 1 0))
s>            ( QUESTION0_5_R 1 -6.217e+03 1.755e+02 2.800e+01
s>                ( - -3.163e+02 1 0)
s>                ( QUESTION0_2_R 1 -5.726e+03 1.457e+02 2.600e+01
s>                    ( - -3.210e+02 1 0)
s>                    ( QUESTION0_17_R 1 -5.259e+03 1.050e+02 2.400e+01
s>                        ( - -2.807e+03 5 0)
s>                        ( QUESTION0_11_R 1 -2.347e+03 7.370e+01 1.100e+01
s>                            ( - -8.107e+02 2 0)
s>                            ( - -1.462e+03 3 0)))))))INFO: dtree.c(1478): Final simple tree
|( QUESTION0_11_R 1 -2.874e+04 2.429e+02 1.345e+02
|    ( - -9.658e+03 4 0)
|    ( SILENCE 1 -1.884e+04 2.482e+02 8.847e+01
|        ( - -1.548e+03 1 0)
|        ( WDBNDRY_E 0 -1.704e+04 2.218e+02 7.947e+01
|            ( QUESTION0_20_R 1 -1.660e+04 1.961e+02 7.747e+01
|                ( - -3.190e+03 1 0)
|                ( QUESTION0_2_R 1 -1.321e+04 1.904e+02 6.147e+01
|                    ( - -1.117e+03 1 0)
|                    ( QUESTION19 1 -1.190e+04 1.462e+02 5.547e+01
|                        ( - -2.312e+03 5 0)
|                        ( QUESTION0_17_R 1 -9.445e+03 1.192e+02 4.447e+01
|                            ( - -2.477e+03 1 0)
|                            ( - -6.849e+03 4 0 QUESTION0_15_R 1 1.175e+02 3.247e+01)))))
|            ( - -2.199e+02 1 0))))
s>    ( QUESTION0_11_R 1 -2.874e+04 2.429e+02 1.345e+02
s>        ( - -9.658e+03 4 0)
s>        ( SILENCE 1 -1.884e+04 2.482e+02 8.847e+01
s>            ( - -1.548e+03 1 0)
s>            ( WDBNDRY_E 0 -1.704e+04 2.218e+02 7.947e+01
s>                ( QUESTION0_20_R 1 -1.660e+04 1.961e+02 7.747e+01
s>                    ( - -3.190e+03 1 0)
s>                    ( QUESTION0_2_R 1 -1.321e+04 1.904e+02 6.147e+01
s>                        ( - -1.117e+03 1 0)
s>                        ( QUESTION19 1 -1.190e+04 1.462e+02 5.547e+01
s>                            ( - -2.312e+03 5 0)
s>                            ( QUESTION0_17_R 1 -9.445e+03 1.192e+02 4.447e+01
s>                                ( - -2.477e+03 1 0)
s>                                ( - -6.849e+03 4 0 QUESTION0_15_R 1 1.175e+02 3.247e+01)))))
s>                ( - -2.199e+02 1 0))))INFO: dtree.c(1315): Comp split 12
INFO: dtree.c(1439): stop. leaf nodes are specific
INFO: dtree.c(1478): Final simple tree
|( QUESTION11 -1 -6.617e+04 2.895e+02 3.003e+02
|    ( - -2.812e+03 2 0)
|    ( QUESTION2 -1 -6.307e+04 2.652e+02 2.873e+02
|        ( - -1.666e+04 4 0)
|        ( WDBNDRY_B 0 -4.615e+04 1.417e+02 2.094e+02
|            ( - -1.001e+03 3 0)
|            ( - -4.501e+04 5 0))))
s>    ( QUESTION11 -1 -6.617e+04 2.895e+02 3.003e+02
s>        ( - -2.812e+03 2 0)
s>        ( QUESTION2 -1 -6.307e+04 2.652e+02 2.873e+02
s>            ( - -1.666e+04 4 0)
s>            ( WDBNDRY_B 0 -4.615e+04 1.417e+02 2.094e+02
s>                ( - -1.001e+03 3 0)
s>                ( - -4.501e+04 5 0))))INFO: dtree.c(1439): stop. leaf nodes are specific
INFO: dtree.c(1478): Final simple tree
|( QUESTION6 -1 -1.472e+05 4.245e+02 6.675e+02
|    ( - -6.270e+03 4 0)
|    ( QUESTION5 -1 -1.405e+05 2.170e+02 6.382e+02
|        ( - -4.297e+02 1 0)
|        ( QUESTION2 -1 -1.398e+05 1.788e+02 6.352e+02
|            ( WDBNDRY_B 0 -1.388e+03 4.766e+02 7.000e+00
|                ( - 2.417e+02 1 0)
|                ( - -1.153e+03 1 0))
|            ( WDBNDRY_B 0 -1.383e+05 1.838e+02 6.282e+02
|                ( - -2.605e+03 4 0)
|                ( - -1.355e+05 6 0)))))
s>    ( QUESTION6 -1 -1.472e+05 4.245e+02 6.675e+02
s>        ( - -6.270e+03 4 0)
s>        ( QUESTION5 -1 -1.405e+05 2.170e+02 6.382e+02
s>            ( - -4.297e+02 1 0)
s>            ( QUESTION2 -1 -1.398e+05 1.788e+02 6.352e+02
s>                ( WDBNDRY_B 0 -1.388e+03 4.766e+02 7.000e+00
s>                    ( - 2.417e+02 1 0)
s>                    ( - -1.153e+03 1 0))
s>                ( WDBNDRY_B 0 -1.383e+05 1.838e+02 6.282e+02
s>                    ( - -2.605e+03 4 0)
s>                    ( - -1.355e+05 6 0)))))INFO: dtree.c(1315): Comp split 13
INFO: dtree.c(1315): Comp split 14
INFO: dtree.c(1439): stop. leaf nodes are specific
INFO: dtree.c(1478): Final simple tree
|( WDBNDRY_E 0 -1.070e+04 4.652e+02 4.905e+01
|    ( - 2.414e+02 1 0)
|    ( QUESTION0 -1 -1.048e+04 4.621e+02 4.805e+01
|        ( QUESTION0_3_R 1 -1.025e+04 1.482e+02 4.705e+01
|            ( - -8.448e+03 4 0)
|            ( - -1.658e+03 4 0))
|        ( - 2.412e+02 1 0)))
s>    ( WDBNDRY_E 0 -1.070e+04 4.652e+02 4.905e+01
s>        ( - 2.414e+02 1 0)
s>        ( QUESTION0 -1 -1.048e+04 4.621e+02 4.805e+01
s>            ( QUESTION0_3_R 1 -1.025e+04 1.482e+02 4.705e+01
s>                ( - -8.448e+03 4 0)
s>                ( - -1.658e+03 4 0))
s>            ( - 2.412e+02 1 0)))INFO: dtree.c(1315): Comp split 15
INFO: dtree.c(1439): stop. leaf nodes are specific
INFO: dtree.c(1478): Final simple tree
|( QUESTION6 -1 -1.469e+05 4.242e+02 6.665e+02
|    ( - -6.270e+03 4 0)
|    ( QUESTION5 -1 -1.403e+05 2.170e+02 6.372e+02
|        ( - -4.297e+02 1 0)
|        ( WDBNDRY_B 0 -1.396e+05 1.846e+02 6.342e+02
|            ( - -2.605e+03 4 0)
|            ( QUESTION2 -1 -1.368e+05 1.775e+02 6.222e+02
|                ( - -1.153e+03 1 0)
|                ( - -1.355e+05 6 0)))))
s>    ( QUESTION6 -1 -1.469e+05 4.242e+02 6.665e+02
s>        ( - -6.270e+03 4 0)
s>        ( QUESTION5 -1 -1.403e+05 2.170e+02 6.372e+02
s>            ( - -4.297e+02 1 0)
s>            ( WDBNDRY_B 0 -1.396e+05 1.846e+02 6.342e+02
s>                ( - -2.605e+03 4 0)
s>                ( QUESTION2 -1 -1.368e+05 1.775e+02 6.222e+02
s>                    ( - -1.153e+03 1 0)
s>                    ( - -1.355e+05 6 0)))))INFO: dtree.c(1315): Comp split 16
INFO: dtree.c(1439): stop. leaf nodes are specific
INFO: dtree.c(1478): Final simple tree
|( QUESTION20 1 -4.551e+04 1.937e+02 2.102e+02
|    ( QUESTION0_17_R 1 -3.910e+04 1.883e+02 1.822e+02
|        ( - -3.865e+04 3 0)
|        ( - -2.560e+02 1 0))
|    ( QUESTION0_5_R 1 -6.217e+03 1.755e+02 2.800e+01
|        ( - -3.163e+02 1 0)
|        ( QUESTION0_2_R 1 -5.726e+03 1.457e+02 2.600e+01
|            ( - -3.210e+02 1 0)
|            ( QUESTION0_17_R 1 -5.259e+03 1.050e+02 2.400e+01
|                ( - -2.807e+03 5 0)
|                ( QUESTION0_11_R 1 -2.347e+03 7.370e+01 1.100e+01
|                    ( - -8.107e+02 2 0)
|                    ( - -1.462e+03 3 0))))))
s>    ( QUESTION20 1 -4.551e+04 1.937e+02 2.102e+02
s>        ( QUESTION0_17_R 1 -3.910e+04 1.883e+02 1.822e+02
s>            ( - -3.865e+04 3 0)
s>            ( - -2.560e+02 1 0))
s>        ( QUESTION0_5_R 1 -6.217e+03 1.755e+02 2.800e+01
s>            ( - -3.163e+02 1 0)
s>            ( QUESTION0_2_R 1 -5.726e+03 1.457e+02 2.600e+01
s>                ( - -3.210e+02 1 0)
s>                ( QUESTION0_17_R 1 -5.259e+03 1.050e+02 2.400e+01
s>                    ( - -2.807e+03 5 0)
s>                    ( QUESTION0_11_R 1 -2.347e+03 7.370e+01 1.100e+01
s>                        ( - -8.107e+02 2 0)
s>                        ( - -1.462e+03 3 0))))))INFO: dtree.c(1315): Comp split 17
INFO: dtree.c(1439): stop. leaf nodes are specific
INFO: dtree.c(1478): Final simple tree
|( QUESTION0 -1 -1.554e+05 3.433e+02 7.198e+02
|    ( - -5.639e+03 2 0)
|    ( - -1.494e+05 9 0))
s>    ( QUESTION0 -1 -1.554e+05 3.433e+02 7.198e+02
s>        ( - -5.639e+03 2 0)
s>        ( - -1.494e+05 9 0))INFO: dtree.c(1315): Comp split 18
INFO: dtree.c(1439): stop. leaf nodes are specific
INFO: dtree.c(1478): Final simple tree
|( QUESTION0 -1 -1.048e+04 4.621e+02 4.805e+01
|    ( QUESTION0_3_R 1 -1.025e+04 1.482e+02 4.705e+01
|        ( - -8.448e+03 4 0)
|        ( - -1.658e+03 4 0))
|    ( - 2.412e+02 1 0))
s>    ( QUESTION0 -1 -1.048e+04 4.621e+02 4.805e+01
s>        ( QUESTION0_3_R 1 -1.025e+04 1.482e+02 4.705e+01
s>            ( - -8.448e+03 4 0)
s>            ( - -1.658e+03 4 0))
s>        ( - 2.412e+02 1 0))INFO: dtree.c(1315): Comp split 19
INFO: dtree.c(1439): stop. leaf nodes are specific
INFO: dtree.c(1478): Final simple tree
|( QUESTION0_3_R 1 -1.025e+04 1.482e+02 4.705e+01
|    ( - -8.448e+03 4 0)
|    ( - -1.658e+03 4 0))
s>    ( QUESTION0_3_R 1 -1.025e+04 1.482e+02 4.705e+01
s>        ( - -8.448e+03 4 0)
s>        ( - -1.658e+03 4 0))INFO: dtree.c(1315): Comp split 20
INFO: dtree.c(1439): stop. leaf nodes are specific
INFO: dtree.c(1478): Final simple tree
|( WDBNDRY_E 0 -1.779e+06 1.208e+02 8.045e+03
|    ( - -1.967e+03 3 0)
|    ( - -1.777e+06 25 0))
s>    ( WDBNDRY_E 0 -1.779e+06 1.208e+02 8.045e+03
s>        ( - -1.967e+03 3 0)
s>        ( - -1.777e+06 25 0))INFO: dtree.c(1315): Comp split 21
INFO: dtree.c(1439): stop. leaf nodes are specific
INFO: dtree.c(1478): Final simple tree
|( QUESTION2 -1 -1.368e+05 1.775e+02 6.222e+02
|    ( - -1.153e+03 1 0)
|    ( - -1.355e+05 6 0))
s>    ( QUESTION2 -1 -1.368e+05 1.775e+02 6.222e+02
s>        ( - -1.153e+03 1 0)
s>        ( - -1.355e+05 6 0))INFO: dtree.c(1439): stop. leaf nodes are specific
INFO: dtree.c(1478): Final simple tree
|( QUESTION7 -1 -9.696e+03 2.142e+02 4.428e+01
|    ( - -4.297e+02 1 0)
|    ( WDBNDRY_B 0 -9.052e+03 1.775e+02 4.128e+01
|        ( - -2.605e+03 4 0)
|        ( - -6.270e+03 4 0)))
s>    ( QUESTION7 -1 -9.696e+03 2.142e+02 4.428e+01
s>        ( - -4.297e+02 1 0)
s>        ( WDBNDRY_B 0 -9.052e+03 1.775e+02 4.128e+01
s>            ( - -2.605e+03 4 0)
s>            ( - -6.270e+03 4 0)))INFO: dtree.c(1315): Comp split 22
INFO: dtree.c(1439): stop. leaf nodes are specific
INFO: dtree.c(1478): Final simple tree
|( SILENCE 1 -2.117e+04 1.589e+02 9.915e+01
|    ( - -2.006e+04 4 0)
|    ( - -9.555e+02 1 0))
s>    ( SILENCE 1 -2.117e+04 1.589e+02 9.915e+01
s>        ( - -2.006e+04 4 0)
s>        ( - -9.555e+02 1 0))INFO: dtree.c(1315): Comp split 23
INFO: dtree.c(1315): Comp split 24
INFO: dtree.c(1439): stop. leaf nodes are specific
INFO: dtree.c(1478): Final simple tree
|( WDBNDRY_E 0 -1.366e+04 2.252e+02 6.347e+01
|    ( QUESTION0_2_R 1 -1.321e+04 1.904e+02 6.147e+01
|        ( - -1.117e+03 1 0)
|        ( QUESTION19 1 -1.190e+04 1.462e+02 5.547e+01
|            ( - -2.312e+03 5 0)
|            ( QUESTION0_17_R 1 -9.445e+03 1.192e+02 4.447e+01
|                ( - -2.477e+03 1 0)
|                ( QUESTION0_15_R 1 -6.849e+03 1.175e+02 3.247e+01
|                    ( - -5.134e+02 2 0)
|                    ( - -6.218e+03 2 0)))))
|    ( - -2.199e+02 1 0))
s>    ( WDBNDRY_E 0 -1.366e+04 2.252e+02 6.347e+01
s>        ( QUESTION0_2_R 1 -1.321e+04 1.904e+02 6.147e+01
s>            ( - -1.117e+03 1 0)
s>            ( QUESTION19 1 -1.190e+04 1.462e+02 5.547e+01
s>                ( - -2.312e+03 5 0)
s>                ( QUESTION0_17_R 1 -9.445e+03 1.192e+02 4.447e+01
s>                    ( - -2.477e+03 1 0)
s>                    ( QUESTION0_15_R 1 -6.849e+03 1.175e+02 3.247e+01
s>                        ( - -5.134e+02 2 0)
s>                        ( - -6.218e+03 2 0)))))
s>        ( - -2.199e+02 1 0))INFO: dtree.c(1439): stop. leaf nodes are specific
INFO: dtree.c(1478): Final simple tree
|( QUESTION0_11_R 1 -1.478e+04 1.999e+02 7.101e+01
|    ( - -9.658e+03 4 0)
|    ( SILENCE 1 -4.920e+03 1.823e+02 2.500e+01
|        ( - -1.548e+03 1 0)
|        ( - -3.190e+03 1 0)))
s>    ( QUESTION0_11_R 1 -1.478e+04 1.999e+02 7.101e+01
s>        ( - -9.658e+03 4 0)
s>        ( SILENCE 1 -4.920e+03 1.823e+02 2.500e+01
s>            ( - -1.548e+03 1 0)
s>            ( - -3.190e+03 1 0)))INFO: dtree.c(1315): Comp split 25
INFO: dtree.c(1439): stop. leaf nodes are specific
INFO: dtree.c(1478): Final simple tree
|( QUESTION11 -1 -2.087e+04 2.691e+02 9.582e+01
|    ( - -2.812e+03 2 0)
|    ( WDBNDRY_B 0 -1.779e+04 1.352e+02 8.282e+01
|        ( - -1.001e+03 3 0)
|        ( - -1.666e+04 4 0)))
s>    ( QUESTION11 -1 -2.087e+04 2.691e+02 9.582e+01
s>        ( - -2.812e+03 2 0)
s>        ( WDBNDRY_B 0 -1.779e+04 1.352e+02 8.282e+01
s>            ( - -1.001e+03 3 0)
s>            ( - -1.666e+04 4 0)))INFO: dtree.c(1315): Comp split 26
INFO: dtree.c(1439): stop. leaf nodes are specific
INFO: dtree.c(1478): Final simple tree
|( WDBNDRY_B 0 -1.779e+04 1.352e+02 8.282e+01
|    ( - -1.001e+03 3 0)
|    ( - -1.666e+04 4 0))
s>    ( WDBNDRY_B 0 -1.779e+04 1.352e+02 8.282e+01
s>        ( - -1.001e+03 3 0)
s>        ( - -1.666e+04 4 0))INFO: dtree.c(1315): Comp split 27
INFO: dtree.c(1439): stop. leaf nodes are specific
INFO: dtree.c(1478): Final simple tree
|( QUESTION0_2_R 1 -1.321e+04 1.904e+02 6.147e+01
|    ( - -1.117e+03 1 0)
|    ( QUESTION19 1 -1.190e+04 1.462e+02 5.547e+01
|        ( - -2.312e+03 5 0)
|        ( QUESTION0_17_R 1 -9.445e+03 1.192e+02 4.447e+01
|            ( - -2.477e+03 1 0)
|            ( QUESTION0_15_R 1 -6.849e+03 1.175e+02 3.247e+01
|                ( - -5.134e+02 2 0)
|                ( - -6.218e+03 2 0)))))
s>    ( QUESTION0_2_R 1 -1.321e+04 1.904e+02 6.147e+01
s>        ( - -1.117e+03 1 0)
s>        ( QUESTION19 1 -1.190e+04 1.462e+02 5.547e+01
s>            ( - -2.312e+03 5 0)
s>            ( QUESTION0_17_R 1 -9.445e+03 1.192e+02 4.447e+01
s>                ( - -2.477e+03 1 0)
s>                ( QUESTION0_15_R 1 -6.849e+03 1.175e+02 3.247e+01
s>                    ( - -5.134e+02 2 0)
s>                    ( - -6.218e+03 2 0)))))INFO: dtree.c(1315): Comp split 28
INFO: dtree.c(1439): stop. leaf nodes are specific
INFO: dtree.c(1478): Final simple tree
|( QUESTION2_3_L -1 -1.658e+05 1.368e+02 7.441e+02
|    ( - -1.055e+03 2 0)
|    ( QUESTION14 -1 -1.647e+05 1.155e+02 7.391e+02
|        ( - -6.576e+03 6 0)
|        ( QUESTION0 -1 -1.580e+05 7.736e+01 7.094e+02
|            ( - -1.567e+05 21 0)
|            ( - -1.232e+03 1 0))))
s>    ( QUESTION2_3_L -1 -1.658e+05 1.368e+02 7.441e+02
s>        ( - -1.055e+03 2 0)
s>        ( QUESTION14 -1 -1.647e+05 1.155e+02 7.391e+02
s>            ( - -6.576e+03 6 0)
s>            ( QUESTION0 -1 -1.580e+05 7.736e+01 7.094e+02
s>                ( - -1.567e+05 21 0)
s>                ( - -1.232e+03 1 0))))INFO: dtree.c(1439): stop. leaf nodes are specific
INFO: dtree.c(1478): Final simple tree
|( SILENCE -1 -9.301e+03 1.563e+02 4.336e+01
|    ( - -6.681e+03 4 0)
|    ( - -2.464e+03 2 0))
s>    ( SILENCE -1 -9.301e+03 1.563e+02 4.336e+01
s>        ( - -6.681e+03 4 0)
s>        ( - -2.464e+03 2 0))INFO: dtree.c(1315): Comp split 29
INFO: dtree.c(1439): stop. leaf nodes are specific
INFO: dtree.c(1478): Final simple tree
|( WDBNDRY_B 0 -9.052e+03 1.775e+02 4.128e+01
|    ( - -2.605e+03 4 0)
|    ( - -6.270e+03 4 0))
s>    ( WDBNDRY_B 0 -9.052e+03 1.775e+02 4.128e+01
s>        ( - -2.605e+03 4 0)
s>        ( - -6.270e+03 4 0))INFO: dtree.c(1315): Comp split 30
INFO: dtree.c(1439): stop. leaf nodes are specific
INFO: dtree.c(1478): Final simple tree
|( QUESTION20 1 -6.652e+03 1.783e+02 3.000e+01
|    ( - -2.560e+02 1 0)
|    ( QUESTION0_5_R 1 -6.217e+03 1.755e+02 2.800e+01
|        ( - -3.163e+02 1 0)
|        ( QUESTION0_2_R 1 -5.726e+03 1.457e+02 2.600e+01
|            ( - -3.210e+02 1 0)
|            ( QUESTION0_17_R 1 -5.259e+03 1.050e+02 2.400e+01
|                ( - -2.807e+03 5 0)
|                ( QUESTION0_11_R 1 -2.347e+03 7.370e+01 1.100e+01
|                    ( - -8.107e+02 2 0)
|                    ( - -1.462e+03 3 0))))))
s>    ( QUESTION20 1 -6.652e+03 1.783e+02 3.000e+01
s>        ( - -2.560e+02 1 0)
s>        ( QUESTION0_5_R 1 -6.217e+03 1.755e+02 2.800e+01
s>            ( - -3.163e+02 1 0)
s>            ( QUESTION0_2_R 1 -5.726e+03 1.457e+02 2.600e+01
s>                ( - -3.210e+02 1 0)
s>                ( QUESTION0_17_R 1 -5.259e+03 1.050e+02 2.400e+01
s>                    ( - -2.807e+03 5 0)
s>                    ( QUESTION0_11_R 1 -2.347e+03 7.370e+01 1.100e+01
s>                        ( - -8.107e+02 2 0)
s>                        ( - -1.462e+03 3 0))))))INFO: dtree.c(1315): Comp split 31
INFO: dtree.c(1439): stop. leaf nodes are specific
INFO: dtree.c(1478): Final simple tree
|( SILENCE 1 -4.920e+03 1.823e+02 2.500e+01
|    ( - -1.548e+03 1 0)
|    ( - -3.190e+03 1 0))
s>    ( SILENCE 1 -4.920e+03 1.823e+02 2.500e+01
s>        ( - -1.548e+03 1 0)
s>        ( - -3.190e+03 1 0))INFO: dtree.c(1315): Comp split 32
INFO: dtree.c(1439): stop. leaf nodes are specific
INFO: dtree.c(1478): Final simple tree
|( QUESTION19 1 -1.190e+04 1.462e+02 5.547e+01
|    ( - -2.312e+03 5 0)
|    ( QUESTION0_17_R 1 -9.445e+03 1.192e+02 4.447e+01
|        ( - -2.477e+03 1 0)
|        ( QUESTION0_15_R 1 -6.849e+03 1.175e+02 3.247e+01
|            ( - -5.134e+02 2 0)
|            ( - -6.218e+03 2 0))))
s>    ( QUESTION19 1 -1.190e+04 1.462e+02 5.547e+01
s>        ( - -2.312e+03 5 0)
s>        ( QUESTION0_17_R 1 -9.445e+03 1.192e+02 4.447e+01
s>            ( - -2.477e+03 1 0)
s>            ( QUESTION0_15_R 1 -6.849e+03 1.175e+02 3.247e+01
s>                ( - -5.134e+02 2 0)
s>                ( - -6.218e+03 2 0))))INFO: dtree.c(1315): Comp split 33
INFO: dtree.c(1315): Comp split 34
INFO: dtree.c(1439): stop. leaf nodes are specific
INFO: dtree.c(1478): Final simple tree
|( QUESTION0_5_R 1 -6.217e+03 1.755e+02 2.800e+01
|    ( - -3.163e+02 1 0)
|    ( QUESTION0_2_R 1 -5.726e+03 1.457e+02 2.600e+01
|        ( - -3.210e+02 1 0)
|        ( QUESTION0_17_R 1 -5.259e+03 1.050e+02 2.400e+01
|            ( - -2.807e+03 5 0)
|            ( QUESTION0_11_R 1 -2.347e+03 7.370e+01 1.100e+01
|                ( - -8.107e+02 2 0)
|                ( - -1.462e+03 3 0)))))
s>    ( QUESTION0_5_R 1 -6.217e+03 1.755e+02 2.800e+01
s>        ( - -3.163e+02 1 0)
s>        ( QUESTION0_2_R 1 -5.726e+03 1.457e+02 2.600e+01
s>            ( - -3.210e+02 1 0)
s>            ( QUESTION0_17_R 1 -5.259e+03 1.050e+02 2.400e+01
s>                ( - -2.807e+03 5 0)
s>                ( QUESTION0_11_R 1 -2.347e+03 7.370e+01 1.100e+01
s>                    ( - -8.107e+02 2 0)
s>                    ( - -1.462e+03 3 0)))))INFO: dtree.c(1315): Comp split 35
INFO: dtree.c(1315): Comp split 36
INFO: dtree.c(1315): Comp split 37
INFO: dtree.c(1439): stop. leaf nodes are specific
INFO: dtree.c(1478): Final simple tree
|( QUESTION0_2_R 1 -5.726e+03 1.457e+02 2.600e+01
|    ( - -3.210e+02 1 0)
|    ( QUESTION0_17_R 1 -5.259e+03 1.050e+02 2.400e+01
|        ( - -2.807e+03 5 0)
|        ( QUESTION0_11_R 1 -2.347e+03 7.370e+01 1.100e+01
|            ( - -8.107e+02 2 0)
|            ( - -1.462e+03 3 0))))
s>    ( QUESTION0_2_R 1 -5.726e+03 1.457e+02 2.600e+01
s>        ( - -3.210e+02 1 0)
s>        ( QUESTION0_17_R 1 -5.259e+03 1.050e+02 2.400e+01
s>            ( - -2.807e+03 5 0)
s>            ( QUESTION0_11_R 1 -2.347e+03 7.370e+01 1.100e+01
s>                ( - -8.107e+02 2 0)
s>                ( - -1.462e+03 3 0))))INFO: dtree.c(1315): Comp split 38
INFO: dtree.c(1315): Comp split 39
INFO: dtree.c(1315): Comp split 40
INFO: dtree.c(1315): Comp split 41
INFO: dtree.c(1315): Comp split 42
INFO: dtree.c(1439): stop. leaf nodes are specific
INFO: dtree.c(1478): Final simple tree
|( QUESTION0_17_R 1 -9.445e+03 1.192e+02 4.447e+01
|    ( - -2.477e+03 1 0)
|    ( QUESTION0_15_R 1 -6.849e+03 1.175e+02 3.247e+01
|        ( - -5.134e+02 2 0)
|        ( - -6.218e+03 2 0)))
s>    ( QUESTION0_17_R 1 -9.445e+03 1.192e+02 4.447e+01
s>        ( - -2.477e+03 1 0)
s>        ( QUESTION0_15_R 1 -6.849e+03 1.175e+02 3.247e+01
s>            ( - -5.134e+02 2 0)
s>            ( - -6.218e+03 2 0)))INFO: dtree.c(1315): Comp split 43
INFO: dtree.c(1439): stop. leaf nodes are specific
INFO: dtree.c(1478): Final simple tree
|( QUESTION0_17_R 1 -5.259e+03 1.050e+02 2.400e+01
|    ( - -2.807e+03 5 0)
|    ( QUESTION0_11_R 1 -2.347e+03 7.370e+01 1.100e+01
|        ( - -8.107e+02 2 0)
|        ( - -1.462e+03 3 0)))
s>    ( QUESTION0_17_R 1 -5.259e+03 1.050e+02 2.400e+01
s>        ( - -2.807e+03 5 0)
s>        ( QUESTION0_11_R 1 -2.347e+03 7.370e+01 1.100e+01
s>            ( - -8.107e+02 2 0)
s>            ( - -1.462e+03 3 0)))INFO: dtree.c(1315): Comp split 44
INFO: dtree.c(1439): stop. leaf nodes are specific
INFO: dtree.c(1478): Final simple tree
|( QUESTION14 -1 -1.647e+05 1.155e+02 7.391e+02
|    ( - -6.576e+03 6 0)
|    ( QUESTION0 -1 -1.580e+05 7.736e+01 7.094e+02
|        ( - -1.567e+05 21 0)
|        ( - -1.232e+03 1 0)))
s>    ( QUESTION14 -1 -1.647e+05 1.155e+02 7.391e+02
s>        ( - -6.576e+03 6 0)
s>        ( QUESTION0 -1 -1.580e+05 7.736e+01 7.094e+02
s>            ( - -1.567e+05 21 0)
s>            ( - -1.232e+03 1 0)))INFO: dtree.c(1315): Comp split 45
INFO: dtree.c(1315): Comp split 46
INFO: dtree.c(1315): Comp split 47
INFO: dtree.c(1315): Comp split 48
INFO: dtree.c(1439): stop. leaf nodes are specific
INFO: dtree.c(1478): Final simple tree
|( QUESTION0_15_R 1 -6.849e+03 1.175e+02 3.247e+01
|    ( - -5.134e+02 2 0)
|    ( - -6.218e+03 2 0))
s>    ( QUESTION0_15_R 1 -6.849e+03 1.175e+02 3.247e+01
s>        ( - -5.134e+02 2 0)
s>        ( - -6.218e+03 2 0))INFO: dtree.c(1315): Comp split 49
INFO: dtree.c(1315): Comp split 50
INFO: dtree.c(1439): stop. leaf nodes are specific
INFO: dtree.c(1478): Final simple tree
|( QUESTION0 -1 -1.580e+05 7.736e+01 7.094e+02
|    ( - -1.567e+05 21 0)
|    ( - -1.232e+03 1 0))
s>    ( QUESTION0 -1 -1.580e+05 7.736e+01 7.094e+02
s>        ( - -1.567e+05 21 0)
s>        ( - -1.232e+03 1 0))INFO: dtree.c(1315): Comp split 51
INFO: dtree.c(1439): stop. leaf nodes are specific
INFO: dtree.c(1478): Final simple tree
|( QUESTION0_11_R 1 -2.347e+03 7.370e+01 1.100e+01
|    ( - -8.107e+02 2 0)
|    ( - -1.462e+03 3 0))
s>    ( QUESTION0_11_R 1 -2.347e+03 7.370e+01 1.100e+01
s>        ( - -8.107e+02 2 0)
s>        ( - -1.462e+03 3 0))INFO: dtree.c(1315): Comp split 52
INFO: dtree.c(1315): Comp split 53
INFO: dtree.c(1315): Comp split 54
INFO: dtree.c(1318): stop. leaf nodes are specific
Fri Mar 31 15:51:38 2023
