Current configuration:
[NAME]		[DEFLT]	[VALUE]
-allphones	no	no
-cntthresh	0.00001	1.000000e-05
-csplitmax	100	2000
-csplitmin	1	1
-csplitthr	8e-4	0.000000e+00
-example	no	no
-fullvar	no	no
-help		no	no
-meanfn			/home/lucija/Documents/Zadnji semestar/ROGJ/Prezentacije/CMUspinx/tutorial13/model_parameters/my_db.cd_cont_untied/means
-mixwfn			/home/lucija/Documents/Zadnji semestar/ROGJ/Prezentacije/CMUspinx/tutorial13/model_parameters/my_db.cd_cont_untied/mixture_weights
-moddeffn		/home/lucija/Documents/Zadnji semestar/ROGJ/Prezentacije/CMUspinx/tutorial13/model_architecture/my_db.untied.mdef
-mwfloor	1e-4	1.000000e-08
-phone			č
-psetfn			/home/lucija/Documents/Zadnji semestar/ROGJ/Prezentacije/CMUspinx/tutorial13/model_architecture/my_db.tree_questions
-ssplitmax	5	7
-ssplitmin	1	1
-ssplitthr	8e-4	0.000000e+00
-state			2
-stwt			1.0,0.05,0.0,
-treefn			/home/lucija/Documents/Zadnji semestar/ROGJ/Prezentacije/CMUspinx/tutorial13/trees/my_db.unpruned/č-2.dtree
-ts2cbfn	.semi.	.cont.
-varfloor	0.00001	1.000000e-05
-varfn			/home/lucija/Documents/Zadnji semestar/ROGJ/Prezentacije/CMUspinx/tutorial13/model_parameters/my_db.cd_cont_untied/variances

INFO: main.c(223): Reading: /home/lucija/Documents/Zadnji semestar/ROGJ/Prezentacije/CMUspinx/tutorial13/model_architecture/my_db.untied.mdef
INFO: model_def_io.c(573): Model definition info:
INFO: model_def_io.c(574): 14166 total models defined (32 base, 14134 tri)
INFO: model_def_io.c(575): 56664 total states
INFO: model_def_io.c(576): 42498 total tied states
INFO: model_def_io.c(577): 96 total tied CI states
INFO: model_def_io.c(578): 32 total tied transition matrices
INFO: model_def_io.c(579): 4 max state/model
INFO: model_def_io.c(580): 4 min state/model
INFO: main.c(242): Building trees for [č NOISE e b] through [č š i i]
INFO: main.c(268): Covering states |[40713 41276]| == 564
INFO: main.c(275): Reading: /home/lucija/Documents/Zadnji semestar/ROGJ/Prezentacije/CMUspinx/tutorial13/model_parameters/my_db.cd_cont_untied/mixture_weights
INFO: s3mixw_io.c(172): Read /home/lucija/Documents/Zadnji semestar/ROGJ/Prezentacije/CMUspinx/tutorial13/model_parameters/my_db.cd_cont_untied/mixture_weights [564x1x1 array]
INFO: main.c(311): 185 of 188 models have observation count greater than 0.000010
INFO: main.c(95): nrm stwt: 0.000 0.048 0.952 
INFO: s3gau_io.c(168): Read /home/lucija/Documents/Zadnji semestar/ROGJ/Prezentacije/CMUspinx/tutorial13/model_parameters/my_db.cd_cont_untied/means [42498x1x1 array]
INFO: s3gau_io.c(168): Read /home/lucija/Documents/Zadnji semestar/ROGJ/Prezentacije/CMUspinx/tutorial13/model_parameters/my_db.cd_cont_untied/variances [42498x1x1 array]
INFO: main.c(549): Reading: /home/lucija/Documents/Zadnji semestar/ROGJ/Prezentacije/CMUspinx/tutorial13/model_architecture/my_db.tree_questions
INFO: main.c(587): 180 total simple questions (172 phone; 8 word bndry)
INFO: main.c(589): 42 Left Only questions, and 42 Right Only questions
INFO: dtree.c(1478): Final simple tree
|( QUESTION0_20_R 1 -3.786e+06 3.295e+04 1.630e+04
|    ( QUESTION2 1 -2.584e+06 1.150e+04 1.140e+04
|        ( WDBNDRY_B 0 -1.643e+06 3.428e+03 7.270e+03
|            ( - -8.287e+05 38 0 QUESTION2_20_L -1 1.517e+03 3.714e+03)
|            ( QUESTION2_20_L -1 -8.106e+05 1.733e+03 3.556e+03
|                ( - -4.266e+05 15 0 QUESTION0 -1 2.525e+02 1.868e+03)
|                ( - -3.823e+05 21 0 QUESTION2_17_L -1 4.773e+02 1.688e+03)))
|        ( - -9.296e+05 73 0 QUESTION5 -1 1.632e+03 4.126e+03))
|    ( QUESTION0_17_R 1 -1.169e+06 9.952e+03 4.904e+03
|        ( - -6.448e+05 9 0 QUESTION2_15_L -1 1.287e+03 2.669e+03)
|        ( QUESTION5 1 -5.146e+05 4.415e+03 2.236e+03
|            ( - -2.141e+05 8 0 SILENCE -1 2.684e+02 9.641e+02)
|            ( QUESTION0_13_R 1 -2.961e+05 3.777e+03 1.272e+03
|                ( - -2.119e+05 10 0 QUESTION2 -1 4.892e+02 9.319e+02)
|                ( - -8.036e+04 11 0 QUESTION0_16_R 1 4.365e+02 3.397e+02)))))
s>    ( QUESTION0_20_R 1 -3.786e+06 3.295e+04 1.630e+04
s>        ( QUESTION2 1 -2.584e+06 1.150e+04 1.140e+04
s>            ( WDBNDRY_B 0 -1.643e+06 3.428e+03 7.270e+03
s>                ( - -8.287e+05 38 0 QUESTION2_20_L -1 1.517e+03 3.714e+03)
s>                ( QUESTION2_20_L -1 -8.106e+05 1.733e+03 3.556e+03
s>                    ( - -4.266e+05 15 0 QUESTION0 -1 2.525e+02 1.868e+03)
s>                    ( - -3.823e+05 21 0 QUESTION2_17_L -1 4.773e+02 1.688e+03)))
s>            ( - -9.296e+05 73 0 QUESTION5 -1 1.632e+03 4.126e+03))
s>        ( QUESTION0_17_R 1 -1.169e+06 9.952e+03 4.904e+03
s>            ( - -6.448e+05 9 0 QUESTION2_15_L -1 1.287e+03 2.669e+03)
s>            ( QUESTION5 1 -5.146e+05 4.415e+03 2.236e+03
s>                ( - -2.141e+05 8 0 SILENCE -1 2.684e+02 9.641e+02)
s>                ( QUESTION0_13_R 1 -2.961e+05 3.777e+03 1.272e+03
s>                    ( - -2.119e+05 10 0 QUESTION2 -1 4.892e+02 9.319e+02)
s>                    ( - -8.036e+04 11 0 QUESTION0_16_R 1 4.365e+02 3.397e+02)))))INFO: dtree.c(1315): Comp split 0
INFO: dtree.c(1478): Final simple tree
|( QUESTION2 1 -2.584e+06 1.150e+04 1.140e+04
|    ( WDBNDRY_B 0 -1.643e+06 3.428e+03 7.270e+03
|        ( QUESTION2_20_L -1 -8.287e+05 1.517e+03 3.714e+03
|            ( - -3.756e+05 10 0 QUESTION0 -1 4.299e+02 1.678e+03)
|            ( - -4.516e+05 28 0 QUESTION0 -1 4.227e+02 2.036e+03))
|        ( QUESTION2_20_L -1 -8.106e+05 1.733e+03 3.556e+03
|            ( - -4.266e+05 15 0 QUESTION0 -1 2.525e+02 1.868e+03)
|            ( - -3.823e+05 21 0 QUESTION2_17_L -1 4.773e+02 1.688e+03)))
|    ( QUESTION5 -1 -9.296e+05 1.632e+03 4.126e+03
|        ( - -4.379e+05 13 0 WDBNDRY_B 0 3.039e+02 1.980e+03)
|        ( WDBNDRY_I 0 -4.900e+05 8.033e+02 2.146e+03
|            ( QUESTION2 -1 -3.980e+05 6.444e+02 1.754e+03
|                ( - -1.225e+05 6 0 QUESTION0 1 4.686e+02 5.425e+02)
|                ( - -2.748e+05 9 0 QUESTION2_20_L -1 4.023e+02 1.211e+03))
|            ( - -9.123e+04 45 0 QUESTION0 1 5.301e+02 3.918e+02))))
s>    ( QUESTION2 1 -2.584e+06 1.150e+04 1.140e+04
s>        ( WDBNDRY_B 0 -1.643e+06 3.428e+03 7.270e+03
s>            ( QUESTION2_20_L -1 -8.287e+05 1.517e+03 3.714e+03
s>                ( - -3.756e+05 10 0 QUESTION0 -1 4.299e+02 1.678e+03)
s>                ( - -4.516e+05 28 0 QUESTION0 -1 4.227e+02 2.036e+03))
s>            ( QUESTION2_20_L -1 -8.106e+05 1.733e+03 3.556e+03
s>                ( - -4.266e+05 15 0 QUESTION0 -1 2.525e+02 1.868e+03)
s>                ( - -3.823e+05 21 0 QUESTION2_17_L -1 4.773e+02 1.688e+03)))
s>        ( QUESTION5 -1 -9.296e+05 1.632e+03 4.126e+03
s>            ( - -4.379e+05 13 0 WDBNDRY_B 0 3.039e+02 1.980e+03)
s>            ( WDBNDRY_I 0 -4.900e+05 8.033e+02 2.146e+03
s>                ( QUESTION2 -1 -3.980e+05 6.444e+02 1.754e+03
s>                    ( - -1.225e+05 6 0 QUESTION0 1 4.686e+02 5.425e+02)
s>                    ( - -2.748e+05 9 0 QUESTION2_20_L -1 4.023e+02 1.211e+03))
s>                ( - -9.123e+04 45 0 QUESTION0 1 5.301e+02 3.918e+02))))INFO: dtree.c(1478): Final simple tree
|( QUESTION0_17_R 1 -1.169e+06 9.952e+03 4.904e+03
|    ( QUESTION2_15_L -1 -6.448e+05 1.287e+03 2.669e+03
|        ( - -3.496e+05 3 0 WDBNDRY_E 0 2.861e+02 1.445e+03)
|        ( QUESTION1 -1 -2.939e+05 4.649e+02 1.223e+03
|            ( - -1.573e+05 3 0)
|            ( - -1.362e+05 3 0 WDBNDRY_E 0 1.829e+02 5.705e+02)))
|    ( QUESTION5 1 -5.146e+05 4.415e+03 2.236e+03
|        ( - -2.141e+05 8 0 SILENCE -1 2.684e+02 9.641e+02)
|        ( QUESTION0_13_R 1 -2.961e+05 3.777e+03 1.272e+03
|            ( QUESTION2 -1 -2.119e+05 4.892e+02 9.319e+02
|                ( - -1.174e+05 2 0)
|                ( QUESTION4 1 -9.402e+04 4.514e+02 4.107e+02
|                    ( - -9.378e+04 7 0 QUESTION2_14_L -1 2.685e+02 4.097e+02)
|                    ( - 2.165e+02 1 0)))
|            ( - -8.036e+04 11 0 QUESTION0_16_R 1 4.365e+02 3.397e+02))))
s>    ( QUESTION0_17_R 1 -1.169e+06 9.952e+03 4.904e+03
s>        ( QUESTION2_15_L -1 -6.448e+05 1.287e+03 2.669e+03
s>            ( - -3.496e+05 3 0 WDBNDRY_E 0 2.861e+02 1.445e+03)
s>            ( QUESTION1 -1 -2.939e+05 4.649e+02 1.223e+03
s>                ( - -1.573e+05 3 0)
s>                ( - -1.362e+05 3 0 WDBNDRY_E 0 1.829e+02 5.705e+02)))
s>        ( QUESTION5 1 -5.146e+05 4.415e+03 2.236e+03
s>            ( - -2.141e+05 8 0 SILENCE -1 2.684e+02 9.641e+02)
s>            ( QUESTION0_13_R 1 -2.961e+05 3.777e+03 1.272e+03
s>                ( QUESTION2 -1 -2.119e+05 4.892e+02 9.319e+02
s>                    ( - -1.174e+05 2 0)
s>                    ( QUESTION4 1 -9.402e+04 4.514e+02 4.107e+02
s>                        ( - -9.378e+04 7 0 QUESTION2_14_L -1 2.685e+02 4.097e+02)
s>                        ( - 2.165e+02 1 0)))
s>                ( - -8.036e+04 11 0 QUESTION0_16_R 1 4.365e+02 3.397e+02))))INFO: dtree.c(1315): Comp split 1
INFO: dtree.c(1478): Final simple tree
|( QUESTION0_10_R 1 -4.300e+05 3.965e+03 1.896e+03
|    ( QUESTION2 -1 -2.119e+05 4.892e+02 9.319e+02
|        ( - -1.174e+05 2 0)
|        ( QUESTION4 1 -9.402e+04 4.514e+02 4.107e+02
|            ( QUESTION2_14_L -1 -9.378e+04 2.685e+02 4.097e+02
|                ( - -8.376e+04 2 0 WDBNDRY_E 0 1.076e+02 3.666e+02)
|                ( - -9.749e+03 5 0 WDBNDRY_E 0 1.642e+02 4.312e+01))
|            ( - 2.165e+02 1 0)))
|    ( SILENCE -1 -2.141e+05 2.684e+02 9.641e+02
|        ( - -1.090e+03 1 0)
|        ( QUESTION6 -1 -2.128e+05 2.279e+02 9.581e+02
|            ( - -1.649e+05 1 0)
|            ( QUESTION2 -1 -4.762e+04 2.134e+02 2.114e+02
|                ( - -2.022e+04 1 0)
|                ( - -2.719e+04 5 0 QUESTION0 -1 1.691e+02 1.211e+02)))))
s>    ( QUESTION0_10_R 1 -4.300e+05 3.965e+03 1.896e+03
s>        ( QUESTION2 -1 -2.119e+05 4.892e+02 9.319e+02
s>            ( - -1.174e+05 2 0)
s>            ( QUESTION4 1 -9.402e+04 4.514e+02 4.107e+02
s>                ( QUESTION2_14_L -1 -9.378e+04 2.685e+02 4.097e+02
s>                    ( - -8.376e+04 2 0 WDBNDRY_E 0 1.076e+02 3.666e+02)
s>                    ( - -9.749e+03 5 0 WDBNDRY_E 0 1.642e+02 4.312e+01))
s>                ( - 2.165e+02 1 0)))
s>        ( SILENCE -1 -2.141e+05 2.684e+02 9.641e+02
s>            ( - -1.090e+03 1 0)
s>            ( QUESTION6 -1 -2.128e+05 2.279e+02 9.581e+02
s>                ( - -1.649e+05 1 0)
s>                ( QUESTION2 -1 -4.762e+04 2.134e+02 2.114e+02
s>                    ( - -2.022e+04 1 0)
s>                    ( - -2.719e+04 5 0 QUESTION0 -1 1.691e+02 1.211e+02)))))INFO: dtree.c(1478): Final simple tree
|( QUESTION2_15_L -1 -7.259e+05 1.483e+03 3.008e+03
|    ( WDBNDRY_E 0 -3.522e+05 3.456e+02 1.456e+03
|        ( - -8.293e+03 5 0 SILENCE 1 1.545e+02 3.653e+01)
|        ( - -3.436e+05 1 0))
|    ( QUESTION0_18_R 1 -3.722e+05 6.289e+02 1.552e+03
|        ( QUESTION1 -1 -7.033e+04 2.596e+02 2.977e+02
|            ( - -5.918e+04 2 0)
|            ( - -1.090e+04 1 0))
|        ( QUESTION1 -1 -3.012e+05 4.198e+02 1.254e+03
|            ( QUESTION0_14_R 1 -1.607e+05 2.660e+02 6.669e+02
|                ( - -1.573e+05 3 0)
|                ( - -3.140e+03 3 0 QUESTION0_2_R 1 1.666e+02 1.400e+01))
|            ( QUESTION0_14_R 1 -1.401e+05 3.154e+02 5.875e+02
|                ( - -1.362e+05 3 0 WDBNDRY_E 0 1.829e+02 5.705e+02)
|                ( - -3.638e+03 2 0 SILENCE 1 1.686e+02 1.702e+01)))))
s>    ( QUESTION2_15_L -1 -7.259e+05 1.483e+03 3.008e+03
s>        ( WDBNDRY_E 0 -3.522e+05 3.456e+02 1.456e+03
s>            ( - -8.293e+03 5 0 SILENCE 1 1.545e+02 3.653e+01)
s>            ( - -3.436e+05 1 0))
s>        ( QUESTION0_18_R 1 -3.722e+05 6.289e+02 1.552e+03
s>            ( QUESTION1 -1 -7.033e+04 2.596e+02 2.977e+02
s>                ( - -5.918e+04 2 0)
s>                ( - -1.090e+04 1 0))
s>            ( QUESTION1 -1 -3.012e+05 4.198e+02 1.254e+03
s>                ( QUESTION0_14_R 1 -1.607e+05 2.660e+02 6.669e+02
s>                    ( - -1.573e+05 3 0)
s>                    ( - -3.140e+03 3 0 QUESTION0_2_R 1 1.666e+02 1.400e+01))
s>                ( QUESTION0_14_R 1 -1.401e+05 3.154e+02 5.875e+02
s>                    ( - -1.362e+05 3 0 WDBNDRY_E 0 1.829e+02 5.705e+02)
s>                    ( - -3.638e+03 2 0 SILENCE 1 1.686e+02 1.702e+01)))))INFO: dtree.c(1315): Comp split 2
INFO: dtree.c(1478): Final simple tree
|( QUESTION5 -1 -9.296e+05 1.632e+03 4.126e+03
|    ( - -4.379e+05 13 0 WDBNDRY_B 0 3.039e+02 1.980e+03)
|    ( WDBNDRY_I 0 -4.900e+05 8.033e+02 2.146e+03
|        ( QUESTION2 -1 -3.980e+05 6.444e+02 1.754e+03
|            ( QUESTION0 1 -1.225e+05 4.686e+02 5.425e+02
|                ( - -1.222e+05 5 0 QUESTION2_17_L -1 2.723e+02 5.415e+02)
|                ( - 1.760e+02 1 0))
|            ( - -2.748e+05 9 0 QUESTION2_20_L -1 4.023e+02 1.211e+03))
|        ( QUESTION0 1 -9.123e+04 5.301e+02 3.918e+02
|            ( WDBNDRY_B 0 -6.197e+04 4.091e+02 2.673e+02
|                ( - -4.941e+04 26 0 QUESTION2_18_L -1 3.082e+02 2.141e+02)
|                ( QUESTION2_15_L -1 -1.215e+04 4.648e+02 5.313e+01
|                    ( - 1.942e+02 1 0)
|                    ( - -1.188e+04 3 0 QUESTION1 -1 9.992e+01 5.213e+01)))
|            ( - -2.873e+04 15 0 QUESTION2 -1 1.449e+02 1.246e+02))))
s>    ( QUESTION5 -1 -9.296e+05 1.632e+03 4.126e+03
s>        ( - -4.379e+05 13 0 WDBNDRY_B 0 3.039e+02 1.980e+03)
s>        ( WDBNDRY_I 0 -4.900e+05 8.033e+02 2.146e+03
s>            ( QUESTION2 -1 -3.980e+05 6.444e+02 1.754e+03
s>                ( QUESTION0 1 -1.225e+05 4.686e+02 5.425e+02
s>                    ( - -1.222e+05 5 0 QUESTION2_17_L -1 2.723e+02 5.415e+02)
s>                    ( - 1.760e+02 1 0))
s>                ( - -2.748e+05 9 0 QUESTION2_20_L -1 4.023e+02 1.211e+03))
s>            ( QUESTION0 1 -9.123e+04 5.301e+02 3.918e+02
s>                ( WDBNDRY_B 0 -6.197e+04 4.091e+02 2.673e+02
s>                    ( - -4.941e+04 26 0 QUESTION2_18_L -1 3.082e+02 2.141e+02)
s>                    ( QUESTION2_15_L -1 -1.215e+04 4.648e+02 5.313e+01
s>                        ( - 1.942e+02 1 0)
s>                        ( - -1.188e+04 3 0 QUESTION1 -1 9.992e+01 5.213e+01)))
s>                ( - -2.873e+04 15 0 QUESTION2 -1 1.449e+02 1.246e+02))))INFO: dtree.c(1478): Final simple tree
|( WDBNDRY_B 0 -1.643e+06 3.428e+03 7.270e+03
|    ( QUESTION2_20_L -1 -8.287e+05 1.517e+03 3.714e+03
|        ( QUESTION0 -1 -3.756e+05 4.299e+02 1.678e+03
|            ( - -3.107e+05 4 0)
|            ( - -6.446e+04 6 0))
|        ( QUESTION0 -1 -4.516e+05 4.227e+02 2.036e+03
|            ( - -2.237e+05 9 0 QUESTION2_17_L -1 2.565e+02 1.004e+03)
|            ( SILENCE -1 -2.275e+05 3.946e+02 1.031e+03
|                ( - -2.202e+04 2 0)
|                ( - -2.051e+05 17 0 QUESTION18 -1 2.074e+02 9.297e+02))))
|    ( QUESTION2_20_L -1 -8.106e+05 1.733e+03 3.556e+03
|        ( - -4.266e+05 15 0 QUESTION0 -1 2.525e+02 1.868e+03)
|        ( QUESTION2_17_L -1 -3.823e+05 4.773e+02 1.688e+03
|            ( - -2.275e+05 9 0 WDBNDRY_E 0 2.637e+02 1.008e+03)
|            ( - -1.543e+05 12 0 QUESTION2_11_L -1 2.129e+02 6.806e+02))))
s>    ( WDBNDRY_B 0 -1.643e+06 3.428e+03 7.270e+03
s>        ( QUESTION2_20_L -1 -8.287e+05 1.517e+03 3.714e+03
s>            ( QUESTION0 -1 -3.756e+05 4.299e+02 1.678e+03
s>                ( - -3.107e+05 4 0)
s>                ( - -6.446e+04 6 0))
s>            ( QUESTION0 -1 -4.516e+05 4.227e+02 2.036e+03
s>                ( - -2.237e+05 9 0 QUESTION2_17_L -1 2.565e+02 1.004e+03)
s>                ( SILENCE -1 -2.275e+05 3.946e+02 1.031e+03
s>                    ( - -2.202e+04 2 0)
s>                    ( - -2.051e+05 17 0 QUESTION18 -1 2.074e+02 9.297e+02))))
s>        ( QUESTION2_20_L -1 -8.106e+05 1.733e+03 3.556e+03
s>            ( - -4.266e+05 15 0 QUESTION0 -1 2.525e+02 1.868e+03)
s>            ( QUESTION2_17_L -1 -3.823e+05 4.773e+02 1.688e+03
s>                ( - -2.275e+05 9 0 WDBNDRY_E 0 2.637e+02 1.008e+03)
s>                ( - -1.543e+05 12 0 QUESTION2_11_L -1 2.129e+02 6.806e+02))))INFO: dtree.c(1315): Comp split 3
INFO: dtree.c(1439): stop. leaf nodes are specific
INFO: dtree.c(1478): Final simple tree
|( SILENCE -1 -2.141e+05 2.684e+02 9.641e+02
|    ( - -1.090e+03 1 0)
|    ( QUESTION6 -1 -2.128e+05 2.279e+02 9.581e+02
|        ( - -1.649e+05 1 0)
|        ( QUESTION2 -1 -4.762e+04 2.134e+02 2.114e+02
|            ( - -2.022e+04 1 0)
|            ( QUESTION0 -1 -2.719e+04 1.691e+02 1.211e+02
|                ( QUESTION2_14_L -1 -1.877e+04 1.489e+02 8.327e+01
|                    ( WDBNDRY_B 0 -1.583e+04 2.164e+02 7.027e+01
|                        ( - -1.450e+04 1 0)
|                        ( - -1.119e+03 1 0))
|                    ( - -2.786e+03 1 0))
|                ( - -8.250e+03 2 0)))))
s>    ( SILENCE -1 -2.141e+05 2.684e+02 9.641e+02
s>        ( - -1.090e+03 1 0)
s>        ( QUESTION6 -1 -2.128e+05 2.279e+02 9.581e+02
s>            ( - -1.649e+05 1 0)
s>            ( QUESTION2 -1 -4.762e+04 2.134e+02 2.114e+02
s>                ( - -2.022e+04 1 0)
s>                ( QUESTION0 -1 -2.719e+04 1.691e+02 1.211e+02
s>                    ( QUESTION2_14_L -1 -1.877e+04 1.489e+02 8.327e+01
s>                        ( WDBNDRY_B 0 -1.583e+04 2.164e+02 7.027e+01
s>                            ( - -1.450e+04 1 0)
s>                            ( - -1.119e+03 1 0))
s>                        ( - -2.786e+03 1 0))
s>                    ( - -8.250e+03 2 0)))))INFO: dtree.c(1439): stop. leaf nodes are specific
INFO: dtree.c(1478): Final simple tree
|( QUESTION2 -1 -2.119e+05 4.892e+02 9.319e+02
|    ( - -1.174e+05 2 0)
|    ( QUESTION4 1 -9.402e+04 4.514e+02 4.107e+02
|        ( QUESTION2_14_L -1 -9.378e+04 2.685e+02 4.097e+02
|            ( WDBNDRY_E 0 -8.376e+04 1.076e+02 3.666e+02
|                ( - -5.724e+02 1 0)
|                ( - -8.308e+04 1 0))
|            ( WDBNDRY_E 0 -9.749e+03 1.642e+02 4.312e+01
|                ( - -3.221e+02 1 0)
|                ( QUESTION0 -1 -9.263e+03 1.221e+02 4.112e+01
|                    ( - -6.504e+03 2 0)
|                    ( - -2.637e+03 2 0))))
|        ( - 2.165e+02 1 0)))
s>    ( QUESTION2 -1 -2.119e+05 4.892e+02 9.319e+02
s>        ( - -1.174e+05 2 0)
s>        ( QUESTION4 1 -9.402e+04 4.514e+02 4.107e+02
s>            ( QUESTION2_14_L -1 -9.378e+04 2.685e+02 4.097e+02
s>                ( WDBNDRY_E 0 -8.376e+04 1.076e+02 3.666e+02
s>                    ( - -5.724e+02 1 0)
s>                    ( - -8.308e+04 1 0))
s>                ( WDBNDRY_E 0 -9.749e+03 1.642e+02 4.312e+01
s>                    ( - -3.221e+02 1 0)
s>                    ( QUESTION0 -1 -9.263e+03 1.221e+02 4.112e+01
s>                        ( - -6.504e+03 2 0)
s>                        ( - -2.637e+03 2 0))))
s>            ( - 2.165e+02 1 0)))INFO: dtree.c(1315): Comp split 4
INFO: dtree.c(1478): Final simple tree
|( QUESTION2_20_L -1 -8.287e+05 1.517e+03 3.714e+03
|    ( QUESTION0 -1 -3.756e+05 4.299e+02 1.678e+03
|        ( - -3.107e+05 4 0)
|        ( - -6.446e+04 6 0))
|    ( QUESTION0 -1 -4.516e+05 4.227e+02 2.036e+03
|        ( QUESTION2_17_L -1 -2.237e+05 2.565e+02 1.004e+03
|            ( - -1.385e+05 4 0)
|            ( - -8.486e+04 5 0 QUESTION1 -1 1.415e+02 3.819e+02))
|        ( SILENCE -1 -2.275e+05 3.946e+02 1.031e+03
|            ( - -2.202e+04 2 0)
|            ( QUESTION18 -1 -2.051e+05 2.074e+02 9.297e+02
|                ( - -6.680e+03 4 0 QUESTION19 -1 9.749e+01 2.962e+01)
|                ( QUESTION9 -1 -1.982e+05 2.014e+02 9.001e+02
|                    ( - -9.014e+04 3 0 QUESTION2_11_L -1 1.372e+02 4.155e+02)
|                    ( - -1.078e+05 10 0 QUESTION17 -1 1.940e+02 4.846e+02))))))
s>    ( QUESTION2_20_L -1 -8.287e+05 1.517e+03 3.714e+03
s>        ( QUESTION0 -1 -3.756e+05 4.299e+02 1.678e+03
s>            ( - -3.107e+05 4 0)
s>            ( - -6.446e+04 6 0))
s>        ( QUESTION0 -1 -4.516e+05 4.227e+02 2.036e+03
s>            ( QUESTION2_17_L -1 -2.237e+05 2.565e+02 1.004e+03
s>                ( - -1.385e+05 4 0)
s>                ( - -8.486e+04 5 0 QUESTION1 -1 1.415e+02 3.819e+02))
s>            ( SILENCE -1 -2.275e+05 3.946e+02 1.031e+03
s>                ( - -2.202e+04 2 0)
s>                ( QUESTION18 -1 -2.051e+05 2.074e+02 9.297e+02
s>                    ( - -6.680e+03 4 0 QUESTION19 -1 9.749e+01 2.962e+01)
s>                    ( QUESTION9 -1 -1.982e+05 2.014e+02 9.001e+02
s>                        ( - -9.014e+04 3 0 QUESTION2_11_L -1 1.372e+02 4.155e+02)
s>                        ( - -1.078e+05 10 0 QUESTION17 -1 1.940e+02 4.846e+02))))))INFO: dtree.c(1478): Final simple tree
|( QUESTION2_20_L -1 -8.106e+05 1.733e+03 3.556e+03
|    ( QUESTION0 -1 -4.266e+05 2.525e+02 1.868e+03
|        ( WDBNDRY_E 0 -4.120e+05 1.843e+02 1.805e+03
|            ( - -7.185e+02 1 0)
|            ( - -4.111e+05 6 0))
|        ( - -1.429e+04 8 0))
|    ( QUESTION2_17_L -1 -3.823e+05 4.773e+02 1.688e+03
|        ( WDBNDRY_E 0 -2.275e+05 2.637e+02 1.008e+03
|            ( - -6.167e+03 3 0)
|            ( - -2.210e+05 6 0))
|        ( QUESTION2_11_L -1 -1.543e+05 2.129e+02 6.806e+02
|            ( - -2.882e+02 1 0)
|            ( QUESTION11 -1 -1.538e+05 1.645e+02 6.786e+02
|                ( - -4.839e+03 2 0)
|                ( - -1.488e+05 9 0 QUESTION2 -1 1.418e+02 6.558e+02)))))
s>    ( QUESTION2_20_L -1 -8.106e+05 1.733e+03 3.556e+03
s>        ( QUESTION0 -1 -4.266e+05 2.525e+02 1.868e+03
s>            ( WDBNDRY_E 0 -4.120e+05 1.843e+02 1.805e+03
s>                ( - -7.185e+02 1 0)
s>                ( - -4.111e+05 6 0))
s>            ( - -1.429e+04 8 0))
s>        ( QUESTION2_17_L -1 -3.823e+05 4.773e+02 1.688e+03
s>            ( WDBNDRY_E 0 -2.275e+05 2.637e+02 1.008e+03
s>                ( - -6.167e+03 3 0)
s>                ( - -2.210e+05 6 0))
s>            ( QUESTION2_11_L -1 -1.543e+05 2.129e+02 6.806e+02
s>                ( - -2.882e+02 1 0)
s>                ( QUESTION11 -1 -1.538e+05 1.645e+02 6.786e+02
s>                    ( - -4.839e+03 2 0)
s>                    ( - -1.488e+05 9 0 QUESTION2 -1 1.418e+02 6.558e+02)))))INFO: dtree.c(1315): Comp split 5
INFO: dtree.c(1439): stop. leaf nodes are specific
INFO: dtree.c(1478): Final simple tree
|( QUESTION0 -1 -4.125e+05 2.134e+02 1.807e+03
|    ( WDBNDRY_E 0 -4.120e+05 1.843e+02 1.805e+03
|        ( - -7.185e+02 1 0)
|        ( - -4.111e+05 6 0))
|    ( - -2.882e+02 1 0))
s>    ( QUESTION0 -1 -4.125e+05 2.134e+02 1.807e+03
s>        ( WDBNDRY_E 0 -4.120e+05 1.843e+02 1.805e+03
s>            ( - -7.185e+02 1 0)
s>            ( - -4.111e+05 6 0))
s>        ( - -2.882e+02 1 0))INFO: dtree.c(1478): Final simple tree
|( QUESTION2_17_L -1 -3.963e+05 5.013e+02 1.749e+03
|    ( WDBNDRY_E 0 -2.275e+05 2.637e+02 1.008e+03
|        ( - -6.167e+03 3 0)
|        ( - -2.210e+05 6 0))
|    ( QUESTION11 -1 -1.683e+05 1.670e+02 7.414e+02
|        ( - -4.839e+03 2 0)
|        ( QUESTION0 -1 -1.633e+05 1.702e+02 7.186e+02
|            ( QUESTION1 -1 -1.475e+05 1.419e+02 6.498e+02
|                ( WDBNDRY_E 0 -1.415e+05 1.211e+02 6.230e+02
|                    ( - -1.209e+03 2 0)
|                    ( - -1.402e+05 3 0))
|                ( - -5.822e+03 2 0))
|            ( QUESTION6 -1 -1.564e+04 1.397e+02 6.883e+01
|                ( - -3.116e+02 1 0)
|                ( - -1.519e+04 9 0 QUESTION4 -1 1.185e+02 6.683e+01)))))
s>    ( QUESTION2_17_L -1 -3.963e+05 5.013e+02 1.749e+03
s>        ( WDBNDRY_E 0 -2.275e+05 2.637e+02 1.008e+03
s>            ( - -6.167e+03 3 0)
s>            ( - -2.210e+05 6 0))
s>        ( QUESTION11 -1 -1.683e+05 1.670e+02 7.414e+02
s>            ( - -4.839e+03 2 0)
s>            ( QUESTION0 -1 -1.633e+05 1.702e+02 7.186e+02
s>                ( QUESTION1 -1 -1.475e+05 1.419e+02 6.498e+02
s>                    ( WDBNDRY_E 0 -1.415e+05 1.211e+02 6.230e+02
s>                        ( - -1.209e+03 2 0)
s>                        ( - -1.402e+05 3 0))
s>                    ( - -5.822e+03 2 0))
s>                ( QUESTION6 -1 -1.564e+04 1.397e+02 6.883e+01
s>                    ( - -3.116e+02 1 0)
s>                    ( - -1.519e+04 9 0 QUESTION4 -1 1.185e+02 6.683e+01)))))INFO: dtree.c(1315): Comp split 6
INFO: dtree.c(1478): Final simple tree
|( WDBNDRY_I 0 -4.900e+05 8.033e+02 2.146e+03
|    ( QUESTION2 -1 -3.980e+05 6.444e+02 1.754e+03
|        ( QUESTION0 1 -1.225e+05 4.686e+02 5.425e+02
|            ( - -1.222e+05 5 0 QUESTION2_17_L -1 2.723e+02 5.415e+02)
|            ( - 1.760e+02 1 0))
|        ( QUESTION2_20_L -1 -2.748e+05 4.023e+02 1.211e+03
|            ( - -5.198e+04 5 0 QUESTION0 1 2.023e+02 2.254e+02)
|            ( - -2.224e+05 4 0 QUESTION10 -1 2.411e+02 9.860e+02)))
|    ( QUESTION0 1 -9.123e+04 5.301e+02 3.918e+02
|        ( WDBNDRY_B 0 -6.197e+04 4.091e+02 2.673e+02
|            ( - -4.941e+04 26 0 QUESTION2_18_L -1 3.082e+02 2.141e+02)
|            ( QUESTION2_15_L -1 -1.215e+04 4.648e+02 5.313e+01
|                ( - 1.942e+02 1 0)
|                ( - -1.188e+04 3 0 QUESTION1 -1 9.992e+01 5.213e+01)))
|        ( - -2.873e+04 15 0 QUESTION2 -1 1.449e+02 1.246e+02)))
s>    ( WDBNDRY_I 0 -4.900e+05 8.033e+02 2.146e+03
s>        ( QUESTION2 -1 -3.980e+05 6.444e+02 1.754e+03
s>            ( QUESTION0 1 -1.225e+05 4.686e+02 5.425e+02
s>                ( - -1.222e+05 5 0 QUESTION2_17_L -1 2.723e+02 5.415e+02)
s>                ( - 1.760e+02 1 0))
s>            ( QUESTION2_20_L -1 -2.748e+05 4.023e+02 1.211e+03
s>                ( - -5.198e+04 5 0 QUESTION0 1 2.023e+02 2.254e+02)
s>                ( - -2.224e+05 4 0 QUESTION10 -1 2.411e+02 9.860e+02)))
s>        ( QUESTION0 1 -9.123e+04 5.301e+02 3.918e+02
s>            ( WDBNDRY_B 0 -6.197e+04 4.091e+02 2.673e+02
s>                ( - -4.941e+04 26 0 QUESTION2_18_L -1 3.082e+02 2.141e+02)
s>                ( QUESTION2_15_L -1 -1.215e+04 4.648e+02 5.313e+01
s>                    ( - 1.942e+02 1 0)
s>                    ( - -1.188e+04 3 0 QUESTION1 -1 9.992e+01 5.213e+01)))
s>            ( - -2.873e+04 15 0 QUESTION2 -1 1.449e+02 1.246e+02)))INFO: dtree.c(1439): stop. leaf nodes are specific
INFO: dtree.c(1478): Final simple tree
|( WDBNDRY_B 0 -4.379e+05 3.039e+02 1.980e+03
|    ( QUESTION0 1 -8.792e+03 1.981e+02 3.800e+01
|        ( - -5.729e+03 5 0)
|        ( - -2.865e+03 2 0))
|    ( - -4.289e+05 6 0))
s>    ( WDBNDRY_B 0 -4.379e+05 3.039e+02 1.980e+03
s>        ( QUESTION0 1 -8.792e+03 1.981e+02 3.800e+01
s>            ( - -5.729e+03 5 0)
s>            ( - -2.865e+03 2 0))
s>        ( - -4.289e+05 6 0))INFO: dtree.c(1315): Comp split 7
INFO: dtree.c(1478): Final simple tree
|( QUESTION3 -1 -5.164e+05 4.601e+02 2.326e+03
|    ( QUESTION5 -1 -2.699e+05 3.229e+02 1.221e+03
|        ( - -6.446e+04 6 0)
|        ( QUESTION18 -1 -2.051e+05 2.074e+02 9.297e+02
|            ( - -6.680e+03 4 0 QUESTION19 -1 9.749e+01 2.962e+01)
|            ( QUESTION9 -1 -1.982e+05 2.014e+02 9.001e+02
|                ( - -9.014e+04 3 0 QUESTION2_11_L -1 1.372e+02 4.155e+02)
|                ( QUESTION17 -1 -1.078e+05 1.940e+02 4.846e+02
|                    ( - -5.931e+04 3 0)
|                    ( - -4.834e+04 7 0 QUESTION16 -1 1.342e+02 2.179e+02)))))
|    ( SILENCE -1 -2.461e+05 4.020e+02 1.106e+03
|        ( - -2.202e+04 2 0)
|        ( QUESTION2_17_L -1 -2.237e+05 2.565e+02 1.004e+03
|            ( - -1.385e+05 4 0)
|            ( - -8.486e+04 5 0 QUESTION1 -1 1.415e+02 3.819e+02))))
s>    ( QUESTION3 -1 -5.164e+05 4.601e+02 2.326e+03
s>        ( QUESTION5 -1 -2.699e+05 3.229e+02 1.221e+03
s>            ( - -6.446e+04 6 0)
s>            ( QUESTION18 -1 -2.051e+05 2.074e+02 9.297e+02
s>                ( - -6.680e+03 4 0 QUESTION19 -1 9.749e+01 2.962e+01)
s>                ( QUESTION9 -1 -1.982e+05 2.014e+02 9.001e+02
s>                    ( - -9.014e+04 3 0 QUESTION2_11_L -1 1.372e+02 4.155e+02)
s>                    ( QUESTION17 -1 -1.078e+05 1.940e+02 4.846e+02
s>                        ( - -5.931e+04 3 0)
s>                        ( - -4.834e+04 7 0 QUESTION16 -1 1.342e+02 2.179e+02)))))
s>        ( SILENCE -1 -2.461e+05 4.020e+02 1.106e+03
s>            ( - -2.202e+04 2 0)
s>            ( QUESTION2_17_L -1 -2.237e+05 2.565e+02 1.004e+03
s>                ( - -1.385e+05 4 0)
s>                ( - -8.486e+04 5 0 QUESTION1 -1 1.415e+02 3.819e+02))))INFO: dtree.c(1315): Comp split 8
INFO: dtree.c(1478): Final simple tree
|( QUESTION0_18_R 1 -3.808e+05 6.375e+02 1.589e+03
|    ( QUESTION1 -1 -7.033e+04 2.596e+02 2.977e+02
|        ( - -5.918e+04 2 0)
|        ( - -1.090e+04 1 0))
|    ( QUESTION2_14_L -1 -3.098e+05 4.394e+02 1.291e+03
|        ( WDBNDRY_E 0 -1.487e+05 3.766e+02 6.241e+02
|            ( QUESTION0_14_R 1 -1.282e+04 2.058e+02 5.655e+01
|                ( QUESTION1 -1 -7.162e+03 1.790e+02 3.150e+01
|                    ( - -6.464e+03 3 0 QUESTION0_15_R 1 1.586e+02 2.850e+01)
|                    ( - -5.189e+02 1 0))
|                ( - -5.450e+03 4 0 QUESTION10 1 1.560e+02 2.505e+01))
|            ( - -1.355e+05 2 0))
|        ( QUESTION0_14_R 1 -1.607e+05 2.660e+02 6.669e+02
|            ( - -1.573e+05 3 0)
|            ( - -3.140e+03 3 0 QUESTION0_2_R 1 1.666e+02 1.400e+01))))
s>    ( QUESTION0_18_R 1 -3.808e+05 6.375e+02 1.589e+03
s>        ( QUESTION1 -1 -7.033e+04 2.596e+02 2.977e+02
s>            ( - -5.918e+04 2 0)
s>            ( - -1.090e+04 1 0))
s>        ( QUESTION2_14_L -1 -3.098e+05 4.394e+02 1.291e+03
s>            ( WDBNDRY_E 0 -1.487e+05 3.766e+02 6.241e+02
s>                ( QUESTION0_14_R 1 -1.282e+04 2.058e+02 5.655e+01
s>                    ( QUESTION1 -1 -7.162e+03 1.790e+02 3.150e+01
s>                        ( - -6.464e+03 3 0 QUESTION0_15_R 1 1.586e+02 2.850e+01)
s>                        ( - -5.189e+02 1 0))
s>                    ( - -5.450e+03 4 0 QUESTION10 1 1.560e+02 2.505e+01))
s>                ( - -1.355e+05 2 0))
s>            ( QUESTION0_14_R 1 -1.607e+05 2.660e+02 6.669e+02
s>                ( - -1.573e+05 3 0)
s>                ( - -3.140e+03 3 0 QUESTION0_2_R 1 1.666e+02 1.400e+01))))INFO: dtree.c(1315): Comp split 9
INFO: dtree.c(1439): stop. leaf nodes are specific
INFO: dtree.c(1478): Final simple tree
|( WDBNDRY_E 0 -2.227e+05 4.696e+02 9.870e+02
|    ( - 1.942e+02 1 0)
|    ( QUESTION10 -1 -2.224e+05 2.411e+02 9.860e+02
|        ( - -2.909e+03 1 0)
|        ( QUESTION0 -1 -2.193e+05 1.576e+02 9.720e+02
|            ( - -2.185e+05 2 0)
|            ( - -5.812e+02 1 0))))
s>    ( WDBNDRY_E 0 -2.227e+05 4.696e+02 9.870e+02
s>        ( - 1.942e+02 1 0)
s>        ( QUESTION10 -1 -2.224e+05 2.411e+02 9.860e+02
s>            ( - -2.909e+03 1 0)
s>            ( QUESTION0 -1 -2.193e+05 1.576e+02 9.720e+02
s>                ( - -2.185e+05 2 0)
s>                ( - -5.812e+02 1 0))))INFO: dtree.c(1478): Final simple tree
|( QUESTION0 1 -2.664e+05 6.375e+02 1.159e+03
|    ( WDBNDRY_I 0 -2.335e+05 5.683e+02 1.019e+03
|        ( QUESTION1 -1 -1.713e+05 3.793e+02 7.529e+02
|            ( - -4.868e+04 4 0)
|            ( QUESTION2_17_L -1 -1.222e+05 2.723e+02 5.415e+02
|                ( - -1.177e+05 4 0)
|                ( - -4.252e+03 1 0)))
|        ( WDBNDRY_B 0 -6.169e+04 4.046e+02 2.663e+02
|            ( QUESTION2_18_L -1 -4.941e+04 3.082e+02 2.141e+02
|                ( - -1.165e+04 3 0)
|                ( QUESTION19 -1 -3.745e+04 1.799e+02 1.624e+02
|                    ( - -3.407e+02 1 0)
|                    ( - -3.693e+04 22 0 QUESTION8 -1 1.527e+02 1.604e+02)))
|            ( - -1.188e+04 3 0 QUESTION1 -1 9.992e+01 5.213e+01)))
|    ( - -3.226e+04 17 0 QUESTION2 -1 1.661e+02 1.396e+02))
s>    ( QUESTION0 1 -2.664e+05 6.375e+02 1.159e+03
s>        ( WDBNDRY_I 0 -2.335e+05 5.683e+02 1.019e+03
s>            ( QUESTION1 -1 -1.713e+05 3.793e+02 7.529e+02
s>                ( - -4.868e+04 4 0)
s>                ( QUESTION2_17_L -1 -1.222e+05 2.723e+02 5.415e+02
s>                    ( - -1.177e+05 4 0)
s>                    ( - -4.252e+03 1 0)))
s>            ( WDBNDRY_B 0 -6.169e+04 4.046e+02 2.663e+02
s>                ( QUESTION2_18_L -1 -4.941e+04 3.082e+02 2.141e+02
s>                    ( - -1.165e+04 3 0)
s>                    ( QUESTION19 -1 -3.745e+04 1.799e+02 1.624e+02
s>                        ( - -3.407e+02 1 0)
s>                        ( - -3.693e+04 22 0 QUESTION8 -1 1.527e+02 1.604e+02)))
s>                ( - -1.188e+04 3 0 QUESTION1 -1 9.992e+01 5.213e+01)))
s>        ( - -3.226e+04 17 0 QUESTION2 -1 1.661e+02 1.396e+02))INFO: dtree.c(1315): Comp split 10
INFO: dtree.c(1478): Final simple tree
|( QUESTION0 1 -4.456e+04 4.221e+02 1.917e+02
|    ( - -1.188e+04 3 0 QUESTION1 -1 9.992e+01 5.213e+01)
|    ( QUESTION2 -1 -3.226e+04 1.661e+02 1.396e+02
|        ( WDBNDRY_B 0 -1.340e+04 4.583e+02 5.952e+01
|            ( - -1.312e+04 2 0)
|            ( - 1.760e+02 1 0))
|        ( WDBNDRY_B 0 -1.869e+04 1.443e+02 8.005e+01
|            ( QUESTION2_20_L -1 -1.373e+04 1.279e+02 5.905e+01
|                ( - -3.015e+03 2 0)
|                ( SILENCE -1 -1.059e+04 1.227e+02 4.535e+01
|                    ( - -1.045e+03 1 0)
|                    ( - -9.423e+03 7 0 QUESTION8 -1 1.148e+02 4.035e+01)))
|            ( QUESTION2_14_L -1 -4.816e+03 1.388e+02 2.099e+01
|                ( - -3.157e+02 1 0)
|                ( - -4.361e+03 3 0 WDBNDRY_E 0 1.140e+02 1.899e+01)))))
s>    ( QUESTION0 1 -4.456e+04 4.221e+02 1.917e+02
s>        ( - -1.188e+04 3 0 QUESTION1 -1 9.992e+01 5.213e+01)
s>        ( QUESTION2 -1 -3.226e+04 1.661e+02 1.396e+02
s>            ( WDBNDRY_B 0 -1.340e+04 4.583e+02 5.952e+01
s>                ( - -1.312e+04 2 0)
s>                ( - 1.760e+02 1 0))
s>            ( WDBNDRY_B 0 -1.869e+04 1.443e+02 8.005e+01
s>                ( QUESTION2_20_L -1 -1.373e+04 1.279e+02 5.905e+01
s>                    ( - -3.015e+03 2 0)
s>                    ( SILENCE -1 -1.059e+04 1.227e+02 4.535e+01
s>                        ( - -1.045e+03 1 0)
s>                        ( - -9.423e+03 7 0 QUESTION8 -1 1.148e+02 4.035e+01)))
s>                ( QUESTION2_14_L -1 -4.816e+03 1.388e+02 2.099e+01
s>                    ( - -3.157e+02 1 0)
s>                    ( - -4.361e+03 3 0 WDBNDRY_E 0 1.140e+02 1.899e+01)))))INFO: dtree.c(1478): Final simple tree
|( WDBNDRY_B 0 -2.211e+05 4.521e+02 9.671e+02
|    ( QUESTION2_18_L -1 -4.941e+04 3.082e+02 2.141e+02
|        ( - -1.165e+04 3 0)
|        ( QUESTION19 -1 -3.745e+04 1.799e+02 1.624e+02
|            ( - -3.407e+02 1 0)
|            ( QUESTION8 -1 -3.693e+04 1.527e+02 1.604e+02
|                ( - -4.947e+02 1 0)
|                ( QUESTION10 -1 -3.628e+04 1.507e+02 1.574e+02
|                    ( - -5.324e+02 1 0)
|                    ( - -3.560e+04 20 0 QUESTION2_15_L -1 1.387e+02 1.544e+02)))))
|    ( QUESTION1 -1 -1.713e+05 3.793e+02 7.529e+02
|        ( - -4.868e+04 4 0)
|        ( QUESTION2_17_L -1 -1.222e+05 2.723e+02 5.415e+02
|            ( - -1.177e+05 4 0)
|            ( - -4.252e+03 1 0))))
s>    ( WDBNDRY_B 0 -2.211e+05 4.521e+02 9.671e+02
s>        ( QUESTION2_18_L -1 -4.941e+04 3.082e+02 2.141e+02
s>            ( - -1.165e+04 3 0)
s>            ( QUESTION19 -1 -3.745e+04 1.799e+02 1.624e+02
s>                ( - -3.407e+02 1 0)
s>                ( QUESTION8 -1 -3.693e+04 1.527e+02 1.604e+02
s>                    ( - -4.947e+02 1 0)
s>                    ( QUESTION10 -1 -3.628e+04 1.507e+02 1.574e+02
s>                        ( - -5.324e+02 1 0)
s>                        ( - -3.560e+04 20 0 QUESTION2_15_L -1 1.387e+02 1.544e+02)))))
s>        ( QUESTION1 -1 -1.713e+05 3.793e+02 7.529e+02
s>            ( - -4.868e+04 4 0)
s>            ( QUESTION2_17_L -1 -1.222e+05 2.723e+02 5.415e+02
s>                ( - -1.177e+05 4 0)
s>                ( - -4.252e+03 1 0))))INFO: dtree.c(1315): Comp split 11
INFO: dtree.c(1478): Final simple tree
|( QUESTION2_14_L -1 -3.098e+05 4.394e+02 1.291e+03
|    ( WDBNDRY_E 0 -1.487e+05 3.766e+02 6.241e+02
|        ( QUESTION0_14_R 1 -1.282e+04 2.058e+02 5.655e+01
|            ( QUESTION1 -1 -7.162e+03 1.790e+02 3.150e+01
|                ( QUESTION0_15_R 1 -6.464e+03 1.586e+02 2.850e+01
|                    ( - -6.215e+02 1 0)
|                    ( - -5.684e+03 2 0))
|                ( - -5.189e+02 1 0))
|            ( - -5.450e+03 4 0 QUESTION10 1 1.560e+02 2.505e+01))
|        ( - -1.355e+05 2 0))
|    ( QUESTION0_14_R 1 -1.607e+05 2.660e+02 6.669e+02
|        ( - -1.573e+05 3 0)
|        ( QUESTION0_2_R 1 -3.140e+03 1.666e+02 1.400e+01
|            ( - -8.035e+02 1 0)
|            ( - -2.170e+03 2 0 WDBNDRY_E 0 1.203e+02 1.000e+01))))
s>    ( QUESTION2_14_L -1 -3.098e+05 4.394e+02 1.291e+03
s>        ( WDBNDRY_E 0 -1.487e+05 3.766e+02 6.241e+02
s>            ( QUESTION0_14_R 1 -1.282e+04 2.058e+02 5.655e+01
s>                ( QUESTION1 -1 -7.162e+03 1.790e+02 3.150e+01
s>                    ( QUESTION0_15_R 1 -6.464e+03 1.586e+02 2.850e+01
s>                        ( - -6.215e+02 1 0)
s>                        ( - -5.684e+03 2 0))
s>                    ( - -5.189e+02 1 0))
s>                ( - -5.450e+03 4 0 QUESTION10 1 1.560e+02 2.505e+01))
s>            ( - -1.355e+05 2 0))
s>        ( QUESTION0_14_R 1 -1.607e+05 2.660e+02 6.669e+02
s>            ( - -1.573e+05 3 0)
s>            ( QUESTION0_2_R 1 -3.140e+03 1.666e+02 1.400e+01
s>                ( - -8.035e+02 1 0)
s>                ( - -2.170e+03 2 0 WDBNDRY_E 0 1.203e+02 1.000e+01))))INFO: dtree.c(1439): stop. leaf nodes are specific
INFO: dtree.c(1478): Final simple tree
|( QUESTION1 -1 -7.033e+04 2.596e+02 2.977e+02
|    ( - -5.918e+04 2 0)
|    ( - -1.090e+04 1 0))
s>    ( QUESTION1 -1 -7.033e+04 2.596e+02 2.977e+02
s>        ( - -5.918e+04 2 0)
s>        ( - -1.090e+04 1 0))INFO: dtree.c(1315): Comp split 12
INFO: dtree.c(1439): stop. leaf nodes are specific
INFO: dtree.c(1478): Final simple tree
|( WDBNDRY_B 0 -1.303e+05 3.078e+02 5.763e+02
|    ( QUESTION0 -1 -1.232e+04 1.356e+02 5.472e+01
|        ( - -1.165e+04 3 0)
|        ( - -5.324e+02 1 0))
|    ( - -1.177e+05 4 0))
s>    ( WDBNDRY_B 0 -1.303e+05 3.078e+02 5.763e+02
s>        ( QUESTION0 -1 -1.232e+04 1.356e+02 5.472e+01
s>            ( - -1.165e+04 3 0)
s>            ( - -5.324e+02 1 0))
s>        ( - -1.177e+05 4 0))INFO: dtree.c(1478): Final simple tree
|( WDBNDRY_B 0 -9.026e+04 2.787e+02 3.908e+02
|    ( QUESTION10 -1 -3.677e+04 1.791e+02 1.594e+02
|        ( - -3.407e+02 1 0)
|        ( QUESTION8 -1 -3.625e+04 1.525e+02 1.574e+02
|            ( - -4.947e+02 1 0)
|            ( QUESTION2_15_L -1 -3.560e+04 1.387e+02 1.544e+02
|                ( - -6.620e+03 3 0)
|                ( QUESTION7 -1 -2.884e+04 1.279e+02 1.254e+02
|                    ( - -1.644e+03 2 0)
|                    ( SILENCE -1 -2.707e+04 1.223e+02 1.174e+02
|                        ( - -1.948e+03 2 0)
|                        ( - -2.500e+04 13 0 QUESTION0 -1 1.212e+02 1.084e+02))))))
|    ( QUESTION1 -1 -5.321e+04 2.820e+02 2.313e+02
|        ( - -4.868e+04 4 0)
|        ( - -4.252e+03 1 0)))
s>    ( WDBNDRY_B 0 -9.026e+04 2.787e+02 3.908e+02
s>        ( QUESTION10 -1 -3.677e+04 1.791e+02 1.594e+02
s>            ( - -3.407e+02 1 0)
s>            ( QUESTION8 -1 -3.625e+04 1.525e+02 1.574e+02
s>                ( - -4.947e+02 1 0)
s>                ( QUESTION2_15_L -1 -3.560e+04 1.387e+02 1.544e+02
s>                    ( - -6.620e+03 3 0)
s>                    ( QUESTION7 -1 -2.884e+04 1.279e+02 1.254e+02
s>                        ( - -1.644e+03 2 0)
s>                        ( SILENCE -1 -2.707e+04 1.223e+02 1.174e+02
s>                            ( - -1.948e+03 2 0)
s>                            ( - -2.500e+04 13 0 QUESTION0 -1 1.212e+02 1.084e+02))))))
s>        ( QUESTION1 -1 -5.321e+04 2.820e+02 2.313e+02
s>            ( - -4.868e+04 4 0)
s>            ( - -4.252e+03 1 0)))INFO: dtree.c(1315): Comp split 13
INFO: dtree.c(1439): stop. leaf nodes are specific
INFO: dtree.c(1478): Final simple tree
|( SILENCE -1 -2.529e+05 4.039e+02 1.135e+03
|    ( - -2.202e+04 2 0)
|    ( QUESTION1 -1 -2.305e+05 2.569e+02 1.034e+03
|        ( - -8.306e+04 2 0)
|        ( QUESTION2_18_L -1 -1.471e+05 1.474e+02 6.600e+02
|            ( - -1.651e+03 3 0)
|            ( QUESTION0 -1 -1.453e+05 1.208e+02 6.520e+02
|                ( - -1.385e+05 4 0)
|                ( QUESTION19 -1 -6.680e+03 9.749e+01 2.962e+01
|                    ( - -5.677e+03 2 0)
|                    ( - -9.057e+02 2 0))))))
s>    ( SILENCE -1 -2.529e+05 4.039e+02 1.135e+03
s>        ( - -2.202e+04 2 0)
s>        ( QUESTION1 -1 -2.305e+05 2.569e+02 1.034e+03
s>            ( - -8.306e+04 2 0)
s>            ( QUESTION2_18_L -1 -1.471e+05 1.474e+02 6.600e+02
s>                ( - -1.651e+03 3 0)
s>                ( QUESTION0 -1 -1.453e+05 1.208e+02 6.520e+02
s>                    ( - -1.385e+05 4 0)
s>                    ( QUESTION19 -1 -6.680e+03 9.749e+01 2.962e+01
s>                        ( - -5.677e+03 2 0)
s>                        ( - -9.057e+02 2 0))))))INFO: dtree.c(1478): Final simple tree
|( QUESTION5 -1 -2.630e+05 3.346e+02 1.191e+03
|    ( - -6.446e+04 6 0)
|    ( QUESTION9 -1 -1.982e+05 2.014e+02 9.001e+02
|        ( QUESTION2_11_L -1 -9.014e+04 1.372e+02 4.155e+02
|            ( - -1.092e+04 1 0)
|            ( - -7.908e+04 2 0))
|        ( QUESTION17 -1 -1.078e+05 1.940e+02 4.846e+02
|            ( - -5.931e+04 3 0)
|            ( QUESTION16 -1 -4.834e+04 1.342e+02 2.179e+02
|                ( - -3.093e+03 2 0)
|                ( QUESTION4 -1 -4.511e+04 1.250e+02 2.033e+02
|                    ( - -4.282e+04 3 0 QUESTION8 -1 8.530e+01 1.933e+02)
|                    ( QUESTION12 -1 -2.170e+03 1.046e+02 1.000e+01
|                        ( - -1.025e+03 1 0)
|                        ( - -1.040e+03 1 0)))))))
s>    ( QUESTION5 -1 -2.630e+05 3.346e+02 1.191e+03
s>        ( - -6.446e+04 6 0)
s>        ( QUESTION9 -1 -1.982e+05 2.014e+02 9.001e+02
s>            ( QUESTION2_11_L -1 -9.014e+04 1.372e+02 4.155e+02
s>                ( - -1.092e+04 1 0)
s>                ( - -7.908e+04 2 0))
s>            ( QUESTION17 -1 -1.078e+05 1.940e+02 4.846e+02
s>                ( - -5.931e+04 3 0)
s>                ( QUESTION16 -1 -4.834e+04 1.342e+02 2.179e+02
s>                    ( - -3.093e+03 2 0)
s>                    ( QUESTION4 -1 -4.511e+04 1.250e+02 2.033e+02
s>                        ( - -4.282e+04 3 0 QUESTION8 -1 8.530e+01 1.933e+02)
s>                        ( QUESTION12 -1 -2.170e+03 1.046e+02 1.000e+01
s>                            ( - -1.025e+03 1 0)
s>                            ( - -1.040e+03 1 0)))))))INFO: dtree.c(1315): Comp split 14
INFO: dtree.c(1439): stop. leaf nodes are specific
INFO: dtree.c(1478): Final simple tree
|( QUESTION2_17_L -1 -1.693e+05 2.573e+02 7.437e+02
|    ( - -6.167e+03 3 0)
|    ( QUESTION0 -1 -1.628e+05 1.710e+02 7.166e+02
|        ( QUESTION1 -1 -1.475e+05 1.419e+02 6.498e+02
|            ( WDBNDRY_E 0 -1.415e+05 1.211e+02 6.230e+02
|                ( - -1.209e+03 2 0)
|                ( - -1.402e+05 3 0))
|            ( - -5.822e+03 2 0))
|        ( QUESTION4 -1 -1.519e+04 1.185e+02 6.683e+01
|            ( - -1.429e+04 8 0)
|            ( - -7.785e+02 1 0))))
s>    ( QUESTION2_17_L -1 -1.693e+05 2.573e+02 7.437e+02
s>        ( - -6.167e+03 3 0)
s>        ( QUESTION0 -1 -1.628e+05 1.710e+02 7.166e+02
s>            ( QUESTION1 -1 -1.475e+05 1.419e+02 6.498e+02
s>                ( WDBNDRY_E 0 -1.415e+05 1.211e+02 6.230e+02
s>                    ( - -1.209e+03 2 0)
s>                    ( - -1.402e+05 3 0))
s>                ( - -5.822e+03 2 0))
s>            ( QUESTION4 -1 -1.519e+04 1.185e+02 6.683e+01
s>                ( - -1.429e+04 8 0)
s>                ( - -7.785e+02 1 0))))INFO: dtree.c(1439): stop. leaf nodes are specific
INFO: dtree.c(1478): Final simple tree
|( QUESTION10 -1 -2.265e+05 1.660e+02 1.006e+03
|    ( - -4.839e+03 2 0)
|    ( QUESTION0 -1 -2.215e+05 1.314e+02 9.827e+02
|        ( - -2.210e+05 6 0)
|        ( - -3.116e+02 1 0)))
s>    ( QUESTION10 -1 -2.265e+05 1.660e+02 1.006e+03
s>        ( - -4.839e+03 2 0)
s>        ( QUESTION0 -1 -2.215e+05 1.314e+02 9.827e+02
s>            ( - -2.210e+05 6 0)
s>            ( - -3.116e+02 1 0)))INFO: dtree.c(1315): Comp split 15
INFO: dtree.c(1478): Final simple tree
|( WDBNDRY_E 0 -1.520e+05 3.722e+02 6.381e+02
|    ( QUESTION0_1_R 1 -1.549e+04 2.107e+02 6.755e+01
|        ( - -8.035e+02 1 0)
|        ( QUESTION0_14_R 1 -1.448e+04 1.933e+02 6.355e+01
|            ( QUESTION1 -1 -7.162e+03 1.790e+02 3.150e+01
|                ( QUESTION0_15_R 1 -6.464e+03 1.586e+02 2.850e+01
|                    ( - -6.215e+02 1 0)
|                    ( - -5.684e+03 2 0))
|                ( - -5.189e+02 1 0))
|            ( QUESTION10 1 -7.123e+03 1.769e+02 3.205e+01
|                ( - -9.774e+02 1 0)
|                ( - -5.969e+03 4 0 QUESTION1 -1 1.254e+02 2.705e+01))))
|    ( QUESTION0_1_R 1 -1.362e+05 1.550e+02 5.705e+02
|        ( - -5.148e+02 1 0)
|        ( - -1.355e+05 2 0)))
s>    ( WDBNDRY_E 0 -1.520e+05 3.722e+02 6.381e+02
s>        ( QUESTION0_1_R 1 -1.549e+04 2.107e+02 6.755e+01
s>            ( - -8.035e+02 1 0)
s>            ( QUESTION0_14_R 1 -1.448e+04 1.933e+02 6.355e+01
s>                ( QUESTION1 -1 -7.162e+03 1.790e+02 3.150e+01
s>                    ( QUESTION0_15_R 1 -6.464e+03 1.586e+02 2.850e+01
s>                        ( - -6.215e+02 1 0)
s>                        ( - -5.684e+03 2 0))
s>                    ( - -5.189e+02 1 0))
s>                ( QUESTION10 1 -7.123e+03 1.769e+02 3.205e+01
s>                    ( - -9.774e+02 1 0)
s>                    ( - -5.969e+03 4 0 QUESTION1 -1 1.254e+02 2.705e+01))))
s>        ( QUESTION0_1_R 1 -1.362e+05 1.550e+02 5.705e+02
s>            ( - -5.148e+02 1 0)
s>            ( - -1.355e+05 2 0)))INFO: dtree.c(1315): Comp split 16
INFO: dtree.c(1439): stop. leaf nodes are specific
INFO: dtree.c(1478): Final simple tree
|( QUESTION4 1 -9.402e+04 4.514e+02 4.107e+02
|    ( QUESTION2_14_L -1 -9.378e+04 2.685e+02 4.097e+02
|        ( WDBNDRY_E 0 -8.376e+04 1.076e+02 3.666e+02
|            ( - -5.724e+02 1 0)
|            ( - -8.308e+04 1 0))
|        ( WDBNDRY_E 0 -9.749e+03 1.642e+02 4.312e+01
|            ( - -3.221e+02 1 0)
|            ( QUESTION0 -1 -9.263e+03 1.221e+02 4.112e+01
|                ( - -6.504e+03 2 0)
|                ( - -2.637e+03 2 0))))
|    ( - 2.165e+02 1 0))
s>    ( QUESTION4 1 -9.402e+04 4.514e+02 4.107e+02
s>        ( QUESTION2_14_L -1 -9.378e+04 2.685e+02 4.097e+02
s>            ( WDBNDRY_E 0 -8.376e+04 1.076e+02 3.666e+02
s>                ( - -5.724e+02 1 0)
s>                ( - -8.308e+04 1 0))
s>            ( WDBNDRY_E 0 -9.749e+03 1.642e+02 4.312e+01
s>                ( - -3.221e+02 1 0)
s>                ( QUESTION0 -1 -9.263e+03 1.221e+02 4.112e+01
s>                    ( - -6.504e+03 2 0)
s>                    ( - -2.637e+03 2 0))))
s>        ( - 2.165e+02 1 0))INFO: dtree.c(1315): Comp split 17
INFO: dtree.c(1439): stop. leaf nodes are specific
INFO: dtree.c(1478): Final simple tree
|( QUESTION10 -1 -2.224e+05 2.411e+02 9.860e+02
|    ( - -2.909e+03 1 0)
|    ( QUESTION0 -1 -2.193e+05 1.576e+02 9.720e+02
|        ( - -2.185e+05 2 0)
|        ( - -5.812e+02 1 0)))
s>    ( QUESTION10 -1 -2.224e+05 2.411e+02 9.860e+02
s>        ( - -2.909e+03 1 0)
s>        ( QUESTION0 -1 -2.193e+05 1.576e+02 9.720e+02
s>            ( - -2.185e+05 2 0)
s>            ( - -5.812e+02 1 0)))INFO: dtree.c(1315): Comp split 18
INFO: dtree.c(1478): Final simple tree
|( QUESTION0 1 -4.428e+04 4.237e+02 1.907e+02
|    ( - -1.188e+04 3 0 QUESTION1 -1 9.992e+01 5.213e+01)
|    ( QUESTION2 -1 -3.198e+04 1.678e+02 1.386e+02
|        ( - -1.312e+04 2 0)
|        ( WDBNDRY_B 0 -1.869e+04 1.443e+02 8.005e+01
|            ( QUESTION2_20_L -1 -1.373e+04 1.279e+02 5.905e+01
|                ( - -3.015e+03 2 0)
|                ( SILENCE -1 -1.059e+04 1.227e+02 4.535e+01
|                    ( - -1.045e+03 1 0)
|                    ( QUESTION8 -1 -9.423e+03 1.148e+02 4.035e+01
|                        ( - -9.070e+02 2 0)
|                        ( - -8.401e+03 5 0 QUESTION7 -1 4.408e+02 3.635e+01))))
|            ( QUESTION2_14_L -1 -4.816e+03 1.388e+02 2.099e+01
|                ( - -3.157e+02 1 0)
|                ( - -4.361e+03 3 0 WDBNDRY_E 0 1.140e+02 1.899e+01)))))
s>    ( QUESTION0 1 -4.428e+04 4.237e+02 1.907e+02
s>        ( - -1.188e+04 3 0 QUESTION1 -1 9.992e+01 5.213e+01)
s>        ( QUESTION2 -1 -3.198e+04 1.678e+02 1.386e+02
s>            ( - -1.312e+04 2 0)
s>            ( WDBNDRY_B 0 -1.869e+04 1.443e+02 8.005e+01
s>                ( QUESTION2_20_L -1 -1.373e+04 1.279e+02 5.905e+01
s>                    ( - -3.015e+03 2 0)
s>                    ( SILENCE -1 -1.059e+04 1.227e+02 4.535e+01
s>                        ( - -1.045e+03 1 0)
s>                        ( QUESTION8 -1 -9.423e+03 1.148e+02 4.035e+01
s>                            ( - -9.070e+02 2 0)
s>                            ( - -8.401e+03 5 0 QUESTION7 -1 4.408e+02 3.635e+01))))
s>                ( QUESTION2_14_L -1 -4.816e+03 1.388e+02 2.099e+01
s>                    ( - -3.157e+02 1 0)
s>                    ( - -4.361e+03 3 0 WDBNDRY_E 0 1.140e+02 1.899e+01)))))INFO: dtree.c(1315): Comp split 19
INFO: dtree.c(1439): stop. leaf nodes are specific
INFO: dtree.c(1478): Final simple tree
|( QUESTION2_14_L -1 -9.378e+04 2.685e+02 4.097e+02
|    ( WDBNDRY_E 0 -8.376e+04 1.076e+02 3.666e+02
|        ( - -5.724e+02 1 0)
|        ( - -8.308e+04 1 0))
|    ( WDBNDRY_E 0 -9.749e+03 1.642e+02 4.312e+01
|        ( - -3.221e+02 1 0)
|        ( QUESTION0 -1 -9.263e+03 1.221e+02 4.112e+01
|            ( - -6.504e+03 2 0)
|            ( - -2.637e+03 2 0))))
s>    ( QUESTION2_14_L -1 -9.378e+04 2.685e+02 4.097e+02
s>        ( WDBNDRY_E 0 -8.376e+04 1.076e+02 3.666e+02
s>            ( - -5.724e+02 1 0)
s>            ( - -8.308e+04 1 0))
s>        ( WDBNDRY_E 0 -9.749e+03 1.642e+02 4.312e+01
s>            ( - -3.221e+02 1 0)
s>            ( QUESTION0 -1 -9.263e+03 1.221e+02 4.112e+01
s>                ( - -6.504e+03 2 0)
s>                ( - -2.637e+03 2 0))))INFO: dtree.c(1315): Comp split 20
INFO: dtree.c(1439): stop. leaf nodes are specific
INFO: dtree.c(1478): Final simple tree
|( QUESTION1 -1 -1.188e+04 9.992e+01 5.213e+01
|    ( - -2.688e+03 2 0)
|    ( - -9.089e+03 1 0))
s>    ( QUESTION1 -1 -1.188e+04 9.992e+01 5.213e+01
s>        ( - -2.688e+03 2 0)
s>        ( - -9.089e+03 1 0))INFO: dtree.c(1478): Final simple tree
|( QUESTION2 -1 -3.198e+04 1.678e+02 1.386e+02
|    ( - -1.312e+04 2 0)
|    ( WDBNDRY_B 0 -1.869e+04 1.443e+02 8.005e+01
|        ( QUESTION2_20_L -1 -1.373e+04 1.279e+02 5.905e+01
|            ( - -3.015e+03 2 0)
|            ( SILENCE -1 -1.059e+04 1.227e+02 4.535e+01
|                ( - -1.045e+03 1 0)
|                ( QUESTION8 -1 -9.423e+03 1.148e+02 4.035e+01
|                    ( - -9.070e+02 2 0)
|                    ( QUESTION7 -1 -8.401e+03 4.408e+02 3.635e+01
|                        ( - 1.942e+02 1 0)
|                        ( - -8.155e+03 4 0 QUESTION4 -1 1.151e+02 3.535e+01)))))
|        ( QUESTION2_14_L -1 -4.816e+03 1.388e+02 2.099e+01
|            ( - -3.157e+02 1 0)
|            ( - -4.361e+03 3 0 WDBNDRY_E 0 1.140e+02 1.899e+01))))
s>    ( QUESTION2 -1 -3.198e+04 1.678e+02 1.386e+02
s>        ( - -1.312e+04 2 0)
s>        ( WDBNDRY_B 0 -1.869e+04 1.443e+02 8.005e+01
s>            ( QUESTION2_20_L -1 -1.373e+04 1.279e+02 5.905e+01
s>                ( - -3.015e+03 2 0)
s>                ( SILENCE -1 -1.059e+04 1.227e+02 4.535e+01
s>                    ( - -1.045e+03 1 0)
s>                    ( QUESTION8 -1 -9.423e+03 1.148e+02 4.035e+01
s>                        ( - -9.070e+02 2 0)
s>                        ( QUESTION7 -1 -8.401e+03 4.408e+02 3.635e+01
s>                            ( - 1.942e+02 1 0)
s>                            ( - -8.155e+03 4 0 QUESTION4 -1 1.151e+02 3.535e+01)))))
s>            ( QUESTION2_14_L -1 -4.816e+03 1.388e+02 2.099e+01
s>                ( - -3.157e+02 1 0)
s>                ( - -4.361e+03 3 0 WDBNDRY_E 0 1.140e+02 1.899e+01))))INFO: dtree.c(1315): Comp split 21
INFO: dtree.c(1478): Final simple tree
|( QUESTION2 -1 -3.174e+04 1.695e+02 1.376e+02
|    ( - -1.312e+04 2 0)
|    ( WDBNDRY_B 0 -1.845e+04 1.420e+02 7.905e+01
|        ( QUESTION2_20_L -1 -1.349e+04 1.286e+02 5.805e+01
|            ( - -3.015e+03 2 0)
|            ( SILENCE -1 -1.034e+04 1.235e+02 4.435e+01
|                ( - -1.045e+03 1 0)
|                ( QUESTION7 -1 -9.176e+03 1.146e+02 3.935e+01
|                    ( - -9.070e+02 2 0)
|                    ( QUESTION4 -1 -8.155e+03 1.151e+02 3.535e+01
|                        ( - -1.032e+03 1 0)
|                        ( - -7.008e+03 3 0 QUESTION20 -1 1.054e+02 3.035e+01)))))
|        ( QUESTION2_14_L -1 -4.816e+03 1.388e+02 2.099e+01
|            ( - -3.157e+02 1 0)
|            ( - -4.361e+03 3 0 WDBNDRY_E 0 1.140e+02 1.899e+01))))
s>    ( QUESTION2 -1 -3.174e+04 1.695e+02 1.376e+02
s>        ( - -1.312e+04 2 0)
s>        ( WDBNDRY_B 0 -1.845e+04 1.420e+02 7.905e+01
s>            ( QUESTION2_20_L -1 -1.349e+04 1.286e+02 5.805e+01
s>                ( - -3.015e+03 2 0)
s>                ( SILENCE -1 -1.034e+04 1.235e+02 4.435e+01
s>                    ( - -1.045e+03 1 0)
s>                    ( QUESTION7 -1 -9.176e+03 1.146e+02 3.935e+01
s>                        ( - -9.070e+02 2 0)
s>                        ( QUESTION4 -1 -8.155e+03 1.151e+02 3.535e+01
s>                            ( - -1.032e+03 1 0)
s>                            ( - -7.008e+03 3 0 QUESTION20 -1 1.054e+02 3.035e+01)))))
s>            ( QUESTION2_14_L -1 -4.816e+03 1.388e+02 2.099e+01
s>                ( - -3.157e+02 1 0)
s>                ( - -4.361e+03 3 0 WDBNDRY_E 0 1.140e+02 1.899e+01))))INFO: dtree.c(1315): Comp split 22
INFO: dtree.c(1439): stop. leaf nodes are specific
INFO: dtree.c(1478): Final simple tree
|( QUESTION1 -1 -2.305e+05 2.569e+02 1.034e+03
|    ( - -8.306e+04 2 0)
|    ( QUESTION2_18_L -1 -1.471e+05 1.474e+02 6.600e+02
|        ( - -1.651e+03 3 0)
|        ( QUESTION0 -1 -1.453e+05 1.208e+02 6.520e+02
|            ( - -1.385e+05 4 0)
|            ( QUESTION19 -1 -6.680e+03 9.749e+01 2.962e+01
|                ( - -5.677e+03 2 0)
|                ( - -9.057e+02 2 0)))))
s>    ( QUESTION1 -1 -2.305e+05 2.569e+02 1.034e+03
s>        ( - -8.306e+04 2 0)
s>        ( QUESTION2_18_L -1 -1.471e+05 1.474e+02 6.600e+02
s>            ( - -1.651e+03 3 0)
s>            ( QUESTION0 -1 -1.453e+05 1.208e+02 6.520e+02
s>                ( - -1.385e+05 4 0)
s>                ( QUESTION19 -1 -6.680e+03 9.749e+01 2.962e+01
s>                    ( - -5.677e+03 2 0)
s>                    ( - -9.057e+02 2 0)))))INFO: dtree.c(1315): Comp split 23
INFO: dtree.c(1478): Final simple tree
|( QUESTION0_2_R 1 -1.615e+04 2.110e+02 7.055e+01
|    ( - -8.035e+02 1 0)
|    ( QUESTION0_16_R 1 -1.514e+04 1.894e+02 6.655e+01
|        ( QUESTION1 -1 -6.381e+03 1.785e+02 2.850e+01
|            ( - -5.684e+03 2 0)
|            ( - -5.189e+02 1 0))
|        ( QUESTION1 -1 -8.570e+03 1.643e+02 3.805e+01
|            ( QUESTION0_14_R 1 -4.768e+03 1.480e+02 2.103e+01
|                ( - -6.215e+02 1 0)
|                ( SILENCE 1 -3.999e+03 1.553e+02 1.803e+01
|                    ( - -1.196e+03 1 0)
|                    ( - -2.647e+03 3 0 QUESTION2_14_L -1 1.519e+02 1.200e+01)))
|            ( SILENCE 1 -3.638e+03 1.686e+02 1.702e+01
|                ( - -2.492e+03 1 0)
|                ( - -9.774e+02 1 0)))))
s>    ( QUESTION0_2_R 1 -1.615e+04 2.110e+02 7.055e+01
s>        ( - -8.035e+02 1 0)
s>        ( QUESTION0_16_R 1 -1.514e+04 1.894e+02 6.655e+01
s>            ( QUESTION1 -1 -6.381e+03 1.785e+02 2.850e+01
s>                ( - -5.684e+03 2 0)
s>                ( - -5.189e+02 1 0))
s>            ( QUESTION1 -1 -8.570e+03 1.643e+02 3.805e+01
s>                ( QUESTION0_14_R 1 -4.768e+03 1.480e+02 2.103e+01
s>                    ( - -6.215e+02 1 0)
s>                    ( SILENCE 1 -3.999e+03 1.553e+02 1.803e+01
s>                        ( - -1.196e+03 1 0)
s>                        ( - -2.647e+03 3 0 QUESTION2_14_L -1 1.519e+02 1.200e+01)))
s>                ( SILENCE 1 -3.638e+03 1.686e+02 1.702e+01
s>                    ( - -2.492e+03 1 0)
s>                    ( - -9.774e+02 1 0)))))INFO: dtree.c(1315): Comp split 24
INFO: dtree.c(1478): Final simple tree
|( QUESTION9 -1 -1.982e+05 2.014e+02 9.001e+02
|    ( QUESTION2_11_L -1 -9.014e+04 1.372e+02 4.155e+02
|        ( - -1.092e+04 1 0)
|        ( - -7.908e+04 2 0))
|    ( QUESTION17 -1 -1.078e+05 1.940e+02 4.846e+02
|        ( - -5.931e+04 3 0)
|        ( QUESTION16 -1 -4.834e+04 1.342e+02 2.179e+02
|            ( - -3.093e+03 2 0)
|            ( QUESTION4 -1 -4.511e+04 1.250e+02 2.033e+02
|                ( QUESTION8 -1 -4.282e+04 8.530e+01 1.933e+02
|                    ( - -3.029e+03 2 0)
|                    ( - -3.970e+04 1 0))
|                ( QUESTION12 -1 -2.170e+03 1.046e+02 1.000e+01
|                    ( - -1.025e+03 1 0)
|                    ( - -1.040e+03 1 0))))))
s>    ( QUESTION9 -1 -1.982e+05 2.014e+02 9.001e+02
s>        ( QUESTION2_11_L -1 -9.014e+04 1.372e+02 4.155e+02
s>            ( - -1.092e+04 1 0)
s>            ( - -7.908e+04 2 0))
s>        ( QUESTION17 -1 -1.078e+05 1.940e+02 4.846e+02
s>            ( - -5.931e+04 3 0)
s>            ( QUESTION16 -1 -4.834e+04 1.342e+02 2.179e+02
s>                ( - -3.093e+03 2 0)
s>                ( QUESTION4 -1 -4.511e+04 1.250e+02 2.033e+02
s>                    ( QUESTION8 -1 -4.282e+04 8.530e+01 1.933e+02
s>                        ( - -3.029e+03 2 0)
s>                        ( - -3.970e+04 1 0))
s>                    ( QUESTION12 -1 -2.170e+03 1.046e+02 1.000e+01
s>                        ( - -1.025e+03 1 0)
s>                        ( - -1.040e+03 1 0))))))INFO: dtree.c(1315): Comp split 25
INFO: dtree.c(1478): Final simple tree
|( WDBNDRY_B 0 -4.073e+04 2.357e+02 1.773e+02
|    ( QUESTION8 -1 -3.625e+04 1.525e+02 1.574e+02
|        ( - -4.947e+02 1 0)
|        ( QUESTION2_15_L -1 -3.560e+04 1.387e+02 1.544e+02
|            ( - -6.620e+03 3 0)
|            ( QUESTION7 -1 -2.884e+04 1.279e+02 1.254e+02
|                ( - -1.644e+03 2 0)
|                ( SILENCE -1 -2.707e+04 1.223e+02 1.174e+02
|                    ( - -1.948e+03 2 0)
|                    ( QUESTION0 -1 -2.500e+04 1.212e+02 1.084e+02
|                        ( QUESTION1 -1 -2.455e+04 8.803e+01 1.064e+02
|                            ( - -9.198e+03 6 0)
|                            ( - -1.526e+04 6 0))
|                        ( - -3.287e+02 1 0))))))
|    ( - -4.252e+03 1 0))
s>    ( WDBNDRY_B 0 -4.073e+04 2.357e+02 1.773e+02
s>        ( QUESTION8 -1 -3.625e+04 1.525e+02 1.574e+02
s>            ( - -4.947e+02 1 0)
s>            ( QUESTION2_15_L -1 -3.560e+04 1.387e+02 1.544e+02
s>                ( - -6.620e+03 3 0)
s>                ( QUESTION7 -1 -2.884e+04 1.279e+02 1.254e+02
s>                    ( - -1.644e+03 2 0)
s>                    ( SILENCE -1 -2.707e+04 1.223e+02 1.174e+02
s>                        ( - -1.948e+03 2 0)
s>                        ( QUESTION0 -1 -2.500e+04 1.212e+02 1.084e+02
s>                            ( QUESTION1 -1 -2.455e+04 8.803e+01 1.064e+02
s>                                ( - -9.198e+03 6 0)
s>                                ( - -1.526e+04 6 0))
s>                            ( - -3.287e+02 1 0))))))
s>        ( - -4.252e+03 1 0))INFO: dtree.c(1439): stop. leaf nodes are specific
INFO: dtree.c(1478): Final simple tree
|( WDBNDRY_B 0 -4.919e+04 1.750e+02 2.134e+02
|    ( - -3.407e+02 1 0)
|    ( - -4.868e+04 4 0))
s>    ( WDBNDRY_B 0 -4.919e+04 1.750e+02 2.134e+02
s>        ( - -3.407e+02 1 0)
s>        ( - -4.868e+04 4 0))INFO: dtree.c(1315): Comp split 26
INFO: dtree.c(1439): stop. leaf nodes are specific
INFO: dtree.c(1478): Final simple tree
|( QUESTION0 -1 -1.232e+04 1.356e+02 5.472e+01
|    ( - -1.165e+04 3 0)
|    ( - -5.324e+02 1 0))
s>    ( QUESTION0 -1 -1.232e+04 1.356e+02 5.472e+01
s>        ( - -1.165e+04 3 0)
s>        ( - -5.324e+02 1 0))INFO: dtree.c(1315): Comp split 27
INFO: dtree.c(1439): stop. leaf nodes are specific
INFO: dtree.c(1478): Final simple tree
|( QUESTION0 1 -8.792e+03 1.981e+02 3.800e+01
|    ( - -5.729e+03 5 0)
|    ( - -2.865e+03 2 0))
s>    ( QUESTION0 1 -8.792e+03 1.981e+02 3.800e+01
s>        ( - -5.729e+03 5 0)
s>        ( - -2.865e+03 2 0))INFO: dtree.c(1315): Comp split 28
INFO: dtree.c(1439): stop. leaf nodes are specific
INFO: dtree.c(1478): Final simple tree
|( SILENCE -1 -2.854e+04 2.591e+02 1.271e+02
|    ( - -1.090e+03 1 0)
|    ( QUESTION0 -1 -2.719e+04 1.691e+02 1.211e+02
|        ( QUESTION2_14_L -1 -1.877e+04 1.489e+02 8.327e+01
|            ( WDBNDRY_B 0 -1.583e+04 2.164e+02 7.027e+01
|                ( - -1.450e+04 1 0)
|                ( - -1.119e+03 1 0))
|            ( - -2.786e+03 1 0))
|        ( - -8.250e+03 2 0)))
s>    ( SILENCE -1 -2.854e+04 2.591e+02 1.271e+02
s>        ( - -1.090e+03 1 0)
s>        ( QUESTION0 -1 -2.719e+04 1.691e+02 1.211e+02
s>            ( QUESTION2_14_L -1 -1.877e+04 1.489e+02 8.327e+01
s>                ( WDBNDRY_B 0 -1.583e+04 2.164e+02 7.027e+01
s>                    ( - -1.450e+04 1 0)
s>                    ( - -1.119e+03 1 0))
s>                ( - -2.786e+03 1 0))
s>            ( - -8.250e+03 2 0)))INFO: dtree.c(1439): stop. leaf nodes are specific
INFO: dtree.c(1478): Final simple tree
|( QUESTION0 -1 -1.853e+05 1.752e+02 8.371e+02
|    ( - -2.022e+04 1 0)
|    ( - -1.649e+05 1 0))
s>    ( QUESTION0 -1 -1.853e+05 1.752e+02 8.371e+02
s>        ( - -2.022e+04 1 0)
s>        ( - -1.649e+05 1 0))INFO: dtree.c(1315): Comp split 29
INFO: dtree.c(1439): stop. leaf nodes are specific
INFO: dtree.c(1478): Final simple tree
|( QUESTION0 -1 -1.042e+04 1.178e+02 4.612e+01
|    ( QUESTION2_14_L -1 -7.669e+03 1.041e+02 3.407e+01
|        ( - -5.724e+02 1 0)
|        ( WDBNDRY_E 0 -6.993e+03 1.673e+02 3.107e+01
|            ( - -3.221e+02 1 0)
|            ( - -6.504e+03 2 0)))
|    ( - -2.637e+03 2 0))
s>    ( QUESTION0 -1 -1.042e+04 1.178e+02 4.612e+01
s>        ( QUESTION2_14_L -1 -7.669e+03 1.041e+02 3.407e+01
s>            ( - -5.724e+02 1 0)
s>            ( WDBNDRY_E 0 -6.993e+03 1.673e+02 3.107e+01
s>                ( - -3.221e+02 1 0)
s>                ( - -6.504e+03 2 0)))
s>        ( - -2.637e+03 2 0))INFO: dtree.c(1315): Comp split 30
INFO: dtree.c(1439): stop. leaf nodes are specific
INFO: dtree.c(1478): Final simple tree
|( QUESTION0 -1 -1.453e+05 1.208e+02 6.520e+02
|    ( - -1.385e+05 4 0)
|    ( QUESTION19 -1 -6.680e+03 9.749e+01 2.962e+01
|        ( - -5.677e+03 2 0)
|        ( - -9.057e+02 2 0)))
s>    ( QUESTION0 -1 -1.453e+05 1.208e+02 6.520e+02
s>        ( - -1.385e+05 4 0)
s>        ( QUESTION19 -1 -6.680e+03 9.749e+01 2.962e+01
s>            ( - -5.677e+03 2 0)
s>            ( - -9.057e+02 2 0)))INFO: dtree.c(1439): stop. leaf nodes are specific
INFO: dtree.c(1478): Final simple tree
|( QUESTION1 -1 -8.486e+04 1.415e+02 3.819e+02
|    ( - -8.306e+04 2 0)
|    ( - -1.651e+03 3 0))
s>    ( QUESTION1 -1 -8.486e+04 1.415e+02 3.819e+02
s>        ( - -8.306e+04 2 0)
s>        ( - -1.651e+03 3 0))INFO: dtree.c(1315): Comp split 31
INFO: dtree.c(1315): Comp split 32
INFO: dtree.c(1439): stop. leaf nodes are specific
INFO: dtree.c(1478): Final simple tree
|( QUESTION0 -1 -2.719e+04 1.691e+02 1.211e+02
|    ( QUESTION2_14_L -1 -1.877e+04 1.489e+02 8.327e+01
|        ( WDBNDRY_B 0 -1.583e+04 2.164e+02 7.027e+01
|            ( - -1.450e+04 1 0)
|            ( - -1.119e+03 1 0))
|        ( - -2.786e+03 1 0))
|    ( - -8.250e+03 2 0))
s>    ( QUESTION0 -1 -2.719e+04 1.691e+02 1.211e+02
s>        ( QUESTION2_14_L -1 -1.877e+04 1.489e+02 8.327e+01
s>            ( WDBNDRY_B 0 -1.583e+04 2.164e+02 7.027e+01
s>                ( - -1.450e+04 1 0)
s>                ( - -1.119e+03 1 0))
s>            ( - -2.786e+03 1 0))
s>        ( - -8.250e+03 2 0))INFO: dtree.c(1315): Comp split 33
INFO: dtree.c(1439): stop. leaf nodes are specific
INFO: dtree.c(1478): Final simple tree
|( QUESTION0 -1 -1.628e+05 1.710e+02 7.166e+02
|    ( QUESTION1 -1 -1.475e+05 1.419e+02 6.498e+02
|        ( WDBNDRY_E 0 -1.415e+05 1.211e+02 6.230e+02
|            ( - -1.209e+03 2 0)
|            ( - -1.402e+05 3 0))
|        ( - -5.822e+03 2 0))
|    ( QUESTION4 -1 -1.519e+04 1.185e+02 6.683e+01
|        ( - -1.429e+04 8 0)
|        ( - -7.785e+02 1 0)))
s>    ( QUESTION0 -1 -1.628e+05 1.710e+02 7.166e+02
s>        ( QUESTION1 -1 -1.475e+05 1.419e+02 6.498e+02
s>            ( WDBNDRY_E 0 -1.415e+05 1.211e+02 6.230e+02
s>                ( - -1.209e+03 2 0)
s>                ( - -1.402e+05 3 0))
s>            ( - -5.822e+03 2 0))
s>        ( QUESTION4 -1 -1.519e+04 1.185e+02 6.683e+01
s>            ( - -1.429e+04 8 0)
s>            ( - -7.785e+02 1 0)))INFO: dtree.c(1315): Comp split 34
INFO: dtree.c(1439): stop. leaf nodes are specific
INFO: dtree.c(1478): Final simple tree
|( QUESTION0 -1 -2.193e+05 1.576e+02 9.720e+02
|    ( - -2.185e+05 2 0)
|    ( - -5.812e+02 1 0))
s>    ( QUESTION0 -1 -2.193e+05 1.576e+02 9.720e+02
s>        ( - -2.185e+05 2 0)
s>        ( - -5.812e+02 1 0))INFO: dtree.c(1315): Comp split 35
INFO: dtree.c(1439): stop. leaf nodes are specific
INFO: dtree.c(1478): Final simple tree
|( QUESTION8 -1 -3.625e+04 1.525e+02 1.574e+02
|    ( - -4.947e+02 1 0)
|    ( QUESTION2_15_L -1 -3.560e+04 1.387e+02 1.544e+02
|        ( - -6.620e+03 3 0)
|        ( QUESTION7 -1 -2.884e+04 1.279e+02 1.254e+02
|            ( - -1.644e+03 2 0)
|            ( SILENCE -1 -2.707e+04 1.223e+02 1.174e+02
|                ( - -1.948e+03 2 0)
|                ( QUESTION0 -1 -2.500e+04 1.212e+02 1.084e+02
|                    ( QUESTION1 -1 -2.455e+04 8.803e+01 1.064e+02
|                        ( - -9.198e+03 6 0)
|                        ( - -1.526e+04 6 0))
|                    ( - -3.287e+02 1 0))))))
s>    ( QUESTION8 -1 -3.625e+04 1.525e+02 1.574e+02
s>        ( - -4.947e+02 1 0)
s>        ( QUESTION2_15_L -1 -3.560e+04 1.387e+02 1.544e+02
s>            ( - -6.620e+03 3 0)
s>            ( QUESTION7 -1 -2.884e+04 1.279e+02 1.254e+02
s>                ( - -1.644e+03 2 0)
s>                ( SILENCE -1 -2.707e+04 1.223e+02 1.174e+02
s>                    ( - -1.948e+03 2 0)
s>                    ( QUESTION0 -1 -2.500e+04 1.212e+02 1.084e+02
s>                        ( QUESTION1 -1 -2.455e+04 8.803e+01 1.064e+02
s>                            ( - -9.198e+03 6 0)
s>                            ( - -1.526e+04 6 0))
s>                        ( - -3.287e+02 1 0))))))INFO: dtree.c(1315): Comp split 36
INFO: dtree.c(1439): stop. leaf nodes are specific
INFO: dtree.c(1478): Final simple tree
|( QUESTION0 -1 -2.585e+04 1.704e+02 1.151e+02
|    ( WDBNDRY_B 0 -1.743e+04 1.456e+02 7.727e+01
|        ( - -1.450e+04 1 0)
|        ( - -2.786e+03 1 0))
|    ( - -8.250e+03 2 0))
s>    ( QUESTION0 -1 -2.585e+04 1.704e+02 1.151e+02
s>        ( WDBNDRY_B 0 -1.743e+04 1.456e+02 7.727e+01
s>            ( - -1.450e+04 1 0)
s>            ( - -2.786e+03 1 0))
s>        ( - -8.250e+03 2 0))INFO: dtree.c(1315): Comp split 37
INFO: dtree.c(1439): stop. leaf nodes are specific
INFO: dtree.c(1478): Final simple tree
|( WDBNDRY_E 0 -4.120e+05 1.843e+02 1.805e+03
|    ( - -7.185e+02 1 0)
|    ( - -4.111e+05 6 0))
s>    ( WDBNDRY_E 0 -4.120e+05 1.843e+02 1.805e+03
s>        ( - -7.185e+02 1 0)
s>        ( - -4.111e+05 6 0))INFO: dtree.c(1315): Comp split 38
INFO: dtree.c(1478): Final simple tree
|( QUESTION0_16_R 1 -1.514e+04 1.894e+02 6.655e+01
|    ( QUESTION1 -1 -6.381e+03 1.785e+02 2.850e+01
|        ( - -5.684e+03 2 0)
|        ( - -5.189e+02 1 0))
|    ( QUESTION1 -1 -8.570e+03 1.643e+02 3.805e+01
|        ( QUESTION0_14_R 1 -4.768e+03 1.480e+02 2.103e+01
|            ( - -6.215e+02 1 0)
|            ( SILENCE 1 -3.999e+03 1.553e+02 1.803e+01
|                ( - -1.196e+03 1 0)
|                ( QUESTION2_14_L -1 -2.647e+03 1.519e+02 1.200e+01
|                    ( - -3.253e+02 1 0)
|                    ( - -2.170e+03 2 0 WDBNDRY_E 0 1.203e+02 1.000e+01))))
|        ( SILENCE 1 -3.638e+03 1.686e+02 1.702e+01
|            ( - -2.492e+03 1 0)
|            ( - -9.774e+02 1 0))))
s>    ( QUESTION0_16_R 1 -1.514e+04 1.894e+02 6.655e+01
s>        ( QUESTION1 -1 -6.381e+03 1.785e+02 2.850e+01
s>            ( - -5.684e+03 2 0)
s>            ( - -5.189e+02 1 0))
s>        ( QUESTION1 -1 -8.570e+03 1.643e+02 3.805e+01
s>            ( QUESTION0_14_R 1 -4.768e+03 1.480e+02 2.103e+01
s>                ( - -6.215e+02 1 0)
s>                ( SILENCE 1 -3.999e+03 1.553e+02 1.803e+01
s>                    ( - -1.196e+03 1 0)
s>                    ( QUESTION2_14_L -1 -2.647e+03 1.519e+02 1.200e+01
s>                        ( - -3.253e+02 1 0)
s>                        ( - -2.170e+03 2 0 WDBNDRY_E 0 1.203e+02 1.000e+01))))
s>            ( SILENCE 1 -3.638e+03 1.686e+02 1.702e+01
s>                ( - -2.492e+03 1 0)
s>                ( - -9.774e+02 1 0))))INFO: dtree.c(1315): Comp split 39
INFO: dtree.c(1439): stop. leaf nodes are specific
INFO: dtree.c(1478): Final simple tree
|( QUESTION16 -1 -1.035e+05 1.952e+02 4.650e+02
|    ( - -5.931e+04 3 0)
|    ( QUESTION4 -1 -4.397e+04 1.150e+02 1.983e+02
|        ( QUESTION8 -1 -4.282e+04 8.530e+01 1.933e+02
|            ( - -3.029e+03 2 0)
|            ( - -3.970e+04 1 0))
|        ( - -1.040e+03 1 0)))
s>    ( QUESTION16 -1 -1.035e+05 1.952e+02 4.650e+02
s>        ( - -5.931e+04 3 0)
s>        ( QUESTION4 -1 -4.397e+04 1.150e+02 1.983e+02
s>            ( QUESTION8 -1 -4.282e+04 8.530e+01 1.933e+02
s>                ( - -3.029e+03 2 0)
s>                ( - -3.970e+04 1 0))
s>            ( - -1.040e+03 1 0)))INFO: dtree.c(1439): stop. leaf nodes are specific
INFO: dtree.c(1478): Final simple tree
|( QUESTION2_11_L -1 -9.449e+04 1.307e+02 4.351e+02
|    ( - -1.092e+04 1 0)
|    ( QUESTION16 -1 -8.344e+04 1.326e+02 3.850e+02
|        ( - -3.093e+03 2 0)
|        ( QUESTION4 -1 -8.022e+04 1.137e+02 3.704e+02
|            ( - -7.908e+04 2 0)
|            ( - -1.025e+03 1 0))))
s>    ( QUESTION2_11_L -1 -9.449e+04 1.307e+02 4.351e+02
s>        ( - -1.092e+04 1 0)
s>        ( QUESTION16 -1 -8.344e+04 1.326e+02 3.850e+02
s>            ( - -3.093e+03 2 0)
s>            ( QUESTION4 -1 -8.022e+04 1.137e+02 3.704e+02
s>                ( - -7.908e+04 2 0)
s>                ( - -1.025e+03 1 0))))INFO: dtree.c(1315): Comp split 40
INFO: dtree.c(1315): Comp split 41
INFO: dtree.c(1439): stop. leaf nodes are specific
INFO: dtree.c(1478): Final simple tree
|( QUESTION10 1 -5.450e+03 1.560e+02 2.505e+01
|    ( - -9.774e+02 1 0)
|    ( SILENCE 1 -4.316e+03 1.472e+02 2.005e+01
|        ( QUESTION1 -1 -3.844e+03 1.558e+02 1.805e+01
|            ( - -1.196e+03 1 0)
|            ( - -2.492e+03 1 0))
|        ( - -3.253e+02 1 0)))
s>    ( QUESTION10 1 -5.450e+03 1.560e+02 2.505e+01
s>        ( - -9.774e+02 1 0)
s>        ( SILENCE 1 -4.316e+03 1.472e+02 2.005e+01
s>            ( QUESTION1 -1 -3.844e+03 1.558e+02 1.805e+01
s>                ( - -1.196e+03 1 0)
s>                ( - -2.492e+03 1 0))
s>            ( - -3.253e+02 1 0)))INFO: dtree.c(1439): stop. leaf nodes are specific
INFO: dtree.c(1478): Final simple tree
|( QUESTION1 -1 -9.495e+03 1.767e+02 4.150e+01
|    ( QUESTION0_14_R 1 -8.800e+03 1.662e+02 3.850e+01
|        ( QUESTION0_15_R 1 -6.464e+03 1.586e+02 2.850e+01
|            ( - -6.215e+02 1 0)
|            ( - -5.684e+03 2 0))
|        ( WDBNDRY_E 0 -2.170e+03 1.203e+02 1.000e+01
|            ( - -1.535e+03 1 0)
|            ( - -5.148e+02 1 0)))
|    ( - -5.189e+02 1 0))
s>    ( QUESTION1 -1 -9.495e+03 1.767e+02 4.150e+01
s>        ( QUESTION0_14_R 1 -8.800e+03 1.662e+02 3.850e+01
s>            ( QUESTION0_15_R 1 -6.464e+03 1.586e+02 2.850e+01
s>                ( - -6.215e+02 1 0)
s>                ( - -5.684e+03 2 0))
s>            ( WDBNDRY_E 0 -2.170e+03 1.203e+02 1.000e+01
s>                ( - -1.535e+03 1 0)
s>                ( - -5.148e+02 1 0)))
s>        ( - -5.189e+02 1 0))INFO: dtree.c(1315): Comp split 42
INFO: dtree.c(1439): stop. leaf nodes are specific
INFO: dtree.c(1478): Final simple tree
|( QUESTION4 -1 -4.397e+04 1.150e+02 1.983e+02
|    ( QUESTION8 -1 -4.282e+04 8.530e+01 1.933e+02
|        ( - -3.029e+03 2 0)
|        ( - -3.970e+04 1 0))
|    ( - -1.040e+03 1 0))
s>    ( QUESTION4 -1 -4.397e+04 1.150e+02 1.983e+02
s>        ( QUESTION8 -1 -4.282e+04 8.530e+01 1.933e+02
s>            ( - -3.029e+03 2 0)
s>            ( - -3.970e+04 1 0))
s>        ( - -1.040e+03 1 0))INFO: dtree.c(1315): Comp split 43
INFO: dtree.c(1478): Final simple tree
|( WDBNDRY_B 0 -1.413e+04 1.339e+02 6.034e+01
|    ( QUESTION7 -1 -9.176e+03 1.146e+02 3.935e+01
|        ( - -9.070e+02 2 0)
|        ( QUESTION4 -1 -8.155e+03 1.151e+02 3.535e+01
|            ( - -1.032e+03 1 0)
|            ( QUESTION20 -1 -7.008e+03 1.054e+02 3.035e+01
|                ( - -1.128e+03 1 0)
|                ( QUESTION0 -1 -5.774e+03 8.564e+01 2.535e+01
|                    ( - -4.234e+03 1 0)
|                    ( - -1.454e+03 1 0)))))
|    ( QUESTION2_14_L -1 -4.816e+03 1.388e+02 2.099e+01
|        ( - -3.157e+02 1 0)
|        ( WDBNDRY_E 0 -4.361e+03 1.140e+02 1.899e+01
|            ( - -1.142e+03 2 0)
|            ( - -3.106e+03 1 0))))
s>    ( WDBNDRY_B 0 -1.413e+04 1.339e+02 6.034e+01
s>        ( QUESTION7 -1 -9.176e+03 1.146e+02 3.935e+01
s>            ( - -9.070e+02 2 0)
s>            ( QUESTION4 -1 -8.155e+03 1.151e+02 3.535e+01
s>                ( - -1.032e+03 1 0)
s>                ( QUESTION20 -1 -7.008e+03 1.054e+02 3.035e+01
s>                    ( - -1.128e+03 1 0)
s>                    ( QUESTION0 -1 -5.774e+03 8.564e+01 2.535e+01
s>                        ( - -4.234e+03 1 0)
s>                        ( - -1.454e+03 1 0)))))
s>        ( QUESTION2_14_L -1 -4.816e+03 1.388e+02 2.099e+01
s>            ( - -3.157e+02 1 0)
s>            ( WDBNDRY_E 0 -4.361e+03 1.140e+02 1.899e+01
s>                ( - -1.142e+03 2 0)
s>                ( - -3.106e+03 1 0))))INFO: dtree.c(1439): stop. leaf nodes are specific
INFO: dtree.c(1478): Final simple tree
|( QUESTION2 -1 -1.742e+04 1.317e+02 7.723e+01
|    ( - -1.312e+04 2 0)
|    ( SILENCE -1 -4.169e+03 1.095e+02 1.871e+01
|        ( - -1.045e+03 1 0)
|        ( - -3.015e+03 2 0)))
s>    ( QUESTION2 -1 -1.742e+04 1.317e+02 7.723e+01
s>        ( - -1.312e+04 2 0)
s>        ( SILENCE -1 -4.169e+03 1.095e+02 1.871e+01
s>            ( - -1.045e+03 1 0)
s>            ( - -3.015e+03 2 0)))INFO: dtree.c(1315): Comp split 44
INFO: dtree.c(1315): Comp split 45
INFO: dtree.c(1439): stop. leaf nodes are specific
INFO: dtree.c(1478): Final simple tree
|( QUESTION0_14_R 1 -8.800e+03 1.662e+02 3.850e+01
|    ( QUESTION0_15_R 1 -6.464e+03 1.586e+02 2.850e+01
|        ( - -6.215e+02 1 0)
|        ( - -5.684e+03 2 0))
|    ( WDBNDRY_E 0 -2.170e+03 1.203e+02 1.000e+01
|        ( - -1.535e+03 1 0)
|        ( - -5.148e+02 1 0)))
s>    ( QUESTION0_14_R 1 -8.800e+03 1.662e+02 3.850e+01
s>        ( QUESTION0_15_R 1 -6.464e+03 1.586e+02 2.850e+01
s>            ( - -6.215e+02 1 0)
s>            ( - -5.684e+03 2 0))
s>        ( WDBNDRY_E 0 -2.170e+03 1.203e+02 1.000e+01
s>            ( - -1.535e+03 1 0)
s>            ( - -5.148e+02 1 0)))INFO: dtree.c(1315): Comp split 46
INFO: dtree.c(1315): Comp split 47
INFO: dtree.c(1315): Comp split 48
INFO: dtree.c(1439): stop. leaf nodes are specific
INFO: dtree.c(1478): Final simple tree
|( QUESTION1 -1 -1.475e+05 1.419e+02 6.498e+02
|    ( WDBNDRY_E 0 -1.415e+05 1.211e+02 6.230e+02
|        ( - -1.209e+03 2 0)
|        ( - -1.402e+05 3 0))
|    ( - -5.822e+03 2 0))
s>    ( QUESTION1 -1 -1.475e+05 1.419e+02 6.498e+02
s>        ( WDBNDRY_E 0 -1.415e+05 1.211e+02 6.230e+02
s>            ( - -1.209e+03 2 0)
s>            ( - -1.402e+05 3 0))
s>        ( - -5.822e+03 2 0))INFO: dtree.c(1439): stop. leaf nodes are specific
INFO: dtree.c(1478): Final simple tree
|( QUESTION4 -1 -1.519e+04 1.185e+02 6.683e+01
|    ( - -1.429e+04 8 0)
|    ( - -7.785e+02 1 0))
s>    ( QUESTION4 -1 -1.519e+04 1.185e+02 6.683e+01
s>        ( - -1.429e+04 8 0)
s>        ( - -7.785e+02 1 0))INFO: dtree.c(1315): Comp split 49
INFO: dtree.c(1439): stop. leaf nodes are specific
INFO: dtree.c(1478): Final simple tree
|( WDBNDRY_B 0 -1.743e+04 1.456e+02 7.727e+01
|    ( - -1.450e+04 1 0)
|    ( - -2.786e+03 1 0))
s>    ( WDBNDRY_B 0 -1.743e+04 1.456e+02 7.727e+01
s>        ( - -1.450e+04 1 0)
s>        ( - -2.786e+03 1 0))INFO: dtree.c(1315): Comp split 50
INFO: dtree.c(1439): stop. leaf nodes are specific
INFO: dtree.c(1478): Final simple tree
|( WDBNDRY_E 0 -2.170e+03 1.203e+02 1.000e+01
|    ( - -1.535e+03 1 0)
|    ( - -5.148e+02 1 0))
s>    ( WDBNDRY_E 0 -2.170e+03 1.203e+02 1.000e+01
s>        ( - -1.535e+03 1 0)
s>        ( - -5.148e+02 1 0))INFO: dtree.c(1439): stop. leaf nodes are specific
INFO: dtree.c(1478): Final simple tree
|( QUESTION0_15_R 1 -6.464e+03 1.586e+02 2.850e+01
|    ( - -6.215e+02 1 0)
|    ( - -5.684e+03 2 0))
s>    ( QUESTION0_15_R 1 -6.464e+03 1.586e+02 2.850e+01
s>        ( - -6.215e+02 1 0)
s>        ( - -5.684e+03 2 0))INFO: dtree.c(1315): Comp split 51
INFO: dtree.c(1439): stop. leaf nodes are specific
INFO: dtree.c(1478): Final simple tree
|( QUESTION0 -1 -2.215e+05 1.314e+02 9.827e+02
|    ( - -2.210e+05 6 0)
|    ( - -3.116e+02 1 0))
s>    ( QUESTION0 -1 -2.215e+05 1.314e+02 9.827e+02
s>        ( - -2.210e+05 6 0)
s>        ( - -3.116e+02 1 0))INFO: dtree.c(1315): Comp split 52
INFO: dtree.c(1439): stop. leaf nodes are specific
INFO: dtree.c(1478): Final simple tree
|( QUESTION0 -1 -9.938e+03 1.210e+02 4.412e+01
|    ( WDBNDRY_E 0 -7.180e+03 1.041e+02 3.207e+01
|        ( - -5.724e+02 1 0)
|        ( - -6.504e+03 2 0))
|    ( - -2.637e+03 2 0))
s>    ( QUESTION0 -1 -9.938e+03 1.210e+02 4.412e+01
s>        ( WDBNDRY_E 0 -7.180e+03 1.041e+02 3.207e+01
s>            ( - -5.724e+02 1 0)
s>            ( - -6.504e+03 2 0))
s>        ( - -2.637e+03 2 0))INFO: dtree.c(1315): Comp split 53
INFO: dtree.c(1439): stop. leaf nodes are specific
INFO: dtree.c(1478): Final simple tree
|( QUESTION4 -1 -8.022e+04 1.137e+02 3.704e+02
|    ( - -7.908e+04 2 0)
|    ( - -1.025e+03 1 0))
s>    ( QUESTION4 -1 -8.022e+04 1.137e+02 3.704e+02
s>        ( - -7.908e+04 2 0)
s>        ( - -1.025e+03 1 0))INFO: dtree.c(1439): stop. leaf nodes are specific
INFO: dtree.c(1478): Final simple tree
|( QUESTION4 -1 -1.411e+04 1.020e+02 6.476e+01
|    ( - -1.092e+04 1 0)
|    ( - -3.093e+03 2 0))
s>    ( QUESTION4 -1 -1.411e+04 1.020e+02 6.476e+01
s>        ( - -1.092e+04 1 0)
s>        ( - -3.093e+03 2 0))INFO: dtree.c(1315): Comp split 54
INFO: dtree.c(1315): Comp split 55
INFO: dtree.c(1315): Comp split 56
INFO: dtree.c(1439): stop. leaf nodes are specific
INFO: dtree.c(1478): Final simple tree
|( SILENCE 1 -4.316e+03 1.472e+02 2.005e+01
|    ( QUESTION1 -1 -3.844e+03 1.558e+02 1.805e+01
|        ( - -1.196e+03 1 0)
|        ( - -2.492e+03 1 0))
|    ( - -3.253e+02 1 0))
s>    ( SILENCE 1 -4.316e+03 1.472e+02 2.005e+01
s>        ( QUESTION1 -1 -3.844e+03 1.558e+02 1.805e+01
s>            ( - -1.196e+03 1 0)
s>            ( - -2.492e+03 1 0))
s>        ( - -3.253e+02 1 0))INFO: dtree.c(1315): Comp split 57
INFO: dtree.c(1439): stop. leaf nodes are specific
INFO: dtree.c(1478): Final simple tree
|( QUESTION2_15_L -1 -3.560e+04 1.387e+02 1.544e+02
|    ( - -6.620e+03 3 0)
|    ( QUESTION7 -1 -2.884e+04 1.279e+02 1.254e+02
|        ( - -1.644e+03 2 0)
|        ( SILENCE -1 -2.707e+04 1.223e+02 1.174e+02
|            ( - -1.948e+03 2 0)
|            ( QUESTION0 -1 -2.500e+04 1.212e+02 1.084e+02
|                ( QUESTION1 -1 -2.455e+04 8.803e+01 1.064e+02
|                    ( - -9.198e+03 6 0)
|                    ( - -1.526e+04 6 0))
|                ( - -3.287e+02 1 0)))))
s>    ( QUESTION2_15_L -1 -3.560e+04 1.387e+02 1.544e+02
s>        ( - -6.620e+03 3 0)
s>        ( QUESTION7 -1 -2.884e+04 1.279e+02 1.254e+02
s>            ( - -1.644e+03 2 0)
s>            ( SILENCE -1 -2.707e+04 1.223e+02 1.174e+02
s>                ( - -1.948e+03 2 0)
s>                ( QUESTION0 -1 -2.500e+04 1.212e+02 1.084e+02
s>                    ( QUESTION1 -1 -2.455e+04 8.803e+01 1.064e+02
s>                        ( - -9.198e+03 6 0)
s>                        ( - -1.526e+04 6 0))
s>                    ( - -3.287e+02 1 0)))))INFO: dtree.c(1315): Comp split 58
INFO: dtree.c(1439): stop. leaf nodes are specific
INFO: dtree.c(1478): Final simple tree
|( QUESTION4 -1 -9.410e+03 1.176e+02 4.035e+01
|    ( - -1.032e+03 1 0)
|    ( WDBNDRY_B 0 -8.260e+03 1.108e+02 3.535e+01
|        ( QUESTION20 -1 -7.008e+03 1.054e+02 3.035e+01
|            ( - -1.128e+03 1 0)
|            ( QUESTION0 -1 -5.774e+03 8.564e+01 2.535e+01
|                ( - -4.234e+03 1 0)
|                ( - -1.454e+03 1 0)))
|        ( - -1.142e+03 2 0)))
s>    ( QUESTION4 -1 -9.410e+03 1.176e+02 4.035e+01
s>        ( - -1.032e+03 1 0)
s>        ( WDBNDRY_B 0 -8.260e+03 1.108e+02 3.535e+01
s>            ( QUESTION20 -1 -7.008e+03 1.054e+02 3.035e+01
s>                ( - -1.128e+03 1 0)
s>                ( QUESTION0 -1 -5.774e+03 8.564e+01 2.535e+01
s>                    ( - -4.234e+03 1 0)
s>                    ( - -1.454e+03 1 0)))
s>            ( - -1.142e+03 2 0)))INFO: dtree.c(1439): stop. leaf nodes are specific
INFO: dtree.c(1478): Final simple tree
|( WDBNDRY_E 0 -4.565e+03 1.404e+02 1.999e+01
|    ( - -3.157e+02 1 0)
|    ( WDBNDRY_B 0 -4.109e+03 9.592e+01 1.799e+01
|        ( - -9.070e+02 2 0)
|        ( - -3.106e+03 1 0)))
s>    ( WDBNDRY_E 0 -4.565e+03 1.404e+02 1.999e+01
s>        ( - -3.157e+02 1 0)
s>        ( WDBNDRY_B 0 -4.109e+03 9.592e+01 1.799e+01
s>            ( - -9.070e+02 2 0)
s>            ( - -3.106e+03 1 0)))INFO: dtree.c(1315): Comp split 59
INFO: dtree.c(1439): stop. leaf nodes are specific
INFO: dtree.c(1478): Final simple tree
|( WDBNDRY_E 0 -7.143e+03 1.128e+02 3.280e+01
|    ( - -1.209e+03 2 0)
|    ( - -5.822e+03 2 0))
s>    ( WDBNDRY_E 0 -7.143e+03 1.128e+02 3.280e+01
s>        ( - -1.209e+03 2 0)
s>        ( - -5.822e+03 2 0))INFO: dtree.c(1315): Comp split 60
INFO: dtree.c(1439): stop. leaf nodes are specific
INFO: dtree.c(1478): Final simple tree
|( QUESTION1 -1 -3.844e+03 1.558e+02 1.805e+01
|    ( - -1.196e+03 1 0)
|    ( - -2.492e+03 1 0))
s>    ( QUESTION1 -1 -3.844e+03 1.558e+02 1.805e+01
s>        ( - -1.196e+03 1 0)
s>        ( - -2.492e+03 1 0))INFO: dtree.c(1315): Comp split 61
INFO: dtree.c(1315): Comp split 62
INFO: dtree.c(1315): Comp split 63
INFO: dtree.c(1439): stop. leaf nodes are specific
INFO: dtree.c(1478): Final simple tree
|( QUESTION0 -1 -7.064e+03 1.161e+02 3.105e+01
|    ( - -6.620e+03 3 0)
|    ( - -3.287e+02 1 0))
s>    ( QUESTION0 -1 -7.064e+03 1.161e+02 3.105e+01
s>        ( - -6.620e+03 3 0)
s>        ( - -3.287e+02 1 0))INFO: dtree.c(1439): stop. leaf nodes are specific
INFO: dtree.c(1478): Final simple tree
|( QUESTION3 -1 -2.839e+04 1.276e+02 1.234e+02
|    ( - -1.644e+03 2 0)
|    ( SILENCE -1 -2.662e+04 1.227e+02 1.154e+02
|        ( - -1.948e+03 2 0)
|        ( QUESTION1 -1 -2.455e+04 8.803e+01 1.064e+02
|            ( - -9.198e+03 6 0)
|            ( - -1.526e+04 6 0))))
s>    ( QUESTION3 -1 -2.839e+04 1.276e+02 1.234e+02
s>        ( - -1.644e+03 2 0)
s>        ( SILENCE -1 -2.662e+04 1.227e+02 1.154e+02
s>            ( - -1.948e+03 2 0)
s>            ( QUESTION1 -1 -2.455e+04 8.803e+01 1.064e+02
s>                ( - -9.198e+03 6 0)
s>                ( - -1.526e+04 6 0))))INFO: dtree.c(1315): Comp split 64
INFO: dtree.c(1315): Comp split 65
INFO: dtree.c(1439): stop. leaf nodes are specific
INFO: dtree.c(1478): Final simple tree
|( WDBNDRY_B 0 -4.109e+03 9.592e+01 1.799e+01
|    ( - -9.070e+02 2 0)
|    ( - -3.106e+03 1 0))
s>    ( WDBNDRY_B 0 -4.109e+03 9.592e+01 1.799e+01
s>        ( - -9.070e+02 2 0)
s>        ( - -3.106e+03 1 0))INFO: dtree.c(1315): Comp split 66
INFO: dtree.c(1315): Comp split 67
INFO: dtree.c(1439): stop. leaf nodes are specific
INFO: dtree.c(1478): Final simple tree
|( SILENCE -1 -4.169e+03 1.095e+02 1.871e+01
|    ( - -1.045e+03 1 0)
|    ( - -3.015e+03 2 0))
s>    ( SILENCE -1 -4.169e+03 1.095e+02 1.871e+01
s>        ( - -1.045e+03 1 0)
s>        ( - -3.015e+03 2 0))INFO: dtree.c(1315): Comp split 68
INFO: dtree.c(1315): Comp split 69
INFO: dtree.c(1439): stop. leaf nodes are specific
INFO: dtree.c(1478): Final simple tree
|( SILENCE -1 -2.662e+04 1.227e+02 1.154e+02
|    ( - -1.948e+03 2 0)
|    ( QUESTION1 -1 -2.455e+04 8.803e+01 1.064e+02
|        ( - -9.198e+03 6 0)
|        ( - -1.526e+04 6 0)))
s>    ( SILENCE -1 -2.662e+04 1.227e+02 1.154e+02
s>        ( - -1.948e+03 2 0)
s>        ( QUESTION1 -1 -2.455e+04 8.803e+01 1.064e+02
s>            ( - -9.198e+03 6 0)
s>            ( - -1.526e+04 6 0)))INFO: dtree.c(1315): Comp split 70
INFO: dtree.c(1439): stop. leaf nodes are specific
INFO: dtree.c(1478): Final simple tree
|( QUESTION1 -1 -2.455e+04 8.803e+01 1.064e+02
|    ( - -9.198e+03 6 0)
|    ( - -1.526e+04 6 0))
s>    ( QUESTION1 -1 -2.455e+04 8.803e+01 1.064e+02
s>        ( - -9.198e+03 6 0)
s>        ( - -1.526e+04 6 0))INFO: dtree.c(1315): Comp split 71
INFO: dtree.c(1439): stop. leaf nodes are specific
INFO: dtree.c(1478): Final simple tree
|( WDBNDRY_E 0 -7.180e+03 1.041e+02 3.207e+01
|    ( - -5.724e+02 1 0)
|    ( - -6.504e+03 2 0))
s>    ( WDBNDRY_E 0 -7.180e+03 1.041e+02 3.207e+01
s>        ( - -5.724e+02 1 0)
s>        ( - -6.504e+03 2 0))INFO: dtree.c(1315): Comp split 72
INFO: dtree.c(1439): stop. leaf nodes are specific
INFO: dtree.c(1478): Final simple tree
|( QUESTION19 -1 -6.680e+03 9.749e+01 2.962e+01
|    ( - -5.677e+03 2 0)
|    ( - -9.057e+02 2 0))
s>    ( QUESTION19 -1 -6.680e+03 9.749e+01 2.962e+01
s>        ( - -5.677e+03 2 0)
s>        ( - -9.057e+02 2 0))INFO: dtree.c(1315): Comp split 73
INFO: dtree.c(1315): Comp split 74
INFO: dtree.c(1315): Comp split 75
INFO: dtree.c(1439): stop. leaf nodes are specific
INFO: dtree.c(1478): Final simple tree
|( WDBNDRY_B 0 -8.260e+03 1.108e+02 3.535e+01
|    ( QUESTION20 -1 -7.008e+03 1.054e+02 3.035e+01
|        ( - -1.128e+03 1 0)
|        ( QUESTION0 -1 -5.774e+03 8.564e+01 2.535e+01
|            ( - -4.234e+03 1 0)
|            ( - -1.454e+03 1 0)))
|    ( - -1.142e+03 2 0))
s>    ( WDBNDRY_B 0 -8.260e+03 1.108e+02 3.535e+01
s>        ( QUESTION20 -1 -7.008e+03 1.054e+02 3.035e+01
s>            ( - -1.128e+03 1 0)
s>            ( QUESTION0 -1 -5.774e+03 8.564e+01 2.535e+01
s>                ( - -4.234e+03 1 0)
s>                ( - -1.454e+03 1 0)))
s>        ( - -1.142e+03 2 0))INFO: dtree.c(1315): Comp split 76
INFO: dtree.c(1315): Comp split 77
INFO: dtree.c(1439): stop. leaf nodes are specific
INFO: dtree.c(1478): Final simple tree
|( QUESTION8 -1 -4.282e+04 8.530e+01 1.933e+02
|    ( - -3.029e+03 2 0)
|    ( - -3.970e+04 1 0))
s>    ( QUESTION8 -1 -4.282e+04 8.530e+01 1.933e+02
s>        ( - -3.029e+03 2 0)
s>        ( - -3.970e+04 1 0))INFO: dtree.c(1315): Comp split 78
INFO: dtree.c(1315): Comp split 79
INFO: dtree.c(1315): Comp split 80
INFO: dtree.c(1439): stop. leaf nodes are specific
INFO: dtree.c(1478): Final simple tree
|( QUESTION20 -1 -7.008e+03 1.054e+02 3.035e+01
|    ( - -1.128e+03 1 0)
|    ( QUESTION0 -1 -5.774e+03 8.564e+01 2.535e+01
|        ( - -4.234e+03 1 0)
|        ( - -1.454e+03 1 0)))
s>    ( QUESTION20 -1 -7.008e+03 1.054e+02 3.035e+01
s>        ( - -1.128e+03 1 0)
s>        ( QUESTION0 -1 -5.774e+03 8.564e+01 2.535e+01
s>            ( - -4.234e+03 1 0)
s>            ( - -1.454e+03 1 0)))INFO: dtree.c(1315): Comp split 81
INFO: dtree.c(1315): Comp split 82
INFO: dtree.c(1439): stop. leaf nodes are specific
INFO: dtree.c(1478): Final simple tree
|( QUESTION0 -1 -5.774e+03 8.564e+01 2.535e+01
|    ( - -4.234e+03 1 0)
|    ( - -1.454e+03 1 0))
s>    ( QUESTION0 -1 -5.774e+03 8.564e+01 2.535e+01
s>        ( - -4.234e+03 1 0)
s>        ( - -1.454e+03 1 0))INFO: dtree.c(1315): Comp split 83
INFO: dtree.c(1315): Comp split 84
INFO: dtree.c(1315): Comp split 85
INFO: dtree.c(1315): Comp split 86
INFO: dtree.c(1315): Comp split 87
INFO: dtree.c(1315): Comp split 88
INFO: dtree.c(1315): Comp split 89
INFO: dtree.c(1315): Comp split 90
INFO: dtree.c(1315): Comp split 91
INFO: dtree.c(1318): stop. leaf nodes are specific
Tue Apr  4 21:12:42 2023
