Current configuration:
[NAME]		[DEFLT]	[VALUE]
-allphones	no	no
-cntthresh	0.00001	1.000000e-05
-csplitmax	100	2000
-csplitmin	1	1
-csplitthr	8e-4	0.000000e+00
-example	no	no
-fullvar	no	no
-help		no	no
-meanfn			/home/lucija/Documents/Zadnji semestar/ROGJ/Prezentacije/CMUspinx/tutorial/model_parameters/my_db.cd_cont_untied/means
-mixwfn			/home/lucija/Documents/Zadnji semestar/ROGJ/Prezentacije/CMUspinx/tutorial/model_parameters/my_db.cd_cont_untied/mixture_weights
-moddeffn		/home/lucija/Documents/Zadnji semestar/ROGJ/Prezentacije/CMUspinx/tutorial/model_architecture/my_db.untied.mdef
-mwfloor	1e-4	1.000000e-08
-phone			l
-psetfn			/home/lucija/Documents/Zadnji semestar/ROGJ/Prezentacije/CMUspinx/tutorial/model_architecture/my_db.tree_questions
-ssplitmax	5	7
-ssplitmin	1	1
-ssplitthr	8e-4	0.000000e+00
-state			0
-stwt			1.0,0.05,0.0,
-treefn			/home/lucija/Documents/Zadnji semestar/ROGJ/Prezentacije/CMUspinx/tutorial/trees/my_db.unpruned/l-0.dtree
-ts2cbfn	.semi.	.cont.
-varfloor	0.00001	1.000000e-05
-varfn			/home/lucija/Documents/Zadnji semestar/ROGJ/Prezentacije/CMUspinx/tutorial/model_parameters/my_db.cd_cont_untied/variances

INFO: main.c(223): Reading: /home/lucija/Documents/Zadnji semestar/ROGJ/Prezentacije/CMUspinx/tutorial/model_architecture/my_db.untied.mdef
INFO: model_def_io.c(573): Model definition info:
INFO: model_def_io.c(574): 10256 total models defined (32 base, 10224 tri)
INFO: model_def_io.c(575): 41024 total states
INFO: model_def_io.c(576): 30768 total tied states
INFO: model_def_io.c(577): 96 total tied CI states
INFO: model_def_io.c(578): 32 total tied transition matrices
INFO: model_def_io.c(579): 4 max state/model
INFO: model_def_io.c(580): 4 min state/model
INFO: main.c(242): Building trees for [l NOISE a b] through [l š o i]
INFO: main.c(268): Covering states |[14868 15437]| == 570
INFO: main.c(275): Reading: /home/lucija/Documents/Zadnji semestar/ROGJ/Prezentacije/CMUspinx/tutorial/model_parameters/my_db.cd_cont_untied/mixture_weights
INFO: s3mixw_io.c(172): Read /home/lucija/Documents/Zadnji semestar/ROGJ/Prezentacije/CMUspinx/tutorial/model_parameters/my_db.cd_cont_untied/mixture_weights [570x1x1 array]
INFO: main.c(311): 189 of 190 models have observation count greater than 0.000010
INFO: main.c(95): nrm stwt: 0.952 0.048 0.000 
INFO: s3gau_io.c(168): Read /home/lucija/Documents/Zadnji semestar/ROGJ/Prezentacije/CMUspinx/tutorial/model_parameters/my_db.cd_cont_untied/means [30768x1x1 array]
INFO: s3gau_io.c(168): Read /home/lucija/Documents/Zadnji semestar/ROGJ/Prezentacije/CMUspinx/tutorial/model_parameters/my_db.cd_cont_untied/variances [30768x1x1 array]
INFO: main.c(549): Reading: /home/lucija/Documents/Zadnji semestar/ROGJ/Prezentacije/CMUspinx/tutorial/model_architecture/my_db.tree_questions
INFO: main.c(587): 180 total simple questions (172 phone; 8 word bndry)
INFO: main.c(589): 42 Left Only questions, and 42 Right Only questions
INFO: dtree.c(1478): Final simple tree
|( QUESTION0 -1 -3.888e+06 3.447e+04 1.688e+04
|    ( QUESTION0 1 -1.902e+06 3.122e+03 8.418e+03
|        ( WDBNDRY_I 0 -1.705e+06 2.300e+03 7.549e+03
|            ( - -1.575e+06 27 0 QUESTION2_0_L -1 2.712e+02 6.996e+03)
|            ( - -1.276e+05 26 0 QUESTION2_0_L -1 1.473e+02 5.530e+02))
|        ( - -1.936e+05 57 0 QUESTION0_10_R 1 1.060e+03 8.694e+02))
|    ( QUESTION4 -1 -1.952e+06 1.950e+04 8.462e+03
|        ( - -7.752e+05 18 0 QUESTION5 -1 5.630e+02 3.453e+03)
|        ( QUESTION16 -1 -1.157e+06 5.744e+03 5.010e+03
|            ( - -6.688e+05 16 0 QUESTION17 -1 3.361e+02 2.907e+03)
|            ( QUESTION2_17_L -1 -4.827e+05 2.700e+03 2.103e+03
|                ( - -1.994e+05 6 0 WDBNDRY_B 0 4.475e+02 8.746e+02)
|                ( QUESTION15 -1 -2.806e+05 1.777e+03 1.228e+03
|                    ( - -1.586e+05 17 0 QUESTION19 -1 6.413e+02 6.983e+02)
|                    ( - -1.202e+05 22 0 WDBNDRY_B 0 4.387e+02 5.298e+02))))))
s>    ( QUESTION0 -1 -3.888e+06 3.447e+04 1.688e+04
s>        ( QUESTION0 1 -1.902e+06 3.122e+03 8.418e+03
s>            ( WDBNDRY_I 0 -1.705e+06 2.300e+03 7.549e+03
s>                ( - -1.575e+06 27 0 QUESTION2_0_L -1 2.712e+02 6.996e+03)
s>                ( - -1.276e+05 26 0 QUESTION2_0_L -1 1.473e+02 5.530e+02))
s>            ( - -1.936e+05 57 0 QUESTION0_10_R 1 1.060e+03 8.694e+02))
s>        ( QUESTION4 -1 -1.952e+06 1.950e+04 8.462e+03
s>            ( - -7.752e+05 18 0 QUESTION5 -1 5.630e+02 3.453e+03)
s>            ( QUESTION16 -1 -1.157e+06 5.744e+03 5.010e+03
s>                ( - -6.688e+05 16 0 QUESTION17 -1 3.361e+02 2.907e+03)
s>                ( QUESTION2_17_L -1 -4.827e+05 2.700e+03 2.103e+03
s>                    ( - -1.994e+05 6 0 WDBNDRY_B 0 4.475e+02 8.746e+02)
s>                    ( QUESTION15 -1 -2.806e+05 1.777e+03 1.228e+03
s>                        ( - -1.586e+05 17 0 QUESTION19 -1 6.413e+02 6.983e+02)
s>                        ( - -1.202e+05 22 0 WDBNDRY_B 0 4.387e+02 5.298e+02))))))INFO: dtree.c(1315): Comp split 0
INFO: dtree.c(1478): Final simple tree
|( QUESTION4 -1 -1.952e+06 1.950e+04 8.462e+03
|    ( QUESTION5 -1 -7.752e+05 5.630e+02 3.453e+03
|        ( - -1.301e+04 6 0 QUESTION6 -1 2.686e+02 6.052e+01)
|        ( QUESTION2_14_L -1 -7.616e+05 4.585e+02 3.392e+03
|            ( - -7.484e+05 8 0 QUESTION11 -1 1.545e+02 3.335e+03)
|            ( - -1.273e+04 4 0 WDBNDRY_B 0 1.447e+02 5.729e+01)))
|    ( QUESTION16 -1 -1.157e+06 5.744e+03 5.010e+03
|        ( - -6.688e+05 16 0 QUESTION17 -1 3.361e+02 2.907e+03)
|        ( QUESTION2_17_L -1 -4.827e+05 2.700e+03 2.103e+03
|            ( - -1.994e+05 6 0 WDBNDRY_B 0 4.475e+02 8.746e+02)
|            ( QUESTION15 -1 -2.806e+05 1.777e+03 1.228e+03
|                ( QUESTION19 -1 -1.586e+05 6.413e+02 6.983e+02
|                    ( - -3.567e+04 8 0 WDBNDRY_B 0 9.737e+01 1.559e+02)
|                    ( - -1.223e+05 9 0 WDBNDRY_B 0 1.235e+02 5.424e+02))
|                ( - -1.202e+05 22 0 WDBNDRY_B 0 4.387e+02 5.298e+02)))))
s>    ( QUESTION4 -1 -1.952e+06 1.950e+04 8.462e+03
s>        ( QUESTION5 -1 -7.752e+05 5.630e+02 3.453e+03
s>            ( - -1.301e+04 6 0 QUESTION6 -1 2.686e+02 6.052e+01)
s>            ( QUESTION2_14_L -1 -7.616e+05 4.585e+02 3.392e+03
s>                ( - -7.484e+05 8 0 QUESTION11 -1 1.545e+02 3.335e+03)
s>                ( - -1.273e+04 4 0 WDBNDRY_B 0 1.447e+02 5.729e+01)))
s>        ( QUESTION16 -1 -1.157e+06 5.744e+03 5.010e+03
s>            ( - -6.688e+05 16 0 QUESTION17 -1 3.361e+02 2.907e+03)
s>            ( QUESTION2_17_L -1 -4.827e+05 2.700e+03 2.103e+03
s>                ( - -1.994e+05 6 0 WDBNDRY_B 0 4.475e+02 8.746e+02)
s>                ( QUESTION15 -1 -2.806e+05 1.777e+03 1.228e+03
s>                    ( QUESTION19 -1 -1.586e+05 6.413e+02 6.983e+02
s>                        ( - -3.567e+04 8 0 WDBNDRY_B 0 9.737e+01 1.559e+02)
s>                        ( - -1.223e+05 9 0 WDBNDRY_B 0 1.235e+02 5.424e+02))
s>                    ( - -1.202e+05 22 0 WDBNDRY_B 0 4.387e+02 5.298e+02)))))INFO: dtree.c(1478): Final simple tree
|( QUESTION0 1 -1.902e+06 3.122e+03 8.418e+03
|    ( WDBNDRY_I 0 -1.705e+06 2.300e+03 7.549e+03
|        ( QUESTION2_0_L -1 -1.575e+06 2.712e+02 6.996e+03
|            ( - -1.571e+06 25 0)
|            ( - -4.146e+03 2 0))
|        ( - -1.276e+05 26 0 QUESTION2_0_L -1 1.473e+02 5.530e+02))
|    ( QUESTION0_10_R 1 -1.936e+05 1.060e+03 8.694e+02
|        ( WDBNDRY_E 0 -1.368e+05 5.019e+02 6.245e+02
|            ( - -7.984e+03 4 0)
|            ( - -1.283e+05 6 0))
|        ( QUESTION11 1 -5.574e+04 5.080e+02 2.448e+02
|            ( - -9.515e+03 8 0 QUESTION0_14_R 1 1.720e+02 4.350e+01)
|            ( QUESTION3 1 -4.572e+04 4.213e+02 2.013e+02
|                ( - -1.205e+04 2 0)
|                ( - -3.325e+04 37 0 QUESTION0_8_R 1 2.692e+02 1.472e+02)))))
s>    ( QUESTION0 1 -1.902e+06 3.122e+03 8.418e+03
s>        ( WDBNDRY_I 0 -1.705e+06 2.300e+03 7.549e+03
s>            ( QUESTION2_0_L -1 -1.575e+06 2.712e+02 6.996e+03
s>                ( - -1.571e+06 25 0)
s>                ( - -4.146e+03 2 0))
s>            ( - -1.276e+05 26 0 QUESTION2_0_L -1 1.473e+02 5.530e+02))
s>        ( QUESTION0_10_R 1 -1.936e+05 1.060e+03 8.694e+02
s>            ( WDBNDRY_E 0 -1.368e+05 5.019e+02 6.245e+02
s>                ( - -7.984e+03 4 0)
s>                ( - -1.283e+05 6 0))
s>            ( QUESTION11 1 -5.574e+04 5.080e+02 2.448e+02
s>                ( - -9.515e+03 8 0 QUESTION0_14_R 1 1.720e+02 4.350e+01)
s>                ( QUESTION3 1 -4.572e+04 4.213e+02 2.013e+02
s>                    ( - -1.205e+04 2 0)
s>                    ( - -3.325e+04 37 0 QUESTION0_8_R 1 2.692e+02 1.472e+02)))))INFO: dtree.c(1315): Comp split 1
INFO: dtree.c(1478): Final simple tree
|( QUESTION10 -1 -9.368e+05 3.087e+03 4.151e+03
|    ( QUESTION2_14_L -1 -7.616e+05 4.585e+02 3.392e+03
|        ( QUESTION11 -1 -7.484e+05 1.545e+02 3.335e+03
|            ( - -7.468e+05 7 0 WDBNDRY_B 0 1.134e+02 3.328e+03)
|            ( - -1.426e+03 1 0))
|        ( - -1.273e+04 4 0 WDBNDRY_B 0 1.447e+02 5.729e+01))
|    ( QUESTION20 -1 -1.721e+05 6.339e+02 7.588e+02
|        ( - -1.223e+05 9 0 WDBNDRY_B 0 1.235e+02 5.424e+02)
|        ( QUESTION2 -1 -4.924e+04 5.566e+02 2.164e+02
|            ( QUESTION6 -1 -1.301e+04 2.686e+02 6.052e+01
|                ( - -7.698e+03 4 0)
|                ( WDBNDRY_B 0 -5.047e+03 1.581e+02 2.401e+01
|                    ( - -2.736e+02 1 0)
|                    ( - -4.615e+03 1 0)))
|            ( - -3.567e+04 8 0 WDBNDRY_B 0 9.737e+01 1.559e+02))))
s>    ( QUESTION10 -1 -9.368e+05 3.087e+03 4.151e+03
s>        ( QUESTION2_14_L -1 -7.616e+05 4.585e+02 3.392e+03
s>            ( QUESTION11 -1 -7.484e+05 1.545e+02 3.335e+03
s>                ( - -7.468e+05 7 0 WDBNDRY_B 0 1.134e+02 3.328e+03)
s>                ( - -1.426e+03 1 0))
s>            ( - -1.273e+04 4 0 WDBNDRY_B 0 1.447e+02 5.729e+01))
s>        ( QUESTION20 -1 -1.721e+05 6.339e+02 7.588e+02
s>            ( - -1.223e+05 9 0 WDBNDRY_B 0 1.235e+02 5.424e+02)
s>            ( QUESTION2 -1 -4.924e+04 5.566e+02 2.164e+02
s>                ( QUESTION6 -1 -1.301e+04 2.686e+02 6.052e+01
s>                    ( - -7.698e+03 4 0)
s>                    ( WDBNDRY_B 0 -5.047e+03 1.581e+02 2.401e+01
s>                        ( - -2.736e+02 1 0)
s>                        ( - -4.615e+03 1 0)))
s>                ( - -3.567e+04 8 0 WDBNDRY_B 0 9.737e+01 1.559e+02))))INFO: dtree.c(1478): Final simple tree
|( QUESTION16 -1 -9.945e+05 4.153e+03 4.311e+03
|    ( QUESTION17 -1 -6.688e+05 3.361e+02 2.907e+03
|        ( - -6.582e+05 11 0 WDBNDRY_B 0 1.484e+02 2.861e+03)
|        ( - -1.025e+04 5 0 WDBNDRY_B 0 1.376e+02 4.577e+01))
|    ( QUESTION14 -1 -3.215e+05 1.978e+03 1.404e+03
|        ( WDBNDRY_B 0 -1.115e+05 2.307e+02 4.937e+02
|            ( - -6.231e+03 6 0)
|            ( WDBNDRY_E 0 -1.050e+05 1.916e+02 4.657e+02
|                ( - -4.395e+02 1 0)
|                ( - -1.044e+05 9 0)))
|        ( QUESTION13 -1 -2.081e+05 3.055e+02 9.107e+02
|            ( WDBNDRY_B 0 -1.994e+05 4.475e+02 8.746e+02
|                ( - 2.140e+02 1 0)
|                ( - -1.992e+05 5 0))
|            ( - -8.381e+03 6 0 SILENCE -1 1.328e+02 3.609e+01))))
s>    ( QUESTION16 -1 -9.945e+05 4.153e+03 4.311e+03
s>        ( QUESTION17 -1 -6.688e+05 3.361e+02 2.907e+03
s>            ( - -6.582e+05 11 0 WDBNDRY_B 0 1.484e+02 2.861e+03)
s>            ( - -1.025e+04 5 0 WDBNDRY_B 0 1.376e+02 4.577e+01))
s>        ( QUESTION14 -1 -3.215e+05 1.978e+03 1.404e+03
s>            ( WDBNDRY_B 0 -1.115e+05 2.307e+02 4.937e+02
s>                ( - -6.231e+03 6 0)
s>                ( WDBNDRY_E 0 -1.050e+05 1.916e+02 4.657e+02
s>                    ( - -4.395e+02 1 0)
s>                    ( - -1.044e+05 9 0)))
s>            ( QUESTION13 -1 -2.081e+05 3.055e+02 9.107e+02
s>                ( WDBNDRY_B 0 -1.994e+05 4.475e+02 8.746e+02
s>                    ( - 2.140e+02 1 0)
s>                    ( - -1.992e+05 5 0))
s>                ( - -8.381e+03 6 0 SILENCE -1 1.328e+02 3.609e+01))))INFO: dtree.c(1315): Comp split 2
INFO: dtree.c(1439): stop. leaf nodes are specific
INFO: dtree.c(1478): Final simple tree
|( QUESTION17 -1 -6.694e+05 3.462e+02 2.910e+03
|    ( WDBNDRY_B 0 -6.582e+05 1.484e+02 2.861e+03
|        ( - -1.185e+03 2 0)
|        ( - -6.568e+05 9 0))
|    ( WDBNDRY_E 0 -1.087e+04 1.848e+02 4.877e+01
|        ( - -4.395e+02 1 0)
|        ( WDBNDRY_B 0 -1.025e+04 1.376e+02 4.577e+01
|            ( - -1.012e+03 1 0)
|            ( - -9.100e+03 4 0))))
s>    ( QUESTION17 -1 -6.694e+05 3.462e+02 2.910e+03
s>        ( WDBNDRY_B 0 -6.582e+05 1.484e+02 2.861e+03
s>            ( - -1.185e+03 2 0)
s>            ( - -6.568e+05 9 0))
s>        ( WDBNDRY_E 0 -1.087e+04 1.848e+02 4.877e+01
s>            ( - -4.395e+02 1 0)
s>            ( WDBNDRY_B 0 -1.025e+04 1.376e+02 4.577e+01
s>                ( - -1.012e+03 1 0)
s>                ( - -9.100e+03 4 0))))INFO: dtree.c(1439): stop. leaf nodes are specific
INFO: dtree.c(1478): Final simple tree
|( QUESTION14 -1 -3.209e+05 1.971e+03 1.401e+03
|    ( WDBNDRY_B 0 -1.108e+05 2.312e+02 4.907e+02
|        ( - -6.231e+03 6 0)
|        ( - -1.044e+05 9 0))
|    ( QUESTION13 -1 -2.081e+05 3.055e+02 9.107e+02
|        ( WDBNDRY_B 0 -1.994e+05 4.475e+02 8.746e+02
|            ( - 2.140e+02 1 0)
|            ( - -1.992e+05 5 0))
|        ( SILENCE -1 -8.381e+03 1.328e+02 3.609e+01
|            ( - -6.263e+03 4 0)
|            ( - -1.985e+03 2 0))))
s>    ( QUESTION14 -1 -3.209e+05 1.971e+03 1.401e+03
s>        ( WDBNDRY_B 0 -1.108e+05 2.312e+02 4.907e+02
s>            ( - -6.231e+03 6 0)
s>            ( - -1.044e+05 9 0))
s>        ( QUESTION13 -1 -2.081e+05 3.055e+02 9.107e+02
s>            ( WDBNDRY_B 0 -1.994e+05 4.475e+02 8.746e+02
s>                ( - 2.140e+02 1 0)
s>                ( - -1.992e+05 5 0))
s>            ( SILENCE -1 -8.381e+03 1.328e+02 3.609e+01
s>                ( - -6.263e+03 4 0)
s>                ( - -1.985e+03 2 0))))INFO: dtree.c(1315): Comp split 3
INFO: dtree.c(1439): stop. leaf nodes are specific
INFO: dtree.c(1478): Final simple tree
|( WDBNDRY_I 0 -1.718e+06 2.498e+03 7.603e+03
|    ( QUESTION2_0_L -1 -1.575e+06 2.712e+02 6.996e+03
|        ( - -1.571e+06 25 0)
|        ( - -4.146e+03 2 0))
|    ( QUESTION0_0_R 1 -1.402e+05 5.595e+02 6.072e+02
|        ( QUESTION2_0_L -1 -1.276e+05 1.473e+02 5.530e+02
|            ( WDBNDRY_B 0 -1.256e+05 1.231e+02 5.440e+02
|                ( - -1.235e+05 21 0)
|                ( - -1.976e+03 3 0))
|            ( - -1.920e+03 2 0))
|        ( - -1.205e+04 2 0)))
s>    ( WDBNDRY_I 0 -1.718e+06 2.498e+03 7.603e+03
s>        ( QUESTION2_0_L -1 -1.575e+06 2.712e+02 6.996e+03
s>            ( - -1.571e+06 25 0)
s>            ( - -4.146e+03 2 0))
s>        ( QUESTION0_0_R 1 -1.402e+05 5.595e+02 6.072e+02
s>            ( QUESTION2_0_L -1 -1.276e+05 1.473e+02 5.530e+02
s>                ( WDBNDRY_B 0 -1.256e+05 1.231e+02 5.440e+02
s>                    ( - -1.235e+05 21 0)
s>                    ( - -1.976e+03 3 0))
s>                ( - -1.920e+03 2 0))
s>            ( - -1.205e+04 2 0)))INFO: dtree.c(1478): Final simple tree
|( QUESTION0_10_R 1 -1.808e+05 6.924e+02 8.152e+02
|    ( WDBNDRY_E 0 -1.368e+05 5.019e+02 6.245e+02
|        ( - -7.984e+03 4 0)
|        ( - -1.283e+05 6 0))
|    ( QUESTION11 1 -4.325e+04 4.834e+02 1.907e+02
|        ( - -9.515e+03 8 0 QUESTION0_14_R 1 1.720e+02 4.350e+01)
|        ( QUESTION0_8_R 1 -3.325e+04 2.692e+02 1.472e+02
|            ( - -4.108e+03 2 0)
|            ( QUESTION0_1_R 1 -2.887e+04 2.280e+02 1.265e+02
|                ( QUESTION0_14_R 1 -1.838e+04 2.164e+02 8.145e+01
|                    ( - -2.374e+02 1 0)
|                    ( QUESTION0_16_R 1 -1.793e+04 2.188e+02 7.945e+01
|                        ( - -1.654e+03 2 0 WDBNDRY_E 0 1.587e+02 8.000e+00)
|                        ( - -1.606e+04 28 0 QUESTION0_18_R 1 1.570e+02 7.145e+01)))
|                ( - -1.026e+04 4 0 SILENCE 1 1.583e+02 4.509e+01)))))
s>    ( QUESTION0_10_R 1 -1.808e+05 6.924e+02 8.152e+02
s>        ( WDBNDRY_E 0 -1.368e+05 5.019e+02 6.245e+02
s>            ( - -7.984e+03 4 0)
s>            ( - -1.283e+05 6 0))
s>        ( QUESTION11 1 -4.325e+04 4.834e+02 1.907e+02
s>            ( - -9.515e+03 8 0 QUESTION0_14_R 1 1.720e+02 4.350e+01)
s>            ( QUESTION0_8_R 1 -3.325e+04 2.692e+02 1.472e+02
s>                ( - -4.108e+03 2 0)
s>                ( QUESTION0_1_R 1 -2.887e+04 2.280e+02 1.265e+02
s>                    ( QUESTION0_14_R 1 -1.838e+04 2.164e+02 8.145e+01
s>                        ( - -2.374e+02 1 0)
s>                        ( QUESTION0_16_R 1 -1.793e+04 2.188e+02 7.945e+01
s>                            ( - -1.654e+03 2 0 WDBNDRY_E 0 1.587e+02 8.000e+00)
s>                            ( - -1.606e+04 28 0 QUESTION0_18_R 1 1.570e+02 7.145e+01)))
s>                    ( - -1.026e+04 4 0 SILENCE 1 1.583e+02 4.509e+01)))))INFO: dtree.c(1315): Comp split 4
INFO: dtree.c(1439): stop. leaf nodes are specific
INFO: dtree.c(1478): Final simple tree
|( QUESTION12 -1 -7.682e+05 4.609e+02 3.421e+03
|    ( WDBNDRY_B 0 -1.273e+04 1.447e+02 5.729e+01
|        ( - -7.143e+02 1 0)
|        ( - -1.187e+04 3 0))
|    ( QUESTION5 -1 -7.550e+05 4.382e+02 3.364e+03
|        ( - -7.698e+03 4 0)
|        ( WDBNDRY_B 0 -7.468e+05 1.134e+02 3.328e+03
|            ( - -3.296e+03 2 0)
|            ( - -7.434e+05 5 0))))
s>    ( QUESTION12 -1 -7.682e+05 4.609e+02 3.421e+03
s>        ( WDBNDRY_B 0 -1.273e+04 1.447e+02 5.729e+01
s>            ( - -7.143e+02 1 0)
s>            ( - -1.187e+04 3 0))
s>        ( QUESTION5 -1 -7.550e+05 4.382e+02 3.364e+03
s>            ( - -7.698e+03 4 0)
s>            ( WDBNDRY_B 0 -7.468e+05 1.134e+02 3.328e+03
s>                ( - -3.296e+03 2 0)
s>                ( - -7.434e+05 5 0))))INFO: dtree.c(1439): stop. leaf nodes are specific
INFO: dtree.c(1478): Final simple tree
|( QUESTION19 -1 -1.655e+05 6.312e+02 7.293e+02
|    ( WDBNDRY_B 0 -3.567e+04 9.737e+01 1.559e+02
|        ( - -1.056e+03 3 0)
|        ( - -3.451e+04 5 0))
|    ( QUESTION5 -1 -1.292e+05 3.633e+02 5.734e+02
|        ( WDBNDRY_B 0 -5.047e+03 1.581e+02 2.401e+01
|            ( - -2.736e+02 1 0)
|            ( - -4.615e+03 1 0))
|        ( QUESTION2 -1 -1.238e+05 1.445e+02 5.494e+02
|            ( - -1.426e+03 1 0)
|            ( WDBNDRY_B 0 -1.223e+05 1.235e+02 5.424e+02
|                ( - -2.579e+03 3 0)
|                ( - -1.196e+05 6 0)))))
s>    ( QUESTION19 -1 -1.655e+05 6.312e+02 7.293e+02
s>        ( WDBNDRY_B 0 -3.567e+04 9.737e+01 1.559e+02
s>            ( - -1.056e+03 3 0)
s>            ( - -3.451e+04 5 0))
s>        ( QUESTION5 -1 -1.292e+05 3.633e+02 5.734e+02
s>            ( WDBNDRY_B 0 -5.047e+03 1.581e+02 2.401e+01
s>                ( - -2.736e+02 1 0)
s>                ( - -4.615e+03 1 0))
s>            ( QUESTION2 -1 -1.238e+05 1.445e+02 5.494e+02
s>                ( - -1.426e+03 1 0)
s>                ( WDBNDRY_B 0 -1.223e+05 1.235e+02 5.424e+02
s>                    ( - -2.579e+03 3 0)
s>                    ( - -1.196e+05 6 0)))))INFO: dtree.c(1315): Comp split 5
INFO: dtree.c(1439): stop. leaf nodes are specific
INFO: dtree.c(1478): Final simple tree
|( QUESTION0_0_R 1 -1.402e+05 5.595e+02 6.072e+02
|    ( QUESTION2_0_L -1 -1.276e+05 1.473e+02 5.530e+02
|        ( WDBNDRY_B 0 -1.256e+05 1.231e+02 5.440e+02
|            ( - -1.235e+05 21 0)
|            ( - -1.976e+03 3 0))
|        ( - -1.920e+03 2 0))
|    ( - -1.205e+04 2 0))
s>    ( QUESTION0_0_R 1 -1.402e+05 5.595e+02 6.072e+02
s>        ( QUESTION2_0_L -1 -1.276e+05 1.473e+02 5.530e+02
s>            ( WDBNDRY_B 0 -1.256e+05 1.231e+02 5.440e+02
s>                ( - -1.235e+05 21 0)
s>                ( - -1.976e+03 3 0))
s>            ( - -1.920e+03 2 0))
s>        ( - -1.205e+04 2 0))INFO: dtree.c(1439): stop. leaf nodes are specific
INFO: dtree.c(1478): Final simple tree
|( QUESTION2_0_L -1 -1.575e+06 2.712e+02 6.996e+03
|    ( - -1.571e+06 25 0)
|    ( - -4.146e+03 2 0))
s>    ( QUESTION2_0_L -1 -1.575e+06 2.712e+02 6.996e+03
s>        ( - -1.571e+06 25 0)
s>        ( - -4.146e+03 2 0))INFO: dtree.c(1315): Comp split 6
INFO: dtree.c(1439): stop. leaf nodes are specific
INFO: dtree.c(1478): Final simple tree
|( QUESTION13 -1 -2.081e+05 3.055e+02 9.107e+02
|    ( WDBNDRY_B 0 -1.994e+05 4.475e+02 8.746e+02
|        ( - 2.140e+02 1 0)
|        ( - -1.992e+05 5 0))
|    ( SILENCE -1 -8.381e+03 1.328e+02 3.609e+01
|        ( - -6.263e+03 4 0)
|        ( - -1.985e+03 2 0)))
s>    ( QUESTION13 -1 -2.081e+05 3.055e+02 9.107e+02
s>        ( WDBNDRY_B 0 -1.994e+05 4.475e+02 8.746e+02
s>            ( - 2.140e+02 1 0)
s>            ( - -1.992e+05 5 0))
s>        ( SILENCE -1 -8.381e+03 1.328e+02 3.609e+01
s>            ( - -6.263e+03 4 0)
s>            ( - -1.985e+03 2 0)))INFO: dtree.c(1439): stop. leaf nodes are specific
INFO: dtree.c(1478): Final simple tree
|( WDBNDRY_B 0 -1.108e+05 2.312e+02 4.907e+02
|    ( - -6.231e+03 6 0)
|    ( - -1.044e+05 9 0))
s>    ( WDBNDRY_B 0 -1.108e+05 2.312e+02 4.907e+02
s>        ( - -6.231e+03 6 0)
s>        ( - -1.044e+05 9 0))INFO: dtree.c(1315): Comp split 7
INFO: dtree.c(1439): stop. leaf nodes are specific
INFO: dtree.c(1478): Final simple tree
|( WDBNDRY_E 0 -1.332e+05 2.654e+02 6.083e+02
|    ( - -4.108e+03 2 0)
|    ( QUESTION0_2_R 1 -1.288e+05 2.158e+02 5.877e+02
|        ( - -1.283e+05 6 0)
|        ( - -2.374e+02 1 0)))
s>    ( WDBNDRY_E 0 -1.332e+05 2.654e+02 6.083e+02
s>        ( - -4.108e+03 2 0)
s>        ( QUESTION0_2_R 1 -1.288e+05 2.158e+02 5.877e+02
s>            ( - -1.283e+05 6 0)
s>            ( - -2.374e+02 1 0)))INFO: dtree.c(1478): Final simple tree
|( QUESTION11 1 -4.673e+04 5.034e+02 2.069e+02
|    ( QUESTION0_14_R 1 -9.515e+03 1.720e+02 4.350e+01
|        ( - -6.479e+03 4 0)
|        ( - -2.863e+03 4 0))
|    ( QUESTION0_10_R 1 -3.672e+04 3.162e+02 1.634e+02
|        ( - -7.984e+03 4 0)
|        ( QUESTION0_1_R 1 -2.842e+04 2.270e+02 1.245e+02
|            ( QUESTION0_16_R 1 -1.793e+04 2.188e+02 7.945e+01
|                ( WDBNDRY_E 0 -1.654e+03 1.587e+02 8.000e+00
|                    ( - -7.118e+02 1 0)
|                    ( - -7.834e+02 1 0))
|                ( - -1.606e+04 28 0 QUESTION0_18_R 1 1.570e+02 7.145e+01))
|            ( SILENCE 1 -1.026e+04 1.583e+02 4.509e+01
|                ( - -9.388e+03 3 0)
|                ( - -7.128e+02 1 0)))))
s>    ( QUESTION11 1 -4.673e+04 5.034e+02 2.069e+02
s>        ( QUESTION0_14_R 1 -9.515e+03 1.720e+02 4.350e+01
s>            ( - -6.479e+03 4 0)
s>            ( - -2.863e+03 4 0))
s>        ( QUESTION0_10_R 1 -3.672e+04 3.162e+02 1.634e+02
s>            ( - -7.984e+03 4 0)
s>            ( QUESTION0_1_R 1 -2.842e+04 2.270e+02 1.245e+02
s>                ( QUESTION0_16_R 1 -1.793e+04 2.188e+02 7.945e+01
s>                    ( WDBNDRY_E 0 -1.654e+03 1.587e+02 8.000e+00
s>                        ( - -7.118e+02 1 0)
s>                        ( - -7.834e+02 1 0))
s>                    ( - -1.606e+04 28 0 QUESTION0_18_R 1 1.570e+02 7.145e+01))
s>                ( SILENCE 1 -1.026e+04 1.583e+02 4.509e+01
s>                    ( - -9.388e+03 3 0)
s>                    ( - -7.128e+02 1 0)))))INFO: dtree.c(1315): Comp split 8
INFO: dtree.c(1439): stop. leaf nodes are specific
INFO: dtree.c(1478): Final simple tree
|( QUESTION2 -1 -3.606e+04 1.225e+02 1.579e+02
|    ( - -1.426e+03 1 0)
|    ( - -3.451e+04 5 0))
s>    ( QUESTION2 -1 -3.606e+04 1.225e+02 1.579e+02
s>        ( - -1.426e+03 1 0)
s>        ( - -3.451e+04 5 0))INFO: dtree.c(1439): stop. leaf nodes are specific
INFO: dtree.c(1478): Final simple tree
|( QUESTION2 -1 -1.288e+05 3.672e+02 5.714e+02
|    ( WDBNDRY_B 0 -5.047e+03 1.581e+02 2.401e+01
|        ( - -2.736e+02 1 0)
|        ( - -4.615e+03 1 0))
|    ( WDBNDRY_B 0 -1.234e+05 1.226e+02 5.474e+02
|        ( QUESTION19 -1 -3.725e+03 8.953e+01 1.700e+01
|            ( - -1.056e+03 3 0)
|            ( - -2.579e+03 3 0))
|        ( - -1.196e+05 6 0)))
s>    ( QUESTION2 -1 -1.288e+05 3.672e+02 5.714e+02
s>        ( WDBNDRY_B 0 -5.047e+03 1.581e+02 2.401e+01
s>            ( - -2.736e+02 1 0)
s>            ( - -4.615e+03 1 0))
s>        ( WDBNDRY_B 0 -1.234e+05 1.226e+02 5.474e+02
s>            ( QUESTION19 -1 -3.725e+03 8.953e+01 1.700e+01
s>                ( - -1.056e+03 3 0)
s>                ( - -2.579e+03 3 0))
s>            ( - -1.196e+05 6 0)))INFO: dtree.c(1315): Comp split 9
INFO: dtree.c(1439): stop. leaf nodes are specific
INFO: dtree.c(1478): Final simple tree
|( QUESTION2_0_L -1 -1.276e+05 1.473e+02 5.530e+02
|    ( WDBNDRY_B 0 -1.256e+05 1.231e+02 5.440e+02
|        ( - -1.235e+05 21 0)
|        ( - -1.976e+03 3 0))
|    ( - -1.920e+03 2 0))
s>    ( QUESTION2_0_L -1 -1.276e+05 1.473e+02 5.530e+02
s>        ( WDBNDRY_B 0 -1.256e+05 1.231e+02 5.440e+02
s>            ( - -1.235e+05 21 0)
s>            ( - -1.976e+03 3 0))
s>        ( - -1.920e+03 2 0))INFO: dtree.c(1315): Comp split 10
INFO: dtree.c(1478): Final simple tree
|( QUESTION0_10_R 1 -3.672e+04 3.162e+02 1.634e+02
|    ( - -7.984e+03 4 0)
|    ( QUESTION0_1_R 1 -2.842e+04 2.270e+02 1.245e+02
|        ( QUESTION0_16_R 1 -1.793e+04 2.188e+02 7.945e+01
|            ( WDBNDRY_E 0 -1.654e+03 1.587e+02 8.000e+00
|                ( - -7.118e+02 1 0)
|                ( - -7.834e+02 1 0))
|            ( QUESTION0_18_R 1 -1.606e+04 1.570e+02 7.145e+01
|                ( WDBNDRY_E 0 -7.723e+02 5.013e+02 4.000e+00
|                    ( - 2.414e+02 1 0)
|                    ( - -5.124e+02 1 0))
|                ( - -1.513e+04 26 0 QUESTION19 1 1.023e+02 6.745e+01)))
|        ( SILENCE 1 -1.026e+04 1.583e+02 4.509e+01
|            ( - -9.388e+03 3 0)
|            ( - -7.128e+02 1 0))))
s>    ( QUESTION0_10_R 1 -3.672e+04 3.162e+02 1.634e+02
s>        ( - -7.984e+03 4 0)
s>        ( QUESTION0_1_R 1 -2.842e+04 2.270e+02 1.245e+02
s>            ( QUESTION0_16_R 1 -1.793e+04 2.188e+02 7.945e+01
s>                ( WDBNDRY_E 0 -1.654e+03 1.587e+02 8.000e+00
s>                    ( - -7.118e+02 1 0)
s>                    ( - -7.834e+02 1 0))
s>                ( QUESTION0_18_R 1 -1.606e+04 1.570e+02 7.145e+01
s>                    ( WDBNDRY_E 0 -7.723e+02 5.013e+02 4.000e+00
s>                        ( - 2.414e+02 1 0)
s>                        ( - -5.124e+02 1 0))
s>                    ( - -1.513e+04 26 0 QUESTION19 1 1.023e+02 6.745e+01)))
s>            ( SILENCE 1 -1.026e+04 1.583e+02 4.509e+01
s>                ( - -9.388e+03 3 0)
s>                ( - -7.128e+02 1 0))))INFO: dtree.c(1439): stop. leaf nodes are specific
INFO: dtree.c(1478): Final simple tree
|( QUESTION0_14_R 1 -9.515e+03 1.720e+02 4.350e+01
|    ( - -6.479e+03 4 0)
|    ( - -2.863e+03 4 0))
s>    ( QUESTION0_14_R 1 -9.515e+03 1.720e+02 4.350e+01
s>        ( - -6.479e+03 4 0)
s>        ( - -2.863e+03 4 0))INFO: dtree.c(1315): Comp split 11
INFO: dtree.c(1478): Final simple tree
|( QUESTION0_10_R 1 -3.647e+04 3.129e+02 1.624e+02
|    ( - -7.984e+03 4 0)
|    ( QUESTION0_1_R 1 -2.817e+04 2.278e+02 1.235e+02
|        ( QUESTION0_16_R 1 -1.768e+04 2.167e+02 7.845e+01
|            ( WDBNDRY_E 0 -1.654e+03 1.587e+02 8.000e+00
|                ( - -7.118e+02 1 0)
|                ( - -7.834e+02 1 0))
|            ( QUESTION0_18_R 1 -1.581e+04 1.726e+02 7.045e+01
|                ( - -5.124e+02 1 0)
|                ( QUESTION19 1 -1.513e+04 1.023e+02 6.745e+01
|                    ( - -5.988e+03 10 0 WDBNDRY_E 0 7.692e+01 2.700e+01)
|                    ( - -9.038e+03 16 0 WDBNDRY_E 0 1.214e+02 4.045e+01))))
|        ( SILENCE 1 -1.026e+04 1.583e+02 4.509e+01
|            ( - -9.388e+03 3 0)
|            ( - -7.128e+02 1 0))))
s>    ( QUESTION0_10_R 1 -3.647e+04 3.129e+02 1.624e+02
s>        ( - -7.984e+03 4 0)
s>        ( QUESTION0_1_R 1 -2.817e+04 2.278e+02 1.235e+02
s>            ( QUESTION0_16_R 1 -1.768e+04 2.167e+02 7.845e+01
s>                ( WDBNDRY_E 0 -1.654e+03 1.587e+02 8.000e+00
s>                    ( - -7.118e+02 1 0)
s>                    ( - -7.834e+02 1 0))
s>                ( QUESTION0_18_R 1 -1.581e+04 1.726e+02 7.045e+01
s>                    ( - -5.124e+02 1 0)
s>                    ( QUESTION19 1 -1.513e+04 1.023e+02 6.745e+01
s>                        ( - -5.988e+03 10 0 WDBNDRY_E 0 7.692e+01 2.700e+01)
s>                        ( - -9.038e+03 16 0 WDBNDRY_E 0 1.214e+02 4.045e+01))))
s>            ( SILENCE 1 -1.026e+04 1.583e+02 4.509e+01
s>                ( - -9.388e+03 3 0)
s>                ( - -7.128e+02 1 0))))INFO: dtree.c(1315): Comp split 12
INFO: dtree.c(1439): stop. leaf nodes are specific
INFO: dtree.c(1478): Final simple tree
|( QUESTION5 -1 -7.550e+05 4.382e+02 3.364e+03
|    ( - -7.698e+03 4 0)
|    ( WDBNDRY_B 0 -7.468e+05 1.134e+02 3.328e+03
|        ( - -3.296e+03 2 0)
|        ( - -7.434e+05 5 0)))
s>    ( QUESTION5 -1 -7.550e+05 4.382e+02 3.364e+03
s>        ( - -7.698e+03 4 0)
s>        ( WDBNDRY_B 0 -7.468e+05 1.134e+02 3.328e+03
s>            ( - -3.296e+03 2 0)
s>            ( - -7.434e+05 5 0)))INFO: dtree.c(1439): stop. leaf nodes are specific
INFO: dtree.c(1478): Final simple tree
|( WDBNDRY_B 0 -1.273e+04 1.447e+02 5.729e+01
|    ( - -7.143e+02 1 0)
|    ( - -1.187e+04 3 0))
s>    ( WDBNDRY_B 0 -1.273e+04 1.447e+02 5.729e+01
s>        ( - -7.143e+02 1 0)
s>        ( - -1.187e+04 3 0))INFO: dtree.c(1315): Comp split 13
INFO: dtree.c(1439): stop. leaf nodes are specific
INFO: dtree.c(1478): Final simple tree
|( WDBNDRY_B 0 -2.079e+05 3.050e+02 9.097e+02
|    ( SILENCE -1 -8.381e+03 1.328e+02 3.609e+01
|        ( - -6.263e+03 4 0)
|        ( - -1.985e+03 2 0))
|    ( - -1.992e+05 5 0))
s>    ( WDBNDRY_B 0 -2.079e+05 3.050e+02 9.097e+02
s>        ( SILENCE -1 -8.381e+03 1.328e+02 3.609e+01
s>            ( - -6.263e+03 4 0)
s>            ( - -1.985e+03 2 0))
s>        ( - -1.992e+05 5 0))INFO: dtree.c(1315): Comp split 14
INFO: dtree.c(1439): stop. leaf nodes are specific
INFO: dtree.c(1478): Final simple tree
|( WDBNDRY_B 0 -7.468e+05 1.134e+02 3.328e+03
|    ( - -3.296e+03 2 0)
|    ( - -7.434e+05 5 0))
s>    ( WDBNDRY_B 0 -7.468e+05 1.134e+02 3.328e+03
s>        ( - -3.296e+03 2 0)
s>        ( - -7.434e+05 5 0))INFO: dtree.c(1315): Comp split 15
INFO: dtree.c(1439): stop. leaf nodes are specific
INFO: dtree.c(1478): Final simple tree
|( WDBNDRY_E 0 -1.218e+04 1.841e+02 5.477e+01
|    ( - -4.395e+02 1 0)
|    ( WDBNDRY_B 0 -1.156e+04 1.407e+02 5.177e+01
|        ( QUESTION17 -1 -2.320e+03 1.233e+02 1.100e+01
|            ( - -1.185e+03 2 0)
|            ( - -1.012e+03 1 0))
|        ( - -9.100e+03 4 0)))
s>    ( WDBNDRY_E 0 -1.218e+04 1.841e+02 5.477e+01
s>        ( - -4.395e+02 1 0)
s>        ( WDBNDRY_B 0 -1.156e+04 1.407e+02 5.177e+01
s>            ( QUESTION17 -1 -2.320e+03 1.233e+02 1.100e+01
s>                ( - -1.185e+03 2 0)
s>                ( - -1.012e+03 1 0))
s>            ( - -9.100e+03 4 0)))INFO: dtree.c(1315): Comp split 16
INFO: dtree.c(1439): stop. leaf nodes are specific
INFO: dtree.c(1478): Final simple tree
|( WDBNDRY_B 0 -1.234e+05 1.226e+02 5.474e+02
|    ( QUESTION19 -1 -3.725e+03 8.953e+01 1.700e+01
|        ( - -1.056e+03 3 0)
|        ( - -2.579e+03 3 0))
|    ( - -1.196e+05 6 0))
s>    ( WDBNDRY_B 0 -1.234e+05 1.226e+02 5.474e+02
s>        ( QUESTION19 -1 -3.725e+03 8.953e+01 1.700e+01
s>            ( - -1.056e+03 3 0)
s>            ( - -2.579e+03 3 0))
s>        ( - -1.196e+05 6 0))INFO: dtree.c(1439): stop. leaf nodes are specific
INFO: dtree.c(1478): Final simple tree
|( WDBNDRY_B 0 -5.047e+03 1.581e+02 2.401e+01
|    ( - -2.736e+02 1 0)
|    ( - -4.615e+03 1 0))
s>    ( WDBNDRY_B 0 -5.047e+03 1.581e+02 2.401e+01
s>        ( - -2.736e+02 1 0)
s>        ( - -4.615e+03 1 0))INFO: dtree.c(1315): Comp split 17
INFO: dtree.c(1478): Final simple tree
|( QUESTION0_16_R 1 -2.729e+04 2.195e+02 1.195e+02
|    ( WDBNDRY_E 0 -1.654e+03 1.587e+02 8.000e+00
|        ( - -7.118e+02 1 0)
|        ( - -7.834e+02 1 0))
|    ( SILENCE 1 -2.541e+04 2.124e+02 1.115e+02
|        ( - -9.388e+03 3 0)
|        ( QUESTION0_18_R 1 -1.581e+04 1.726e+02 7.045e+01
|            ( - -5.124e+02 1 0)
|            ( QUESTION19 1 -1.513e+04 1.023e+02 6.745e+01
|                ( - -5.988e+03 10 0 WDBNDRY_E 0 7.692e+01 2.700e+01)
|                ( WDBNDRY_E 0 -9.038e+03 1.214e+02 4.045e+01
|                    ( QUESTION2 1 -3.140e+03 4.410e+02 1.501e+01
|                        ( - 2.082e+02 1 0)
|                        ( - -2.907e+03 4 0 QUESTION0_2_R 1 4.613e+02 1.401e+01))
|                    ( - -5.776e+03 11 0 QUESTION0_2_R 1 1.032e+02 2.544e+01))))))
s>    ( QUESTION0_16_R 1 -2.729e+04 2.195e+02 1.195e+02
s>        ( WDBNDRY_E 0 -1.654e+03 1.587e+02 8.000e+00
s>            ( - -7.118e+02 1 0)
s>            ( - -7.834e+02 1 0))
s>        ( SILENCE 1 -2.541e+04 2.124e+02 1.115e+02
s>            ( - -9.388e+03 3 0)
s>            ( QUESTION0_18_R 1 -1.581e+04 1.726e+02 7.045e+01
s>                ( - -5.124e+02 1 0)
s>                ( QUESTION19 1 -1.513e+04 1.023e+02 6.745e+01
s>                    ( - -5.988e+03 10 0 WDBNDRY_E 0 7.692e+01 2.700e+01)
s>                    ( WDBNDRY_E 0 -9.038e+03 1.214e+02 4.045e+01
s>                        ( QUESTION2 1 -3.140e+03 4.410e+02 1.501e+01
s>                            ( - 2.082e+02 1 0)
s>                            ( - -2.907e+03 4 0 QUESTION0_2_R 1 4.613e+02 1.401e+01))
s>                        ( - -5.776e+03 11 0 QUESTION0_2_R 1 1.032e+02 2.544e+01))))))INFO: dtree.c(1439): stop. leaf nodes are specific
INFO: dtree.c(1478): Final simple tree
|( QUESTION0_0_R 1 -8.855e+03 1.587e+02 4.285e+01
|    ( - -7.128e+02 1 0)
|    ( - -7.984e+03 4 0))
s>    ( QUESTION0_0_R 1 -8.855e+03 1.587e+02 4.285e+01
s>        ( - -7.128e+02 1 0)
s>        ( - -7.984e+03 4 0))INFO: dtree.c(1315): Comp split 18
INFO: dtree.c(1478): Final simple tree
|( QUESTION0_16_R 1 -2.705e+04 2.194e+02 1.185e+02
|    ( WDBNDRY_E 0 -1.654e+03 1.587e+02 8.000e+00
|        ( - -7.118e+02 1 0)
|        ( - -7.834e+02 1 0))
|    ( SILENCE 1 -2.518e+04 2.148e+02 1.105e+02
|        ( - -9.388e+03 3 0)
|        ( QUESTION0_18_R 1 -1.558e+04 1.730e+02 6.945e+01
|            ( - -5.124e+02 1 0)
|            ( QUESTION19 1 -1.489e+04 1.006e+02 6.645e+01
|                ( - -5.988e+03 10 0 WDBNDRY_E 0 7.692e+01 2.700e+01)
|                ( WDBNDRY_E 0 -8.804e+03 1.210e+02 3.945e+01
|                    ( QUESTION0_2_R 1 -2.907e+03 4.613e+02 1.401e+01
|                        ( - -2.687e+03 3 0 QUESTION0_5_R 1 1.489e+02 1.301e+01)
|                        ( - 2.417e+02 1 0))
|                    ( - -5.776e+03 11 0 QUESTION0_2_R 1 1.032e+02 2.544e+01))))))
s>    ( QUESTION0_16_R 1 -2.705e+04 2.194e+02 1.185e+02
s>        ( WDBNDRY_E 0 -1.654e+03 1.587e+02 8.000e+00
s>            ( - -7.118e+02 1 0)
s>            ( - -7.834e+02 1 0))
s>        ( SILENCE 1 -2.518e+04 2.148e+02 1.105e+02
s>            ( - -9.388e+03 3 0)
s>            ( QUESTION0_18_R 1 -1.558e+04 1.730e+02 6.945e+01
s>                ( - -5.124e+02 1 0)
s>                ( QUESTION19 1 -1.489e+04 1.006e+02 6.645e+01
s>                    ( - -5.988e+03 10 0 WDBNDRY_E 0 7.692e+01 2.700e+01)
s>                    ( WDBNDRY_E 0 -8.804e+03 1.210e+02 3.945e+01
s>                        ( QUESTION0_2_R 1 -2.907e+03 4.613e+02 1.401e+01
s>                            ( - -2.687e+03 3 0 QUESTION0_5_R 1 1.489e+02 1.301e+01)
s>                            ( - 2.417e+02 1 0))
s>                        ( - -5.776e+03 11 0 QUESTION0_2_R 1 1.032e+02 2.544e+01))))))INFO: dtree.c(1315): Comp split 19
INFO: dtree.c(1478): Final simple tree
|( QUESTION0_16_R 1 -2.683e+04 2.195e+02 1.175e+02
|    ( WDBNDRY_E 0 -1.654e+03 1.587e+02 8.000e+00
|        ( - -7.118e+02 1 0)
|        ( - -7.834e+02 1 0))
|    ( SILENCE 1 -2.496e+04 2.136e+02 1.095e+02
|        ( - -9.388e+03 3 0)
|        ( QUESTION0_18_R 1 -1.536e+04 1.728e+02 6.845e+01
|            ( - -5.124e+02 1 0)
|            ( QUESTION19 1 -1.467e+04 9.919e+01 6.545e+01
|                ( - -5.988e+03 10 0 WDBNDRY_E 0 7.692e+01 2.700e+01)
|                ( WDBNDRY_E 0 -8.584e+03 1.199e+02 3.845e+01
|                    ( QUESTION0_5_R 1 -2.687e+03 1.489e+02 1.301e+01
|                        ( - -1.122e+03 2 0)
|                        ( - -1.417e+03 1 0))
|                    ( - -5.776e+03 11 0 QUESTION0_2_R 1 1.032e+02 2.544e+01))))))
s>    ( QUESTION0_16_R 1 -2.683e+04 2.195e+02 1.175e+02
s>        ( WDBNDRY_E 0 -1.654e+03 1.587e+02 8.000e+00
s>            ( - -7.118e+02 1 0)
s>            ( - -7.834e+02 1 0))
s>        ( SILENCE 1 -2.496e+04 2.136e+02 1.095e+02
s>            ( - -9.388e+03 3 0)
s>            ( QUESTION0_18_R 1 -1.536e+04 1.728e+02 6.845e+01
s>                ( - -5.124e+02 1 0)
s>                ( QUESTION19 1 -1.467e+04 9.919e+01 6.545e+01
s>                    ( - -5.988e+03 10 0 WDBNDRY_E 0 7.692e+01 2.700e+01)
s>                    ( WDBNDRY_E 0 -8.584e+03 1.199e+02 3.845e+01
s>                        ( QUESTION0_5_R 1 -2.687e+03 1.489e+02 1.301e+01
s>                            ( - -1.122e+03 2 0)
s>                            ( - -1.417e+03 1 0))
s>                        ( - -5.776e+03 11 0 QUESTION0_2_R 1 1.032e+02 2.544e+01))))))INFO: dtree.c(1315): Comp split 20
INFO: dtree.c(1439): stop. leaf nodes are specific
INFO: dtree.c(1478): Final simple tree
|( SILENCE -1 -8.381e+03 1.328e+02 3.609e+01
|    ( - -6.263e+03 4 0)
|    ( - -1.985e+03 2 0))
s>    ( SILENCE -1 -8.381e+03 1.328e+02 3.609e+01
s>        ( - -6.263e+03 4 0)
s>        ( - -1.985e+03 2 0))INFO: dtree.c(1315): Comp split 21
INFO: dtree.c(1315): Comp split 22
INFO: dtree.c(1439): stop. leaf nodes are specific
INFO: dtree.c(1478): Final simple tree
|( QUESTION0_2_R 1 -1.288e+05 2.158e+02 5.877e+02
|    ( - -1.283e+05 6 0)
|    ( - -2.374e+02 1 0))
s>    ( QUESTION0_2_R 1 -1.288e+05 2.158e+02 5.877e+02
s>        ( - -1.283e+05 6 0)
s>        ( - -2.374e+02 1 0))INFO: dtree.c(1315): Comp split 23
INFO: dtree.c(1315): Comp split 24
INFO: dtree.c(1478): Final simple tree
|( SILENCE 1 -2.496e+04 2.136e+02 1.095e+02
|    ( - -9.388e+03 3 0)
|    ( QUESTION0_18_R 1 -1.536e+04 1.728e+02 6.845e+01
|        ( - -5.124e+02 1 0)
|        ( QUESTION19 1 -1.467e+04 9.919e+01 6.545e+01
|            ( - -5.988e+03 10 0 WDBNDRY_E 0 7.692e+01 2.700e+01)
|            ( WDBNDRY_E 0 -8.584e+03 1.199e+02 3.845e+01
|                ( QUESTION0_5_R 1 -2.687e+03 1.489e+02 1.301e+01
|                    ( - -1.122e+03 2 0)
|                    ( - -1.417e+03 1 0))
|                ( QUESTION0_2_R 1 -5.776e+03 1.032e+02 2.544e+01
|                    ( - -3.909e+03 7 0 QUESTION0_5_R 1 8.747e+01 1.744e+01)
|                    ( QUESTION2 1 -1.764e+03 2.125e+02 8.000e+00
|                        ( - -1.295e+03 3 0)
|                        ( - -2.564e+02 1 0)))))))
s>    ( SILENCE 1 -2.496e+04 2.136e+02 1.095e+02
s>        ( - -9.388e+03 3 0)
s>        ( QUESTION0_18_R 1 -1.536e+04 1.728e+02 6.845e+01
s>            ( - -5.124e+02 1 0)
s>            ( QUESTION19 1 -1.467e+04 9.919e+01 6.545e+01
s>                ( - -5.988e+03 10 0 WDBNDRY_E 0 7.692e+01 2.700e+01)
s>                ( WDBNDRY_E 0 -8.584e+03 1.199e+02 3.845e+01
s>                    ( QUESTION0_5_R 1 -2.687e+03 1.489e+02 1.301e+01
s>                        ( - -1.122e+03 2 0)
s>                        ( - -1.417e+03 1 0))
s>                    ( QUESTION0_2_R 1 -5.776e+03 1.032e+02 2.544e+01
s>                        ( - -3.909e+03 7 0 QUESTION0_5_R 1 8.747e+01 1.744e+01)
s>                        ( QUESTION2 1 -1.764e+03 2.125e+02 8.000e+00
s>                            ( - -1.295e+03 3 0)
s>                            ( - -2.564e+02 1 0)))))))INFO: dtree.c(1439): stop. leaf nodes are specific
INFO: dtree.c(1478): Final simple tree
|( WDBNDRY_E 0 -1.654e+03 1.587e+02 8.000e+00
|    ( - -7.118e+02 1 0)
|    ( - -7.834e+02 1 0))
s>    ( WDBNDRY_E 0 -1.654e+03 1.587e+02 8.000e+00
s>        ( - -7.118e+02 1 0)
s>        ( - -7.834e+02 1 0))INFO: dtree.c(1315): Comp split 25
INFO: dtree.c(1478): Final simple tree
|( SILENCE 1 -2.448e+04 2.147e+02 1.075e+02
|    ( - -9.388e+03 3 0)
|    ( QUESTION0_18_R 1 -1.488e+04 1.732e+02 6.645e+01
|        ( - -5.124e+02 1 0)
|        ( QUESTION19 1 -1.420e+04 1.086e+02 6.345e+01
|            ( - -5.988e+03 10 0 WDBNDRY_E 0 7.692e+01 2.700e+01)
|            ( WDBNDRY_E 0 -8.099e+03 1.187e+02 3.645e+01
|                ( QUESTION0_5_R 1 -2.687e+03 1.489e+02 1.301e+01
|                    ( - -1.122e+03 2 0)
|                    ( - -1.417e+03 1 0))
|                ( QUESTION0_2_R 1 -5.293e+03 8.915e+01 2.344e+01
|                    ( QUESTION0_5_R 1 -3.909e+03 8.747e+01 1.744e+01
|                        ( - -5.835e+02 2 0)
|                        ( - -3.238e+03 5 0 QUESTION0_3_R 1 7.906e+01 1.444e+01))
|                    ( - -1.295e+03 3 0))))))
s>    ( SILENCE 1 -2.448e+04 2.147e+02 1.075e+02
s>        ( - -9.388e+03 3 0)
s>        ( QUESTION0_18_R 1 -1.488e+04 1.732e+02 6.645e+01
s>            ( - -5.124e+02 1 0)
s>            ( QUESTION19 1 -1.420e+04 1.086e+02 6.345e+01
s>                ( - -5.988e+03 10 0 WDBNDRY_E 0 7.692e+01 2.700e+01)
s>                ( WDBNDRY_E 0 -8.099e+03 1.187e+02 3.645e+01
s>                    ( QUESTION0_5_R 1 -2.687e+03 1.489e+02 1.301e+01
s>                        ( - -1.122e+03 2 0)
s>                        ( - -1.417e+03 1 0))
s>                    ( QUESTION0_2_R 1 -5.293e+03 8.915e+01 2.344e+01
s>                        ( QUESTION0_5_R 1 -3.909e+03 8.747e+01 1.744e+01
s>                            ( - -5.835e+02 2 0)
s>                            ( - -3.238e+03 5 0 QUESTION0_3_R 1 7.906e+01 1.444e+01))
s>                        ( - -1.295e+03 3 0))))))INFO: dtree.c(1315): Comp split 26
INFO: dtree.c(1478): Final simple tree
|( QUESTION19 1 -1.420e+04 1.086e+02 6.345e+01
|    ( WDBNDRY_E 0 -5.988e+03 7.692e+01 2.700e+01
|        ( - -3.043e+03 5 0)
|        ( - -2.868e+03 5 0))
|    ( WDBNDRY_E 0 -8.099e+03 1.187e+02 3.645e+01
|        ( QUESTION0_5_R 1 -2.687e+03 1.489e+02 1.301e+01
|            ( - -1.122e+03 2 0)
|            ( - -1.417e+03 1 0))
|        ( QUESTION0_2_R 1 -5.293e+03 8.915e+01 2.344e+01
|            ( QUESTION0_5_R 1 -3.909e+03 8.747e+01 1.744e+01
|                ( - -5.835e+02 2 0)
|                ( QUESTION0_3_R 1 -3.238e+03 7.906e+01 1.444e+01
|                    ( - -2.549e+03 3 0)
|                    ( - -6.098e+02 2 0)))
|            ( - -1.295e+03 3 0))))
s>    ( QUESTION19 1 -1.420e+04 1.086e+02 6.345e+01
s>        ( WDBNDRY_E 0 -5.988e+03 7.692e+01 2.700e+01
s>            ( - -3.043e+03 5 0)
s>            ( - -2.868e+03 5 0))
s>        ( WDBNDRY_E 0 -8.099e+03 1.187e+02 3.645e+01
s>            ( QUESTION0_5_R 1 -2.687e+03 1.489e+02 1.301e+01
s>                ( - -1.122e+03 2 0)
s>                ( - -1.417e+03 1 0))
s>            ( QUESTION0_2_R 1 -5.293e+03 8.915e+01 2.344e+01
s>                ( QUESTION0_5_R 1 -3.909e+03 8.747e+01 1.744e+01
s>                    ( - -5.835e+02 2 0)
s>                    ( QUESTION0_3_R 1 -3.238e+03 7.906e+01 1.444e+01
s>                        ( - -2.549e+03 3 0)
s>                        ( - -6.098e+02 2 0)))
s>                ( - -1.295e+03 3 0))))INFO: dtree.c(1439): stop. leaf nodes are specific
INFO: dtree.c(1478): Final simple tree
|( WDBNDRY_E 0 -1.007e+04 1.711e+02 4.409e+01
|    ( - -9.388e+03 3 0)
|    ( - -5.124e+02 1 0))
s>    ( WDBNDRY_E 0 -1.007e+04 1.711e+02 4.409e+01
s>        ( - -9.388e+03 3 0)
s>        ( - -5.124e+02 1 0))INFO: dtree.c(1315): Comp split 27
INFO: dtree.c(1315): Comp split 28
INFO: dtree.c(1439): stop. leaf nodes are specific
INFO: dtree.c(1478): Final simple tree
|( WDBNDRY_B 0 -1.156e+04 1.407e+02 5.177e+01
|    ( QUESTION17 -1 -2.320e+03 1.233e+02 1.100e+01
|        ( - -1.185e+03 2 0)
|        ( - -1.012e+03 1 0))
|    ( - -9.100e+03 4 0))
s>    ( WDBNDRY_B 0 -1.156e+04 1.407e+02 5.177e+01
s>        ( QUESTION17 -1 -2.320e+03 1.233e+02 1.100e+01
s>            ( - -1.185e+03 2 0)
s>            ( - -1.012e+03 1 0))
s>        ( - -9.100e+03 4 0))INFO: dtree.c(1315): Comp split 29
INFO: dtree.c(1315): Comp split 30
INFO: dtree.c(1315): Comp split 31
INFO: dtree.c(1315): Comp split 32
INFO: dtree.c(1315): Comp split 33
INFO: dtree.c(1315): Comp split 34
INFO: dtree.c(1439): stop. leaf nodes are specific
INFO: dtree.c(1478): Final simple tree
|( WDBNDRY_B 0 -1.256e+05 1.231e+02 5.440e+02
|    ( - -1.235e+05 21 0)
|    ( - -1.976e+03 3 0))
s>    ( WDBNDRY_B 0 -1.256e+05 1.231e+02 5.440e+02
s>        ( - -1.235e+05 21 0)
s>        ( - -1.976e+03 3 0))INFO: dtree.c(1315): Comp split 35
INFO: dtree.c(1315): Comp split 36
INFO: dtree.c(1439): stop. leaf nodes are specific
INFO: dtree.c(1478): Final simple tree
|( QUESTION19 1 -1.293e+04 1.090e+02 5.745e+01
|    ( WDBNDRY_E 0 -5.988e+03 7.692e+01 2.700e+01
|        ( - -3.043e+03 5 0)
|        ( - -2.868e+03 5 0))
|    ( WDBNDRY_E 0 -6.834e+03 1.240e+02 3.045e+01
|        ( - -1.417e+03 1 0)
|        ( QUESTION0_2_R 1 -5.293e+03 8.915e+01 2.344e+01
|            ( QUESTION0_5_R 1 -3.909e+03 8.747e+01 1.744e+01
|                ( - -5.835e+02 2 0)
|                ( QUESTION0_3_R 1 -3.238e+03 7.906e+01 1.444e+01
|                    ( - -2.549e+03 3 0)
|                    ( - -6.098e+02 2 0)))
|            ( - -1.295e+03 3 0))))
s>    ( QUESTION19 1 -1.293e+04 1.090e+02 5.745e+01
s>        ( WDBNDRY_E 0 -5.988e+03 7.692e+01 2.700e+01
s>            ( - -3.043e+03 5 0)
s>            ( - -2.868e+03 5 0))
s>        ( WDBNDRY_E 0 -6.834e+03 1.240e+02 3.045e+01
s>            ( - -1.417e+03 1 0)
s>            ( QUESTION0_2_R 1 -5.293e+03 8.915e+01 2.344e+01
s>                ( QUESTION0_5_R 1 -3.909e+03 8.747e+01 1.744e+01
s>                    ( - -5.835e+02 2 0)
s>                    ( QUESTION0_3_R 1 -3.238e+03 7.906e+01 1.444e+01
s>                        ( - -2.549e+03 3 0)
s>                        ( - -6.098e+02 2 0)))
s>                ( - -1.295e+03 3 0))))INFO: dtree.c(1315): Comp split 37
INFO: dtree.c(1439): stop. leaf nodes are specific
INFO: dtree.c(1478): Final simple tree
|( QUESTION17 -1 -2.320e+03 1.233e+02 1.100e+01
|    ( - -1.185e+03 2 0)
|    ( - -1.012e+03 1 0))
s>    ( QUESTION17 -1 -2.320e+03 1.233e+02 1.100e+01
s>        ( - -1.185e+03 2 0)
s>        ( - -1.012e+03 1 0))INFO: dtree.c(1315): Comp split 38
INFO: dtree.c(1315): Comp split 39
INFO: dtree.c(1439): stop. leaf nodes are specific
INFO: dtree.c(1478): Final simple tree
|( QUESTION19 1 -1.138e+04 1.032e+02 5.044e+01
|    ( WDBNDRY_E 0 -5.988e+03 7.692e+01 2.700e+01
|        ( - -3.043e+03 5 0)
|        ( - -2.868e+03 5 0))
|    ( QUESTION0_2_R 1 -5.293e+03 8.915e+01 2.344e+01
|        ( QUESTION0_5_R 1 -3.909e+03 8.747e+01 1.744e+01
|            ( - -5.835e+02 2 0)
|            ( QUESTION0_3_R 1 -3.238e+03 7.906e+01 1.444e+01
|                ( - -2.549e+03 3 0)
|                ( - -6.098e+02 2 0)))
|        ( - -1.295e+03 3 0)))
s>    ( QUESTION19 1 -1.138e+04 1.032e+02 5.044e+01
s>        ( WDBNDRY_E 0 -5.988e+03 7.692e+01 2.700e+01
s>            ( - -3.043e+03 5 0)
s>            ( - -2.868e+03 5 0))
s>        ( QUESTION0_2_R 1 -5.293e+03 8.915e+01 2.344e+01
s>            ( QUESTION0_5_R 1 -3.909e+03 8.747e+01 1.744e+01
s>                ( - -5.835e+02 2 0)
s>                ( QUESTION0_3_R 1 -3.238e+03 7.906e+01 1.444e+01
s>                    ( - -2.549e+03 3 0)
s>                    ( - -6.098e+02 2 0)))
s>            ( - -1.295e+03 3 0)))INFO: dtree.c(1315): Comp split 40
INFO: dtree.c(1315): Comp split 41
INFO: dtree.c(1315): Comp split 42
INFO: dtree.c(1439): stop. leaf nodes are specific
INFO: dtree.c(1478): Final simple tree
|( WDBNDRY_B 0 -1.207e+05 8.932e+01 5.354e+02
|    ( - -1.056e+03 3 0)
|    ( - -1.196e+05 6 0))
s>    ( WDBNDRY_B 0 -1.207e+05 8.932e+01 5.354e+02
s>        ( - -1.056e+03 3 0)
s>        ( - -1.196e+05 6 0))INFO: dtree.c(1315): Comp split 43
INFO: dtree.c(1315): Comp split 44
INFO: dtree.c(1315): Comp split 45
INFO: dtree.c(1439): stop. leaf nodes are specific
INFO: dtree.c(1478): Final simple tree
|( QUESTION0_5_R 1 -3.221e+03 8.849e+01 1.444e+01
|    ( - -5.835e+02 2 0)
|    ( - -2.549e+03 3 0))
s>    ( QUESTION0_5_R 1 -3.221e+03 8.849e+01 1.444e+01
s>        ( - -5.835e+02 2 0)
s>        ( - -2.549e+03 3 0))INFO: dtree.c(1439): stop. leaf nodes are specific
INFO: dtree.c(1478): Final simple tree
|( QUESTION0_2_R 1 -8.059e+03 8.950e+01 3.600e+01
|    ( QUESTION0_3_R 1 -6.674e+03 7.652e+01 3.000e+01
|        ( WDBNDRY_E 0 -5.988e+03 7.692e+01 2.700e+01
|            ( - -3.043e+03 5 0)
|            ( - -2.868e+03 5 0))
|        ( - -6.098e+02 2 0))
|    ( - -1.295e+03 3 0))
s>    ( QUESTION0_2_R 1 -8.059e+03 8.950e+01 3.600e+01
s>        ( QUESTION0_3_R 1 -6.674e+03 7.652e+01 3.000e+01
s>            ( WDBNDRY_E 0 -5.988e+03 7.692e+01 2.700e+01
s>                ( - -3.043e+03 5 0)
s>                ( - -2.868e+03 5 0))
s>            ( - -6.098e+02 2 0))
s>        ( - -1.295e+03 3 0))INFO: dtree.c(1315): Comp split 46
INFO: dtree.c(1439): stop. leaf nodes are specific
INFO: dtree.c(1478): Final simple tree
|( QUESTION0_3_R 1 -6.674e+03 7.652e+01 3.000e+01
|    ( WDBNDRY_E 0 -5.988e+03 7.692e+01 2.700e+01
|        ( - -3.043e+03 5 0)
|        ( - -2.868e+03 5 0))
|    ( - -6.098e+02 2 0))
s>    ( QUESTION0_3_R 1 -6.674e+03 7.652e+01 3.000e+01
s>        ( WDBNDRY_E 0 -5.988e+03 7.692e+01 2.700e+01
s>            ( - -3.043e+03 5 0)
s>            ( - -2.868e+03 5 0))
s>        ( - -6.098e+02 2 0))INFO: dtree.c(1315): Comp split 47
INFO: dtree.c(1315): Comp split 48
INFO: dtree.c(1315): Comp split 49
INFO: dtree.c(1439): stop. leaf nodes are specific
INFO: dtree.c(1478): Final simple tree
|( WDBNDRY_E 0 -3.729e+03 7.623e+01 1.700e+01
|    ( - -3.043e+03 5 0)
|    ( - -6.098e+02 2 0))
s>    ( WDBNDRY_E 0 -3.729e+03 7.623e+01 1.700e+01
s>        ( - -3.043e+03 5 0)
s>        ( - -6.098e+02 2 0))INFO: dtree.c(1315): Comp split 50
INFO: dtree.c(1315): Comp split 51
INFO: dtree.c(1318): stop. leaf nodes are specific
Wed Mar 15 21:02:50 2023
