Current configuration:
[NAME]		[DEFLT]	[VALUE]
-allphones	no	no
-cntthresh	0.00001	1.000000e-05
-csplitmax	100	2000
-csplitmin	1	1
-csplitthr	8e-4	0.000000e+00
-example	no	no
-fullvar	no	no
-help		no	no
-meanfn			/home/lucija/Documents/Zadnji semestar/ROGJ/Prezentacije/CMUspinx/tutorial/model_parameters/my_db.cd_cont_untied/means
-mixwfn			/home/lucija/Documents/Zadnji semestar/ROGJ/Prezentacije/CMUspinx/tutorial/model_parameters/my_db.cd_cont_untied/mixture_weights
-moddeffn		/home/lucija/Documents/Zadnji semestar/ROGJ/Prezentacije/CMUspinx/tutorial/model_architecture/my_db.untied.mdef
-mwfloor	1e-4	1.000000e-08
-phone			f
-psetfn			/home/lucija/Documents/Zadnji semestar/ROGJ/Prezentacije/CMUspinx/tutorial/model_architecture/my_db.tree_questions
-ssplitmax	5	7
-ssplitmin	1	1
-ssplitthr	8e-4	0.000000e+00
-state			2
-stwt			1.0,0.05,0.0,
-treefn			/home/lucija/Documents/Zadnji semestar/ROGJ/Prezentacije/CMUspinx/tutorial/trees/my_db.unpruned/f-2.dtree
-ts2cbfn	.semi.	.cont.
-varfloor	0.00001	1.000000e-05
-varfn			/home/lucija/Documents/Zadnji semestar/ROGJ/Prezentacije/CMUspinx/tutorial/model_parameters/my_db.cd_cont_untied/variances

INFO: main.c(223): Reading: /home/lucija/Documents/Zadnji semestar/ROGJ/Prezentacije/CMUspinx/tutorial/model_architecture/my_db.untied.mdef
INFO: model_def_io.c(573): Model definition info:
INFO: model_def_io.c(574): 10256 total models defined (32 base, 10224 tri)
INFO: model_def_io.c(575): 41024 total states
INFO: model_def_io.c(576): 30768 total tied states
INFO: model_def_io.c(577): 96 total tied CI states
INFO: model_def_io.c(578): 32 total tied transition matrices
INFO: model_def_io.c(579): 4 max state/model
INFO: model_def_io.c(580): 4 min state/model
INFO: main.c(242): Building trees for [f NOISE a b] through [f z i b]
INFO: main.c(268): Covering states |[8961 9137]| == 177
INFO: main.c(275): Reading: /home/lucija/Documents/Zadnji semestar/ROGJ/Prezentacije/CMUspinx/tutorial/model_parameters/my_db.cd_cont_untied/mixture_weights
INFO: s3mixw_io.c(172): Read /home/lucija/Documents/Zadnji semestar/ROGJ/Prezentacije/CMUspinx/tutorial/model_parameters/my_db.cd_cont_untied/mixture_weights [177x1x1 array]
INFO: main.c(311): 59 of 59 models have observation count greater than 0.000010
INFO: main.c(95): nrm stwt: 0.000 0.048 0.952 
INFO: s3gau_io.c(168): Read /home/lucija/Documents/Zadnji semestar/ROGJ/Prezentacije/CMUspinx/tutorial/model_parameters/my_db.cd_cont_untied/means [30768x1x1 array]
INFO: s3gau_io.c(168): Read /home/lucija/Documents/Zadnji semestar/ROGJ/Prezentacije/CMUspinx/tutorial/model_parameters/my_db.cd_cont_untied/variances [30768x1x1 array]
INFO: main.c(549): Reading: /home/lucija/Documents/Zadnji semestar/ROGJ/Prezentacije/CMUspinx/tutorial/model_architecture/my_db.tree_questions
INFO: main.c(587): 180 total simple questions (172 phone; 8 word bndry)
INFO: main.c(589): 42 Left Only questions, and 42 Right Only questions
INFO: dtree.c(1478): Final simple tree
|( QUESTION14 1 -9.692e+04 6.155e+02 4.355e+02
|    ( - -3.875e+04 17 0 QUESTION0 -1 2.072e+02 1.745e+02)
|    ( SILENCE 1 -5.755e+04 4.962e+02 2.609e+02
|        ( - 2.411e+02 1 0)
|        ( QUESTION0_13_R 1 -5.730e+04 4.693e+02 2.599e+02
|            ( - 2.425e+02 1 0)
|            ( WDBNDRY_B 0 -5.707e+04 2.904e+02 2.589e+02
|                ( QUESTION2_15_L -1 -1.460e+04 2.547e+02 6.595e+01
|                    ( - -1.888e+02 1 0)
|                    ( - -1.416e+04 18 0 QUESTION13 -1 1.639e+02 6.395e+01))
|                ( QUESTION2 -1 -4.218e+04 2.740e+02 1.930e+02
|                    ( - -5.263e+03 1 0)
|                    ( QUESTION0 -1 -3.664e+04 2.149e+02 1.671e+02
|                        ( - -2.435e+04 16 0 WDBNDRY_E 0 1.468e+02 1.112e+02)
|                        ( - -1.208e+04 4 0)))))))
s>    ( QUESTION14 1 -9.692e+04 6.155e+02 4.355e+02
s>        ( - -3.875e+04 17 0 QUESTION0 -1 2.072e+02 1.745e+02)
s>        ( SILENCE 1 -5.755e+04 4.962e+02 2.609e+02
s>            ( - 2.411e+02 1 0)
s>            ( QUESTION0_13_R 1 -5.730e+04 4.693e+02 2.599e+02
s>                ( - 2.425e+02 1 0)
s>                ( WDBNDRY_B 0 -5.707e+04 2.904e+02 2.589e+02
s>                    ( QUESTION2_15_L -1 -1.460e+04 2.547e+02 6.595e+01
s>                        ( - -1.888e+02 1 0)
s>                        ( - -1.416e+04 18 0 QUESTION13 -1 1.639e+02 6.395e+01))
s>                    ( QUESTION2 -1 -4.218e+04 2.740e+02 1.930e+02
s>                        ( - -5.263e+03 1 0)
s>                        ( QUESTION0 -1 -3.664e+04 2.149e+02 1.671e+02
s>                            ( - -2.435e+04 16 0 WDBNDRY_E 0 1.468e+02 1.112e+02)
s>                            ( - -1.208e+04 4 0)))))))INFO: dtree.c(1315): Comp split 0
INFO: dtree.c(1478): Final simple tree
|( SILENCE 1 -5.733e+04 4.964e+02 2.599e+02
|    ( - 2.411e+02 1 0)
|    ( WDBNDRY_B 0 -5.707e+04 2.904e+02 2.589e+02
|        ( QUESTION2_15_L -1 -1.460e+04 2.547e+02 6.595e+01
|            ( - -1.888e+02 1 0)
|            ( QUESTION13 -1 -1.416e+04 1.639e+02 6.395e+01
|                ( - -2.827e+02 1 0)
|                ( QUESTION3 -1 -1.371e+04 1.483e+02 6.195e+01
|                    ( - -1.032e+03 3 0)
|                    ( - -1.253e+04 14 0 QUESTION12 -1 1.376e+02 5.695e+01))))
|        ( QUESTION2 -1 -4.218e+04 2.740e+02 1.930e+02
|            ( - -5.263e+03 1 0)
|            ( QUESTION0 -1 -3.664e+04 2.149e+02 1.671e+02
|                ( - -2.435e+04 16 0 WDBNDRY_E 0 1.468e+02 1.112e+02)
|                ( - -1.208e+04 4 0)))))
s>    ( SILENCE 1 -5.733e+04 4.964e+02 2.599e+02
s>        ( - 2.411e+02 1 0)
s>        ( WDBNDRY_B 0 -5.707e+04 2.904e+02 2.589e+02
s>            ( QUESTION2_15_L -1 -1.460e+04 2.547e+02 6.595e+01
s>                ( - -1.888e+02 1 0)
s>                ( QUESTION13 -1 -1.416e+04 1.639e+02 6.395e+01
s>                    ( - -2.827e+02 1 0)
s>                    ( QUESTION3 -1 -1.371e+04 1.483e+02 6.195e+01
s>                        ( - -1.032e+03 3 0)
s>                        ( - -1.253e+04 14 0 QUESTION12 -1 1.376e+02 5.695e+01))))
s>            ( QUESTION2 -1 -4.218e+04 2.740e+02 1.930e+02
s>                ( - -5.263e+03 1 0)
s>                ( QUESTION0 -1 -3.664e+04 2.149e+02 1.671e+02
s>                    ( - -2.435e+04 16 0 WDBNDRY_E 0 1.468e+02 1.112e+02)
s>                    ( - -1.208e+04 4 0)))))INFO: dtree.c(1478): Final simple tree
|( QUESTION0_13_R 1 -3.898e+04 4.669e+02 1.755e+02
|    ( - 2.425e+02 1 0)
|    ( QUESTION0 -1 -3.875e+04 2.072e+02 1.745e+02
|        ( WDBNDRY_E 0 -1.556e+04 1.726e+02 6.896e+01
|            ( - -2.669e+02 1 0)
|            ( - -1.512e+04 7 0 WDBNDRY_B 0 1.173e+02 6.696e+01))
|        ( QUESTION2_19_L -1 -2.299e+04 1.734e+02 1.056e+02
|            ( - -2.819e+02 1 0)
|            ( QUESTION2 -1 -2.253e+04 1.636e+02 1.036e+02
|                ( - -1.077e+04 1 0)
|                ( QUESTION15 -1 -1.159e+04 1.590e+02 5.302e+01
|                    ( - -4.583e+02 1 0)
|                    ( WDBNDRY_B 0 -1.098e+04 1.503e+02 5.002e+01
|                        ( - -1.051e+04 5 0 SILENCE -1 8.753e+01 4.802e+01)
|                        ( - -3.201e+02 1 0)))))))
s>    ( QUESTION0_13_R 1 -3.898e+04 4.669e+02 1.755e+02
s>        ( - 2.425e+02 1 0)
s>        ( QUESTION0 -1 -3.875e+04 2.072e+02 1.745e+02
s>            ( WDBNDRY_E 0 -1.556e+04 1.726e+02 6.896e+01
s>                ( - -2.669e+02 1 0)
s>                ( - -1.512e+04 7 0 WDBNDRY_B 0 1.173e+02 6.696e+01))
s>            ( QUESTION2_19_L -1 -2.299e+04 1.734e+02 1.056e+02
s>                ( - -2.819e+02 1 0)
s>                ( QUESTION2 -1 -2.253e+04 1.636e+02 1.036e+02
s>                    ( - -1.077e+04 1 0)
s>                    ( QUESTION15 -1 -1.159e+04 1.590e+02 5.302e+01
s>                        ( - -4.583e+02 1 0)
s>                        ( WDBNDRY_B 0 -1.098e+04 1.503e+02 5.002e+01
s>                            ( - -1.051e+04 5 0 SILENCE -1 8.753e+01 4.802e+01)
s>                            ( - -3.201e+02 1 0)))))))INFO: dtree.c(1315): Comp split 1
INFO: dtree.c(1478): Final simple tree
|( WDBNDRY_B 0 -5.707e+04 2.904e+02 2.589e+02
|    ( QUESTION2_15_L -1 -1.460e+04 2.547e+02 6.595e+01
|        ( - -1.888e+02 1 0)
|        ( QUESTION13 -1 -1.416e+04 1.639e+02 6.395e+01
|            ( - -2.827e+02 1 0)
|            ( QUESTION3 -1 -1.371e+04 1.483e+02 6.195e+01
|                ( - -1.032e+03 3 0)
|                ( - -1.253e+04 14 0 QUESTION12 -1 1.376e+02 5.695e+01))))
|    ( QUESTION2 -1 -4.218e+04 2.740e+02 1.930e+02
|        ( - -5.263e+03 1 0)
|        ( QUESTION0 -1 -3.664e+04 2.149e+02 1.671e+02
|            ( WDBNDRY_E 0 -2.435e+04 1.468e+02 1.112e+02
|                ( - -9.699e+02 2 0 QUESTION0_0_R 1 2.236e+02 5.000e+00)
|                ( - -2.323e+04 14 0 QUESTION0_6_R 1 4.931e+02 1.062e+02))
|            ( - -1.208e+04 4 0))))
s>    ( WDBNDRY_B 0 -5.707e+04 2.904e+02 2.589e+02
s>        ( QUESTION2_15_L -1 -1.460e+04 2.547e+02 6.595e+01
s>            ( - -1.888e+02 1 0)
s>            ( QUESTION13 -1 -1.416e+04 1.639e+02 6.395e+01
s>                ( - -2.827e+02 1 0)
s>                ( QUESTION3 -1 -1.371e+04 1.483e+02 6.195e+01
s>                    ( - -1.032e+03 3 0)
s>                    ( - -1.253e+04 14 0 QUESTION12 -1 1.376e+02 5.695e+01))))
s>        ( QUESTION2 -1 -4.218e+04 2.740e+02 1.930e+02
s>            ( - -5.263e+03 1 0)
s>            ( QUESTION0 -1 -3.664e+04 2.149e+02 1.671e+02
s>                ( WDBNDRY_E 0 -2.435e+04 1.468e+02 1.112e+02
s>                    ( - -9.699e+02 2 0 QUESTION0_0_R 1 2.236e+02 5.000e+00)
s>                    ( - -2.323e+04 14 0 QUESTION0_6_R 1 4.931e+02 1.062e+02))
s>                ( - -1.208e+04 4 0))))INFO: dtree.c(1315): Comp split 2
INFO: dtree.c(1478): Final simple tree
|( QUESTION0 -1 -3.875e+04 2.072e+02 1.745e+02
|    ( WDBNDRY_E 0 -1.556e+04 1.726e+02 6.896e+01
|        ( - -2.669e+02 1 0)
|        ( WDBNDRY_B 0 -1.512e+04 1.173e+02 6.696e+01
|            ( - -1.396e+04 6 0)
|            ( - -1.044e+03 1 0)))
|    ( QUESTION2_19_L -1 -2.299e+04 1.734e+02 1.056e+02
|        ( - -2.819e+02 1 0)
|        ( QUESTION2 -1 -2.253e+04 1.636e+02 1.036e+02
|            ( - -1.077e+04 1 0)
|            ( QUESTION15 -1 -1.159e+04 1.590e+02 5.302e+01
|                ( - -4.583e+02 1 0)
|                ( WDBNDRY_B 0 -1.098e+04 1.503e+02 5.002e+01
|                    ( - -1.051e+04 5 0 SILENCE -1 8.753e+01 4.802e+01)
|                    ( - -3.201e+02 1 0))))))
s>    ( QUESTION0 -1 -3.875e+04 2.072e+02 1.745e+02
s>        ( WDBNDRY_E 0 -1.556e+04 1.726e+02 6.896e+01
s>            ( - -2.669e+02 1 0)
s>            ( WDBNDRY_B 0 -1.512e+04 1.173e+02 6.696e+01
s>                ( - -1.396e+04 6 0)
s>                ( - -1.044e+03 1 0)))
s>        ( QUESTION2_19_L -1 -2.299e+04 1.734e+02 1.056e+02
s>            ( - -2.819e+02 1 0)
s>            ( QUESTION2 -1 -2.253e+04 1.636e+02 1.036e+02
s>                ( - -1.077e+04 1 0)
s>                ( QUESTION15 -1 -1.159e+04 1.590e+02 5.302e+01
s>                    ( - -4.583e+02 1 0)
s>                    ( WDBNDRY_B 0 -1.098e+04 1.503e+02 5.002e+01
s>                        ( - -1.051e+04 5 0 SILENCE -1 8.753e+01 4.802e+01)
s>                        ( - -3.201e+02 1 0))))))INFO: dtree.c(1315): Comp split 3
INFO: dtree.c(1439): stop. leaf nodes are specific
INFO: dtree.c(1478): Final simple tree
|( QUESTION2_15_L -1 -1.297e+04 2.527e+02 5.895e+01
|    ( - -1.888e+02 1 0)
|    ( QUESTION12 -1 -1.253e+04 1.376e+02 5.695e+01
|        ( - -5.424e+02 1 0)
|        ( QUESTION0 -1 -1.185e+04 1.291e+02 5.395e+01
|            ( - -1.120e+04 12 0)
|            ( - -5.202e+02 1 0))))
s>    ( QUESTION2_15_L -1 -1.297e+04 2.527e+02 5.895e+01
s>        ( - -1.888e+02 1 0)
s>        ( QUESTION12 -1 -1.253e+04 1.376e+02 5.695e+01
s>            ( - -5.424e+02 1 0)
s>            ( QUESTION0 -1 -1.185e+04 1.291e+02 5.395e+01
s>                ( - -1.120e+04 12 0)
s>                ( - -5.202e+02 1 0))))INFO: dtree.c(1478): Final simple tree
|( QUESTION4 -1 -4.377e+04 2.697e+02 2.000e+02
|    ( - -5.263e+03 1 0)
|    ( QUESTION13 -1 -3.824e+04 1.999e+02 1.741e+02
|        ( WDBNDRY_B 0 -1.253e+04 1.674e+02 5.789e+01
|            ( - -2.827e+02 1 0)
|            ( - -1.208e+04 4 0))
|        ( WDBNDRY_E 0 -2.552e+04 1.465e+02 1.162e+02
|            ( QUESTION0_0_R 1 -9.699e+02 2.236e+02 5.000e+00
|                ( - -5.100e+02 1 0)
|                ( - -2.362e+02 1 0))
|            ( QUESTION0_6_R 1 -2.440e+04 4.899e+02 1.112e+02
|                ( - 2.419e+02 1 0)
|                ( WDBNDRY_B 0 -2.415e+04 1.373e+02 1.102e+02
|                    ( - -1.032e+03 3 0)
|                    ( - -2.298e+04 13 0 QUESTION0_0_R 1 1.063e+02 1.052e+02))))))
s>    ( QUESTION4 -1 -4.377e+04 2.697e+02 2.000e+02
s>        ( - -5.263e+03 1 0)
s>        ( QUESTION13 -1 -3.824e+04 1.999e+02 1.741e+02
s>            ( WDBNDRY_B 0 -1.253e+04 1.674e+02 5.789e+01
s>                ( - -2.827e+02 1 0)
s>                ( - -1.208e+04 4 0))
s>            ( WDBNDRY_E 0 -2.552e+04 1.465e+02 1.162e+02
s>                ( QUESTION0_0_R 1 -9.699e+02 2.236e+02 5.000e+00
s>                    ( - -5.100e+02 1 0)
s>                    ( - -2.362e+02 1 0))
s>                ( QUESTION0_6_R 1 -2.440e+04 4.899e+02 1.112e+02
s>                    ( - 2.419e+02 1 0)
s>                    ( WDBNDRY_B 0 -2.415e+04 1.373e+02 1.102e+02
s>                        ( - -1.032e+03 3 0)
s>                        ( - -2.298e+04 13 0 QUESTION0_0_R 1 1.063e+02 1.052e+02))))))INFO: dtree.c(1315): Comp split 4
INFO: dtree.c(1478): Final simple tree
|( QUESTION4 -1 -4.353e+04 2.692e+02 1.990e+02
|    ( - -5.263e+03 1 0)
|    ( QUESTION13 -1 -3.800e+04 1.996e+02 1.731e+02
|        ( WDBNDRY_B 0 -1.253e+04 1.674e+02 5.789e+01
|            ( - -2.827e+02 1 0)
|            ( - -1.208e+04 4 0))
|        ( QUESTION0_6_R 1 -2.527e+04 1.931e+02 1.152e+02
|            ( - -2.362e+02 1 0)
|            ( WDBNDRY_E 0 -2.484e+04 1.797e+02 1.132e+02
|                ( - -5.100e+02 1 0)
|                ( WDBNDRY_B 0 -2.415e+04 1.373e+02 1.102e+02
|                    ( - -1.032e+03 3 0)
|                    ( QUESTION0_0_R 1 -2.298e+04 1.063e+02 1.052e+02
|                        ( - -2.228e+04 11 0)
|                        ( - -5.936e+02 2 0)))))))
s>    ( QUESTION4 -1 -4.353e+04 2.692e+02 1.990e+02
s>        ( - -5.263e+03 1 0)
s>        ( QUESTION13 -1 -3.800e+04 1.996e+02 1.731e+02
s>            ( WDBNDRY_B 0 -1.253e+04 1.674e+02 5.789e+01
s>                ( - -2.827e+02 1 0)
s>                ( - -1.208e+04 4 0))
s>            ( QUESTION0_6_R 1 -2.527e+04 1.931e+02 1.152e+02
s>                ( - -2.362e+02 1 0)
s>                ( WDBNDRY_E 0 -2.484e+04 1.797e+02 1.132e+02
s>                    ( - -5.100e+02 1 0)
s>                    ( WDBNDRY_B 0 -2.415e+04 1.373e+02 1.102e+02
s>                        ( - -1.032e+03 3 0)
s>                        ( QUESTION0_0_R 1 -2.298e+04 1.063e+02 1.052e+02
s>                            ( - -2.228e+04 11 0)
s>                            ( - -5.936e+02 2 0)))))))INFO: dtree.c(1315): Comp split 5
INFO: dtree.c(1439): stop. leaf nodes are specific
INFO: dtree.c(1478): Final simple tree
|( QUESTION13 -1 -3.756e+04 2.095e+02 1.711e+02
|    ( - -1.208e+04 4 0)
|    ( QUESTION0_6_R 1 -2.527e+04 1.931e+02 1.152e+02
|        ( - -2.362e+02 1 0)
|        ( WDBNDRY_E 0 -2.484e+04 1.797e+02 1.132e+02
|            ( - -5.100e+02 1 0)
|            ( WDBNDRY_B 0 -2.415e+04 1.373e+02 1.102e+02
|                ( - -1.032e+03 3 0)
|                ( QUESTION0_0_R 1 -2.298e+04 1.063e+02 1.052e+02
|                    ( - -2.228e+04 11 0)
|                    ( - -5.936e+02 2 0))))))
s>    ( QUESTION13 -1 -3.756e+04 2.095e+02 1.711e+02
s>        ( - -1.208e+04 4 0)
s>        ( QUESTION0_6_R 1 -2.527e+04 1.931e+02 1.152e+02
s>            ( - -2.362e+02 1 0)
s>            ( WDBNDRY_E 0 -2.484e+04 1.797e+02 1.132e+02
s>                ( - -5.100e+02 1 0)
s>                ( WDBNDRY_B 0 -2.415e+04 1.373e+02 1.102e+02
s>                    ( - -1.032e+03 3 0)
s>                    ( QUESTION0_0_R 1 -2.298e+04 1.063e+02 1.052e+02
s>                        ( - -2.228e+04 11 0)
s>                        ( - -5.936e+02 2 0))))))INFO: dtree.c(1439): stop. leaf nodes are specific
INFO: dtree.c(1478): Final simple tree
|( WDBNDRY_B 0 -5.698e+03 1.531e+02 2.785e+01
|    ( - -2.827e+02 1 0)
|    ( - -5.263e+03 1 0))
s>    ( WDBNDRY_B 0 -5.698e+03 1.531e+02 2.785e+01
s>        ( - -2.827e+02 1 0)
s>        ( - -5.263e+03 1 0))INFO: dtree.c(1315): Comp split 6
INFO: dtree.c(1439): stop. leaf nodes are specific
INFO: dtree.c(1478): Final simple tree
|( QUESTION12 -1 -1.253e+04 1.376e+02 5.695e+01
|    ( - -5.424e+02 1 0)
|    ( QUESTION0 -1 -1.185e+04 1.291e+02 5.395e+01
|        ( - -1.120e+04 12 0)
|        ( - -5.202e+02 1 0)))
s>    ( QUESTION12 -1 -1.253e+04 1.376e+02 5.695e+01
s>        ( - -5.424e+02 1 0)
s>        ( QUESTION0 -1 -1.185e+04 1.291e+02 5.395e+01
s>            ( - -1.120e+04 12 0)
s>            ( - -5.202e+02 1 0)))INFO: dtree.c(1315): Comp split 7
INFO: dtree.c(1439): stop. leaf nodes are specific
INFO: dtree.c(1478): Final simple tree
|( QUESTION2 -1 -2.144e+04 1.650e+02 9.858e+01
|    ( - -1.077e+04 1 0)
|    ( SILENCE -1 -1.051e+04 8.753e+01 4.802e+01
|        ( - -6.025e+02 1 0)
|        ( - -9.816e+03 4 0)))
s>    ( QUESTION2 -1 -2.144e+04 1.650e+02 9.858e+01
s>        ( - -1.077e+04 1 0)
s>        ( SILENCE -1 -1.051e+04 8.753e+01 4.802e+01
s>            ( - -6.025e+02 1 0)
s>            ( - -9.816e+03 4 0)))INFO: dtree.c(1439): stop. leaf nodes are specific
INFO: dtree.c(1478): Final simple tree
|( WDBNDRY_E 0 -1.709e+04 1.733e+02 7.596e+01
|    ( - -2.669e+02 1 0)
|    ( QUESTION2_19_L -1 -1.665e+04 1.695e+02 7.396e+01
|        ( - -2.819e+02 1 0)
|        ( QUESTION15 -1 -1.620e+04 1.629e+02 7.196e+01
|            ( - -4.583e+02 1 0)
|            ( QUESTION0 -1 -1.558e+04 1.374e+02 6.896e+01
|                ( WDBNDRY_B 0 -1.512e+04 1.173e+02 6.696e+01
|                    ( - -1.396e+04 6 0)
|                    ( - -1.044e+03 1 0))
|                ( - -3.201e+02 1 0)))))
s>    ( WDBNDRY_E 0 -1.709e+04 1.733e+02 7.596e+01
s>        ( - -2.669e+02 1 0)
s>        ( QUESTION2_19_L -1 -1.665e+04 1.695e+02 7.396e+01
s>            ( - -2.819e+02 1 0)
s>            ( QUESTION15 -1 -1.620e+04 1.629e+02 7.196e+01
s>                ( - -4.583e+02 1 0)
s>                ( QUESTION0 -1 -1.558e+04 1.374e+02 6.896e+01
s>                    ( WDBNDRY_B 0 -1.512e+04 1.173e+02 6.696e+01
s>                        ( - -1.396e+04 6 0)
s>                        ( - -1.044e+03 1 0))
s>                    ( - -3.201e+02 1 0)))))INFO: dtree.c(1315): Comp split 8
INFO: dtree.c(1439): stop. leaf nodes are specific
INFO: dtree.c(1478): Final simple tree
|( QUESTION0_6_R 1 -1.506e+04 1.939e+02 6.889e+01
|    ( - -2.362e+02 1 0)
|    ( WDBNDRY_E 0 -1.463e+04 1.763e+02 6.689e+01
|        ( - -5.100e+02 1 0)
|        ( WDBNDRY_B 0 -1.395e+04 1.395e+02 6.389e+01
|            ( - -1.032e+03 3 0)
|            ( QUESTION0_0_R 1 -1.277e+04 1.053e+02 5.889e+01
|                ( - -1.208e+04 4 0)
|                ( - -5.936e+02 2 0)))))
s>    ( QUESTION0_6_R 1 -1.506e+04 1.939e+02 6.889e+01
s>        ( - -2.362e+02 1 0)
s>        ( WDBNDRY_E 0 -1.463e+04 1.763e+02 6.689e+01
s>            ( - -5.100e+02 1 0)
s>            ( WDBNDRY_B 0 -1.395e+04 1.395e+02 6.389e+01
s>                ( - -1.032e+03 3 0)
s>                ( QUESTION0_0_R 1 -1.277e+04 1.053e+02 5.889e+01
s>                    ( - -1.208e+04 4 0)
s>                    ( - -5.936e+02 2 0)))))INFO: dtree.c(1315): Comp split 9
INFO: dtree.c(1439): stop. leaf nodes are specific
INFO: dtree.c(1478): Final simple tree
|( WDBNDRY_E 0 -1.463e+04 1.763e+02 6.689e+01
|    ( - -5.100e+02 1 0)
|    ( WDBNDRY_B 0 -1.395e+04 1.395e+02 6.389e+01
|        ( - -1.032e+03 3 0)
|        ( QUESTION0_0_R 1 -1.277e+04 1.053e+02 5.889e+01
|            ( - -1.208e+04 4 0)
|            ( - -5.936e+02 2 0))))
s>    ( WDBNDRY_E 0 -1.463e+04 1.763e+02 6.689e+01
s>        ( - -5.100e+02 1 0)
s>        ( WDBNDRY_B 0 -1.395e+04 1.395e+02 6.389e+01
s>            ( - -1.032e+03 3 0)
s>            ( QUESTION0_0_R 1 -1.277e+04 1.053e+02 5.889e+01
s>                ( - -1.208e+04 4 0)
s>                ( - -5.936e+02 2 0))))INFO: dtree.c(1315): Comp split 10
INFO: dtree.c(1439): stop. leaf nodes are specific
INFO: dtree.c(1478): Final simple tree
|( WDBNDRY_B 0 -1.395e+04 1.395e+02 6.389e+01
|    ( - -1.032e+03 3 0)
|    ( QUESTION0_0_R 1 -1.277e+04 1.053e+02 5.889e+01
|        ( - -1.208e+04 4 0)
|        ( - -5.936e+02 2 0)))
s>    ( WDBNDRY_B 0 -1.395e+04 1.395e+02 6.389e+01
s>        ( - -1.032e+03 3 0)
s>        ( QUESTION0_0_R 1 -1.277e+04 1.053e+02 5.889e+01
s>            ( - -1.208e+04 4 0)
s>            ( - -5.936e+02 2 0)))INFO: dtree.c(1315): Comp split 11
INFO: dtree.c(1439): stop. leaf nodes are specific
INFO: dtree.c(1478): Final simple tree
|( QUESTION2_19_L -1 -1.665e+04 1.695e+02 7.396e+01
|    ( - -2.819e+02 1 0)
|    ( QUESTION15 -1 -1.620e+04 1.629e+02 7.196e+01
|        ( - -4.583e+02 1 0)
|        ( QUESTION0 -1 -1.558e+04 1.374e+02 6.896e+01
|            ( WDBNDRY_B 0 -1.512e+04 1.173e+02 6.696e+01
|                ( - -1.396e+04 6 0)
|                ( - -1.044e+03 1 0))
|            ( - -3.201e+02 1 0))))
s>    ( QUESTION2_19_L -1 -1.665e+04 1.695e+02 7.396e+01
s>        ( - -2.819e+02 1 0)
s>        ( QUESTION15 -1 -1.620e+04 1.629e+02 7.196e+01
s>            ( - -4.583e+02 1 0)
s>            ( QUESTION0 -1 -1.558e+04 1.374e+02 6.896e+01
s>                ( WDBNDRY_B 0 -1.512e+04 1.173e+02 6.696e+01
s>                    ( - -1.396e+04 6 0)
s>                    ( - -1.044e+03 1 0))
s>                ( - -3.201e+02 1 0))))INFO: dtree.c(1315): Comp split 12
INFO: dtree.c(1439): stop. leaf nodes are specific
INFO: dtree.c(1478): Final simple tree
|( QUESTION15 -1 -1.620e+04 1.629e+02 7.196e+01
|    ( - -4.583e+02 1 0)
|    ( QUESTION0 -1 -1.558e+04 1.374e+02 6.896e+01
|        ( WDBNDRY_B 0 -1.512e+04 1.173e+02 6.696e+01
|            ( - -1.396e+04 6 0)
|            ( - -1.044e+03 1 0))
|        ( - -3.201e+02 1 0)))
s>    ( QUESTION15 -1 -1.620e+04 1.629e+02 7.196e+01
s>        ( - -4.583e+02 1 0)
s>        ( QUESTION0 -1 -1.558e+04 1.374e+02 6.896e+01
s>            ( WDBNDRY_B 0 -1.512e+04 1.173e+02 6.696e+01
s>                ( - -1.396e+04 6 0)
s>                ( - -1.044e+03 1 0))
s>            ( - -3.201e+02 1 0)))INFO: dtree.c(1315): Comp split 13
INFO: dtree.c(1439): stop. leaf nodes are specific
INFO: dtree.c(1478): Final simple tree
|( SILENCE -1 -1.051e+04 8.753e+01 4.802e+01
|    ( - -6.025e+02 1 0)
|    ( - -9.816e+03 4 0))
s>    ( SILENCE -1 -1.051e+04 8.753e+01 4.802e+01
s>        ( - -6.025e+02 1 0)
s>        ( - -9.816e+03 4 0))INFO: dtree.c(1315): Comp split 14
INFO: dtree.c(1439): stop. leaf nodes are specific
INFO: dtree.c(1478): Final simple tree
|( QUESTION0 -1 -1.558e+04 1.374e+02 6.896e+01
|    ( WDBNDRY_B 0 -1.512e+04 1.173e+02 6.696e+01
|        ( - -1.396e+04 6 0)
|        ( - -1.044e+03 1 0))
|    ( - -3.201e+02 1 0))
s>    ( QUESTION0 -1 -1.558e+04 1.374e+02 6.896e+01
s>        ( WDBNDRY_B 0 -1.512e+04 1.173e+02 6.696e+01
s>            ( - -1.396e+04 6 0)
s>            ( - -1.044e+03 1 0))
s>        ( - -3.201e+02 1 0))INFO: dtree.c(1315): Comp split 15
INFO: dtree.c(1315): Comp split 16
INFO: dtree.c(1439): stop. leaf nodes are specific
INFO: dtree.c(1478): Final simple tree
|( QUESTION0_0_R 1 -1.277e+04 1.053e+02 5.889e+01
|    ( - -1.208e+04 4 0)
|    ( - -5.936e+02 2 0))
s>    ( QUESTION0_0_R 1 -1.277e+04 1.053e+02 5.889e+01
s>        ( - -1.208e+04 4 0)
s>        ( - -5.936e+02 2 0))INFO: dtree.c(1315): Comp split 17
INFO: dtree.c(1439): stop. leaf nodes are specific
INFO: dtree.c(1478): Final simple tree
|( QUESTION0 -1 -1.185e+04 1.291e+02 5.395e+01
|    ( - -1.120e+04 12 0)
|    ( - -5.202e+02 1 0))
s>    ( QUESTION0 -1 -1.185e+04 1.291e+02 5.395e+01
s>        ( - -1.120e+04 12 0)
s>        ( - -5.202e+02 1 0))INFO: dtree.c(1315): Comp split 18
INFO: dtree.c(1439): stop. leaf nodes are specific
INFO: dtree.c(1478): Final simple tree
|( WDBNDRY_B 0 -1.512e+04 1.173e+02 6.696e+01
|    ( - -1.396e+04 6 0)
|    ( - -1.044e+03 1 0))
s>    ( WDBNDRY_B 0 -1.512e+04 1.173e+02 6.696e+01
s>        ( - -1.396e+04 6 0)
s>        ( - -1.044e+03 1 0))INFO: dtree.c(1315): Comp split 19
INFO: dtree.c(1315): Comp split 20
INFO: dtree.c(1315): Comp split 21
INFO: dtree.c(1315): Comp split 22
INFO: dtree.c(1315): Comp split 23
INFO: dtree.c(1318): stop. leaf nodes are specific
Wed Mar 15 21:01:31 2023
