Current configuration:
[NAME]		[DEFLT]	[VALUE]
-allphones	no	no
-cntthresh	0.00001	1.000000e-05
-csplitmax	100	2000
-csplitmin	1	1
-csplitthr	8e-4	0.000000e+00
-example	no	no
-fullvar	no	no
-help		no	no
-meanfn			/home/lucija/Documents/Zadnji semestar/ROGJ/Prezentacije/CMUspinx/tutorial/model_parameters/my_db.cd_cont_untied/means
-mixwfn			/home/lucija/Documents/Zadnji semestar/ROGJ/Prezentacije/CMUspinx/tutorial/model_parameters/my_db.cd_cont_untied/mixture_weights
-moddeffn		/home/lucija/Documents/Zadnji semestar/ROGJ/Prezentacije/CMUspinx/tutorial/model_architecture/my_db.untied.mdef
-mwfloor	1e-4	1.000000e-08
-phone			v
-psetfn			/home/lucija/Documents/Zadnji semestar/ROGJ/Prezentacije/CMUspinx/tutorial/model_architecture/my_db.tree_questions
-ssplitmax	5	7
-ssplitmin	1	1
-ssplitthr	8e-4	0.000000e+00
-state			0
-stwt			1.0,0.05,0.0,
-treefn			/home/lucija/Documents/Zadnji semestar/ROGJ/Prezentacije/CMUspinx/tutorial/trees/my_db.unpruned/v-0.dtree
-ts2cbfn	.semi.	.cont.
-varfloor	0.00001	1.000000e-05
-varfn			/home/lucija/Documents/Zadnji semestar/ROGJ/Prezentacije/CMUspinx/tutorial/model_parameters/my_db.cd_cont_untied/variances

INFO: main.c(223): Reading: /home/lucija/Documents/Zadnji semestar/ROGJ/Prezentacije/CMUspinx/tutorial/model_architecture/my_db.untied.mdef
INFO: model_def_io.c(573): Model definition info:
INFO: model_def_io.c(574): 10256 total models defined (32 base, 10224 tri)
INFO: model_def_io.c(575): 41024 total states
INFO: model_def_io.c(576): 30768 total tied states
INFO: model_def_io.c(577): 96 total tied CI states
INFO: model_def_io.c(578): 32 total tied transition matrices
INFO: model_def_io.c(579): 4 max state/model
INFO: model_def_io.c(580): 4 min state/model
INFO: main.c(242): Building trees for [v NOISE a b] through [v ž i i]
INFO: main.c(268): Covering states |[27873 28691]| == 819
INFO: main.c(275): Reading: /home/lucija/Documents/Zadnji semestar/ROGJ/Prezentacije/CMUspinx/tutorial/model_parameters/my_db.cd_cont_untied/mixture_weights
INFO: s3mixw_io.c(172): Read /home/lucija/Documents/Zadnji semestar/ROGJ/Prezentacije/CMUspinx/tutorial/model_parameters/my_db.cd_cont_untied/mixture_weights [819x1x1 array]
INFO: main.c(311): 273 of 273 models have observation count greater than 0.000010
INFO: main.c(95): nrm stwt: 0.952 0.048 0.000 
INFO: s3gau_io.c(168): Read /home/lucija/Documents/Zadnji semestar/ROGJ/Prezentacije/CMUspinx/tutorial/model_parameters/my_db.cd_cont_untied/means [30768x1x1 array]
INFO: s3gau_io.c(168): Read /home/lucija/Documents/Zadnji semestar/ROGJ/Prezentacije/CMUspinx/tutorial/model_parameters/my_db.cd_cont_untied/variances [30768x1x1 array]
INFO: main.c(549): Reading: /home/lucija/Documents/Zadnji semestar/ROGJ/Prezentacije/CMUspinx/tutorial/model_architecture/my_db.tree_questions
INFO: main.c(587): 180 total simple questions (172 phone; 8 word bndry)
INFO: main.c(589): 42 Left Only questions, and 42 Right Only questions
INFO: dtree.c(1478): Final simple tree
|( QUESTION0 -1 -6.709e+06 3.640e+04 3.028e+04
|    ( WDBNDRY_I 0 -3.804e+06 9.693e+03 1.743e+04
|        ( QUESTION0_9_R 1 -2.766e+06 8.330e+03 1.269e+04
|            ( - -2.788e+05 10 0 QUESTION0_10_R 1 6.571e+02 1.306e+03)
|            ( - -2.479e+06 55 0 QUESTION2_0_L -1 5.962e+03 1.139e+04))
|        ( - -1.028e+06 82 0 QUESTION0 1 1.248e+03 4.737e+03))
|    ( QUESTION2_6_L -1 -2.869e+06 1.950e+04 1.285e+04
|        ( QUESTION16 -1 -1.654e+06 1.444e+04 7.491e+03
|            ( - -9.598e+05 17 0 QUESTION17 -1 1.550e+03 4.433e+03)
|            ( QUESTION7 -1 -6.794e+05 6.333e+03 3.058e+03
|                ( - -1.578e+05 4 0 WDBNDRY_B 0 1.863e+02 7.323e+02)
|                ( - -5.153e+05 59 0 QUESTION12 -1 4.064e+03 2.326e+03)))
|        ( WDBNDRY_B 0 -1.196e+06 8.872e+03 5.357e+03
|            ( - -9.777e+05 34 0 SILENCE -1 4.162e+03 4.378e+03)
|            ( - -2.091e+05 12 0))))
s>    ( QUESTION0 -1 -6.709e+06 3.640e+04 3.028e+04
s>        ( WDBNDRY_I 0 -3.804e+06 9.693e+03 1.743e+04
s>            ( QUESTION0_9_R 1 -2.766e+06 8.330e+03 1.269e+04
s>                ( - -2.788e+05 10 0 QUESTION0_10_R 1 6.571e+02 1.306e+03)
s>                ( - -2.479e+06 55 0 QUESTION2_0_L -1 5.962e+03 1.139e+04))
s>            ( - -1.028e+06 82 0 QUESTION0 1 1.248e+03 4.737e+03))
s>        ( QUESTION2_6_L -1 -2.869e+06 1.950e+04 1.285e+04
s>            ( QUESTION16 -1 -1.654e+06 1.444e+04 7.491e+03
s>                ( - -9.598e+05 17 0 QUESTION17 -1 1.550e+03 4.433e+03)
s>                ( QUESTION7 -1 -6.794e+05 6.333e+03 3.058e+03
s>                    ( - -1.578e+05 4 0 WDBNDRY_B 0 1.863e+02 7.323e+02)
s>                    ( - -5.153e+05 59 0 QUESTION12 -1 4.064e+03 2.326e+03)))
s>            ( WDBNDRY_B 0 -1.196e+06 8.872e+03 5.357e+03
s>                ( - -9.777e+05 34 0 SILENCE -1 4.162e+03 4.378e+03)
s>                ( - -2.091e+05 12 0))))INFO: dtree.c(1315): Comp split 0
INFO: dtree.c(1478): Final simple tree
|( QUESTION2_1_L -1 -2.650e+06 1.840e+04 1.187e+04
|    ( QUESTION16 -1 -1.801e+06 1.395e+04 8.168e+03
|        ( - -9.598e+05 17 0 QUESTION17 -1 1.550e+03 4.433e+03)
|        ( QUESTION7 -1 -8.274e+05 6.572e+03 3.735e+03
|            ( - -1.578e+05 4 0 WDBNDRY_B 0 1.863e+02 7.323e+02)
|            ( QUESTION19 -1 -6.630e+05 4.607e+03 3.003e+03
|                ( - -2.431e+05 11 0 WDBNDRY_B 0 7.731e+02 1.119e+03)
|                ( QUESTION2 -1 -4.153e+05 3.676e+03 1.884e+03
|                    ( QUESTION12 -1 -2.457e+05 2.058e+03 1.108e+03
|                        ( - -1.370e+05 13 0 WDBNDRY_B 0 5.263e+02 6.236e+02)
|                        ( - -1.067e+05 21 0 QUESTION5 -1 2.779e+02 4.840e+02))
|                    ( - -1.659e+05 32 0 QUESTION0 1 6.985e+02 7.766e+02)))))
|    ( QUESTION0 1 -8.303e+05 4.194e+03 3.701e+03
|        ( - -3.428e+05 12 0 SILENCE -1 1.339e+03 1.535e+03)
|        ( - -4.832e+05 4 0 SILENCE -1 1.065e+03 2.166e+03)))
s>    ( QUESTION2_1_L -1 -2.650e+06 1.840e+04 1.187e+04
s>        ( QUESTION16 -1 -1.801e+06 1.395e+04 8.168e+03
s>            ( - -9.598e+05 17 0 QUESTION17 -1 1.550e+03 4.433e+03)
s>            ( QUESTION7 -1 -8.274e+05 6.572e+03 3.735e+03
s>                ( - -1.578e+05 4 0 WDBNDRY_B 0 1.863e+02 7.323e+02)
s>                ( QUESTION19 -1 -6.630e+05 4.607e+03 3.003e+03
s>                    ( - -2.431e+05 11 0 WDBNDRY_B 0 7.731e+02 1.119e+03)
s>                    ( QUESTION2 -1 -4.153e+05 3.676e+03 1.884e+03
s>                        ( QUESTION12 -1 -2.457e+05 2.058e+03 1.108e+03
s>                            ( - -1.370e+05 13 0 WDBNDRY_B 0 5.263e+02 6.236e+02)
s>                            ( - -1.067e+05 21 0 QUESTION5 -1 2.779e+02 4.840e+02))
s>                        ( - -1.659e+05 32 0 QUESTION0 1 6.985e+02 7.766e+02)))))
s>        ( QUESTION0 1 -8.303e+05 4.194e+03 3.701e+03
s>            ( - -3.428e+05 12 0 SILENCE -1 1.339e+03 1.535e+03)
s>            ( - -4.832e+05 4 0 SILENCE -1 1.065e+03 2.166e+03)))INFO: dtree.c(1478): Final simple tree
|( WDBNDRY_I 0 -4.019e+06 1.022e+04 1.841e+04
|    ( QUESTION0_9_R 1 -2.981e+06 7.775e+03 1.367e+04
|        ( - -2.788e+05 10 0 QUESTION0_10_R 1 6.571e+02 1.306e+03)
|        ( QUESTION2_0_L -1 -2.694e+06 6.973e+03 1.236e+04
|            ( QUESTION0 1 -2.370e+06 2.495e+03 1.089e+04
|                ( - -2.259e+06 28 0)
|                ( QUESTION0_0_R 1 -1.089e+05 9.260e+02 5.020e+02
|                    ( - -7.962e+04 7 0)
|                    ( - -2.838e+04 16 0 QUESTION20 1 3.871e+02 1.323e+02)))
|            ( QUESTION0 -1 -3.168e+05 5.419e+03 1.470e+03
|                ( - -1.022e+05 4 0)
|                ( - -2.091e+05 12 0))))
|    ( QUESTION0 1 -1.028e+06 1.248e+03 4.737e+03
|        ( - -7.299e+05 40 0 WDBNDRY_B 0 3.755e+02 3.350e+03)
|        ( - -2.973e+05 42 0 WDBNDRY_E 0 9.195e+02 1.387e+03)))
s>    ( WDBNDRY_I 0 -4.019e+06 1.022e+04 1.841e+04
s>        ( QUESTION0_9_R 1 -2.981e+06 7.775e+03 1.367e+04
s>            ( - -2.788e+05 10 0 QUESTION0_10_R 1 6.571e+02 1.306e+03)
s>            ( QUESTION2_0_L -1 -2.694e+06 6.973e+03 1.236e+04
s>                ( QUESTION0 1 -2.370e+06 2.495e+03 1.089e+04
s>                    ( - -2.259e+06 28 0)
s>                    ( QUESTION0_0_R 1 -1.089e+05 9.260e+02 5.020e+02
s>                        ( - -7.962e+04 7 0)
s>                        ( - -2.838e+04 16 0 QUESTION20 1 3.871e+02 1.323e+02)))
s>                ( QUESTION0 -1 -3.168e+05 5.419e+03 1.470e+03
s>                    ( - -1.022e+05 4 0)
s>                    ( - -2.091e+05 12 0))))
s>        ( QUESTION0 1 -1.028e+06 1.248e+03 4.737e+03
s>            ( - -7.299e+05 40 0 WDBNDRY_B 0 3.755e+02 3.350e+03)
s>            ( - -2.973e+05 42 0 WDBNDRY_E 0 9.195e+02 1.387e+03)))INFO: dtree.c(1315): Comp split 1
INFO: dtree.c(1478): Final simple tree
|( QUESTION16 -1 -1.801e+06 1.395e+04 8.168e+03
|    ( QUESTION17 -1 -9.598e+05 1.550e+03 4.433e+03
|        ( - -3.666e+04 8 0 QUESTION0 1 2.676e+02 1.739e+02)
|        ( - -9.216e+05 9 0 WDBNDRY_B 0 2.107e+02 4.259e+03))
|    ( QUESTION7 -1 -8.274e+05 6.572e+03 3.735e+03
|        ( - -1.578e+05 4 0 WDBNDRY_B 0 1.863e+02 7.323e+02)
|        ( QUESTION19 -1 -6.630e+05 4.607e+03 3.003e+03
|            ( WDBNDRY_B 0 -2.431e+05 7.731e+02 1.119e+03
|                ( - -1.380e+04 5 0 QUESTION0 1 1.466e+02 6.407e+01)
|                ( - -2.285e+05 6 0 QUESTION0 1 6.602e+02 1.055e+03))
|            ( QUESTION2 -1 -4.153e+05 3.676e+03 1.884e+03
|                ( QUESTION12 -1 -2.457e+05 2.058e+03 1.108e+03
|                    ( - -1.370e+05 13 0 WDBNDRY_B 0 5.263e+02 6.236e+02)
|                    ( - -1.067e+05 21 0 QUESTION5 -1 2.779e+02 4.840e+02))
|                ( - -1.659e+05 32 0 QUESTION0 1 6.985e+02 7.766e+02)))))
s>    ( QUESTION16 -1 -1.801e+06 1.395e+04 8.168e+03
s>        ( QUESTION17 -1 -9.598e+05 1.550e+03 4.433e+03
s>            ( - -3.666e+04 8 0 QUESTION0 1 2.676e+02 1.739e+02)
s>            ( - -9.216e+05 9 0 WDBNDRY_B 0 2.107e+02 4.259e+03))
s>        ( QUESTION7 -1 -8.274e+05 6.572e+03 3.735e+03
s>            ( - -1.578e+05 4 0 WDBNDRY_B 0 1.863e+02 7.323e+02)
s>            ( QUESTION19 -1 -6.630e+05 4.607e+03 3.003e+03
s>                ( WDBNDRY_B 0 -2.431e+05 7.731e+02 1.119e+03
s>                    ( - -1.380e+04 5 0 QUESTION0 1 1.466e+02 6.407e+01)
s>                    ( - -2.285e+05 6 0 QUESTION0 1 6.602e+02 1.055e+03))
s>                ( QUESTION2 -1 -4.153e+05 3.676e+03 1.884e+03
s>                    ( QUESTION12 -1 -2.457e+05 2.058e+03 1.108e+03
s>                        ( - -1.370e+05 13 0 WDBNDRY_B 0 5.263e+02 6.236e+02)
s>                        ( - -1.067e+05 21 0 QUESTION5 -1 2.779e+02 4.840e+02))
s>                    ( - -1.659e+05 32 0 QUESTION0 1 6.985e+02 7.766e+02)))))INFO: dtree.c(1439): stop. leaf nodes are specific
INFO: dtree.c(1478): Final simple tree
|( QUESTION0 1 -8.303e+05 4.194e+03 3.701e+03
|    ( SILENCE -1 -3.428e+05 1.339e+03 1.535e+03
|        ( - -2.291e+05 6 0)
|        ( - -1.124e+05 6 0))
|    ( SILENCE -1 -4.832e+05 1.065e+03 2.166e+03
|        ( - -4.081e+05 2 0)
|        ( - -7.406e+04 2 0)))
s>    ( QUESTION0 1 -8.303e+05 4.194e+03 3.701e+03
s>        ( SILENCE -1 -3.428e+05 1.339e+03 1.535e+03
s>            ( - -2.291e+05 6 0)
s>            ( - -1.124e+05 6 0))
s>        ( SILENCE -1 -4.832e+05 1.065e+03 2.166e+03
s>            ( - -4.081e+05 2 0)
s>            ( - -7.406e+04 2 0)))INFO: dtree.c(1315): Comp split 2
INFO: dtree.c(1439): stop. leaf nodes are specific
INFO: dtree.c(1478): Final simple tree
|( WDBNDRY_B 0 -9.216e+05 2.107e+02 4.259e+03
|    ( QUESTION0 1 -5.646e+03 1.306e+02 2.696e+01
|        ( - -1.806e+03 3 0)
|        ( - -3.710e+03 1 0))
|    ( - -9.158e+05 5 0))
s>    ( WDBNDRY_B 0 -9.216e+05 2.107e+02 4.259e+03
s>        ( QUESTION0 1 -5.646e+03 1.306e+02 2.696e+01
s>            ( - -1.806e+03 3 0)
s>            ( - -3.710e+03 1 0))
s>        ( - -9.158e+05 5 0))INFO: dtree.c(1478): Final simple tree
|( QUESTION7 -1 -8.650e+05 6.720e+03 3.909e+03
|    ( - -1.578e+05 4 0 WDBNDRY_B 0 1.863e+02 7.323e+02)
|    ( QUESTION19 -1 -7.005e+05 4.834e+03 3.177e+03
|        ( WDBNDRY_B 0 -2.431e+05 7.731e+02 1.119e+03
|            ( - -1.380e+04 5 0 QUESTION0 1 1.466e+02 6.407e+01)
|            ( QUESTION0 1 -2.285e+05 6.602e+02 1.055e+03
|                ( - -2.153e+05 5 0)
|                ( - -1.254e+04 1 0)))
|        ( QUESTION2 -1 -4.525e+05 4.000e+03 2.058e+03
|            ( QUESTION12 -1 -2.457e+05 2.058e+03 1.108e+03
|                ( - -1.370e+05 13 0 WDBNDRY_B 0 5.263e+02 6.236e+02)
|                ( - -1.067e+05 21 0 QUESTION5 -1 2.779e+02 4.840e+02))
|            ( QUESTION0 1 -2.028e+05 6.352e+02 9.506e+02
|                ( - -1.238e+05 31 0 WDBNDRY_B 0 4.769e+02 5.747e+02)
|                ( - -7.834e+04 9 0 QUESTION14 -1 3.933e+02 3.758e+02)))))
s>    ( QUESTION7 -1 -8.650e+05 6.720e+03 3.909e+03
s>        ( - -1.578e+05 4 0 WDBNDRY_B 0 1.863e+02 7.323e+02)
s>        ( QUESTION19 -1 -7.005e+05 4.834e+03 3.177e+03
s>            ( WDBNDRY_B 0 -2.431e+05 7.731e+02 1.119e+03
s>                ( - -1.380e+04 5 0 QUESTION0 1 1.466e+02 6.407e+01)
s>                ( QUESTION0 1 -2.285e+05 6.602e+02 1.055e+03
s>                    ( - -2.153e+05 5 0)
s>                    ( - -1.254e+04 1 0)))
s>            ( QUESTION2 -1 -4.525e+05 4.000e+03 2.058e+03
s>                ( QUESTION12 -1 -2.457e+05 2.058e+03 1.108e+03
s>                    ( - -1.370e+05 13 0 WDBNDRY_B 0 5.263e+02 6.236e+02)
s>                    ( - -1.067e+05 21 0 QUESTION5 -1 2.779e+02 4.840e+02))
s>                ( QUESTION0 1 -2.028e+05 6.352e+02 9.506e+02
s>                    ( - -1.238e+05 31 0 WDBNDRY_B 0 4.769e+02 5.747e+02)
s>                    ( - -7.834e+04 9 0 QUESTION14 -1 3.933e+02 3.758e+02)))))INFO: dtree.c(1315): Comp split 3
INFO: dtree.c(1478): Final simple tree
|( WDBNDRY_I 0 -3.378e+06 9.051e+03 1.550e+04
|    ( QUESTION0 1 -2.341e+06 2.251e+03 1.076e+04
|        ( - -2.259e+06 28 0)
|        ( - -7.962e+04 7 0))
|    ( QUESTION0 1 -1.028e+06 1.248e+03 4.737e+03
|        ( WDBNDRY_B 0 -7.299e+05 3.755e+02 3.350e+03
|            ( - -7.069e+05 30 0 QUESTION2_0_L -1 1.885e+02 3.242e+03)
|            ( - -2.259e+04 10 0 QUESTION0_0_R 1 1.680e+02 1.083e+02))
|        ( WDBNDRY_E 0 -2.973e+05 9.195e+02 1.387e+03
|            ( QUESTION0_17_R 1 -5.801e+04 4.641e+02 2.779e+02
|                ( - 2.410e+02 1 0)
|                ( QUESTION17 1 -5.779e+04 3.581e+02 2.769e+02
|                    ( - -2.189e+04 3 0)
|                    ( - -3.555e+04 26 0 QUESTION0_11_R 1 3.407e+02 1.692e+02)))
|            ( - -2.384e+05 12 0 QUESTION2_0_L -1 1.630e+02 1.109e+03))))
s>    ( WDBNDRY_I 0 -3.378e+06 9.051e+03 1.550e+04
s>        ( QUESTION0 1 -2.341e+06 2.251e+03 1.076e+04
s>            ( - -2.259e+06 28 0)
s>            ( - -7.962e+04 7 0))
s>        ( QUESTION0 1 -1.028e+06 1.248e+03 4.737e+03
s>            ( WDBNDRY_B 0 -7.299e+05 3.755e+02 3.350e+03
s>                ( - -7.069e+05 30 0 QUESTION2_0_L -1 1.885e+02 3.242e+03)
s>                ( - -2.259e+04 10 0 QUESTION0_0_R 1 1.680e+02 1.083e+02))
s>            ( WDBNDRY_E 0 -2.973e+05 9.195e+02 1.387e+03
s>                ( QUESTION0_17_R 1 -5.801e+04 4.641e+02 2.779e+02
s>                    ( - 2.410e+02 1 0)
s>                    ( QUESTION17 1 -5.779e+04 3.581e+02 2.769e+02
s>                        ( - -2.189e+04 3 0)
s>                        ( - -3.555e+04 26 0 QUESTION0_11_R 1 3.407e+02 1.692e+02)))
s>                ( - -2.384e+05 12 0 QUESTION2_0_L -1 1.630e+02 1.109e+03))))INFO: dtree.c(1478): Final simple tree
|( QUESTION2_3_L -1 -6.292e+05 5.256e+03 2.909e+03
|    ( - -1.022e+05 4 0)
|    ( QUESTION0_9_R 1 -5.218e+05 4.274e+03 2.417e+03
|        ( QUESTION0_10_R 1 -2.788e+05 6.571e+02 1.306e+03
|            ( - -2.565e+05 5 0)
|            ( - -2.168e+04 5 0))
|        ( QUESTION0_0_R 1 -2.387e+05 1.151e+03 1.111e+03
|            ( - -2.091e+05 12 0)
|            ( QUESTION20 1 -2.838e+04 3.871e+02 1.323e+02
|                ( - -9.429e+03 3 0)
|                ( QUESTION0_16_R 1 -1.856e+04 2.965e+02 8.661e+01
|                    ( - -3.761e+03 4 0)
|                    ( QUESTION0_15_R 1 -1.450e+04 2.198e+02 6.868e+01
|                        ( - -5.193e+03 2 0)
|                        ( - -9.091e+03 7 0 QUESTION0_7_R 1 1.596e+02 4.340e+01)))))))
s>    ( QUESTION2_3_L -1 -6.292e+05 5.256e+03 2.909e+03
s>        ( - -1.022e+05 4 0)
s>        ( QUESTION0_9_R 1 -5.218e+05 4.274e+03 2.417e+03
s>            ( QUESTION0_10_R 1 -2.788e+05 6.571e+02 1.306e+03
s>                ( - -2.565e+05 5 0)
s>                ( - -2.168e+04 5 0))
s>            ( QUESTION0_0_R 1 -2.387e+05 1.151e+03 1.111e+03
s>                ( - -2.091e+05 12 0)
s>                ( QUESTION20 1 -2.838e+04 3.871e+02 1.323e+02
s>                    ( - -9.429e+03 3 0)
s>                    ( QUESTION0_16_R 1 -1.856e+04 2.965e+02 8.661e+01
s>                        ( - -3.761e+03 4 0)
s>                        ( QUESTION0_15_R 1 -1.450e+04 2.198e+02 6.868e+01
s>                            ( - -5.193e+03 2 0)
s>                            ( - -9.091e+03 7 0 QUESTION0_7_R 1 1.596e+02 4.340e+01)))))))INFO: dtree.c(1315): Comp split 4
INFO: dtree.c(1439): stop. leaf nodes are specific
INFO: dtree.c(1478): Final simple tree
|( QUESTION0 1 -2.341e+06 2.254e+03 1.076e+04
|    ( - -2.259e+06 28 0)
|    ( WDBNDRY_E 0 -7.983e+04 4.606e+02 3.707e+02
|        ( - 2.410e+02 1 0)
|        ( - -7.962e+04 7 0)))
s>    ( QUESTION0 1 -2.341e+06 2.254e+03 1.076e+04
s>        ( - -2.259e+06 28 0)
s>        ( WDBNDRY_E 0 -7.983e+04 4.606e+02 3.707e+02
s>            ( - 2.410e+02 1 0)
s>            ( - -7.962e+04 7 0)))INFO: dtree.c(1478): Final simple tree
|( QUESTION0 1 -1.028e+06 1.244e+03 4.736e+03
|    ( WDBNDRY_B 0 -7.299e+05 3.755e+02 3.350e+03
|        ( QUESTION2_0_L -1 -7.069e+05 1.885e+02 3.242e+03
|            ( - -7.039e+05 28 0)
|            ( - -2.822e+03 2 0))
|        ( - -2.259e+04 10 0 QUESTION0_0_R 1 1.680e+02 1.083e+02))
|    ( WDBNDRY_E 0 -2.971e+05 9.207e+02 1.386e+03
|        ( QUESTION17 1 -5.779e+04 3.581e+02 2.769e+02
|            ( - -2.189e+04 3 0)
|            ( QUESTION0_11_R 1 -3.555e+04 3.407e+02 1.692e+02
|                ( - -1.002e+04 1 0)
|                ( QUESTION12 1 -2.518e+04 2.058e+02 1.191e+02
|                    ( - -4.393e+03 2 0)
|                    ( - -2.058e+04 23 0 SILENCE 1 1.862e+02 9.715e+01))))
|        ( - -2.384e+05 12 0 QUESTION2_0_L -1 1.630e+02 1.109e+03)))
s>    ( QUESTION0 1 -1.028e+06 1.244e+03 4.736e+03
s>        ( WDBNDRY_B 0 -7.299e+05 3.755e+02 3.350e+03
s>            ( QUESTION2_0_L -1 -7.069e+05 1.885e+02 3.242e+03
s>                ( - -7.039e+05 28 0)
s>                ( - -2.822e+03 2 0))
s>            ( - -2.259e+04 10 0 QUESTION0_0_R 1 1.680e+02 1.083e+02))
s>        ( WDBNDRY_E 0 -2.971e+05 9.207e+02 1.386e+03
s>            ( QUESTION17 1 -5.779e+04 3.581e+02 2.769e+02
s>                ( - -2.189e+04 3 0)
s>                ( QUESTION0_11_R 1 -3.555e+04 3.407e+02 1.692e+02
s>                    ( - -1.002e+04 1 0)
s>                    ( QUESTION12 1 -2.518e+04 2.058e+02 1.191e+02
s>                        ( - -4.393e+03 2 0)
s>                        ( - -2.058e+04 23 0 SILENCE 1 1.862e+02 9.715e+01))))
s>            ( - -2.384e+05 12 0 QUESTION2_0_L -1 1.630e+02 1.109e+03)))INFO: dtree.c(1315): Comp split 5
INFO: dtree.c(1478): Final simple tree
|( QUESTION2 -1 -3.573e+05 3.529e+03 1.638e+03
|    ( WDBNDRY_B 0 -1.370e+05 5.263e+02 6.236e+02
|        ( - -2.366e+04 6 0 QUESTION0 1 1.270e+02 1.097e+02)
|        ( - -1.128e+05 7 0 QUESTION0 1 1.741e+02 5.139e+02))
|    ( QUESTION0 1 -2.168e+05 6.174e+02 1.015e+03
|        ( WDBNDRY_B 0 -1.348e+05 4.748e+02 6.248e+02
|            ( QUESTION16 -1 -1.215e+05 2.813e+02 5.663e+02
|                ( - -2.700e+04 6 0)
|                ( QUESTION14 -1 -9.423e+04 2.274e+02 4.367e+02
|                    ( - -7.823e+04 13 0)
|                    ( - -1.577e+04 9 0 QUESTION19 -1 1.264e+02 7.307e+01)))
|            ( - -1.278e+04 7 0 QUESTION16 -1 1.836e+02 5.852e+01))
|        ( QUESTION14 -1 -8.143e+04 4.635e+02 3.898e+02
|            ( - -6.462e+04 5 0)
|            ( - -1.635e+04 5 0 QUESTION16 -1 2.244e+02 7.657e+01))))
s>    ( QUESTION2 -1 -3.573e+05 3.529e+03 1.638e+03
s>        ( WDBNDRY_B 0 -1.370e+05 5.263e+02 6.236e+02
s>            ( - -2.366e+04 6 0 QUESTION0 1 1.270e+02 1.097e+02)
s>            ( - -1.128e+05 7 0 QUESTION0 1 1.741e+02 5.139e+02))
s>        ( QUESTION0 1 -2.168e+05 6.174e+02 1.015e+03
s>            ( WDBNDRY_B 0 -1.348e+05 4.748e+02 6.248e+02
s>                ( QUESTION16 -1 -1.215e+05 2.813e+02 5.663e+02
s>                    ( - -2.700e+04 6 0)
s>                    ( QUESTION14 -1 -9.423e+04 2.274e+02 4.367e+02
s>                        ( - -7.823e+04 13 0)
s>                        ( - -1.577e+04 9 0 QUESTION19 -1 1.264e+02 7.307e+01)))
s>                ( - -1.278e+04 7 0 QUESTION16 -1 1.836e+02 5.852e+01))
s>            ( QUESTION14 -1 -8.143e+04 4.635e+02 3.898e+02
s>                ( - -6.462e+04 5 0)
s>                ( - -1.635e+04 5 0 QUESTION16 -1 2.244e+02 7.657e+01))))INFO: dtree.c(1478): Final simple tree
|( QUESTION5 -1 -5.009e+05 5.790e+03 2.271e+03
|    ( QUESTION8 -1 -1.630e+05 2.868e+02 7.547e+02
|        ( - -1.562e+05 2 0 QUESTION0 1 1.569e+02 7.253e+02)
|        ( - -6.428e+03 9 0 QUESTION6 -1 1.516e+02 2.948e+01))
|    ( QUESTION2 -1 -3.321e+05 2.090e+03 1.516e+03
|        ( QUESTION2_15_L -1 -1.015e+05 4.684e+02 4.615e+02
|            ( WDBNDRY_B 0 -1.013e+05 2.574e+02 4.605e+02
|                ( - -8.495e+03 6 0 QUESTION0 1 1.345e+02 3.898e+01)
|                ( QUESTION0 1 -9.256e+04 1.967e+02 4.215e+02
|                    ( - -9.021e+04 6 0)
|                    ( - -2.154e+03 1 0)))
|            ( - 2.419e+02 1 0))
|        ( QUESTION0 1 -2.285e+05 6.602e+02 1.055e+03
|            ( - -2.153e+05 5 0)
|            ( - -1.254e+04 1 0))))
s>    ( QUESTION5 -1 -5.009e+05 5.790e+03 2.271e+03
s>        ( QUESTION8 -1 -1.630e+05 2.868e+02 7.547e+02
s>            ( - -1.562e+05 2 0 QUESTION0 1 1.569e+02 7.253e+02)
s>            ( - -6.428e+03 9 0 QUESTION6 -1 1.516e+02 2.948e+01))
s>        ( QUESTION2 -1 -3.321e+05 2.090e+03 1.516e+03
s>            ( QUESTION2_15_L -1 -1.015e+05 4.684e+02 4.615e+02
s>                ( WDBNDRY_B 0 -1.013e+05 2.574e+02 4.605e+02
s>                    ( - -8.495e+03 6 0 QUESTION0 1 1.345e+02 3.898e+01)
s>                    ( QUESTION0 1 -9.256e+04 1.967e+02 4.215e+02
s>                        ( - -9.021e+04 6 0)
s>                        ( - -2.154e+03 1 0)))
s>                ( - 2.419e+02 1 0))
s>            ( QUESTION0 1 -2.285e+05 6.602e+02 1.055e+03
s>                ( - -2.153e+05 5 0)
s>                ( - -1.254e+04 1 0))))INFO: dtree.c(1315): Comp split 6
INFO: dtree.c(1439): stop. leaf nodes are specific
INFO: dtree.c(1478): Final simple tree
|( QUESTION2 -1 -3.321e+05 2.090e+03 1.516e+03
|    ( QUESTION2_15_L -1 -1.015e+05 4.684e+02 4.615e+02
|        ( WDBNDRY_B 0 -1.013e+05 2.574e+02 4.605e+02
|            ( QUESTION0 1 -8.495e+03 1.345e+02 3.898e+01
|                ( - -6.556e+03 5 0)
|                ( - -1.804e+03 1 0))
|            ( QUESTION0 1 -9.256e+04 1.967e+02 4.215e+02
|                ( - -9.021e+04 6 0)
|                ( - -2.154e+03 1 0)))
|        ( - 2.419e+02 1 0))
|    ( QUESTION0 1 -2.285e+05 6.602e+02 1.055e+03
|        ( - -2.153e+05 5 0)
|        ( - -1.254e+04 1 0)))
s>    ( QUESTION2 -1 -3.321e+05 2.090e+03 1.516e+03
s>        ( QUESTION2_15_L -1 -1.015e+05 4.684e+02 4.615e+02
s>            ( WDBNDRY_B 0 -1.013e+05 2.574e+02 4.605e+02
s>                ( QUESTION0 1 -8.495e+03 1.345e+02 3.898e+01
s>                    ( - -6.556e+03 5 0)
s>                    ( - -1.804e+03 1 0))
s>                ( QUESTION0 1 -9.256e+04 1.967e+02 4.215e+02
s>                    ( - -9.021e+04 6 0)
s>                    ( - -2.154e+03 1 0)))
s>            ( - 2.419e+02 1 0))
s>        ( QUESTION0 1 -2.285e+05 6.602e+02 1.055e+03
s>            ( - -2.153e+05 5 0)
s>            ( - -1.254e+04 1 0)))INFO: dtree.c(1478): Final simple tree
|( QUESTION8 -1 -1.630e+05 2.868e+02 7.547e+02
|    ( QUESTION0 1 -1.562e+05 1.569e+02 7.253e+02
|        ( - -1.553e+05 1 0)
|        ( - -7.529e+02 1 0))
|    ( QUESTION6 -1 -6.428e+03 1.516e+02 2.948e+01
|        ( WDBNDRY_B 0 -4.885e+03 1.078e+02 2.248e+01
|            ( QUESTION2_12_L -1 -2.458e+03 4.791e+02 1.148e+01
|                ( - 2.414e+02 1 0)
|                ( - -2.220e+03 2 0))
|            ( QUESTION2_12_L -1 -2.320e+03 1.242e+02 1.100e+01
|                ( - -5.142e+02 2 0)
|                ( - -1.681e+03 2 0)))
|        ( QUESTION0 1 -1.391e+03 1.879e+02 7.000e+00
|            ( - -2.621e+02 1 0)
|            ( - -9.410e+02 1 0))))
s>    ( QUESTION8 -1 -1.630e+05 2.868e+02 7.547e+02
s>        ( QUESTION0 1 -1.562e+05 1.569e+02 7.253e+02
s>            ( - -1.553e+05 1 0)
s>            ( - -7.529e+02 1 0))
s>        ( QUESTION6 -1 -6.428e+03 1.516e+02 2.948e+01
s>            ( WDBNDRY_B 0 -4.885e+03 1.078e+02 2.248e+01
s>                ( QUESTION2_12_L -1 -2.458e+03 4.791e+02 1.148e+01
s>                    ( - 2.414e+02 1 0)
s>                    ( - -2.220e+03 2 0))
s>                ( QUESTION2_12_L -1 -2.320e+03 1.242e+02 1.100e+01
s>                    ( - -5.142e+02 2 0)
s>                    ( - -1.681e+03 2 0)))
s>            ( QUESTION0 1 -1.391e+03 1.879e+02 7.000e+00
s>                ( - -2.621e+02 1 0)
s>                ( - -9.410e+02 1 0))))INFO: dtree.c(1315): Comp split 7
INFO: dtree.c(1439): stop. leaf nodes are specific
INFO: dtree.c(1478): Final simple tree
|( QUESTION0_0_R 1 -1.065e+05 5.537e+02 5.094e+02
|    ( - -1.022e+05 4 0)
|    ( - -3.761e+03 4 0))
s>    ( QUESTION0_0_R 1 -1.065e+05 5.537e+02 5.094e+02
s>        ( - -1.022e+05 4 0)
s>        ( - -3.761e+03 4 0))INFO: dtree.c(1478): Final simple tree
|( QUESTION0_9_R 1 -5.174e+05 4.295e+03 2.399e+03
|    ( QUESTION0_10_R 1 -2.788e+05 6.571e+02 1.306e+03
|        ( - -2.565e+05 5 0)
|        ( - -2.168e+04 5 0))
|    ( QUESTION0_0_R 1 -2.343e+05 9.274e+02 1.093e+03
|        ( - -2.091e+05 12 0)
|        ( QUESTION20 1 -2.426e+04 3.318e+02 1.144e+02
|            ( - -9.429e+03 3 0)
|            ( QUESTION0_15_R 1 -1.450e+04 2.198e+02 6.868e+01
|                ( - -5.193e+03 2 0)
|                ( QUESTION0_7_R 1 -9.091e+03 1.596e+02 4.340e+01
|                    ( - -5.639e+02 2 0)
|                    ( QUESTION0_5_R 1 -8.368e+03 1.440e+02 4.040e+01
|                        ( - -1.714e+03 1 0)
|                        ( - -6.510e+03 4 0 QUESTION0_2_R 1 1.347e+02 3.140e+01)))))))
s>    ( QUESTION0_9_R 1 -5.174e+05 4.295e+03 2.399e+03
s>        ( QUESTION0_10_R 1 -2.788e+05 6.571e+02 1.306e+03
s>            ( - -2.565e+05 5 0)
s>            ( - -2.168e+04 5 0))
s>        ( QUESTION0_0_R 1 -2.343e+05 9.274e+02 1.093e+03
s>            ( - -2.091e+05 12 0)
s>            ( QUESTION20 1 -2.426e+04 3.318e+02 1.144e+02
s>                ( - -9.429e+03 3 0)
s>                ( QUESTION0_15_R 1 -1.450e+04 2.198e+02 6.868e+01
s>                    ( - -5.193e+03 2 0)
s>                    ( QUESTION0_7_R 1 -9.091e+03 1.596e+02 4.340e+01
s>                        ( - -5.639e+02 2 0)
s>                        ( QUESTION0_5_R 1 -8.368e+03 1.440e+02 4.040e+01
s>                            ( - -1.714e+03 1 0)
s>                            ( - -6.510e+03 4 0 QUESTION0_2_R 1 1.347e+02 3.140e+01)))))))INFO: dtree.c(1315): Comp split 8
INFO: dtree.c(1439): stop. leaf nodes are specific
INFO: dtree.c(1478): Final simple tree
|( QUESTION0_11_R 1 -2.807e+05 6.548e+02 1.315e+03
|    ( - -2.168e+04 5 0)
|    ( QUESTION0_3_R 1 -2.583e+05 1.485e+02 1.211e+03
|        ( - -1.714e+03 1 0)
|        ( - -2.565e+05 5 0)))
s>    ( QUESTION0_11_R 1 -2.807e+05 6.548e+02 1.315e+03
s>        ( - -2.168e+04 5 0)
s>        ( QUESTION0_3_R 1 -2.583e+05 1.485e+02 1.211e+03
s>            ( - -1.714e+03 1 0)
s>            ( - -2.565e+05 5 0)))INFO: dtree.c(1439): stop. leaf nodes are specific
INFO: dtree.c(1478): Final simple tree
|( QUESTION0_0_R 1 -2.325e+05 9.380e+02 1.084e+03
|    ( - -2.091e+05 12 0)
|    ( QUESTION20 1 -2.238e+04 3.335e+02 1.054e+02
|        ( - -9.429e+03 3 0)
|        ( QUESTION0_14_R 1 -1.261e+04 2.145e+02 5.968e+01
|            ( - -5.610e+03 3 0)
|            ( QUESTION0_7_R 1 -6.789e+03 1.418e+02 3.228e+01
|                ( - -5.639e+02 2 0)
|                ( QUESTION0_2_R 1 -6.083e+03 1.253e+02 2.928e+01
|                    ( - -7.652e+02 1 0)
|                    ( - -5.193e+03 2 0))))))
s>    ( QUESTION0_0_R 1 -2.325e+05 9.380e+02 1.084e+03
s>        ( - -2.091e+05 12 0)
s>        ( QUESTION20 1 -2.238e+04 3.335e+02 1.054e+02
s>            ( - -9.429e+03 3 0)
s>            ( QUESTION0_14_R 1 -1.261e+04 2.145e+02 5.968e+01
s>                ( - -5.610e+03 3 0)
s>                ( QUESTION0_7_R 1 -6.789e+03 1.418e+02 3.228e+01
s>                    ( - -5.639e+02 2 0)
s>                    ( QUESTION0_2_R 1 -6.083e+03 1.253e+02 2.928e+01
s>                        ( - -7.652e+02 1 0)
s>                        ( - -5.193e+03 2 0))))))INFO: dtree.c(1315): Comp split 9
INFO: dtree.c(1439): stop. leaf nodes are specific
INFO: dtree.c(1478): Final simple tree
|( SILENCE -1 -4.178e+05 1.325e+03 1.870e+03
|    ( - -2.291e+05 6 0)
|    ( QUESTION0 1 -1.874e+05 9.637e+02 8.414e+02
|        ( - -1.124e+05 6 0)
|        ( - -7.406e+04 2 0)))
s>    ( SILENCE -1 -4.178e+05 1.325e+03 1.870e+03
s>        ( - -2.291e+05 6 0)
s>        ( QUESTION0 1 -1.874e+05 9.637e+02 8.414e+02
s>            ( - -1.124e+05 6 0)
s>            ( - -7.406e+04 2 0)))INFO: dtree.c(1315): Comp split 10
INFO: dtree.c(1478): Final simple tree
|( QUESTION0 1 -2.168e+05 6.174e+02 1.015e+03
|    ( WDBNDRY_B 0 -1.348e+05 4.748e+02 6.248e+02
|        ( QUESTION16 -1 -1.215e+05 2.813e+02 5.663e+02
|            ( - -2.700e+04 6 0)
|            ( QUESTION14 -1 -9.423e+04 2.274e+02 4.367e+02
|                ( - -7.823e+04 13 0)
|                ( - -1.577e+04 9 0 QUESTION19 -1 1.264e+02 7.307e+01)))
|        ( QUESTION16 -1 -1.278e+04 1.836e+02 5.852e+01
|            ( - -2.226e+03 1 0)
|            ( - -1.037e+04 6 0)))
|    ( QUESTION14 -1 -8.143e+04 4.635e+02 3.898e+02
|        ( - -6.462e+04 5 0)
|        ( QUESTION16 -1 -1.635e+04 2.244e+02 7.657e+01
|            ( - -6.977e+03 1 0)
|            ( - -9.149e+03 4 0 QUESTION19 -1 8.786e+01 4.316e+01))))
s>    ( QUESTION0 1 -2.168e+05 6.174e+02 1.015e+03
s>        ( WDBNDRY_B 0 -1.348e+05 4.748e+02 6.248e+02
s>            ( QUESTION16 -1 -1.215e+05 2.813e+02 5.663e+02
s>                ( - -2.700e+04 6 0)
s>                ( QUESTION14 -1 -9.423e+04 2.274e+02 4.367e+02
s>                    ( - -7.823e+04 13 0)
s>                    ( - -1.577e+04 9 0 QUESTION19 -1 1.264e+02 7.307e+01)))
s>            ( QUESTION16 -1 -1.278e+04 1.836e+02 5.852e+01
s>                ( - -2.226e+03 1 0)
s>                ( - -1.037e+04 6 0)))
s>        ( QUESTION14 -1 -8.143e+04 4.635e+02 3.898e+02
s>            ( - -6.462e+04 5 0)
s>            ( QUESTION16 -1 -1.635e+04 2.244e+02 7.657e+01
s>                ( - -6.977e+03 1 0)
s>                ( - -9.149e+03 4 0 QUESTION19 -1 8.786e+01 4.316e+01))))INFO: dtree.c(1439): stop. leaf nodes are specific
INFO: dtree.c(1478): Final simple tree
|( WDBNDRY_B 0 -1.370e+05 5.263e+02 6.236e+02
|    ( QUESTION0 1 -2.366e+04 1.270e+02 1.097e+02
|        ( - -2.124e+04 4 0)
|        ( - -2.294e+03 2 0))
|    ( QUESTION0 1 -1.128e+05 1.741e+02 5.139e+02
|        ( - -1.117e+05 6 0)
|        ( - -9.232e+02 1 0)))
s>    ( WDBNDRY_B 0 -1.370e+05 5.263e+02 6.236e+02
s>        ( QUESTION0 1 -2.366e+04 1.270e+02 1.097e+02
s>            ( - -2.124e+04 4 0)
s>            ( - -2.294e+03 2 0))
s>        ( QUESTION0 1 -1.128e+05 1.741e+02 5.139e+02
s>            ( - -1.117e+05 6 0)
s>            ( - -9.232e+02 1 0)))INFO: dtree.c(1315): Comp split 11
INFO: dtree.c(1439): stop. leaf nodes are specific
INFO: dtree.c(1478): Final simple tree
|( WDBNDRY_E 0 -7.983e+04 4.606e+02 3.707e+02
|    ( - 2.410e+02 1 0)
|    ( - -7.962e+04 7 0))
s>    ( WDBNDRY_E 0 -7.983e+04 4.606e+02 3.707e+02
s>        ( - 2.410e+02 1 0)
s>        ( - -7.962e+04 7 0))INFO: dtree.c(1315): Comp split 12
INFO: dtree.c(1439): stop. leaf nodes are specific
INFO: dtree.c(1478): Final simple tree
|( QUESTION0 1 -2.328e+05 7.134e+02 1.075e+03
|    ( - -2.153e+05 5 0)
|    ( QUESTION2 -1 -1.679e+04 1.681e+02 8.124e+01
|        ( WDBNDRY_B 0 -4.074e+03 1.153e+02 2.011e+01
|            ( - -1.804e+03 1 0)
|            ( - -2.154e+03 1 0))
|        ( - -1.254e+04 1 0)))
s>    ( QUESTION0 1 -2.328e+05 7.134e+02 1.075e+03
s>        ( - -2.153e+05 5 0)
s>        ( QUESTION2 -1 -1.679e+04 1.681e+02 8.124e+01
s>            ( WDBNDRY_B 0 -4.074e+03 1.153e+02 2.011e+01
s>                ( - -1.804e+03 1 0)
s>                ( - -2.154e+03 1 0))
s>            ( - -1.254e+04 1 0)))INFO: dtree.c(1439): stop. leaf nodes are specific
INFO: dtree.c(1478): Final simple tree
|( QUESTION2_15_L -1 -9.724e+04 4.682e+02 4.414e+02
|    ( WDBNDRY_B 0 -9.701e+04 2.436e+02 4.404e+02
|        ( - -6.556e+03 5 0)
|        ( - -9.021e+04 6 0))
|    ( - 2.419e+02 1 0))
s>    ( QUESTION2_15_L -1 -9.724e+04 4.682e+02 4.414e+02
s>        ( WDBNDRY_B 0 -9.701e+04 2.436e+02 4.404e+02
s>            ( - -6.556e+03 5 0)
s>            ( - -9.021e+04 6 0))
s>        ( - 2.419e+02 1 0))INFO: dtree.c(1315): Comp split 13
INFO: dtree.c(1439): stop. leaf nodes are specific
INFO: dtree.c(1478): Final simple tree
|( QUESTION0 1 -1.874e+05 9.637e+02 8.414e+02
|    ( - -1.124e+05 6 0)
|    ( - -7.406e+04 2 0))
s>    ( QUESTION0 1 -1.874e+05 9.637e+02 8.414e+02
s>        ( - -1.124e+05 6 0)
s>        ( - -7.406e+04 2 0))INFO: dtree.c(1315): Comp split 14
INFO: dtree.c(1478): Final simple tree
|( WDBNDRY_E 0 -3.230e+05 9.238e+02 1.508e+03
|    ( QUESTION17 1 -8.071e+04 4.240e+02 3.852e+02
|        ( - -2.189e+04 3 0)
|        ( QUESTION0_11_R 1 -5.840e+04 3.216e+02 2.775e+02
|            ( QUESTION0_12_R 1 -1.091e+04 1.896e+02 5.408e+01
|                ( - -6.969e+02 1 0)
|                ( - -1.002e+04 1 0))
|            ( QUESTION0_1_R 1 -4.717e+04 2.649e+02 2.234e+02
|                ( QUESTION12 1 -2.153e+04 2.193e+02 1.022e+02
|                    ( - -4.393e+03 2 0)
|                    ( - -1.692e+04 20 0 QUESTION20 1 1.530e+02 8.016e+01))
|                ( - -2.537e+04 12 0 SILENCE 1 1.668e+02 1.212e+02))))
|    ( QUESTION2_0_L -1 -2.414e+05 2.194e+02 1.123e+03
|        ( - -2.340e+05 10 0 WDBNDRY_B 0 1.490e+02 1.089e+03)
|        ( - -7.117e+03 4 0 QUESTION0 1 1.074e+02 3.400e+01)))
s>    ( WDBNDRY_E 0 -3.230e+05 9.238e+02 1.508e+03
s>        ( QUESTION17 1 -8.071e+04 4.240e+02 3.852e+02
s>            ( - -2.189e+04 3 0)
s>            ( QUESTION0_11_R 1 -5.840e+04 3.216e+02 2.775e+02
s>                ( QUESTION0_12_R 1 -1.091e+04 1.896e+02 5.408e+01
s>                    ( - -6.969e+02 1 0)
s>                    ( - -1.002e+04 1 0))
s>                ( QUESTION0_1_R 1 -4.717e+04 2.649e+02 2.234e+02
s>                    ( QUESTION12 1 -2.153e+04 2.193e+02 1.022e+02
s>                        ( - -4.393e+03 2 0)
s>                        ( - -1.692e+04 20 0 QUESTION20 1 1.530e+02 8.016e+01))
s>                    ( - -2.537e+04 12 0 SILENCE 1 1.668e+02 1.212e+02))))
s>        ( QUESTION2_0_L -1 -2.414e+05 2.194e+02 1.123e+03
s>            ( - -2.340e+05 10 0 WDBNDRY_B 0 1.490e+02 1.089e+03)
s>            ( - -7.117e+03 4 0 QUESTION0 1 1.074e+02 3.400e+01)))INFO: dtree.c(1315): Comp split 15
INFO: dtree.c(1315): Comp split 16
INFO: dtree.c(1439): stop. leaf nodes are specific
INFO: dtree.c(1478): Final simple tree
|( QUESTION20 1 -2.238e+04 3.335e+02 1.054e+02
|    ( - -9.429e+03 3 0)
|    ( QUESTION0_14_R 1 -1.261e+04 2.145e+02 5.968e+01
|        ( - -5.610e+03 3 0)
|        ( QUESTION0_7_R 1 -6.789e+03 1.418e+02 3.228e+01
|            ( - -5.639e+02 2 0)
|            ( QUESTION0_2_R 1 -6.083e+03 1.253e+02 2.928e+01
|                ( - -7.652e+02 1 0)
|                ( - -5.193e+03 2 0)))))
s>    ( QUESTION20 1 -2.238e+04 3.335e+02 1.054e+02
s>        ( - -9.429e+03 3 0)
s>        ( QUESTION0_14_R 1 -1.261e+04 2.145e+02 5.968e+01
s>            ( - -5.610e+03 3 0)
s>            ( QUESTION0_7_R 1 -6.789e+03 1.418e+02 3.228e+01
s>                ( - -5.639e+02 2 0)
s>                ( QUESTION0_2_R 1 -6.083e+03 1.253e+02 2.928e+01
s>                    ( - -7.652e+02 1 0)
s>                    ( - -5.193e+03 2 0)))))INFO: dtree.c(1315): Comp split 17
INFO: dtree.c(1439): stop. leaf nodes are specific
INFO: dtree.c(1478): Final simple tree
|( QUESTION2_0_L -1 -2.422e+05 2.193e+02 1.127e+03
|    ( WDBNDRY_E 0 -2.349e+05 1.506e+02 1.093e+03
|        ( - -6.969e+02 1 0)
|        ( WDBNDRY_B 0 -2.340e+05 1.490e+02 1.089e+03
|            ( - -2.334e+05 9 0)
|            ( - -4.686e+02 1 0)))
|    ( QUESTION0 1 -7.117e+03 1.074e+02 3.400e+01
|        ( - -2.822e+03 2 0)
|        ( - -4.187e+03 2 0)))
s>    ( QUESTION2_0_L -1 -2.422e+05 2.193e+02 1.127e+03
s>        ( WDBNDRY_E 0 -2.349e+05 1.506e+02 1.093e+03
s>            ( - -6.969e+02 1 0)
s>            ( WDBNDRY_B 0 -2.340e+05 1.490e+02 1.089e+03
s>                ( - -2.334e+05 9 0)
s>                ( - -4.686e+02 1 0)))
s>        ( QUESTION0 1 -7.117e+03 1.074e+02 3.400e+01
s>            ( - -2.822e+03 2 0)
s>            ( - -4.187e+03 2 0)))INFO: dtree.c(1478): Final simple tree
|( QUESTION17 1 -7.985e+04 4.198e+02 3.812e+02
|    ( - -2.189e+04 3 0)
|    ( QUESTION0_11_R 1 -5.754e+04 3.515e+02 2.735e+02
|        ( - -1.002e+04 1 0)
|        ( QUESTION0_1_R 1 -4.717e+04 2.649e+02 2.234e+02
|            ( QUESTION12 1 -2.153e+04 2.193e+02 1.022e+02
|                ( - -4.393e+03 2 0)
|                ( QUESTION20 1 -1.692e+04 1.530e+02 8.016e+01
|                    ( - -2.771e+03 2 0)
|                    ( QUESTION0_6_R 1 -1.399e+04 1.187e+02 6.609e+01
|                        ( - -5.654e+03 5 0)
|                        ( - -8.222e+03 13 0 QUESTION3 1 1.087e+02 3.900e+01))))
|            ( SILENCE 1 -2.537e+04 1.668e+02 1.212e+02
|                ( - -3.480e+03 3 0)
|                ( - -2.173e+04 9 0)))))
s>    ( QUESTION17 1 -7.985e+04 4.198e+02 3.812e+02
s>        ( - -2.189e+04 3 0)
s>        ( QUESTION0_11_R 1 -5.754e+04 3.515e+02 2.735e+02
s>            ( - -1.002e+04 1 0)
s>            ( QUESTION0_1_R 1 -4.717e+04 2.649e+02 2.234e+02
s>                ( QUESTION12 1 -2.153e+04 2.193e+02 1.022e+02
s>                    ( - -4.393e+03 2 0)
s>                    ( QUESTION20 1 -1.692e+04 1.530e+02 8.016e+01
s>                        ( - -2.771e+03 2 0)
s>                        ( QUESTION0_6_R 1 -1.399e+04 1.187e+02 6.609e+01
s>                            ( - -5.654e+03 5 0)
s>                            ( - -8.222e+03 13 0 QUESTION3 1 1.087e+02 3.900e+01))))
s>                ( SILENCE 1 -2.537e+04 1.668e+02 1.212e+02
s>                    ( - -3.480e+03 3 0)
s>                    ( - -2.173e+04 9 0)))))INFO: dtree.c(1315): Comp split 18
INFO: dtree.c(1478): Final simple tree
|( WDBNDRY_B 0 -1.513e+05 4.386e+02 7.014e+02
|    ( QUESTION16 -1 -1.381e+05 3.101e+02 6.428e+02
|        ( QUESTION0 1 -3.427e+04 2.927e+02 1.630e+02
|            ( - -2.700e+04 6 0)
|            ( - -6.977e+03 1 0))
|        ( QUESTION14 -1 -1.035e+05 2.274e+02 4.799e+02
|            ( - -7.823e+04 13 0)
|            ( QUESTION0 1 -2.507e+04 1.543e+02 1.162e+02
|                ( QUESTION19 -1 -1.577e+04 1.264e+02 7.307e+01
|                    ( - -1.073e+04 4 0)
|                    ( - -4.911e+03 5 0))
|                ( - -9.149e+03 4 0 QUESTION19 -1 8.786e+01 4.316e+01))))
|    ( QUESTION16 -1 -1.278e+04 1.836e+02 5.852e+01
|        ( - -2.226e+03 1 0)
|        ( - -1.037e+04 6 0)))
s>    ( WDBNDRY_B 0 -1.513e+05 4.386e+02 7.014e+02
s>        ( QUESTION16 -1 -1.381e+05 3.101e+02 6.428e+02
s>            ( QUESTION0 1 -3.427e+04 2.927e+02 1.630e+02
s>                ( - -2.700e+04 6 0)
s>                ( - -6.977e+03 1 0))
s>            ( QUESTION14 -1 -1.035e+05 2.274e+02 4.799e+02
s>                ( - -7.823e+04 13 0)
s>                ( QUESTION0 1 -2.507e+04 1.543e+02 1.162e+02
s>                    ( QUESTION19 -1 -1.577e+04 1.264e+02 7.307e+01
s>                        ( - -1.073e+04 4 0)
s>                        ( - -4.911e+03 5 0))
s>                    ( - -9.149e+03 4 0 QUESTION19 -1 8.786e+01 4.316e+01))))
s>        ( QUESTION16 -1 -1.278e+04 1.836e+02 5.852e+01
s>            ( - -2.226e+03 1 0)
s>            ( - -1.037e+04 6 0)))INFO: dtree.c(1315): Comp split 19
INFO: dtree.c(1439): stop. leaf nodes are specific
INFO: dtree.c(1478): Final simple tree
|( QUESTION2 -1 -1.482e+04 1.223e+02 7.224e+01
|    ( - -2.154e+03 1 0)
|    ( - -1.254e+04 1 0))
s>    ( QUESTION2 -1 -1.482e+04 1.223e+02 7.224e+01
s>        ( - -2.154e+03 1 0)
s>        ( - -1.254e+04 1 0))INFO: dtree.c(1439): stop. leaf nodes are specific
INFO: dtree.c(1478): Final simple tree
|( WDBNDRY_B 0 -2.173e+05 1.513e+02 1.002e+03
|    ( - -1.804e+03 1 0)
|    ( - -2.153e+05 5 0))
s>    ( WDBNDRY_B 0 -2.173e+05 1.513e+02 1.002e+03
s>        ( - -1.804e+03 1 0)
s>        ( - -2.153e+05 5 0))INFO: dtree.c(1315): Comp split 20
INFO: dtree.c(1439): stop. leaf nodes are specific
INFO: dtree.c(1478): Final simple tree
|( QUESTION0_3_R 1 -2.583e+05 1.485e+02 1.211e+03
|    ( - -1.714e+03 1 0)
|    ( - -2.565e+05 5 0))
s>    ( QUESTION0_3_R 1 -2.583e+05 1.485e+02 1.211e+03
s>        ( - -1.714e+03 1 0)
s>        ( - -2.565e+05 5 0))INFO: dtree.c(1315): Comp split 21
INFO: dtree.c(1315): Comp split 22
INFO: dtree.c(1439): stop. leaf nodes are specific
INFO: dtree.c(1478): Final simple tree
|( WDBNDRY_B 0 -2.473e+04 1.508e+02 1.147e+02
|    ( QUESTION0 1 -2.366e+04 1.270e+02 1.097e+02
|        ( - -2.124e+04 4 0)
|        ( - -2.294e+03 2 0))
|    ( - -9.232e+02 1 0))
s>    ( WDBNDRY_B 0 -2.473e+04 1.508e+02 1.147e+02
s>        ( QUESTION0 1 -2.366e+04 1.270e+02 1.097e+02
s>            ( - -2.124e+04 4 0)
s>            ( - -2.294e+03 2 0))
s>        ( - -9.232e+02 1 0))INFO: dtree.c(1315): Comp split 23
INFO: dtree.c(1439): stop. leaf nodes are specific
INFO: dtree.c(1478): Final simple tree
|( QUESTION8 -1 -1.627e+05 2.738e+02 7.537e+02
|    ( QUESTION0 1 -1.562e+05 1.569e+02 7.253e+02
|        ( - -1.553e+05 1 0)
|        ( - -7.529e+02 1 0))
|    ( QUESTION6 -1 -6.198e+03 1.562e+02 2.848e+01
|        ( QUESTION2_12_L -1 -4.651e+03 1.291e+02 2.148e+01
|            ( - -5.142e+02 2 0)
|            ( WDBNDRY_B 0 -4.007e+03 1.060e+02 1.848e+01
|                ( - -2.220e+03 2 0)
|                ( - -1.681e+03 2 0)))
|        ( QUESTION0 1 -1.391e+03 1.879e+02 7.000e+00
|            ( - -2.621e+02 1 0)
|            ( - -9.410e+02 1 0))))
s>    ( QUESTION8 -1 -1.627e+05 2.738e+02 7.537e+02
s>        ( QUESTION0 1 -1.562e+05 1.569e+02 7.253e+02
s>            ( - -1.553e+05 1 0)
s>            ( - -7.529e+02 1 0))
s>        ( QUESTION6 -1 -6.198e+03 1.562e+02 2.848e+01
s>            ( QUESTION2_12_L -1 -4.651e+03 1.291e+02 2.148e+01
s>                ( - -5.142e+02 2 0)
s>                ( WDBNDRY_B 0 -4.007e+03 1.060e+02 1.848e+01
s>                    ( - -2.220e+03 2 0)
s>                    ( - -1.681e+03 2 0)))
s>            ( QUESTION0 1 -1.391e+03 1.879e+02 7.000e+00
s>                ( - -2.621e+02 1 0)
s>                ( - -9.410e+02 1 0))))INFO: dtree.c(1315): Comp split 24
INFO: dtree.c(1439): stop. leaf nodes are specific
INFO: dtree.c(1478): Final simple tree
|( QUESTION16 -1 -1.308e+05 2.963e+02 6.094e+02
|    ( - -2.700e+04 6 0)
|    ( QUESTION14 -1 -1.035e+05 2.274e+02 4.799e+02
|        ( - -7.823e+04 13 0)
|        ( QUESTION0 1 -2.507e+04 1.543e+02 1.162e+02
|            ( QUESTION19 -1 -1.577e+04 1.264e+02 7.307e+01
|                ( - -1.073e+04 4 0)
|                ( - -4.911e+03 5 0))
|            ( QUESTION19 -1 -9.149e+03 8.786e+01 4.316e+01
|                ( - -2.919e+03 1 0)
|                ( - -6.142e+03 3 0)))))
s>    ( QUESTION16 -1 -1.308e+05 2.963e+02 6.094e+02
s>        ( - -2.700e+04 6 0)
s>        ( QUESTION14 -1 -1.035e+05 2.274e+02 4.799e+02
s>            ( - -7.823e+04 13 0)
s>            ( QUESTION0 1 -2.507e+04 1.543e+02 1.162e+02
s>                ( QUESTION19 -1 -1.577e+04 1.264e+02 7.307e+01
s>                    ( - -1.073e+04 4 0)
s>                    ( - -4.911e+03 5 0))
s>                ( QUESTION19 -1 -9.149e+03 8.786e+01 4.316e+01
s>                    ( - -2.919e+03 1 0)
s>                    ( - -6.142e+03 3 0)))))INFO: dtree.c(1439): stop. leaf nodes are specific
INFO: dtree.c(1478): Final simple tree
|( QUESTION16 -1 -2.003e+04 3.046e+02 9.194e+01
|    ( WDBNDRY_B 0 -9.354e+03 1.505e+02 4.437e+01
|        ( - -6.977e+03 1 0)
|        ( - -2.226e+03 1 0))
|    ( - -1.037e+04 6 0))
s>    ( QUESTION16 -1 -2.003e+04 3.046e+02 9.194e+01
s>        ( WDBNDRY_B 0 -9.354e+03 1.505e+02 4.437e+01
s>            ( - -6.977e+03 1 0)
s>            ( - -2.226e+03 1 0))
s>        ( - -1.037e+04 6 0))INFO: dtree.c(1315): Comp split 25
INFO: dtree.c(1439): stop. leaf nodes are specific
INFO: dtree.c(1478): Final simple tree
|( WDBNDRY_B 0 -9.701e+04 2.436e+02 4.404e+02
|    ( - -6.556e+03 5 0)
|    ( - -9.021e+04 6 0))
s>    ( WDBNDRY_B 0 -9.701e+04 2.436e+02 4.404e+02
s>        ( - -6.556e+03 5 0)
s>        ( - -9.021e+04 6 0))INFO: dtree.c(1315): Comp split 26
INFO: dtree.c(1439): stop. leaf nodes are specific
INFO: dtree.c(1478): Final simple tree
|( QUESTION0_2_R 1 -2.645e+04 1.683e+02 1.297e+02
|    ( - -2.189e+04 3 0)
|    ( - -4.393e+03 2 0))
s>    ( QUESTION0_2_R 1 -2.645e+04 1.683e+02 1.297e+02
s>        ( - -2.189e+04 3 0)
s>        ( - -4.393e+03 2 0))INFO: dtree.c(1478): Final simple tree
|( QUESTION0_11_R 1 -5.294e+04 3.435e+02 2.515e+02
|    ( - -1.002e+04 1 0)
|    ( QUESTION0_1_R 1 -4.257e+04 2.828e+02 2.014e+02
|        ( QUESTION20 1 -1.692e+04 1.530e+02 8.016e+01
|            ( - -2.771e+03 2 0)
|            ( QUESTION0_6_R 1 -1.399e+04 1.187e+02 6.609e+01
|                ( - -5.654e+03 5 0)
|                ( QUESTION3 1 -8.222e+03 1.087e+02 3.900e+01
|                    ( - -3.420e+02 2 0)
|                    ( QUESTION0_9_R 1 -7.771e+03 1.095e+02 3.700e+01
|                        ( - -1.374e+03 2 0)
|                        ( - -6.288e+03 9 0 QUESTION0_2_R 1 1.036e+02 3.000e+01)))))
|        ( SILENCE 1 -2.537e+04 1.668e+02 1.212e+02
|            ( - -3.480e+03 3 0)
|            ( - -2.173e+04 9 0))))
s>    ( QUESTION0_11_R 1 -5.294e+04 3.435e+02 2.515e+02
s>        ( - -1.002e+04 1 0)
s>        ( QUESTION0_1_R 1 -4.257e+04 2.828e+02 2.014e+02
s>            ( QUESTION20 1 -1.692e+04 1.530e+02 8.016e+01
s>                ( - -2.771e+03 2 0)
s>                ( QUESTION0_6_R 1 -1.399e+04 1.187e+02 6.609e+01
s>                    ( - -5.654e+03 5 0)
s>                    ( QUESTION3 1 -8.222e+03 1.087e+02 3.900e+01
s>                        ( - -3.420e+02 2 0)
s>                        ( QUESTION0_9_R 1 -7.771e+03 1.095e+02 3.700e+01
s>                            ( - -1.374e+03 2 0)
s>                            ( - -6.288e+03 9 0 QUESTION0_2_R 1 1.036e+02 3.000e+01)))))
s>            ( SILENCE 1 -2.537e+04 1.668e+02 1.212e+02
s>                ( - -3.480e+03 3 0)
s>                ( - -2.173e+04 9 0))))INFO: dtree.c(1315): Comp split 27
INFO: dtree.c(1315): Comp split 28
INFO: dtree.c(1478): Final simple tree
|( QUESTION0_0_R 1 -3.893e+04 2.832e+02 1.844e+02
|    ( - -2.173e+04 9 0)
|    ( QUESTION20 1 -1.692e+04 1.530e+02 8.016e+01
|        ( - -2.771e+03 2 0)
|        ( QUESTION0_6_R 1 -1.399e+04 1.187e+02 6.609e+01
|            ( - -5.654e+03 5 0)
|            ( QUESTION3 1 -8.222e+03 1.087e+02 3.900e+01
|                ( - -3.420e+02 2 0)
|                ( QUESTION0_9_R 1 -7.771e+03 1.095e+02 3.700e+01
|                    ( - -1.374e+03 2 0)
|                    ( QUESTION0_2_R 1 -6.288e+03 1.036e+02 3.000e+01
|                        ( - -1.369e+03 3 0)
|                        ( QUESTION0_14_R 1 -4.816e+03 6.926e+01 2.300e+01
|                            ( - -4.358e+03 4 0)
|                            ( - -3.892e+02 2 0))))))))
s>    ( QUESTION0_0_R 1 -3.893e+04 2.832e+02 1.844e+02
s>        ( - -2.173e+04 9 0)
s>        ( QUESTION20 1 -1.692e+04 1.530e+02 8.016e+01
s>            ( - -2.771e+03 2 0)
s>            ( QUESTION0_6_R 1 -1.399e+04 1.187e+02 6.609e+01
s>                ( - -5.654e+03 5 0)
s>                ( QUESTION3 1 -8.222e+03 1.087e+02 3.900e+01
s>                    ( - -3.420e+02 2 0)
s>                    ( QUESTION0_9_R 1 -7.771e+03 1.095e+02 3.700e+01
s>                        ( - -1.374e+03 2 0)
s>                        ( QUESTION0_2_R 1 -6.288e+03 1.036e+02 3.000e+01
s>                            ( - -1.369e+03 3 0)
s>                            ( QUESTION0_14_R 1 -4.816e+03 6.926e+01 2.300e+01
s>                                ( - -4.358e+03 4 0)
s>                                ( - -3.892e+02 2 0))))))))INFO: dtree.c(1439): stop. leaf nodes are specific
INFO: dtree.c(1478): Final simple tree
|( SILENCE 1 -1.367e+04 1.652e+02 6.708e+01
|    ( - -3.480e+03 3 0)
|    ( - -1.002e+04 1 0))
s>    ( SILENCE 1 -1.367e+04 1.652e+02 6.708e+01
s>        ( - -3.480e+03 3 0)
s>        ( - -1.002e+04 1 0))INFO: dtree.c(1315): Comp split 29
INFO: dtree.c(1439): stop. leaf nodes are specific
INFO: dtree.c(1478): Final simple tree
|( QUESTION0_14_R 1 -1.261e+04 2.145e+02 5.968e+01
|    ( - -5.610e+03 3 0)
|    ( QUESTION0_7_R 1 -6.789e+03 1.418e+02 3.228e+01
|        ( - -5.639e+02 2 0)
|        ( QUESTION0_2_R 1 -6.083e+03 1.253e+02 2.928e+01
|            ( - -7.652e+02 1 0)
|            ( - -5.193e+03 2 0))))
s>    ( QUESTION0_14_R 1 -1.261e+04 2.145e+02 5.968e+01
s>        ( - -5.610e+03 3 0)
s>        ( QUESTION0_7_R 1 -6.789e+03 1.418e+02 3.228e+01
s>            ( - -5.639e+02 2 0)
s>            ( QUESTION0_2_R 1 -6.083e+03 1.253e+02 2.928e+01
s>                ( - -7.652e+02 1 0)
s>                ( - -5.193e+03 2 0))))INFO: dtree.c(1315): Comp split 30
INFO: dtree.c(1439): stop. leaf nodes are specific
INFO: dtree.c(1478): Final simple tree
|( WDBNDRY_B 0 -1.577e+05 1.441e+02 7.317e+02
|    ( - -2.220e+03 2 0)
|    ( - -1.553e+05 1 0))
s>    ( WDBNDRY_B 0 -1.577e+05 1.441e+02 7.317e+02
s>        ( - -2.220e+03 2 0)
s>        ( - -1.553e+05 1 0))INFO: dtree.c(1439): stop. leaf nodes are specific
INFO: dtree.c(1478): Final simple tree
|( WDBNDRY_B 0 -4.696e+03 1.435e+02 2.200e+01
|    ( QUESTION0 1 -1.391e+03 1.879e+02 7.000e+00
|        ( - -2.621e+02 1 0)
|        ( - -9.410e+02 1 0))
|    ( QUESTION2_12_L -1 -3.162e+03 1.206e+02 1.500e+01
|        ( - -5.142e+02 2 0)
|        ( QUESTION0 1 -2.527e+03 9.241e+01 1.200e+01
|            ( - -1.681e+03 2 0)
|            ( - -7.529e+02 1 0))))
s>    ( WDBNDRY_B 0 -4.696e+03 1.435e+02 2.200e+01
s>        ( QUESTION0 1 -1.391e+03 1.879e+02 7.000e+00
s>            ( - -2.621e+02 1 0)
s>            ( - -9.410e+02 1 0))
s>        ( QUESTION2_12_L -1 -3.162e+03 1.206e+02 1.500e+01
s>            ( - -5.142e+02 2 0)
s>            ( QUESTION0 1 -2.527e+03 9.241e+01 1.200e+01
s>                ( - -1.681e+03 2 0)
s>                ( - -7.529e+02 1 0))))INFO: dtree.c(1315): Comp split 31
INFO: dtree.c(1439): stop. leaf nodes are specific
INFO: dtree.c(1478): Final simple tree
|( WDBNDRY_B 0 -9.354e+03 1.505e+02 4.437e+01
|    ( - -6.977e+03 1 0)
|    ( - -2.226e+03 1 0))
s>    ( WDBNDRY_B 0 -9.354e+03 1.505e+02 4.437e+01
s>        ( - -6.977e+03 1 0)
s>        ( - -2.226e+03 1 0))INFO: dtree.c(1315): Comp split 32
INFO: dtree.c(1439): stop. leaf nodes are specific
INFO: dtree.c(1478): Final simple tree
|( QUESTION14 -1 -1.035e+05 2.274e+02 4.799e+02
|    ( - -7.823e+04 13 0)
|    ( QUESTION0 1 -2.507e+04 1.543e+02 1.162e+02
|        ( QUESTION19 -1 -1.577e+04 1.264e+02 7.307e+01
|            ( - -1.073e+04 4 0)
|            ( - -4.911e+03 5 0))
|        ( QUESTION19 -1 -9.149e+03 8.786e+01 4.316e+01
|            ( - -2.919e+03 1 0)
|            ( - -6.142e+03 3 0))))
s>    ( QUESTION14 -1 -1.035e+05 2.274e+02 4.799e+02
s>        ( - -7.823e+04 13 0)
s>        ( QUESTION0 1 -2.507e+04 1.543e+02 1.162e+02
s>            ( QUESTION19 -1 -1.577e+04 1.264e+02 7.307e+01
s>                ( - -1.073e+04 4 0)
s>                ( - -4.911e+03 5 0))
s>            ( QUESTION19 -1 -9.149e+03 8.786e+01 4.316e+01
s>                ( - -2.919e+03 1 0)
s>                ( - -6.142e+03 3 0))))INFO: dtree.c(1315): Comp split 33
INFO: dtree.c(1439): stop. leaf nodes are specific
INFO: dtree.c(1478): Final simple tree
|( QUESTION20 1 -1.692e+04 1.530e+02 8.016e+01
|    ( - -2.771e+03 2 0)
|    ( QUESTION0_6_R 1 -1.399e+04 1.187e+02 6.609e+01
|        ( - -5.654e+03 5 0)
|        ( QUESTION3 1 -8.222e+03 1.087e+02 3.900e+01
|            ( - -3.420e+02 2 0)
|            ( QUESTION0_9_R 1 -7.771e+03 1.095e+02 3.700e+01
|                ( - -1.374e+03 2 0)
|                ( QUESTION0_2_R 1 -6.288e+03 1.036e+02 3.000e+01
|                    ( - -1.369e+03 3 0)
|                    ( QUESTION0_14_R 1 -4.816e+03 6.926e+01 2.300e+01
|                        ( - -4.358e+03 4 0)
|                        ( - -3.892e+02 2 0)))))))
s>    ( QUESTION20 1 -1.692e+04 1.530e+02 8.016e+01
s>        ( - -2.771e+03 2 0)
s>        ( QUESTION0_6_R 1 -1.399e+04 1.187e+02 6.609e+01
s>            ( - -5.654e+03 5 0)
s>            ( QUESTION3 1 -8.222e+03 1.087e+02 3.900e+01
s>                ( - -3.420e+02 2 0)
s>                ( QUESTION0_9_R 1 -7.771e+03 1.095e+02 3.700e+01
s>                    ( - -1.374e+03 2 0)
s>                    ( QUESTION0_2_R 1 -6.288e+03 1.036e+02 3.000e+01
s>                        ( - -1.369e+03 3 0)
s>                        ( QUESTION0_14_R 1 -4.816e+03 6.926e+01 2.300e+01
s>                            ( - -4.358e+03 4 0)
s>                            ( - -3.892e+02 2 0)))))))INFO: dtree.c(1315): Comp split 34
INFO: dtree.c(1315): Comp split 35
INFO: dtree.c(1439): stop. leaf nodes are specific
INFO: dtree.c(1478): Final simple tree
|( QUESTION0 1 -2.507e+04 1.543e+02 1.162e+02
|    ( QUESTION19 -1 -1.577e+04 1.264e+02 7.307e+01
|        ( - -1.073e+04 4 0)
|        ( - -4.911e+03 5 0))
|    ( QUESTION19 -1 -9.149e+03 8.786e+01 4.316e+01
|        ( - -2.919e+03 1 0)
|        ( - -6.142e+03 3 0)))
s>    ( QUESTION0 1 -2.507e+04 1.543e+02 1.162e+02
s>        ( QUESTION19 -1 -1.577e+04 1.264e+02 7.307e+01
s>            ( - -1.073e+04 4 0)
s>            ( - -4.911e+03 5 0))
s>        ( QUESTION19 -1 -9.149e+03 8.786e+01 4.316e+01
s>            ( - -2.919e+03 1 0)
s>            ( - -6.142e+03 3 0)))INFO: dtree.c(1315): Comp split 36
INFO: dtree.c(1439): stop. leaf nodes are specific
INFO: dtree.c(1478): Final simple tree
|( WDBNDRY_E 0 -2.349e+05 1.506e+02 1.093e+03
|    ( - -6.969e+02 1 0)
|    ( WDBNDRY_B 0 -2.340e+05 1.490e+02 1.089e+03
|        ( - -2.334e+05 9 0)
|        ( - -4.686e+02 1 0)))
s>    ( WDBNDRY_E 0 -2.349e+05 1.506e+02 1.093e+03
s>        ( - -6.969e+02 1 0)
s>        ( WDBNDRY_B 0 -2.340e+05 1.490e+02 1.089e+03
s>            ( - -2.334e+05 9 0)
s>            ( - -4.686e+02 1 0)))INFO: dtree.c(1439): stop. leaf nodes are specific
INFO: dtree.c(1478): Final simple tree
|( QUESTION0 1 -7.117e+03 1.074e+02 3.400e+01
|    ( - -2.822e+03 2 0)
|    ( - -4.187e+03 2 0))
s>    ( QUESTION0 1 -7.117e+03 1.074e+02 3.400e+01
s>        ( - -2.822e+03 2 0)
s>        ( - -4.187e+03 2 0))INFO: dtree.c(1315): Comp split 37
INFO: dtree.c(1439): stop. leaf nodes are specific
INFO: dtree.c(1478): Final simple tree
|( QUESTION0_7_R 1 -6.789e+03 1.418e+02 3.228e+01
|    ( - -5.639e+02 2 0)
|    ( QUESTION0_2_R 1 -6.083e+03 1.253e+02 2.928e+01
|        ( - -7.652e+02 1 0)
|        ( - -5.193e+03 2 0)))
s>    ( QUESTION0_7_R 1 -6.789e+03 1.418e+02 3.228e+01
s>        ( - -5.639e+02 2 0)
s>        ( QUESTION0_2_R 1 -6.083e+03 1.253e+02 2.928e+01
s>            ( - -7.652e+02 1 0)
s>            ( - -5.193e+03 2 0)))INFO: dtree.c(1315): Comp split 38
INFO: dtree.c(1439): stop. leaf nodes are specific
INFO: dtree.c(1478): Final simple tree
|( QUESTION0 1 -5.646e+03 1.306e+02 2.696e+01
|    ( - -1.806e+03 3 0)
|    ( - -3.710e+03 1 0))
s>    ( QUESTION0 1 -5.646e+03 1.306e+02 2.696e+01
s>        ( - -1.806e+03 3 0)
s>        ( - -3.710e+03 1 0))INFO: dtree.c(1315): Comp split 39
INFO: dtree.c(1439): stop. leaf nodes are specific
INFO: dtree.c(1478): Final simple tree
|( WDBNDRY_B 0 -4.248e+03 1.456e+02 2.000e+01
|    ( - -9.410e+02 1 0)
|    ( QUESTION2_12_L -1 -3.162e+03 1.206e+02 1.500e+01
|        ( - -5.142e+02 2 0)
|        ( QUESTION0 1 -2.527e+03 9.241e+01 1.200e+01
|            ( - -1.681e+03 2 0)
|            ( - -7.529e+02 1 0))))
s>    ( WDBNDRY_B 0 -4.248e+03 1.456e+02 2.000e+01
s>        ( - -9.410e+02 1 0)
s>        ( QUESTION2_12_L -1 -3.162e+03 1.206e+02 1.500e+01
s>            ( - -5.142e+02 2 0)
s>            ( QUESTION0 1 -2.527e+03 9.241e+01 1.200e+01
s>                ( - -1.681e+03 2 0)
s>                ( - -7.529e+02 1 0))))INFO: dtree.c(1315): Comp split 40
INFO: dtree.c(1315): Comp split 41
INFO: dtree.c(1315): Comp split 42
INFO: dtree.c(1439): stop. leaf nodes are specific
INFO: dtree.c(1478): Final simple tree
|( QUESTION0 1 -1.418e+04 1.213e+02 6.615e+01
|    ( - -4.911e+03 5 0)
|    ( QUESTION19 -1 -9.149e+03 8.786e+01 4.316e+01
|        ( - -2.919e+03 1 0)
|        ( - -6.142e+03 3 0)))
s>    ( QUESTION0 1 -1.418e+04 1.213e+02 6.615e+01
s>        ( - -4.911e+03 5 0)
s>        ( QUESTION19 -1 -9.149e+03 8.786e+01 4.316e+01
s>            ( - -2.919e+03 1 0)
s>            ( - -6.142e+03 3 0)))INFO: dtree.c(1315): Comp split 43
INFO: dtree.c(1439): stop. leaf nodes are specific
INFO: dtree.c(1478): Final simple tree
|( QUESTION0_6_R 1 -1.399e+04 1.187e+02 6.609e+01
|    ( - -5.654e+03 5 0)
|    ( QUESTION3 1 -8.222e+03 1.087e+02 3.900e+01
|        ( - -3.420e+02 2 0)
|        ( QUESTION0_9_R 1 -7.771e+03 1.095e+02 3.700e+01
|            ( - -1.374e+03 2 0)
|            ( QUESTION0_2_R 1 -6.288e+03 1.036e+02 3.000e+01
|                ( - -1.369e+03 3 0)
|                ( QUESTION0_14_R 1 -4.816e+03 6.926e+01 2.300e+01
|                    ( - -4.358e+03 4 0)
|                    ( - -3.892e+02 2 0))))))
s>    ( QUESTION0_6_R 1 -1.399e+04 1.187e+02 6.609e+01
s>        ( - -5.654e+03 5 0)
s>        ( QUESTION3 1 -8.222e+03 1.087e+02 3.900e+01
s>            ( - -3.420e+02 2 0)
s>            ( QUESTION0_9_R 1 -7.771e+03 1.095e+02 3.700e+01
s>                ( - -1.374e+03 2 0)
s>                ( QUESTION0_2_R 1 -6.288e+03 1.036e+02 3.000e+01
s>                    ( - -1.369e+03 3 0)
s>                    ( QUESTION0_14_R 1 -4.816e+03 6.926e+01 2.300e+01
s>                        ( - -4.358e+03 4 0)
s>                        ( - -3.892e+02 2 0))))))INFO: dtree.c(1315): Comp split 44
INFO: dtree.c(1315): Comp split 45
INFO: dtree.c(1439): stop. leaf nodes are specific
INFO: dtree.c(1478): Final simple tree
|( QUESTION0 1 -2.366e+04 1.270e+02 1.097e+02
|    ( - -2.124e+04 4 0)
|    ( - -2.294e+03 2 0))
s>    ( QUESTION0 1 -2.366e+04 1.270e+02 1.097e+02
s>        ( - -2.124e+04 4 0)
s>        ( - -2.294e+03 2 0))INFO: dtree.c(1315): Comp split 46
INFO: dtree.c(1439): stop. leaf nodes are specific
INFO: dtree.c(1478): Final simple tree
|( WDBNDRY_B 0 -2.340e+05 1.490e+02 1.089e+03
|    ( - -2.334e+05 9 0)
|    ( - -4.686e+02 1 0))
s>    ( WDBNDRY_B 0 -2.340e+05 1.490e+02 1.089e+03
s>        ( - -2.334e+05 9 0)
s>        ( - -4.686e+02 1 0))INFO: dtree.c(1315): Comp split 47
INFO: dtree.c(1315): Comp split 48
INFO: dtree.c(1315): Comp split 49
INFO: dtree.c(1315): Comp split 50
INFO: dtree.c(1439): stop. leaf nodes are specific
INFO: dtree.c(1478): Final simple tree
|( QUESTION2_12_L -1 -3.162e+03 1.206e+02 1.500e+01
|    ( - -5.142e+02 2 0)
|    ( QUESTION0 1 -2.527e+03 9.241e+01 1.200e+01
|        ( - -1.681e+03 2 0)
|        ( - -7.529e+02 1 0)))
s>    ( QUESTION2_12_L -1 -3.162e+03 1.206e+02 1.500e+01
s>        ( - -5.142e+02 2 0)
s>        ( QUESTION0 1 -2.527e+03 9.241e+01 1.200e+01
s>            ( - -1.681e+03 2 0)
s>            ( - -7.529e+02 1 0)))INFO: dtree.c(1315): Comp split 51
INFO: dtree.c(1315): Comp split 52
INFO: dtree.c(1439): stop. leaf nodes are specific
INFO: dtree.c(1478): Final simple tree
|( QUESTION0_2_R 1 -6.083e+03 1.253e+02 2.928e+01
|    ( - -7.652e+02 1 0)
|    ( - -5.193e+03 2 0))
s>    ( QUESTION0_2_R 1 -6.083e+03 1.253e+02 2.928e+01
s>        ( - -7.652e+02 1 0)
s>        ( - -5.193e+03 2 0))INFO: dtree.c(1315): Comp split 53
INFO: dtree.c(1315): Comp split 54
INFO: dtree.c(1315): Comp split 55
INFO: dtree.c(1315): Comp split 56
INFO: dtree.c(1315): Comp split 57
INFO: dtree.c(1439): stop. leaf nodes are specific
INFO: dtree.c(1478): Final simple tree
|( QUESTION19 -1 -9.149e+03 8.786e+01 4.316e+01
|    ( - -2.919e+03 1 0)
|    ( - -6.142e+03 3 0))
s>    ( QUESTION19 -1 -9.149e+03 8.786e+01 4.316e+01
s>        ( - -2.919e+03 1 0)
s>        ( - -6.142e+03 3 0))INFO: dtree.c(1315): Comp split 58
INFO: dtree.c(1439): stop. leaf nodes are specific
INFO: dtree.c(1478): Final simple tree
|( QUESTION0 1 -2.527e+03 9.241e+01 1.200e+01
|    ( - -1.681e+03 2 0)
|    ( - -7.529e+02 1 0))
s>    ( QUESTION0 1 -2.527e+03 9.241e+01 1.200e+01
s>        ( - -1.681e+03 2 0)
s>        ( - -7.529e+02 1 0))INFO: dtree.c(1315): Comp split 59
INFO: dtree.c(1439): stop. leaf nodes are specific
INFO: dtree.c(1478): Final simple tree
|( QUESTION3 1 -8.222e+03 1.087e+02 3.900e+01
|    ( - -3.420e+02 2 0)
|    ( QUESTION0_9_R 1 -7.771e+03 1.095e+02 3.700e+01
|        ( - -1.374e+03 2 0)
|        ( QUESTION0_2_R 1 -6.288e+03 1.036e+02 3.000e+01
|            ( - -1.369e+03 3 0)
|            ( QUESTION0_14_R 1 -4.816e+03 6.926e+01 2.300e+01
|                ( - -4.358e+03 4 0)
|                ( - -3.892e+02 2 0)))))
s>    ( QUESTION3 1 -8.222e+03 1.087e+02 3.900e+01
s>        ( - -3.420e+02 2 0)
s>        ( QUESTION0_9_R 1 -7.771e+03 1.095e+02 3.700e+01
s>            ( - -1.374e+03 2 0)
s>            ( QUESTION0_2_R 1 -6.288e+03 1.036e+02 3.000e+01
s>                ( - -1.369e+03 3 0)
s>                ( QUESTION0_14_R 1 -4.816e+03 6.926e+01 2.300e+01
s>                    ( - -4.358e+03 4 0)
s>                    ( - -3.892e+02 2 0)))))INFO: dtree.c(1315): Comp split 60
INFO: dtree.c(1439): stop. leaf nodes are specific
INFO: dtree.c(1478): Final simple tree
|( QUESTION0_9_R 1 -7.771e+03 1.095e+02 3.700e+01
|    ( - -1.374e+03 2 0)
|    ( QUESTION0_2_R 1 -6.288e+03 1.036e+02 3.000e+01
|        ( - -1.369e+03 3 0)
|        ( QUESTION0_14_R 1 -4.816e+03 6.926e+01 2.300e+01
|            ( - -4.358e+03 4 0)
|            ( - -3.892e+02 2 0))))
s>    ( QUESTION0_9_R 1 -7.771e+03 1.095e+02 3.700e+01
s>        ( - -1.374e+03 2 0)
s>        ( QUESTION0_2_R 1 -6.288e+03 1.036e+02 3.000e+01
s>            ( - -1.369e+03 3 0)
s>            ( QUESTION0_14_R 1 -4.816e+03 6.926e+01 2.300e+01
s>                ( - -4.358e+03 4 0)
s>                ( - -3.892e+02 2 0))))INFO: dtree.c(1315): Comp split 61
INFO: dtree.c(1439): stop. leaf nodes are specific
INFO: dtree.c(1478): Final simple tree
|( QUESTION0_2_R 1 -6.288e+03 1.036e+02 3.000e+01
|    ( - -1.369e+03 3 0)
|    ( QUESTION0_14_R 1 -4.816e+03 6.926e+01 2.300e+01
|        ( - -4.358e+03 4 0)
|        ( - -3.892e+02 2 0)))
s>    ( QUESTION0_2_R 1 -6.288e+03 1.036e+02 3.000e+01
s>        ( - -1.369e+03 3 0)
s>        ( QUESTION0_14_R 1 -4.816e+03 6.926e+01 2.300e+01
s>            ( - -4.358e+03 4 0)
s>            ( - -3.892e+02 2 0)))INFO: dtree.c(1315): Comp split 62
INFO: dtree.c(1315): Comp split 63
INFO: dtree.c(1439): stop. leaf nodes are specific
INFO: dtree.c(1478): Final simple tree
|( QUESTION0_14_R 1 -4.816e+03 6.926e+01 2.300e+01
|    ( - -4.358e+03 4 0)
|    ( - -3.892e+02 2 0))
s>    ( QUESTION0_14_R 1 -4.816e+03 6.926e+01 2.300e+01
s>        ( - -4.358e+03 4 0)
s>        ( - -3.892e+02 2 0))INFO: dtree.c(1315): Comp split 64
INFO: dtree.c(1315): Comp split 65
INFO: dtree.c(1315): Comp split 66
INFO: dtree.c(1315): Comp split 67
INFO: dtree.c(1318): stop. leaf nodes are specific
Wed Mar 15 21:05:47 2023
