Current configuration:
[NAME]		[DEFLT]	[VALUE]
-allphones	no	no
-cntthresh	0.00001	1.000000e-05
-csplitmax	100	2000
-csplitmin	1	1
-csplitthr	8e-4	0.000000e+00
-example	no	no
-fullvar	no	no
-help		no	no
-meanfn			/home/lucija/Documents/Zadnji semestar/ROGJ/Prezentacije/CMUspinx/tutorial/model_parameters/my_db.cd_cont_untied/means
-mixwfn			/home/lucija/Documents/Zadnji semestar/ROGJ/Prezentacije/CMUspinx/tutorial/model_parameters/my_db.cd_cont_untied/mixture_weights
-moddeffn		/home/lucija/Documents/Zadnji semestar/ROGJ/Prezentacije/CMUspinx/tutorial/model_architecture/my_db.untied.mdef
-mwfloor	1e-4	1.000000e-08
-phone			p
-psetfn			/home/lucija/Documents/Zadnji semestar/ROGJ/Prezentacije/CMUspinx/tutorial/model_architecture/my_db.tree_questions
-ssplitmax	5	7
-ssplitmin	1	1
-ssplitthr	8e-4	0.000000e+00
-state			0
-stwt			1.0,0.05,0.0,
-treefn			/home/lucija/Documents/Zadnji semestar/ROGJ/Prezentacije/CMUspinx/tutorial/trees/my_db.unpruned/p-0.dtree
-ts2cbfn	.semi.	.cont.
-varfloor	0.00001	1.000000e-05
-varfn			/home/lucija/Documents/Zadnji semestar/ROGJ/Prezentacije/CMUspinx/tutorial/model_parameters/my_db.cd_cont_untied/variances

INFO: main.c(223): Reading: /home/lucija/Documents/Zadnji semestar/ROGJ/Prezentacije/CMUspinx/tutorial/model_architecture/my_db.untied.mdef
INFO: model_def_io.c(573): Model definition info:
INFO: model_def_io.c(574): 10256 total models defined (32 base, 10224 tri)
INFO: model_def_io.c(575): 41024 total states
INFO: model_def_io.c(576): 30768 total tied states
INFO: model_def_io.c(577): 96 total tied CI states
INFO: model_def_io.c(578): 32 total tied transition matrices
INFO: model_def_io.c(579): 4 max state/model
INFO: model_def_io.c(580): 4 min state/model
INFO: main.c(242): Building trees for [p NOISE a b] through [p š r b]
INFO: main.c(268): Covering states |[20448 21161]| == 714
INFO: main.c(275): Reading: /home/lucija/Documents/Zadnji semestar/ROGJ/Prezentacije/CMUspinx/tutorial/model_parameters/my_db.cd_cont_untied/mixture_weights
INFO: s3mixw_io.c(172): Read /home/lucija/Documents/Zadnji semestar/ROGJ/Prezentacije/CMUspinx/tutorial/model_parameters/my_db.cd_cont_untied/mixture_weights [714x1x1 array]
INFO: main.c(311): 238 of 238 models have observation count greater than 0.000010
INFO: main.c(95): nrm stwt: 0.952 0.048 0.000 
INFO: s3gau_io.c(168): Read /home/lucija/Documents/Zadnji semestar/ROGJ/Prezentacije/CMUspinx/tutorial/model_parameters/my_db.cd_cont_untied/means [30768x1x1 array]
INFO: s3gau_io.c(168): Read /home/lucija/Documents/Zadnji semestar/ROGJ/Prezentacije/CMUspinx/tutorial/model_parameters/my_db.cd_cont_untied/variances [30768x1x1 array]
INFO: main.c(549): Reading: /home/lucija/Documents/Zadnji semestar/ROGJ/Prezentacije/CMUspinx/tutorial/model_architecture/my_db.tree_questions
INFO: main.c(587): 180 total simple questions (172 phone; 8 word bndry)
INFO: main.c(589): 42 Left Only questions, and 42 Right Only questions
INFO: dtree.c(1478): Final simple tree
|( QUESTION0 -1 -8.103e+06 2.058e+04 3.816e+04
|    ( QUESTION0_0_R 1 -6.297e+06 7.508e+03 2.984e+04
|        ( WDBNDRY_I 0 -5.588e+06 7.496e+03 2.650e+04
|            ( - -1.638e+06 36 0 QUESTION0 1 3.088e+03 7.717e+03)
|            ( QUESTION0 1 -3.943e+06 5.259e+03 1.879e+04
|                ( - -2.494e+06 32 0 QUESTION2_4_L -1 3.677e+03 1.199e+04)
|                ( - -1.443e+06 14 0 QUESTION2_0_L -1 2.701e+02 6.793e+03)))
|        ( - -7.016e+05 34 0 WDBNDRY_B 0 3.303e+03 3.332e+03))
|    ( QUESTION14 -1 -1.786e+06 1.025e+04 8.322e+03
|        ( - -5.549e+05 35 0 WDBNDRY_B 0 4.189e+03 2.594e+03)
|        ( SILENCE -1 -1.221e+06 6.973e+03 5.728e+03
|            ( - -1.955e+05 9 0 QUESTION0 1 8.179e+02 8.777e+02)
|            ( QUESTION10 -1 -1.018e+06 4.827e+03 4.851e+03
|                ( - -3.817e+05 22 0 QUESTION14 1 3.928e+02 1.817e+03)
|                ( - -6.316e+05 56 0 QUESTION3 -1 1.720e+03 3.034e+03)))))
s>    ( QUESTION0 -1 -8.103e+06 2.058e+04 3.816e+04
s>        ( QUESTION0_0_R 1 -6.297e+06 7.508e+03 2.984e+04
s>            ( WDBNDRY_I 0 -5.588e+06 7.496e+03 2.650e+04
s>                ( - -1.638e+06 36 0 QUESTION0 1 3.088e+03 7.717e+03)
s>                ( QUESTION0 1 -3.943e+06 5.259e+03 1.879e+04
s>                    ( - -2.494e+06 32 0 QUESTION2_4_L -1 3.677e+03 1.199e+04)
s>                    ( - -1.443e+06 14 0 QUESTION2_0_L -1 2.701e+02 6.793e+03)))
s>            ( - -7.016e+05 34 0 WDBNDRY_B 0 3.303e+03 3.332e+03))
s>        ( QUESTION14 -1 -1.786e+06 1.025e+04 8.322e+03
s>            ( - -5.549e+05 35 0 WDBNDRY_B 0 4.189e+03 2.594e+03)
s>            ( SILENCE -1 -1.221e+06 6.973e+03 5.728e+03
s>                ( - -1.955e+05 9 0 QUESTION0 1 8.179e+02 8.777e+02)
s>                ( QUESTION10 -1 -1.018e+06 4.827e+03 4.851e+03
s>                    ( - -3.817e+05 22 0 QUESTION14 1 3.928e+02 1.817e+03)
s>                    ( - -6.316e+05 56 0 QUESTION3 -1 1.720e+03 3.034e+03)))))INFO: dtree.c(1315): Comp split 0
INFO: dtree.c(1478): Final simple tree
|( SILENCE -1 -1.221e+06 6.973e+03 5.728e+03
|    ( QUESTION0 1 -1.955e+05 8.179e+02 8.777e+02
|        ( - -8.356e+04 7 0 QUESTION0_0_R 1 1.540e+02 3.754e+02)
|        ( - -1.111e+05 2 0))
|    ( QUESTION10 -1 -1.018e+06 4.827e+03 4.851e+03
|        ( - -3.817e+05 22 0 QUESTION14 1 3.928e+02 1.817e+03)
|        ( QUESTION3 -1 -6.316e+05 1.720e+03 3.034e+03
|            ( - -1.464e+05 7 0 QUESTION0 1 1.959e+02 7.140e+02)
|            ( QUESTION2 -1 -4.835e+05 8.821e+02 2.320e+03
|                ( - -4.743e+04 8 0 QUESTION6 -1 2.843e+02 2.281e+02)
|                ( QUESTION16 -1 -4.352e+05 7.633e+02 2.092e+03
|                    ( - -1.599e+05 15 0 QUESTION17 -1 5.979e+02 7.683e+02)
|                    ( WDBNDRY_B 0 -2.745e+05 6.918e+02 1.324e+03
|                        ( - -2.586e+05 20 0 QUESTION19 -1 5.072e+02 1.250e+03)
|                        ( - -1.516e+04 6 0 QUESTION0 1 1.446e+02 7.331e+01)))))))
s>    ( SILENCE -1 -1.221e+06 6.973e+03 5.728e+03
s>        ( QUESTION0 1 -1.955e+05 8.179e+02 8.777e+02
s>            ( - -8.356e+04 7 0 QUESTION0_0_R 1 1.540e+02 3.754e+02)
s>            ( - -1.111e+05 2 0))
s>        ( QUESTION10 -1 -1.018e+06 4.827e+03 4.851e+03
s>            ( - -3.817e+05 22 0 QUESTION14 1 3.928e+02 1.817e+03)
s>            ( QUESTION3 -1 -6.316e+05 1.720e+03 3.034e+03
s>                ( - -1.464e+05 7 0 QUESTION0 1 1.959e+02 7.140e+02)
s>                ( QUESTION2 -1 -4.835e+05 8.821e+02 2.320e+03
s>                    ( - -4.743e+04 8 0 QUESTION6 -1 2.843e+02 2.281e+02)
s>                    ( QUESTION16 -1 -4.352e+05 7.633e+02 2.092e+03
s>                        ( - -1.599e+05 15 0 QUESTION17 -1 5.979e+02 7.683e+02)
s>                        ( WDBNDRY_B 0 -2.745e+05 6.918e+02 1.324e+03
s>                            ( - -2.586e+05 20 0 QUESTION19 -1 5.072e+02 1.250e+03)
s>                            ( - -1.516e+04 6 0 QUESTION0 1 1.446e+02 7.331e+01)))))))INFO: dtree.c(1478): Final simple tree
|( QUESTION0 -1 -6.861e+06 9.693e+03 3.243e+04
|    ( QUESTION0_0_R 1 -6.297e+06 7.508e+03 2.984e+04
|        ( WDBNDRY_I 0 -5.588e+06 7.496e+03 2.650e+04
|            ( - -1.638e+06 36 0 QUESTION0 1 3.088e+03 7.717e+03)
|            ( QUESTION0 1 -3.943e+06 5.259e+03 1.879e+04
|                ( QUESTION2_4_L -1 -2.494e+06 3.677e+03 1.199e+04
|                    ( - -1.541e+05 4 0)
|                    ( - -2.336e+06 28 0 WDBNDRY_B 0 1.772e+02 1.124e+04))
|                ( - -1.443e+06 14 0 QUESTION2_0_L -1 2.701e+02 6.793e+03)))
|        ( WDBNDRY_B 0 -7.016e+05 3.303e+03 3.332e+03
|            ( - -1.527e+05 8 0 QUESTION0_9_R 1 2.604e+02 7.307e+02)
|            ( - -5.455e+05 26 0 QUESTION0_11_R 1 3.731e+03 2.602e+03)))
|    ( WDBNDRY_B 0 -5.549e+05 4.189e+03 2.594e+03
|        ( - -3.620e+05 22 0 QUESTION0 1 9.587e+02 1.721e+03)
|        ( - -1.887e+05 13 0 QUESTION0_0_R 1 5.015e+02 8.730e+02)))
s>    ( QUESTION0 -1 -6.861e+06 9.693e+03 3.243e+04
s>        ( QUESTION0_0_R 1 -6.297e+06 7.508e+03 2.984e+04
s>            ( WDBNDRY_I 0 -5.588e+06 7.496e+03 2.650e+04
s>                ( - -1.638e+06 36 0 QUESTION0 1 3.088e+03 7.717e+03)
s>                ( QUESTION0 1 -3.943e+06 5.259e+03 1.879e+04
s>                    ( QUESTION2_4_L -1 -2.494e+06 3.677e+03 1.199e+04
s>                        ( - -1.541e+05 4 0)
s>                        ( - -2.336e+06 28 0 WDBNDRY_B 0 1.772e+02 1.124e+04))
s>                    ( - -1.443e+06 14 0 QUESTION2_0_L -1 2.701e+02 6.793e+03)))
s>            ( WDBNDRY_B 0 -7.016e+05 3.303e+03 3.332e+03
s>                ( - -1.527e+05 8 0 QUESTION0_9_R 1 2.604e+02 7.307e+02)
s>                ( - -5.455e+05 26 0 QUESTION0_11_R 1 3.731e+03 2.602e+03)))
s>        ( WDBNDRY_B 0 -5.549e+05 4.189e+03 2.594e+03
s>            ( - -3.620e+05 22 0 QUESTION0 1 9.587e+02 1.721e+03)
s>            ( - -1.887e+05 13 0 QUESTION0_0_R 1 5.015e+02 8.730e+02)))INFO: dtree.c(1315): Comp split 1
INFO: dtree.c(1478): Final simple tree
|( WDBNDRY_I 0 -5.588e+06 7.496e+03 2.650e+04
|    ( QUESTION0 1 -1.638e+06 3.088e+03 7.717e+03
|        ( - -1.399e+06 26 0 QUESTION2_0_L -1 1.263e+02 6.584e+03)
|        ( QUESTION2_0_L -1 -2.358e+05 1.372e+03 1.133e+03
|            ( - -2.040e+05 9 0)
|            ( - -3.043e+04 1 0)))
|    ( QUESTION0 1 -3.943e+06 5.259e+03 1.879e+04
|        ( QUESTION2_4_L -1 -2.494e+06 3.677e+03 1.199e+04
|            ( - -1.541e+05 4 0)
|            ( - -2.336e+06 28 0 WDBNDRY_B 0 1.772e+02 1.124e+04))
|        ( QUESTION2_0_L -1 -1.443e+06 2.701e+02 6.793e+03
|            ( WDBNDRY_B 0 -1.433e+06 1.778e+02 6.746e+03
|                ( - -1.432e+06 10 0)
|                ( - -4.513e+02 1 0))
|            ( - -9.827e+03 3 0))))
s>    ( WDBNDRY_I 0 -5.588e+06 7.496e+03 2.650e+04
s>        ( QUESTION0 1 -1.638e+06 3.088e+03 7.717e+03
s>            ( - -1.399e+06 26 0 QUESTION2_0_L -1 1.263e+02 6.584e+03)
s>            ( QUESTION2_0_L -1 -2.358e+05 1.372e+03 1.133e+03
s>                ( - -2.040e+05 9 0)
s>                ( - -3.043e+04 1 0)))
s>        ( QUESTION0 1 -3.943e+06 5.259e+03 1.879e+04
s>            ( QUESTION2_4_L -1 -2.494e+06 3.677e+03 1.199e+04
s>                ( - -1.541e+05 4 0)
s>                ( - -2.336e+06 28 0 WDBNDRY_B 0 1.772e+02 1.124e+04))
s>            ( QUESTION2_0_L -1 -1.443e+06 2.701e+02 6.793e+03
s>                ( WDBNDRY_B 0 -1.433e+06 1.778e+02 6.746e+03
s>                    ( - -1.432e+06 10 0)
s>                    ( - -4.513e+02 1 0))
s>                ( - -9.827e+03 3 0))))INFO: dtree.c(1478): Final simple tree
|( QUESTION0 -1 -1.263e+06 7.005e+03 5.926e+03
|    ( WDBNDRY_B 0 -7.016e+05 3.303e+03 3.332e+03
|        ( - -1.527e+05 8 0 QUESTION0_9_R 1 2.604e+02 7.307e+02)
|        ( QUESTION0_11_R 1 -5.455e+05 3.731e+03 2.602e+03
|            ( - -3.881e+05 4 0)
|            ( QUESTION0_14_R 1 -1.537e+05 8.293e+02 7.153e+02
|                ( - -2.413e+04 4 0 WDBNDRY_E 0 2.199e+02 1.154e+02)
|                ( - -1.287e+05 18 0 QUESTION0_9_R 1 4.659e+02 5.999e+02))))
|    ( WDBNDRY_B 0 -5.549e+05 4.189e+03 2.594e+03
|        ( QUESTION0 1 -3.620e+05 9.587e+02 1.721e+03
|            ( - -2.768e+05 14 0 QUESTION0_0_R 1 3.792e+02 1.330e+03)
|            ( - -8.423e+04 8 0))
|        ( QUESTION0_0_R 1 -1.887e+05 5.015e+02 8.730e+02
|            ( - -1.835e+05 9 0 QUESTION0 1 1.646e+02 8.500e+02)
|            ( - -4.671e+03 4 0 QUESTION0_2_R 1 1.520e+02 2.300e+01))))
s>    ( QUESTION0 -1 -1.263e+06 7.005e+03 5.926e+03
s>        ( WDBNDRY_B 0 -7.016e+05 3.303e+03 3.332e+03
s>            ( - -1.527e+05 8 0 QUESTION0_9_R 1 2.604e+02 7.307e+02)
s>            ( QUESTION0_11_R 1 -5.455e+05 3.731e+03 2.602e+03
s>                ( - -3.881e+05 4 0)
s>                ( QUESTION0_14_R 1 -1.537e+05 8.293e+02 7.153e+02
s>                    ( - -2.413e+04 4 0 WDBNDRY_E 0 2.199e+02 1.154e+02)
s>                    ( - -1.287e+05 18 0 QUESTION0_9_R 1 4.659e+02 5.999e+02))))
s>        ( WDBNDRY_B 0 -5.549e+05 4.189e+03 2.594e+03
s>            ( QUESTION0 1 -3.620e+05 9.587e+02 1.721e+03
s>                ( - -2.768e+05 14 0 QUESTION0_0_R 1 3.792e+02 1.330e+03)
s>                ( - -8.423e+04 8 0))
s>            ( QUESTION0_0_R 1 -1.887e+05 5.015e+02 8.730e+02
s>                ( - -1.835e+05 9 0 QUESTION0 1 1.646e+02 8.500e+02)
s>                ( - -4.671e+03 4 0 QUESTION0_2_R 1 1.520e+02 2.300e+01))))INFO: dtree.c(1315): Comp split 2
INFO: dtree.c(1478): Final simple tree
|( QUESTION0_11_R 1 -5.455e+05 3.731e+03 2.602e+03
|    ( - -3.881e+05 4 0)
|    ( QUESTION0_14_R 1 -1.537e+05 8.293e+02 7.153e+02
|        ( - -2.413e+04 4 0 WDBNDRY_E 0 2.199e+02 1.154e+02)
|        ( QUESTION0_9_R 1 -1.287e+05 4.659e+02 5.999e+02
|            ( WDBNDRY_E 0 -9.235e+04 4.624e+02 4.314e+02
|                ( - 2.417e+02 1 0)
|                ( - -9.213e+04 2 0))
|            ( WDBNDRY_E 0 -3.590e+04 2.365e+02 1.685e+02
|                ( QUESTION19 1 -1.270e+04 2.850e+02 6.064e+01
|                    ( - -5.906e+03 2 0)
|                    ( - -6.509e+03 6 0 QUESTION0_16_R 1 2.110e+02 3.160e+01))
|                ( QUESTION0_16_R 1 -2.296e+04 2.367e+02 1.079e+02
|                    ( - -2.566e+03 2 0)
|                    ( - -2.016e+04 5 0 QUESTION20 1 1.533e+02 9.531e+01))))))
s>    ( QUESTION0_11_R 1 -5.455e+05 3.731e+03 2.602e+03
s>        ( - -3.881e+05 4 0)
s>        ( QUESTION0_14_R 1 -1.537e+05 8.293e+02 7.153e+02
s>            ( - -2.413e+04 4 0 WDBNDRY_E 0 2.199e+02 1.154e+02)
s>            ( QUESTION0_9_R 1 -1.287e+05 4.659e+02 5.999e+02
s>                ( WDBNDRY_E 0 -9.235e+04 4.624e+02 4.314e+02
s>                    ( - 2.417e+02 1 0)
s>                    ( - -9.213e+04 2 0))
s>                ( WDBNDRY_E 0 -3.590e+04 2.365e+02 1.685e+02
s>                    ( QUESTION19 1 -1.270e+04 2.850e+02 6.064e+01
s>                        ( - -5.906e+03 2 0)
s>                        ( - -6.509e+03 6 0 QUESTION0_16_R 1 2.110e+02 3.160e+01))
s>                    ( QUESTION0_16_R 1 -2.296e+04 2.367e+02 1.079e+02
s>                        ( - -2.566e+03 2 0)
s>                        ( - -2.016e+04 5 0 QUESTION20 1 1.533e+02 9.531e+01))))))INFO: dtree.c(1478): Final simple tree
|( WDBNDRY_B 0 -7.094e+05 4.572e+03 3.325e+03
|    ( QUESTION0 -1 -5.162e+05 1.430e+03 2.452e+03
|        ( QUESTION0_9_R 1 -1.527e+05 2.604e+02 7.307e+02
|            ( - -1.455e+05 4 0)
|            ( QUESTION0_2_R 1 -6.976e+03 1.646e+02 3.396e+01
|                ( - -5.959e+03 3 0)
|                ( - -8.525e+02 1 0)))
|        ( QUESTION0 1 -3.620e+05 9.587e+02 1.721e+03
|            ( QUESTION0_0_R 1 -2.768e+05 3.792e+02 1.330e+03
|                ( - -2.403e+05 12 0)
|                ( - -3.611e+04 2 0))
|            ( - -8.423e+04 8 0)))
|    ( QUESTION0_0_R 1 -1.887e+05 5.015e+02 8.730e+02
|        ( - -1.835e+05 9 0 QUESTION0 1 1.646e+02 8.500e+02)
|        ( - -4.671e+03 4 0 QUESTION0_2_R 1 1.520e+02 2.300e+01)))
s>    ( WDBNDRY_B 0 -7.094e+05 4.572e+03 3.325e+03
s>        ( QUESTION0 -1 -5.162e+05 1.430e+03 2.452e+03
s>            ( QUESTION0_9_R 1 -1.527e+05 2.604e+02 7.307e+02
s>                ( - -1.455e+05 4 0)
s>                ( QUESTION0_2_R 1 -6.976e+03 1.646e+02 3.396e+01
s>                    ( - -5.959e+03 3 0)
s>                    ( - -8.525e+02 1 0)))
s>            ( QUESTION0 1 -3.620e+05 9.587e+02 1.721e+03
s>                ( QUESTION0_0_R 1 -2.768e+05 3.792e+02 1.330e+03
s>                    ( - -2.403e+05 12 0)
s>                    ( - -3.611e+04 2 0))
s>                ( - -8.423e+04 8 0)))
s>        ( QUESTION0_0_R 1 -1.887e+05 5.015e+02 8.730e+02
s>            ( - -1.835e+05 9 0 QUESTION0 1 1.646e+02 8.500e+02)
s>            ( - -4.671e+03 4 0 QUESTION0_2_R 1 1.520e+02 2.300e+01)))INFO: dtree.c(1315): Comp split 3
INFO: dtree.c(1439): stop. leaf nodes are specific
INFO: dtree.c(1478): Final simple tree
|( QUESTION2_4_L -1 -2.701e+06 3.854e+03 1.298e+04
|    ( - -1.541e+05 4 0)
|    ( WDBNDRY_I 0 -2.543e+06 2.629e+03 1.223e+04
|        ( - -2.040e+05 9 0)
|        ( WDBNDRY_B 0 -2.336e+06 1.772e+02 1.124e+04
|            ( QUESTION2_0_L -1 -2.333e+06 1.412e+02 1.123e+04
|                ( - -2.332e+06 25 0)
|                ( - -6.584e+02 1 0))
|            ( - -3.110e+03 2 0))))
s>    ( QUESTION2_4_L -1 -2.701e+06 3.854e+03 1.298e+04
s>        ( - -1.541e+05 4 0)
s>        ( WDBNDRY_I 0 -2.543e+06 2.629e+03 1.223e+04
s>            ( - -2.040e+05 9 0)
s>            ( WDBNDRY_B 0 -2.336e+06 1.772e+02 1.124e+04
s>                ( QUESTION2_0_L -1 -2.333e+06 1.412e+02 1.123e+04
s>                    ( - -2.332e+06 25 0)
s>                    ( - -6.584e+02 1 0))
s>                ( - -3.110e+03 2 0))))INFO: dtree.c(1439): stop. leaf nodes are specific
INFO: dtree.c(1478): Final simple tree
|( QUESTION0 1 -2.878e+06 5.061e+03 1.352e+04
|    ( QUESTION2_0_L -1 -1.399e+06 1.263e+02 6.584e+03
|        ( - -1.398e+06 25 0)
|        ( - -7.553e+02 1 0))
|    ( WDBNDRY_I 0 -1.475e+06 9.632e+02 6.941e+03
|        ( - -3.043e+04 1 0)
|        ( QUESTION2_0_L -1 -1.443e+06 2.701e+02 6.793e+03
|            ( WDBNDRY_B 0 -1.433e+06 1.778e+02 6.746e+03
|                ( - -1.432e+06 10 0)
|                ( - -4.513e+02 1 0))
|            ( - -9.827e+03 3 0))))
s>    ( QUESTION0 1 -2.878e+06 5.061e+03 1.352e+04
s>        ( QUESTION2_0_L -1 -1.399e+06 1.263e+02 6.584e+03
s>            ( - -1.398e+06 25 0)
s>            ( - -7.553e+02 1 0))
s>        ( WDBNDRY_I 0 -1.475e+06 9.632e+02 6.941e+03
s>            ( - -3.043e+04 1 0)
s>            ( QUESTION2_0_L -1 -1.443e+06 2.701e+02 6.793e+03
s>                ( WDBNDRY_B 0 -1.433e+06 1.778e+02 6.746e+03
s>                    ( - -1.432e+06 10 0)
s>                    ( - -4.513e+02 1 0))
s>                ( - -9.827e+03 3 0))))INFO: dtree.c(1315): Comp split 4
INFO: dtree.c(1478): Final simple tree
|( QUESTION10 -1 -1.018e+06 4.827e+03 4.851e+03
|    ( - -3.817e+05 22 0 QUESTION14 1 3.928e+02 1.817e+03)
|    ( QUESTION3 -1 -6.316e+05 1.720e+03 3.034e+03
|        ( - -1.464e+05 7 0 QUESTION0 1 1.959e+02 7.140e+02)
|        ( QUESTION2 -1 -4.835e+05 8.821e+02 2.320e+03
|            ( - -4.743e+04 8 0 QUESTION6 -1 2.843e+02 2.281e+02)
|            ( QUESTION16 -1 -4.352e+05 7.633e+02 2.092e+03
|                ( QUESTION17 -1 -1.599e+05 5.979e+02 7.683e+02
|                    ( - -4.679e+04 8 0 QUESTION0 1 3.832e+02 2.224e+02)
|                    ( - -1.125e+05 7 0 QUESTION0 1 3.674e+02 5.459e+02))
|                ( WDBNDRY_B 0 -2.745e+05 6.918e+02 1.324e+03
|                    ( QUESTION19 -1 -2.586e+05 5.072e+02 1.250e+03
|                        ( - -1.779e+05 8 0 QUESTION0_0_R 1 2.484e+02 8.654e+02)
|                        ( - -8.024e+04 12 0 QUESTION0_0_R 1 2.508e+02 3.850e+02))
|                    ( - -1.516e+04 6 0 QUESTION0 1 1.446e+02 7.331e+01))))))
s>    ( QUESTION10 -1 -1.018e+06 4.827e+03 4.851e+03
s>        ( - -3.817e+05 22 0 QUESTION14 1 3.928e+02 1.817e+03)
s>        ( QUESTION3 -1 -6.316e+05 1.720e+03 3.034e+03
s>            ( - -1.464e+05 7 0 QUESTION0 1 1.959e+02 7.140e+02)
s>            ( QUESTION2 -1 -4.835e+05 8.821e+02 2.320e+03
s>                ( - -4.743e+04 8 0 QUESTION6 -1 2.843e+02 2.281e+02)
s>                ( QUESTION16 -1 -4.352e+05 7.633e+02 2.092e+03
s>                    ( QUESTION17 -1 -1.599e+05 5.979e+02 7.683e+02
s>                        ( - -4.679e+04 8 0 QUESTION0 1 3.832e+02 2.224e+02)
s>                        ( - -1.125e+05 7 0 QUESTION0 1 3.674e+02 5.459e+02))
s>                    ( WDBNDRY_B 0 -2.745e+05 6.918e+02 1.324e+03
s>                        ( QUESTION19 -1 -2.586e+05 5.072e+02 1.250e+03
s>                            ( - -1.779e+05 8 0 QUESTION0_0_R 1 2.484e+02 8.654e+02)
s>                            ( - -8.024e+04 12 0 QUESTION0_0_R 1 2.508e+02 3.850e+02))
s>                        ( - -1.516e+04 6 0 QUESTION0 1 1.446e+02 7.331e+01))))))INFO: dtree.c(1439): stop. leaf nodes are specific
INFO: dtree.c(1478): Final simple tree
|( QUESTION0 1 -1.955e+05 8.179e+02 8.777e+02
|    ( QUESTION0_0_R 1 -8.356e+04 1.540e+02 3.754e+02
|        ( - -8.313e+04 6 0)
|        ( - -2.694e+02 1 0))
|    ( - -1.111e+05 2 0))
s>    ( QUESTION0 1 -1.955e+05 8.179e+02 8.777e+02
s>        ( QUESTION0_0_R 1 -8.356e+04 1.540e+02 3.754e+02
s>            ( - -8.313e+04 6 0)
s>            ( - -2.694e+02 1 0))
s>        ( - -1.111e+05 2 0))INFO: dtree.c(1315): Comp split 5
INFO: dtree.c(1439): stop. leaf nodes are specific
INFO: dtree.c(1478): Final simple tree
|( WDBNDRY_I 0 -1.475e+06 9.632e+02 6.941e+03
|    ( - -3.043e+04 1 0)
|    ( QUESTION2_0_L -1 -1.443e+06 2.701e+02 6.793e+03
|        ( WDBNDRY_B 0 -1.433e+06 1.778e+02 6.746e+03
|            ( - -1.432e+06 10 0)
|            ( - -4.513e+02 1 0))
|        ( - -9.827e+03 3 0)))
s>    ( WDBNDRY_I 0 -1.475e+06 9.632e+02 6.941e+03
s>        ( - -3.043e+04 1 0)
s>        ( QUESTION2_0_L -1 -1.443e+06 2.701e+02 6.793e+03
s>            ( WDBNDRY_B 0 -1.433e+06 1.778e+02 6.746e+03
s>                ( - -1.432e+06 10 0)
s>                ( - -4.513e+02 1 0))
s>            ( - -9.827e+03 3 0)))INFO: dtree.c(1439): stop. leaf nodes are specific
INFO: dtree.c(1478): Final simple tree
|( QUESTION2_0_L -1 -1.399e+06 1.263e+02 6.584e+03
|    ( - -1.398e+06 25 0)
|    ( - -7.553e+02 1 0))
s>    ( QUESTION2_0_L -1 -1.399e+06 1.263e+02 6.584e+03
s>        ( - -1.398e+06 25 0)
s>        ( - -7.553e+02 1 0))INFO: dtree.c(1315): Comp split 6
INFO: dtree.c(1478): Final simple tree
|( QUESTION14 1 -3.817e+05 3.928e+02 1.817e+03
|    ( QUESTION11 -1 -1.886e+05 2.624e+02 8.976e+02
|        ( WDBNDRY_B 0 -1.589e+05 1.850e+02 7.587e+02
|            ( - -1.565e+04 1 0)
|            ( - -1.430e+05 2 0))
|        ( - -2.943e+04 1 0))
|    ( WDBNDRY_B 0 -1.927e+05 3.177e+02 9.190e+02
|        ( QUESTION2_14_L -1 -8.593e+04 2.605e+02 4.146e+02
|            ( QUESTION2_15_L -1 -6.916e+04 4.488e+02 3.343e+02
|                ( QUESTION0_9_R 1 -5.924e+04 1.744e+02 2.860e+02
|                    ( - -4.869e+03 1 0)
|                    ( - -5.420e+04 6 0 QUESTION0_0_R 1 1.606e+02 2.630e+02))
|                ( - -9.467e+03 1 0))
|            ( - -1.651e+04 4 0 QUESTION0_0_R 1 1.499e+02 8.037e+01))
|        ( - -1.065e+05 6 0)))
s>    ( QUESTION14 1 -3.817e+05 3.928e+02 1.817e+03
s>        ( QUESTION11 -1 -1.886e+05 2.624e+02 8.976e+02
s>            ( WDBNDRY_B 0 -1.589e+05 1.850e+02 7.587e+02
s>                ( - -1.565e+04 1 0)
s>                ( - -1.430e+05 2 0))
s>            ( - -2.943e+04 1 0))
s>        ( WDBNDRY_B 0 -1.927e+05 3.177e+02 9.190e+02
s>            ( QUESTION2_14_L -1 -8.593e+04 2.605e+02 4.146e+02
s>                ( QUESTION2_15_L -1 -6.916e+04 4.488e+02 3.343e+02
s>                    ( QUESTION0_9_R 1 -5.924e+04 1.744e+02 2.860e+02
s>                        ( - -4.869e+03 1 0)
s>                        ( - -5.420e+04 6 0 QUESTION0_0_R 1 1.606e+02 2.630e+02))
s>                    ( - -9.467e+03 1 0))
s>                ( - -1.651e+04 4 0 QUESTION0_0_R 1 1.499e+02 8.037e+01))
s>            ( - -1.065e+05 6 0)))INFO: dtree.c(1478): Final simple tree
|( QUESTION3 -1 -6.316e+05 1.720e+03 3.034e+03
|    ( - -1.464e+05 7 0 QUESTION0 1 1.959e+02 7.140e+02)
|    ( QUESTION2 -1 -4.835e+05 8.821e+02 2.320e+03
|        ( - -4.743e+04 8 0 QUESTION6 -1 2.843e+02 2.281e+02)
|        ( QUESTION16 -1 -4.352e+05 7.633e+02 2.092e+03
|            ( QUESTION17 -1 -1.599e+05 5.979e+02 7.683e+02
|                ( QUESTION0 1 -4.679e+04 3.832e+02 2.224e+02
|                    ( - -2.875e+04 5 0 QUESTION0_0_R 1 2.200e+02 1.388e+02)
|                    ( - -1.766e+04 3 0))
|                ( - -1.125e+05 7 0 QUESTION0 1 3.674e+02 5.459e+02))
|            ( WDBNDRY_B 0 -2.745e+05 6.918e+02 1.324e+03
|                ( QUESTION19 -1 -2.586e+05 5.072e+02 1.250e+03
|                    ( - -1.779e+05 8 0 QUESTION0_0_R 1 2.484e+02 8.654e+02)
|                    ( - -8.024e+04 12 0 QUESTION0_0_R 1 2.508e+02 3.850e+02))
|                ( - -1.516e+04 6 0 QUESTION0 1 1.446e+02 7.331e+01)))))
s>    ( QUESTION3 -1 -6.316e+05 1.720e+03 3.034e+03
s>        ( - -1.464e+05 7 0 QUESTION0 1 1.959e+02 7.140e+02)
s>        ( QUESTION2 -1 -4.835e+05 8.821e+02 2.320e+03
s>            ( - -4.743e+04 8 0 QUESTION6 -1 2.843e+02 2.281e+02)
s>            ( QUESTION16 -1 -4.352e+05 7.633e+02 2.092e+03
s>                ( QUESTION17 -1 -1.599e+05 5.979e+02 7.683e+02
s>                    ( QUESTION0 1 -4.679e+04 3.832e+02 2.224e+02
s>                        ( - -2.875e+04 5 0 QUESTION0_0_R 1 2.200e+02 1.388e+02)
s>                        ( - -1.766e+04 3 0))
s>                    ( - -1.125e+05 7 0 QUESTION0 1 3.674e+02 5.459e+02))
s>                ( WDBNDRY_B 0 -2.745e+05 6.918e+02 1.324e+03
s>                    ( QUESTION19 -1 -2.586e+05 5.072e+02 1.250e+03
s>                        ( - -1.779e+05 8 0 QUESTION0_0_R 1 2.484e+02 8.654e+02)
s>                        ( - -8.024e+04 12 0 QUESTION0_0_R 1 2.508e+02 3.850e+02))
s>                    ( - -1.516e+04 6 0 QUESTION0 1 1.446e+02 7.331e+01)))))INFO: dtree.c(1315): Comp split 7
INFO: dtree.c(1439): stop. leaf nodes are specific
INFO: dtree.c(1478): Final simple tree
|( QUESTION0 1 -1.835e+05 1.646e+02 8.500e+02
|    ( - -1.828e+05 8 0)
|    ( - -5.189e+02 1 0))
s>    ( QUESTION0 1 -1.835e+05 1.646e+02 8.500e+02
s>        ( - -1.828e+05 8 0)
s>        ( - -5.189e+02 1 0))INFO: dtree.c(1478): Final simple tree
|( QUESTION0 -1 -5.211e+05 1.419e+03 2.475e+03
|    ( QUESTION0_9_R 1 -1.527e+05 2.604e+02 7.307e+02
|        ( - -1.455e+05 4 0)
|        ( - -6.976e+03 4 0 QUESTION0_2_R 1 1.646e+02 3.396e+01))
|    ( QUESTION0 1 -3.670e+05 9.682e+02 1.744e+03
|        ( QUESTION0_0_R 1 -2.779e+05 3.775e+02 1.335e+03
|            ( - -2.403e+05 12 0)
|            ( WDBNDRY_B 0 -3.716e+04 1.871e+02 1.767e+02
|                ( - -3.611e+04 2 0)
|                ( - -8.623e+02 1 0)))
|        ( QUESTION2 1 -8.814e+04 2.734e+02 4.091e+02
|            ( QUESTION0_14_R 1 -3.190e+03 1.756e+02 1.600e+01
|                ( - -2.512e+03 1 0)
|                ( - -5.019e+02 1 0))
|            ( - -8.468e+04 9 0 WDBNDRY_B 0 1.218e+02 3.931e+02))))
s>    ( QUESTION0 -1 -5.211e+05 1.419e+03 2.475e+03
s>        ( QUESTION0_9_R 1 -1.527e+05 2.604e+02 7.307e+02
s>            ( - -1.455e+05 4 0)
s>            ( - -6.976e+03 4 0 QUESTION0_2_R 1 1.646e+02 3.396e+01))
s>        ( QUESTION0 1 -3.670e+05 9.682e+02 1.744e+03
s>            ( QUESTION0_0_R 1 -2.779e+05 3.775e+02 1.335e+03
s>                ( - -2.403e+05 12 0)
s>                ( WDBNDRY_B 0 -3.716e+04 1.871e+02 1.767e+02
s>                    ( - -3.611e+04 2 0)
s>                    ( - -8.623e+02 1 0)))
s>            ( QUESTION2 1 -8.814e+04 2.734e+02 4.091e+02
s>                ( QUESTION0_14_R 1 -3.190e+03 1.756e+02 1.600e+01
s>                    ( - -2.512e+03 1 0)
s>                    ( - -5.019e+02 1 0))
s>                ( - -8.468e+04 9 0 WDBNDRY_B 0 1.218e+02 3.931e+02))))INFO: dtree.c(1315): Comp split 8
INFO: dtree.c(1439): stop. leaf nodes are specific
INFO: dtree.c(1478): Final simple tree
|( WDBNDRY_I 0 -2.543e+06 2.629e+03 1.223e+04
|    ( - -2.040e+05 9 0)
|    ( WDBNDRY_B 0 -2.336e+06 1.772e+02 1.124e+04
|        ( QUESTION2_0_L -1 -2.333e+06 1.412e+02 1.123e+04
|            ( - -2.332e+06 25 0)
|            ( - -6.584e+02 1 0))
|        ( - -3.110e+03 2 0)))
s>    ( WDBNDRY_I 0 -2.543e+06 2.629e+03 1.223e+04
s>        ( - -2.040e+05 9 0)
s>        ( WDBNDRY_B 0 -2.336e+06 1.772e+02 1.124e+04
s>            ( QUESTION2_0_L -1 -2.333e+06 1.412e+02 1.123e+04
s>                ( - -2.332e+06 25 0)
s>                ( - -6.584e+02 1 0))
s>            ( - -3.110e+03 2 0)))INFO: dtree.c(1315): Comp split 9
INFO: dtree.c(1439): stop. leaf nodes are specific
INFO: dtree.c(1478): Final simple tree
|( QUESTION0_10_R 1 -3.945e+05 4.612e+02 1.916e+03
|    ( - 2.417e+02 1 0)
|    ( WDBNDRY_E 0 -3.943e+05 2.284e+02 1.915e+03
|        ( - -5.906e+03 2 0)
|        ( - -3.881e+05 4 0)))
s>    ( QUESTION0_10_R 1 -3.945e+05 4.612e+02 1.916e+03
s>        ( - 2.417e+02 1 0)
s>        ( WDBNDRY_E 0 -3.943e+05 2.284e+02 1.915e+03
s>            ( - -5.906e+03 2 0)
s>            ( - -3.881e+05 4 0)))INFO: dtree.c(1478): Final simple tree
|( QUESTION0_14_R 1 -1.472e+05 8.410e+02 6.853e+02
|    ( WDBNDRY_E 0 -2.413e+04 2.199e+02 1.154e+02
|        ( - -1.082e+03 1 0)
|        ( - -2.283e+04 3 0))
|    ( QUESTION0_9_R 1 -1.222e+05 4.802e+02 5.699e+02
|        ( - -9.213e+04 2 0)
|        ( QUESTION0_16_R 1 -2.963e+04 2.225e+02 1.394e+02
|            ( WDBNDRY_E 0 -2.999e+03 1.844e+02 1.454e+01
|                ( - -2.494e+02 1 0)
|                ( - -2.566e+03 2 0))
|            ( QUESTION11 1 -2.641e+04 2.114e+02 1.249e+02
|                ( - -1.100e+03 1 0)
|                ( QUESTION20 1 -2.510e+04 1.786e+02 1.189e+02
|                    ( - -7.318e+03 6 0 QUESTION0_2_R 1 4.816e+02 3.560e+01)
|                    ( - -1.760e+04 3 0 WDBNDRY_E 0 1.726e+02 8.331e+01))))))
s>    ( QUESTION0_14_R 1 -1.472e+05 8.410e+02 6.853e+02
s>        ( WDBNDRY_E 0 -2.413e+04 2.199e+02 1.154e+02
s>            ( - -1.082e+03 1 0)
s>            ( - -2.283e+04 3 0))
s>        ( QUESTION0_9_R 1 -1.222e+05 4.802e+02 5.699e+02
s>            ( - -9.213e+04 2 0)
s>            ( QUESTION0_16_R 1 -2.963e+04 2.225e+02 1.394e+02
s>                ( WDBNDRY_E 0 -2.999e+03 1.844e+02 1.454e+01
s>                    ( - -2.494e+02 1 0)
s>                    ( - -2.566e+03 2 0))
s>                ( QUESTION11 1 -2.641e+04 2.114e+02 1.249e+02
s>                    ( - -1.100e+03 1 0)
s>                    ( QUESTION20 1 -2.510e+04 1.786e+02 1.189e+02
s>                        ( - -7.318e+03 6 0 QUESTION0_2_R 1 4.816e+02 3.560e+01)
s>                        ( - -1.760e+04 3 0 WDBNDRY_E 0 1.726e+02 8.331e+01))))))INFO: dtree.c(1315): Comp split 10
INFO: dtree.c(1439): stop. leaf nodes are specific
INFO: dtree.c(1478): Final simple tree
|( WDBNDRY_B 0 -2.336e+06 1.772e+02 1.124e+04
|    ( QUESTION2_0_L -1 -2.333e+06 1.412e+02 1.123e+04
|        ( - -2.332e+06 25 0)
|        ( - -6.584e+02 1 0))
|    ( - -3.110e+03 2 0))
s>    ( WDBNDRY_B 0 -2.336e+06 1.772e+02 1.124e+04
s>        ( QUESTION2_0_L -1 -2.333e+06 1.412e+02 1.123e+04
s>            ( - -2.332e+06 25 0)
s>            ( - -6.584e+02 1 0))
s>        ( - -3.110e+03 2 0))INFO: dtree.c(1315): Comp split 11
INFO: dtree.c(1478): Final simple tree
|( QUESTION2 -1 -4.835e+05 8.821e+02 2.320e+03
|    ( - -4.743e+04 8 0 QUESTION6 -1 2.843e+02 2.281e+02)
|    ( QUESTION16 -1 -4.352e+05 7.633e+02 2.092e+03
|        ( QUESTION17 -1 -1.599e+05 5.979e+02 7.683e+02
|            ( QUESTION0 1 -4.679e+04 3.832e+02 2.224e+02
|                ( - -2.875e+04 5 0 QUESTION0_0_R 1 2.200e+02 1.388e+02)
|                ( - -1.766e+04 3 0))
|            ( QUESTION0 1 -1.125e+05 3.674e+02 5.459e+02
|                ( - -9.703e+04 3 0)
|                ( - -1.515e+04 4 0 WDBNDRY_B 0 1.945e+02 7.339e+01)))
|        ( WDBNDRY_B 0 -2.745e+05 6.918e+02 1.324e+03
|            ( QUESTION19 -1 -2.586e+05 5.072e+02 1.250e+03
|                ( - -1.779e+05 8 0 QUESTION0_0_R 1 2.484e+02 8.654e+02)
|                ( - -8.024e+04 12 0 QUESTION0_0_R 1 2.508e+02 3.850e+02))
|            ( - -1.516e+04 6 0 QUESTION0 1 1.446e+02 7.331e+01))))
s>    ( QUESTION2 -1 -4.835e+05 8.821e+02 2.320e+03
s>        ( - -4.743e+04 8 0 QUESTION6 -1 2.843e+02 2.281e+02)
s>        ( QUESTION16 -1 -4.352e+05 7.633e+02 2.092e+03
s>            ( QUESTION17 -1 -1.599e+05 5.979e+02 7.683e+02
s>                ( QUESTION0 1 -4.679e+04 3.832e+02 2.224e+02
s>                    ( - -2.875e+04 5 0 QUESTION0_0_R 1 2.200e+02 1.388e+02)
s>                    ( - -1.766e+04 3 0))
s>                ( QUESTION0 1 -1.125e+05 3.674e+02 5.459e+02
s>                    ( - -9.703e+04 3 0)
s>                    ( - -1.515e+04 4 0 WDBNDRY_B 0 1.945e+02 7.339e+01)))
s>            ( WDBNDRY_B 0 -2.745e+05 6.918e+02 1.324e+03
s>                ( QUESTION19 -1 -2.586e+05 5.072e+02 1.250e+03
s>                    ( - -1.779e+05 8 0 QUESTION0_0_R 1 2.484e+02 8.654e+02)
s>                    ( - -8.024e+04 12 0 QUESTION0_0_R 1 2.508e+02 3.850e+02))
s>                ( - -1.516e+04 6 0 QUESTION0 1 1.446e+02 7.331e+01))))INFO: dtree.c(1439): stop. leaf nodes are specific
INFO: dtree.c(1478): Final simple tree
|( QUESTION0 1 -1.464e+05 1.959e+02 7.140e+02
|    ( - -6.227e+04 5 0)
|    ( - -8.396e+04 2 0))
s>    ( QUESTION0 1 -1.464e+05 1.959e+02 7.140e+02
s>        ( - -6.227e+04 5 0)
s>        ( - -8.396e+04 2 0))INFO: dtree.c(1315): Comp split 12
INFO: dtree.c(1439): stop. leaf nodes are specific
INFO: dtree.c(1478): Final simple tree
|( QUESTION0_0_R 1 -2.779e+05 3.775e+02 1.335e+03
|    ( - -2.403e+05 12 0)
|    ( WDBNDRY_B 0 -3.716e+04 1.871e+02 1.767e+02
|        ( - -3.611e+04 2 0)
|        ( - -8.623e+02 1 0)))
s>    ( QUESTION0_0_R 1 -2.779e+05 3.775e+02 1.335e+03
s>        ( - -2.403e+05 12 0)
s>        ( WDBNDRY_B 0 -3.716e+04 1.871e+02 1.767e+02
s>            ( - -3.611e+04 2 0)
s>            ( - -8.623e+02 1 0)))INFO: dtree.c(1439): stop. leaf nodes are specific
INFO: dtree.c(1478): Final simple tree
|( QUESTION0_0_R 1 -2.418e+05 9.074e+02 1.140e+03
|    ( - -8.423e+04 8 0)
|    ( QUESTION0_9_R 1 -1.567e+05 3.724e+02 7.487e+02
|        ( - -1.455e+05 4 0)
|        ( QUESTION0_14_R 1 -1.077e+04 1.548e+02 5.196e+01
|            ( WDBNDRY_B 0 -3.534e+03 1.690e+02 1.800e+01
|                ( - -8.525e+02 1 0)
|                ( - -2.512e+03 1 0))
|            ( QUESTION2 1 -7.080e+03 1.688e+02 3.396e+01
|                ( - -5.019e+02 1 0)
|                ( WDBNDRY_B 0 -6.410e+03 1.301e+02 3.096e+01
|                    ( - -5.959e+03 3 0)
|                    ( - -3.201e+02 1 0))))))
s>    ( QUESTION0_0_R 1 -2.418e+05 9.074e+02 1.140e+03
s>        ( - -8.423e+04 8 0)
s>        ( QUESTION0_9_R 1 -1.567e+05 3.724e+02 7.487e+02
s>            ( - -1.455e+05 4 0)
s>            ( QUESTION0_14_R 1 -1.077e+04 1.548e+02 5.196e+01
s>                ( WDBNDRY_B 0 -3.534e+03 1.690e+02 1.800e+01
s>                    ( - -8.525e+02 1 0)
s>                    ( - -2.512e+03 1 0))
s>                ( QUESTION2 1 -7.080e+03 1.688e+02 3.396e+01
s>                    ( - -5.019e+02 1 0)
s>                    ( WDBNDRY_B 0 -6.410e+03 1.301e+02 3.096e+01
s>                        ( - -5.959e+03 3 0)
s>                        ( - -3.201e+02 1 0))))))INFO: dtree.c(1315): Comp split 13
INFO: dtree.c(1439): stop. leaf nodes are specific
INFO: dtree.c(1478): Final simple tree
|( QUESTION19 -1 -2.586e+05 5.072e+02 1.250e+03
|    ( QUESTION0_0_R 1 -1.779e+05 2.484e+02 8.654e+02
|        ( QUESTION0 1 -1.699e+05 1.961e+02 8.276e+02
|            ( - -1.596e+05 4 0)
|            ( QUESTION2_17_L -1 -1.018e+04 9.401e+01 4.972e+01
|                ( - -2.194e+03 1 0)
|                ( - -7.893e+03 2 0)))
|        ( - -7.698e+03 1 0))
|    ( QUESTION0_0_R 1 -8.024e+04 2.508e+02 3.850e+02
|        ( QUESTION0 1 -7.457e+04 2.036e+02 3.583e+02
|            ( - -4.509e+04 8 0)
|            ( - -2.928e+04 3 0))
|        ( - -5.414e+03 1 0)))
s>    ( QUESTION19 -1 -2.586e+05 5.072e+02 1.250e+03
s>        ( QUESTION0_0_R 1 -1.779e+05 2.484e+02 8.654e+02
s>            ( QUESTION0 1 -1.699e+05 1.961e+02 8.276e+02
s>                ( - -1.596e+05 4 0)
s>                ( QUESTION2_17_L -1 -1.018e+04 9.401e+01 4.972e+01
s>                    ( - -2.194e+03 1 0)
s>                    ( - -7.893e+03 2 0)))
s>            ( - -7.698e+03 1 0))
s>        ( QUESTION0_0_R 1 -8.024e+04 2.508e+02 3.850e+02
s>            ( QUESTION0 1 -7.457e+04 2.036e+02 3.583e+02
s>                ( - -4.509e+04 8 0)
s>                ( - -2.928e+04 3 0))
s>            ( - -5.414e+03 1 0)))INFO: dtree.c(1478): Final simple tree
|( QUESTION2 -1 -2.238e+05 8.730e+02 1.070e+03
|    ( QUESTION6 -1 -4.743e+04 2.843e+02 2.281e+02
|        ( - -2.846e+04 4 0 WDBNDRY_B 0 1.733e+02 1.382e+02)
|        ( - -1.868e+04 4 0 QUESTION0_0_R 1 1.456e+02 8.991e+01))
|    ( QUESTION17 -1 -1.755e+05 5.450e+02 8.416e+02
|        ( QUESTION0 1 -4.679e+04 3.832e+02 2.224e+02
|            ( QUESTION0_0_R 1 -2.875e+04 2.200e+02 1.388e+02
|                ( - -2.302e+04 3 0)
|                ( - -5.503e+03 2 0))
|            ( - -1.766e+04 3 0))
|        ( QUESTION16 -1 -1.282e+05 4.790e+02 6.192e+02
|            ( QUESTION0 1 -1.125e+05 3.674e+02 5.459e+02
|                ( - -9.703e+04 3 0)
|                ( - -1.515e+04 4 0 WDBNDRY_B 0 1.945e+02 7.339e+01))
|            ( - -1.516e+04 6 0 QUESTION0 1 1.446e+02 7.331e+01))))
s>    ( QUESTION2 -1 -2.238e+05 8.730e+02 1.070e+03
s>        ( QUESTION6 -1 -4.743e+04 2.843e+02 2.281e+02
s>            ( - -2.846e+04 4 0 WDBNDRY_B 0 1.733e+02 1.382e+02)
s>            ( - -1.868e+04 4 0 QUESTION0_0_R 1 1.456e+02 8.991e+01))
s>        ( QUESTION17 -1 -1.755e+05 5.450e+02 8.416e+02
s>            ( QUESTION0 1 -4.679e+04 3.832e+02 2.224e+02
s>                ( QUESTION0_0_R 1 -2.875e+04 2.200e+02 1.388e+02
s>                    ( - -2.302e+04 3 0)
s>                    ( - -5.503e+03 2 0))
s>                ( - -1.766e+04 3 0))
s>            ( QUESTION16 -1 -1.282e+05 4.790e+02 6.192e+02
s>                ( QUESTION0 1 -1.125e+05 3.674e+02 5.459e+02
s>                    ( - -9.703e+04 3 0)
s>                    ( - -1.515e+04 4 0 WDBNDRY_B 0 1.945e+02 7.339e+01))
s>                ( - -1.516e+04 6 0 QUESTION0 1 1.446e+02 7.331e+01))))INFO: dtree.c(1315): Comp split 14
INFO: dtree.c(1439): stop. leaf nodes are specific
INFO: dtree.c(1478): Final simple tree
|( QUESTION2_0_L -1 -1.443e+06 2.701e+02 6.793e+03
|    ( WDBNDRY_B 0 -1.433e+06 1.778e+02 6.746e+03
|        ( - -1.432e+06 10 0)
|        ( - -4.513e+02 1 0))
|    ( - -9.827e+03 3 0))
s>    ( QUESTION2_0_L -1 -1.443e+06 2.701e+02 6.793e+03
s>        ( WDBNDRY_B 0 -1.433e+06 1.778e+02 6.746e+03
s>            ( - -1.432e+06 10 0)
s>            ( - -4.513e+02 1 0))
s>        ( - -9.827e+03 3 0))INFO: dtree.c(1315): Comp split 15
INFO: dtree.c(1439): stop. leaf nodes are specific
INFO: dtree.c(1478): Final simple tree
|( WDBNDRY_B 0 -8.468e+04 1.218e+02 3.931e+02
|    ( - -8.423e+04 8 0)
|    ( - -3.201e+02 1 0))
s>    ( WDBNDRY_B 0 -8.468e+04 1.218e+02 3.931e+02
s>        ( - -8.423e+04 8 0)
s>        ( - -3.201e+02 1 0))INFO: dtree.c(1439): stop. leaf nodes are specific
INFO: dtree.c(1478): Final simple tree
|( QUESTION0_9_R 1 -1.562e+05 3.708e+02 7.467e+02
|    ( - -1.455e+05 4 0)
|    ( QUESTION0_15_R 1 -1.032e+04 1.728e+02 4.996e+01
|        ( - -5.019e+02 1 0)
|        ( WDBNDRY_B 0 -9.643e+03 1.541e+02 4.696e+01
|            ( QUESTION0_2_R 1 -6.976e+03 1.646e+02 3.396e+01
|                ( - -5.959e+03 3 0)
|                ( - -8.525e+02 1 0))
|            ( - -2.512e+03 1 0))))
s>    ( QUESTION0_9_R 1 -1.562e+05 3.708e+02 7.467e+02
s>        ( - -1.455e+05 4 0)
s>        ( QUESTION0_15_R 1 -1.032e+04 1.728e+02 4.996e+01
s>            ( - -5.019e+02 1 0)
s>            ( WDBNDRY_B 0 -9.643e+03 1.541e+02 4.696e+01
s>                ( QUESTION0_2_R 1 -6.976e+03 1.646e+02 3.396e+01
s>                    ( - -5.959e+03 3 0)
s>                    ( - -8.525e+02 1 0))
s>                ( - -2.512e+03 1 0))))INFO: dtree.c(1315): Comp split 16
INFO: dtree.c(1478): Final simple tree
|( QUESTION0_9_R 1 -1.235e+05 4.633e+02 5.759e+02
|    ( - -9.213e+04 2 0)
|    ( QUESTION0_16_R 1 -3.089e+04 2.126e+02 1.454e+02
|        ( WDBNDRY_E 0 -2.999e+03 1.844e+02 1.454e+01
|            ( - -2.494e+02 1 0)
|            ( - -2.566e+03 2 0))
|        ( WDBNDRY_E 0 -2.768e+04 2.206e+02 1.309e+02
|            ( QUESTION12 1 -7.299e+03 1.757e+02 3.560e+01
|                ( - -2.750e+02 1 0)
|                ( QUESTION0_20_R 1 -6.848e+03 4.734e+02 3.360e+01
|                    ( - 2.414e+02 1 0)
|                    ( QUESTION0_14_R 1 -6.616e+03 2.136e+02 3.260e+01
|                        ( - -1.082e+03 1 0)
|                        ( - -5.321e+03 3 0 QUESTION0_2_R 1 1.432e+02 2.660e+01))))
|            ( - -2.016e+04 5 0 QUESTION20 1 1.533e+02 9.531e+01))))
s>    ( QUESTION0_9_R 1 -1.235e+05 4.633e+02 5.759e+02
s>        ( - -9.213e+04 2 0)
s>        ( QUESTION0_16_R 1 -3.089e+04 2.126e+02 1.454e+02
s>            ( WDBNDRY_E 0 -2.999e+03 1.844e+02 1.454e+01
s>                ( - -2.494e+02 1 0)
s>                ( - -2.566e+03 2 0))
s>            ( WDBNDRY_E 0 -2.768e+04 2.206e+02 1.309e+02
s>                ( QUESTION12 1 -7.299e+03 1.757e+02 3.560e+01
s>                    ( - -2.750e+02 1 0)
s>                    ( QUESTION0_20_R 1 -6.848e+03 4.734e+02 3.360e+01
s>                        ( - 2.414e+02 1 0)
s>                        ( QUESTION0_14_R 1 -6.616e+03 2.136e+02 3.260e+01
s>                            ( - -1.082e+03 1 0)
s>                            ( - -5.321e+03 3 0 QUESTION0_2_R 1 1.432e+02 2.660e+01))))
s>                ( - -2.016e+04 5 0 QUESTION20 1 1.533e+02 9.531e+01))))INFO: dtree.c(1315): Comp split 17
INFO: dtree.c(1478): Final simple tree
|( QUESTION17 -1 -1.755e+05 5.450e+02 8.416e+02
|    ( QUESTION0 1 -4.679e+04 3.832e+02 2.224e+02
|        ( QUESTION0_0_R 1 -2.875e+04 2.200e+02 1.388e+02
|            ( - -2.302e+04 3 0)
|            ( - -5.503e+03 2 0))
|        ( - -1.766e+04 3 0))
|    ( QUESTION16 -1 -1.282e+05 4.790e+02 6.192e+02
|        ( QUESTION0 1 -1.125e+05 3.674e+02 5.459e+02
|            ( - -9.703e+04 3 0)
|            ( WDBNDRY_B 0 -1.515e+04 1.945e+02 7.339e+01
|                ( QUESTION0_0_R 1 -1.139e+04 1.875e+02 5.589e+01
|                    ( - -9.644e+03 2 0)
|                    ( - -1.554e+03 1 0))
|                ( - -3.570e+03 1 0)))
|        ( - -1.516e+04 6 0 QUESTION0 1 1.446e+02 7.331e+01)))
s>    ( QUESTION17 -1 -1.755e+05 5.450e+02 8.416e+02
s>        ( QUESTION0 1 -4.679e+04 3.832e+02 2.224e+02
s>            ( QUESTION0_0_R 1 -2.875e+04 2.200e+02 1.388e+02
s>                ( - -2.302e+04 3 0)
s>                ( - -5.503e+03 2 0))
s>            ( - -1.766e+04 3 0))
s>        ( QUESTION16 -1 -1.282e+05 4.790e+02 6.192e+02
s>            ( QUESTION0 1 -1.125e+05 3.674e+02 5.459e+02
s>                ( - -9.703e+04 3 0)
s>                ( WDBNDRY_B 0 -1.515e+04 1.945e+02 7.339e+01
s>                    ( QUESTION0_0_R 1 -1.139e+04 1.875e+02 5.589e+01
s>                        ( - -9.644e+03 2 0)
s>                        ( - -1.554e+03 1 0))
s>                    ( - -3.570e+03 1 0)))
s>            ( - -1.516e+04 6 0 QUESTION0 1 1.446e+02 7.331e+01)))INFO: dtree.c(1439): stop. leaf nodes are specific
INFO: dtree.c(1478): Final simple tree
|( QUESTION6 -1 -4.743e+04 2.843e+02 2.281e+02
|    ( WDBNDRY_B 0 -2.846e+04 1.733e+02 1.382e+02
|        ( QUESTION0 1 -2.607e+04 1.569e+02 1.272e+02
|            ( - -2.429e+04 1 0)
|            ( - -1.619e+03 1 0))
|        ( - -2.222e+03 2 0))
|    ( QUESTION0_0_R 1 -1.868e+04 1.456e+02 8.991e+01
|        ( QUESTION0 1 -1.679e+04 1.550e+02 8.091e+01
|            ( - -8.477e+03 2 0)
|            ( - -8.159e+03 1 0))
|        ( - -1.749e+03 1 0)))
s>    ( QUESTION6 -1 -4.743e+04 2.843e+02 2.281e+02
s>        ( WDBNDRY_B 0 -2.846e+04 1.733e+02 1.382e+02
s>            ( QUESTION0 1 -2.607e+04 1.569e+02 1.272e+02
s>                ( - -2.429e+04 1 0)
s>                ( - -1.619e+03 1 0))
s>            ( - -2.222e+03 2 0))
s>        ( QUESTION0_0_R 1 -1.868e+04 1.456e+02 8.991e+01
s>            ( QUESTION0 1 -1.679e+04 1.550e+02 8.091e+01
s>                ( - -8.477e+03 2 0)
s>                ( - -8.159e+03 1 0))
s>            ( - -1.749e+03 1 0)))INFO: dtree.c(1315): Comp split 18
INFO: dtree.c(1439): stop. leaf nodes are specific
INFO: dtree.c(1478): Final simple tree
|( QUESTION0_0_R 1 -8.356e+04 1.540e+02 3.754e+02
|    ( - -8.313e+04 6 0)
|    ( - -2.694e+02 1 0))
s>    ( QUESTION0_0_R 1 -8.356e+04 1.540e+02 3.754e+02
s>        ( - -8.313e+04 6 0)
s>        ( - -2.694e+02 1 0))INFO: dtree.c(1315): Comp split 19
INFO: dtree.c(1439): stop. leaf nodes are specific
INFO: dtree.c(1478): Final simple tree
|( QUESTION17 -1 -1.416e+05 3.586e+02 6.847e+02
|    ( QUESTION0_0_R 1 -2.875e+04 2.200e+02 1.388e+02
|        ( - -2.302e+04 3 0)
|        ( - -5.503e+03 2 0))
|    ( QUESTION0 1 -1.125e+05 3.674e+02 5.459e+02
|        ( - -9.703e+04 3 0)
|        ( WDBNDRY_B 0 -1.515e+04 1.945e+02 7.339e+01
|            ( QUESTION0_0_R 1 -1.139e+04 1.875e+02 5.589e+01
|                ( - -9.644e+03 2 0)
|                ( - -1.554e+03 1 0))
|            ( - -3.570e+03 1 0))))
s>    ( QUESTION17 -1 -1.416e+05 3.586e+02 6.847e+02
s>        ( QUESTION0_0_R 1 -2.875e+04 2.200e+02 1.388e+02
s>            ( - -2.302e+04 3 0)
s>            ( - -5.503e+03 2 0))
s>        ( QUESTION0 1 -1.125e+05 3.674e+02 5.459e+02
s>            ( - -9.703e+04 3 0)
s>            ( WDBNDRY_B 0 -1.515e+04 1.945e+02 7.339e+01
s>                ( QUESTION0_0_R 1 -1.139e+04 1.875e+02 5.589e+01
s>                    ( - -9.644e+03 2 0)
s>                    ( - -1.554e+03 1 0))
s>                ( - -3.570e+03 1 0))))INFO: dtree.c(1439): stop. leaf nodes are specific
INFO: dtree.c(1478): Final simple tree
|( WDBNDRY_B 0 -3.306e+04 2.425e+02 1.569e+02
|    ( - -1.766e+04 3 0)
|    ( QUESTION0 1 -1.516e+04 1.446e+02 7.331e+01
|        ( - -1.102e+04 4 0)
|        ( - -3.993e+03 2 0)))
s>    ( WDBNDRY_B 0 -3.306e+04 2.425e+02 1.569e+02
s>        ( - -1.766e+04 3 0)
s>        ( QUESTION0 1 -1.516e+04 1.446e+02 7.331e+01
s>            ( - -1.102e+04 4 0)
s>            ( - -3.993e+03 2 0)))INFO: dtree.c(1315): Comp split 20
INFO: dtree.c(1478): Final simple tree
|( QUESTION14 1 -3.717e+05 3.726e+02 1.768e+03
|    ( QUESTION11 -1 -1.886e+05 2.624e+02 8.976e+02
|        ( WDBNDRY_B 0 -1.589e+05 1.850e+02 7.587e+02
|            ( - -1.565e+04 1 0)
|            ( - -1.430e+05 2 0))
|        ( - -2.943e+04 1 0))
|    ( WDBNDRY_B 0 -1.827e+05 2.801e+02 8.707e+02
|        ( QUESTION11 -1 -7.597e+04 2.253e+02 3.664e+02
|            ( QUESTION0_9_R 1 -5.860e+04 1.763e+02 2.830e+02
|                ( - -4.869e+03 1 0)
|                ( QUESTION0_0_R 1 -5.356e+04 1.603e+02 2.600e+02
|                    ( - -5.272e+04 4 0)
|                    ( - -6.808e+02 1 0)))
|            ( - -1.715e+04 5 0 QUESTION0_0_R 1 1.419e+02 8.337e+01))
|        ( - -1.065e+05 6 0)))
s>    ( QUESTION14 1 -3.717e+05 3.726e+02 1.768e+03
s>        ( QUESTION11 -1 -1.886e+05 2.624e+02 8.976e+02
s>            ( WDBNDRY_B 0 -1.589e+05 1.850e+02 7.587e+02
s>                ( - -1.565e+04 1 0)
s>                ( - -1.430e+05 2 0))
s>            ( - -2.943e+04 1 0))
s>        ( WDBNDRY_B 0 -1.827e+05 2.801e+02 8.707e+02
s>            ( QUESTION11 -1 -7.597e+04 2.253e+02 3.664e+02
s>                ( QUESTION0_9_R 1 -5.860e+04 1.763e+02 2.830e+02
s>                    ( - -4.869e+03 1 0)
s>                    ( QUESTION0_0_R 1 -5.356e+04 1.603e+02 2.600e+02
s>                        ( - -5.272e+04 4 0)
s>                        ( - -6.808e+02 1 0)))
s>                ( - -1.715e+04 5 0 QUESTION0_0_R 1 1.419e+02 8.337e+01))
s>            ( - -1.065e+05 6 0)))INFO: dtree.c(1315): Comp split 21
INFO: dtree.c(1439): stop. leaf nodes are specific
INFO: dtree.c(1478): Final simple tree
|( QUESTION0_0_R 1 -9.060e+04 2.328e+02 4.347e+02
|    ( QUESTION0 1 -8.495e+04 2.304e+02 4.080e+02
|        ( - -4.509e+04 8 0)
|        ( QUESTION19 -1 -3.963e+04 1.684e+02 1.889e+02
|            ( QUESTION2_17_L -1 -1.018e+04 9.401e+01 4.972e+01
|                ( - -2.194e+03 1 0)
|                ( - -7.893e+03 2 0))
|            ( - -2.928e+04 3 0)))
|    ( - -5.414e+03 1 0))
s>    ( QUESTION0_0_R 1 -9.060e+04 2.328e+02 4.347e+02
s>        ( QUESTION0 1 -8.495e+04 2.304e+02 4.080e+02
s>            ( - -4.509e+04 8 0)
s>            ( QUESTION19 -1 -3.963e+04 1.684e+02 1.889e+02
s>                ( QUESTION2_17_L -1 -1.018e+04 9.401e+01 4.972e+01
s>                    ( - -2.194e+03 1 0)
s>                    ( - -7.893e+03 2 0))
s>                ( - -2.928e+04 3 0)))
s>        ( - -5.414e+03 1 0))INFO: dtree.c(1439): stop. leaf nodes are specific
INFO: dtree.c(1478): Final simple tree
|( QUESTION0_0_R 1 -1.675e+05 2.470e+02 8.157e+02
|    ( - -1.596e+05 4 0)
|    ( - -7.698e+03 1 0))
s>    ( QUESTION0_0_R 1 -1.675e+05 2.470e+02 8.157e+02
s>        ( - -1.596e+05 4 0)
s>        ( - -7.698e+03 1 0))INFO: dtree.c(1315): Comp split 22
INFO: dtree.c(1439): stop. leaf nodes are specific
INFO: dtree.c(1478): Final simple tree
|( WDBNDRY_E 0 -2.851e+04 2.290e+02 1.344e+02
|    ( QUESTION0_2_R 1 -5.321e+03 1.432e+02 2.660e+01
|        ( - -4.078e+03 2 0)
|        ( - -1.100e+03 1 0))
|    ( QUESTION0_16_R 1 -2.296e+04 2.367e+02 1.079e+02
|        ( - -2.566e+03 2 0)
|        ( QUESTION20 1 -2.016e+04 1.533e+02 9.531e+01
|            ( - -2.854e+03 3 0)
|            ( QUESTION0_2_R 1 -1.716e+04 1.250e+02 8.131e+01
|                ( - -8.625e+03 1 0)
|                ( - -8.405e+03 1 0)))))
s>    ( WDBNDRY_E 0 -2.851e+04 2.290e+02 1.344e+02
s>        ( QUESTION0_2_R 1 -5.321e+03 1.432e+02 2.660e+01
s>            ( - -4.078e+03 2 0)
s>            ( - -1.100e+03 1 0))
s>        ( QUESTION0_16_R 1 -2.296e+04 2.367e+02 1.079e+02
s>            ( - -2.566e+03 2 0)
s>            ( QUESTION20 1 -2.016e+04 1.533e+02 9.531e+01
s>                ( - -2.854e+03 3 0)
s>                ( QUESTION0_2_R 1 -1.716e+04 1.250e+02 8.131e+01
s>                    ( - -8.625e+03 1 0)
s>                    ( - -8.405e+03 1 0)))))INFO: dtree.c(1439): stop. leaf nodes are specific
INFO: dtree.c(1478): Final simple tree
|( QUESTION15 1 -9.448e+04 4.607e+02 4.414e+02
|    ( - 2.414e+02 1 0)
|    ( QUESTION0_16_R 1 -9.426e+04 1.835e+02 4.404e+02
|        ( - -2.494e+02 1 0)
|        ( QUESTION0_15_R 1 -9.383e+04 1.726e+02 4.384e+02
|            ( - -2.750e+02 1 0)
|            ( WDBNDRY_E 0 -9.338e+04 1.640e+02 4.364e+02
|                ( - -1.082e+03 1 0)
|                ( - -9.213e+04 2 0)))))
s>    ( QUESTION15 1 -9.448e+04 4.607e+02 4.414e+02
s>        ( - 2.414e+02 1 0)
s>        ( QUESTION0_16_R 1 -9.426e+04 1.835e+02 4.404e+02
s>            ( - -2.494e+02 1 0)
s>            ( QUESTION0_15_R 1 -9.383e+04 1.726e+02 4.384e+02
s>                ( - -2.750e+02 1 0)
s>                ( WDBNDRY_E 0 -9.338e+04 1.640e+02 4.364e+02
s>                    ( - -1.082e+03 1 0)
s>                    ( - -9.213e+04 2 0)))))INFO: dtree.c(1315): Comp split 23
INFO: dtree.c(1439): stop. leaf nodes are specific
INFO: dtree.c(1478): Final simple tree
|( QUESTION11 -1 -7.092e+04 2.161e+02 3.434e+02
|    ( QUESTION0_0_R 1 -5.356e+04 1.603e+02 2.600e+02
|        ( - -5.272e+04 4 0)
|        ( - -6.808e+02 1 0))
|    ( QUESTION0_0_R 1 -1.715e+04 1.419e+02 8.337e+01
|        ( QUESTION2_14_L -1 -1.316e+04 1.467e+02 6.449e+01
|            ( - -4.994e+02 1 0)
|            ( - -1.251e+04 3 0))
|        ( - -3.844e+03 1 0)))
s>    ( QUESTION11 -1 -7.092e+04 2.161e+02 3.434e+02
s>        ( QUESTION0_0_R 1 -5.356e+04 1.603e+02 2.600e+02
s>            ( - -5.272e+04 4 0)
s>            ( - -6.808e+02 1 0))
s>        ( QUESTION0_0_R 1 -1.715e+04 1.419e+02 8.337e+01
s>            ( QUESTION2_14_L -1 -1.316e+04 1.467e+02 6.449e+01
s>                ( - -4.994e+02 1 0)
s>                ( - -1.251e+04 3 0))
s>            ( - -3.844e+03 1 0)))INFO: dtree.c(1439): stop. leaf nodes are specific
INFO: dtree.c(1478): Final simple tree
|( QUESTION0 1 -3.003e+05 2.400e+02 1.425e+03
|    ( WDBNDRY_B 0 -1.115e+05 1.344e+02 5.274e+02
|        ( - -4.869e+03 1 0)
|        ( - -1.065e+05 6 0))
|    ( QUESTION11 -1 -1.886e+05 2.624e+02 8.976e+02
|        ( WDBNDRY_B 0 -1.589e+05 1.850e+02 7.587e+02
|            ( - -1.565e+04 1 0)
|            ( - -1.430e+05 2 0))
|        ( - -2.943e+04 1 0)))
s>    ( QUESTION0 1 -3.003e+05 2.400e+02 1.425e+03
s>        ( WDBNDRY_B 0 -1.115e+05 1.344e+02 5.274e+02
s>            ( - -4.869e+03 1 0)
s>            ( - -1.065e+05 6 0))
s>        ( QUESTION11 -1 -1.886e+05 2.624e+02 8.976e+02
s>            ( WDBNDRY_B 0 -1.589e+05 1.850e+02 7.587e+02
s>                ( - -1.565e+04 1 0)
s>                ( - -1.430e+05 2 0))
s>            ( - -2.943e+04 1 0)))INFO: dtree.c(1315): Comp split 24
INFO: dtree.c(1439): stop. leaf nodes are specific
INFO: dtree.c(1478): Final simple tree
|( WDBNDRY_E 0 -3.943e+05 2.284e+02 1.915e+03
|    ( - -5.906e+03 2 0)
|    ( - -3.881e+05 4 0))
s>    ( WDBNDRY_E 0 -3.943e+05 2.284e+02 1.915e+03
s>        ( - -5.906e+03 2 0)
s>        ( - -3.881e+05 4 0))INFO: dtree.c(1315): Comp split 25
INFO: dtree.c(1439): stop. leaf nodes are specific
INFO: dtree.c(1478): Final simple tree
|( QUESTION0_16_R 1 -9.426e+04 1.835e+02 4.404e+02
|    ( - -2.494e+02 1 0)
|    ( QUESTION0_15_R 1 -9.383e+04 1.726e+02 4.384e+02
|        ( - -2.750e+02 1 0)
|        ( WDBNDRY_E 0 -9.338e+04 1.640e+02 4.364e+02
|            ( - -1.082e+03 1 0)
|            ( - -9.213e+04 2 0))))
s>    ( QUESTION0_16_R 1 -9.426e+04 1.835e+02 4.404e+02
s>        ( - -2.494e+02 1 0)
s>        ( QUESTION0_15_R 1 -9.383e+04 1.726e+02 4.384e+02
s>            ( - -2.750e+02 1 0)
s>            ( WDBNDRY_E 0 -9.338e+04 1.640e+02 4.364e+02
s>                ( - -1.082e+03 1 0)
s>                ( - -9.213e+04 2 0))))INFO: dtree.c(1315): Comp split 26
INFO: dtree.c(1439): stop. leaf nodes are specific
INFO: dtree.c(1478): Final simple tree
|( QUESTION0 1 -4.420e+04 2.988e+02 2.122e+02
|    ( QUESTION0_0_R 1 -2.875e+04 2.200e+02 1.388e+02
|        ( - -2.302e+04 3 0)
|        ( - -5.503e+03 2 0))
|    ( WDBNDRY_B 0 -1.515e+04 1.945e+02 7.339e+01
|        ( QUESTION0_0_R 1 -1.139e+04 1.875e+02 5.589e+01
|            ( - -9.644e+03 2 0)
|            ( - -1.554e+03 1 0))
|        ( - -3.570e+03 1 0)))
s>    ( QUESTION0 1 -4.420e+04 2.988e+02 2.122e+02
s>        ( QUESTION0_0_R 1 -2.875e+04 2.200e+02 1.388e+02
s>            ( - -2.302e+04 3 0)
s>            ( - -5.503e+03 2 0))
s>        ( WDBNDRY_B 0 -1.515e+04 1.945e+02 7.339e+01
s>            ( QUESTION0_0_R 1 -1.139e+04 1.875e+02 5.589e+01
s>                ( - -9.644e+03 2 0)
s>                ( - -1.554e+03 1 0))
s>            ( - -3.570e+03 1 0)))INFO: dtree.c(1315): Comp split 27
INFO: dtree.c(1439): stop. leaf nodes are specific
INFO: dtree.c(1478): Final simple tree
|( WDBNDRY_B 0 -3.716e+04 1.871e+02 1.767e+02
|    ( - -3.611e+04 2 0)
|    ( - -8.623e+02 1 0))
s>    ( WDBNDRY_B 0 -3.716e+04 1.871e+02 1.767e+02
s>        ( - -3.611e+04 2 0)
s>        ( - -8.623e+02 1 0))INFO: dtree.c(1315): Comp split 28
INFO: dtree.c(1439): stop. leaf nodes are specific
INFO: dtree.c(1478): Final simple tree
|( QUESTION0_15_R 1 -1.032e+04 1.728e+02 4.996e+01
|    ( - -5.019e+02 1 0)
|    ( WDBNDRY_B 0 -9.643e+03 1.541e+02 4.696e+01
|        ( QUESTION0_2_R 1 -6.976e+03 1.646e+02 3.396e+01
|            ( - -5.959e+03 3 0)
|            ( - -8.525e+02 1 0))
|        ( - -2.512e+03 1 0)))
s>    ( QUESTION0_15_R 1 -1.032e+04 1.728e+02 4.996e+01
s>        ( - -5.019e+02 1 0)
s>        ( WDBNDRY_B 0 -9.643e+03 1.541e+02 4.696e+01
s>            ( QUESTION0_2_R 1 -6.976e+03 1.646e+02 3.396e+01
s>                ( - -5.959e+03 3 0)
s>                ( - -8.525e+02 1 0))
s>            ( - -2.512e+03 1 0)))INFO: dtree.c(1315): Comp split 29
INFO: dtree.c(1439): stop. leaf nodes are specific
INFO: dtree.c(1478): Final simple tree
|( QUESTION0_0_R 1 -1.139e+04 1.875e+02 5.589e+01
|    ( - -9.644e+03 2 0)
|    ( - -1.554e+03 1 0))
s>    ( QUESTION0_0_R 1 -1.139e+04 1.875e+02 5.589e+01
s>        ( - -9.644e+03 2 0)
s>        ( - -1.554e+03 1 0))INFO: dtree.c(1439): stop. leaf nodes are specific
INFO: dtree.c(1478): Final simple tree
|( QUESTION0_0_R 1 -3.245e+04 2.198e+02 1.563e+02
|    ( WDBNDRY_B 0 -2.672e+04 1.295e+02 1.282e+02
|        ( - -2.302e+04 3 0)
|        ( - -3.570e+03 1 0))
|    ( - -5.503e+03 2 0))
s>    ( QUESTION0_0_R 1 -3.245e+04 2.198e+02 1.563e+02
s>        ( WDBNDRY_B 0 -2.672e+04 1.295e+02 1.282e+02
s>            ( - -2.302e+04 3 0)
s>            ( - -3.570e+03 1 0))
s>        ( - -5.503e+03 2 0))INFO: dtree.c(1315): Comp split 30
INFO: dtree.c(1439): stop. leaf nodes are specific
INFO: dtree.c(1478): Final simple tree
|( QUESTION0 1 -2.607e+04 1.569e+02 1.272e+02
|    ( - -2.429e+04 1 0)
|    ( - -1.619e+03 1 0))
s>    ( QUESTION0 1 -2.607e+04 1.569e+02 1.272e+02
s>        ( - -2.429e+04 1 0)
s>        ( - -1.619e+03 1 0))INFO: dtree.c(1439): stop. leaf nodes are specific
INFO: dtree.c(1478): Final simple tree
|( QUESTION0 1 -2.102e+04 1.500e+02 1.009e+02
|    ( QUESTION0_0_R 1 -1.271e+04 1.492e+02 6.197e+01
|        ( WDBNDRY_B 0 -1.082e+04 1.185e+02 5.297e+01
|            ( - -8.477e+03 2 0)
|            ( - -2.222e+03 2 0))
|        ( - -1.749e+03 1 0))
|    ( - -8.159e+03 1 0))
s>    ( QUESTION0 1 -2.102e+04 1.500e+02 1.009e+02
s>        ( QUESTION0_0_R 1 -1.271e+04 1.492e+02 6.197e+01
s>            ( WDBNDRY_B 0 -1.082e+04 1.185e+02 5.297e+01
s>                ( - -8.477e+03 2 0)
s>                ( - -2.222e+03 2 0))
s>            ( - -1.749e+03 1 0))
s>        ( - -8.159e+03 1 0))INFO: dtree.c(1315): Comp split 31
INFO: dtree.c(1439): stop. leaf nodes are specific
INFO: dtree.c(1478): Final simple tree
|( WDBNDRY_B 0 -1.589e+05 1.850e+02 7.587e+02
|    ( - -1.565e+04 1 0)
|    ( - -1.430e+05 2 0))
s>    ( WDBNDRY_B 0 -1.589e+05 1.850e+02 7.587e+02
s>        ( - -1.565e+04 1 0)
s>        ( - -1.430e+05 2 0))INFO: dtree.c(1439): stop. leaf nodes are specific
INFO: dtree.c(1478): Final simple tree
|( WDBNDRY_B 0 -1.411e+05 2.008e+02 6.662e+02
|    ( QUESTION0_0_R 1 -3.441e+04 1.144e+02 1.619e+02
|        ( - -2.943e+04 1 0)
|        ( - -4.869e+03 1 0))
|    ( - -1.065e+05 6 0))
s>    ( WDBNDRY_B 0 -1.411e+05 2.008e+02 6.662e+02
s>        ( QUESTION0_0_R 1 -3.441e+04 1.144e+02 1.619e+02
s>            ( - -2.943e+04 1 0)
s>            ( - -4.869e+03 1 0))
s>        ( - -1.065e+05 6 0))INFO: dtree.c(1315): Comp split 32
INFO: dtree.c(1439): stop. leaf nodes are specific
INFO: dtree.c(1478): Final simple tree
|( WDBNDRY_B 0 -1.044e+04 1.647e+02 4.995e+01
|    ( - -9.827e+03 3 0)
|    ( - -4.513e+02 1 0))
s>    ( WDBNDRY_B 0 -1.044e+04 1.647e+02 4.995e+01
s>        ( - -9.827e+03 3 0)
s>        ( - -4.513e+02 1 0))INFO: dtree.c(1315): Comp split 33
INFO: dtree.c(1439): stop. leaf nodes are specific
INFO: dtree.c(1478): Final simple tree
|( QUESTION0_0_R 1 -1.575e+04 1.498e+02 7.639e+01
|    ( QUESTION2_17_L -1 -1.018e+04 9.401e+01 4.972e+01
|        ( - -2.194e+03 1 0)
|        ( - -7.893e+03 2 0))
|    ( - -5.414e+03 1 0))
s>    ( QUESTION0_0_R 1 -1.575e+04 1.498e+02 7.639e+01
s>        ( QUESTION2_17_L -1 -1.018e+04 9.401e+01 4.972e+01
s>            ( - -2.194e+03 1 0)
s>            ( - -7.893e+03 2 0))
s>        ( - -5.414e+03 1 0))INFO: dtree.c(1439): stop. leaf nodes are specific
INFO: dtree.c(1478): Final simple tree
|( QUESTION0 1 -7.457e+04 2.036e+02 3.583e+02
|    ( - -4.509e+04 8 0)
|    ( - -2.928e+04 3 0))
s>    ( QUESTION0 1 -7.457e+04 2.036e+02 3.583e+02
s>        ( - -4.509e+04 8 0)
s>        ( - -2.928e+04 3 0))INFO: dtree.c(1315): Comp split 34
INFO: dtree.c(1439): stop. leaf nodes are specific
INFO: dtree.c(1478): Final simple tree
|( QUESTION20 1 -2.442e+04 1.832e+02 1.159e+02
|    ( WDBNDRY_E 0 -7.077e+03 1.462e+02 3.460e+01
|        ( - -4.078e+03 2 0)
|        ( - -2.854e+03 3 0))
|    ( QUESTION0_2_R 1 -1.716e+04 1.250e+02 8.131e+01
|        ( - -8.625e+03 1 0)
|        ( - -8.405e+03 1 0)))
s>    ( QUESTION20 1 -2.442e+04 1.832e+02 1.159e+02
s>        ( WDBNDRY_E 0 -7.077e+03 1.462e+02 3.460e+01
s>            ( - -4.078e+03 2 0)
s>            ( - -2.854e+03 3 0))
s>        ( QUESTION0_2_R 1 -1.716e+04 1.250e+02 8.131e+01
s>            ( - -8.625e+03 1 0)
s>            ( - -8.405e+03 1 0)))INFO: dtree.c(1439): stop. leaf nodes are specific
INFO: dtree.c(1478): Final simple tree
|( WDBNDRY_E 0 -3.850e+03 1.847e+02 1.854e+01
|    ( - -1.100e+03 1 0)
|    ( - -2.566e+03 2 0))
s>    ( WDBNDRY_E 0 -3.850e+03 1.847e+02 1.854e+01
s>        ( - -1.100e+03 1 0)
s>        ( - -2.566e+03 2 0))INFO: dtree.c(1315): Comp split 35
INFO: dtree.c(1315): Comp split 36
INFO: dtree.c(1439): stop. leaf nodes are specific
INFO: dtree.c(1478): Final simple tree
|( QUESTION0 1 -1.516e+04 1.446e+02 7.331e+01
|    ( - -1.102e+04 4 0)
|    ( - -3.993e+03 2 0))
s>    ( QUESTION0 1 -1.516e+04 1.446e+02 7.331e+01
s>        ( - -1.102e+04 4 0)
s>        ( - -3.993e+03 2 0))INFO: dtree.c(1315): Comp split 37
INFO: dtree.c(1439): stop. leaf nodes are specific
INFO: dtree.c(1478): Final simple tree
|( QUESTION0_9_R 1 -1.797e+04 1.422e+02 8.737e+01
|    ( - -3.844e+03 1 0)
|    ( QUESTION0_0_R 1 -1.398e+04 1.383e+02 6.849e+01
|        ( QUESTION2_14_L -1 -1.316e+04 1.467e+02 6.449e+01
|            ( - -4.994e+02 1 0)
|            ( - -1.251e+04 3 0))
|        ( - -6.808e+02 1 0)))
s>    ( QUESTION0_9_R 1 -1.797e+04 1.422e+02 8.737e+01
s>        ( - -3.844e+03 1 0)
s>        ( QUESTION0_0_R 1 -1.398e+04 1.383e+02 6.849e+01
s>            ( QUESTION2_14_L -1 -1.316e+04 1.467e+02 6.449e+01
s>                ( - -4.994e+02 1 0)
s>                ( - -1.251e+04 3 0))
s>            ( - -6.808e+02 1 0)))INFO: dtree.c(1315): Comp split 38
INFO: dtree.c(1315): Comp split 39
INFO: dtree.c(1439): stop. leaf nodes are specific
INFO: dtree.c(1478): Final simple tree
|( WDBNDRY_B 0 -2.672e+04 1.295e+02 1.282e+02
|    ( - -2.302e+04 3 0)
|    ( - -3.570e+03 1 0))
s>    ( WDBNDRY_B 0 -2.672e+04 1.295e+02 1.282e+02
s>        ( - -2.302e+04 3 0)
s>        ( - -3.570e+03 1 0))INFO: dtree.c(1315): Comp split 40
INFO: dtree.c(1315): Comp split 41
INFO: dtree.c(1439): stop. leaf nodes are specific
INFO: dtree.c(1478): Final simple tree
|( QUESTION0_0_R 1 -3.441e+04 1.144e+02 1.619e+02
|    ( - -2.943e+04 1 0)
|    ( - -4.869e+03 1 0))
s>    ( QUESTION0_0_R 1 -3.441e+04 1.144e+02 1.619e+02
s>        ( - -2.943e+04 1 0)
s>        ( - -4.869e+03 1 0))INFO: dtree.c(1315): Comp split 42
INFO: dtree.c(1315): Comp split 43
INFO: dtree.c(1315): Comp split 44
INFO: dtree.c(1315): Comp split 45
INFO: dtree.c(1315): Comp split 46
INFO: dtree.c(1315): Comp split 47
INFO: dtree.c(1439): stop. leaf nodes are specific
INFO: dtree.c(1478): Final simple tree
|( QUESTION0_15_R 1 -9.383e+04 1.726e+02 4.384e+02
|    ( - -2.750e+02 1 0)
|    ( WDBNDRY_E 0 -9.338e+04 1.640e+02 4.364e+02
|        ( - -1.082e+03 1 0)
|        ( - -9.213e+04 2 0)))
s>    ( QUESTION0_15_R 1 -9.383e+04 1.726e+02 4.384e+02
s>        ( - -2.750e+02 1 0)
s>        ( WDBNDRY_E 0 -9.338e+04 1.640e+02 4.364e+02
s>            ( - -1.082e+03 1 0)
s>            ( - -9.213e+04 2 0)))INFO: dtree.c(1315): Comp split 48
INFO: dtree.c(1439): stop. leaf nodes are specific
INFO: dtree.c(1478): Final simple tree
|( QUESTION0_2_R 1 -1.716e+04 1.250e+02 8.131e+01
|    ( - -8.625e+03 1 0)
|    ( - -8.405e+03 1 0))
s>    ( QUESTION0_2_R 1 -1.716e+04 1.250e+02 8.131e+01
s>        ( - -8.625e+03 1 0)
s>        ( - -8.405e+03 1 0))INFO: dtree.c(1439): stop. leaf nodes are specific
INFO: dtree.c(1478): Final simple tree
|( WDBNDRY_E 0 -7.077e+03 1.462e+02 3.460e+01
|    ( - -4.078e+03 2 0)
|    ( - -2.854e+03 3 0))
s>    ( WDBNDRY_E 0 -7.077e+03 1.462e+02 3.460e+01
s>        ( - -4.078e+03 2 0)
s>        ( - -2.854e+03 3 0))INFO: dtree.c(1315): Comp split 49
INFO: dtree.c(1439): stop. leaf nodes are specific
INFO: dtree.c(1478): Final simple tree
|( QUESTION2_0_L -1 -2.333e+06 1.412e+02 1.123e+04
|    ( - -2.332e+06 25 0)
|    ( - -6.584e+02 1 0))
s>    ( QUESTION2_0_L -1 -2.333e+06 1.412e+02 1.123e+04
s>        ( - -2.332e+06 25 0)
s>        ( - -6.584e+02 1 0))INFO: dtree.c(1315): Comp split 50
INFO: dtree.c(1439): stop. leaf nodes are specific
INFO: dtree.c(1478): Final simple tree
|( WDBNDRY_B 0 -9.643e+03 1.541e+02 4.696e+01
|    ( QUESTION0_2_R 1 -6.976e+03 1.646e+02 3.396e+01
|        ( - -5.959e+03 3 0)
|        ( - -8.525e+02 1 0))
|    ( - -2.512e+03 1 0))
s>    ( WDBNDRY_B 0 -9.643e+03 1.541e+02 4.696e+01
s>        ( QUESTION0_2_R 1 -6.976e+03 1.646e+02 3.396e+01
s>            ( - -5.959e+03 3 0)
s>            ( - -8.525e+02 1 0))
s>        ( - -2.512e+03 1 0))INFO: dtree.c(1315): Comp split 51
INFO: dtree.c(1439): stop. leaf nodes are specific
INFO: dtree.c(1478): Final simple tree
|( WDBNDRY_E 0 -9.338e+04 1.640e+02 4.364e+02
|    ( - -1.082e+03 1 0)
|    ( - -9.213e+04 2 0))
s>    ( WDBNDRY_E 0 -9.338e+04 1.640e+02 4.364e+02
s>        ( - -1.082e+03 1 0)
s>        ( - -9.213e+04 2 0))INFO: dtree.c(1315): Comp split 52
INFO: dtree.c(1439): stop. leaf nodes are specific
INFO: dtree.c(1478): Final simple tree
|( WDBNDRY_B 0 -4.066e+03 9.533e+01 2.000e+01
|    ( - -1.749e+03 1 0)
|    ( - -2.222e+03 2 0))
s>    ( WDBNDRY_B 0 -4.066e+03 9.533e+01 2.000e+01
s>        ( - -1.749e+03 1 0)
s>        ( - -2.222e+03 2 0))INFO: dtree.c(1439): stop. leaf nodes are specific
INFO: dtree.c(1478): Final simple tree
|( QUESTION0 1 -1.679e+04 1.550e+02 8.091e+01
|    ( - -8.477e+03 2 0)
|    ( - -8.159e+03 1 0))
s>    ( QUESTION0 1 -1.679e+04 1.550e+02 8.091e+01
s>        ( - -8.477e+03 2 0)
s>        ( - -8.159e+03 1 0))INFO: dtree.c(1315): Comp split 53
INFO: dtree.c(1315): Comp split 54
INFO: dtree.c(1315): Comp split 55
INFO: dtree.c(1315): Comp split 56
INFO: dtree.c(1439): stop. leaf nodes are specific
INFO: dtree.c(1478): Final simple tree
|( WDBNDRY_B 0 -8.629e+03 1.573e+02 4.196e+01
|    ( - -5.959e+03 3 0)
|    ( - -2.512e+03 1 0))
s>    ( WDBNDRY_B 0 -8.629e+03 1.573e+02 4.196e+01
s>        ( - -5.959e+03 3 0)
s>        ( - -2.512e+03 1 0))INFO: dtree.c(1315): Comp split 57
INFO: dtree.c(1315): Comp split 58
INFO: dtree.c(1315): Comp split 59
INFO: dtree.c(1439): stop. leaf nodes are specific
INFO: dtree.c(1478): Final simple tree
|( QUESTION0_0_R 1 -1.333e+04 1.368e+02 6.549e+01
|    ( - -1.251e+04 3 0)
|    ( - -6.808e+02 1 0))
s>    ( QUESTION0_0_R 1 -1.333e+04 1.368e+02 6.549e+01
s>        ( - -1.251e+04 3 0)
s>        ( - -6.808e+02 1 0))INFO: dtree.c(1439): stop. leaf nodes are specific
INFO: dtree.c(1478): Final simple tree
|( QUESTION0_0_R 1 -4.478e+03 1.352e+02 2.188e+01
|    ( - -4.994e+02 1 0)
|    ( - -3.844e+03 1 0))
s>    ( QUESTION0_0_R 1 -4.478e+03 1.352e+02 2.188e+01
s>        ( - -4.994e+02 1 0)
s>        ( - -3.844e+03 1 0))INFO: dtree.c(1315): Comp split 60
INFO: dtree.c(1315): Comp split 61
INFO: dtree.c(1315): Comp split 62
INFO: dtree.c(1439): stop. leaf nodes are specific
INFO: dtree.c(1478): Final simple tree
|( QUESTION2_17_L -1 -1.018e+04 9.401e+01 4.972e+01
|    ( - -2.194e+03 1 0)
|    ( - -7.893e+03 2 0))
s>    ( QUESTION2_17_L -1 -1.018e+04 9.401e+01 4.972e+01
s>        ( - -2.194e+03 1 0)
s>        ( - -7.893e+03 2 0))INFO: dtree.c(1315): Comp split 63
INFO: dtree.c(1315): Comp split 64
INFO: dtree.c(1315): Comp split 65
INFO: dtree.c(1315): Comp split 66
INFO: dtree.c(1315): Comp split 67
INFO: dtree.c(1315): Comp split 68
INFO: dtree.c(1315): Comp split 69
INFO: dtree.c(1315): Comp split 70
INFO: dtree.c(1315): Comp split 71
INFO: dtree.c(1315): Comp split 72
INFO: dtree.c(1315): Comp split 73
INFO: dtree.c(1315): Comp split 74
INFO: dtree.c(1315): Comp split 75
INFO: dtree.c(1318): stop. leaf nodes are specific
Wed Mar 15 21:03:57 2023
