Current configuration:
[NAME]		[DEFLT]	[VALUE]
-dcountfn		/home/lucija/Documents/Zadnji semestar/ROGJ/Prezentacije/CMUspinx/tutorial13/model_parameters/my_db.cd_cont_200/mixture_weights
-example	no	no
-fullvar	no	no
-help		no	no
-inmeanfn		/home/lucija/Documents/Zadnji semestar/ROGJ/Prezentacije/CMUspinx/tutorial13/model_parameters/my_db.cd_cont_200/means
-inmixwfn		/home/lucija/Documents/Zadnji semestar/ROGJ/Prezentacije/CMUspinx/tutorial13/model_parameters/my_db.cd_cont_200/mixture_weights
-invarfn		/home/lucija/Documents/Zadnji semestar/ROGJ/Prezentacije/CMUspinx/tutorial13/model_parameters/my_db.cd_cont_200/variances
-ninc		1	4
-outmeanfn		/home/lucija/Documents/Zadnji semestar/ROGJ/Prezentacije/CMUspinx/tutorial13/model_parameters/my_db.cd_cont_initial/means
-outmixwfn		/home/lucija/Documents/Zadnji semestar/ROGJ/Prezentacije/CMUspinx/tutorial13/model_parameters/my_db.cd_cont_initial/mixture_weights
-outvarfn		/home/lucija/Documents/Zadnji semestar/ROGJ/Prezentacije/CMUspinx/tutorial13/model_parameters/my_db.cd_cont_initial/variances

INFO: main.c(85): Reading mixing weight file /home/lucija/Documents/Zadnji semestar/ROGJ/Prezentacije/CMUspinx/tutorial13/model_parameters/my_db.cd_cont_200/mixture_weights.
INFO: s3mixw_io.c(116): Read /home/lucija/Documents/Zadnji semestar/ROGJ/Prezentacije/CMUspinx/tutorial13/model_parameters/my_db.cd_cont_200/mixture_weights [296x1x4 array]
INFO: s3gau_io.c(168): Read /home/lucija/Documents/Zadnji semestar/ROGJ/Prezentacije/CMUspinx/tutorial13/model_parameters/my_db.cd_cont_200/means [296x1x4 array]
INFO: s3gau_io.c(168): Read /home/lucija/Documents/Zadnji semestar/ROGJ/Prezentacije/CMUspinx/tutorial13/model_parameters/my_db.cd_cont_200/variances [296x1x4 array]
INFO: s3gau_io.c(552): Read /home/lucija/Documents/Zadnji semestar/ROGJ/Prezentacije/CMUspinx/tutorial13/model_parameters/my_db.cd_cont_200/mixture_weights [296x1x4 array]
INFO: main.c(151): output n_density == 8
0:1(1.76e+04)2(1.01e+04)3(7.18e+03)0(4.97e+03)
1:1(1.98e+04)2(1.58e+04)3(1.17e+04)0(9.51e+03)
2:2(1.44e+04)3(8.38e+03)1(7.68e+03)0(5.67e+03)
3:1(4.98e+04)2(4.47e+04)3(2.67e+04)0(1.95e+04)
4:2(3.12e+04)1(2.64e+04)3(1.91e+04)0(1.35e+04)
5:1(1.79e+04)0(1.26e+04)2(1.14e+04)3(8.15e+03)
6:2(6.20e+04)1(4.89e+04)3(4.05e+04)0(3.30e+04)
7:0(6.67e+04)2(6.64e+04)3(5.45e+04)1(5.11e+04)
8:0(7.74e+04)1(6.84e+04)2(6.51e+04)3(5.73e+04)
9:3(6.47e+03)2(6.33e+03)1(5.99e+03)0(5.91e+03)
10:1(4.85e+03)2(3.51e+03)0(3.04e+03)3(3.03e+03)
11:2(5.13e+03)1(5.12e+03)0(4.33e+03)3(3.49e+03)
12:2(6.28e+03)0(4.62e+03)1(4.15e+03)3(3.70e+03)
13:1(5.04e+03)3(4.15e+03)2(4.10e+03)0(3.69e+03)
14:2(4.85e+03)1(4.08e+03)3(2.70e+03)0(2.29e+03)
15:3(1.85e+04)1(1.81e+04)0(1.67e+04)2(1.65e+04)
16:1(1.27e+04)2(1.14e+04)3(1.12e+04)0(1.03e+04)
17:1(1.78e+04)3(1.52e+04)2(1.50e+04)0(1.32e+04)
18:3(7.03e+01)1(4.92e+01)0(4.83e+01)2(4.13e+01)
19:2(5.38e+01)3(3.81e+01)1(3.13e+01)0(2.82e+01)
20:3(5.06e+01)1(3.27e+01)2(2.89e+01)0(2.73e+01)
21:0(5.15e+04)2(5.10e+04)1(2.71e+04)3(2.68e+04)
22:0(3.78e+04)1(3.20e+04)2(3.10e+04)3(2.94e+04)
23:1(4.40e+04)0(4.07e+04)2(4.04e+04)3(3.21e+04)
24:3(8.98e+02)0(7.23e+02)2(6.28e+02)1(6.20e+02)
25:2(6.77e+02)1(4.37e+02)0(3.62e+02)3(2.92e+02)
26:2(3.94e+02)1(3.62e+02)0(2.24e+02)3(1.98e+02)
27:1(5.06e+03)2(5.05e+03)3(4.08e+03)0(3.49e+03)
28:0(4.33e+03)1(3.98e+03)2(3.92e+03)3(3.81e+03)
29:2(8.01e+03)0(7.54e+03)3(4.79e+03)1(4.02e+03)
30:1(2.72e+03)3(2.41e+03)2(1.66e+03)0(1.06e+03)
31:3(3.37e+03)2(2.74e+03)1(2.18e+03)0(2.02e+03)
32:1(2.40e+03)2(1.95e+03)0(1.70e+03)3(1.64e+03)
33:0(3.09e+04)1(2.98e+04)2(2.95e+04)3(1.70e+04)
34:2(3.65e+04)0(3.60e+04)3(3.33e+04)1(2.69e+04)
35:3(4.67e+04)0(4.66e+04)2(3.94e+04)1(3.20e+04)
36:1(2.54e+04)2(1.97e+04)0(1.33e+04)3(6.30e+03)
37:0(1.79e+04)3(1.28e+04)1(1.04e+04)2(1.03e+04)
38:1(1.73e+04)2(1.49e+04)0(1.39e+04)3(8.47e+03)
39:2(1.60e+04)0(1.58e+04)1(1.42e+04)3(1.02e+04)
40:1(1.23e+04)2(1.00e+04)3(6.68e+03)0(5.53e+03)
41:0(1.48e+04)2(1.42e+04)1(9.18e+03)3(7.04e+03)
42:0(9.99e+03)1(9.15e+03)2(8.27e+03)3(7.67e+03)
43:0(1.01e+04)2(8.92e+03)1(5.51e+03)3(4.76e+03)
44:2(1.05e+04)0(8.68e+03)3(6.33e+03)1(4.38e+03)
45:2(3.69e+03)1(2.74e+03)0(1.54e+03)3(9.14e+02)
46:2(1.89e+03)3(1.47e+03)0(1.46e+03)1(1.34e+03)
47:2(2.47e+03)0(2.39e+03)3(1.61e+03)1(1.06e+03)
48:2(1.86e+04)0(1.67e+04)1(1.61e+04)3(1.12e+04)
49:1(1.85e+04)0(1.55e+04)2(1.46e+04)3(1.33e+04)
50:0(2.02e+04)3(1.61e+04)1(1.47e+04)2(1.43e+04)
51:2(3.48e+04)0(3.17e+04)1(2.04e+04)3(1.47e+04)
52:2(2.33e+04)1(1.97e+04)3(1.69e+04)0(1.42e+04)
53:2(2.78e+04)0(2.20e+04)3(1.30e+04)1(1.27e+04)
54:1(5.03e+03)3(4.46e+03)2(3.99e+03)0(3.87e+03)
55:0(3.34e+03)2(3.20e+03)3(2.62e+03)1(1.84e+03)
56:0(4.18e+03)2(3.88e+03)3(2.62e+03)1(1.75e+03)
57:0(4.15e+04)1(4.02e+04)3(3.31e+04)2(3.21e+04)
58:0(4.74e+04)2(4.28e+04)3(3.66e+04)1(3.31e+04)
59:0(4.76e+04)3(4.31e+04)1(4.18e+04)2(3.53e+04)
60:3(2.51e+04)0(1.80e+04)2(1.66e+04)1(1.50e+04)
61:2(1.12e+04)0(1.04e+04)1(7.56e+03)3(7.04e+03)
62:1(1.45e+04)2(1.13e+04)0(1.02e+04)3(8.91e+03)
63:1(2.00e+04)3(1.94e+04)0(1.59e+04)2(1.57e+04)
64:3(2.93e+04)0(1.57e+04)1(1.52e+04)2(1.30e+04)
65:2(2.83e+04)0(2.20e+04)1(1.38e+04)3(1.17e+04)
66:2(3.17e+04)1(2.79e+04)0(2.02e+04)3(1.80e+04)
67:2(3.65e+04)0(2.72e+04)3(2.52e+04)1(2.33e+04)
68:2(2.60e+04)3(2.44e+04)1(2.21e+04)0(1.66e+04)
69:0(2.70e+04)3(2.31e+04)2(2.22e+04)1(2.18e+04)
70:2(2.13e+04)1(1.73e+04)3(1.47e+04)0(1.24e+04)
71:0(2.44e+04)1(2.21e+04)2(2.10e+04)3(1.89e+04)
72:0(2.60e+04)3(2.19e+04)1(2.15e+04)2(2.14e+04)
73:1(2.49e+04)3(2.16e+04)2(1.94e+04)0(1.43e+04)
74:2(3.36e+04)1(2.98e+04)3(2.58e+04)0(1.75e+04)
75:2(1.76e+04)3(9.98e+03)1(8.71e+03)0(6.60e+03)
76:1(1.27e+04)2(1.27e+04)3(8.00e+03)0(6.17e+03)
77:2(1.18e+04)1(1.11e+04)3(1.03e+04)0(9.66e+03)
78:2(8.42e+03)0(8.12e+03)1(5.69e+03)3(4.81e+03)
79:0(1.06e+04)2(9.63e+03)3(8.17e+03)1(4.56e+03)
80:3(8.62e+03)2(8.62e+03)1(7.33e+03)0(5.71e+03)
81:1(4.96e+03)3(4.24e+03)2(4.18e+03)0(3.33e+03)
82:2(4.80e+03)3(4.78e+03)1(4.17e+03)0(3.44e+03)
83:2(5.06e+03)3(4.23e+03)0(3.46e+03)1(3.24e+03)
84:1(6.34e+03)0(5.95e+03)2(5.59e+03)3(5.58e+03)
85:2(8.67e+03)0(7.39e+03)3(5.09e+03)1(4.34e+03)
86:0(5.28e+03)1(4.61e+03)2(4.40e+03)3(4.17e+03)
87:1(6.64e+02)2(6.42e+02)0(5.90e+02)3(4.94e+02)
88:0(7.25e+02)2(6.72e+02)1(4.85e+02)3(4.07e+02)
89:1(6.75e+02)2(6.59e+02)3(5.85e+02)0(5.16e+02)
90:1(5.84e+03)2(5.25e+03)3(3.71e+03)0(2.32e+03)
91:2(7.26e+03)3(6.56e+03)0(6.40e+03)1(6.28e+03)
92:2(5.31e+03)1(4.64e+03)0(4.16e+03)3(3.57e+03)
93:0(2.32e+03)2(2.21e+03)3(1.97e+03)1(1.89e+03)
94:0(2.71e+03)2(2.43e+03)1(2.33e+03)3(1.75e+03)
95:1(2.36e+03)3(2.27e+03)2(2.08e+03)0(1.86e+03)
96:1(1.76e+04)2(1.01e+04)3(7.18e+03)0(4.97e+03)
97:1(1.98e+04)2(1.58e+04)3(1.17e+04)0(9.51e+03)
98:2(1.44e+04)3(8.38e+03)1(7.68e+03)0(5.67e+03)
99:2(1.14e+04)3(8.92e+03)1(7.65e+03)0(6.12e+03)
100:2(1.22e+04)3(1.22e+04)0(1.14e+04)1(1.13e+04)
101:2(3.32e+03)0(3.05e+03)1(2.85e+03)3(2.24e+03)
102:0(1.94e+04)1(1.82e+04)3(1.81e+04)2(1.59e+04)
103:2(5.87e+03)1(5.36e+03)3(4.93e+03)0(4.15e+03)
104:1(5.09e+03)3(4.51e+03)2(4.32e+03)0(3.96e+03)
105:2(2.40e+04)0(1.81e+04)3(1.60e+04)1(1.42e+04)
106:0(8.46e+03)3(7.52e+03)2(7.21e+03)1(6.77e+03)
107:2(2.40e+04)0(2.30e+04)1(2.16e+04)3(2.06e+04)
108:3(8.65e+03)1(7.31e+03)2(6.76e+03)0(6.51e+03)
109:0(6.31e+03)1(6.21e+03)2(5.97e+03)3(4.52e+03)
110:2(2.57e+04)0(2.49e+04)3(1.99e+04)1(1.88e+04)
111:0(1.15e+04)2(9.97e+03)1(8.49e+03)3(7.70e+03)
112:3(9.34e+03)1(8.26e+03)2(7.37e+03)0(6.80e+03)
113:0(9.13e+03)2(7.13e+03)1(5.76e+03)3(5.45e+03)
114:1(9.55e+03)3(8.93e+03)2(8.38e+03)0(8.38e+03)
115:1(7.56e+03)2(6.30e+03)3(5.21e+03)0(4.78e+03)
116:3(6.47e+03)2(6.33e+03)1(5.99e+03)0(5.91e+03)
117:1(4.85e+03)2(3.51e+03)0(3.04e+03)3(3.03e+03)
118:2(5.13e+03)1(5.12e+03)0(4.33e+03)3(3.49e+03)
119:2(6.28e+03)0(4.62e+03)1(4.15e+03)3(3.70e+03)
120:1(5.04e+03)3(4.15e+03)2(4.10e+03)0(3.69e+03)
121:2(4.85e+03)1(4.08e+03)3(2.70e+03)0(2.29e+03)
122:1(9.93e+03)2(8.37e+03)0(6.74e+03)3(6.54e+03)
123:1(5.75e+03)2(4.84e+03)3(4.69e+03)0(4.66e+03)
124:1(5.38e+03)0(4.87e+03)2(4.38e+03)3(3.62e+03)
125:0(6.19e+03)1(5.44e+03)2(4.26e+03)3(4.19e+03)
126:1(7.31e+03)0(7.11e+03)2(5.68e+03)3(5.50e+03)
127:3(5.34e+03)2(5.33e+03)1(5.05e+03)0(4.81e+03)
128:1(6.32e+03)2(5.32e+03)0(5.02e+03)3(4.84e+03)
129:0(5.90e+03)3(5.15e+03)1(4.12e+03)2(3.92e+03)
130:3(7.03e+01)1(4.92e+01)0(4.83e+01)2(4.13e+01)
131:2(5.38e+01)3(3.81e+01)1(3.13e+01)0(2.82e+01)
132:3(5.06e+01)1(3.27e+01)2(2.89e+01)0(2.73e+01)
133:0(1.00e+04)2(9.12e+03)1(7.77e+03)3(7.53e+03)
134:2(1.12e+04)1(9.29e+03)0(8.71e+03)3(8.02e+03)
135:0(9.48e+03)3(8.76e+03)2(7.58e+03)1(7.55e+03)
136:3(1.44e+04)0(1.35e+04)2(1.20e+04)1(1.15e+04)
137:2(9.68e+03)1(8.78e+03)3(8.38e+03)0(8.10e+03)
138:2(9.62e+03)3(7.64e+03)0(7.56e+03)1(7.01e+03)
139:3(4.27e+03)0(4.25e+03)1(4.18e+03)2(3.52e+03)
140:3(7.40e+03)1(7.39e+03)2(6.58e+03)0(6.53e+03)
141:1(5.59e+03)2(5.25e+03)3(4.81e+03)0(3.60e+03)
142:1(7.26e+03)0(5.03e+03)2(4.08e+03)3(3.84e+03)
143:3(1.51e+04)2(1.35e+04)0(1.08e+04)1(9.56e+03)
144:2(8.45e+03)1(7.64e+03)3(6.24e+03)0(5.48e+03)
145:1(9.61e+03)2(9.48e+03)3(8.45e+03)0(6.27e+03)
146:1(7.85e+03)0(6.80e+03)2(6.31e+03)3(5.45e+03)
147:3(8.98e+02)0(7.23e+02)2(6.28e+02)1(6.20e+02)
148:2(6.77e+02)1(4.37e+02)0(3.62e+02)3(2.92e+02)
149:2(3.94e+02)1(3.62e+02)0(2.24e+02)3(1.98e+02)
150:1(5.06e+03)2(5.05e+03)3(4.08e+03)0(3.49e+03)
151:0(4.33e+03)1(3.98e+03)2(3.92e+03)3(3.81e+03)
152:2(8.01e+03)0(7.54e+03)3(4.79e+03)1(4.02e+03)
153:1(2.72e+03)3(2.41e+03)2(1.66e+03)0(1.06e+03)
154:3(3.37e+03)2(2.74e+03)1(2.18e+03)0(2.02e+03)
155:1(2.40e+03)2(1.95e+03)0(1.70e+03)3(1.64e+03)
156:1(8.24e+03)3(8.14e+03)2(7.86e+03)0(7.58e+03)
157:1(1.77e+04)3(1.69e+04)0(1.24e+04)2(1.21e+04)
158:3(5.97e+03)0(3.70e+03)1(3.47e+03)2(3.11e+03)
159:1(1.31e+04)2(1.31e+04)0(1.08e+04)3(9.58e+03)
160:1(1.22e+04)2(9.91e+03)0(8.87e+03)3(7.98e+03)
161:2(1.38e+04)0(1.24e+04)3(1.05e+04)1(1.03e+04)
162:3(4.96e+03)1(4.69e+03)2(4.37e+03)0(3.75e+03)
163:2(6.84e+03)1(5.86e+03)3(5.24e+03)0(3.83e+03)
164:2(1.19e+04)3(8.92e+03)0(8.51e+03)1(7.20e+03)
165:0(4.99e+03)2(4.28e+03)3(2.27e+03)1(2.05e+03)
166:1(6.10e+03)0(5.45e+03)2(5.00e+03)3(4.89e+03)
167:1(1.41e+04)3(1.40e+04)2(1.29e+04)0(1.27e+04)
168:1(1.28e+04)3(9.35e+03)2(7.59e+03)0(7.40e+03)
169:3(4.79e+03)2(3.80e+03)1(3.58e+03)0(2.63e+03)
170:2(3.85e+03)0(3.10e+03)3(3.05e+03)1(2.82e+03)
171:0(5.43e+03)2(5.32e+03)3(3.41e+03)1(3.08e+03)
172:3(6.19e+03)2(5.24e+03)1(4.95e+03)0(4.46e+03)
173:0(3.64e+03)3(3.47e+03)2(3.18e+03)1(2.93e+03)
174:2(4.47e+03)0(4.36e+03)3(3.00e+03)1(2.94e+03)
175:1(6.10e+03)0(3.84e+03)3(3.50e+03)2(3.29e+03)
176:2(7.10e+03)3(6.21e+03)0(5.25e+03)1(4.51e+03)
177:1(1.11e+04)2(9.95e+03)0(9.93e+03)3(7.29e+03)
178:0(5.65e+03)1(4.52e+03)2(4.41e+03)3(3.43e+03)
179:1(1.23e+04)2(1.00e+04)3(6.68e+03)0(5.53e+03)
180:1(7.13e+03)2(5.21e+03)3(4.47e+03)0(2.91e+03)
181:1(9.14e+03)2(7.13e+03)0(4.95e+03)3(4.29e+03)
182:0(5.04e+03)3(4.73e+03)1(4.59e+03)2(3.68e+03)
183:2(4.70e+03)0(4.61e+03)1(4.57e+03)3(3.14e+03)
184:3(3.15e+03)2(2.62e+03)0(2.39e+03)1(2.20e+03)
185:3(5.56e+03)0(4.63e+03)1(4.61e+03)2(4.15e+03)
186:1(3.96e+03)2(2.72e+03)0(2.27e+03)3(1.75e+03)
187:0(5.14e+03)1(4.87e+03)3(4.65e+03)2(4.57e+03)
188:2(3.69e+03)1(2.74e+03)0(1.54e+03)3(9.14e+02)
189:2(1.89e+03)3(1.47e+03)0(1.46e+03)1(1.34e+03)
190:2(2.47e+03)0(2.39e+03)3(1.61e+03)1(1.06e+03)
191:0(9.76e+03)1(7.71e+03)3(7.56e+03)2(5.61e+03)
192:0(8.30e+03)1(8.12e+03)2(7.90e+03)3(7.55e+03)
193:2(6.25e+03)0(5.68e+03)1(4.50e+03)3(2.50e+03)
194:3(6.23e+03)1(4.32e+03)2(3.25e+03)0(2.94e+03)
195:0(8.27e+03)1(7.14e+03)3(5.66e+03)2(5.15e+03)
196:0(4.46e+03)2(4.36e+03)1(3.72e+03)3(3.12e+03)
197:1(6.40e+03)2(5.66e+03)0(4.24e+03)3(3.52e+03)
198:3(7.94e+03)1(7.75e+03)0(7.66e+03)2(6.56e+03)
199:1(6.37e+03)2(5.81e+03)3(5.58e+03)0(5.47e+03)
200:2(1.30e+04)1(1.13e+04)3(9.24e+03)0(8.30e+03)
201:2(5.60e+03)3(4.77e+03)0(4.67e+03)1(3.97e+03)
202:0(4.71e+03)2(4.52e+03)1(4.25e+03)3(3.96e+03)
203:2(1.27e+04)3(9.52e+03)1(9.21e+03)0(8.31e+03)
204:3(7.22e+03)2(6.32e+03)0(5.54e+03)1(4.69e+03)
205:2(3.63e+03)0(3.42e+03)1(2.17e+03)3(1.44e+03)
206:1(3.91e+03)3(2.93e+03)0(2.73e+03)2(2.55e+03)
207:1(6.08e+03)3(5.46e+03)2(3.56e+03)0(3.45e+03)
208:3(1.34e+04)2(1.22e+04)1(1.19e+04)0(7.28e+03)
209:1(5.03e+03)3(4.46e+03)2(3.99e+03)0(3.87e+03)
210:0(3.34e+03)2(3.20e+03)3(2.62e+03)1(1.84e+03)
211:0(4.18e+03)2(3.88e+03)3(2.62e+03)1(1.75e+03)
212:1(8.88e+03)3(7.07e+03)0(6.69e+03)2(5.75e+03)
213:0(4.50e+03)2(3.88e+03)3(3.53e+03)1(3.53e+03)
214:2(6.70e+03)1(6.01e+03)0(5.47e+03)3(4.90e+03)
215:2(5.85e+03)0(5.25e+03)1(4.23e+03)3(3.53e+03)
216:3(1.30e+04)1(1.24e+04)2(1.13e+04)0(1.12e+04)
217:1(4.82e+03)3(3.21e+03)0(2.80e+03)2(2.49e+03)
218:2(7.97e+03)0(6.26e+03)1(5.66e+03)3(4.71e+03)
219:3(8.09e+03)0(7.39e+03)2(6.85e+03)1(6.24e+03)
220:0(1.13e+04)2(1.12e+04)1(9.88e+03)3(7.07e+03)
221:1(7.48e+03)0(6.71e+03)2(6.49e+03)3(5.89e+03)
222:3(1.10e+04)2(1.05e+04)0(1.04e+04)1(8.76e+03)
223:0(7.45e+03)2(7.29e+03)1(6.49e+03)3(6.26e+03)
224:2(5.70e+03)0(5.61e+03)3(4.71e+03)1(4.49e+03)
225:2(6.17e+03)0(4.82e+03)3(4.58e+03)1(4.05e+03)
226:1(1.38e+04)2(1.30e+04)0(1.12e+04)3(1.10e+04)
227:3(8.25e+03)2(7.72e+03)0(7.46e+03)1(7.06e+03)
228:2(7.10e+03)0(6.87e+03)1(4.50e+03)3(2.21e+03)
229:3(1.41e+04)0(1.37e+04)2(1.23e+04)1(1.07e+04)
230:1(7.39e+03)3(6.25e+03)2(5.57e+03)0(4.84e+03)
231:2(1.12e+04)0(1.04e+04)1(7.56e+03)3(7.04e+03)
232:1(7.97e+03)2(6.88e+03)3(5.52e+03)0(4.31e+03)
233:1(6.60e+03)2(5.41e+03)0(4.13e+03)3(4.09e+03)
234:1(1.23e+04)2(1.21e+04)3(9.03e+03)0(7.38e+03)
235:2(4.70e+03)1(4.31e+03)0(3.71e+03)3(3.60e+03)
236:2(3.90e+03)0(3.79e+03)1(3.11e+03)3(3.05e+03)
237:1(1.07e+04)2(1.01e+04)3(8.24e+03)0(6.70e+03)
238:2(1.07e+04)0(1.06e+04)1(8.83e+03)3(7.40e+03)
239:2(7.48e+03)0(6.73e+03)1(5.69e+03)3(3.99e+03)
240:2(1.11e+04)0(9.10e+03)1(8.73e+03)3(6.66e+03)
241:1(5.63e+03)2(3.78e+03)0(3.64e+03)3(3.32e+03)
242:1(8.56e+03)2(7.42e+03)0(5.80e+03)3(4.96e+03)
243:1(5.86e+03)2(5.62e+03)3(4.24e+03)0(4.18e+03)
244:2(5.22e+03)0(4.00e+03)3(3.96e+03)1(3.54e+03)
245:2(1.12e+04)0(9.00e+03)3(7.25e+03)1(6.97e+03)
246:1(1.62e+04)0(1.47e+04)2(1.40e+04)3(1.23e+04)
247:2(1.45e+04)0(1.39e+04)1(1.39e+04)3(1.27e+04)
248:3(9.78e+03)1(9.39e+03)2(9.33e+03)0(8.36e+03)
249:2(9.32e+03)1(7.79e+03)3(5.47e+03)0(5.33e+03)
250:1(7.77e+03)2(6.90e+03)0(4.90e+03)3(4.76e+03)
251:1(1.14e+04)2(9.05e+03)0(8.10e+03)3(8.03e+03)
252:2(1.14e+04)0(7.26e+03)1(7.15e+03)3(7.05e+03)
253:2(7.46e+03)0(6.52e+03)1(6.28e+03)3(4.57e+03)
254:2(1.65e+04)1(1.08e+04)0(9.95e+03)3(9.57e+03)
255:2(5.66e+03)1(5.48e+03)3(4.27e+03)0(3.37e+03)
256:2(8.62e+03)0(6.89e+03)1(6.83e+03)3(6.41e+03)
257:1(6.89e+03)2(5.13e+03)3(4.70e+03)0(2.90e+03)
258:3(1.11e+04)1(1.01e+04)2(8.74e+03)0(8.06e+03)
259:2(7.65e+03)1(6.35e+03)0(5.30e+03)3(5.25e+03)
260:2(5.85e+03)0(5.05e+03)1(4.61e+03)3(4.14e+03)
261:1(7.28e+03)0(5.48e+03)3(5.27e+03)2(4.80e+03)
262:1(6.85e+03)2(6.01e+03)3(5.84e+03)0(5.04e+03)
263:1(1.33e+04)3(1.31e+04)2(1.18e+04)0(9.28e+03)
264:1(9.32e+03)2(9.09e+03)0(7.98e+03)3(6.36e+03)
265:2(5.94e+03)1(5.28e+03)3(4.68e+03)0(3.27e+03)
266:2(2.81e+03)3(2.62e+03)1(2.42e+03)0(2.08e+03)
267:2(8.70e+03)1(5.18e+03)0(4.94e+03)3(3.48e+03)
268:1(4.94e+03)2(4.69e+03)3(4.63e+03)0(4.00e+03)
269:2(4.56e+03)1(3.79e+03)3(2.79e+03)0(2.16e+03)
270:3(6.93e+03)2(5.82e+03)0(5.56e+03)1(5.46e+03)
271:1(5.80e+03)3(4.60e+03)2(4.27e+03)0(2.92e+03)
272:0(7.31e+03)2(6.66e+03)1(5.88e+03)3(5.49e+03)
273:3(5.63e+03)1(4.74e+03)2(4.05e+03)0(3.19e+03)
274:1(6.61e+03)3(5.57e+03)2(4.99e+03)0(4.73e+03)
275:2(7.50e+03)1(5.50e+03)3(4.53e+03)0(4.01e+03)
276:1(6.36e+03)2(5.74e+03)3(5.17e+03)0(4.14e+03)
277:2(8.42e+03)0(8.12e+03)1(5.69e+03)3(4.81e+03)
278:0(1.06e+04)2(9.63e+03)3(8.17e+03)1(4.56e+03)
279:1(3.65e+03)3(2.70e+03)2(2.61e+03)0(2.28e+03)
280:2(7.64e+03)1(4.16e+03)0(3.74e+03)3(3.52e+03)
281:1(4.96e+03)3(4.24e+03)2(4.18e+03)0(3.33e+03)
282:2(4.80e+03)3(4.78e+03)1(4.17e+03)0(3.44e+03)
283:2(5.06e+03)3(4.23e+03)0(3.46e+03)1(3.24e+03)
284:1(6.34e+03)0(5.95e+03)2(5.59e+03)3(5.58e+03)
285:2(8.67e+03)0(7.39e+03)3(5.09e+03)1(4.34e+03)
286:0(5.28e+03)1(4.61e+03)2(4.40e+03)3(4.17e+03)
287:1(6.64e+02)2(6.42e+02)0(5.90e+02)3(4.94e+02)
288:0(7.25e+02)2(6.72e+02)1(4.85e+02)3(4.07e+02)
289:1(6.75e+02)2(6.59e+02)3(5.85e+02)0(5.16e+02)
290:1(5.84e+03)2(5.25e+03)3(3.71e+03)0(2.32e+03)
291:2(7.26e+03)3(6.56e+03)0(6.40e+03)1(6.28e+03)
292:2(5.31e+03)1(4.64e+03)0(4.16e+03)3(3.57e+03)
293:0(2.32e+03)2(2.21e+03)3(1.97e+03)1(1.89e+03)
294:0(2.71e+03)2(2.43e+03)1(2.33e+03)3(1.75e+03)
295:1(2.36e+03)3(2.27e+03)2(2.08e+03)0(1.86e+03)INFO: s3mixw_io.c(232): Wrote /home/lucija/Documents/Zadnji semestar/ROGJ/Prezentacije/CMUspinx/tutorial13/model_parameters/my_db.cd_cont_initial/mixture_weights [296x1x8 array]
INFO: s3gau_io.c(228): Wrote /home/lucija/Documents/Zadnji semestar/ROGJ/Prezentacije/CMUspinx/tutorial13/model_parameters/my_db.cd_cont_initial/means [296x1x8 array]
INFO: s3gau_io.c(228): Wrote /home/lucija/Documents/Zadnji semestar/ROGJ/Prezentacije/CMUspinx/tutorial13/model_parameters/my_db.cd_cont_initial/variances [296x1x8 array]

Tue Apr  4 21:48:18 2023
