Current configuration:
[NAME]		[DEFLT]	[VALUE]
-allphones	no	no
-cntthresh	0.00001	1.000000e-05
-csplitmax	100	2000
-csplitmin	1	1
-csplitthr	8e-4	0.000000e+00
-example	no	no
-fullvar	no	no
-help		no	no
-meanfn			/home/lucija/Documents/Zadnji semestar/ROGJ/Prezentacije/CMUspinx/tutorial9/model_parameters/my_db.cd_cont_untied/means
-mixwfn			/home/lucija/Documents/Zadnji semestar/ROGJ/Prezentacije/CMUspinx/tutorial9/model_parameters/my_db.cd_cont_untied/mixture_weights
-moddeffn		/home/lucija/Documents/Zadnji semestar/ROGJ/Prezentacije/CMUspinx/tutorial9/model_architecture/my_db.untied.mdef
-mwfloor	1e-4	1.000000e-08
-phone			č
-psetfn			/home/lucija/Documents/Zadnji semestar/ROGJ/Prezentacije/CMUspinx/tutorial9/model_architecture/my_db.tree_questions
-ssplitmax	5	7
-ssplitmin	1	1
-ssplitthr	8e-4	0.000000e+00
-state			0
-stwt			1.0,0.05,0.0,
-treefn			/home/lucija/Documents/Zadnji semestar/ROGJ/Prezentacije/CMUspinx/tutorial9/trees/my_db.unpruned/č-0.dtree
-ts2cbfn	.semi.	.cont.
-varfloor	0.00001	1.000000e-05
-varfn			/home/lucija/Documents/Zadnji semestar/ROGJ/Prezentacije/CMUspinx/tutorial9/model_parameters/my_db.cd_cont_untied/variances

INFO: main.c(223): Reading: /home/lucija/Documents/Zadnji semestar/ROGJ/Prezentacije/CMUspinx/tutorial9/model_architecture/my_db.untied.mdef
INFO: model_def_io.c(573): Model definition info:
INFO: model_def_io.c(574): 10678 total models defined (32 base, 10646 tri)
INFO: model_def_io.c(575): 42712 total states
INFO: model_def_io.c(576): 32034 total tied states
INFO: model_def_io.c(577): 96 total tied CI states
INFO: model_def_io.c(578): 32 total tied transition matrices
INFO: model_def_io.c(579): 4 max state/model
INFO: model_def_io.c(580): 4 min state/model
INFO: main.c(242): Building trees for [č NOISE e b] through [č š e i]
INFO: main.c(268): Covering states |[30816 31184]| == 369
INFO: main.c(275): Reading: /home/lucija/Documents/Zadnji semestar/ROGJ/Prezentacije/CMUspinx/tutorial9/model_parameters/my_db.cd_cont_untied/mixture_weights
INFO: s3mixw_io.c(172): Read /home/lucija/Documents/Zadnji semestar/ROGJ/Prezentacije/CMUspinx/tutorial9/model_parameters/my_db.cd_cont_untied/mixture_weights [369x1x1 array]
INFO: main.c(311): 123 of 123 models have observation count greater than 0.000010
INFO: main.c(95): nrm stwt: 0.952 0.048 0.000 
INFO: s3gau_io.c(168): Read /home/lucija/Documents/Zadnji semestar/ROGJ/Prezentacije/CMUspinx/tutorial9/model_parameters/my_db.cd_cont_untied/means [32034x1x1 array]
INFO: s3gau_io.c(168): Read /home/lucija/Documents/Zadnji semestar/ROGJ/Prezentacije/CMUspinx/tutorial9/model_parameters/my_db.cd_cont_untied/variances [32034x1x1 array]
INFO: main.c(549): Reading: /home/lucija/Documents/Zadnji semestar/ROGJ/Prezentacije/CMUspinx/tutorial9/model_architecture/my_db.tree_questions
INFO: main.c(587): 180 total simple questions (172 phone; 8 word bndry)
INFO: main.c(589): 42 Left Only questions, and 42 Right Only questions
INFO: dtree.c(1478): Final simple tree
|( QUESTION13 -1 -3.248e+06 9.323e+03 1.393e+04
|    ( WDBNDRY_B 0 -6.991e+05 5.448e+03 2.998e+03
|        ( QUESTION19 -1 -4.109e+05 2.801e+03 1.781e+03
|            ( - -2.492e+05 3 0 QUESTION0_0_R 1 9.384e+02 1.078e+03)
|            ( - -1.588e+05 14 0 QUESTION14 -1 6.255e+02 7.024e+02))
|        ( - -2.827e+05 10 0))
|    ( QUESTION0_8_R 1 -2.539e+06 3.835e+03 1.094e+04
|        ( QUESTION0_9_R 1 -9.353e+05 1.526e+03 3.954e+03
|            ( - -1.145e+05 8 0 WDBNDRY_E 0 1.284e+02 5.059e+02)
|            ( - -8.193e+05 15 0 WDBNDRY_B 0 8.047e+02 3.448e+03))
|        ( WDBNDRY_B 0 -1.600e+06 1.791e+03 6.983e+03
|            ( QUESTION10 -1 -6.869e+05 1.171e+03 3.030e+03
|                ( - -1.063e+05 6 0 QUESTION2_15_L -1 5.454e+02 4.791e+02)
|                ( - -5.795e+05 30 0 QUESTION0 -1 7.271e+02 2.551e+03))
|            ( - -9.115e+05 37 0 QUESTION0 -1 2.967e+02 3.953e+03))))
s>    ( QUESTION13 -1 -3.248e+06 9.323e+03 1.393e+04
s>        ( WDBNDRY_B 0 -6.991e+05 5.448e+03 2.998e+03
s>            ( QUESTION19 -1 -4.109e+05 2.801e+03 1.781e+03
s>                ( - -2.492e+05 3 0 QUESTION0_0_R 1 9.384e+02 1.078e+03)
s>                ( - -1.588e+05 14 0 QUESTION14 -1 6.255e+02 7.024e+02))
s>            ( - -2.827e+05 10 0))
s>        ( QUESTION0_8_R 1 -2.539e+06 3.835e+03 1.094e+04
s>            ( QUESTION0_9_R 1 -9.353e+05 1.526e+03 3.954e+03
s>                ( - -1.145e+05 8 0 WDBNDRY_E 0 1.284e+02 5.059e+02)
s>                ( - -8.193e+05 15 0 WDBNDRY_B 0 8.047e+02 3.448e+03))
s>            ( WDBNDRY_B 0 -1.600e+06 1.791e+03 6.983e+03
s>                ( QUESTION10 -1 -6.869e+05 1.171e+03 3.030e+03
s>                    ( - -1.063e+05 6 0 QUESTION2_15_L -1 5.454e+02 4.791e+02)
s>                    ( - -5.795e+05 30 0 QUESTION0 -1 7.271e+02 2.551e+03))
s>                ( - -9.115e+05 37 0 QUESTION0 -1 2.967e+02 3.953e+03))))INFO: dtree.c(1315): Comp split 0
INFO: dtree.c(1478): Final simple tree
|( QUESTION0_8_R 1 -2.699e+06 4.095e+03 1.164e+04
|    ( QUESTION0_9_R 1 -9.424e+05 1.526e+03 3.984e+03
|        ( - -1.145e+05 8 0 WDBNDRY_E 0 1.284e+02 5.059e+02)
|        ( WDBNDRY_B 0 -8.264e+05 9.000e+02 3.478e+03
|            ( - -4.494e+04 4 0 SILENCE -1 2.186e+02 1.951e+02)
|            ( QUESTION0_17_R 1 -7.805e+05 5.794e+02 3.283e+03
|                ( - -7.042e+05 7 0 WDBNDRY_E 0 9.986e+01 2.961e+03)
|                ( - -7.577e+04 5 0 QUESTION14 1 1.559e+02 3.216e+02))))
|    ( WDBNDRY_B 0 -1.753e+06 2.094e+03 7.655e+03
|        ( QUESTION2_6_L -1 -8.393e+05 1.331e+03 3.702e+03
|            ( - -1.873e+05 13 0 QUESTION2_15_L -1 4.655e+02 8.373e+02)
|            ( QUESTION0 -1 -6.507e+05 9.414e+02 2.865e+03
|                ( - -5.559e+05 23 0 QUESTION0 1 3.025e+02 2.449e+03)
|                ( - -9.389e+04 13 0 QUESTION13 -1 5.132e+02 4.159e+02)))
|        ( - -9.115e+05 37 0 QUESTION0 -1 2.967e+02 3.953e+03)))
s>    ( QUESTION0_8_R 1 -2.699e+06 4.095e+03 1.164e+04
s>        ( QUESTION0_9_R 1 -9.424e+05 1.526e+03 3.984e+03
s>            ( - -1.145e+05 8 0 WDBNDRY_E 0 1.284e+02 5.059e+02)
s>            ( WDBNDRY_B 0 -8.264e+05 9.000e+02 3.478e+03
s>                ( - -4.494e+04 4 0 SILENCE -1 2.186e+02 1.951e+02)
s>                ( QUESTION0_17_R 1 -7.805e+05 5.794e+02 3.283e+03
s>                    ( - -7.042e+05 7 0 WDBNDRY_E 0 9.986e+01 2.961e+03)
s>                    ( - -7.577e+04 5 0 QUESTION14 1 1.559e+02 3.216e+02))))
s>        ( WDBNDRY_B 0 -1.753e+06 2.094e+03 7.655e+03
s>            ( QUESTION2_6_L -1 -8.393e+05 1.331e+03 3.702e+03
s>                ( - -1.873e+05 13 0 QUESTION2_15_L -1 4.655e+02 8.373e+02)
s>                ( QUESTION0 -1 -6.507e+05 9.414e+02 2.865e+03
s>                    ( - -5.559e+05 23 0 QUESTION0 1 3.025e+02 2.449e+03)
s>                    ( - -9.389e+04 13 0 QUESTION13 -1 5.132e+02 4.159e+02)))
s>            ( - -9.115e+05 37 0 QUESTION0 -1 2.967e+02 3.953e+03)))INFO: dtree.c(1439): stop. leaf nodes are specific
INFO: dtree.c(1478): Final simple tree
|( WDBNDRY_B 0 -5.371e+05 5.109e+03 2.296e+03
|    ( QUESTION0_0_R 1 -2.492e+05 9.384e+02 1.078e+03
|        ( - -8.185e+04 2 0)
|        ( - -1.665e+05 1 0))
|    ( - -2.827e+05 10 0))
s>    ( WDBNDRY_B 0 -5.371e+05 5.109e+03 2.296e+03
s>        ( QUESTION0_0_R 1 -2.492e+05 9.384e+02 1.078e+03
s>            ( - -8.185e+04 2 0)
s>            ( - -1.665e+05 1 0))
s>        ( - -2.827e+05 10 0))INFO: dtree.c(1315): Comp split 1
INFO: dtree.c(1439): stop. leaf nodes are specific
INFO: dtree.c(1478): Final simple tree
|( QUESTION0_0_R 1 -2.492e+05 9.384e+02 1.078e+03
|    ( - -8.185e+04 2 0)
|    ( - -1.665e+05 1 0))
s>    ( QUESTION0_0_R 1 -2.492e+05 9.384e+02 1.078e+03
s>        ( - -8.185e+04 2 0)
s>        ( - -1.665e+05 1 0))INFO: dtree.c(1315): Comp split 2
INFO: dtree.c(1478): Final simple tree
|( WDBNDRY_B 0 -1.798e+06 2.053e+03 7.850e+03
|    ( QUESTION2_6_L -1 -8.848e+05 1.347e+03 3.897e+03
|        ( QUESTION2_15_L -1 -1.873e+05 4.655e+02 8.373e+02
|            ( - -7.521e+04 3 0 QUESTION0 1 1.255e+02 3.372e+02)
|            ( QUESTION11 -1 -1.116e+05 4.276e+02 5.001e+02
|                ( - -2.890e+04 1 0)
|                ( - -8.226e+04 9 0 QUESTION18 -1 2.722e+02 3.652e+02)))
|        ( QUESTION0 -1 -6.962e+05 9.464e+02 3.060e+03
|            ( QUESTION0 1 -5.938e+05 5.444e+02 2.612e+03
|                ( - -5.447e+05 19 0 QUESTION2_0_L -1 1.392e+02 2.402e+03)
|                ( - -4.858e+04 6 0 QUESTION0_0_R 1 2.691e+02 2.102e+02))
|            ( QUESTION13 -1 -1.014e+05 5.069e+02 4.479e+02
|                ( - -7.824e+04 8 0 QUESTION0 1 2.613e+02 3.472e+02)
|                ( - -2.266e+04 7 0 QUESTION0_0_R 1 2.151e+02 1.008e+02))))
|    ( - -9.115e+05 37 0 QUESTION0 -1 2.967e+02 3.953e+03))
s>    ( WDBNDRY_B 0 -1.798e+06 2.053e+03 7.850e+03
s>        ( QUESTION2_6_L -1 -8.848e+05 1.347e+03 3.897e+03
s>            ( QUESTION2_15_L -1 -1.873e+05 4.655e+02 8.373e+02
s>                ( - -7.521e+04 3 0 QUESTION0 1 1.255e+02 3.372e+02)
s>                ( QUESTION11 -1 -1.116e+05 4.276e+02 5.001e+02
s>                    ( - -2.890e+04 1 0)
s>                    ( - -8.226e+04 9 0 QUESTION18 -1 2.722e+02 3.652e+02)))
s>            ( QUESTION0 -1 -6.962e+05 9.464e+02 3.060e+03
s>                ( QUESTION0 1 -5.938e+05 5.444e+02 2.612e+03
s>                    ( - -5.447e+05 19 0 QUESTION2_0_L -1 1.392e+02 2.402e+03)
s>                    ( - -4.858e+04 6 0 QUESTION0_0_R 1 2.691e+02 2.102e+02))
s>                ( QUESTION13 -1 -1.014e+05 5.069e+02 4.479e+02
s>                    ( - -7.824e+04 8 0 QUESTION0 1 2.613e+02 3.472e+02)
s>                    ( - -2.266e+04 7 0 QUESTION0_0_R 1 2.151e+02 1.008e+02))))
s>        ( - -9.115e+05 37 0 QUESTION0 -1 2.967e+02 3.953e+03))INFO: dtree.c(1478): Final simple tree
|( QUESTION0_9_R 1 -8.966e+05 1.602e+03 3.789e+03
|    ( WDBNDRY_E 0 -1.145e+05 1.284e+02 5.059e+02
|        ( QUESTION0_10_R 1 -2.830e+03 1.168e+02 1.299e+01
|            ( - -1.657e+03 2 0 QUESTION0_11_R 1 7.809e+01 7.985e+00)
|            ( - -1.056e+03 1 0))
|        ( - -1.115e+05 5 0))
|    ( QUESTION0_17_R 1 -7.805e+05 5.794e+02 3.283e+03
|        ( WDBNDRY_E 0 -7.042e+05 9.986e+01 2.961e+03
|            ( - -1.359e+03 1 0)
|            ( - -7.027e+05 6 0))
|        ( QUESTION14 1 -7.577e+04 1.559e+02 3.216e+02
|            ( - -1.935e+03 1 0)
|            ( WDBNDRY_E 0 -7.368e+04 1.262e+02 3.126e+02
|                ( - -1.065e+03 1 0)
|                ( - -7.248e+04 3 0)))))
s>    ( QUESTION0_9_R 1 -8.966e+05 1.602e+03 3.789e+03
s>        ( WDBNDRY_E 0 -1.145e+05 1.284e+02 5.059e+02
s>            ( QUESTION0_10_R 1 -2.830e+03 1.168e+02 1.299e+01
s>                ( - -1.657e+03 2 0 QUESTION0_11_R 1 7.809e+01 7.985e+00)
s>                ( - -1.056e+03 1 0))
s>            ( - -1.115e+05 5 0))
s>        ( QUESTION0_17_R 1 -7.805e+05 5.794e+02 3.283e+03
s>            ( WDBNDRY_E 0 -7.042e+05 9.986e+01 2.961e+03
s>                ( - -1.359e+03 1 0)
s>                ( - -7.027e+05 6 0))
s>            ( QUESTION14 1 -7.577e+04 1.559e+02 3.216e+02
s>                ( - -1.935e+03 1 0)
s>                ( WDBNDRY_E 0 -7.368e+04 1.262e+02 3.126e+02
s>                    ( - -1.065e+03 1 0)
s>                    ( - -7.248e+04 3 0)))))INFO: dtree.c(1315): Comp split 3
INFO: dtree.c(1478): Final simple tree
|( QUESTION2_6_L -1 -8.123e+05 1.357e+03 3.587e+03
|    ( QUESTION2_15_L -1 -1.873e+05 4.655e+02 8.373e+02
|        ( - -7.521e+04 3 0 QUESTION0 1 1.255e+02 3.372e+02)
|        ( QUESTION11 -1 -1.116e+05 4.276e+02 5.001e+02
|            ( - -2.890e+04 1 0)
|            ( QUESTION18 -1 -8.226e+04 2.722e+02 3.652e+02
|                ( - -2.033e+04 3 0 QUESTION0 1 1.415e+02 9.290e+01)
|                ( QUESTION0 1 -6.165e+04 1.443e+02 2.723e+02
|                    ( - -6.029e+04 5 0 QUESTION5 -1 1.289e+02 2.663e+02)
|                    ( - -1.214e+03 1 0)))))
|    ( QUESTION0 -1 -6.237e+05 7.749e+02 2.749e+03
|        ( - -5.447e+05 19 0 QUESTION2_0_L -1 1.392e+02 2.402e+03)
|        ( QUESTION0 1 -7.824e+04 2.613e+02 3.472e+02
|            ( - -6.929e+04 5 0)
|            ( - -8.694e+03 3 0 QUESTION0_0_R 1 1.351e+02 3.800e+01))))
s>    ( QUESTION2_6_L -1 -8.123e+05 1.357e+03 3.587e+03
s>        ( QUESTION2_15_L -1 -1.873e+05 4.655e+02 8.373e+02
s>            ( - -7.521e+04 3 0 QUESTION0 1 1.255e+02 3.372e+02)
s>            ( QUESTION11 -1 -1.116e+05 4.276e+02 5.001e+02
s>                ( - -2.890e+04 1 0)
s>                ( QUESTION18 -1 -8.226e+04 2.722e+02 3.652e+02
s>                    ( - -2.033e+04 3 0 QUESTION0 1 1.415e+02 9.290e+01)
s>                    ( QUESTION0 1 -6.165e+04 1.443e+02 2.723e+02
s>                        ( - -6.029e+04 5 0 QUESTION5 -1 1.289e+02 2.663e+02)
s>                        ( - -1.214e+03 1 0)))))
s>        ( QUESTION0 -1 -6.237e+05 7.749e+02 2.749e+03
s>            ( - -5.447e+05 19 0 QUESTION2_0_L -1 1.392e+02 2.402e+03)
s>            ( QUESTION0 1 -7.824e+04 2.613e+02 3.472e+02
s>                ( - -6.929e+04 5 0)
s>                ( - -8.694e+03 3 0 QUESTION0_0_R 1 1.351e+02 3.800e+01))))INFO: dtree.c(1478): Final simple tree
|( QUESTION0 -1 -9.839e+05 6.781e+02 4.264e+03
|    ( QUESTION0_8_R 1 -9.574e+05 4.997e+02 4.149e+03
|        ( - -3.746e+04 2 0)
|        ( WDBNDRY_I 0 -9.195e+05 2.157e+02 3.986e+03
|            ( QUESTION2_0_L -1 -8.968e+05 1.999e+02 3.889e+03
|                ( QUESTION0 1 -8.862e+05 1.833e+02 3.842e+03
|                    ( - -8.858e+05 25 0)
|                    ( - -2.928e+02 1 0))
|                ( - -1.037e+04 3 0))
|            ( - -2.246e+04 11 0 QUESTION0 1 1.796e+02 9.710e+01)))
|    ( WDBNDRY_B 0 -2.580e+04 3.086e+02 1.148e+02
|        ( QUESTION0_0_R 1 -2.266e+04 2.151e+02 1.008e+02
|            ( - -2.217e+04 6 0 QUESTION0 1 1.414e+02 9.879e+01)
|            ( - -2.728e+02 1 0))
|        ( - -2.824e+03 1 0)))
s>    ( QUESTION0 -1 -9.839e+05 6.781e+02 4.264e+03
s>        ( QUESTION0_8_R 1 -9.574e+05 4.997e+02 4.149e+03
s>            ( - -3.746e+04 2 0)
s>            ( WDBNDRY_I 0 -9.195e+05 2.157e+02 3.986e+03
s>                ( QUESTION2_0_L -1 -8.968e+05 1.999e+02 3.889e+03
s>                    ( QUESTION0 1 -8.862e+05 1.833e+02 3.842e+03
s>                        ( - -8.858e+05 25 0)
s>                        ( - -2.928e+02 1 0))
s>                    ( - -1.037e+04 3 0))
s>                ( - -2.246e+04 11 0 QUESTION0 1 1.796e+02 9.710e+01)))
s>        ( WDBNDRY_B 0 -2.580e+04 3.086e+02 1.148e+02
s>            ( QUESTION0_0_R 1 -2.266e+04 2.151e+02 1.008e+02
s>                ( - -2.217e+04 6 0 QUESTION0 1 1.414e+02 9.879e+01)
s>                ( - -2.728e+02 1 0))
s>            ( - -2.824e+03 1 0)))INFO: dtree.c(1315): Comp split 4
INFO: dtree.c(1439): stop. leaf nodes are specific
INFO: dtree.c(1478): Final simple tree
|( QUESTION0_18_R 1 -7.802e+05 5.699e+02 3.282e+03
|    ( - -7.248e+04 3 0)
|    ( QUESTION0_16_R 1 -7.072e+05 1.359e+02 2.974e+03
|        ( WDBNDRY_E 0 -7.042e+05 9.986e+01 2.961e+03
|            ( - -1.359e+03 1 0)
|            ( - -7.027e+05 6 0))
|        ( QUESTION0_9_R 1 -2.831e+03 1.084e+02 1.299e+01
|            ( QUESTION0_11_R 1 -1.657e+03 7.809e+01 7.985e+00
|                ( - -1.040e+03 1 0)
|                ( - -5.395e+02 1 0))
|            ( - -1.065e+03 1 0))))
s>    ( QUESTION0_18_R 1 -7.802e+05 5.699e+02 3.282e+03
s>        ( - -7.248e+04 3 0)
s>        ( QUESTION0_16_R 1 -7.072e+05 1.359e+02 2.974e+03
s>            ( WDBNDRY_E 0 -7.042e+05 9.986e+01 2.961e+03
s>                ( - -1.359e+03 1 0)
s>                ( - -7.027e+05 6 0))
s>            ( QUESTION0_9_R 1 -2.831e+03 1.084e+02 1.299e+01
s>                ( QUESTION0_11_R 1 -1.657e+03 7.809e+01 7.985e+00
s>                    ( - -1.040e+03 1 0)
s>                    ( - -5.395e+02 1 0))
s>                ( - -1.065e+03 1 0))))INFO: dtree.c(1439): stop. leaf nodes are specific
INFO: dtree.c(1478): Final simple tree
|( QUESTION0_9_R 1 -1.148e+05 1.358e+02 5.070e+02
|    ( WDBNDRY_E 0 -1.127e+05 1.189e+02 4.980e+02
|        ( - -1.056e+03 1 0)
|        ( - -1.115e+05 5 0))
|    ( - -1.935e+03 1 0))
s>    ( QUESTION0_9_R 1 -1.148e+05 1.358e+02 5.070e+02
s>        ( WDBNDRY_E 0 -1.127e+05 1.189e+02 4.980e+02
s>            ( - -1.056e+03 1 0)
s>            ( - -1.115e+05 5 0))
s>        ( - -1.935e+03 1 0))INFO: dtree.c(1315): Comp split 5
INFO: dtree.c(1478): Final simple tree
|( QUESTION2_15_L -1 -1.873e+05 4.655e+02 8.373e+02
|    ( QUESTION0 1 -7.521e+04 1.255e+02 3.372e+02
|        ( - -7.429e+04 2 0)
|        ( - -7.922e+02 1 0))
|    ( QUESTION11 -1 -1.116e+05 4.276e+02 5.001e+02
|        ( - -2.890e+04 1 0)
|        ( QUESTION18 -1 -8.226e+04 2.722e+02 3.652e+02
|            ( QUESTION0 1 -2.033e+04 1.415e+02 9.290e+01
|                ( - -1.896e+04 2 0)
|                ( - -1.231e+03 1 0))
|            ( QUESTION0 1 -6.165e+04 1.443e+02 2.723e+02
|                ( QUESTION5 -1 -6.029e+04 1.289e+02 2.663e+02
|                    ( - -5.682e+02 1 0)
|                    ( - -5.959e+04 4 0 QUESTION2 -1 1.101e+02 2.633e+02))
|                ( - -1.214e+03 1 0)))))
s>    ( QUESTION2_15_L -1 -1.873e+05 4.655e+02 8.373e+02
s>        ( QUESTION0 1 -7.521e+04 1.255e+02 3.372e+02
s>            ( - -7.429e+04 2 0)
s>            ( - -7.922e+02 1 0))
s>        ( QUESTION11 -1 -1.116e+05 4.276e+02 5.001e+02
s>            ( - -2.890e+04 1 0)
s>            ( QUESTION18 -1 -8.226e+04 2.722e+02 3.652e+02
s>                ( QUESTION0 1 -2.033e+04 1.415e+02 9.290e+01
s>                    ( - -1.896e+04 2 0)
s>                    ( - -1.231e+03 1 0))
s>                ( QUESTION0 1 -6.165e+04 1.443e+02 2.723e+02
s>                    ( QUESTION5 -1 -6.029e+04 1.289e+02 2.663e+02
s>                        ( - -5.682e+02 1 0)
s>                        ( - -5.959e+04 4 0 QUESTION2 -1 1.101e+02 2.633e+02))
s>                    ( - -1.214e+03 1 0)))))INFO: dtree.c(1439): stop. leaf nodes are specific
INFO: dtree.c(1478): Final simple tree
|( QUESTION0 -1 -6.237e+05 7.749e+02 2.749e+03
|    ( QUESTION2_0_L -1 -5.447e+05 1.392e+02 2.402e+03
|        ( - -5.399e+05 17 0)
|        ( - -4.646e+03 2 0))
|    ( QUESTION0 1 -7.824e+04 2.613e+02 3.472e+02
|        ( - -6.929e+04 5 0)
|        ( QUESTION0_0_R 1 -8.694e+03 1.351e+02 3.800e+01
|            ( - -1.775e+03 2 0)
|            ( - -6.784e+03 1 0))))
s>    ( QUESTION0 -1 -6.237e+05 7.749e+02 2.749e+03
s>        ( QUESTION2_0_L -1 -5.447e+05 1.392e+02 2.402e+03
s>            ( - -5.399e+05 17 0)
s>            ( - -4.646e+03 2 0))
s>        ( QUESTION0 1 -7.824e+04 2.613e+02 3.472e+02
s>            ( - -6.929e+04 5 0)
s>            ( QUESTION0_0_R 1 -8.694e+03 1.351e+02 3.800e+01
s>                ( - -1.775e+03 2 0)
s>                ( - -6.784e+03 1 0))))INFO: dtree.c(1315): Comp split 6
INFO: dtree.c(1315): Comp split 7
INFO: dtree.c(1439): stop. leaf nodes are specific
INFO: dtree.c(1478): Final simple tree
|( QUESTION0 1 -7.824e+04 2.613e+02 3.472e+02
|    ( - -6.929e+04 5 0)
|    ( QUESTION0_0_R 1 -8.694e+03 1.351e+02 3.800e+01
|        ( - -1.775e+03 2 0)
|        ( - -6.784e+03 1 0)))
s>    ( QUESTION0 1 -7.824e+04 2.613e+02 3.472e+02
s>        ( - -6.929e+04 5 0)
s>        ( QUESTION0_0_R 1 -8.694e+03 1.351e+02 3.800e+01
s>            ( - -1.775e+03 2 0)
s>            ( - -6.784e+03 1 0)))INFO: dtree.c(1439): stop. leaf nodes are specific
INFO: dtree.c(1478): Final simple tree
|( QUESTION2_0_L -1 -5.447e+05 1.392e+02 2.402e+03
|    ( - -5.399e+05 17 0)
|    ( - -4.646e+03 2 0))
s>    ( QUESTION2_0_L -1 -5.447e+05 1.392e+02 2.402e+03
s>        ( - -5.399e+05 17 0)
s>        ( - -4.646e+03 2 0))INFO: dtree.c(1315): Comp split 8
INFO: dtree.c(1439): stop. leaf nodes are specific
INFO: dtree.c(1478): Final simple tree
|( QUESTION0_0_R 1 -2.266e+04 2.151e+02 1.008e+02
|    ( QUESTION0 1 -2.217e+04 1.414e+02 9.879e+01
|        ( SILENCE -1 -2.150e+04 1.359e+02 9.579e+01
|            ( - -1.727e+04 3 0)
|            ( - -4.095e+03 2 0))
|        ( - -5.354e+02 1 0))
|    ( - -2.728e+02 1 0))
s>    ( QUESTION0_0_R 1 -2.266e+04 2.151e+02 1.008e+02
s>        ( QUESTION0 1 -2.217e+04 1.414e+02 9.879e+01
s>            ( SILENCE -1 -2.150e+04 1.359e+02 9.579e+01
s>                ( - -1.727e+04 3 0)
s>                ( - -4.095e+03 2 0))
s>            ( - -5.354e+02 1 0))
s>        ( - -2.728e+02 1 0))INFO: dtree.c(1478): Final simple tree
|( QUESTION0_8_R 1 -9.605e+05 5.003e+02 4.163e+03
|    ( - -3.746e+04 2 0)
|    ( QUESTION0 -1 -9.226e+05 2.962e+02 4.000e+03
|        ( WDBNDRY_I 0 -9.195e+05 2.157e+02 3.986e+03
|            ( QUESTION2_0_L -1 -8.968e+05 1.999e+02 3.889e+03
|                ( QUESTION0 1 -8.862e+05 1.833e+02 3.842e+03
|                    ( - -8.858e+05 25 0)
|                    ( - -2.928e+02 1 0))
|                ( - -1.037e+04 3 0))
|            ( QUESTION0 1 -2.246e+04 1.796e+02 9.710e+01
|                ( - -6.792e+03 4 0)
|                ( QUESTION0_1_R 1 -1.548e+04 1.506e+02 6.711e+01
|                    ( - -2.560e+03 1 0)
|                    ( - -1.277e+04 6 0 WDBNDRY_B 0 1.050e+02 5.511e+01))))
|        ( - -2.824e+03 1 0)))
s>    ( QUESTION0_8_R 1 -9.605e+05 5.003e+02 4.163e+03
s>        ( - -3.746e+04 2 0)
s>        ( QUESTION0 -1 -9.226e+05 2.962e+02 4.000e+03
s>            ( WDBNDRY_I 0 -9.195e+05 2.157e+02 3.986e+03
s>                ( QUESTION2_0_L -1 -8.968e+05 1.999e+02 3.889e+03
s>                    ( QUESTION0 1 -8.862e+05 1.833e+02 3.842e+03
s>                        ( - -8.858e+05 25 0)
s>                        ( - -2.928e+02 1 0))
s>                    ( - -1.037e+04 3 0))
s>                ( QUESTION0 1 -2.246e+04 1.796e+02 9.710e+01
s>                    ( - -6.792e+03 4 0)
s>                    ( QUESTION0_1_R 1 -1.548e+04 1.506e+02 6.711e+01
s>                        ( - -2.560e+03 1 0)
s>                        ( - -1.277e+04 6 0 WDBNDRY_B 0 1.050e+02 5.511e+01))))
s>            ( - -2.824e+03 1 0)))INFO: dtree.c(1315): Comp split 9
INFO: dtree.c(1439): stop. leaf nodes are specific
INFO: dtree.c(1478): Final simple tree
|( WDBNDRY_E 0 -7.053e+05 9.895e+01 2.966e+03
|    ( QUESTION0_9_R 1 -2.494e+03 9.500e+01 1.099e+01
|        ( - -1.040e+03 1 0)
|        ( - -1.359e+03 1 0))
|    ( - -7.027e+05 6 0))
s>    ( WDBNDRY_E 0 -7.053e+05 9.895e+01 2.966e+03
s>        ( QUESTION0_9_R 1 -2.494e+03 9.500e+01 1.099e+01
s>            ( - -1.040e+03 1 0)
s>            ( - -1.359e+03 1 0))
s>        ( - -7.027e+05 6 0))INFO: dtree.c(1439): stop. leaf nodes are specific
INFO: dtree.c(1478): Final simple tree
|( QUESTION0_20_R 1 -7.431e+04 1.260e+02 3.156e+02
|    ( - -1.065e+03 1 0)
|    ( WDBNDRY_E 0 -7.312e+04 9.565e+01 3.106e+02
|        ( - -5.395e+02 1 0)
|        ( - -7.248e+04 3 0)))
s>    ( QUESTION0_20_R 1 -7.431e+04 1.260e+02 3.156e+02
s>        ( - -1.065e+03 1 0)
s>        ( WDBNDRY_E 0 -7.312e+04 9.565e+01 3.106e+02
s>            ( - -5.395e+02 1 0)
s>            ( - -7.248e+04 3 0)))INFO: dtree.c(1315): Comp split 10
INFO: dtree.c(1439): stop. leaf nodes are specific
INFO: dtree.c(1478): Final simple tree
|( QUESTION2 -1 -4.813e+04 2.717e+02 2.218e+02
|    ( - -2.890e+04 1 0)
|    ( - -1.896e+04 2 0))
s>    ( QUESTION2 -1 -4.813e+04 2.717e+02 2.218e+02
s>        ( - -2.890e+04 1 0)
s>        ( - -1.896e+04 2 0))INFO: dtree.c(1478): Final simple tree
|( QUESTION11 -1 -1.386e+05 3.520e+02 6.155e+02
|    ( QUESTION0 1 -7.521e+04 1.255e+02 3.372e+02
|        ( - -7.429e+04 2 0)
|        ( - -7.922e+02 1 0))
|    ( QUESTION0 1 -6.303e+04 1.608e+02 2.783e+02
|        ( QUESTION5 -1 -6.029e+04 1.289e+02 2.663e+02
|            ( - -5.682e+02 1 0)
|            ( QUESTION2 -1 -5.959e+04 1.101e+02 2.633e+02
|                ( - -1.483e+03 2 0)
|                ( QUESTION17 -1 -5.800e+04 1.079e+02 2.563e+02
|                    ( - -1.236e+03 1 0)
|                    ( - -5.666e+04 1 0))))
|        ( QUESTION16 -1 -2.581e+03 1.363e+02 1.200e+01
|            ( - -1.214e+03 1 0)
|            ( - -1.231e+03 1 0))))
s>    ( QUESTION11 -1 -1.386e+05 3.520e+02 6.155e+02
s>        ( QUESTION0 1 -7.521e+04 1.255e+02 3.372e+02
s>            ( - -7.429e+04 2 0)
s>            ( - -7.922e+02 1 0))
s>        ( QUESTION0 1 -6.303e+04 1.608e+02 2.783e+02
s>            ( QUESTION5 -1 -6.029e+04 1.289e+02 2.663e+02
s>                ( - -5.682e+02 1 0)
s>                ( QUESTION2 -1 -5.959e+04 1.101e+02 2.633e+02
s>                    ( - -1.483e+03 2 0)
s>                    ( QUESTION17 -1 -5.800e+04 1.079e+02 2.563e+02
s>                        ( - -1.236e+03 1 0)
s>                        ( - -5.666e+04 1 0))))
s>            ( QUESTION16 -1 -2.581e+03 1.363e+02 1.200e+01
s>                ( - -1.214e+03 1 0)
s>                ( - -1.231e+03 1 0))))INFO: dtree.c(1315): Comp split 11
INFO: dtree.c(1478): Final simple tree
|( QUESTION0 -1 -9.226e+05 2.962e+02 4.000e+03
|    ( WDBNDRY_I 0 -9.195e+05 2.157e+02 3.986e+03
|        ( QUESTION2_0_L -1 -8.968e+05 1.999e+02 3.889e+03
|            ( QUESTION0 1 -8.862e+05 1.833e+02 3.842e+03
|                ( - -8.858e+05 25 0)
|                ( - -2.928e+02 1 0))
|            ( - -1.037e+04 3 0))
|        ( QUESTION0 1 -2.246e+04 1.796e+02 9.710e+01
|            ( - -6.792e+03 4 0)
|            ( QUESTION0_1_R 1 -1.548e+04 1.506e+02 6.711e+01
|                ( - -2.560e+03 1 0)
|                ( WDBNDRY_B 0 -1.277e+04 1.050e+02 5.511e+01
|                    ( - -1.084e+04 4 0)
|                    ( - -1.824e+03 2 0)))))
|    ( - -2.824e+03 1 0))
s>    ( QUESTION0 -1 -9.226e+05 2.962e+02 4.000e+03
s>        ( WDBNDRY_I 0 -9.195e+05 2.157e+02 3.986e+03
s>            ( QUESTION2_0_L -1 -8.968e+05 1.999e+02 3.889e+03
s>                ( QUESTION0 1 -8.862e+05 1.833e+02 3.842e+03
s>                    ( - -8.858e+05 25 0)
s>                    ( - -2.928e+02 1 0))
s>                ( - -1.037e+04 3 0))
s>            ( QUESTION0 1 -2.246e+04 1.796e+02 9.710e+01
s>                ( - -6.792e+03 4 0)
s>                ( QUESTION0_1_R 1 -1.548e+04 1.506e+02 6.711e+01
s>                    ( - -2.560e+03 1 0)
s>                    ( WDBNDRY_B 0 -1.277e+04 1.050e+02 5.511e+01
s>                        ( - -1.084e+04 4 0)
s>                        ( - -1.824e+03 2 0)))))
s>        ( - -2.824e+03 1 0))INFO: dtree.c(1315): Comp split 12
INFO: dtree.c(1439): stop. leaf nodes are specific
INFO: dtree.c(1478): Final simple tree
|( QUESTION0 1 -6.394e+04 1.718e+02 2.823e+02
|    ( QUESTION5 -1 -6.029e+04 1.289e+02 2.663e+02
|        ( - -5.682e+02 1 0)
|        ( QUESTION2 -1 -5.959e+04 1.101e+02 2.633e+02
|            ( - -1.483e+03 2 0)
|            ( QUESTION17 -1 -5.800e+04 1.079e+02 2.563e+02
|                ( - -1.236e+03 1 0)
|                ( - -5.666e+04 1 0))))
|    ( QUESTION18 -1 -3.481e+03 1.355e+02 1.600e+01
|        ( - -1.231e+03 1 0)
|        ( QUESTION2 -1 -2.115e+03 1.084e+02 1.000e+01
|            ( - -7.922e+02 1 0)
|            ( - -1.214e+03 1 0))))
s>    ( QUESTION0 1 -6.394e+04 1.718e+02 2.823e+02
s>        ( QUESTION5 -1 -6.029e+04 1.289e+02 2.663e+02
s>            ( - -5.682e+02 1 0)
s>            ( QUESTION2 -1 -5.959e+04 1.101e+02 2.633e+02
s>                ( - -1.483e+03 2 0)
s>                ( QUESTION17 -1 -5.800e+04 1.079e+02 2.563e+02
s>                    ( - -1.236e+03 1 0)
s>                    ( - -5.666e+04 1 0))))
s>        ( QUESTION18 -1 -3.481e+03 1.355e+02 1.600e+01
s>            ( - -1.231e+03 1 0)
s>            ( QUESTION2 -1 -2.115e+03 1.084e+02 1.000e+01
s>                ( - -7.922e+02 1 0)
s>                ( - -1.214e+03 1 0))))INFO: dtree.c(1315): Comp split 13
INFO: dtree.c(1439): stop. leaf nodes are specific
INFO: dtree.c(1478): Final simple tree
|( QUESTION13 1 -9.019e+05 1.982e+02 3.909e+03
|    ( WDBNDRY_B 0 -1.132e+04 1.812e+02 4.911e+01
|        ( - -1.084e+04 4 0)
|        ( - -2.928e+02 1 0))
|    ( QUESTION0_1_R 1 -8.904e+05 1.415e+02 3.860e+03
|        ( - -2.560e+03 1 0)
|        ( WDBNDRY_E 0 -8.877e+05 8.020e+01 3.848e+03
|            ( - -1.824e+03 2 0)
|            ( - -8.858e+05 25 0))))
s>    ( QUESTION13 1 -9.019e+05 1.982e+02 3.909e+03
s>        ( WDBNDRY_B 0 -1.132e+04 1.812e+02 4.911e+01
s>            ( - -1.084e+04 4 0)
s>            ( - -2.928e+02 1 0))
s>        ( QUESTION0_1_R 1 -8.904e+05 1.415e+02 3.860e+03
s>            ( - -2.560e+03 1 0)
s>            ( WDBNDRY_E 0 -8.877e+05 8.020e+01 3.848e+03
s>                ( - -1.824e+03 2 0)
s>                ( - -8.858e+05 25 0))))INFO: dtree.c(1439): stop. leaf nodes are specific
INFO: dtree.c(1478): Final simple tree
|( QUESTION0 -1 -2.038e+04 2.381e+02 9.043e+01
|    ( WDBNDRY_E 0 -1.732e+04 1.587e+02 7.643e+01
|        ( - -6.792e+03 4 0)
|        ( - -1.037e+04 3 0))
|    ( - -2.824e+03 1 0))
s>    ( QUESTION0 -1 -2.038e+04 2.381e+02 9.043e+01
s>        ( WDBNDRY_E 0 -1.732e+04 1.587e+02 7.643e+01
s>            ( - -6.792e+03 4 0)
s>            ( - -1.037e+04 3 0))
s>        ( - -2.824e+03 1 0))INFO: dtree.c(1315): Comp split 14
INFO: dtree.c(1315): Comp split 15
INFO: dtree.c(1439): stop. leaf nodes are specific
INFO: dtree.c(1478): Final simple tree
|( QUESTION0_0_R 1 -8.694e+03 1.351e+02 3.800e+01
|    ( - -1.775e+03 2 0)
|    ( - -6.784e+03 1 0))
s>    ( QUESTION0_0_R 1 -8.694e+03 1.351e+02 3.800e+01
s>        ( - -1.775e+03 2 0)
s>        ( - -6.784e+03 1 0))INFO: dtree.c(1315): Comp split 16
INFO: dtree.c(1439): stop. leaf nodes are specific
INFO: dtree.c(1478): Final simple tree
|( WDBNDRY_E 0 -1.732e+04 1.587e+02 7.643e+01
|    ( - -6.792e+03 4 0)
|    ( - -1.037e+04 3 0))
s>    ( WDBNDRY_E 0 -1.732e+04 1.587e+02 7.643e+01
s>        ( - -6.792e+03 4 0)
s>        ( - -1.037e+04 3 0))INFO: dtree.c(1315): Comp split 17
INFO: dtree.c(1439): stop. leaf nodes are specific
INFO: dtree.c(1478): Final simple tree
|( QUESTION0 1 -2.217e+04 1.414e+02 9.879e+01
|    ( SILENCE -1 -2.150e+04 1.359e+02 9.579e+01
|        ( - -1.727e+04 3 0)
|        ( - -4.095e+03 2 0))
|    ( - -5.354e+02 1 0))
s>    ( QUESTION0 1 -2.217e+04 1.414e+02 9.879e+01
s>        ( SILENCE -1 -2.150e+04 1.359e+02 9.579e+01
s>            ( - -1.727e+04 3 0)
s>            ( - -4.095e+03 2 0))
s>        ( - -5.354e+02 1 0))INFO: dtree.c(1315): Comp split 18
INFO: dtree.c(1439): stop. leaf nodes are specific
INFO: dtree.c(1478): Final simple tree
|( QUESTION0_1_R 1 -8.904e+05 1.415e+02 3.860e+03
|    ( - -2.560e+03 1 0)
|    ( WDBNDRY_E 0 -8.877e+05 8.020e+01 3.848e+03
|        ( - -1.824e+03 2 0)
|        ( - -8.858e+05 25 0)))
s>    ( QUESTION0_1_R 1 -8.904e+05 1.415e+02 3.860e+03
s>        ( - -2.560e+03 1 0)
s>        ( WDBNDRY_E 0 -8.877e+05 8.020e+01 3.848e+03
s>            ( - -1.824e+03 2 0)
s>            ( - -8.858e+05 25 0)))INFO: dtree.c(1439): stop. leaf nodes are specific
INFO: dtree.c(1478): Final simple tree
|( WDBNDRY_B 0 -1.132e+04 1.812e+02 4.911e+01
|    ( - -1.084e+04 4 0)
|    ( - -2.928e+02 1 0))
s>    ( WDBNDRY_B 0 -1.132e+04 1.812e+02 4.911e+01
s>        ( - -1.084e+04 4 0)
s>        ( - -2.928e+02 1 0))INFO: dtree.c(1315): Comp split 19
INFO: dtree.c(1315): Comp split 20
INFO: dtree.c(1439): stop. leaf nodes are specific
INFO: dtree.c(1478): Final simple tree
|( QUESTION5 -1 -6.029e+04 1.289e+02 2.663e+02
|    ( - -5.682e+02 1 0)
|    ( QUESTION2 -1 -5.959e+04 1.101e+02 2.633e+02
|        ( - -1.483e+03 2 0)
|        ( QUESTION17 -1 -5.800e+04 1.079e+02 2.563e+02
|            ( - -1.236e+03 1 0)
|            ( - -5.666e+04 1 0))))
s>    ( QUESTION5 -1 -6.029e+04 1.289e+02 2.663e+02
s>        ( - -5.682e+02 1 0)
s>        ( QUESTION2 -1 -5.959e+04 1.101e+02 2.633e+02
s>            ( - -1.483e+03 2 0)
s>            ( QUESTION17 -1 -5.800e+04 1.079e+02 2.563e+02
s>                ( - -1.236e+03 1 0)
s>                ( - -5.666e+04 1 0))))INFO: dtree.c(1439): stop. leaf nodes are specific
INFO: dtree.c(1478): Final simple tree
|( QUESTION18 -1 -3.481e+03 1.355e+02 1.600e+01
|    ( - -1.231e+03 1 0)
|    ( QUESTION2 -1 -2.115e+03 1.084e+02 1.000e+01
|        ( - -7.922e+02 1 0)
|        ( - -1.214e+03 1 0)))
s>    ( QUESTION18 -1 -3.481e+03 1.355e+02 1.600e+01
s>        ( - -1.231e+03 1 0)
s>        ( QUESTION2 -1 -2.115e+03 1.084e+02 1.000e+01
s>            ( - -7.922e+02 1 0)
s>            ( - -1.214e+03 1 0)))INFO: dtree.c(1315): Comp split 21
INFO: dtree.c(1315): Comp split 22
INFO: dtree.c(1439): stop. leaf nodes are specific
INFO: dtree.c(1478): Final simple tree
|( WDBNDRY_E 0 -8.877e+05 8.020e+01 3.848e+03
|    ( - -1.824e+03 2 0)
|    ( - -8.858e+05 25 0))
s>    ( WDBNDRY_E 0 -8.877e+05 8.020e+01 3.848e+03
s>        ( - -1.824e+03 2 0)
s>        ( - -8.858e+05 25 0))INFO: dtree.c(1315): Comp split 23
INFO: dtree.c(1439): stop. leaf nodes are specific
INFO: dtree.c(1478): Final simple tree
|( SILENCE -1 -2.150e+04 1.359e+02 9.579e+01
|    ( - -1.727e+04 3 0)
|    ( - -4.095e+03 2 0))
s>    ( SILENCE -1 -2.150e+04 1.359e+02 9.579e+01
s>        ( - -1.727e+04 3 0)
s>        ( - -4.095e+03 2 0))INFO: dtree.c(1315): Comp split 24
INFO: dtree.c(1315): Comp split 25
INFO: dtree.c(1315): Comp split 26
INFO: dtree.c(1439): stop. leaf nodes are specific
INFO: dtree.c(1478): Final simple tree
|( WDBNDRY_E 0 -1.127e+05 1.189e+02 4.980e+02
|    ( - -1.056e+03 1 0)
|    ( - -1.115e+05 5 0))
s>    ( WDBNDRY_E 0 -1.127e+05 1.189e+02 4.980e+02
s>        ( - -1.056e+03 1 0)
s>        ( - -1.115e+05 5 0))INFO: dtree.c(1315): Comp split 27
INFO: dtree.c(1439): stop. leaf nodes are specific
INFO: dtree.c(1478): Final simple tree
|( QUESTION2 -1 -2.115e+03 1.084e+02 1.000e+01
|    ( - -7.922e+02 1 0)
|    ( - -1.214e+03 1 0))
s>    ( QUESTION2 -1 -2.115e+03 1.084e+02 1.000e+01
s>        ( - -7.922e+02 1 0)
s>        ( - -1.214e+03 1 0))INFO: dtree.c(1315): Comp split 28
INFO: dtree.c(1315): Comp split 29
INFO: dtree.c(1439): stop. leaf nodes are specific
INFO: dtree.c(1478): Final simple tree
|( QUESTION2 -1 -5.959e+04 1.101e+02 2.633e+02
|    ( - -1.483e+03 2 0)
|    ( QUESTION17 -1 -5.800e+04 1.079e+02 2.563e+02
|        ( - -1.236e+03 1 0)
|        ( - -5.666e+04 1 0)))
s>    ( QUESTION2 -1 -5.959e+04 1.101e+02 2.633e+02
s>        ( - -1.483e+03 2 0)
s>        ( QUESTION17 -1 -5.800e+04 1.079e+02 2.563e+02
s>            ( - -1.236e+03 1 0)
s>            ( - -5.666e+04 1 0)))INFO: dtree.c(1315): Comp split 30
INFO: dtree.c(1439): stop. leaf nodes are specific
INFO: dtree.c(1478): Final simple tree
|( WDBNDRY_E 0 -7.312e+04 9.565e+01 3.106e+02
|    ( - -5.395e+02 1 0)
|    ( - -7.248e+04 3 0))
s>    ( WDBNDRY_E 0 -7.312e+04 9.565e+01 3.106e+02
s>        ( - -5.395e+02 1 0)
s>        ( - -7.248e+04 3 0))INFO: dtree.c(1315): Comp split 31
INFO: dtree.c(1439): stop. leaf nodes are specific
INFO: dtree.c(1478): Final simple tree
|( QUESTION2 -1 -2.818e+03 9.825e+01 1.300e+01
|    ( - -1.483e+03 2 0)
|    ( - -1.236e+03 1 0))
s>    ( QUESTION2 -1 -2.818e+03 9.825e+01 1.300e+01
s>        ( - -1.483e+03 2 0)
s>        ( - -1.236e+03 1 0))INFO: dtree.c(1315): Comp split 32
INFO: dtree.c(1315): Comp split 33
INFO: dtree.c(1315): Comp split 34
INFO: dtree.c(1439): stop. leaf nodes are specific
INFO: dtree.c(1478): Final simple tree
|( WDBNDRY_E 0 -7.039e+05 9.408e+01 2.960e+03
|    ( - -1.040e+03 1 0)
|    ( - -7.027e+05 6 0))
s>    ( WDBNDRY_E 0 -7.039e+05 9.408e+01 2.960e+03
s>        ( - -1.040e+03 1 0)
s>        ( - -7.027e+05 6 0))INFO: dtree.c(1315): Comp split 35
INFO: dtree.c(1315): Comp split 36
INFO: dtree.c(1315): Comp split 37
INFO: dtree.c(1315): Comp split 38
INFO: dtree.c(1315): Comp split 39
INFO: dtree.c(1318): stop. leaf nodes are specific
Tue Mar 28 14:06:58 2023
