Current configuration:
[NAME]		[DEFLT]	[VALUE]
-allphones	no	no
-cntthresh	0.00001	1.000000e-05
-csplitmax	100	2000
-csplitmin	1	1
-csplitthr	8e-4	0.000000e+00
-example	no	no
-fullvar	no	no
-help		no	no
-meanfn			/home/lucija/Documents/Zadnji semestar/ROGJ/Prezentacije/CMUspinx/tutorial9/model_parameters/my_db.cd_cont_untied/means
-mixwfn			/home/lucija/Documents/Zadnji semestar/ROGJ/Prezentacije/CMUspinx/tutorial9/model_parameters/my_db.cd_cont_untied/mixture_weights
-moddeffn		/home/lucija/Documents/Zadnji semestar/ROGJ/Prezentacije/CMUspinx/tutorial9/model_architecture/my_db.untied.mdef
-mwfloor	1e-4	1.000000e-08
-phone			d
-psetfn			/home/lucija/Documents/Zadnji semestar/ROGJ/Prezentacije/CMUspinx/tutorial9/model_architecture/my_db.tree_questions
-ssplitmax	5	7
-ssplitmin	1	1
-ssplitthr	8e-4	0.000000e+00
-state			2
-stwt			1.0,0.05,0.0,
-treefn			/home/lucija/Documents/Zadnji semestar/ROGJ/Prezentacije/CMUspinx/tutorial9/trees/my_db.unpruned/d-2.dtree
-ts2cbfn	.semi.	.cont.
-varfloor	0.00001	1.000000e-05
-varfn			/home/lucija/Documents/Zadnji semestar/ROGJ/Prezentacije/CMUspinx/tutorial9/model_parameters/my_db.cd_cont_untied/variances

INFO: main.c(223): Reading: /home/lucija/Documents/Zadnji semestar/ROGJ/Prezentacije/CMUspinx/tutorial9/model_architecture/my_db.untied.mdef
INFO: model_def_io.c(573): Model definition info:
INFO: model_def_io.c(574): 10678 total models defined (32 base, 10646 tri)
INFO: model_def_io.c(575): 42712 total states
INFO: model_def_io.c(576): 32034 total tied states
INFO: model_def_io.c(577): 96 total tied CI states
INFO: model_def_io.c(578): 32 total tied transition matrices
INFO: model_def_io.c(579): 4 max state/model
INFO: model_def_io.c(580): 4 min state/model
INFO: main.c(242): Building trees for [d NOISE a b] through [d ž o b]
INFO: main.c(268): Covering states |[5538 6566]| == 1029
INFO: main.c(275): Reading: /home/lucija/Documents/Zadnji semestar/ROGJ/Prezentacije/CMUspinx/tutorial9/model_parameters/my_db.cd_cont_untied/mixture_weights
INFO: s3mixw_io.c(172): Read /home/lucija/Documents/Zadnji semestar/ROGJ/Prezentacije/CMUspinx/tutorial9/model_parameters/my_db.cd_cont_untied/mixture_weights [1029x1x1 array]
INFO: main.c(311): 342 of 343 models have observation count greater than 0.000010
INFO: main.c(95): nrm stwt: 0.000 0.048 0.952 
INFO: s3gau_io.c(168): Read /home/lucija/Documents/Zadnji semestar/ROGJ/Prezentacije/CMUspinx/tutorial9/model_parameters/my_db.cd_cont_untied/means [32034x1x1 array]
INFO: s3gau_io.c(168): Read /home/lucija/Documents/Zadnji semestar/ROGJ/Prezentacije/CMUspinx/tutorial9/model_parameters/my_db.cd_cont_untied/variances [32034x1x1 array]
INFO: main.c(549): Reading: /home/lucija/Documents/Zadnji semestar/ROGJ/Prezentacije/CMUspinx/tutorial9/model_architecture/my_db.tree_questions
INFO: main.c(587): 180 total simple questions (172 phone; 8 word bndry)
INFO: main.c(589): 42 Left Only questions, and 42 Right Only questions
INFO: dtree.c(1478): Final simple tree
|( QUESTION0_0_R 1 -9.659e+06 5.255e+04 4.300e+04
|    ( WDBNDRY_B 0 -6.564e+06 2.378e+04 2.934e+04
|        ( - -2.838e+06 128 0 QUESTION19 -1 5.352e+03 1.263e+04)
|        ( QUESTION16 -1 -3.702e+06 1.294e+04 1.671e+04
|            ( - -2.940e+05 2 0)
|            ( QUESTION0 1 -3.395e+06 1.240e+04 1.534e+04
|                ( - -2.210e+06 75 0 WDBNDRY_E 0 4.640e+03 9.949e+03)
|                ( - -1.172e+06 15 0 QUESTION2 -1 6.145e+02 5.391e+03))))
|    ( WDBNDRY_I 0 -3.043e+06 2.182e+04 1.365e+04
|        ( QUESTION0_17_R 1 -1.098e+06 6.620e+03 4.972e+03
|            ( - -6.427e+05 8 0)
|            ( - -4.483e+05 30 0 QUESTION0_2_R 1 3.591e+03 2.025e+03))
|        ( QUESTION0_18_R 1 -1.923e+06 9.488e+03 8.683e+03
|            ( - -1.081e+06 24 0 QUESTION0 -1 2.431e+03 4.958e+03)
|            ( - -8.333e+05 60 0 QUESTION0_16_R 1 2.805e+03 3.725e+03))))
s>    ( QUESTION0_0_R 1 -9.659e+06 5.255e+04 4.300e+04
s>        ( WDBNDRY_B 0 -6.564e+06 2.378e+04 2.934e+04
s>            ( - -2.838e+06 128 0 QUESTION19 -1 5.352e+03 1.263e+04)
s>            ( QUESTION16 -1 -3.702e+06 1.294e+04 1.671e+04
s>                ( - -2.940e+05 2 0)
s>                ( QUESTION0 1 -3.395e+06 1.240e+04 1.534e+04
s>                    ( - -2.210e+06 75 0 WDBNDRY_E 0 4.640e+03 9.949e+03)
s>                    ( - -1.172e+06 15 0 QUESTION2 -1 6.145e+02 5.391e+03))))
s>        ( WDBNDRY_I 0 -3.043e+06 2.182e+04 1.365e+04
s>            ( QUESTION0_17_R 1 -1.098e+06 6.620e+03 4.972e+03
s>                ( - -6.427e+05 8 0)
s>                ( - -4.483e+05 30 0 QUESTION0_2_R 1 3.591e+03 2.025e+03))
s>            ( QUESTION0_18_R 1 -1.923e+06 9.488e+03 8.683e+03
s>                ( - -1.081e+06 24 0 QUESTION0 -1 2.431e+03 4.958e+03)
s>                ( - -8.333e+05 60 0 QUESTION0_16_R 1 2.805e+03 3.725e+03))))INFO: dtree.c(1315): Comp split 0
INFO: dtree.c(1478): Final simple tree
|( WDBNDRY_I 0 -3.043e+06 2.182e+04 1.365e+04
|    ( QUESTION0_17_R 1 -1.098e+06 6.620e+03 4.972e+03
|        ( - -6.427e+05 8 0)
|        ( QUESTION0_2_R 1 -4.483e+05 3.591e+03 2.025e+03
|            ( - -3.679e+04 8 0 QUESTION11 1 1.917e+02 1.755e+02)
|            ( - -4.079e+05 22 0 QUESTION0_19_R 1 1.432e+03 1.850e+03)))
|    ( QUESTION0_18_R 1 -1.923e+06 9.488e+03 8.683e+03
|        ( QUESTION0 -1 -1.081e+06 2.431e+03 4.958e+03
|            ( - -6.260e+05 10 0 WDBNDRY_B 0 1.742e+02 2.898e+03)
|            ( - -4.522e+05 14 0 QUESTION20 -1 1.470e+03 2.059e+03))
|        ( QUESTION0_16_R 1 -8.333e+05 2.805e+03 3.725e+03
|            ( - -2.846e+05 15 0 WDBNDRY_B 0 1.388e+03 1.268e+03)
|            ( QUESTION0_15_R 1 -5.459e+05 1.754e+03 2.457e+03
|                ( - -1.992e+05 12 0 QUESTION0 -1 4.569e+02 9.026e+02)
|                ( - -3.450e+05 33 0 QUESTION10 1 9.744e+02 1.554e+03)))))
s>    ( WDBNDRY_I 0 -3.043e+06 2.182e+04 1.365e+04
s>        ( QUESTION0_17_R 1 -1.098e+06 6.620e+03 4.972e+03
s>            ( - -6.427e+05 8 0)
s>            ( QUESTION0_2_R 1 -4.483e+05 3.591e+03 2.025e+03
s>                ( - -3.679e+04 8 0 QUESTION11 1 1.917e+02 1.755e+02)
s>                ( - -4.079e+05 22 0 QUESTION0_19_R 1 1.432e+03 1.850e+03)))
s>        ( QUESTION0_18_R 1 -1.923e+06 9.488e+03 8.683e+03
s>            ( QUESTION0 -1 -1.081e+06 2.431e+03 4.958e+03
s>                ( - -6.260e+05 10 0 WDBNDRY_B 0 1.742e+02 2.898e+03)
s>                ( - -4.522e+05 14 0 QUESTION20 -1 1.470e+03 2.059e+03))
s>            ( QUESTION0_16_R 1 -8.333e+05 2.805e+03 3.725e+03
s>                ( - -2.846e+05 15 0 WDBNDRY_B 0 1.388e+03 1.268e+03)
s>                ( QUESTION0_15_R 1 -5.459e+05 1.754e+03 2.457e+03
s>                    ( - -1.992e+05 12 0 QUESTION0 -1 4.569e+02 9.026e+02)
s>                    ( - -3.450e+05 33 0 QUESTION10 1 9.744e+02 1.554e+03)))))INFO: dtree.c(1478): Final simple tree
|( WDBNDRY_B 0 -6.564e+06 2.378e+04 2.934e+04
|    ( QUESTION19 -1 -2.838e+06 5.352e+03 1.263e+04
|        ( QUESTION0 1 -4.736e+05 3.964e+03 2.112e+03
|            ( - -3.870e+05 6 0)
|            ( - -8.267e+04 1 0))
|        ( SILENCE -1 -2.359e+06 2.454e+03 1.052e+04
|            ( - -1.364e+05 7 0 QUESTION0 1 4.914e+02 6.018e+02)
|            ( - -2.220e+06 114 0 QUESTION14 -1 1.431e+03 9.917e+03)))
|    ( QUESTION16 -1 -3.702e+06 1.294e+04 1.671e+04
|        ( - -2.940e+05 2 0)
|        ( QUESTION0 1 -3.395e+06 1.240e+04 1.534e+04
|            ( WDBNDRY_E 0 -2.210e+06 4.640e+03 9.949e+03
|                ( - -1.750e+05 23 0)
|                ( - -2.031e+06 52 0 QUESTION0 -1 2.405e+03 9.170e+03))
|            ( - -1.172e+06 15 0 QUESTION2 -1 6.145e+02 5.391e+03))))
s>    ( WDBNDRY_B 0 -6.564e+06 2.378e+04 2.934e+04
s>        ( QUESTION19 -1 -2.838e+06 5.352e+03 1.263e+04
s>            ( QUESTION0 1 -4.736e+05 3.964e+03 2.112e+03
s>                ( - -3.870e+05 6 0)
s>                ( - -8.267e+04 1 0))
s>            ( SILENCE -1 -2.359e+06 2.454e+03 1.052e+04
s>                ( - -1.364e+05 7 0 QUESTION0 1 4.914e+02 6.018e+02)
s>                ( - -2.220e+06 114 0 QUESTION14 -1 1.431e+03 9.917e+03)))
s>        ( QUESTION16 -1 -3.702e+06 1.294e+04 1.671e+04
s>            ( - -2.940e+05 2 0)
s>            ( QUESTION0 1 -3.395e+06 1.240e+04 1.534e+04
s>                ( WDBNDRY_E 0 -2.210e+06 4.640e+03 9.949e+03
s>                    ( - -1.750e+05 23 0)
s>                    ( - -2.031e+06 52 0 QUESTION0 -1 2.405e+03 9.170e+03))
s>                ( - -1.172e+06 15 0 QUESTION2 -1 6.145e+02 5.391e+03))))INFO: dtree.c(1315): Comp split 1
INFO: dtree.c(1478): Final simple tree
|( QUESTION16 -1 -3.702e+06 1.294e+04 1.671e+04
|    ( - -2.940e+05 2 0)
|    ( QUESTION0 1 -3.395e+06 1.240e+04 1.534e+04
|        ( WDBNDRY_E 0 -2.210e+06 4.640e+03 9.949e+03
|            ( - -1.750e+05 23 0)
|            ( QUESTION0 -1 -2.031e+06 2.405e+03 9.170e+03
|                ( - -1.780e+06 30 0 QUESTION2_0_L -1 1.632e+02 8.043e+03)
|                ( QUESTION2 -1 -2.485e+05 1.502e+03 1.127e+03
|                    ( - -7.823e+04 6 0 QUESTION5 -1 1.223e+02 3.588e+02)
|                    ( - -1.687e+05 16 0 QUESTION14 -1 1.267e+02 7.683e+02))))
|        ( QUESTION2 -1 -1.172e+06 6.145e+02 5.391e+03
|            ( - -1.708e+04 1 0)
|            ( WDBNDRY_E 0 -1.154e+06 2.115e+02 5.312e+03
|                ( - -6.645e+03 5 0 QUESTION0 -1 1.496e+02 2.997e+01)
|                ( - -1.147e+06 9 0 QUESTION0 -1 1.250e+02 5.282e+03)))))
s>    ( QUESTION16 -1 -3.702e+06 1.294e+04 1.671e+04
s>        ( - -2.940e+05 2 0)
s>        ( QUESTION0 1 -3.395e+06 1.240e+04 1.534e+04
s>            ( WDBNDRY_E 0 -2.210e+06 4.640e+03 9.949e+03
s>                ( - -1.750e+05 23 0)
s>                ( QUESTION0 -1 -2.031e+06 2.405e+03 9.170e+03
s>                    ( - -1.780e+06 30 0 QUESTION2_0_L -1 1.632e+02 8.043e+03)
s>                    ( QUESTION2 -1 -2.485e+05 1.502e+03 1.127e+03
s>                        ( - -7.823e+04 6 0 QUESTION5 -1 1.223e+02 3.588e+02)
s>                        ( - -1.687e+05 16 0 QUESTION14 -1 1.267e+02 7.683e+02))))
s>            ( QUESTION2 -1 -1.172e+06 6.145e+02 5.391e+03
s>                ( - -1.708e+04 1 0)
s>                ( WDBNDRY_E 0 -1.154e+06 2.115e+02 5.312e+03
s>                    ( - -6.645e+03 5 0 QUESTION0 -1 1.496e+02 2.997e+01)
s>                    ( - -1.147e+06 9 0 QUESTION0 -1 1.250e+02 5.282e+03)))))INFO: dtree.c(1478): Final simple tree
|( QUESTION19 -1 -2.838e+06 5.352e+03 1.263e+04
|    ( QUESTION0 1 -4.736e+05 3.964e+03 2.112e+03
|        ( - -3.870e+05 6 0)
|        ( - -8.267e+04 1 0))
|    ( SILENCE -1 -2.359e+06 2.454e+03 1.052e+04
|        ( - -1.364e+05 7 0 QUESTION0 1 4.914e+02 6.018e+02)
|        ( QUESTION14 -1 -2.220e+06 1.431e+03 9.917e+03
|            ( - -3.669e+05 21 0 QUESTION0 1 1.734e+02 1.633e+03)
|            ( QUESTION2_2_L -1 -1.852e+06 1.312e+03 8.284e+03
|                ( - -4.935e+04 6 0 QUESTION0 1 1.228e+02 2.286e+02)
|                ( QUESTION17 -1 -1.801e+06 1.150e+03 8.055e+03
|                    ( - -8.088e+04 10 0 QUESTION0 1 1.351e+02 3.641e+02)
|                    ( QUESTION16 -1 -1.719e+06 1.877e+03 7.691e+03
|                        ( - -6.737e+04 5 0 QUESTION0 1 9.012e+01 3.104e+02)
|                        ( - -1.650e+06 72 0 QUESTION0 -1 1.020e+03 7.381e+03)))))))
s>    ( QUESTION19 -1 -2.838e+06 5.352e+03 1.263e+04
s>        ( QUESTION0 1 -4.736e+05 3.964e+03 2.112e+03
s>            ( - -3.870e+05 6 0)
s>            ( - -8.267e+04 1 0))
s>        ( SILENCE -1 -2.359e+06 2.454e+03 1.052e+04
s>            ( - -1.364e+05 7 0 QUESTION0 1 4.914e+02 6.018e+02)
s>            ( QUESTION14 -1 -2.220e+06 1.431e+03 9.917e+03
s>                ( - -3.669e+05 21 0 QUESTION0 1 1.734e+02 1.633e+03)
s>                ( QUESTION2_2_L -1 -1.852e+06 1.312e+03 8.284e+03
s>                    ( - -4.935e+04 6 0 QUESTION0 1 1.228e+02 2.286e+02)
s>                    ( QUESTION17 -1 -1.801e+06 1.150e+03 8.055e+03
s>                        ( - -8.088e+04 10 0 QUESTION0 1 1.351e+02 3.641e+02)
s>                        ( QUESTION16 -1 -1.719e+06 1.877e+03 7.691e+03
s>                            ( - -6.737e+04 5 0 QUESTION0 1 9.012e+01 3.104e+02)
s>                            ( - -1.650e+06 72 0 QUESTION0 -1 1.020e+03 7.381e+03)))))))INFO: dtree.c(1315): Comp split 2
INFO: dtree.c(1478): Final simple tree
|( QUESTION0_18_R 1 -1.965e+06 9.712e+03 8.858e+03
|    ( QUESTION0 -1 -1.081e+06 2.431e+03 4.958e+03
|        ( - -6.260e+05 10 0 WDBNDRY_B 0 1.742e+02 2.898e+03)
|        ( QUESTION20 -1 -4.522e+05 1.470e+03 2.059e+03
|            ( - -2.016e+05 2 0)
|            ( - -2.490e+05 12 0 QUESTION16 -1 8.464e+02 1.128e+03)))
|    ( WDBNDRY_I 0 -8.743e+05 4.155e+03 3.901e+03
|        ( - -3.679e+04 8 0 QUESTION11 1 1.917e+02 1.755e+02)
|        ( QUESTION0_16_R 1 -8.333e+05 2.805e+03 3.725e+03
|            ( WDBNDRY_B 0 -2.846e+05 1.388e+03 1.268e+03
|                ( - -1.338e+05 9 0 QUESTION0 -1 1.134e+03 6.024e+02)
|                ( - -1.494e+05 6 0))
|            ( QUESTION0_15_R 1 -5.459e+05 1.754e+03 2.457e+03
|                ( - -1.992e+05 12 0 QUESTION0 -1 4.569e+02 9.026e+02)
|                ( - -3.450e+05 33 0 QUESTION10 1 9.744e+02 1.554e+03)))))
s>    ( QUESTION0_18_R 1 -1.965e+06 9.712e+03 8.858e+03
s>        ( QUESTION0 -1 -1.081e+06 2.431e+03 4.958e+03
s>            ( - -6.260e+05 10 0 WDBNDRY_B 0 1.742e+02 2.898e+03)
s>            ( QUESTION20 -1 -4.522e+05 1.470e+03 2.059e+03
s>                ( - -2.016e+05 2 0)
s>                ( - -2.490e+05 12 0 QUESTION16 -1 8.464e+02 1.128e+03)))
s>        ( WDBNDRY_I 0 -8.743e+05 4.155e+03 3.901e+03
s>            ( - -3.679e+04 8 0 QUESTION11 1 1.917e+02 1.755e+02)
s>            ( QUESTION0_16_R 1 -8.333e+05 2.805e+03 3.725e+03
s>                ( WDBNDRY_B 0 -2.846e+05 1.388e+03 1.268e+03
s>                    ( - -1.338e+05 9 0 QUESTION0 -1 1.134e+03 6.024e+02)
s>                    ( - -1.494e+05 6 0))
s>                ( QUESTION0_15_R 1 -5.459e+05 1.754e+03 2.457e+03
s>                    ( - -1.992e+05 12 0 QUESTION0 -1 4.569e+02 9.026e+02)
s>                    ( - -3.450e+05 33 0 QUESTION10 1 9.744e+02 1.554e+03)))))INFO: dtree.c(1478): Final simple tree
|( QUESTION0_18_R 1 -1.056e+06 5.550e+03 4.796e+03
|    ( QUESTION0_19_R 1 -3.833e+05 5.549e+02 1.742e+03
|        ( - -3.680e+05 5 0 QUESTION0 -1 1.204e+02 1.676e+03)
|        ( QUESTION2_2_L -1 -1.470e+04 2.486e+02 6.617e+01
|            ( - -1.435e+03 1 0)
|            ( QUESTION2 -1 -1.302e+04 1.542e+02 5.917e+01
|                ( - -2.861e+03 1 0)
|                ( QUESTION0 -1 -1.000e+04 1.321e+02 4.578e+01
|                    ( - -9.551e+03 4 0)
|                    ( - -3.189e+02 1 0)))))
|    ( QUESTION0_16_R 1 -6.673e+05 1.201e+03 3.054e+03
|        ( - -6.427e+05 8 0)
|        ( QUESTION0_9_R 1 -2.341e+04 1.516e+02 1.080e+02
|            ( - -2.026e+03 3 0)
|            ( - -2.124e+04 7 0))))
s>    ( QUESTION0_18_R 1 -1.056e+06 5.550e+03 4.796e+03
s>        ( QUESTION0_19_R 1 -3.833e+05 5.549e+02 1.742e+03
s>            ( - -3.680e+05 5 0 QUESTION0 -1 1.204e+02 1.676e+03)
s>            ( QUESTION2_2_L -1 -1.470e+04 2.486e+02 6.617e+01
s>                ( - -1.435e+03 1 0)
s>                ( QUESTION2 -1 -1.302e+04 1.542e+02 5.917e+01
s>                    ( - -2.861e+03 1 0)
s>                    ( QUESTION0 -1 -1.000e+04 1.321e+02 4.578e+01
s>                        ( - -9.551e+03 4 0)
s>                        ( - -3.189e+02 1 0)))))
s>        ( QUESTION0_16_R 1 -6.673e+05 1.201e+03 3.054e+03
s>            ( - -6.427e+05 8 0)
s>            ( QUESTION0_9_R 1 -2.341e+04 1.516e+02 1.080e+02
s>                ( - -2.026e+03 3 0)
s>                ( - -2.124e+04 7 0))))INFO: dtree.c(1315): Comp split 3
INFO: dtree.c(1478): Final simple tree
|( QUESTION0 1 -3.215e+06 1.244e+04 1.456e+04
|    ( QUESTION0 -1 -2.031e+06 2.405e+03 9.170e+03
|        ( QUESTION2_0_L -1 -1.780e+06 1.632e+02 8.043e+03
|            ( - -1.780e+06 29 0)
|            ( - -3.061e+02 1 0))
|        ( QUESTION2 -1 -2.485e+05 1.502e+03 1.127e+03
|            ( - -7.823e+04 6 0 QUESTION5 -1 1.223e+02 3.588e+02)
|            ( - -1.687e+05 16 0 QUESTION14 -1 1.267e+02 7.683e+02)))
|    ( QUESTION2 -1 -1.172e+06 6.145e+02 5.391e+03
|        ( - -1.708e+04 1 0)
|        ( WDBNDRY_E 0 -1.154e+06 2.115e+02 5.312e+03
|            ( QUESTION0 -1 -6.645e+03 1.496e+02 2.997e+01
|                ( - -5.973e+03 4 0)
|                ( - -5.227e+02 1 0))
|            ( - -1.147e+06 9 0 QUESTION0 -1 1.250e+02 5.282e+03))))
s>    ( QUESTION0 1 -3.215e+06 1.244e+04 1.456e+04
s>        ( QUESTION0 -1 -2.031e+06 2.405e+03 9.170e+03
s>            ( QUESTION2_0_L -1 -1.780e+06 1.632e+02 8.043e+03
s>                ( - -1.780e+06 29 0)
s>                ( - -3.061e+02 1 0))
s>            ( QUESTION2 -1 -2.485e+05 1.502e+03 1.127e+03
s>                ( - -7.823e+04 6 0 QUESTION5 -1 1.223e+02 3.588e+02)
s>                ( - -1.687e+05 16 0 QUESTION14 -1 1.267e+02 7.683e+02)))
s>        ( QUESTION2 -1 -1.172e+06 6.145e+02 5.391e+03
s>            ( - -1.708e+04 1 0)
s>            ( WDBNDRY_E 0 -1.154e+06 2.115e+02 5.312e+03
s>                ( QUESTION0 -1 -6.645e+03 1.496e+02 2.997e+01
s>                    ( - -5.973e+03 4 0)
s>                    ( - -5.227e+02 1 0))
s>                ( - -1.147e+06 9 0 QUESTION0 -1 1.250e+02 5.282e+03))))INFO: dtree.c(1439): stop. leaf nodes are specific
INFO: dtree.c(1478): Final simple tree
|( WDBNDRY_E 0 -4.730e+05 4.048e+03 2.150e+03
|    ( - -1.750e+05 23 0)
|    ( - -2.940e+05 2 0))
s>    ( WDBNDRY_E 0 -4.730e+05 4.048e+03 2.150e+03
s>        ( - -1.750e+05 23 0)
s>        ( - -2.940e+05 2 0))INFO: dtree.c(1315): Comp split 4
INFO: dtree.c(1439): stop. leaf nodes are specific
INFO: dtree.c(1478): Final simple tree
|( QUESTION0 -1 -1.148e+06 1.355e+02 5.285e+03
|    ( - -1.146e+06 8 0)
|    ( WDBNDRY_E 0 -1.400e+03 1.235e+02 7.000e+00
|        ( - -5.227e+02 1 0)
|        ( - -7.538e+02 1 0)))
s>    ( QUESTION0 -1 -1.148e+06 1.355e+02 5.285e+03
s>        ( - -1.146e+06 8 0)
s>        ( WDBNDRY_E 0 -1.400e+03 1.235e+02 7.000e+00
s>            ( - -5.227e+02 1 0)
s>            ( - -7.538e+02 1 0)))INFO: dtree.c(1478): Final simple tree
|( QUESTION0 -1 -2.055e+06 2.540e+03 9.276e+03
|    ( WDBNDRY_E 0 -1.786e+06 1.873e+02 8.070e+03
|        ( - -5.973e+03 4 0)
|        ( QUESTION2_0_L -1 -1.780e+06 1.632e+02 8.043e+03
|            ( - -1.780e+06 29 0)
|            ( - -3.061e+02 1 0)))
|    ( QUESTION2 -1 -2.659e+05 1.479e+03 1.206e+03
|        ( QUESTION0 1 -9.568e+04 3.679e+02 4.380e+02
|            ( QUESTION5 -1 -7.823e+04 1.223e+02 3.588e+02
|                ( - -1.905e+03 2 0)
|                ( - -7.620e+04 4 0))
|            ( - -1.708e+04 1 0))
|        ( QUESTION14 -1 -1.687e+05 1.267e+02 7.683e+02
|            ( - -1.679e+05 15 0)
|            ( - -7.031e+02 1 0))))
s>    ( QUESTION0 -1 -2.055e+06 2.540e+03 9.276e+03
s>        ( WDBNDRY_E 0 -1.786e+06 1.873e+02 8.070e+03
s>            ( - -5.973e+03 4 0)
s>            ( QUESTION2_0_L -1 -1.780e+06 1.632e+02 8.043e+03
s>                ( - -1.780e+06 29 0)
s>                ( - -3.061e+02 1 0)))
s>        ( QUESTION2 -1 -2.659e+05 1.479e+03 1.206e+03
s>            ( QUESTION0 1 -9.568e+04 3.679e+02 4.380e+02
s>                ( QUESTION5 -1 -7.823e+04 1.223e+02 3.588e+02
s>                    ( - -1.905e+03 2 0)
s>                    ( - -7.620e+04 4 0))
s>                ( - -1.708e+04 1 0))
s>            ( QUESTION14 -1 -1.687e+05 1.267e+02 7.683e+02
s>                ( - -1.679e+05 15 0)
s>                ( - -7.031e+02 1 0))))INFO: dtree.c(1315): Comp split 5
INFO: dtree.c(1478): Final simple tree
|( WDBNDRY_I 0 -8.743e+05 4.155e+03 3.901e+03
|    ( - -3.679e+04 8 0 QUESTION11 1 1.917e+02 1.755e+02)
|    ( QUESTION0_16_R 1 -8.333e+05 2.805e+03 3.725e+03
|        ( WDBNDRY_B 0 -2.846e+05 1.388e+03 1.268e+03
|            ( QUESTION0 -1 -1.338e+05 1.134e+03 6.024e+02
|                ( - -1.006e+05 5 0)
|                ( - -3.211e+04 4 0 QUESTION14 -1 4.815e+02 1.441e+02))
|            ( - -1.494e+05 6 0))
|        ( QUESTION0_15_R 1 -5.459e+05 1.754e+03 2.457e+03
|            ( - -1.992e+05 12 0 QUESTION0 -1 4.569e+02 9.026e+02)
|            ( QUESTION10 1 -3.450e+05 9.744e+02 1.554e+03
|                ( - -3.938e+04 7 0 QUESTION0_2_R 1 4.663e+02 1.777e+02)
|                ( QUESTION4 1 -3.046e+05 6.675e+02 1.377e+03
|                    ( - -7.973e+04 4 0 QUESTION0_2_R 1 2.390e+02 3.578e+02)
|                    ( - -2.242e+05 22 0 QUESTION20 1 5.932e+02 1.019e+03))))))
s>    ( WDBNDRY_I 0 -8.743e+05 4.155e+03 3.901e+03
s>        ( - -3.679e+04 8 0 QUESTION11 1 1.917e+02 1.755e+02)
s>        ( QUESTION0_16_R 1 -8.333e+05 2.805e+03 3.725e+03
s>            ( WDBNDRY_B 0 -2.846e+05 1.388e+03 1.268e+03
s>                ( QUESTION0 -1 -1.338e+05 1.134e+03 6.024e+02
s>                    ( - -1.006e+05 5 0)
s>                    ( - -3.211e+04 4 0 QUESTION14 -1 4.815e+02 1.441e+02))
s>                ( - -1.494e+05 6 0))
s>            ( QUESTION0_15_R 1 -5.459e+05 1.754e+03 2.457e+03
s>                ( - -1.992e+05 12 0 QUESTION0 -1 4.569e+02 9.026e+02)
s>                ( QUESTION10 1 -3.450e+05 9.744e+02 1.554e+03
s>                    ( - -3.938e+04 7 0 QUESTION0_2_R 1 4.663e+02 1.777e+02)
s>                    ( QUESTION4 1 -3.046e+05 6.675e+02 1.377e+03
s>                        ( - -7.973e+04 4 0 QUESTION0_2_R 1 2.390e+02 3.578e+02)
s>                        ( - -2.242e+05 22 0 QUESTION20 1 5.932e+02 1.019e+03))))))INFO: dtree.c(1478): Final simple tree
|( QUESTION0 -1 -1.081e+06 2.431e+03 4.958e+03
|    ( WDBNDRY_B 0 -6.260e+05 1.742e+02 2.898e+03
|        ( - -6.202e+05 6 0 QUESTION2_0_L -1 1.656e+02 2.872e+03)
|        ( - -5.608e+03 4 0 QUESTION0_19_R 1 1.299e+02 2.603e+01))
|    ( QUESTION20 -1 -4.522e+05 1.470e+03 2.059e+03
|        ( - -2.016e+05 2 0)
|        ( QUESTION16 -1 -2.490e+05 8.464e+02 1.128e+03
|            ( - -7.758e+04 2 0 QUESTION17 -1 9.856e+01 3.568e+02)
|            ( QUESTION15 -1 -1.706e+05 6.707e+02 7.713e+02
|                ( - -5.640e+04 1 0)
|                ( QUESTION2_15_L -1 -1.135e+05 3.367e+02 5.169e+02
|                    ( - -6.364e+04 1 0)
|                    ( QUESTION12 -1 -4.957e+04 1.687e+02 2.259e+02
|                        ( - -1.790e+03 1 0)
|                        ( - -4.761e+04 7 0 QUESTION3 -1 1.657e+02 2.179e+02)))))))
s>    ( QUESTION0 -1 -1.081e+06 2.431e+03 4.958e+03
s>        ( WDBNDRY_B 0 -6.260e+05 1.742e+02 2.898e+03
s>            ( - -6.202e+05 6 0 QUESTION2_0_L -1 1.656e+02 2.872e+03)
s>            ( - -5.608e+03 4 0 QUESTION0_19_R 1 1.299e+02 2.603e+01))
s>        ( QUESTION20 -1 -4.522e+05 1.470e+03 2.059e+03
s>            ( - -2.016e+05 2 0)
s>            ( QUESTION16 -1 -2.490e+05 8.464e+02 1.128e+03
s>                ( - -7.758e+04 2 0 QUESTION17 -1 9.856e+01 3.568e+02)
s>                ( QUESTION15 -1 -1.706e+05 6.707e+02 7.713e+02
s>                    ( - -5.640e+04 1 0)
s>                    ( QUESTION2_15_L -1 -1.135e+05 3.367e+02 5.169e+02
s>                        ( - -6.364e+04 1 0)
s>                        ( QUESTION12 -1 -4.957e+04 1.687e+02 2.259e+02
s>                            ( - -1.790e+03 1 0)
s>                            ( - -4.761e+04 7 0 QUESTION3 -1 1.657e+02 2.179e+02)))))))INFO: dtree.c(1315): Comp split 6
INFO: dtree.c(1478): Final simple tree
|( QUESTION0 1 -2.444e+06 2.659e+03 1.090e+04
|    ( SILENCE -1 -2.256e+06 2.124e+03 1.006e+04
|        ( - -1.070e+05 6 0)
|        ( QUESTION14 -1 -2.147e+06 1.463e+03 9.593e+03
|            ( - -3.612e+05 17 0)
|            ( QUESTION2_2_L -1 -1.784e+06 1.294e+03 7.985e+03
|                ( - -4.803e+04 5 0)
|                ( QUESTION17 -1 -1.735e+06 1.172e+03 7.763e+03
|                    ( - -8.001e+04 9 0)
|                    ( QUESTION16 -1 -1.653e+06 1.901e+03 7.403e+03
|                        ( - -6.578e+04 4 0)
|                        ( - -1.586e+06 63 0 QUESTION0 -1 9.368e+02 7.099e+03))))))
|    ( QUESTION18 -1 -1.858e+05 1.067e+03 8.354e+02
|        ( - -8.571e+04 3 0 QUESTION19 -1 8.329e+01 3.945e+02)
|        ( - -9.900e+04 15 0 QUESTION0 -1 5.046e+02 4.409e+02)))
s>    ( QUESTION0 1 -2.444e+06 2.659e+03 1.090e+04
s>        ( SILENCE -1 -2.256e+06 2.124e+03 1.006e+04
s>            ( - -1.070e+05 6 0)
s>            ( QUESTION14 -1 -2.147e+06 1.463e+03 9.593e+03
s>                ( - -3.612e+05 17 0)
s>                ( QUESTION2_2_L -1 -1.784e+06 1.294e+03 7.985e+03
s>                    ( - -4.803e+04 5 0)
s>                    ( QUESTION17 -1 -1.735e+06 1.172e+03 7.763e+03
s>                        ( - -8.001e+04 9 0)
s>                        ( QUESTION16 -1 -1.653e+06 1.901e+03 7.403e+03
s>                            ( - -6.578e+04 4 0)
s>                            ( - -1.586e+06 63 0 QUESTION0 -1 9.368e+02 7.099e+03))))))
s>        ( QUESTION18 -1 -1.858e+05 1.067e+03 8.354e+02
s>            ( - -8.571e+04 3 0 QUESTION19 -1 8.329e+01 3.945e+02)
s>            ( - -9.900e+04 15 0 QUESTION0 -1 5.046e+02 4.409e+02)))INFO: dtree.c(1315): Comp split 7
INFO: dtree.c(1439): stop. leaf nodes are specific
INFO: dtree.c(1478): Final simple tree
|( QUESTION0_17_R 1 -6.691e+05 1.212e+03 3.061e+03
|    ( - -6.427e+05 8 0)
|    ( QUESTION0_16_R 1 -2.516e+04 3.143e+02 1.150e+02
|        ( - -1.435e+03 1 0)
|        ( QUESTION0_9_R 1 -2.341e+04 1.516e+02 1.080e+02
|            ( - -2.026e+03 3 0)
|            ( - -2.124e+04 7 0))))
s>    ( QUESTION0_17_R 1 -6.691e+05 1.212e+03 3.061e+03
s>        ( - -6.427e+05 8 0)
s>        ( QUESTION0_16_R 1 -2.516e+04 3.143e+02 1.150e+02
s>            ( - -1.435e+03 1 0)
s>            ( QUESTION0_9_R 1 -2.341e+04 1.516e+02 1.080e+02
s>                ( - -2.026e+03 3 0)
s>                ( - -2.124e+04 7 0))))INFO: dtree.c(1439): stop. leaf nodes are specific
INFO: dtree.c(1478): Final simple tree
|( QUESTION0_19_R 1 -3.815e+05 4.690e+02 1.735e+03
|    ( QUESTION0 -1 -3.680e+05 1.204e+02 1.676e+03
|        ( - -3.669e+05 4 0)
|        ( - -9.680e+02 1 0))
|    ( QUESTION2 -1 -1.302e+04 1.542e+02 5.917e+01
|        ( - -2.861e+03 1 0)
|        ( QUESTION0 -1 -1.000e+04 1.321e+02 4.578e+01
|            ( - -9.551e+03 4 0)
|            ( - -3.189e+02 1 0))))
s>    ( QUESTION0_19_R 1 -3.815e+05 4.690e+02 1.735e+03
s>        ( QUESTION0 -1 -3.680e+05 1.204e+02 1.676e+03
s>            ( - -3.669e+05 4 0)
s>            ( - -9.680e+02 1 0))
s>        ( QUESTION2 -1 -1.302e+04 1.542e+02 5.917e+01
s>            ( - -2.861e+03 1 0)
s>            ( QUESTION0 -1 -1.000e+04 1.321e+02 4.578e+01
s>                ( - -9.551e+03 4 0)
s>                ( - -3.189e+02 1 0))))INFO: dtree.c(1315): Comp split 8
INFO: dtree.c(1478): Final simple tree
|( QUESTION0_16_R 1 -8.333e+05 2.805e+03 3.725e+03
|    ( WDBNDRY_B 0 -2.846e+05 1.388e+03 1.268e+03
|        ( QUESTION0 -1 -1.338e+05 1.134e+03 6.024e+02
|            ( - -1.006e+05 5 0)
|            ( - -3.211e+04 4 0 QUESTION14 -1 4.815e+02 1.441e+02))
|        ( - -1.494e+05 6 0))
|    ( QUESTION0_15_R 1 -5.459e+05 1.754e+03 2.457e+03
|        ( - -1.992e+05 12 0 QUESTION0 -1 4.569e+02 9.026e+02)
|        ( QUESTION10 1 -3.450e+05 9.744e+02 1.554e+03
|            ( - -3.938e+04 7 0 QUESTION0_2_R 1 4.663e+02 1.777e+02)
|            ( QUESTION4 1 -3.046e+05 6.675e+02 1.377e+03
|                ( - -7.973e+04 4 0 QUESTION0_2_R 1 2.390e+02 3.578e+02)
|                ( QUESTION20 1 -2.242e+05 5.932e+02 1.019e+03
|                    ( - -3.801e+04 5 0 QUESTION0_11_R 1 3.518e+02 1.729e+02)
|                    ( - -1.856e+05 17 0 QUESTION0_10_R 1 3.034e+02 8.461e+02))))))
s>    ( QUESTION0_16_R 1 -8.333e+05 2.805e+03 3.725e+03
s>        ( WDBNDRY_B 0 -2.846e+05 1.388e+03 1.268e+03
s>            ( QUESTION0 -1 -1.338e+05 1.134e+03 6.024e+02
s>                ( - -1.006e+05 5 0)
s>                ( - -3.211e+04 4 0 QUESTION14 -1 4.815e+02 1.441e+02))
s>            ( - -1.494e+05 6 0))
s>        ( QUESTION0_15_R 1 -5.459e+05 1.754e+03 2.457e+03
s>            ( - -1.992e+05 12 0 QUESTION0 -1 4.569e+02 9.026e+02)
s>            ( QUESTION10 1 -3.450e+05 9.744e+02 1.554e+03
s>                ( - -3.938e+04 7 0 QUESTION0_2_R 1 4.663e+02 1.777e+02)
s>                ( QUESTION4 1 -3.046e+05 6.675e+02 1.377e+03
s>                    ( - -7.973e+04 4 0 QUESTION0_2_R 1 2.390e+02 3.578e+02)
s>                    ( QUESTION20 1 -2.242e+05 5.932e+02 1.019e+03
s>                        ( - -3.801e+04 5 0 QUESTION0_11_R 1 3.518e+02 1.729e+02)
s>                        ( - -1.856e+05 17 0 QUESTION0_10_R 1 3.034e+02 8.461e+02))))))INFO: dtree.c(1439): stop. leaf nodes are specific
INFO: dtree.c(1478): Final simple tree
|( QUESTION11 1 -3.679e+04 1.917e+02 1.755e+02
|    ( QUESTION0 -1 -3.480e+04 9.991e+01 1.665e+02
|        ( - -3.414e+04 4 0)
|        ( - -5.606e+02 2 0))
|    ( - -1.803e+03 2 0))
s>    ( QUESTION11 1 -3.679e+04 1.917e+02 1.755e+02
s>        ( QUESTION0 -1 -3.480e+04 9.991e+01 1.665e+02
s>            ( - -3.414e+04 4 0)
s>            ( - -5.606e+02 2 0))
s>        ( - -1.803e+03 2 0))INFO: dtree.c(1315): Comp split 9
INFO: dtree.c(1315): Comp split 10
INFO: dtree.c(1478): Final simple tree
|( QUESTION0 1 -2.531e+05 1.533e+03 1.139e+03
|    ( - -6.578e+04 4 0)
|    ( QUESTION18 -1 -1.858e+05 1.067e+03 8.354e+02
|        ( - -8.571e+04 3 0 QUESTION19 -1 8.329e+01 3.945e+02)
|        ( QUESTION0 -1 -9.900e+04 5.046e+02 4.409e+02
|            ( QUESTION2_0_L -1 -5.141e+04 1.146e+02 2.292e+02
|                ( - -5.010e+04 5 0)
|                ( - -1.197e+03 1 0))
|            ( QUESTION4 -1 -4.709e+04 1.959e+02 2.117e+02
|                ( - -2.665e+02 1 0)
|                ( QUESTION13 -1 -4.663e+04 1.362e+02 2.097e+02
|                    ( QUESTION17 -1 -7.930e+03 1.109e+02 3.608e+01
|                        ( - -7.408e+02 1 0)
|                        ( - -7.078e+03 5 0 QUESTION14 -1 6.350e+01 3.208e+01))
|                    ( - -3.856e+04 2 0 SILENCE -1 8.621e+01 1.736e+02))))))
s>    ( QUESTION0 1 -2.531e+05 1.533e+03 1.139e+03
s>        ( - -6.578e+04 4 0)
s>        ( QUESTION18 -1 -1.858e+05 1.067e+03 8.354e+02
s>            ( - -8.571e+04 3 0 QUESTION19 -1 8.329e+01 3.945e+02)
s>            ( QUESTION0 -1 -9.900e+04 5.046e+02 4.409e+02
s>                ( QUESTION2_0_L -1 -5.141e+04 1.146e+02 2.292e+02
s>                    ( - -5.010e+04 5 0)
s>                    ( - -1.197e+03 1 0))
s>                ( QUESTION4 -1 -4.709e+04 1.959e+02 2.117e+02
s>                    ( - -2.665e+02 1 0)
s>                    ( QUESTION13 -1 -4.663e+04 1.362e+02 2.097e+02
s>                        ( QUESTION17 -1 -7.930e+03 1.109e+02 3.608e+01
s>                            ( - -7.408e+02 1 0)
s>                            ( - -7.078e+03 5 0 QUESTION14 -1 6.350e+01 3.208e+01))
s>                        ( - -3.856e+04 2 0 SILENCE -1 8.621e+01 1.736e+02))))))INFO: dtree.c(1478): Final simple tree
|( SILENCE -1 -2.188e+06 2.147e+03 9.760e+03
|    ( - -1.070e+05 6 0)
|    ( QUESTION2_4_L -1 -2.079e+06 1.378e+03 9.289e+03
|        ( - -4.803e+04 5 0)
|        ( QUESTION14 -1 -2.029e+06 1.307e+03 9.067e+03
|            ( - -3.612e+05 17 0)
|            ( QUESTION16 -1 -1.667e+06 1.116e+03 7.459e+03
|                ( - -8.001e+04 9 0)
|                ( QUESTION0 -1 -1.586e+06 9.368e+02 7.099e+03
|                    ( - -1.471e+06 30 0)
|                    ( QUESTION11 -1 -1.144e+05 5.683e+02 5.075e+02
|                        ( - -2.753e+04 6 0 QUESTION2_15_L -1 2.016e+02 1.260e+02)
|                        ( QUESTION3 -1 -8.629e+04 3.259e+02 3.816e+02
|                            ( - -4.867e+04 6 0)
|                            ( - -3.730e+04 21 0 QUESTION2 -1 1.922e+02 1.647e+02))))))))
s>    ( SILENCE -1 -2.188e+06 2.147e+03 9.760e+03
s>        ( - -1.070e+05 6 0)
s>        ( QUESTION2_4_L -1 -2.079e+06 1.378e+03 9.289e+03
s>            ( - -4.803e+04 5 0)
s>            ( QUESTION14 -1 -2.029e+06 1.307e+03 9.067e+03
s>                ( - -3.612e+05 17 0)
s>                ( QUESTION16 -1 -1.667e+06 1.116e+03 7.459e+03
s>                    ( - -8.001e+04 9 0)
s>                    ( QUESTION0 -1 -1.586e+06 9.368e+02 7.099e+03
s>                        ( - -1.471e+06 30 0)
s>                        ( QUESTION11 -1 -1.144e+05 5.683e+02 5.075e+02
s>                            ( - -2.753e+04 6 0 QUESTION2_15_L -1 2.016e+02 1.260e+02)
s>                            ( QUESTION3 -1 -8.629e+04 3.259e+02 3.816e+02
s>                                ( - -4.867e+04 6 0)
s>                                ( - -3.730e+04 21 0 QUESTION2 -1 1.922e+02 1.647e+02))))))))INFO: dtree.c(1315): Comp split 11
INFO: dtree.c(1478): Final simple tree
|( QUESTION0_15_R 1 -7.299e+05 1.939e+03 3.267e+03
|    ( QUESTION0_16_R 1 -3.830e+05 1.398e+03 1.713e+03
|        ( WDBNDRY_B 0 -1.824e+05 9.245e+02 8.099e+02
|            ( QUESTION14 -1 -3.211e+04 4.815e+02 1.441e+02
|                ( - 2.413e+02 1 0)
|                ( - -3.187e+04 3 0 QUESTION13 -1 2.268e+02 1.431e+02))
|            ( - -1.494e+05 6 0))
|        ( - -1.992e+05 12 0 QUESTION0 -1 4.569e+02 9.026e+02))
|    ( QUESTION10 1 -3.450e+05 9.744e+02 1.554e+03
|        ( - -3.938e+04 7 0 QUESTION0_2_R 1 4.663e+02 1.777e+02)
|        ( QUESTION4 1 -3.046e+05 6.675e+02 1.377e+03
|            ( - -7.973e+04 4 0 QUESTION0_2_R 1 2.390e+02 3.578e+02)
|            ( QUESTION20 1 -2.242e+05 5.932e+02 1.019e+03
|                ( - -3.801e+04 5 0 QUESTION0_11_R 1 3.518e+02 1.729e+02)
|                ( - -1.856e+05 17 0 QUESTION0_10_R 1 3.034e+02 8.461e+02)))))
s>    ( QUESTION0_15_R 1 -7.299e+05 1.939e+03 3.267e+03
s>        ( QUESTION0_16_R 1 -3.830e+05 1.398e+03 1.713e+03
s>            ( WDBNDRY_B 0 -1.824e+05 9.245e+02 8.099e+02
s>                ( QUESTION14 -1 -3.211e+04 4.815e+02 1.441e+02
s>                    ( - 2.413e+02 1 0)
s>                    ( - -3.187e+04 3 0 QUESTION13 -1 2.268e+02 1.431e+02))
s>                ( - -1.494e+05 6 0))
s>            ( - -1.992e+05 12 0 QUESTION0 -1 4.569e+02 9.026e+02))
s>        ( QUESTION10 1 -3.450e+05 9.744e+02 1.554e+03
s>            ( - -3.938e+04 7 0 QUESTION0_2_R 1 4.663e+02 1.777e+02)
s>            ( QUESTION4 1 -3.046e+05 6.675e+02 1.377e+03
s>                ( - -7.973e+04 4 0 QUESTION0_2_R 1 2.390e+02 3.578e+02)
s>                ( QUESTION20 1 -2.242e+05 5.932e+02 1.019e+03
s>                    ( - -3.801e+04 5 0 QUESTION0_11_R 1 3.518e+02 1.729e+02)
s>                    ( - -1.856e+05 17 0 QUESTION0_10_R 1 3.034e+02 8.461e+02)))))INFO: dtree.c(1315): Comp split 12
INFO: dtree.c(1478): Final simple tree
|( QUESTION2_1_L -1 -2.712e+05 1.401e+03 1.201e+03
|    ( QUESTION0 -1 -1.139e+05 6.634e+02 5.133e+02
|        ( - -4.803e+04 5 0)
|        ( QUESTION2_15_L -1 -6.517e+04 3.548e+02 2.907e+02
|            ( - -2.369e+04 4 0)
|            ( QUESTION11 -1 -4.112e+04 1.925e+02 1.817e+02
|                ( - -3.630e+03 2 0)
|                ( QUESTION2 -1 -3.730e+04 1.922e+02 1.647e+02
|                    ( QUESTION6 -1 -1.323e+04 1.425e+02 5.807e+01
|                        ( - -4.557e+03 3 0)
|                        ( - -8.534e+03 8 0 QUESTION8 -1 1.235e+02 3.701e+01))
|                    ( - -2.387e+04 10 0)))))
|    ( SILENCE -1 -1.560e+05 3.155e+02 6.877e+02
|        ( - -1.070e+05 6 0)
|        ( - -4.867e+04 6 0)))
s>    ( QUESTION2_1_L -1 -2.712e+05 1.401e+03 1.201e+03
s>        ( QUESTION0 -1 -1.139e+05 6.634e+02 5.133e+02
s>            ( - -4.803e+04 5 0)
s>            ( QUESTION2_15_L -1 -6.517e+04 3.548e+02 2.907e+02
s>                ( - -2.369e+04 4 0)
s>                ( QUESTION11 -1 -4.112e+04 1.925e+02 1.817e+02
s>                    ( - -3.630e+03 2 0)
s>                    ( QUESTION2 -1 -3.730e+04 1.922e+02 1.647e+02
s>                        ( QUESTION6 -1 -1.323e+04 1.425e+02 5.807e+01
s>                            ( - -4.557e+03 3 0)
s>                            ( - -8.534e+03 8 0 QUESTION8 -1 1.235e+02 3.701e+01))
s>                        ( - -2.387e+04 10 0)))))
s>        ( SILENCE -1 -1.560e+05 3.155e+02 6.877e+02
s>            ( - -1.070e+05 6 0)
s>            ( - -4.867e+04 6 0)))INFO: dtree.c(1439): stop. leaf nodes are specific
INFO: dtree.c(1478): Final simple tree
|( QUESTION0 -1 -1.914e+06 1.326e+03 8.559e+03
|    ( - -1.471e+06 30 0)
|    ( QUESTION14 -1 -4.423e+05 1.009e+03 1.968e+03
|        ( - -3.612e+05 17 0)
|        ( - -8.001e+04 9 0)))
s>    ( QUESTION0 -1 -1.914e+06 1.326e+03 8.559e+03
s>        ( - -1.471e+06 30 0)
s>        ( QUESTION14 -1 -4.423e+05 1.009e+03 1.968e+03
s>            ( - -3.612e+05 17 0)
s>            ( - -8.001e+04 9 0)))INFO: dtree.c(1315): Comp split 13
INFO: dtree.c(1478): Final simple tree
|( QUESTION20 -1 -3.737e+05 1.440e+03 1.702e+03
|    ( - -2.016e+05 2 0)
|    ( QUESTION15 -1 -1.706e+05 6.707e+02 7.713e+02
|        ( - -5.640e+04 1 0)
|        ( QUESTION2_15_L -1 -1.135e+05 3.367e+02 5.169e+02
|            ( - -6.364e+04 1 0)
|            ( QUESTION12 -1 -4.957e+04 1.687e+02 2.259e+02
|                ( - -1.790e+03 1 0)
|                ( QUESTION3 -1 -4.761e+04 1.657e+02 2.179e+02
|                    ( - -2.467e+03 1 0)
|                    ( SILENCE -1 -4.498e+04 1.523e+02 2.059e+02
|                        ( - -1.081e+04 1 0)
|                        ( QUESTION2 -1 -3.402e+04 1.139e+02 1.553e+02
|                            ( - -3.984e+03 1 0)
|                            ( - -2.992e+04 4 0))))))))
s>    ( QUESTION20 -1 -3.737e+05 1.440e+03 1.702e+03
s>        ( - -2.016e+05 2 0)
s>        ( QUESTION15 -1 -1.706e+05 6.707e+02 7.713e+02
s>            ( - -5.640e+04 1 0)
s>            ( QUESTION2_15_L -1 -1.135e+05 3.367e+02 5.169e+02
s>                ( - -6.364e+04 1 0)
s>                ( QUESTION12 -1 -4.957e+04 1.687e+02 2.259e+02
s>                    ( - -1.790e+03 1 0)
s>                    ( QUESTION3 -1 -4.761e+04 1.657e+02 2.179e+02
s>                        ( - -2.467e+03 1 0)
s>                        ( SILENCE -1 -4.498e+04 1.523e+02 2.059e+02
s>                            ( - -1.081e+04 1 0)
s>                            ( QUESTION2 -1 -3.402e+04 1.139e+02 1.553e+02
s>                                ( - -3.984e+03 1 0)
s>                                ( - -2.992e+04 4 0))))))))INFO: dtree.c(1439): stop. leaf nodes are specific
INFO: dtree.c(1478): Final simple tree
|( QUESTION0 -1 -7.042e+05 6.414e+02 3.255e+03
|    ( WDBNDRY_B 0 -6.260e+05 1.742e+02 2.898e+03
|        ( QUESTION2_0_L -1 -6.202e+05 1.656e+02 2.872e+03
|            ( - -6.198e+05 5 0)
|            ( - -2.557e+02 1 0))
|        ( QUESTION0_19_R 1 -5.608e+03 1.299e+02 2.603e+01
|            ( - -5.772e+02 2 0)
|            ( - -4.901e+03 2 0)))
|    ( QUESTION17 -1 -7.758e+04 9.856e+01 3.568e+02
|        ( - -5.404e+02 1 0)
|        ( - -7.694e+04 1 0)))
s>    ( QUESTION0 -1 -7.042e+05 6.414e+02 3.255e+03
s>        ( WDBNDRY_B 0 -6.260e+05 1.742e+02 2.898e+03
s>            ( QUESTION2_0_L -1 -6.202e+05 1.656e+02 2.872e+03
s>                ( - -6.198e+05 5 0)
s>                ( - -2.557e+02 1 0))
s>            ( QUESTION0_19_R 1 -5.608e+03 1.299e+02 2.603e+01
s>                ( - -5.772e+02 2 0)
s>                ( - -4.901e+03 2 0)))
s>        ( QUESTION17 -1 -7.758e+04 9.856e+01 3.568e+02
s>            ( - -5.404e+02 1 0)
s>            ( - -7.694e+04 1 0)))INFO: dtree.c(1315): Comp split 14
INFO: dtree.c(1439): stop. leaf nodes are specific
INFO: dtree.c(1478): Final simple tree
|( QUESTION2_2_L -1 -1.781e+06 1.632e+02 8.047e+03
|    ( - -3.061e+02 1 0)
|    ( QUESTION0 -1 -1.780e+06 1.261e+02 8.045e+03
|        ( - -1.780e+06 29 0)
|        ( - -7.031e+02 1 0)))
s>    ( QUESTION2_2_L -1 -1.781e+06 1.632e+02 8.047e+03
s>        ( - -3.061e+02 1 0)
s>        ( QUESTION0 -1 -1.780e+06 1.261e+02 8.045e+03
s>            ( - -1.780e+06 29 0)
s>            ( - -7.031e+02 1 0)))INFO: dtree.c(1439): stop. leaf nodes are specific
INFO: dtree.c(1478): Final simple tree
|( QUESTION2 -1 -2.712e+05 1.450e+03 1.229e+03
|    ( QUESTION0 1 -9.568e+04 3.679e+02 4.380e+02
|        ( QUESTION5 -1 -7.823e+04 1.223e+02 3.588e+02
|            ( - -1.905e+03 2 0)
|            ( - -7.620e+04 4 0))
|        ( - -1.708e+04 1 0))
|    ( WDBNDRY_E 0 -1.741e+05 2.038e+02 7.913e+02
|        ( - -5.973e+03 4 0)
|        ( - -1.679e+05 15 0)))
s>    ( QUESTION2 -1 -2.712e+05 1.450e+03 1.229e+03
s>        ( QUESTION0 1 -9.568e+04 3.679e+02 4.380e+02
s>            ( QUESTION5 -1 -7.823e+04 1.223e+02 3.588e+02
s>                ( - -1.905e+03 2 0)
s>                ( - -7.620e+04 4 0))
s>            ( - -1.708e+04 1 0))
s>        ( WDBNDRY_E 0 -1.741e+05 2.038e+02 7.913e+02
s>            ( - -5.973e+03 4 0)
s>            ( - -1.679e+05 15 0)))INFO: dtree.c(1315): Comp split 15
INFO: dtree.c(1478): Final simple tree
|( QUESTION10 1 -3.450e+05 9.744e+02 1.554e+03
|    ( QUESTION0_2_R 1 -3.938e+04 4.663e+02 1.777e+02
|        ( QUESTION11 1 -3.915e+04 2.547e+02 1.767e+02
|            ( - -3.201e+04 3 0)
|            ( - -6.888e+03 3 0))
|        ( - 2.410e+02 1 0))
|    ( QUESTION4 1 -3.046e+05 6.675e+02 1.377e+03
|        ( - -7.973e+04 4 0 QUESTION0_2_R 1 2.390e+02 3.578e+02)
|        ( QUESTION20 1 -2.242e+05 5.932e+02 1.019e+03
|            ( QUESTION0_11_R 1 -3.801e+04 3.518e+02 1.729e+02
|                ( - -3.173e+04 4 0)
|                ( - -5.922e+03 1 0))
|            ( QUESTION0_10_R 1 -1.856e+05 3.034e+02 8.461e+02
|                ( - -1.587e+05 9 0 QUESTION0 -1 1.170e+02 7.227e+02)
|                ( - -2.662e+04 8 0 SILENCE 1 2.478e+02 1.233e+02)))))
s>    ( QUESTION10 1 -3.450e+05 9.744e+02 1.554e+03
s>        ( QUESTION0_2_R 1 -3.938e+04 4.663e+02 1.777e+02
s>            ( QUESTION11 1 -3.915e+04 2.547e+02 1.767e+02
s>                ( - -3.201e+04 3 0)
s>                ( - -6.888e+03 3 0))
s>            ( - 2.410e+02 1 0))
s>        ( QUESTION4 1 -3.046e+05 6.675e+02 1.377e+03
s>            ( - -7.973e+04 4 0 QUESTION0_2_R 1 2.390e+02 3.578e+02)
s>            ( QUESTION20 1 -2.242e+05 5.932e+02 1.019e+03
s>                ( QUESTION0_11_R 1 -3.801e+04 3.518e+02 1.729e+02
s>                    ( - -3.173e+04 4 0)
s>                    ( - -5.922e+03 1 0))
s>                ( QUESTION0_10_R 1 -1.856e+05 3.034e+02 8.461e+02
s>                    ( - -1.587e+05 9 0 QUESTION0 -1 1.170e+02 7.227e+02)
s>                    ( - -2.662e+04 8 0 SILENCE 1 2.478e+02 1.233e+02)))))INFO: dtree.c(1478): Final simple tree
|( QUESTION0_16_R 1 -3.830e+05 1.398e+03 1.713e+03
|    ( WDBNDRY_B 0 -1.824e+05 9.245e+02 8.099e+02
|        ( QUESTION14 -1 -3.211e+04 4.815e+02 1.441e+02
|            ( - 2.413e+02 1 0)
|            ( QUESTION13 -1 -3.187e+04 2.268e+02 1.431e+02
|                ( - -2.346e+02 1 0)
|                ( - -3.141e+04 2 0 SILENCE -1 1.095e+02 1.411e+02)))
|        ( - -1.494e+05 6 0))
|    ( QUESTION0 -1 -1.992e+05 4.569e+02 9.026e+02
|        ( QUESTION17 1 -1.897e+05 3.241e+02 8.586e+02
|            ( - -1.584e+04 4 0)
|            ( - -1.735e+05 4 0))
|        ( QUESTION17 1 -9.017e+03 2.261e+02 4.400e+01
|            ( - -1.634e+03 2 0)
|            ( - -7.157e+03 2 0))))
s>    ( QUESTION0_16_R 1 -3.830e+05 1.398e+03 1.713e+03
s>        ( WDBNDRY_B 0 -1.824e+05 9.245e+02 8.099e+02
s>            ( QUESTION14 -1 -3.211e+04 4.815e+02 1.441e+02
s>                ( - 2.413e+02 1 0)
s>                ( QUESTION13 -1 -3.187e+04 2.268e+02 1.431e+02
s>                    ( - -2.346e+02 1 0)
s>                    ( - -3.141e+04 2 0 SILENCE -1 1.095e+02 1.411e+02)))
s>            ( - -1.494e+05 6 0))
s>        ( QUESTION0 -1 -1.992e+05 4.569e+02 9.026e+02
s>            ( QUESTION17 1 -1.897e+05 3.241e+02 8.586e+02
s>                ( - -1.584e+04 4 0)
s>                ( - -1.735e+05 4 0))
s>            ( QUESTION17 1 -9.017e+03 2.261e+02 4.400e+01
s>                ( - -1.634e+03 2 0)
s>                ( - -7.157e+03 2 0))))INFO: dtree.c(1315): Comp split 16
INFO: dtree.c(1478): Final simple tree
|( QUESTION18 -1 -1.858e+05 1.067e+03 8.354e+02
|    ( - -8.571e+04 3 0 QUESTION19 -1 8.329e+01 3.945e+02)
|    ( QUESTION0 -1 -9.900e+04 5.046e+02 4.409e+02
|        ( QUESTION2_0_L -1 -5.141e+04 1.146e+02 2.292e+02
|            ( - -5.010e+04 5 0)
|            ( - -1.197e+03 1 0))
|        ( QUESTION4 -1 -4.709e+04 1.959e+02 2.117e+02
|            ( - -2.665e+02 1 0)
|            ( QUESTION13 -1 -4.663e+04 1.362e+02 2.097e+02
|                ( QUESTION17 -1 -7.930e+03 1.109e+02 3.608e+01
|                    ( - -7.408e+02 1 0)
|                    ( - -7.078e+03 5 0 QUESTION14 -1 6.350e+01 3.208e+01))
|                ( SILENCE -1 -3.856e+04 8.621e+01 1.736e+02
|                    ( - -2.896e+04 1 0)
|                    ( - -9.518e+03 1 0))))))
s>    ( QUESTION18 -1 -1.858e+05 1.067e+03 8.354e+02
s>        ( - -8.571e+04 3 0 QUESTION19 -1 8.329e+01 3.945e+02)
s>        ( QUESTION0 -1 -9.900e+04 5.046e+02 4.409e+02
s>            ( QUESTION2_0_L -1 -5.141e+04 1.146e+02 2.292e+02
s>                ( - -5.010e+04 5 0)
s>                ( - -1.197e+03 1 0))
s>            ( QUESTION4 -1 -4.709e+04 1.959e+02 2.117e+02
s>                ( - -2.665e+02 1 0)
s>                ( QUESTION13 -1 -4.663e+04 1.362e+02 2.097e+02
s>                    ( QUESTION17 -1 -7.930e+03 1.109e+02 3.608e+01
s>                        ( - -7.408e+02 1 0)
s>                        ( - -7.078e+03 5 0 QUESTION14 -1 6.350e+01 3.208e+01))
s>                    ( SILENCE -1 -3.856e+04 8.621e+01 1.736e+02
s>                        ( - -2.896e+04 1 0)
s>                        ( - -9.518e+03 1 0))))))INFO: dtree.c(1315): Comp split 17
INFO: dtree.c(1439): stop. leaf nodes are specific
INFO: dtree.c(1478): Final simple tree
|( WDBNDRY_B 0 -1.738e+05 4.768e+02 7.872e+02
|    ( - 2.413e+02 1 0)
|    ( - -1.735e+05 4 0))
s>    ( WDBNDRY_B 0 -1.738e+05 4.768e+02 7.872e+02
s>        ( - 2.413e+02 1 0)
s>        ( - -1.735e+05 4 0))INFO: dtree.c(1439): stop. leaf nodes are specific
INFO: dtree.c(1478): Final simple tree
|( WDBNDRY_B 0 -2.077e+05 8.966e+02 9.253e+02
|    ( QUESTION13 -1 -3.187e+04 2.268e+02 1.431e+02
|        ( - -2.346e+02 1 0)
|        ( SILENCE -1 -3.141e+04 1.095e+02 1.411e+02
|            ( - -2.007e+04 1 0)
|            ( - -1.123e+04 1 0)))
|    ( QUESTION0 -1 -1.750e+05 4.398e+02 7.822e+02
|        ( QUESTION0_16_R 1 -1.655e+05 2.539e+02 7.382e+02
|            ( - -1.494e+05 6 0)
|            ( - -1.584e+04 4 0))
|        ( QUESTION17 1 -9.017e+03 2.261e+02 4.400e+01
|            ( - -1.634e+03 2 0)
|            ( - -7.157e+03 2 0))))
s>    ( WDBNDRY_B 0 -2.077e+05 8.966e+02 9.253e+02
s>        ( QUESTION13 -1 -3.187e+04 2.268e+02 1.431e+02
s>            ( - -2.346e+02 1 0)
s>            ( SILENCE -1 -3.141e+04 1.095e+02 1.411e+02
s>                ( - -2.007e+04 1 0)
s>                ( - -1.123e+04 1 0)))
s>        ( QUESTION0 -1 -1.750e+05 4.398e+02 7.822e+02
s>            ( QUESTION0_16_R 1 -1.655e+05 2.539e+02 7.382e+02
s>                ( - -1.494e+05 6 0)
s>                ( - -1.584e+04 4 0))
s>            ( QUESTION17 1 -9.017e+03 2.261e+02 4.400e+01
s>                ( - -1.634e+03 2 0)
s>                ( - -7.157e+03 2 0))))INFO: dtree.c(1315): Comp split 18
INFO: dtree.c(1439): stop. leaf nodes are specific
INFO: dtree.c(1478): Final simple tree
|( SILENCE -1 -1.695e+05 3.463e+02 7.458e+02
|    ( - -1.070e+05 6 0)
|    ( QUESTION3 -1 -6.214e+04 2.378e+02 2.749e+02
|        ( - -4.867e+04 6 0)
|        ( QUESTION6 -1 -1.323e+04 1.425e+02 5.807e+01
|            ( - -4.557e+03 3 0)
|            ( QUESTION8 -1 -8.534e+03 1.235e+02 3.701e+01
|                ( - -5.452e+02 1 0)
|                ( QUESTION5 -1 -7.865e+03 1.055e+02 3.401e+01
|                    ( - -2.197e+03 2 0)
|                    ( - -5.562e+03 5 0))))))
s>    ( SILENCE -1 -1.695e+05 3.463e+02 7.458e+02
s>        ( - -1.070e+05 6 0)
s>        ( QUESTION3 -1 -6.214e+04 2.378e+02 2.749e+02
s>            ( - -4.867e+04 6 0)
s>            ( QUESTION6 -1 -1.323e+04 1.425e+02 5.807e+01
s>                ( - -4.557e+03 3 0)
s>                ( QUESTION8 -1 -8.534e+03 1.235e+02 3.701e+01
s>                    ( - -5.452e+02 1 0)
s>                    ( QUESTION5 -1 -7.865e+03 1.055e+02 3.401e+01
s>                        ( - -2.197e+03 2 0)
s>                        ( - -5.562e+03 5 0))))))INFO: dtree.c(1439): stop. leaf nodes are specific
INFO: dtree.c(1478): Final simple tree
|( QUESTION0 -1 -1.003e+05 5.663e+02 4.552e+02
|    ( - -4.803e+04 5 0)
|    ( QUESTION2_15_L -1 -5.168e+04 3.004e+02 2.326e+02
|        ( - -2.369e+04 4 0)
|        ( QUESTION2 -1 -2.768e+04 1.818e+02 1.237e+02
|            ( - -3.630e+03 2 0)
|            ( - -2.387e+04 10 0))))
s>    ( QUESTION0 -1 -1.003e+05 5.663e+02 4.552e+02
s>        ( - -4.803e+04 5 0)
s>        ( QUESTION2_15_L -1 -5.168e+04 3.004e+02 2.326e+02
s>            ( - -2.369e+04 4 0)
s>            ( QUESTION2 -1 -2.768e+04 1.818e+02 1.237e+02
s>                ( - -3.630e+03 2 0)
s>                ( - -2.387e+04 10 0))))INFO: dtree.c(1315): Comp split 19
INFO: dtree.c(1439): stop. leaf nodes are specific
INFO: dtree.c(1478): Final simple tree
|( QUESTION0 1 -9.568e+04 3.679e+02 4.380e+02
|    ( QUESTION5 -1 -7.823e+04 1.223e+02 3.588e+02
|        ( - -1.905e+03 2 0)
|        ( - -7.620e+04 4 0))
|    ( - -1.708e+04 1 0))
s>    ( QUESTION0 1 -9.568e+04 3.679e+02 4.380e+02
s>        ( QUESTION5 -1 -7.823e+04 1.223e+02 3.588e+02
s>            ( - -1.905e+03 2 0)
s>            ( - -7.620e+04 4 0))
s>        ( - -1.708e+04 1 0))INFO: dtree.c(1439): stop. leaf nodes are specific
INFO: dtree.c(1478): Final simple tree
|( WDBNDRY_E 0 -1.741e+05 2.038e+02 7.913e+02
|    ( - -5.973e+03 4 0)
|    ( - -1.679e+05 15 0))
s>    ( WDBNDRY_E 0 -1.741e+05 2.038e+02 7.913e+02
s>        ( - -5.973e+03 4 0)
s>        ( - -1.679e+05 15 0))INFO: dtree.c(1315): Comp split 20
INFO: dtree.c(1439): stop. leaf nodes are specific
INFO: dtree.c(1478): Final simple tree
|( QUESTION15 -1 -1.706e+05 6.707e+02 7.713e+02
|    ( - -5.640e+04 1 0)
|    ( QUESTION2_15_L -1 -1.135e+05 3.367e+02 5.169e+02
|        ( - -6.364e+04 1 0)
|        ( QUESTION12 -1 -4.957e+04 1.687e+02 2.259e+02
|            ( - -1.790e+03 1 0)
|            ( QUESTION3 -1 -4.761e+04 1.657e+02 2.179e+02
|                ( - -2.467e+03 1 0)
|                ( SILENCE -1 -4.498e+04 1.523e+02 2.059e+02
|                    ( - -1.081e+04 1 0)
|                    ( QUESTION2 -1 -3.402e+04 1.139e+02 1.553e+02
|                        ( - -3.984e+03 1 0)
|                        ( - -2.992e+04 4 0)))))))
s>    ( QUESTION15 -1 -1.706e+05 6.707e+02 7.713e+02
s>        ( - -5.640e+04 1 0)
s>        ( QUESTION2_15_L -1 -1.135e+05 3.367e+02 5.169e+02
s>            ( - -6.364e+04 1 0)
s>            ( QUESTION12 -1 -4.957e+04 1.687e+02 2.259e+02
s>                ( - -1.790e+03 1 0)
s>                ( QUESTION3 -1 -4.761e+04 1.657e+02 2.179e+02
s>                    ( - -2.467e+03 1 0)
s>                    ( SILENCE -1 -4.498e+04 1.523e+02 2.059e+02
s>                        ( - -1.081e+04 1 0)
s>                        ( QUESTION2 -1 -3.402e+04 1.139e+02 1.553e+02
s>                            ( - -3.984e+03 1 0)
s>                            ( - -2.992e+04 4 0)))))))INFO: dtree.c(1315): Comp split 21
INFO: dtree.c(1439): stop. leaf nodes are specific
INFO: dtree.c(1478): Final simple tree
|( QUESTION14 -1 -4.423e+05 1.009e+03 1.968e+03
|    ( - -3.612e+05 17 0)
|    ( - -8.001e+04 9 0))
s>    ( QUESTION14 -1 -4.423e+05 1.009e+03 1.968e+03
s>        ( - -3.612e+05 17 0)
s>        ( - -8.001e+04 9 0))INFO: dtree.c(1315): Comp split 22
INFO: dtree.c(1439): stop. leaf nodes are specific
INFO: dtree.c(1478): Final simple tree
|( QUESTION0_16_R 1 -2.516e+04 3.143e+02 1.150e+02
|    ( - -1.435e+03 1 0)
|    ( QUESTION0_9_R 1 -2.341e+04 1.516e+02 1.080e+02
|        ( - -2.026e+03 3 0)
|        ( - -2.124e+04 7 0)))
s>    ( QUESTION0_16_R 1 -2.516e+04 3.143e+02 1.150e+02
s>        ( - -1.435e+03 1 0)
s>        ( QUESTION0_9_R 1 -2.341e+04 1.516e+02 1.080e+02
s>            ( - -2.026e+03 3 0)
s>            ( - -2.124e+04 7 0)))INFO: dtree.c(1315): Comp split 23
INFO: dtree.c(1439): stop. leaf nodes are specific
INFO: dtree.c(1478): Final simple tree
|( QUESTION0 -1 -9.637e+04 5.089e+02 4.289e+02
|    ( - -5.010e+04 5 0)
|    ( QUESTION13 -1 -4.577e+04 1.274e+02 2.057e+02
|        ( QUESTION14 -1 -7.078e+03 6.350e+01 3.208e+01
|            ( - -5.510e+03 4 0)
|            ( - -1.504e+03 1 0))
|        ( SILENCE -1 -3.856e+04 8.621e+01 1.736e+02
|            ( - -2.896e+04 1 0)
|            ( - -9.518e+03 1 0))))
s>    ( QUESTION0 -1 -9.637e+04 5.089e+02 4.289e+02
s>        ( - -5.010e+04 5 0)
s>        ( QUESTION13 -1 -4.577e+04 1.274e+02 2.057e+02
s>            ( QUESTION14 -1 -7.078e+03 6.350e+01 3.208e+01
s>                ( - -5.510e+03 4 0)
s>                ( - -1.504e+03 1 0))
s>            ( SILENCE -1 -3.856e+04 8.621e+01 1.736e+02
s>                ( - -2.896e+04 1 0)
s>                ( - -9.518e+03 1 0))))INFO: dtree.c(1439): stop. leaf nodes are specific
INFO: dtree.c(1478): Final simple tree
|( QUESTION2 -1 -8.832e+04 1.859e+02 4.065e+02
|    ( - -2.665e+02 1 0)
|    ( QUESTION18 -1 -8.787e+04 1.389e+02 4.045e+02
|        ( QUESTION19 -1 -8.571e+04 8.329e+01 3.945e+02
|            ( - -8.267e+04 1 0)
|            ( - -2.956e+03 2 0))
|        ( QUESTION0 -1 -2.018e+03 8.039e+01 1.000e+01
|            ( - -1.197e+03 1 0)
|            ( - -7.408e+02 1 0))))
s>    ( QUESTION2 -1 -8.832e+04 1.859e+02 4.065e+02
s>        ( - -2.665e+02 1 0)
s>        ( QUESTION18 -1 -8.787e+04 1.389e+02 4.045e+02
s>            ( QUESTION19 -1 -8.571e+04 8.329e+01 3.945e+02
s>                ( - -8.267e+04 1 0)
s>                ( - -2.956e+03 2 0))
s>            ( QUESTION0 -1 -2.018e+03 8.039e+01 1.000e+01
s>                ( - -1.197e+03 1 0)
s>                ( - -7.408e+02 1 0))))INFO: dtree.c(1315): Comp split 24
INFO: dtree.c(1315): Comp split 25
INFO: dtree.c(1439): stop. leaf nodes are specific
INFO: dtree.c(1478): Final simple tree
|( QUESTION0_2_R 1 -3.224e+04 4.665e+02 1.466e+02
|    ( - -3.201e+04 3 0)
|    ( - 2.410e+02 1 0))
s>    ( QUESTION0_2_R 1 -3.224e+04 4.665e+02 1.466e+02
s>        ( - -3.201e+04 3 0)
s>        ( - 2.410e+02 1 0))INFO: dtree.c(1478): Final simple tree
|( QUESTION5 1 -3.117e+05 6.590e+02 1.408e+03
|    ( - -7.973e+04 4 0 QUESTION0_2_R 1 2.390e+02 3.578e+02)
|    ( QUESTION20 1 -2.314e+05 5.823e+02 1.050e+03
|        ( QUESTION0_11_R 1 -3.801e+04 3.518e+02 1.729e+02
|            ( - -3.173e+04 4 0)
|            ( - -5.922e+03 1 0))
|        ( QUESTION2 1 -1.928e+05 3.204e+02 8.772e+02
|            ( QUESTION0 -1 -1.905e+04 4.479e+02 8.714e+01
|                ( QUESTION0_2_R 1 -1.881e+04 2.442e+02 8.614e+01
|                    ( - -6.888e+03 3 0)
|                    ( - -1.168e+04 3 0))
|                ( - 2.159e+02 1 0))
|            ( SILENCE 1 -1.734e+05 2.614e+02 7.900e+02
|                ( - -1.446e+04 4 0 QUESTION0 -1 1.538e+02 6.733e+01)
|                ( - -1.587e+05 9 0 QUESTION0 -1 1.170e+02 7.227e+02)))))
s>    ( QUESTION5 1 -3.117e+05 6.590e+02 1.408e+03
s>        ( - -7.973e+04 4 0 QUESTION0_2_R 1 2.390e+02 3.578e+02)
s>        ( QUESTION20 1 -2.314e+05 5.823e+02 1.050e+03
s>            ( QUESTION0_11_R 1 -3.801e+04 3.518e+02 1.729e+02
s>                ( - -3.173e+04 4 0)
s>                ( - -5.922e+03 1 0))
s>            ( QUESTION2 1 -1.928e+05 3.204e+02 8.772e+02
s>                ( QUESTION0 -1 -1.905e+04 4.479e+02 8.714e+01
s>                    ( QUESTION0_2_R 1 -1.881e+04 2.442e+02 8.614e+01
s>                        ( - -6.888e+03 3 0)
s>                        ( - -1.168e+04 3 0))
s>                    ( - 2.159e+02 1 0))
s>                ( SILENCE 1 -1.734e+05 2.614e+02 7.900e+02
s>                    ( - -1.446e+04 4 0 QUESTION0 -1 1.538e+02 6.733e+01)
s>                    ( - -1.587e+05 9 0 QUESTION0 -1 1.170e+02 7.227e+02)))))INFO: dtree.c(1315): Comp split 26
INFO: dtree.c(1439): stop. leaf nodes are specific
INFO: dtree.c(1478): Final simple tree
|( QUESTION0 -1 -1.750e+05 4.398e+02 7.822e+02
|    ( QUESTION0_16_R 1 -1.655e+05 2.539e+02 7.382e+02
|        ( - -1.494e+05 6 0)
|        ( - -1.584e+04 4 0))
|    ( QUESTION17 1 -9.017e+03 2.261e+02 4.400e+01
|        ( - -1.634e+03 2 0)
|        ( - -7.157e+03 2 0)))
s>    ( QUESTION0 -1 -1.750e+05 4.398e+02 7.822e+02
s>        ( QUESTION0_16_R 1 -1.655e+05 2.539e+02 7.382e+02
s>            ( - -1.494e+05 6 0)
s>            ( - -1.584e+04 4 0))
s>        ( QUESTION17 1 -9.017e+03 2.261e+02 4.400e+01
s>            ( - -1.634e+03 2 0)
s>            ( - -7.157e+03 2 0)))INFO: dtree.c(1439): stop. leaf nodes are specific
INFO: dtree.c(1478): Final simple tree
|( QUESTION13 -1 -3.187e+04 2.268e+02 1.431e+02
|    ( - -2.346e+02 1 0)
|    ( SILENCE -1 -3.141e+04 1.095e+02 1.411e+02
|        ( - -2.007e+04 1 0)
|        ( - -1.123e+04 1 0)))
s>    ( QUESTION13 -1 -3.187e+04 2.268e+02 1.431e+02
s>        ( - -2.346e+02 1 0)
s>        ( SILENCE -1 -3.141e+04 1.095e+02 1.411e+02
s>            ( - -2.007e+04 1 0)
s>            ( - -1.123e+04 1 0)))INFO: dtree.c(1315): Comp split 27
INFO: dtree.c(1439): stop. leaf nodes are specific
INFO: dtree.c(1478): Final simple tree
|( QUESTION2_15_L -1 -1.135e+05 3.367e+02 5.169e+02
|    ( - -6.364e+04 1 0)
|    ( QUESTION12 -1 -4.957e+04 1.687e+02 2.259e+02
|        ( - -1.790e+03 1 0)
|        ( QUESTION3 -1 -4.761e+04 1.657e+02 2.179e+02
|            ( - -2.467e+03 1 0)
|            ( SILENCE -1 -4.498e+04 1.523e+02 2.059e+02
|                ( - -1.081e+04 1 0)
|                ( QUESTION2 -1 -3.402e+04 1.139e+02 1.553e+02
|                    ( - -3.984e+03 1 0)
|                    ( - -2.992e+04 4 0))))))
s>    ( QUESTION2_15_L -1 -1.135e+05 3.367e+02 5.169e+02
s>        ( - -6.364e+04 1 0)
s>        ( QUESTION12 -1 -4.957e+04 1.687e+02 2.259e+02
s>            ( - -1.790e+03 1 0)
s>            ( QUESTION3 -1 -4.761e+04 1.657e+02 2.179e+02
s>                ( - -2.467e+03 1 0)
s>                ( SILENCE -1 -4.498e+04 1.523e+02 2.059e+02
s>                    ( - -1.081e+04 1 0)
s>                    ( QUESTION2 -1 -3.402e+04 1.139e+02 1.553e+02
s>                        ( - -3.984e+03 1 0)
s>                        ( - -2.992e+04 4 0))))))INFO: dtree.c(1315): Comp split 28
INFO: dtree.c(1478): Final simple tree
|( QUESTION20 1 -2.314e+05 5.823e+02 1.050e+03
|    ( QUESTION0_11_R 1 -3.801e+04 3.518e+02 1.729e+02
|        ( - -3.173e+04 4 0)
|        ( - -5.922e+03 1 0))
|    ( QUESTION2 1 -1.928e+05 3.204e+02 8.772e+02
|        ( QUESTION0 -1 -1.905e+04 4.479e+02 8.714e+01
|            ( QUESTION0_2_R 1 -1.881e+04 2.442e+02 8.614e+01
|                ( - -6.888e+03 3 0)
|                ( - -1.168e+04 3 0))
|            ( - 2.159e+02 1 0))
|        ( SILENCE 1 -1.734e+05 2.614e+02 7.900e+02
|            ( QUESTION0 -1 -1.446e+04 1.538e+02 6.733e+01
|                ( - -1.382e+04 3 0)
|                ( - -4.878e+02 1 0))
|            ( - -1.587e+05 9 0 QUESTION0 -1 1.170e+02 7.227e+02))))
s>    ( QUESTION20 1 -2.314e+05 5.823e+02 1.050e+03
s>        ( QUESTION0_11_R 1 -3.801e+04 3.518e+02 1.729e+02
s>            ( - -3.173e+04 4 0)
s>            ( - -5.922e+03 1 0))
s>        ( QUESTION2 1 -1.928e+05 3.204e+02 8.772e+02
s>            ( QUESTION0 -1 -1.905e+04 4.479e+02 8.714e+01
s>                ( QUESTION0_2_R 1 -1.881e+04 2.442e+02 8.614e+01
s>                    ( - -6.888e+03 3 0)
s>                    ( - -1.168e+04 3 0))
s>                ( - 2.159e+02 1 0))
s>            ( SILENCE 1 -1.734e+05 2.614e+02 7.900e+02
s>                ( QUESTION0 -1 -1.446e+04 1.538e+02 6.733e+01
s>                    ( - -1.382e+04 3 0)
s>                    ( - -4.878e+02 1 0))
s>                ( - -1.587e+05 9 0 QUESTION0 -1 1.170e+02 7.227e+02))))INFO: dtree.c(1439): stop. leaf nodes are specific
INFO: dtree.c(1478): Final simple tree
|( QUESTION0_2_R 1 -7.973e+04 2.390e+02 3.578e+02
|    ( QUESTION0_5_R 1 -3.370e+04 1.497e+02 1.513e+02
|        ( QUESTION0 -1 -3.302e+04 1.331e+02 1.483e+02
|            ( - -3.146e+04 1 0)
|            ( - -1.420e+03 1 0))
|        ( - -5.314e+02 1 0))
|    ( - -4.579e+04 1 0))
s>    ( QUESTION0_2_R 1 -7.973e+04 2.390e+02 3.578e+02
s>        ( QUESTION0_5_R 1 -3.370e+04 1.497e+02 1.513e+02
s>            ( QUESTION0 -1 -3.302e+04 1.331e+02 1.483e+02
s>                ( - -3.146e+04 1 0)
s>                ( - -1.420e+03 1 0))
s>            ( - -5.314e+02 1 0))
s>        ( - -4.579e+04 1 0))INFO: dtree.c(1315): Comp split 29
INFO: dtree.c(1439): stop. leaf nodes are specific
INFO: dtree.c(1478): Final simple tree
|( QUESTION17 -1 -7.758e+04 9.856e+01 3.568e+02
|    ( - -5.404e+02 1 0)
|    ( - -7.694e+04 1 0))
s>    ( QUESTION17 -1 -7.758e+04 9.856e+01 3.568e+02
s>        ( - -5.404e+02 1 0)
s>        ( - -7.694e+04 1 0))INFO: dtree.c(1439): stop. leaf nodes are specific
INFO: dtree.c(1478): Final simple tree
|( WDBNDRY_B 0 -6.260e+05 1.742e+02 2.898e+03
|    ( QUESTION2_0_L -1 -6.202e+05 1.656e+02 2.872e+03
|        ( - -6.198e+05 5 0)
|        ( - -2.557e+02 1 0))
|    ( QUESTION0_19_R 1 -5.608e+03 1.299e+02 2.603e+01
|        ( - -5.772e+02 2 0)
|        ( - -4.901e+03 2 0)))
s>    ( WDBNDRY_B 0 -6.260e+05 1.742e+02 2.898e+03
s>        ( QUESTION2_0_L -1 -6.202e+05 1.656e+02 2.872e+03
s>            ( - -6.198e+05 5 0)
s>            ( - -2.557e+02 1 0))
s>        ( QUESTION0_19_R 1 -5.608e+03 1.299e+02 2.603e+01
s>            ( - -5.772e+02 2 0)
s>            ( - -4.901e+03 2 0)))INFO: dtree.c(1315): Comp split 30
INFO: dtree.c(1439): stop. leaf nodes are specific
INFO: dtree.c(1478): Final simple tree
|( QUESTION2 1 -1.928e+05 3.204e+02 8.772e+02
|    ( QUESTION0 -1 -1.905e+04 4.479e+02 8.714e+01
|        ( QUESTION0_2_R 1 -1.881e+04 2.442e+02 8.614e+01
|            ( - -6.888e+03 3 0)
|            ( - -1.168e+04 3 0))
|        ( - 2.159e+02 1 0))
|    ( SILENCE 1 -1.734e+05 2.614e+02 7.900e+02
|        ( QUESTION0 -1 -1.446e+04 1.538e+02 6.733e+01
|            ( - -1.382e+04 3 0)
|            ( - -4.878e+02 1 0))
|        ( QUESTION0 -1 -1.587e+05 1.170e+02 7.227e+02
|            ( - -1.576e+05 8 0)
|            ( - -9.913e+02 1 0))))
s>    ( QUESTION2 1 -1.928e+05 3.204e+02 8.772e+02
s>        ( QUESTION0 -1 -1.905e+04 4.479e+02 8.714e+01
s>            ( QUESTION0_2_R 1 -1.881e+04 2.442e+02 8.614e+01
s>                ( - -6.888e+03 3 0)
s>                ( - -1.168e+04 3 0))
s>            ( - 2.159e+02 1 0))
s>        ( SILENCE 1 -1.734e+05 2.614e+02 7.900e+02
s>            ( QUESTION0 -1 -1.446e+04 1.538e+02 6.733e+01
s>                ( - -1.382e+04 3 0)
s>                ( - -4.878e+02 1 0))
s>            ( QUESTION0 -1 -1.587e+05 1.170e+02 7.227e+02
s>                ( - -1.576e+05 8 0)
s>                ( - -9.913e+02 1 0))))INFO: dtree.c(1439): stop. leaf nodes are specific
INFO: dtree.c(1478): Final simple tree
|( QUESTION0_11_R 1 -3.801e+04 3.518e+02 1.729e+02
|    ( - -3.173e+04 4 0)
|    ( - -5.922e+03 1 0))
s>    ( QUESTION0_11_R 1 -3.801e+04 3.518e+02 1.729e+02
s>        ( - -3.173e+04 4 0)
s>        ( - -5.922e+03 1 0))INFO: dtree.c(1315): Comp split 31
INFO: dtree.c(1439): stop. leaf nodes are specific
INFO: dtree.c(1478): Final simple tree
|( QUESTION2_15_L -1 -5.168e+04 3.004e+02 2.326e+02
|    ( - -2.369e+04 4 0)
|    ( QUESTION2 -1 -2.768e+04 1.818e+02 1.237e+02
|        ( - -3.630e+03 2 0)
|        ( - -2.387e+04 10 0)))
s>    ( QUESTION2_15_L -1 -5.168e+04 3.004e+02 2.326e+02
s>        ( - -2.369e+04 4 0)
s>        ( QUESTION2 -1 -2.768e+04 1.818e+02 1.237e+02
s>            ( - -3.630e+03 2 0)
s>            ( - -2.387e+04 10 0)))INFO: dtree.c(1315): Comp split 32
INFO: dtree.c(1439): stop. leaf nodes are specific
INFO: dtree.c(1478): Final simple tree
|( QUESTION13 -1 -4.419e+04 1.166e+02 1.987e+02
|    ( - -5.510e+03 4 0)
|    ( SILENCE -1 -3.856e+04 8.621e+01 1.736e+02
|        ( - -2.896e+04 1 0)
|        ( - -9.518e+03 1 0)))
s>    ( QUESTION13 -1 -4.419e+04 1.166e+02 1.987e+02
s>        ( - -5.510e+03 4 0)
s>        ( SILENCE -1 -3.856e+04 8.621e+01 1.736e+02
s>            ( - -2.896e+04 1 0)
s>            ( - -9.518e+03 1 0)))INFO: dtree.c(1439): stop. leaf nodes are specific
INFO: dtree.c(1478): Final simple tree
|( QUESTION0 -1 -5.167e+04 7.141e+01 2.302e+02
|    ( - -5.010e+04 5 0)
|    ( - -1.504e+03 1 0))
s>    ( QUESTION0 -1 -5.167e+04 7.141e+01 2.302e+02
s>        ( - -5.010e+04 5 0)
s>        ( - -1.504e+03 1 0))INFO: dtree.c(1315): Comp split 33
INFO: dtree.c(1439): stop. leaf nodes are specific
INFO: dtree.c(1478): Final simple tree
|( QUESTION0_16_R 1 -1.673e+05 2.605e+02 7.462e+02
|    ( - -1.494e+05 6 0)
|    ( QUESTION0 -1 -1.762e+04 1.489e+02 8.046e+01
|        ( - -1.584e+04 4 0)
|        ( - -1.634e+03 2 0)))
s>    ( QUESTION0_16_R 1 -1.673e+05 2.605e+02 7.462e+02
s>        ( - -1.494e+05 6 0)
s>        ( QUESTION0 -1 -1.762e+04 1.489e+02 8.046e+01
s>            ( - -1.584e+04 4 0)
s>            ( - -1.634e+03 2 0)))INFO: dtree.c(1315): Comp split 34
INFO: dtree.c(1315): Comp split 35
INFO: dtree.c(1439): stop. leaf nodes are specific
INFO: dtree.c(1478): Final simple tree
|( QUESTION2 -1 -1.302e+04 1.542e+02 5.917e+01
|    ( - -2.861e+03 1 0)
|    ( QUESTION0 -1 -1.000e+04 1.321e+02 4.578e+01
|        ( - -9.551e+03 4 0)
|        ( - -3.189e+02 1 0)))
s>    ( QUESTION2 -1 -1.302e+04 1.542e+02 5.917e+01
s>        ( - -2.861e+03 1 0)
s>        ( QUESTION0 -1 -1.000e+04 1.321e+02 4.578e+01
s>            ( - -9.551e+03 4 0)
s>            ( - -3.189e+02 1 0)))INFO: dtree.c(1439): stop. leaf nodes are specific
INFO: dtree.c(1478): Final simple tree
|( QUESTION0 -1 -3.680e+05 1.204e+02 1.676e+03
|    ( - -3.669e+05 4 0)
|    ( - -9.680e+02 1 0))
s>    ( QUESTION0 -1 -3.680e+05 1.204e+02 1.676e+03
s>        ( - -3.669e+05 4 0)
s>        ( - -9.680e+02 1 0))INFO: dtree.c(1315): Comp split 36
INFO: dtree.c(1315): Comp split 37
INFO: dtree.c(1439): stop. leaf nodes are specific
INFO: dtree.c(1478): Final simple tree
|( QUESTION2 1 -1.925e+05 3.234e+02 8.762e+02
|    ( QUESTION0_2_R 1 -1.881e+04 2.442e+02 8.614e+01
|        ( - -6.888e+03 3 0)
|        ( - -1.168e+04 3 0))
|    ( SILENCE 1 -1.734e+05 2.614e+02 7.900e+02
|        ( QUESTION0 -1 -1.446e+04 1.538e+02 6.733e+01
|            ( - -1.382e+04 3 0)
|            ( - -4.878e+02 1 0))
|        ( QUESTION0 -1 -1.587e+05 1.170e+02 7.227e+02
|            ( - -1.576e+05 8 0)
|            ( - -9.913e+02 1 0))))
s>    ( QUESTION2 1 -1.925e+05 3.234e+02 8.762e+02
s>        ( QUESTION0_2_R 1 -1.881e+04 2.442e+02 8.614e+01
s>            ( - -6.888e+03 3 0)
s>            ( - -1.168e+04 3 0))
s>        ( SILENCE 1 -1.734e+05 2.614e+02 7.900e+02
s>            ( QUESTION0 -1 -1.446e+04 1.538e+02 6.733e+01
s>                ( - -1.382e+04 3 0)
s>                ( - -4.878e+02 1 0))
s>            ( QUESTION0 -1 -1.587e+05 1.170e+02 7.227e+02
s>                ( - -1.576e+05 8 0)
s>                ( - -9.913e+02 1 0))))INFO: dtree.c(1315): Comp split 38
INFO: dtree.c(1439): stop. leaf nodes are specific
INFO: dtree.c(1478): Final simple tree
|( QUESTION5 -1 -7.823e+04 1.223e+02 3.588e+02
|    ( - -1.905e+03 2 0)
|    ( - -7.620e+04 4 0))
s>    ( QUESTION5 -1 -7.823e+04 1.223e+02 3.588e+02
s>        ( - -1.905e+03 2 0)
s>        ( - -7.620e+04 4 0))INFO: dtree.c(1315): Comp split 39
INFO: dtree.c(1315): Comp split 40
INFO: dtree.c(1439): stop. leaf nodes are specific
INFO: dtree.c(1478): Final simple tree
|( QUESTION3 -1 -6.214e+04 2.378e+02 2.749e+02
|    ( - -4.867e+04 6 0)
|    ( QUESTION6 -1 -1.323e+04 1.425e+02 5.807e+01
|        ( - -4.557e+03 3 0)
|        ( QUESTION8 -1 -8.534e+03 1.235e+02 3.701e+01
|            ( - -5.452e+02 1 0)
|            ( QUESTION5 -1 -7.865e+03 1.055e+02 3.401e+01
|                ( - -2.197e+03 2 0)
|                ( - -5.562e+03 5 0)))))
s>    ( QUESTION3 -1 -6.214e+04 2.378e+02 2.749e+02
s>        ( - -4.867e+04 6 0)
s>        ( QUESTION6 -1 -1.323e+04 1.425e+02 5.807e+01
s>            ( - -4.557e+03 3 0)
s>            ( QUESTION8 -1 -8.534e+03 1.235e+02 3.701e+01
s>                ( - -5.452e+02 1 0)
s>                ( QUESTION5 -1 -7.865e+03 1.055e+02 3.401e+01
s>                    ( - -2.197e+03 2 0)
s>                    ( - -5.562e+03 5 0)))))INFO: dtree.c(1315): Comp split 41
INFO: dtree.c(1439): stop. leaf nodes are specific
INFO: dtree.c(1478): Final simple tree
|( QUESTION12 -1 -4.957e+04 1.687e+02 2.259e+02
|    ( - -1.790e+03 1 0)
|    ( QUESTION3 -1 -4.761e+04 1.657e+02 2.179e+02
|        ( - -2.467e+03 1 0)
|        ( SILENCE -1 -4.498e+04 1.523e+02 2.059e+02
|            ( - -1.081e+04 1 0)
|            ( QUESTION2 -1 -3.402e+04 1.139e+02 1.553e+02
|                ( - -3.984e+03 1 0)
|                ( - -2.992e+04 4 0)))))
s>    ( QUESTION12 -1 -4.957e+04 1.687e+02 2.259e+02
s>        ( - -1.790e+03 1 0)
s>        ( QUESTION3 -1 -4.761e+04 1.657e+02 2.179e+02
s>            ( - -2.467e+03 1 0)
s>            ( SILENCE -1 -4.498e+04 1.523e+02 2.059e+02
s>                ( - -1.081e+04 1 0)
s>                ( QUESTION2 -1 -3.402e+04 1.139e+02 1.553e+02
s>                    ( - -3.984e+03 1 0)
s>                    ( - -2.992e+04 4 0)))))INFO: dtree.c(1315): Comp split 42
INFO: dtree.c(1439): stop. leaf nodes are specific
INFO: dtree.c(1478): Final simple tree
|( SILENCE 1 -1.734e+05 2.614e+02 7.900e+02
|    ( QUESTION0 -1 -1.446e+04 1.538e+02 6.733e+01
|        ( - -1.382e+04 3 0)
|        ( - -4.878e+02 1 0))
|    ( QUESTION0 -1 -1.587e+05 1.170e+02 7.227e+02
|        ( - -1.576e+05 8 0)
|        ( - -9.913e+02 1 0)))
s>    ( SILENCE 1 -1.734e+05 2.614e+02 7.900e+02
s>        ( QUESTION0 -1 -1.446e+04 1.538e+02 6.733e+01
s>            ( - -1.382e+04 3 0)
s>            ( - -4.878e+02 1 0))
s>        ( QUESTION0 -1 -1.587e+05 1.170e+02 7.227e+02
s>            ( - -1.576e+05 8 0)
s>            ( - -9.913e+02 1 0)))INFO: dtree.c(1439): stop. leaf nodes are specific
INFO: dtree.c(1478): Final simple tree
|( QUESTION0_2_R 1 -1.881e+04 2.442e+02 8.614e+01
|    ( - -6.888e+03 3 0)
|    ( - -1.168e+04 3 0))
s>    ( QUESTION0_2_R 1 -1.881e+04 2.442e+02 8.614e+01
s>        ( - -6.888e+03 3 0)
s>        ( - -1.168e+04 3 0))INFO: dtree.c(1315): Comp split 43
INFO: dtree.c(1439): stop. leaf nodes are specific
INFO: dtree.c(1478): Final simple tree
|( QUESTION0_9_R 1 -2.341e+04 1.516e+02 1.080e+02
|    ( - -2.026e+03 3 0)
|    ( - -2.124e+04 7 0))
s>    ( QUESTION0_9_R 1 -2.341e+04 1.516e+02 1.080e+02
s>        ( - -2.026e+03 3 0)
s>        ( - -2.124e+04 7 0))INFO: dtree.c(1315): Comp split 44
INFO: dtree.c(1439): stop. leaf nodes are specific
INFO: dtree.c(1478): Final simple tree
|( QUESTION2 -1 -2.768e+04 1.818e+02 1.237e+02
|    ( - -3.630e+03 2 0)
|    ( - -2.387e+04 10 0))
s>    ( QUESTION2 -1 -2.768e+04 1.818e+02 1.237e+02
s>        ( - -3.630e+03 2 0)
s>        ( - -2.387e+04 10 0))INFO: dtree.c(1315): Comp split 45
INFO: dtree.c(1439): stop. leaf nodes are specific
INFO: dtree.c(1478): Final simple tree
|( QUESTION0 -1 -1.446e+04 1.538e+02 6.733e+01
|    ( - -1.382e+04 3 0)
|    ( - -4.878e+02 1 0))
s>    ( QUESTION0 -1 -1.446e+04 1.538e+02 6.733e+01
s>        ( - -1.382e+04 3 0)
s>        ( - -4.878e+02 1 0))INFO: dtree.c(1439): stop. leaf nodes are specific
INFO: dtree.c(1478): Final simple tree
|( QUESTION0 -1 -1.587e+05 1.170e+02 7.227e+02
|    ( - -1.576e+05 8 0)
|    ( - -9.913e+02 1 0))
s>    ( QUESTION0 -1 -1.587e+05 1.170e+02 7.227e+02
s>        ( - -1.576e+05 8 0)
s>        ( - -9.913e+02 1 0))INFO: dtree.c(1315): Comp split 46
INFO: dtree.c(1439): stop. leaf nodes are specific
INFO: dtree.c(1478): Final simple tree
|( QUESTION0 -1 -1.762e+04 1.489e+02 8.046e+01
|    ( - -1.584e+04 4 0)
|    ( - -1.634e+03 2 0))
s>    ( QUESTION0 -1 -1.762e+04 1.489e+02 8.046e+01
s>        ( - -1.584e+04 4 0)
s>        ( - -1.634e+03 2 0))INFO: dtree.c(1315): Comp split 47
INFO: dtree.c(1315): Comp split 48
INFO: dtree.c(1439): stop. leaf nodes are specific
INFO: dtree.c(1478): Final simple tree
|( QUESTION0_5_R 1 -3.370e+04 1.497e+02 1.513e+02
|    ( QUESTION0 -1 -3.302e+04 1.331e+02 1.483e+02
|        ( - -3.146e+04 1 0)
|        ( - -1.420e+03 1 0))
|    ( - -5.314e+02 1 0))
s>    ( QUESTION0_5_R 1 -3.370e+04 1.497e+02 1.513e+02
s>        ( QUESTION0 -1 -3.302e+04 1.331e+02 1.483e+02
s>            ( - -3.146e+04 1 0)
s>            ( - -1.420e+03 1 0))
s>        ( - -5.314e+02 1 0))INFO: dtree.c(1315): Comp split 49
INFO: dtree.c(1439): stop. leaf nodes are specific
INFO: dtree.c(1478): Final simple tree
|( QUESTION6 -1 -1.323e+04 1.425e+02 5.807e+01
|    ( - -4.557e+03 3 0)
|    ( QUESTION8 -1 -8.534e+03 1.235e+02 3.701e+01
|        ( - -5.452e+02 1 0)
|        ( QUESTION5 -1 -7.865e+03 1.055e+02 3.401e+01
|            ( - -2.197e+03 2 0)
|            ( - -5.562e+03 5 0))))
s>    ( QUESTION6 -1 -1.323e+04 1.425e+02 5.807e+01
s>        ( - -4.557e+03 3 0)
s>        ( QUESTION8 -1 -8.534e+03 1.235e+02 3.701e+01
s>            ( - -5.452e+02 1 0)
s>            ( QUESTION5 -1 -7.865e+03 1.055e+02 3.401e+01
s>                ( - -2.197e+03 2 0)
s>                ( - -5.562e+03 5 0))))INFO: dtree.c(1315): Comp split 50
INFO: dtree.c(1439): stop. leaf nodes are specific
INFO: dtree.c(1478): Final simple tree
|( SILENCE -1 -3.141e+04 1.095e+02 1.411e+02
|    ( - -2.007e+04 1 0)
|    ( - -1.123e+04 1 0))
s>    ( SILENCE -1 -3.141e+04 1.095e+02 1.411e+02
s>        ( - -2.007e+04 1 0)
s>        ( - -1.123e+04 1 0))INFO: dtree.c(1315): Comp split 51
INFO: dtree.c(1315): Comp split 52
INFO: dtree.c(1439): stop. leaf nodes are specific
INFO: dtree.c(1478): Final simple tree
|( QUESTION0 -1 -2.458e+03 9.477e+01 1.200e+01
|    ( - -1.803e+03 2 0)
|    ( - -5.606e+02 2 0))
s>    ( QUESTION0 -1 -2.458e+03 9.477e+01 1.200e+01
s>        ( - -1.803e+03 2 0)
s>        ( - -5.606e+02 2 0))INFO: dtree.c(1315): Comp split 53
INFO: dtree.c(1439): stop. leaf nodes are specific
INFO: dtree.c(1478): Final simple tree
|( QUESTION18 -1 -8.787e+04 1.389e+02 4.045e+02
|    ( QUESTION19 -1 -8.571e+04 8.329e+01 3.945e+02
|        ( - -8.267e+04 1 0)
|        ( - -2.956e+03 2 0))
|    ( QUESTION0 -1 -2.018e+03 8.039e+01 1.000e+01
|        ( - -1.197e+03 1 0)
|        ( - -7.408e+02 1 0)))
s>    ( QUESTION18 -1 -8.787e+04 1.389e+02 4.045e+02
s>        ( QUESTION19 -1 -8.571e+04 8.329e+01 3.945e+02
s>            ( - -8.267e+04 1 0)
s>            ( - -2.956e+03 2 0))
s>        ( QUESTION0 -1 -2.018e+03 8.039e+01 1.000e+01
s>            ( - -1.197e+03 1 0)
s>            ( - -7.408e+02 1 0)))INFO: dtree.c(1315): Comp split 54
INFO: dtree.c(1315): Comp split 55
INFO: dtree.c(1439): stop. leaf nodes are specific
INFO: dtree.c(1478): Final simple tree
|( QUESTION0_19_R 1 -5.608e+03 1.299e+02 2.603e+01
|    ( - -5.772e+02 2 0)
|    ( - -4.901e+03 2 0))
s>    ( QUESTION0_19_R 1 -5.608e+03 1.299e+02 2.603e+01
s>        ( - -5.772e+02 2 0)
s>        ( - -4.901e+03 2 0))INFO: dtree.c(1439): stop. leaf nodes are specific
INFO: dtree.c(1478): Final simple tree
|( QUESTION2_0_L -1 -6.202e+05 1.656e+02 2.872e+03
|    ( - -6.198e+05 5 0)
|    ( - -2.557e+02 1 0))
s>    ( QUESTION2_0_L -1 -6.202e+05 1.656e+02 2.872e+03
s>        ( - -6.198e+05 5 0)
s>        ( - -2.557e+02 1 0))INFO: dtree.c(1315): Comp split 56
INFO: dtree.c(1439): stop. leaf nodes are specific
INFO: dtree.c(1478): Final simple tree
|( QUESTION3 -1 -4.761e+04 1.657e+02 2.179e+02
|    ( - -2.467e+03 1 0)
|    ( SILENCE -1 -4.498e+04 1.523e+02 2.059e+02
|        ( - -1.081e+04 1 0)
|        ( QUESTION2 -1 -3.402e+04 1.139e+02 1.553e+02
|            ( - -3.984e+03 1 0)
|            ( - -2.992e+04 4 0))))
s>    ( QUESTION3 -1 -4.761e+04 1.657e+02 2.179e+02
s>        ( - -2.467e+03 1 0)
s>        ( SILENCE -1 -4.498e+04 1.523e+02 2.059e+02
s>            ( - -1.081e+04 1 0)
s>            ( QUESTION2 -1 -3.402e+04 1.139e+02 1.553e+02
s>                ( - -3.984e+03 1 0)
s>                ( - -2.992e+04 4 0))))INFO: dtree.c(1315): Comp split 57
INFO: dtree.c(1439): stop. leaf nodes are specific
INFO: dtree.c(1478): Final simple tree
|( SILENCE -1 -4.498e+04 1.523e+02 2.059e+02
|    ( - -1.081e+04 1 0)
|    ( QUESTION2 -1 -3.402e+04 1.139e+02 1.553e+02
|        ( - -3.984e+03 1 0)
|        ( - -2.992e+04 4 0)))
s>    ( SILENCE -1 -4.498e+04 1.523e+02 2.059e+02
s>        ( - -1.081e+04 1 0)
s>        ( QUESTION2 -1 -3.402e+04 1.139e+02 1.553e+02
s>            ( - -3.984e+03 1 0)
s>            ( - -2.992e+04 4 0)))INFO: dtree.c(1315): Comp split 58
INFO: dtree.c(1315): Comp split 59
INFO: dtree.c(1439): stop. leaf nodes are specific
INFO: dtree.c(1478): Final simple tree
|( QUESTION0 -1 -1.780e+06 1.261e+02 8.045e+03
|    ( - -1.780e+06 29 0)
|    ( - -7.031e+02 1 0))
s>    ( QUESTION0 -1 -1.780e+06 1.261e+02 8.045e+03
s>        ( - -1.780e+06 29 0)
s>        ( - -7.031e+02 1 0))INFO: dtree.c(1315): Comp split 60
INFO: dtree.c(1439): stop. leaf nodes are specific
INFO: dtree.c(1478): Final simple tree
|( QUESTION0 -1 -1.000e+04 1.321e+02 4.578e+01
|    ( - -9.551e+03 4 0)
|    ( - -3.189e+02 1 0))
s>    ( QUESTION0 -1 -1.000e+04 1.321e+02 4.578e+01
s>        ( - -9.551e+03 4 0)
s>        ( - -3.189e+02 1 0))INFO: dtree.c(1315): Comp split 61
INFO: dtree.c(1315): Comp split 62
INFO: dtree.c(1439): stop. leaf nodes are specific
INFO: dtree.c(1478): Final simple tree
|( QUESTION2 -1 -3.402e+04 1.139e+02 1.553e+02
|    ( - -3.984e+03 1 0)
|    ( - -2.992e+04 4 0))
s>    ( QUESTION2 -1 -3.402e+04 1.139e+02 1.553e+02
s>        ( - -3.984e+03 1 0)
s>        ( - -2.992e+04 4 0))INFO: dtree.c(1315): Comp split 63
INFO: dtree.c(1315): Comp split 64
INFO: dtree.c(1439): stop. leaf nodes are specific
INFO: dtree.c(1478): Final simple tree
|( QUESTION0 -1 -3.302e+04 1.331e+02 1.483e+02
|    ( - -3.146e+04 1 0)
|    ( - -1.420e+03 1 0))
s>    ( QUESTION0 -1 -3.302e+04 1.331e+02 1.483e+02
s>        ( - -3.146e+04 1 0)
s>        ( - -1.420e+03 1 0))INFO: dtree.c(1315): Comp split 65
INFO: dtree.c(1315): Comp split 66
INFO: dtree.c(1439): stop. leaf nodes are specific
INFO: dtree.c(1478): Final simple tree
|( QUESTION8 -1 -8.534e+03 1.235e+02 3.701e+01
|    ( - -5.452e+02 1 0)
|    ( QUESTION5 -1 -7.865e+03 1.055e+02 3.401e+01
|        ( - -2.197e+03 2 0)
|        ( - -5.562e+03 5 0)))
s>    ( QUESTION8 -1 -8.534e+03 1.235e+02 3.701e+01
s>        ( - -5.452e+02 1 0)
s>        ( QUESTION5 -1 -7.865e+03 1.055e+02 3.401e+01
s>            ( - -2.197e+03 2 0)
s>            ( - -5.562e+03 5 0)))INFO: dtree.c(1315): Comp split 67
INFO: dtree.c(1439): stop. leaf nodes are specific
INFO: dtree.c(1478): Final simple tree
|( QUESTION0 -1 -2.018e+03 8.039e+01 1.000e+01
|    ( - -1.197e+03 1 0)
|    ( - -7.408e+02 1 0))
s>    ( QUESTION0 -1 -2.018e+03 8.039e+01 1.000e+01
s>        ( - -1.197e+03 1 0)
s>        ( - -7.408e+02 1 0))INFO: dtree.c(1439): stop. leaf nodes are specific
INFO: dtree.c(1478): Final simple tree
|( QUESTION19 -1 -8.571e+04 8.329e+01 3.945e+02
|    ( - -8.267e+04 1 0)
|    ( - -2.956e+03 2 0))
s>    ( QUESTION19 -1 -8.571e+04 8.329e+01 3.945e+02
s>        ( - -8.267e+04 1 0)
s>        ( - -2.956e+03 2 0))INFO: dtree.c(1315): Comp split 68
INFO: dtree.c(1439): stop. leaf nodes are specific
INFO: dtree.c(1478): Final simple tree
|( WDBNDRY_E 0 -1.400e+03 1.235e+02 7.000e+00
|    ( - -5.227e+02 1 0)
|    ( - -7.538e+02 1 0))
s>    ( WDBNDRY_E 0 -1.400e+03 1.235e+02 7.000e+00
s>        ( - -5.227e+02 1 0)
s>        ( - -7.538e+02 1 0))INFO: dtree.c(1315): Comp split 69
INFO: dtree.c(1315): Comp split 70
INFO: dtree.c(1315): Comp split 71
INFO: dtree.c(1315): Comp split 72
INFO: dtree.c(1315): Comp split 73
INFO: dtree.c(1315): Comp split 74
INFO: dtree.c(1439): stop. leaf nodes are specific
INFO: dtree.c(1478): Final simple tree
|( QUESTION5 -1 -7.865e+03 1.055e+02 3.401e+01
|    ( - -2.197e+03 2 0)
|    ( - -5.562e+03 5 0))
s>    ( QUESTION5 -1 -7.865e+03 1.055e+02 3.401e+01
s>        ( - -2.197e+03 2 0)
s>        ( - -5.562e+03 5 0))INFO: dtree.c(1315): Comp split 75
INFO: dtree.c(1315): Comp split 76
INFO: dtree.c(1315): Comp split 77
INFO: dtree.c(1315): Comp split 78
INFO: dtree.c(1439): stop. leaf nodes are specific
INFO: dtree.c(1478): Final simple tree
|( SILENCE -1 -3.856e+04 8.621e+01 1.736e+02
|    ( - -2.896e+04 1 0)
|    ( - -9.518e+03 1 0))
s>    ( SILENCE -1 -3.856e+04 8.621e+01 1.736e+02
s>        ( - -2.896e+04 1 0)
s>        ( - -9.518e+03 1 0))INFO: dtree.c(1315): Comp split 79
INFO: dtree.c(1315): Comp split 80
INFO: dtree.c(1315): Comp split 81
INFO: dtree.c(1315): Comp split 82
INFO: dtree.c(1315): Comp split 83
INFO: dtree.c(1315): Comp split 84
INFO: dtree.c(1315): Comp split 85
INFO: dtree.c(1315): Comp split 86
INFO: dtree.c(1315): Comp split 87
INFO: dtree.c(1315): Comp split 88
INFO: dtree.c(1318): stop. leaf nodes are specific
Tue Mar 28 14:07:16 2023
