Current configuration:
[NAME]		[DEFLT]	[VALUE]
-allphones	no	no
-cntthresh	0.00001	1.000000e-05
-csplitmax	100	2000
-csplitmin	1	1
-csplitthr	8e-4	0.000000e+00
-example	no	no
-fullvar	no	no
-help		no	no
-meanfn			/home/lucija/Documents/Zadnji semestar/ROGJ/Prezentacije/CMUspinx/tutorial9/model_parameters/my_db.cd_cont_untied/means
-mixwfn			/home/lucija/Documents/Zadnji semestar/ROGJ/Prezentacije/CMUspinx/tutorial9/model_parameters/my_db.cd_cont_untied/mixture_weights
-moddeffn		/home/lucija/Documents/Zadnji semestar/ROGJ/Prezentacije/CMUspinx/tutorial9/model_architecture/my_db.untied.mdef
-mwfloor	1e-4	1.000000e-08
-phone			nj
-psetfn			/home/lucija/Documents/Zadnji semestar/ROGJ/Prezentacije/CMUspinx/tutorial9/model_architecture/my_db.tree_questions
-ssplitmax	5	7
-ssplitmin	1	1
-ssplitthr	8e-4	0.000000e+00
-state			1
-stwt			1.0,0.05,0.0,
-treefn			/home/lucija/Documents/Zadnji semestar/ROGJ/Prezentacije/CMUspinx/tutorial9/trees/my_db.unpruned/nj-1.dtree
-ts2cbfn	.semi.	.cont.
-varfloor	0.00001	1.000000e-05
-varfn			/home/lucija/Documents/Zadnji semestar/ROGJ/Prezentacije/CMUspinx/tutorial9/model_parameters/my_db.cd_cont_untied/variances

INFO: main.c(223): Reading: /home/lucija/Documents/Zadnji semestar/ROGJ/Prezentacije/CMUspinx/tutorial9/model_architecture/my_db.untied.mdef
INFO: model_def_io.c(573): Model definition info:
INFO: model_def_io.c(574): 10678 total models defined (32 base, 10646 tri)
INFO: model_def_io.c(575): 42712 total states
INFO: model_def_io.c(576): 32034 total tied states
INFO: model_def_io.c(577): 96 total tied CI states
INFO: model_def_io.c(578): 32 total tied transition matrices
INFO: model_def_io.c(579): 4 max state/model
INFO: model_def_io.c(580): 4 min state/model
INFO: main.c(242): Building trees for [nj NOISE e b] through [nj ž i i]
INFO: main.c(268): Covering states |[18324 18623]| == 300
INFO: main.c(275): Reading: /home/lucija/Documents/Zadnji semestar/ROGJ/Prezentacije/CMUspinx/tutorial9/model_parameters/my_db.cd_cont_untied/mixture_weights
INFO: s3mixw_io.c(172): Read /home/lucija/Documents/Zadnji semestar/ROGJ/Prezentacije/CMUspinx/tutorial9/model_parameters/my_db.cd_cont_untied/mixture_weights [300x1x1 array]
INFO: main.c(311): 100 of 100 models have observation count greater than 0.000010
INFO: main.c(95): nrm stwt: 0.045 0.909 0.045 
INFO: s3gau_io.c(168): Read /home/lucija/Documents/Zadnji semestar/ROGJ/Prezentacije/CMUspinx/tutorial9/model_parameters/my_db.cd_cont_untied/means [32034x1x1 array]
INFO: s3gau_io.c(168): Read /home/lucija/Documents/Zadnji semestar/ROGJ/Prezentacije/CMUspinx/tutorial9/model_parameters/my_db.cd_cont_untied/variances [32034x1x1 array]
INFO: main.c(549): Reading: /home/lucija/Documents/Zadnji semestar/ROGJ/Prezentacije/CMUspinx/tutorial9/model_architecture/my_db.tree_questions
INFO: main.c(587): 180 total simple questions (172 phone; 8 word bndry)
INFO: main.c(589): 42 Left Only questions, and 42 Right Only questions
INFO: dtree.c(1478): Final simple tree
|( QUESTION5 -1 -1.793e+06 1.038e+04 8.083e+03
|    ( QUESTION6 -1 -2.016e+05 1.327e+03 8.976e+02
|        ( - -1.553e+05 8 0)
|        ( - -4.494e+04 2 0))
|    ( QUESTION0 -1 -1.581e+06 7.058e+03 7.185e+03
|        ( QUESTION0_0_R 1 -8.290e+05 2.568e+03 3.783e+03
|            ( WDBNDRY_B 0 -7.899e+05 5.713e+02 3.627e+03
|                ( - -3.609e+04 13 0)
|                ( - -7.532e+05 27 0 WDBNDRY_E 0 4.504e+02 3.457e+03))
|            ( - -3.656e+04 12 0 QUESTION11 1 5.473e+02 1.564e+02))
|        ( QUESTION18 -1 -7.451e+05 2.913e+03 3.402e+03
|            ( - -3.214e+05 8 0 QUESTION19 -1 2.608e+02 1.458e+03)
|            ( QUESTION14 -1 -4.208e+05 1.522e+03 1.944e+03
|                ( - -9.771e+04 15 0 WDBNDRY_B 0 3.215e+02 4.504e+02)
|                ( - -3.215e+05 15 0 QUESTION13 -1 5.515e+02 1.494e+03)))))
s>    ( QUESTION5 -1 -1.793e+06 1.038e+04 8.083e+03
s>        ( QUESTION6 -1 -2.016e+05 1.327e+03 8.976e+02
s>            ( - -1.553e+05 8 0)
s>            ( - -4.494e+04 2 0))
s>        ( QUESTION0 -1 -1.581e+06 7.058e+03 7.185e+03
s>            ( QUESTION0_0_R 1 -8.290e+05 2.568e+03 3.783e+03
s>                ( WDBNDRY_B 0 -7.899e+05 5.713e+02 3.627e+03
s>                    ( - -3.609e+04 13 0)
s>                    ( - -7.532e+05 27 0 WDBNDRY_E 0 4.504e+02 3.457e+03))
s>                ( - -3.656e+04 12 0 QUESTION11 1 5.473e+02 1.564e+02))
s>            ( QUESTION18 -1 -7.451e+05 2.913e+03 3.402e+03
s>                ( - -3.214e+05 8 0 QUESTION19 -1 2.608e+02 1.458e+03)
s>                ( QUESTION14 -1 -4.208e+05 1.522e+03 1.944e+03
s>                    ( - -9.771e+04 15 0 WDBNDRY_B 0 3.215e+02 4.504e+02)
s>                    ( - -3.215e+05 15 0 QUESTION13 -1 5.515e+02 1.494e+03)))))INFO: dtree.c(1315): Comp split 0
INFO: dtree.c(1478): Final simple tree
|( QUESTION0 -1 -1.542e+06 7.090e+03 7.029e+03
|    ( WDBNDRY_B 0 -7.899e+05 5.713e+02 3.627e+03
|        ( - -3.609e+04 13 0)
|        ( WDBNDRY_E 0 -7.532e+05 4.504e+02 3.457e+03
|            ( - -5.609e+03 6 0)
|            ( - -7.472e+05 21 0 QUESTION2_0_L -1 1.967e+02 3.435e+03)))
|    ( QUESTION18 -1 -7.451e+05 2.913e+03 3.402e+03
|        ( - -3.214e+05 8 0 QUESTION19 -1 2.608e+02 1.458e+03)
|        ( QUESTION14 -1 -4.208e+05 1.522e+03 1.944e+03
|            ( - -9.771e+04 15 0 WDBNDRY_B 0 3.215e+02 4.504e+02)
|            ( QUESTION13 -1 -3.215e+05 5.515e+02 1.494e+03
|                ( QUESTION17 -1 -3.059e+05 4.258e+02 1.425e+03
|                    ( - -8.416e+03 2 0)
|                    ( - -2.971e+05 6 0 WDBNDRY_B 0 1.434e+02 1.386e+03))
|                ( - -1.503e+04 7 0 QUESTION4 -1 2.137e+02 6.901e+01)))))
s>    ( QUESTION0 -1 -1.542e+06 7.090e+03 7.029e+03
s>        ( WDBNDRY_B 0 -7.899e+05 5.713e+02 3.627e+03
s>            ( - -3.609e+04 13 0)
s>            ( WDBNDRY_E 0 -7.532e+05 4.504e+02 3.457e+03
s>                ( - -5.609e+03 6 0)
s>                ( - -7.472e+05 21 0 QUESTION2_0_L -1 1.967e+02 3.435e+03)))
s>        ( QUESTION18 -1 -7.451e+05 2.913e+03 3.402e+03
s>            ( - -3.214e+05 8 0 QUESTION19 -1 2.608e+02 1.458e+03)
s>            ( QUESTION14 -1 -4.208e+05 1.522e+03 1.944e+03
s>                ( - -9.771e+04 15 0 WDBNDRY_B 0 3.215e+02 4.504e+02)
s>                ( QUESTION13 -1 -3.215e+05 5.515e+02 1.494e+03
s>                    ( QUESTION17 -1 -3.059e+05 4.258e+02 1.425e+03
s>                        ( - -8.416e+03 2 0)
s>                        ( - -2.971e+05 6 0 WDBNDRY_B 0 1.434e+02 1.386e+03))
s>                    ( - -1.503e+04 7 0 QUESTION4 -1 2.137e+02 6.901e+01)))))INFO: dtree.c(1478): Final simple tree
|( QUESTION0_0_R 1 -2.399e+05 1.734e+03 1.054e+03
|    ( QUESTION6 -1 -2.016e+05 1.327e+03 8.976e+02
|        ( - -1.553e+05 8 0)
|        ( - -4.494e+04 2 0))
|    ( QUESTION11 1 -3.656e+04 5.473e+02 1.564e+02
|        ( - -5.869e+03 2 0)
|        ( WDBNDRY_E 0 -3.014e+04 4.782e+02 1.296e+02
|            ( QUESTION0_10_R 1 -1.671e+04 4.280e+02 6.883e+01
|                ( - 1.887e+02 1 0)
|                ( QUESTION0_15_R 1 -1.647e+04 2.016e+02 6.783e+01
|                    ( - -5.062e+03 2 0)
|                    ( QUESTION0_4_R 1 -1.121e+04 1.921e+02 4.566e+01
|                        ( - -3.680e+02 2 0)
|                        ( - -1.065e+04 4 0 QUESTION0_2_R 1 1.332e+02 4.366e+01))))
|            ( - -1.295e+04 1 0))))
s>    ( QUESTION0_0_R 1 -2.399e+05 1.734e+03 1.054e+03
s>        ( QUESTION6 -1 -2.016e+05 1.327e+03 8.976e+02
s>            ( - -1.553e+05 8 0)
s>            ( - -4.494e+04 2 0))
s>        ( QUESTION11 1 -3.656e+04 5.473e+02 1.564e+02
s>            ( - -5.869e+03 2 0)
s>            ( WDBNDRY_E 0 -3.014e+04 4.782e+02 1.296e+02
s>                ( QUESTION0_10_R 1 -1.671e+04 4.280e+02 6.883e+01
s>                    ( - 1.887e+02 1 0)
s>                    ( QUESTION0_15_R 1 -1.647e+04 2.016e+02 6.783e+01
s>                        ( - -5.062e+03 2 0)
s>                        ( QUESTION0_4_R 1 -1.121e+04 1.921e+02 4.566e+01
s>                            ( - -3.680e+02 2 0)
s>                            ( - -1.065e+04 4 0 QUESTION0_2_R 1 1.332e+02 4.366e+01))))
s>                ( - -1.295e+04 1 0))))INFO: dtree.c(1315): Comp split 1
INFO: dtree.c(1478): Final simple tree
|( QUESTION18 -1 -7.451e+05 2.913e+03 3.402e+03
|    ( QUESTION19 -1 -3.214e+05 2.608e+02 1.458e+03
|        ( - -3.197e+05 7 0 QUESTION2_17_L -1 1.958e+02 1.450e+03)
|        ( - -1.486e+03 1 0))
|    ( QUESTION14 -1 -4.208e+05 1.522e+03 1.944e+03
|        ( WDBNDRY_B 0 -9.771e+04 3.215e+02 4.504e+02
|            ( - -3.072e+03 4 0)
|            ( - -9.432e+04 11 0))
|        ( QUESTION13 -1 -3.215e+05 5.515e+02 1.494e+03
|            ( QUESTION17 -1 -3.059e+05 4.258e+02 1.425e+03
|                ( - -8.416e+03 2 0)
|                ( - -2.971e+05 6 0 WDBNDRY_B 0 1.434e+02 1.386e+03))
|            ( QUESTION4 -1 -1.503e+04 2.137e+02 6.901e+01
|                ( - -9.342e+03 4 0 QUESTION2_15_L -1 1.521e+02 4.403e+01)
|                ( - -5.474e+03 3 0 SILENCE -1 1.292e+02 2.498e+01)))))
s>    ( QUESTION18 -1 -7.451e+05 2.913e+03 3.402e+03
s>        ( QUESTION19 -1 -3.214e+05 2.608e+02 1.458e+03
s>            ( - -3.197e+05 7 0 QUESTION2_17_L -1 1.958e+02 1.450e+03)
s>            ( - -1.486e+03 1 0))
s>        ( QUESTION14 -1 -4.208e+05 1.522e+03 1.944e+03
s>            ( WDBNDRY_B 0 -9.771e+04 3.215e+02 4.504e+02
s>                ( - -3.072e+03 4 0)
s>                ( - -9.432e+04 11 0))
s>            ( QUESTION13 -1 -3.215e+05 5.515e+02 1.494e+03
s>                ( QUESTION17 -1 -3.059e+05 4.258e+02 1.425e+03
s>                    ( - -8.416e+03 2 0)
s>                    ( - -2.971e+05 6 0 WDBNDRY_B 0 1.434e+02 1.386e+03))
s>                ( QUESTION4 -1 -1.503e+04 2.137e+02 6.901e+01
s>                    ( - -9.342e+03 4 0 QUESTION2_15_L -1 1.521e+02 4.403e+01)
s>                    ( - -5.474e+03 3 0 SILENCE -1 1.292e+02 2.498e+01)))))INFO: dtree.c(1439): stop. leaf nodes are specific
INFO: dtree.c(1478): Final simple tree
|( WDBNDRY_B 0 -7.899e+05 5.713e+02 3.627e+03
|    ( - -3.609e+04 13 0)
|    ( WDBNDRY_E 0 -7.532e+05 4.504e+02 3.457e+03
|        ( - -5.609e+03 6 0)
|        ( QUESTION2_0_L -1 -7.472e+05 1.967e+02 3.435e+03
|            ( - -7.410e+05 19 0)
|            ( - -6.025e+03 2 0))))
s>    ( WDBNDRY_B 0 -7.899e+05 5.713e+02 3.627e+03
s>        ( - -3.609e+04 13 0)
s>        ( WDBNDRY_E 0 -7.532e+05 4.504e+02 3.457e+03
s>            ( - -5.609e+03 6 0)
s>            ( QUESTION2_0_L -1 -7.472e+05 1.967e+02 3.435e+03
s>                ( - -7.410e+05 19 0)
s>                ( - -6.025e+03 2 0))))INFO: dtree.c(1315): Comp split 2
INFO: dtree.c(1439): stop. leaf nodes are specific
INFO: dtree.c(1478): Final simple tree
|( QUESTION14 -1 -3.930e+05 1.582e+03 1.820e+03
|    ( - -9.432e+04 11 0)
|    ( WDBNDRY_B 0 -2.971e+05 1.434e+02 1.386e+03
|        ( - -5.665e+02 1 0)
|        ( - -2.964e+05 5 0)))
s>    ( QUESTION14 -1 -3.930e+05 1.582e+03 1.820e+03
s>        ( - -9.432e+04 11 0)
s>        ( WDBNDRY_B 0 -2.971e+05 1.434e+02 1.386e+03
s>            ( - -5.665e+02 1 0)
s>            ( - -2.964e+05 5 0)))INFO: dtree.c(1478): Final simple tree
|( QUESTION2_17_L -1 -3.489e+05 4.976e+02 1.582e+03
|    ( QUESTION16 -1 -3.196e+05 3.417e+02 1.448e+03
|        ( - -8.416e+03 2 0)
|        ( - -3.109e+05 4 0))
|    ( QUESTION2_6_L -1 -2.876e+04 2.444e+02 1.339e+02
|        ( QUESTION20 -1 -1.980e+04 2.124e+02 9.290e+01
|            ( - -1.486e+03 1 0)
|            ( QUESTION2_15_L -1 -1.810e+04 1.480e+02 8.490e+01
|                ( - -8.910e+03 3 0 WDBNDRY_B 0 1.002e+02 4.203e+01)
|                ( QUESTION2 -1 -9.041e+03 1.476e+02 4.286e+01
|                    ( - -2.804e+02 1 0)
|                    ( - -8.613e+03 3 0))))
|        ( QUESTION13 -1 -8.722e+03 1.755e+02 4.098e+01
|            ( - -3.072e+03 4 0)
|            ( - -5.474e+03 3 0 SILENCE -1 1.292e+02 2.498e+01))))
s>    ( QUESTION2_17_L -1 -3.489e+05 4.976e+02 1.582e+03
s>        ( QUESTION16 -1 -3.196e+05 3.417e+02 1.448e+03
s>            ( - -8.416e+03 2 0)
s>            ( - -3.109e+05 4 0))
s>        ( QUESTION2_6_L -1 -2.876e+04 2.444e+02 1.339e+02
s>            ( QUESTION20 -1 -1.980e+04 2.124e+02 9.290e+01
s>                ( - -1.486e+03 1 0)
s>                ( QUESTION2_15_L -1 -1.810e+04 1.480e+02 8.490e+01
s>                    ( - -8.910e+03 3 0 WDBNDRY_B 0 1.002e+02 4.203e+01)
s>                    ( QUESTION2 -1 -9.041e+03 1.476e+02 4.286e+01
s>                        ( - -2.804e+02 1 0)
s>                        ( - -8.613e+03 3 0))))
s>            ( QUESTION13 -1 -8.722e+03 1.755e+02 4.098e+01
s>                ( - -3.072e+03 4 0)
s>                ( - -5.474e+03 3 0 SILENCE -1 1.292e+02 2.498e+01))))INFO: dtree.c(1315): Comp split 3
INFO: dtree.c(1478): Final simple tree
|( QUESTION11 1 -3.656e+04 5.473e+02 1.564e+02
|    ( - -5.869e+03 2 0)
|    ( WDBNDRY_E 0 -3.014e+04 4.782e+02 1.296e+02
|        ( QUESTION0_10_R 1 -1.671e+04 4.280e+02 6.883e+01
|            ( - 1.887e+02 1 0)
|            ( QUESTION0_15_R 1 -1.647e+04 2.016e+02 6.783e+01
|                ( - -5.062e+03 2 0)
|                ( QUESTION0_4_R 1 -1.121e+04 1.921e+02 4.566e+01
|                    ( - -3.680e+02 2 0)
|                    ( QUESTION0_2_R 1 -1.065e+04 1.332e+02 4.366e+01
|                        ( - -3.653e+02 1 0)
|                        ( SILENCE 1 -1.015e+04 1.119e+02 4.166e+01
|                            ( - -7.415e+03 2 0)
|                            ( - -2.621e+03 1 0))))))
|        ( - -1.295e+04 1 0)))
s>    ( QUESTION11 1 -3.656e+04 5.473e+02 1.564e+02
s>        ( - -5.869e+03 2 0)
s>        ( WDBNDRY_E 0 -3.014e+04 4.782e+02 1.296e+02
s>            ( QUESTION0_10_R 1 -1.671e+04 4.280e+02 6.883e+01
s>                ( - 1.887e+02 1 0)
s>                ( QUESTION0_15_R 1 -1.647e+04 2.016e+02 6.783e+01
s>                    ( - -5.062e+03 2 0)
s>                    ( QUESTION0_4_R 1 -1.121e+04 1.921e+02 4.566e+01
s>                        ( - -3.680e+02 2 0)
s>                        ( QUESTION0_2_R 1 -1.065e+04 1.332e+02 4.366e+01
s>                            ( - -3.653e+02 1 0)
s>                            ( SILENCE 1 -1.015e+04 1.119e+02 4.166e+01
s>                                ( - -7.415e+03 2 0)
s>                                ( - -2.621e+03 1 0))))))
s>            ( - -1.295e+04 1 0)))INFO: dtree.c(1439): stop. leaf nodes are specific
INFO: dtree.c(1478): Final simple tree
|( QUESTION6 -1 -2.016e+05 1.327e+03 8.976e+02
|    ( - -1.553e+05 8 0)
|    ( - -4.494e+04 2 0))
s>    ( QUESTION6 -1 -2.016e+05 1.327e+03 8.976e+02
s>        ( - -1.553e+05 8 0)
s>        ( - -4.494e+04 2 0))INFO: dtree.c(1315): Comp split 4
INFO: dtree.c(1439): stop. leaf nodes are specific
INFO: dtree.c(1478): Final simple tree
|( WDBNDRY_B 0 -2.971e+05 1.434e+02 1.386e+03
|    ( - -5.665e+02 1 0)
|    ( - -2.964e+05 5 0))
s>    ( WDBNDRY_B 0 -2.971e+05 1.434e+02 1.386e+03
s>        ( - -5.665e+02 1 0)
s>        ( - -2.964e+05 5 0))INFO: dtree.c(1315): Comp split 5
INFO: dtree.c(1315): Comp split 6
INFO: dtree.c(1439): stop. leaf nodes are specific
INFO: dtree.c(1478): Final simple tree
|( WDBNDRY_E 0 -7.532e+05 4.504e+02 3.457e+03
|    ( - -5.609e+03 6 0)
|    ( QUESTION2_0_L -1 -7.472e+05 1.967e+02 3.435e+03
|        ( - -7.410e+05 19 0)
|        ( - -6.025e+03 2 0)))
s>    ( WDBNDRY_E 0 -7.532e+05 4.504e+02 3.457e+03
s>        ( - -5.609e+03 6 0)
s>        ( QUESTION2_0_L -1 -7.472e+05 1.967e+02 3.435e+03
s>            ( - -7.410e+05 19 0)
s>            ( - -6.025e+03 2 0)))INFO: dtree.c(1315): Comp split 7
INFO: dtree.c(1439): stop. leaf nodes are specific
INFO: dtree.c(1478): Final simple tree
|( WDBNDRY_E 0 -3.014e+04 4.782e+02 1.296e+02
|    ( QUESTION0_10_R 1 -1.671e+04 4.280e+02 6.883e+01
|        ( - 1.887e+02 1 0)
|        ( QUESTION0_15_R 1 -1.647e+04 2.016e+02 6.783e+01
|            ( - -5.062e+03 2 0)
|            ( QUESTION0_4_R 1 -1.121e+04 1.921e+02 4.566e+01
|                ( - -3.680e+02 2 0)
|                ( QUESTION0_2_R 1 -1.065e+04 1.332e+02 4.366e+01
|                    ( - -3.653e+02 1 0)
|                    ( SILENCE 1 -1.015e+04 1.119e+02 4.166e+01
|                        ( - -7.415e+03 2 0)
|                        ( - -2.621e+03 1 0))))))
|    ( - -1.295e+04 1 0))
s>    ( WDBNDRY_E 0 -3.014e+04 4.782e+02 1.296e+02
s>        ( QUESTION0_10_R 1 -1.671e+04 4.280e+02 6.883e+01
s>            ( - 1.887e+02 1 0)
s>            ( QUESTION0_15_R 1 -1.647e+04 2.016e+02 6.783e+01
s>                ( - -5.062e+03 2 0)
s>                ( QUESTION0_4_R 1 -1.121e+04 1.921e+02 4.566e+01
s>                    ( - -3.680e+02 2 0)
s>                    ( QUESTION0_2_R 1 -1.065e+04 1.332e+02 4.366e+01
s>                        ( - -3.653e+02 1 0)
s>                        ( SILENCE 1 -1.015e+04 1.119e+02 4.166e+01
s>                            ( - -7.415e+03 2 0)
s>                            ( - -2.621e+03 1 0))))))
s>        ( - -1.295e+04 1 0))INFO: dtree.c(1315): Comp split 8
INFO: dtree.c(1439): stop. leaf nodes are specific
INFO: dtree.c(1478): Final simple tree
|( QUESTION2 -1 -3.113e+05 1.501e+02 1.411e+03
|    ( - -2.804e+02 1 0)
|    ( - -3.109e+05 4 0))
s>    ( QUESTION2 -1 -3.113e+05 1.501e+02 1.411e+03
s>        ( - -2.804e+02 1 0)
s>        ( - -3.109e+05 4 0))INFO: dtree.c(1478): Final simple tree
|( QUESTION16 -1 -3.709e+04 3.393e+02 1.707e+02
|    ( - -8.416e+03 2 0)
|    ( QUESTION2_6_L -1 -2.833e+04 2.431e+02 1.319e+02
|        ( QUESTION20 -1 -1.937e+04 2.098e+02 9.090e+01
|            ( - -1.486e+03 1 0)
|            ( QUESTION2 -1 -1.767e+04 1.468e+02 8.290e+01
|                ( WDBNDRY_B 0 -8.910e+03 1.002e+02 4.203e+01
|                    ( - -8.120e+02 2 0)
|                    ( - -7.997e+03 1 0))
|                ( - -8.613e+03 3 0)))
|        ( QUESTION13 -1 -8.722e+03 1.755e+02 4.098e+01
|            ( - -3.072e+03 4 0)
|            ( SILENCE -1 -5.474e+03 1.292e+02 2.498e+01
|                ( - -4.420e+03 1 0)
|                ( - -9.252e+02 2 0)))))
s>    ( QUESTION16 -1 -3.709e+04 3.393e+02 1.707e+02
s>        ( - -8.416e+03 2 0)
s>        ( QUESTION2_6_L -1 -2.833e+04 2.431e+02 1.319e+02
s>            ( QUESTION20 -1 -1.937e+04 2.098e+02 9.090e+01
s>                ( - -1.486e+03 1 0)
s>                ( QUESTION2 -1 -1.767e+04 1.468e+02 8.290e+01
s>                    ( WDBNDRY_B 0 -8.910e+03 1.002e+02 4.203e+01
s>                        ( - -8.120e+02 2 0)
s>                        ( - -7.997e+03 1 0))
s>                    ( - -8.613e+03 3 0)))
s>            ( QUESTION13 -1 -8.722e+03 1.755e+02 4.098e+01
s>                ( - -3.072e+03 4 0)
s>                ( SILENCE -1 -5.474e+03 1.292e+02 2.498e+01
s>                    ( - -4.420e+03 1 0)
s>                    ( - -9.252e+02 2 0)))))INFO: dtree.c(1315): Comp split 9
INFO: dtree.c(1439): stop. leaf nodes are specific
INFO: dtree.c(1478): Final simple tree
|( QUESTION0_10_R 1 -1.671e+04 4.280e+02 6.883e+01
|    ( - 1.887e+02 1 0)
|    ( QUESTION0_15_R 1 -1.647e+04 2.016e+02 6.783e+01
|        ( - -5.062e+03 2 0)
|        ( QUESTION0_4_R 1 -1.121e+04 1.921e+02 4.566e+01
|            ( - -3.680e+02 2 0)
|            ( QUESTION0_2_R 1 -1.065e+04 1.332e+02 4.366e+01
|                ( - -3.653e+02 1 0)
|                ( SILENCE 1 -1.015e+04 1.119e+02 4.166e+01
|                    ( - -7.415e+03 2 0)
|                    ( - -2.621e+03 1 0))))))
s>    ( QUESTION0_10_R 1 -1.671e+04 4.280e+02 6.883e+01
s>        ( - 1.887e+02 1 0)
s>        ( QUESTION0_15_R 1 -1.647e+04 2.016e+02 6.783e+01
s>            ( - -5.062e+03 2 0)
s>            ( QUESTION0_4_R 1 -1.121e+04 1.921e+02 4.566e+01
s>                ( - -3.680e+02 2 0)
s>                ( QUESTION0_2_R 1 -1.065e+04 1.332e+02 4.366e+01
s>                    ( - -3.653e+02 1 0)
s>                    ( SILENCE 1 -1.015e+04 1.119e+02 4.166e+01
s>                        ( - -7.415e+03 2 0)
s>                        ( - -2.621e+03 1 0))))))INFO: dtree.c(1315): Comp split 10
INFO: dtree.c(1439): stop. leaf nodes are specific
INFO: dtree.c(1478): Final simple tree
|( QUESTION2_0_L -1 -7.472e+05 1.967e+02 3.435e+03
|    ( - -7.410e+05 19 0)
|    ( - -6.025e+03 2 0))
s>    ( QUESTION2_0_L -1 -7.472e+05 1.967e+02 3.435e+03
s>        ( - -7.410e+05 19 0)
s>        ( - -6.025e+03 2 0))INFO: dtree.c(1315): Comp split 11
INFO: dtree.c(1439): stop. leaf nodes are specific
INFO: dtree.c(1478): Final simple tree
|( QUESTION0_15_R 1 -1.647e+04 2.016e+02 6.783e+01
|    ( - -5.062e+03 2 0)
|    ( QUESTION0_4_R 1 -1.121e+04 1.921e+02 4.566e+01
|        ( - -3.680e+02 2 0)
|        ( QUESTION0_2_R 1 -1.065e+04 1.332e+02 4.366e+01
|            ( - -3.653e+02 1 0)
|            ( SILENCE 1 -1.015e+04 1.119e+02 4.166e+01
|                ( - -7.415e+03 2 0)
|                ( - -2.621e+03 1 0)))))
s>    ( QUESTION0_15_R 1 -1.647e+04 2.016e+02 6.783e+01
s>        ( - -5.062e+03 2 0)
s>        ( QUESTION0_4_R 1 -1.121e+04 1.921e+02 4.566e+01
s>            ( - -3.680e+02 2 0)
s>            ( QUESTION0_2_R 1 -1.065e+04 1.332e+02 4.366e+01
s>                ( - -3.653e+02 1 0)
s>                ( SILENCE 1 -1.015e+04 1.119e+02 4.166e+01
s>                    ( - -7.415e+03 2 0)
s>                    ( - -2.621e+03 1 0)))))INFO: dtree.c(1315): Comp split 12
INFO: dtree.c(1439): stop. leaf nodes are specific
INFO: dtree.c(1478): Final simple tree
|( QUESTION2_6_L -1 -2.833e+04 2.431e+02 1.319e+02
|    ( QUESTION20 -1 -1.937e+04 2.098e+02 9.090e+01
|        ( - -1.486e+03 1 0)
|        ( QUESTION2 -1 -1.767e+04 1.468e+02 8.290e+01
|            ( WDBNDRY_B 0 -8.910e+03 1.002e+02 4.203e+01
|                ( - -8.120e+02 2 0)
|                ( - -7.997e+03 1 0))
|            ( - -8.613e+03 3 0)))
|    ( QUESTION13 -1 -8.722e+03 1.755e+02 4.098e+01
|        ( - -3.072e+03 4 0)
|        ( SILENCE -1 -5.474e+03 1.292e+02 2.498e+01
|            ( - -4.420e+03 1 0)
|            ( - -9.252e+02 2 0))))
s>    ( QUESTION2_6_L -1 -2.833e+04 2.431e+02 1.319e+02
s>        ( QUESTION20 -1 -1.937e+04 2.098e+02 9.090e+01
s>            ( - -1.486e+03 1 0)
s>            ( QUESTION2 -1 -1.767e+04 1.468e+02 8.290e+01
s>                ( WDBNDRY_B 0 -8.910e+03 1.002e+02 4.203e+01
s>                    ( - -8.120e+02 2 0)
s>                    ( - -7.997e+03 1 0))
s>                ( - -8.613e+03 3 0)))
s>        ( QUESTION13 -1 -8.722e+03 1.755e+02 4.098e+01
s>            ( - -3.072e+03 4 0)
s>            ( SILENCE -1 -5.474e+03 1.292e+02 2.498e+01
s>                ( - -4.420e+03 1 0)
s>                ( - -9.252e+02 2 0))))INFO: dtree.c(1315): Comp split 13
INFO: dtree.c(1439): stop. leaf nodes are specific
INFO: dtree.c(1478): Final simple tree
|( QUESTION2 -1 -1.767e+04 1.468e+02 8.290e+01
|    ( WDBNDRY_B 0 -8.910e+03 1.002e+02 4.203e+01
|        ( - -8.120e+02 2 0)
|        ( - -7.997e+03 1 0))
|    ( - -8.613e+03 3 0))
s>    ( QUESTION2 -1 -1.767e+04 1.468e+02 8.290e+01
s>        ( WDBNDRY_B 0 -8.910e+03 1.002e+02 4.203e+01
s>            ( - -8.120e+02 2 0)
s>            ( - -7.997e+03 1 0))
s>        ( - -8.613e+03 3 0))INFO: dtree.c(1439): stop. leaf nodes are specific
INFO: dtree.c(1478): Final simple tree
|( QUESTION13 -1 -1.037e+04 1.905e+02 4.898e+01
|    ( WDBNDRY_B 0 -4.706e+03 1.476e+02 2.400e+01
|        ( - -3.072e+03 4 0)
|        ( - -1.486e+03 1 0))
|    ( SILENCE -1 -5.474e+03 1.292e+02 2.498e+01
|        ( - -4.420e+03 1 0)
|        ( - -9.252e+02 2 0)))
s>    ( QUESTION13 -1 -1.037e+04 1.905e+02 4.898e+01
s>        ( WDBNDRY_B 0 -4.706e+03 1.476e+02 2.400e+01
s>            ( - -3.072e+03 4 0)
s>            ( - -1.486e+03 1 0))
s>        ( SILENCE -1 -5.474e+03 1.292e+02 2.498e+01
s>            ( - -4.420e+03 1 0)
s>            ( - -9.252e+02 2 0)))INFO: dtree.c(1315): Comp split 14
INFO: dtree.c(1439): stop. leaf nodes are specific
INFO: dtree.c(1478): Final simple tree
|( SILENCE 1 -1.015e+04 1.119e+02 4.166e+01
|    ( - -7.415e+03 2 0)
|    ( - -2.621e+03 1 0))
s>    ( SILENCE 1 -1.015e+04 1.119e+02 4.166e+01
s>        ( - -7.415e+03 2 0)
s>        ( - -2.621e+03 1 0))INFO: dtree.c(1439): stop. leaf nodes are specific
INFO: dtree.c(1478): Final simple tree
|( QUESTION0_4_R 1 -6.100e+03 1.846e+02 2.617e+01
|    ( - -3.680e+02 2 0)
|    ( QUESTION0_2_R 1 -5.547e+03 1.198e+02 2.417e+01
|        ( - -3.653e+02 1 0)
|        ( - -5.062e+03 2 0)))
s>    ( QUESTION0_4_R 1 -6.100e+03 1.846e+02 2.617e+01
s>        ( - -3.680e+02 2 0)
s>        ( QUESTION0_2_R 1 -5.547e+03 1.198e+02 2.417e+01
s>            ( - -3.653e+02 1 0)
s>            ( - -5.062e+03 2 0)))INFO: dtree.c(1315): Comp split 15
INFO: dtree.c(1315): Comp split 16
INFO: dtree.c(1439): stop. leaf nodes are specific
INFO: dtree.c(1478): Final simple tree
|( SILENCE -1 -5.474e+03 1.292e+02 2.498e+01
|    ( - -4.420e+03 1 0)
|    ( - -9.252e+02 2 0))
s>    ( SILENCE -1 -5.474e+03 1.292e+02 2.498e+01
s>        ( - -4.420e+03 1 0)
s>        ( - -9.252e+02 2 0))INFO: dtree.c(1439): stop. leaf nodes are specific
INFO: dtree.c(1478): Final simple tree
|( WDBNDRY_B 0 -4.706e+03 1.476e+02 2.400e+01
|    ( - -3.072e+03 4 0)
|    ( - -1.486e+03 1 0))
s>    ( WDBNDRY_B 0 -4.706e+03 1.476e+02 2.400e+01
s>        ( - -3.072e+03 4 0)
s>        ( - -1.486e+03 1 0))INFO: dtree.c(1315): Comp split 17
INFO: dtree.c(1439): stop. leaf nodes are specific
INFO: dtree.c(1478): Final simple tree
|( QUESTION0_2_R 1 -5.547e+03 1.198e+02 2.417e+01
|    ( - -3.653e+02 1 0)
|    ( - -5.062e+03 2 0))
s>    ( QUESTION0_2_R 1 -5.547e+03 1.198e+02 2.417e+01
s>        ( - -3.653e+02 1 0)
s>        ( - -5.062e+03 2 0))INFO: dtree.c(1315): Comp split 18
INFO: dtree.c(1315): Comp split 19
INFO: dtree.c(1315): Comp split 20
INFO: dtree.c(1439): stop. leaf nodes are specific
INFO: dtree.c(1478): Final simple tree
|( WDBNDRY_B 0 -8.910e+03 1.002e+02 4.203e+01
|    ( - -8.120e+02 2 0)
|    ( - -7.997e+03 1 0))
s>    ( WDBNDRY_B 0 -8.910e+03 1.002e+02 4.203e+01
s>        ( - -8.120e+02 2 0)
s>        ( - -7.997e+03 1 0))INFO: dtree.c(1315): Comp split 21
INFO: dtree.c(1315): Comp split 22
INFO: dtree.c(1315): Comp split 23
INFO: dtree.c(1315): Comp split 24
INFO: dtree.c(1315): Comp split 25
INFO: dtree.c(1315): Comp split 26
INFO: dtree.c(1318): stop. leaf nodes are specific
Tue Mar 28 14:10:02 2023
