Current configuration:
[NAME]		[DEFLT]	[VALUE]
-allphones	no	no
-cntthresh	0.00001	1.000000e-05
-csplitmax	100	2000
-csplitmin	1	1
-csplitthr	8e-4	0.000000e+00
-example	no	no
-fullvar	no	no
-help		no	no
-meanfn			/home/lucija/Documents/Zadnji semestar/ROGJ/Prezentacije/CMUspinx/tutorial9/model_parameters/my_db.cd_cont_untied/means
-mixwfn			/home/lucija/Documents/Zadnji semestar/ROGJ/Prezentacije/CMUspinx/tutorial9/model_parameters/my_db.cd_cont_untied/mixture_weights
-moddeffn		/home/lucija/Documents/Zadnji semestar/ROGJ/Prezentacije/CMUspinx/tutorial9/model_architecture/my_db.untied.mdef
-mwfloor	1e-4	1.000000e-08
-phone			v
-psetfn			/home/lucija/Documents/Zadnji semestar/ROGJ/Prezentacije/CMUspinx/tutorial9/model_architecture/my_db.tree_questions
-ssplitmax	5	7
-ssplitmin	1	1
-ssplitthr	8e-4	0.000000e+00
-state			2
-stwt			1.0,0.05,0.0,
-treefn			/home/lucija/Documents/Zadnji semestar/ROGJ/Prezentacije/CMUspinx/tutorial9/trees/my_db.unpruned/v-2.dtree
-ts2cbfn	.semi.	.cont.
-varfloor	0.00001	1.000000e-05
-varfn			/home/lucija/Documents/Zadnji semestar/ROGJ/Prezentacije/CMUspinx/tutorial9/model_parameters/my_db.cd_cont_untied/variances

INFO: main.c(223): Reading: /home/lucija/Documents/Zadnji semestar/ROGJ/Prezentacije/CMUspinx/tutorial9/model_architecture/my_db.untied.mdef
INFO: model_def_io.c(573): Model definition info:
INFO: model_def_io.c(574): 10678 total models defined (32 base, 10646 tri)
INFO: model_def_io.c(575): 42712 total states
INFO: model_def_io.c(576): 32034 total tied states
INFO: model_def_io.c(577): 96 total tied CI states
INFO: model_def_io.c(578): 32 total tied transition matrices
INFO: model_def_io.c(579): 4 max state/model
INFO: model_def_io.c(580): 4 min state/model
INFO: main.c(242): Building trees for [v NOISE a b] through [v ž i i]
INFO: main.c(268): Covering states |[29007 29843]| == 837
INFO: main.c(275): Reading: /home/lucija/Documents/Zadnji semestar/ROGJ/Prezentacije/CMUspinx/tutorial9/model_parameters/my_db.cd_cont_untied/mixture_weights
INFO: s3mixw_io.c(172): Read /home/lucija/Documents/Zadnji semestar/ROGJ/Prezentacije/CMUspinx/tutorial9/model_parameters/my_db.cd_cont_untied/mixture_weights [837x1x1 array]
INFO: main.c(311): 279 of 279 models have observation count greater than 0.000010
INFO: main.c(95): nrm stwt: 0.000 0.048 0.952 
INFO: s3gau_io.c(168): Read /home/lucija/Documents/Zadnji semestar/ROGJ/Prezentacije/CMUspinx/tutorial9/model_parameters/my_db.cd_cont_untied/means [32034x1x1 array]
INFO: s3gau_io.c(168): Read /home/lucija/Documents/Zadnji semestar/ROGJ/Prezentacije/CMUspinx/tutorial9/model_parameters/my_db.cd_cont_untied/variances [32034x1x1 array]
INFO: main.c(549): Reading: /home/lucija/Documents/Zadnji semestar/ROGJ/Prezentacije/CMUspinx/tutorial9/model_architecture/my_db.tree_questions
INFO: main.c(587): 180 total simple questions (172 phone; 8 word bndry)
INFO: main.c(589): 42 Left Only questions, and 42 Right Only questions
INFO: dtree.c(1478): Final simple tree
|( QUESTION16 -1 -5.721e+06 3.117e+04 2.577e+04
|    ( - -7.799e+05 17 0 QUESTION17 -1 2.242e+03 3.660e+03)
|    ( QUESTION0_15_R 1 -4.910e+06 2.027e+04 2.211e+04
|        ( - -3.800e+05 22 0 QUESTION0_17_R 1 1.390e+03 1.807e+03)
|        ( QUESTION2_6_L -1 -4.510e+06 1.642e+04 2.031e+04
|            ( QUESTION7 -1 -6.315e+05 8.586e+03 2.861e+03
|                ( - -1.411e+05 4 0 QUESTION0 1 4.002e+02 6.773e+02)
|                ( - -4.818e+05 62 0 QUESTION19 -1 4.668e+03 2.184e+03))
|            ( QUESTION14 1 -3.862e+06 1.437e+04 1.745e+04
|                ( - -4.884e+05 27 0 QUESTION0 -1 3.891e+03 2.198e+03)
|                ( WDBNDRY_I 0 -3.359e+06 1.009e+04 1.525e+04
|                    ( QUESTION2_4_L -1 -2.442e+06 4.693e+03 1.115e+04
|                        ( - -1.131e+05 5 0)
|                        ( - -2.324e+06 56 0 QUESTION0_0_R 1 1.875e+03 1.061e+04))
|                    ( - -9.078e+05 86 0 QUESTION0 -1 3.853e+03 4.098e+03))))))
s>    ( QUESTION16 -1 -5.721e+06 3.117e+04 2.577e+04
s>        ( - -7.799e+05 17 0 QUESTION17 -1 2.242e+03 3.660e+03)
s>        ( QUESTION0_15_R 1 -4.910e+06 2.027e+04 2.211e+04
s>            ( - -3.800e+05 22 0 QUESTION0_17_R 1 1.390e+03 1.807e+03)
s>            ( QUESTION2_6_L -1 -4.510e+06 1.642e+04 2.031e+04
s>                ( QUESTION7 -1 -6.315e+05 8.586e+03 2.861e+03
s>                    ( - -1.411e+05 4 0 QUESTION0 1 4.002e+02 6.773e+02)
s>                    ( - -4.818e+05 62 0 QUESTION19 -1 4.668e+03 2.184e+03))
s>                ( QUESTION14 1 -3.862e+06 1.437e+04 1.745e+04
s>                    ( - -4.884e+05 27 0 QUESTION0 -1 3.891e+03 2.198e+03)
s>                    ( WDBNDRY_I 0 -3.359e+06 1.009e+04 1.525e+04
s>                        ( QUESTION2_4_L -1 -2.442e+06 4.693e+03 1.115e+04
s>                            ( - -1.131e+05 5 0)
s>                            ( - -2.324e+06 56 0 QUESTION0_0_R 1 1.875e+03 1.061e+04))
s>                        ( - -9.078e+05 86 0 QUESTION0 -1 3.853e+03 4.098e+03))))))INFO: dtree.c(1315): Comp split 0
INFO: dtree.c(1478): Final simple tree
|( QUESTION0_15_R 1 -4.910e+06 2.027e+04 2.211e+04
|    ( - -3.800e+05 22 0 QUESTION0_17_R 1 1.390e+03 1.807e+03)
|    ( QUESTION2_6_L -1 -4.510e+06 1.642e+04 2.031e+04
|        ( QUESTION7 -1 -6.315e+05 8.586e+03 2.861e+03
|            ( - -1.411e+05 4 0 QUESTION0 1 4.002e+02 6.773e+02)
|            ( QUESTION19 -1 -4.818e+05 4.668e+03 2.184e+03
|                ( - -1.865e+05 11 0 QUESTION0 1 1.233e+03 8.576e+02)
|                ( - -2.907e+05 51 0 QUESTION12 -1 1.583e+03 1.327e+03)))
|        ( QUESTION14 1 -3.862e+06 1.437e+04 1.745e+04
|            ( - -4.884e+05 27 0 QUESTION0 -1 3.891e+03 2.198e+03)
|            ( WDBNDRY_I 0 -3.359e+06 1.009e+04 1.525e+04
|                ( QUESTION2_4_L -1 -2.442e+06 4.693e+03 1.115e+04
|                    ( - -1.131e+05 5 0)
|                    ( - -2.324e+06 56 0 QUESTION0_0_R 1 1.875e+03 1.061e+04))
|                ( - -9.078e+05 86 0 QUESTION0 -1 3.853e+03 4.098e+03)))))
s>    ( QUESTION0_15_R 1 -4.910e+06 2.027e+04 2.211e+04
s>        ( - -3.800e+05 22 0 QUESTION0_17_R 1 1.390e+03 1.807e+03)
s>        ( QUESTION2_6_L -1 -4.510e+06 1.642e+04 2.031e+04
s>            ( QUESTION7 -1 -6.315e+05 8.586e+03 2.861e+03
s>                ( - -1.411e+05 4 0 QUESTION0 1 4.002e+02 6.773e+02)
s>                ( QUESTION19 -1 -4.818e+05 4.668e+03 2.184e+03
s>                    ( - -1.865e+05 11 0 QUESTION0 1 1.233e+03 8.576e+02)
s>                    ( - -2.907e+05 51 0 QUESTION12 -1 1.583e+03 1.327e+03)))
s>            ( QUESTION14 1 -3.862e+06 1.437e+04 1.745e+04
s>                ( - -4.884e+05 27 0 QUESTION0 -1 3.891e+03 2.198e+03)
s>                ( WDBNDRY_I 0 -3.359e+06 1.009e+04 1.525e+04
s>                    ( QUESTION2_4_L -1 -2.442e+06 4.693e+03 1.115e+04
s>                        ( - -1.131e+05 5 0)
s>                        ( - -2.324e+06 56 0 QUESTION0_0_R 1 1.875e+03 1.061e+04))
s>                    ( - -9.078e+05 86 0 QUESTION0 -1 3.853e+03 4.098e+03)))))INFO: dtree.c(1439): stop. leaf nodes are specific
INFO: dtree.c(1478): Final simple tree
|( QUESTION17 -1 -7.799e+05 2.242e+03 3.660e+03
|    ( QUESTION0 1 -1.980e+04 4.037e+02 8.814e+01
|        ( WDBNDRY_B 0 -1.448e+04 2.950e+02 6.522e+01
|            ( - -1.267e+04 6 0)
|            ( - -1.522e+03 1 0))
|        ( - -4.917e+03 1 0))
|    ( WDBNDRY_B 0 -7.579e+05 2.018e+02 3.572e+03
|        ( QUESTION0 1 -3.134e+03 1.062e+02 1.482e+01
|            ( - -5.871e+02 3 0)
|            ( - -2.441e+03 1 0))
|        ( - -7.545e+05 5 0)))
s>    ( QUESTION17 -1 -7.799e+05 2.242e+03 3.660e+03
s>        ( QUESTION0 1 -1.980e+04 4.037e+02 8.814e+01
s>            ( WDBNDRY_B 0 -1.448e+04 2.950e+02 6.522e+01
s>                ( - -1.267e+04 6 0)
s>                ( - -1.522e+03 1 0))
s>            ( - -4.917e+03 1 0))
s>        ( WDBNDRY_B 0 -7.579e+05 2.018e+02 3.572e+03
s>            ( QUESTION0 1 -3.134e+03 1.062e+02 1.482e+01
s>                ( - -5.871e+02 3 0)
s>                ( - -2.441e+03 1 0))
s>            ( - -7.545e+05 5 0)))INFO: dtree.c(1315): Comp split 1
INFO: dtree.c(1478): Final simple tree
|( QUESTION2_6_L -1 -4.510e+06 1.642e+04 2.031e+04
|    ( QUESTION7 -1 -6.315e+05 8.586e+03 2.861e+03
|        ( - -1.411e+05 4 0 QUESTION0 1 4.002e+02 6.773e+02)
|        ( QUESTION19 -1 -4.818e+05 4.668e+03 2.184e+03
|            ( - -1.865e+05 11 0 QUESTION0 1 1.233e+03 8.576e+02)
|            ( - -2.907e+05 51 0 QUESTION12 -1 1.583e+03 1.327e+03)))
|    ( QUESTION14 1 -3.862e+06 1.437e+04 1.745e+04
|        ( QUESTION0 -1 -4.884e+05 3.891e+03 2.198e+03
|            ( - -2.339e+05 18 0 WDBNDRY_B 0 1.213e+03 1.058e+03)
|            ( - -2.505e+05 9 0 QUESTION13 -1 4.738e+02 1.139e+03))
|        ( WDBNDRY_I 0 -3.359e+06 1.009e+04 1.525e+04
|            ( QUESTION2_4_L -1 -2.442e+06 4.693e+03 1.115e+04
|                ( - -1.131e+05 5 0)
|                ( - -2.324e+06 56 0 QUESTION0_0_R 1 1.875e+03 1.061e+04))
|            ( - -9.078e+05 86 0 QUESTION0 -1 3.853e+03 4.098e+03))))
s>    ( QUESTION2_6_L -1 -4.510e+06 1.642e+04 2.031e+04
s>        ( QUESTION7 -1 -6.315e+05 8.586e+03 2.861e+03
s>            ( - -1.411e+05 4 0 QUESTION0 1 4.002e+02 6.773e+02)
s>            ( QUESTION19 -1 -4.818e+05 4.668e+03 2.184e+03
s>                ( - -1.865e+05 11 0 QUESTION0 1 1.233e+03 8.576e+02)
s>                ( - -2.907e+05 51 0 QUESTION12 -1 1.583e+03 1.327e+03)))
s>        ( QUESTION14 1 -3.862e+06 1.437e+04 1.745e+04
s>            ( QUESTION0 -1 -4.884e+05 3.891e+03 2.198e+03
s>                ( - -2.339e+05 18 0 WDBNDRY_B 0 1.213e+03 1.058e+03)
s>                ( - -2.505e+05 9 0 QUESTION13 -1 4.738e+02 1.139e+03))
s>            ( WDBNDRY_I 0 -3.359e+06 1.009e+04 1.525e+04
s>                ( QUESTION2_4_L -1 -2.442e+06 4.693e+03 1.115e+04
s>                    ( - -1.131e+05 5 0)
s>                    ( - -2.324e+06 56 0 QUESTION0_0_R 1 1.875e+03 1.061e+04))
s>                ( - -9.078e+05 86 0 QUESTION0 -1 3.853e+03 4.098e+03))))INFO: dtree.c(1478): Final simple tree
|( QUESTION0_17_R 1 -3.800e+05 1.390e+03 1.807e+03
|    ( WDBNDRY_E 0 -3.376e+05 1.326e+02 1.617e+03
|        ( - -1.397e+03 3 0)
|        ( - -3.361e+05 5 0))
|    ( QUESTION0_19_R 1 -4.098e+04 5.910e+02 1.895e+02
|        ( WDBNDRY_E 0 -2.473e+04 1.586e+02 1.163e+02
|            ( - -3.004e+02 1 0)
|            ( - -2.427e+04 5 0))
|        ( QUESTION0_16_R 1 -1.566e+04 2.759e+02 7.322e+01
|            ( - -4.173e+03 1 0)
|            ( QUESTION17 1 -1.122e+04 1.777e+02 5.304e+01
|                ( - -7.963e+03 3 0)
|                ( WDBNDRY_E 0 -3.075e+03 1.134e+02 1.500e+01
|                    ( - -9.485e+02 3 0)
|                    ( - -2.013e+03 1 0))))))
s>    ( QUESTION0_17_R 1 -3.800e+05 1.390e+03 1.807e+03
s>        ( WDBNDRY_E 0 -3.376e+05 1.326e+02 1.617e+03
s>            ( - -1.397e+03 3 0)
s>            ( - -3.361e+05 5 0))
s>        ( QUESTION0_19_R 1 -4.098e+04 5.910e+02 1.895e+02
s>            ( WDBNDRY_E 0 -2.473e+04 1.586e+02 1.163e+02
s>                ( - -3.004e+02 1 0)
s>                ( - -2.427e+04 5 0))
s>            ( QUESTION0_16_R 1 -1.566e+04 2.759e+02 7.322e+01
s>                ( - -4.173e+03 1 0)
s>                ( QUESTION17 1 -1.122e+04 1.777e+02 5.304e+01
s>                    ( - -7.963e+03 3 0)
s>                    ( WDBNDRY_E 0 -3.075e+03 1.134e+02 1.500e+01
s>                        ( - -9.485e+02 3 0)
s>                        ( - -2.013e+03 1 0))))))INFO: dtree.c(1315): Comp split 2
INFO: dtree.c(1478): Final simple tree
|( QUESTION14 1 -4.159e+06 1.409e+04 1.877e+04
|    ( QUESTION0 -1 -4.996e+05 3.672e+03 2.249e+03
|        ( - -2.339e+05 18 0 WDBNDRY_B 0 1.213e+03 1.058e+03)
|        ( - -2.620e+05 19 0 QUESTION2_1_L -1 7.843e+02 1.190e+03))
|    ( QUESTION0 -1 -3.646e+06 9.325e+03 1.652e+04
|        ( QUESTION2_0_L -1 -2.896e+06 4.472e+03 1.319e+04
|            ( WDBNDRY_I 0 -2.777e+06 4.698e+03 1.265e+04
|                ( - -2.150e+06 44 0 QUESTION0_0_R 1 1.908e+03 9.825e+03)
|                ( - -6.225e+05 59 0 QUESTION0_0_R 1 1.258e+03 2.824e+03))
|            ( - -1.145e+05 7 0 WDBNDRY_B 0 2.042e+02 5.448e+02))
|        ( QUESTION2_1_L -1 -7.405e+05 4.869e+03 3.331e+03
|            ( QUESTION10 -1 -5.065e+05 3.490e+03 2.289e+03
|                ( - -2.488e+05 22 0 QUESTION11 -1 1.499e+03 1.139e+03)
|                ( - -2.542e+05 44 0 WDBNDRY_B 0 9.357e+02 1.151e+03))
|            ( - -2.292e+05 12 0 SILENCE -1 4.069e+02 1.041e+03))))
s>    ( QUESTION14 1 -4.159e+06 1.409e+04 1.877e+04
s>        ( QUESTION0 -1 -4.996e+05 3.672e+03 2.249e+03
s>            ( - -2.339e+05 18 0 WDBNDRY_B 0 1.213e+03 1.058e+03)
s>            ( - -2.620e+05 19 0 QUESTION2_1_L -1 7.843e+02 1.190e+03))
s>        ( QUESTION0 -1 -3.646e+06 9.325e+03 1.652e+04
s>            ( QUESTION2_0_L -1 -2.896e+06 4.472e+03 1.319e+04
s>                ( WDBNDRY_I 0 -2.777e+06 4.698e+03 1.265e+04
s>                    ( - -2.150e+06 44 0 QUESTION0_0_R 1 1.908e+03 9.825e+03)
s>                    ( - -6.225e+05 59 0 QUESTION0_0_R 1 1.258e+03 2.824e+03))
s>                ( - -1.145e+05 7 0 WDBNDRY_B 0 2.042e+02 5.448e+02))
s>            ( QUESTION2_1_L -1 -7.405e+05 4.869e+03 3.331e+03
s>                ( QUESTION10 -1 -5.065e+05 3.490e+03 2.289e+03
s>                    ( - -2.488e+05 22 0 QUESTION11 -1 1.499e+03 1.139e+03)
s>                    ( - -2.542e+05 44 0 WDBNDRY_B 0 9.357e+02 1.151e+03))
s>                ( - -2.292e+05 12 0 SILENCE -1 4.069e+02 1.041e+03))))INFO: dtree.c(1478): Final simple tree
|( QUESTION2 -1 -3.333e+05 5.784e+03 1.535e+03
|    ( QUESTION0 1 -1.411e+05 4.002e+02 6.773e+02
|        ( WDBNDRY_B 0 -1.393e+05 1.537e+02 6.703e+02
|            ( - -2.816e+02 1 0)
|            ( - -1.388e+05 1 0))
|        ( WDBNDRY_B 0 -1.410e+03 5.336e+02 7.000e+00
|            ( - 2.427e+02 1 0)
|            ( - -1.119e+03 1 0)))
|    ( QUESTION0 1 -1.865e+05 1.233e+03 8.576e+02
|        ( WDBNDRY_B 0 -1.667e+05 2.444e+02 7.673e+02
|            ( - -2.434e+03 4 0)
|            ( - -1.640e+05 5 0))
|        ( WDBNDRY_B 0 -1.859e+04 2.470e+02 9.021e+01
|            ( - -1.520e+03 1 0)
|            ( - -1.682e+04 1 0))))
s>    ( QUESTION2 -1 -3.333e+05 5.784e+03 1.535e+03
s>        ( QUESTION0 1 -1.411e+05 4.002e+02 6.773e+02
s>            ( WDBNDRY_B 0 -1.393e+05 1.537e+02 6.703e+02
s>                ( - -2.816e+02 1 0)
s>                ( - -1.388e+05 1 0))
s>            ( WDBNDRY_B 0 -1.410e+03 5.336e+02 7.000e+00
s>                ( - 2.427e+02 1 0)
s>                ( - -1.119e+03 1 0)))
s>        ( QUESTION0 1 -1.865e+05 1.233e+03 8.576e+02
s>            ( WDBNDRY_B 0 -1.667e+05 2.444e+02 7.673e+02
s>                ( - -2.434e+03 4 0)
s>                ( - -1.640e+05 5 0))
s>            ( WDBNDRY_B 0 -1.859e+04 2.470e+02 9.021e+01
s>                ( - -1.520e+03 1 0)
s>                ( - -1.682e+04 1 0))))INFO: dtree.c(1315): Comp split 3
INFO: dtree.c(1478): Final simple tree
|( QUESTION2_4_L -1 -2.524e+06 4.604e+03 1.152e+04
|    ( - -1.145e+05 7 0 WDBNDRY_B 0 2.042e+02 5.448e+02)
|    ( QUESTION0_0_R 1 -2.405e+06 1.834e+03 1.098e+04
|        ( QUESTION0 -1 -2.382e+06 1.535e+03 1.088e+04
|            ( - -2.126e+06 28 0)
|            ( WDBNDRY_B 0 -2.542e+05 9.357e+02 1.151e+03
|                ( QUESTION15 -1 -6.172e+04 3.655e+02 2.805e+02
|                    ( - -9.183e+03 6 0)
|                    ( - -5.217e+04 16 0 QUESTION2 -1 1.045e+02 2.370e+02))
|                ( QUESTION14 -1 -1.915e+05 6.566e+02 8.703e+02
|                    ( - -1.728e+05 12 0)
|                    ( - -1.805e+04 10 0 QUESTION2 -1 2.737e+02 8.338e+01))))
|        ( QUESTION20 1 -2.153e+04 4.187e+02 9.916e+01
|            ( - -7.367e+03 3 0)
|            ( - -1.374e+04 13 0 QUESTION0_5_R 1 3.220e+02 6.331e+01))))
s>    ( QUESTION2_4_L -1 -2.524e+06 4.604e+03 1.152e+04
s>        ( - -1.145e+05 7 0 WDBNDRY_B 0 2.042e+02 5.448e+02)
s>        ( QUESTION0_0_R 1 -2.405e+06 1.834e+03 1.098e+04
s>            ( QUESTION0 -1 -2.382e+06 1.535e+03 1.088e+04
s>                ( - -2.126e+06 28 0)
s>                ( WDBNDRY_B 0 -2.542e+05 9.357e+02 1.151e+03
s>                    ( QUESTION15 -1 -6.172e+04 3.655e+02 2.805e+02
s>                        ( - -9.183e+03 6 0)
s>                        ( - -5.217e+04 16 0 QUESTION2 -1 1.045e+02 2.370e+02))
s>                    ( QUESTION14 -1 -1.915e+05 6.566e+02 8.703e+02
s>                        ( - -1.728e+05 12 0)
s>                        ( - -1.805e+04 10 0 QUESTION2 -1 2.737e+02 8.338e+01))))
s>            ( QUESTION20 1 -2.153e+04 4.187e+02 9.916e+01
s>                ( - -7.367e+03 3 0)
s>                ( - -1.374e+04 13 0 QUESTION0_5_R 1 3.220e+02 6.331e+01))))INFO: dtree.c(1478): Final simple tree
|( QUESTION14 1 -1.620e+06 1.124e+04 7.252e+03
|    ( QUESTION0 -1 -4.996e+05 3.672e+03 2.249e+03
|        ( WDBNDRY_B 0 -2.339e+05 1.213e+03 1.058e+03
|            ( - -1.511e+05 11 0 QUESTION2_0_L -1 8.341e+01 6.871e+02)
|            ( - -8.161e+04 7 0))
|        ( - -2.620e+05 19 0 QUESTION2_1_L -1 7.843e+02 1.190e+03))
|    ( QUESTION0 -1 -1.109e+06 4.411e+03 5.003e+03
|        ( QUESTION0_0_R 1 -6.225e+05 1.258e+03 2.824e+03
|            ( - -5.999e+05 37 0 WDBNDRY_B 0 2.051e+02 2.723e+03)
|            ( - -2.137e+04 22 0 QUESTION0_12_R 1 4.617e+02 1.008e+02))
|        ( QUESTION4 -1 -4.820e+05 3.989e+03 2.180e+03
|            ( QUESTION11 -1 -2.488e+05 1.499e+03 1.139e+03
|                ( - -1.026e+05 12 0 QUESTION2_15_L -1 4.518e+02 4.654e+02)
|                ( - -1.447e+05 10 0 WDBNDRY_B 0 9.156e+02 6.732e+02))
|            ( - -2.292e+05 12 0 SILENCE -1 4.069e+02 1.041e+03))))
s>    ( QUESTION14 1 -1.620e+06 1.124e+04 7.252e+03
s>        ( QUESTION0 -1 -4.996e+05 3.672e+03 2.249e+03
s>            ( WDBNDRY_B 0 -2.339e+05 1.213e+03 1.058e+03
s>                ( - -1.511e+05 11 0 QUESTION2_0_L -1 8.341e+01 6.871e+02)
s>                ( - -8.161e+04 7 0))
s>            ( - -2.620e+05 19 0 QUESTION2_1_L -1 7.843e+02 1.190e+03))
s>        ( QUESTION0 -1 -1.109e+06 4.411e+03 5.003e+03
s>            ( QUESTION0_0_R 1 -6.225e+05 1.258e+03 2.824e+03
s>                ( - -5.999e+05 37 0 WDBNDRY_B 0 2.051e+02 2.723e+03)
s>                ( - -2.137e+04 22 0 QUESTION0_12_R 1 4.617e+02 1.008e+02))
s>            ( QUESTION4 -1 -4.820e+05 3.989e+03 2.180e+03
s>                ( QUESTION11 -1 -2.488e+05 1.499e+03 1.139e+03
s>                    ( - -1.026e+05 12 0 QUESTION2_15_L -1 4.518e+02 4.654e+02)
s>                    ( - -1.447e+05 10 0 WDBNDRY_B 0 9.156e+02 6.732e+02))
s>                ( - -2.292e+05 12 0 SILENCE -1 4.069e+02 1.041e+03))))INFO: dtree.c(1315): Comp split 4
INFO: dtree.c(1478): Final simple tree
|( QUESTION0 -1 -1.109e+06 4.411e+03 5.003e+03
|    ( QUESTION0_0_R 1 -6.225e+05 1.258e+03 2.824e+03
|        ( - -5.999e+05 37 0 WDBNDRY_B 0 2.051e+02 2.723e+03)
|        ( QUESTION0_12_R 1 -2.137e+04 4.617e+02 1.008e+02
|            ( - 2.412e+02 1 0)
|            ( - -2.115e+04 21 0 WDBNDRY_E 0 4.371e+02 9.982e+01)))
|    ( QUESTION4 -1 -4.820e+05 3.989e+03 2.180e+03
|        ( QUESTION11 -1 -2.488e+05 1.499e+03 1.139e+03
|            ( QUESTION2_15_L -1 -1.026e+05 4.518e+02 4.654e+02
|                ( - -1.024e+05 11 0 WDBNDRY_B 0 1.797e+02 4.644e+02)
|                ( - 2.411e+02 1 0))
|            ( WDBNDRY_B 0 -1.447e+05 9.156e+02 6.732e+02
|                ( - -2.037e+04 4 0)
|                ( - -1.235e+05 6 0)))
|        ( - -2.292e+05 12 0 SILENCE -1 4.069e+02 1.041e+03)))
s>    ( QUESTION0 -1 -1.109e+06 4.411e+03 5.003e+03
s>        ( QUESTION0_0_R 1 -6.225e+05 1.258e+03 2.824e+03
s>            ( - -5.999e+05 37 0 WDBNDRY_B 0 2.051e+02 2.723e+03)
s>            ( QUESTION0_12_R 1 -2.137e+04 4.617e+02 1.008e+02
s>                ( - 2.412e+02 1 0)
s>                ( - -2.115e+04 21 0 WDBNDRY_E 0 4.371e+02 9.982e+01)))
s>        ( QUESTION4 -1 -4.820e+05 3.989e+03 2.180e+03
s>            ( QUESTION11 -1 -2.488e+05 1.499e+03 1.139e+03
s>                ( QUESTION2_15_L -1 -1.026e+05 4.518e+02 4.654e+02
s>                    ( - -1.024e+05 11 0 WDBNDRY_B 0 1.797e+02 4.644e+02)
s>                    ( - 2.411e+02 1 0))
s>                ( WDBNDRY_B 0 -1.447e+05 9.156e+02 6.732e+02
s>                    ( - -2.037e+04 4 0)
s>                    ( - -1.235e+05 6 0)))
s>            ( - -2.292e+05 12 0 SILENCE -1 4.069e+02 1.041e+03)))INFO: dtree.c(1478): Final simple tree
|( QUESTION0 -1 -4.996e+05 3.672e+03 2.249e+03
|    ( WDBNDRY_B 0 -2.339e+05 1.213e+03 1.058e+03
|        ( - -1.511e+05 11 0 QUESTION2_0_L -1 8.341e+01 6.871e+02)
|        ( - -8.161e+04 7 0))
|    ( QUESTION2_1_L -1 -2.620e+05 7.843e+02 1.190e+03
|        ( QUESTION5 -1 -2.745e+04 2.203e+02 1.241e+02
|            ( - -1.460e+03 1 0)
|            ( QUESTION11 -1 -2.577e+04 2.014e+02 1.161e+02
|                ( - -3.088e+03 2 0 WDBNDRY_B 0 1.209e+02 1.500e+01)
|                ( QUESTION14 -1 -2.248e+04 1.517e+02 1.011e+02
|                    ( - -1.633e+04 5 0)
|                    ( - -6.000e+03 7 0 WDBNDRY_B 0 1.549e+02 2.800e+01))))
|        ( SILENCE -1 -2.337e+05 2.394e+02 1.066e+03
|            ( - -2.026e+05 2 0)
|            ( - -3.088e+04 2 0))))
s>    ( QUESTION0 -1 -4.996e+05 3.672e+03 2.249e+03
s>        ( WDBNDRY_B 0 -2.339e+05 1.213e+03 1.058e+03
s>            ( - -1.511e+05 11 0 QUESTION2_0_L -1 8.341e+01 6.871e+02)
s>            ( - -8.161e+04 7 0))
s>        ( QUESTION2_1_L -1 -2.620e+05 7.843e+02 1.190e+03
s>            ( QUESTION5 -1 -2.745e+04 2.203e+02 1.241e+02
s>                ( - -1.460e+03 1 0)
s>                ( QUESTION11 -1 -2.577e+04 2.014e+02 1.161e+02
s>                    ( - -3.088e+03 2 0 WDBNDRY_B 0 1.209e+02 1.500e+01)
s>                    ( QUESTION14 -1 -2.248e+04 1.517e+02 1.011e+02
s>                        ( - -1.633e+04 5 0)
s>                        ( - -6.000e+03 7 0 WDBNDRY_B 0 1.549e+02 2.800e+01))))
s>            ( SILENCE -1 -2.337e+05 2.394e+02 1.066e+03
s>                ( - -2.026e+05 2 0)
s>                ( - -3.088e+04 2 0))))INFO: dtree.c(1315): Comp split 5
INFO: dtree.c(1439): stop. leaf nodes are specific
INFO: dtree.c(1478): Final simple tree
|( WDBNDRY_B 0 -1.393e+05 1.537e+02 6.703e+02
|    ( - -2.816e+02 1 0)
|    ( - -1.388e+05 1 0))
s>    ( WDBNDRY_B 0 -1.393e+05 1.537e+02 6.703e+02
s>        ( - -2.816e+02 1 0)
s>        ( - -1.388e+05 1 0))INFO: dtree.c(1439): stop. leaf nodes are specific
INFO: dtree.c(1478): Final simple tree
|( QUESTION0 1 -1.880e+05 1.304e+03 8.646e+02
|    ( WDBNDRY_B 0 -1.667e+05 2.444e+02 7.673e+02
|        ( - -2.434e+03 4 0)
|        ( - -1.640e+05 5 0))
|    ( QUESTION9 -1 -2.009e+04 5.217e+02 9.721e+01
|        ( - 2.427e+02 1 0)
|        ( WDBNDRY_B 0 -1.981e+04 2.508e+02 9.621e+01
|            ( - -1.520e+03 1 0)
|            ( QUESTION2 -1 -1.804e+04 9.600e+01 8.834e+01
|                ( - -1.119e+03 1 0)
|                ( - -1.682e+04 1 0)))))
s>    ( QUESTION0 1 -1.880e+05 1.304e+03 8.646e+02
s>        ( WDBNDRY_B 0 -1.667e+05 2.444e+02 7.673e+02
s>            ( - -2.434e+03 4 0)
s>            ( - -1.640e+05 5 0))
s>        ( QUESTION9 -1 -2.009e+04 5.217e+02 9.721e+01
s>            ( - 2.427e+02 1 0)
s>            ( WDBNDRY_B 0 -1.981e+04 2.508e+02 9.621e+01
s>                ( - -1.520e+03 1 0)
s>                ( QUESTION2 -1 -1.804e+04 9.600e+01 8.834e+01
s>                    ( - -1.119e+03 1 0)
s>                    ( - -1.682e+04 1 0)))))INFO: dtree.c(1315): Comp split 6
INFO: dtree.c(1478): Final simple tree
|( QUESTION0_0_R 1 -6.437e+05 1.267e+03 2.920e+03
|    ( QUESTION0 -1 -6.211e+05 7.786e+02 2.820e+03
|        ( WDBNDRY_B 0 -5.999e+05 2.051e+02 2.723e+03
|            ( - -5.931e+05 28 0)
|            ( - -6.564e+03 9 0))
|        ( - -2.037e+04 4 0))
|    ( QUESTION0_12_R 1 -2.137e+04 4.617e+02 1.008e+02
|        ( - 2.412e+02 1 0)
|        ( WDBNDRY_E 0 -2.115e+04 4.371e+02 9.982e+01
|            ( SILENCE 1 -2.093e+04 3.540e+02 9.882e+01
|                ( - -1.081e+04 3 0)
|                ( QUESTION0_10_R 1 -9.766e+03 2.508e+02 4.411e+01
|                    ( - -5.151e+03 7 0 QUESTION19 1 1.657e+02 2.411e+01)
|                    ( - -4.365e+03 10 0 QUESTION0_4_R 1 1.440e+02 2.000e+01)))
|            ( - 2.189e+02 1 0))))
s>    ( QUESTION0_0_R 1 -6.437e+05 1.267e+03 2.920e+03
s>        ( QUESTION0 -1 -6.211e+05 7.786e+02 2.820e+03
s>            ( WDBNDRY_B 0 -5.999e+05 2.051e+02 2.723e+03
s>                ( - -5.931e+05 28 0)
s>                ( - -6.564e+03 9 0))
s>            ( - -2.037e+04 4 0))
s>        ( QUESTION0_12_R 1 -2.137e+04 4.617e+02 1.008e+02
s>            ( - 2.412e+02 1 0)
s>            ( WDBNDRY_E 0 -2.115e+04 4.371e+02 9.982e+01
s>                ( SILENCE 1 -2.093e+04 3.540e+02 9.882e+01
s>                    ( - -1.081e+04 3 0)
s>                    ( QUESTION0_10_R 1 -9.766e+03 2.508e+02 4.411e+01
s>                        ( - -5.151e+03 7 0 QUESTION19 1 1.657e+02 2.411e+01)
s>                        ( - -4.365e+03 10 0 QUESTION0_4_R 1 1.440e+02 2.000e+01)))
s>                ( - 2.189e+02 1 0))))INFO: dtree.c(1439): stop. leaf nodes are specific
INFO: dtree.c(1478): Final simple tree
|( QUESTION4 -1 -4.605e+05 3.879e+03 2.083e+03
|    ( QUESTION11 -1 -2.275e+05 1.449e+03 1.042e+03
|        ( QUESTION2_15_L -1 -1.026e+05 4.518e+02 4.654e+02
|            ( WDBNDRY_B 0 -1.024e+05 1.797e+02 4.644e+02
|                ( - -5.206e+03 5 0)
|                ( - -9.698e+04 6 0))
|            ( - 2.411e+02 1 0))
|        ( - -1.235e+05 6 0))
|    ( SILENCE -1 -2.292e+05 4.069e+02 1.041e+03
|        ( - -1.580e+05 6 0)
|        ( - -7.076e+04 6 0)))
s>    ( QUESTION4 -1 -4.605e+05 3.879e+03 2.083e+03
s>        ( QUESTION11 -1 -2.275e+05 1.449e+03 1.042e+03
s>            ( QUESTION2_15_L -1 -1.026e+05 4.518e+02 4.654e+02
s>                ( WDBNDRY_B 0 -1.024e+05 1.797e+02 4.644e+02
s>                    ( - -5.206e+03 5 0)
s>                    ( - -9.698e+04 6 0))
s>                ( - 2.411e+02 1 0))
s>            ( - -1.235e+05 6 0))
s>        ( SILENCE -1 -2.292e+05 4.069e+02 1.041e+03
s>            ( - -1.580e+05 6 0)
s>            ( - -7.076e+04 6 0)))INFO: dtree.c(1315): Comp split 7
INFO: dtree.c(1478): Final simple tree
|( QUESTION0_0_R 1 -2.405e+06 1.834e+03 1.098e+04
|    ( QUESTION0 -1 -2.382e+06 1.535e+03 1.088e+04
|        ( - -2.126e+06 28 0)
|        ( WDBNDRY_B 0 -2.542e+05 9.357e+02 1.151e+03
|            ( QUESTION15 -1 -6.172e+04 3.655e+02 2.805e+02
|                ( - -9.183e+03 6 0)
|                ( - -5.217e+04 16 0 QUESTION2 -1 1.045e+02 2.370e+02))
|            ( QUESTION14 -1 -1.915e+05 6.566e+02 8.703e+02
|                ( - -1.728e+05 12 0)
|                ( - -1.805e+04 10 0 QUESTION2 -1 2.737e+02 8.338e+01))))
|    ( QUESTION20 1 -2.153e+04 4.187e+02 9.916e+01
|        ( - -7.367e+03 3 0)
|        ( QUESTION0_5_R 1 -1.374e+04 3.220e+02 6.331e+01
|            ( - -3.323e+03 4 0)
|            ( - -1.010e+04 9 0 QUESTION0_3_R 1 2.095e+02 4.731e+01))))
s>    ( QUESTION0_0_R 1 -2.405e+06 1.834e+03 1.098e+04
s>        ( QUESTION0 -1 -2.382e+06 1.535e+03 1.088e+04
s>            ( - -2.126e+06 28 0)
s>            ( WDBNDRY_B 0 -2.542e+05 9.357e+02 1.151e+03
s>                ( QUESTION15 -1 -6.172e+04 3.655e+02 2.805e+02
s>                    ( - -9.183e+03 6 0)
s>                    ( - -5.217e+04 16 0 QUESTION2 -1 1.045e+02 2.370e+02))
s>                ( QUESTION14 -1 -1.915e+05 6.566e+02 8.703e+02
s>                    ( - -1.728e+05 12 0)
s>                    ( - -1.805e+04 10 0 QUESTION2 -1 2.737e+02 8.338e+01))))
s>        ( QUESTION20 1 -2.153e+04 4.187e+02 9.916e+01
s>            ( - -7.367e+03 3 0)
s>            ( QUESTION0_5_R 1 -1.374e+04 3.220e+02 6.331e+01
s>                ( - -3.323e+03 4 0)
s>                ( - -1.010e+04 9 0 QUESTION0_3_R 1 2.095e+02 4.731e+01))))INFO: dtree.c(1439): stop. leaf nodes are specific
INFO: dtree.c(1478): Final simple tree
|( WDBNDRY_B 0 -1.145e+05 2.042e+02 5.448e+02
|    ( - -1.167e+03 2 0)
|    ( - -1.131e+05 5 0))
s>    ( WDBNDRY_B 0 -1.145e+05 2.042e+02 5.448e+02
s>        ( - -1.167e+03 2 0)
s>        ( - -1.131e+05 5 0))INFO: dtree.c(1315): Comp split 8
INFO: dtree.c(1439): stop. leaf nodes are specific
INFO: dtree.c(1478): Final simple tree
|( SILENCE -1 -2.337e+05 2.394e+02 1.066e+03
|    ( - -2.026e+05 2 0)
|    ( - -3.088e+04 2 0))
s>    ( SILENCE -1 -2.337e+05 2.394e+02 1.066e+03
s>        ( - -2.026e+05 2 0)
s>        ( - -3.088e+04 2 0))INFO: dtree.c(1478): Final simple tree
|( WDBNDRY_B 0 -2.617e+05 1.229e+03 1.182e+03
|    ( QUESTION14 -1 -1.767e+05 2.477e+02 8.012e+02
|        ( - -1.633e+04 5 0)
|        ( QUESTION5 -1 -1.601e+05 2.170e+02 7.281e+02
|            ( - -1.460e+03 1 0)
|            ( QUESTION11 -1 -1.584e+05 1.739e+02 7.201e+02
|                ( - -1.825e+03 1 0)
|                ( QUESTION0 -1 -1.564e+05 1.514e+02 7.111e+02
|                    ( - -1.511e+05 11 0 QUESTION2_0_L -1 8.341e+01 6.871e+02)
|                    ( - -5.159e+03 6 0 QUESTION2 -1 7.804e+01 2.400e+01)))))
|    ( QUESTION0 -1 -8.380e+04 2.431e+02 3.812e+02
|        ( - -8.161e+04 7 0)
|        ( QUESTION11 -1 -1.941e+03 1.128e+02 1.000e+01
|            ( - -1.142e+03 1 0)
|            ( - -6.860e+02 1 0))))
s>    ( WDBNDRY_B 0 -2.617e+05 1.229e+03 1.182e+03
s>        ( QUESTION14 -1 -1.767e+05 2.477e+02 8.012e+02
s>            ( - -1.633e+04 5 0)
s>            ( QUESTION5 -1 -1.601e+05 2.170e+02 7.281e+02
s>                ( - -1.460e+03 1 0)
s>                ( QUESTION11 -1 -1.584e+05 1.739e+02 7.201e+02
s>                    ( - -1.825e+03 1 0)
s>                    ( QUESTION0 -1 -1.564e+05 1.514e+02 7.111e+02
s>                        ( - -1.511e+05 11 0 QUESTION2_0_L -1 8.341e+01 6.871e+02)
s>                        ( - -5.159e+03 6 0 QUESTION2 -1 7.804e+01 2.400e+01)))))
s>        ( QUESTION0 -1 -8.380e+04 2.431e+02 3.812e+02
s>            ( - -8.161e+04 7 0)
s>            ( QUESTION11 -1 -1.941e+03 1.128e+02 1.000e+01
s>                ( - -1.142e+03 1 0)
s>                ( - -6.860e+02 1 0))))INFO: dtree.c(1315): Comp split 9
INFO: dtree.c(1439): stop. leaf nodes are specific
INFO: dtree.c(1478): Final simple tree
|( QUESTION11 -1 -2.275e+05 1.449e+03 1.042e+03
|    ( QUESTION2_15_L -1 -1.026e+05 4.518e+02 4.654e+02
|        ( WDBNDRY_B 0 -1.024e+05 1.797e+02 4.644e+02
|            ( - -5.206e+03 5 0)
|            ( - -9.698e+04 6 0))
|        ( - 2.411e+02 1 0))
|    ( - -1.235e+05 6 0))
s>    ( QUESTION11 -1 -2.275e+05 1.449e+03 1.042e+03
s>        ( QUESTION2_15_L -1 -1.026e+05 4.518e+02 4.654e+02
s>            ( WDBNDRY_B 0 -1.024e+05 1.797e+02 4.644e+02
s>                ( - -5.206e+03 5 0)
s>                ( - -9.698e+04 6 0))
s>            ( - 2.411e+02 1 0))
s>        ( - -1.235e+05 6 0))INFO: dtree.c(1439): stop. leaf nodes are specific
INFO: dtree.c(1478): Final simple tree
|( SILENCE -1 -2.292e+05 4.069e+02 1.041e+03
|    ( - -1.580e+05 6 0)
|    ( - -7.076e+04 6 0))
s>    ( SILENCE -1 -2.292e+05 4.069e+02 1.041e+03
s>        ( - -1.580e+05 6 0)
s>        ( - -7.076e+04 6 0))INFO: dtree.c(1315): Comp split 10
INFO: dtree.c(1439): stop. leaf nodes are specific
INFO: dtree.c(1478): Final simple tree
|( QUESTION0 1 -2.048e+04 4.065e+02 9.114e+01
|    ( WDBNDRY_B 0 -1.515e+04 2.911e+02 6.822e+01
|        ( QUESTION17 -1 -1.334e+04 8.523e+01 6.000e+01
|            ( - -1.267e+04 6 0)
|            ( - -5.871e+02 3 0))
|        ( - -1.522e+03 1 0))
|    ( - -4.917e+03 1 0))
s>    ( QUESTION0 1 -2.048e+04 4.065e+02 9.114e+01
s>        ( WDBNDRY_B 0 -1.515e+04 2.911e+02 6.822e+01
s>            ( QUESTION17 -1 -1.334e+04 8.523e+01 6.000e+01
s>                ( - -1.267e+04 6 0)
s>                ( - -5.871e+02 3 0))
s>            ( - -1.522e+03 1 0))
s>        ( - -4.917e+03 1 0))INFO: dtree.c(1439): stop. leaf nodes are specific
INFO: dtree.c(1478): Final simple tree
|( WDBNDRY_B 0 -7.571e+05 1.725e+02 3.569e+03
|    ( - -2.441e+03 1 0)
|    ( - -7.545e+05 5 0))
s>    ( WDBNDRY_B 0 -7.571e+05 1.725e+02 3.569e+03
s>        ( - -2.441e+03 1 0)
s>        ( - -7.545e+05 5 0))INFO: dtree.c(1315): Comp split 11
INFO: dtree.c(1478): Final simple tree
|( QUESTION0_0_R 1 -2.770e+05 1.353e+03 1.250e+03
|    ( WDBNDRY_B 0 -2.542e+05 9.357e+02 1.151e+03
|        ( QUESTION15 -1 -6.172e+04 3.655e+02 2.805e+02
|            ( - -9.183e+03 6 0)
|            ( - -5.217e+04 16 0 QUESTION2 -1 1.045e+02 2.370e+02))
|        ( QUESTION14 -1 -1.915e+05 6.566e+02 8.703e+02
|            ( - -1.728e+05 12 0)
|            ( QUESTION2 -1 -1.805e+04 2.737e+02 8.338e+01
|                ( - -4.009e+03 4 0)
|                ( - -1.377e+04 6 0))))
|    ( QUESTION20 1 -2.153e+04 4.187e+02 9.916e+01
|        ( - -7.367e+03 3 0)
|        ( QUESTION0_5_R 1 -1.374e+04 3.220e+02 6.331e+01
|            ( - -3.323e+03 4 0)
|            ( - -1.010e+04 9 0 QUESTION0_3_R 1 2.095e+02 4.731e+01))))
s>    ( QUESTION0_0_R 1 -2.770e+05 1.353e+03 1.250e+03
s>        ( WDBNDRY_B 0 -2.542e+05 9.357e+02 1.151e+03
s>            ( QUESTION15 -1 -6.172e+04 3.655e+02 2.805e+02
s>                ( - -9.183e+03 6 0)
s>                ( - -5.217e+04 16 0 QUESTION2 -1 1.045e+02 2.370e+02))
s>            ( QUESTION14 -1 -1.915e+05 6.566e+02 8.703e+02
s>                ( - -1.728e+05 12 0)
s>                ( QUESTION2 -1 -1.805e+04 2.737e+02 8.338e+01
s>                    ( - -4.009e+03 4 0)
s>                    ( - -1.377e+04 6 0))))
s>        ( QUESTION20 1 -2.153e+04 4.187e+02 9.916e+01
s>            ( - -7.367e+03 3 0)
s>            ( QUESTION0_5_R 1 -1.374e+04 3.220e+02 6.331e+01
s>                ( - -3.323e+03 4 0)
s>                ( - -1.010e+04 9 0 QUESTION0_3_R 1 2.095e+02 4.731e+01))))INFO: dtree.c(1315): Comp split 12
INFO: dtree.c(1439): stop. leaf nodes are specific
INFO: dtree.c(1478): Final simple tree
|( QUESTION2_15_L -1 -1.026e+05 4.518e+02 4.654e+02
|    ( WDBNDRY_B 0 -1.024e+05 1.797e+02 4.644e+02
|        ( - -5.206e+03 5 0)
|        ( - -9.698e+04 6 0))
|    ( - 2.411e+02 1 0))
s>    ( QUESTION2_15_L -1 -1.026e+05 4.518e+02 4.654e+02
s>        ( WDBNDRY_B 0 -1.024e+05 1.797e+02 4.644e+02
s>            ( - -5.206e+03 5 0)
s>            ( - -9.698e+04 6 0))
s>        ( - 2.411e+02 1 0))INFO: dtree.c(1315): Comp split 13
INFO: dtree.c(1439): stop. leaf nodes are specific
INFO: dtree.c(1478): Final simple tree
|( QUESTION0_19_R 1 -4.249e+04 5.865e+02 1.965e+02
|    ( WDBNDRY_E 0 -2.473e+04 1.586e+02 1.163e+02
|        ( - -3.004e+02 1 0)
|        ( - -2.427e+04 5 0))
|    ( QUESTION0_18_R 1 -1.718e+04 2.659e+02 8.022e+01
|        ( - -4.173e+03 1 0)
|        ( QUESTION17 1 -1.274e+04 1.754e+02 6.004e+01
|            ( - -7.963e+03 3 0)
|            ( WDBNDRY_E 0 -4.604e+03 1.363e+02 2.200e+01
|                ( QUESTION0_16_R 1 -2.455e+03 1.099e+02 1.200e+01
|                    ( - -1.397e+03 3 0)
|                    ( - -9.485e+02 3 0))
|                ( - -2.013e+03 1 0)))))
s>    ( QUESTION0_19_R 1 -4.249e+04 5.865e+02 1.965e+02
s>        ( WDBNDRY_E 0 -2.473e+04 1.586e+02 1.163e+02
s>            ( - -3.004e+02 1 0)
s>            ( - -2.427e+04 5 0))
s>        ( QUESTION0_18_R 1 -1.718e+04 2.659e+02 8.022e+01
s>            ( - -4.173e+03 1 0)
s>            ( QUESTION17 1 -1.274e+04 1.754e+02 6.004e+01
s>                ( - -7.963e+03 3 0)
s>                ( WDBNDRY_E 0 -4.604e+03 1.363e+02 2.200e+01
s>                    ( QUESTION0_16_R 1 -2.455e+03 1.099e+02 1.200e+01
s>                        ( - -1.397e+03 3 0)
s>                        ( - -9.485e+02 3 0))
s>                    ( - -2.013e+03 1 0)))))INFO: dtree.c(1315): Comp split 14
INFO: dtree.c(1439): stop. leaf nodes are specific
INFO: dtree.c(1478): Final simple tree
|( WDBNDRY_B 0 -2.542e+05 9.357e+02 1.151e+03
|    ( QUESTION15 -1 -6.172e+04 3.655e+02 2.805e+02
|        ( - -9.183e+03 6 0)
|        ( QUESTION2 -1 -5.217e+04 1.045e+02 2.370e+02
|            ( - -2.153e+03 3 0)
|            ( - -4.992e+04 13 0)))
|    ( QUESTION14 -1 -1.915e+05 6.566e+02 8.703e+02
|        ( - -1.728e+05 12 0)
|        ( QUESTION2 -1 -1.805e+04 2.737e+02 8.338e+01
|            ( - -4.009e+03 4 0)
|            ( - -1.377e+04 6 0))))
s>    ( WDBNDRY_B 0 -2.542e+05 9.357e+02 1.151e+03
s>        ( QUESTION15 -1 -6.172e+04 3.655e+02 2.805e+02
s>            ( - -9.183e+03 6 0)
s>            ( QUESTION2 -1 -5.217e+04 1.045e+02 2.370e+02
s>                ( - -2.153e+03 3 0)
s>                ( - -4.992e+04 13 0)))
s>        ( QUESTION14 -1 -1.915e+05 6.566e+02 8.703e+02
s>            ( - -1.728e+05 12 0)
s>            ( QUESTION2 -1 -1.805e+04 2.737e+02 8.338e+01
s>                ( - -4.009e+03 4 0)
s>                ( - -1.377e+04 6 0))))INFO: dtree.c(1439): stop. leaf nodes are specific
INFO: dtree.c(1478): Final simple tree
|( QUESTION20 1 -2.153e+04 4.187e+02 9.916e+01
|    ( - -7.367e+03 3 0)
|    ( QUESTION0_5_R 1 -1.374e+04 3.220e+02 6.331e+01
|        ( - -3.323e+03 4 0)
|        ( QUESTION0_3_R 1 -1.010e+04 2.095e+02 4.731e+01
|            ( - -4.878e+03 3 0)
|            ( QUESTION0_11_R 1 -5.009e+03 1.095e+02 2.329e+01
|                ( - -7.888e+02 2 0)
|                ( QUESTION0_2_R 1 -4.111e+03 9.122e+01 1.929e+01
|                    ( - -3.193e+03 3 0)
|                    ( - -8.273e+02 1 0))))))
s>    ( QUESTION20 1 -2.153e+04 4.187e+02 9.916e+01
s>        ( - -7.367e+03 3 0)
s>        ( QUESTION0_5_R 1 -1.374e+04 3.220e+02 6.331e+01
s>            ( - -3.323e+03 4 0)
s>            ( QUESTION0_3_R 1 -1.010e+04 2.095e+02 4.731e+01
s>                ( - -4.878e+03 3 0)
s>                ( QUESTION0_11_R 1 -5.009e+03 1.095e+02 2.329e+01
s>                    ( - -7.888e+02 2 0)
s>                    ( QUESTION0_2_R 1 -4.111e+03 9.122e+01 1.929e+01
s>                        ( - -3.193e+03 3 0)
s>                        ( - -8.273e+02 1 0))))))INFO: dtree.c(1315): Comp split 15
INFO: dtree.c(1439): stop. leaf nodes are specific
INFO: dtree.c(1478): Final simple tree
|( QUESTION2 -1 -1.804e+04 9.600e+01 8.834e+01
|    ( - -1.119e+03 1 0)
|    ( - -1.682e+04 1 0))
s>    ( QUESTION2 -1 -1.804e+04 9.600e+01 8.834e+01
s>        ( - -1.119e+03 1 0)
s>        ( - -1.682e+04 1 0))INFO: dtree.c(1439): stop. leaf nodes are specific
INFO: dtree.c(1478): Final simple tree
|( QUESTION2 -1 -1.687e+05 4.940e+02 7.762e+02
|    ( - 2.427e+02 1 0)
|    ( WDBNDRY_B 0 -1.684e+05 2.689e+02 7.752e+02
|        ( QUESTION0 1 -4.158e+03 2.045e+02 1.887e+01
|            ( - -2.434e+03 4 0)
|            ( - -1.520e+03 1 0))
|        ( - -1.640e+05 5 0)))
s>    ( QUESTION2 -1 -1.687e+05 4.940e+02 7.762e+02
s>        ( - 2.427e+02 1 0)
s>        ( WDBNDRY_B 0 -1.684e+05 2.689e+02 7.752e+02
s>            ( QUESTION0 1 -4.158e+03 2.045e+02 1.887e+01
s>                ( - -2.434e+03 4 0)
s>                ( - -1.520e+03 1 0))
s>            ( - -1.640e+05 5 0)))INFO: dtree.c(1315): Comp split 16
INFO: dtree.c(1439): stop. leaf nodes are specific
INFO: dtree.c(1478): Final simple tree
|( QUESTION0 -1 -6.258e+05 7.794e+02 2.840e+03
|    ( QUESTION0_0_R 1 -6.046e+05 3.373e+02 2.743e+03
|        ( WDBNDRY_B 0 -5.999e+05 2.051e+02 2.723e+03
|            ( - -5.931e+05 28 0)
|            ( - -6.564e+03 9 0))
|        ( QUESTION0_4_R 1 -4.365e+03 1.440e+02 2.000e+01
|            ( - -3.122e+02 2 0)
|            ( QUESTION12 1 -3.908e+03 1.307e+02 1.800e+01
|                ( - -7.668e+02 2 0)
|                ( QUESTION0_2_R 1 -3.011e+03 9.622e+01 1.400e+01
|                    ( - -2.532e+03 4 0)
|                    ( - -3.824e+02 2 0)))))
|    ( - -2.037e+04 4 0))
s>    ( QUESTION0 -1 -6.258e+05 7.794e+02 2.840e+03
s>        ( QUESTION0_0_R 1 -6.046e+05 3.373e+02 2.743e+03
s>            ( WDBNDRY_B 0 -5.999e+05 2.051e+02 2.723e+03
s>                ( - -5.931e+05 28 0)
s>                ( - -6.564e+03 9 0))
s>            ( QUESTION0_4_R 1 -4.365e+03 1.440e+02 2.000e+01
s>                ( - -3.122e+02 2 0)
s>                ( QUESTION12 1 -3.908e+03 1.307e+02 1.800e+01
s>                    ( - -7.668e+02 2 0)
s>                    ( QUESTION0_2_R 1 -3.011e+03 9.622e+01 1.400e+01
s>                        ( - -2.532e+03 4 0)
s>                        ( - -3.824e+02 2 0)))))
s>        ( - -2.037e+04 4 0))INFO: dtree.c(1439): stop. leaf nodes are specific
INFO: dtree.c(1478): Final simple tree
|( QUESTION0_12_R 1 -1.666e+04 4.635e+02 8.082e+01
|    ( - 2.412e+02 1 0)
|    ( WDBNDRY_E 0 -1.644e+04 4.361e+02 7.982e+01
|        ( QUESTION20 1 -1.622e+04 2.706e+02 7.882e+01
|            ( - -1.802e+03 2 0)
|            ( SILENCE 1 -1.415e+04 1.530e+02 6.971e+01
|                ( - -1.081e+04 3 0)
|                ( - -3.183e+03 5 0)))
|        ( - 2.189e+02 1 0)))
s>    ( QUESTION0_12_R 1 -1.666e+04 4.635e+02 8.082e+01
s>        ( - 2.412e+02 1 0)
s>        ( WDBNDRY_E 0 -1.644e+04 4.361e+02 7.982e+01
s>            ( QUESTION20 1 -1.622e+04 2.706e+02 7.882e+01
s>                ( - -1.802e+03 2 0)
s>                ( SILENCE 1 -1.415e+04 1.530e+02 6.971e+01
s>                    ( - -1.081e+04 3 0)
s>                    ( - -3.183e+03 5 0)))
s>            ( - 2.189e+02 1 0)))INFO: dtree.c(1315): Comp split 17
INFO: dtree.c(1478): Final simple tree
|( QUESTION0 -1 -1.788e+05 2.563e+02 8.112e+02
|    ( QUESTION2_0_L -1 -1.511e+05 8.341e+01 6.871e+02
|        ( - -1.490e+05 9 0)
|        ( - -2.084e+03 2 0))
|    ( QUESTION5 -1 -2.745e+04 2.203e+02 1.241e+02
|        ( - -1.460e+03 1 0)
|        ( QUESTION11 -1 -2.577e+04 2.014e+02 1.161e+02
|            ( WDBNDRY_B 0 -3.088e+03 1.209e+02 1.500e+01
|                ( - -1.825e+03 1 0)
|                ( - -1.142e+03 1 0))
|            ( QUESTION14 -1 -2.248e+04 1.517e+02 1.011e+02
|                ( - -1.633e+04 5 0)
|                ( WDBNDRY_B 0 -6.000e+03 1.549e+02 2.800e+01
|                    ( - -5.159e+03 6 0 QUESTION2 -1 7.804e+01 2.400e+01)
|                    ( - -6.860e+02 1 0))))))
s>    ( QUESTION0 -1 -1.788e+05 2.563e+02 8.112e+02
s>        ( QUESTION2_0_L -1 -1.511e+05 8.341e+01 6.871e+02
s>            ( - -1.490e+05 9 0)
s>            ( - -2.084e+03 2 0))
s>        ( QUESTION5 -1 -2.745e+04 2.203e+02 1.241e+02
s>            ( - -1.460e+03 1 0)
s>            ( QUESTION11 -1 -2.577e+04 2.014e+02 1.161e+02
s>                ( WDBNDRY_B 0 -3.088e+03 1.209e+02 1.500e+01
s>                    ( - -1.825e+03 1 0)
s>                    ( - -1.142e+03 1 0))
s>                ( QUESTION14 -1 -2.248e+04 1.517e+02 1.011e+02
s>                    ( - -1.633e+04 5 0)
s>                    ( WDBNDRY_B 0 -6.000e+03 1.549e+02 2.800e+01
s>                        ( - -5.159e+03 6 0 QUESTION2 -1 7.804e+01 2.400e+01)
s>                        ( - -6.860e+02 1 0))))))INFO: dtree.c(1315): Comp split 18
INFO: dtree.c(1439): stop. leaf nodes are specific
INFO: dtree.c(1478): Final simple tree
|( QUESTION15 -1 -8.027e+04 5.413e+02 3.639e+02
|    ( WDBNDRY_B 0 -2.330e+04 3.494e+02 1.068e+02
|        ( - -9.183e+03 6 0)
|        ( - -1.377e+04 6 0))
|    ( WDBNDRY_B 0 -5.642e+04 2.393e+02 2.571e+02
|        ( QUESTION2 -1 -5.217e+04 1.045e+02 2.370e+02
|            ( - -2.153e+03 3 0)
|            ( - -4.992e+04 13 0))
|        ( - -4.009e+03 4 0)))
s>    ( QUESTION15 -1 -8.027e+04 5.413e+02 3.639e+02
s>        ( WDBNDRY_B 0 -2.330e+04 3.494e+02 1.068e+02
s>            ( - -9.183e+03 6 0)
s>            ( - -1.377e+04 6 0))
s>        ( WDBNDRY_B 0 -5.642e+04 2.393e+02 2.571e+02
s>            ( QUESTION2 -1 -5.217e+04 1.045e+02 2.370e+02
s>                ( - -2.153e+03 3 0)
s>                ( - -4.992e+04 13 0))
s>            ( - -4.009e+03 4 0)))INFO: dtree.c(1315): Comp split 19
INFO: dtree.c(1439): stop. leaf nodes are specific
INFO: dtree.c(1478): Final simple tree
|( QUESTION0_0_R 1 -6.046e+05 3.373e+02 2.743e+03
|    ( WDBNDRY_B 0 -5.999e+05 2.051e+02 2.723e+03
|        ( - -5.931e+05 28 0)
|        ( - -6.564e+03 9 0))
|    ( QUESTION0_4_R 1 -4.365e+03 1.440e+02 2.000e+01
|        ( - -3.122e+02 2 0)
|        ( QUESTION12 1 -3.908e+03 1.307e+02 1.800e+01
|            ( - -7.668e+02 2 0)
|            ( QUESTION0_2_R 1 -3.011e+03 9.622e+01 1.400e+01
|                ( - -2.532e+03 4 0)
|                ( - -3.824e+02 2 0)))))
s>    ( QUESTION0_0_R 1 -6.046e+05 3.373e+02 2.743e+03
s>        ( WDBNDRY_B 0 -5.999e+05 2.051e+02 2.723e+03
s>            ( - -5.931e+05 28 0)
s>            ( - -6.564e+03 9 0))
s>        ( QUESTION0_4_R 1 -4.365e+03 1.440e+02 2.000e+01
s>            ( - -3.122e+02 2 0)
s>            ( QUESTION12 1 -3.908e+03 1.307e+02 1.800e+01
s>                ( - -7.668e+02 2 0)
s>                ( QUESTION0_2_R 1 -3.011e+03 9.622e+01 1.400e+01
s>                    ( - -2.532e+03 4 0)
s>                    ( - -3.824e+02 2 0)))))INFO: dtree.c(1315): Comp split 20
INFO: dtree.c(1439): stop. leaf nodes are specific
INFO: dtree.c(1478): Final simple tree
|( QUESTION0_18_R 1 -1.718e+04 2.659e+02 8.022e+01
|    ( - -4.173e+03 1 0)
|    ( QUESTION17 1 -1.274e+04 1.754e+02 6.004e+01
|        ( - -7.963e+03 3 0)
|        ( WDBNDRY_E 0 -4.604e+03 1.363e+02 2.200e+01
|            ( QUESTION0_16_R 1 -2.455e+03 1.099e+02 1.200e+01
|                ( - -1.397e+03 3 0)
|                ( - -9.485e+02 3 0))
|            ( - -2.013e+03 1 0))))
s>    ( QUESTION0_18_R 1 -1.718e+04 2.659e+02 8.022e+01
s>        ( - -4.173e+03 1 0)
s>        ( QUESTION17 1 -1.274e+04 1.754e+02 6.004e+01
s>            ( - -7.963e+03 3 0)
s>            ( WDBNDRY_E 0 -4.604e+03 1.363e+02 2.200e+01
s>                ( QUESTION0_16_R 1 -2.455e+03 1.099e+02 1.200e+01
s>                    ( - -1.397e+03 3 0)
s>                    ( - -9.485e+02 3 0))
s>                ( - -2.013e+03 1 0))))INFO: dtree.c(1439): stop. leaf nodes are specific
INFO: dtree.c(1478): Final simple tree
|( WDBNDRY_E 0 -2.473e+04 1.586e+02 1.163e+02
|    ( - -3.004e+02 1 0)
|    ( - -2.427e+04 5 0))
s>    ( WDBNDRY_E 0 -2.473e+04 1.586e+02 1.163e+02
s>        ( - -3.004e+02 1 0)
s>        ( - -2.427e+04 5 0))INFO: dtree.c(1315): Comp split 21
INFO: dtree.c(1439): stop. leaf nodes are specific
INFO: dtree.c(1478): Final simple tree
|( WDBNDRY_B 0 -5.642e+04 2.393e+02 2.571e+02
|    ( QUESTION2 -1 -5.217e+04 1.045e+02 2.370e+02
|        ( - -2.153e+03 3 0)
|        ( - -4.992e+04 13 0))
|    ( - -4.009e+03 4 0))
s>    ( WDBNDRY_B 0 -5.642e+04 2.393e+02 2.571e+02
s>        ( QUESTION2 -1 -5.217e+04 1.045e+02 2.370e+02
s>            ( - -2.153e+03 3 0)
s>            ( - -4.992e+04 13 0))
s>        ( - -4.009e+03 4 0))INFO: dtree.c(1439): stop. leaf nodes are specific
INFO: dtree.c(1478): Final simple tree
|( WDBNDRY_B 0 -2.330e+04 3.494e+02 1.068e+02
|    ( - -9.183e+03 6 0)
|    ( - -1.377e+04 6 0))
s>    ( WDBNDRY_B 0 -2.330e+04 3.494e+02 1.068e+02
s>        ( - -9.183e+03 6 0)
s>        ( - -1.377e+04 6 0))INFO: dtree.c(1315): Comp split 22
INFO: dtree.c(1439): stop. leaf nodes are specific
INFO: dtree.c(1478): Final simple tree
|( QUESTION20 1 -1.257e+04 1.976e+02 5.914e+01
|    ( - -7.367e+03 3 0)
|    ( QUESTION0_11_R 1 -5.009e+03 1.095e+02 2.329e+01
|        ( - -7.888e+02 2 0)
|        ( QUESTION0_2_R 1 -4.111e+03 9.122e+01 1.929e+01
|            ( - -3.193e+03 3 0)
|            ( - -8.273e+02 1 0))))
s>    ( QUESTION20 1 -1.257e+04 1.976e+02 5.914e+01
s>        ( - -7.367e+03 3 0)
s>        ( QUESTION0_11_R 1 -5.009e+03 1.095e+02 2.329e+01
s>            ( - -7.888e+02 2 0)
s>            ( QUESTION0_2_R 1 -4.111e+03 9.122e+01 1.929e+01
s>                ( - -3.193e+03 3 0)
s>                ( - -8.273e+02 1 0))))INFO: dtree.c(1439): stop. leaf nodes are specific
INFO: dtree.c(1478): Final simple tree
|( QUESTION0_3_R 1 -8.457e+03 2.556e+02 4.002e+01
|    ( - -4.878e+03 3 0)
|    ( - -3.323e+03 4 0))
s>    ( QUESTION0_3_R 1 -8.457e+03 2.556e+02 4.002e+01
s>        ( - -4.878e+03 3 0)
s>        ( - -3.323e+03 4 0))INFO: dtree.c(1315): Comp split 23
INFO: dtree.c(1439): stop. leaf nodes are specific
INFO: dtree.c(1478): Final simple tree
|( WDBNDRY_B 0 -1.684e+05 2.689e+02 7.752e+02
|    ( QUESTION0 1 -4.158e+03 2.045e+02 1.887e+01
|        ( - -2.434e+03 4 0)
|        ( - -1.520e+03 1 0))
|    ( - -1.640e+05 5 0))
s>    ( WDBNDRY_B 0 -1.684e+05 2.689e+02 7.752e+02
s>        ( QUESTION0 1 -4.158e+03 2.045e+02 1.887e+01
s>            ( - -2.434e+03 4 0)
s>            ( - -1.520e+03 1 0))
s>        ( - -1.640e+05 5 0))INFO: dtree.c(1315): Comp split 24
INFO: dtree.c(1439): stop. leaf nodes are specific
INFO: dtree.c(1478): Final simple tree
|( QUESTION17 -1 -1.334e+04 8.523e+01 6.000e+01
|    ( - -1.267e+04 6 0)
|    ( - -5.871e+02 3 0))
s>    ( QUESTION17 -1 -1.334e+04 8.523e+01 6.000e+01
s>        ( - -1.267e+04 6 0)
s>        ( - -5.871e+02 3 0))INFO: dtree.c(1439): stop. leaf nodes are specific
INFO: dtree.c(1478): Final simple tree
|( WDBNDRY_B 0 -6.655e+03 2.152e+02 3.114e+01
|    ( - -4.917e+03 1 0)
|    ( - -1.522e+03 1 0))
s>    ( WDBNDRY_B 0 -6.655e+03 2.152e+02 3.114e+01
s>        ( - -4.917e+03 1 0)
s>        ( - -1.522e+03 1 0))INFO: dtree.c(1315): Comp split 25
INFO: dtree.c(1439): stop. leaf nodes are specific
INFO: dtree.c(1478): Final simple tree
|( WDBNDRY_E 0 -1.644e+04 4.361e+02 7.982e+01
|    ( QUESTION20 1 -1.622e+04 2.706e+02 7.882e+01
|        ( - -1.802e+03 2 0)
|        ( SILENCE 1 -1.415e+04 1.530e+02 6.971e+01
|            ( - -1.081e+04 3 0)
|            ( - -3.183e+03 5 0)))
|    ( - 2.189e+02 1 0))
s>    ( WDBNDRY_E 0 -1.644e+04 4.361e+02 7.982e+01
s>        ( QUESTION20 1 -1.622e+04 2.706e+02 7.882e+01
s>            ( - -1.802e+03 2 0)
s>            ( SILENCE 1 -1.415e+04 1.530e+02 6.971e+01
s>                ( - -1.081e+04 3 0)
s>                ( - -3.183e+03 5 0)))
s>        ( - 2.189e+02 1 0))INFO: dtree.c(1315): Comp split 26
INFO: dtree.c(1439): stop. leaf nodes are specific
INFO: dtree.c(1478): Final simple tree
|( WDBNDRY_B 0 -1.024e+05 1.797e+02 4.644e+02
|    ( - -5.206e+03 5 0)
|    ( - -9.698e+04 6 0))
s>    ( WDBNDRY_B 0 -1.024e+05 1.797e+02 4.644e+02
s>        ( - -5.206e+03 5 0)
s>        ( - -9.698e+04 6 0))INFO: dtree.c(1315): Comp split 27
INFO: dtree.c(1439): stop. leaf nodes are specific
INFO: dtree.c(1478): Final simple tree
|( QUESTION20 1 -1.622e+04 2.706e+02 7.882e+01
|    ( - -1.802e+03 2 0)
|    ( SILENCE 1 -1.415e+04 1.530e+02 6.971e+01
|        ( - -1.081e+04 3 0)
|        ( - -3.183e+03 5 0)))
s>    ( QUESTION20 1 -1.622e+04 2.706e+02 7.882e+01
s>        ( - -1.802e+03 2 0)
s>        ( SILENCE 1 -1.415e+04 1.530e+02 6.971e+01
s>            ( - -1.081e+04 3 0)
s>            ( - -3.183e+03 5 0)))INFO: dtree.c(1315): Comp split 28
INFO: dtree.c(1315): Comp split 29
INFO: dtree.c(1315): Comp split 30
INFO: dtree.c(1439): stop. leaf nodes are specific
INFO: dtree.c(1478): Final simple tree
|( QUESTION0_4_R 1 -4.365e+03 1.440e+02 2.000e+01
|    ( - -3.122e+02 2 0)
|    ( QUESTION12 1 -3.908e+03 1.307e+02 1.800e+01
|        ( - -7.668e+02 2 0)
|        ( QUESTION0_2_R 1 -3.011e+03 9.622e+01 1.400e+01
|            ( - -2.532e+03 4 0)
|            ( - -3.824e+02 2 0))))
s>    ( QUESTION0_4_R 1 -4.365e+03 1.440e+02 2.000e+01
s>        ( - -3.122e+02 2 0)
s>        ( QUESTION12 1 -3.908e+03 1.307e+02 1.800e+01
s>            ( - -7.668e+02 2 0)
s>            ( QUESTION0_2_R 1 -3.011e+03 9.622e+01 1.400e+01
s>                ( - -2.532e+03 4 0)
s>                ( - -3.824e+02 2 0))))INFO: dtree.c(1439): stop. leaf nodes are specific
INFO: dtree.c(1478): Final simple tree
|( WDBNDRY_B 0 -5.999e+05 2.051e+02 2.723e+03
|    ( - -5.931e+05 28 0)
|    ( - -6.564e+03 9 0))
s>    ( WDBNDRY_B 0 -5.999e+05 2.051e+02 2.723e+03
s>        ( - -5.931e+05 28 0)
s>        ( - -6.564e+03 9 0))INFO: dtree.c(1315): Comp split 31
INFO: dtree.c(1439): stop. leaf nodes are specific
INFO: dtree.c(1478): Final simple tree
|( QUESTION5 -1 -5.542e+03 1.810e+02 2.700e+01
|    ( - -1.460e+03 1 0)
|    ( WDBNDRY_B 0 -3.901e+03 1.345e+02 1.900e+01
|        ( - -1.825e+03 1 0)
|        ( QUESTION11 -1 -1.941e+03 1.128e+02 1.000e+01
|            ( - -1.142e+03 1 0)
|            ( - -6.860e+02 1 0))))
s>    ( QUESTION5 -1 -5.542e+03 1.810e+02 2.700e+01
s>        ( - -1.460e+03 1 0)
s>        ( WDBNDRY_B 0 -3.901e+03 1.345e+02 1.900e+01
s>            ( - -1.825e+03 1 0)
s>            ( QUESTION11 -1 -1.941e+03 1.128e+02 1.000e+01
s>                ( - -1.142e+03 1 0)
s>                ( - -6.860e+02 1 0))))INFO: dtree.c(1439): stop. leaf nodes are specific
INFO: dtree.c(1478): Final simple tree
|( QUESTION14 -1 -1.730e+05 2.504e+02 7.842e+02
|    ( - -1.633e+04 5 0)
|    ( QUESTION0 -1 -1.564e+05 1.514e+02 7.111e+02
|        ( QUESTION2_0_L -1 -1.511e+05 8.341e+01 6.871e+02
|            ( - -1.490e+05 9 0)
|            ( - -2.084e+03 2 0))
|        ( QUESTION2 -1 -5.159e+03 7.804e+01 2.400e+01
|            ( - -1.652e+03 2 0)
|            ( - -3.428e+03 4 0))))
s>    ( QUESTION14 -1 -1.730e+05 2.504e+02 7.842e+02
s>        ( - -1.633e+04 5 0)
s>        ( QUESTION0 -1 -1.564e+05 1.514e+02 7.111e+02
s>            ( QUESTION2_0_L -1 -1.511e+05 8.341e+01 6.871e+02
s>                ( - -1.490e+05 9 0)
s>                ( - -2.084e+03 2 0))
s>            ( QUESTION2 -1 -5.159e+03 7.804e+01 2.400e+01
s>                ( - -1.652e+03 2 0)
s>                ( - -3.428e+03 4 0))))INFO: dtree.c(1315): Comp split 32
INFO: dtree.c(1439): stop. leaf nodes are specific
INFO: dtree.c(1478): Final simple tree
|( SILENCE 1 -1.415e+04 1.530e+02 6.971e+01
|    ( - -1.081e+04 3 0)
|    ( - -3.183e+03 5 0))
s>    ( SILENCE 1 -1.415e+04 1.530e+02 6.971e+01
s>        ( - -1.081e+04 3 0)
s>        ( - -3.183e+03 5 0))INFO: dtree.c(1315): Comp split 33
INFO: dtree.c(1439): stop. leaf nodes are specific
INFO: dtree.c(1478): Final simple tree
|( QUESTION0 1 -4.158e+03 2.045e+02 1.887e+01
|    ( - -2.434e+03 4 0)
|    ( - -1.520e+03 1 0))
s>    ( QUESTION0 1 -4.158e+03 2.045e+02 1.887e+01
s>        ( - -2.434e+03 4 0)
s>        ( - -1.520e+03 1 0))INFO: dtree.c(1315): Comp split 34
INFO: dtree.c(1439): stop. leaf nodes are specific
INFO: dtree.c(1478): Final simple tree
|( QUESTION17 1 -1.274e+04 1.754e+02 6.004e+01
|    ( - -7.963e+03 3 0)
|    ( WDBNDRY_E 0 -4.604e+03 1.363e+02 2.200e+01
|        ( QUESTION0_16_R 1 -2.455e+03 1.099e+02 1.200e+01
|            ( - -1.397e+03 3 0)
|            ( - -9.485e+02 3 0))
|        ( - -2.013e+03 1 0)))
s>    ( QUESTION17 1 -1.274e+04 1.754e+02 6.004e+01
s>        ( - -7.963e+03 3 0)
s>        ( WDBNDRY_E 0 -4.604e+03 1.363e+02 2.200e+01
s>            ( QUESTION0_16_R 1 -2.455e+03 1.099e+02 1.200e+01
s>                ( - -1.397e+03 3 0)
s>                ( - -9.485e+02 3 0))
s>            ( - -2.013e+03 1 0)))INFO: dtree.c(1315): Comp split 35
INFO: dtree.c(1315): Comp split 36
INFO: dtree.c(1439): stop. leaf nodes are specific
INFO: dtree.c(1478): Final simple tree
|( QUESTION0 -1 -1.564e+05 1.514e+02 7.111e+02
|    ( QUESTION2_0_L -1 -1.511e+05 8.341e+01 6.871e+02
|        ( - -1.490e+05 9 0)
|        ( - -2.084e+03 2 0))
|    ( QUESTION2 -1 -5.159e+03 7.804e+01 2.400e+01
|        ( - -1.652e+03 2 0)
|        ( - -3.428e+03 4 0)))
s>    ( QUESTION0 -1 -1.564e+05 1.514e+02 7.111e+02
s>        ( QUESTION2_0_L -1 -1.511e+05 8.341e+01 6.871e+02
s>            ( - -1.490e+05 9 0)
s>            ( - -2.084e+03 2 0))
s>        ( QUESTION2 -1 -5.159e+03 7.804e+01 2.400e+01
s>            ( - -1.652e+03 2 0)
s>            ( - -3.428e+03 4 0)))INFO: dtree.c(1315): Comp split 37
INFO: dtree.c(1315): Comp split 38
INFO: dtree.c(1439): stop. leaf nodes are specific
INFO: dtree.c(1478): Final simple tree
|( QUESTION2 -1 -5.217e+04 1.045e+02 2.370e+02
|    ( - -2.153e+03 3 0)
|    ( - -4.992e+04 13 0))
s>    ( QUESTION2 -1 -5.217e+04 1.045e+02 2.370e+02
s>        ( - -2.153e+03 3 0)
s>        ( - -4.992e+04 13 0))INFO: dtree.c(1315): Comp split 39
INFO: dtree.c(1315): Comp split 40
INFO: dtree.c(1315): Comp split 41
INFO: dtree.c(1315): Comp split 42
INFO: dtree.c(1315): Comp split 43
INFO: dtree.c(1439): stop. leaf nodes are specific
INFO: dtree.c(1478): Final simple tree
|( QUESTION0_11_R 1 -5.009e+03 1.095e+02 2.329e+01
|    ( - -7.888e+02 2 0)
|    ( QUESTION0_2_R 1 -4.111e+03 9.122e+01 1.929e+01
|        ( - -3.193e+03 3 0)
|        ( - -8.273e+02 1 0)))
s>    ( QUESTION0_11_R 1 -5.009e+03 1.095e+02 2.329e+01
s>        ( - -7.888e+02 2 0)
s>        ( QUESTION0_2_R 1 -4.111e+03 9.122e+01 1.929e+01
s>            ( - -3.193e+03 3 0)
s>            ( - -8.273e+02 1 0)))INFO: dtree.c(1315): Comp split 44
INFO: dtree.c(1439): stop. leaf nodes are specific
INFO: dtree.c(1478): Final simple tree
|( WDBNDRY_B 0 -3.901e+03 1.345e+02 1.900e+01
|    ( - -1.825e+03 1 0)
|    ( QUESTION11 -1 -1.941e+03 1.128e+02 1.000e+01
|        ( - -1.142e+03 1 0)
|        ( - -6.860e+02 1 0)))
s>    ( WDBNDRY_B 0 -3.901e+03 1.345e+02 1.900e+01
s>        ( - -1.825e+03 1 0)
s>        ( QUESTION11 -1 -1.941e+03 1.128e+02 1.000e+01
s>            ( - -1.142e+03 1 0)
s>            ( - -6.860e+02 1 0)))INFO: dtree.c(1315): Comp split 45
INFO: dtree.c(1315): Comp split 46
INFO: dtree.c(1439): stop. leaf nodes are specific
INFO: dtree.c(1478): Final simple tree
|( WDBNDRY_E 0 -4.604e+03 1.363e+02 2.200e+01
|    ( QUESTION0_16_R 1 -2.455e+03 1.099e+02 1.200e+01
|        ( - -1.397e+03 3 0)
|        ( - -9.485e+02 3 0))
|    ( - -2.013e+03 1 0))
s>    ( WDBNDRY_E 0 -4.604e+03 1.363e+02 2.200e+01
s>        ( QUESTION0_16_R 1 -2.455e+03 1.099e+02 1.200e+01
s>            ( - -1.397e+03 3 0)
s>            ( - -9.485e+02 3 0))
s>        ( - -2.013e+03 1 0))INFO: dtree.c(1315): Comp split 47
INFO: dtree.c(1315): Comp split 48
INFO: dtree.c(1315): Comp split 49
INFO: dtree.c(1315): Comp split 50
INFO: dtree.c(1315): Comp split 51
INFO: dtree.c(1439): stop. leaf nodes are specific
INFO: dtree.c(1478): Final simple tree
|( QUESTION2 -1 -5.159e+03 7.804e+01 2.400e+01
|    ( - -1.652e+03 2 0)
|    ( - -3.428e+03 4 0))
s>    ( QUESTION2 -1 -5.159e+03 7.804e+01 2.400e+01
s>        ( - -1.652e+03 2 0)
s>        ( - -3.428e+03 4 0))INFO: dtree.c(1439): stop. leaf nodes are specific
INFO: dtree.c(1478): Final simple tree
|( QUESTION2_0_L -1 -1.511e+05 8.341e+01 6.871e+02
|    ( - -1.490e+05 9 0)
|    ( - -2.084e+03 2 0))
s>    ( QUESTION2_0_L -1 -1.511e+05 8.341e+01 6.871e+02
s>        ( - -1.490e+05 9 0)
s>        ( - -2.084e+03 2 0))INFO: dtree.c(1315): Comp split 52
INFO: dtree.c(1439): stop. leaf nodes are specific
INFO: dtree.c(1478): Final simple tree
|( QUESTION12 1 -3.908e+03 1.307e+02 1.800e+01
|    ( - -7.668e+02 2 0)
|    ( QUESTION0_2_R 1 -3.011e+03 9.622e+01 1.400e+01
|        ( - -2.532e+03 4 0)
|        ( - -3.824e+02 2 0)))
s>    ( QUESTION12 1 -3.908e+03 1.307e+02 1.800e+01
s>        ( - -7.668e+02 2 0)
s>        ( QUESTION0_2_R 1 -3.011e+03 9.622e+01 1.400e+01
s>            ( - -2.532e+03 4 0)
s>            ( - -3.824e+02 2 0)))INFO: dtree.c(1315): Comp split 53
INFO: dtree.c(1439): stop. leaf nodes are specific
INFO: dtree.c(1478): Final simple tree
|( QUESTION0_16_R 1 -2.455e+03 1.099e+02 1.200e+01
|    ( - -1.397e+03 3 0)
|    ( - -9.485e+02 3 0))
s>    ( QUESTION0_16_R 1 -2.455e+03 1.099e+02 1.200e+01
s>        ( - -1.397e+03 3 0)
s>        ( - -9.485e+02 3 0))INFO: dtree.c(1315): Comp split 54
INFO: dtree.c(1439): stop. leaf nodes are specific
INFO: dtree.c(1478): Final simple tree
|( QUESTION11 -1 -1.941e+03 1.128e+02 1.000e+01
|    ( - -1.142e+03 1 0)
|    ( - -6.860e+02 1 0))
s>    ( QUESTION11 -1 -1.941e+03 1.128e+02 1.000e+01
s>        ( - -1.142e+03 1 0)
s>        ( - -6.860e+02 1 0))INFO: dtree.c(1315): Comp split 55
INFO: dtree.c(1439): stop. leaf nodes are specific
INFO: dtree.c(1478): Final simple tree
|( QUESTION0_2_R 1 -3.011e+03 9.622e+01 1.400e+01
|    ( - -2.532e+03 4 0)
|    ( - -3.824e+02 2 0))
s>    ( QUESTION0_2_R 1 -3.011e+03 9.622e+01 1.400e+01
s>        ( - -2.532e+03 4 0)
s>        ( - -3.824e+02 2 0))INFO: dtree.c(1315): Comp split 56
INFO: dtree.c(1315): Comp split 57
INFO: dtree.c(1315): Comp split 58
INFO: dtree.c(1439): stop. leaf nodes are specific
INFO: dtree.c(1478): Final simple tree
|( QUESTION0_2_R 1 -4.111e+03 9.122e+01 1.929e+01
|    ( - -3.193e+03 3 0)
|    ( - -8.273e+02 1 0))
s>    ( QUESTION0_2_R 1 -4.111e+03 9.122e+01 1.929e+01
s>        ( - -3.193e+03 3 0)
s>        ( - -8.273e+02 1 0))INFO: dtree.c(1315): Comp split 59
INFO: dtree.c(1315): Comp split 60
INFO: dtree.c(1315): Comp split 61
INFO: dtree.c(1315): Comp split 62
INFO: dtree.c(1315): Comp split 63
INFO: dtree.c(1315): Comp split 64
INFO: dtree.c(1315): Comp split 65
INFO: dtree.c(1315): Comp split 66
INFO: dtree.c(1318): stop. leaf nodes are specific
Tue Mar 28 14:12:58 2023
