Current configuration:
[NAME]		[DEFLT]	[VALUE]
-dictfn			/home/lucija/Documents/Zadnji semestar/ROGJ/Prezentacije/CMUspinx/tutorial15/etc/my_db.dic
-example	no	no
-fdictfn		/home/lucija/Documents/Zadnji semestar/ROGJ/Prezentacije/CMUspinx/tutorial15/etc/my_db.filler
-help		no	no
-ignorewpos	no	no
-inCDmdef		
-inCImdef		
-lsnfn			/home/lucija/Documents/Zadnji semestar/ROGJ/Prezentacije/CMUspinx/tutorial15/etc/my_db_train.transcription
-maxtriphones	100000	100000
-minocc		1	1
-n_state_pm	3	3
-oalltphnmdef		
-ocimdef		
-ocountfn		
-ountiedmdef		/home/lucija/Documents/Zadnji semestar/ROGJ/Prezentacije/CMUspinx/tutorial15/model_architecture/my_db.untied.mdef
-phnlstfn		/home/lucija/Documents/Zadnji semestar/ROGJ/Prezentacije/CMUspinx/tutorial15/etc/my_db.phone
-triphnlstfn		

INFO: main.c(95): Will write untied mdef file /home/lucija/Documents/Zadnji semestar/ROGJ/Prezentacije/CMUspinx/tutorial15/model_architecture/my_db.untied.mdef
INFO: mk_mdef_gen.c(189): 0 single word triphones in input phone list
INFO: mk_mdef_gen.c(190): 0 word beginning triphones in input phone list
INFO: mk_mdef_gen.c(191): 0 word internal triphones in input phone list
INFO: mk_mdef_gen.c(192): 0 word ending triphones in input phone list
INFO: mk_mdef_gen.c(280): Reading dict /home/lucija/Documents/Zadnji semestar/ROGJ/Prezentacije/CMUspinx/tutorial15/etc/my_db.dic
INFO: mk_mdef_gen.c(322): 9889 words in dict /home/lucija/Documents/Zadnji semestar/ROGJ/Prezentacije/CMUspinx/tutorial15/etc/my_db.dic
INFO: mk_mdef_gen.c(280): Reading dict /home/lucija/Documents/Zadnji semestar/ROGJ/Prezentacije/CMUspinx/tutorial15/etc/my_db.filler
INFO: mk_mdef_gen.c(322): 46 words in dict /home/lucija/Documents/Zadnji semestar/ROGJ/Prezentacije/CMUspinx/tutorial15/etc/my_db.filler
INFO: mk_mdef_gen.c(442): 9935 words in dictionary
INFO: mk_mdef_gen.c(443): 7936 unique single word triphones in dictionary
INFO: mk_mdef_gen.c(444): 8804 unique word beginning triphones in dictionary
INFO: mk_mdef_gen.c(445): 4081 unique word internal triphones in dictionary
INFO: mk_mdef_gen.c(446): 8352 unique word ending triphones in dictionary
INFO: mk_mdef_gen.c(479): Out of vocabulary words in transcript will be mapped to SIL!
INFO: mk_mdef_gen.c(593): 141845 words in transcripts
INFO: mk_mdef_gen.c(594): 15264 single word triphones in transcripts
INFO: mk_mdef_gen.c(595): 99527 word beginning triphones in transcripts
INFO: mk_mdef_gen.c(596): 404194 word internal triphones in transcripts
INFO: mk_mdef_gen.c(597): 99527 word ending triphones in transcripts
INFO: mk_mdef_gen.c(640): 618512 triphones extracted from transcripts
INFO: mk_mdef_gen.c(641): 12024 unique triphones extracted from transcripts
INFO: mk_mdef_gen.c(642): 2664 triphones occur once in the transcripts
INFO: mk_mdef_gen.c(643): 1319 triphones occur twice in the transcripts
INFO: mk_mdef_gen.c(644): 863 triphones occur thrice in the transcripts
INFO: mk_mdef_gen.c(645): The rest of the triphones occur more than three times
INFO: mk_mdef_gen.c(646): Count threshold is 1
INFO: mk_mdef_gen.c(897): 32 n_base, 12024 n_tri
INFO: mk_mdef_gen.c(969): Wrote mdef file /home/lucija/Documents/Zadnji semestar/ROGJ/Prezentacije/CMUspinx/tutorial15/model_architecture/my_db.untied.mdef
Mon Apr 24 17:38:11 2023
