Current configuration:
[NAME]		[DEFLT]	[VALUE]
-allphones	no	no
-cntthresh	0.00001	1.000000e-05
-csplitmax	100	2000
-csplitmin	1	1
-csplitthr	8e-4	0.000000e+00
-example	no	no
-fullvar	no	no
-help		no	no
-meanfn			/home/lucija/Documents/Zadnji semestar/ROGJ/Prezentacije/CMUspinx/tutorial14/model_parameters/my_db.cd_cont_untied/means
-mixwfn			/home/lucija/Documents/Zadnji semestar/ROGJ/Prezentacije/CMUspinx/tutorial14/model_parameters/my_db.cd_cont_untied/mixture_weights
-moddeffn		/home/lucija/Documents/Zadnji semestar/ROGJ/Prezentacije/CMUspinx/tutorial14/model_architecture/my_db.untied.mdef
-mwfloor	1e-4	1.000000e-08
-phone			h
-psetfn			/home/lucija/Documents/Zadnji semestar/ROGJ/Prezentacije/CMUspinx/tutorial14/model_architecture/my_db.tree_questions
-ssplitmax	5	7
-ssplitmin	1	1
-ssplitthr	8e-4	0.000000e+00
-state			1
-stwt			1.0,0.05,0.0,
-treefn			/home/lucija/Documents/Zadnji semestar/ROGJ/Prezentacije/CMUspinx/tutorial14/trees/my_db.unpruned/h-1.dtree
-ts2cbfn	.semi.	.cont.
-varfloor	0.00001	1.000000e-05
-varfn			/home/lucija/Documents/Zadnji semestar/ROGJ/Prezentacije/CMUspinx/tutorial14/model_parameters/my_db.cd_cont_untied/variances

INFO: main.c(223): Reading: /home/lucija/Documents/Zadnji semestar/ROGJ/Prezentacije/CMUspinx/tutorial14/model_architecture/my_db.untied.mdef
INFO: model_def_io.c(573): Model definition info:
INFO: model_def_io.c(574): 14064 total models defined (32 base, 14032 tri)
INFO: model_def_io.c(575): 56256 total states
INFO: model_def_io.c(576): 42192 total tied states
INFO: model_def_io.c(577): 96 total tied CI states
INFO: model_def_io.c(578): 32 total tied transition matrices
INFO: model_def_io.c(579): 4 max state/model
INFO: model_def_io.c(580): 4 min state/model
INFO: main.c(242): Building trees for [h NOISE a b] through [h š l b]
INFO: main.c(268): Covering states |[12792 13448]| == 657
INFO: main.c(275): Reading: /home/lucija/Documents/Zadnji semestar/ROGJ/Prezentacije/CMUspinx/tutorial14/model_parameters/my_db.cd_cont_untied/mixture_weights
INFO: s3mixw_io.c(172): Read /home/lucija/Documents/Zadnji semestar/ROGJ/Prezentacije/CMUspinx/tutorial14/model_parameters/my_db.cd_cont_untied/mixture_weights [657x1x1 array]
INFO: main.c(311): 214 of 219 models have observation count greater than 0.000010
INFO: main.c(95): nrm stwt: 0.045 0.909 0.045 
INFO: s3gau_io.c(168): Read /home/lucija/Documents/Zadnji semestar/ROGJ/Prezentacije/CMUspinx/tutorial14/model_parameters/my_db.cd_cont_untied/means [42192x1x1 array]
INFO: s3gau_io.c(168): Read /home/lucija/Documents/Zadnji semestar/ROGJ/Prezentacije/CMUspinx/tutorial14/model_parameters/my_db.cd_cont_untied/variances [42192x1x1 array]
INFO: main.c(549): Reading: /home/lucija/Documents/Zadnji semestar/ROGJ/Prezentacije/CMUspinx/tutorial14/model_architecture/my_db.tree_questions
INFO: main.c(587): 176 total simple questions (168 phone; 8 word bndry)
INFO: main.c(589): 42 Left Only questions, and 42 Right Only questions
INFO: dtree.c(1478): Final simple tree
|( QUESTION0_15_R 1 -2.310e+06 1.139e+04 1.072e+04
|    ( - -2.784e+05 4 0 QUESTION6 1 7.857e+02 1.299e+03)
|    ( WDBNDRY_I 0 -2.021e+06 5.510e+03 9.419e+03
|        ( QUESTION2_18_L -1 -4.013e+05 3.493e+03 1.820e+03
|            ( - -1.487e+05 12 0 QUESTION0 1 8.679e+02 6.770e+02)
|            ( - -2.491e+05 44 0 QUESTION2_20_L -1 1.621e+03 1.143e+03))
|        ( WDBNDRY_B 0 -1.614e+06 3.712e+03 7.599e+03
|            ( QUESTION6 -1 -1.031e+06 3.946e+03 4.882e+03
|                ( - -8.219e+04 6 0 QUESTION0 1 4.932e+02 3.916e+02)
|                ( QUESTION2_20_L -1 -9.444e+05 1.976e+03 4.490e+03
|                    ( - -2.700e+05 31 0 QUESTION0 -1 5.476e+02 1.282e+03)
|                    ( - -6.724e+05 75 0 QUESTION3 1 1.435e+03 3.208e+03)))
|            ( QUESTION0 1 -5.796e+05 2.338e+03 2.718e+03
|                ( - -1.751e+05 12 0 QUESTION2_16_L -1 3.508e+02 8.079e+02)
|                ( - -4.022e+05 30 0 QUESTION0_12_R 1 1.621e+03 1.910e+03)))))
s>    ( QUESTION0_15_R 1 -2.310e+06 1.139e+04 1.072e+04
s>        ( - -2.784e+05 4 0 QUESTION6 1 7.857e+02 1.299e+03)
s>        ( WDBNDRY_I 0 -2.021e+06 5.510e+03 9.419e+03
s>            ( QUESTION2_18_L -1 -4.013e+05 3.493e+03 1.820e+03
s>                ( - -1.487e+05 12 0 QUESTION0 1 8.679e+02 6.770e+02)
s>                ( - -2.491e+05 44 0 QUESTION2_20_L -1 1.621e+03 1.143e+03))
s>            ( WDBNDRY_B 0 -1.614e+06 3.712e+03 7.599e+03
s>                ( QUESTION6 -1 -1.031e+06 3.946e+03 4.882e+03
s>                    ( - -8.219e+04 6 0 QUESTION0 1 4.932e+02 3.916e+02)
s>                    ( QUESTION2_20_L -1 -9.444e+05 1.976e+03 4.490e+03
s>                        ( - -2.700e+05 31 0 QUESTION0 -1 5.476e+02 1.282e+03)
s>                        ( - -6.724e+05 75 0 QUESTION3 1 1.435e+03 3.208e+03)))
s>                ( QUESTION0 1 -5.796e+05 2.338e+03 2.718e+03
s>                    ( - -1.751e+05 12 0 QUESTION2_16_L -1 3.508e+02 8.079e+02)
s>                    ( - -4.022e+05 30 0 QUESTION0_12_R 1 1.621e+03 1.910e+03)))))INFO: dtree.c(1315): Comp split 0
INFO: dtree.c(1478): Final simple tree
|( WDBNDRY_B 0 -1.528e+06 5.303e+03 7.118e+03
|    ( QUESTION2_20_L -1 -9.444e+05 1.976e+03 4.490e+03
|        ( - -2.700e+05 31 0 QUESTION0 -1 5.476e+02 1.282e+03)
|        ( QUESTION3 1 -6.724e+05 1.435e+03 3.208e+03
|            ( QUESTION2_17_L -1 -4.148e+05 9.577e+02 1.991e+03
|                ( - -1.841e+05 6 0 QUESTION2_18_L -1 5.819e+02 8.845e+02)
|                ( - -2.298e+05 20 0 QUESTION0 -1 8.198e+02 1.106e+03))
|            ( - -2.562e+05 49 0 QUESTION2_16_L -1 8.875e+02 1.218e+03)))
|    ( QUESTION2_18_L -1 -5.781e+05 3.091e+03 2.628e+03
|        ( WDBNDRY_E 0 -3.161e+05 2.175e+03 1.437e+03
|            ( - -1.652e+05 8 0 QUESTION0_0_R 1 3.123e+02 7.603e+02)
|            ( - -1.487e+05 12 0 QUESTION0 1 8.679e+02 6.770e+02))
|        ( QUESTION2_20_L -1 -2.590e+05 1.720e+03 1.190e+03
|            ( - -1.339e+05 20 0 QUESTION0 -1 9.485e+02 6.066e+02)
|            ( - -1.234e+05 28 0 QUESTION2_17_L -1 8.461e+02 5.838e+02))))
s>    ( WDBNDRY_B 0 -1.528e+06 5.303e+03 7.118e+03
s>        ( QUESTION2_20_L -1 -9.444e+05 1.976e+03 4.490e+03
s>            ( - -2.700e+05 31 0 QUESTION0 -1 5.476e+02 1.282e+03)
s>            ( QUESTION3 1 -6.724e+05 1.435e+03 3.208e+03
s>                ( QUESTION2_17_L -1 -4.148e+05 9.577e+02 1.991e+03
s>                    ( - -1.841e+05 6 0 QUESTION2_18_L -1 5.819e+02 8.845e+02)
s>                    ( - -2.298e+05 20 0 QUESTION0 -1 8.198e+02 1.106e+03))
s>                ( - -2.562e+05 49 0 QUESTION2_16_L -1 8.875e+02 1.218e+03)))
s>        ( QUESTION2_18_L -1 -5.781e+05 3.091e+03 2.628e+03
s>            ( WDBNDRY_E 0 -3.161e+05 2.175e+03 1.437e+03
s>                ( - -1.652e+05 8 0 QUESTION0_0_R 1 3.123e+02 7.603e+02)
s>                ( - -1.487e+05 12 0 QUESTION0 1 8.679e+02 6.770e+02))
s>            ( QUESTION2_20_L -1 -2.590e+05 1.720e+03 1.190e+03
s>                ( - -1.339e+05 20 0 QUESTION0 -1 9.485e+02 6.066e+02)
s>                ( - -1.234e+05 28 0 QUESTION2_17_L -1 8.461e+02 5.838e+02))))INFO: dtree.c(1478): Final simple tree
|( QUESTION0_15_R 1 -7.708e+05 4.738e+03 3.600e+03
|    ( QUESTION6 1 -2.784e+05 7.857e+02 1.299e+03
|        ( - -4.351e+04 2 0)
|        ( - -2.341e+05 2 0 QUESTION2_16_L -1 4.632e+02 1.099e+03))
|    ( QUESTION0 1 -4.877e+05 3.494e+03 2.301e+03
|        ( - -7.781e+04 3 0)
|        ( QUESTION0_12_R 1 -4.064e+05 1.612e+03 1.928e+03
|            ( - -6.356e+04 4 0 QUESTION2_16_L -1 1.957e+02 2.945e+02)
|            ( QUESTION0_2_R 1 -3.412e+05 1.202e+03 1.633e+03
|                ( QUESTION0 -1 -5.939e+04 6.521e+02 2.795e+02
|                    ( - -5.302e+04 3 0 QUESTION2_15_L -1 4.639e+02 2.485e+02)
|                    ( - -5.714e+03 1 0))
|                ( QUESTION17 1 -2.806e+05 1.025e+03 1.354e+03
|                    ( - -3.526e+04 1 0)
|                    ( - -2.443e+05 24 0 QUESTION3 1 5.815e+02 1.166e+03))))))
s>    ( QUESTION0_15_R 1 -7.708e+05 4.738e+03 3.600e+03
s>        ( QUESTION6 1 -2.784e+05 7.857e+02 1.299e+03
s>            ( - -4.351e+04 2 0)
s>            ( - -2.341e+05 2 0 QUESTION2_16_L -1 4.632e+02 1.099e+03))
s>        ( QUESTION0 1 -4.877e+05 3.494e+03 2.301e+03
s>            ( - -7.781e+04 3 0)
s>            ( QUESTION0_12_R 1 -4.064e+05 1.612e+03 1.928e+03
s>                ( - -6.356e+04 4 0 QUESTION2_16_L -1 1.957e+02 2.945e+02)
s>                ( QUESTION0_2_R 1 -3.412e+05 1.202e+03 1.633e+03
s>                    ( QUESTION0 -1 -5.939e+04 6.521e+02 2.795e+02
s>                        ( - -5.302e+04 3 0 QUESTION2_15_L -1 4.639e+02 2.485e+02)
s>                        ( - -5.714e+03 1 0))
s>                    ( QUESTION17 1 -2.806e+05 1.025e+03 1.354e+03
s>                        ( - -3.526e+04 1 0)
s>                        ( - -2.443e+05 24 0 QUESTION3 1 5.815e+02 1.166e+03))))))INFO: dtree.c(1315): Comp split 1
INFO: dtree.c(1478): Final simple tree
|( QUESTION2_20_L -1 -1.069e+06 1.974e+03 5.074e+03
|    ( - -2.700e+05 31 0 QUESTION0 -1 5.476e+02 1.282e+03)
|    ( QUESTION2_16_L -1 -7.967e+05 1.494e+03 3.792e+03
|        ( QUESTION0 1 -3.374e+05 1.208e+03 1.618e+03
|            ( WDBNDRY_B 0 -1.694e+05 7.263e+02 8.193e+02
|                ( - -1.156e+05 9 0 QUESTION0 -1 1.413e+02 5.588e+02)
|                ( - -5.303e+04 8 0 WDBNDRY_E 0 2.410e+02 2.605e+02))
|            ( WDBNDRY_B 0 -1.668e+05 8.059e+02 7.989e+02
|                ( - -1.236e+05 6 0 QUESTION0_10_R 1 4.402e+02 6.026e+02)
|                ( - -4.245e+04 5 0 QUESTION3 1 5.853e+02 1.963e+02)))
|        ( QUESTION0 -1 -4.578e+05 1.185e+03 2.174e+03
|            ( WDBNDRY_B 0 -2.850e+05 7.172e+02 1.368e+03
|                ( - -2.745e+05 20 0 QUESTION3 1 6.938e+02 1.317e+03)
|                ( - -9.715e+03 1 0))
|            ( - -1.716e+05 54 0 SILENCE -1 5.968e+02 8.061e+02))))
s>    ( QUESTION2_20_L -1 -1.069e+06 1.974e+03 5.074e+03
s>        ( - -2.700e+05 31 0 QUESTION0 -1 5.476e+02 1.282e+03)
s>        ( QUESTION2_16_L -1 -7.967e+05 1.494e+03 3.792e+03
s>            ( QUESTION0 1 -3.374e+05 1.208e+03 1.618e+03
s>                ( WDBNDRY_B 0 -1.694e+05 7.263e+02 8.193e+02
s>                    ( - -1.156e+05 9 0 QUESTION0 -1 1.413e+02 5.588e+02)
s>                    ( - -5.303e+04 8 0 WDBNDRY_E 0 2.410e+02 2.605e+02))
s>                ( WDBNDRY_B 0 -1.668e+05 8.059e+02 7.989e+02
s>                    ( - -1.236e+05 6 0 QUESTION0_10_R 1 4.402e+02 6.026e+02)
s>                    ( - -4.245e+04 5 0 QUESTION3 1 5.853e+02 1.963e+02)))
s>            ( QUESTION0 -1 -4.578e+05 1.185e+03 2.174e+03
s>                ( WDBNDRY_B 0 -2.850e+05 7.172e+02 1.368e+03
s>                    ( - -2.745e+05 20 0 QUESTION3 1 6.938e+02 1.317e+03)
s>                    ( - -9.715e+03 1 0))
s>                ( - -1.716e+05 54 0 SILENCE -1 5.968e+02 8.061e+02))))INFO: dtree.c(1478): Final simple tree
|( QUESTION2_15_L -1 -4.529e+05 2.996e+03 2.044e+03
|    ( WDBNDRY_E 0 -3.161e+05 2.175e+03 1.437e+03
|        ( QUESTION0_0_R 1 -1.652e+05 3.123e+02 7.603e+02
|            ( - -1.182e+04 1 0)
|            ( - -1.531e+05 7 0))
|        ( QUESTION0 1 -1.487e+05 8.679e+02 6.770e+02
|            ( - -1.267e+05 7 0)
|            ( QUESTION0_18_R 1 -2.115e+04 3.262e+02 9.717e+01
|                ( - -4.879e+03 1 0)
|                ( - -1.595e+04 4 0 QUESTION0_0_R 1 2.043e+02 7.448e+01))))
|    ( QUESTION0 -1 -1.339e+05 9.485e+02 6.066e+02
|        ( QUESTION0 1 -1.038e+05 4.352e+02 4.678e+02
|            ( - -8.526e+04 8 0)
|            ( - -1.811e+04 3 0 QUESTION0_0_R 1 2.120e+02 8.578e+01))
|        ( - -2.914e+04 9 0 QUESTION0_0_R 1 1.816e+02 1.389e+02)))
s>    ( QUESTION2_15_L -1 -4.529e+05 2.996e+03 2.044e+03
s>        ( WDBNDRY_E 0 -3.161e+05 2.175e+03 1.437e+03
s>            ( QUESTION0_0_R 1 -1.652e+05 3.123e+02 7.603e+02
s>                ( - -1.182e+04 1 0)
s>                ( - -1.531e+05 7 0))
s>            ( QUESTION0 1 -1.487e+05 8.679e+02 6.770e+02
s>                ( - -1.267e+05 7 0)
s>                ( QUESTION0_18_R 1 -2.115e+04 3.262e+02 9.717e+01
s>                    ( - -4.879e+03 1 0)
s>                    ( - -1.595e+04 4 0 QUESTION0_0_R 1 2.043e+02 7.448e+01))))
s>        ( QUESTION0 -1 -1.339e+05 9.485e+02 6.066e+02
s>            ( QUESTION0 1 -1.038e+05 4.352e+02 4.678e+02
s>                ( - -8.526e+04 8 0)
s>                ( - -1.811e+04 3 0 QUESTION0_0_R 1 2.120e+02 8.578e+01))
s>            ( - -2.914e+04 9 0 QUESTION0_0_R 1 1.816e+02 1.389e+02)))INFO: dtree.c(1315): Comp split 2
INFO: dtree.c(1439): stop. leaf nodes are specific
INFO: dtree.c(1478): Final simple tree
|( QUESTION2_16_L -1 -2.341e+05 4.632e+02 1.099e+03
|    ( - 2.173e+02 1 0)
|    ( - -2.338e+05 1 0))
s>    ( QUESTION2_16_L -1 -2.341e+05 4.632e+02 1.099e+03
s>        ( - 2.173e+02 1 0)
s>        ( - -2.338e+05 1 0))INFO: dtree.c(1478): Final simple tree
|( QUESTION0 1 -5.317e+05 3.518e+03 2.501e+03
|    ( - -7.781e+04 3 0)
|    ( QUESTION0_12_R 1 -4.504e+05 1.491e+03 2.128e+03
|        ( - -6.356e+04 4 0 QUESTION2_16_L -1 1.957e+02 2.945e+02)
|        ( QUESTION18 1 -3.853e+05 1.197e+03 1.833e+03
|            ( - -3.526e+04 1 0)
|            ( QUESTION0_2_R 1 -3.489e+05 1.001e+03 1.645e+03
|                ( QUESTION0 -1 -5.939e+04 6.521e+02 2.795e+02
|                    ( - -5.302e+04 3 0 QUESTION2_15_L -1 4.639e+02 2.485e+02)
|                    ( - -5.714e+03 1 0))
|                ( QUESTION0_15_R 1 -2.885e+05 6.395e+02 1.366e+03
|                    ( - -4.351e+04 2 0)
|                    ( QUESTION3 1 -2.443e+05 5.815e+02 1.166e+03
|                        ( - -1.177e+05 11 0 QUESTION0_0_R 1 4.997e+02 5.558e+02)
|                        ( - -1.261e+05 13 0 QUESTION0_8_R 1 5.440e+02 6.100e+02)))))))
s>    ( QUESTION0 1 -5.317e+05 3.518e+03 2.501e+03
s>        ( - -7.781e+04 3 0)
s>        ( QUESTION0_12_R 1 -4.504e+05 1.491e+03 2.128e+03
s>            ( - -6.356e+04 4 0 QUESTION2_16_L -1 1.957e+02 2.945e+02)
s>            ( QUESTION18 1 -3.853e+05 1.197e+03 1.833e+03
s>                ( - -3.526e+04 1 0)
s>                ( QUESTION0_2_R 1 -3.489e+05 1.001e+03 1.645e+03
s>                    ( QUESTION0 -1 -5.939e+04 6.521e+02 2.795e+02
s>                        ( - -5.302e+04 3 0 QUESTION2_15_L -1 4.639e+02 2.485e+02)
s>                        ( - -5.714e+03 1 0))
s>                    ( QUESTION0_15_R 1 -2.885e+05 6.395e+02 1.366e+03
s>                        ( - -4.351e+04 2 0)
s>                        ( QUESTION3 1 -2.443e+05 5.815e+02 1.166e+03
s>                            ( - -1.177e+05 11 0 QUESTION0_0_R 1 4.997e+02 5.558e+02)
s>                            ( - -1.261e+05 13 0 QUESTION0_8_R 1 5.440e+02 6.100e+02)))))))INFO: dtree.c(1315): Comp split 3
INFO: dtree.c(1478): Final simple tree
|( QUESTION0_12_R 1 -4.504e+05 1.491e+03 2.128e+03
|    ( - -6.356e+04 4 0 QUESTION2_16_L -1 1.957e+02 2.945e+02)
|    ( QUESTION18 1 -3.853e+05 1.197e+03 1.833e+03
|        ( - -3.526e+04 1 0)
|        ( QUESTION0_2_R 1 -3.489e+05 1.001e+03 1.645e+03
|            ( QUESTION0 -1 -5.939e+04 6.521e+02 2.795e+02
|                ( - -5.302e+04 3 0 QUESTION2_15_L -1 4.639e+02 2.485e+02)
|                ( - -5.714e+03 1 0))
|            ( QUESTION0_15_R 1 -2.885e+05 6.395e+02 1.366e+03
|                ( - -4.351e+04 2 0)
|                ( QUESTION3 1 -2.443e+05 5.815e+02 1.166e+03
|                    ( - -1.177e+05 11 0 QUESTION0_0_R 1 4.997e+02 5.558e+02)
|                    ( QUESTION0_8_R 1 -1.261e+05 5.440e+02 6.100e+02
|                        ( - -6.783e+03 1 0)
|                        ( - -1.188e+05 12 0 SILENCE 1 5.492e+02 5.750e+02)))))))
s>    ( QUESTION0_12_R 1 -4.504e+05 1.491e+03 2.128e+03
s>        ( - -6.356e+04 4 0 QUESTION2_16_L -1 1.957e+02 2.945e+02)
s>        ( QUESTION18 1 -3.853e+05 1.197e+03 1.833e+03
s>            ( - -3.526e+04 1 0)
s>            ( QUESTION0_2_R 1 -3.489e+05 1.001e+03 1.645e+03
s>                ( QUESTION0 -1 -5.939e+04 6.521e+02 2.795e+02
s>                    ( - -5.302e+04 3 0 QUESTION2_15_L -1 4.639e+02 2.485e+02)
s>                    ( - -5.714e+03 1 0))
s>                ( QUESTION0_15_R 1 -2.885e+05 6.395e+02 1.366e+03
s>                    ( - -4.351e+04 2 0)
s>                    ( QUESTION3 1 -2.443e+05 5.815e+02 1.166e+03
s>                        ( - -1.177e+05 11 0 QUESTION0_0_R 1 4.997e+02 5.558e+02)
s>                        ( QUESTION0_8_R 1 -1.261e+05 5.440e+02 6.100e+02
s>                            ( - -6.783e+03 1 0)
s>                            ( - -1.188e+05 12 0 SILENCE 1 5.492e+02 5.750e+02)))))))INFO: dtree.c(1315): Comp split 4
INFO: dtree.c(1439): stop. leaf nodes are specific
INFO: dtree.c(1478): Final simple tree
|( QUESTION0_0_R 1 -1.320e+05 4.167e+02 6.025e+02
|    ( - -4.879e+03 1 0)
|    ( - -1.267e+05 7 0))
s>    ( QUESTION0_0_R 1 -1.320e+05 4.167e+02 6.025e+02
s>        ( - -4.879e+03 1 0)
s>        ( - -1.267e+05 7 0))INFO: dtree.c(1478): Final simple tree
|( QUESTION2_15_L -1 -3.177e+05 2.300e+03 1.441e+03
|    ( QUESTION0_0_R 1 -1.815e+05 4.002e+02 8.348e+02
|        ( QUESTION0_17_R 1 -2.427e+04 1.915e+02 1.129e+02
|            ( - -1.074e+04 2 0)
|            ( - -1.334e+04 2 0 WDBNDRY_E 0 1.642e+02 6.248e+01))
|        ( WDBNDRY_E 0 -1.568e+05 3.094e+02 7.218e+02
|            ( - -1.531e+05 7 0)
|            ( - -3.464e+03 1 0)))
|    ( QUESTION0 -1 -1.339e+05 9.485e+02 6.066e+02
|        ( QUESTION0 1 -1.038e+05 4.352e+02 4.678e+02
|            ( - -8.526e+04 8 0)
|            ( QUESTION0_0_R 1 -1.811e+04 2.120e+02 8.578e+01
|                ( - -3.729e+03 1 0)
|                ( - -1.417e+04 2 0)))
|        ( - -2.914e+04 9 0 QUESTION0_0_R 1 1.816e+02 1.389e+02)))
s>    ( QUESTION2_15_L -1 -3.177e+05 2.300e+03 1.441e+03
s>        ( QUESTION0_0_R 1 -1.815e+05 4.002e+02 8.348e+02
s>            ( QUESTION0_17_R 1 -2.427e+04 1.915e+02 1.129e+02
s>                ( - -1.074e+04 2 0)
s>                ( - -1.334e+04 2 0 WDBNDRY_E 0 1.642e+02 6.248e+01))
s>            ( WDBNDRY_E 0 -1.568e+05 3.094e+02 7.218e+02
s>                ( - -1.531e+05 7 0)
s>                ( - -3.464e+03 1 0)))
s>        ( QUESTION0 -1 -1.339e+05 9.485e+02 6.066e+02
s>            ( QUESTION0 1 -1.038e+05 4.352e+02 4.678e+02
s>                ( - -8.526e+04 8 0)
s>                ( QUESTION0_0_R 1 -1.811e+04 2.120e+02 8.578e+01
s>                    ( - -3.729e+03 1 0)
s>                    ( - -1.417e+04 2 0)))
s>            ( - -2.914e+04 9 0 QUESTION0_0_R 1 1.816e+02 1.389e+02)))INFO: dtree.c(1315): Comp split 5
INFO: dtree.c(1439): stop. leaf nodes are specific
INFO: dtree.c(1478): Final simple tree
|( QUESTION0 1 -1.038e+05 4.352e+02 4.678e+02
|    ( - -8.526e+04 8 0)
|    ( QUESTION0_0_R 1 -1.811e+04 2.120e+02 8.578e+01
|        ( - -3.729e+03 1 0)
|        ( - -1.417e+04 2 0)))
s>    ( QUESTION0 1 -1.038e+05 4.352e+02 4.678e+02
s>        ( - -8.526e+04 8 0)
s>        ( QUESTION0_0_R 1 -1.811e+04 2.120e+02 8.578e+01
s>            ( - -3.729e+03 1 0)
s>            ( - -1.417e+04 2 0)))INFO: dtree.c(1439): stop. leaf nodes are specific
INFO: dtree.c(1478): Final simple tree
|( WDBNDRY_E 0 -2.112e+05 5.378e+02 9.736e+02
|    ( QUESTION0_0_R 1 -1.652e+05 3.123e+02 7.603e+02
|        ( - -1.182e+04 1 0)
|        ( - -1.531e+05 7 0))
|    ( QUESTION0 1 -4.545e+04 3.992e+02 2.133e+02
|        ( - -2.846e+04 8 0)
|        ( QUESTION0_0_R 1 -1.659e+04 2.059e+02 7.748e+01
|            ( QUESTION0_10_R 1 -1.292e+04 1.461e+02 6.047e+01
|                ( QUESTION0 -1 -2.031e+03 1.820e+02 1.000e+01
|                    ( - -1.356e+03 1 0)
|                    ( - -4.923e+02 1 0))
|                ( - -1.074e+04 2 0))
|            ( - -3.464e+03 1 0))))
s>    ( WDBNDRY_E 0 -2.112e+05 5.378e+02 9.736e+02
s>        ( QUESTION0_0_R 1 -1.652e+05 3.123e+02 7.603e+02
s>            ( - -1.182e+04 1 0)
s>            ( - -1.531e+05 7 0))
s>        ( QUESTION0 1 -4.545e+04 3.992e+02 2.133e+02
s>            ( - -2.846e+04 8 0)
s>            ( QUESTION0_0_R 1 -1.659e+04 2.059e+02 7.748e+01
s>                ( QUESTION0_10_R 1 -1.292e+04 1.461e+02 6.047e+01
s>                    ( QUESTION0 -1 -2.031e+03 1.820e+02 1.000e+01
s>                        ( - -1.356e+03 1 0)
s>                        ( - -4.923e+02 1 0))
s>                    ( - -1.074e+04 2 0))
s>                ( - -3.464e+03 1 0))))INFO: dtree.c(1315): Comp split 6
INFO: dtree.c(1478): Final simple tree
|( QUESTION3 1 -3.238e+05 7.382e+02 1.542e+03
|    ( QUESTION0 -1 -1.906e+05 4.115e+02 9.035e+02
|        ( QUESTION0_0_R 1 -1.668e+05 1.845e+02 7.893e+02
|            ( - -6.489e+02 1 0)
|            ( - -1.660e+05 4 0))
|        ( - -2.334e+04 8 0 QUESTION0_0_R 1 1.469e+02 1.142e+02))
|    ( WDBNDRY_I 0 -1.325e+05 4.415e+02 6.390e+02
|        ( - -4.327e+04 4 0)
|        ( WDBNDRY_B 0 -8.875e+04 2.381e+02 4.260e+02
|            ( QUESTION0 -1 -7.900e+04 2.243e+02 3.784e+02
|                ( QUESTION0_0_R 1 -5.069e+04 2.165e+02 2.419e+02
|                    ( - -8.953e+02 1 0)
|                    ( - -4.958e+04 7 0))
|                ( - -2.808e+04 10 0))
|            ( - -9.516e+03 4 0))))
s>    ( QUESTION3 1 -3.238e+05 7.382e+02 1.542e+03
s>        ( QUESTION0 -1 -1.906e+05 4.115e+02 9.035e+02
s>            ( QUESTION0_0_R 1 -1.668e+05 1.845e+02 7.893e+02
s>                ( - -6.489e+02 1 0)
s>                ( - -1.660e+05 4 0))
s>            ( - -2.334e+04 8 0 QUESTION0_0_R 1 1.469e+02 1.142e+02))
s>        ( WDBNDRY_I 0 -1.325e+05 4.415e+02 6.390e+02
s>            ( - -4.327e+04 4 0)
s>            ( WDBNDRY_B 0 -8.875e+04 2.381e+02 4.260e+02
s>                ( QUESTION0 -1 -7.900e+04 2.243e+02 3.784e+02
s>                    ( QUESTION0_0_R 1 -5.069e+04 2.165e+02 2.419e+02
s>                        ( - -8.953e+02 1 0)
s>                        ( - -4.958e+04 7 0))
s>                    ( - -2.808e+04 10 0))
s>                ( - -9.516e+03 4 0))))INFO: dtree.c(1478): Final simple tree
|( QUESTION0 1 -7.429e+05 1.407e+03 3.532e+03
|    ( QUESTION2_14_L -1 -2.681e+05 9.702e+02 1.272e+03
|        ( QUESTION2_18_L -1 -2.057e+05 7.434e+02 9.890e+02
|            ( - -7.548e+04 10 0)
|            ( - -1.295e+05 12 0 QUESTION2_16_L -1 3.989e+02 6.298e+02))
|        ( - -6.147e+04 35 0 QUESTION6 -1 4.844e+02 2.827e+02))
|    ( QUESTION2_17_L -1 -4.734e+05 9.966e+02 2.260e+03
|        ( WDBNDRY_B 0 -1.950e+05 7.197e+02 9.375e+02
|            ( - -1.845e+05 7 0 QUESTION2_18_L -1 5.803e+02 8.865e+02)
|            ( - -9.715e+03 1 0))
|        ( QUESTION0 -1 -2.774e+05 8.314e+02 1.322e+03
|            ( WDBNDRY_B 0 -1.648e+05 8.181e+02 7.899e+02
|                ( - -1.215e+05 4 0 QUESTION0_10_R 1 4.403e+02 5.936e+02)
|                ( - -4.245e+04 5 0 QUESTION3 1 5.853e+02 1.963e+02))
|            ( - -1.118e+05 21 0 QUESTION2_12_L -1 5.941e+02 5.325e+02))))
s>    ( QUESTION0 1 -7.429e+05 1.407e+03 3.532e+03
s>        ( QUESTION2_14_L -1 -2.681e+05 9.702e+02 1.272e+03
s>            ( QUESTION2_18_L -1 -2.057e+05 7.434e+02 9.890e+02
s>                ( - -7.548e+04 10 0)
s>                ( - -1.295e+05 12 0 QUESTION2_16_L -1 3.989e+02 6.298e+02))
s>            ( - -6.147e+04 35 0 QUESTION6 -1 4.844e+02 2.827e+02))
s>        ( QUESTION2_17_L -1 -4.734e+05 9.966e+02 2.260e+03
s>            ( WDBNDRY_B 0 -1.950e+05 7.197e+02 9.375e+02
s>                ( - -1.845e+05 7 0 QUESTION2_18_L -1 5.803e+02 8.865e+02)
s>                ( - -9.715e+03 1 0))
s>            ( QUESTION0 -1 -2.774e+05 8.314e+02 1.322e+03
s>                ( WDBNDRY_B 0 -1.648e+05 8.181e+02 7.899e+02
s>                    ( - -1.215e+05 4 0 QUESTION0_10_R 1 4.403e+02 5.936e+02)
s>                    ( - -4.245e+04 5 0 QUESTION3 1 5.853e+02 1.963e+02))
s>                ( - -1.118e+05 21 0 QUESTION2_12_L -1 5.941e+02 5.325e+02))))INFO: dtree.c(1315): Comp split 7
INFO: dtree.c(1478): Final simple tree
|( QUESTION17 1 -2.868e+05 1.033e+03 1.385e+03
|    ( - -3.526e+04 1 0)
|    ( QUESTION2_17_L -1 -2.506e+05 6.099e+02 1.197e+03
|        ( QUESTION0_20_R 1 -2.251e+05 6.042e+02 1.077e+03
|            ( - -2.363e+04 2 0)
|            ( SILENCE 1 -2.009e+05 5.631e+02 9.674e+02
|                ( - -1.821e+04 2 0)
|                ( QUESTION0_8_R 1 -1.821e+05 5.517e+02 8.750e+02
|                    ( - -6.783e+03 1 0)
|                    ( QUESTION0_14_R 1 -1.748e+05 4.593e+02 8.400e+02
|                        ( - -8.205e+04 3 0 QUESTION0_17_R 1 2.732e+02 3.954e+02)
|                        ( - -9.228e+04 8 0 QUESTION0_6_R 1 3.871e+02 4.446e+02)))))
|        ( QUESTION0_1_R 1 -2.481e+04 4.396e+02 1.199e+02
|            ( - -5.714e+03 1 0)
|            ( - -1.866e+04 8 0 QUESTION0_10_R 1 3.519e+02 8.894e+01))))
s>    ( QUESTION17 1 -2.868e+05 1.033e+03 1.385e+03
s>        ( - -3.526e+04 1 0)
s>        ( QUESTION2_17_L -1 -2.506e+05 6.099e+02 1.197e+03
s>            ( QUESTION0_20_R 1 -2.251e+05 6.042e+02 1.077e+03
s>                ( - -2.363e+04 2 0)
s>                ( SILENCE 1 -2.009e+05 5.631e+02 9.674e+02
s>                    ( - -1.821e+04 2 0)
s>                    ( QUESTION0_8_R 1 -1.821e+05 5.517e+02 8.750e+02
s>                        ( - -6.783e+03 1 0)
s>                        ( QUESTION0_14_R 1 -1.748e+05 4.593e+02 8.400e+02
s>                            ( - -8.205e+04 3 0 QUESTION0_17_R 1 2.732e+02 3.954e+02)
s>                            ( - -9.228e+04 8 0 QUESTION0_6_R 1 3.871e+02 4.446e+02)))))
s>            ( QUESTION0_1_R 1 -2.481e+04 4.396e+02 1.199e+02
s>                ( - -5.714e+03 1 0)
s>                ( - -1.866e+04 8 0 QUESTION0_10_R 1 3.519e+02 8.894e+01))))INFO: dtree.c(1439): stop. leaf nodes are specific
INFO: dtree.c(1478): Final simple tree
|( QUESTION0_10_R 1 -1.617e+05 1.072e+03 7.429e+02
|    ( QUESTION2_16_L -1 -6.356e+04 1.957e+02 2.945e+02
|        ( - -2.300e+03 1 0)
|        ( QUESTION2 1 -6.106e+04 1.411e+02 2.825e+02
|            ( - -5.909e+04 2 0)
|            ( - -1.838e+03 1 0)))
|    ( QUESTION0_1_R 1 -9.705e+04 5.238e+02 4.484e+02
|        ( QUESTION2_15_L -1 -5.302e+04 4.639e+02 2.485e+02
|            ( QUESTION17 1 -5.278e+04 2.659e+02 2.475e+02
|                ( - -1.691e+04 1 0)
|                ( - -3.560e+04 1 0))
|            ( - 2.174e+02 1 0))
|        ( - -4.351e+04 2 0)))
s>    ( QUESTION0_10_R 1 -1.617e+05 1.072e+03 7.429e+02
s>        ( QUESTION2_16_L -1 -6.356e+04 1.957e+02 2.945e+02
s>            ( - -2.300e+03 1 0)
s>            ( QUESTION2 1 -6.106e+04 1.411e+02 2.825e+02
s>                ( - -5.909e+04 2 0)
s>                ( - -1.838e+03 1 0)))
s>        ( QUESTION0_1_R 1 -9.705e+04 5.238e+02 4.484e+02
s>            ( QUESTION2_15_L -1 -5.302e+04 4.639e+02 2.485e+02
s>                ( QUESTION17 1 -5.278e+04 2.659e+02 2.475e+02
s>                    ( - -1.691e+04 1 0)
s>                    ( - -3.560e+04 1 0))
s>                ( - 2.174e+02 1 0))
s>            ( - -4.351e+04 2 0)))INFO: dtree.c(1315): Comp split 8
INFO: dtree.c(1439): stop. leaf nodes are specific
INFO: dtree.c(1478): Final simple tree
|( QUESTION2_18_L -1 -2.057e+05 7.434e+02 9.890e+02
|    ( - -7.548e+04 10 0)
|    ( QUESTION2_16_L -1 -1.295e+05 3.989e+02 6.298e+02
|        ( QUESTION0 -1 -1.156e+05 1.413e+02 5.588e+02
|            ( - -1.144e+05 6 0)
|            ( - -1.105e+03 3 0))
|        ( - -1.344e+04 3 0)))
s>    ( QUESTION2_18_L -1 -2.057e+05 7.434e+02 9.890e+02
s>        ( - -7.548e+04 10 0)
s>        ( QUESTION2_16_L -1 -1.295e+05 3.989e+02 6.298e+02
s>            ( QUESTION0 -1 -1.156e+05 1.413e+02 5.588e+02
s>                ( - -1.144e+05 6 0)
s>                ( - -1.105e+03 3 0))
s>            ( - -1.344e+04 3 0)))INFO: dtree.c(1478): Final simple tree
|( QUESTION0 -1 -5.355e+05 1.094e+03 2.543e+03
|    ( QUESTION2_16_L -1 -3.608e+05 1.013e+03 1.727e+03
|        ( WDBNDRY_B 0 -1.648e+05 8.181e+02 7.899e+02
|            ( - -1.215e+05 4 0 QUESTION0_10_R 1 4.403e+02 5.936e+02)
|            ( QUESTION3 1 -4.245e+04 5.853e+02 1.963e+02
|                ( - -2.394e+04 3 0 QUESTION0_0_R 1 2.098e+02 1.143e+02)
|                ( - -1.793e+04 2 0 QUESTION0_1_R 1 4.526e+02 8.203e+01)))
|        ( WDBNDRY_B 0 -1.950e+05 7.197e+02 9.375e+02
|            ( QUESTION2_18_L -1 -1.845e+05 5.803e+02 8.865e+02
|                ( - -1.531e+05 6 0 QUESTION0_10_R 1 1.873e+02 7.371e+02)
|                ( - -3.089e+04 1 0))
|            ( - -9.715e+03 1 0)))
|    ( QUESTION2_0_L -1 -1.736e+05 6.091e+02 8.151e+02
|        ( - -1.274e+05 48 0 QUESTION6 -1 4.889e+02 5.983e+02)
|        ( - -4.559e+04 8 0 QUESTION0 1 1.655e+02 2.168e+02)))
s>    ( QUESTION0 -1 -5.355e+05 1.094e+03 2.543e+03
s>        ( QUESTION2_16_L -1 -3.608e+05 1.013e+03 1.727e+03
s>            ( WDBNDRY_B 0 -1.648e+05 8.181e+02 7.899e+02
s>                ( - -1.215e+05 4 0 QUESTION0_10_R 1 4.403e+02 5.936e+02)
s>                ( QUESTION3 1 -4.245e+04 5.853e+02 1.963e+02
s>                    ( - -2.394e+04 3 0 QUESTION0_0_R 1 2.098e+02 1.143e+02)
s>                    ( - -1.793e+04 2 0 QUESTION0_1_R 1 4.526e+02 8.203e+01)))
s>            ( WDBNDRY_B 0 -1.950e+05 7.197e+02 9.375e+02
s>                ( QUESTION2_18_L -1 -1.845e+05 5.803e+02 8.865e+02
s>                    ( - -1.531e+05 6 0 QUESTION0_10_R 1 1.873e+02 7.371e+02)
s>                    ( - -3.089e+04 1 0))
s>                ( - -9.715e+03 1 0)))
s>        ( QUESTION2_0_L -1 -1.736e+05 6.091e+02 8.151e+02
s>            ( - -1.274e+05 48 0 QUESTION6 -1 4.889e+02 5.983e+02)
s>            ( - -4.559e+04 8 0 QUESTION0 1 1.655e+02 2.168e+02)))INFO: dtree.c(1315): Comp split 9
INFO: dtree.c(1478): Final simple tree
|( QUESTION0 -1 -2.169e+05 8.153e+02 1.011e+03
|    ( QUESTION3 1 -4.245e+04 5.853e+02 1.963e+02
|        ( - -2.394e+04 3 0 QUESTION0_0_R 1 2.098e+02 1.143e+02)
|        ( QUESTION0_1_R 1 -1.793e+04 4.526e+02 8.203e+01
|            ( - 2.177e+02 1 0)
|            ( - -1.769e+04 1 0)))
|    ( QUESTION2_0_L -1 -1.736e+05 6.091e+02 8.151e+02
|        ( QUESTION6 -1 -1.274e+05 4.889e+02 5.983e+02
|            ( - 2.420e+02 1 0)
|            ( QUESTION2_11_L -1 -1.272e+05 4.805e+02 5.973e+02
|                ( - -3.521e+04 9 0 QUESTION5 -1 2.631e+02 1.677e+02)
|                ( QUESTION2_1_L -1 -9.150e+04 3.685e+02 4.296e+02
|                    ( - -3.830e+04 24 0 QUESTION3 1 2.194e+02 1.746e+02)
|                    ( - -5.283e+04 14 0 QUESTION2_13_L -1 3.969e+02 2.549e+02))))
|        ( - -4.559e+04 8 0 QUESTION0 1 1.655e+02 2.168e+02)))
s>    ( QUESTION0 -1 -2.169e+05 8.153e+02 1.011e+03
s>        ( QUESTION3 1 -4.245e+04 5.853e+02 1.963e+02
s>            ( - -2.394e+04 3 0 QUESTION0_0_R 1 2.098e+02 1.143e+02)
s>            ( QUESTION0_1_R 1 -1.793e+04 4.526e+02 8.203e+01
s>                ( - 2.177e+02 1 0)
s>                ( - -1.769e+04 1 0)))
s>        ( QUESTION2_0_L -1 -1.736e+05 6.091e+02 8.151e+02
s>            ( QUESTION6 -1 -1.274e+05 4.889e+02 5.983e+02
s>                ( - 2.420e+02 1 0)
s>                ( QUESTION2_11_L -1 -1.272e+05 4.805e+02 5.973e+02
s>                    ( - -3.521e+04 9 0 QUESTION5 -1 2.631e+02 1.677e+02)
s>                    ( QUESTION2_1_L -1 -9.150e+04 3.685e+02 4.296e+02
s>                        ( - -3.830e+04 24 0 QUESTION3 1 2.194e+02 1.746e+02)
s>                        ( - -5.283e+04 14 0 QUESTION2_13_L -1 3.969e+02 2.549e+02))))
s>            ( - -4.559e+04 8 0 QUESTION0 1 1.655e+02 2.168e+02)))INFO: dtree.c(1478): Final simple tree
|( QUESTION2_16_L -1 -3.174e+05 9.111e+02 1.531e+03
|    ( QUESTION0_10_R 1 -1.215e+05 4.403e+02 5.936e+02
|        ( - 1.966e+02 1 0)
|        ( QUESTION0_0_R 1 -1.213e+05 2.737e+02 5.926e+02
|            ( - -9.360e+03 1 0)
|            ( - -1.117e+05 2 0)))
|    ( WDBNDRY_B 0 -1.950e+05 7.197e+02 9.375e+02
|        ( QUESTION2_18_L -1 -1.845e+05 5.803e+02 8.865e+02
|            ( QUESTION0_10_R 1 -1.531e+05 1.873e+02 7.371e+02
|                ( - -2.555e+02 1 0)
|                ( QUESTION0_0_R 1 -1.526e+05 9.647e+01 7.351e+02
|                    ( - -2.588e+03 1 0)
|                    ( - -1.499e+05 4 0)))
|            ( - -3.089e+04 1 0))
|        ( - -9.715e+03 1 0)))
s>    ( QUESTION2_16_L -1 -3.174e+05 9.111e+02 1.531e+03
s>        ( QUESTION0_10_R 1 -1.215e+05 4.403e+02 5.936e+02
s>            ( - 1.966e+02 1 0)
s>            ( QUESTION0_0_R 1 -1.213e+05 2.737e+02 5.926e+02
s>                ( - -9.360e+03 1 0)
s>                ( - -1.117e+05 2 0)))
s>        ( WDBNDRY_B 0 -1.950e+05 7.197e+02 9.375e+02
s>            ( QUESTION2_18_L -1 -1.845e+05 5.803e+02 8.865e+02
s>                ( QUESTION0_10_R 1 -1.531e+05 1.873e+02 7.371e+02
s>                    ( - -2.555e+02 1 0)
s>                    ( QUESTION0_0_R 1 -1.526e+05 9.647e+01 7.351e+02
s>                        ( - -2.588e+03 1 0)
s>                        ( - -1.499e+05 4 0)))
s>                ( - -3.089e+04 1 0))
s>            ( - -9.715e+03 1 0)))INFO: dtree.c(1315): Comp split 10
INFO: dtree.c(1439): stop. leaf nodes are specific
INFO: dtree.c(1478): Final simple tree
|( QUESTION0_1_R 1 -4.254e+04 4.982e+02 2.229e+02
|    ( - -6.783e+03 1 0)
|    ( - -3.526e+04 1 0))
s>    ( QUESTION0_1_R 1 -4.254e+04 4.982e+02 2.229e+02
s>        ( - -6.783e+03 1 0)
s>        ( - -3.526e+04 1 0))INFO: dtree.c(1478): Final simple tree
|( QUESTION2_17_L -1 -2.432e+05 6.203e+02 1.162e+03
|    ( SILENCE 1 -2.178e+05 5.916e+02 1.042e+03
|        ( - -1.821e+04 2 0)
|        ( QUESTION0_0_R 1 -1.990e+05 5.692e+02 9.495e+02
|            ( QUESTION0_14_R 1 -1.748e+05 4.593e+02 8.400e+02
|                ( - -8.205e+04 3 0 QUESTION0_17_R 1 2.732e+02 3.954e+02)
|                ( QUESTION0_6_R 1 -9.228e+04 3.871e+02 4.446e+02
|                    ( - -1.690e+04 1 0)
|                    ( - -7.499e+04 7 0 QUESTION0_4_R 1 2.970e+02 3.591e+02)))
|            ( - -2.363e+04 2 0)))
|    ( QUESTION0_1_R 1 -2.481e+04 4.396e+02 1.199e+02
|        ( - -5.714e+03 1 0)
|        ( QUESTION0_10_R 1 -1.866e+04 3.519e+02 8.894e+01
|            ( - -4.303e+03 1 0)
|            ( - -1.400e+04 7 0 SILENCE 1 3.000e+02 6.594e+01))))
s>    ( QUESTION2_17_L -1 -2.432e+05 6.203e+02 1.162e+03
s>        ( SILENCE 1 -2.178e+05 5.916e+02 1.042e+03
s>            ( - -1.821e+04 2 0)
s>            ( QUESTION0_0_R 1 -1.990e+05 5.692e+02 9.495e+02
s>                ( QUESTION0_14_R 1 -1.748e+05 4.593e+02 8.400e+02
s>                    ( - -8.205e+04 3 0 QUESTION0_17_R 1 2.732e+02 3.954e+02)
s>                    ( QUESTION0_6_R 1 -9.228e+04 3.871e+02 4.446e+02
s>                        ( - -1.690e+04 1 0)
s>                        ( - -7.499e+04 7 0 QUESTION0_4_R 1 2.970e+02 3.591e+02)))
s>                ( - -2.363e+04 2 0)))
s>        ( QUESTION0_1_R 1 -2.481e+04 4.396e+02 1.199e+02
s>            ( - -5.714e+03 1 0)
s>            ( QUESTION0_10_R 1 -1.866e+04 3.519e+02 8.894e+01
s>                ( - -4.303e+03 1 0)
s>                ( - -1.400e+04 7 0 SILENCE 1 3.000e+02 6.594e+01))))INFO: dtree.c(1315): Comp split 11
INFO: dtree.c(1439): stop. leaf nodes are specific
INFO: dtree.c(1478): Final simple tree
|( QUESTION0_1_R 1 -6.380e+04 4.570e+02 2.955e+02
|    ( - 2.174e+02 1 0)
|    ( QUESTION2_16_L -1 -6.356e+04 1.957e+02 2.945e+02
|        ( - -2.300e+03 1 0)
|        ( QUESTION2 1 -6.106e+04 1.411e+02 2.825e+02
|            ( - -5.909e+04 2 0)
|            ( - -1.838e+03 1 0))))
s>    ( QUESTION0_1_R 1 -6.380e+04 4.570e+02 2.955e+02
s>        ( - 2.174e+02 1 0)
s>        ( QUESTION2_16_L -1 -6.356e+04 1.957e+02 2.945e+02
s>            ( - -2.300e+03 1 0)
s>            ( QUESTION2 1 -6.106e+04 1.411e+02 2.825e+02
s>                ( - -5.909e+04 2 0)
s>                ( - -1.838e+03 1 0))))INFO: dtree.c(1439): stop. leaf nodes are specific
INFO: dtree.c(1478): Final simple tree
|( QUESTION0_1_R 1 -9.681e+04 5.277e+02 4.474e+02
|    ( QUESTION17 1 -5.278e+04 2.659e+02 2.475e+02
|        ( - -1.691e+04 1 0)
|        ( - -3.560e+04 1 0))
|    ( - -4.351e+04 2 0))
s>    ( QUESTION0_1_R 1 -9.681e+04 5.277e+02 4.474e+02
s>        ( QUESTION17 1 -5.278e+04 2.659e+02 2.475e+02
s>            ( - -1.691e+04 1 0)
s>            ( - -3.560e+04 1 0))
s>        ( - -4.351e+04 2 0))INFO: dtree.c(1315): Comp split 12
INFO: dtree.c(1439): stop. leaf nodes are specific
INFO: dtree.c(1478): Final simple tree
|( QUESTION2_19_L -1 -1.848e+05 5.801e+02 8.875e+02
|    ( - -3.089e+04 1 0)
|    ( QUESTION2_16_L -1 -1.533e+05 4.362e+02 7.381e+02
|        ( - 1.966e+02 1 0)
|        ( QUESTION0_10_R 1 -1.531e+05 1.873e+02 7.371e+02
|            ( - -2.555e+02 1 0)
|            ( QUESTION0_0_R 1 -1.526e+05 9.647e+01 7.351e+02
|                ( - -2.588e+03 1 0)
|                ( - -1.499e+05 4 0)))))
s>    ( QUESTION2_19_L -1 -1.848e+05 5.801e+02 8.875e+02
s>        ( - -3.089e+04 1 0)
s>        ( QUESTION2_16_L -1 -1.533e+05 4.362e+02 7.381e+02
s>            ( - 1.966e+02 1 0)
s>            ( QUESTION0_10_R 1 -1.531e+05 1.873e+02 7.371e+02
s>                ( - -2.555e+02 1 0)
s>                ( QUESTION0_0_R 1 -1.526e+05 9.647e+01 7.351e+02
s>                    ( - -2.588e+03 1 0)
s>                    ( - -1.499e+05 4 0)))))INFO: dtree.c(1439): stop. leaf nodes are specific
INFO: dtree.c(1478): Final simple tree
|( WDBNDRY_B 0 -1.316e+05 5.947e+02 6.436e+02
|    ( QUESTION0_0_R 1 -1.213e+05 2.737e+02 5.926e+02
|        ( - -9.360e+03 1 0)
|        ( - -1.117e+05 2 0))
|    ( - -9.715e+03 1 0))
s>    ( WDBNDRY_B 0 -1.316e+05 5.947e+02 6.436e+02
s>        ( QUESTION0_0_R 1 -1.213e+05 2.737e+02 5.926e+02
s>            ( - -9.360e+03 1 0)
s>            ( - -1.117e+05 2 0))
s>        ( - -9.715e+03 1 0))INFO: dtree.c(1315): Comp split 13
INFO: dtree.c(1439): stop. leaf nodes are specific
INFO: dtree.c(1478): Final simple tree
|( QUESTION3 1 -2.179e+05 3.515e+02 1.031e+03
|    ( QUESTION0_0_R 1 -1.668e+05 1.845e+02 7.893e+02
|        ( - -6.489e+02 1 0)
|        ( - -1.660e+05 4 0))
|    ( QUESTION0_0_R 1 -5.069e+04 2.165e+02 2.419e+02
|        ( - -8.953e+02 1 0)
|        ( - -4.958e+04 7 0)))
s>    ( QUESTION3 1 -2.179e+05 3.515e+02 1.031e+03
s>        ( QUESTION0_0_R 1 -1.668e+05 1.845e+02 7.893e+02
s>            ( - -6.489e+02 1 0)
s>            ( - -1.660e+05 4 0))
s>        ( QUESTION0_0_R 1 -5.069e+04 2.165e+02 2.419e+02
s>            ( - -8.953e+02 1 0)
s>            ( - -4.958e+04 7 0)))INFO: dtree.c(1439): stop. leaf nodes are specific
INFO: dtree.c(1478): Final simple tree
|( WDBNDRY_I 0 -1.050e+05 3.663e+02 5.113e+02
|    ( - -4.327e+04 4 0)
|    ( WDBNDRY_B 0 -6.135e+04 2.298e+02 2.983e+02
|        ( QUESTION0 1 -5.161e+04 1.824e+02 2.508e+02
|            ( - -2.808e+04 10 0)
|            ( QUESTION0_0_R 1 -2.334e+04 1.469e+02 1.142e+02
|                ( - -1.323e+03 1 0)
|                ( - -2.187e+04 7 0)))
|        ( - -9.516e+03 4 0)))
s>    ( WDBNDRY_I 0 -1.050e+05 3.663e+02 5.113e+02
s>        ( - -4.327e+04 4 0)
s>        ( WDBNDRY_B 0 -6.135e+04 2.298e+02 2.983e+02
s>            ( QUESTION0 1 -5.161e+04 1.824e+02 2.508e+02
s>                ( - -2.808e+04 10 0)
s>                ( QUESTION0_0_R 1 -2.334e+04 1.469e+02 1.142e+02
s>                    ( - -1.323e+03 1 0)
s>                    ( - -2.187e+04 7 0)))
s>            ( - -9.516e+03 4 0)))INFO: dtree.c(1315): Comp split 14
INFO: dtree.c(1478): Final simple tree
|( QUESTION0_10_R 1 -7.788e+04 6.364e+02 3.630e+02
|    ( - -1.769e+04 1 0)
|    ( QUESTION0 -1 -5.955e+04 4.044e+02 2.820e+02
|        ( QUESTION0_0_R 1 -2.394e+04 2.098e+02 1.143e+02
|            ( QUESTION0_17_R 1 -1.977e+04 1.803e+02 9.527e+01
|                ( - -6.191e+03 1 0)
|                ( - -1.340e+04 1 0))
|            ( - -3.958e+03 1 0))
|        ( QUESTION5 -1 -3.521e+04 2.631e+02 1.677e+02
|            ( QUESTION0 1 -3.010e+04 1.730e+02 1.437e+02
|                ( - -5.852e+03 4 0)
|                ( - -2.407e+04 2 0))
|            ( WDBNDRY_B 0 -4.850e+03 1.637e+02 2.400e+01
|                ( - -4.619e+02 1 0)
|                ( - -4.225e+03 2 0)))))
s>    ( QUESTION0_10_R 1 -7.788e+04 6.364e+02 3.630e+02
s>        ( - -1.769e+04 1 0)
s>        ( QUESTION0 -1 -5.955e+04 4.044e+02 2.820e+02
s>            ( QUESTION0_0_R 1 -2.394e+04 2.098e+02 1.143e+02
s>                ( QUESTION0_17_R 1 -1.977e+04 1.803e+02 9.527e+01
s>                    ( - -6.191e+03 1 0)
s>                    ( - -1.340e+04 1 0))
s>                ( - -3.958e+03 1 0))
s>            ( QUESTION5 -1 -3.521e+04 2.631e+02 1.677e+02
s>                ( QUESTION0 1 -3.010e+04 1.730e+02 1.437e+02
s>                    ( - -5.852e+03 4 0)
s>                    ( - -2.407e+04 2 0))
s>                ( WDBNDRY_B 0 -4.850e+03 1.637e+02 2.400e+01
s>                    ( - -4.619e+02 1 0)
s>                    ( - -4.225e+03 2 0)))))INFO: dtree.c(1478): Final simple tree
|( QUESTION2_0_L -1 -1.381e+05 5.560e+02 6.484e+02
|    ( QUESTION5 -1 -9.175e+04 4.914e+02 4.306e+02
|        ( - 2.420e+02 1 0)
|        ( QUESTION2_1_L -1 -9.150e+04 3.685e+02 4.296e+02
|            ( - -3.830e+04 24 0 QUESTION3 1 2.194e+02 1.746e+02)
|            ( QUESTION2_13_L -1 -5.283e+04 3.969e+02 2.549e+02
|                ( - -1.978e+04 8 0 QUESTION0_0_R 1 1.708e+02 9.448e+01)
|                ( QUESTION0 1 -3.265e+04 3.856e+02 1.605e+02
|                    ( - -9.383e+03 4 0 WDBNDRY_B 0 2.372e+02 4.486e+01)
|                    ( QUESTION0_0_R 1 -2.288e+04 2.554e+02 1.156e+02
|                        ( - -8.435e+03 1 0)
|                        ( - -1.419e+04 1 0))))))
|    ( WDBNDRY_B 0 -4.582e+04 4.543e+02 2.178e+02
|        ( - -4.559e+04 8 0 QUESTION0 1 1.655e+02 2.168e+02)
|        ( - 2.177e+02 1 0)))
s>    ( QUESTION2_0_L -1 -1.381e+05 5.560e+02 6.484e+02
s>        ( QUESTION5 -1 -9.175e+04 4.914e+02 4.306e+02
s>            ( - 2.420e+02 1 0)
s>            ( QUESTION2_1_L -1 -9.150e+04 3.685e+02 4.296e+02
s>                ( - -3.830e+04 24 0 QUESTION3 1 2.194e+02 1.746e+02)
s>                ( QUESTION2_13_L -1 -5.283e+04 3.969e+02 2.549e+02
s>                    ( - -1.978e+04 8 0 QUESTION0_0_R 1 1.708e+02 9.448e+01)
s>                    ( QUESTION0 1 -3.265e+04 3.856e+02 1.605e+02
s>                        ( - -9.383e+03 4 0 WDBNDRY_B 0 2.372e+02 4.486e+01)
s>                        ( QUESTION0_0_R 1 -2.288e+04 2.554e+02 1.156e+02
s>                            ( - -8.435e+03 1 0)
s>                            ( - -1.419e+04 1 0))))))
s>        ( WDBNDRY_B 0 -4.582e+04 4.543e+02 2.178e+02
s>            ( - -4.559e+04 8 0 QUESTION0 1 1.655e+02 2.168e+02)
s>            ( - 2.177e+02 1 0)))INFO: dtree.c(1315): Comp split 15
INFO: dtree.c(1439): stop. leaf nodes are specific
INFO: dtree.c(1478): Final simple tree
|( QUESTION2_19_L -1 -9.055e+04 3.975e+02 4.352e+02
|    ( - -1.344e+04 3 0)
|    ( QUESTION0 -1 -7.671e+04 1.219e+02 3.642e+02
|        ( - -7.548e+04 10 0)
|        ( - -1.105e+03 3 0)))
s>    ( QUESTION2_19_L -1 -9.055e+04 3.975e+02 4.352e+02
s>        ( - -1.344e+04 3 0)
s>        ( QUESTION0 -1 -7.671e+04 1.219e+02 3.642e+02
s>            ( - -7.548e+04 10 0)
s>            ( - -1.105e+03 3 0)))INFO: dtree.c(1315): Comp split 16
INFO: dtree.c(1439): stop. leaf nodes are specific
INFO: dtree.c(1478): Final simple tree
|( QUESTION0_0_R 1 -2.288e+04 2.554e+02 1.156e+02
|    ( - -8.435e+03 1 0)
|    ( - -1.419e+04 1 0))
s>    ( QUESTION0_0_R 1 -2.288e+04 2.554e+02 1.156e+02
s>        ( - -8.435e+03 1 0)
s>        ( - -1.419e+04 1 0))INFO: dtree.c(1478): Final simple tree
|( QUESTION10 -1 -1.145e+05 5.353e+02 5.328e+02
|    ( QUESTION2_8_L -1 -4.543e+04 2.272e+02 2.088e+02
|        ( QUESTION3 1 -3.073e+04 2.232e+02 1.404e+02
|            ( - -9.013e+03 5 0 QUESTION2_9_L -1 2.201e+02 4.230e+01)
|            ( - -2.149e+04 12 0 WDBNDRY_B 0 1.862e+02 9.805e+01))
|        ( - -1.447e+04 10 0 QUESTION12 -1 2.027e+02 6.843e+01))
|    ( QUESTION5 -1 -6.858e+04 4.873e+02 3.240e+02
|        ( - 2.420e+02 1 0)
|        ( QUESTION0_1_R 1 -6.833e+04 4.534e+02 3.230e+02
|            ( - 2.177e+02 1 0)
|            ( QUESTION2_13_L -1 -6.809e+04 2.317e+02 3.220e+02
|                ( - -1.269e+04 5 0 QUESTION0_0_R 1 1.761e+02 6.032e+01)
|                ( WDBNDRY_B 0 -5.518e+04 2.676e+02 2.617e+02
|                    ( - -5.287e+04 11 0 QUESTION0 1 2.034e+02 2.517e+02)
|                    ( - -2.040e+03 1 0))))))
s>    ( QUESTION10 -1 -1.145e+05 5.353e+02 5.328e+02
s>        ( QUESTION2_8_L -1 -4.543e+04 2.272e+02 2.088e+02
s>            ( QUESTION3 1 -3.073e+04 2.232e+02 1.404e+02
s>                ( - -9.013e+03 5 0 QUESTION2_9_L -1 2.201e+02 4.230e+01)
s>                ( - -2.149e+04 12 0 WDBNDRY_B 0 1.862e+02 9.805e+01))
s>            ( - -1.447e+04 10 0 QUESTION12 -1 2.027e+02 6.843e+01))
s>        ( QUESTION5 -1 -6.858e+04 4.873e+02 3.240e+02
s>            ( - 2.420e+02 1 0)
s>            ( QUESTION0_1_R 1 -6.833e+04 4.534e+02 3.230e+02
s>                ( - 2.177e+02 1 0)
s>                ( QUESTION2_13_L -1 -6.809e+04 2.317e+02 3.220e+02
s>                    ( - -1.269e+04 5 0 QUESTION0_0_R 1 1.761e+02 6.032e+01)
s>                    ( WDBNDRY_B 0 -5.518e+04 2.676e+02 2.617e+02
s>                        ( - -5.287e+04 11 0 QUESTION0 1 2.034e+02 2.517e+02)
s>                        ( - -2.040e+03 1 0))))))INFO: dtree.c(1315): Comp split 17
INFO: dtree.c(1478): Final simple tree
|( QUESTION2_17_L -1 -4.278e+04 4.921e+02 1.985e+02
|    ( - -2.363e+04 2 0)
|    ( QUESTION0_10_R 1 -1.866e+04 3.519e+02 8.894e+01
|        ( - -4.303e+03 1 0)
|        ( SILENCE 1 -1.400e+04 3.000e+02 6.594e+01
|            ( - -2.689e+03 1 0)
|            ( QUESTION2_15_L -1 -1.101e+04 2.016e+02 5.094e+01
|                ( - -2.246e+03 1 0)
|                ( QUESTION0 -1 -8.565e+03 1.971e+02 3.993e+01
|                    ( - -1.774e+03 1 0)
|                    ( QUESTION0_18_R 1 -6.593e+03 1.910e+02 3.093e+01
|                        ( - -4.720e+02 1 0)
|                        ( WDBNDRY_B 0 -5.930e+03 1.459e+02 2.793e+01
|                            ( - -3.222e+03 2 0)
|                            ( - -2.562e+03 1 0))))))))
s>    ( QUESTION2_17_L -1 -4.278e+04 4.921e+02 1.985e+02
s>        ( - -2.363e+04 2 0)
s>        ( QUESTION0_10_R 1 -1.866e+04 3.519e+02 8.894e+01
s>            ( - -4.303e+03 1 0)
s>            ( SILENCE 1 -1.400e+04 3.000e+02 6.594e+01
s>                ( - -2.689e+03 1 0)
s>                ( QUESTION2_15_L -1 -1.101e+04 2.016e+02 5.094e+01
s>                    ( - -2.246e+03 1 0)
s>                    ( QUESTION0 -1 -8.565e+03 1.971e+02 3.993e+01
s>                        ( - -1.774e+03 1 0)
s>                        ( QUESTION0_18_R 1 -6.593e+03 1.910e+02 3.093e+01
s>                            ( - -4.720e+02 1 0)
s>                            ( WDBNDRY_B 0 -5.930e+03 1.459e+02 2.793e+01
s>                                ( - -3.222e+03 2 0)
s>                                ( - -2.562e+03 1 0))))))))INFO: dtree.c(1478): Final simple tree
|( SILENCE 1 -1.998e+05 5.724e+02 9.634e+02
|    ( - -1.821e+04 2 0)
|    ( QUESTION0_2_R 1 -1.810e+05 4.837e+02 8.710e+02
|        ( - -5.714e+03 1 0)
|        ( QUESTION0_14_R 1 -1.748e+05 4.593e+02 8.400e+02
|            ( QUESTION0_17_R 1 -8.205e+04 2.732e+02 3.954e+02
|                ( - -4.529e+04 2 0)
|                ( - -3.649e+04 1 0))
|            ( QUESTION0_6_R 1 -9.228e+04 3.871e+02 4.446e+02
|                ( - -1.690e+04 1 0)
|                ( QUESTION0_4_R 1 -7.499e+04 2.970e+02 3.591e+02
|                    ( - -1.400e+04 2 0)
|                    ( QUESTION9 1 -6.070e+04 1.642e+02 2.897e+02
|                        ( - -2.946e+03 1 0)
|                        ( - -5.759e+04 4 0 QUESTION0_1_R 1 1.342e+02 2.746e+02)))))))
s>    ( SILENCE 1 -1.998e+05 5.724e+02 9.634e+02
s>        ( - -1.821e+04 2 0)
s>        ( QUESTION0_2_R 1 -1.810e+05 4.837e+02 8.710e+02
s>            ( - -5.714e+03 1 0)
s>            ( QUESTION0_14_R 1 -1.748e+05 4.593e+02 8.400e+02
s>                ( QUESTION0_17_R 1 -8.205e+04 2.732e+02 3.954e+02
s>                    ( - -4.529e+04 2 0)
s>                    ( - -3.649e+04 1 0))
s>                ( QUESTION0_6_R 1 -9.228e+04 3.871e+02 4.446e+02
s>                    ( - -1.690e+04 1 0)
s>                    ( QUESTION0_4_R 1 -7.499e+04 2.970e+02 3.591e+02
s>                        ( - -1.400e+04 2 0)
s>                        ( QUESTION9 1 -6.070e+04 1.642e+02 2.897e+02
s>                            ( - -2.946e+03 1 0)
s>                            ( - -5.759e+04 4 0 QUESTION0_1_R 1 1.342e+02 2.746e+02)))))))INFO: dtree.c(1315): Comp split 18
INFO: dtree.c(1439): stop. leaf nodes are specific
INFO: dtree.c(1478): Final simple tree
|( QUESTION0 -1 -5.955e+04 4.044e+02 2.820e+02
|    ( QUESTION0_0_R 1 -2.394e+04 2.098e+02 1.143e+02
|        ( QUESTION0_17_R 1 -1.977e+04 1.803e+02 9.527e+01
|            ( - -6.191e+03 1 0)
|            ( - -1.340e+04 1 0))
|        ( - -3.958e+03 1 0))
|    ( QUESTION5 -1 -3.521e+04 2.631e+02 1.677e+02
|        ( QUESTION0 1 -3.010e+04 1.730e+02 1.437e+02
|            ( - -5.852e+03 4 0)
|            ( - -2.407e+04 2 0))
|        ( WDBNDRY_B 0 -4.850e+03 1.637e+02 2.400e+01
|            ( - -4.619e+02 1 0)
|            ( - -4.225e+03 2 0))))
s>    ( QUESTION0 -1 -5.955e+04 4.044e+02 2.820e+02
s>        ( QUESTION0_0_R 1 -2.394e+04 2.098e+02 1.143e+02
s>            ( QUESTION0_17_R 1 -1.977e+04 1.803e+02 9.527e+01
s>                ( - -6.191e+03 1 0)
s>                ( - -1.340e+04 1 0))
s>            ( - -3.958e+03 1 0))
s>        ( QUESTION5 -1 -3.521e+04 2.631e+02 1.677e+02
s>            ( QUESTION0 1 -3.010e+04 1.730e+02 1.437e+02
s>                ( - -5.852e+03 4 0)
s>                ( - -2.407e+04 2 0))
s>            ( WDBNDRY_B 0 -4.850e+03 1.637e+02 2.400e+01
s>                ( - -4.619e+02 1 0)
s>                ( - -4.225e+03 2 0))))INFO: dtree.c(1315): Comp split 19
INFO: dtree.c(1439): stop. leaf nodes are specific
INFO: dtree.c(1478): Final simple tree
|( QUESTION0_0_R 1 -1.213e+05 2.737e+02 5.926e+02
|    ( - -9.360e+03 1 0)
|    ( - -1.117e+05 2 0))
s>    ( QUESTION0_0_R 1 -1.213e+05 2.737e+02 5.926e+02
s>        ( - -9.360e+03 1 0)
s>        ( - -1.117e+05 2 0))INFO: dtree.c(1315): Comp split 20
INFO: dtree.c(1439): stop. leaf nodes are specific
INFO: dtree.c(1478): Final simple tree
|( SILENCE 1 -2.129e+04 1.407e+02 1.074e+02
|    ( - -1.821e+04 2 0)
|    ( - -2.946e+03 1 0))
s>    ( SILENCE 1 -2.129e+04 1.407e+02 1.074e+02
s>        ( - -1.821e+04 2 0)
s>        ( - -2.946e+03 1 0))INFO: dtree.c(1439): stop. leaf nodes are specific
INFO: dtree.c(1478): Final simple tree
|( QUESTION0_2_R 1 -1.779e+05 4.806e+02 8.559e+02
|    ( - -5.714e+03 1 0)
|    ( QUESTION0_14_R 1 -1.717e+05 4.571e+02 8.249e+02
|        ( QUESTION0_17_R 1 -8.205e+04 2.732e+02 3.954e+02
|            ( - -4.529e+04 2 0)
|            ( - -3.649e+04 1 0))
|        ( QUESTION0_6_R 1 -8.918e+04 3.989e+02 4.296e+02
|            ( - -1.690e+04 1 0)
|            ( QUESTION0_4_R 1 -7.188e+04 2.968e+02 3.440e+02
|                ( - -1.400e+04 2 0)
|                ( QUESTION0_1_R 1 -5.759e+04 1.342e+02 2.746e+02
|                    ( - -3.869e+03 1 0)
|                    ( - -5.358e+04 3 0))))))
s>    ( QUESTION0_2_R 1 -1.779e+05 4.806e+02 8.559e+02
s>        ( - -5.714e+03 1 0)
s>        ( QUESTION0_14_R 1 -1.717e+05 4.571e+02 8.249e+02
s>            ( QUESTION0_17_R 1 -8.205e+04 2.732e+02 3.954e+02
s>                ( - -4.529e+04 2 0)
s>                ( - -3.649e+04 1 0))
s>            ( QUESTION0_6_R 1 -8.918e+04 3.989e+02 4.296e+02
s>                ( - -1.690e+04 1 0)
s>                ( QUESTION0_4_R 1 -7.188e+04 2.968e+02 3.440e+02
s>                    ( - -1.400e+04 2 0)
s>                    ( QUESTION0_1_R 1 -5.759e+04 1.342e+02 2.746e+02
s>                        ( - -3.869e+03 1 0)
s>                        ( - -5.358e+04 3 0))))))INFO: dtree.c(1315): Comp split 21
INFO: dtree.c(1439): stop. leaf nodes are specific
INFO: dtree.c(1478): Final simple tree
|( QUESTION0_10_R 1 -1.528e+05 4.363e+02 7.361e+02
|    ( - 1.966e+02 1 0)
|    ( QUESTION0_0_R 1 -1.526e+05 9.647e+01 7.351e+02
|        ( - -2.588e+03 1 0)
|        ( - -1.499e+05 4 0)))
s>    ( QUESTION0_10_R 1 -1.528e+05 4.363e+02 7.361e+02
s>        ( - 1.966e+02 1 0)
s>        ( QUESTION0_0_R 1 -1.526e+05 9.647e+01 7.351e+02
s>            ( - -2.588e+03 1 0)
s>            ( - -1.499e+05 4 0)))INFO: dtree.c(1439): stop. leaf nodes are specific
INFO: dtree.c(1478): Final simple tree
|( QUESTION0_0_R 1 -3.133e+04 1.847e+02 1.514e+02
|    ( - -2.555e+02 1 0)
|    ( - -3.089e+04 1 0))
s>    ( QUESTION0_0_R 1 -3.133e+04 1.847e+02 1.514e+02
s>        ( - -2.555e+02 1 0)
s>        ( - -3.089e+04 1 0))INFO: dtree.c(1315): Comp split 22
INFO: dtree.c(1478): Final simple tree
|( QUESTION2 -1 -4.769e+04 2.208e+02 2.188e+02
|    ( - -2.040e+03 1 0)
|    ( QUESTION2_8_L -1 -4.543e+04 2.272e+02 2.088e+02
|        ( QUESTION3 1 -3.073e+04 2.232e+02 1.404e+02
|            ( QUESTION2_9_L -1 -9.013e+03 2.201e+02 4.230e+01
|                ( - -8.559e+03 4 0 QUESTION0_0_R 1 1.368e+02 4.030e+01)
|                ( - -2.336e+02 1 0))
|            ( WDBNDRY_B 0 -2.149e+04 1.862e+02 9.805e+01
|                ( QUESTION17 -1 -1.594e+04 4.291e+02 7.305e+01
|                    ( - 1.856e+02 1 0)
|                    ( - -1.570e+04 5 0 QUESTION2_9_L -1 1.727e+02 7.205e+01))
|                ( - -5.369e+03 6 0 QUESTION17 -1 2.003e+02 2.500e+01)))
|        ( QUESTION12 -1 -1.447e+04 2.027e+02 6.843e+01
|            ( - -5.426e+02 1 0)
|            ( - -1.373e+04 9 0 QUESTION14 -1 1.337e+02 6.543e+01))))
s>    ( QUESTION2 -1 -4.769e+04 2.208e+02 2.188e+02
s>        ( - -2.040e+03 1 0)
s>        ( QUESTION2_8_L -1 -4.543e+04 2.272e+02 2.088e+02
s>            ( QUESTION3 1 -3.073e+04 2.232e+02 1.404e+02
s>                ( QUESTION2_9_L -1 -9.013e+03 2.201e+02 4.230e+01
s>                    ( - -8.559e+03 4 0 QUESTION0_0_R 1 1.368e+02 4.030e+01)
s>                    ( - -2.336e+02 1 0))
s>                ( WDBNDRY_B 0 -2.149e+04 1.862e+02 9.805e+01
s>                    ( QUESTION17 -1 -1.594e+04 4.291e+02 7.305e+01
s>                        ( - 1.856e+02 1 0)
s>                        ( - -1.570e+04 5 0 QUESTION2_9_L -1 1.727e+02 7.205e+01))
s>                    ( - -5.369e+03 6 0 QUESTION17 -1 2.003e+02 2.500e+01)))
s>            ( QUESTION12 -1 -1.447e+04 2.027e+02 6.843e+01
s>                ( - -5.426e+02 1 0)
s>                ( - -1.373e+04 9 0 QUESTION14 -1 1.337e+02 6.543e+01))))INFO: dtree.c(1478): Final simple tree
|( QUESTION5 -1 -6.627e+04 4.875e+02 3.140e+02
|    ( - 2.420e+02 1 0)
|    ( QUESTION0_1_R 1 -6.602e+04 4.535e+02 3.130e+02
|        ( - 2.177e+02 1 0)
|        ( QUESTION2_13_L -1 -6.579e+04 2.328e+02 3.120e+02
|            ( QUESTION0_0_R 1 -1.269e+04 1.761e+02 6.032e+01
|                ( - -4.894e+02 1 0)
|                ( WDBNDRY_B 0 -1.202e+04 1.750e+02 5.732e+01
|                    ( QUESTION0 1 -1.069e+04 1.740e+02 5.032e+01
|                        ( - -4.718e+03 2 0)
|                        ( - -5.797e+03 1 0))
|                    ( - -1.157e+03 1 0)))
|            ( QUESTION0 1 -5.287e+04 2.034e+02 2.517e+02
|                ( - -1.712e+04 7 0 SILENCE -1 1.373e+02 8.101e+01)
|                ( - -3.555e+04 4 0 SILENCE -1 1.055e+02 1.707e+02)))))
s>    ( QUESTION5 -1 -6.627e+04 4.875e+02 3.140e+02
s>        ( - 2.420e+02 1 0)
s>        ( QUESTION0_1_R 1 -6.602e+04 4.535e+02 3.130e+02
s>            ( - 2.177e+02 1 0)
s>            ( QUESTION2_13_L -1 -6.579e+04 2.328e+02 3.120e+02
s>                ( QUESTION0_0_R 1 -1.269e+04 1.761e+02 6.032e+01
s>                    ( - -4.894e+02 1 0)
s>                    ( WDBNDRY_B 0 -1.202e+04 1.750e+02 5.732e+01
s>                        ( QUESTION0 1 -1.069e+04 1.740e+02 5.032e+01
s>                            ( - -4.718e+03 2 0)
s>                            ( - -5.797e+03 1 0))
s>                        ( - -1.157e+03 1 0)))
s>                ( QUESTION0 1 -5.287e+04 2.034e+02 2.517e+02
s>                    ( - -1.712e+04 7 0 SILENCE -1 1.373e+02 8.101e+01)
s>                    ( - -3.555e+04 4 0 SILENCE -1 1.055e+02 1.707e+02)))))INFO: dtree.c(1315): Comp split 23
INFO: dtree.c(1439): stop. leaf nodes are specific
INFO: dtree.c(1478): Final simple tree
|( QUESTION0_0_R 1 -1.784e+05 4.233e+02 8.208e+02
|    ( QUESTION0_17_R 1 -2.491e+04 1.873e+02 1.159e+02
|        ( - -1.074e+04 2 0)
|        ( QUESTION0 -1 -1.398e+04 1.493e+02 6.548e+01
|            ( WDBNDRY_E 0 -1.334e+04 1.642e+02 6.248e+01
|                ( - -1.182e+04 1 0)
|                ( - -1.356e+03 1 0))
|            ( - -4.923e+02 1 0)))
|    ( - -1.531e+05 7 0))
s>    ( QUESTION0_0_R 1 -1.784e+05 4.233e+02 8.208e+02
s>        ( QUESTION0_17_R 1 -2.491e+04 1.873e+02 1.159e+02
s>            ( - -1.074e+04 2 0)
s>            ( QUESTION0 -1 -1.398e+04 1.493e+02 6.548e+01
s>                ( WDBNDRY_E 0 -1.334e+04 1.642e+02 6.248e+01
s>                    ( - -1.182e+04 1 0)
s>                    ( - -1.356e+03 1 0))
s>                ( - -4.923e+02 1 0)))
s>        ( - -1.531e+05 7 0))INFO: dtree.c(1439): stop. leaf nodes are specific
INFO: dtree.c(1478): Final simple tree
|( QUESTION0 -1 -3.221e+04 2.818e+02 1.529e+02
|    ( - -3.464e+03 1 0)
|    ( - -2.846e+04 8 0))
s>    ( QUESTION0 -1 -3.221e+04 2.818e+02 1.529e+02
s>        ( - -3.464e+03 1 0)
s>        ( - -2.846e+04 8 0))INFO: dtree.c(1315): Comp split 24
INFO: dtree.c(1439): stop. leaf nodes are specific
INFO: dtree.c(1478): Final simple tree
|( QUESTION17 1 -5.278e+04 2.659e+02 2.475e+02
|    ( - -1.691e+04 1 0)
|    ( - -3.560e+04 1 0))
s>    ( QUESTION17 1 -5.278e+04 2.659e+02 2.475e+02
s>        ( - -1.691e+04 1 0)
s>        ( - -3.560e+04 1 0))INFO: dtree.c(1315): Comp split 25
INFO: dtree.c(1439): stop. leaf nodes are specific
INFO: dtree.c(1478): Final simple tree
|( QUESTION0_6_R 1 -8.918e+04 3.989e+02 4.296e+02
|    ( - -1.690e+04 1 0)
|    ( QUESTION0_4_R 1 -7.188e+04 2.968e+02 3.440e+02
|        ( - -1.400e+04 2 0)
|        ( QUESTION0_1_R 1 -5.759e+04 1.342e+02 2.746e+02
|            ( - -3.869e+03 1 0)
|            ( - -5.358e+04 3 0))))
s>    ( QUESTION0_6_R 1 -8.918e+04 3.989e+02 4.296e+02
s>        ( - -1.690e+04 1 0)
s>        ( QUESTION0_4_R 1 -7.188e+04 2.968e+02 3.440e+02
s>            ( - -1.400e+04 2 0)
s>            ( QUESTION0_1_R 1 -5.759e+04 1.342e+02 2.746e+02
s>                ( - -3.869e+03 1 0)
s>                ( - -5.358e+04 3 0))))INFO: dtree.c(1439): stop. leaf nodes are specific
INFO: dtree.c(1478): Final simple tree
|( QUESTION0_1_R 1 -8.820e+04 4.355e+02 4.264e+02
|    ( - -5.714e+03 1 0)
|    ( QUESTION0_17_R 1 -8.205e+04 2.732e+02 3.954e+02
|        ( - -4.529e+04 2 0)
|        ( - -3.649e+04 1 0)))
s>    ( QUESTION0_1_R 1 -8.820e+04 4.355e+02 4.264e+02
s>        ( - -5.714e+03 1 0)
s>        ( QUESTION0_17_R 1 -8.205e+04 2.732e+02 3.954e+02
s>            ( - -4.529e+04 2 0)
s>            ( - -3.649e+04 1 0)))INFO: dtree.c(1315): Comp split 26
INFO: dtree.c(1315): Comp split 27
INFO: dtree.c(1439): stop. leaf nodes are specific
INFO: dtree.c(1478): Final simple tree
|( QUESTION0_10_R 1 -1.866e+04 3.519e+02 8.894e+01
|    ( - -4.303e+03 1 0)
|    ( SILENCE 1 -1.400e+04 3.000e+02 6.594e+01
|        ( - -2.689e+03 1 0)
|        ( QUESTION2_15_L -1 -1.101e+04 2.016e+02 5.094e+01
|            ( - -2.246e+03 1 0)
|            ( QUESTION0 -1 -8.565e+03 1.971e+02 3.993e+01
|                ( - -1.774e+03 1 0)
|                ( QUESTION0_18_R 1 -6.593e+03 1.910e+02 3.093e+01
|                    ( - -4.720e+02 1 0)
|                    ( WDBNDRY_B 0 -5.930e+03 1.459e+02 2.793e+01
|                        ( - -3.222e+03 2 0)
|                        ( - -2.562e+03 1 0)))))))
s>    ( QUESTION0_10_R 1 -1.866e+04 3.519e+02 8.894e+01
s>        ( - -4.303e+03 1 0)
s>        ( SILENCE 1 -1.400e+04 3.000e+02 6.594e+01
s>            ( - -2.689e+03 1 0)
s>            ( QUESTION2_15_L -1 -1.101e+04 2.016e+02 5.094e+01
s>                ( - -2.246e+03 1 0)
s>                ( QUESTION0 -1 -8.565e+03 1.971e+02 3.993e+01
s>                    ( - -1.774e+03 1 0)
s>                    ( QUESTION0_18_R 1 -6.593e+03 1.910e+02 3.093e+01
s>                        ( - -4.720e+02 1 0)
s>                        ( WDBNDRY_B 0 -5.930e+03 1.459e+02 2.793e+01
s>                            ( - -3.222e+03 2 0)
s>                            ( - -2.562e+03 1 0)))))))INFO: dtree.c(1315): Comp split 28
INFO: dtree.c(1478): Final simple tree
|( QUESTION0_1_R 1 -6.602e+04 4.535e+02 3.130e+02
|    ( - 2.177e+02 1 0)
|    ( QUESTION2_13_L -1 -6.579e+04 2.328e+02 3.120e+02
|        ( QUESTION0_0_R 1 -1.269e+04 1.761e+02 6.032e+01
|            ( - -4.894e+02 1 0)
|            ( WDBNDRY_B 0 -1.202e+04 1.750e+02 5.732e+01
|                ( QUESTION0 1 -1.069e+04 1.740e+02 5.032e+01
|                    ( - -4.718e+03 2 0)
|                    ( - -5.797e+03 1 0))
|                ( - -1.157e+03 1 0)))
|        ( QUESTION0 1 -5.287e+04 2.034e+02 2.517e+02
|            ( SILENCE -1 -1.712e+04 1.373e+02 8.101e+01
|                ( - -9.875e+03 4 0)
|                ( - -7.105e+03 3 0))
|            ( - -3.555e+04 4 0 SILENCE -1 1.055e+02 1.707e+02))))
s>    ( QUESTION0_1_R 1 -6.602e+04 4.535e+02 3.130e+02
s>        ( - 2.177e+02 1 0)
s>        ( QUESTION2_13_L -1 -6.579e+04 2.328e+02 3.120e+02
s>            ( QUESTION0_0_R 1 -1.269e+04 1.761e+02 6.032e+01
s>                ( - -4.894e+02 1 0)
s>                ( WDBNDRY_B 0 -1.202e+04 1.750e+02 5.732e+01
s>                    ( QUESTION0 1 -1.069e+04 1.740e+02 5.032e+01
s>                        ( - -4.718e+03 2 0)
s>                        ( - -5.797e+03 1 0))
s>                    ( - -1.157e+03 1 0)))
s>            ( QUESTION0 1 -5.287e+04 2.034e+02 2.517e+02
s>                ( SILENCE -1 -1.712e+04 1.373e+02 8.101e+01
s>                    ( - -9.875e+03 4 0)
s>                    ( - -7.105e+03 3 0))
s>                ( - -3.555e+04 4 0 SILENCE -1 1.055e+02 1.707e+02))))INFO: dtree.c(1315): Comp split 29
INFO: dtree.c(1439): stop. leaf nodes are specific
INFO: dtree.c(1478): Final simple tree
|( QUESTION0_0_R 1 -8.917e+04 1.828e+02 3.999e+02
|    ( - -3.729e+03 1 0)
|    ( - -8.526e+04 8 0))
s>    ( QUESTION0_0_R 1 -8.917e+04 1.828e+02 3.999e+02
s>        ( - -3.729e+03 1 0)
s>        ( - -8.526e+04 8 0))INFO: dtree.c(1315): Comp split 30
INFO: dtree.c(1315): Comp split 31
INFO: dtree.c(1439): stop. leaf nodes are specific
INFO: dtree.c(1478): Final simple tree
|( QUESTION2_16_L -1 -6.356e+04 1.957e+02 2.945e+02
|    ( - -2.300e+03 1 0)
|    ( QUESTION2 1 -6.106e+04 1.411e+02 2.825e+02
|        ( - -5.909e+04 2 0)
|        ( - -1.838e+03 1 0)))
s>    ( QUESTION2_16_L -1 -6.356e+04 1.957e+02 2.945e+02
s>        ( - -2.300e+03 1 0)
s>        ( QUESTION2 1 -6.106e+04 1.411e+02 2.825e+02
s>            ( - -5.909e+04 2 0)
s>            ( - -1.838e+03 1 0)))INFO: dtree.c(1315): Comp split 32
INFO: dtree.c(1478): Final simple tree
|( QUESTION2_13_L -1 -6.579e+04 2.328e+02 3.120e+02
|    ( QUESTION0_0_R 1 -1.269e+04 1.761e+02 6.032e+01
|        ( - -4.894e+02 1 0)
|        ( WDBNDRY_B 0 -1.202e+04 1.750e+02 5.732e+01
|            ( QUESTION0 1 -1.069e+04 1.740e+02 5.032e+01
|                ( - -4.718e+03 2 0)
|                ( - -5.797e+03 1 0))
|            ( - -1.157e+03 1 0)))
|    ( QUESTION0 1 -5.287e+04 2.034e+02 2.517e+02
|        ( SILENCE -1 -1.712e+04 1.373e+02 8.101e+01
|            ( - -9.875e+03 4 0)
|            ( - -7.105e+03 3 0))
|        ( SILENCE -1 -3.555e+04 1.055e+02 1.707e+02
|            ( - -3.354e+04 2 0)
|            ( - -1.896e+03 2 0))))
s>    ( QUESTION2_13_L -1 -6.579e+04 2.328e+02 3.120e+02
s>        ( QUESTION0_0_R 1 -1.269e+04 1.761e+02 6.032e+01
s>            ( - -4.894e+02 1 0)
s>            ( WDBNDRY_B 0 -1.202e+04 1.750e+02 5.732e+01
s>                ( QUESTION0 1 -1.069e+04 1.740e+02 5.032e+01
s>                    ( - -4.718e+03 2 0)
s>                    ( - -5.797e+03 1 0))
s>                ( - -1.157e+03 1 0)))
s>        ( QUESTION0 1 -5.287e+04 2.034e+02 2.517e+02
s>            ( SILENCE -1 -1.712e+04 1.373e+02 8.101e+01
s>                ( - -9.875e+03 4 0)
s>                ( - -7.105e+03 3 0))
s>            ( SILENCE -1 -3.555e+04 1.055e+02 1.707e+02
s>                ( - -3.354e+04 2 0)
s>                ( - -1.896e+03 2 0))))INFO: dtree.c(1315): Comp split 33
INFO: dtree.c(1439): stop. leaf nodes are specific
INFO: dtree.c(1478): Final simple tree
|( QUESTION0_0_R 1 -1.526e+05 9.647e+01 7.351e+02
|    ( - -2.588e+03 1 0)
|    ( - -1.499e+05 4 0))
s>    ( QUESTION0_0_R 1 -1.526e+05 9.647e+01 7.351e+02
s>        ( - -2.588e+03 1 0)
s>        ( - -1.499e+05 4 0))INFO: dtree.c(1315): Comp split 34
INFO: dtree.c(1439): stop. leaf nodes are specific
INFO: dtree.c(1478): Final simple tree
|( QUESTION0_17_R 1 -8.205e+04 2.732e+02 3.954e+02
|    ( - -4.529e+04 2 0)
|    ( - -3.649e+04 1 0))
s>    ( QUESTION0_17_R 1 -8.205e+04 2.732e+02 3.954e+02
s>        ( - -4.529e+04 2 0)
s>        ( - -3.649e+04 1 0))INFO: dtree.c(1315): Comp split 35
INFO: dtree.c(1478): Final simple tree
|( QUESTION2 -1 -4.745e+04 2.203e+02 2.178e+02
|    ( - -2.040e+03 1 0)
|    ( QUESTION2_8_L -1 -4.519e+04 2.275e+02 2.078e+02
|        ( QUESTION3 1 -3.049e+04 2.236e+02 1.394e+02
|            ( QUESTION2_9_L -1 -9.013e+03 2.201e+02 4.230e+01
|                ( - -8.559e+03 4 0 QUESTION0_0_R 1 1.368e+02 4.030e+01)
|                ( - -2.336e+02 1 0))
|            ( QUESTION17 -1 -2.125e+04 1.907e+02 9.705e+01
|                ( - -6.666e+02 1 0)
|                ( WDBNDRY_B 0 -2.039e+04 1.949e+02 9.305e+01
|                    ( - -1.570e+04 5 0 QUESTION2_9_L -1 1.727e+02 7.205e+01)
|                    ( - -4.502e+03 5 0 QUESTION0_0_R 1 1.625e+02 2.100e+01))))
|        ( QUESTION12 -1 -1.447e+04 2.027e+02 6.843e+01
|            ( - -5.426e+02 1 0)
|            ( - -1.373e+04 9 0 QUESTION14 -1 1.337e+02 6.543e+01))))
s>    ( QUESTION2 -1 -4.745e+04 2.203e+02 2.178e+02
s>        ( - -2.040e+03 1 0)
s>        ( QUESTION2_8_L -1 -4.519e+04 2.275e+02 2.078e+02
s>            ( QUESTION3 1 -3.049e+04 2.236e+02 1.394e+02
s>                ( QUESTION2_9_L -1 -9.013e+03 2.201e+02 4.230e+01
s>                    ( - -8.559e+03 4 0 QUESTION0_0_R 1 1.368e+02 4.030e+01)
s>                    ( - -2.336e+02 1 0))
s>                ( QUESTION17 -1 -2.125e+04 1.907e+02 9.705e+01
s>                    ( - -6.666e+02 1 0)
s>                    ( WDBNDRY_B 0 -2.039e+04 1.949e+02 9.305e+01
s>                        ( - -1.570e+04 5 0 QUESTION2_9_L -1 1.727e+02 7.205e+01)
s>                        ( - -4.502e+03 5 0 QUESTION0_0_R 1 1.625e+02 2.100e+01))))
s>            ( QUESTION12 -1 -1.447e+04 2.027e+02 6.843e+01
s>                ( - -5.426e+02 1 0)
s>                ( - -1.373e+04 9 0 QUESTION14 -1 1.337e+02 6.543e+01))))INFO: dtree.c(1315): Comp split 36
INFO: dtree.c(1439): stop. leaf nodes are specific
INFO: dtree.c(1478): Final simple tree
|( QUESTION0_17_R 1 -2.491e+04 1.873e+02 1.159e+02
|    ( - -1.074e+04 2 0)
|    ( QUESTION0 -1 -1.398e+04 1.493e+02 6.548e+01
|        ( WDBNDRY_E 0 -1.334e+04 1.642e+02 6.248e+01
|            ( - -1.182e+04 1 0)
|            ( - -1.356e+03 1 0))
|        ( - -4.923e+02 1 0)))
s>    ( QUESTION0_17_R 1 -2.491e+04 1.873e+02 1.159e+02
s>        ( - -1.074e+04 2 0)
s>        ( QUESTION0 -1 -1.398e+04 1.493e+02 6.548e+01
s>            ( WDBNDRY_E 0 -1.334e+04 1.642e+02 6.248e+01
s>                ( - -1.182e+04 1 0)
s>                ( - -1.356e+03 1 0))
s>            ( - -4.923e+02 1 0)))INFO: dtree.c(1315): Comp split 37
INFO: dtree.c(1315): Comp split 38
INFO: dtree.c(1439): stop. leaf nodes are specific
INFO: dtree.c(1478): Final simple tree
|( QUESTION0_18_R 1 -3.027e+04 2.590e+02 1.443e+02
|    ( - -1.340e+04 1 0)
|    ( QUESTION7 -1 -1.662e+04 1.771e+02 7.897e+01
|        ( - -4.225e+03 2 0)
|        ( WDBNDRY_B 0 -1.222e+04 1.724e+02 5.797e+01
|            ( - -5.852e+03 4 0)
|            ( - -6.191e+03 1 0))))
s>    ( QUESTION0_18_R 1 -3.027e+04 2.590e+02 1.443e+02
s>        ( - -1.340e+04 1 0)
s>        ( QUESTION7 -1 -1.662e+04 1.771e+02 7.897e+01
s>            ( - -4.225e+03 2 0)
s>            ( WDBNDRY_B 0 -1.222e+04 1.724e+02 5.797e+01
s>                ( - -5.852e+03 4 0)
s>                ( - -6.191e+03 1 0))))INFO: dtree.c(1439): stop. leaf nodes are specific
INFO: dtree.c(1478): Final simple tree
|( WDBNDRY_B 0 -2.887e+04 1.978e+02 1.377e+02
|    ( QUESTION5 -1 -2.471e+04 1.774e+02 1.187e+02
|        ( - -2.407e+04 2 0)
|        ( - -4.619e+02 1 0))
|    ( - -3.958e+03 1 0))
s>    ( WDBNDRY_B 0 -2.887e+04 1.978e+02 1.377e+02
s>        ( QUESTION5 -1 -2.471e+04 1.774e+02 1.187e+02
s>            ( - -2.407e+04 2 0)
s>            ( - -4.619e+02 1 0))
s>        ( - -3.958e+03 1 0))INFO: dtree.c(1315): Comp split 39
INFO: dtree.c(1439): stop. leaf nodes are specific
INFO: dtree.c(1478): Final simple tree
|( QUESTION0_4_R 1 -7.188e+04 2.968e+02 3.440e+02
|    ( - -1.400e+04 2 0)
|    ( QUESTION0_1_R 1 -5.759e+04 1.342e+02 2.746e+02
|        ( - -3.869e+03 1 0)
|        ( - -5.358e+04 3 0)))
s>    ( QUESTION0_4_R 1 -7.188e+04 2.968e+02 3.440e+02
s>        ( - -1.400e+04 2 0)
s>        ( QUESTION0_1_R 1 -5.759e+04 1.342e+02 2.746e+02
s>            ( - -3.869e+03 1 0)
s>            ( - -5.358e+04 3 0)))INFO: dtree.c(1315): Comp split 40
INFO: dtree.c(1439): stop. leaf nodes are specific
INFO: dtree.c(1478): Final simple tree
|( QUESTION0 -1 -7.671e+04 1.219e+02 3.642e+02
|    ( - -7.548e+04 10 0)
|    ( - -1.105e+03 3 0))
s>    ( QUESTION0 -1 -7.671e+04 1.219e+02 3.642e+02
s>        ( - -7.548e+04 10 0)
s>        ( - -1.105e+03 3 0))INFO: dtree.c(1315): Comp split 41
INFO: dtree.c(1439): stop. leaf nodes are specific
INFO: dtree.c(1478): Final simple tree
|( WDBNDRY_B 0 -6.135e+04 2.298e+02 2.983e+02
|    ( QUESTION0 1 -5.161e+04 1.824e+02 2.508e+02
|        ( - -2.808e+04 10 0)
|        ( QUESTION0_0_R 1 -2.334e+04 1.469e+02 1.142e+02
|            ( - -1.323e+03 1 0)
|            ( - -2.187e+04 7 0)))
|    ( - -9.516e+03 4 0))
s>    ( WDBNDRY_B 0 -6.135e+04 2.298e+02 2.983e+02
s>        ( QUESTION0 1 -5.161e+04 1.824e+02 2.508e+02
s>            ( - -2.808e+04 10 0)
s>            ( QUESTION0_0_R 1 -2.334e+04 1.469e+02 1.142e+02
s>                ( - -1.323e+03 1 0)
s>                ( - -2.187e+04 7 0)))
s>        ( - -9.516e+03 4 0))INFO: dtree.c(1315): Comp split 42
INFO: dtree.c(1439): stop. leaf nodes are specific
INFO: dtree.c(1478): Final simple tree
|( SILENCE 1 -1.400e+04 3.000e+02 6.594e+01
|    ( - -2.689e+03 1 0)
|    ( QUESTION2_15_L -1 -1.101e+04 2.016e+02 5.094e+01
|        ( - -2.246e+03 1 0)
|        ( QUESTION0 -1 -8.565e+03 1.971e+02 3.993e+01
|            ( - -1.774e+03 1 0)
|            ( QUESTION0_18_R 1 -6.593e+03 1.910e+02 3.093e+01
|                ( - -4.720e+02 1 0)
|                ( WDBNDRY_B 0 -5.930e+03 1.459e+02 2.793e+01
|                    ( - -3.222e+03 2 0)
|                    ( - -2.562e+03 1 0))))))
s>    ( SILENCE 1 -1.400e+04 3.000e+02 6.594e+01
s>        ( - -2.689e+03 1 0)
s>        ( QUESTION2_15_L -1 -1.101e+04 2.016e+02 5.094e+01
s>            ( - -2.246e+03 1 0)
s>            ( QUESTION0 -1 -8.565e+03 1.971e+02 3.993e+01
s>                ( - -1.774e+03 1 0)
s>                ( QUESTION0_18_R 1 -6.593e+03 1.910e+02 3.093e+01
s>                    ( - -4.720e+02 1 0)
s>                    ( WDBNDRY_B 0 -5.930e+03 1.459e+02 2.793e+01
s>                        ( - -3.222e+03 2 0)
s>                        ( - -2.562e+03 1 0))))))INFO: dtree.c(1315): Comp split 43
INFO: dtree.c(1439): stop. leaf nodes are specific
INFO: dtree.c(1478): Final simple tree
|( QUESTION0_0_R 1 -1.668e+05 1.845e+02 7.893e+02
|    ( - -6.489e+02 1 0)
|    ( - -1.660e+05 4 0))
s>    ( QUESTION0_0_R 1 -1.668e+05 1.845e+02 7.893e+02
s>        ( - -6.489e+02 1 0)
s>        ( - -1.660e+05 4 0))INFO: dtree.c(1439): stop. leaf nodes are specific
INFO: dtree.c(1478): Final simple tree
|( QUESTION0_0_R 1 -5.069e+04 2.165e+02 2.419e+02
|    ( - -8.953e+02 1 0)
|    ( - -4.958e+04 7 0))
s>    ( QUESTION0_0_R 1 -5.069e+04 2.165e+02 2.419e+02
s>        ( - -8.953e+02 1 0)
s>        ( - -4.958e+04 7 0))INFO: dtree.c(1315): Comp split 44
INFO: dtree.c(1439): stop. leaf nodes are specific
INFO: dtree.c(1478): Final simple tree
|( WDBNDRY_B 0 -1.727e+04 1.922e+02 7.905e+01
|    ( QUESTION0 1 -1.641e+04 1.732e+02 7.505e+01
|        ( QUESTION2_9_L -1 -1.570e+04 1.727e+02 7.205e+01
|            ( - -1.463e+04 4 0)
|            ( - -8.909e+02 1 0))
|        ( - -5.426e+02 1 0))
|    ( - -6.666e+02 1 0))
s>    ( WDBNDRY_B 0 -1.727e+04 1.922e+02 7.905e+01
s>        ( QUESTION0 1 -1.641e+04 1.732e+02 7.505e+01
s>            ( QUESTION2_9_L -1 -1.570e+04 1.727e+02 7.205e+01
s>                ( - -1.463e+04 4 0)
s>                ( - -8.909e+02 1 0))
s>            ( - -5.426e+02 1 0))
s>        ( - -6.666e+02 1 0))INFO: dtree.c(1478): Final simple tree
|( QUESTION2 -1 -2.986e+04 2.218e+02 1.387e+02
|    ( - -2.040e+03 1 0)
|    ( QUESTION19 -1 -2.760e+04 2.231e+02 1.287e+02
|        ( WDBNDRY_B 0 -1.365e+04 1.541e+02 6.330e+01
|            ( - -6.336e+03 2 0)
|            ( QUESTION0_10_R 1 -7.161e+03 1.541e+02 3.300e+01
|                ( - -1.297e+03 1 0)
|                ( QUESTION2_9_L -1 -5.710e+03 1.718e+02 2.600e+01
|                    ( - -5.031e+03 5 0 QUESTION0 1 1.306e+02 2.300e+01)
|                    ( QUESTION0 1 -5.064e+02 5.149e+02 3.000e+00
|                        ( - 2.421e+02 1 0)
|                        ( - -2.336e+02 1 0)))))
|        ( QUESTION14 -1 -1.373e+04 1.337e+02 6.543e+01
|            ( - -4.705e+02 1 0)
|            ( - -1.312e+04 8 0 QUESTION2_7_L -1 1.339e+02 6.243e+01))))
s>    ( QUESTION2 -1 -2.986e+04 2.218e+02 1.387e+02
s>        ( - -2.040e+03 1 0)
s>        ( QUESTION19 -1 -2.760e+04 2.231e+02 1.287e+02
s>            ( WDBNDRY_B 0 -1.365e+04 1.541e+02 6.330e+01
s>                ( - -6.336e+03 2 0)
s>                ( QUESTION0_10_R 1 -7.161e+03 1.541e+02 3.300e+01
s>                    ( - -1.297e+03 1 0)
s>                    ( QUESTION2_9_L -1 -5.710e+03 1.718e+02 2.600e+01
s>                        ( - -5.031e+03 5 0 QUESTION0 1 1.306e+02 2.300e+01)
s>                        ( QUESTION0 1 -5.064e+02 5.149e+02 3.000e+00
s>                            ( - 2.421e+02 1 0)
s>                            ( - -2.336e+02 1 0)))))
s>            ( QUESTION14 -1 -1.373e+04 1.337e+02 6.543e+01
s>                ( - -4.705e+02 1 0)
s>                ( - -1.312e+04 8 0 QUESTION2_7_L -1 1.339e+02 6.243e+01))))INFO: dtree.c(1315): Comp split 45
INFO: dtree.c(1478): Final simple tree
|( QUESTION2 -1 -2.963e+04 2.221e+02 1.377e+02
|    ( - -2.040e+03 1 0)
|    ( QUESTION19 -1 -2.737e+04 2.203e+02 1.277e+02
|        ( QUESTION0 1 -1.342e+04 1.603e+02 6.230e+01
|            ( - -2.806e+03 3 0)
|            ( QUESTION0_10_R 1 -1.046e+04 1.472e+02 4.930e+01
|                ( - -1.297e+03 1 0)
|                ( QUESTION2_9_L -1 -9.013e+03 2.201e+02 4.230e+01
|                    ( QUESTION0_0_R 1 -8.559e+03 1.368e+02 4.030e+01
|                        ( - -1.208e+03 1 0)
|                        ( WDBNDRY_B 0 -7.215e+03 1.794e+02 3.430e+01
|                            ( - -6.336e+03 2 0)
|                            ( - -6.997e+02 1 0)))
|                    ( - -2.336e+02 1 0))))
|        ( - -1.373e+04 9 0 QUESTION14 -1 1.337e+02 6.543e+01)))
s>    ( QUESTION2 -1 -2.963e+04 2.221e+02 1.377e+02
s>        ( - -2.040e+03 1 0)
s>        ( QUESTION19 -1 -2.737e+04 2.203e+02 1.277e+02
s>            ( QUESTION0 1 -1.342e+04 1.603e+02 6.230e+01
s>                ( - -2.806e+03 3 0)
s>                ( QUESTION0_10_R 1 -1.046e+04 1.472e+02 4.930e+01
s>                    ( - -1.297e+03 1 0)
s>                    ( QUESTION2_9_L -1 -9.013e+03 2.201e+02 4.230e+01
s>                        ( QUESTION0_0_R 1 -8.559e+03 1.368e+02 4.030e+01
s>                            ( - -1.208e+03 1 0)
s>                            ( WDBNDRY_B 0 -7.215e+03 1.794e+02 3.430e+01
s>                                ( - -6.336e+03 2 0)
s>                                ( - -6.997e+02 1 0)))
s>                        ( - -2.336e+02 1 0))))
s>            ( - -1.373e+04 9 0 QUESTION14 -1 1.337e+02 6.543e+01)))INFO: dtree.c(1315): Comp split 46
INFO: dtree.c(1478): Final simple tree
|( QUESTION2_9_L -1 -1.602e+04 1.613e+02 7.643e+01
|    ( - -6.997e+02 1 0)
|    ( WDBNDRY_B 0 -1.516e+04 1.398e+02 7.243e+01
|        ( QUESTION14 -1 -1.373e+04 1.337e+02 6.543e+01
|            ( - -4.705e+02 1 0)
|            ( QUESTION2_7_L -1 -1.312e+04 1.339e+02 6.243e+01
|                ( - -4.808e+03 3 0 QUESTION0 1 1.107e+02 2.227e+01)
|                ( QUESTION0 1 -8.180e+03 1.315e+02 4.015e+01
|                    ( QUESTION11 -1 -2.161e+03 1.756e+02 1.100e+01
|                        ( - -4.239e+02 1 0)
|                        ( - -1.562e+03 2 0))
|                    ( QUESTION11 -1 -5.887e+03 1.857e+02 2.915e+01
|                        ( - -4.691e+02 1 0)
|                        ( - -5.233e+03 1 0)))))
|        ( - -1.297e+03 1 0)))
s>    ( QUESTION2_9_L -1 -1.602e+04 1.613e+02 7.643e+01
s>        ( - -6.997e+02 1 0)
s>        ( WDBNDRY_B 0 -1.516e+04 1.398e+02 7.243e+01
s>            ( QUESTION14 -1 -1.373e+04 1.337e+02 6.543e+01
s>                ( - -4.705e+02 1 0)
s>                ( QUESTION2_7_L -1 -1.312e+04 1.339e+02 6.243e+01
s>                    ( - -4.808e+03 3 0 QUESTION0 1 1.107e+02 2.227e+01)
s>                    ( QUESTION0 1 -8.180e+03 1.315e+02 4.015e+01
s>                        ( QUESTION11 -1 -2.161e+03 1.756e+02 1.100e+01
s>                            ( - -4.239e+02 1 0)
s>                            ( - -1.562e+03 2 0))
s>                        ( QUESTION11 -1 -5.887e+03 1.857e+02 2.915e+01
s>                            ( - -4.691e+02 1 0)
s>                            ( - -5.233e+03 1 0)))))
s>            ( - -1.297e+03 1 0)))INFO: dtree.c(1439): stop. leaf nodes are specific
INFO: dtree.c(1478): Final simple tree
|( WDBNDRY_B 0 -1.331e+04 1.877e+02 6.130e+01
|    ( - -6.336e+03 2 0)
|    ( QUESTION2 -1 -6.783e+03 1.572e+02 3.100e+01
|        ( - -2.040e+03 1 0)
|        ( QUESTION2_9_L -1 -4.586e+03 2.256e+02 2.100e+01
|            ( QUESTION0_0_R 1 -4.126e+03 1.121e+02 1.900e+01
|                ( - -1.208e+03 1 0)
|                ( - -2.806e+03 3 0))
|            ( - -2.336e+02 1 0))))
s>    ( WDBNDRY_B 0 -1.331e+04 1.877e+02 6.130e+01
s>        ( - -6.336e+03 2 0)
s>        ( QUESTION2 -1 -6.783e+03 1.572e+02 3.100e+01
s>            ( - -2.040e+03 1 0)
s>            ( QUESTION2_9_L -1 -4.586e+03 2.256e+02 2.100e+01
s>                ( QUESTION0_0_R 1 -4.126e+03 1.121e+02 1.900e+01
s>                    ( - -1.208e+03 1 0)
s>                    ( - -2.806e+03 3 0))
s>                ( - -2.336e+02 1 0))))INFO: dtree.c(1315): Comp split 47
INFO: dtree.c(1439): stop. leaf nodes are specific
INFO: dtree.c(1478): Final simple tree
|( QUESTION2_15_L -1 -1.101e+04 2.016e+02 5.094e+01
|    ( - -2.246e+03 1 0)
|    ( QUESTION0 -1 -8.565e+03 1.971e+02 3.993e+01
|        ( - -1.774e+03 1 0)
|        ( QUESTION0_18_R 1 -6.593e+03 1.910e+02 3.093e+01
|            ( - -4.720e+02 1 0)
|            ( WDBNDRY_B 0 -5.930e+03 1.459e+02 2.793e+01
|                ( - -3.222e+03 2 0)
|                ( - -2.562e+03 1 0)))))
s>    ( QUESTION2_15_L -1 -1.101e+04 2.016e+02 5.094e+01
s>        ( - -2.246e+03 1 0)
s>        ( QUESTION0 -1 -8.565e+03 1.971e+02 3.993e+01
s>            ( - -1.774e+03 1 0)
s>            ( QUESTION0_18_R 1 -6.593e+03 1.910e+02 3.093e+01
s>                ( - -4.720e+02 1 0)
s>                ( WDBNDRY_B 0 -5.930e+03 1.459e+02 2.793e+01
s>                    ( - -3.222e+03 2 0)
s>                    ( - -2.562e+03 1 0)))))INFO: dtree.c(1315): Comp split 48
INFO: dtree.c(1439): stop. leaf nodes are specific
INFO: dtree.c(1478): Final simple tree
|( WDBNDRY_B 0 -7.122e+03 1.679e+02 3.572e+01
|    ( - -5.797e+03 1 0)
|    ( - -1.157e+03 1 0))
s>    ( WDBNDRY_B 0 -7.122e+03 1.679e+02 3.572e+01
s>        ( - -5.797e+03 1 0)
s>        ( - -1.157e+03 1 0))INFO: dtree.c(1439): stop. leaf nodes are specific
INFO: dtree.c(1478): Final simple tree
|( QUESTION0 1 -5.837e+04 2.150e+02 2.763e+02
|    ( SILENCE -1 -2.195e+04 1.283e+02 1.026e+02
|        ( - -9.875e+03 4 0)
|        ( QUESTION2_13_L -1 -1.194e+04 1.191e+02 5.646e+01
|            ( - -4.718e+03 2 0)
|            ( - -7.105e+03 3 0)))
|    ( QUESTION0_0_R 1 -3.621e+04 1.708e+02 1.737e+02
|        ( - -4.894e+02 1 0)
|        ( SILENCE -1 -3.555e+04 1.055e+02 1.707e+02
|            ( - -3.354e+04 2 0)
|            ( - -1.896e+03 2 0))))
s>    ( QUESTION0 1 -5.837e+04 2.150e+02 2.763e+02
s>        ( SILENCE -1 -2.195e+04 1.283e+02 1.026e+02
s>            ( - -9.875e+03 4 0)
s>            ( QUESTION2_13_L -1 -1.194e+04 1.191e+02 5.646e+01
s>                ( - -4.718e+03 2 0)
s>                ( - -7.105e+03 3 0)))
s>        ( QUESTION0_0_R 1 -3.621e+04 1.708e+02 1.737e+02
s>            ( - -4.894e+02 1 0)
s>            ( SILENCE -1 -3.555e+04 1.055e+02 1.707e+02
s>                ( - -3.354e+04 2 0)
s>                ( - -1.896e+03 2 0))))INFO: dtree.c(1315): Comp split 49
INFO: dtree.c(1439): stop. leaf nodes are specific
INFO: dtree.c(1478): Final simple tree
|( QUESTION0_1_R 1 -5.759e+04 1.342e+02 2.746e+02
|    ( - -3.869e+03 1 0)
|    ( - -5.358e+04 3 0))
s>    ( QUESTION0_1_R 1 -5.759e+04 1.342e+02 2.746e+02
s>        ( - -3.869e+03 1 0)
s>        ( - -5.358e+04 3 0))INFO: dtree.c(1315): Comp split 50
INFO: dtree.c(1315): Comp split 51
INFO: dtree.c(1315): Comp split 52
INFO: dtree.c(1315): Comp split 53
INFO: dtree.c(1315): Comp split 54
INFO: dtree.c(1439): stop. leaf nodes are specific
INFO: dtree.c(1478): Final simple tree
|( QUESTION7 -1 -1.662e+04 1.771e+02 7.897e+01
|    ( - -4.225e+03 2 0)
|    ( WDBNDRY_B 0 -1.222e+04 1.724e+02 5.797e+01
|        ( - -5.852e+03 4 0)
|        ( - -6.191e+03 1 0)))
s>    ( QUESTION7 -1 -1.662e+04 1.771e+02 7.897e+01
s>        ( - -4.225e+03 2 0)
s>        ( WDBNDRY_B 0 -1.222e+04 1.724e+02 5.797e+01
s>            ( - -5.852e+03 4 0)
s>            ( - -6.191e+03 1 0)))INFO: dtree.c(1315): Comp split 55
INFO: dtree.c(1315): Comp split 56
INFO: dtree.c(1439): stop. leaf nodes are specific
INFO: dtree.c(1478): Final simple tree
|( QUESTION0 1 -5.161e+04 1.824e+02 2.508e+02
|    ( - -2.808e+04 10 0)
|    ( QUESTION0_0_R 1 -2.334e+04 1.469e+02 1.142e+02
|        ( - -1.323e+03 1 0)
|        ( - -2.187e+04 7 0)))
s>    ( QUESTION0 1 -5.161e+04 1.824e+02 2.508e+02
s>        ( - -2.808e+04 10 0)
s>        ( QUESTION0_0_R 1 -2.334e+04 1.469e+02 1.142e+02
s>            ( - -1.323e+03 1 0)
s>            ( - -2.187e+04 7 0)))INFO: dtree.c(1315): Comp split 57
INFO: dtree.c(1439): stop. leaf nodes are specific
INFO: dtree.c(1478): Final simple tree
|( WDBNDRY_B 0 -1.285e+04 1.903e+02 5.930e+01
|    ( - -6.336e+03 2 0)
|    ( QUESTION2 -1 -6.322e+03 1.551e+02 2.900e+01
|        ( - -2.040e+03 1 0)
|        ( QUESTION0_0_R 1 -4.126e+03 1.121e+02 1.900e+01
|            ( - -1.208e+03 1 0)
|            ( - -2.806e+03 3 0))))
s>    ( WDBNDRY_B 0 -1.285e+04 1.903e+02 5.930e+01
s>        ( - -6.336e+03 2 0)
s>        ( QUESTION2 -1 -6.322e+03 1.551e+02 2.900e+01
s>            ( - -2.040e+03 1 0)
s>            ( QUESTION0_0_R 1 -4.126e+03 1.121e+02 1.900e+01
s>                ( - -1.208e+03 1 0)
s>                ( - -2.806e+03 3 0))))INFO: dtree.c(1315): Comp split 58
INFO: dtree.c(1439): stop. leaf nodes are specific
INFO: dtree.c(1478): Final simple tree
|( SILENCE -1 -3.555e+04 1.055e+02 1.707e+02
|    ( - -3.354e+04 2 0)
|    ( - -1.896e+03 2 0))
s>    ( SILENCE -1 -3.555e+04 1.055e+02 1.707e+02
s>        ( - -3.354e+04 2 0)
s>        ( - -1.896e+03 2 0))INFO: dtree.c(1439): stop. leaf nodes are specific
INFO: dtree.c(1478): Final simple tree
|( QUESTION0_0_R 1 -2.260e+04 1.651e+02 1.056e+02
|    ( - -4.894e+02 1 0)
|    ( SILENCE -1 -2.195e+04 1.283e+02 1.026e+02
|        ( - -9.875e+03 4 0)
|        ( QUESTION2_13_L -1 -1.194e+04 1.191e+02 5.646e+01
|            ( - -4.718e+03 2 0)
|            ( - -7.105e+03 3 0))))
s>    ( QUESTION0_0_R 1 -2.260e+04 1.651e+02 1.056e+02
s>        ( - -4.894e+02 1 0)
s>        ( SILENCE -1 -2.195e+04 1.283e+02 1.026e+02
s>            ( - -9.875e+03 4 0)
s>            ( QUESTION2_13_L -1 -1.194e+04 1.191e+02 5.646e+01
s>                ( - -4.718e+03 2 0)
s>                ( - -7.105e+03 3 0))))INFO: dtree.c(1315): Comp split 59
INFO: dtree.c(1315): Comp split 60
INFO: dtree.c(1439): stop. leaf nodes are specific
INFO: dtree.c(1478): Final simple tree
|( QUESTION0 -1 -8.565e+03 1.971e+02 3.993e+01
|    ( - -1.774e+03 1 0)
|    ( QUESTION0_18_R 1 -6.593e+03 1.910e+02 3.093e+01
|        ( - -4.720e+02 1 0)
|        ( WDBNDRY_B 0 -5.930e+03 1.459e+02 2.793e+01
|            ( - -3.222e+03 2 0)
|            ( - -2.562e+03 1 0))))
s>    ( QUESTION0 -1 -8.565e+03 1.971e+02 3.993e+01
s>        ( - -1.774e+03 1 0)
s>        ( QUESTION0_18_R 1 -6.593e+03 1.910e+02 3.093e+01
s>            ( - -4.720e+02 1 0)
s>            ( WDBNDRY_B 0 -5.930e+03 1.459e+02 2.793e+01
s>                ( - -3.222e+03 2 0)
s>                ( - -2.562e+03 1 0))))INFO: dtree.c(1315): Comp split 61
INFO: dtree.c(1439): stop. leaf nodes are specific
INFO: dtree.c(1478): Final simple tree
|( QUESTION5 -1 -2.471e+04 1.774e+02 1.187e+02
|    ( - -2.407e+04 2 0)
|    ( - -4.619e+02 1 0))
s>    ( QUESTION5 -1 -2.471e+04 1.774e+02 1.187e+02
s>        ( - -2.407e+04 2 0)
s>        ( - -4.619e+02 1 0))INFO: dtree.c(1315): Comp split 62
INFO: dtree.c(1439): stop. leaf nodes are specific
INFO: dtree.c(1478): Final simple tree
|( QUESTION0_18_R 1 -6.593e+03 1.910e+02 3.093e+01
|    ( - -4.720e+02 1 0)
|    ( WDBNDRY_B 0 -5.930e+03 1.459e+02 2.793e+01
|        ( - -3.222e+03 2 0)
|        ( - -2.562e+03 1 0)))
s>    ( QUESTION0_18_R 1 -6.593e+03 1.910e+02 3.093e+01
s>        ( - -4.720e+02 1 0)
s>        ( WDBNDRY_B 0 -5.930e+03 1.459e+02 2.793e+01
s>            ( - -3.222e+03 2 0)
s>            ( - -2.562e+03 1 0)))INFO: dtree.c(1315): Comp split 63
INFO: dtree.c(1439): stop. leaf nodes are specific
INFO: dtree.c(1478): Final simple tree
|( QUESTION2 1 -6.106e+04 1.411e+02 2.825e+02
|    ( - -5.909e+04 2 0)
|    ( - -1.838e+03 1 0))
s>    ( QUESTION2 1 -6.106e+04 1.411e+02 2.825e+02
s>        ( - -5.909e+04 2 0)
s>        ( - -1.838e+03 1 0))INFO: dtree.c(1315): Comp split 64
INFO: dtree.c(1439): stop. leaf nodes are specific
INFO: dtree.c(1478): Final simple tree
|( QUESTION0 1 -1.641e+04 1.732e+02 7.505e+01
|    ( QUESTION2_9_L -1 -1.570e+04 1.727e+02 7.205e+01
|        ( - -1.463e+04 4 0)
|        ( - -8.909e+02 1 0))
|    ( - -5.426e+02 1 0))
s>    ( QUESTION0 1 -1.641e+04 1.732e+02 7.505e+01
s>        ( QUESTION2_9_L -1 -1.570e+04 1.727e+02 7.205e+01
s>            ( - -1.463e+04 4 0)
s>            ( - -8.909e+02 1 0))
s>        ( - -5.426e+02 1 0))INFO: dtree.c(1315): Comp split 65
INFO: dtree.c(1439): stop. leaf nodes are specific
INFO: dtree.c(1478): Final simple tree
|( WDBNDRY_B 0 -5.930e+03 1.459e+02 2.793e+01
|    ( - -3.222e+03 2 0)
|    ( - -2.562e+03 1 0))
s>    ( WDBNDRY_B 0 -5.930e+03 1.459e+02 2.793e+01
s>        ( - -3.222e+03 2 0)
s>        ( - -2.562e+03 1 0))INFO: dtree.c(1315): Comp split 66
INFO: dtree.c(1439): stop. leaf nodes are specific
INFO: dtree.c(1478): Final simple tree
|( QUESTION2 -1 -6.322e+03 1.551e+02 2.900e+01
|    ( - -2.040e+03 1 0)
|    ( QUESTION0_0_R 1 -4.126e+03 1.121e+02 1.900e+01
|        ( - -1.208e+03 1 0)
|        ( - -2.806e+03 3 0)))
s>    ( QUESTION2 -1 -6.322e+03 1.551e+02 2.900e+01
s>        ( - -2.040e+03 1 0)
s>        ( QUESTION0_0_R 1 -4.126e+03 1.121e+02 1.900e+01
s>            ( - -1.208e+03 1 0)
s>            ( - -2.806e+03 3 0)))INFO: dtree.c(1315): Comp split 67
INFO: dtree.c(1439): stop. leaf nodes are specific
INFO: dtree.c(1478): Final simple tree
|( WDBNDRY_E 0 -1.334e+04 1.642e+02 6.248e+01
|    ( - -1.182e+04 1 0)
|    ( - -1.356e+03 1 0))
s>    ( WDBNDRY_E 0 -1.334e+04 1.642e+02 6.248e+01
s>        ( - -1.182e+04 1 0)
s>        ( - -1.356e+03 1 0))INFO: dtree.c(1439): stop. leaf nodes are specific
INFO: dtree.c(1478): Final simple tree
|( QUESTION0_10_R 1 -1.138e+04 1.464e+02 5.347e+01
|    ( - -4.923e+02 1 0)
|    ( - -1.074e+04 2 0))
s>    ( QUESTION0_10_R 1 -1.138e+04 1.464e+02 5.347e+01
s>        ( - -4.923e+02 1 0)
s>        ( - -1.074e+04 2 0))INFO: dtree.c(1315): Comp split 68
INFO: dtree.c(1315): Comp split 69
INFO: dtree.c(1315): Comp split 70
INFO: dtree.c(1439): stop. leaf nodes are specific
INFO: dtree.c(1478): Final simple tree
|( QUESTION0_0_R 1 -2.955e+04 1.450e+02 1.435e+02
|    ( - -1.323e+03 1 0)
|    ( - -2.808e+04 10 0))
s>    ( QUESTION0_0_R 1 -2.955e+04 1.450e+02 1.435e+02
s>        ( - -1.323e+03 1 0)
s>        ( - -2.808e+04 10 0))INFO: dtree.c(1315): Comp split 71
INFO: dtree.c(1478): Final simple tree
|( QUESTION15 -1 -1.542e+04 1.733e+02 7.343e+01
|    ( - -4.691e+02 1 0)
|    ( QUESTION2_9_L -1 -1.477e+04 1.602e+02 7.043e+01
|        ( - -6.997e+02 1 0)
|        ( WDBNDRY_B 0 -1.391e+04 1.406e+02 6.643e+01
|            ( QUESTION11 -1 -1.248e+04 1.326e+02 5.943e+01
|                ( - -4.705e+02 1 0)
|                ( QUESTION18 -1 -1.187e+04 1.324e+02 5.643e+01
|                    ( QUESTION0 1 -6.933e+03 1.382e+02 3.415e+01
|                        ( - -1.562e+03 2 0)
|                        ( - -5.233e+03 1 0))
|                    ( QUESTION0 1 -4.808e+03 1.107e+02 2.227e+01
|                        ( - -1.619e+03 2 0)
|                        ( - -3.079e+03 1 0))))
|            ( - -1.297e+03 1 0))))
s>    ( QUESTION15 -1 -1.542e+04 1.733e+02 7.343e+01
s>        ( - -4.691e+02 1 0)
s>        ( QUESTION2_9_L -1 -1.477e+04 1.602e+02 7.043e+01
s>            ( - -6.997e+02 1 0)
s>            ( WDBNDRY_B 0 -1.391e+04 1.406e+02 6.643e+01
s>                ( QUESTION11 -1 -1.248e+04 1.326e+02 5.943e+01
s>                    ( - -4.705e+02 1 0)
s>                    ( QUESTION18 -1 -1.187e+04 1.324e+02 5.643e+01
s>                        ( QUESTION0 1 -6.933e+03 1.382e+02 3.415e+01
s>                            ( - -1.562e+03 2 0)
s>                            ( - -5.233e+03 1 0))
s>                        ( QUESTION0 1 -4.808e+03 1.107e+02 2.227e+01
s>                            ( - -1.619e+03 2 0)
s>                            ( - -3.079e+03 1 0))))
s>                ( - -1.297e+03 1 0))))INFO: dtree.c(1315): Comp split 72
INFO: dtree.c(1315): Comp split 73
INFO: dtree.c(1315): Comp split 74
INFO: dtree.c(1439): stop. leaf nodes are specific
INFO: dtree.c(1478): Final simple tree
|( WDBNDRY_B 0 -1.222e+04 1.724e+02 5.797e+01
|    ( - -5.852e+03 4 0)
|    ( - -6.191e+03 1 0))
s>    ( WDBNDRY_B 0 -1.222e+04 1.724e+02 5.797e+01
s>        ( - -5.852e+03 4 0)
s>        ( - -6.191e+03 1 0))INFO: dtree.c(1315): Comp split 75
INFO: dtree.c(1439): stop. leaf nodes are specific
INFO: dtree.c(1478): Final simple tree
|( QUESTION2_9_L -1 -1.477e+04 1.602e+02 7.043e+01
|    ( - -6.997e+02 1 0)
|    ( WDBNDRY_B 0 -1.391e+04 1.406e+02 6.643e+01
|        ( QUESTION11 -1 -1.248e+04 1.326e+02 5.943e+01
|            ( - -4.705e+02 1 0)
|            ( QUESTION18 -1 -1.187e+04 1.324e+02 5.643e+01
|                ( QUESTION0 1 -6.933e+03 1.382e+02 3.415e+01
|                    ( - -1.562e+03 2 0)
|                    ( - -5.233e+03 1 0))
|                ( QUESTION0 1 -4.808e+03 1.107e+02 2.227e+01
|                    ( - -1.619e+03 2 0)
|                    ( - -3.079e+03 1 0))))
|        ( - -1.297e+03 1 0)))
s>    ( QUESTION2_9_L -1 -1.477e+04 1.602e+02 7.043e+01
s>        ( - -6.997e+02 1 0)
s>        ( WDBNDRY_B 0 -1.391e+04 1.406e+02 6.643e+01
s>            ( QUESTION11 -1 -1.248e+04 1.326e+02 5.943e+01
s>                ( - -4.705e+02 1 0)
s>                ( QUESTION18 -1 -1.187e+04 1.324e+02 5.643e+01
s>                    ( QUESTION0 1 -6.933e+03 1.382e+02 3.415e+01
s>                        ( - -1.562e+03 2 0)
s>                        ( - -5.233e+03 1 0))
s>                    ( QUESTION0 1 -4.808e+03 1.107e+02 2.227e+01
s>                        ( - -1.619e+03 2 0)
s>                        ( - -3.079e+03 1 0))))
s>            ( - -1.297e+03 1 0)))INFO: dtree.c(1315): Comp split 76
INFO: dtree.c(1439): stop. leaf nodes are specific
INFO: dtree.c(1478): Final simple tree
|( QUESTION2_9_L -1 -1.570e+04 1.727e+02 7.205e+01
|    ( - -1.463e+04 4 0)
|    ( - -8.909e+02 1 0))
s>    ( QUESTION2_9_L -1 -1.570e+04 1.727e+02 7.205e+01
s>        ( - -1.463e+04 4 0)
s>        ( - -8.909e+02 1 0))INFO: dtree.c(1315): Comp split 77
INFO: dtree.c(1315): Comp split 78
INFO: dtree.c(1315): Comp split 79
INFO: dtree.c(1315): Comp split 80
INFO: dtree.c(1439): stop. leaf nodes are specific
INFO: dtree.c(1478): Final simple tree
|( SILENCE -1 -2.195e+04 1.283e+02 1.026e+02
|    ( - -9.875e+03 4 0)
|    ( QUESTION2_13_L -1 -1.194e+04 1.191e+02 5.646e+01
|        ( - -4.718e+03 2 0)
|        ( - -7.105e+03 3 0)))
s>    ( SILENCE -1 -2.195e+04 1.283e+02 1.026e+02
s>        ( - -9.875e+03 4 0)
s>        ( QUESTION2_13_L -1 -1.194e+04 1.191e+02 5.646e+01
s>            ( - -4.718e+03 2 0)
s>            ( - -7.105e+03 3 0)))INFO: dtree.c(1315): Comp split 81
INFO: dtree.c(1315): Comp split 82
INFO: dtree.c(1439): stop. leaf nodes are specific
INFO: dtree.c(1478): Final simple tree
|( QUESTION3 1 -1.156e+04 1.405e+02 5.543e+01
|    ( QUESTION18 -1 -8.437e+03 1.256e+02 4.043e+01
|        ( - -5.233e+03 1 0)
|        ( - -3.079e+03 1 0))
|    ( WDBNDRY_B 0 -2.984e+03 1.249e+02 1.500e+01
|        ( - -1.562e+03 2 0)
|        ( - -1.297e+03 1 0)))
s>    ( QUESTION3 1 -1.156e+04 1.405e+02 5.543e+01
s>        ( QUESTION18 -1 -8.437e+03 1.256e+02 4.043e+01
s>            ( - -5.233e+03 1 0)
s>            ( - -3.079e+03 1 0))
s>        ( WDBNDRY_B 0 -2.984e+03 1.249e+02 1.500e+01
s>            ( - -1.562e+03 2 0)
s>            ( - -1.297e+03 1 0)))INFO: dtree.c(1439): stop. leaf nodes are specific
INFO: dtree.c(1478): Final simple tree
|( WDBNDRY_B 0 -3.051e+03 1.349e+02 1.500e+01
|    ( QUESTION11 -1 -2.216e+03 1.272e+02 1.100e+01
|        ( - -4.705e+02 1 0)
|        ( - -1.619e+03 2 0))
|    ( - -6.997e+02 1 0))
s>    ( WDBNDRY_B 0 -3.051e+03 1.349e+02 1.500e+01
s>        ( QUESTION11 -1 -2.216e+03 1.272e+02 1.100e+01
s>            ( - -4.705e+02 1 0)
s>            ( - -1.619e+03 2 0))
s>        ( - -6.997e+02 1 0))INFO: dtree.c(1315): Comp split 83
INFO: dtree.c(1439): stop. leaf nodes are specific
INFO: dtree.c(1478): Final simple tree
|( QUESTION0_0_R 1 -4.126e+03 1.121e+02 1.900e+01
|    ( - -1.208e+03 1 0)
|    ( - -2.806e+03 3 0))
s>    ( QUESTION0_0_R 1 -4.126e+03 1.121e+02 1.900e+01
s>        ( - -1.208e+03 1 0)
s>        ( - -2.806e+03 3 0))INFO: dtree.c(1315): Comp split 84
INFO: dtree.c(1315): Comp split 85
INFO: dtree.c(1315): Comp split 86
INFO: dtree.c(1315): Comp split 87
INFO: dtree.c(1315): Comp split 88
INFO: dtree.c(1315): Comp split 89
INFO: dtree.c(1439): stop. leaf nodes are specific
INFO: dtree.c(1478): Final simple tree
|( WDBNDRY_B 0 -2.984e+03 1.249e+02 1.500e+01
|    ( - -1.562e+03 2 0)
|    ( - -1.297e+03 1 0))
s>    ( WDBNDRY_B 0 -2.984e+03 1.249e+02 1.500e+01
s>        ( - -1.562e+03 2 0)
s>        ( - -1.297e+03 1 0))INFO: dtree.c(1439): stop. leaf nodes are specific
INFO: dtree.c(1478): Final simple tree
|( QUESTION18 -1 -8.437e+03 1.256e+02 4.043e+01
|    ( - -5.233e+03 1 0)
|    ( - -3.079e+03 1 0))
s>    ( QUESTION18 -1 -8.437e+03 1.256e+02 4.043e+01
s>        ( - -5.233e+03 1 0)
s>        ( - -3.079e+03 1 0))INFO: dtree.c(1315): Comp split 90
INFO: dtree.c(1439): stop. leaf nodes are specific
INFO: dtree.c(1478): Final simple tree
|( QUESTION11 -1 -2.216e+03 1.272e+02 1.100e+01
|    ( - -4.705e+02 1 0)
|    ( - -1.619e+03 2 0))
s>    ( QUESTION11 -1 -2.216e+03 1.272e+02 1.100e+01
s>        ( - -4.705e+02 1 0)
s>        ( - -1.619e+03 2 0))INFO: dtree.c(1315): Comp split 91
INFO: dtree.c(1439): stop. leaf nodes are specific
INFO: dtree.c(1478): Final simple tree
|( SILENCE -1 -1.471e+04 1.131e+02 6.775e+01
|    ( - -9.875e+03 4 0)
|    ( - -4.718e+03 2 0))
s>    ( SILENCE -1 -1.471e+04 1.131e+02 6.775e+01
s>        ( - -9.875e+03 4 0)
s>        ( - -4.718e+03 2 0))INFO: dtree.c(1315): Comp split 92
INFO: dtree.c(1315): Comp split 93
INFO: dtree.c(1315): Comp split 94
INFO: dtree.c(1315): Comp split 95
INFO: dtree.c(1315): Comp split 96
INFO: dtree.c(1315): Comp split 97
INFO: dtree.c(1315): Comp split 98
INFO: dtree.c(1315): Comp split 99
INFO: dtree.c(1315): Comp split 100
INFO: dtree.c(1315): Comp split 101
INFO: dtree.c(1318): stop. leaf nodes are specific
Tue Apr  4 21:12:51 2023
