Current configuration:
[NAME]		[DEFLT]	[VALUE]
-allphones	no	no
-cntthresh	0.00001	1.000000e-05
-csplitmax	100	2000
-csplitmin	1	1
-csplitthr	8e-4	0.000000e+00
-example	no	no
-fullvar	no	no
-help		no	no
-meanfn			/home/lucija/Documents/Zadnji semestar/ROGJ/Prezentacije/CMUspinx/tutorial14/model_parameters/my_db.cd_cont_untied/means
-mixwfn			/home/lucija/Documents/Zadnji semestar/ROGJ/Prezentacije/CMUspinx/tutorial14/model_parameters/my_db.cd_cont_untied/mixture_weights
-moddeffn		/home/lucija/Documents/Zadnji semestar/ROGJ/Prezentacije/CMUspinx/tutorial14/model_architecture/my_db.untied.mdef
-mwfloor	1e-4	1.000000e-08
-phone			š
-psetfn			/home/lucija/Documents/Zadnji semestar/ROGJ/Prezentacije/CMUspinx/tutorial14/model_architecture/my_db.tree_questions
-ssplitmax	5	7
-ssplitmin	1	1
-ssplitthr	8e-4	0.000000e+00
-state			1
-stwt			1.0,0.05,0.0,
-treefn			/home/lucija/Documents/Zadnji semestar/ROGJ/Prezentacije/CMUspinx/tutorial14/trees/my_db.unpruned/š-1.dtree
-ts2cbfn	.semi.	.cont.
-varfloor	0.00001	1.000000e-05
-varfn			/home/lucija/Documents/Zadnji semestar/ROGJ/Prezentacije/CMUspinx/tutorial14/model_parameters/my_db.cd_cont_untied/variances

INFO: main.c(223): Reading: /home/lucija/Documents/Zadnji semestar/ROGJ/Prezentacije/CMUspinx/tutorial14/model_architecture/my_db.untied.mdef
INFO: model_def_io.c(573): Model definition info:
INFO: model_def_io.c(574): 14064 total models defined (32 base, 14032 tri)
INFO: model_def_io.c(575): 56256 total states
INFO: model_def_io.c(576): 42192 total tied states
INFO: model_def_io.c(577): 96 total tied CI states
INFO: model_def_io.c(578): 32 total tied transition matrices
INFO: model_def_io.c(579): 4 max state/model
INFO: model_def_io.c(580): 4 min state/model
INFO: main.c(242): Building trees for [š NOISE e b] through [š š e b]
INFO: main.c(268): Covering states |[41115 41846]| == 732
INFO: main.c(275): Reading: /home/lucija/Documents/Zadnji semestar/ROGJ/Prezentacije/CMUspinx/tutorial14/model_parameters/my_db.cd_cont_untied/mixture_weights
INFO: s3mixw_io.c(172): Read /home/lucija/Documents/Zadnji semestar/ROGJ/Prezentacije/CMUspinx/tutorial14/model_parameters/my_db.cd_cont_untied/mixture_weights [732x1x1 array]
INFO: main.c(311): 238 of 244 models have observation count greater than 0.000010
INFO: main.c(95): nrm stwt: 0.045 0.909 0.045 
INFO: s3gau_io.c(168): Read /home/lucija/Documents/Zadnji semestar/ROGJ/Prezentacije/CMUspinx/tutorial14/model_parameters/my_db.cd_cont_untied/means [42192x1x1 array]
INFO: s3gau_io.c(168): Read /home/lucija/Documents/Zadnji semestar/ROGJ/Prezentacije/CMUspinx/tutorial14/model_parameters/my_db.cd_cont_untied/variances [42192x1x1 array]
INFO: main.c(549): Reading: /home/lucija/Documents/Zadnji semestar/ROGJ/Prezentacije/CMUspinx/tutorial14/model_architecture/my_db.tree_questions
INFO: main.c(587): 176 total simple questions (168 phone; 8 word bndry)
INFO: main.c(589): 42 Left Only questions, and 42 Right Only questions
INFO: dtree.c(1478): Final simple tree
|( QUESTION0_0_R 1 -5.830e+06 2.780e+04 2.771e+04
|    ( QUESTION2_20_L -1 -2.075e+06 7.161e+03 9.643e+03
|        ( QUESTION0_13_R 1 -8.745e+05 2.636e+03 4.085e+03
|            ( - -6.110e+05 18 0 WDBNDRY_I 0 1.656e+03 2.858e+03)
|            ( - -2.609e+05 35 0 QUESTION2 1 8.676e+02 1.227e+03))
|        ( QUESTION2_16_L -1 -1.193e+06 3.282e+03 5.558e+03
|            ( - -5.360e+05 22 0 QUESTION0_19_R 1 1.531e+03 2.509e+03)
|            ( QUESTION0_10_R 1 -6.540e+05 1.921e+03 3.049e+03
|                ( - -4.459e+05 22 0 WDBNDRY_I 0 7.329e+02 2.058e+03)
|                ( - -2.062e+05 16 0 QUESTION0_1_R 1 7.051e+02 9.902e+02))))
|    ( QUESTION2_17_L -1 -3.727e+06 1.133e+04 1.807e+04
|        ( - -2.080e+06 28 0 WDBNDRY_I 0 8.844e+02 1.018e+04)
|        ( WDBNDRY_B 0 -1.636e+06 3.587e+03 7.888e+03
|            ( - -8.947e+05 48 0 QUESTION2_20_L -1 1.163e+03 4.341e+03)
|            ( - -7.378e+05 49 0 QUESTION2_15_L -1 1.201e+03 3.547e+03))))
s>    ( QUESTION0_0_R 1 -5.830e+06 2.780e+04 2.771e+04
s>        ( QUESTION2_20_L -1 -2.075e+06 7.161e+03 9.643e+03
s>            ( QUESTION0_13_R 1 -8.745e+05 2.636e+03 4.085e+03
s>                ( - -6.110e+05 18 0 WDBNDRY_I 0 1.656e+03 2.858e+03)
s>                ( - -2.609e+05 35 0 QUESTION2 1 8.676e+02 1.227e+03))
s>            ( QUESTION2_16_L -1 -1.193e+06 3.282e+03 5.558e+03
s>                ( - -5.360e+05 22 0 QUESTION0_19_R 1 1.531e+03 2.509e+03)
s>                ( QUESTION0_10_R 1 -6.540e+05 1.921e+03 3.049e+03
s>                    ( - -4.459e+05 22 0 WDBNDRY_I 0 7.329e+02 2.058e+03)
s>                    ( - -2.062e+05 16 0 QUESTION0_1_R 1 7.051e+02 9.902e+02))))
s>        ( QUESTION2_17_L -1 -3.727e+06 1.133e+04 1.807e+04
s>            ( - -2.080e+06 28 0 WDBNDRY_I 0 8.844e+02 1.018e+04)
s>            ( WDBNDRY_B 0 -1.636e+06 3.587e+03 7.888e+03
s>                ( - -8.947e+05 48 0 QUESTION2_20_L -1 1.163e+03 4.341e+03)
s>                ( - -7.378e+05 49 0 QUESTION2_15_L -1 1.201e+03 3.547e+03))))INFO: dtree.c(1315): Comp split 0
INFO: dtree.c(1478): Final simple tree
|( QUESTION2_20_L -1 -2.075e+06 7.161e+03 9.643e+03
|    ( QUESTION0_13_R 1 -8.745e+05 2.636e+03 4.085e+03
|        ( WDBNDRY_I 0 -6.110e+05 1.656e+03 2.858e+03
|            ( - -5.117e+05 6 0 QUESTION0 -1 2.103e+02 2.403e+03)
|            ( - -9.760e+04 12 0 QUESTION2 1 3.738e+02 4.557e+02))
|        ( QUESTION2 1 -2.609e+05 8.676e+02 1.227e+03
|            ( - -1.854e+05 18 0 QUESTION0_10_R 1 3.192e+02 8.826e+02)
|            ( - -7.463e+04 17 0 QUESTION16 1 3.590e+02 3.444e+02)))
|    ( QUESTION2_16_L -1 -1.193e+06 3.282e+03 5.558e+03
|        ( QUESTION0_19_R 1 -5.360e+05 1.531e+03 2.509e+03
|            ( - -3.774e+05 1 0)
|            ( - -1.570e+05 21 0 QUESTION0_10_R 1 3.037e+02 7.247e+02))
|        ( QUESTION0_10_R 1 -6.540e+05 1.921e+03 3.049e+03
|            ( - -4.459e+05 22 0 WDBNDRY_I 0 7.329e+02 2.058e+03)
|            ( - -2.062e+05 16 0 QUESTION0_1_R 1 7.051e+02 9.902e+02))))
s>    ( QUESTION2_20_L -1 -2.075e+06 7.161e+03 9.643e+03
s>        ( QUESTION0_13_R 1 -8.745e+05 2.636e+03 4.085e+03
s>            ( WDBNDRY_I 0 -6.110e+05 1.656e+03 2.858e+03
s>                ( - -5.117e+05 6 0 QUESTION0 -1 2.103e+02 2.403e+03)
s>                ( - -9.760e+04 12 0 QUESTION2 1 3.738e+02 4.557e+02))
s>            ( QUESTION2 1 -2.609e+05 8.676e+02 1.227e+03
s>                ( - -1.854e+05 18 0 QUESTION0_10_R 1 3.192e+02 8.826e+02)
s>                ( - -7.463e+04 17 0 QUESTION16 1 3.590e+02 3.444e+02)))
s>        ( QUESTION2_16_L -1 -1.193e+06 3.282e+03 5.558e+03
s>            ( QUESTION0_19_R 1 -5.360e+05 1.531e+03 2.509e+03
s>                ( - -3.774e+05 1 0)
s>                ( - -1.570e+05 21 0 QUESTION0_10_R 1 3.037e+02 7.247e+02))
s>            ( QUESTION0_10_R 1 -6.540e+05 1.921e+03 3.049e+03
s>                ( - -4.459e+05 22 0 WDBNDRY_I 0 7.329e+02 2.058e+03)
s>                ( - -2.062e+05 16 0 QUESTION0_1_R 1 7.051e+02 9.902e+02))))INFO: dtree.c(1478): Final simple tree
|( QUESTION2_17_L -1 -3.727e+06 1.133e+04 1.807e+04
|    ( WDBNDRY_I 0 -2.080e+06 8.844e+02 1.018e+04
|        ( - -1.869e+06 12 0 QUESTION2_18_L -1 3.809e+02 9.156e+03)
|        ( - -2.096e+05 16 0 QUESTION2_18_L -1 4.608e+02 1.023e+03))
|    ( WDBNDRY_B 0 -1.636e+06 3.587e+03 7.888e+03
|        ( QUESTION2_20_L -1 -8.947e+05 1.163e+03 4.341e+03
|            ( - -4.209e+05 21 0 QUESTION0 -1 7.997e+02 2.045e+03)
|            ( QUESTION0 -1 -4.727e+05 8.553e+02 2.296e+03
|                ( - -1.600e+05 5 0 QUESTION0 1 1.458e+02 7.841e+02)
|                ( - -3.118e+05 22 0 QUESTION2_10_L -1 6.042e+02 1.512e+03)))
|        ( QUESTION2_15_L -1 -7.378e+05 1.201e+03 3.547e+03
|            ( - -2.200e+05 9 0 QUESTION1 1 3.103e+02 1.062e+03)
|            ( QUESTION0 1 -5.166e+05 1.086e+03 2.484e+03
|                ( - -4.652e+05 34 0 QUESTION0 -1 7.749e+02 2.241e+03)
|                ( - -5.034e+04 6 0 WDBNDRY_E 0 5.879e+02 2.434e+02)))))
s>    ( QUESTION2_17_L -1 -3.727e+06 1.133e+04 1.807e+04
s>        ( WDBNDRY_I 0 -2.080e+06 8.844e+02 1.018e+04
s>            ( - -1.869e+06 12 0 QUESTION2_18_L -1 3.809e+02 9.156e+03)
s>            ( - -2.096e+05 16 0 QUESTION2_18_L -1 4.608e+02 1.023e+03))
s>        ( WDBNDRY_B 0 -1.636e+06 3.587e+03 7.888e+03
s>            ( QUESTION2_20_L -1 -8.947e+05 1.163e+03 4.341e+03
s>                ( - -4.209e+05 21 0 QUESTION0 -1 7.997e+02 2.045e+03)
s>                ( QUESTION0 -1 -4.727e+05 8.553e+02 2.296e+03
s>                    ( - -1.600e+05 5 0 QUESTION0 1 1.458e+02 7.841e+02)
s>                    ( - -3.118e+05 22 0 QUESTION2_10_L -1 6.042e+02 1.512e+03)))
s>            ( QUESTION2_15_L -1 -7.378e+05 1.201e+03 3.547e+03
s>                ( - -2.200e+05 9 0 QUESTION1 1 3.103e+02 1.062e+03)
s>                ( QUESTION0 1 -5.166e+05 1.086e+03 2.484e+03
s>                    ( - -4.652e+05 34 0 QUESTION0 -1 7.749e+02 2.241e+03)
s>                    ( - -5.034e+04 6 0 WDBNDRY_E 0 5.879e+02 2.434e+02)))))INFO: dtree.c(1315): Comp split 1
INFO: dtree.c(1478): Final simple tree
|( WDBNDRY_B 0 -1.636e+06 3.587e+03 7.888e+03
|    ( QUESTION2_20_L -1 -8.947e+05 1.163e+03 4.341e+03
|        ( QUESTION0 -1 -4.209e+05 7.997e+02 2.045e+03
|            ( - -3.092e+05 9 0 QUESTION0 1 1.930e+02 1.498e+03)
|            ( - -1.109e+05 12 0 QUESTION0 1 2.169e+02 5.471e+02))
|        ( QUESTION0 -1 -4.727e+05 8.553e+02 2.296e+03
|            ( - -1.600e+05 5 0 QUESTION0 1 1.458e+02 7.841e+02)
|            ( - -3.118e+05 22 0 QUESTION2_10_L -1 6.042e+02 1.512e+03)))
|    ( QUESTION2_15_L -1 -7.378e+05 1.201e+03 3.547e+03
|        ( - -2.200e+05 9 0 QUESTION1 1 3.103e+02 1.062e+03)
|        ( QUESTION0 1 -5.166e+05 1.086e+03 2.484e+03
|            ( QUESTION0 -1 -4.652e+05 7.749e+02 2.241e+03
|                ( - -3.010e+05 16 0 WDBNDRY_E 0 3.173e+02 1.443e+03)
|                ( - -1.634e+05 18 0 QUESTION2_13_L -1 3.049e+02 7.983e+02))
|            ( - -5.034e+04 6 0 WDBNDRY_E 0 5.879e+02 2.434e+02))))
s>    ( WDBNDRY_B 0 -1.636e+06 3.587e+03 7.888e+03
s>        ( QUESTION2_20_L -1 -8.947e+05 1.163e+03 4.341e+03
s>            ( QUESTION0 -1 -4.209e+05 7.997e+02 2.045e+03
s>                ( - -3.092e+05 9 0 QUESTION0 1 1.930e+02 1.498e+03)
s>                ( - -1.109e+05 12 0 QUESTION0 1 2.169e+02 5.471e+02))
s>            ( QUESTION0 -1 -4.727e+05 8.553e+02 2.296e+03
s>                ( - -1.600e+05 5 0 QUESTION0 1 1.458e+02 7.841e+02)
s>                ( - -3.118e+05 22 0 QUESTION2_10_L -1 6.042e+02 1.512e+03)))
s>        ( QUESTION2_15_L -1 -7.378e+05 1.201e+03 3.547e+03
s>            ( - -2.200e+05 9 0 QUESTION1 1 3.103e+02 1.062e+03)
s>            ( QUESTION0 1 -5.166e+05 1.086e+03 2.484e+03
s>                ( QUESTION0 -1 -4.652e+05 7.749e+02 2.241e+03
s>                    ( - -3.010e+05 16 0 WDBNDRY_E 0 3.173e+02 1.443e+03)
s>                    ( - -1.634e+05 18 0 QUESTION2_13_L -1 3.049e+02 7.983e+02))
s>                ( - -5.034e+04 6 0 WDBNDRY_E 0 5.879e+02 2.434e+02))))INFO: dtree.c(1478): Final simple tree
|( WDBNDRY_I 0 -2.080e+06 8.844e+02 1.018e+04
|    ( QUESTION2_18_L -1 -1.869e+06 3.809e+02 9.156e+03
|        ( QUESTION0 1 -1.833e+06 3.210e+02 8.978e+03
|            ( - -1.826e+06 9 0)
|            ( - -7.190e+03 1 0))
|        ( - -3.603e+04 2 0))
|    ( QUESTION2_18_L -1 -2.096e+05 4.608e+02 1.023e+03
|        ( SILENCE 1 -2.052e+05 3.214e+02 1.001e+03
|            ( - -7.092e+03 2 0)
|            ( WDBNDRY_B 0 -1.978e+05 2.328e+02 9.642e+02
|                ( - -1.953e+05 10 0 QUESTION0 1 1.162e+02 9.532e+02)
|                ( QUESTION0 1 -2.260e+03 1.918e+02 1.100e+01
|                    ( - -5.460e+02 1 0)
|                    ( - -1.522e+03 1 0))))
|        ( - -3.933e+03 2 0)))
s>    ( WDBNDRY_I 0 -2.080e+06 8.844e+02 1.018e+04
s>        ( QUESTION2_18_L -1 -1.869e+06 3.809e+02 9.156e+03
s>            ( QUESTION0 1 -1.833e+06 3.210e+02 8.978e+03
s>                ( - -1.826e+06 9 0)
s>                ( - -7.190e+03 1 0))
s>            ( - -3.603e+04 2 0))
s>        ( QUESTION2_18_L -1 -2.096e+05 4.608e+02 1.023e+03
s>            ( SILENCE 1 -2.052e+05 3.214e+02 1.001e+03
s>                ( - -7.092e+03 2 0)
s>                ( WDBNDRY_B 0 -1.978e+05 2.328e+02 9.642e+02
s>                    ( - -1.953e+05 10 0 QUESTION0 1 1.162e+02 9.532e+02)
s>                    ( QUESTION0 1 -2.260e+03 1.918e+02 1.100e+01
s>                        ( - -5.460e+02 1 0)
s>                        ( - -1.522e+03 1 0))))
s>            ( - -3.933e+03 2 0)))INFO: dtree.c(1315): Comp split 2
INFO: dtree.c(1439): stop. leaf nodes are specific
INFO: dtree.c(1478): Final simple tree
|( QUESTION0 -1 -5.117e+05 2.103e+02 2.403e+03
|    ( - -5.063e+05 4 0)
|    ( - -5.212e+03 2 0))
s>    ( QUESTION0 -1 -5.117e+05 2.103e+02 2.403e+03
s>        ( - -5.063e+05 4 0)
s>        ( - -5.212e+03 2 0))INFO: dtree.c(1478): Final simple tree
|( QUESTION2_18_L -1 -1.555e+06 3.839e+03 7.241e+03
|    ( QUESTION0_13_R 1 -6.213e+05 1.903e+03 2.900e+03
|        ( - -4.182e+05 9 0 WDBNDRY_I 0 5.228e+02 1.934e+03)
|        ( QUESTION0_14_R 1 -2.012e+05 6.835e+02 9.662e+02
|            ( - -1.440e+05 8 0 QUESTION0_19_R 1 1.898e+02 6.971e+02)
|            ( - -5.646e+04 5 0 QUESTION16 1 4.352e+02 2.691e+02)))
|    ( QUESTION2_16_L -1 -9.299e+05 2.423e+03 4.340e+03
|        ( QUESTION0_19_R 1 -5.360e+05 1.531e+03 2.509e+03
|            ( - -3.774e+05 1 0)
|            ( - -1.570e+05 21 0 QUESTION0_10_R 1 3.037e+02 7.247e+02))
|        ( QUESTION2 1 -3.915e+05 7.040e+02 1.831e+03
|            ( QUESTION0_13_R 1 -3.122e+05 7.344e+02 1.467e+03
|                ( - -1.192e+05 22 0 QUESTION2_20_L -1 3.055e+02 5.519e+02)
|                ( - -1.923e+05 23 0 QUESTION0 -1 3.172e+02 9.156e+02))
|            ( - -7.855e+04 18 0 QUESTION16 1 3.670e+02 3.634e+02))))
s>    ( QUESTION2_18_L -1 -1.555e+06 3.839e+03 7.241e+03
s>        ( QUESTION0_13_R 1 -6.213e+05 1.903e+03 2.900e+03
s>            ( - -4.182e+05 9 0 WDBNDRY_I 0 5.228e+02 1.934e+03)
s>            ( QUESTION0_14_R 1 -2.012e+05 6.835e+02 9.662e+02
s>                ( - -1.440e+05 8 0 QUESTION0_19_R 1 1.898e+02 6.971e+02)
s>                ( - -5.646e+04 5 0 QUESTION16 1 4.352e+02 2.691e+02)))
s>        ( QUESTION2_16_L -1 -9.299e+05 2.423e+03 4.340e+03
s>            ( QUESTION0_19_R 1 -5.360e+05 1.531e+03 2.509e+03
s>                ( - -3.774e+05 1 0)
s>                ( - -1.570e+05 21 0 QUESTION0_10_R 1 3.037e+02 7.247e+02))
s>            ( QUESTION2 1 -3.915e+05 7.040e+02 1.831e+03
s>                ( QUESTION0_13_R 1 -3.122e+05 7.344e+02 1.467e+03
s>                    ( - -1.192e+05 22 0 QUESTION2_20_L -1 3.055e+02 5.519e+02)
s>                    ( - -1.923e+05 23 0 QUESTION0 -1 3.172e+02 9.156e+02))
s>                ( - -7.855e+04 18 0 QUESTION16 1 3.670e+02 3.634e+02))))INFO: dtree.c(1315): Comp split 3
INFO: dtree.c(1478): Final simple tree
|( QUESTION2_16_L -1 -9.299e+05 2.423e+03 4.340e+03
|    ( QUESTION0_19_R 1 -5.360e+05 1.531e+03 2.509e+03
|        ( - -3.774e+05 1 0)
|        ( - -1.570e+05 21 0 QUESTION0_10_R 1 3.037e+02 7.247e+02))
|    ( QUESTION2 1 -3.915e+05 7.040e+02 1.831e+03
|        ( QUESTION0_13_R 1 -3.122e+05 7.344e+02 1.467e+03
|            ( - -1.192e+05 22 0 QUESTION2_20_L -1 3.055e+02 5.519e+02)
|            ( QUESTION0 -1 -1.923e+05 3.172e+02 9.156e+02
|                ( - -1.603e+05 16 0 QUESTION0_18_R 1 2.880e+02 7.619e+02)
|                ( - -3.176e+04 7 0 QUESTION0_17_R 1 2.290e+02 1.537e+02)))
|        ( QUESTION16 1 -7.855e+04 3.670e+02 3.634e+02
|            ( QUESTION0_1_R 1 -2.712e+04 3.486e+02 1.242e+02
|                ( - -2.321e+04 4 0 QUESTION17 1 2.398e+02 1.052e+02)
|                ( - -3.565e+03 1 0))
|            ( - -5.106e+04 13 0 QUESTION0 -1 2.254e+02 2.392e+02))))
s>    ( QUESTION2_16_L -1 -9.299e+05 2.423e+03 4.340e+03
s>        ( QUESTION0_19_R 1 -5.360e+05 1.531e+03 2.509e+03
s>            ( - -3.774e+05 1 0)
s>            ( - -1.570e+05 21 0 QUESTION0_10_R 1 3.037e+02 7.247e+02))
s>        ( QUESTION2 1 -3.915e+05 7.040e+02 1.831e+03
s>            ( QUESTION0_13_R 1 -3.122e+05 7.344e+02 1.467e+03
s>                ( - -1.192e+05 22 0 QUESTION2_20_L -1 3.055e+02 5.519e+02)
s>                ( QUESTION0 -1 -1.923e+05 3.172e+02 9.156e+02
s>                    ( - -1.603e+05 16 0 QUESTION0_18_R 1 2.880e+02 7.619e+02)
s>                    ( - -3.176e+04 7 0 QUESTION0_17_R 1 2.290e+02 1.537e+02)))
s>            ( QUESTION16 1 -7.855e+04 3.670e+02 3.634e+02
s>                ( QUESTION0_1_R 1 -2.712e+04 3.486e+02 1.242e+02
s>                    ( - -2.321e+04 4 0 QUESTION17 1 2.398e+02 1.052e+02)
s>                    ( - -3.565e+03 1 0))
s>                ( - -5.106e+04 13 0 QUESTION0 -1 2.254e+02 2.392e+02))))INFO: dtree.c(1478): Final simple tree
|( QUESTION0_13_R 1 -6.213e+05 1.903e+03 2.900e+03
|    ( WDBNDRY_I 0 -4.182e+05 5.228e+02 1.934e+03
|        ( - -3.695e+05 4 0)
|        ( WDBNDRY_B 0 -4.820e+04 1.818e+02 2.241e+02
|            ( - -4.449e+04 3 0)
|            ( - -3.534e+03 2 0)))
|    ( QUESTION0_14_R 1 -2.012e+05 6.835e+02 9.662e+02
|        ( QUESTION0_19_R 1 -1.440e+05 1.898e+02 6.971e+02
|            ( - -1.196e+05 3 0)
|            ( WDBNDRY_B 0 -2.429e+04 1.847e+02 1.163e+02
|                ( - -4.158e+03 2 0)
|                ( - -1.995e+04 3 0 WDBNDRY_E 0 1.419e+02 9.535e+01)))
|        ( QUESTION16 1 -5.646e+04 4.352e+02 2.691e+02
|            ( - 1.970e+02 1 0)
|            ( - -5.622e+04 4 0 WDBNDRY_B 0 1.550e+02 2.681e+02))))
s>    ( QUESTION0_13_R 1 -6.213e+05 1.903e+03 2.900e+03
s>        ( WDBNDRY_I 0 -4.182e+05 5.228e+02 1.934e+03
s>            ( - -3.695e+05 4 0)
s>            ( WDBNDRY_B 0 -4.820e+04 1.818e+02 2.241e+02
s>                ( - -4.449e+04 3 0)
s>                ( - -3.534e+03 2 0)))
s>        ( QUESTION0_14_R 1 -2.012e+05 6.835e+02 9.662e+02
s>            ( QUESTION0_19_R 1 -1.440e+05 1.898e+02 6.971e+02
s>                ( - -1.196e+05 3 0)
s>                ( WDBNDRY_B 0 -2.429e+04 1.847e+02 1.163e+02
s>                    ( - -4.158e+03 2 0)
s>                    ( - -1.995e+04 3 0 WDBNDRY_E 0 1.419e+02 9.535e+01)))
s>            ( QUESTION16 1 -5.646e+04 4.352e+02 2.691e+02
s>                ( - 1.970e+02 1 0)
s>                ( - -5.622e+04 4 0 WDBNDRY_B 0 1.550e+02 2.681e+02))))INFO: dtree.c(1315): Comp split 4
INFO: dtree.c(1478): Final simple tree
|( QUESTION2_15_L -1 -7.378e+05 1.201e+03 3.547e+03
|    ( QUESTION1 1 -2.200e+05 3.103e+02 1.062e+03
|        ( - -1.459e+04 1 0)
|        ( - -2.051e+05 8 0 SILENCE 1 1.914e+02 9.944e+02))
|    ( QUESTION0 1 -5.166e+05 1.086e+03 2.484e+03
|        ( QUESTION0 -1 -4.652e+05 7.749e+02 2.241e+03
|            ( WDBNDRY_E 0 -3.010e+05 3.173e+02 1.443e+03
|                ( - -7.448e+04 7 0)
|                ( - -2.262e+05 9 0))
|            ( - -1.634e+05 18 0 QUESTION2_13_L -1 3.049e+02 7.983e+02))
|        ( WDBNDRY_E 0 -5.034e+04 5.879e+02 2.434e+02
|            ( SILENCE 1 -1.389e+04 3.133e+02 7.187e+01
|                ( - -1.033e+04 3 0 QUESTION0 -1 1.734e+02 5.488e+01)
|                ( - -3.247e+03 1 0))
|            ( - -3.586e+04 2 0))))
s>    ( QUESTION2_15_L -1 -7.378e+05 1.201e+03 3.547e+03
s>        ( QUESTION1 1 -2.200e+05 3.103e+02 1.062e+03
s>            ( - -1.459e+04 1 0)
s>            ( - -2.051e+05 8 0 SILENCE 1 1.914e+02 9.944e+02))
s>        ( QUESTION0 1 -5.166e+05 1.086e+03 2.484e+03
s>            ( QUESTION0 -1 -4.652e+05 7.749e+02 2.241e+03
s>                ( WDBNDRY_E 0 -3.010e+05 3.173e+02 1.443e+03
s>                    ( - -7.448e+04 7 0)
s>                    ( - -2.262e+05 9 0))
s>                ( - -1.634e+05 18 0 QUESTION2_13_L -1 3.049e+02 7.983e+02))
s>            ( WDBNDRY_E 0 -5.034e+04 5.879e+02 2.434e+02
s>                ( SILENCE 1 -1.389e+04 3.133e+02 7.187e+01
s>                    ( - -1.033e+04 3 0 QUESTION0 -1 1.734e+02 5.488e+01)
s>                    ( - -3.247e+03 1 0))
s>                ( - -3.586e+04 2 0))))INFO: dtree.c(1478): Final simple tree
|( QUESTION2_20_L -1 -8.947e+05 1.163e+03 4.341e+03
|    ( QUESTION0 -1 -4.209e+05 7.997e+02 2.045e+03
|        ( - -3.092e+05 9 0 QUESTION0 1 1.930e+02 1.498e+03)
|        ( - -1.109e+05 12 0 QUESTION0 1 2.169e+02 5.471e+02))
|    ( QUESTION0 -1 -4.727e+05 8.553e+02 2.296e+03
|        ( - -1.600e+05 5 0 QUESTION0 1 1.458e+02 7.841e+02)
|        ( QUESTION2_10_L -1 -3.118e+05 6.042e+02 1.512e+03
|            ( QUESTION5 -1 -2.268e+05 3.449e+02 1.101e+03
|                ( - -7.276e+04 3 0 QUESTION6 -1 1.528e+02 3.523e+02)
|                ( - -1.537e+05 8 0 QUESTION2_13_L -1 2.822e+02 7.486e+02))
|            ( QUESTION16 -1 -8.440e+04 4.054e+02 4.109e+02
|                ( - -3.029e+04 3 0 QUESTION2_9_L -1 1.660e+02 1.465e+02)
|                ( SILENCE -1 -5.371e+04 3.351e+02 2.644e+02
|                    ( - -3.089e+04 4 0 QUESTION0 1 1.668e+02 1.509e+02)
|                    ( - -2.248e+04 4 0 QUESTION12 -1 2.406e+02 1.135e+02))))))
s>    ( QUESTION2_20_L -1 -8.947e+05 1.163e+03 4.341e+03
s>        ( QUESTION0 -1 -4.209e+05 7.997e+02 2.045e+03
s>            ( - -3.092e+05 9 0 QUESTION0 1 1.930e+02 1.498e+03)
s>            ( - -1.109e+05 12 0 QUESTION0 1 2.169e+02 5.471e+02))
s>        ( QUESTION0 -1 -4.727e+05 8.553e+02 2.296e+03
s>            ( - -1.600e+05 5 0 QUESTION0 1 1.458e+02 7.841e+02)
s>            ( QUESTION2_10_L -1 -3.118e+05 6.042e+02 1.512e+03
s>                ( QUESTION5 -1 -2.268e+05 3.449e+02 1.101e+03
s>                    ( - -7.276e+04 3 0 QUESTION6 -1 1.528e+02 3.523e+02)
s>                    ( - -1.537e+05 8 0 QUESTION2_13_L -1 2.822e+02 7.486e+02))
s>                ( QUESTION16 -1 -8.440e+04 4.054e+02 4.109e+02
s>                    ( - -3.029e+04 3 0 QUESTION2_9_L -1 1.660e+02 1.465e+02)
s>                    ( SILENCE -1 -5.371e+04 3.351e+02 2.644e+02
s>                        ( - -3.089e+04 4 0 QUESTION0 1 1.668e+02 1.509e+02)
s>                        ( - -2.248e+04 4 0 QUESTION12 -1 2.406e+02 1.135e+02))))))INFO: dtree.c(1315): Comp split 5
INFO: dtree.c(1478): Final simple tree
|( QUESTION0_19_R 1 -5.597e+05 1.522e+03 2.615e+03
|    ( - -3.774e+05 1 0)
|    ( QUESTION0_1_R 1 -1.808e+05 5.534e+02 8.299e+02
|        ( QUESTION2_15_L -1 -3.339e+04 2.446e+02 1.532e+02
|            ( QUESTION19 1 -9.941e+03 2.181e+02 4.800e+01
|                ( - -2.832e+03 1 0)
|                ( - -6.890e+03 3 0 WDBNDRY_E 0 1.318e+02 3.400e+01))
|            ( QUESTION17 1 -2.321e+04 2.398e+02 1.052e+02
|                ( - -5.241e+02 1 0)
|                ( WDBNDRY_E 0 -2.244e+04 2.021e+02 1.022e+02
|                    ( - -2.112e+04 2 0)
|                    ( - -1.121e+03 1 0))))
|        ( WDBNDRY_B 0 -1.468e+05 2.970e+02 6.767e+02
|            ( - -4.069e+04 7 0 QUESTION0_10_R 1 1.963e+02 1.870e+02)
|            ( - -1.058e+05 10 0 QUESTION0_10_R 1 2.017e+02 4.896e+02))))
s>    ( QUESTION0_19_R 1 -5.597e+05 1.522e+03 2.615e+03
s>        ( - -3.774e+05 1 0)
s>        ( QUESTION0_1_R 1 -1.808e+05 5.534e+02 8.299e+02
s>            ( QUESTION2_15_L -1 -3.339e+04 2.446e+02 1.532e+02
s>                ( QUESTION19 1 -9.941e+03 2.181e+02 4.800e+01
s>                    ( - -2.832e+03 1 0)
s>                    ( - -6.890e+03 3 0 WDBNDRY_E 0 1.318e+02 3.400e+01))
s>                ( QUESTION17 1 -2.321e+04 2.398e+02 1.052e+02
s>                    ( - -5.241e+02 1 0)
s>                    ( WDBNDRY_E 0 -2.244e+04 2.021e+02 1.022e+02
s>                        ( - -2.112e+04 2 0)
s>                        ( - -1.121e+03 1 0))))
s>            ( WDBNDRY_B 0 -1.468e+05 2.970e+02 6.767e+02
s>                ( - -4.069e+04 7 0 QUESTION0_10_R 1 1.963e+02 1.870e+02)
s>                ( - -1.058e+05 10 0 QUESTION0_10_R 1 2.017e+02 4.896e+02))))INFO: dtree.c(1478): Final simple tree
|( QUESTION0_13_R 1 -3.677e+05 6.192e+02 1.726e+03
|    ( QUESTION2 1 -1.231e+05 3.693e+02 5.709e+02
|        ( QUESTION2_20_L -1 -1.192e+05 3.055e+02 5.519e+02
|            ( - -9.366e+04 11 0 WDBNDRY_B 0 2.764e+02 4.367e+02)
|            ( - -2.520e+04 11 0 QUESTION7 -1 2.520e+02 1.152e+02))
|        ( - -3.565e+03 1 0))
|    ( QUESTION2 1 -2.440e+05 5.602e+02 1.155e+03
|        ( QUESTION0 -1 -1.923e+05 3.172e+02 9.156e+02
|            ( QUESTION0_18_R 1 -1.603e+05 2.880e+02 7.619e+02
|                ( - -1.860e+04 4 0 QUESTION2_15_L -1 2.283e+02 9.163e+01)
|                ( QUESTION0_10_R 1 -1.414e+05 2.820e+02 6.703e+02
|                    ( - -4.123e+04 4 0 WDBNDRY_B 0 1.561e+02 1.945e+02)
|                    ( - -9.986e+04 8 0 QUESTION6 1 2.518e+02 4.758e+02)))
|            ( - -3.176e+04 7 0 QUESTION0_17_R 1 2.290e+02 1.537e+02))
|        ( - -5.106e+04 13 0 QUESTION0 -1 2.254e+02 2.392e+02)))
s>    ( QUESTION0_13_R 1 -3.677e+05 6.192e+02 1.726e+03
s>        ( QUESTION2 1 -1.231e+05 3.693e+02 5.709e+02
s>            ( QUESTION2_20_L -1 -1.192e+05 3.055e+02 5.519e+02
s>                ( - -9.366e+04 11 0 WDBNDRY_B 0 2.764e+02 4.367e+02)
s>                ( - -2.520e+04 11 0 QUESTION7 -1 2.520e+02 1.152e+02))
s>            ( - -3.565e+03 1 0))
s>        ( QUESTION2 1 -2.440e+05 5.602e+02 1.155e+03
s>            ( QUESTION0 -1 -1.923e+05 3.172e+02 9.156e+02
s>                ( QUESTION0_18_R 1 -1.603e+05 2.880e+02 7.619e+02
s>                    ( - -1.860e+04 4 0 QUESTION2_15_L -1 2.283e+02 9.163e+01)
s>                    ( QUESTION0_10_R 1 -1.414e+05 2.820e+02 6.703e+02
s>                        ( - -4.123e+04 4 0 WDBNDRY_B 0 1.561e+02 1.945e+02)
s>                        ( - -9.986e+04 8 0 QUESTION6 1 2.518e+02 4.758e+02)))
s>                ( - -3.176e+04 7 0 QUESTION0_17_R 1 2.290e+02 1.537e+02))
s>            ( - -5.106e+04 13 0 QUESTION0 -1 2.254e+02 2.392e+02)))INFO: dtree.c(1315): Comp split 6
INFO: dtree.c(1478): Final simple tree
|( QUESTION0_1_R 1 -2.049e+05 6.930e+02 9.842e+02
|    ( QUESTION0_6_R 1 -5.495e+04 4.351e+02 2.621e+02
|        ( - -5.471e+04 3 0 QUESTION0_7_R 1 1.063e+02 2.611e+02)
|        ( - 1.970e+02 1 0))
|    ( WDBNDRY_I 0 -1.492e+05 2.406e+02 7.221e+02
|        ( QUESTION0_17_R 1 -1.379e+05 1.940e+02 6.672e+02
|            ( - -1.811e+04 2 0)
|            ( - -1.196e+05 3 0))
|        ( QUESTION0_17_R 1 -1.116e+04 1.591e+02 5.492e+01
|            ( - -1.697e+03 1 0)
|            ( QUESTION0_12_R 1 -9.299e+03 1.448e+02 4.592e+01
|                ( - -1.352e+03 1 0)
|                ( WDBNDRY_B 0 -7.802e+03 1.107e+02 3.892e+01
|                    ( - -4.158e+03 2 0)
|                    ( - -3.534e+03 2 0))))))
s>    ( QUESTION0_1_R 1 -2.049e+05 6.930e+02 9.842e+02
s>        ( QUESTION0_6_R 1 -5.495e+04 4.351e+02 2.621e+02
s>            ( - -5.471e+04 3 0 QUESTION0_7_R 1 1.063e+02 2.611e+02)
s>            ( - 1.970e+02 1 0))
s>        ( WDBNDRY_I 0 -1.492e+05 2.406e+02 7.221e+02
s>            ( QUESTION0_17_R 1 -1.379e+05 1.940e+02 6.672e+02
s>                ( - -1.811e+04 2 0)
s>                ( - -1.196e+05 3 0))
s>            ( QUESTION0_17_R 1 -1.116e+04 1.591e+02 5.492e+01
s>                ( - -1.697e+03 1 0)
s>                ( QUESTION0_12_R 1 -9.299e+03 1.448e+02 4.592e+01
s>                    ( - -1.352e+03 1 0)
s>                    ( WDBNDRY_B 0 -7.802e+03 1.107e+02 3.892e+01
s>                        ( - -4.158e+03 2 0)
s>                        ( - -3.534e+03 2 0))))))INFO: dtree.c(1439): stop. leaf nodes are specific
INFO: dtree.c(1478): Final simple tree
|( WDBNDRY_B 0 -4.145e+05 4.892e+02 1.916e+03
|    ( - -4.449e+04 3 0)
|    ( - -3.695e+05 4 0))
s>    ( WDBNDRY_B 0 -4.145e+05 4.892e+02 1.916e+03
s>        ( - -4.449e+04 3 0)
s>        ( - -3.695e+05 4 0))INFO: dtree.c(1315): Comp split 7
INFO: dtree.c(1439): stop. leaf nodes are specific
INFO: dtree.c(1478): Final simple tree
|( QUESTION0 -1 -3.629e+05 5.413e+02 1.758e+03
|    ( QUESTION0 1 -3.092e+05 1.930e+02 1.498e+03
|        ( - -3.068e+05 8 0)
|        ( - -2.226e+03 1 0))
|    ( QUESTION16 -1 -5.312e+04 3.481e+02 2.600e+02
|        ( QUESTION2_9_L -1 -3.029e+04 1.660e+02 1.465e+02
|            ( - -2.625e+04 2 0)
|            ( - -3.867e+03 1 0))
|        ( QUESTION12 -1 -2.248e+04 2.406e+02 1.135e+02
|            ( - -1.165e+03 1 0)
|            ( QUESTION9 -1 -2.108e+04 2.025e+02 1.065e+02
|                ( - -3.376e+03 2 0)
|                ( - -1.750e+04 1 0)))))
s>    ( QUESTION0 -1 -3.629e+05 5.413e+02 1.758e+03
s>        ( QUESTION0 1 -3.092e+05 1.930e+02 1.498e+03
s>            ( - -3.068e+05 8 0)
s>            ( - -2.226e+03 1 0))
s>        ( QUESTION16 -1 -5.312e+04 3.481e+02 2.600e+02
s>            ( QUESTION2_9_L -1 -3.029e+04 1.660e+02 1.465e+02
s>                ( - -2.625e+04 2 0)
s>                ( - -3.867e+03 1 0))
s>            ( QUESTION12 -1 -2.248e+04 2.406e+02 1.135e+02
s>                ( - -1.165e+03 1 0)
s>                ( QUESTION9 -1 -2.108e+04 2.025e+02 1.065e+02
s>                    ( - -3.376e+03 2 0)
s>                    ( - -1.750e+04 1 0)))))INFO: dtree.c(1478): Final simple tree
|( QUESTION2_14_L -1 -5.302e+05 8.258e+02 2.583e+03
|    ( QUESTION0 -1 -2.713e+05 3.395e+02 1.331e+03
|        ( - -1.600e+05 5 0 QUESTION0 1 1.458e+02 7.841e+02)
|        ( QUESTION0 1 -1.109e+05 2.169e+02 5.471e+02
|            ( - -1.075e+05 11 0)
|            ( - -3.169e+03 1 0)))
|    ( QUESTION2 -1 -2.581e+05 4.445e+02 1.252e+03
|        ( QUESTION5 -1 -2.179e+05 3.456e+02 1.058e+03
|            ( - -7.276e+04 3 0 QUESTION6 -1 1.528e+02 3.523e+02)
|            ( QUESTION2_13_L -1 -1.448e+05 2.681e+02 7.059e+02
|                ( - -1.541e+04 3 0)
|                ( - -1.291e+05 3 0 QUESTION2_11_L -1 1.263e+02 6.277e+02)))
|        ( SILENCE -1 -3.979e+04 2.260e+02 1.936e+02
|            ( - -3.089e+04 4 0 QUESTION0 1 1.668e+02 1.509e+02)
|            ( - -8.670e+03 2 0))))
s>    ( QUESTION2_14_L -1 -5.302e+05 8.258e+02 2.583e+03
s>        ( QUESTION0 -1 -2.713e+05 3.395e+02 1.331e+03
s>            ( - -1.600e+05 5 0 QUESTION0 1 1.458e+02 7.841e+02)
s>            ( QUESTION0 1 -1.109e+05 2.169e+02 5.471e+02
s>                ( - -1.075e+05 11 0)
s>                ( - -3.169e+03 1 0)))
s>        ( QUESTION2 -1 -2.581e+05 4.445e+02 1.252e+03
s>            ( QUESTION5 -1 -2.179e+05 3.456e+02 1.058e+03
s>                ( - -7.276e+04 3 0 QUESTION6 -1 1.528e+02 3.523e+02)
s>                ( QUESTION2_13_L -1 -1.448e+05 2.681e+02 7.059e+02
s>                    ( - -1.541e+04 3 0)
s>                    ( - -1.291e+05 3 0 QUESTION2_11_L -1 1.263e+02 6.277e+02)))
s>            ( SILENCE -1 -3.979e+04 2.260e+02 1.936e+02
s>                ( - -3.089e+04 4 0 QUESTION0 1 1.668e+02 1.509e+02)
s>                ( - -8.670e+03 2 0))))INFO: dtree.c(1315): Comp split 8
INFO: dtree.c(1478): Final simple tree
|( QUESTION0_1_R 1 -1.808e+05 5.534e+02 8.299e+02
|    ( QUESTION2_15_L -1 -3.339e+04 2.446e+02 1.532e+02
|        ( QUESTION19 1 -9.941e+03 2.181e+02 4.800e+01
|            ( - -2.832e+03 1 0)
|            ( - -6.890e+03 3 0 WDBNDRY_E 0 1.318e+02 3.400e+01))
|        ( QUESTION17 1 -2.321e+04 2.398e+02 1.052e+02
|            ( - -5.241e+02 1 0)
|            ( WDBNDRY_E 0 -2.244e+04 2.021e+02 1.022e+02
|                ( - -2.112e+04 2 0)
|                ( - -1.121e+03 1 0))))
|    ( WDBNDRY_B 0 -1.468e+05 2.970e+02 6.767e+02
|        ( - -4.069e+04 7 0 QUESTION0_10_R 1 1.963e+02 1.870e+02)
|        ( QUESTION0_10_R 1 -1.058e+05 2.017e+02 4.896e+02
|            ( - -9.797e+04 4 0 WDBNDRY_E 0 1.160e+02 4.526e+02)
|            ( - -7.648e+03 6 0 QUESTION0_18_R 1 1.800e+02 3.700e+01))))
s>    ( QUESTION0_1_R 1 -1.808e+05 5.534e+02 8.299e+02
s>        ( QUESTION2_15_L -1 -3.339e+04 2.446e+02 1.532e+02
s>            ( QUESTION19 1 -9.941e+03 2.181e+02 4.800e+01
s>                ( - -2.832e+03 1 0)
s>                ( - -6.890e+03 3 0 WDBNDRY_E 0 1.318e+02 3.400e+01))
s>            ( QUESTION17 1 -2.321e+04 2.398e+02 1.052e+02
s>                ( - -5.241e+02 1 0)
s>                ( WDBNDRY_E 0 -2.244e+04 2.021e+02 1.022e+02
s>                    ( - -2.112e+04 2 0)
s>                    ( - -1.121e+03 1 0))))
s>        ( WDBNDRY_B 0 -1.468e+05 2.970e+02 6.767e+02
s>            ( - -4.069e+04 7 0 QUESTION0_10_R 1 1.963e+02 1.870e+02)
s>            ( QUESTION0_10_R 1 -1.058e+05 2.017e+02 4.896e+02
s>                ( - -9.797e+04 4 0 WDBNDRY_E 0 1.160e+02 4.526e+02)
s>                ( - -7.648e+03 6 0 QUESTION0_18_R 1 1.800e+02 3.700e+01))))INFO: dtree.c(1315): Comp split 9
INFO: dtree.c(1439): stop. leaf nodes are specific
INFO: dtree.c(1478): Final simple tree
|( QUESTION0 -1 -3.692e+05 7.231e+02 1.793e+03
|    ( SILENCE 1 -2.051e+05 1.914e+02 9.944e+02
|        ( - -2.424e+03 1 0)
|        ( WDBNDRY_E 0 -2.025e+05 1.194e+02 9.814e+02
|            ( - -4.555e+03 2 0)
|            ( - -1.978e+05 5 0)))
|    ( QUESTION2_13_L -1 -1.634e+05 3.049e+02 7.983e+02
|        ( - -1.238e+04 3 0)
|        ( QUESTION3 -1 -1.507e+05 2.087e+02 7.373e+02
|            ( - -1.470e+05 12 0)
|            ( QUESTION2_11_L -1 -3.480e+03 1.386e+02 1.700e+01
|                ( - -2.454e+03 2 0)
|                ( - -8.879e+02 1 0)))))
s>    ( QUESTION0 -1 -3.692e+05 7.231e+02 1.793e+03
s>        ( SILENCE 1 -2.051e+05 1.914e+02 9.944e+02
s>            ( - -2.424e+03 1 0)
s>            ( WDBNDRY_E 0 -2.025e+05 1.194e+02 9.814e+02
s>                ( - -4.555e+03 2 0)
s>                ( - -1.978e+05 5 0)))
s>        ( QUESTION2_13_L -1 -1.634e+05 3.049e+02 7.983e+02
s>            ( - -1.238e+04 3 0)
s>            ( QUESTION3 -1 -1.507e+05 2.087e+02 7.373e+02
s>                ( - -1.470e+05 12 0)
s>                ( QUESTION2_11_L -1 -3.480e+03 1.386e+02 1.700e+01
s>                    ( - -2.454e+03 2 0)
s>                    ( - -8.879e+02 1 0)))))INFO: dtree.c(1439): stop. leaf nodes are specific
INFO: dtree.c(1478): Final simple tree
|( QUESTION0 1 -3.672e+05 7.926e+02 1.754e+03
|    ( WDBNDRY_E 0 -3.010e+05 3.173e+02 1.443e+03
|        ( - -7.448e+04 7 0)
|        ( - -2.262e+05 9 0))
|    ( SILENCE 1 -6.543e+04 6.253e+02 3.114e+02
|        ( QUESTION0 -1 -1.033e+04 1.734e+02 5.488e+01
|            ( - -8.181e+03 2 0)
|            ( - -1.975e+03 1 0))
|        ( QUESTION2_15_L -1 -5.448e+04 4.603e+02 2.566e+02
|            ( - -1.459e+04 1 0)
|            ( WDBNDRY_E 0 -3.942e+04 3.141e+02 1.885e+02
|                ( - -3.247e+03 1 0)
|                ( - -3.586e+04 2 0)))))
s>    ( QUESTION0 1 -3.672e+05 7.926e+02 1.754e+03
s>        ( WDBNDRY_E 0 -3.010e+05 3.173e+02 1.443e+03
s>            ( - -7.448e+04 7 0)
s>            ( - -2.262e+05 9 0))
s>        ( SILENCE 1 -6.543e+04 6.253e+02 3.114e+02
s>            ( QUESTION0 -1 -1.033e+04 1.734e+02 5.488e+01
s>                ( - -8.181e+03 2 0)
s>                ( - -1.975e+03 1 0))
s>            ( QUESTION2_15_L -1 -5.448e+04 4.603e+02 2.566e+02
s>                ( - -1.459e+04 1 0)
s>                ( WDBNDRY_E 0 -3.942e+04 3.141e+02 1.885e+02
s>                    ( - -3.247e+03 1 0)
s>                    ( - -3.586e+04 2 0)))))INFO: dtree.c(1315): Comp split 10
INFO: dtree.c(1439): stop. leaf nodes are specific
INFO: dtree.c(1478): Final simple tree
|( WDBNDRY_E 0 -4.680e+04 6.113e+02 2.264e+02
|    ( QUESTION0 -1 -1.033e+04 1.734e+02 5.488e+01
|        ( - -8.181e+03 2 0)
|        ( - -1.975e+03 1 0))
|    ( - -3.586e+04 2 0))
s>    ( WDBNDRY_E 0 -4.680e+04 6.113e+02 2.264e+02
s>        ( QUESTION0 -1 -1.033e+04 1.734e+02 5.488e+01
s>            ( - -8.181e+03 2 0)
s>            ( - -1.975e+03 1 0))
s>        ( - -3.586e+04 2 0))INFO: dtree.c(1439): stop. leaf nodes are specific
INFO: dtree.c(1478): Final simple tree
|( QUESTION2_15_L -1 -3.194e+05 3.535e+02 1.528e+03
|    ( - -1.459e+04 1 0)
|    ( WDBNDRY_E 0 -3.045e+05 3.039e+02 1.460e+03
|        ( QUESTION0 1 -7.796e+04 2.351e+02 3.750e+02
|            ( - -7.448e+04 7 0)
|            ( - -3.247e+03 1 0))
|        ( - -2.262e+05 9 0)))
s>    ( QUESTION2_15_L -1 -3.194e+05 3.535e+02 1.528e+03
s>        ( - -1.459e+04 1 0)
s>        ( WDBNDRY_E 0 -3.045e+05 3.039e+02 1.460e+03
s>            ( QUESTION0 1 -7.796e+04 2.351e+02 3.750e+02
s>                ( - -7.448e+04 7 0)
s>                ( - -3.247e+03 1 0))
s>            ( - -2.262e+05 9 0)))INFO: dtree.c(1315): Comp split 11
INFO: dtree.c(1439): stop. leaf nodes are specific
INFO: dtree.c(1478): Final simple tree
|( SILENCE 1 -2.052e+05 3.214e+02 1.001e+03
|    ( - -7.092e+03 2 0)
|    ( WDBNDRY_B 0 -1.978e+05 2.328e+02 9.642e+02
|        ( QUESTION0 1 -1.953e+05 1.162e+02 9.532e+02
|            ( - -1.938e+05 8 0)
|            ( - -1.455e+03 2 0))
|        ( QUESTION0 1 -2.260e+03 1.918e+02 1.100e+01
|            ( - -5.460e+02 1 0)
|            ( - -1.522e+03 1 0))))
s>    ( SILENCE 1 -2.052e+05 3.214e+02 1.001e+03
s>        ( - -7.092e+03 2 0)
s>        ( WDBNDRY_B 0 -1.978e+05 2.328e+02 9.642e+02
s>            ( QUESTION0 1 -1.953e+05 1.162e+02 9.532e+02
s>                ( - -1.938e+05 8 0)
s>                ( - -1.455e+03 2 0))
s>            ( QUESTION0 1 -2.260e+03 1.918e+02 1.100e+01
s>                ( - -5.460e+02 1 0)
s>                ( - -1.522e+03 1 0))))INFO: dtree.c(1439): stop. leaf nodes are specific
INFO: dtree.c(1478): Final simple tree
|( WDBNDRY_B 0 -1.874e+06 4.558e+02 9.178e+03
|    ( - -3.933e+03 2 0)
|    ( QUESTION2_18_L -1 -1.869e+06 3.809e+02 9.156e+03
|        ( QUESTION0 1 -1.833e+06 3.210e+02 8.978e+03
|            ( - -1.826e+06 9 0)
|            ( - -7.190e+03 1 0))
|        ( - -3.603e+04 2 0)))
s>    ( WDBNDRY_B 0 -1.874e+06 4.558e+02 9.178e+03
s>        ( - -3.933e+03 2 0)
s>        ( QUESTION2_18_L -1 -1.869e+06 3.809e+02 9.156e+03
s>            ( QUESTION0 1 -1.833e+06 3.210e+02 8.978e+03
s>                ( - -1.826e+06 9 0)
s>                ( - -7.190e+03 1 0))
s>            ( - -3.603e+04 2 0)))INFO: dtree.c(1315): Comp split 12
INFO: dtree.c(1439): stop. leaf nodes are specific
INFO: dtree.c(1478): Final simple tree
|( QUESTION0 -1 -2.869e+05 3.407e+02 1.409e+03
|    ( QUESTION0 1 -1.600e+05 1.458e+02 7.841e+02
|        ( - -1.591e+05 4 0)
|        ( - -7.574e+02 1 0))
|    ( QUESTION3 -1 -1.265e+05 2.552e+02 6.254e+02
|        ( QUESTION0 1 -1.109e+05 2.169e+02 5.471e+02
|            ( - -1.075e+05 11 0)
|            ( - -3.169e+03 1 0))
|        ( - -1.541e+04 3 0)))
s>    ( QUESTION0 -1 -2.869e+05 3.407e+02 1.409e+03
s>        ( QUESTION0 1 -1.600e+05 1.458e+02 7.841e+02
s>            ( - -1.591e+05 4 0)
s>            ( - -7.574e+02 1 0))
s>        ( QUESTION3 -1 -1.265e+05 2.552e+02 6.254e+02
s>            ( QUESTION0 1 -1.109e+05 2.169e+02 5.471e+02
s>                ( - -1.075e+05 11 0)
s>                ( - -3.169e+03 1 0))
s>            ( - -1.541e+04 3 0)))INFO: dtree.c(1478): Final simple tree
|( QUESTION2 -1 -2.424e+05 4.476e+02 1.174e+03
|    ( QUESTION5 -1 -2.022e+05 3.340e+02 9.799e+02
|        ( QUESTION6 -1 -7.276e+04 1.528e+02 3.523e+02
|            ( - -8.862e+02 1 0)
|            ( QUESTION0 1 -7.172e+04 1.483e+02 3.473e+02
|                ( - -6.849e+04 1 0)
|                ( - -3.083e+03 1 0)))
|        ( QUESTION2_11_L -1 -1.291e+05 1.263e+02 6.277e+02
|            ( - -8.917e+02 1 0)
|            ( - -1.281e+05 2 0)))
|    ( SILENCE -1 -3.979e+04 2.260e+02 1.936e+02
|        ( QUESTION0 1 -3.089e+04 1.668e+02 1.509e+02
|            ( - -2.787e+04 3 0)
|            ( - -2.855e+03 1 0))
|        ( - -8.670e+03 2 0)))
s>    ( QUESTION2 -1 -2.424e+05 4.476e+02 1.174e+03
s>        ( QUESTION5 -1 -2.022e+05 3.340e+02 9.799e+02
s>            ( QUESTION6 -1 -7.276e+04 1.528e+02 3.523e+02
s>                ( - -8.862e+02 1 0)
s>                ( QUESTION0 1 -7.172e+04 1.483e+02 3.473e+02
s>                    ( - -6.849e+04 1 0)
s>                    ( - -3.083e+03 1 0)))
s>            ( QUESTION2_11_L -1 -1.291e+05 1.263e+02 6.277e+02
s>                ( - -8.917e+02 1 0)
s>                ( - -1.281e+05 2 0)))
s>        ( SILENCE -1 -3.979e+04 2.260e+02 1.936e+02
s>            ( QUESTION0 1 -3.089e+04 1.668e+02 1.509e+02
s>                ( - -2.787e+04 3 0)
s>                ( - -2.855e+03 1 0))
s>            ( - -8.670e+03 2 0)))INFO: dtree.c(1315): Comp split 13
INFO: dtree.c(1478): Final simple tree
|( QUESTION0_13_R 1 -1.963e+05 3.541e+02 9.346e+02
|    ( - -3.565e+03 1 0)
|    ( QUESTION0 -1 -1.923e+05 3.172e+02 9.156e+02
|        ( QUESTION0_18_R 1 -1.603e+05 2.880e+02 7.619e+02
|            ( QUESTION2_15_L -1 -1.860e+04 2.283e+02 9.163e+01
|                ( - -1.475e+03 1 0)
|                ( - -1.689e+04 3 0 WDBNDRY_B 0 1.433e+02 8.363e+01))
|            ( QUESTION0_10_R 1 -1.414e+05 2.820e+02 6.703e+02
|                ( - -4.123e+04 4 0 WDBNDRY_B 0 1.561e+02 1.945e+02)
|                ( QUESTION6 1 -9.986e+04 2.518e+02 4.758e+02
|                    ( - -7.866e+03 3 0)
|                    ( - -9.174e+04 5 0 WDBNDRY_E 0 1.983e+02 4.358e+02))))
|        ( QUESTION0_17_R 1 -3.176e+04 2.290e+02 1.537e+02
|            ( - -2.343e+04 1 0)
|            ( - -8.097e+03 6 0 QUESTION8 -1 1.833e+02 4.000e+01))))
s>    ( QUESTION0_13_R 1 -1.963e+05 3.541e+02 9.346e+02
s>        ( - -3.565e+03 1 0)
s>        ( QUESTION0 -1 -1.923e+05 3.172e+02 9.156e+02
s>            ( QUESTION0_18_R 1 -1.603e+05 2.880e+02 7.619e+02
s>                ( QUESTION2_15_L -1 -1.860e+04 2.283e+02 9.163e+01
s>                    ( - -1.475e+03 1 0)
s>                    ( - -1.689e+04 3 0 WDBNDRY_B 0 1.433e+02 8.363e+01))
s>                ( QUESTION0_10_R 1 -1.414e+05 2.820e+02 6.703e+02
s>                    ( - -4.123e+04 4 0 WDBNDRY_B 0 1.561e+02 1.945e+02)
s>                    ( QUESTION6 1 -9.986e+04 2.518e+02 4.758e+02
s>                        ( - -7.866e+03 3 0)
s>                        ( - -9.174e+04 5 0 WDBNDRY_E 0 1.983e+02 4.358e+02))))
s>            ( QUESTION0_17_R 1 -3.176e+04 2.290e+02 1.537e+02
s>                ( - -2.343e+04 1 0)
s>                ( - -8.097e+03 6 0 QUESTION8 -1 1.833e+02 4.000e+01))))INFO: dtree.c(1478): Final simple tree
|( QUESTION0_10_R 1 -1.706e+05 3.977e+02 7.911e+02
|    ( QUESTION2_20_L -1 -1.196e+05 3.052e+02 5.539e+02
|        ( WDBNDRY_B 0 -9.413e+04 2.714e+02 4.387e+02
|            ( - -6.985e+04 8 0 QUESTION0 -1 1.981e+02 3.245e+02)
|            ( - -2.401e+04 4 0 QUESTION0_11_R 1 1.310e+02 1.142e+02))
|        ( QUESTION7 -1 -2.520e+04 2.520e+02 1.152e+02
|            ( - -6.970e+03 2 0 WDBNDRY_B 0 1.946e+02 3.324e+01)
|            ( - -1.798e+04 9 0 QUESTION0 -1 1.637e+02 8.201e+01)))
|    ( QUESTION0_8_R 1 -5.059e+04 2.289e+02 2.372e+02
|        ( - -1.794e+04 3 0 QUESTION0 -1 1.825e+02 8.441e+01)
|        ( WDBNDRY_E 0 -3.242e+04 2.257e+02 1.528e+02
|            ( - -5.208e+03 4 0 QUESTION0_4_R 1 1.091e+02 2.700e+01)
|            ( QUESTION0_1_R 1 -2.699e+04 2.025e+02 1.258e+02
|                ( - -6.302e+03 2 0)
|                ( - -2.048e+04 3 0)))))
s>    ( QUESTION0_10_R 1 -1.706e+05 3.977e+02 7.911e+02
s>        ( QUESTION2_20_L -1 -1.196e+05 3.052e+02 5.539e+02
s>            ( WDBNDRY_B 0 -9.413e+04 2.714e+02 4.387e+02
s>                ( - -6.985e+04 8 0 QUESTION0 -1 1.981e+02 3.245e+02)
s>                ( - -2.401e+04 4 0 QUESTION0_11_R 1 1.310e+02 1.142e+02))
s>            ( QUESTION7 -1 -2.520e+04 2.520e+02 1.152e+02
s>                ( - -6.970e+03 2 0 WDBNDRY_B 0 1.946e+02 3.324e+01)
s>                ( - -1.798e+04 9 0 QUESTION0 -1 1.637e+02 8.201e+01)))
s>        ( QUESTION0_8_R 1 -5.059e+04 2.289e+02 2.372e+02
s>            ( - -1.794e+04 3 0 QUESTION0 -1 1.825e+02 8.441e+01)
s>            ( WDBNDRY_E 0 -3.242e+04 2.257e+02 1.528e+02
s>                ( - -5.208e+03 4 0 QUESTION0_4_R 1 1.091e+02 2.700e+01)
s>                ( QUESTION0_1_R 1 -2.699e+04 2.025e+02 1.258e+02
s>                    ( - -6.302e+03 2 0)
s>                    ( - -2.048e+04 3 0)))))INFO: dtree.c(1315): Comp split 14
INFO: dtree.c(1439): stop. leaf nodes are specific
INFO: dtree.c(1478): Final simple tree
|( QUESTION2_13_L -1 -1.707e+05 3.033e+02 8.343e+02
|    ( - -1.238e+04 3 0)
|    ( QUESTION4 -1 -1.580e+05 2.102e+02 7.733e+02
|        ( QUESTION2_11_L -1 -3.480e+03 1.386e+02 1.700e+01
|            ( - -2.454e+03 2 0)
|            ( - -8.879e+02 1 0))
|        ( SILENCE 1 -1.543e+05 1.913e+02 7.563e+02
|            ( - -2.424e+03 1 0)
|            ( WDBNDRY_E 0 -1.517e+05 1.121e+02 7.433e+02
|                ( - -4.555e+03 2 0)
|                ( - -1.470e+05 12 0)))))
s>    ( QUESTION2_13_L -1 -1.707e+05 3.033e+02 8.343e+02
s>        ( - -1.238e+04 3 0)
s>        ( QUESTION4 -1 -1.580e+05 2.102e+02 7.733e+02
s>            ( QUESTION2_11_L -1 -3.480e+03 1.386e+02 1.700e+01
s>                ( - -2.454e+03 2 0)
s>                ( - -8.879e+02 1 0))
s>            ( SILENCE 1 -1.543e+05 1.913e+02 7.563e+02
s>                ( - -2.424e+03 1 0)
s>                ( WDBNDRY_E 0 -1.517e+05 1.121e+02 7.433e+02
s>                    ( - -4.555e+03 2 0)
s>                    ( - -1.470e+05 12 0)))))INFO: dtree.c(1315): Comp split 15
INFO: dtree.c(1439): stop. leaf nodes are specific
INFO: dtree.c(1478): Final simple tree
|( QUESTION16 1 -5.646e+04 4.352e+02 2.691e+02
|    ( - 1.970e+02 1 0)
|    ( WDBNDRY_B 0 -5.622e+04 1.550e+02 2.681e+02
|        ( - -1.352e+03 1 0)
|        ( QUESTION0_7_R 1 -5.471e+04 1.063e+02 2.611e+02
|            ( - -1.371e+03 1 0)
|            ( - -5.324e+04 2 0))))
s>    ( QUESTION16 1 -5.646e+04 4.352e+02 2.691e+02
s>        ( - 1.970e+02 1 0)
s>        ( WDBNDRY_B 0 -5.622e+04 1.550e+02 2.681e+02
s>            ( - -1.352e+03 1 0)
s>            ( QUESTION0_7_R 1 -5.471e+04 1.063e+02 2.611e+02
s>                ( - -1.371e+03 1 0)
s>                ( - -5.324e+04 2 0))))INFO: dtree.c(1439): stop. leaf nodes are specific
INFO: dtree.c(1478): Final simple tree
|( WDBNDRY_I 0 -1.477e+05 2.331e+02 7.151e+02
|    ( QUESTION0_17_R 1 -1.379e+05 1.940e+02 6.672e+02
|        ( - -1.811e+04 2 0)
|        ( - -1.196e+05 3 0))
|    ( QUESTION0_17_R 1 -9.653e+03 1.543e+02 4.792e+01
|        ( - -1.697e+03 1 0)
|        ( WDBNDRY_B 0 -7.802e+03 1.107e+02 3.892e+01
|            ( - -4.158e+03 2 0)
|            ( - -3.534e+03 2 0))))
s>    ( WDBNDRY_I 0 -1.477e+05 2.331e+02 7.151e+02
s>        ( QUESTION0_17_R 1 -1.379e+05 1.940e+02 6.672e+02
s>            ( - -1.811e+04 2 0)
s>            ( - -1.196e+05 3 0))
s>        ( QUESTION0_17_R 1 -9.653e+03 1.543e+02 4.792e+01
s>            ( - -1.697e+03 1 0)
s>            ( WDBNDRY_B 0 -7.802e+03 1.107e+02 3.892e+01
s>                ( - -4.158e+03 2 0)
s>                ( - -3.534e+03 2 0))))INFO: dtree.c(1315): Comp split 16
INFO: dtree.c(1439): stop. leaf nodes are specific
INFO: dtree.c(1478): Final simple tree
|( QUESTION0 -1 -1.033e+04 1.734e+02 5.488e+01
|    ( - -8.181e+03 2 0)
|    ( - -1.975e+03 1 0))
s>    ( QUESTION0 -1 -1.033e+04 1.734e+02 5.488e+01
s>        ( - -8.181e+03 2 0)
s>        ( - -1.975e+03 1 0))INFO: dtree.c(1315): Comp split 17
INFO: dtree.c(1439): stop. leaf nodes are specific
INFO: dtree.c(1478): Final simple tree
|( QUESTION9 -1 -2.513e+04 2.033e+02 1.255e+02
|    ( - -3.376e+03 2 0)
|    ( QUESTION11 -1 -2.155e+04 1.844e+02 1.075e+02
|        ( - -1.750e+04 1 0)
|        ( - -3.867e+03 1 0)))
s>    ( QUESTION9 -1 -2.513e+04 2.033e+02 1.255e+02
s>        ( - -3.376e+03 2 0)
s>        ( QUESTION11 -1 -2.155e+04 1.844e+02 1.075e+02
s>            ( - -1.750e+04 1 0)
s>            ( - -3.867e+03 1 0)))INFO: dtree.c(1439): stop. leaf nodes are specific
INFO: dtree.c(1478): Final simple tree
|( QUESTION0 -1 -3.372e+05 3.287e+02 1.633e+03
|    ( QUESTION0 1 -3.092e+05 1.930e+02 1.498e+03
|        ( - -3.068e+05 8 0)
|        ( - -2.226e+03 1 0))
|    ( QUESTION11 -1 -2.760e+04 1.846e+02 1.345e+02
|        ( - -1.165e+03 1 0)
|        ( - -2.625e+04 2 0)))
s>    ( QUESTION0 -1 -3.372e+05 3.287e+02 1.633e+03
s>        ( QUESTION0 1 -3.092e+05 1.930e+02 1.498e+03
s>            ( - -3.068e+05 8 0)
s>            ( - -2.226e+03 1 0))
s>        ( QUESTION11 -1 -2.760e+04 1.846e+02 1.345e+02
s>            ( - -1.165e+03 1 0)
s>            ( - -2.625e+04 2 0)))INFO: dtree.c(1315): Comp split 18
INFO: dtree.c(1478): Final simple tree
|( QUESTION0_10_R 1 -1.553e+05 3.628e+02 7.167e+02
|    ( WDBNDRY_B 0 -1.348e+05 3.051e+02 6.197e+02
|        ( QUESTION0 -1 -3.648e+04 1.643e+02 1.671e+02
|            ( - -3.351e+04 3 0 QUESTION0_12_R 1 1.414e+02 1.541e+02)
|            ( QUESTION0_12_R 1 -2.812e+03 2.148e+02 1.300e+01
|                ( - -2.793e+02 1 0)
|                ( - -2.318e+03 2 0)))
|        ( - -9.797e+04 4 0 WDBNDRY_E 0 1.160e+02 4.526e+02))
|    ( QUESTION0_1_R 1 -2.017e+04 2.097e+02 9.700e+01
|        ( QUESTION0 -1 -8.179e+03 1.676e+02 4.000e+01
|            ( - -6.890e+03 3 0 WDBNDRY_E 0 1.318e+02 3.400e+01)
|            ( - -1.121e+03 1 0))
|        ( WDBNDRY_I 0 -1.178e+04 1.604e+02 5.699e+01
|            ( - -2.815e+03 2 0)
|            ( - -8.801e+03 5 0 QUESTION0_18_R 1 1.332e+02 4.299e+01))))
s>    ( QUESTION0_10_R 1 -1.553e+05 3.628e+02 7.167e+02
s>        ( WDBNDRY_B 0 -1.348e+05 3.051e+02 6.197e+02
s>            ( QUESTION0 -1 -3.648e+04 1.643e+02 1.671e+02
s>                ( - -3.351e+04 3 0 QUESTION0_12_R 1 1.414e+02 1.541e+02)
s>                ( QUESTION0_12_R 1 -2.812e+03 2.148e+02 1.300e+01
s>                    ( - -2.793e+02 1 0)
s>                    ( - -2.318e+03 2 0)))
s>            ( - -9.797e+04 4 0 WDBNDRY_E 0 1.160e+02 4.526e+02))
s>        ( QUESTION0_1_R 1 -2.017e+04 2.097e+02 9.700e+01
s>            ( QUESTION0 -1 -8.179e+03 1.676e+02 4.000e+01
s>                ( - -6.890e+03 3 0 WDBNDRY_E 0 1.318e+02 3.400e+01)
s>                ( - -1.121e+03 1 0))
s>            ( WDBNDRY_I 0 -1.178e+04 1.604e+02 5.699e+01
s>                ( - -2.815e+03 2 0)
s>                ( - -8.801e+03 5 0 QUESTION0_18_R 1 1.332e+02 4.299e+01))))INFO: dtree.c(1439): stop. leaf nodes are specific
INFO: dtree.c(1478): Final simple tree
|( QUESTION17 1 -2.491e+04 2.417e+02 1.132e+02
|    ( - -5.241e+02 1 0)
|    ( QUESTION2_15_L -1 -2.414e+04 1.880e+02 1.102e+02
|        ( - -2.832e+03 1 0)
|        ( - -2.112e+04 2 0)))
s>    ( QUESTION17 1 -2.491e+04 2.417e+02 1.132e+02
s>        ( - -5.241e+02 1 0)
s>        ( QUESTION2_15_L -1 -2.414e+04 1.880e+02 1.102e+02
s>            ( - -2.832e+03 1 0)
s>            ( - -2.112e+04 2 0)))INFO: dtree.c(1315): Comp split 19
INFO: dtree.c(1439): stop. leaf nodes are specific
INFO: dtree.c(1478): Final simple tree
|( WDBNDRY_B 0 -4.778e+04 3.792e+02 2.348e+02
|    ( - -3.933e+03 2 0)
|    ( QUESTION0 1 -4.347e+04 2.487e+02 2.128e+02
|        ( - -3.603e+04 2 0)
|        ( - -7.190e+03 1 0)))
s>    ( WDBNDRY_B 0 -4.778e+04 3.792e+02 2.348e+02
s>        ( - -3.933e+03 2 0)
s>        ( QUESTION0 1 -4.347e+04 2.487e+02 2.128e+02
s>            ( - -3.603e+04 2 0)
s>            ( - -7.190e+03 1 0)))INFO: dtree.c(1315): Comp split 20
INFO: dtree.c(1315): Comp split 21
INFO: dtree.c(1439): stop. leaf nodes are specific
INFO: dtree.c(1478): Final simple tree
|( QUESTION5 -1 -1.969e+05 3.236e+02 9.539e+02
|    ( - -6.849e+04 1 0)
|    ( - -1.281e+05 2 0))
s>    ( QUESTION5 -1 -1.969e+05 3.236e+02 9.539e+02
s>        ( - -6.849e+04 1 0)
s>        ( - -1.281e+05 2 0))INFO: dtree.c(1439): stop. leaf nodes are specific
INFO: dtree.c(1478): Final simple tree
|( SILENCE -1 -4.504e+04 2.323e+02 2.196e+02
|    ( QUESTION0 1 -3.089e+04 1.668e+02 1.509e+02
|        ( - -2.787e+04 3 0)
|        ( - -2.855e+03 1 0))
|    ( QUESTION7 -1 -1.392e+04 1.362e+02 6.870e+01
|        ( - -8.917e+02 1 0)
|        ( QUESTION6 -1 -1.289e+04 1.360e+02 6.370e+01
|            ( - -8.862e+02 1 0)
|            ( QUESTION0 1 -1.187e+04 1.198e+02 5.870e+01
|                ( - -8.670e+03 2 0)
|                ( - -3.083e+03 1 0)))))
s>    ( SILENCE -1 -4.504e+04 2.323e+02 2.196e+02
s>        ( QUESTION0 1 -3.089e+04 1.668e+02 1.509e+02
s>            ( - -2.787e+04 3 0)
s>            ( - -2.855e+03 1 0))
s>        ( QUESTION7 -1 -1.392e+04 1.362e+02 6.870e+01
s>            ( - -8.917e+02 1 0)
s>            ( QUESTION6 -1 -1.289e+04 1.360e+02 6.370e+01
s>                ( - -8.862e+02 1 0)
s>                ( QUESTION0 1 -1.187e+04 1.198e+02 5.870e+01
s>                    ( - -8.670e+03 2 0)
s>                    ( - -3.083e+03 1 0)))))INFO: dtree.c(1315): Comp split 22
INFO: dtree.c(1478): Final simple tree
|( WDBNDRY_E 0 -7.483e+04 2.883e+02 3.514e+02
|    ( QUESTION0_1_R 1 -3.095e+04 1.646e+02 1.482e+02
|        ( QUESTION0_8_R 1 -6.771e+03 1.389e+02 3.400e+01
|            ( - -1.424e+03 1 0)
|            ( - -5.208e+03 4 0 QUESTION0_4_R 1 1.091e+02 2.700e+01))
|        ( QUESTION0_11_R 1 -2.401e+04 1.310e+02 1.142e+02
|            ( - -2.353e+04 3 0)
|            ( - -3.453e+02 1 0)))
|    ( QUESTION0_1_R 1 -4.360e+04 2.288e+02 2.032e+02
|        ( QUESTION0 -1 -2.289e+04 2.153e+02 1.064e+02
|            ( QUESTION0_7_R 1 -1.945e+04 1.582e+02 9.064e+01
|                ( - -6.302e+03 2 0)
|                ( - -1.299e+04 1 0))
|            ( - -3.219e+03 1 0))
|        ( - -2.048e+04 3 0)))
s>    ( WDBNDRY_E 0 -7.483e+04 2.883e+02 3.514e+02
s>        ( QUESTION0_1_R 1 -3.095e+04 1.646e+02 1.482e+02
s>            ( QUESTION0_8_R 1 -6.771e+03 1.389e+02 3.400e+01
s>                ( - -1.424e+03 1 0)
s>                ( - -5.208e+03 4 0 QUESTION0_4_R 1 1.091e+02 2.700e+01))
s>            ( QUESTION0_11_R 1 -2.401e+04 1.310e+02 1.142e+02
s>                ( - -2.353e+04 3 0)
s>                ( - -3.453e+02 1 0)))
s>        ( QUESTION0_1_R 1 -4.360e+04 2.288e+02 2.032e+02
s>            ( QUESTION0 -1 -2.289e+04 2.153e+02 1.064e+02
s>                ( QUESTION0_7_R 1 -1.945e+04 1.582e+02 9.064e+01
s>                    ( - -6.302e+03 2 0)
s>                    ( - -1.299e+04 1 0))
s>                ( - -3.219e+03 1 0))
s>            ( - -2.048e+04 3 0)))INFO: dtree.c(1478): Final simple tree
|( QUESTION2_20_L -1 -9.535e+04 2.991e+02 4.397e+02
|    ( QUESTION0 -1 -6.985e+04 1.981e+02 3.245e+02
|        ( - -4.450e+04 4 0)
|        ( - -2.516e+04 4 0))
|    ( QUESTION7 -1 -2.520e+04 2.520e+02 1.152e+02
|        ( WDBNDRY_B 0 -6.970e+03 1.946e+02 3.324e+01
|            ( - -1.665e+03 1 0)
|            ( - -5.111e+03 1 0))
|        ( QUESTION0 -1 -1.798e+04 1.637e+02 8.201e+01
|            ( - -3.108e+03 2 0)
|            ( QUESTION19 -1 -1.471e+04 1.644e+02 6.701e+01
|                ( - -2.092e+03 1 0)
|                ( WDBNDRY_B 0 -1.245e+04 1.594e+02 5.605e+01
|                    ( - -1.180e+04 5 0 QUESTION11 -1 1.554e+02 5.305e+01)
|                    ( - -4.875e+02 1 0))))))
s>    ( QUESTION2_20_L -1 -9.535e+04 2.991e+02 4.397e+02
s>        ( QUESTION0 -1 -6.985e+04 1.981e+02 3.245e+02
s>            ( - -4.450e+04 4 0)
s>            ( - -2.516e+04 4 0))
s>        ( QUESTION7 -1 -2.520e+04 2.520e+02 1.152e+02
s>            ( WDBNDRY_B 0 -6.970e+03 1.946e+02 3.324e+01
s>                ( - -1.665e+03 1 0)
s>                ( - -5.111e+03 1 0))
s>            ( QUESTION0 -1 -1.798e+04 1.637e+02 8.201e+01
s>                ( - -3.108e+03 2 0)
s>                ( QUESTION19 -1 -1.471e+04 1.644e+02 6.701e+01
s>                    ( - -2.092e+03 1 0)
s>                    ( WDBNDRY_B 0 -1.245e+04 1.594e+02 5.605e+01
s>                        ( - -1.180e+04 5 0 QUESTION11 -1 1.554e+02 5.305e+01)
s>                        ( - -4.875e+02 1 0))))))INFO: dtree.c(1315): Comp split 23
INFO: dtree.c(1439): stop. leaf nodes are specific
INFO: dtree.c(1478): Final simple tree
|( WDBNDRY_B 0 -5.622e+04 1.550e+02 2.681e+02
|    ( - -1.352e+03 1 0)
|    ( QUESTION0_7_R 1 -5.471e+04 1.063e+02 2.611e+02
|        ( - -1.371e+03 1 0)
|        ( - -5.324e+04 2 0)))
s>    ( WDBNDRY_B 0 -5.622e+04 1.550e+02 2.681e+02
s>        ( - -1.352e+03 1 0)
s>        ( QUESTION0_7_R 1 -5.471e+04 1.063e+02 2.611e+02
s>            ( - -1.371e+03 1 0)
s>            ( - -5.324e+04 2 0)))INFO: dtree.c(1315): Comp split 24
INFO: dtree.c(1439): stop. leaf nodes are specific
INFO: dtree.c(1478): Final simple tree
|( QUESTION0_10_R 1 -1.349e+05 2.814e+02 6.383e+02
|    ( WDBNDRY_B 0 -4.123e+04 1.561e+02 1.945e+02
|        ( - -2.902e+03 2 0)
|        ( WDBNDRY_E 0 -3.818e+04 1.203e+02 1.805e+02
|            ( - -3.736e+04 1 0)
|            ( - -6.995e+02 1 0)))
|    ( WDBNDRY_B 0 -9.343e+04 2.137e+02 4.438e+02
|        ( - -1.475e+03 1 0)
|        ( WDBNDRY_E 0 -9.174e+04 1.983e+02 4.358e+02
|            ( QUESTION0_15_R 1 -8.833e+04 1.867e+02 4.198e+02
|                ( - -1.179e+04 1 0)
|                ( - -7.636e+04 2 0))
|            ( - -3.208e+03 2 0))))
s>    ( QUESTION0_10_R 1 -1.349e+05 2.814e+02 6.383e+02
s>        ( WDBNDRY_B 0 -4.123e+04 1.561e+02 1.945e+02
s>            ( - -2.902e+03 2 0)
s>            ( WDBNDRY_E 0 -3.818e+04 1.203e+02 1.805e+02
s>                ( - -3.736e+04 1 0)
s>                ( - -6.995e+02 1 0)))
s>        ( WDBNDRY_B 0 -9.343e+04 2.137e+02 4.438e+02
s>            ( - -1.475e+03 1 0)
s>            ( WDBNDRY_E 0 -9.174e+04 1.983e+02 4.358e+02
s>                ( QUESTION0_15_R 1 -8.833e+04 1.867e+02 4.198e+02
s>                    ( - -1.179e+04 1 0)
s>                    ( - -7.636e+04 2 0))
s>                ( - -3.208e+03 2 0))))INFO: dtree.c(1478): Final simple tree
|( QUESTION0_13_R 1 -6.088e+04 3.172e+02 2.963e+02
|    ( - -3.565e+03 1 0)
|    ( QUESTION0_17_R 1 -5.700e+04 2.809e+02 2.773e+02
|        ( - -2.343e+04 1 0)
|        ( QUESTION0_16_R 1 -3.329e+04 2.312e+02 1.636e+02
|            ( QUESTION0 -1 -2.236e+04 2.191e+02 1.096e+02
|                ( - -1.689e+04 3 0 WDBNDRY_B 0 1.433e+02 8.363e+01)
|                ( QUESTION8 -1 -5.245e+03 1.781e+02 2.600e+01
|                    ( - -1.020e+03 1 0)
|                    ( QUESTION3 -1 -4.046e+03 1.759e+02 2.000e+01
|                        ( - -4.733e+02 1 0)
|                        ( - -3.397e+03 2 0 WDBNDRY_B 0 1.391e+02 1.700e+01))))
|            ( SILENCE -1 -1.070e+04 2.006e+02 5.400e+01
|                ( - -2.506e+02 1 0)
|                ( - -1.025e+04 4 0 WDBNDRY_B 0 1.507e+02 5.200e+01)))))
s>    ( QUESTION0_13_R 1 -6.088e+04 3.172e+02 2.963e+02
s>        ( - -3.565e+03 1 0)
s>        ( QUESTION0_17_R 1 -5.700e+04 2.809e+02 2.773e+02
s>            ( - -2.343e+04 1 0)
s>            ( QUESTION0_16_R 1 -3.329e+04 2.312e+02 1.636e+02
s>                ( QUESTION0 -1 -2.236e+04 2.191e+02 1.096e+02
s>                    ( - -1.689e+04 3 0 WDBNDRY_B 0 1.433e+02 8.363e+01)
s>                    ( QUESTION8 -1 -5.245e+03 1.781e+02 2.600e+01
s>                        ( - -1.020e+03 1 0)
s>                        ( QUESTION3 -1 -4.046e+03 1.759e+02 2.000e+01
s>                            ( - -4.733e+02 1 0)
s>                            ( - -3.397e+03 2 0 WDBNDRY_B 0 1.391e+02 1.700e+01))))
s>                ( SILENCE -1 -1.070e+04 2.006e+02 5.400e+01
s>                    ( - -2.506e+02 1 0)
s>                    ( - -1.025e+04 4 0 WDBNDRY_B 0 1.507e+02 5.200e+01)))))INFO: dtree.c(1315): Comp split 25
INFO: dtree.c(1439): stop. leaf nodes are specific
INFO: dtree.c(1478): Final simple tree
|( QUESTION0 1 -4.347e+04 2.487e+02 2.128e+02
|    ( - -3.603e+04 2 0)
|    ( - -7.190e+03 1 0))
s>    ( QUESTION0 1 -4.347e+04 2.487e+02 2.128e+02
s>        ( - -3.603e+04 2 0)
s>        ( - -7.190e+03 1 0))INFO: dtree.c(1315): Comp split 26
INFO: dtree.c(1478): Final simple tree
|( QUESTION0_1_R 1 -2.017e+04 2.097e+02 9.700e+01
|    ( QUESTION0 -1 -8.179e+03 1.676e+02 4.000e+01
|        ( WDBNDRY_E 0 -6.890e+03 1.318e+02 3.400e+01
|            ( - -3.538e+03 1 0)
|            ( - -3.221e+03 2 0 QUESTION0_7_R 1 9.213e+01 1.600e+01))
|        ( - -1.121e+03 1 0))
|    ( WDBNDRY_I 0 -1.178e+04 1.604e+02 5.699e+01
|        ( - -2.815e+03 2 0)
|        ( QUESTION0_18_R 1 -8.801e+03 1.332e+02 4.299e+01
|            ( WDBNDRY_B 0 -5.197e+03 1.404e+02 2.599e+01
|                ( - -4.009e+03 1 0)
|                ( - -1.048e+03 1 0))
|            ( QUESTION6 1 -3.471e+03 1.306e+02 1.700e+01
|                ( - -1.107e+03 1 0)
|                ( - -2.233e+03 2 0 QUESTION0_15_R 1 1.420e+02 1.100e+01)))))
s>    ( QUESTION0_1_R 1 -2.017e+04 2.097e+02 9.700e+01
s>        ( QUESTION0 -1 -8.179e+03 1.676e+02 4.000e+01
s>            ( WDBNDRY_E 0 -6.890e+03 1.318e+02 3.400e+01
s>                ( - -3.538e+03 1 0)
s>                ( - -3.221e+03 2 0 QUESTION0_7_R 1 9.213e+01 1.600e+01))
s>            ( - -1.121e+03 1 0))
s>        ( WDBNDRY_I 0 -1.178e+04 1.604e+02 5.699e+01
s>            ( - -2.815e+03 2 0)
s>            ( QUESTION0_18_R 1 -8.801e+03 1.332e+02 4.299e+01
s>                ( WDBNDRY_B 0 -5.197e+03 1.404e+02 2.599e+01
s>                    ( - -4.009e+03 1 0)
s>                    ( - -1.048e+03 1 0))
s>                ( QUESTION6 1 -3.471e+03 1.306e+02 1.700e+01
s>                    ( - -1.107e+03 1 0)
s>                    ( - -2.233e+03 2 0 QUESTION0_15_R 1 1.420e+02 1.100e+01)))))INFO: dtree.c(1439): stop. leaf nodes are specific
INFO: dtree.c(1478): Final simple tree
|( WDBNDRY_B 0 -1.348e+05 3.051e+02 6.197e+02
|    ( QUESTION0 -1 -3.648e+04 1.643e+02 1.671e+02
|        ( QUESTION0_12_R 1 -3.351e+04 1.414e+02 1.541e+02
|            ( - -2.045e+03 1 0)
|            ( - -3.132e+04 2 0))
|        ( QUESTION0_12_R 1 -2.812e+03 2.148e+02 1.300e+01
|            ( - -2.793e+02 1 0)
|            ( - -2.318e+03 2 0)))
|    ( WDBNDRY_E 0 -9.797e+04 1.160e+02 4.526e+02
|        ( - -3.270e+03 2 0)
|        ( - -9.458e+04 2 0)))
s>    ( WDBNDRY_B 0 -1.348e+05 3.051e+02 6.197e+02
s>        ( QUESTION0 -1 -3.648e+04 1.643e+02 1.671e+02
s>            ( QUESTION0_12_R 1 -3.351e+04 1.414e+02 1.541e+02
s>                ( - -2.045e+03 1 0)
s>                ( - -3.132e+04 2 0))
s>            ( QUESTION0_12_R 1 -2.812e+03 2.148e+02 1.300e+01
s>                ( - -2.793e+02 1 0)
s>                ( - -2.318e+03 2 0)))
s>        ( WDBNDRY_E 0 -9.797e+04 1.160e+02 4.526e+02
s>            ( - -3.270e+03 2 0)
s>            ( - -9.458e+04 2 0)))INFO: dtree.c(1315): Comp split 27
INFO: dtree.c(1439): stop. leaf nodes are specific
INFO: dtree.c(1478): Final simple tree
|( WDBNDRY_B 0 -1.961e+05 2.194e+02 9.562e+02
|    ( QUESTION0 1 -1.953e+05 1.162e+02 9.532e+02
|        ( - -1.938e+05 8 0)
|        ( - -1.455e+03 2 0))
|    ( - -5.460e+02 1 0))
s>    ( WDBNDRY_B 0 -1.961e+05 2.194e+02 9.562e+02
s>        ( QUESTION0 1 -1.953e+05 1.162e+02 9.532e+02
s>            ( - -1.938e+05 8 0)
s>            ( - -1.455e+03 2 0))
s>        ( - -5.460e+02 1 0))INFO: dtree.c(1439): stop. leaf nodes are specific
INFO: dtree.c(1478): Final simple tree
|( SILENCE 1 -8.782e+03 1.672e+02 4.492e+01
|    ( - -7.092e+03 2 0)
|    ( - -1.522e+03 1 0))
s>    ( SILENCE 1 -8.782e+03 1.672e+02 4.492e+01
s>        ( - -7.092e+03 2 0)
s>        ( - -1.522e+03 1 0))INFO: dtree.c(1315): Comp split 28
INFO: dtree.c(1439): stop. leaf nodes are specific
INFO: dtree.c(1478): Final simple tree
|( WDBNDRY_E 0 -2.297e+05 2.181e+02 1.102e+03
|    ( - -3.247e+03 1 0)
|    ( - -2.262e+05 9 0))
s>    ( WDBNDRY_E 0 -2.297e+05 2.181e+02 1.102e+03
s>        ( - -3.247e+03 1 0)
s>        ( - -2.262e+05 9 0))INFO: dtree.c(1439): stop. leaf nodes are specific
INFO: dtree.c(1478): Final simple tree
|( WDBNDRY_E 0 -8.939e+04 3.166e+02 4.261e+02
|    ( - -7.448e+04 7 0)
|    ( - -1.459e+04 1 0))
s>    ( WDBNDRY_E 0 -8.939e+04 3.166e+02 4.261e+02
s>        ( - -7.448e+04 7 0)
s>        ( - -1.459e+04 1 0))INFO: dtree.c(1315): Comp split 29
INFO: dtree.c(1439): stop. leaf nodes are specific
INFO: dtree.c(1478): Final simple tree
|( QUESTION0 -1 -1.634e+05 2.047e+02 8.011e+02
|    ( QUESTION0 1 -1.600e+05 1.458e+02 7.841e+02
|        ( - -1.591e+05 4 0)
|        ( - -7.574e+02 1 0))
|    ( - -3.169e+03 1 0))
s>    ( QUESTION0 -1 -1.634e+05 2.047e+02 8.011e+02
s>        ( QUESTION0 1 -1.600e+05 1.458e+02 7.841e+02
s>            ( - -1.591e+05 4 0)
s>            ( - -7.574e+02 1 0))
s>        ( - -3.169e+03 1 0))INFO: dtree.c(1439): stop. leaf nodes are specific
INFO: dtree.c(1478): Final simple tree
|( QUESTION3 -1 -1.232e+05 2.595e+02 6.084e+02
|    ( - -1.075e+05 11 0)
|    ( - -1.541e+04 3 0))
s>    ( QUESTION3 -1 -1.232e+05 2.595e+02 6.084e+02
s>        ( - -1.075e+05 11 0)
s>        ( - -1.541e+04 3 0))INFO: dtree.c(1315): Comp split 30
INFO: dtree.c(1439): stop. leaf nodes are specific
INFO: dtree.c(1478): Final simple tree
|( QUESTION0 -1 -2.489e+04 2.097e+02 1.154e+02
|    ( QUESTION0_7_R 1 -2.146e+04 1.536e+02 9.964e+01
|        ( - -6.302e+03 2 0)
|        ( QUESTION0_1_R 1 -1.500e+04 1.218e+02 7.066e+01
|            ( WDBNDRY_E 0 -1.454e+04 1.187e+02 6.866e+01
|                ( - -1.424e+03 1 0)
|                ( - -1.299e+04 1 0))
|            ( - -3.453e+02 1 0)))
|    ( - -3.219e+03 1 0))
s>    ( QUESTION0 -1 -2.489e+04 2.097e+02 1.154e+02
s>        ( QUESTION0_7_R 1 -2.146e+04 1.536e+02 9.964e+01
s>            ( - -6.302e+03 2 0)
s>            ( QUESTION0_1_R 1 -1.500e+04 1.218e+02 7.066e+01
s>                ( WDBNDRY_E 0 -1.454e+04 1.187e+02 6.866e+01
s>                    ( - -1.424e+03 1 0)
s>                    ( - -1.299e+04 1 0))
s>                ( - -3.453e+02 1 0)))
s>        ( - -3.219e+03 1 0))INFO: dtree.c(1439): stop. leaf nodes are specific
INFO: dtree.c(1478): Final simple tree
|( WDBNDRY_E 0 -4.960e+04 2.250e+02 2.360e+02
|    ( QUESTION0_1_R 1 -2.890e+04 1.533e+02 1.392e+02
|        ( QUESTION0_4_R 1 -5.208e+03 1.091e+02 2.700e+01
|            ( - -1.102e+03 2 0)
|            ( - -3.997e+03 2 0))
|        ( - -2.353e+04 3 0))
|    ( - -2.048e+04 3 0))
s>    ( WDBNDRY_E 0 -4.960e+04 2.250e+02 2.360e+02
s>        ( QUESTION0_1_R 1 -2.890e+04 1.533e+02 1.392e+02
s>            ( QUESTION0_4_R 1 -5.208e+03 1.091e+02 2.700e+01
s>                ( - -1.102e+03 2 0)
s>                ( - -3.997e+03 2 0))
s>            ( - -2.353e+04 3 0))
s>        ( - -2.048e+04 3 0))INFO: dtree.c(1315): Comp split 31
INFO: dtree.c(1439): stop. leaf nodes are specific
INFO: dtree.c(1478): Final simple tree
|( QUESTION0_15_R 1 -9.137e+04 1.892e+02 4.338e+02
|    ( - -1.179e+04 1 0)
|    ( WDBNDRY_B 0 -7.939e+04 1.316e+02 3.779e+02
|        ( - -2.902e+03 2 0)
|        ( - -7.636e+04 2 0)))
s>    ( QUESTION0_15_R 1 -9.137e+04 1.892e+02 4.338e+02
s>        ( - -1.179e+04 1 0)
s>        ( WDBNDRY_B 0 -7.939e+04 1.316e+02 3.779e+02
s>            ( - -2.902e+03 2 0)
s>            ( - -7.636e+04 2 0)))INFO: dtree.c(1439): stop. leaf nodes are specific
INFO: dtree.c(1478): Final simple tree
|( WDBNDRY_B 0 -4.324e+04 1.981e+02 2.045e+02
|    ( - -1.475e+03 1 0)
|    ( WDBNDRY_E 0 -4.157e+04 1.918e+02 1.965e+02
|        ( - -3.736e+04 1 0)
|        ( QUESTION0_10_R 1 -4.021e+03 1.135e+02 2.000e+01
|            ( - -6.995e+02 1 0)
|            ( - -3.208e+03 2 0))))
s>    ( WDBNDRY_B 0 -4.324e+04 1.981e+02 2.045e+02
s>        ( - -1.475e+03 1 0)
s>        ( WDBNDRY_E 0 -4.157e+04 1.918e+02 1.965e+02
s>            ( - -3.736e+04 1 0)
s>            ( QUESTION0_10_R 1 -4.021e+03 1.135e+02 2.000e+01
s>                ( - -6.995e+02 1 0)
s>                ( - -3.208e+03 2 0))))INFO: dtree.c(1315): Comp split 32
INFO: dtree.c(1439): stop. leaf nodes are specific
INFO: dtree.c(1478): Final simple tree
|( QUESTION11 -1 -2.760e+04 1.846e+02 1.345e+02
|    ( - -1.165e+03 1 0)
|    ( - -2.625e+04 2 0))
s>    ( QUESTION11 -1 -2.760e+04 1.846e+02 1.345e+02
s>        ( - -1.165e+03 1 0)
s>        ( - -2.625e+04 2 0))INFO: dtree.c(1439): stop. leaf nodes are specific
INFO: dtree.c(1478): Final simple tree
|( QUESTION0 1 -3.092e+05 1.930e+02 1.498e+03
|    ( - -3.068e+05 8 0)
|    ( - -2.226e+03 1 0))
s>    ( QUESTION0 1 -3.092e+05 1.930e+02 1.498e+03
s>        ( - -3.068e+05 8 0)
s>        ( - -2.226e+03 1 0))INFO: dtree.c(1315): Comp split 33
INFO: dtree.c(1315): Comp split 34
INFO: dtree.c(1439): stop. leaf nodes are specific
INFO: dtree.c(1478): Final simple tree
|( QUESTION0_12_R 1 -3.430e+04 1.819e+02 1.571e+02
|    ( - -2.793e+02 1 0)
|    ( QUESTION0 -1 -3.384e+04 1.966e+02 1.551e+02
|        ( - -3.132e+04 2 0)
|        ( - -2.318e+03 2 0)))
s>    ( QUESTION0_12_R 1 -3.430e+04 1.819e+02 1.571e+02
s>        ( - -2.793e+02 1 0)
s>        ( QUESTION0 -1 -3.384e+04 1.966e+02 1.551e+02
s>            ( - -3.132e+04 2 0)
s>            ( - -2.318e+03 2 0)))INFO: dtree.c(1439): stop. leaf nodes are specific
INFO: dtree.c(1478): Final simple tree
|( WDBNDRY_B 0 -1.001e+05 1.290e+02 4.626e+02
|    ( - -2.045e+03 1 0)
|    ( WDBNDRY_E 0 -9.797e+04 1.160e+02 4.526e+02
|        ( - -3.270e+03 2 0)
|        ( - -9.458e+04 2 0)))
s>    ( WDBNDRY_B 0 -1.001e+05 1.290e+02 4.626e+02
s>        ( - -2.045e+03 1 0)
s>        ( WDBNDRY_E 0 -9.797e+04 1.160e+02 4.526e+02
s>            ( - -3.270e+03 2 0)
s>            ( - -9.458e+04 2 0)))INFO: dtree.c(1315): Comp split 35
INFO: dtree.c(1478): Final simple tree
|( QUESTION0_17_R 1 -5.700e+04 2.809e+02 2.773e+02
|    ( - -2.343e+04 1 0)
|    ( QUESTION0_16_R 1 -3.329e+04 2.312e+02 1.636e+02
|        ( QUESTION0 -1 -2.236e+04 2.191e+02 1.096e+02
|            ( - -1.689e+04 3 0 WDBNDRY_B 0 1.433e+02 8.363e+01)
|            ( QUESTION8 -1 -5.245e+03 1.781e+02 2.600e+01
|                ( - -1.020e+03 1 0)
|                ( QUESTION3 -1 -4.046e+03 1.759e+02 2.000e+01
|                    ( - -4.733e+02 1 0)
|                    ( - -3.397e+03 2 0 WDBNDRY_B 0 1.391e+02 1.700e+01))))
|        ( SILENCE -1 -1.070e+04 2.006e+02 5.400e+01
|            ( - -2.506e+02 1 0)
|            ( WDBNDRY_B 0 -1.025e+04 1.507e+02 5.200e+01
|                ( - -2.230e+03 1 0)
|                ( - -7.866e+03 3 0)))))
s>    ( QUESTION0_17_R 1 -5.700e+04 2.809e+02 2.773e+02
s>        ( - -2.343e+04 1 0)
s>        ( QUESTION0_16_R 1 -3.329e+04 2.312e+02 1.636e+02
s>            ( QUESTION0 -1 -2.236e+04 2.191e+02 1.096e+02
s>                ( - -1.689e+04 3 0 WDBNDRY_B 0 1.433e+02 8.363e+01)
s>                ( QUESTION8 -1 -5.245e+03 1.781e+02 2.600e+01
s>                    ( - -1.020e+03 1 0)
s>                    ( QUESTION3 -1 -4.046e+03 1.759e+02 2.000e+01
s>                        ( - -4.733e+02 1 0)
s>                        ( - -3.397e+03 2 0 WDBNDRY_B 0 1.391e+02 1.700e+01))))
s>            ( SILENCE -1 -1.070e+04 2.006e+02 5.400e+01
s>                ( - -2.506e+02 1 0)
s>                ( WDBNDRY_B 0 -1.025e+04 1.507e+02 5.200e+01
s>                    ( - -2.230e+03 1 0)
s>                    ( - -7.866e+03 3 0)))))INFO: dtree.c(1315): Comp split 36
INFO: dtree.c(1315): Comp split 37
INFO: dtree.c(1439): stop. leaf nodes are specific
INFO: dtree.c(1478): Final simple tree
|( QUESTION7 -1 -2.336e+04 2.688e+02 1.062e+02
|    ( - -5.111e+03 1 0)
|    ( QUESTION0 -1 -1.798e+04 1.637e+02 8.201e+01
|        ( - -3.108e+03 2 0)
|        ( QUESTION19 -1 -1.471e+04 1.644e+02 6.701e+01
|            ( - -2.092e+03 1 0)
|            ( WDBNDRY_B 0 -1.245e+04 1.594e+02 5.605e+01
|                ( QUESTION11 -1 -1.180e+04 1.554e+02 5.305e+01
|                    ( - -6.967e+02 1 0)
|                    ( SILENCE -1 -1.095e+04 1.022e+02 4.905e+01
|                        ( - -8.952e+03 2 0)
|                        ( - -1.897e+03 2 0)))
|                ( - -4.875e+02 1 0)))))
s>    ( QUESTION7 -1 -2.336e+04 2.688e+02 1.062e+02
s>        ( - -5.111e+03 1 0)
s>        ( QUESTION0 -1 -1.798e+04 1.637e+02 8.201e+01
s>            ( - -3.108e+03 2 0)
s>            ( QUESTION19 -1 -1.471e+04 1.644e+02 6.701e+01
s>                ( - -2.092e+03 1 0)
s>                ( WDBNDRY_B 0 -1.245e+04 1.594e+02 5.605e+01
s>                    ( QUESTION11 -1 -1.180e+04 1.554e+02 5.305e+01
s>                        ( - -6.967e+02 1 0)
s>                        ( SILENCE -1 -1.095e+04 1.022e+02 4.905e+01
s>                            ( - -8.952e+03 2 0)
s>                            ( - -1.897e+03 2 0)))
s>                    ( - -4.875e+02 1 0)))))INFO: dtree.c(1439): stop. leaf nodes are specific
INFO: dtree.c(1478): Final simple tree
|( QUESTION3 -1 -7.168e+04 2.012e+02 3.335e+02
|    ( - -2.516e+04 4 0)
|    ( QUESTION0 -1 -4.632e+04 1.577e+02 2.156e+02
|        ( - -4.450e+04 4 0)
|        ( - -1.665e+03 1 0)))
s>    ( QUESTION3 -1 -7.168e+04 2.012e+02 3.335e+02
s>        ( - -2.516e+04 4 0)
s>        ( QUESTION0 -1 -4.632e+04 1.577e+02 2.156e+02
s>            ( - -4.450e+04 4 0)
s>            ( - -1.665e+03 1 0)))INFO: dtree.c(1315): Comp split 38
INFO: dtree.c(1439): stop. leaf nodes are specific
INFO: dtree.c(1478): Final simple tree
|( QUESTION4 -1 -1.554e+05 2.090e+02 7.603e+02
|    ( QUESTION2_11_L -1 -3.480e+03 1.386e+02 1.700e+01
|        ( - -2.454e+03 2 0)
|        ( - -8.879e+02 1 0))
|    ( WDBNDRY_E 0 -1.517e+05 1.121e+02 7.433e+02
|        ( - -4.555e+03 2 0)
|        ( - -1.470e+05 12 0)))
s>    ( QUESTION4 -1 -1.554e+05 2.090e+02 7.603e+02
s>        ( QUESTION2_11_L -1 -3.480e+03 1.386e+02 1.700e+01
s>            ( - -2.454e+03 2 0)
s>            ( - -8.879e+02 1 0))
s>        ( WDBNDRY_E 0 -1.517e+05 1.121e+02 7.433e+02
s>            ( - -4.555e+03 2 0)
s>            ( - -1.470e+05 12 0)))INFO: dtree.c(1439): stop. leaf nodes are specific
INFO: dtree.c(1478): Final simple tree
|( WDBNDRY_E 0 -1.499e+04 1.839e+02 7.400e+01
|    ( - -2.424e+03 1 0)
|    ( - -1.238e+04 3 0))
s>    ( WDBNDRY_E 0 -1.499e+04 1.839e+02 7.400e+01
s>        ( - -2.424e+03 1 0)
s>        ( - -1.238e+04 3 0))INFO: dtree.c(1315): Comp split 39
INFO: dtree.c(1439): stop. leaf nodes are specific
INFO: dtree.c(1478): Final simple tree
|( QUESTION0_10_R 1 -2.746e+04 1.990e+02 1.327e+02
|    ( - -2.506e+02 1 0)
|    ( QUESTION0_17_R 1 -2.701e+04 1.803e+02 1.307e+02
|        ( - -2.343e+04 1 0)
|        ( WDBNDRY_B 0 -3.397e+03 1.391e+02 1.700e+01
|            ( - -1.978e+03 1 0)
|            ( - -1.280e+03 1 0))))
s>    ( QUESTION0_10_R 1 -2.746e+04 1.990e+02 1.327e+02
s>        ( - -2.506e+02 1 0)
s>        ( QUESTION0_17_R 1 -2.701e+04 1.803e+02 1.307e+02
s>            ( - -2.343e+04 1 0)
s>            ( WDBNDRY_B 0 -3.397e+03 1.391e+02 1.700e+01
s>                ( - -1.978e+03 1 0)
s>                ( - -1.280e+03 1 0))))INFO: dtree.c(1439): stop. leaf nodes are specific
INFO: dtree.c(1478): Final simple tree
|( QUESTION0_16_R 1 -2.924e+04 2.345e+02 1.446e+02
|    ( QUESTION8 -1 -1.876e+04 1.932e+02 9.263e+01
|        ( - -1.020e+03 1 0)
|        ( QUESTION0 -1 -1.755e+04 1.819e+02 8.663e+01
|            ( WDBNDRY_B 0 -1.689e+04 1.433e+02 8.363e+01
|                ( - -4.979e+03 1 0)
|                ( - -1.177e+04 2 0))
|            ( - -4.733e+02 1 0)))
|    ( WDBNDRY_B 0 -1.025e+04 1.507e+02 5.200e+01
|        ( - -2.230e+03 1 0)
|        ( - -7.866e+03 3 0)))
s>    ( QUESTION0_16_R 1 -2.924e+04 2.345e+02 1.446e+02
s>        ( QUESTION8 -1 -1.876e+04 1.932e+02 9.263e+01
s>            ( - -1.020e+03 1 0)
s>            ( QUESTION0 -1 -1.755e+04 1.819e+02 8.663e+01
s>                ( WDBNDRY_B 0 -1.689e+04 1.433e+02 8.363e+01
s>                    ( - -4.979e+03 1 0)
s>                    ( - -1.177e+04 2 0))
s>                ( - -4.733e+02 1 0)))
s>        ( WDBNDRY_B 0 -1.025e+04 1.507e+02 5.200e+01
s>            ( - -2.230e+03 1 0)
s>            ( - -7.866e+03 3 0)))INFO: dtree.c(1315): Comp split 40
INFO: dtree.c(1439): stop. leaf nodes are specific
INFO: dtree.c(1478): Final simple tree
|( QUESTION0 -1 -1.798e+04 1.637e+02 8.201e+01
|    ( - -3.108e+03 2 0)
|    ( QUESTION19 -1 -1.471e+04 1.644e+02 6.701e+01
|        ( - -2.092e+03 1 0)
|        ( WDBNDRY_B 0 -1.245e+04 1.594e+02 5.605e+01
|            ( QUESTION11 -1 -1.180e+04 1.554e+02 5.305e+01
|                ( - -6.967e+02 1 0)
|                ( SILENCE -1 -1.095e+04 1.022e+02 4.905e+01
|                    ( - -8.952e+03 2 0)
|                    ( - -1.897e+03 2 0)))
|            ( - -4.875e+02 1 0))))
s>    ( QUESTION0 -1 -1.798e+04 1.637e+02 8.201e+01
s>        ( - -3.108e+03 2 0)
s>        ( QUESTION19 -1 -1.471e+04 1.644e+02 6.701e+01
s>            ( - -2.092e+03 1 0)
s>            ( WDBNDRY_B 0 -1.245e+04 1.594e+02 5.605e+01
s>                ( QUESTION11 -1 -1.180e+04 1.554e+02 5.305e+01
s>                    ( - -6.967e+02 1 0)
s>                    ( SILENCE -1 -1.095e+04 1.022e+02 4.905e+01
s>                        ( - -8.952e+03 2 0)
s>                        ( - -1.897e+03 2 0)))
s>                ( - -4.875e+02 1 0))))INFO: dtree.c(1315): Comp split 41
INFO: dtree.c(1439): stop. leaf nodes are specific
INFO: dtree.c(1478): Final simple tree
|( QUESTION0 1 -1.187e+04 1.198e+02 5.870e+01
|    ( - -8.670e+03 2 0)
|    ( - -3.083e+03 1 0))
s>    ( QUESTION0 1 -1.187e+04 1.198e+02 5.870e+01
s>        ( - -8.670e+03 2 0)
s>        ( - -3.083e+03 1 0))INFO: dtree.c(1439): stop. leaf nodes are specific
INFO: dtree.c(1478): Final simple tree
|( QUESTION0 1 -3.291e+04 1.674e+02 1.609e+02
|    ( QUESTION5 -1 -2.989e+04 1.238e+02 1.469e+02
|        ( - -8.862e+02 1 0)
|        ( SILENCE -1 -2.888e+04 1.198e+02 1.419e+02
|            ( - -2.787e+04 3 0)
|            ( - -8.917e+02 1 0)))
|    ( - -2.855e+03 1 0))
s>    ( QUESTION0 1 -3.291e+04 1.674e+02 1.609e+02
s>        ( QUESTION5 -1 -2.989e+04 1.238e+02 1.469e+02
s>            ( - -8.862e+02 1 0)
s>            ( SILENCE -1 -2.888e+04 1.198e+02 1.419e+02
s>                ( - -2.787e+04 3 0)
s>                ( - -8.917e+02 1 0)))
s>        ( - -2.855e+03 1 0))INFO: dtree.c(1315): Comp split 42
INFO: dtree.c(1315): Comp split 43
INFO: dtree.c(1439): stop. leaf nodes are specific
INFO: dtree.c(1478): Final simple tree
|( WDBNDRY_B 0 -7.802e+03 1.107e+02 3.892e+01
|    ( - -4.158e+03 2 0)
|    ( - -3.534e+03 2 0))
s>    ( WDBNDRY_B 0 -7.802e+03 1.107e+02 3.892e+01
s>        ( - -4.158e+03 2 0)
s>        ( - -3.534e+03 2 0))INFO: dtree.c(1439): stop. leaf nodes are specific
INFO: dtree.c(1478): Final simple tree
|( QUESTION0_17_R 1 -1.397e+05 1.848e+02 6.762e+02
|    ( WDBNDRY_E 0 -1.995e+04 1.419e+02 9.535e+01
|        ( - -1.697e+03 1 0)
|        ( - -1.811e+04 2 0))
|    ( - -1.196e+05 3 0))
s>    ( QUESTION0_17_R 1 -1.397e+05 1.848e+02 6.762e+02
s>        ( WDBNDRY_E 0 -1.995e+04 1.419e+02 9.535e+01
s>            ( - -1.697e+03 1 0)
s>            ( - -1.811e+04 2 0))
s>        ( - -1.196e+05 3 0))INFO: dtree.c(1315): Comp split 44
INFO: dtree.c(1315): Comp split 45
INFO: dtree.c(1439): stop. leaf nodes are specific
INFO: dtree.c(1478): Final simple tree
|( WDBNDRY_B 0 -1.689e+04 1.433e+02 8.363e+01
|    ( - -4.979e+03 1 0)
|    ( - -1.177e+04 2 0))
s>    ( WDBNDRY_B 0 -1.689e+04 1.433e+02 8.363e+01
s>        ( - -4.979e+03 1 0)
s>        ( - -1.177e+04 2 0))INFO: dtree.c(1439): stop. leaf nodes are specific
INFO: dtree.c(1478): Final simple tree
|( QUESTION8 -1 -1.211e+04 1.872e+02 6.100e+01
|    ( - -1.020e+03 1 0)
|    ( QUESTION0_16_R 1 -1.090e+04 1.780e+02 5.500e+01
|        ( - -4.733e+02 1 0)
|        ( WDBNDRY_B 0 -1.025e+04 1.507e+02 5.200e+01
|            ( - -2.230e+03 1 0)
|            ( - -7.866e+03 3 0))))
s>    ( QUESTION8 -1 -1.211e+04 1.872e+02 6.100e+01
s>        ( - -1.020e+03 1 0)
s>        ( QUESTION0_16_R 1 -1.090e+04 1.780e+02 5.500e+01
s>            ( - -4.733e+02 1 0)
s>            ( WDBNDRY_B 0 -1.025e+04 1.507e+02 5.200e+01
s>                ( - -2.230e+03 1 0)
s>                ( - -7.866e+03 3 0))))INFO: dtree.c(1315): Comp split 46
INFO: dtree.c(1439): stop. leaf nodes are specific
INFO: dtree.c(1478): Final simple tree
|( QUESTION2_15_L -1 -2.414e+04 1.880e+02 1.102e+02
|    ( - -2.832e+03 1 0)
|    ( - -2.112e+04 2 0))
s>    ( QUESTION2_15_L -1 -2.414e+04 1.880e+02 1.102e+02
s>        ( - -2.832e+03 1 0)
s>        ( - -2.112e+04 2 0))INFO: dtree.c(1315): Comp split 47
INFO: dtree.c(1439): stop. leaf nodes are specific
INFO: dtree.c(1478): Final simple tree
|( QUESTION0_18_R 1 -8.801e+03 1.332e+02 4.299e+01
|    ( WDBNDRY_B 0 -5.197e+03 1.404e+02 2.599e+01
|        ( - -4.009e+03 1 0)
|        ( - -1.048e+03 1 0))
|    ( QUESTION6 1 -3.471e+03 1.306e+02 1.700e+01
|        ( - -1.107e+03 1 0)
|        ( QUESTION0_15_R 1 -2.233e+03 1.420e+02 1.100e+01
|            ( - -1.308e+03 1 0)
|            ( - -7.836e+02 1 0))))
s>    ( QUESTION0_18_R 1 -8.801e+03 1.332e+02 4.299e+01
s>        ( WDBNDRY_B 0 -5.197e+03 1.404e+02 2.599e+01
s>            ( - -4.009e+03 1 0)
s>            ( - -1.048e+03 1 0))
s>        ( QUESTION6 1 -3.471e+03 1.306e+02 1.700e+01
s>            ( - -1.107e+03 1 0)
s>            ( QUESTION0_15_R 1 -2.233e+03 1.420e+02 1.100e+01
s>                ( - -1.308e+03 1 0)
s>                ( - -7.836e+02 1 0))))INFO: dtree.c(1439): stop. leaf nodes are specific
INFO: dtree.c(1478): Final simple tree
|( QUESTION0 -1 -1.112e+04 1.832e+02 5.400e+01
|    ( QUESTION0_3_R 1 -9.818e+03 1.377e+02 4.800e+01
|        ( QUESTION0_7_R 1 -3.221e+03 9.213e+01 1.600e+01
|            ( - -1.383e+03 1 0)
|            ( - -1.746e+03 1 0))
|        ( WDBNDRY_E 0 -6.459e+03 1.070e+02 3.201e+01
|            ( - -3.538e+03 1 0)
|            ( - -2.815e+03 2 0)))
|    ( - -1.121e+03 1 0))
s>    ( QUESTION0 -1 -1.112e+04 1.832e+02 5.400e+01
s>        ( QUESTION0_3_R 1 -9.818e+03 1.377e+02 4.800e+01
s>            ( QUESTION0_7_R 1 -3.221e+03 9.213e+01 1.600e+01
s>                ( - -1.383e+03 1 0)
s>                ( - -1.746e+03 1 0))
s>            ( WDBNDRY_E 0 -6.459e+03 1.070e+02 3.201e+01
s>                ( - -3.538e+03 1 0)
s>                ( - -2.815e+03 2 0)))
s>        ( - -1.121e+03 1 0))INFO: dtree.c(1315): Comp split 48
INFO: dtree.c(1439): stop. leaf nodes are specific
INFO: dtree.c(1478): Final simple tree
|( QUESTION0_1_R 1 -2.890e+04 1.533e+02 1.392e+02
|    ( QUESTION0_4_R 1 -5.208e+03 1.091e+02 2.700e+01
|        ( - -1.102e+03 2 0)
|        ( - -3.997e+03 2 0))
|    ( - -2.353e+04 3 0))
s>    ( QUESTION0_1_R 1 -2.890e+04 1.533e+02 1.392e+02
s>        ( QUESTION0_4_R 1 -5.208e+03 1.091e+02 2.700e+01
s>            ( - -1.102e+03 2 0)
s>            ( - -3.997e+03 2 0))
s>        ( - -2.353e+04 3 0))INFO: dtree.c(1315): Comp split 49
INFO: dtree.c(1439): stop. leaf nodes are specific
INFO: dtree.c(1478): Final simple tree
|( QUESTION0 1 -1.953e+05 1.162e+02 9.532e+02
|    ( - -1.938e+05 8 0)
|    ( - -1.455e+03 2 0))
s>    ( QUESTION0 1 -1.953e+05 1.162e+02 9.532e+02
s>        ( - -1.938e+05 8 0)
s>        ( - -1.455e+03 2 0))INFO: dtree.c(1315): Comp split 50
INFO: dtree.c(1315): Comp split 51
INFO: dtree.c(1315): Comp split 52
INFO: dtree.c(1439): stop. leaf nodes are specific
INFO: dtree.c(1478): Final simple tree
|( QUESTION0_7_R 1 -2.146e+04 1.536e+02 9.964e+01
|    ( - -6.302e+03 2 0)
|    ( QUESTION0_1_R 1 -1.500e+04 1.218e+02 7.066e+01
|        ( WDBNDRY_E 0 -1.454e+04 1.187e+02 6.866e+01
|            ( - -1.424e+03 1 0)
|            ( - -1.299e+04 1 0))
|        ( - -3.453e+02 1 0)))
s>    ( QUESTION0_7_R 1 -2.146e+04 1.536e+02 9.964e+01
s>        ( - -6.302e+03 2 0)
s>        ( QUESTION0_1_R 1 -1.500e+04 1.218e+02 7.066e+01
s>            ( WDBNDRY_E 0 -1.454e+04 1.187e+02 6.866e+01
s>                ( - -1.424e+03 1 0)
s>                ( - -1.299e+04 1 0))
s>            ( - -3.453e+02 1 0)))INFO: dtree.c(1315): Comp split 53
INFO: dtree.c(1439): stop. leaf nodes are specific
INFO: dtree.c(1478): Final simple tree
|( WDBNDRY_E 0 -1.517e+05 1.121e+02 7.433e+02
|    ( - -4.555e+03 2 0)
|    ( - -1.470e+05 12 0))
s>    ( WDBNDRY_E 0 -1.517e+05 1.121e+02 7.433e+02
s>        ( - -4.555e+03 2 0)
s>        ( - -1.470e+05 12 0))INFO: dtree.c(1439): stop. leaf nodes are specific
INFO: dtree.c(1478): Final simple tree
|( QUESTION2_11_L -1 -3.480e+03 1.386e+02 1.700e+01
|    ( - -2.454e+03 2 0)
|    ( - -8.879e+02 1 0))
s>    ( QUESTION2_11_L -1 -3.480e+03 1.386e+02 1.700e+01
s>        ( - -2.454e+03 2 0)
s>        ( - -8.879e+02 1 0))INFO: dtree.c(1315): Comp split 54
INFO: dtree.c(1439): stop. leaf nodes are specific
INFO: dtree.c(1478): Final simple tree
|( QUESTION0 1 -1.600e+05 1.458e+02 7.841e+02
|    ( - -1.591e+05 4 0)
|    ( - -7.574e+02 1 0))
s>    ( QUESTION0 1 -1.600e+05 1.458e+02 7.841e+02
s>        ( - -1.591e+05 4 0)
s>        ( - -7.574e+02 1 0))INFO: dtree.c(1315): Comp split 55
INFO: dtree.c(1439): stop. leaf nodes are specific
INFO: dtree.c(1478): Final simple tree
|( QUESTION11 -1 -2.155e+04 1.844e+02 1.075e+02
|    ( - -1.750e+04 1 0)
|    ( - -3.867e+03 1 0))
s>    ( QUESTION11 -1 -2.155e+04 1.844e+02 1.075e+02
s>        ( - -1.750e+04 1 0)
s>        ( - -3.867e+03 1 0))INFO: dtree.c(1315): Comp split 56
INFO: dtree.c(1439): stop. leaf nodes are specific
INFO: dtree.c(1478): Final simple tree
|( QUESTION0 -1 -4.632e+04 1.577e+02 2.156e+02
|    ( - -4.450e+04 4 0)
|    ( - -1.665e+03 1 0))
s>    ( QUESTION0 -1 -4.632e+04 1.577e+02 2.156e+02
s>        ( - -4.450e+04 4 0)
s>        ( - -1.665e+03 1 0))INFO: dtree.c(1315): Comp split 57
INFO: dtree.c(1439): stop. leaf nodes are specific
INFO: dtree.c(1478): Final simple tree
|( QUESTION0_17_R 1 -2.701e+04 1.803e+02 1.307e+02
|    ( - -2.343e+04 1 0)
|    ( WDBNDRY_B 0 -3.397e+03 1.391e+02 1.700e+01
|        ( - -1.978e+03 1 0)
|        ( - -1.280e+03 1 0)))
s>    ( QUESTION0_17_R 1 -2.701e+04 1.803e+02 1.307e+02
s>        ( - -2.343e+04 1 0)
s>        ( WDBNDRY_B 0 -3.397e+03 1.391e+02 1.700e+01
s>            ( - -1.978e+03 1 0)
s>            ( - -1.280e+03 1 0)))INFO: dtree.c(1315): Comp split 58
INFO: dtree.c(1439): stop. leaf nodes are specific
INFO: dtree.c(1478): Final simple tree
|( WDBNDRY_E 0 -4.157e+04 1.918e+02 1.965e+02
|    ( - -3.736e+04 1 0)
|    ( QUESTION0_10_R 1 -4.021e+03 1.135e+02 2.000e+01
|        ( - -6.995e+02 1 0)
|        ( - -3.208e+03 2 0)))
s>    ( WDBNDRY_E 0 -4.157e+04 1.918e+02 1.965e+02
s>        ( - -3.736e+04 1 0)
s>        ( QUESTION0_10_R 1 -4.021e+03 1.135e+02 2.000e+01
s>            ( - -6.995e+02 1 0)
s>            ( - -3.208e+03 2 0)))INFO: dtree.c(1315): Comp split 59
INFO: dtree.c(1439): stop. leaf nodes are specific
INFO: dtree.c(1478): Final simple tree
|( QUESTION0_12_R 1 -3.178e+04 1.812e+02 1.461e+02
|    ( - -2.793e+02 1 0)
|    ( - -3.132e+04 2 0))
s>    ( QUESTION0_12_R 1 -3.178e+04 1.812e+02 1.461e+02
s>        ( - -2.793e+02 1 0)
s>        ( - -3.132e+04 2 0))INFO: dtree.c(1315): Comp split 60
INFO: dtree.c(1439): stop. leaf nodes are specific
INFO: dtree.c(1478): Final simple tree
|( WDBNDRY_E 0 -1.214e+05 1.317e+02 5.898e+02
|    ( - -1.697e+03 1 0)
|    ( - -1.196e+05 3 0))
s>    ( WDBNDRY_E 0 -1.214e+05 1.317e+02 5.898e+02
s>        ( - -1.697e+03 1 0)
s>        ( - -1.196e+05 3 0))INFO: dtree.c(1315): Comp split 61
INFO: dtree.c(1315): Comp split 62
INFO: dtree.c(1439): stop. leaf nodes are specific
INFO: dtree.c(1478): Final simple tree
|( QUESTION0_10_R 1 -4.021e+03 1.135e+02 2.000e+01
|    ( - -6.995e+02 1 0)
|    ( - -3.208e+03 2 0))
s>    ( QUESTION0_10_R 1 -4.021e+03 1.135e+02 2.000e+01
s>        ( - -6.995e+02 1 0)
s>        ( - -3.208e+03 2 0))INFO: dtree.c(1315): Comp split 63
INFO: dtree.c(1439): stop. leaf nodes are specific
INFO: dtree.c(1478): Final simple tree
|( WDBNDRY_B 0 -7.939e+04 1.316e+02 3.779e+02
|    ( - -2.902e+03 2 0)
|    ( - -7.636e+04 2 0))
s>    ( WDBNDRY_B 0 -7.939e+04 1.316e+02 3.779e+02
s>        ( - -2.902e+03 2 0)
s>        ( - -7.636e+04 2 0))INFO: dtree.c(1315): Comp split 64
INFO: dtree.c(1315): Comp split 65
INFO: dtree.c(1439): stop. leaf nodes are specific
INFO: dtree.c(1478): Final simple tree
|( QUESTION0_16_R 1 -1.090e+04 1.780e+02 5.500e+01
|    ( - -4.733e+02 1 0)
|    ( WDBNDRY_B 0 -1.025e+04 1.507e+02 5.200e+01
|        ( - -2.230e+03 1 0)
|        ( - -7.866e+03 3 0)))
s>    ( QUESTION0_16_R 1 -1.090e+04 1.780e+02 5.500e+01
s>        ( - -4.733e+02 1 0)
s>        ( WDBNDRY_B 0 -1.025e+04 1.507e+02 5.200e+01
s>            ( - -2.230e+03 1 0)
s>            ( - -7.866e+03 3 0)))INFO: dtree.c(1315): Comp split 66
INFO: dtree.c(1315): Comp split 67
INFO: dtree.c(1315): Comp split 68
INFO: dtree.c(1315): Comp split 69
INFO: dtree.c(1439): stop. leaf nodes are specific
INFO: dtree.c(1478): Final simple tree
|( QUESTION0_3_R 1 -9.818e+03 1.377e+02 4.800e+01
|    ( QUESTION0_7_R 1 -3.221e+03 9.213e+01 1.600e+01
|        ( - -1.383e+03 1 0)
|        ( - -1.746e+03 1 0))
|    ( WDBNDRY_E 0 -6.459e+03 1.070e+02 3.201e+01
|        ( - -3.538e+03 1 0)
|        ( - -2.815e+03 2 0)))
s>    ( QUESTION0_3_R 1 -9.818e+03 1.377e+02 4.800e+01
s>        ( QUESTION0_7_R 1 -3.221e+03 9.213e+01 1.600e+01
s>            ( - -1.383e+03 1 0)
s>            ( - -1.746e+03 1 0))
s>        ( WDBNDRY_E 0 -6.459e+03 1.070e+02 3.201e+01
s>            ( - -3.538e+03 1 0)
s>            ( - -2.815e+03 2 0)))INFO: dtree.c(1315): Comp split 70
INFO: dtree.c(1315): Comp split 71
INFO: dtree.c(1439): stop. leaf nodes are specific
INFO: dtree.c(1478): Final simple tree
|( WDBNDRY_B 0 -3.397e+03 1.391e+02 1.700e+01
|    ( - -1.978e+03 1 0)
|    ( - -1.280e+03 1 0))
s>    ( WDBNDRY_B 0 -3.397e+03 1.391e+02 1.700e+01
s>        ( - -1.978e+03 1 0)
s>        ( - -1.280e+03 1 0))INFO: dtree.c(1315): Comp split 72
INFO: dtree.c(1439): stop. leaf nodes are specific
INFO: dtree.c(1478): Final simple tree
|( WDBNDRY_B 0 -1.025e+04 1.507e+02 5.200e+01
|    ( - -2.230e+03 1 0)
|    ( - -7.866e+03 3 0))
s>    ( WDBNDRY_B 0 -1.025e+04 1.507e+02 5.200e+01
s>        ( - -2.230e+03 1 0)
s>        ( - -7.866e+03 3 0))INFO: dtree.c(1315): Comp split 73
INFO: dtree.c(1315): Comp split 74
INFO: dtree.c(1439): stop. leaf nodes are specific
INFO: dtree.c(1478): Final simple tree
|( WDBNDRY_B 0 -1.245e+04 1.594e+02 5.605e+01
|    ( QUESTION11 -1 -1.180e+04 1.554e+02 5.305e+01
|        ( - -6.967e+02 1 0)
|        ( SILENCE -1 -1.095e+04 1.022e+02 4.905e+01
|            ( - -8.952e+03 2 0)
|            ( - -1.897e+03 2 0)))
|    ( - -4.875e+02 1 0))
s>    ( WDBNDRY_B 0 -1.245e+04 1.594e+02 5.605e+01
s>        ( QUESTION11 -1 -1.180e+04 1.554e+02 5.305e+01
s>            ( - -6.967e+02 1 0)
s>            ( SILENCE -1 -1.095e+04 1.022e+02 4.905e+01
s>                ( - -8.952e+03 2 0)
s>                ( - -1.897e+03 2 0)))
s>        ( - -4.875e+02 1 0))INFO: dtree.c(1439): stop. leaf nodes are specific
INFO: dtree.c(1478): Final simple tree
|( QUESTION0 -1 -5.355e+03 1.552e+02 2.596e+01
|    ( - -3.108e+03 2 0)
|    ( - -2.092e+03 1 0))
s>    ( QUESTION0 -1 -5.355e+03 1.552e+02 2.596e+01
s>        ( - -3.108e+03 2 0)
s>        ( - -2.092e+03 1 0))INFO: dtree.c(1315): Comp split 75
INFO: dtree.c(1439): stop. leaf nodes are specific
INFO: dtree.c(1478): Final simple tree
|( QUESTION0_18_R 1 -7.321e+03 1.218e+02 3.599e+01
|    ( WDBNDRY_B 0 -5.197e+03 1.404e+02 2.599e+01
|        ( - -4.009e+03 1 0)
|        ( - -1.048e+03 1 0))
|    ( QUESTION0_15_R 1 -2.002e+03 1.121e+02 1.000e+01
|        ( - -1.107e+03 1 0)
|        ( - -7.836e+02 1 0)))
s>    ( QUESTION0_18_R 1 -7.321e+03 1.218e+02 3.599e+01
s>        ( WDBNDRY_B 0 -5.197e+03 1.404e+02 2.599e+01
s>            ( - -4.009e+03 1 0)
s>            ( - -1.048e+03 1 0))
s>        ( QUESTION0_15_R 1 -2.002e+03 1.121e+02 1.000e+01
s>            ( - -1.107e+03 1 0)
s>            ( - -7.836e+02 1 0)))INFO: dtree.c(1315): Comp split 76
INFO: dtree.c(1439): stop. leaf nodes are specific
INFO: dtree.c(1478): Final simple tree
|( QUESTION5 -1 -2.989e+04 1.238e+02 1.469e+02
|    ( - -8.862e+02 1 0)
|    ( SILENCE -1 -2.888e+04 1.198e+02 1.419e+02
|        ( - -2.787e+04 3 0)
|        ( - -8.917e+02 1 0)))
s>    ( QUESTION5 -1 -2.989e+04 1.238e+02 1.469e+02
s>        ( - -8.862e+02 1 0)
s>        ( SILENCE -1 -2.888e+04 1.198e+02 1.419e+02
s>            ( - -2.787e+04 3 0)
s>            ( - -8.917e+02 1 0)))INFO: dtree.c(1315): Comp split 77
INFO: dtree.c(1315): Comp split 78
INFO: dtree.c(1439): stop. leaf nodes are specific
INFO: dtree.c(1478): Final simple tree
|( QUESTION11 -1 -1.180e+04 1.554e+02 5.305e+01
|    ( - -6.967e+02 1 0)
|    ( SILENCE -1 -1.095e+04 1.022e+02 4.905e+01
|        ( - -8.952e+03 2 0)
|        ( - -1.897e+03 2 0)))
s>    ( QUESTION11 -1 -1.180e+04 1.554e+02 5.305e+01
s>        ( - -6.967e+02 1 0)
s>        ( SILENCE -1 -1.095e+04 1.022e+02 4.905e+01
s>            ( - -8.952e+03 2 0)
s>            ( - -1.897e+03 2 0)))INFO: dtree.c(1315): Comp split 79
INFO: dtree.c(1315): Comp split 80
INFO: dtree.c(1439): stop. leaf nodes are specific
INFO: dtree.c(1478): Final simple tree
|( SILENCE -1 -1.095e+04 1.022e+02 4.905e+01
|    ( - -8.952e+03 2 0)
|    ( - -1.897e+03 2 0))
s>    ( SILENCE -1 -1.095e+04 1.022e+02 4.905e+01
s>        ( - -8.952e+03 2 0)
s>        ( - -1.897e+03 2 0))INFO: dtree.c(1315): Comp split 81
INFO: dtree.c(1315): Comp split 82
INFO: dtree.c(1439): stop. leaf nodes are specific
INFO: dtree.c(1478): Final simple tree
|( QUESTION0_7_R 1 -5.471e+04 1.063e+02 2.611e+02
|    ( - -1.371e+03 1 0)
|    ( - -5.324e+04 2 0))
s>    ( QUESTION0_7_R 1 -5.471e+04 1.063e+02 2.611e+02
s>        ( - -1.371e+03 1 0)
s>        ( - -5.324e+04 2 0))INFO: dtree.c(1315): Comp split 83
INFO: dtree.c(1439): stop. leaf nodes are specific
INFO: dtree.c(1478): Final simple tree
|( QUESTION0_15_R 1 -6.120e+03 1.152e+02 2.999e+01
|    ( - -1.107e+03 1 0)
|    ( WDBNDRY_B 0 -4.898e+03 1.054e+02 2.399e+01
|        ( - -4.009e+03 1 0)
|        ( - -7.836e+02 1 0)))
s>    ( QUESTION0_15_R 1 -6.120e+03 1.152e+02 2.999e+01
s>        ( - -1.107e+03 1 0)
s>        ( WDBNDRY_B 0 -4.898e+03 1.054e+02 2.399e+01
s>            ( - -4.009e+03 1 0)
s>            ( - -7.836e+02 1 0)))INFO: dtree.c(1315): Comp split 84
INFO: dtree.c(1439): stop. leaf nodes are specific
INFO: dtree.c(1478): Final simple tree
|( QUESTION0_1_R 1 -1.500e+04 1.218e+02 7.066e+01
|    ( WDBNDRY_E 0 -1.454e+04 1.187e+02 6.866e+01
|        ( - -1.424e+03 1 0)
|        ( - -1.299e+04 1 0))
|    ( - -3.453e+02 1 0))
s>    ( QUESTION0_1_R 1 -1.500e+04 1.218e+02 7.066e+01
s>        ( WDBNDRY_E 0 -1.454e+04 1.187e+02 6.866e+01
s>            ( - -1.424e+03 1 0)
s>            ( - -1.299e+04 1 0))
s>        ( - -3.453e+02 1 0))INFO: dtree.c(1315): Comp split 85
INFO: dtree.c(1439): stop. leaf nodes are specific
INFO: dtree.c(1478): Final simple tree
|( QUESTION0_4_R 1 -5.208e+03 1.091e+02 2.700e+01
|    ( - -1.102e+03 2 0)
|    ( - -3.997e+03 2 0))
s>    ( QUESTION0_4_R 1 -5.208e+03 1.091e+02 2.700e+01
s>        ( - -1.102e+03 2 0)
s>        ( - -3.997e+03 2 0))INFO: dtree.c(1315): Comp split 86
INFO: dtree.c(1315): Comp split 87
INFO: dtree.c(1315): Comp split 88
INFO: dtree.c(1315): Comp split 89
INFO: dtree.c(1315): Comp split 90
INFO: dtree.c(1315): Comp split 91
INFO: dtree.c(1439): stop. leaf nodes are specific
INFO: dtree.c(1478): Final simple tree
|( WDBNDRY_E 0 -6.459e+03 1.070e+02 3.201e+01
|    ( - -3.538e+03 1 0)
|    ( - -2.815e+03 2 0))
s>    ( WDBNDRY_E 0 -6.459e+03 1.070e+02 3.201e+01
s>        ( - -3.538e+03 1 0)
s>        ( - -2.815e+03 2 0))INFO: dtree.c(1439): stop. leaf nodes are specific
INFO: dtree.c(1478): Final simple tree
|( QUESTION0_7_R 1 -3.221e+03 9.213e+01 1.600e+01
|    ( - -1.383e+03 1 0)
|    ( - -1.746e+03 1 0))
s>    ( QUESTION0_7_R 1 -3.221e+03 9.213e+01 1.600e+01
s>        ( - -1.383e+03 1 0)
s>        ( - -1.746e+03 1 0))INFO: dtree.c(1315): Comp split 92
INFO: dtree.c(1315): Comp split 93
INFO: dtree.c(1315): Comp split 94
INFO: dtree.c(1439): stop. leaf nodes are specific
INFO: dtree.c(1478): Final simple tree
|( WDBNDRY_E 0 -9.797e+04 1.160e+02 4.526e+02
|    ( - -3.270e+03 2 0)
|    ( - -9.458e+04 2 0))
s>    ( WDBNDRY_E 0 -9.797e+04 1.160e+02 4.526e+02
s>        ( - -3.270e+03 2 0)
s>        ( - -9.458e+04 2 0))INFO: dtree.c(1315): Comp split 95
INFO: dtree.c(1439): stop. leaf nodes are specific
INFO: dtree.c(1478): Final simple tree
|( SILENCE -1 -2.888e+04 1.198e+02 1.419e+02
|    ( - -2.787e+04 3 0)
|    ( - -8.917e+02 1 0))
s>    ( SILENCE -1 -2.888e+04 1.198e+02 1.419e+02
s>        ( - -2.787e+04 3 0)
s>        ( - -8.917e+02 1 0))INFO: dtree.c(1315): Comp split 96
INFO: dtree.c(1439): stop. leaf nodes are specific
INFO: dtree.c(1478): Final simple tree
|( WDBNDRY_E 0 -1.454e+04 1.187e+02 6.866e+01
|    ( - -1.424e+03 1 0)
|    ( - -1.299e+04 1 0))
s>    ( WDBNDRY_E 0 -1.454e+04 1.187e+02 6.866e+01
s>        ( - -1.424e+03 1 0)
s>        ( - -1.299e+04 1 0))INFO: dtree.c(1315): Comp split 97
INFO: dtree.c(1315): Comp split 98
INFO: dtree.c(1315): Comp split 99
INFO: dtree.c(1315): Comp split 100
INFO: dtree.c(1315): Comp split 101
INFO: dtree.c(1315): Comp split 102
INFO: dtree.c(1439): stop. leaf nodes are specific
INFO: dtree.c(1478): Final simple tree
|( WDBNDRY_B 0 -4.898e+03 1.054e+02 2.399e+01
|    ( - -4.009e+03 1 0)
|    ( - -7.836e+02 1 0))
s>    ( WDBNDRY_B 0 -4.898e+03 1.054e+02 2.399e+01
s>        ( - -4.009e+03 1 0)
s>        ( - -7.836e+02 1 0))INFO: dtree.c(1315): Comp split 103
INFO: dtree.c(1315): Comp split 104
INFO: dtree.c(1315): Comp split 105
INFO: dtree.c(1315): Comp split 106
INFO: dtree.c(1315): Comp split 107
INFO: dtree.c(1315): Comp split 108
INFO: dtree.c(1315): Comp split 109
INFO: dtree.c(1315): Comp split 110
INFO: dtree.c(1315): Comp split 111
INFO: dtree.c(1315): Comp split 112
INFO: dtree.c(1318): stop. leaf nodes are specific
Tue Apr  4 21:17:21 2023
