Current configuration:
[NAME]		[DEFLT]	[VALUE]
-allphones	no	no
-cntthresh	0.00001	1.000000e-05
-csplitmax	100	2000
-csplitmin	1	1
-csplitthr	8e-4	0.000000e+00
-example	no	no
-fullvar	no	no
-help		no	no
-meanfn			/home/lucija/Documents/Zadnji semestar/ROGJ/Prezentacije/CMUspinx/tutorial8/model_parameters/my_db.cd_cont_untied/means
-mixwfn			/home/lucija/Documents/Zadnji semestar/ROGJ/Prezentacije/CMUspinx/tutorial8/model_parameters/my_db.cd_cont_untied/mixture_weights
-moddeffn		/home/lucija/Documents/Zadnji semestar/ROGJ/Prezentacije/CMUspinx/tutorial8/model_architecture/my_db.untied.mdef
-mwfloor	1e-4	1.000000e-08
-phone			d
-psetfn			/home/lucija/Documents/Zadnji semestar/ROGJ/Prezentacije/CMUspinx/tutorial8/model_architecture/my_db.tree_questions
-ssplitmax	5	7
-ssplitmin	1	1
-ssplitthr	8e-4	0.000000e+00
-state			2
-stwt			1.0,0.05,0.0,
-treefn			/home/lucija/Documents/Zadnji semestar/ROGJ/Prezentacije/CMUspinx/tutorial8/trees/my_db.unpruned/d-2.dtree
-ts2cbfn	.semi.	.cont.
-varfloor	0.00001	1.000000e-05
-varfn			/home/lucija/Documents/Zadnji semestar/ROGJ/Prezentacije/CMUspinx/tutorial8/model_parameters/my_db.cd_cont_untied/variances

INFO: main.c(223): Reading: /home/lucija/Documents/Zadnji semestar/ROGJ/Prezentacije/CMUspinx/tutorial8/model_architecture/my_db.untied.mdef
INFO: model_def_io.c(573): Model definition info:
INFO: model_def_io.c(574): 10483 total models defined (32 base, 10451 tri)
INFO: model_def_io.c(575): 41932 total states
INFO: model_def_io.c(576): 31449 total tied states
INFO: model_def_io.c(577): 96 total tied CI states
INFO: model_def_io.c(578): 32 total tied transition matrices
INFO: model_def_io.c(579): 4 max state/model
INFO: model_def_io.c(580): 4 min state/model
INFO: main.c(242): Building trees for [d NOISE a b] through [d ž o b]
INFO: main.c(268): Covering states |[5463 6461]| == 999
INFO: main.c(275): Reading: /home/lucija/Documents/Zadnji semestar/ROGJ/Prezentacije/CMUspinx/tutorial8/model_parameters/my_db.cd_cont_untied/mixture_weights
INFO: s3mixw_io.c(172): Read /home/lucija/Documents/Zadnji semestar/ROGJ/Prezentacije/CMUspinx/tutorial8/model_parameters/my_db.cd_cont_untied/mixture_weights [999x1x1 array]
INFO: main.c(311): 332 of 333 models have observation count greater than 0.000010
INFO: main.c(95): nrm stwt: 0.000 0.048 0.952 
INFO: s3gau_io.c(168): Read /home/lucija/Documents/Zadnji semestar/ROGJ/Prezentacije/CMUspinx/tutorial8/model_parameters/my_db.cd_cont_untied/means [31449x1x1 array]
INFO: s3gau_io.c(168): Read /home/lucija/Documents/Zadnji semestar/ROGJ/Prezentacije/CMUspinx/tutorial8/model_parameters/my_db.cd_cont_untied/variances [31449x1x1 array]
INFO: main.c(549): Reading: /home/lucija/Documents/Zadnji semestar/ROGJ/Prezentacije/CMUspinx/tutorial8/model_architecture/my_db.tree_questions
INFO: main.c(587): 180 total simple questions (172 phone; 8 word bndry)
INFO: main.c(589): 42 Left Only questions, and 42 Right Only questions
INFO: dtree.c(1478): Final simple tree
|( QUESTION0_0_R 1 -1.017e+07 5.768e+04 4.531e+04
|    ( WDBNDRY_B 0 -6.918e+06 2.555e+04 3.096e+04
|        ( - -3.019e+06 130 0 QUESTION19 -1 5.548e+03 1.345e+04)
|        ( QUESTION15 -1 -3.874e+06 1.455e+04 1.751e+04
|            ( - -3.102e+05 2 0)
|            ( QUESTION0 1 -3.549e+06 1.362e+04 1.606e+04
|                ( - -2.265e+06 68 0 WDBNDRY_E 0 5.871e+03 1.022e+04)
|                ( - -1.270e+06 14 0 QUESTION2 -1 7.600e+02 5.844e+03))))
|    ( WDBNDRY_I 0 -3.198e+06 2.408e+04 1.434e+04
|        ( QUESTION0_12_R 1 -1.119e+06 7.386e+03 5.068e+03
|            ( - -6.410e+05 8 0)
|            ( - -4.707e+05 28 0 QUESTION0_2_R 1 3.905e+03 2.127e+03))
|        ( QUESTION0_13_R 1 -2.055e+06 1.045e+04 9.275e+03
|            ( - -1.166e+06 23 0 QUESTION0 -1 2.738e+03 5.355e+03)
|            ( - -8.784e+05 59 0 QUESTION0_11_R 1 2.979e+03 3.921e+03))))
s>    ( QUESTION0_0_R 1 -1.017e+07 5.768e+04 4.531e+04
s>        ( WDBNDRY_B 0 -6.918e+06 2.555e+04 3.096e+04
s>            ( - -3.019e+06 130 0 QUESTION19 -1 5.548e+03 1.345e+04)
s>            ( QUESTION15 -1 -3.874e+06 1.455e+04 1.751e+04
s>                ( - -3.102e+05 2 0)
s>                ( QUESTION0 1 -3.549e+06 1.362e+04 1.606e+04
s>                    ( - -2.265e+06 68 0 WDBNDRY_E 0 5.871e+03 1.022e+04)
s>                    ( - -1.270e+06 14 0 QUESTION2 -1 7.600e+02 5.844e+03))))
s>        ( WDBNDRY_I 0 -3.198e+06 2.408e+04 1.434e+04
s>            ( QUESTION0_12_R 1 -1.119e+06 7.386e+03 5.068e+03
s>                ( - -6.410e+05 8 0)
s>                ( - -4.707e+05 28 0 QUESTION0_2_R 1 3.905e+03 2.127e+03))
s>            ( QUESTION0_13_R 1 -2.055e+06 1.045e+04 9.275e+03
s>                ( - -1.166e+06 23 0 QUESTION0 -1 2.738e+03 5.355e+03)
s>                ( - -8.784e+05 59 0 QUESTION0_11_R 1 2.979e+03 3.921e+03))))INFO: dtree.c(1315): Comp split 0
INFO: dtree.c(1478): Final simple tree
|( WDBNDRY_I 0 -3.524e+06 2.417e+04 1.579e+04
|    ( QUESTION0_0_R 1 -1.445e+06 1.525e+04 6.518e+03
|        ( - -3.102e+05 2 0)
|        ( QUESTION0_12_R 1 -1.119e+06 7.386e+03 5.068e+03
|            ( - -6.410e+05 8 0)
|            ( QUESTION0_2_R 1 -4.707e+05 3.905e+03 2.127e+03
|                ( - -4.080e+04 8 0 QUESTION11 1 2.445e+02 1.945e+02)
|                ( - -4.260e+05 20 0 QUESTION0 1 1.266e+03 1.932e+03))))
|    ( QUESTION0_13_R 1 -2.055e+06 1.045e+04 9.275e+03
|        ( QUESTION0 -1 -1.166e+06 2.738e+03 5.355e+03
|            ( - -6.661e+05 10 0 WDBNDRY_B 0 2.026e+02 3.086e+03)
|            ( - -4.972e+05 13 0 QUESTION20 -1 1.724e+03 2.269e+03))
|        ( QUESTION0_11_R 1 -8.784e+05 2.979e+03 3.921e+03
|            ( - -3.028e+05 14 0 WDBNDRY_B 0 1.521e+03 1.346e+03)
|            ( - -5.726e+05 45 0 QUESTION0_15_R 1 1.881e+03 2.575e+03))))
s>    ( WDBNDRY_I 0 -3.524e+06 2.417e+04 1.579e+04
s>        ( QUESTION0_0_R 1 -1.445e+06 1.525e+04 6.518e+03
s>            ( - -3.102e+05 2 0)
s>            ( QUESTION0_12_R 1 -1.119e+06 7.386e+03 5.068e+03
s>                ( - -6.410e+05 8 0)
s>                ( QUESTION0_2_R 1 -4.707e+05 3.905e+03 2.127e+03
s>                    ( - -4.080e+04 8 0 QUESTION11 1 2.445e+02 1.945e+02)
s>                    ( - -4.260e+05 20 0 QUESTION0 1 1.266e+03 1.932e+03))))
s>        ( QUESTION0_13_R 1 -2.055e+06 1.045e+04 9.275e+03
s>            ( QUESTION0 -1 -1.166e+06 2.738e+03 5.355e+03
s>                ( - -6.661e+05 10 0 WDBNDRY_B 0 2.026e+02 3.086e+03)
s>                ( - -4.972e+05 13 0 QUESTION20 -1 1.724e+03 2.269e+03))
s>            ( QUESTION0_11_R 1 -8.784e+05 2.979e+03 3.921e+03
s>                ( - -3.028e+05 14 0 WDBNDRY_B 0 1.521e+03 1.346e+03)
s>                ( - -5.726e+05 45 0 QUESTION0_15_R 1 1.881e+03 2.575e+03))))INFO: dtree.c(1478): Final simple tree
|( WDBNDRY_I 0 -6.592e+06 2.552e+04 2.951e+04
|    ( QUESTION0 1 -3.368e+06 1.404e+04 1.528e+04
|        ( QUESTION0 -1 -2.090e+06 2.306e+03 9.464e+03
|            ( - -1.844e+06 29 0 QUESTION2_0_L -1 1.647e+02 8.357e+03)
|            ( - -2.435e+05 19 0 QUESTION2 -1 1.547e+03 1.107e+03))
|        ( - -1.264e+06 10 0 QUESTION2 -1 7.638e+02 5.817e+03))
|    ( QUESTION19 -1 -3.199e+06 6.094e+03 1.423e+04
|        ( QUESTION0 1 -5.212e+05 4.367e+03 2.327e+03
|            ( - -4.245e+05 6 0)
|            ( - -9.235e+04 1 0))
|        ( WDBNDRY_B 0 -2.672e+06 4.063e+03 1.190e+04
|            ( SILENCE -1 -2.492e+06 2.444e+03 1.112e+04
|                ( - -1.356e+05 7 0 QUESTION0 1 5.119e+02 5.992e+02)
|                ( - -2.354e+06 116 0 QUESTION2_4_L -1 1.666e+03 1.052e+04))
|            ( - -1.756e+05 24 0 QUESTION0 1 1.732e+02 7.805e+02))))
s>    ( WDBNDRY_I 0 -6.592e+06 2.552e+04 2.951e+04
s>        ( QUESTION0 1 -3.368e+06 1.404e+04 1.528e+04
s>            ( QUESTION0 -1 -2.090e+06 2.306e+03 9.464e+03
s>                ( - -1.844e+06 29 0 QUESTION2_0_L -1 1.647e+02 8.357e+03)
s>                ( - -2.435e+05 19 0 QUESTION2 -1 1.547e+03 1.107e+03))
s>            ( - -1.264e+06 10 0 QUESTION2 -1 7.638e+02 5.817e+03))
s>        ( QUESTION19 -1 -3.199e+06 6.094e+03 1.423e+04
s>            ( QUESTION0 1 -5.212e+05 4.367e+03 2.327e+03
s>                ( - -4.245e+05 6 0)
s>                ( - -9.235e+04 1 0))
s>            ( WDBNDRY_B 0 -2.672e+06 4.063e+03 1.190e+04
s>                ( SILENCE -1 -2.492e+06 2.444e+03 1.112e+04
s>                    ( - -1.356e+05 7 0 QUESTION0 1 5.119e+02 5.992e+02)
s>                    ( - -2.354e+06 116 0 QUESTION2_4_L -1 1.666e+03 1.052e+04))
s>                ( - -1.756e+05 24 0 QUESTION0 1 1.732e+02 7.805e+02))))INFO: dtree.c(1315): Comp split 1
INFO: dtree.c(1478): Final simple tree
|( QUESTION19 -1 -3.199e+06 6.094e+03 1.423e+04
|    ( QUESTION0 1 -5.212e+05 4.367e+03 2.327e+03
|        ( - -4.245e+05 6 0)
|        ( - -9.235e+04 1 0))
|    ( WDBNDRY_B 0 -2.672e+06 4.063e+03 1.190e+04
|        ( SILENCE -1 -2.492e+06 2.444e+03 1.112e+04
|            ( - -1.356e+05 7 0 QUESTION0 1 5.119e+02 5.992e+02)
|            ( QUESTION2_4_L -1 -2.354e+06 1.666e+03 1.052e+04
|                ( - -5.441e+04 6 0 QUESTION0 1 1.669e+02 2.523e+02)
|                ( QUESTION2_2_L -1 -2.298e+06 1.498e+03 1.027e+04
|                    ( - -3.942e+05 22 0 QUESTION0 1 2.127e+02 1.753e+03)
|                    ( QUESTION17 -1 -1.902e+06 1.428e+03 8.519e+03
|                        ( - -8.248e+04 10 0 QUESTION0 1 1.374e+02 3.735e+02)
|                        ( - -1.818e+06 78 0 QUESTION16 -1 2.014e+03 8.146e+03)))))
|        ( - -1.756e+05 24 0 QUESTION0 1 1.732e+02 7.805e+02)))
s>    ( QUESTION19 -1 -3.199e+06 6.094e+03 1.423e+04
s>        ( QUESTION0 1 -5.212e+05 4.367e+03 2.327e+03
s>            ( - -4.245e+05 6 0)
s>            ( - -9.235e+04 1 0))
s>        ( WDBNDRY_B 0 -2.672e+06 4.063e+03 1.190e+04
s>            ( SILENCE -1 -2.492e+06 2.444e+03 1.112e+04
s>                ( - -1.356e+05 7 0 QUESTION0 1 5.119e+02 5.992e+02)
s>                ( QUESTION2_4_L -1 -2.354e+06 1.666e+03 1.052e+04
s>                    ( - -5.441e+04 6 0 QUESTION0 1 1.669e+02 2.523e+02)
s>                    ( QUESTION2_2_L -1 -2.298e+06 1.498e+03 1.027e+04
s>                        ( - -3.942e+05 22 0 QUESTION0 1 2.127e+02 1.753e+03)
s>                        ( QUESTION17 -1 -1.902e+06 1.428e+03 8.519e+03
s>                            ( - -8.248e+04 10 0 QUESTION0 1 1.374e+02 3.735e+02)
s>                            ( - -1.818e+06 78 0 QUESTION16 -1 2.014e+03 8.146e+03)))))
s>            ( - -1.756e+05 24 0 QUESTION0 1 1.732e+02 7.805e+02)))INFO: dtree.c(1478): Final simple tree
|( QUESTION0 1 -3.368e+06 1.404e+04 1.528e+04
|    ( QUESTION0 -1 -2.090e+06 2.306e+03 9.464e+03
|        ( QUESTION2_0_L -1 -1.844e+06 1.647e+02 8.357e+03
|            ( - -1.844e+06 28 0)
|            ( - -3.061e+02 1 0))
|        ( QUESTION2 -1 -2.435e+05 1.547e+03 1.107e+03
|            ( QUESTION5 -1 -7.147e+04 1.248e+02 3.293e+02
|                ( - -5.243e+02 1 0)
|                ( - -7.082e+04 4 0))
|            ( - -1.704e+05 14 0)))
|    ( QUESTION2 -1 -1.264e+06 7.638e+02 5.817e+03
|        ( - -1.726e+04 1 0)
|        ( QUESTION0 -1 -1.246e+06 1.246e+02 5.736e+03
|            ( - -1.245e+06 8 0)
|            ( - -7.538e+02 1 0))))
s>    ( QUESTION0 1 -3.368e+06 1.404e+04 1.528e+04
s>        ( QUESTION0 -1 -2.090e+06 2.306e+03 9.464e+03
s>            ( QUESTION2_0_L -1 -1.844e+06 1.647e+02 8.357e+03
s>                ( - -1.844e+06 28 0)
s>                ( - -3.061e+02 1 0))
s>            ( QUESTION2 -1 -2.435e+05 1.547e+03 1.107e+03
s>                ( QUESTION5 -1 -7.147e+04 1.248e+02 3.293e+02
s>                    ( - -5.243e+02 1 0)
s>                    ( - -7.082e+04 4 0))
s>                ( - -1.704e+05 14 0)))
s>        ( QUESTION2 -1 -1.264e+06 7.638e+02 5.817e+03
s>            ( - -1.726e+04 1 0)
s>            ( QUESTION0 -1 -1.246e+06 1.246e+02 5.736e+03
s>                ( - -1.245e+06 8 0)
s>                ( - -7.538e+02 1 0))))INFO: dtree.c(1315): Comp split 2
INFO: dtree.c(1478): Final simple tree
|( QUESTION0_13_R 1 -2.055e+06 1.045e+04 9.275e+03
|    ( QUESTION0 -1 -1.166e+06 2.738e+03 5.355e+03
|        ( - -6.661e+05 10 0 WDBNDRY_B 0 2.026e+02 3.086e+03)
|        ( QUESTION20 -1 -4.972e+05 1.724e+03 2.269e+03
|            ( - -2.326e+05 2 0)
|            ( - -2.629e+05 11 0 QUESTION16 -1 9.448e+02 1.193e+03)))
|    ( QUESTION0_11_R 1 -8.784e+05 2.979e+03 3.921e+03
|        ( WDBNDRY_B 0 -3.028e+05 1.521e+03 1.346e+03
|            ( QUESTION0 -1 -1.328e+05 1.347e+03 5.956e+02
|                ( - -9.571e+04 5 0)
|                ( - -3.577e+04 3 0 QUESTION2 -1 1.190e+02 1.603e+02))
|            ( - -1.684e+05 6 0))
|        ( QUESTION0_15_R 1 -5.726e+05 1.881e+03 2.575e+03
|            ( - -2.141e+05 12 0 QUESTION0 -1 4.548e+02 9.682e+02)
|            ( - -3.567e+05 33 0 QUESTION10 1 1.185e+03 1.607e+03))))
s>    ( QUESTION0_13_R 1 -2.055e+06 1.045e+04 9.275e+03
s>        ( QUESTION0 -1 -1.166e+06 2.738e+03 5.355e+03
s>            ( - -6.661e+05 10 0 WDBNDRY_B 0 2.026e+02 3.086e+03)
s>            ( QUESTION20 -1 -4.972e+05 1.724e+03 2.269e+03
s>                ( - -2.326e+05 2 0)
s>                ( - -2.629e+05 11 0 QUESTION16 -1 9.448e+02 1.193e+03)))
s>        ( QUESTION0_11_R 1 -8.784e+05 2.979e+03 3.921e+03
s>            ( WDBNDRY_B 0 -3.028e+05 1.521e+03 1.346e+03
s>                ( QUESTION0 -1 -1.328e+05 1.347e+03 5.956e+02
s>                    ( - -9.571e+04 5 0)
s>                    ( - -3.577e+04 3 0 QUESTION2 -1 1.190e+02 1.603e+02))
s>                ( - -1.684e+05 6 0))
s>            ( QUESTION0_15_R 1 -5.726e+05 1.881e+03 2.575e+03
s>                ( - -2.141e+05 12 0 QUESTION0 -1 4.548e+02 9.682e+02)
s>                ( - -3.567e+05 33 0 QUESTION10 1 1.185e+03 1.607e+03))))INFO: dtree.c(1478): Final simple tree
|( QUESTION0_0_R 1 -1.445e+06 1.525e+04 6.518e+03
|    ( - -3.102e+05 2 0)
|    ( QUESTION0_12_R 1 -1.119e+06 7.386e+03 5.068e+03
|        ( - -6.410e+05 8 0)
|        ( QUESTION0_2_R 1 -4.707e+05 3.905e+03 2.127e+03
|            ( QUESTION11 1 -4.080e+04 2.445e+02 1.945e+02
|                ( - -3.814e+04 6 0 QUESTION0 -1 1.304e+02 1.825e+02)
|                ( - -2.420e+03 2 0))
|            ( QUESTION0 1 -4.260e+05 1.266e+03 1.932e+03
|                ( - -3.905e+05 5 0 QUESTION0 -1 1.286e+02 1.777e+03)
|                ( QUESTION0_11_R 1 -3.426e+04 4.548e+02 1.553e+02
|                    ( QUESTION2_2_L -1 -1.237e+04 2.481e+02 5.598e+01
|                        ( - -1.435e+03 1 0)
|                        ( - -1.069e+04 5 0 QUESTION2 -1 1.685e+02 4.898e+01))
|                    ( - -2.143e+04 9 0 QUESTION0_15_R 1 1.336e+02 9.934e+01))))))
s>    ( QUESTION0_0_R 1 -1.445e+06 1.525e+04 6.518e+03
s>        ( - -3.102e+05 2 0)
s>        ( QUESTION0_12_R 1 -1.119e+06 7.386e+03 5.068e+03
s>            ( - -6.410e+05 8 0)
s>            ( QUESTION0_2_R 1 -4.707e+05 3.905e+03 2.127e+03
s>                ( QUESTION11 1 -4.080e+04 2.445e+02 1.945e+02
s>                    ( - -3.814e+04 6 0 QUESTION0 -1 1.304e+02 1.825e+02)
s>                    ( - -2.420e+03 2 0))
s>                ( QUESTION0 1 -4.260e+05 1.266e+03 1.932e+03
s>                    ( - -3.905e+05 5 0 QUESTION0 -1 1.286e+02 1.777e+03)
s>                    ( QUESTION0_11_R 1 -3.426e+04 4.548e+02 1.553e+02
s>                        ( QUESTION2_2_L -1 -1.237e+04 2.481e+02 5.598e+01
s>                            ( - -1.435e+03 1 0)
s>                            ( - -1.069e+04 5 0 QUESTION2 -1 1.685e+02 4.898e+01))
s>                        ( - -2.143e+04 9 0 QUESTION0_15_R 1 1.336e+02 9.934e+01))))))INFO: dtree.c(1315): Comp split 3
INFO: dtree.c(1478): Final simple tree
|( QUESTION0_12_R 1 -1.119e+06 7.386e+03 5.068e+03
|    ( - -6.410e+05 8 0)
|    ( QUESTION0_2_R 1 -4.707e+05 3.905e+03 2.127e+03
|        ( QUESTION11 1 -4.080e+04 2.445e+02 1.945e+02
|            ( - -3.814e+04 6 0 QUESTION0 -1 1.304e+02 1.825e+02)
|            ( - -2.420e+03 2 0))
|        ( QUESTION0 1 -4.260e+05 1.266e+03 1.932e+03
|            ( - -3.905e+05 5 0 QUESTION0 -1 1.286e+02 1.777e+03)
|            ( QUESTION0_11_R 1 -3.426e+04 4.548e+02 1.553e+02
|                ( QUESTION2_2_L -1 -1.237e+04 2.481e+02 5.598e+01
|                    ( - -1.435e+03 1 0)
|                    ( QUESTION2 -1 -1.069e+04 1.685e+02 4.898e+01
|                        ( - -2.475e+03 1 0)
|                        ( - -8.044e+03 4 0 QUESTION0 -1 1.324e+02 3.698e+01)))
|                ( - -2.143e+04 9 0 QUESTION0_15_R 1 1.336e+02 9.934e+01)))))
s>    ( QUESTION0_12_R 1 -1.119e+06 7.386e+03 5.068e+03
s>        ( - -6.410e+05 8 0)
s>        ( QUESTION0_2_R 1 -4.707e+05 3.905e+03 2.127e+03
s>            ( QUESTION11 1 -4.080e+04 2.445e+02 1.945e+02
s>                ( - -3.814e+04 6 0 QUESTION0 -1 1.304e+02 1.825e+02)
s>                ( - -2.420e+03 2 0))
s>            ( QUESTION0 1 -4.260e+05 1.266e+03 1.932e+03
s>                ( - -3.905e+05 5 0 QUESTION0 -1 1.286e+02 1.777e+03)
s>                ( QUESTION0_11_R 1 -3.426e+04 4.548e+02 1.553e+02
s>                    ( QUESTION2_2_L -1 -1.237e+04 2.481e+02 5.598e+01
s>                        ( - -1.435e+03 1 0)
s>                        ( QUESTION2 -1 -1.069e+04 1.685e+02 4.898e+01
s>                            ( - -2.475e+03 1 0)
s>                            ( - -8.044e+03 4 0 QUESTION0 -1 1.324e+02 3.698e+01)))
s>                    ( - -2.143e+04 9 0 QUESTION0_15_R 1 1.336e+02 9.934e+01)))))INFO: dtree.c(1315): Comp split 4
INFO: dtree.c(1439): stop. leaf nodes are specific
INFO: dtree.c(1478): Final simple tree
|( QUESTION0 -1 -1.246e+06 1.246e+02 5.736e+03
|    ( - -1.245e+06 8 0)
|    ( - -7.538e+02 1 0))
s>    ( QUESTION0 -1 -1.246e+06 1.246e+02 5.736e+03
s>        ( - -1.245e+06 8 0)
s>        ( - -7.538e+02 1 0))INFO: dtree.c(1439): stop. leaf nodes are specific
INFO: dtree.c(1478): Final simple tree
|( QUESTION0 -1 -2.108e+06 2.468e+03 9.545e+03
|    ( QUESTION2_0_L -1 -1.844e+06 1.647e+02 8.357e+03
|        ( - -1.844e+06 28 0)
|        ( - -3.061e+02 1 0))
|    ( QUESTION2 -1 -2.612e+05 1.565e+03 1.187e+03
|        ( QUESTION0 1 -8.916e+04 4.228e+02 4.100e+02
|            ( QUESTION5 -1 -7.147e+04 1.248e+02 3.293e+02
|                ( - -5.243e+02 1 0)
|                ( - -7.082e+04 4 0))
|            ( - -1.726e+04 1 0))
|        ( - -1.704e+05 14 0)))
s>    ( QUESTION0 -1 -2.108e+06 2.468e+03 9.545e+03
s>        ( QUESTION2_0_L -1 -1.844e+06 1.647e+02 8.357e+03
s>            ( - -1.844e+06 28 0)
s>            ( - -3.061e+02 1 0))
s>        ( QUESTION2 -1 -2.612e+05 1.565e+03 1.187e+03
s>            ( QUESTION0 1 -8.916e+04 4.228e+02 4.100e+02
s>                ( QUESTION5 -1 -7.147e+04 1.248e+02 3.293e+02
s>                    ( - -5.243e+02 1 0)
s>                    ( - -7.082e+04 4 0))
s>                ( - -1.726e+04 1 0))
s>            ( - -1.704e+05 14 0)))INFO: dtree.c(1315): Comp split 5
INFO: dtree.c(1478): Final simple tree
|( QUESTION0_11_R 1 -8.784e+05 2.979e+03 3.921e+03
|    ( WDBNDRY_B 0 -3.028e+05 1.521e+03 1.346e+03
|        ( QUESTION0 -1 -1.328e+05 1.347e+03 5.956e+02
|            ( - -9.571e+04 5 0)
|            ( - -3.577e+04 3 0 QUESTION2 -1 1.190e+02 1.603e+02))
|        ( - -1.684e+05 6 0))
|    ( QUESTION0_15_R 1 -5.726e+05 1.881e+03 2.575e+03
|        ( - -2.141e+05 12 0 QUESTION0 -1 4.548e+02 9.682e+02)
|        ( QUESTION10 1 -3.567e+05 1.185e+03 1.607e+03
|            ( - -4.690e+04 7 0 QUESTION0_3_R 1 4.558e+02 2.133e+02)
|            ( QUESTION4 1 -3.086e+05 7.370e+02 1.393e+03
|                ( - -8.688e+04 4 0 QUESTION0_2_R 1 2.460e+02 3.904e+02)
|                ( QUESTION20 1 -2.210e+05 6.196e+02 1.003e+03
|                    ( - -3.943e+04 5 0 QUESTION0_17_R 1 3.434e+02 1.794e+02)
|                    ( - -1.809e+05 17 0 QUESTION0_10_R 1 3.105e+02 8.234e+02))))))
s>    ( QUESTION0_11_R 1 -8.784e+05 2.979e+03 3.921e+03
s>        ( WDBNDRY_B 0 -3.028e+05 1.521e+03 1.346e+03
s>            ( QUESTION0 -1 -1.328e+05 1.347e+03 5.956e+02
s>                ( - -9.571e+04 5 0)
s>                ( - -3.577e+04 3 0 QUESTION2 -1 1.190e+02 1.603e+02))
s>            ( - -1.684e+05 6 0))
s>        ( QUESTION0_15_R 1 -5.726e+05 1.881e+03 2.575e+03
s>            ( - -2.141e+05 12 0 QUESTION0 -1 4.548e+02 9.682e+02)
s>            ( QUESTION10 1 -3.567e+05 1.185e+03 1.607e+03
s>                ( - -4.690e+04 7 0 QUESTION0_3_R 1 4.558e+02 2.133e+02)
s>                ( QUESTION4 1 -3.086e+05 7.370e+02 1.393e+03
s>                    ( - -8.688e+04 4 0 QUESTION0_2_R 1 2.460e+02 3.904e+02)
s>                    ( QUESTION20 1 -2.210e+05 6.196e+02 1.003e+03
s>                        ( - -3.943e+04 5 0 QUESTION0_17_R 1 3.434e+02 1.794e+02)
s>                        ( - -1.809e+05 17 0 QUESTION0_10_R 1 3.105e+02 8.234e+02))))))INFO: dtree.c(1478): Final simple tree
|( QUESTION0 -1 -1.166e+06 2.738e+03 5.355e+03
|    ( WDBNDRY_B 0 -6.661e+05 2.026e+02 3.086e+03
|        ( - -6.584e+05 6 0 QUESTION2_0_L -1 1.343e+02 3.052e+03)
|        ( - -7.475e+03 4 0 QUESTION0 1 1.321e+02 3.427e+01))
|    ( QUESTION20 -1 -4.972e+05 1.724e+03 2.269e+03
|        ( - -2.326e+05 2 0)
|        ( QUESTION16 -1 -2.629e+05 9.448e+02 1.193e+03
|            ( - -7.849e+04 2 0 QUESTION17 -1 9.890e+01 3.621e+02)
|            ( QUESTION15 -1 -1.835e+05 5.651e+02 8.312e+02
|                ( - -6.279e+04 1 0)
|                ( QUESTION2_15_L -1 -1.201e+05 3.893e+02 5.476e+02
|                    ( - -7.019e+04 1 0)
|                    ( SILENCE -1 -4.955e+04 1.762e+02 2.257e+02
|                        ( - -1.052e+04 1 0)
|                        ( - -3.885e+04 6 0 QUESTION3 -1 1.669e+02 1.768e+02)))))))
s>    ( QUESTION0 -1 -1.166e+06 2.738e+03 5.355e+03
s>        ( WDBNDRY_B 0 -6.661e+05 2.026e+02 3.086e+03
s>            ( - -6.584e+05 6 0 QUESTION2_0_L -1 1.343e+02 3.052e+03)
s>            ( - -7.475e+03 4 0 QUESTION0 1 1.321e+02 3.427e+01))
s>        ( QUESTION20 -1 -4.972e+05 1.724e+03 2.269e+03
s>            ( - -2.326e+05 2 0)
s>            ( QUESTION16 -1 -2.629e+05 9.448e+02 1.193e+03
s>                ( - -7.849e+04 2 0 QUESTION17 -1 9.890e+01 3.621e+02)
s>                ( QUESTION15 -1 -1.835e+05 5.651e+02 8.312e+02
s>                    ( - -6.279e+04 1 0)
s>                    ( QUESTION2_15_L -1 -1.201e+05 3.893e+02 5.476e+02
s>                        ( - -7.019e+04 1 0)
s>                        ( SILENCE -1 -4.955e+04 1.762e+02 2.257e+02
s>                            ( - -1.052e+04 1 0)
s>                            ( - -3.885e+04 6 0 QUESTION3 -1 1.669e+02 1.768e+02)))))))INFO: dtree.c(1315): Comp split 6
INFO: dtree.c(1478): Final simple tree
|( WDBNDRY_B 0 -2.767e+06 4.166e+03 1.233e+04
|    ( QUESTION0 1 -2.587e+06 3.054e+03 1.155e+04
|        ( SILENCE -1 -2.381e+06 2.044e+03 1.063e+04
|            ( - -1.036e+05 6 0)
|            ( QUESTION2_4_L -1 -2.275e+06 1.662e+03 1.018e+04
|                ( - -5.265e+04 5 0)
|                ( QUESTION2_2_L -1 -2.221e+06 1.522e+03 9.932e+03
|                    ( - -3.865e+05 18 0 QUESTION0 -1 1.901e+02 1.719e+03)
|                    ( QUESTION17 -1 -1.833e+06 1.451e+03 8.214e+03
|                        ( - -8.160e+04 9 0)
|                        ( QUESTION16 -1 -1.750e+06 2.036e+03 7.844e+03
|                            ( - -6.835e+04 4 0)
|                            ( - -1.679e+06 64 0 QUESTION0 -1 8.967e+02 7.528e+03))))))
|        ( - -2.032e+05 18 0 QUESTION18 -1 1.154e+03 9.152e+02))
|    ( - -1.756e+05 24 0 QUESTION0 1 1.732e+02 7.805e+02))
s>    ( WDBNDRY_B 0 -2.767e+06 4.166e+03 1.233e+04
s>        ( QUESTION0 1 -2.587e+06 3.054e+03 1.155e+04
s>            ( SILENCE -1 -2.381e+06 2.044e+03 1.063e+04
s>                ( - -1.036e+05 6 0)
s>                ( QUESTION2_4_L -1 -2.275e+06 1.662e+03 1.018e+04
s>                    ( - -5.265e+04 5 0)
s>                    ( QUESTION2_2_L -1 -2.221e+06 1.522e+03 9.932e+03
s>                        ( - -3.865e+05 18 0 QUESTION0 -1 1.901e+02 1.719e+03)
s>                        ( QUESTION17 -1 -1.833e+06 1.451e+03 8.214e+03
s>                            ( - -8.160e+04 9 0)
s>                            ( QUESTION16 -1 -1.750e+06 2.036e+03 7.844e+03
s>                                ( - -6.835e+04 4 0)
s>                                ( - -1.679e+06 64 0 QUESTION0 -1 8.967e+02 7.528e+03))))))
s>            ( - -2.032e+05 18 0 QUESTION18 -1 1.154e+03 9.152e+02))
s>        ( - -1.756e+05 24 0 QUESTION0 1 1.732e+02 7.805e+02))INFO: dtree.c(1315): Comp split 7
INFO: dtree.c(1478): Final simple tree
|( QUESTION0_2_R 1 -4.463e+05 3.869e+03 2.020e+03
|    ( QUESTION11 1 -4.080e+04 2.445e+02 1.945e+02
|        ( QUESTION0 -1 -3.814e+04 1.304e+02 1.825e+02
|            ( - -3.725e+04 4 0)
|            ( - -7.609e+02 2 0))
|        ( - -2.420e+03 2 0))
|    ( QUESTION0 1 -4.016e+05 4.052e+02 1.826e+03
|        ( QUESTION0 -1 -3.905e+05 1.286e+02 1.777e+03
|            ( - -3.890e+05 4 0)
|            ( - -1.393e+03 1 0))
|        ( QUESTION2 -1 -1.069e+04 1.685e+02 4.898e+01
|            ( - -2.475e+03 1 0)
|            ( QUESTION0 -1 -8.044e+03 1.324e+02 3.698e+01
|                ( - -7.593e+03 3 0)
|                ( - -3.189e+02 1 0)))))
s>    ( QUESTION0_2_R 1 -4.463e+05 3.869e+03 2.020e+03
s>        ( QUESTION11 1 -4.080e+04 2.445e+02 1.945e+02
s>            ( QUESTION0 -1 -3.814e+04 1.304e+02 1.825e+02
s>                ( - -3.725e+04 4 0)
s>                ( - -7.609e+02 2 0))
s>            ( - -2.420e+03 2 0))
s>        ( QUESTION0 1 -4.016e+05 4.052e+02 1.826e+03
s>            ( QUESTION0 -1 -3.905e+05 1.286e+02 1.777e+03
s>                ( - -3.890e+05 4 0)
s>                ( - -1.393e+03 1 0))
s>            ( QUESTION2 -1 -1.069e+04 1.685e+02 4.898e+01
s>                ( - -2.475e+03 1 0)
s>                ( QUESTION0 -1 -8.044e+03 1.324e+02 3.698e+01
s>                    ( - -7.593e+03 3 0)
s>                    ( - -3.189e+02 1 0)))))INFO: dtree.c(1439): stop. leaf nodes are specific
INFO: dtree.c(1478): Final simple tree
|( QUESTION0_11_R 1 -6.654e+05 1.195e+03 3.048e+03
|    ( QUESTION0_12_R 1 -6.428e+05 3.362e+02 2.948e+03
|        ( - -6.410e+05 8 0)
|        ( - -1.435e+03 1 0))
|    ( QUESTION0_15_R 1 -2.143e+04 1.336e+02 9.934e+01
|        ( - -1.976e+04 7 0)
|        ( - -1.540e+03 2 0)))
s>    ( QUESTION0_11_R 1 -6.654e+05 1.195e+03 3.048e+03
s>        ( QUESTION0_12_R 1 -6.428e+05 3.362e+02 2.948e+03
s>            ( - -6.410e+05 8 0)
s>            ( - -1.435e+03 1 0))
s>        ( QUESTION0_15_R 1 -2.143e+04 1.336e+02 9.934e+01
s>            ( - -1.976e+04 7 0)
s>            ( - -1.540e+03 2 0)))INFO: dtree.c(1315): Comp split 8
INFO: dtree.c(1478): Final simple tree
|( QUESTION0 1 -2.587e+06 3.054e+03 1.155e+04
|    ( SILENCE -1 -2.381e+06 2.044e+03 1.063e+04
|        ( - -1.036e+05 6 0)
|        ( QUESTION2_4_L -1 -2.275e+06 1.662e+03 1.018e+04
|            ( - -5.265e+04 5 0)
|            ( QUESTION2_2_L -1 -2.221e+06 1.522e+03 9.932e+03
|                ( - -3.865e+05 18 0 QUESTION0 -1 1.901e+02 1.719e+03)
|                ( QUESTION17 -1 -1.833e+06 1.451e+03 8.214e+03
|                    ( - -8.160e+04 9 0)
|                    ( QUESTION16 -1 -1.750e+06 2.036e+03 7.844e+03
|                        ( - -6.835e+04 4 0)
|                        ( - -1.679e+06 64 0 QUESTION0 -1 8.967e+02 7.528e+03))))))
|    ( QUESTION18 -1 -2.032e+05 1.154e+03 9.152e+02
|        ( - -9.539e+04 3 0 QUESTION19 -1 8.177e+01 4.390e+02)
|        ( - -1.066e+05 15 0 QUESTION0 -1 5.365e+02 4.762e+02)))
s>    ( QUESTION0 1 -2.587e+06 3.054e+03 1.155e+04
s>        ( SILENCE -1 -2.381e+06 2.044e+03 1.063e+04
s>            ( - -1.036e+05 6 0)
s>            ( QUESTION2_4_L -1 -2.275e+06 1.662e+03 1.018e+04
s>                ( - -5.265e+04 5 0)
s>                ( QUESTION2_2_L -1 -2.221e+06 1.522e+03 9.932e+03
s>                    ( - -3.865e+05 18 0 QUESTION0 -1 1.901e+02 1.719e+03)
s>                    ( QUESTION17 -1 -1.833e+06 1.451e+03 8.214e+03
s>                        ( - -8.160e+04 9 0)
s>                        ( QUESTION16 -1 -1.750e+06 2.036e+03 7.844e+03
s>                            ( - -6.835e+04 4 0)
s>                            ( - -1.679e+06 64 0 QUESTION0 -1 8.967e+02 7.528e+03))))))
s>        ( QUESTION18 -1 -2.032e+05 1.154e+03 9.152e+02
s>            ( - -9.539e+04 3 0 QUESTION19 -1 8.177e+01 4.390e+02)
s>            ( - -1.066e+05 15 0 QUESTION0 -1 5.365e+02 4.762e+02)))INFO: dtree.c(1439): stop. leaf nodes are specific
INFO: dtree.c(1478): Final simple tree
|( QUESTION0 1 -1.756e+05 1.732e+02 7.805e+02
|    ( - -1.695e+05 20 0)
|    ( - -5.962e+03 4 0))
s>    ( QUESTION0 1 -1.756e+05 1.732e+02 7.805e+02
s>        ( - -1.695e+05 20 0)
s>        ( - -5.962e+03 4 0))INFO: dtree.c(1315): Comp split 9
INFO: dtree.c(1439): stop. leaf nodes are specific
INFO: dtree.c(1478): Final simple tree
|( QUESTION0 1 -4.016e+05 4.052e+02 1.826e+03
|    ( QUESTION0 -1 -3.905e+05 1.286e+02 1.777e+03
|        ( - -3.890e+05 4 0)
|        ( - -1.393e+03 1 0))
|    ( QUESTION2 -1 -1.069e+04 1.685e+02 4.898e+01
|        ( - -2.475e+03 1 0)
|        ( QUESTION0 -1 -8.044e+03 1.324e+02 3.698e+01
|            ( - -7.593e+03 3 0)
|            ( - -3.189e+02 1 0))))
s>    ( QUESTION0 1 -4.016e+05 4.052e+02 1.826e+03
s>        ( QUESTION0 -1 -3.905e+05 1.286e+02 1.777e+03
s>            ( - -3.890e+05 4 0)
s>            ( - -1.393e+03 1 0))
s>        ( QUESTION2 -1 -1.069e+04 1.685e+02 4.898e+01
s>            ( - -2.475e+03 1 0)
s>            ( QUESTION0 -1 -8.044e+03 1.324e+02 3.698e+01
s>                ( - -7.593e+03 3 0)
s>                ( - -3.189e+02 1 0))))INFO: dtree.c(1439): stop. leaf nodes are specific
INFO: dtree.c(1478): Final simple tree
|( QUESTION11 1 -4.080e+04 2.445e+02 1.945e+02
|    ( QUESTION0 -1 -3.814e+04 1.304e+02 1.825e+02
|        ( - -3.725e+04 4 0)
|        ( - -7.609e+02 2 0))
|    ( - -2.420e+03 2 0))
s>    ( QUESTION11 1 -4.080e+04 2.445e+02 1.945e+02
s>        ( QUESTION0 -1 -3.814e+04 1.304e+02 1.825e+02
s>            ( - -3.725e+04 4 0)
s>            ( - -7.609e+02 2 0))
s>        ( - -2.420e+03 2 0))INFO: dtree.c(1315): Comp split 10
INFO: dtree.c(1478): Final simple tree
|( QUESTION0 1 -2.731e+05 1.613e+03 1.231e+03
|    ( - -6.835e+04 4 0)
|    ( QUESTION18 -1 -2.032e+05 1.154e+03 9.152e+02
|        ( - -9.539e+04 3 0 QUESTION19 -1 8.177e+01 4.390e+02)
|        ( QUESTION0 -1 -1.066e+05 5.365e+02 4.762e+02
|            ( QUESTION2_0_L -1 -5.417e+04 1.411e+02 2.427e+02
|                ( - -5.244e+04 5 0)
|                ( - -1.592e+03 1 0))
|            ( QUESTION4 -1 -5.194e+04 1.935e+02 2.335e+02
|                ( - -2.665e+02 1 0)
|                ( QUESTION13 -1 -5.148e+04 1.778e+02 2.315e+02
|                    ( QUESTION17 -1 -9.658e+03 1.069e+02 4.395e+01
|                        ( - -7.408e+02 1 0)
|                        ( - -8.810e+03 5 0 QUESTION14 -1 6.875e+01 3.995e+01))
|                    ( - -4.164e+04 2 0 SILENCE -1 9.075e+01 1.875e+02))))))
s>    ( QUESTION0 1 -2.731e+05 1.613e+03 1.231e+03
s>        ( - -6.835e+04 4 0)
s>        ( QUESTION18 -1 -2.032e+05 1.154e+03 9.152e+02
s>            ( - -9.539e+04 3 0 QUESTION19 -1 8.177e+01 4.390e+02)
s>            ( QUESTION0 -1 -1.066e+05 5.365e+02 4.762e+02
s>                ( QUESTION2_0_L -1 -5.417e+04 1.411e+02 2.427e+02
s>                    ( - -5.244e+04 5 0)
s>                    ( - -1.592e+03 1 0))
s>                ( QUESTION4 -1 -5.194e+04 1.935e+02 2.335e+02
s>                    ( - -2.665e+02 1 0)
s>                    ( QUESTION13 -1 -5.148e+04 1.778e+02 2.315e+02
s>                        ( QUESTION17 -1 -9.658e+03 1.069e+02 4.395e+01
s>                            ( - -7.408e+02 1 0)
s>                            ( - -8.810e+03 5 0 QUESTION14 -1 6.875e+01 3.995e+01))
s>                        ( - -4.164e+04 2 0 SILENCE -1 9.075e+01 1.875e+02))))))INFO: dtree.c(1478): Final simple tree
|( SILENCE -1 -2.310e+06 2.063e+03 1.032e+04
|    ( - -1.036e+05 6 0)
|    ( QUESTION2_4_L -1 -2.205e+06 1.692e+03 9.860e+03
|        ( - -5.265e+04 5 0)
|        ( QUESTION2_2_L -1 -2.150e+06 1.423e+03 9.616e+03
|            ( - -3.865e+05 18 0 QUESTION0 -1 1.901e+02 1.719e+03)
|            ( QUESTION16 -1 -1.762e+06 1.385e+03 7.898e+03
|                ( - -8.160e+04 9 0)
|                ( QUESTION0 -1 -1.679e+06 8.967e+02 7.528e+03
|                    ( - -1.564e+06 30 0)
|                    ( QUESTION11 -1 -1.143e+05 6.635e+02 5.094e+02
|                        ( - -3.106e+04 7 0 QUESTION2_15_L -1 2.391e+02 1.419e+02)
|                        ( QUESTION3 -1 -8.256e+04 2.434e+02 3.675e+02
|                            ( - -5.219e+04 6 0)
|                            ( - -3.013e+04 21 0 QUESTION2_12_L -1 1.537e+02 1.350e+02))))))))
s>    ( SILENCE -1 -2.310e+06 2.063e+03 1.032e+04
s>        ( - -1.036e+05 6 0)
s>        ( QUESTION2_4_L -1 -2.205e+06 1.692e+03 9.860e+03
s>            ( - -5.265e+04 5 0)
s>            ( QUESTION2_2_L -1 -2.150e+06 1.423e+03 9.616e+03
s>                ( - -3.865e+05 18 0 QUESTION0 -1 1.901e+02 1.719e+03)
s>                ( QUESTION16 -1 -1.762e+06 1.385e+03 7.898e+03
s>                    ( - -8.160e+04 9 0)
s>                    ( QUESTION0 -1 -1.679e+06 8.967e+02 7.528e+03
s>                        ( - -1.564e+06 30 0)
s>                        ( QUESTION11 -1 -1.143e+05 6.635e+02 5.094e+02
s>                            ( - -3.106e+04 7 0 QUESTION2_15_L -1 2.391e+02 1.419e+02)
s>                            ( QUESTION3 -1 -8.256e+04 2.434e+02 3.675e+02
s>                                ( - -5.219e+04 6 0)
s>                                ( - -3.013e+04 21 0 QUESTION2_12_L -1 1.537e+02 1.350e+02))))))))INFO: dtree.c(1315): Comp split 11
INFO: dtree.c(1439): stop. leaf nodes are specific
INFO: dtree.c(1478): Final simple tree
|( QUESTION20 -1 -4.177e+05 1.697e+03 1.907e+03
|    ( - -2.326e+05 2 0)
|    ( QUESTION15 -1 -1.835e+05 5.651e+02 8.312e+02
|        ( - -6.279e+04 1 0)
|        ( QUESTION2_15_L -1 -1.201e+05 3.893e+02 5.476e+02
|            ( - -7.019e+04 1 0)
|            ( SILENCE -1 -4.955e+04 1.762e+02 2.257e+02
|                ( - -1.052e+04 1 0)
|                ( QUESTION3 -1 -3.885e+04 1.669e+02 1.768e+02
|                    ( - -2.456e+03 1 0)
|                    ( QUESTION2 -1 -3.623e+04 1.267e+02 1.648e+02
|                        ( - -4.300e+03 1 0)
|                        ( - -3.180e+04 4 0)))))))
s>    ( QUESTION20 -1 -4.177e+05 1.697e+03 1.907e+03
s>        ( - -2.326e+05 2 0)
s>        ( QUESTION15 -1 -1.835e+05 5.651e+02 8.312e+02
s>            ( - -6.279e+04 1 0)
s>            ( QUESTION2_15_L -1 -1.201e+05 3.893e+02 5.476e+02
s>                ( - -7.019e+04 1 0)
s>                ( SILENCE -1 -4.955e+04 1.762e+02 2.257e+02
s>                    ( - -1.052e+04 1 0)
s>                    ( QUESTION3 -1 -3.885e+04 1.669e+02 1.768e+02
s>                        ( - -2.456e+03 1 0)
s>                        ( QUESTION2 -1 -3.623e+04 1.267e+02 1.648e+02
s>                            ( - -4.300e+03 1 0)
s>                            ( - -3.180e+04 4 0)))))))INFO: dtree.c(1439): stop. leaf nodes are specific
INFO: dtree.c(1478): Final simple tree
|( QUESTION0 -1 -7.453e+05 6.876e+02 3.448e+03
|    ( WDBNDRY_B 0 -6.661e+05 2.026e+02 3.086e+03
|        ( QUESTION2_0_L -1 -6.584e+05 1.343e+02 3.052e+03
|            ( - -6.576e+05 5 0)
|            ( - -7.419e+02 1 0))
|        ( QUESTION0 1 -7.475e+03 1.321e+02 3.427e+01
|            ( - -1.050e+03 2 0)
|            ( - -6.293e+03 2 0)))
|    ( QUESTION17 -1 -7.849e+04 9.890e+01 3.621e+02
|        ( - -5.404e+02 1 0)
|        ( - -7.786e+04 1 0)))
s>    ( QUESTION0 -1 -7.453e+05 6.876e+02 3.448e+03
s>        ( WDBNDRY_B 0 -6.661e+05 2.026e+02 3.086e+03
s>            ( QUESTION2_0_L -1 -6.584e+05 1.343e+02 3.052e+03
s>                ( - -6.576e+05 5 0)
s>                ( - -7.419e+02 1 0))
s>            ( QUESTION0 1 -7.475e+03 1.321e+02 3.427e+01
s>                ( - -1.050e+03 2 0)
s>                ( - -6.293e+03 2 0)))
s>        ( QUESTION17 -1 -7.849e+04 9.890e+01 3.621e+02
s>            ( - -5.404e+02 1 0)
s>            ( - -7.786e+04 1 0)))INFO: dtree.c(1315): Comp split 12
INFO: dtree.c(1478): Final simple tree
|( QUESTION0_15_R 1 -5.726e+05 1.881e+03 2.575e+03
|    ( QUESTION0 -1 -2.141e+05 4.548e+02 9.682e+02
|        ( QUESTION17 1 -2.053e+05 3.465e+02 9.272e+02
|            ( - -1.864e+04 5 0)
|            ( - -1.863e+05 4 0))
|        ( - -8.340e+03 3 0 QUESTION17 1 2.132e+02 4.100e+01))
|    ( QUESTION10 1 -3.567e+05 1.185e+03 1.607e+03
|        ( QUESTION0_3_R 1 -4.690e+04 4.558e+02 2.133e+02
|            ( - -4.669e+04 6 0 QUESTION11 1 3.368e+02 2.123e+02)
|            ( - 2.431e+02 1 0))
|        ( QUESTION4 1 -3.086e+05 7.370e+02 1.393e+03
|            ( - -8.688e+04 4 0 QUESTION0_2_R 1 2.460e+02 3.904e+02)
|            ( QUESTION20 1 -2.210e+05 6.196e+02 1.003e+03
|                ( - -3.943e+04 5 0 QUESTION0_17_R 1 3.434e+02 1.794e+02)
|                ( - -1.809e+05 17 0 QUESTION0_10_R 1 3.105e+02 8.234e+02)))))
s>    ( QUESTION0_15_R 1 -5.726e+05 1.881e+03 2.575e+03
s>        ( QUESTION0 -1 -2.141e+05 4.548e+02 9.682e+02
s>            ( QUESTION17 1 -2.053e+05 3.465e+02 9.272e+02
s>                ( - -1.864e+04 5 0)
s>                ( - -1.863e+05 4 0))
s>            ( - -8.340e+03 3 0 QUESTION17 1 2.132e+02 4.100e+01))
s>        ( QUESTION10 1 -3.567e+05 1.185e+03 1.607e+03
s>            ( QUESTION0_3_R 1 -4.690e+04 4.558e+02 2.133e+02
s>                ( - -4.669e+04 6 0 QUESTION11 1 3.368e+02 2.123e+02)
s>                ( - 2.431e+02 1 0))
s>            ( QUESTION4 1 -3.086e+05 7.370e+02 1.393e+03
s>                ( - -8.688e+04 4 0 QUESTION0_2_R 1 2.460e+02 3.904e+02)
s>                ( QUESTION20 1 -2.210e+05 6.196e+02 1.003e+03
s>                    ( - -3.943e+04 5 0 QUESTION0_17_R 1 3.434e+02 1.794e+02)
s>                    ( - -1.809e+05 17 0 QUESTION0_10_R 1 3.105e+02 8.234e+02)))))INFO: dtree.c(1439): stop. leaf nodes are specific
INFO: dtree.c(1478): Final simple tree
|( WDBNDRY_B 0 -3.028e+05 1.521e+03 1.346e+03
|    ( QUESTION0 -1 -1.328e+05 1.347e+03 5.956e+02
|        ( - -9.571e+04 5 0)
|        ( QUESTION2 -1 -3.577e+04 1.190e+02 1.603e+02
|            ( - -1.224e+04 1 0)
|            ( SILENCE -1 -2.341e+04 1.021e+02 1.053e+02
|                ( - -2.033e+04 1 0)
|                ( - -2.971e+03 1 0))))
|    ( - -1.684e+05 6 0))
s>    ( WDBNDRY_B 0 -3.028e+05 1.521e+03 1.346e+03
s>        ( QUESTION0 -1 -1.328e+05 1.347e+03 5.956e+02
s>            ( - -9.571e+04 5 0)
s>            ( QUESTION2 -1 -3.577e+04 1.190e+02 1.603e+02
s>                ( - -1.224e+04 1 0)
s>                ( SILENCE -1 -2.341e+04 1.021e+02 1.053e+02
s>                    ( - -2.033e+04 1 0)
s>                    ( - -2.971e+03 1 0))))
s>        ( - -1.684e+05 6 0))INFO: dtree.c(1315): Comp split 13
INFO: dtree.c(1478): Final simple tree
|( QUESTION2_2_L -1 -2.065e+06 1.390e+03 9.242e+03
|    ( QUESTION0 -1 -3.865e+05 1.901e+02 1.719e+03
|        ( - -2.557e+02 1 0)
|        ( - -3.861e+05 17 0))
|    ( QUESTION16 -1 -1.677e+06 1.351e+03 7.523e+03
|        ( - -8.160e+04 9 0)
|        ( QUESTION0 -1 -1.594e+06 1.793e+02 7.154e+03
|            ( - -1.564e+06 30 0)
|            ( QUESTION2_12_L -1 -3.013e+04 1.537e+02 1.350e+02
|                ( - -3.032e+02 1 0)
|                ( QUESTION6 -1 -2.967e+04 1.499e+02 1.330e+02
|                    ( - -4.491e+03 2 0)
|                    ( QUESTION5 -1 -2.503e+04 1.480e+02 1.120e+02
|                        ( - -2.876e+03 3 0 QUESTION8 -1 1.176e+02 1.301e+01)
|                        ( - -2.200e+04 15 0 QUESTION2 -1 1.158e+02 9.897e+01)))))))
s>    ( QUESTION2_2_L -1 -2.065e+06 1.390e+03 9.242e+03
s>        ( QUESTION0 -1 -3.865e+05 1.901e+02 1.719e+03
s>            ( - -2.557e+02 1 0)
s>            ( - -3.861e+05 17 0))
s>        ( QUESTION16 -1 -1.677e+06 1.351e+03 7.523e+03
s>            ( - -8.160e+04 9 0)
s>            ( QUESTION0 -1 -1.594e+06 1.793e+02 7.154e+03
s>                ( - -1.564e+06 30 0)
s>                ( QUESTION2_12_L -1 -3.013e+04 1.537e+02 1.350e+02
s>                    ( - -3.032e+02 1 0)
s>                    ( QUESTION6 -1 -2.967e+04 1.499e+02 1.330e+02
s>                        ( - -4.491e+03 2 0)
s>                        ( QUESTION5 -1 -2.503e+04 1.480e+02 1.120e+02
s>                            ( - -2.876e+03 3 0 QUESTION8 -1 1.176e+02 1.301e+01)
s>                            ( - -2.200e+04 15 0 QUESTION2 -1 1.158e+02 9.897e+01)))))))INFO: dtree.c(1439): stop. leaf nodes are specific
INFO: dtree.c(1478): Final simple tree
|( QUESTION2_1_L -1 -2.422e+05 1.796e+03 1.075e+03
|    ( QUESTION2_15_L -1 -8.439e+04 6.877e+02 3.862e+02
|        ( - -2.677e+04 5 0)
|        ( QUESTION0 -1 -5.694e+04 2.340e+02 2.633e+02
|            ( - -5.265e+04 5 0)
|            ( - -4.055e+03 2 0)))
|    ( SILENCE -1 -1.560e+05 2.611e+02 6.892e+02
|        ( - -1.036e+05 6 0)
|        ( - -5.219e+04 6 0)))
s>    ( QUESTION2_1_L -1 -2.422e+05 1.796e+03 1.075e+03
s>        ( QUESTION2_15_L -1 -8.439e+04 6.877e+02 3.862e+02
s>            ( - -2.677e+04 5 0)
s>            ( QUESTION0 -1 -5.694e+04 2.340e+02 2.633e+02
s>                ( - -5.265e+04 5 0)
s>                ( - -4.055e+03 2 0)))
s>        ( SILENCE -1 -1.560e+05 2.611e+02 6.892e+02
s>            ( - -1.036e+05 6 0)
s>            ( - -5.219e+04 6 0)))INFO: dtree.c(1315): Comp split 14
INFO: dtree.c(1439): stop. leaf nodes are specific
INFO: dtree.c(1478): Final simple tree
|( QUESTION2 -1 -2.612e+05 1.565e+03 1.187e+03
|    ( QUESTION0 1 -8.916e+04 4.228e+02 4.100e+02
|        ( QUESTION5 -1 -7.147e+04 1.248e+02 3.293e+02
|            ( - -5.243e+02 1 0)
|            ( - -7.082e+04 4 0))
|        ( - -1.726e+04 1 0))
|    ( - -1.704e+05 14 0))
s>    ( QUESTION2 -1 -2.612e+05 1.565e+03 1.187e+03
s>        ( QUESTION0 1 -8.916e+04 4.228e+02 4.100e+02
s>            ( QUESTION5 -1 -7.147e+04 1.248e+02 3.293e+02
s>                ( - -5.243e+02 1 0)
s>                ( - -7.082e+04 4 0))
s>            ( - -1.726e+04 1 0))
s>        ( - -1.704e+05 14 0))INFO: dtree.c(1439): stop. leaf nodes are specific
INFO: dtree.c(1478): Final simple tree
|( QUESTION2_0_L -1 -1.844e+06 1.647e+02 8.357e+03
|    ( - -1.844e+06 28 0)
|    ( - -3.061e+02 1 0))
s>    ( QUESTION2_0_L -1 -1.844e+06 1.647e+02 8.357e+03
s>        ( - -1.844e+06 28 0)
s>        ( - -3.061e+02 1 0))INFO: dtree.c(1315): Comp split 15
INFO: dtree.c(1478): Final simple tree
|( QUESTION10 1 -3.843e+05 1.172e+03 1.732e+03
|    ( QUESTION0_3_R 1 -4.690e+04 4.558e+02 2.133e+02
|        ( QUESTION11 1 -4.669e+04 3.368e+02 2.123e+02
|            ( - -3.663e+04 3 0)
|            ( - -9.728e+03 3 0))
|        ( - 2.431e+02 1 0))
|    ( QUESTION4 1 -3.362e+05 8.126e+02 1.519e+03
|        ( - -8.688e+04 4 0 QUESTION0_2_R 1 2.460e+02 3.904e+02)
|        ( QUESTION20 1 -2.485e+05 5.985e+02 1.128e+03
|            ( QUESTION0_17_R 1 -3.943e+04 3.434e+02 1.794e+02
|                ( - -3.312e+04 4 0)
|                ( - -5.968e+03 1 0))
|            ( QUESTION0_16_R 1 -2.085e+05 3.610e+02 9.490e+02
|                ( - -1.548e+05 9 0 QUESTION0 -1 1.170e+02 7.044e+02)
|                ( - -5.331e+04 16 0 QUESTION17 1 3.358e+02 2.446e+02)))))
s>    ( QUESTION10 1 -3.843e+05 1.172e+03 1.732e+03
s>        ( QUESTION0_3_R 1 -4.690e+04 4.558e+02 2.133e+02
s>            ( QUESTION11 1 -4.669e+04 3.368e+02 2.123e+02
s>                ( - -3.663e+04 3 0)
s>                ( - -9.728e+03 3 0))
s>            ( - 2.431e+02 1 0))
s>        ( QUESTION4 1 -3.362e+05 8.126e+02 1.519e+03
s>            ( - -8.688e+04 4 0 QUESTION0_2_R 1 2.460e+02 3.904e+02)
s>            ( QUESTION20 1 -2.485e+05 5.985e+02 1.128e+03
s>                ( QUESTION0_17_R 1 -3.943e+04 3.434e+02 1.794e+02
s>                    ( - -3.312e+04 4 0)
s>                    ( - -5.968e+03 1 0))
s>                ( QUESTION0_16_R 1 -2.085e+05 3.610e+02 9.490e+02
s>                    ( - -1.548e+05 9 0 QUESTION0 -1 1.170e+02 7.044e+02)
s>                    ( - -5.331e+04 16 0 QUESTION17 1 3.358e+02 2.446e+02)))))INFO: dtree.c(1315): Comp split 16
INFO: dtree.c(1439): stop. leaf nodes are specific
INFO: dtree.c(1478): Final simple tree
|( QUESTION2_15_L -1 -8.439e+04 6.877e+02 3.862e+02
|    ( - -2.677e+04 5 0)
|    ( QUESTION0 -1 -5.694e+04 2.340e+02 2.633e+02
|        ( - -5.265e+04 5 0)
|        ( - -4.055e+03 2 0)))
s>    ( QUESTION2_15_L -1 -8.439e+04 6.877e+02 3.862e+02
s>        ( - -2.677e+04 5 0)
s>        ( QUESTION0 -1 -5.694e+04 2.340e+02 2.633e+02
s>            ( - -5.265e+04 5 0)
s>            ( - -4.055e+03 2 0)))INFO: dtree.c(1439): stop. leaf nodes are specific
INFO: dtree.c(1478): Final simple tree
|( SILENCE -1 -1.560e+05 2.611e+02 6.892e+02
|    ( - -1.036e+05 6 0)
|    ( - -5.219e+04 6 0))
s>    ( SILENCE -1 -1.560e+05 2.611e+02 6.892e+02
s>        ( - -1.036e+05 6 0)
s>        ( - -5.219e+04 6 0))INFO: dtree.c(1315): Comp split 17
INFO: dtree.c(1439): stop. leaf nodes are specific
INFO: dtree.c(1478): Final simple tree
|( WDBNDRY_B 0 -2.053e+05 1.096e+03 9.106e+02
|    ( QUESTION2 -1 -3.577e+04 1.190e+02 1.603e+02
|        ( - -1.224e+04 1 0)
|        ( SILENCE -1 -2.341e+04 1.021e+02 1.053e+02
|            ( - -2.033e+04 1 0)
|            ( - -2.971e+03 1 0)))
|    ( - -1.684e+05 6 0))
s>    ( WDBNDRY_B 0 -2.053e+05 1.096e+03 9.106e+02
s>        ( QUESTION2 -1 -3.577e+04 1.190e+02 1.603e+02
s>            ( - -1.224e+04 1 0)
s>            ( SILENCE -1 -2.341e+04 1.021e+02 1.053e+02
s>                ( - -2.033e+04 1 0)
s>                ( - -2.971e+03 1 0)))
s>        ( - -1.684e+05 6 0))INFO: dtree.c(1315): Comp split 18
INFO: dtree.c(1439): stop. leaf nodes are specific
INFO: dtree.c(1478): Final simple tree
|( QUESTION15 -1 -1.835e+05 5.651e+02 8.312e+02
|    ( - -6.279e+04 1 0)
|    ( QUESTION2_15_L -1 -1.201e+05 3.893e+02 5.476e+02
|        ( - -7.019e+04 1 0)
|        ( SILENCE -1 -4.955e+04 1.762e+02 2.257e+02
|            ( - -1.052e+04 1 0)
|            ( QUESTION3 -1 -3.885e+04 1.669e+02 1.768e+02
|                ( - -2.456e+03 1 0)
|                ( QUESTION2 -1 -3.623e+04 1.267e+02 1.648e+02
|                    ( - -4.300e+03 1 0)
|                    ( - -3.180e+04 4 0))))))
s>    ( QUESTION15 -1 -1.835e+05 5.651e+02 8.312e+02
s>        ( - -6.279e+04 1 0)
s>        ( QUESTION2_15_L -1 -1.201e+05 3.893e+02 5.476e+02
s>            ( - -7.019e+04 1 0)
s>            ( SILENCE -1 -4.955e+04 1.762e+02 2.257e+02
s>                ( - -1.052e+04 1 0)
s>                ( QUESTION3 -1 -3.885e+04 1.669e+02 1.768e+02
s>                    ( - -2.456e+03 1 0)
s>                    ( QUESTION2 -1 -3.623e+04 1.267e+02 1.648e+02
s>                        ( - -4.300e+03 1 0)
s>                        ( - -3.180e+04 4 0))))))INFO: dtree.c(1315): Comp split 19
INFO: dtree.c(1478): Final simple tree
|( QUESTION18 -1 -2.032e+05 1.154e+03 9.152e+02
|    ( - -9.539e+04 3 0 QUESTION19 -1 8.177e+01 4.390e+02)
|    ( QUESTION0 -1 -1.066e+05 5.365e+02 4.762e+02
|        ( QUESTION2_0_L -1 -5.417e+04 1.411e+02 2.427e+02
|            ( - -5.244e+04 5 0)
|            ( - -1.592e+03 1 0))
|        ( QUESTION4 -1 -5.194e+04 1.935e+02 2.335e+02
|            ( - -2.665e+02 1 0)
|            ( QUESTION13 -1 -5.148e+04 1.778e+02 2.315e+02
|                ( QUESTION17 -1 -9.658e+03 1.069e+02 4.395e+01
|                    ( - -7.408e+02 1 0)
|                    ( - -8.810e+03 5 0 QUESTION14 -1 6.875e+01 3.995e+01))
|                ( SILENCE -1 -4.164e+04 9.075e+01 1.875e+02
|                    ( - -3.150e+04 1 0)
|                    ( - -1.005e+04 1 0))))))
s>    ( QUESTION18 -1 -2.032e+05 1.154e+03 9.152e+02
s>        ( - -9.539e+04 3 0 QUESTION19 -1 8.177e+01 4.390e+02)
s>        ( QUESTION0 -1 -1.066e+05 5.365e+02 4.762e+02
s>            ( QUESTION2_0_L -1 -5.417e+04 1.411e+02 2.427e+02
s>                ( - -5.244e+04 5 0)
s>                ( - -1.592e+03 1 0))
s>            ( QUESTION4 -1 -5.194e+04 1.935e+02 2.335e+02
s>                ( - -2.665e+02 1 0)
s>                ( QUESTION13 -1 -5.148e+04 1.778e+02 2.315e+02
s>                    ( QUESTION17 -1 -9.658e+03 1.069e+02 4.395e+01
s>                        ( - -7.408e+02 1 0)
s>                        ( - -8.810e+03 5 0 QUESTION14 -1 6.875e+01 3.995e+01))
s>                    ( SILENCE -1 -4.164e+04 9.075e+01 1.875e+02
s>                        ( - -3.150e+04 1 0)
s>                        ( - -1.005e+04 1 0))))))INFO: dtree.c(1315): Comp split 20
INFO: dtree.c(1439): stop. leaf nodes are specific
INFO: dtree.c(1478): Final simple tree
|( QUESTION0 1 -8.916e+04 4.228e+02 4.100e+02
|    ( QUESTION5 -1 -7.147e+04 1.248e+02 3.293e+02
|        ( - -5.243e+02 1 0)
|        ( - -7.082e+04 4 0))
|    ( - -1.726e+04 1 0))
s>    ( QUESTION0 1 -8.916e+04 4.228e+02 4.100e+02
s>        ( QUESTION5 -1 -7.147e+04 1.248e+02 3.293e+02
s>            ( - -5.243e+02 1 0)
s>            ( - -7.082e+04 4 0))
s>        ( - -1.726e+04 1 0))INFO: dtree.c(1315): Comp split 21
INFO: dtree.c(1439): stop. leaf nodes are specific
INFO: dtree.c(1478): Final simple tree
|( QUESTION7 -1 -1.594e+06 1.728e+02 7.152e+03
|    ( QUESTION8 -1 -2.876e+03 1.176e+02 1.301e+01
|        ( - -5.452e+02 1 0)
|        ( - -2.213e+03 2 0))
|    ( QUESTION13 -1 -1.591e+06 1.604e+02 7.139e+03
|        ( - -1.766e+04 11 0)
|        ( QUESTION5 -1 -1.573e+06 1.442e+02 7.059e+03
|            ( - -4.491e+03 2 0)
|            ( QUESTION0 -1 -1.569e+06 1.077e+02 7.038e+03
|                ( - -1.564e+06 30 0)
|                ( - -4.225e+03 4 0)))))
s>    ( QUESTION7 -1 -1.594e+06 1.728e+02 7.152e+03
s>        ( QUESTION8 -1 -2.876e+03 1.176e+02 1.301e+01
s>            ( - -5.452e+02 1 0)
s>            ( - -2.213e+03 2 0))
s>        ( QUESTION13 -1 -1.591e+06 1.604e+02 7.139e+03
s>            ( - -1.766e+04 11 0)
s>            ( QUESTION5 -1 -1.573e+06 1.442e+02 7.059e+03
s>                ( - -4.491e+03 2 0)
s>                ( QUESTION0 -1 -1.569e+06 1.077e+02 7.038e+03
s>                    ( - -1.564e+06 30 0)
s>                    ( - -4.225e+03 4 0)))))INFO: dtree.c(1439): stop. leaf nodes are specific
INFO: dtree.c(1478): Final simple tree
|( QUESTION2_2_L -1 -4.698e+05 1.277e+03 2.090e+03
|    ( QUESTION0 -1 -3.865e+05 1.901e+02 1.719e+03
|        ( - -2.557e+02 1 0)
|        ( - -3.861e+05 17 0))
|    ( QUESTION2 -1 -8.206e+04 1.592e+02 3.715e+02
|        ( - -3.032e+02 1 0)
|        ( - -8.160e+04 9 0)))
s>    ( QUESTION2_2_L -1 -4.698e+05 1.277e+03 2.090e+03
s>        ( QUESTION0 -1 -3.865e+05 1.901e+02 1.719e+03
s>            ( - -2.557e+02 1 0)
s>            ( - -3.861e+05 17 0))
s>        ( QUESTION2 -1 -8.206e+04 1.592e+02 3.715e+02
s>            ( - -3.032e+02 1 0)
s>            ( - -8.160e+04 9 0)))INFO: dtree.c(1315): Comp split 22
INFO: dtree.c(1439): stop. leaf nodes are specific
INFO: dtree.c(1478): Final simple tree
|( QUESTION2 -1 -8.206e+04 1.592e+02 3.715e+02
|    ( - -3.032e+02 1 0)
|    ( - -8.160e+04 9 0))
s>    ( QUESTION2 -1 -8.206e+04 1.592e+02 3.715e+02
s>        ( - -3.032e+02 1 0)
s>        ( - -8.160e+04 9 0))INFO: dtree.c(1439): stop. leaf nodes are specific
INFO: dtree.c(1478): Final simple tree
|( QUESTION0 -1 -3.865e+05 1.901e+02 1.719e+03
|    ( - -2.557e+02 1 0)
|    ( - -3.861e+05 17 0))
s>    ( QUESTION0 -1 -3.865e+05 1.901e+02 1.719e+03
s>        ( - -2.557e+02 1 0)
s>        ( - -3.861e+05 17 0))INFO: dtree.c(1315): Comp split 23
INFO: dtree.c(1439): stop. leaf nodes are specific
INFO: dtree.c(1478): Final simple tree
|( QUESTION0_15_R 1 -2.143e+04 1.336e+02 9.934e+01
|    ( - -1.976e+04 7 0)
|    ( - -1.540e+03 2 0))
s>    ( QUESTION0_15_R 1 -2.143e+04 1.336e+02 9.934e+01
s>        ( - -1.976e+04 7 0)
s>        ( - -1.540e+03 2 0))INFO: dtree.c(1439): stop. leaf nodes are specific
INFO: dtree.c(1478): Final simple tree
|( QUESTION0_12_R 1 -6.428e+05 3.362e+02 2.948e+03
|    ( - -6.410e+05 8 0)
|    ( - -1.435e+03 1 0))
s>    ( QUESTION0_12_R 1 -6.428e+05 3.362e+02 2.948e+03
s>        ( - -6.410e+05 8 0)
s>        ( - -1.435e+03 1 0))INFO: dtree.c(1315): Comp split 24
INFO: dtree.c(1439): stop. leaf nodes are specific
INFO: dtree.c(1478): Final simple tree
|( QUESTION0 -1 -1.036e+05 5.363e+02 4.622e+02
|    ( - -5.244e+04 5 0)
|    ( QUESTION13 -1 -5.062e+04 1.671e+02 2.275e+02
|        ( QUESTION14 -1 -8.810e+03 6.875e+01 3.995e+01
|            ( - -7.448e+03 4 0)
|            ( - -1.293e+03 1 0))
|        ( SILENCE -1 -4.164e+04 9.075e+01 1.875e+02
|            ( - -3.150e+04 1 0)
|            ( - -1.005e+04 1 0))))
s>    ( QUESTION0 -1 -1.036e+05 5.363e+02 4.622e+02
s>        ( - -5.244e+04 5 0)
s>        ( QUESTION13 -1 -5.062e+04 1.671e+02 2.275e+02
s>            ( QUESTION14 -1 -8.810e+03 6.875e+01 3.995e+01
s>                ( - -7.448e+03 4 0)
s>                ( - -1.293e+03 1 0))
s>            ( SILENCE -1 -4.164e+04 9.075e+01 1.875e+02
s>                ( - -3.150e+04 1 0)
s>                ( - -1.005e+04 1 0))))INFO: dtree.c(1439): stop. leaf nodes are specific
INFO: dtree.c(1478): Final simple tree
|( QUESTION2 -1 -9.841e+04 1.850e+02 4.530e+02
|    ( - -2.665e+02 1 0)
|    ( QUESTION18 -1 -9.796e+04 1.588e+02 4.510e+02
|        ( QUESTION19 -1 -9.539e+04 8.177e+01 4.390e+02
|            ( - -9.235e+04 1 0)
|            ( - -2.958e+03 2 0))
|        ( QUESTION0 -1 -2.415e+03 8.165e+01 1.200e+01
|            ( - -1.592e+03 1 0)
|            ( - -7.408e+02 1 0))))
s>    ( QUESTION2 -1 -9.841e+04 1.850e+02 4.530e+02
s>        ( - -2.665e+02 1 0)
s>        ( QUESTION18 -1 -9.796e+04 1.588e+02 4.510e+02
s>            ( QUESTION19 -1 -9.539e+04 8.177e+01 4.390e+02
s>                ( - -9.235e+04 1 0)
s>                ( - -2.958e+03 2 0))
s>            ( QUESTION0 -1 -2.415e+03 8.165e+01 1.200e+01
s>                ( - -1.592e+03 1 0)
s>                ( - -7.408e+02 1 0))))INFO: dtree.c(1315): Comp split 25
INFO: dtree.c(1478): Final simple tree
|( QUESTION4 1 -3.362e+05 8.126e+02 1.519e+03
|    ( QUESTION0_2_R 1 -8.688e+04 2.460e+02 3.904e+02
|        ( - -3.748e+04 3 0 QUESTION0_5_R 1 1.608e+02 1.684e+02)
|        ( - -4.916e+04 1 0))
|    ( QUESTION20 1 -2.485e+05 5.985e+02 1.128e+03
|        ( QUESTION0_17_R 1 -3.943e+04 3.434e+02 1.794e+02
|            ( - -3.312e+04 4 0)
|            ( - -5.968e+03 1 0))
|        ( QUESTION0_16_R 1 -2.085e+05 3.610e+02 9.490e+02
|            ( - -1.548e+05 9 0 QUESTION0 -1 1.170e+02 7.044e+02)
|            ( QUESTION17 1 -5.331e+04 3.358e+02 2.446e+02
|                ( - -1.975e+04 6 0 QUESTION0 -1 1.403e+02 8.957e+01)
|                ( QUESTION0_10_R 1 -3.322e+04 2.914e+02 1.551e+02
|                    ( - -7.157e+03 2 0)
|                    ( - -2.577e+04 8 0 SILENCE 1 2.254e+02 1.191e+02))))))
s>    ( QUESTION4 1 -3.362e+05 8.126e+02 1.519e+03
s>        ( QUESTION0_2_R 1 -8.688e+04 2.460e+02 3.904e+02
s>            ( - -3.748e+04 3 0 QUESTION0_5_R 1 1.608e+02 1.684e+02)
s>            ( - -4.916e+04 1 0))
s>        ( QUESTION20 1 -2.485e+05 5.985e+02 1.128e+03
s>            ( QUESTION0_17_R 1 -3.943e+04 3.434e+02 1.794e+02
s>                ( - -3.312e+04 4 0)
s>                ( - -5.968e+03 1 0))
s>            ( QUESTION0_16_R 1 -2.085e+05 3.610e+02 9.490e+02
s>                ( - -1.548e+05 9 0 QUESTION0 -1 1.170e+02 7.044e+02)
s>                ( QUESTION17 1 -5.331e+04 3.358e+02 2.446e+02
s>                    ( - -1.975e+04 6 0 QUESTION0 -1 1.403e+02 8.957e+01)
s>                    ( QUESTION0_10_R 1 -3.322e+04 2.914e+02 1.551e+02
s>                        ( - -7.157e+03 2 0)
s>                        ( - -2.577e+04 8 0 SILENCE 1 2.254e+02 1.191e+02))))))INFO: dtree.c(1439): stop. leaf nodes are specific
INFO: dtree.c(1478): Final simple tree
|( QUESTION0_3_R 1 -4.690e+04 4.558e+02 2.133e+02
|    ( QUESTION11 1 -4.669e+04 3.368e+02 2.123e+02
|        ( - -3.663e+04 3 0)
|        ( - -9.728e+03 3 0))
|    ( - 2.431e+02 1 0))
s>    ( QUESTION0_3_R 1 -4.690e+04 4.558e+02 2.133e+02
s>        ( QUESTION11 1 -4.669e+04 3.368e+02 2.123e+02
s>            ( - -3.663e+04 3 0)
s>            ( - -9.728e+03 3 0))
s>        ( - 2.431e+02 1 0))INFO: dtree.c(1315): Comp split 26
INFO: dtree.c(1439): stop. leaf nodes are specific
INFO: dtree.c(1478): Final simple tree
|( QUESTION2 -1 -3.577e+04 1.190e+02 1.603e+02
|    ( - -1.224e+04 1 0)
|    ( SILENCE -1 -2.341e+04 1.021e+02 1.053e+02
|        ( - -2.033e+04 1 0)
|        ( - -2.971e+03 1 0)))
s>    ( QUESTION2 -1 -3.577e+04 1.190e+02 1.603e+02
s>        ( - -1.224e+04 1 0)
s>        ( SILENCE -1 -2.341e+04 1.021e+02 1.053e+02
s>            ( - -2.033e+04 1 0)
s>            ( - -2.971e+03 1 0)))INFO: dtree.c(1315): Comp split 27
INFO: dtree.c(1478): Final simple tree
|( QUESTION20 1 -2.485e+05 5.985e+02 1.128e+03
|    ( QUESTION0_17_R 1 -3.943e+04 3.434e+02 1.794e+02
|        ( - -3.312e+04 4 0)
|        ( - -5.968e+03 1 0))
|    ( QUESTION0_16_R 1 -2.085e+05 3.610e+02 9.490e+02
|        ( - -1.548e+05 9 0 QUESTION0 -1 1.170e+02 7.044e+02)
|        ( QUESTION17 1 -5.331e+04 3.358e+02 2.446e+02
|            ( - -1.975e+04 6 0 QUESTION0 -1 1.403e+02 8.957e+01)
|            ( QUESTION0_10_R 1 -3.322e+04 2.914e+02 1.551e+02
|                ( - -7.157e+03 2 0)
|                ( SILENCE 1 -2.577e+04 2.254e+02 1.191e+02
|                    ( - -1.569e+04 4 0 QUESTION0 -1 1.207e+02 7.304e+01)
|                    ( QUESTION0 -1 -9.854e+03 4.518e+02 4.602e+01
|                        ( - -9.618e+03 3 0)
|                        ( - 2.159e+02 1 0)))))))
s>    ( QUESTION20 1 -2.485e+05 5.985e+02 1.128e+03
s>        ( QUESTION0_17_R 1 -3.943e+04 3.434e+02 1.794e+02
s>            ( - -3.312e+04 4 0)
s>            ( - -5.968e+03 1 0))
s>        ( QUESTION0_16_R 1 -2.085e+05 3.610e+02 9.490e+02
s>            ( - -1.548e+05 9 0 QUESTION0 -1 1.170e+02 7.044e+02)
s>            ( QUESTION17 1 -5.331e+04 3.358e+02 2.446e+02
s>                ( - -1.975e+04 6 0 QUESTION0 -1 1.403e+02 8.957e+01)
s>                ( QUESTION0_10_R 1 -3.322e+04 2.914e+02 1.551e+02
s>                    ( - -7.157e+03 2 0)
s>                    ( SILENCE 1 -2.577e+04 2.254e+02 1.191e+02
s>                        ( - -1.569e+04 4 0 QUESTION0 -1 1.207e+02 7.304e+01)
s>                        ( QUESTION0 -1 -9.854e+03 4.518e+02 4.602e+01
s>                            ( - -9.618e+03 3 0)
s>                            ( - 2.159e+02 1 0)))))))INFO: dtree.c(1439): stop. leaf nodes are specific
INFO: dtree.c(1478): Final simple tree
|( QUESTION0_2_R 1 -8.688e+04 2.460e+02 3.904e+02
|    ( QUESTION0_5_R 1 -3.748e+04 1.608e+02 1.684e+02
|        ( QUESTION0 -1 -3.679e+04 1.396e+02 1.654e+02
|            ( - -3.523e+04 1 0)
|            ( - -1.420e+03 1 0))
|        ( - -5.289e+02 1 0))
|    ( - -4.916e+04 1 0))
s>    ( QUESTION0_2_R 1 -8.688e+04 2.460e+02 3.904e+02
s>        ( QUESTION0_5_R 1 -3.748e+04 1.608e+02 1.684e+02
s>            ( QUESTION0 -1 -3.679e+04 1.396e+02 1.654e+02
s>                ( - -3.523e+04 1 0)
s>                ( - -1.420e+03 1 0))
s>            ( - -5.289e+02 1 0))
s>        ( - -4.916e+04 1 0))INFO: dtree.c(1315): Comp split 28
INFO: dtree.c(1439): stop. leaf nodes are specific
INFO: dtree.c(1478): Final simple tree
|( QUESTION0 -1 -5.694e+04 2.340e+02 2.633e+02
|    ( - -5.265e+04 5 0)
|    ( - -4.055e+03 2 0))
s>    ( QUESTION0 -1 -5.694e+04 2.340e+02 2.633e+02
s>        ( - -5.265e+04 5 0)
s>        ( - -4.055e+03 2 0))INFO: dtree.c(1315): Comp split 29
INFO: dtree.c(1439): stop. leaf nodes are specific
INFO: dtree.c(1478): Final simple tree
|( WDBNDRY_B 0 -6.661e+05 2.026e+02 3.086e+03
|    ( QUESTION2_0_L -1 -6.584e+05 1.343e+02 3.052e+03
|        ( - -6.576e+05 5 0)
|        ( - -7.419e+02 1 0))
|    ( QUESTION0 1 -7.475e+03 1.321e+02 3.427e+01
|        ( - -1.050e+03 2 0)
|        ( - -6.293e+03 2 0)))
s>    ( WDBNDRY_B 0 -6.661e+05 2.026e+02 3.086e+03
s>        ( QUESTION2_0_L -1 -6.584e+05 1.343e+02 3.052e+03
s>            ( - -6.576e+05 5 0)
s>            ( - -7.419e+02 1 0))
s>        ( QUESTION0 1 -7.475e+03 1.321e+02 3.427e+01
s>            ( - -1.050e+03 2 0)
s>            ( - -6.293e+03 2 0)))INFO: dtree.c(1439): stop. leaf nodes are specific
INFO: dtree.c(1478): Final simple tree
|( QUESTION17 -1 -7.849e+04 9.890e+01 3.621e+02
|    ( - -5.404e+02 1 0)
|    ( - -7.786e+04 1 0))
s>    ( QUESTION17 -1 -7.849e+04 9.890e+01 3.621e+02
s>        ( - -5.404e+02 1 0)
s>        ( - -7.786e+04 1 0))INFO: dtree.c(1315): Comp split 30
INFO: dtree.c(1439): stop. leaf nodes are specific
INFO: dtree.c(1478): Final simple tree
|( QUESTION0_16_R 1 -1.884e+05 3.769e+02 8.594e+02
|    ( QUESTION0 -1 -1.548e+05 1.170e+02 7.044e+02
|        ( - -1.537e+05 8 0)
|        ( - -9.913e+02 1 0))
|    ( QUESTION0_10_R 1 -3.322e+04 2.914e+02 1.551e+02
|        ( - -7.157e+03 2 0)
|        ( SILENCE 1 -2.577e+04 2.254e+02 1.191e+02
|            ( QUESTION0 -1 -1.569e+04 1.207e+02 7.304e+01
|                ( - -1.479e+04 3 0)
|                ( - -7.786e+02 1 0))
|            ( QUESTION0 -1 -9.854e+03 4.518e+02 4.602e+01
|                ( - -9.618e+03 3 0)
|                ( - 2.159e+02 1 0)))))
s>    ( QUESTION0_16_R 1 -1.884e+05 3.769e+02 8.594e+02
s>        ( QUESTION0 -1 -1.548e+05 1.170e+02 7.044e+02
s>            ( - -1.537e+05 8 0)
s>            ( - -9.913e+02 1 0))
s>        ( QUESTION0_10_R 1 -3.322e+04 2.914e+02 1.551e+02
s>            ( - -7.157e+03 2 0)
s>            ( SILENCE 1 -2.577e+04 2.254e+02 1.191e+02
s>                ( QUESTION0 -1 -1.569e+04 1.207e+02 7.304e+01
s>                    ( - -1.479e+04 3 0)
s>                    ( - -7.786e+02 1 0))
s>                ( QUESTION0 -1 -9.854e+03 4.518e+02 4.602e+01
s>                    ( - -9.618e+03 3 0)
s>                    ( - 2.159e+02 1 0)))))INFO: dtree.c(1439): stop. leaf nodes are specific
INFO: dtree.c(1478): Final simple tree
|( QUESTION0_18_R 1 -5.949e+04 3.749e+02 2.690e+02
|    ( - -5.968e+03 1 0)
|    ( QUESTION0_15_R 1 -5.315e+04 2.743e+02 2.409e+02
|        ( QUESTION0 -1 -1.975e+04 1.403e+02 8.957e+01
|            ( - -1.864e+04 5 0)
|            ( - -9.694e+02 1 0))
|        ( - -3.312e+04 4 0)))
s>    ( QUESTION0_18_R 1 -5.949e+04 3.749e+02 2.690e+02
s>        ( - -5.968e+03 1 0)
s>        ( QUESTION0_15_R 1 -5.315e+04 2.743e+02 2.409e+02
s>            ( QUESTION0 -1 -1.975e+04 1.403e+02 8.957e+01
s>                ( - -1.864e+04 5 0)
s>                ( - -9.694e+02 1 0))
s>            ( - -3.312e+04 4 0)))INFO: dtree.c(1315): Comp split 31
INFO: dtree.c(1439): stop. leaf nodes are specific
INFO: dtree.c(1478): Final simple tree
|( SILENCE -1 -4.164e+04 9.075e+01 1.875e+02
|    ( - -3.150e+04 1 0)
|    ( - -1.005e+04 1 0))
s>    ( SILENCE -1 -4.164e+04 9.075e+01 1.875e+02
s>        ( - -3.150e+04 1 0)
s>        ( - -1.005e+04 1 0))INFO: dtree.c(1439): stop. leaf nodes are specific
INFO: dtree.c(1478): Final simple tree
|( QUESTION14 -1 -6.139e+04 1.401e+02 2.747e+02
|    ( - -7.448e+03 4 0)
|    ( QUESTION0 -1 -5.380e+04 6.549e+01 2.407e+02
|        ( - -5.244e+04 5 0)
|        ( - -1.293e+03 1 0)))
s>    ( QUESTION14 -1 -6.139e+04 1.401e+02 2.747e+02
s>        ( - -7.448e+03 4 0)
s>        ( QUESTION0 -1 -5.380e+04 6.549e+01 2.407e+02
s>            ( - -5.244e+04 5 0)
s>            ( - -1.293e+03 1 0)))INFO: dtree.c(1315): Comp split 32
INFO: dtree.c(1439): stop. leaf nodes are specific
INFO: dtree.c(1478): Final simple tree
|( QUESTION2_15_L -1 -1.201e+05 3.893e+02 5.476e+02
|    ( - -7.019e+04 1 0)
|    ( SILENCE -1 -4.955e+04 1.762e+02 2.257e+02
|        ( - -1.052e+04 1 0)
|        ( QUESTION3 -1 -3.885e+04 1.669e+02 1.768e+02
|            ( - -2.456e+03 1 0)
|            ( QUESTION2 -1 -3.623e+04 1.267e+02 1.648e+02
|                ( - -4.300e+03 1 0)
|                ( - -3.180e+04 4 0)))))
s>    ( QUESTION2_15_L -1 -1.201e+05 3.893e+02 5.476e+02
s>        ( - -7.019e+04 1 0)
s>        ( SILENCE -1 -4.955e+04 1.762e+02 2.257e+02
s>            ( - -1.052e+04 1 0)
s>            ( QUESTION3 -1 -3.885e+04 1.669e+02 1.768e+02
s>                ( - -2.456e+03 1 0)
s>                ( QUESTION2 -1 -3.623e+04 1.267e+02 1.648e+02
s>                    ( - -4.300e+03 1 0)
s>                    ( - -3.180e+04 4 0)))))INFO: dtree.c(1315): Comp split 33
INFO: dtree.c(1439): stop. leaf nodes are specific
INFO: dtree.c(1478): Final simple tree
|( QUESTION11 1 -4.669e+04 3.368e+02 2.123e+02
|    ( - -3.663e+04 3 0)
|    ( - -9.728e+03 3 0))
s>    ( QUESTION11 1 -4.669e+04 3.368e+02 2.123e+02
s>        ( - -3.663e+04 3 0)
s>        ( - -9.728e+03 3 0))INFO: dtree.c(1315): Comp split 34
INFO: dtree.c(1439): stop. leaf nodes are specific
INFO: dtree.c(1478): Final simple tree
|( QUESTION0_16_R 1 -1.882e+05 3.754e+02 8.584e+02
|    ( QUESTION0 -1 -1.548e+05 1.170e+02 7.044e+02
|        ( - -1.537e+05 8 0)
|        ( - -9.913e+02 1 0))
|    ( QUESTION0_10_R 1 -3.299e+04 2.931e+02 1.541e+02
|        ( - -7.157e+03 2 0)
|        ( SILENCE 1 -2.554e+04 2.324e+02 1.181e+02
|            ( QUESTION0 -1 -1.569e+04 1.207e+02 7.304e+01
|                ( - -1.479e+04 3 0)
|                ( - -7.786e+02 1 0))
|            ( - -9.618e+03 3 0))))
s>    ( QUESTION0_16_R 1 -1.882e+05 3.754e+02 8.584e+02
s>        ( QUESTION0 -1 -1.548e+05 1.170e+02 7.044e+02
s>            ( - -1.537e+05 8 0)
s>            ( - -9.913e+02 1 0))
s>        ( QUESTION0_10_R 1 -3.299e+04 2.931e+02 1.541e+02
s>            ( - -7.157e+03 2 0)
s>            ( SILENCE 1 -2.554e+04 2.324e+02 1.181e+02
s>                ( QUESTION0 -1 -1.569e+04 1.207e+02 7.304e+01
s>                    ( - -1.479e+04 3 0)
s>                    ( - -7.786e+02 1 0))
s>                ( - -9.618e+03 3 0))))INFO: dtree.c(1315): Comp split 35
INFO: dtree.c(1439): stop. leaf nodes are specific
INFO: dtree.c(1478): Final simple tree
|( QUESTION5 -1 -7.147e+04 1.248e+02 3.293e+02
|    ( - -5.243e+02 1 0)
|    ( - -7.082e+04 4 0))
s>    ( QUESTION5 -1 -7.147e+04 1.248e+02 3.293e+02
s>        ( - -5.243e+02 1 0)
s>        ( - -7.082e+04 4 0))INFO: dtree.c(1315): Comp split 36
INFO: dtree.c(1439): stop. leaf nodes are specific
INFO: dtree.c(1478): Final simple tree
|( QUESTION2 -1 -1.069e+04 1.685e+02 4.898e+01
|    ( - -2.475e+03 1 0)
|    ( QUESTION0 -1 -8.044e+03 1.324e+02 3.698e+01
|        ( - -7.593e+03 3 0)
|        ( - -3.189e+02 1 0)))
s>    ( QUESTION2 -1 -1.069e+04 1.685e+02 4.898e+01
s>        ( - -2.475e+03 1 0)
s>        ( QUESTION0 -1 -8.044e+03 1.324e+02 3.698e+01
s>            ( - -7.593e+03 3 0)
s>            ( - -3.189e+02 1 0)))INFO: dtree.c(1439): stop. leaf nodes are specific
INFO: dtree.c(1478): Final simple tree
|( QUESTION0 -1 -3.905e+05 1.286e+02 1.777e+03
|    ( - -3.890e+05 4 0)
|    ( - -1.393e+03 1 0))
s>    ( QUESTION0 -1 -3.905e+05 1.286e+02 1.777e+03
s>        ( - -3.890e+05 4 0)
s>        ( - -1.393e+03 1 0))INFO: dtree.c(1315): Comp split 37
INFO: dtree.c(1439): stop. leaf nodes are specific
INFO: dtree.c(1478): Final simple tree
|( SILENCE -1 -4.955e+04 1.762e+02 2.257e+02
|    ( - -1.052e+04 1 0)
|    ( QUESTION3 -1 -3.885e+04 1.669e+02 1.768e+02
|        ( - -2.456e+03 1 0)
|        ( QUESTION2 -1 -3.623e+04 1.267e+02 1.648e+02
|            ( - -4.300e+03 1 0)
|            ( - -3.180e+04 4 0))))
s>    ( SILENCE -1 -4.955e+04 1.762e+02 2.257e+02
s>        ( - -1.052e+04 1 0)
s>        ( QUESTION3 -1 -3.885e+04 1.669e+02 1.768e+02
s>            ( - -2.456e+03 1 0)
s>            ( QUESTION2 -1 -3.623e+04 1.267e+02 1.648e+02
s>                ( - -4.300e+03 1 0)
s>                ( - -3.180e+04 4 0))))INFO: dtree.c(1315): Comp split 38
INFO: dtree.c(1439): stop. leaf nodes are specific
INFO: dtree.c(1478): Final simple tree
|( QUESTION0_10_R 1 -3.299e+04 2.931e+02 1.541e+02
|    ( - -7.157e+03 2 0)
|    ( SILENCE 1 -2.554e+04 2.324e+02 1.181e+02
|        ( QUESTION0 -1 -1.569e+04 1.207e+02 7.304e+01
|            ( - -1.479e+04 3 0)
|            ( - -7.786e+02 1 0))
|        ( - -9.618e+03 3 0)))
s>    ( QUESTION0_10_R 1 -3.299e+04 2.931e+02 1.541e+02
s>        ( - -7.157e+03 2 0)
s>        ( SILENCE 1 -2.554e+04 2.324e+02 1.181e+02
s>            ( QUESTION0 -1 -1.569e+04 1.207e+02 7.304e+01
s>                ( - -1.479e+04 3 0)
s>                ( - -7.786e+02 1 0))
s>            ( - -9.618e+03 3 0)))INFO: dtree.c(1439): stop. leaf nodes are specific
INFO: dtree.c(1478): Final simple tree
|( QUESTION0 -1 -1.548e+05 1.170e+02 7.044e+02
|    ( - -1.537e+05 8 0)
|    ( - -9.913e+02 1 0))
s>    ( QUESTION0 -1 -1.548e+05 1.170e+02 7.044e+02
s>        ( - -1.537e+05 8 0)
s>        ( - -9.913e+02 1 0))INFO: dtree.c(1315): Comp split 39
INFO: dtree.c(1439): stop. leaf nodes are specific
INFO: dtree.c(1478): Final simple tree
|( QUESTION0_15_R 1 -5.315e+04 2.743e+02 2.409e+02
|    ( QUESTION0 -1 -1.975e+04 1.403e+02 8.957e+01
|        ( - -1.864e+04 5 0)
|        ( - -9.694e+02 1 0))
|    ( - -3.312e+04 4 0))
s>    ( QUESTION0_15_R 1 -5.315e+04 2.743e+02 2.409e+02
s>        ( QUESTION0 -1 -1.975e+04 1.403e+02 8.957e+01
s>            ( - -1.864e+04 5 0)
s>            ( - -9.694e+02 1 0))
s>        ( - -3.312e+04 4 0))INFO: dtree.c(1315): Comp split 40
INFO: dtree.c(1315): Comp split 41
INFO: dtree.c(1315): Comp split 42
INFO: dtree.c(1439): stop. leaf nodes are specific
INFO: dtree.c(1478): Final simple tree
|( SILENCE 1 -2.554e+04 2.324e+02 1.181e+02
|    ( QUESTION0 -1 -1.569e+04 1.207e+02 7.304e+01
|        ( - -1.479e+04 3 0)
|        ( - -7.786e+02 1 0))
|    ( - -9.618e+03 3 0))
s>    ( SILENCE 1 -2.554e+04 2.324e+02 1.181e+02
s>        ( QUESTION0 -1 -1.569e+04 1.207e+02 7.304e+01
s>            ( - -1.479e+04 3 0)
s>            ( - -7.786e+02 1 0))
s>        ( - -9.618e+03 3 0))INFO: dtree.c(1315): Comp split 43
INFO: dtree.c(1439): stop. leaf nodes are specific
INFO: dtree.c(1478): Final simple tree
|( QUESTION0 -1 -1.975e+04 1.403e+02 8.957e+01
|    ( - -1.864e+04 5 0)
|    ( - -9.694e+02 1 0))
s>    ( QUESTION0 -1 -1.975e+04 1.403e+02 8.957e+01
s>        ( - -1.864e+04 5 0)
s>        ( - -9.694e+02 1 0))INFO: dtree.c(1315): Comp split 44
INFO: dtree.c(1315): Comp split 45
INFO: dtree.c(1439): stop. leaf nodes are specific
INFO: dtree.c(1478): Final simple tree
|( QUESTION0 -1 -3.301e+03 1.203e+02 1.601e+01
|    ( - -2.420e+03 2 0)
|    ( - -7.609e+02 2 0))
s>    ( QUESTION0 -1 -3.301e+03 1.203e+02 1.601e+01
s>        ( - -2.420e+03 2 0)
s>        ( - -7.609e+02 2 0))INFO: dtree.c(1315): Comp split 46
INFO: dtree.c(1439): stop. leaf nodes are specific
INFO: dtree.c(1478): Final simple tree
|( QUESTION0_5_R 1 -3.748e+04 1.608e+02 1.684e+02
|    ( QUESTION0 -1 -3.679e+04 1.396e+02 1.654e+02
|        ( - -3.523e+04 1 0)
|        ( - -1.420e+03 1 0))
|    ( - -5.289e+02 1 0))
s>    ( QUESTION0_5_R 1 -3.748e+04 1.608e+02 1.684e+02
s>        ( QUESTION0 -1 -3.679e+04 1.396e+02 1.654e+02
s>            ( - -3.523e+04 1 0)
s>            ( - -1.420e+03 1 0))
s>        ( - -5.289e+02 1 0))INFO: dtree.c(1315): Comp split 47
INFO: dtree.c(1315): Comp split 48
INFO: dtree.c(1439): stop. leaf nodes are specific
INFO: dtree.c(1478): Final simple tree
|( QUESTION0 -1 -1.569e+04 1.207e+02 7.304e+01
|    ( - -1.479e+04 3 0)
|    ( - -7.786e+02 1 0))
s>    ( QUESTION0 -1 -1.569e+04 1.207e+02 7.304e+01
s>        ( - -1.479e+04 3 0)
s>        ( - -7.786e+02 1 0))INFO: dtree.c(1315): Comp split 49
INFO: dtree.c(1439): stop. leaf nodes are specific
INFO: dtree.c(1478): Final simple tree
|( QUESTION0 1 -8.340e+03 1.364e+02 3.827e+01
|    ( - -1.050e+03 2 0)
|    ( WDBNDRY_B 0 -7.154e+03 1.183e+02 3.327e+01
|        ( - -7.419e+02 1 0)
|        ( - -6.293e+03 2 0)))
s>    ( QUESTION0 1 -8.340e+03 1.364e+02 3.827e+01
s>        ( - -1.050e+03 2 0)
s>        ( WDBNDRY_B 0 -7.154e+03 1.183e+02 3.327e+01
s>            ( - -7.419e+02 1 0)
s>            ( - -6.293e+03 2 0)))INFO: dtree.c(1315): Comp split 50
INFO: dtree.c(1315): Comp split 51
INFO: dtree.c(1439): stop. leaf nodes are specific
INFO: dtree.c(1478): Final simple tree
|( QUESTION18 -1 -9.796e+04 1.588e+02 4.510e+02
|    ( QUESTION19 -1 -9.539e+04 8.177e+01 4.390e+02
|        ( - -9.235e+04 1 0)
|        ( - -2.958e+03 2 0))
|    ( QUESTION0 -1 -2.415e+03 8.165e+01 1.200e+01
|        ( - -1.592e+03 1 0)
|        ( - -7.408e+02 1 0)))
s>    ( QUESTION18 -1 -9.796e+04 1.588e+02 4.510e+02
s>        ( QUESTION19 -1 -9.539e+04 8.177e+01 4.390e+02
s>            ( - -9.235e+04 1 0)
s>            ( - -2.958e+03 2 0))
s>        ( QUESTION0 -1 -2.415e+03 8.165e+01 1.200e+01
s>            ( - -1.592e+03 1 0)
s>            ( - -7.408e+02 1 0)))INFO: dtree.c(1315): Comp split 52
INFO: dtree.c(1439): stop. leaf nodes are specific
INFO: dtree.c(1478): Final simple tree
|( QUESTION5 -1 -1.573e+06 1.442e+02 7.059e+03
|    ( - -4.491e+03 2 0)
|    ( QUESTION0 -1 -1.569e+06 1.077e+02 7.038e+03
|        ( - -1.564e+06 30 0)
|        ( - -4.225e+03 4 0)))
s>    ( QUESTION5 -1 -1.573e+06 1.442e+02 7.059e+03
s>        ( - -4.491e+03 2 0)
s>        ( QUESTION0 -1 -1.569e+06 1.077e+02 7.038e+03
s>            ( - -1.564e+06 30 0)
s>            ( - -4.225e+03 4 0)))INFO: dtree.c(1439): stop. leaf nodes are specific
INFO: dtree.c(1478): Final simple tree
|( QUESTION2 -1 -2.069e+04 1.496e+02 9.298e+01
|    ( QUESTION8 -1 -2.876e+03 1.176e+02 1.301e+01
|        ( - -5.452e+02 1 0)
|        ( - -2.213e+03 2 0))
|    ( - -1.766e+04 11 0))
s>    ( QUESTION2 -1 -2.069e+04 1.496e+02 9.298e+01
s>        ( QUESTION8 -1 -2.876e+03 1.176e+02 1.301e+01
s>            ( - -5.452e+02 1 0)
s>            ( - -2.213e+03 2 0))
s>        ( - -1.766e+04 11 0))INFO: dtree.c(1315): Comp split 53
INFO: dtree.c(1439): stop. leaf nodes are specific
INFO: dtree.c(1478): Final simple tree
|( QUESTION3 -1 -3.885e+04 1.669e+02 1.768e+02
|    ( - -2.456e+03 1 0)
|    ( QUESTION2 -1 -3.623e+04 1.267e+02 1.648e+02
|        ( - -4.300e+03 1 0)
|        ( - -3.180e+04 4 0)))
s>    ( QUESTION3 -1 -3.885e+04 1.669e+02 1.768e+02
s>        ( - -2.456e+03 1 0)
s>        ( QUESTION2 -1 -3.623e+04 1.267e+02 1.648e+02
s>            ( - -4.300e+03 1 0)
s>            ( - -3.180e+04 4 0)))INFO: dtree.c(1315): Comp split 54
INFO: dtree.c(1315): Comp split 55
INFO: dtree.c(1439): stop. leaf nodes are specific
INFO: dtree.c(1478): Final simple tree
|( QUESTION0 -1 -8.044e+03 1.324e+02 3.698e+01
|    ( - -7.593e+03 3 0)
|    ( - -3.189e+02 1 0))
s>    ( QUESTION0 -1 -8.044e+03 1.324e+02 3.698e+01
s>        ( - -7.593e+03 3 0)
s>        ( - -3.189e+02 1 0))INFO: dtree.c(1315): Comp split 56
INFO: dtree.c(1439): stop. leaf nodes are specific
INFO: dtree.c(1478): Final simple tree
|( QUESTION2 -1 -3.623e+04 1.267e+02 1.648e+02
|    ( - -4.300e+03 1 0)
|    ( - -3.180e+04 4 0))
s>    ( QUESTION2 -1 -3.623e+04 1.267e+02 1.648e+02
s>        ( - -4.300e+03 1 0)
s>        ( - -3.180e+04 4 0))INFO: dtree.c(1315): Comp split 57
INFO: dtree.c(1315): Comp split 58
INFO: dtree.c(1439): stop. leaf nodes are specific
INFO: dtree.c(1478): Final simple tree
|( QUESTION0 -1 -3.679e+04 1.396e+02 1.654e+02
|    ( - -3.523e+04 1 0)
|    ( - -1.420e+03 1 0))
s>    ( QUESTION0 -1 -3.679e+04 1.396e+02 1.654e+02
s>        ( - -3.523e+04 1 0)
s>        ( - -1.420e+03 1 0))INFO: dtree.c(1315): Comp split 59
INFO: dtree.c(1315): Comp split 60
INFO: dtree.c(1439): stop. leaf nodes are specific
INFO: dtree.c(1478): Final simple tree
|( QUESTION0 -1 -2.415e+03 8.165e+01 1.200e+01
|    ( - -1.592e+03 1 0)
|    ( - -7.408e+02 1 0))
s>    ( QUESTION0 -1 -2.415e+03 8.165e+01 1.200e+01
s>        ( - -1.592e+03 1 0)
s>        ( - -7.408e+02 1 0))INFO: dtree.c(1439): stop. leaf nodes are specific
INFO: dtree.c(1478): Final simple tree
|( QUESTION19 -1 -9.539e+04 8.177e+01 4.390e+02
|    ( - -9.235e+04 1 0)
|    ( - -2.958e+03 2 0))
s>    ( QUESTION19 -1 -9.539e+04 8.177e+01 4.390e+02
s>        ( - -9.235e+04 1 0)
s>        ( - -2.958e+03 2 0))INFO: dtree.c(1315): Comp split 61
INFO: dtree.c(1439): stop. leaf nodes are specific
INFO: dtree.c(1478): Final simple tree
|( QUESTION8 -1 -2.876e+03 1.176e+02 1.301e+01
|    ( - -5.452e+02 1 0)
|    ( - -2.213e+03 2 0))
s>    ( QUESTION8 -1 -2.876e+03 1.176e+02 1.301e+01
s>        ( - -5.452e+02 1 0)
s>        ( - -2.213e+03 2 0))INFO: dtree.c(1315): Comp split 62
INFO: dtree.c(1439): stop. leaf nodes are specific
INFO: dtree.c(1478): Final simple tree
|( QUESTION0 -1 -1.569e+06 1.077e+02 7.038e+03
|    ( - -1.564e+06 30 0)
|    ( - -4.225e+03 4 0))
s>    ( QUESTION0 -1 -1.569e+06 1.077e+02 7.038e+03
s>        ( - -1.564e+06 30 0)
s>        ( - -4.225e+03 4 0))INFO: dtree.c(1315): Comp split 63
INFO: dtree.c(1315): Comp split 64
INFO: dtree.c(1439): stop. leaf nodes are specific
INFO: dtree.c(1478): Final simple tree
|( QUESTION0 -1 -5.380e+04 6.549e+01 2.407e+02
|    ( - -5.244e+04 5 0)
|    ( - -1.293e+03 1 0))
s>    ( QUESTION0 -1 -5.380e+04 6.549e+01 2.407e+02
s>        ( - -5.244e+04 5 0)
s>        ( - -1.293e+03 1 0))INFO: dtree.c(1315): Comp split 65
INFO: dtree.c(1315): Comp split 66
INFO: dtree.c(1439): stop. leaf nodes are specific
INFO: dtree.c(1478): Final simple tree
|( WDBNDRY_B 0 -7.154e+03 1.183e+02 3.327e+01
|    ( - -7.419e+02 1 0)
|    ( - -6.293e+03 2 0))
s>    ( WDBNDRY_B 0 -7.154e+03 1.183e+02 3.327e+01
s>        ( - -7.419e+02 1 0)
s>        ( - -6.293e+03 2 0))INFO: dtree.c(1315): Comp split 67
INFO: dtree.c(1315): Comp split 68
INFO: dtree.c(1315): Comp split 69
INFO: dtree.c(1315): Comp split 70
INFO: dtree.c(1315): Comp split 71
INFO: dtree.c(1315): Comp split 72
INFO: dtree.c(1315): Comp split 73
INFO: dtree.c(1315): Comp split 74
INFO: dtree.c(1315): Comp split 75
INFO: dtree.c(1439): stop. leaf nodes are specific
INFO: dtree.c(1478): Final simple tree
|( SILENCE -1 -2.341e+04 1.021e+02 1.053e+02
|    ( - -2.033e+04 1 0)
|    ( - -2.971e+03 1 0))
s>    ( SILENCE -1 -2.341e+04 1.021e+02 1.053e+02
s>        ( - -2.033e+04 1 0)
s>        ( - -2.971e+03 1 0))INFO: dtree.c(1315): Comp split 76
INFO: dtree.c(1315): Comp split 77
INFO: dtree.c(1315): Comp split 78
INFO: dtree.c(1315): Comp split 79
INFO: dtree.c(1315): Comp split 80
INFO: dtree.c(1315): Comp split 81
INFO: dtree.c(1315): Comp split 82
INFO: dtree.c(1315): Comp split 83
INFO: dtree.c(1315): Comp split 84
INFO: dtree.c(1315): Comp split 85
INFO: dtree.c(1315): Comp split 86
INFO: dtree.c(1318): stop. leaf nodes are specific
Wed Mar 22 13:34:43 2023
