Current configuration:
[NAME]		[DEFLT]	[VALUE]
-allphones	no	no
-cntthresh	0.00001	1.000000e-05
-csplitmax	100	2000
-csplitmin	1	1
-csplitthr	8e-4	0.000000e+00
-example	no	no
-fullvar	no	no
-help		no	no
-meanfn			/home/lucija/Documents/Zadnji semestar/ROGJ/Prezentacije/CMUspinx/tutorial8/model_parameters/my_db.cd_cont_untied/means
-mixwfn			/home/lucija/Documents/Zadnji semestar/ROGJ/Prezentacije/CMUspinx/tutorial8/model_parameters/my_db.cd_cont_untied/mixture_weights
-moddeffn		/home/lucija/Documents/Zadnji semestar/ROGJ/Prezentacije/CMUspinx/tutorial8/model_architecture/my_db.untied.mdef
-mwfloor	1e-4	1.000000e-08
-phone			d
-psetfn			/home/lucija/Documents/Zadnji semestar/ROGJ/Prezentacije/CMUspinx/tutorial8/model_architecture/my_db.tree_questions
-ssplitmax	5	7
-ssplitmin	1	1
-ssplitthr	8e-4	0.000000e+00
-state			1
-stwt			1.0,0.05,0.0,
-treefn			/home/lucija/Documents/Zadnji semestar/ROGJ/Prezentacije/CMUspinx/tutorial8/trees/my_db.unpruned/d-1.dtree
-ts2cbfn	.semi.	.cont.
-varfloor	0.00001	1.000000e-05
-varfn			/home/lucija/Documents/Zadnji semestar/ROGJ/Prezentacije/CMUspinx/tutorial8/model_parameters/my_db.cd_cont_untied/variances

INFO: main.c(223): Reading: /home/lucija/Documents/Zadnji semestar/ROGJ/Prezentacije/CMUspinx/tutorial8/model_architecture/my_db.untied.mdef
INFO: model_def_io.c(573): Model definition info:
INFO: model_def_io.c(574): 10483 total models defined (32 base, 10451 tri)
INFO: model_def_io.c(575): 41932 total states
INFO: model_def_io.c(576): 31449 total tied states
INFO: model_def_io.c(577): 96 total tied CI states
INFO: model_def_io.c(578): 32 total tied transition matrices
INFO: model_def_io.c(579): 4 max state/model
INFO: model_def_io.c(580): 4 min state/model
INFO: main.c(242): Building trees for [d NOISE a b] through [d ž o b]
INFO: main.c(268): Covering states |[5463 6461]| == 999
INFO: main.c(275): Reading: /home/lucija/Documents/Zadnji semestar/ROGJ/Prezentacije/CMUspinx/tutorial8/model_parameters/my_db.cd_cont_untied/mixture_weights
INFO: s3mixw_io.c(172): Read /home/lucija/Documents/Zadnji semestar/ROGJ/Prezentacije/CMUspinx/tutorial8/model_parameters/my_db.cd_cont_untied/mixture_weights [999x1x1 array]
INFO: main.c(311): 332 of 333 models have observation count greater than 0.000010
INFO: main.c(95): nrm stwt: 0.045 0.909 0.045 
INFO: s3gau_io.c(168): Read /home/lucija/Documents/Zadnji semestar/ROGJ/Prezentacije/CMUspinx/tutorial8/model_parameters/my_db.cd_cont_untied/means [31449x1x1 array]
INFO: s3gau_io.c(168): Read /home/lucija/Documents/Zadnji semestar/ROGJ/Prezentacije/CMUspinx/tutorial8/model_parameters/my_db.cd_cont_untied/variances [31449x1x1 array]
INFO: main.c(549): Reading: /home/lucija/Documents/Zadnji semestar/ROGJ/Prezentacije/CMUspinx/tutorial8/model_architecture/my_db.tree_questions
INFO: main.c(587): 180 total simple questions (172 phone; 8 word bndry)
INFO: main.c(589): 42 Left Only questions, and 42 Right Only questions
INFO: dtree.c(1478): Final simple tree
|( QUESTION0_0_R 1 -8.354e+06 2.952e+04 3.643e+04
|    ( WDBNDRY_B 0 -5.952e+06 2.226e+04 2.607e+04
|        ( QUESTION19 -1 -2.633e+06 8.377e+03 1.141e+04
|            ( - -5.724e+05 7 0 QUESTION0 1 4.829e+03 2.467e+03)
|            ( - -2.052e+06 123 0 QUESTION0 -1 3.552e+03 8.942e+03))
|        ( QUESTION15 -1 -3.297e+06 7.689e+03 1.466e+04
|            ( - -2.584e+05 2 0)
|            ( QUESTION0 1 -3.030e+06 6.978e+03 1.348e+04
|                ( - -1.920e+06 68 0 QUESTION2 -1 3.107e+03 8.501e+03)
|                ( - -1.104e+06 14 0 QUESTION2 -1 1.051e+03 4.977e+03))))
|    ( WDBNDRY_I 0 -2.372e+06 1.252e+04 1.036e+04
|        ( QUESTION13 1 -9.291e+05 7.348e+03 4.132e+03
|            ( - -5.461e+05 23 0 QUESTION0_12_R 1 9.271e+02 2.449e+03)
|            ( - -3.757e+05 13 0 QUESTION0_2_R 1 3.572e+03 1.684e+03))
|        ( - -1.431e+06 82 0 QUESTION0 -1 6.924e+03 6.224e+03)))
s>    ( QUESTION0_0_R 1 -8.354e+06 2.952e+04 3.643e+04
s>        ( WDBNDRY_B 0 -5.952e+06 2.226e+04 2.607e+04
s>            ( QUESTION19 -1 -2.633e+06 8.377e+03 1.141e+04
s>                ( - -5.724e+05 7 0 QUESTION0 1 4.829e+03 2.467e+03)
s>                ( - -2.052e+06 123 0 QUESTION0 -1 3.552e+03 8.942e+03))
s>            ( QUESTION15 -1 -3.297e+06 7.689e+03 1.466e+04
s>                ( - -2.584e+05 2 0)
s>                ( QUESTION0 1 -3.030e+06 6.978e+03 1.348e+04
s>                    ( - -1.920e+06 68 0 QUESTION2 -1 3.107e+03 8.501e+03)
s>                    ( - -1.104e+06 14 0 QUESTION2 -1 1.051e+03 4.977e+03))))
s>        ( WDBNDRY_I 0 -2.372e+06 1.252e+04 1.036e+04
s>            ( QUESTION13 1 -9.291e+05 7.348e+03 4.132e+03
s>                ( - -5.461e+05 23 0 QUESTION0_12_R 1 9.271e+02 2.449e+03)
s>                ( - -3.757e+05 13 0 QUESTION0_2_R 1 3.572e+03 1.684e+03))
s>            ( - -1.431e+06 82 0 QUESTION0 -1 6.924e+03 6.224e+03)))INFO: dtree.c(1315): Comp split 0
INFO: dtree.c(1478): Final simple tree
|( WDBNDRY_B 0 -5.952e+06 2.226e+04 2.607e+04
|    ( QUESTION19 -1 -2.633e+06 8.377e+03 1.141e+04
|        ( QUESTION0 1 -5.724e+05 4.829e+03 2.467e+03
|            ( - -4.703e+05 6 0)
|            ( - -9.729e+04 1 0))
|        ( QUESTION0 -1 -2.052e+06 3.552e+03 8.942e+03
|            ( - -1.357e+06 42 0 QUESTION2_4_L -1 7.718e+02 5.942e+03)
|            ( - -6.920e+05 81 0 QUESTION2_1_L -1 2.598e+03 2.999e+03)))
|    ( QUESTION15 -1 -3.297e+06 7.689e+03 1.466e+04
|        ( - -2.584e+05 2 0)
|        ( QUESTION0 1 -3.030e+06 6.978e+03 1.348e+04
|            ( QUESTION2 -1 -1.920e+06 3.107e+03 8.501e+03
|                ( - -5.600e+04 5 0 QUESTION5 -1 1.314e+02 2.545e+02)
|                ( - -1.860e+06 63 0 WDBNDRY_E 0 2.824e+03 8.246e+03))
|            ( - -1.104e+06 14 0 QUESTION2 -1 1.051e+03 4.977e+03))))
s>    ( WDBNDRY_B 0 -5.952e+06 2.226e+04 2.607e+04
s>        ( QUESTION19 -1 -2.633e+06 8.377e+03 1.141e+04
s>            ( QUESTION0 1 -5.724e+05 4.829e+03 2.467e+03
s>                ( - -4.703e+05 6 0)
s>                ( - -9.729e+04 1 0))
s>            ( QUESTION0 -1 -2.052e+06 3.552e+03 8.942e+03
s>                ( - -1.357e+06 42 0 QUESTION2_4_L -1 7.718e+02 5.942e+03)
s>                ( - -6.920e+05 81 0 QUESTION2_1_L -1 2.598e+03 2.999e+03)))
s>        ( QUESTION15 -1 -3.297e+06 7.689e+03 1.466e+04
s>            ( - -2.584e+05 2 0)
s>            ( QUESTION0 1 -3.030e+06 6.978e+03 1.348e+04
s>                ( QUESTION2 -1 -1.920e+06 3.107e+03 8.501e+03
s>                    ( - -5.600e+04 5 0 QUESTION5 -1 1.314e+02 2.545e+02)
s>                    ( - -1.860e+06 63 0 WDBNDRY_E 0 2.824e+03 8.246e+03))
s>                ( - -1.104e+06 14 0 QUESTION2 -1 1.051e+03 4.977e+03))))INFO: dtree.c(1478): Final simple tree
|( WDBNDRY_I 0 -2.372e+06 1.252e+04 1.036e+04
|    ( QUESTION13 1 -9.291e+05 7.348e+03 4.132e+03
|        ( - -5.461e+05 23 0 QUESTION0_12_R 1 9.271e+02 2.449e+03)
|        ( QUESTION0_2_R 1 -3.757e+05 3.572e+03 1.684e+03
|            ( - -4.206e+04 8 0 QUESTION11 1 2.926e+02 1.963e+02)
|            ( - -3.300e+05 5 0 QUESTION0 -1 1.417e+02 1.487e+03)))
|    ( QUESTION0 -1 -1.431e+06 6.924e+03 6.224e+03
|        ( WDBNDRY_B 0 -1.012e+06 4.499e+03 4.430e+03
|            ( QUESTION0_12_R 1 -5.363e+05 2.570e+03 2.378e+03
|                ( - -8.733e+04 5 0)
|                ( - -4.464e+05 6 0 QUESTION2_0_L -1 1.221e+02 1.968e+03))
|            ( - -4.713e+05 48 0 QUESTION0_15_R 1 1.929e+03 2.052e+03))
|        ( QUESTION20 -1 -4.117e+05 1.974e+03 1.794e+03
|            ( - -1.508e+05 2 0)
|            ( - -2.589e+05 21 0 QUESTION16 -1 1.412e+03 1.126e+03))))
s>    ( WDBNDRY_I 0 -2.372e+06 1.252e+04 1.036e+04
s>        ( QUESTION13 1 -9.291e+05 7.348e+03 4.132e+03
s>            ( - -5.461e+05 23 0 QUESTION0_12_R 1 9.271e+02 2.449e+03)
s>            ( QUESTION0_2_R 1 -3.757e+05 3.572e+03 1.684e+03
s>                ( - -4.206e+04 8 0 QUESTION11 1 2.926e+02 1.963e+02)
s>                ( - -3.300e+05 5 0 QUESTION0 -1 1.417e+02 1.487e+03)))
s>        ( QUESTION0 -1 -1.431e+06 6.924e+03 6.224e+03
s>            ( WDBNDRY_B 0 -1.012e+06 4.499e+03 4.430e+03
s>                ( QUESTION0_12_R 1 -5.363e+05 2.570e+03 2.378e+03
s>                    ( - -8.733e+04 5 0)
s>                    ( - -4.464e+05 6 0 QUESTION2_0_L -1 1.221e+02 1.968e+03))
s>                ( - -4.713e+05 48 0 QUESTION0_15_R 1 1.929e+03 2.052e+03))
s>            ( QUESTION20 -1 -4.117e+05 1.974e+03 1.794e+03
s>                ( - -1.508e+05 2 0)
s>                ( - -2.589e+05 21 0 QUESTION16 -1 1.412e+03 1.126e+03))))INFO: dtree.c(1315): Comp split 1
INFO: dtree.c(1478): Final simple tree
|( QUESTION0 -1 -2.692e+06 7.914e+03 1.166e+04
|    ( - -1.357e+06 42 0 QUESTION2_4_L -1 7.718e+02 5.942e+03)
|    ( QUESTION19 -1 -1.327e+06 3.789e+03 5.720e+03
|        ( QUESTION0 1 -5.724e+05 4.829e+03 2.467e+03
|            ( - -4.703e+05 6 0)
|            ( - -9.729e+04 1 0))
|        ( QUESTION2_1_L -1 -7.506e+05 2.776e+03 3.254e+03
|            ( WDBNDRY_B 0 -5.605e+05 2.407e+03 2.445e+03
|                ( QUESTION14 -1 -5.021e+05 1.639e+03 2.191e+03
|                    ( - -3.215e+05 21 0 QUESTION0 1 2.096e+02 1.409e+03)
|                    ( QUESTION17 -1 -1.789e+05 1.133e+03 7.812e+02
|                        ( - -6.935e+04 10 0 QUESTION0 1 1.206e+02 3.105e+02)
|                        ( - -1.085e+05 36 0 QUESTION16 -1 7.580e+02 4.708e+02)))
|                ( - -5.600e+04 5 0 QUESTION5 -1 1.314e+02 2.545e+02))
|            ( - -1.874e+05 14 0 QUESTION0 1 3.519e+02 8.087e+02))))
s>    ( QUESTION0 -1 -2.692e+06 7.914e+03 1.166e+04
s>        ( - -1.357e+06 42 0 QUESTION2_4_L -1 7.718e+02 5.942e+03)
s>        ( QUESTION19 -1 -1.327e+06 3.789e+03 5.720e+03
s>            ( QUESTION0 1 -5.724e+05 4.829e+03 2.467e+03
s>                ( - -4.703e+05 6 0)
s>                ( - -9.729e+04 1 0))
s>            ( QUESTION2_1_L -1 -7.506e+05 2.776e+03 3.254e+03
s>                ( WDBNDRY_B 0 -5.605e+05 2.407e+03 2.445e+03
s>                    ( QUESTION14 -1 -5.021e+05 1.639e+03 2.191e+03
s>                        ( - -3.215e+05 21 0 QUESTION0 1 2.096e+02 1.409e+03)
s>                        ( QUESTION17 -1 -1.789e+05 1.133e+03 7.812e+02
s>                            ( - -6.935e+04 10 0 QUESTION0 1 1.206e+02 3.105e+02)
s>                            ( - -1.085e+05 36 0 QUESTION16 -1 7.580e+02 4.708e+02)))
s>                    ( - -5.600e+04 5 0 QUESTION5 -1 1.314e+02 2.545e+02))
s>                ( - -1.874e+05 14 0 QUESTION0 1 3.519e+02 8.087e+02))))INFO: dtree.c(1478): Final simple tree
|( QUESTION15 -1 -3.237e+06 7.696e+03 1.441e+04
|    ( - -2.584e+05 2 0)
|    ( QUESTION0 1 -2.971e+06 6.732e+03 1.322e+04
|        ( WDBNDRY_E 0 -1.860e+06 2.824e+03 8.246e+03
|            ( - -1.319e+05 20 0)
|            ( QUESTION0 -1 -1.726e+06 1.989e+03 7.671e+03
|                ( QUESTION2_0_L -1 -1.571e+06 1.379e+02 6.986e+03
|                    ( - -1.571e+06 28 0)
|                    ( - -3.111e+02 1 0))
|                ( - -1.526e+05 14 0)))
|        ( QUESTION2 -1 -1.104e+06 1.051e+03 4.977e+03
|            ( - -1.706e+04 1 0)
|            ( WDBNDRY_E 0 -1.086e+06 2.527e+02 4.897e+03
|                ( - -4.895e+03 4 0)
|                ( - -1.081e+06 9 0 QUESTION0 -1 1.143e+02 4.875e+03)))))
s>    ( QUESTION15 -1 -3.237e+06 7.696e+03 1.441e+04
s>        ( - -2.584e+05 2 0)
s>        ( QUESTION0 1 -2.971e+06 6.732e+03 1.322e+04
s>            ( WDBNDRY_E 0 -1.860e+06 2.824e+03 8.246e+03
s>                ( - -1.319e+05 20 0)
s>                ( QUESTION0 -1 -1.726e+06 1.989e+03 7.671e+03
s>                    ( QUESTION2_0_L -1 -1.571e+06 1.379e+02 6.986e+03
s>                        ( - -1.571e+06 28 0)
s>                        ( - -3.111e+02 1 0))
s>                    ( - -1.526e+05 14 0)))
s>            ( QUESTION2 -1 -1.104e+06 1.051e+03 4.977e+03
s>                ( - -1.706e+04 1 0)
s>                ( WDBNDRY_E 0 -1.086e+06 2.527e+02 4.897e+03
s>                    ( - -4.895e+03 4 0)
s>                    ( - -1.081e+06 9 0 QUESTION0 -1 1.143e+02 4.875e+03)))))INFO: dtree.c(1315): Comp split 2
INFO: dtree.c(1478): Final simple tree
|( QUESTION0_13_R 1 -9.713e+05 6.116e+03 4.346e+03
|    ( QUESTION0 1 -3.393e+05 3.411e+02 1.526e+03
|        ( QUESTION0 -1 -3.300e+05 1.417e+02 1.487e+03
|            ( - -3.287e+05 4 0)
|            ( - -1.215e+03 1 0))
|        ( QUESTION2_2_L -1 -8.947e+03 1.817e+02 3.901e+01
|            ( - -5.650e+02 1 0)
|            ( QUESTION2 -1 -8.200e+03 1.742e+02 3.601e+01
|                ( - -1.070e+03 1 0)
|                ( - -6.956e+03 4 0 QUESTION0 -1 1.281e+02 3.101e+01))))
|    ( WDBNDRY_B 0 -6.259e+05 1.762e+03 2.820e+03
|        ( - -8.733e+04 5 0)
|        ( QUESTION0_11_R 1 -5.368e+05 7.309e+02 2.410e+03
|            ( - -5.190e+05 8 0)
|            ( - -1.705e+04 9 0 QUESTION0_15_R 1 1.203e+02 7.588e+01))))
s>    ( QUESTION0_13_R 1 -9.713e+05 6.116e+03 4.346e+03
s>        ( QUESTION0 1 -3.393e+05 3.411e+02 1.526e+03
s>            ( QUESTION0 -1 -3.300e+05 1.417e+02 1.487e+03
s>                ( - -3.287e+05 4 0)
s>                ( - -1.215e+03 1 0))
s>            ( QUESTION2_2_L -1 -8.947e+03 1.817e+02 3.901e+01
s>                ( - -5.650e+02 1 0)
s>                ( QUESTION2 -1 -8.200e+03 1.742e+02 3.601e+01
s>                    ( - -1.070e+03 1 0)
s>                    ( - -6.956e+03 4 0 QUESTION0 -1 1.281e+02 3.101e+01))))
s>        ( WDBNDRY_B 0 -6.259e+05 1.762e+03 2.820e+03
s>            ( - -8.733e+04 5 0)
s>            ( QUESTION0_11_R 1 -5.368e+05 7.309e+02 2.410e+03
s>                ( - -5.190e+05 8 0)
s>                ( - -1.705e+04 9 0 QUESTION0_15_R 1 1.203e+02 7.588e+01))))INFO: dtree.c(1478): Final simple tree
|( WDBNDRY_E 0 -1.387e+06 6.771e+03 6.010e+03
|    ( QUESTION0_15_R 1 -4.766e+05 1.896e+03 2.074e+03
|        ( - -1.225e+05 12 0 QUESTION17 1 3.933e+02 5.434e+02)
|        ( QUESTION0_11_R 1 -3.522e+05 1.329e+03 1.530e+03
|            ( - -1.394e+05 10 0 QUESTION0 1 1.122e+02 6.219e+02)
|            ( - -2.115e+05 33 0 QUESTION10 1 6.366e+02 9.082e+02)))
|    ( WDBNDRY_B 0 -9.038e+05 4.806e+03 3.936e+03
|        ( QUESTION0 -1 -8.569e+05 4.018e+03 3.740e+03
|            ( - -4.464e+05 6 0 QUESTION2_0_L -1 1.221e+02 1.968e+03)
|            ( QUESTION20 -1 -4.065e+05 1.971e+03 1.772e+03
|                ( - -1.508e+05 2 0)
|                ( QUESTION16 -1 -2.537e+05 1.421e+03 1.104e+03
|                    ( - -6.061e+04 2 0 QUESTION17 -1 4.380e+02 2.671e+02)
|                    ( - -1.916e+05 12 0 QUESTION4 -1 7.467e+02 8.369e+02))))
|        ( - -4.206e+04 8 0 QUESTION11 1 2.926e+02 1.963e+02)))
s>    ( WDBNDRY_E 0 -1.387e+06 6.771e+03 6.010e+03
s>        ( QUESTION0_15_R 1 -4.766e+05 1.896e+03 2.074e+03
s>            ( - -1.225e+05 12 0 QUESTION17 1 3.933e+02 5.434e+02)
s>            ( QUESTION0_11_R 1 -3.522e+05 1.329e+03 1.530e+03
s>                ( - -1.394e+05 10 0 QUESTION0 1 1.122e+02 6.219e+02)
s>                ( - -2.115e+05 33 0 QUESTION10 1 6.366e+02 9.082e+02)))
s>        ( WDBNDRY_B 0 -9.038e+05 4.806e+03 3.936e+03
s>            ( QUESTION0 -1 -8.569e+05 4.018e+03 3.740e+03
s>                ( - -4.464e+05 6 0 QUESTION2_0_L -1 1.221e+02 1.968e+03)
s>                ( QUESTION20 -1 -4.065e+05 1.971e+03 1.772e+03
s>                    ( - -1.508e+05 2 0)
s>                    ( QUESTION16 -1 -2.537e+05 1.421e+03 1.104e+03
s>                        ( - -6.061e+04 2 0 QUESTION17 -1 4.380e+02 2.671e+02)
s>                        ( - -1.916e+05 12 0 QUESTION4 -1 7.467e+02 8.369e+02))))
s>            ( - -4.206e+04 8 0 QUESTION11 1 2.926e+02 1.963e+02)))INFO: dtree.c(1315): Comp split 3
INFO: dtree.c(1439): stop. leaf nodes are specific
INFO: dtree.c(1478): Final simple tree
|( WDBNDRY_B 0 -5.279e+05 1.636e+03 2.299e+03
|    ( - -4.703e+05 6 0)
|    ( QUESTION5 -1 -5.600e+04 1.314e+02 2.545e+02
|        ( - -3.264e+02 1 0)
|        ( - -5.554e+04 4 0)))
s>    ( WDBNDRY_B 0 -5.279e+05 1.636e+03 2.299e+03
s>        ( - -4.703e+05 6 0)
s>        ( QUESTION5 -1 -5.600e+04 1.314e+02 2.545e+02
s>            ( - -3.264e+02 1 0)
s>            ( - -5.554e+04 4 0)))INFO: dtree.c(1478): Final simple tree
|( QUESTION0 -1 -2.152e+06 3.394e+03 9.364e+03
|    ( QUESTION2_4_L -1 -1.357e+06 7.718e+02 5.942e+03
|        ( - -3.755e+04 6 0 QUESTION0 1 1.249e+02 1.673e+02)
|        ( - -1.319e+06 36 0 QUESTION0 1 2.625e+02 5.775e+03))
|    ( QUESTION14 -1 -7.917e+05 2.788e+03 3.421e+03
|        ( - -3.215e+05 21 0 QUESTION0 1 2.096e+02 1.409e+03)
|        ( QUESTION19 -1 -4.674e+05 2.126e+03 2.012e+03
|            ( - -9.729e+04 1 0)
|            ( QUESTION2_1_L -1 -3.680e+05 1.712e+03 1.590e+03
|                ( QUESTION17 -1 -1.789e+05 1.133e+03 7.812e+02
|                    ( - -6.935e+04 10 0 QUESTION0 1 1.206e+02 3.105e+02)
|                    ( QUESTION16 -1 -1.085e+05 7.580e+02 4.708e+02
|                        ( - -5.626e+04 5 0 QUESTION0 1 9.094e+01 2.472e+02)
|                        ( - -5.144e+04 31 0 QUESTION11 -1 2.927e+02 2.235e+02)))
|                ( - -1.874e+05 14 0 QUESTION0 1 3.519e+02 8.087e+02)))))
s>    ( QUESTION0 -1 -2.152e+06 3.394e+03 9.364e+03
s>        ( QUESTION2_4_L -1 -1.357e+06 7.718e+02 5.942e+03
s>            ( - -3.755e+04 6 0 QUESTION0 1 1.249e+02 1.673e+02)
s>            ( - -1.319e+06 36 0 QUESTION0 1 2.625e+02 5.775e+03))
s>        ( QUESTION14 -1 -7.917e+05 2.788e+03 3.421e+03
s>            ( - -3.215e+05 21 0 QUESTION0 1 2.096e+02 1.409e+03)
s>            ( QUESTION19 -1 -4.674e+05 2.126e+03 2.012e+03
s>                ( - -9.729e+04 1 0)
s>                ( QUESTION2_1_L -1 -3.680e+05 1.712e+03 1.590e+03
s>                    ( QUESTION17 -1 -1.789e+05 1.133e+03 7.812e+02
s>                        ( - -6.935e+04 10 0 QUESTION0 1 1.206e+02 3.105e+02)
s>                        ( QUESTION16 -1 -1.085e+05 7.580e+02 4.708e+02
s>                            ( - -5.626e+04 5 0 QUESTION0 1 9.094e+01 2.472e+02)
s>                            ( - -5.144e+04 31 0 QUESTION11 -1 2.927e+02 2.235e+02)))
s>                    ( - -1.874e+05 14 0 QUESTION0 1 3.519e+02 8.087e+02)))))INFO: dtree.c(1315): Comp split 4
INFO: dtree.c(1439): stop. leaf nodes are specific
INFO: dtree.c(1478): Final simple tree
|( QUESTION0 1 -2.836e+06 6.850e+03 1.265e+04
|    ( QUESTION0 -1 -1.725e+06 1.989e+03 7.669e+03
|        ( - -1.571e+06 28 0)
|        ( - -1.526e+05 14 0))
|    ( QUESTION2 -1 -1.104e+06 1.051e+03 4.977e+03
|        ( - -1.706e+04 1 0)
|        ( WDBNDRY_E 0 -1.086e+06 2.527e+02 4.897e+03
|            ( - -4.895e+03 4 0)
|            ( QUESTION0 -1 -1.081e+06 1.143e+02 4.875e+03
|                ( - -1.080e+06 8 0)
|                ( - -5.767e+02 1 0)))))
s>    ( QUESTION0 1 -2.836e+06 6.850e+03 1.265e+04
s>        ( QUESTION0 -1 -1.725e+06 1.989e+03 7.669e+03
s>            ( - -1.571e+06 28 0)
s>            ( - -1.526e+05 14 0))
s>        ( QUESTION2 -1 -1.104e+06 1.051e+03 4.977e+03
s>            ( - -1.706e+04 1 0)
s>            ( WDBNDRY_E 0 -1.086e+06 2.527e+02 4.897e+03
s>                ( - -4.895e+03 4 0)
s>                ( QUESTION0 -1 -1.081e+06 1.143e+02 4.875e+03
s>                    ( - -1.080e+06 8 0)
s>                    ( - -5.767e+02 1 0)))))INFO: dtree.c(1439): stop. leaf nodes are specific
INFO: dtree.c(1478): Final simple tree
|( QUESTION0 -1 -3.929e+05 2.171e+03 1.763e+03
|    ( WDBNDRY_E 0 -1.323e+05 1.357e+02 5.772e+02
|        ( - -1.319e+05 20 0)
|        ( - -3.111e+02 1 0))
|    ( - -2.584e+05 2 0))
s>    ( QUESTION0 -1 -3.929e+05 2.171e+03 1.763e+03
s>        ( WDBNDRY_E 0 -1.323e+05 1.357e+02 5.772e+02
s>            ( - -1.319e+05 20 0)
s>            ( - -3.111e+02 1 0))
s>        ( - -2.584e+05 2 0))INFO: dtree.c(1315): Comp split 5
INFO: dtree.c(1439): stop. leaf nodes are specific
INFO: dtree.c(1478): Final simple tree
|( QUESTION0 -1 -1.749e+06 2.042e+03 7.773e+03
|    ( WDBNDRY_E 0 -1.576e+06 1.850e+02 7.006e+03
|        ( - -4.895e+03 4 0)
|        ( - -1.571e+06 28 0))
|    ( QUESTION2 -1 -1.711e+05 8.082e+02 7.677e+02
|        ( - -1.706e+04 1 0)
|        ( QUESTION0 1 -1.533e+05 1.071e+02 6.882e+02
|            ( - -1.526e+05 14 0)
|            ( - -5.767e+02 1 0))))
s>    ( QUESTION0 -1 -1.749e+06 2.042e+03 7.773e+03
s>        ( WDBNDRY_E 0 -1.576e+06 1.850e+02 7.006e+03
s>            ( - -4.895e+03 4 0)
s>            ( - -1.571e+06 28 0))
s>        ( QUESTION2 -1 -1.711e+05 8.082e+02 7.677e+02
s>            ( - -1.706e+04 1 0)
s>            ( QUESTION0 1 -1.533e+05 1.071e+02 6.882e+02
s>                ( - -1.526e+05 14 0)
s>                ( - -5.767e+02 1 0))))INFO: dtree.c(1315): Comp split 6
INFO: dtree.c(1478): Final simple tree
|( QUESTION0 -1 -4.532e+05 4.702e+03 1.968e+03
|    ( QUESTION11 1 -4.135e+04 2.976e+02 1.933e+02
|        ( - -3.850e+04 4 0)
|        ( - -2.548e+03 2 0))
|    ( QUESTION20 -1 -4.072e+05 1.971e+03 1.775e+03
|        ( - -1.508e+05 2 0)
|        ( QUESTION16 -1 -2.544e+05 1.420e+03 1.107e+03
|            ( QUESTION17 -1 -6.061e+04 4.380e+02 2.671e+02
|                ( - 1.811e+02 1 0)
|                ( - -6.036e+04 1 0))
|            ( QUESTION4 -1 -1.923e+05 7.458e+02 8.399e+02
|                ( - -6.515e+04 2 0 QUESTION2_15_L -1 2.357e+02 2.903e+02)
|                ( QUESTION15 -1 -1.265e+05 5.834e+02 5.496e+02
|                    ( - -7.003e+04 2 0 QUESTION0_12_R 1 1.796e+02 3.086e+02)
|                    ( - -5.584e+04 10 0 QUESTION0_13_R 1 2.861e+02 2.410e+02))))))
s>    ( QUESTION0 -1 -4.532e+05 4.702e+03 1.968e+03
s>        ( QUESTION11 1 -4.135e+04 2.976e+02 1.933e+02
s>            ( - -3.850e+04 4 0)
s>            ( - -2.548e+03 2 0))
s>        ( QUESTION20 -1 -4.072e+05 1.971e+03 1.775e+03
s>            ( - -1.508e+05 2 0)
s>            ( QUESTION16 -1 -2.544e+05 1.420e+03 1.107e+03
s>                ( QUESTION17 -1 -6.061e+04 4.380e+02 2.671e+02
s>                    ( - 1.811e+02 1 0)
s>                    ( - -6.036e+04 1 0))
s>                ( QUESTION4 -1 -1.923e+05 7.458e+02 8.399e+02
s>                    ( - -6.515e+04 2 0 QUESTION2_15_L -1 2.357e+02 2.903e+02)
s>                    ( QUESTION15 -1 -1.265e+05 5.834e+02 5.496e+02
s>                        ( - -7.003e+04 2 0 QUESTION0_12_R 1 1.796e+02 3.086e+02)
s>                        ( - -5.584e+04 10 0 QUESTION0_13_R 1 2.861e+02 2.410e+02))))))INFO: dtree.c(1478): Final simple tree
|( QUESTION0_13_R 1 -9.271e+05 4.063e+03 4.042e+03
|    ( - -4.519e+05 10 0 QUESTION0 1 1.371e+02 1.991e+03)
|    ( QUESTION0_15_R 1 -4.711e+05 1.891e+03 2.050e+03
|        ( QUESTION17 1 -1.225e+05 3.933e+02 5.434e+02
|            ( - -1.267e+04 6 0 QUESTION0 -1 1.939e+02 5.585e+01)
|            ( - -1.094e+05 6 0 QUESTION0 -1 1.899e+02 4.876e+02))
|        ( QUESTION0_11_R 1 -3.468e+05 1.323e+03 1.507e+03
|            ( - -1.339e+05 6 0)
|            ( QUESTION10 1 -2.115e+05 6.366e+02 9.082e+02
|                ( QUESTION0_3_R 1 -4.142e+04 4.425e+02 1.848e+02
|                    ( - -4.120e+04 6 0 QUESTION11 1 2.551e+02 1.838e+02)
|                    ( - 2.178e+02 1 0))
|                ( QUESTION20 1 -1.694e+05 5.094e+02 7.234e+02
|                    ( - -2.388e+04 5 0 QUESTION0_17_R 1 1.801e+02 1.044e+02)
|                    ( - -1.451e+05 21 0 QUESTION4 1 3.485e+02 6.190e+02))))))
s>    ( QUESTION0_13_R 1 -9.271e+05 4.063e+03 4.042e+03
s>        ( - -4.519e+05 10 0 QUESTION0 1 1.371e+02 1.991e+03)
s>        ( QUESTION0_15_R 1 -4.711e+05 1.891e+03 2.050e+03
s>            ( QUESTION17 1 -1.225e+05 3.933e+02 5.434e+02
s>                ( - -1.267e+04 6 0 QUESTION0 -1 1.939e+02 5.585e+01)
s>                ( - -1.094e+05 6 0 QUESTION0 -1 1.899e+02 4.876e+02))
s>            ( QUESTION0_11_R 1 -3.468e+05 1.323e+03 1.507e+03
s>                ( - -1.339e+05 6 0)
s>                ( QUESTION10 1 -2.115e+05 6.366e+02 9.082e+02
s>                    ( QUESTION0_3_R 1 -4.142e+04 4.425e+02 1.848e+02
s>                        ( - -4.120e+04 6 0 QUESTION11 1 2.551e+02 1.838e+02)
s>                        ( - 2.178e+02 1 0))
s>                    ( QUESTION20 1 -1.694e+05 5.094e+02 7.234e+02
s>                        ( - -2.388e+04 5 0 QUESTION0_17_R 1 1.801e+02 1.044e+02)
s>                        ( - -1.451e+05 21 0 QUESTION4 1 3.485e+02 6.190e+02))))))INFO: dtree.c(1315): Comp split 7
INFO: dtree.c(1439): stop. leaf nodes are specific
INFO: dtree.c(1478): Final simple tree
|( QUESTION0 1 -3.313e+05 1.960e+02 1.492e+03
|    ( QUESTION0 -1 -3.300e+05 1.417e+02 1.487e+03
|        ( - -3.287e+05 4 0)
|        ( - -1.215e+03 1 0))
|    ( - -1.070e+03 1 0))
s>    ( QUESTION0 1 -3.313e+05 1.960e+02 1.492e+03
s>        ( QUESTION0 -1 -3.300e+05 1.417e+02 1.487e+03
s>            ( - -3.287e+05 4 0)
s>            ( - -1.215e+03 1 0))
s>        ( - -1.070e+03 1 0))INFO: dtree.c(1439): stop. leaf nodes are specific
INFO: dtree.c(1478): Final simple tree
|( WDBNDRY_B 0 -6.339e+05 1.749e+03 2.854e+03
|    ( - -8.733e+04 5 0)
|    ( QUESTION0_12_R 1 -5.448e+05 8.682e+02 2.444e+03
|        ( - -5.190e+05 8 0)
|        ( QUESTION2_2_L -1 -2.492e+04 1.957e+02 1.099e+02
|            ( - -5.650e+02 1 0)
|            ( QUESTION0_15_R 1 -2.416e+04 1.602e+02 1.069e+02
|                ( - -1.567e+04 7 0)
|                ( QUESTION0 -1 -8.336e+03 1.249e+02 3.701e+01
|                    ( QUESTION0_11_R 1 -7.880e+03 1.226e+02 3.501e+01
|                        ( - -6.497e+03 3 0)
|                        ( - -1.261e+03 2 0))
|                    ( - -3.310e+02 1 0))))))
s>    ( WDBNDRY_B 0 -6.339e+05 1.749e+03 2.854e+03
s>        ( - -8.733e+04 5 0)
s>        ( QUESTION0_12_R 1 -5.448e+05 8.682e+02 2.444e+03
s>            ( - -5.190e+05 8 0)
s>            ( QUESTION2_2_L -1 -2.492e+04 1.957e+02 1.099e+02
s>                ( - -5.650e+02 1 0)
s>                ( QUESTION0_15_R 1 -2.416e+04 1.602e+02 1.069e+02
s>                    ( - -1.567e+04 7 0)
s>                    ( QUESTION0 -1 -8.336e+03 1.249e+02 3.701e+01
s>                        ( QUESTION0_11_R 1 -7.880e+03 1.226e+02 3.501e+01
s>                            ( - -6.497e+03 3 0)
s>                            ( - -1.261e+03 2 0))
s>                        ( - -3.310e+02 1 0))))))INFO: dtree.c(1315): Comp split 8
INFO: dtree.c(1478): Final simple tree
|( QUESTION20 -1 -4.072e+05 1.971e+03 1.775e+03
|    ( - -1.508e+05 2 0)
|    ( QUESTION16 -1 -2.544e+05 1.420e+03 1.107e+03
|        ( QUESTION17 -1 -6.061e+04 4.380e+02 2.671e+02
|            ( - 1.811e+02 1 0)
|            ( - -6.036e+04 1 0))
|        ( QUESTION4 -1 -1.923e+05 7.458e+02 8.399e+02
|            ( QUESTION2_15_L -1 -6.515e+04 2.357e+02 2.903e+02
|                ( - -5.961e+04 1 0)
|                ( - -5.296e+03 1 0))
|            ( QUESTION15 -1 -1.265e+05 5.834e+02 5.496e+02
|                ( - -7.003e+04 2 0 QUESTION0_12_R 1 1.796e+02 3.086e+02)
|                ( QUESTION0_13_R 1 -5.584e+04 2.861e+02 2.410e+02
|                    ( - -3.433e+04 6 0 SILENCE -1 2.095e+02 1.504e+02)
|                    ( - -2.122e+04 4 0 WDBNDRY_B 0 1.461e+02 9.064e+01))))))
s>    ( QUESTION20 -1 -4.072e+05 1.971e+03 1.775e+03
s>        ( - -1.508e+05 2 0)
s>        ( QUESTION16 -1 -2.544e+05 1.420e+03 1.107e+03
s>            ( QUESTION17 -1 -6.061e+04 4.380e+02 2.671e+02
s>                ( - 1.811e+02 1 0)
s>                ( - -6.036e+04 1 0))
s>            ( QUESTION4 -1 -1.923e+05 7.458e+02 8.399e+02
s>                ( QUESTION2_15_L -1 -6.515e+04 2.357e+02 2.903e+02
s>                    ( - -5.961e+04 1 0)
s>                    ( - -5.296e+03 1 0))
s>                ( QUESTION15 -1 -1.265e+05 5.834e+02 5.496e+02
s>                    ( - -7.003e+04 2 0 QUESTION0_12_R 1 1.796e+02 3.086e+02)
s>                    ( QUESTION0_13_R 1 -5.584e+04 2.861e+02 2.410e+02
s>                        ( - -3.433e+04 6 0 SILENCE -1 2.095e+02 1.504e+02)
s>                        ( - -2.122e+04 4 0 WDBNDRY_B 0 1.461e+02 9.064e+01))))))INFO: dtree.c(1439): stop. leaf nodes are specific
INFO: dtree.c(1478): Final simple tree
|( QUESTION11 1 -4.135e+04 2.976e+02 1.933e+02
|    ( - -3.850e+04 4 0)
|    ( - -2.548e+03 2 0))
s>    ( QUESTION11 1 -4.135e+04 2.976e+02 1.933e+02
s>        ( - -3.850e+04 4 0)
s>        ( - -2.548e+03 2 0))INFO: dtree.c(1315): Comp split 9
INFO: dtree.c(1439): stop. leaf nodes are specific
INFO: dtree.c(1478): Final simple tree
|( QUESTION0_11_R 1 -4.765e+05 6.970e+02 2.096e+03
|    ( QUESTION0 1 -4.519e+05 1.371e+02 1.991e+03
|        ( - -1.062e+03 2 0)
|        ( QUESTION2_0_L -1 -4.507e+05 1.218e+02 1.986e+03
|            ( WDBNDRY_B 0 -4.500e+05 8.372e+01 1.983e+03
|                ( - -4.457e+05 5 0)
|                ( - -4.180e+03 2 0))
|            ( - -5.929e+02 1 0)))
|    ( QUESTION0_17_R 1 -2.388e+04 1.801e+02 1.044e+02
|        ( - -1.772e+04 4 0)
|        ( - -5.978e+03 1 0)))
s>    ( QUESTION0_11_R 1 -4.765e+05 6.970e+02 2.096e+03
s>        ( QUESTION0 1 -4.519e+05 1.371e+02 1.991e+03
s>            ( - -1.062e+03 2 0)
s>            ( QUESTION2_0_L -1 -4.507e+05 1.218e+02 1.986e+03
s>                ( WDBNDRY_B 0 -4.500e+05 8.372e+01 1.983e+03
s>                    ( - -4.457e+05 5 0)
s>                    ( - -4.180e+03 2 0))
s>                ( - -5.929e+02 1 0)))
s>        ( QUESTION0_17_R 1 -2.388e+04 1.801e+02 1.044e+02
s>            ( - -1.772e+04 4 0)
s>            ( - -5.978e+03 1 0)))INFO: dtree.c(1478): Final simple tree
|( QUESTION0_15_R 1 -4.465e+05 1.750e+03 1.946e+03
|    ( QUESTION17 1 -1.225e+05 3.933e+02 5.434e+02
|        ( - -1.267e+04 6 0 QUESTION0 -1 1.939e+02 5.585e+01)
|        ( - -1.094e+05 6 0 QUESTION0 -1 1.899e+02 4.876e+02))
|    ( QUESTION0_11_R 1 -3.223e+05 1.254e+03 1.402e+03
|        ( - -1.339e+05 6 0)
|        ( QUESTION10 1 -1.871e+05 6.349e+02 8.038e+02
|            ( QUESTION0_3_R 1 -4.142e+04 4.425e+02 1.848e+02
|                ( QUESTION11 1 -4.120e+04 2.551e+02 1.838e+02
|                    ( - -3.426e+04 3 0)
|                    ( - -6.680e+03 3 0))
|                ( - 2.178e+02 1 0))
|            ( QUESTION4 1 -1.451e+05 3.485e+02 6.190e+02
|                ( - -4.541e+04 4 0 QUESTION0 -1 1.752e+02 1.913e+02)
|                ( - -9.930e+04 17 0 QUESTION0_10_R 1 1.832e+02 4.277e+02)))))
s>    ( QUESTION0_15_R 1 -4.465e+05 1.750e+03 1.946e+03
s>        ( QUESTION17 1 -1.225e+05 3.933e+02 5.434e+02
s>            ( - -1.267e+04 6 0 QUESTION0 -1 1.939e+02 5.585e+01)
s>            ( - -1.094e+05 6 0 QUESTION0 -1 1.899e+02 4.876e+02))
s>        ( QUESTION0_11_R 1 -3.223e+05 1.254e+03 1.402e+03
s>            ( - -1.339e+05 6 0)
s>            ( QUESTION10 1 -1.871e+05 6.349e+02 8.038e+02
s>                ( QUESTION0_3_R 1 -4.142e+04 4.425e+02 1.848e+02
s>                    ( QUESTION11 1 -4.120e+04 2.551e+02 1.838e+02
s>                        ( - -3.426e+04 3 0)
s>                        ( - -6.680e+03 3 0))
s>                    ( - 2.178e+02 1 0))
s>                ( QUESTION4 1 -1.451e+05 3.485e+02 6.190e+02
s>                    ( - -4.541e+04 4 0 QUESTION0 -1 1.752e+02 1.913e+02)
s>                    ( - -9.930e+04 17 0 QUESTION0_10_R 1 1.832e+02 4.277e+02)))))INFO: dtree.c(1315): Comp split 10
INFO: dtree.c(1439): stop. leaf nodes are specific
INFO: dtree.c(1478): Final simple tree
|( QUESTION13 -1 -5.116e+05 2.806e+03 2.218e+03
|    ( QUESTION0 1 -3.215e+05 2.096e+02 1.409e+03
|        ( - -3.147e+05 17 0)
|        ( - -6.562e+03 4 0))
|    ( QUESTION0 1 -1.874e+05 3.519e+02 8.087e+02
|        ( SILENCE -1 -1.475e+05 2.855e+02 6.340e+02
|            ( - -1.023e+05 6 0)
|            ( - -4.488e+04 6 0))
|        ( SILENCE -1 -3.953e+04 9.500e+01 1.747e+02
|            ( - -2.942e+04 1 0)
|            ( - -1.002e+04 1 0))))
s>    ( QUESTION13 -1 -5.116e+05 2.806e+03 2.218e+03
s>        ( QUESTION0 1 -3.215e+05 2.096e+02 1.409e+03
s>            ( - -3.147e+05 17 0)
s>            ( - -6.562e+03 4 0))
s>        ( QUESTION0 1 -1.874e+05 3.519e+02 8.087e+02
s>            ( SILENCE -1 -1.475e+05 2.855e+02 6.340e+02
s>                ( - -1.023e+05 6 0)
s>                ( - -4.488e+04 6 0))
s>            ( SILENCE -1 -3.953e+04 9.500e+01 1.747e+02
s>                ( - -2.942e+04 1 0)
s>                ( - -1.002e+04 1 0))))INFO: dtree.c(1478): Final simple tree
|( QUESTION19 -1 -1.636e+06 2.209e+03 7.146e+03
|    ( - -9.729e+04 1 0)
|    ( QUESTION0 -1 -1.537e+06 1.060e+03 6.724e+03
|        ( QUESTION2_4_L -1 -1.357e+06 7.718e+02 5.942e+03
|            ( - -3.755e+04 6 0 QUESTION0 1 1.249e+02 1.673e+02)
|            ( QUESTION0 1 -1.319e+06 2.625e+02 5.775e+03
|                ( - -1.270e+06 31 0 QUESTION2_0_L -1 1.298e+02 5.563e+03)
|                ( - -4.803e+04 5 0)))
|        ( QUESTION17 -1 -1.789e+05 1.133e+03 7.812e+02
|            ( - -6.935e+04 10 0 QUESTION0 1 1.206e+02 3.105e+02)
|            ( QUESTION16 -1 -1.085e+05 7.580e+02 4.708e+02
|                ( - -5.626e+04 5 0 QUESTION0 1 9.094e+01 2.472e+02)
|                ( QUESTION11 -1 -5.144e+04 2.927e+02 2.235e+02
|                    ( - -2.292e+04 7 0 QUESTION2_15_L -1 1.844e+02 1.005e+02)
|                    ( - -2.823e+04 24 0 QUESTION2_12_L -1 1.685e+02 1.230e+02))))))
s>    ( QUESTION19 -1 -1.636e+06 2.209e+03 7.146e+03
s>        ( - -9.729e+04 1 0)
s>        ( QUESTION0 -1 -1.537e+06 1.060e+03 6.724e+03
s>            ( QUESTION2_4_L -1 -1.357e+06 7.718e+02 5.942e+03
s>                ( - -3.755e+04 6 0 QUESTION0 1 1.249e+02 1.673e+02)
s>                ( QUESTION0 1 -1.319e+06 2.625e+02 5.775e+03
s>                    ( - -1.270e+06 31 0 QUESTION2_0_L -1 1.298e+02 5.563e+03)
s>                    ( - -4.803e+04 5 0)))
s>            ( QUESTION17 -1 -1.789e+05 1.133e+03 7.812e+02
s>                ( - -6.935e+04 10 0 QUESTION0 1 1.206e+02 3.105e+02)
s>                ( QUESTION16 -1 -1.085e+05 7.580e+02 4.708e+02
s>                    ( - -5.626e+04 5 0 QUESTION0 1 9.094e+01 2.472e+02)
s>                    ( QUESTION11 -1 -5.144e+04 2.927e+02 2.235e+02
s>                        ( - -2.292e+04 7 0 QUESTION2_15_L -1 1.844e+02 1.005e+02)
s>                        ( - -2.823e+04 24 0 QUESTION2_12_L -1 1.685e+02 1.230e+02))))))INFO: dtree.c(1315): Comp split 11
INFO: dtree.c(1439): stop. leaf nodes are specific
INFO: dtree.c(1478): Final simple tree
|( QUESTION0 1 -1.941e+05 3.369e+02 8.366e+02
|    ( SILENCE -1 -1.475e+05 2.855e+02 6.340e+02
|        ( - -1.023e+05 6 0)
|        ( - -4.488e+04 6 0))
|    ( QUESTION13 -1 -4.628e+04 1.925e+02 2.026e+02
|        ( - -6.562e+03 4 0)
|        ( SILENCE -1 -3.953e+04 9.500e+01 1.747e+02
|            ( - -2.942e+04 1 0)
|            ( - -1.002e+04 1 0))))
s>    ( QUESTION0 1 -1.941e+05 3.369e+02 8.366e+02
s>        ( SILENCE -1 -1.475e+05 2.855e+02 6.340e+02
s>            ( - -1.023e+05 6 0)
s>            ( - -4.488e+04 6 0))
s>        ( QUESTION13 -1 -4.628e+04 1.925e+02 2.026e+02
s>            ( - -6.562e+03 4 0)
s>            ( SILENCE -1 -3.953e+04 9.500e+01 1.747e+02
s>                ( - -2.942e+04 1 0)
s>                ( - -1.002e+04 1 0))))INFO: dtree.c(1315): Comp split 12
INFO: dtree.c(1478): Final simple tree
|( QUESTION0 -1 -1.537e+06 1.060e+03 6.724e+03
|    ( QUESTION2_4_L -1 -1.357e+06 7.718e+02 5.942e+03
|        ( - -3.755e+04 6 0 QUESTION0 1 1.249e+02 1.673e+02)
|        ( QUESTION0 1 -1.319e+06 2.625e+02 5.775e+03
|            ( - -1.270e+06 31 0 QUESTION2_0_L -1 1.298e+02 5.563e+03)
|            ( - -4.803e+04 5 0)))
|    ( QUESTION17 -1 -1.789e+05 1.133e+03 7.812e+02
|        ( - -6.935e+04 10 0 QUESTION0 1 1.206e+02 3.105e+02)
|        ( QUESTION16 -1 -1.085e+05 7.580e+02 4.708e+02
|            ( - -5.626e+04 5 0 QUESTION0 1 9.094e+01 2.472e+02)
|            ( QUESTION11 -1 -5.144e+04 2.927e+02 2.235e+02
|                ( QUESTION2_15_L -1 -2.292e+04 1.844e+02 1.005e+02
|                    ( - -1.973e+04 5 0)
|                    ( - -3.007e+03 2 0))
|                ( - -2.823e+04 24 0 QUESTION2_12_L -1 1.685e+02 1.230e+02)))))
s>    ( QUESTION0 -1 -1.537e+06 1.060e+03 6.724e+03
s>        ( QUESTION2_4_L -1 -1.357e+06 7.718e+02 5.942e+03
s>            ( - -3.755e+04 6 0 QUESTION0 1 1.249e+02 1.673e+02)
s>            ( QUESTION0 1 -1.319e+06 2.625e+02 5.775e+03
s>                ( - -1.270e+06 31 0 QUESTION2_0_L -1 1.298e+02 5.563e+03)
s>                ( - -4.803e+04 5 0)))
s>        ( QUESTION17 -1 -1.789e+05 1.133e+03 7.812e+02
s>            ( - -6.935e+04 10 0 QUESTION0 1 1.206e+02 3.105e+02)
s>            ( QUESTION16 -1 -1.085e+05 7.580e+02 4.708e+02
s>                ( - -5.626e+04 5 0 QUESTION0 1 9.094e+01 2.472e+02)
s>                ( QUESTION11 -1 -5.144e+04 2.927e+02 2.235e+02
s>                    ( QUESTION2_15_L -1 -2.292e+04 1.844e+02 1.005e+02
s>                        ( - -1.973e+04 5 0)
s>                        ( - -3.007e+03 2 0))
s>                    ( - -2.823e+04 24 0 QUESTION2_12_L -1 1.685e+02 1.230e+02)))))INFO: dtree.c(1315): Comp split 13
INFO: dtree.c(1439): stop. leaf nodes are specific
INFO: dtree.c(1478): Final simple tree
|( WDBNDRY_E 0 -1.323e+05 1.357e+02 5.772e+02
|    ( - -1.319e+05 20 0)
|    ( - -3.111e+02 1 0))
s>    ( WDBNDRY_E 0 -1.323e+05 1.357e+02 5.772e+02
s>        ( - -1.319e+05 20 0)
s>        ( - -3.111e+02 1 0))INFO: dtree.c(1315): Comp split 14
INFO: dtree.c(1439): stop. leaf nodes are specific
INFO: dtree.c(1478): Final simple tree
|( QUESTION2 -1 -1.711e+05 8.082e+02 7.677e+02
|    ( - -1.706e+04 1 0)
|    ( QUESTION0 1 -1.533e+05 1.071e+02 6.882e+02
|        ( - -1.526e+05 14 0)
|        ( - -5.767e+02 1 0)))
s>    ( QUESTION2 -1 -1.711e+05 8.082e+02 7.677e+02
s>        ( - -1.706e+04 1 0)
s>        ( QUESTION0 1 -1.533e+05 1.071e+02 6.882e+02
s>            ( - -1.526e+05 14 0)
s>            ( - -5.767e+02 1 0)))INFO: dtree.c(1439): stop. leaf nodes are specific
INFO: dtree.c(1478): Final simple tree
|( WDBNDRY_E 0 -1.576e+06 1.850e+02 7.006e+03
|    ( - -4.895e+03 4 0)
|    ( - -1.571e+06 28 0))
s>    ( WDBNDRY_E 0 -1.576e+06 1.850e+02 7.006e+03
s>        ( - -4.895e+03 4 0)
s>        ( - -1.571e+06 28 0))INFO: dtree.c(1315): Comp split 15
INFO: dtree.c(1478): Final simple tree
|( QUESTION16 -1 -2.541e+05 1.427e+03 1.106e+03
|    ( - -6.036e+04 1 0)
|    ( QUESTION4 -1 -1.923e+05 7.458e+02 8.399e+02
|        ( QUESTION2_15_L -1 -6.515e+04 2.357e+02 2.903e+02
|            ( - -5.961e+04 1 0)
|            ( - -5.296e+03 1 0))
|        ( QUESTION15 -1 -1.265e+05 5.834e+02 5.496e+02
|            ( QUESTION0_12_R 1 -7.003e+04 1.796e+02 3.086e+02
|                ( - -2.322e+03 1 0)
|                ( - -6.753e+04 1 0))
|            ( QUESTION0_13_R 1 -5.584e+04 2.861e+02 2.410e+02
|                ( SILENCE -1 -3.433e+04 2.095e+02 1.504e+02
|                    ( - -9.947e+03 1 0)
|                    ( - -2.418e+04 5 0 QUESTION2 -1 1.097e+02 1.061e+02))
|                ( - -2.122e+04 4 0 WDBNDRY_B 0 1.461e+02 9.064e+01)))))
s>    ( QUESTION16 -1 -2.541e+05 1.427e+03 1.106e+03
s>        ( - -6.036e+04 1 0)
s>        ( QUESTION4 -1 -1.923e+05 7.458e+02 8.399e+02
s>            ( QUESTION2_15_L -1 -6.515e+04 2.357e+02 2.903e+02
s>                ( - -5.961e+04 1 0)
s>                ( - -5.296e+03 1 0))
s>            ( QUESTION15 -1 -1.265e+05 5.834e+02 5.496e+02
s>                ( QUESTION0_12_R 1 -7.003e+04 1.796e+02 3.086e+02
s>                    ( - -2.322e+03 1 0)
s>                    ( - -6.753e+04 1 0))
s>                ( QUESTION0_13_R 1 -5.584e+04 2.861e+02 2.410e+02
s>                    ( SILENCE -1 -3.433e+04 2.095e+02 1.504e+02
s>                        ( - -9.947e+03 1 0)
s>                        ( - -2.418e+04 5 0 QUESTION2 -1 1.097e+02 1.061e+02))
s>                    ( - -2.122e+04 4 0 WDBNDRY_B 0 1.461e+02 9.064e+01)))))INFO: dtree.c(1439): stop. leaf nodes are specific
INFO: dtree.c(1478): Final simple tree
|( QUESTION16 -1 -1.511e+05 4.273e+02 6.691e+02
|    ( - 1.811e+02 1 0)
|    ( - -1.508e+05 2 0))
s>    ( QUESTION16 -1 -1.511e+05 4.273e+02 6.691e+02
s>        ( - 1.811e+02 1 0)
s>        ( - -1.508e+05 2 0))INFO: dtree.c(1315): Comp split 16
INFO: dtree.c(1439): stop. leaf nodes are specific
INFO: dtree.c(1478): Final simple tree
|( QUESTION0 -1 -1.094e+05 1.899e+02 4.876e+02
|    ( - -1.079e+05 4 0)
|    ( - -1.274e+03 2 0))
s>    ( QUESTION0 -1 -1.094e+05 1.899e+02 4.876e+02
s>        ( - -1.079e+05 4 0)
s>        ( - -1.274e+03 2 0))INFO: dtree.c(1478): Final simple tree
|( QUESTION0_11_R 1 -3.351e+05 1.192e+03 1.458e+03
|    ( - -1.339e+05 6 0)
|    ( QUESTION10 1 -2.000e+05 6.237e+02 8.597e+02
|        ( QUESTION0_3_R 1 -4.142e+04 4.425e+02 1.848e+02
|            ( QUESTION11 1 -4.120e+04 2.551e+02 1.838e+02
|                ( - -3.426e+04 3 0)
|                ( - -6.680e+03 3 0))
|            ( - 2.178e+02 1 0))
|        ( QUESTION4 1 -1.580e+05 3.814e+02 6.749e+02
|            ( QUESTION0 -1 -4.541e+04 1.752e+02 1.913e+02
|                ( - -4.467e+04 3 0 QUESTION0_6_R 1 1.690e+02 1.883e+02)
|                ( - -5.567e+02 1 0))
|            ( QUESTION0_16_R 1 -1.122e+05 2.474e+02 4.836e+02
|                ( - -8.783e+04 9 0 QUESTION0 -1 1.416e+02 3.807e+02)
|                ( - -2.410e+04 14 0 SILENCE 1 1.720e+02 1.029e+02)))))
s>    ( QUESTION0_11_R 1 -3.351e+05 1.192e+03 1.458e+03
s>        ( - -1.339e+05 6 0)
s>        ( QUESTION10 1 -2.000e+05 6.237e+02 8.597e+02
s>            ( QUESTION0_3_R 1 -4.142e+04 4.425e+02 1.848e+02
s>                ( QUESTION11 1 -4.120e+04 2.551e+02 1.838e+02
s>                    ( - -3.426e+04 3 0)
s>                    ( - -6.680e+03 3 0))
s>                ( - 2.178e+02 1 0))
s>            ( QUESTION4 1 -1.580e+05 3.814e+02 6.749e+02
s>                ( QUESTION0 -1 -4.541e+04 1.752e+02 1.913e+02
s>                    ( - -4.467e+04 3 0 QUESTION0_6_R 1 1.690e+02 1.883e+02)
s>                    ( - -5.567e+02 1 0))
s>                ( QUESTION0_16_R 1 -1.122e+05 2.474e+02 4.836e+02
s>                    ( - -8.783e+04 9 0 QUESTION0 -1 1.416e+02 3.807e+02)
s>                    ( - -2.410e+04 14 0 SILENCE 1 1.720e+02 1.029e+02)))))INFO: dtree.c(1315): Comp split 17
INFO: dtree.c(1439): stop. leaf nodes are specific
INFO: dtree.c(1478): Final simple tree
|( QUESTION0_12_R 1 -5.448e+05 8.682e+02 2.444e+03
|    ( - -5.190e+05 8 0)
|    ( QUESTION2_2_L -1 -2.492e+04 1.957e+02 1.099e+02
|        ( - -5.650e+02 1 0)
|        ( QUESTION0_15_R 1 -2.416e+04 1.602e+02 1.069e+02
|            ( - -1.567e+04 7 0)
|            ( QUESTION0 -1 -8.336e+03 1.249e+02 3.701e+01
|                ( QUESTION0_11_R 1 -7.880e+03 1.226e+02 3.501e+01
|                    ( - -6.497e+03 3 0)
|                    ( - -1.261e+03 2 0))
|                ( - -3.310e+02 1 0)))))
s>    ( QUESTION0_12_R 1 -5.448e+05 8.682e+02 2.444e+03
s>        ( - -5.190e+05 8 0)
s>        ( QUESTION2_2_L -1 -2.492e+04 1.957e+02 1.099e+02
s>            ( - -5.650e+02 1 0)
s>            ( QUESTION0_15_R 1 -2.416e+04 1.602e+02 1.069e+02
s>                ( - -1.567e+04 7 0)
s>                ( QUESTION0 -1 -8.336e+03 1.249e+02 3.701e+01
s>                    ( QUESTION0_11_R 1 -7.880e+03 1.226e+02 3.501e+01
s>                        ( - -6.497e+03 3 0)
s>                        ( - -1.261e+03 2 0))
s>                    ( - -3.310e+02 1 0)))))INFO: dtree.c(1315): Comp split 18
INFO: dtree.c(1439): stop. leaf nodes are specific
INFO: dtree.c(1478): Final simple tree
|( QUESTION5 -1 -5.600e+04 1.314e+02 2.545e+02
|    ( - -3.264e+02 1 0)
|    ( - -5.554e+04 4 0))
s>    ( QUESTION5 -1 -5.600e+04 1.314e+02 2.545e+02
s>        ( - -3.264e+02 1 0)
s>        ( - -5.554e+04 4 0))INFO: dtree.c(1315): Comp split 19
INFO: dtree.c(1439): stop. leaf nodes are specific
INFO: dtree.c(1478): Final simple tree
|( QUESTION2 -1 -7.971e+04 5.250e+02 3.478e+02
|    ( QUESTION2_15_L -1 -2.292e+04 1.844e+02 1.005e+02
|        ( - -1.973e+04 5 0)
|        ( - -3.007e+03 2 0))
|    ( QUESTION0 1 -5.626e+04 9.094e+01 2.472e+02
|        ( - -5.468e+04 4 0)
|        ( - -1.497e+03 1 0)))
s>    ( QUESTION2 -1 -7.971e+04 5.250e+02 3.478e+02
s>        ( QUESTION2_15_L -1 -2.292e+04 1.844e+02 1.005e+02
s>            ( - -1.973e+04 5 0)
s>            ( - -3.007e+03 2 0))
s>        ( QUESTION0 1 -5.626e+04 9.094e+01 2.472e+02
s>            ( - -5.468e+04 4 0)
s>            ( - -1.497e+03 1 0)))INFO: dtree.c(1478): Final simple tree
|( QUESTION16 -1 -1.456e+06 9.497e+02 6.376e+03
|    ( - -6.935e+04 10 0 QUESTION0 1 1.206e+02 3.105e+02)
|    ( QUESTION2_4_L -1 -1.385e+06 7.691e+02 6.065e+03
|        ( - -3.755e+04 6 0 QUESTION0 1 1.249e+02 1.673e+02)
|        ( QUESTION0 -1 -1.347e+06 3.127e+02 5.898e+03
|            ( QUESTION0 1 -1.319e+06 2.625e+02 5.775e+03
|                ( - -1.270e+06 31 0 QUESTION2_0_L -1 1.298e+02 5.563e+03)
|                ( - -4.803e+04 5 0))
|            ( QUESTION2_12_L -1 -2.823e+04 1.685e+02 1.230e+02
|                ( - -2.705e+02 1 0)
|                ( QUESTION2 -1 -2.779e+04 1.649e+02 1.210e+02
|                    ( QUESTION0 1 -1.027e+04 1.808e+02 4.400e+01
|                        ( - -9.845e+03 9 0 QUESTION8 -1 1.349e+02 4.200e+01)
|                        ( - -2.438e+02 1 0))
|                    ( - -1.735e+04 13 0 QUESTION0 1 8.187e+01 7.700e+01))))))
s>    ( QUESTION16 -1 -1.456e+06 9.497e+02 6.376e+03
s>        ( - -6.935e+04 10 0 QUESTION0 1 1.206e+02 3.105e+02)
s>        ( QUESTION2_4_L -1 -1.385e+06 7.691e+02 6.065e+03
s>            ( - -3.755e+04 6 0 QUESTION0 1 1.249e+02 1.673e+02)
s>            ( QUESTION0 -1 -1.347e+06 3.127e+02 5.898e+03
s>                ( QUESTION0 1 -1.319e+06 2.625e+02 5.775e+03
s>                    ( - -1.270e+06 31 0 QUESTION2_0_L -1 1.298e+02 5.563e+03)
s>                    ( - -4.803e+04 5 0))
s>                ( QUESTION2_12_L -1 -2.823e+04 1.685e+02 1.230e+02
s>                    ( - -2.705e+02 1 0)
s>                    ( QUESTION2 -1 -2.779e+04 1.649e+02 1.210e+02
s>                        ( QUESTION0 1 -1.027e+04 1.808e+02 4.400e+01
s>                            ( - -9.845e+03 9 0 QUESTION8 -1 1.349e+02 4.200e+01)
s>                            ( - -2.438e+02 1 0))
s>                        ( - -1.735e+04 13 0 QUESTION0 1 8.187e+01 7.700e+01))))))INFO: dtree.c(1315): Comp split 20
INFO: dtree.c(1478): Final simple tree
|( QUESTION4 -1 -1.923e+05 7.458e+02 8.399e+02
|    ( QUESTION2_15_L -1 -6.515e+04 2.357e+02 2.903e+02
|        ( - -5.961e+04 1 0)
|        ( - -5.296e+03 1 0))
|    ( QUESTION15 -1 -1.265e+05 5.834e+02 5.496e+02
|        ( QUESTION0_12_R 1 -7.003e+04 1.796e+02 3.086e+02
|            ( - -2.322e+03 1 0)
|            ( - -6.753e+04 1 0))
|        ( QUESTION0_13_R 1 -5.584e+04 2.861e+02 2.410e+02
|            ( SILENCE -1 -3.433e+04 2.095e+02 1.504e+02
|                ( - -9.947e+03 1 0)
|                ( - -2.418e+04 5 0 QUESTION2 -1 1.097e+02 1.061e+02))
|            ( WDBNDRY_B 0 -2.122e+04 1.461e+02 9.064e+01
|                ( - -2.052e+04 2 0 SILENCE -1 1.434e+02 8.764e+01)
|                ( - -5.531e+02 2 0)))))
s>    ( QUESTION4 -1 -1.923e+05 7.458e+02 8.399e+02
s>        ( QUESTION2_15_L -1 -6.515e+04 2.357e+02 2.903e+02
s>            ( - -5.961e+04 1 0)
s>            ( - -5.296e+03 1 0))
s>        ( QUESTION15 -1 -1.265e+05 5.834e+02 5.496e+02
s>            ( QUESTION0_12_R 1 -7.003e+04 1.796e+02 3.086e+02
s>                ( - -2.322e+03 1 0)
s>                ( - -6.753e+04 1 0))
s>            ( QUESTION0_13_R 1 -5.584e+04 2.861e+02 2.410e+02
s>                ( SILENCE -1 -3.433e+04 2.095e+02 1.504e+02
s>                    ( - -9.947e+03 1 0)
s>                    ( - -2.418e+04 5 0 QUESTION2 -1 1.097e+02 1.061e+02))
s>                ( WDBNDRY_B 0 -2.122e+04 1.461e+02 9.064e+01
s>                    ( - -2.052e+04 2 0 SILENCE -1 1.434e+02 8.764e+01)
s>                    ( - -5.531e+02 2 0)))))INFO: dtree.c(1315): Comp split 21
INFO: dtree.c(1478): Final simple tree
|( QUESTION10 1 -2.000e+05 6.237e+02 8.597e+02
|    ( QUESTION0_3_R 1 -4.142e+04 4.425e+02 1.848e+02
|        ( QUESTION11 1 -4.120e+04 2.551e+02 1.838e+02
|            ( - -3.426e+04 3 0)
|            ( - -6.680e+03 3 0))
|        ( - 2.178e+02 1 0))
|    ( QUESTION4 1 -1.580e+05 3.814e+02 6.749e+02
|        ( QUESTION0 -1 -4.541e+04 1.752e+02 1.913e+02
|            ( - -4.467e+04 3 0 QUESTION0_6_R 1 1.690e+02 1.883e+02)
|            ( - -5.567e+02 1 0))
|        ( QUESTION0_16_R 1 -1.122e+05 2.474e+02 4.836e+02
|            ( - -8.783e+04 9 0 QUESTION0 -1 1.416e+02 3.807e+02)
|            ( SILENCE 1 -2.410e+04 1.720e+02 1.029e+02
|                ( - -7.934e+03 4 0 QUESTION0 -1 1.367e+02 3.404e+01)
|                ( - -1.600e+04 10 0 QUESTION0_9_R 1 1.239e+02 6.885e+01)))))
s>    ( QUESTION10 1 -2.000e+05 6.237e+02 8.597e+02
s>        ( QUESTION0_3_R 1 -4.142e+04 4.425e+02 1.848e+02
s>            ( QUESTION11 1 -4.120e+04 2.551e+02 1.838e+02
s>                ( - -3.426e+04 3 0)
s>                ( - -6.680e+03 3 0))
s>            ( - 2.178e+02 1 0))
s>        ( QUESTION4 1 -1.580e+05 3.814e+02 6.749e+02
s>            ( QUESTION0 -1 -4.541e+04 1.752e+02 1.913e+02
s>                ( - -4.467e+04 3 0 QUESTION0_6_R 1 1.690e+02 1.883e+02)
s>                ( - -5.567e+02 1 0))
s>            ( QUESTION0_16_R 1 -1.122e+05 2.474e+02 4.836e+02
s>                ( - -8.783e+04 9 0 QUESTION0 -1 1.416e+02 3.807e+02)
s>                ( SILENCE 1 -2.410e+04 1.720e+02 1.029e+02
s>                    ( - -7.934e+03 4 0 QUESTION0 -1 1.367e+02 3.404e+01)
s>                    ( - -1.600e+04 10 0 QUESTION0_9_R 1 1.239e+02 6.885e+01)))))INFO: dtree.c(1315): Comp split 22
INFO: dtree.c(1439): stop. leaf nodes are specific
INFO: dtree.c(1478): Final simple tree
|( QUESTION0 1 -6.935e+04 1.206e+02 3.105e+02
|    ( - -6.824e+04 9 0)
|    ( - -9.885e+02 1 0))
s>    ( QUESTION0 1 -6.935e+04 1.206e+02 3.105e+02
s>        ( - -6.824e+04 9 0)
s>        ( - -9.885e+02 1 0))INFO: dtree.c(1478): Final simple tree
|( QUESTION2_4_L -1 -1.385e+06 7.691e+02 6.065e+03
|    ( - -3.755e+04 6 0 QUESTION0 1 1.249e+02 1.673e+02)
|    ( QUESTION0 -1 -1.347e+06 3.127e+02 5.898e+03
|        ( QUESTION0 1 -1.319e+06 2.625e+02 5.775e+03
|            ( - -1.270e+06 31 0 QUESTION2_0_L -1 1.298e+02 5.563e+03)
|            ( - -4.803e+04 5 0))
|        ( QUESTION2_12_L -1 -2.823e+04 1.685e+02 1.230e+02
|            ( - -2.705e+02 1 0)
|            ( QUESTION2 -1 -2.779e+04 1.649e+02 1.210e+02
|                ( QUESTION0 1 -1.027e+04 1.808e+02 4.400e+01
|                    ( QUESTION8 -1 -9.845e+03 1.349e+02 4.200e+01
|                        ( - -3.354e+02 1 0)
|                        ( - -9.375e+03 8 0 QUESTION6 -1 1.176e+02 4.000e+01))
|                    ( - -2.438e+02 1 0))
|                ( - -1.735e+04 13 0 QUESTION0 1 8.187e+01 7.700e+01)))))
s>    ( QUESTION2_4_L -1 -1.385e+06 7.691e+02 6.065e+03
s>        ( - -3.755e+04 6 0 QUESTION0 1 1.249e+02 1.673e+02)
s>        ( QUESTION0 -1 -1.347e+06 3.127e+02 5.898e+03
s>            ( QUESTION0 1 -1.319e+06 2.625e+02 5.775e+03
s>                ( - -1.270e+06 31 0 QUESTION2_0_L -1 1.298e+02 5.563e+03)
s>                ( - -4.803e+04 5 0))
s>            ( QUESTION2_12_L -1 -2.823e+04 1.685e+02 1.230e+02
s>                ( - -2.705e+02 1 0)
s>                ( QUESTION2 -1 -2.779e+04 1.649e+02 1.210e+02
s>                    ( QUESTION0 1 -1.027e+04 1.808e+02 4.400e+01
s>                        ( QUESTION8 -1 -9.845e+03 1.349e+02 4.200e+01
s>                            ( - -3.354e+02 1 0)
s>                            ( - -9.375e+03 8 0 QUESTION6 -1 1.176e+02 4.000e+01))
s>                        ( - -2.438e+02 1 0))
s>                    ( - -1.735e+04 13 0 QUESTION0 1 8.187e+01 7.700e+01)))))INFO: dtree.c(1315): Comp split 23
INFO: dtree.c(1439): stop. leaf nodes are specific
INFO: dtree.c(1478): Final simple tree
|( QUESTION2_2_L -1 -2.492e+04 1.957e+02 1.099e+02
|    ( - -5.650e+02 1 0)
|    ( QUESTION0_15_R 1 -2.416e+04 1.602e+02 1.069e+02
|        ( - -1.567e+04 7 0)
|        ( QUESTION0 -1 -8.336e+03 1.249e+02 3.701e+01
|            ( QUESTION0_11_R 1 -7.880e+03 1.226e+02 3.501e+01
|                ( - -6.497e+03 3 0)
|                ( - -1.261e+03 2 0))
|            ( - -3.310e+02 1 0))))
s>    ( QUESTION2_2_L -1 -2.492e+04 1.957e+02 1.099e+02
s>        ( - -5.650e+02 1 0)
s>        ( QUESTION0_15_R 1 -2.416e+04 1.602e+02 1.069e+02
s>            ( - -1.567e+04 7 0)
s>            ( QUESTION0 -1 -8.336e+03 1.249e+02 3.701e+01
s>                ( QUESTION0_11_R 1 -7.880e+03 1.226e+02 3.501e+01
s>                    ( - -6.497e+03 3 0)
s>                    ( - -1.261e+03 2 0))
s>                ( - -3.310e+02 1 0))))INFO: dtree.c(1315): Comp split 24
INFO: dtree.c(1439): stop. leaf nodes are specific
INFO: dtree.c(1478): Final simple tree
|( QUESTION0 1 -1.533e+05 1.071e+02 6.882e+02
|    ( - -1.526e+05 14 0)
|    ( - -5.767e+02 1 0))
s>    ( QUESTION0 1 -1.533e+05 1.071e+02 6.882e+02
s>        ( - -1.526e+05 14 0)
s>        ( - -5.767e+02 1 0))INFO: dtree.c(1315): Comp split 25
INFO: dtree.c(1478): Final simple tree
|( QUESTION0 -1 -1.347e+06 3.127e+02 5.898e+03
|    ( QUESTION0 1 -1.319e+06 2.625e+02 5.775e+03
|        ( QUESTION2_0_L -1 -1.270e+06 1.298e+02 5.563e+03
|            ( - -1.270e+06 30 0)
|            ( - -4.054e+02 1 0))
|        ( - -4.803e+04 5 0))
|    ( QUESTION2_12_L -1 -2.823e+04 1.685e+02 1.230e+02
|        ( - -2.705e+02 1 0)
|        ( QUESTION2 -1 -2.779e+04 1.649e+02 1.210e+02
|            ( QUESTION0 1 -1.027e+04 1.808e+02 4.400e+01
|                ( QUESTION8 -1 -9.845e+03 1.349e+02 4.200e+01
|                    ( - -3.354e+02 1 0)
|                    ( - -9.375e+03 8 0 QUESTION6 -1 1.176e+02 4.000e+01))
|                ( - -2.438e+02 1 0))
|            ( - -1.735e+04 13 0 QUESTION0 1 8.187e+01 7.700e+01))))
s>    ( QUESTION0 -1 -1.347e+06 3.127e+02 5.898e+03
s>        ( QUESTION0 1 -1.319e+06 2.625e+02 5.775e+03
s>            ( QUESTION2_0_L -1 -1.270e+06 1.298e+02 5.563e+03
s>                ( - -1.270e+06 30 0)
s>                ( - -4.054e+02 1 0))
s>            ( - -4.803e+04 5 0))
s>        ( QUESTION2_12_L -1 -2.823e+04 1.685e+02 1.230e+02
s>            ( - -2.705e+02 1 0)
s>            ( QUESTION2 -1 -2.779e+04 1.649e+02 1.210e+02
s>                ( QUESTION0 1 -1.027e+04 1.808e+02 4.400e+01
s>                    ( QUESTION8 -1 -9.845e+03 1.349e+02 4.200e+01
s>                        ( - -3.354e+02 1 0)
s>                        ( - -9.375e+03 8 0 QUESTION6 -1 1.176e+02 4.000e+01))
s>                    ( - -2.438e+02 1 0))
s>                ( - -1.735e+04 13 0 QUESTION0 1 8.187e+01 7.700e+01))))INFO: dtree.c(1439): stop. leaf nodes are specific
INFO: dtree.c(1478): Final simple tree
|( QUESTION0 1 -3.755e+04 1.249e+02 1.673e+02
|    ( - -3.601e+04 5 0)
|    ( - -1.419e+03 1 0))
s>    ( QUESTION0 1 -3.755e+04 1.249e+02 1.673e+02
s>        ( - -3.601e+04 5 0)
s>        ( - -1.419e+03 1 0))INFO: dtree.c(1315): Comp split 26
INFO: dtree.c(1478): Final simple tree
|( QUESTION15 -1 -1.265e+05 5.834e+02 5.496e+02
|    ( QUESTION0_12_R 1 -7.003e+04 1.796e+02 3.086e+02
|        ( - -2.322e+03 1 0)
|        ( - -6.753e+04 1 0))
|    ( QUESTION0_13_R 1 -5.584e+04 2.861e+02 2.410e+02
|        ( SILENCE -1 -3.433e+04 2.095e+02 1.504e+02
|            ( - -9.947e+03 1 0)
|            ( QUESTION2 -1 -2.418e+04 1.097e+02 1.061e+02
|                ( - -1.291e+03 1 0)
|                ( - -2.277e+04 4 0)))
|        ( WDBNDRY_B 0 -2.122e+04 1.461e+02 9.064e+01
|            ( SILENCE -1 -2.052e+04 1.434e+02 8.764e+01
|                ( - -1.407e+04 1 0)
|                ( - -6.308e+03 1 0))
|            ( - -5.531e+02 2 0))))
s>    ( QUESTION15 -1 -1.265e+05 5.834e+02 5.496e+02
s>        ( QUESTION0_12_R 1 -7.003e+04 1.796e+02 3.086e+02
s>            ( - -2.322e+03 1 0)
s>            ( - -6.753e+04 1 0))
s>        ( QUESTION0_13_R 1 -5.584e+04 2.861e+02 2.410e+02
s>            ( SILENCE -1 -3.433e+04 2.095e+02 1.504e+02
s>                ( - -9.947e+03 1 0)
s>                ( QUESTION2 -1 -2.418e+04 1.097e+02 1.061e+02
s>                    ( - -1.291e+03 1 0)
s>                    ( - -2.277e+04 4 0)))
s>            ( WDBNDRY_B 0 -2.122e+04 1.461e+02 9.064e+01
s>                ( SILENCE -1 -2.052e+04 1.434e+02 8.764e+01
s>                    ( - -1.407e+04 1 0)
s>                    ( - -6.308e+03 1 0))
s>                ( - -5.531e+02 2 0))))INFO: dtree.c(1439): stop. leaf nodes are specific
INFO: dtree.c(1478): Final simple tree
|( QUESTION2_15_L -1 -6.515e+04 2.357e+02 2.903e+02
|    ( - -5.961e+04 1 0)
|    ( - -5.296e+03 1 0))
s>    ( QUESTION2_15_L -1 -6.515e+04 2.357e+02 2.903e+02
s>        ( - -5.961e+04 1 0)
s>        ( - -5.296e+03 1 0))INFO: dtree.c(1315): Comp split 27
INFO: dtree.c(1439): stop. leaf nodes are specific
INFO: dtree.c(1478): Final simple tree
|( QUESTION0 1 -4.519e+05 1.371e+02 1.991e+03
|    ( - -1.062e+03 2 0)
|    ( QUESTION2_0_L -1 -4.507e+05 1.218e+02 1.986e+03
|        ( WDBNDRY_B 0 -4.500e+05 8.372e+01 1.983e+03
|            ( - -4.457e+05 5 0)
|            ( - -4.180e+03 2 0))
|        ( - -5.929e+02 1 0)))
s>    ( QUESTION0 1 -4.519e+05 1.371e+02 1.991e+03
s>        ( - -1.062e+03 2 0)
s>        ( QUESTION2_0_L -1 -4.507e+05 1.218e+02 1.986e+03
s>            ( WDBNDRY_B 0 -4.500e+05 8.372e+01 1.983e+03
s>                ( - -4.457e+05 5 0)
s>                ( - -4.180e+03 2 0))
s>            ( - -5.929e+02 1 0)))INFO: dtree.c(1439): stop. leaf nodes are specific
INFO: dtree.c(1478): Final simple tree
|( QUESTION0_17_R 1 -2.388e+04 1.801e+02 1.044e+02
|    ( - -1.772e+04 4 0)
|    ( - -5.978e+03 1 0))
s>    ( QUESTION0_17_R 1 -2.388e+04 1.801e+02 1.044e+02
s>        ( - -1.772e+04 4 0)
s>        ( - -5.978e+03 1 0))INFO: dtree.c(1315): Comp split 28
INFO: dtree.c(1478): Final simple tree
|( QUESTION4 1 -1.580e+05 3.814e+02 6.749e+02
|    ( QUESTION0 -1 -4.541e+04 1.752e+02 1.913e+02
|        ( QUESTION0_6_R 1 -4.467e+04 1.690e+02 1.883e+02
|            ( - -5.418e+02 1 0)
|            ( QUESTION0_2_R 1 -4.396e+04 1.472e+02 1.853e+02
|                ( - -1.850e+04 1 0)
|                ( - -2.531e+04 1 0)))
|        ( - -5.567e+02 1 0))
|    ( QUESTION0_16_R 1 -1.122e+05 2.474e+02 4.836e+02
|        ( QUESTION0 -1 -8.783e+04 1.416e+02 3.807e+02
|            ( - -8.711e+04 8 0)
|            ( - -5.857e+02 1 0))
|        ( SILENCE 1 -2.410e+04 1.720e+02 1.029e+02
|            ( - -7.934e+03 4 0 QUESTION0 -1 1.367e+02 3.404e+01)
|            ( - -1.600e+04 10 0 QUESTION0_9_R 1 1.239e+02 6.885e+01))))
s>    ( QUESTION4 1 -1.580e+05 3.814e+02 6.749e+02
s>        ( QUESTION0 -1 -4.541e+04 1.752e+02 1.913e+02
s>            ( QUESTION0_6_R 1 -4.467e+04 1.690e+02 1.883e+02
s>                ( - -5.418e+02 1 0)
s>                ( QUESTION0_2_R 1 -4.396e+04 1.472e+02 1.853e+02
s>                    ( - -1.850e+04 1 0)
s>                    ( - -2.531e+04 1 0)))
s>            ( - -5.567e+02 1 0))
s>        ( QUESTION0_16_R 1 -1.122e+05 2.474e+02 4.836e+02
s>            ( QUESTION0 -1 -8.783e+04 1.416e+02 3.807e+02
s>                ( - -8.711e+04 8 0)
s>                ( - -5.857e+02 1 0))
s>            ( SILENCE 1 -2.410e+04 1.720e+02 1.029e+02
s>                ( - -7.934e+03 4 0 QUESTION0 -1 1.367e+02 3.404e+01)
s>                ( - -1.600e+04 10 0 QUESTION0_9_R 1 1.239e+02 6.885e+01))))INFO: dtree.c(1439): stop. leaf nodes are specific
INFO: dtree.c(1478): Final simple tree
|( QUESTION0_3_R 1 -4.142e+04 4.425e+02 1.848e+02
|    ( QUESTION11 1 -4.120e+04 2.551e+02 1.838e+02
|        ( - -3.426e+04 3 0)
|        ( - -6.680e+03 3 0))
|    ( - 2.178e+02 1 0))
s>    ( QUESTION0_3_R 1 -4.142e+04 4.425e+02 1.848e+02
s>        ( QUESTION11 1 -4.120e+04 2.551e+02 1.838e+02
s>            ( - -3.426e+04 3 0)
s>            ( - -6.680e+03 3 0))
s>        ( - 2.178e+02 1 0))INFO: dtree.c(1315): Comp split 29
INFO: dtree.c(1439): stop. leaf nodes are specific
INFO: dtree.c(1478): Final simple tree
|( QUESTION0_13_R 1 -5.831e+04 3.049e+02 2.501e+02
|    ( SILENCE -1 -3.433e+04 2.095e+02 1.504e+02
|        ( - -9.947e+03 1 0)
|        ( QUESTION2 -1 -2.418e+04 1.097e+02 1.061e+02
|            ( - -1.291e+03 1 0)
|            ( - -2.277e+04 4 0)))
|    ( SILENCE -1 -2.368e+04 1.676e+02 9.964e+01
|        ( - -1.407e+04 1 0)
|        ( WDBNDRY_B 0 -9.442e+03 1.518e+02 3.842e+01
|            ( QUESTION2 -1 -8.737e+03 1.075e+02 3.542e+01
|                ( - -6.308e+03 1 0)
|                ( - -2.322e+03 1 0))
|            ( - -5.531e+02 2 0))))
s>    ( QUESTION0_13_R 1 -5.831e+04 3.049e+02 2.501e+02
s>        ( SILENCE -1 -3.433e+04 2.095e+02 1.504e+02
s>            ( - -9.947e+03 1 0)
s>            ( QUESTION2 -1 -2.418e+04 1.097e+02 1.061e+02
s>                ( - -1.291e+03 1 0)
s>                ( - -2.277e+04 4 0)))
s>        ( SILENCE -1 -2.368e+04 1.676e+02 9.964e+01
s>            ( - -1.407e+04 1 0)
s>            ( WDBNDRY_B 0 -9.442e+03 1.518e+02 3.842e+01
s>                ( QUESTION2 -1 -8.737e+03 1.075e+02 3.542e+01
s>                    ( - -6.308e+03 1 0)
s>                    ( - -2.322e+03 1 0))
s>                ( - -5.531e+02 2 0))))INFO: dtree.c(1315): Comp split 30
INFO: dtree.c(1439): stop. leaf nodes are specific
INFO: dtree.c(1478): Final simple tree
|( QUESTION0 1 -5.626e+04 9.094e+01 2.472e+02
|    ( - -5.468e+04 4 0)
|    ( - -1.497e+03 1 0))
s>    ( QUESTION0 1 -5.626e+04 9.094e+01 2.472e+02
s>        ( - -5.468e+04 4 0)
s>        ( - -1.497e+03 1 0))INFO: dtree.c(1439): stop. leaf nodes are specific
INFO: dtree.c(1478): Final simple tree
|( QUESTION2_15_L -1 -2.292e+04 1.844e+02 1.005e+02
|    ( - -1.973e+04 5 0)
|    ( - -3.007e+03 2 0))
s>    ( QUESTION2_15_L -1 -2.292e+04 1.844e+02 1.005e+02
s>        ( - -1.973e+04 5 0)
s>        ( - -3.007e+03 2 0))INFO: dtree.c(1315): Comp split 31
INFO: dtree.c(1439): stop. leaf nodes are specific
INFO: dtree.c(1478): Final simple tree
|( QUESTION11 1 -4.120e+04 2.551e+02 1.838e+02
|    ( - -3.426e+04 3 0)
|    ( - -6.680e+03 3 0))
s>    ( QUESTION11 1 -4.120e+04 2.551e+02 1.838e+02
s>        ( - -3.426e+04 3 0)
s>        ( - -6.680e+03 3 0))INFO: dtree.c(1315): Comp split 32
INFO: dtree.c(1315): Comp split 33
INFO: dtree.c(1439): stop. leaf nodes are specific
INFO: dtree.c(1478): Final simple tree
|( QUESTION0_18_R 1 -4.468e+04 1.480e+02 1.883e+02
|    ( - -2.531e+04 1 0)
|    ( QUESTION0_2_R 1 -1.922e+04 1.306e+02 8.182e+01
|        ( - -1.850e+04 1 0)
|        ( - -5.857e+02 1 0)))
s>    ( QUESTION0_18_R 1 -4.468e+04 1.480e+02 1.883e+02
s>        ( - -2.531e+04 1 0)
s>        ( QUESTION0_2_R 1 -1.922e+04 1.306e+02 8.182e+01
s>            ( - -1.850e+04 1 0)
s>            ( - -5.857e+02 1 0)))INFO: dtree.c(1478): Final simple tree
|( QUESTION0_16_R 1 -1.129e+05 2.740e+02 4.866e+02
|    ( - -8.711e+04 8 0)
|    ( SILENCE 1 -2.551e+04 1.719e+02 1.089e+02
|        ( QUESTION0 -1 -7.934e+03 1.367e+02 3.404e+01
|            ( - -6.475e+03 3 0)
|            ( - -1.322e+03 1 0))
|        ( QUESTION0_5_R 1 -1.741e+04 1.555e+02 7.485e+01
|            ( - -5.567e+02 1 0)
|            ( QUESTION0_2_R 1 -1.669e+04 1.562e+02 7.185e+01
|                ( - -5.418e+02 1 0)
|                ( QUESTION0_9_R 1 -1.600e+04 1.239e+02 6.885e+01
|                    ( - -3.204e+03 4 0 QUESTION0 -1 1.465e+02 1.300e+01)
|                    ( QUESTION0 -1 -1.267e+04 1.939e+02 5.585e+01
|                        ( - -1.219e+04 5 0)
|                        ( - -2.882e+02 1 0)))))))
s>    ( QUESTION0_16_R 1 -1.129e+05 2.740e+02 4.866e+02
s>        ( - -8.711e+04 8 0)
s>        ( SILENCE 1 -2.551e+04 1.719e+02 1.089e+02
s>            ( QUESTION0 -1 -7.934e+03 1.367e+02 3.404e+01
s>                ( - -6.475e+03 3 0)
s>                ( - -1.322e+03 1 0))
s>            ( QUESTION0_5_R 1 -1.741e+04 1.555e+02 7.485e+01
s>                ( - -5.567e+02 1 0)
s>                ( QUESTION0_2_R 1 -1.669e+04 1.562e+02 7.185e+01
s>                    ( - -5.418e+02 1 0)
s>                    ( QUESTION0_9_R 1 -1.600e+04 1.239e+02 6.885e+01
s>                        ( - -3.204e+03 4 0 QUESTION0 -1 1.465e+02 1.300e+01)
s>                        ( QUESTION0 -1 -1.267e+04 1.939e+02 5.585e+01
s>                            ( - -1.219e+04 5 0)
s>                            ( - -2.882e+02 1 0)))))))INFO: dtree.c(1315): Comp split 34
INFO: dtree.c(1439): stop. leaf nodes are specific
INFO: dtree.c(1478): Final simple tree
|( SILENCE -1 -3.953e+04 9.500e+01 1.747e+02
|    ( - -2.942e+04 1 0)
|    ( - -1.002e+04 1 0))
s>    ( SILENCE -1 -3.953e+04 9.500e+01 1.747e+02
s>        ( - -2.942e+04 1 0)
s>        ( - -1.002e+04 1 0))INFO: dtree.c(1439): stop. leaf nodes are specific
INFO: dtree.c(1478): Final simple tree
|( SILENCE -1 -1.542e+05 3.019e+02 6.619e+02
|    ( - -1.023e+05 6 0)
|    ( QUESTION0 1 -5.161e+04 1.662e+02 2.214e+02
|        ( - -4.488e+04 6 0)
|        ( - -6.562e+03 4 0)))
s>    ( SILENCE -1 -1.542e+05 3.019e+02 6.619e+02
s>        ( - -1.023e+05 6 0)
s>        ( QUESTION0 1 -5.161e+04 1.662e+02 2.214e+02
s>            ( - -4.488e+04 6 0)
s>            ( - -6.562e+03 4 0)))INFO: dtree.c(1315): Comp split 35
INFO: dtree.c(1439): stop. leaf nodes are specific
INFO: dtree.c(1478): Final simple tree
|( QUESTION2_0_L -1 -1.270e+06 1.298e+02 5.563e+03
|    ( - -1.270e+06 30 0)
|    ( - -4.054e+02 1 0))
s>    ( QUESTION2_0_L -1 -1.270e+06 1.298e+02 5.563e+03
s>        ( - -1.270e+06 30 0)
s>        ( - -4.054e+02 1 0))INFO: dtree.c(1478): Final simple tree
|( QUESTION0 -1 -7.652e+04 2.572e+02 3.350e+02
|    ( - -4.803e+04 5 0)
|    ( QUESTION2_12_L -1 -2.823e+04 1.685e+02 1.230e+02
|        ( - -2.705e+02 1 0)
|        ( QUESTION2 -1 -2.779e+04 1.649e+02 1.210e+02
|            ( QUESTION0 1 -1.027e+04 1.808e+02 4.400e+01
|                ( QUESTION8 -1 -9.845e+03 1.349e+02 4.200e+01
|                    ( - -3.354e+02 1 0)
|                    ( QUESTION6 -1 -9.375e+03 1.176e+02 4.000e+01
|                        ( - -2.514e+03 2 0)
|                        ( QUESTION5 -1 -6.743e+03 9.443e+01 2.900e+01
|                            ( - -2.336e+03 2 0)
|                            ( - -4.312e+03 4 0))))
|                ( - -2.438e+02 1 0))
|            ( - -1.735e+04 13 0 QUESTION0 1 8.187e+01 7.700e+01))))
s>    ( QUESTION0 -1 -7.652e+04 2.572e+02 3.350e+02
s>        ( - -4.803e+04 5 0)
s>        ( QUESTION2_12_L -1 -2.823e+04 1.685e+02 1.230e+02
s>            ( - -2.705e+02 1 0)
s>            ( QUESTION2 -1 -2.779e+04 1.649e+02 1.210e+02
s>                ( QUESTION0 1 -1.027e+04 1.808e+02 4.400e+01
s>                    ( QUESTION8 -1 -9.845e+03 1.349e+02 4.200e+01
s>                        ( - -3.354e+02 1 0)
s>                        ( QUESTION6 -1 -9.375e+03 1.176e+02 4.000e+01
s>                            ( - -2.514e+03 2 0)
s>                            ( QUESTION5 -1 -6.743e+03 9.443e+01 2.900e+01
s>                                ( - -2.336e+03 2 0)
s>                                ( - -4.312e+03 4 0))))
s>                    ( - -2.438e+02 1 0))
s>                ( - -1.735e+04 13 0 QUESTION0 1 8.187e+01 7.700e+01))))INFO: dtree.c(1315): Comp split 36
INFO: dtree.c(1439): stop. leaf nodes are specific
INFO: dtree.c(1478): Final simple tree
|( QUESTION2 -1 -2.418e+04 1.097e+02 1.061e+02
|    ( - -1.291e+03 1 0)
|    ( - -2.277e+04 4 0))
s>    ( QUESTION2 -1 -2.418e+04 1.097e+02 1.061e+02
s>        ( - -1.291e+03 1 0)
s>        ( - -2.277e+04 4 0))INFO: dtree.c(1439): stop. leaf nodes are specific
INFO: dtree.c(1478): Final simple tree
|( QUESTION0_13_R 1 -3.383e+04 2.012e+02 1.440e+02
|    ( - -9.947e+03 1 0)
|    ( SILENCE -1 -2.368e+04 1.676e+02 9.964e+01
|        ( - -1.407e+04 1 0)
|        ( WDBNDRY_B 0 -9.442e+03 1.518e+02 3.842e+01
|            ( QUESTION2 -1 -8.737e+03 1.075e+02 3.542e+01
|                ( - -6.308e+03 1 0)
|                ( - -2.322e+03 1 0))
|            ( - -5.531e+02 2 0))))
s>    ( QUESTION0_13_R 1 -3.383e+04 2.012e+02 1.440e+02
s>        ( - -9.947e+03 1 0)
s>        ( SILENCE -1 -2.368e+04 1.676e+02 9.964e+01
s>            ( - -1.407e+04 1 0)
s>            ( WDBNDRY_B 0 -9.442e+03 1.518e+02 3.842e+01
s>                ( QUESTION2 -1 -8.737e+03 1.075e+02 3.542e+01
s>                    ( - -6.308e+03 1 0)
s>                    ( - -2.322e+03 1 0))
s>                ( - -5.531e+02 2 0))))INFO: dtree.c(1315): Comp split 37
INFO: dtree.c(1439): stop. leaf nodes are specific
INFO: dtree.c(1478): Final simple tree
|( QUESTION0 1 -5.161e+04 1.662e+02 2.214e+02
|    ( - -4.488e+04 6 0)
|    ( - -6.562e+03 4 0))
s>    ( QUESTION0 1 -5.161e+04 1.662e+02 2.214e+02
s>        ( - -4.488e+04 6 0)
s>        ( - -6.562e+03 4 0))INFO: dtree.c(1315): Comp split 38
INFO: dtree.c(1315): Comp split 39
INFO: dtree.c(1439): stop. leaf nodes are specific
INFO: dtree.c(1478): Final simple tree
|( QUESTION0 -1 -1.888e+04 1.646e+02 8.184e+01
|    ( QUESTION0_2_R 1 -1.575e+04 1.568e+02 6.785e+01
|        ( - -5.418e+02 1 0)
|        ( QUESTION0_9_R 1 -1.506e+04 1.250e+02 6.485e+01
|            ( - -2.746e+03 3 0)
|            ( - -1.219e+04 5 0)))
|    ( QUESTION0_10_R 1 -2.956e+03 1.702e+02 1.399e+01
|        ( - -2.882e+02 1 0)
|        ( QUESTION0_8_R 1 -2.498e+03 1.587e+02 1.199e+01
|            ( - -3.116e+02 1 0)
|            ( SILENCE 1 -2.028e+03 1.494e+02 9.994e+00
|                ( - -1.322e+03 1 0)
|                ( - -5.567e+02 1 0)))))
s>    ( QUESTION0 -1 -1.888e+04 1.646e+02 8.184e+01
s>        ( QUESTION0_2_R 1 -1.575e+04 1.568e+02 6.785e+01
s>            ( - -5.418e+02 1 0)
s>            ( QUESTION0_9_R 1 -1.506e+04 1.250e+02 6.485e+01
s>                ( - -2.746e+03 3 0)
s>                ( - -1.219e+04 5 0)))
s>        ( QUESTION0_10_R 1 -2.956e+03 1.702e+02 1.399e+01
s>            ( - -2.882e+02 1 0)
s>            ( QUESTION0_8_R 1 -2.498e+03 1.587e+02 1.199e+01
s>                ( - -3.116e+02 1 0)
s>                ( SILENCE 1 -2.028e+03 1.494e+02 9.994e+00
s>                    ( - -1.322e+03 1 0)
s>                    ( - -5.567e+02 1 0)))))INFO: dtree.c(1439): stop. leaf nodes are specific
INFO: dtree.c(1478): Final simple tree
|( SILENCE 1 -9.372e+04 1.371e+02 4.047e+02
|    ( - -6.475e+03 3 0)
|    ( - -8.711e+04 8 0))
s>    ( SILENCE 1 -9.372e+04 1.371e+02 4.047e+02
s>        ( - -6.475e+03 3 0)
s>        ( - -8.711e+04 8 0))INFO: dtree.c(1315): Comp split 40
INFO: dtree.c(1478): Final simple tree
|( QUESTION2_12_L -1 -2.823e+04 1.685e+02 1.230e+02
|    ( - -2.705e+02 1 0)
|    ( QUESTION2 -1 -2.779e+04 1.649e+02 1.210e+02
|        ( QUESTION0 1 -1.027e+04 1.808e+02 4.400e+01
|            ( QUESTION8 -1 -9.845e+03 1.349e+02 4.200e+01
|                ( - -3.354e+02 1 0)
|                ( QUESTION6 -1 -9.375e+03 1.176e+02 4.000e+01
|                    ( - -2.514e+03 2 0)
|                    ( QUESTION5 -1 -6.743e+03 9.443e+01 2.900e+01
|                        ( - -2.336e+03 2 0)
|                        ( - -4.312e+03 4 0))))
|            ( - -2.438e+02 1 0))
|        ( QUESTION0 1 -1.735e+04 8.187e+01 7.700e+01
|            ( - -1.447e+04 11 0)
|            ( - -2.798e+03 2 0))))
s>    ( QUESTION2_12_L -1 -2.823e+04 1.685e+02 1.230e+02
s>        ( - -2.705e+02 1 0)
s>        ( QUESTION2 -1 -2.779e+04 1.649e+02 1.210e+02
s>            ( QUESTION0 1 -1.027e+04 1.808e+02 4.400e+01
s>                ( QUESTION8 -1 -9.845e+03 1.349e+02 4.200e+01
s>                    ( - -3.354e+02 1 0)
s>                    ( QUESTION6 -1 -9.375e+03 1.176e+02 4.000e+01
s>                        ( - -2.514e+03 2 0)
s>                        ( QUESTION5 -1 -6.743e+03 9.443e+01 2.900e+01
s>                            ( - -2.336e+03 2 0)
s>                            ( - -4.312e+03 4 0))))
s>                ( - -2.438e+02 1 0))
s>            ( QUESTION0 1 -1.735e+04 8.187e+01 7.700e+01
s>                ( - -1.447e+04 11 0)
s>                ( - -2.798e+03 2 0))))INFO: dtree.c(1315): Comp split 41
INFO: dtree.c(1315): Comp split 42
INFO: dtree.c(1315): Comp split 43
INFO: dtree.c(1439): stop. leaf nodes are specific
INFO: dtree.c(1478): Final simple tree
|( SILENCE -1 -2.368e+04 1.676e+02 9.964e+01
|    ( - -1.407e+04 1 0)
|    ( WDBNDRY_B 0 -9.442e+03 1.518e+02 3.842e+01
|        ( QUESTION2 -1 -8.737e+03 1.075e+02 3.542e+01
|            ( - -6.308e+03 1 0)
|            ( - -2.322e+03 1 0))
|        ( - -5.531e+02 2 0)))
s>    ( SILENCE -1 -2.368e+04 1.676e+02 9.964e+01
s>        ( - -1.407e+04 1 0)
s>        ( WDBNDRY_B 0 -9.442e+03 1.518e+02 3.842e+01
s>            ( QUESTION2 -1 -8.737e+03 1.075e+02 3.542e+01
s>                ( - -6.308e+03 1 0)
s>                ( - -2.322e+03 1 0))
s>            ( - -5.531e+02 2 0)))INFO: dtree.c(1315): Comp split 44
INFO: dtree.c(1439): stop. leaf nodes are specific
INFO: dtree.c(1478): Final simple tree
|( QUESTION0 -1 -3.300e+05 1.417e+02 1.487e+03
|    ( - -3.287e+05 4 0)
|    ( - -1.215e+03 1 0))
s>    ( QUESTION0 -1 -3.300e+05 1.417e+02 1.487e+03
s>        ( - -3.287e+05 4 0)
s>        ( - -1.215e+03 1 0))INFO: dtree.c(1315): Comp split 45
INFO: dtree.c(1439): stop. leaf nodes are specific
INFO: dtree.c(1478): Final simple tree
|( QUESTION0_15_R 1 -2.416e+04 1.602e+02 1.069e+02
|    ( - -1.567e+04 7 0)
|    ( QUESTION0 -1 -8.336e+03 1.249e+02 3.701e+01
|        ( QUESTION0_11_R 1 -7.880e+03 1.226e+02 3.501e+01
|            ( - -6.497e+03 3 0)
|            ( - -1.261e+03 2 0))
|        ( - -3.310e+02 1 0)))
s>    ( QUESTION0_15_R 1 -2.416e+04 1.602e+02 1.069e+02
s>        ( - -1.567e+04 7 0)
s>        ( QUESTION0 -1 -8.336e+03 1.249e+02 3.701e+01
s>            ( QUESTION0_11_R 1 -7.880e+03 1.226e+02 3.501e+01
s>                ( - -6.497e+03 3 0)
s>                ( - -1.261e+03 2 0))
s>            ( - -3.310e+02 1 0)))INFO: dtree.c(1315): Comp split 46
INFO: dtree.c(1315): Comp split 47
INFO: dtree.c(1315): Comp split 48
INFO: dtree.c(1439): stop. leaf nodes are specific
INFO: dtree.c(1478): Final simple tree
|( QUESTION0_9_R 1 -1.265e+04 1.528e+02 5.585e+01
|    ( - -3.116e+02 1 0)
|    ( - -1.219e+04 5 0))
s>    ( QUESTION0_9_R 1 -1.265e+04 1.528e+02 5.585e+01
s>        ( - -3.116e+02 1 0)
s>        ( - -1.219e+04 5 0))INFO: dtree.c(1439): stop. leaf nodes are specific
INFO: dtree.c(1478): Final simple tree
|( QUESTION0_10_R 1 -6.041e+03 1.717e+02 2.599e+01
|    ( - -2.882e+02 1 0)
|    ( QUESTION0_6_R 1 -5.581e+03 1.426e+02 2.399e+01
|        ( - -5.418e+02 1 0)
|        ( QUESTION0_2_R 1 -4.897e+03 1.480e+02 2.099e+01
|            ( - -5.567e+02 1 0)
|            ( SILENCE 1 -4.192e+03 1.245e+02 1.799e+01
|                ( - -1.322e+03 1 0)
|                ( - -2.746e+03 3 0)))))
s>    ( QUESTION0_10_R 1 -6.041e+03 1.717e+02 2.599e+01
s>        ( - -2.882e+02 1 0)
s>        ( QUESTION0_6_R 1 -5.581e+03 1.426e+02 2.399e+01
s>            ( - -5.418e+02 1 0)
s>            ( QUESTION0_2_R 1 -4.897e+03 1.480e+02 2.099e+01
s>                ( - -5.567e+02 1 0)
s>                ( SILENCE 1 -4.192e+03 1.245e+02 1.799e+01
s>                    ( - -1.322e+03 1 0)
s>                    ( - -2.746e+03 3 0)))))INFO: dtree.c(1315): Comp split 49
INFO: dtree.c(1315): Comp split 50
INFO: dtree.c(1439): stop. leaf nodes are specific
INFO: dtree.c(1478): Final simple tree
|( QUESTION2_12_L -1 -2.780e+04 1.682e+02 1.210e+02
|    ( - -2.705e+02 1 0)
|    ( QUESTION2 -1 -2.736e+04 1.629e+02 1.190e+02
|        ( QUESTION8 -1 -9.845e+03 1.349e+02 4.200e+01
|            ( - -3.354e+02 1 0)
|            ( QUESTION6 -1 -9.375e+03 1.176e+02 4.000e+01
|                ( - -2.514e+03 2 0)
|                ( QUESTION5 -1 -6.743e+03 9.443e+01 2.900e+01
|                    ( - -2.336e+03 2 0)
|                    ( - -4.312e+03 4 0))))
|        ( QUESTION0 1 -1.735e+04 8.187e+01 7.700e+01
|            ( - -1.447e+04 11 0)
|            ( - -2.798e+03 2 0))))
s>    ( QUESTION2_12_L -1 -2.780e+04 1.682e+02 1.210e+02
s>        ( - -2.705e+02 1 0)
s>        ( QUESTION2 -1 -2.736e+04 1.629e+02 1.190e+02
s>            ( QUESTION8 -1 -9.845e+03 1.349e+02 4.200e+01
s>                ( - -3.354e+02 1 0)
s>                ( QUESTION6 -1 -9.375e+03 1.176e+02 4.000e+01
s>                    ( - -2.514e+03 2 0)
s>                    ( QUESTION5 -1 -6.743e+03 9.443e+01 2.900e+01
s>                        ( - -2.336e+03 2 0)
s>                        ( - -4.312e+03 4 0))))
s>            ( QUESTION0 1 -1.735e+04 8.187e+01 7.700e+01
s>                ( - -1.447e+04 11 0)
s>                ( - -2.798e+03 2 0))))INFO: dtree.c(1315): Comp split 51
INFO: dtree.c(1315): Comp split 52
INFO: dtree.c(1439): stop. leaf nodes are specific
INFO: dtree.c(1478): Final simple tree
|( QUESTION2 -1 -8.737e+03 1.075e+02 3.542e+01
|    ( - -6.308e+03 1 0)
|    ( - -2.322e+03 1 0))
s>    ( QUESTION2 -1 -8.737e+03 1.075e+02 3.542e+01
s>        ( - -6.308e+03 1 0)
s>        ( - -2.322e+03 1 0))INFO: dtree.c(1439): stop. leaf nodes are specific
INFO: dtree.c(1478): Final simple tree
|( WDBNDRY_B 0 -1.477e+04 1.467e+02 6.422e+01
|    ( - -1.407e+04 1 0)
|    ( - -5.531e+02 2 0))
s>    ( WDBNDRY_B 0 -1.477e+04 1.467e+02 6.422e+01
s>        ( - -1.407e+04 1 0)
s>        ( - -5.531e+02 2 0))INFO: dtree.c(1315): Comp split 53
INFO: dtree.c(1439): stop. leaf nodes are specific
INFO: dtree.c(1478): Final simple tree
|( QUESTION0_6_R 1 -5.581e+03 1.426e+02 2.399e+01
|    ( - -5.418e+02 1 0)
|    ( QUESTION0_2_R 1 -4.897e+03 1.480e+02 2.099e+01
|        ( - -5.567e+02 1 0)
|        ( SILENCE 1 -4.192e+03 1.245e+02 1.799e+01
|            ( - -1.322e+03 1 0)
|            ( - -2.746e+03 3 0))))
s>    ( QUESTION0_6_R 1 -5.581e+03 1.426e+02 2.399e+01
s>        ( - -5.418e+02 1 0)
s>        ( QUESTION0_2_R 1 -4.897e+03 1.480e+02 2.099e+01
s>            ( - -5.567e+02 1 0)
s>            ( SILENCE 1 -4.192e+03 1.245e+02 1.799e+01
s>                ( - -1.322e+03 1 0)
s>                ( - -2.746e+03 3 0))))INFO: dtree.c(1315): Comp split 54
INFO: dtree.c(1439): stop. leaf nodes are specific
INFO: dtree.c(1478): Final simple tree
|( QUESTION2 -1 -2.736e+04 1.629e+02 1.190e+02
|    ( QUESTION8 -1 -9.845e+03 1.349e+02 4.200e+01
|        ( - -3.354e+02 1 0)
|        ( QUESTION6 -1 -9.375e+03 1.176e+02 4.000e+01
|            ( - -2.514e+03 2 0)
|            ( QUESTION5 -1 -6.743e+03 9.443e+01 2.900e+01
|                ( - -2.336e+03 2 0)
|                ( - -4.312e+03 4 0))))
|    ( QUESTION0 1 -1.735e+04 8.187e+01 7.700e+01
|        ( - -1.447e+04 11 0)
|        ( - -2.798e+03 2 0)))
s>    ( QUESTION2 -1 -2.736e+04 1.629e+02 1.190e+02
s>        ( QUESTION8 -1 -9.845e+03 1.349e+02 4.200e+01
s>            ( - -3.354e+02 1 0)
s>            ( QUESTION6 -1 -9.375e+03 1.176e+02 4.000e+01
s>                ( - -2.514e+03 2 0)
s>                ( QUESTION5 -1 -6.743e+03 9.443e+01 2.900e+01
s>                    ( - -2.336e+03 2 0)
s>                    ( - -4.312e+03 4 0))))
s>        ( QUESTION0 1 -1.735e+04 8.187e+01 7.700e+01
s>            ( - -1.447e+04 11 0)
s>            ( - -2.798e+03 2 0)))INFO: dtree.c(1315): Comp split 55
INFO: dtree.c(1315): Comp split 56
INFO: dtree.c(1439): stop. leaf nodes are specific
INFO: dtree.c(1478): Final simple tree
|( QUESTION0 1 -1.735e+04 8.187e+01 7.700e+01
|    ( - -1.447e+04 11 0)
|    ( - -2.798e+03 2 0))
s>    ( QUESTION0 1 -1.735e+04 8.187e+01 7.700e+01
s>        ( - -1.447e+04 11 0)
s>        ( - -2.798e+03 2 0))INFO: dtree.c(1439): stop. leaf nodes are specific
INFO: dtree.c(1478): Final simple tree
|( QUESTION8 -1 -9.845e+03 1.349e+02 4.200e+01
|    ( - -3.354e+02 1 0)
|    ( QUESTION6 -1 -9.375e+03 1.176e+02 4.000e+01
|        ( - -2.514e+03 2 0)
|        ( QUESTION5 -1 -6.743e+03 9.443e+01 2.900e+01
|            ( - -2.336e+03 2 0)
|            ( - -4.312e+03 4 0))))
s>    ( QUESTION8 -1 -9.845e+03 1.349e+02 4.200e+01
s>        ( - -3.354e+02 1 0)
s>        ( QUESTION6 -1 -9.375e+03 1.176e+02 4.000e+01
s>            ( - -2.514e+03 2 0)
s>            ( QUESTION5 -1 -6.743e+03 9.443e+01 2.900e+01
s>                ( - -2.336e+03 2 0)
s>                ( - -4.312e+03 4 0))))INFO: dtree.c(1315): Comp split 57
INFO: dtree.c(1439): stop. leaf nodes are specific
INFO: dtree.c(1478): Final simple tree
|( QUESTION0 -1 -8.336e+03 1.249e+02 3.701e+01
|    ( QUESTION0_11_R 1 -7.880e+03 1.226e+02 3.501e+01
|        ( - -6.497e+03 3 0)
|        ( - -1.261e+03 2 0))
|    ( - -3.310e+02 1 0))
s>    ( QUESTION0 -1 -8.336e+03 1.249e+02 3.701e+01
s>        ( QUESTION0_11_R 1 -7.880e+03 1.226e+02 3.501e+01
s>            ( - -6.497e+03 3 0)
s>            ( - -1.261e+03 2 0))
s>        ( - -3.310e+02 1 0))INFO: dtree.c(1315): Comp split 58
INFO: dtree.c(1315): Comp split 59
INFO: dtree.c(1439): stop. leaf nodes are specific
INFO: dtree.c(1478): Final simple tree
|( QUESTION0_2_R 1 -1.922e+04 1.306e+02 8.182e+01
|    ( - -1.850e+04 1 0)
|    ( - -5.857e+02 1 0))
s>    ( QUESTION0_2_R 1 -1.922e+04 1.306e+02 8.182e+01
s>        ( - -1.850e+04 1 0)
s>        ( - -5.857e+02 1 0))INFO: dtree.c(1315): Comp split 60
INFO: dtree.c(1315): Comp split 61
INFO: dtree.c(1439): stop. leaf nodes are specific
INFO: dtree.c(1478): Final simple tree
|( QUESTION0_2_R 1 -4.897e+03 1.480e+02 2.099e+01
|    ( - -5.567e+02 1 0)
|    ( SILENCE 1 -4.192e+03 1.245e+02 1.799e+01
|        ( - -1.322e+03 1 0)
|        ( - -2.746e+03 3 0)))
s>    ( QUESTION0_2_R 1 -4.897e+03 1.480e+02 2.099e+01
s>        ( - -5.567e+02 1 0)
s>        ( SILENCE 1 -4.192e+03 1.245e+02 1.799e+01
s>            ( - -1.322e+03 1 0)
s>            ( - -2.746e+03 3 0)))INFO: dtree.c(1315): Comp split 62
INFO: dtree.c(1439): stop. leaf nodes are specific
INFO: dtree.c(1478): Final simple tree
|( SILENCE 1 -4.192e+03 1.245e+02 1.799e+01
|    ( - -1.322e+03 1 0)
|    ( - -2.746e+03 3 0))
s>    ( SILENCE 1 -4.192e+03 1.245e+02 1.799e+01
s>        ( - -1.322e+03 1 0)
s>        ( - -2.746e+03 3 0))INFO: dtree.c(1315): Comp split 63
INFO: dtree.c(1315): Comp split 64
INFO: dtree.c(1439): stop. leaf nodes are specific
INFO: dtree.c(1478): Final simple tree
|( QUESTION2_0_L -1 -4.507e+05 1.218e+02 1.986e+03
|    ( WDBNDRY_B 0 -4.500e+05 8.372e+01 1.983e+03
|        ( - -4.457e+05 5 0)
|        ( - -4.180e+03 2 0))
|    ( - -5.929e+02 1 0))
s>    ( QUESTION2_0_L -1 -4.507e+05 1.218e+02 1.986e+03
s>        ( WDBNDRY_B 0 -4.500e+05 8.372e+01 1.983e+03
s>            ( - -4.457e+05 5 0)
s>            ( - -4.180e+03 2 0))
s>        ( - -5.929e+02 1 0))INFO: dtree.c(1315): Comp split 65
INFO: dtree.c(1315): Comp split 66
INFO: dtree.c(1315): Comp split 67
INFO: dtree.c(1439): stop. leaf nodes are specific
INFO: dtree.c(1478): Final simple tree
|( QUESTION6 -1 -9.375e+03 1.176e+02 4.000e+01
|    ( - -2.514e+03 2 0)
|    ( QUESTION5 -1 -6.743e+03 9.443e+01 2.900e+01
|        ( - -2.336e+03 2 0)
|        ( - -4.312e+03 4 0)))
s>    ( QUESTION6 -1 -9.375e+03 1.176e+02 4.000e+01
s>        ( - -2.514e+03 2 0)
s>        ( QUESTION5 -1 -6.743e+03 9.443e+01 2.900e+01
s>            ( - -2.336e+03 2 0)
s>            ( - -4.312e+03 4 0)))INFO: dtree.c(1315): Comp split 68
INFO: dtree.c(1315): Comp split 69
INFO: dtree.c(1315): Comp split 70
INFO: dtree.c(1315): Comp split 71
INFO: dtree.c(1439): stop. leaf nodes are specific
INFO: dtree.c(1478): Final simple tree
|( QUESTION0_11_R 1 -7.880e+03 1.226e+02 3.501e+01
|    ( - -6.497e+03 3 0)
|    ( - -1.261e+03 2 0))
s>    ( QUESTION0_11_R 1 -7.880e+03 1.226e+02 3.501e+01
s>        ( - -6.497e+03 3 0)
s>        ( - -1.261e+03 2 0))INFO: dtree.c(1315): Comp split 72
INFO: dtree.c(1315): Comp split 73
INFO: dtree.c(1315): Comp split 74
INFO: dtree.c(1315): Comp split 75
INFO: dtree.c(1439): stop. leaf nodes are specific
INFO: dtree.c(1478): Final simple tree
|( WDBNDRY_B 0 -4.500e+05 8.372e+01 1.983e+03
|    ( - -4.457e+05 5 0)
|    ( - -4.180e+03 2 0))
s>    ( WDBNDRY_B 0 -4.500e+05 8.372e+01 1.983e+03
s>        ( - -4.457e+05 5 0)
s>        ( - -4.180e+03 2 0))INFO: dtree.c(1315): Comp split 76
INFO: dtree.c(1315): Comp split 77
INFO: dtree.c(1439): stop. leaf nodes are specific
INFO: dtree.c(1478): Final simple tree
|( QUESTION5 -1 -6.743e+03 9.443e+01 2.900e+01
|    ( - -2.336e+03 2 0)
|    ( - -4.312e+03 4 0))
s>    ( QUESTION5 -1 -6.743e+03 9.443e+01 2.900e+01
s>        ( - -2.336e+03 2 0)
s>        ( - -4.312e+03 4 0))INFO: dtree.c(1315): Comp split 78
INFO: dtree.c(1315): Comp split 79
INFO: dtree.c(1315): Comp split 80
INFO: dtree.c(1315): Comp split 81
INFO: dtree.c(1315): Comp split 82
INFO: dtree.c(1315): Comp split 83
INFO: dtree.c(1315): Comp split 84
INFO: dtree.c(1315): Comp split 85
INFO: dtree.c(1315): Comp split 86
INFO: dtree.c(1318): stop. leaf nodes are specific
Wed Mar 22 13:34:39 2023
