Current configuration:
[NAME]		[DEFLT]	[VALUE]
-allphones	no	no
-cntthresh	0.00001	1.000000e-05
-csplitmax	100	2000
-csplitmin	1	1
-csplitthr	8e-4	0.000000e+00
-example	no	no
-fullvar	no	no
-help		no	no
-meanfn			/home/lucija/Documents/Zadnji semestar/ROGJ/Prezentacije/CMUspinx/tutorial8/model_parameters/my_db.cd_cont_untied/means
-mixwfn			/home/lucija/Documents/Zadnji semestar/ROGJ/Prezentacije/CMUspinx/tutorial8/model_parameters/my_db.cd_cont_untied/mixture_weights
-moddeffn		/home/lucija/Documents/Zadnji semestar/ROGJ/Prezentacije/CMUspinx/tutorial8/model_architecture/my_db.untied.mdef
-mwfloor	1e-4	1.000000e-08
-phone			f
-psetfn			/home/lucija/Documents/Zadnji semestar/ROGJ/Prezentacije/CMUspinx/tutorial8/model_architecture/my_db.tree_questions
-ssplitmax	5	7
-ssplitmin	1	1
-ssplitthr	8e-4	0.000000e+00
-state			1
-stwt			1.0,0.05,0.0,
-treefn			/home/lucija/Documents/Zadnji semestar/ROGJ/Prezentacije/CMUspinx/tutorial8/trees/my_db.unpruned/f-1.dtree
-ts2cbfn	.semi.	.cont.
-varfloor	0.00001	1.000000e-05
-varfn			/home/lucija/Documents/Zadnji semestar/ROGJ/Prezentacije/CMUspinx/tutorial8/model_parameters/my_db.cd_cont_untied/variances

INFO: main.c(223): Reading: /home/lucija/Documents/Zadnji semestar/ROGJ/Prezentacije/CMUspinx/tutorial8/model_architecture/my_db.untied.mdef
INFO: model_def_io.c(573): Model definition info:
INFO: model_def_io.c(574): 10483 total models defined (32 base, 10451 tri)
INFO: model_def_io.c(575): 41932 total states
INFO: model_def_io.c(576): 31449 total tied states
INFO: model_def_io.c(577): 96 total tied CI states
INFO: model_def_io.c(578): 32 total tied transition matrices
INFO: model_def_io.c(579): 4 max state/model
INFO: model_def_io.c(580): 4 min state/model
INFO: main.c(242): Building trees for [f NOISE a b] through [f z i b]
INFO: main.c(268): Covering states |[9138 9317]| == 180
INFO: main.c(275): Reading: /home/lucija/Documents/Zadnji semestar/ROGJ/Prezentacije/CMUspinx/tutorial8/model_parameters/my_db.cd_cont_untied/mixture_weights
INFO: s3mixw_io.c(172): Read /home/lucija/Documents/Zadnji semestar/ROGJ/Prezentacije/CMUspinx/tutorial8/model_parameters/my_db.cd_cont_untied/mixture_weights [180x1x1 array]
INFO: main.c(311): 60 of 60 models have observation count greater than 0.000010
INFO: main.c(95): nrm stwt: 0.045 0.909 0.045 
INFO: s3gau_io.c(168): Read /home/lucija/Documents/Zadnji semestar/ROGJ/Prezentacije/CMUspinx/tutorial8/model_parameters/my_db.cd_cont_untied/means [31449x1x1 array]
INFO: s3gau_io.c(168): Read /home/lucija/Documents/Zadnji semestar/ROGJ/Prezentacije/CMUspinx/tutorial8/model_parameters/my_db.cd_cont_untied/variances [31449x1x1 array]
INFO: main.c(549): Reading: /home/lucija/Documents/Zadnji semestar/ROGJ/Prezentacije/CMUspinx/tutorial8/model_architecture/my_db.tree_questions
INFO: main.c(587): 180 total simple questions (172 phone; 8 word bndry)
INFO: main.c(589): 42 Left Only questions, and 42 Right Only questions
INFO: dtree.c(1478): Final simple tree
|( QUESTION11 -1 -1.423e+05 5.343e+02 6.674e+02
|    ( - -1.944e+04 4 0 QUESTION0 1 2.514e+02 8.911e+01)
|    ( SILENCE 1 -1.223e+05 5.067e+02 5.783e+02
|        ( - 2.425e+02 1 0)
|        ( QUESTION0_18_R 1 -1.221e+05 4.476e+02 5.773e+02
|            ( - 2.105e+02 1 0)
|            ( QUESTION0_11_R 1 -1.218e+05 4.322e+02 5.763e+02
|                ( - 1.836e+02 1 0)
|                ( QUESTION2_17_L -1 -1.216e+05 4.296e+02 5.753e+02
|                    ( - 1.054e+02 1 0)
|                    ( QUESTION14 1 -1.212e+05 4.254e+02 5.743e+02
|                        ( - -4.566e+04 14 0 QUESTION0 -1 2.395e+02 2.198e+02)
|                        ( SILENCE -1 -7.516e+04 5.007e+02 3.544e+02
|                            ( - 2.421e+02 1 0)
|                            ( - -7.490e+04 37 0 QUESTION13 -1 3.050e+02 3.534e+02))))))))
s>    ( QUESTION11 -1 -1.423e+05 5.343e+02 6.674e+02
s>        ( - -1.944e+04 4 0 QUESTION0 1 2.514e+02 8.911e+01)
s>        ( SILENCE 1 -1.223e+05 5.067e+02 5.783e+02
s>            ( - 2.425e+02 1 0)
s>            ( QUESTION0_18_R 1 -1.221e+05 4.476e+02 5.773e+02
s>                ( - 2.105e+02 1 0)
s>                ( QUESTION0_11_R 1 -1.218e+05 4.322e+02 5.763e+02
s>                    ( - 1.836e+02 1 0)
s>                    ( QUESTION2_17_L -1 -1.216e+05 4.296e+02 5.753e+02
s>                        ( - 1.054e+02 1 0)
s>                        ( QUESTION14 1 -1.212e+05 4.254e+02 5.743e+02
s>                            ( - -4.566e+04 14 0 QUESTION0 -1 2.395e+02 2.198e+02)
s>                            ( SILENCE -1 -7.516e+04 5.007e+02 3.544e+02
s>                                ( - 2.421e+02 1 0)
s>                                ( - -7.490e+04 37 0 QUESTION13 -1 3.050e+02 3.534e+02))))))))INFO: dtree.c(1315): Comp split 0
INFO: dtree.c(1478): Final simple tree
|( SILENCE 1 -1.223e+05 5.067e+02 5.783e+02
|    ( - 2.425e+02 1 0)
|    ( QUESTION0_18_R 1 -1.221e+05 4.476e+02 5.773e+02
|        ( - 2.105e+02 1 0)
|        ( QUESTION0_11_R 1 -1.218e+05 4.322e+02 5.763e+02
|            ( - 1.836e+02 1 0)
|            ( QUESTION2_17_L -1 -1.216e+05 4.296e+02 5.753e+02
|                ( - 1.054e+02 1 0)
|                ( QUESTION14 1 -1.212e+05 4.254e+02 5.743e+02
|                    ( - -4.566e+04 14 0 QUESTION0 -1 2.395e+02 2.198e+02)
|                    ( SILENCE -1 -7.516e+04 5.007e+02 3.544e+02
|                        ( - 2.421e+02 1 0)
|                        ( QUESTION13 -1 -7.490e+04 3.050e+02 3.534e+02
|                            ( - -1.942e+04 5 0 WDBNDRY_B 0 1.943e+02 9.368e+01)
|                            ( - -5.518e+04 32 0 WDBNDRY_B 0 2.699e+02 2.598e+02))))))))
s>    ( SILENCE 1 -1.223e+05 5.067e+02 5.783e+02
s>        ( - 2.425e+02 1 0)
s>        ( QUESTION0_18_R 1 -1.221e+05 4.476e+02 5.773e+02
s>            ( - 2.105e+02 1 0)
s>            ( QUESTION0_11_R 1 -1.218e+05 4.322e+02 5.763e+02
s>                ( - 1.836e+02 1 0)
s>                ( QUESTION2_17_L -1 -1.216e+05 4.296e+02 5.753e+02
s>                    ( - 1.054e+02 1 0)
s>                    ( QUESTION14 1 -1.212e+05 4.254e+02 5.743e+02
s>                        ( - -4.566e+04 14 0 QUESTION0 -1 2.395e+02 2.198e+02)
s>                        ( SILENCE -1 -7.516e+04 5.007e+02 3.544e+02
s>                            ( - 2.421e+02 1 0)
s>                            ( QUESTION13 -1 -7.490e+04 3.050e+02 3.534e+02
s>                                ( - -1.942e+04 5 0 WDBNDRY_B 0 1.943e+02 9.368e+01)
s>                                ( - -5.518e+04 32 0 WDBNDRY_B 0 2.699e+02 2.598e+02))))))))INFO: dtree.c(1439): stop. leaf nodes are specific
INFO: dtree.c(1478): Final simple tree
|( QUESTION0 1 -1.944e+04 2.514e+02 8.911e+01
|    ( WDBNDRY_B 0 -6.062e+03 1.788e+02 2.806e+01
|        ( QUESTION2_15_L -1 -1.355e+03 1.865e+02 7.000e+00
|            ( - -4.461e+02 1 0)
|            ( - -7.229e+02 1 0))
|        ( - -4.528e+03 1 0))
|    ( - -1.313e+04 1 0))
s>    ( QUESTION0 1 -1.944e+04 2.514e+02 8.911e+01
s>        ( WDBNDRY_B 0 -6.062e+03 1.788e+02 2.806e+01
s>            ( QUESTION2_15_L -1 -1.355e+03 1.865e+02 7.000e+00
s>                ( - -4.461e+02 1 0)
s>                ( - -7.229e+02 1 0))
s>            ( - -4.528e+03 1 0))
s>        ( - -1.313e+04 1 0))INFO: dtree.c(1315): Comp split 1
INFO: dtree.c(1478): Final simple tree
|( QUESTION0_18_R 1 -1.221e+05 4.476e+02 5.773e+02
|    ( - 2.105e+02 1 0)
|    ( QUESTION0_11_R 1 -1.218e+05 4.322e+02 5.763e+02
|        ( - 1.836e+02 1 0)
|        ( QUESTION2_17_L -1 -1.216e+05 4.296e+02 5.753e+02
|            ( - 1.054e+02 1 0)
|            ( QUESTION14 1 -1.212e+05 4.254e+02 5.743e+02
|                ( - -4.566e+04 14 0 QUESTION0 -1 2.395e+02 2.198e+02)
|                ( SILENCE -1 -7.516e+04 5.007e+02 3.544e+02
|                    ( - 2.421e+02 1 0)
|                    ( QUESTION13 -1 -7.490e+04 3.050e+02 3.534e+02
|                        ( - -1.942e+04 5 0 WDBNDRY_B 0 1.943e+02 9.368e+01)
|                        ( WDBNDRY_B 0 -5.518e+04 2.699e+02 2.598e+02
|                            ( - -1.909e+04 16 0 QUESTION4 -1 1.253e+02 8.802e+01)
|                            ( - -3.582e+04 16 0 WDBNDRY_E 0 1.499e+02 1.717e+02))))))))
s>    ( QUESTION0_18_R 1 -1.221e+05 4.476e+02 5.773e+02
s>        ( - 2.105e+02 1 0)
s>        ( QUESTION0_11_R 1 -1.218e+05 4.322e+02 5.763e+02
s>            ( - 1.836e+02 1 0)
s>            ( QUESTION2_17_L -1 -1.216e+05 4.296e+02 5.753e+02
s>                ( - 1.054e+02 1 0)
s>                ( QUESTION14 1 -1.212e+05 4.254e+02 5.743e+02
s>                    ( - -4.566e+04 14 0 QUESTION0 -1 2.395e+02 2.198e+02)
s>                    ( SILENCE -1 -7.516e+04 5.007e+02 3.544e+02
s>                        ( - 2.421e+02 1 0)
s>                        ( QUESTION13 -1 -7.490e+04 3.050e+02 3.534e+02
s>                            ( - -1.942e+04 5 0 WDBNDRY_B 0 1.943e+02 9.368e+01)
s>                            ( WDBNDRY_B 0 -5.518e+04 2.699e+02 2.598e+02
s>                                ( - -1.909e+04 16 0 QUESTION4 -1 1.253e+02 8.802e+01)
s>                                ( - -3.582e+04 16 0 WDBNDRY_E 0 1.499e+02 1.717e+02))))))))INFO: dtree.c(1315): Comp split 2
INFO: dtree.c(1478): Final simple tree
|( QUESTION0_18_R 1 -1.218e+05 4.476e+02 5.763e+02
|    ( - 2.105e+02 1 0)
|    ( QUESTION0_11_R 1 -1.216e+05 4.322e+02 5.753e+02
|        ( - 1.836e+02 1 0)
|        ( QUESTION2_17_L -1 -1.213e+05 4.297e+02 5.743e+02
|            ( - 1.054e+02 1 0)
|            ( QUESTION14 1 -1.210e+05 4.254e+02 5.733e+02
|                ( QUESTION0 -1 -4.566e+04 2.395e+02 2.198e+02
|                    ( - -2.733e+04 7 0 WDBNDRY_B 0 1.762e+02 1.324e+02)
|                    ( - -1.810e+04 7 0 QUESTION15 -1 1.527e+02 8.748e+01))
|                ( QUESTION13 -1 -7.490e+04 3.050e+02 3.534e+02
|                    ( - -1.942e+04 5 0 WDBNDRY_B 0 1.943e+02 9.368e+01)
|                    ( WDBNDRY_B 0 -5.518e+04 2.699e+02 2.598e+02
|                        ( - -1.909e+04 16 0 QUESTION4 -1 1.253e+02 8.802e+01)
|                        ( - -3.582e+04 16 0 WDBNDRY_E 0 1.499e+02 1.717e+02)))))))
s>    ( QUESTION0_18_R 1 -1.218e+05 4.476e+02 5.763e+02
s>        ( - 2.105e+02 1 0)
s>        ( QUESTION0_11_R 1 -1.216e+05 4.322e+02 5.753e+02
s>            ( - 1.836e+02 1 0)
s>            ( QUESTION2_17_L -1 -1.213e+05 4.297e+02 5.743e+02
s>                ( - 1.054e+02 1 0)
s>                ( QUESTION14 1 -1.210e+05 4.254e+02 5.733e+02
s>                    ( QUESTION0 -1 -4.566e+04 2.395e+02 2.198e+02
s>                        ( - -2.733e+04 7 0 WDBNDRY_B 0 1.762e+02 1.324e+02)
s>                        ( - -1.810e+04 7 0 QUESTION15 -1 1.527e+02 8.748e+01))
s>                    ( QUESTION13 -1 -7.490e+04 3.050e+02 3.534e+02
s>                        ( - -1.942e+04 5 0 WDBNDRY_B 0 1.943e+02 9.368e+01)
s>                        ( WDBNDRY_B 0 -5.518e+04 2.699e+02 2.598e+02
s>                            ( - -1.909e+04 16 0 QUESTION4 -1 1.253e+02 8.802e+01)
s>                            ( - -3.582e+04 16 0 WDBNDRY_E 0 1.499e+02 1.717e+02)))))))INFO: dtree.c(1315): Comp split 3
INFO: dtree.c(1478): Final simple tree
|( QUESTION2_17_L -1 -6.568e+04 4.279e+02 3.145e+02
|    ( - 1.054e+02 1 0)
|    ( WDBNDRY_B 0 -6.536e+04 2.863e+02 3.135e+02
|        ( QUESTION14 -1 -4.442e+04 2.281e+02 2.138e+02
|            ( QUESTION0 1 -1.698e+04 1.635e+02 8.248e+01
|                ( - -9.636e+02 1 0)
|                ( - -1.586e+04 4 0))
|            ( QUESTION1 -1 -2.721e+04 1.453e+02 1.314e+02
|                ( - -4.691e+02 1 0)
|                ( - -2.659e+04 7 0 SILENCE -1 1.244e+02 1.284e+02)))
|        ( QUESTION0 -1 -2.065e+04 2.146e+02 9.968e+01
|            ( - -1.711e+03 1 0)
|            ( QUESTION0 1 -1.873e+04 1.375e+02 9.068e+01
|                ( - -1.826e+04 4 0)
|                ( - -3.313e+02 1 0)))))
s>    ( QUESTION2_17_L -1 -6.568e+04 4.279e+02 3.145e+02
s>        ( - 1.054e+02 1 0)
s>        ( WDBNDRY_B 0 -6.536e+04 2.863e+02 3.135e+02
s>            ( QUESTION14 -1 -4.442e+04 2.281e+02 2.138e+02
s>                ( QUESTION0 1 -1.698e+04 1.635e+02 8.248e+01
s>                    ( - -9.636e+02 1 0)
s>                    ( - -1.586e+04 4 0))
s>                ( QUESTION1 -1 -2.721e+04 1.453e+02 1.314e+02
s>                    ( - -4.691e+02 1 0)
s>                    ( - -2.659e+04 7 0 SILENCE -1 1.244e+02 1.284e+02)))
s>            ( QUESTION0 -1 -2.065e+04 2.146e+02 9.968e+01
s>                ( - -1.711e+03 1 0)
s>                ( QUESTION0 1 -1.873e+04 1.375e+02 9.068e+01
s>                    ( - -1.826e+04 4 0)
s>                    ( - -3.313e+02 1 0)))))INFO: dtree.c(1478): Final simple tree
|( QUESTION0_18_R 1 -5.566e+04 4.460e+02 2.618e+02
|    ( - 2.105e+02 1 0)
|    ( QUESTION0_11_R 1 -5.542e+04 4.292e+02 2.608e+02
|        ( - 1.836e+02 1 0)
|        ( WDBNDRY_B 0 -5.518e+04 2.699e+02 2.598e+02
|            ( QUESTION4 -1 -1.909e+04 1.253e+02 8.802e+01
|                ( - -1.707e+03 1 0)
|                ( - -1.725e+04 15 0 QUESTION0 -1 1.106e+02 7.902e+01))
|            ( WDBNDRY_E 0 -3.582e+04 1.499e+02 1.717e+02
|                ( - -2.010e+03 2 0 QUESTION0_0_R 1 1.232e+02 1.000e+01)
|                ( QUESTION0_16_R 1 -3.366e+04 4.713e+02 1.617e+02
|                    ( - 2.423e+02 1 0)
|                    ( QUESTION0_0_R 1 -3.343e+04 1.246e+02 1.607e+02
|                        ( - -3.271e+04 11 0)
|                        ( - -6.021e+02 2 0)))))))
s>    ( QUESTION0_18_R 1 -5.566e+04 4.460e+02 2.618e+02
s>        ( - 2.105e+02 1 0)
s>        ( QUESTION0_11_R 1 -5.542e+04 4.292e+02 2.608e+02
s>            ( - 1.836e+02 1 0)
s>            ( WDBNDRY_B 0 -5.518e+04 2.699e+02 2.598e+02
s>                ( QUESTION4 -1 -1.909e+04 1.253e+02 8.802e+01
s>                    ( - -1.707e+03 1 0)
s>                    ( - -1.725e+04 15 0 QUESTION0 -1 1.106e+02 7.902e+01))
s>                ( WDBNDRY_E 0 -3.582e+04 1.499e+02 1.717e+02
s>                    ( - -2.010e+03 2 0 QUESTION0_0_R 1 1.232e+02 1.000e+01)
s>                    ( QUESTION0_16_R 1 -3.366e+04 4.713e+02 1.617e+02
s>                        ( - 2.423e+02 1 0)
s>                        ( QUESTION0_0_R 1 -3.343e+04 1.246e+02 1.607e+02
s>                            ( - -3.271e+04 11 0)
s>                            ( - -6.021e+02 2 0)))))))INFO: dtree.c(1315): Comp split 4
INFO: dtree.c(1478): Final simple tree
|( QUESTION0_18_R 1 -5.543e+04 4.460e+02 2.608e+02
|    ( - 2.105e+02 1 0)
|    ( QUESTION0_11_R 1 -5.519e+04 4.291e+02 2.598e+02
|        ( - 1.836e+02 1 0)
|        ( WDBNDRY_B 0 -5.495e+04 2.691e+02 2.588e+02
|            ( QUESTION4 -1 -1.909e+04 1.253e+02 8.802e+01
|                ( - -1.707e+03 1 0)
|                ( - -1.725e+04 15 0 QUESTION0 -1 1.106e+02 7.902e+01))
|            ( WDBNDRY_E 0 -3.559e+04 1.503e+02 1.707e+02
|                ( QUESTION0_0_R 1 -2.010e+03 1.232e+02 1.000e+01
|                    ( - -1.300e+03 1 0)
|                    ( - -5.874e+02 1 0))
|                ( QUESTION0_0_R 1 -3.343e+04 1.246e+02 1.607e+02
|                    ( - -3.271e+04 11 0)
|                    ( - -6.021e+02 2 0))))))
s>    ( QUESTION0_18_R 1 -5.543e+04 4.460e+02 2.608e+02
s>        ( - 2.105e+02 1 0)
s>        ( QUESTION0_11_R 1 -5.519e+04 4.291e+02 2.598e+02
s>            ( - 1.836e+02 1 0)
s>            ( WDBNDRY_B 0 -5.495e+04 2.691e+02 2.588e+02
s>                ( QUESTION4 -1 -1.909e+04 1.253e+02 8.802e+01
s>                    ( - -1.707e+03 1 0)
s>                    ( - -1.725e+04 15 0 QUESTION0 -1 1.106e+02 7.902e+01))
s>                ( WDBNDRY_E 0 -3.559e+04 1.503e+02 1.707e+02
s>                    ( QUESTION0_0_R 1 -2.010e+03 1.232e+02 1.000e+01
s>                        ( - -1.300e+03 1 0)
s>                        ( - -5.874e+02 1 0))
s>                    ( QUESTION0_0_R 1 -3.343e+04 1.246e+02 1.607e+02
s>                        ( - -3.271e+04 11 0)
s>                        ( - -6.021e+02 2 0))))))INFO: dtree.c(1315): Comp split 5
INFO: dtree.c(1478): Final simple tree
|( QUESTION0_11_R 1 -5.519e+04 4.291e+02 2.598e+02
|    ( - 1.836e+02 1 0)
|    ( WDBNDRY_B 0 -5.495e+04 2.691e+02 2.588e+02
|        ( QUESTION4 -1 -1.909e+04 1.253e+02 8.802e+01
|            ( - -1.707e+03 1 0)
|            ( QUESTION0 -1 -1.725e+04 1.106e+02 7.902e+01
|                ( - -1.610e+04 12 0)
|                ( - -1.046e+03 3 0)))
|        ( WDBNDRY_E 0 -3.559e+04 1.503e+02 1.707e+02
|            ( QUESTION0_0_R 1 -2.010e+03 1.232e+02 1.000e+01
|                ( - -1.300e+03 1 0)
|                ( - -5.874e+02 1 0))
|            ( QUESTION0_0_R 1 -3.343e+04 1.246e+02 1.607e+02
|                ( - -3.271e+04 11 0)
|                ( - -6.021e+02 2 0)))))
s>    ( QUESTION0_11_R 1 -5.519e+04 4.291e+02 2.598e+02
s>        ( - 1.836e+02 1 0)
s>        ( WDBNDRY_B 0 -5.495e+04 2.691e+02 2.588e+02
s>            ( QUESTION4 -1 -1.909e+04 1.253e+02 8.802e+01
s>                ( - -1.707e+03 1 0)
s>                ( QUESTION0 -1 -1.725e+04 1.106e+02 7.902e+01
s>                    ( - -1.610e+04 12 0)
s>                    ( - -1.046e+03 3 0)))
s>            ( WDBNDRY_E 0 -3.559e+04 1.503e+02 1.707e+02
s>                ( QUESTION0_0_R 1 -2.010e+03 1.232e+02 1.000e+01
s>                    ( - -1.300e+03 1 0)
s>                    ( - -5.874e+02 1 0))
s>                ( QUESTION0_0_R 1 -3.343e+04 1.246e+02 1.607e+02
s>                    ( - -3.271e+04 11 0)
s>                    ( - -6.021e+02 2 0)))))INFO: dtree.c(1315): Comp split 6
INFO: dtree.c(1439): stop. leaf nodes are specific
INFO: dtree.c(1478): Final simple tree
|( WDBNDRY_B 0 -5.495e+04 2.691e+02 2.588e+02
|    ( QUESTION4 -1 -1.909e+04 1.253e+02 8.802e+01
|        ( - -1.707e+03 1 0)
|        ( QUESTION0 -1 -1.725e+04 1.106e+02 7.902e+01
|            ( - -1.610e+04 12 0)
|            ( - -1.046e+03 3 0)))
|    ( WDBNDRY_E 0 -3.559e+04 1.503e+02 1.707e+02
|        ( QUESTION0_0_R 1 -2.010e+03 1.232e+02 1.000e+01
|            ( - -1.300e+03 1 0)
|            ( - -5.874e+02 1 0))
|        ( QUESTION0_0_R 1 -3.343e+04 1.246e+02 1.607e+02
|            ( - -3.271e+04 11 0)
|            ( - -6.021e+02 2 0))))
s>    ( WDBNDRY_B 0 -5.495e+04 2.691e+02 2.588e+02
s>        ( QUESTION4 -1 -1.909e+04 1.253e+02 8.802e+01
s>            ( - -1.707e+03 1 0)
s>            ( QUESTION0 -1 -1.725e+04 1.106e+02 7.902e+01
s>                ( - -1.610e+04 12 0)
s>                ( - -1.046e+03 3 0)))
s>        ( WDBNDRY_E 0 -3.559e+04 1.503e+02 1.707e+02
s>            ( QUESTION0_0_R 1 -2.010e+03 1.232e+02 1.000e+01
s>                ( - -1.300e+03 1 0)
s>                ( - -5.874e+02 1 0))
s>            ( QUESTION0_0_R 1 -3.343e+04 1.246e+02 1.607e+02
s>                ( - -3.271e+04 11 0)
s>                ( - -6.021e+02 2 0))))INFO: dtree.c(1315): Comp split 7
INFO: dtree.c(1478): Final simple tree
|( WDBNDRY_B 0 -6.536e+04 2.863e+02 3.135e+02
|    ( QUESTION14 -1 -4.442e+04 2.281e+02 2.138e+02
|        ( QUESTION0 1 -1.698e+04 1.635e+02 8.248e+01
|            ( - -9.636e+02 1 0)
|            ( - -1.586e+04 4 0))
|        ( QUESTION1 -1 -2.721e+04 1.453e+02 1.314e+02
|            ( - -4.691e+02 1 0)
|            ( SILENCE -1 -2.659e+04 1.244e+02 1.284e+02
|                ( - -1.024e+03 1 0)
|                ( - -2.544e+04 6 0))))
|    ( QUESTION0 -1 -2.065e+04 2.146e+02 9.968e+01
|        ( - -1.711e+03 1 0)
|        ( QUESTION0 1 -1.873e+04 1.375e+02 9.068e+01
|            ( - -1.826e+04 4 0)
|            ( - -3.313e+02 1 0))))
s>    ( WDBNDRY_B 0 -6.536e+04 2.863e+02 3.135e+02
s>        ( QUESTION14 -1 -4.442e+04 2.281e+02 2.138e+02
s>            ( QUESTION0 1 -1.698e+04 1.635e+02 8.248e+01
s>                ( - -9.636e+02 1 0)
s>                ( - -1.586e+04 4 0))
s>            ( QUESTION1 -1 -2.721e+04 1.453e+02 1.314e+02
s>                ( - -4.691e+02 1 0)
s>                ( SILENCE -1 -2.659e+04 1.244e+02 1.284e+02
s>                    ( - -1.024e+03 1 0)
s>                    ( - -2.544e+04 6 0))))
s>        ( QUESTION0 -1 -2.065e+04 2.146e+02 9.968e+01
s>            ( - -1.711e+03 1 0)
s>            ( QUESTION0 1 -1.873e+04 1.375e+02 9.068e+01
s>                ( - -1.826e+04 4 0)
s>                ( - -3.313e+02 1 0))))INFO: dtree.c(1315): Comp split 8
INFO: dtree.c(1439): stop. leaf nodes are specific
INFO: dtree.c(1478): Final simple tree
|( WDBNDRY_B 0 -1.940e+04 1.132e+02 9.368e+01
|    ( - -1.024e+03 1 0)
|    ( - -1.826e+04 4 0))
s>    ( WDBNDRY_B 0 -1.940e+04 1.132e+02 9.368e+01
s>        ( - -1.024e+03 1 0)
s>        ( - -1.826e+04 4 0))INFO: dtree.c(1439): stop. leaf nodes are specific
INFO: dtree.c(1478): Final simple tree
|( QUESTION14 -1 -4.564e+04 2.403e+02 2.198e+02
|    ( QUESTION0 1 -1.745e+04 1.596e+02 8.448e+01
|        ( - -9.636e+02 1 0)
|        ( WDBNDRY_B 0 -1.633e+04 1.435e+02 7.948e+01
|            ( - -1.586e+04 4 0)
|            ( - -3.313e+02 1 0)))
|    ( WDBNDRY_B 0 -2.794e+04 1.765e+02 1.354e+02
|        ( QUESTION0 -1 -2.606e+04 1.443e+02 1.264e+02
|            ( - -2.544e+04 6 0)
|            ( - -4.691e+02 1 0))
|        ( - -1.711e+03 1 0)))
s>    ( QUESTION14 -1 -4.564e+04 2.403e+02 2.198e+02
s>        ( QUESTION0 1 -1.745e+04 1.596e+02 8.448e+01
s>            ( - -9.636e+02 1 0)
s>            ( WDBNDRY_B 0 -1.633e+04 1.435e+02 7.948e+01
s>                ( - -1.586e+04 4 0)
s>                ( - -3.313e+02 1 0)))
s>        ( WDBNDRY_B 0 -2.794e+04 1.765e+02 1.354e+02
s>            ( QUESTION0 -1 -2.606e+04 1.443e+02 1.264e+02
s>                ( - -2.544e+04 6 0)
s>                ( - -4.691e+02 1 0))
s>            ( - -1.711e+03 1 0)))INFO: dtree.c(1315): Comp split 9
INFO: dtree.c(1439): stop. leaf nodes are specific
INFO: dtree.c(1478): Final simple tree
|( WDBNDRY_E 0 -3.559e+04 1.503e+02 1.707e+02
|    ( QUESTION0_0_R 1 -2.010e+03 1.232e+02 1.000e+01
|        ( - -1.300e+03 1 0)
|        ( - -5.874e+02 1 0))
|    ( QUESTION0_0_R 1 -3.343e+04 1.246e+02 1.607e+02
|        ( - -3.271e+04 11 0)
|        ( - -6.021e+02 2 0)))
s>    ( WDBNDRY_E 0 -3.559e+04 1.503e+02 1.707e+02
s>        ( QUESTION0_0_R 1 -2.010e+03 1.232e+02 1.000e+01
s>            ( - -1.300e+03 1 0)
s>            ( - -5.874e+02 1 0))
s>        ( QUESTION0_0_R 1 -3.343e+04 1.246e+02 1.607e+02
s>            ( - -3.271e+04 11 0)
s>            ( - -6.021e+02 2 0)))INFO: dtree.c(1439): stop. leaf nodes are specific
INFO: dtree.c(1478): Final simple tree
|( QUESTION4 -1 -1.909e+04 1.253e+02 8.802e+01
|    ( - -1.707e+03 1 0)
|    ( QUESTION0 -1 -1.725e+04 1.106e+02 7.902e+01
|        ( - -1.610e+04 12 0)
|        ( - -1.046e+03 3 0)))
s>    ( QUESTION4 -1 -1.909e+04 1.253e+02 8.802e+01
s>        ( - -1.707e+03 1 0)
s>        ( QUESTION0 -1 -1.725e+04 1.106e+02 7.902e+01
s>            ( - -1.610e+04 12 0)
s>            ( - -1.046e+03 3 0)))INFO: dtree.c(1315): Comp split 10
INFO: dtree.c(1439): stop. leaf nodes are specific
INFO: dtree.c(1478): Final simple tree
|( WDBNDRY_B 0 -2.952e+04 1.635e+02 1.424e+02
|    ( QUESTION0 1 -2.717e+04 1.478e+02 1.314e+02
|        ( - -9.636e+02 1 0)
|        ( QUESTION0 -1 -2.606e+04 1.443e+02 1.264e+02
|            ( - -2.544e+04 6 0)
|            ( - -4.691e+02 1 0)))
|    ( QUESTION0 -1 -2.188e+03 1.460e+02 1.100e+01
|        ( - -1.711e+03 1 0)
|        ( - -3.313e+02 1 0)))
s>    ( WDBNDRY_B 0 -2.952e+04 1.635e+02 1.424e+02
s>        ( QUESTION0 1 -2.717e+04 1.478e+02 1.314e+02
s>            ( - -9.636e+02 1 0)
s>            ( QUESTION0 -1 -2.606e+04 1.443e+02 1.264e+02
s>                ( - -2.544e+04 6 0)
s>                ( - -4.691e+02 1 0)))
s>        ( QUESTION0 -1 -2.188e+03 1.460e+02 1.100e+01
s>            ( - -1.711e+03 1 0)
s>            ( - -3.313e+02 1 0)))INFO: dtree.c(1315): Comp split 11
INFO: dtree.c(1439): stop. leaf nodes are specific
INFO: dtree.c(1478): Final simple tree
|( WDBNDRY_B 0 -6.062e+03 1.788e+02 2.806e+01
|    ( QUESTION2_15_L -1 -1.355e+03 1.865e+02 7.000e+00
|        ( - -4.461e+02 1 0)
|        ( - -7.229e+02 1 0))
|    ( - -4.528e+03 1 0))
s>    ( WDBNDRY_B 0 -6.062e+03 1.788e+02 2.806e+01
s>        ( QUESTION2_15_L -1 -1.355e+03 1.865e+02 7.000e+00
s>            ( - -4.461e+02 1 0)
s>            ( - -7.229e+02 1 0))
s>        ( - -4.528e+03 1 0))INFO: dtree.c(1315): Comp split 12
INFO: dtree.c(1439): stop. leaf nodes are specific
INFO: dtree.c(1478): Final simple tree
|( WDBNDRY_B 0 -5.403e+03 1.526e+02 2.506e+01
|    ( - -7.229e+02 1 0)
|    ( - -4.528e+03 1 0))
s>    ( WDBNDRY_B 0 -5.403e+03 1.526e+02 2.506e+01
s>        ( - -7.229e+02 1 0)
s>        ( - -4.528e+03 1 0))INFO: dtree.c(1315): Comp split 13
INFO: dtree.c(1439): stop. leaf nodes are specific
INFO: dtree.c(1478): Final simple tree
|( QUESTION14 -1 -2.763e+04 1.495e+02 1.334e+02
|    ( WDBNDRY_B 0 -1.426e+03 1.306e+02 7.000e+00
|        ( - -9.636e+02 1 0)
|        ( - -3.313e+02 1 0))
|    ( QUESTION0 -1 -2.606e+04 1.443e+02 1.264e+02
|        ( - -2.544e+04 6 0)
|        ( - -4.691e+02 1 0)))
s>    ( QUESTION14 -1 -2.763e+04 1.495e+02 1.334e+02
s>        ( WDBNDRY_B 0 -1.426e+03 1.306e+02 7.000e+00
s>            ( - -9.636e+02 1 0)
s>            ( - -3.313e+02 1 0))
s>        ( QUESTION0 -1 -2.606e+04 1.443e+02 1.264e+02
s>            ( - -2.544e+04 6 0)
s>            ( - -4.691e+02 1 0)))INFO: dtree.c(1315): Comp split 14
INFO: dtree.c(1439): stop. leaf nodes are specific
INFO: dtree.c(1478): Final simple tree
|( QUESTION0_0_R 1 -3.412e+04 1.236e+02 1.637e+02
|    ( - -3.271e+04 11 0)
|    ( WDBNDRY_E 0 -1.288e+03 9.871e+01 6.000e+00
|        ( - -5.874e+02 1 0)
|        ( - -6.021e+02 2 0)))
s>    ( QUESTION0_0_R 1 -3.412e+04 1.236e+02 1.637e+02
s>        ( - -3.271e+04 11 0)
s>        ( WDBNDRY_E 0 -1.288e+03 9.871e+01 6.000e+00
s>            ( - -5.874e+02 1 0)
s>            ( - -6.021e+02 2 0)))INFO: dtree.c(1315): Comp split 15
INFO: dtree.c(1315): Comp split 16
INFO: dtree.c(1439): stop. leaf nodes are specific
INFO: dtree.c(1478): Final simple tree
|( WDBNDRY_B 0 -1.426e+03 1.306e+02 7.000e+00
|    ( - -9.636e+02 1 0)
|    ( - -3.313e+02 1 0))
s>    ( WDBNDRY_B 0 -1.426e+03 1.306e+02 7.000e+00
s>        ( - -9.636e+02 1 0)
s>        ( - -3.313e+02 1 0))INFO: dtree.c(1439): stop. leaf nodes are specific
INFO: dtree.c(1478): Final simple tree
|( QUESTION0 -1 -2.606e+04 1.443e+02 1.264e+02
|    ( - -2.544e+04 6 0)
|    ( - -4.691e+02 1 0))
s>    ( QUESTION0 -1 -2.606e+04 1.443e+02 1.264e+02
s>        ( - -2.544e+04 6 0)
s>        ( - -4.691e+02 1 0))INFO: dtree.c(1315): Comp split 17
INFO: dtree.c(1315): Comp split 18
INFO: dtree.c(1315): Comp split 19
INFO: dtree.c(1439): stop. leaf nodes are specific
INFO: dtree.c(1478): Final simple tree
|( QUESTION0 -1 -1.725e+04 1.106e+02 7.902e+01
|    ( - -1.610e+04 12 0)
|    ( - -1.046e+03 3 0))
s>    ( QUESTION0 -1 -1.725e+04 1.106e+02 7.902e+01
s>        ( - -1.610e+04 12 0)
s>        ( - -1.046e+03 3 0))INFO: dtree.c(1315): Comp split 20
INFO: dtree.c(1439): stop. leaf nodes are specific
INFO: dtree.c(1478): Final simple tree
|( WDBNDRY_E 0 -1.288e+03 9.871e+01 6.000e+00
|    ( - -5.874e+02 1 0)
|    ( - -6.021e+02 2 0))
s>    ( WDBNDRY_E 0 -1.288e+03 9.871e+01 6.000e+00
s>        ( - -5.874e+02 1 0)
s>        ( - -6.021e+02 2 0))INFO: dtree.c(1315): Comp split 21
INFO: dtree.c(1315): Comp split 22
INFO: dtree.c(1315): Comp split 23
INFO: dtree.c(1315): Comp split 24
INFO: dtree.c(1318): stop. leaf nodes are specific
Wed Mar 22 13:35:26 2023
