Current configuration:
[NAME]		[DEFLT]	[VALUE]
-allphones	no	no
-cntthresh	0.00001	1.000000e-05
-csplitmax	100	2000
-csplitmin	1	1
-csplitthr	8e-4	0.000000e+00
-example	no	no
-fullvar	no	no
-help		no	no
-meanfn			/home/lucija/Documents/Zadnji semestar/ROGJ/Prezentacije/CMUspinx/tutorial8/model_parameters/my_db.cd_cont_untied/means
-mixwfn			/home/lucija/Documents/Zadnji semestar/ROGJ/Prezentacije/CMUspinx/tutorial8/model_parameters/my_db.cd_cont_untied/mixture_weights
-moddeffn		/home/lucija/Documents/Zadnji semestar/ROGJ/Prezentacije/CMUspinx/tutorial8/model_architecture/my_db.untied.mdef
-mwfloor	1e-4	1.000000e-08
-phone			g
-psetfn			/home/lucija/Documents/Zadnji semestar/ROGJ/Prezentacije/CMUspinx/tutorial8/model_architecture/my_db.tree_questions
-ssplitmax	5	7
-ssplitmin	1	1
-ssplitthr	8e-4	0.000000e+00
-state			1
-stwt			1.0,0.05,0.0,
-treefn			/home/lucija/Documents/Zadnji semestar/ROGJ/Prezentacije/CMUspinx/tutorial8/trees/my_db.unpruned/g-1.dtree
-ts2cbfn	.semi.	.cont.
-varfloor	0.00001	1.000000e-05
-varfn			/home/lucija/Documents/Zadnji semestar/ROGJ/Prezentacije/CMUspinx/tutorial8/model_parameters/my_db.cd_cont_untied/variances

INFO: main.c(223): Reading: /home/lucija/Documents/Zadnji semestar/ROGJ/Prezentacije/CMUspinx/tutorial8/model_architecture/my_db.untied.mdef
INFO: model_def_io.c(573): Model definition info:
INFO: model_def_io.c(574): 10483 total models defined (32 base, 10451 tri)
INFO: model_def_io.c(575): 41932 total states
INFO: model_def_io.c(576): 31449 total tied states
INFO: model_def_io.c(577): 96 total tied CI states
INFO: model_def_io.c(578): 32 total tied transition matrices
INFO: model_def_io.c(579): 4 max state/model
INFO: model_def_io.c(580): 4 min state/model
INFO: main.c(242): Building trees for [g NOISE a b] through [g ć o b]
INFO: main.c(268): Covering states |[9318 9944]| == 627
INFO: main.c(275): Reading: /home/lucija/Documents/Zadnji semestar/ROGJ/Prezentacije/CMUspinx/tutorial8/model_parameters/my_db.cd_cont_untied/mixture_weights
INFO: s3mixw_io.c(172): Read /home/lucija/Documents/Zadnji semestar/ROGJ/Prezentacije/CMUspinx/tutorial8/model_parameters/my_db.cd_cont_untied/mixture_weights [627x1x1 array]
INFO: main.c(311): 208 of 209 models have observation count greater than 0.000010
INFO: main.c(95): nrm stwt: 0.045 0.909 0.045 
INFO: s3gau_io.c(168): Read /home/lucija/Documents/Zadnji semestar/ROGJ/Prezentacije/CMUspinx/tutorial8/model_parameters/my_db.cd_cont_untied/means [31449x1x1 array]
INFO: s3gau_io.c(168): Read /home/lucija/Documents/Zadnji semestar/ROGJ/Prezentacije/CMUspinx/tutorial8/model_parameters/my_db.cd_cont_untied/variances [31449x1x1 array]
INFO: main.c(549): Reading: /home/lucija/Documents/Zadnji semestar/ROGJ/Prezentacije/CMUspinx/tutorial8/model_architecture/my_db.tree_questions
INFO: main.c(587): 180 total simple questions (172 phone; 8 word bndry)
INFO: main.c(589): 42 Left Only questions, and 42 Right Only questions
INFO: dtree.c(1478): Final simple tree
|( QUESTION0_1_R 1 -3.052e+06 1.507e+04 1.329e+04
|    ( QUESTION0_15_R 1 -1.147e+06 1.170e+04 5.022e+03
|        ( - -3.176e+05 17 0 WDBNDRY_I 0 1.449e+03 1.437e+03)
|        ( WDBNDRY_I 0 -8.182e+05 7.386e+03 3.585e+03
|            ( - -3.378e+05 7 0 QUESTION0_14_R 1 2.174e+02 1.535e+03)
|            ( QUESTION12 1 -4.730e+05 2.390e+03 2.050e+03
|                ( - -7.544e+04 3 0 QUESTION0 -1 2.687e+02 3.431e+02)
|                ( - -3.951e+05 32 0 QUESTION10 1 1.477e+03 1.707e+03))))
|    ( QUESTION0 1 -1.890e+06 5.813e+03 8.273e+03
|        ( WDBNDRY_E 0 -1.266e+06 5.260e+03 5.590e+03
|            ( - -1.904e+05 13 0 QUESTION0 -1 1.706e+02 8.368e+02)
|            ( - -1.070e+06 85 0 WDBNDRY_B 0 1.635e+03 4.753e+03))
|        ( WDBNDRY_I 0 -6.180e+05 3.243e+03 2.683e+03
|            ( - -3.834e+05 15 0 QUESTION2_6_L -1 1.510e+03 1.677e+03)
|            ( - -2.314e+05 36 0 WDBNDRY_B 0 7.964e+02 1.006e+03))))
s>    ( QUESTION0_1_R 1 -3.052e+06 1.507e+04 1.329e+04
s>        ( QUESTION0_15_R 1 -1.147e+06 1.170e+04 5.022e+03
s>            ( - -3.176e+05 17 0 WDBNDRY_I 0 1.449e+03 1.437e+03)
s>            ( WDBNDRY_I 0 -8.182e+05 7.386e+03 3.585e+03
s>                ( - -3.378e+05 7 0 QUESTION0_14_R 1 2.174e+02 1.535e+03)
s>                ( QUESTION12 1 -4.730e+05 2.390e+03 2.050e+03
s>                    ( - -7.544e+04 3 0 QUESTION0 -1 2.687e+02 3.431e+02)
s>                    ( - -3.951e+05 32 0 QUESTION10 1 1.477e+03 1.707e+03))))
s>        ( QUESTION0 1 -1.890e+06 5.813e+03 8.273e+03
s>            ( WDBNDRY_E 0 -1.266e+06 5.260e+03 5.590e+03
s>                ( - -1.904e+05 13 0 QUESTION0 -1 1.706e+02 8.368e+02)
s>                ( - -1.070e+06 85 0 WDBNDRY_B 0 1.635e+03 4.753e+03))
s>            ( WDBNDRY_I 0 -6.180e+05 3.243e+03 2.683e+03
s>                ( - -3.834e+05 15 0 QUESTION2_6_L -1 1.510e+03 1.677e+03)
s>                ( - -2.314e+05 36 0 WDBNDRY_B 0 7.964e+02 1.006e+03))))INFO: dtree.c(1315): Comp split 0
INFO: dtree.c(1478): Final simple tree
|( QUESTION0_15_R 1 -1.342e+06 1.127e+04 5.858e+03
|    ( WDBNDRY_I 0 -3.176e+05 1.449e+03 1.437e+03
|        ( - -2.823e+05 3 0)
|        ( - -3.381e+04 14 0 QUESTION15 -1 4.840e+02 1.464e+02))
|    ( WDBNDRY_I 0 -1.013e+06 7.973e+03 4.422e+03
|        ( - -3.378e+05 7 0 QUESTION0_14_R 1 2.174e+02 1.535e+03)
|        ( QUESTION0_0_R 1 -6.672e+05 3.880e+03 2.887e+03
|            ( - -1.904e+05 13 0 QUESTION0 -1 1.706e+02 8.368e+02)
|            ( QUESTION12 1 -4.730e+05 2.390e+03 2.050e+03
|                ( - -7.544e+04 3 0 QUESTION0 -1 2.687e+02 3.431e+02)
|                ( QUESTION10 1 -3.951e+05 1.477e+03 1.707e+03
|                    ( - -1.098e+05 4 0 QUESTION0_3_R 1 9.061e+02 4.786e+02)
|                    ( QUESTION0_12_R 1 -2.838e+05 1.106e+03 1.228e+03
|                        ( - -1.061e+05 5 0)
|                        ( - -1.766e+05 23 0 QUESTION0_18_R 1 1.064e+03 7.655e+02)))))))
s>    ( QUESTION0_15_R 1 -1.342e+06 1.127e+04 5.858e+03
s>        ( WDBNDRY_I 0 -3.176e+05 1.449e+03 1.437e+03
s>            ( - -2.823e+05 3 0)
s>            ( - -3.381e+04 14 0 QUESTION15 -1 4.840e+02 1.464e+02))
s>        ( WDBNDRY_I 0 -1.013e+06 7.973e+03 4.422e+03
s>            ( - -3.378e+05 7 0 QUESTION0_14_R 1 2.174e+02 1.535e+03)
s>            ( QUESTION0_0_R 1 -6.672e+05 3.880e+03 2.887e+03
s>                ( - -1.904e+05 13 0 QUESTION0 -1 1.706e+02 8.368e+02)
s>                ( QUESTION12 1 -4.730e+05 2.390e+03 2.050e+03
s>                    ( - -7.544e+04 3 0 QUESTION0 -1 2.687e+02 3.431e+02)
s>                    ( QUESTION10 1 -3.951e+05 1.477e+03 1.707e+03
s>                        ( - -1.098e+05 4 0 QUESTION0_3_R 1 9.061e+02 4.786e+02)
s>                        ( QUESTION0_12_R 1 -2.838e+05 1.106e+03 1.228e+03
s>                            ( - -1.061e+05 5 0)
s>                            ( - -1.766e+05 23 0 QUESTION0_18_R 1 1.064e+03 7.655e+02)))))))INFO: dtree.c(1478): Final simple tree
|( QUESTION0 1 -1.695e+06 6.816e+03 7.436e+03
|    ( WDBNDRY_B 0 -1.070e+06 1.635e+03 4.753e+03
|        ( - -1.993e+05 44 0 QUESTION0 -1 5.157e+02 8.905e+02)
|        ( QUESTION0 -1 -8.694e+05 6.388e+02 3.862e+03
|            ( - -8.303e+05 25 0 QUESTION2_0_L -1 4.408e+02 3.689e+03)
|            ( - -3.846e+04 16 0 QUESTION14 -1 3.918e+02 1.733e+02)))
|    ( WDBNDRY_I 0 -6.180e+05 3.243e+03 2.683e+03
|        ( QUESTION2_6_L -1 -3.834e+05 1.510e+03 1.677e+03
|            ( - -2.493e+04 3 0 QUESTION2 -1 1.091e+02 1.087e+02)
|            ( - -3.569e+05 12 0 QUESTION0 -1 1.447e+02 1.568e+03))
|        ( WDBNDRY_B 0 -2.314e+05 7.964e+02 1.006e+03
|            ( QUESTION11 -1 -1.990e+05 7.403e+02 8.709e+02
|                ( - -2.329e+04 2 0)
|                ( - -1.750e+05 27 0 QUESTION0 -1 4.567e+02 7.678e+02))
|            ( - -3.162e+04 7 0 SILENCE 1 3.832e+02 1.355e+02))))
s>    ( QUESTION0 1 -1.695e+06 6.816e+03 7.436e+03
s>        ( WDBNDRY_B 0 -1.070e+06 1.635e+03 4.753e+03
s>            ( - -1.993e+05 44 0 QUESTION0 -1 5.157e+02 8.905e+02)
s>            ( QUESTION0 -1 -8.694e+05 6.388e+02 3.862e+03
s>                ( - -8.303e+05 25 0 QUESTION2_0_L -1 4.408e+02 3.689e+03)
s>                ( - -3.846e+04 16 0 QUESTION14 -1 3.918e+02 1.733e+02)))
s>        ( WDBNDRY_I 0 -6.180e+05 3.243e+03 2.683e+03
s>            ( QUESTION2_6_L -1 -3.834e+05 1.510e+03 1.677e+03
s>                ( - -2.493e+04 3 0 QUESTION2 -1 1.091e+02 1.087e+02)
s>                ( - -3.569e+05 12 0 QUESTION0 -1 1.447e+02 1.568e+03))
s>            ( WDBNDRY_B 0 -2.314e+05 7.964e+02 1.006e+03
s>                ( QUESTION11 -1 -1.990e+05 7.403e+02 8.709e+02
s>                    ( - -2.329e+04 2 0)
s>                    ( - -1.750e+05 27 0 QUESTION0 -1 4.567e+02 7.678e+02))
s>                ( - -3.162e+04 7 0 SILENCE 1 3.832e+02 1.355e+02))))INFO: dtree.c(1315): Comp split 1
INFO: dtree.c(1478): Final simple tree
|( WDBNDRY_I 0 -1.047e+06 7.969e+03 4.568e+03
|    ( - -3.378e+05 7 0 QUESTION0_14_R 1 2.174e+02 1.535e+03)
|    ( QUESTION0_0_R 1 -7.015e+05 3.726e+03 3.033e+03
|        ( - -1.904e+05 13 0 QUESTION0 -1 1.706e+02 8.368e+02)
|        ( QUESTION10 1 -5.074e+05 2.452e+03 2.196e+03
|            ( QUESTION11 1 -1.867e+05 1.496e+03 8.216e+02
|                ( QUESTION0_3_R 1 -1.098e+05 9.061e+02 4.786e+02
|                    ( - -3.467e+04 3 0 QUESTION0 -1 4.502e+02 1.557e+02)
|                    ( - -7.423e+04 1 0))
|                ( - -7.544e+04 3 0 QUESTION0 -1 2.687e+02 3.431e+02))
|            ( QUESTION0_18_R 1 -3.182e+05 1.106e+03 1.375e+03
|                ( - -5.362e+04 2 0)
|                ( QUESTION0_12_R 1 -2.635e+05 1.094e+03 1.144e+03
|                    ( - -1.061e+05 5 0)
|                    ( - -1.563e+05 35 0 QUESTION0_15_R 1 5.505e+02 6.812e+02))))))
s>    ( WDBNDRY_I 0 -1.047e+06 7.969e+03 4.568e+03
s>        ( - -3.378e+05 7 0 QUESTION0_14_R 1 2.174e+02 1.535e+03)
s>        ( QUESTION0_0_R 1 -7.015e+05 3.726e+03 3.033e+03
s>            ( - -1.904e+05 13 0 QUESTION0 -1 1.706e+02 8.368e+02)
s>            ( QUESTION10 1 -5.074e+05 2.452e+03 2.196e+03
s>                ( QUESTION11 1 -1.867e+05 1.496e+03 8.216e+02
s>                    ( QUESTION0_3_R 1 -1.098e+05 9.061e+02 4.786e+02
s>                        ( - -3.467e+04 3 0 QUESTION0 -1 4.502e+02 1.557e+02)
s>                        ( - -7.423e+04 1 0))
s>                    ( - -7.544e+04 3 0 QUESTION0 -1 2.687e+02 3.431e+02))
s>                ( QUESTION0_18_R 1 -3.182e+05 1.106e+03 1.375e+03
s>                    ( - -5.362e+04 2 0)
s>                    ( QUESTION0_12_R 1 -2.635e+05 1.094e+03 1.144e+03
s>                        ( - -1.061e+05 5 0)
s>                        ( - -1.563e+05 35 0 QUESTION0_15_R 1 5.505e+02 6.812e+02))))))INFO: dtree.c(1315): Comp split 2
INFO: dtree.c(1439): stop. leaf nodes are specific
INFO: dtree.c(1478): Final simple tree
|( QUESTION0_14_R 1 -3.378e+05 2.174e+02 1.535e+03
|    ( - -1.202e+03 1 0)
|    ( QUESTION0_2_R 1 -3.364e+05 1.630e+02 1.529e+03
|        ( - -5.277e+02 1 0)
|        ( QUESTION0 -1 -3.357e+05 1.191e+02 1.526e+03
|            ( - -3.350e+05 4 0)
|            ( - -5.828e+02 1 0))))
s>    ( QUESTION0_14_R 1 -3.378e+05 2.174e+02 1.535e+03
s>        ( - -1.202e+03 1 0)
s>        ( QUESTION0_2_R 1 -3.364e+05 1.630e+02 1.529e+03
s>            ( - -5.277e+02 1 0)
s>            ( QUESTION0 -1 -3.357e+05 1.191e+02 1.526e+03
s>                ( - -3.350e+05 4 0)
s>                ( - -5.828e+02 1 0))))INFO: dtree.c(1478): Final simple tree
|( QUESTION0_0_R 1 -7.015e+05 3.726e+03 3.033e+03
|    ( - -1.904e+05 13 0 QUESTION0 -1 1.706e+02 8.368e+02)
|    ( QUESTION10 1 -5.074e+05 2.452e+03 2.196e+03
|        ( QUESTION11 1 -1.867e+05 1.496e+03 8.216e+02
|            ( QUESTION0_3_R 1 -1.098e+05 9.061e+02 4.786e+02
|                ( - -3.467e+04 3 0 QUESTION0 -1 4.502e+02 1.557e+02)
|                ( - -7.423e+04 1 0))
|            ( - -7.544e+04 3 0 QUESTION0 -1 2.687e+02 3.431e+02))
|        ( QUESTION0_18_R 1 -3.182e+05 1.106e+03 1.375e+03
|            ( - -5.362e+04 2 0)
|            ( QUESTION0_12_R 1 -2.635e+05 1.094e+03 1.144e+03
|                ( - -1.061e+05 5 0)
|                ( QUESTION0_15_R 1 -1.563e+05 5.505e+02 6.812e+02
|                    ( - -3.381e+04 14 0 QUESTION15 -1 4.840e+02 1.464e+02)
|                    ( - -1.219e+05 21 0 WDBNDRY_B 0 5.053e+02 5.348e+02))))))
s>    ( QUESTION0_0_R 1 -7.015e+05 3.726e+03 3.033e+03
s>        ( - -1.904e+05 13 0 QUESTION0 -1 1.706e+02 8.368e+02)
s>        ( QUESTION10 1 -5.074e+05 2.452e+03 2.196e+03
s>            ( QUESTION11 1 -1.867e+05 1.496e+03 8.216e+02
s>                ( QUESTION0_3_R 1 -1.098e+05 9.061e+02 4.786e+02
s>                    ( - -3.467e+04 3 0 QUESTION0 -1 4.502e+02 1.557e+02)
s>                    ( - -7.423e+04 1 0))
s>                ( - -7.544e+04 3 0 QUESTION0 -1 2.687e+02 3.431e+02))
s>            ( QUESTION0_18_R 1 -3.182e+05 1.106e+03 1.375e+03
s>                ( - -5.362e+04 2 0)
s>                ( QUESTION0_12_R 1 -2.635e+05 1.094e+03 1.144e+03
s>                    ( - -1.061e+05 5 0)
s>                    ( QUESTION0_15_R 1 -1.563e+05 5.505e+02 6.812e+02
s>                        ( - -3.381e+04 14 0 QUESTION15 -1 4.840e+02 1.464e+02)
s>                        ( - -1.219e+05 21 0 WDBNDRY_B 0 5.053e+02 5.348e+02))))))INFO: dtree.c(1315): Comp split 3
INFO: dtree.c(1478): Final simple tree
|( WDBNDRY_I 0 -6.180e+05 3.243e+03 2.683e+03
|    ( QUESTION2_6_L -1 -3.834e+05 1.510e+03 1.677e+03
|        ( - -2.493e+04 3 0 QUESTION2 -1 1.091e+02 1.087e+02)
|        ( - -3.569e+05 12 0 QUESTION0 -1 1.447e+02 1.568e+03))
|    ( WDBNDRY_B 0 -2.314e+05 7.964e+02 1.006e+03
|        ( QUESTION11 -1 -1.990e+05 7.403e+02 8.709e+02
|            ( - -2.329e+04 2 0)
|            ( QUESTION0 -1 -1.750e+05 4.567e+02 7.678e+02
|                ( - -1.431e+05 10 0)
|                ( QUESTION13 -1 -3.137e+04 2.266e+02 1.353e+02
|                    ( - -2.308e+04 12 0 QUESTION16 -1 1.893e+02 1.010e+02)
|                    ( - -8.064e+03 5 0 QUESTION4 -1 1.807e+02 3.433e+01))))
|        ( SILENCE 1 -3.162e+04 3.832e+02 1.355e+02
|            ( - -1.878e+04 4 0 QUESTION0 -1 1.870e+02 7.998e+01)
|            ( - -1.246e+04 3 0))))
s>    ( WDBNDRY_I 0 -6.180e+05 3.243e+03 2.683e+03
s>        ( QUESTION2_6_L -1 -3.834e+05 1.510e+03 1.677e+03
s>            ( - -2.493e+04 3 0 QUESTION2 -1 1.091e+02 1.087e+02)
s>            ( - -3.569e+05 12 0 QUESTION0 -1 1.447e+02 1.568e+03))
s>        ( WDBNDRY_B 0 -2.314e+05 7.964e+02 1.006e+03
s>            ( QUESTION11 -1 -1.990e+05 7.403e+02 8.709e+02
s>                ( - -2.329e+04 2 0)
s>                ( QUESTION0 -1 -1.750e+05 4.567e+02 7.678e+02
s>                    ( - -1.431e+05 10 0)
s>                    ( QUESTION13 -1 -3.137e+04 2.266e+02 1.353e+02
s>                        ( - -2.308e+04 12 0 QUESTION16 -1 1.893e+02 1.010e+02)
s>                        ( - -8.064e+03 5 0 QUESTION4 -1 1.807e+02 3.433e+01))))
s>            ( SILENCE 1 -3.162e+04 3.832e+02 1.355e+02
s>                ( - -1.878e+04 4 0 QUESTION0 -1 1.870e+02 7.998e+01)
s>                ( - -1.246e+04 3 0))))INFO: dtree.c(1478): Final simple tree
|( WDBNDRY_B 0 -1.070e+06 1.635e+03 4.753e+03
|    ( QUESTION0 -1 -1.993e+05 5.157e+02 8.905e+02
|        ( - -1.693e+05 21 0 QUESTION2_0_L -1 2.307e+02 7.586e+02)
|        ( QUESTION19 -1 -2.943e+04 3.146e+02 1.319e+02
|            ( - -6.092e+03 1 0)
|            ( - -2.302e+04 22 0 QUESTION10 -1 1.950e+02 1.024e+02)))
|    ( QUESTION0 -1 -8.694e+05 6.388e+02 3.862e+03
|        ( QUESTION2_0_L -1 -8.303e+05 4.408e+02 3.689e+03
|            ( - -8.301e+05 24 0)
|            ( - 1.926e+02 1 0))
|        ( QUESTION14 -1 -3.846e+04 3.918e+02 1.733e+02
|            ( - -1.718e+04 9 0)
|            ( QUESTION18 -1 -2.089e+04 3.021e+02 9.506e+01
|                ( - -1.508e+03 1 0)
|                ( - -1.908e+04 6 0 QUESTION2 -1 1.906e+02 8.806e+01)))))
s>    ( WDBNDRY_B 0 -1.070e+06 1.635e+03 4.753e+03
s>        ( QUESTION0 -1 -1.993e+05 5.157e+02 8.905e+02
s>            ( - -1.693e+05 21 0 QUESTION2_0_L -1 2.307e+02 7.586e+02)
s>            ( QUESTION19 -1 -2.943e+04 3.146e+02 1.319e+02
s>                ( - -6.092e+03 1 0)
s>                ( - -2.302e+04 22 0 QUESTION10 -1 1.950e+02 1.024e+02)))
s>        ( QUESTION0 -1 -8.694e+05 6.388e+02 3.862e+03
s>            ( QUESTION2_0_L -1 -8.303e+05 4.408e+02 3.689e+03
s>                ( - -8.301e+05 24 0)
s>                ( - 1.926e+02 1 0))
s>            ( QUESTION14 -1 -3.846e+04 3.918e+02 1.733e+02
s>                ( - -1.718e+04 9 0)
s>                ( QUESTION18 -1 -2.089e+04 3.021e+02 9.506e+01
s>                    ( - -1.508e+03 1 0)
s>                    ( - -1.908e+04 6 0 QUESTION2 -1 1.906e+02 8.806e+01)))))INFO: dtree.c(1315): Comp split 4
INFO: dtree.c(1439): stop. leaf nodes are specific
INFO: dtree.c(1478): Final simple tree
|( WDBNDRY_E 0 -3.699e+05 5.105e+02 1.624e+03
|    ( - -1.246e+04 3 0)
|    ( QUESTION0 -1 -3.569e+05 1.447e+02 1.568e+03
|        ( - -3.558e+05 10 0)
|        ( - -9.988e+02 2 0)))
s>    ( WDBNDRY_E 0 -3.699e+05 5.105e+02 1.624e+03
s>        ( - -1.246e+04 3 0)
s>        ( QUESTION0 -1 -3.569e+05 1.447e+02 1.568e+03
s>            ( - -3.558e+05 10 0)
s>            ( - -9.988e+02 2 0)))INFO: dtree.c(1478): Final simple tree
|( QUESTION4 -1 -2.442e+05 1.263e+03 1.060e+03
|    ( WDBNDRY_B 0 -4.891e+04 3.690e+02 2.128e+02
|        ( QUESTION11 -1 -2.406e+04 1.965e+02 1.061e+02
|            ( - -2.329e+04 2 0)
|            ( - -5.742e+02 1 0))
|        ( - -2.447e+04 2 0))
|    ( WDBNDRY_E 0 -1.940e+05 5.514e+02 8.468e+02
|        ( - -1.878e+04 4 0 QUESTION0 -1 1.870e+02 7.998e+01)
|        ( QUESTION0 -1 -1.747e+05 4.495e+02 7.668e+02
|            ( - -1.431e+05 10 0)
|            ( QUESTION13 -1 -3.108e+04 2.298e+02 1.343e+02
|                ( QUESTION16 -1 -2.354e+04 1.938e+02 1.030e+02
|                    ( - -1.203e+04 3 0 WDBNDRY_B 0 1.110e+02 5.304e+01)
|                    ( - -1.133e+04 10 0 QUESTION19 -1 1.433e+02 4.996e+01))
|                ( - -7.309e+03 4 0 SILENCE -1 8.253e+01 3.133e+01)))))
s>    ( QUESTION4 -1 -2.442e+05 1.263e+03 1.060e+03
s>        ( WDBNDRY_B 0 -4.891e+04 3.690e+02 2.128e+02
s>            ( QUESTION11 -1 -2.406e+04 1.965e+02 1.061e+02
s>                ( - -2.329e+04 2 0)
s>                ( - -5.742e+02 1 0))
s>            ( - -2.447e+04 2 0))
s>        ( WDBNDRY_E 0 -1.940e+05 5.514e+02 8.468e+02
s>            ( - -1.878e+04 4 0 QUESTION0 -1 1.870e+02 7.998e+01)
s>            ( QUESTION0 -1 -1.747e+05 4.495e+02 7.668e+02
s>                ( - -1.431e+05 10 0)
s>                ( QUESTION13 -1 -3.108e+04 2.298e+02 1.343e+02
s>                    ( QUESTION16 -1 -2.354e+04 1.938e+02 1.030e+02
s>                        ( - -1.203e+04 3 0 WDBNDRY_B 0 1.110e+02 5.304e+01)
s>                        ( - -1.133e+04 10 0 QUESTION19 -1 1.433e+02 4.996e+01))
s>                    ( - -7.309e+03 4 0 SILENCE -1 8.253e+01 3.133e+01)))))INFO: dtree.c(1315): Comp split 5
INFO: dtree.c(1478): Final simple tree
|( QUESTION0_10_R 1 -3.482e+05 1.566e+03 1.518e+03
|    ( QUESTION0_15_R 1 -1.416e+05 5.913e+02 6.211e+02
|        ( QUESTION15 -1 -3.381e+04 4.840e+02 1.464e+02
|            ( - 2.417e+02 1 0)
|            ( QUESTION13 -1 -3.357e+04 4.752e+02 1.454e+02
|                ( - 2.420e+02 1 0)
|                ( - -3.334e+04 12 0 QUESTION0 -1 3.264e+02 1.444e+02)))
|        ( WDBNDRY_B 0 -1.072e+05 5.078e+02 4.747e+02
|            ( - 2.423e+02 1 0)
|            ( QUESTION0 1 -1.069e+05 4.380e+02 4.737e+02
|                ( - 1.739e+02 1 0)
|                ( - -1.067e+05 12 0 QUESTION19 1 3.177e+02 4.727e+02))))
|    ( QUESTION0_8_R 1 -2.051e+05 4.318e+02 8.969e+02
|        ( - -1.190e+04 3 0)
|        ( - -1.927e+05 17 0 QUESTION0 -1 2.004e+02 8.468e+02)))
s>    ( QUESTION0_10_R 1 -3.482e+05 1.566e+03 1.518e+03
s>        ( QUESTION0_15_R 1 -1.416e+05 5.913e+02 6.211e+02
s>            ( QUESTION15 -1 -3.381e+04 4.840e+02 1.464e+02
s>                ( - 2.417e+02 1 0)
s>                ( QUESTION13 -1 -3.357e+04 4.752e+02 1.454e+02
s>                    ( - 2.420e+02 1 0)
s>                    ( - -3.334e+04 12 0 QUESTION0 -1 3.264e+02 1.444e+02)))
s>            ( WDBNDRY_B 0 -1.072e+05 5.078e+02 4.747e+02
s>                ( - 2.423e+02 1 0)
s>                ( QUESTION0 1 -1.069e+05 4.380e+02 4.737e+02
s>                    ( - 1.739e+02 1 0)
s>                    ( - -1.067e+05 12 0 QUESTION19 1 3.177e+02 4.727e+02))))
s>        ( QUESTION0_8_R 1 -2.051e+05 4.318e+02 8.969e+02
s>            ( - -1.190e+04 3 0)
s>            ( - -1.927e+05 17 0 QUESTION0 -1 2.004e+02 8.468e+02)))INFO: dtree.c(1439): stop. leaf nodes are specific
INFO: dtree.c(1478): Final simple tree
|( QUESTION12 1 -3.494e+05 1.999e+03 1.515e+03
|    ( QUESTION0 -1 -7.544e+04 2.687e+02 3.431e+02
|        ( - -7.387e+04 2 0)
|        ( - -1.303e+03 1 0))
|    ( QUESTION0_11_R 1 -2.719e+05 1.452e+03 1.172e+03
|        ( - -1.061e+05 5 0)
|        ( QUESTION0_2_R 1 -1.644e+05 9.605e+02 7.093e+02
|            ( QUESTION0_3_R 1 -1.098e+05 9.061e+02 4.786e+02
|                ( QUESTION0 -1 -3.467e+04 4.502e+02 1.557e+02
|                    ( - -3.440e+04 2 0)
|                    ( - 1.776e+02 1 0))
|                ( - -7.423e+04 1 0))
|            ( - -5.362e+04 2 0))))
s>    ( QUESTION12 1 -3.494e+05 1.999e+03 1.515e+03
s>        ( QUESTION0 -1 -7.544e+04 2.687e+02 3.431e+02
s>            ( - -7.387e+04 2 0)
s>            ( - -1.303e+03 1 0))
s>        ( QUESTION0_11_R 1 -2.719e+05 1.452e+03 1.172e+03
s>            ( - -1.061e+05 5 0)
s>            ( QUESTION0_2_R 1 -1.644e+05 9.605e+02 7.093e+02
s>                ( QUESTION0_3_R 1 -1.098e+05 9.061e+02 4.786e+02
s>                    ( QUESTION0 -1 -3.467e+04 4.502e+02 1.557e+02
s>                        ( - -3.440e+04 2 0)
s>                        ( - 1.776e+02 1 0))
s>                    ( - -7.423e+04 1 0))
s>                ( - -5.362e+04 2 0))))INFO: dtree.c(1315): Comp split 6
INFO: dtree.c(1439): stop. leaf nodes are specific
INFO: dtree.c(1478): Final simple tree
|( QUESTION0_11_R 1 -2.734e+05 1.447e+03 1.178e+03
|    ( - -1.061e+05 5 0)
|    ( QUESTION11 1 -1.659e+05 9.701e+02 7.153e+02
|        ( QUESTION0_3_R 1 -1.098e+05 9.061e+02 4.786e+02
|            ( QUESTION0 -1 -3.467e+04 4.502e+02 1.557e+02
|                ( - -3.440e+04 2 0)
|                ( - 1.776e+02 1 0))
|            ( - -7.423e+04 1 0))
|        ( QUESTION0_2_R 1 -5.509e+04 1.632e+02 2.367e+02
|            ( - -1.303e+03 1 0)
|            ( - -5.362e+04 2 0))))
s>    ( QUESTION0_11_R 1 -2.734e+05 1.447e+03 1.178e+03
s>        ( - -1.061e+05 5 0)
s>        ( QUESTION11 1 -1.659e+05 9.701e+02 7.153e+02
s>            ( QUESTION0_3_R 1 -1.098e+05 9.061e+02 4.786e+02
s>                ( QUESTION0 -1 -3.467e+04 4.502e+02 1.557e+02
s>                    ( - -3.440e+04 2 0)
s>                    ( - 1.776e+02 1 0))
s>                ( - -7.423e+04 1 0))
s>            ( QUESTION0_2_R 1 -5.509e+04 1.632e+02 2.367e+02
s>                ( - -1.303e+03 1 0)
s>                ( - -5.362e+04 2 0))))INFO: dtree.c(1315): Comp split 7
INFO: dtree.c(1478): Final simple tree
|( QUESTION0 -1 -8.927e+05 8.731e+02 3.964e+03
|    ( - -8.301e+05 24 0)
|    ( QUESTION16 -1 -6.177e+04 3.336e+02 2.758e+02
|        ( WDBNDRY_B 0 -1.280e+04 1.989e+02 5.949e+01
|            ( - -2.780e+02 1 0)
|            ( - -1.232e+04 2 0))
|        ( QUESTION10 -1 -4.864e+04 2.868e+02 2.163e+02
|            ( - -8.155e+03 7 0 WDBNDRY_B 0 1.857e+02 3.757e+01)
|            ( QUESTION14 -1 -4.020e+04 3.016e+02 1.787e+02
|                ( WDBNDRY_B 0 -2.387e+04 2.121e+02 1.075e+02
|                    ( - -6.477e+03 7 0)
|                    ( - -1.718e+04 9 0))
|                ( WDBNDRY_B 0 -1.603e+04 2.165e+02 7.116e+01
|                    ( - -1.430e+04 11 0 SILENCE -1 1.479e+02 6.416e+01)
|                    ( - -1.508e+03 1 0))))))
s>    ( QUESTION0 -1 -8.927e+05 8.731e+02 3.964e+03
s>        ( - -8.301e+05 24 0)
s>        ( QUESTION16 -1 -6.177e+04 3.336e+02 2.758e+02
s>            ( WDBNDRY_B 0 -1.280e+04 1.989e+02 5.949e+01
s>                ( - -2.780e+02 1 0)
s>                ( - -1.232e+04 2 0))
s>            ( QUESTION10 -1 -4.864e+04 2.868e+02 2.163e+02
s>                ( - -8.155e+03 7 0 WDBNDRY_B 0 1.857e+02 3.757e+01)
s>                ( QUESTION14 -1 -4.020e+04 3.016e+02 1.787e+02
s>                    ( WDBNDRY_B 0 -2.387e+04 2.121e+02 1.075e+02
s>                        ( - -6.477e+03 7 0)
s>                        ( - -1.718e+04 9 0))
s>                    ( WDBNDRY_B 0 -1.603e+04 2.165e+02 7.116e+01
s>                        ( - -1.430e+04 11 0 SILENCE -1 1.479e+02 6.416e+01)
s>                        ( - -1.508e+03 1 0))))))INFO: dtree.c(1439): stop. leaf nodes are specific
INFO: dtree.c(1478): Final simple tree
|( WDBNDRY_B 0 -1.759e+05 4.408e+02 7.890e+02
|    ( QUESTION2_0_L -1 -1.757e+05 3.065e+02 7.880e+02
|        ( - -1.671e+05 20 0)
|        ( QUESTION0 -1 -8.269e+03 2.184e+02 3.946e+01
|            ( - -1.959e+03 1 0)
|            ( - -6.092e+03 1 0)))
|    ( - 1.926e+02 1 0))
s>    ( WDBNDRY_B 0 -1.759e+05 4.408e+02 7.890e+02
s>        ( QUESTION2_0_L -1 -1.757e+05 3.065e+02 7.880e+02
s>            ( - -1.671e+05 20 0)
s>            ( QUESTION0 -1 -8.269e+03 2.184e+02 3.946e+01
s>                ( - -1.959e+03 1 0)
s>                ( - -6.092e+03 1 0)))
s>        ( - 1.926e+02 1 0))INFO: dtree.c(1315): Comp split 8
INFO: dtree.c(1439): stop. leaf nodes are specific
INFO: dtree.c(1478): Final simple tree
|( QUESTION0_8_R 1 -2.051e+05 4.318e+02 8.969e+02
|    ( - -1.190e+04 3 0)
|    ( QUESTION0 -1 -1.927e+05 2.004e+02 8.468e+02
|        ( QUESTION0_6_R 1 -1.900e+05 1.571e+02 8.348e+02
|            ( - -3.342e+02 1 0)
|            ( QUESTION0_0_R 1 -1.895e+05 1.208e+02 8.328e+02
|                ( - -1.883e+05 11 0)
|                ( - -1.062e+03 1 0)))
|        ( QUESTION0_6_R 1 -2.524e+03 4.675e+02 1.200e+01
|            ( - 2.412e+02 1 0)
|            ( QUESTION0_0_R 1 -2.298e+03 2.149e+02 1.100e+01
|                ( - -1.853e+03 2 0)
|                ( - -2.297e+02 1 0)))))
s>    ( QUESTION0_8_R 1 -2.051e+05 4.318e+02 8.969e+02
s>        ( - -1.190e+04 3 0)
s>        ( QUESTION0 -1 -1.927e+05 2.004e+02 8.468e+02
s>            ( QUESTION0_6_R 1 -1.900e+05 1.571e+02 8.348e+02
s>                ( - -3.342e+02 1 0)
s>                ( QUESTION0_0_R 1 -1.895e+05 1.208e+02 8.328e+02
s>                    ( - -1.883e+05 11 0)
s>                    ( - -1.062e+03 1 0)))
s>            ( QUESTION0_6_R 1 -2.524e+03 4.675e+02 1.200e+01
s>                ( - 2.412e+02 1 0)
s>                ( QUESTION0_0_R 1 -2.298e+03 2.149e+02 1.100e+01
s>                    ( - -1.853e+03 2 0)
s>                    ( - -2.297e+02 1 0)))))INFO: dtree.c(1478): Final simple tree
|( QUESTION0_15_R 1 -1.416e+05 5.913e+02 6.211e+02
|    ( QUESTION15 -1 -3.381e+04 4.840e+02 1.464e+02
|        ( - 2.417e+02 1 0)
|        ( QUESTION13 -1 -3.357e+04 4.752e+02 1.454e+02
|            ( - 2.420e+02 1 0)
|            ( QUESTION0 -1 -3.334e+04 3.264e+02 1.444e+02
|                ( - -2.853e+04 10 0 WDBNDRY_B 0 1.715e+02 1.250e+02)
|                ( - -4.483e+03 2 0 SILENCE -1 1.307e+02 1.942e+01))))
|    ( WDBNDRY_B 0 -1.072e+05 5.078e+02 4.747e+02
|        ( - 2.423e+02 1 0)
|        ( QUESTION0 1 -1.069e+05 4.380e+02 4.737e+02
|            ( - 1.739e+02 1 0)
|            ( QUESTION19 1 -1.067e+05 3.177e+02 4.727e+02
|                ( - -6.573e+04 6 0 QUESTION0 -1 1.287e+02 2.917e+02)
|                ( - -4.061e+04 6 0 QUESTION0 -1 2.729e+02 1.810e+02)))))
s>    ( QUESTION0_15_R 1 -1.416e+05 5.913e+02 6.211e+02
s>        ( QUESTION15 -1 -3.381e+04 4.840e+02 1.464e+02
s>            ( - 2.417e+02 1 0)
s>            ( QUESTION13 -1 -3.357e+04 4.752e+02 1.454e+02
s>                ( - 2.420e+02 1 0)
s>                ( QUESTION0 -1 -3.334e+04 3.264e+02 1.444e+02
s>                    ( - -2.853e+04 10 0 WDBNDRY_B 0 1.715e+02 1.250e+02)
s>                    ( - -4.483e+03 2 0 SILENCE -1 1.307e+02 1.942e+01))))
s>        ( WDBNDRY_B 0 -1.072e+05 5.078e+02 4.747e+02
s>            ( - 2.423e+02 1 0)
s>            ( QUESTION0 1 -1.069e+05 4.380e+02 4.737e+02
s>                ( - 1.739e+02 1 0)
s>                ( QUESTION19 1 -1.067e+05 3.177e+02 4.727e+02
s>                    ( - -6.573e+04 6 0 QUESTION0 -1 1.287e+02 2.917e+02)
s>                    ( - -4.061e+04 6 0 QUESTION0 -1 2.729e+02 1.810e+02)))))INFO: dtree.c(1315): Comp split 9
INFO: dtree.c(1439): stop. leaf nodes are specific
INFO: dtree.c(1478): Final simple tree
|( QUESTION11 1 -1.659e+05 9.701e+02 7.153e+02
|    ( QUESTION0_3_R 1 -1.098e+05 9.061e+02 4.786e+02
|        ( QUESTION0 -1 -3.467e+04 4.502e+02 1.557e+02
|            ( - -3.440e+04 2 0)
|            ( - 1.776e+02 1 0))
|        ( - -7.423e+04 1 0))
|    ( QUESTION0_2_R 1 -5.509e+04 1.632e+02 2.367e+02
|        ( - -1.303e+03 1 0)
|        ( - -5.362e+04 2 0)))
s>    ( QUESTION11 1 -1.659e+05 9.701e+02 7.153e+02
s>        ( QUESTION0_3_R 1 -1.098e+05 9.061e+02 4.786e+02
s>            ( QUESTION0 -1 -3.467e+04 4.502e+02 1.557e+02
s>                ( - -3.440e+04 2 0)
s>                ( - 1.776e+02 1 0))
s>            ( - -7.423e+04 1 0))
s>        ( QUESTION0_2_R 1 -5.509e+04 1.632e+02 2.367e+02
s>            ( - -1.303e+03 1 0)
s>            ( - -5.362e+04 2 0)))INFO: dtree.c(1315): Comp split 10
INFO: dtree.c(1478): Final simple tree
|( WDBNDRY_E 0 -1.948e+05 5.478e+02 8.498e+02
|    ( QUESTION0 -1 -1.878e+04 1.870e+02 7.998e+01
|        ( - -1.766e+04 3 0)
|        ( - -9.308e+02 1 0))
|    ( QUESTION0 -1 -1.754e+05 4.618e+02 7.698e+02
|        ( - -1.431e+05 10 0)
|        ( QUESTION13 -1 -3.184e+04 2.284e+02 1.373e+02
|            ( QUESTION16 -1 -2.354e+04 1.938e+02 1.030e+02
|                ( - -1.203e+04 3 0 WDBNDRY_B 0 1.110e+02 5.304e+01)
|                ( QUESTION19 -1 -1.133e+04 1.433e+02 4.996e+01
|                    ( - -2.176e+03 2 0)
|                    ( - -9.007e+03 8 0 QUESTION14 -1 1.175e+02 3.996e+01)))
|            ( QUESTION4 -1 -8.064e+03 1.807e+02 3.433e+01
|                ( - -5.742e+02 1 0)
|                ( - -7.309e+03 4 0 SILENCE -1 8.253e+01 3.133e+01)))))
s>    ( WDBNDRY_E 0 -1.948e+05 5.478e+02 8.498e+02
s>        ( QUESTION0 -1 -1.878e+04 1.870e+02 7.998e+01
s>            ( - -1.766e+04 3 0)
s>            ( - -9.308e+02 1 0))
s>        ( QUESTION0 -1 -1.754e+05 4.618e+02 7.698e+02
s>            ( - -1.431e+05 10 0)
s>            ( QUESTION13 -1 -3.184e+04 2.284e+02 1.373e+02
s>                ( QUESTION16 -1 -2.354e+04 1.938e+02 1.030e+02
s>                    ( - -1.203e+04 3 0 WDBNDRY_B 0 1.110e+02 5.304e+01)
s>                    ( QUESTION19 -1 -1.133e+04 1.433e+02 4.996e+01
s>                        ( - -2.176e+03 2 0)
s>                        ( - -9.007e+03 8 0 QUESTION14 -1 1.175e+02 3.996e+01)))
s>                ( QUESTION4 -1 -8.064e+03 1.807e+02 3.433e+01
s>                    ( - -5.742e+02 1 0)
s>                    ( - -7.309e+03 4 0 SILENCE -1 8.253e+01 3.133e+01)))))INFO: dtree.c(1439): stop. leaf nodes are specific
INFO: dtree.c(1478): Final simple tree
|( WDBNDRY_B 0 -4.813e+04 3.683e+02 2.098e+02
|    ( - -2.329e+04 2 0)
|    ( - -2.447e+04 2 0))
s>    ( WDBNDRY_B 0 -4.813e+04 3.683e+02 2.098e+02
s>        ( - -2.329e+04 2 0)
s>        ( - -2.447e+04 2 0))INFO: dtree.c(1315): Comp split 11
INFO: dtree.c(1439): stop. leaf nodes are specific
INFO: dtree.c(1478): Final simple tree
|( QUESTION11 1 -5.535e+04 4.443e+02 2.377e+02
|    ( - 1.776e+02 1 0)
|    ( QUESTION0_2_R 1 -5.509e+04 1.632e+02 2.367e+02
|        ( - -1.303e+03 1 0)
|        ( - -5.362e+04 2 0)))
s>    ( QUESTION11 1 -5.535e+04 4.443e+02 2.377e+02
s>        ( - 1.776e+02 1 0)
s>        ( QUESTION0_2_R 1 -5.509e+04 1.632e+02 2.367e+02
s>            ( - -1.303e+03 1 0)
s>            ( - -5.362e+04 2 0)))INFO: dtree.c(1439): stop. leaf nodes are specific
INFO: dtree.c(1478): Final simple tree
|( QUESTION0_3_R 1 -1.095e+05 9.094e+02 4.776e+02
|    ( - -3.440e+04 2 0)
|    ( - -7.423e+04 1 0))
s>    ( QUESTION0_3_R 1 -1.095e+05 9.094e+02 4.776e+02
s>        ( - -3.440e+04 2 0)
s>        ( - -7.423e+04 1 0))INFO: dtree.c(1315): Comp split 12
INFO: dtree.c(1315): Comp split 13
INFO: dtree.c(1478): Final simple tree
|( QUESTION16 -1 -6.177e+04 3.336e+02 2.758e+02
|    ( WDBNDRY_B 0 -1.280e+04 1.989e+02 5.949e+01
|        ( - -2.780e+02 1 0)
|        ( - -1.232e+04 2 0))
|    ( QUESTION10 -1 -4.864e+04 2.868e+02 2.163e+02
|        ( WDBNDRY_B 0 -8.155e+03 1.857e+02 3.757e+01
|            ( - -1.401e+03 3 0 QUESTION11 -1 1.194e+02 7.000e+00)
|            ( - -6.569e+03 4 0 QUESTION2_14_L -1 1.326e+02 3.057e+01))
|        ( QUESTION14 -1 -4.020e+04 3.016e+02 1.787e+02
|            ( WDBNDRY_B 0 -2.387e+04 2.121e+02 1.075e+02
|                ( - -6.477e+03 7 0)
|                ( - -1.718e+04 9 0))
|            ( WDBNDRY_B 0 -1.603e+04 2.165e+02 7.116e+01
|                ( - -1.430e+04 11 0 SILENCE -1 1.479e+02 6.416e+01)
|                ( - -1.508e+03 1 0)))))
s>    ( QUESTION16 -1 -6.177e+04 3.336e+02 2.758e+02
s>        ( WDBNDRY_B 0 -1.280e+04 1.989e+02 5.949e+01
s>            ( - -2.780e+02 1 0)
s>            ( - -1.232e+04 2 0))
s>        ( QUESTION10 -1 -4.864e+04 2.868e+02 2.163e+02
s>            ( WDBNDRY_B 0 -8.155e+03 1.857e+02 3.757e+01
s>                ( - -1.401e+03 3 0 QUESTION11 -1 1.194e+02 7.000e+00)
s>                ( - -6.569e+03 4 0 QUESTION2_14_L -1 1.326e+02 3.057e+01))
s>            ( QUESTION14 -1 -4.020e+04 3.016e+02 1.787e+02
s>                ( WDBNDRY_B 0 -2.387e+04 2.121e+02 1.075e+02
s>                    ( - -6.477e+03 7 0)
s>                    ( - -1.718e+04 9 0))
s>                ( WDBNDRY_B 0 -1.603e+04 2.165e+02 7.116e+01
s>                    ( - -1.430e+04 11 0 SILENCE -1 1.479e+02 6.416e+01)
s>                    ( - -1.508e+03 1 0)))))INFO: dtree.c(1315): Comp split 14
INFO: dtree.c(1439): stop. leaf nodes are specific
INFO: dtree.c(1478): Final simple tree
|( QUESTION19 1 -1.067e+05 3.177e+02 4.727e+02
|    ( QUESTION0 -1 -6.573e+04 1.287e+02 2.917e+02
|        ( - -6.482e+04 5 0)
|        ( - -7.879e+02 1 0))
|    ( QUESTION0 -1 -4.061e+04 2.729e+02 1.810e+02
|        ( QUESTION0_11_R 1 -3.798e+04 1.767e+02 1.699e+02
|            ( - -1.863e+04 3 0)
|            ( - -1.917e+04 2 0))
|        ( - -2.363e+03 1 0)))
s>    ( QUESTION19 1 -1.067e+05 3.177e+02 4.727e+02
s>        ( QUESTION0 -1 -6.573e+04 1.287e+02 2.917e+02
s>            ( - -6.482e+04 5 0)
s>            ( - -7.879e+02 1 0))
s>        ( QUESTION0 -1 -4.061e+04 2.729e+02 1.810e+02
s>            ( QUESTION0_11_R 1 -3.798e+04 1.767e+02 1.699e+02
s>                ( - -1.863e+04 3 0)
s>                ( - -1.917e+04 2 0))
s>            ( - -2.363e+03 1 0)))INFO: dtree.c(1478): Final simple tree
|( QUESTION14 1 -3.432e+04 4.842e+02 1.484e+02
|    ( - 2.423e+02 1 0)
|    ( QUESTION15 -1 -3.408e+04 4.842e+02 1.474e+02
|        ( - 2.417e+02 1 0)
|        ( QUESTION13 -1 -3.383e+04 4.752e+02 1.464e+02
|            ( - 2.420e+02 1 0)
|            ( QUESTION0_11_R 1 -3.360e+04 4.375e+02 1.454e+02
|                ( - 1.739e+02 1 0)
|                ( QUESTION0 -1 -3.334e+04 3.264e+02 1.444e+02
|                    ( WDBNDRY_B 0 -2.853e+04 1.715e+02 1.250e+02
|                        ( - -1.475e+04 4 0 QUESTION2_0_L -1 1.060e+02 6.631e+01)
|                        ( - -1.361e+04 6 0 QUESTION17 1 1.298e+02 5.866e+01))
|                    ( SILENCE -1 -4.483e+03 1.307e+02 1.942e+01
|                        ( - -2.363e+03 1 0)
|                        ( - -1.989e+03 1 0)))))))
s>    ( QUESTION14 1 -3.432e+04 4.842e+02 1.484e+02
s>        ( - 2.423e+02 1 0)
s>        ( QUESTION15 -1 -3.408e+04 4.842e+02 1.474e+02
s>            ( - 2.417e+02 1 0)
s>            ( QUESTION13 -1 -3.383e+04 4.752e+02 1.464e+02
s>                ( - 2.420e+02 1 0)
s>                ( QUESTION0_11_R 1 -3.360e+04 4.375e+02 1.454e+02
s>                    ( - 1.739e+02 1 0)
s>                    ( QUESTION0 -1 -3.334e+04 3.264e+02 1.444e+02
s>                        ( WDBNDRY_B 0 -2.853e+04 1.715e+02 1.250e+02
s>                            ( - -1.475e+04 4 0 QUESTION2_0_L -1 1.060e+02 6.631e+01)
s>                            ( - -1.361e+04 6 0 QUESTION17 1 1.298e+02 5.866e+01))
s>                        ( SILENCE -1 -4.483e+03 1.307e+02 1.942e+01
s>                            ( - -2.363e+03 1 0)
s>                            ( - -1.989e+03 1 0)))))))INFO: dtree.c(1315): Comp split 15
INFO: dtree.c(1439): stop. leaf nodes are specific
INFO: dtree.c(1478): Final simple tree
|( QUESTION0 -1 -1.558e+05 2.387e+02 6.874e+02
|    ( - -1.431e+05 10 0)
|    ( WDBNDRY_B 0 -1.242e+04 1.614e+02 5.496e+01
|        ( QUESTION19 -1 -1.133e+04 1.433e+02 4.996e+01
|            ( - -2.176e+03 2 0)
|            ( QUESTION14 -1 -9.007e+03 1.175e+02 3.996e+01
|                ( - -4.413e+03 4 0)
|                ( - -4.476e+03 4 0)))
|        ( - -9.308e+02 1 0)))
s>    ( QUESTION0 -1 -1.558e+05 2.387e+02 6.874e+02
s>        ( - -1.431e+05 10 0)
s>        ( WDBNDRY_B 0 -1.242e+04 1.614e+02 5.496e+01
s>            ( QUESTION19 -1 -1.133e+04 1.433e+02 4.996e+01
s>                ( - -2.176e+03 2 0)
s>                ( QUESTION14 -1 -9.007e+03 1.175e+02 3.996e+01
s>                    ( - -4.413e+03 4 0)
s>                    ( - -4.476e+03 4 0)))
s>            ( - -9.308e+02 1 0)))INFO: dtree.c(1439): stop. leaf nodes are specific
INFO: dtree.c(1478): Final simple tree
|( WDBNDRY_E 0 -3.837e+04 3.831e+02 1.624e+02
|    ( - -1.766e+04 3 0)
|    ( QUESTION13 -1 -2.032e+04 2.354e+02 8.737e+01
|        ( WDBNDRY_B 0 -1.203e+04 1.110e+02 5.304e+01
|            ( QUESTION17 -1 -1.156e+04 7.487e+01 5.104e+01
|                ( - -1.534e+03 1 0)
|                ( - -9.956e+03 1 0))
|            ( - -3.494e+02 1 0))
|        ( QUESTION4 -1 -8.064e+03 1.807e+02 3.433e+01
|            ( - -5.742e+02 1 0)
|            ( SILENCE -1 -7.309e+03 8.253e+01 3.133e+01
|                ( - -5.872e+03 2 0)
|                ( - -1.355e+03 2 0)))))
s>    ( WDBNDRY_E 0 -3.837e+04 3.831e+02 1.624e+02
s>        ( - -1.766e+04 3 0)
s>        ( QUESTION13 -1 -2.032e+04 2.354e+02 8.737e+01
s>            ( WDBNDRY_B 0 -1.203e+04 1.110e+02 5.304e+01
s>                ( QUESTION17 -1 -1.156e+04 7.487e+01 5.104e+01
s>                    ( - -1.534e+03 1 0)
s>                    ( - -9.956e+03 1 0))
s>                ( - -3.494e+02 1 0))
s>            ( QUESTION4 -1 -8.064e+03 1.807e+02 3.433e+01
s>                ( - -5.742e+02 1 0)
s>                ( SILENCE -1 -7.309e+03 8.253e+01 3.133e+01
s>                    ( - -5.872e+03 2 0)
s>                    ( - -1.355e+03 2 0)))))INFO: dtree.c(1315): Comp split 16
INFO: dtree.c(1439): stop. leaf nodes are specific
INFO: dtree.c(1478): Final simple tree
|( QUESTION0 -1 -3.569e+05 1.447e+02 1.568e+03
|    ( - -3.558e+05 10 0)
|    ( - -9.988e+02 2 0))
s>    ( QUESTION0 -1 -3.569e+05 1.447e+02 1.568e+03
s>        ( - -3.558e+05 10 0)
s>        ( - -9.988e+02 2 0))INFO: dtree.c(1315): Comp split 17
INFO: dtree.c(1478): Final simple tree
|( QUESTION15 -1 -3.408e+04 4.842e+02 1.474e+02
|    ( - 2.417e+02 1 0)
|    ( QUESTION13 -1 -3.383e+04 4.752e+02 1.464e+02
|        ( - 2.420e+02 1 0)
|        ( QUESTION0_11_R 1 -3.360e+04 4.375e+02 1.454e+02
|            ( - 1.739e+02 1 0)
|            ( QUESTION0 -1 -3.334e+04 3.264e+02 1.444e+02
|                ( WDBNDRY_B 0 -2.853e+04 1.715e+02 1.250e+02
|                    ( - -1.475e+04 4 0 QUESTION2_0_L -1 1.060e+02 6.631e+01)
|                    ( QUESTION17 1 -1.361e+04 1.298e+02 5.866e+01
|                        ( - -5.082e+03 4 0)
|                        ( - -8.394e+03 2 0)))
|                ( SILENCE -1 -4.483e+03 1.307e+02 1.942e+01
|                    ( - -2.363e+03 1 0)
|                    ( - -1.989e+03 1 0))))))
s>    ( QUESTION15 -1 -3.408e+04 4.842e+02 1.474e+02
s>        ( - 2.417e+02 1 0)
s>        ( QUESTION13 -1 -3.383e+04 4.752e+02 1.464e+02
s>            ( - 2.420e+02 1 0)
s>            ( QUESTION0_11_R 1 -3.360e+04 4.375e+02 1.454e+02
s>                ( - 1.739e+02 1 0)
s>                ( QUESTION0 -1 -3.334e+04 3.264e+02 1.444e+02
s>                    ( WDBNDRY_B 0 -2.853e+04 1.715e+02 1.250e+02
s>                        ( - -1.475e+04 4 0 QUESTION2_0_L -1 1.060e+02 6.631e+01)
s>                        ( QUESTION17 1 -1.361e+04 1.298e+02 5.866e+01
s>                            ( - -5.082e+03 4 0)
s>                            ( - -8.394e+03 2 0)))
s>                    ( SILENCE -1 -4.483e+03 1.307e+02 1.942e+01
s>                        ( - -2.363e+03 1 0)
s>                        ( - -1.989e+03 1 0))))))INFO: dtree.c(1315): Comp split 18
INFO: dtree.c(1478): Final simple tree
|( QUESTION13 -1 -3.383e+04 4.752e+02 1.464e+02
|    ( - 2.420e+02 1 0)
|    ( QUESTION0_11_R 1 -3.360e+04 4.375e+02 1.454e+02
|        ( - 1.739e+02 1 0)
|        ( QUESTION0 -1 -3.334e+04 3.264e+02 1.444e+02
|            ( WDBNDRY_B 0 -2.853e+04 1.715e+02 1.250e+02
|                ( QUESTION2_0_L -1 -1.475e+04 1.060e+02 6.631e+01
|                    ( - -1.429e+04 3 0)
|                    ( - -3.543e+02 1 0))
|                ( QUESTION17 1 -1.361e+04 1.298e+02 5.866e+01
|                    ( - -5.082e+03 4 0)
|                    ( - -8.394e+03 2 0)))
|            ( SILENCE -1 -4.483e+03 1.307e+02 1.942e+01
|                ( - -2.363e+03 1 0)
|                ( - -1.989e+03 1 0)))))
s>    ( QUESTION13 -1 -3.383e+04 4.752e+02 1.464e+02
s>        ( - 2.420e+02 1 0)
s>        ( QUESTION0_11_R 1 -3.360e+04 4.375e+02 1.454e+02
s>            ( - 1.739e+02 1 0)
s>            ( QUESTION0 -1 -3.334e+04 3.264e+02 1.444e+02
s>                ( WDBNDRY_B 0 -2.853e+04 1.715e+02 1.250e+02
s>                    ( QUESTION2_0_L -1 -1.475e+04 1.060e+02 6.631e+01
s>                        ( - -1.429e+04 3 0)
s>                        ( - -3.543e+02 1 0))
s>                    ( QUESTION17 1 -1.361e+04 1.298e+02 5.866e+01
s>                        ( - -5.082e+03 4 0)
s>                        ( - -8.394e+03 2 0)))
s>                ( SILENCE -1 -4.483e+03 1.307e+02 1.942e+01
s>                    ( - -2.363e+03 1 0)
s>                    ( - -1.989e+03 1 0)))))INFO: dtree.c(1315): Comp split 19
INFO: dtree.c(1439): stop. leaf nodes are specific
INFO: dtree.c(1478): Final simple tree
|( QUESTION0_11_R 1 -3.360e+04 4.375e+02 1.454e+02
|    ( - 1.739e+02 1 0)
|    ( QUESTION0 -1 -3.334e+04 3.264e+02 1.444e+02
|        ( WDBNDRY_B 0 -2.853e+04 1.715e+02 1.250e+02
|            ( QUESTION2_0_L -1 -1.475e+04 1.060e+02 6.631e+01
|                ( - -1.429e+04 3 0)
|                ( - -3.543e+02 1 0))
|            ( QUESTION17 1 -1.361e+04 1.298e+02 5.866e+01
|                ( - -5.082e+03 4 0)
|                ( - -8.394e+03 2 0)))
|        ( SILENCE -1 -4.483e+03 1.307e+02 1.942e+01
|            ( - -2.363e+03 1 0)
|            ( - -1.989e+03 1 0))))
s>    ( QUESTION0_11_R 1 -3.360e+04 4.375e+02 1.454e+02
s>        ( - 1.739e+02 1 0)
s>        ( QUESTION0 -1 -3.334e+04 3.264e+02 1.444e+02
s>            ( WDBNDRY_B 0 -2.853e+04 1.715e+02 1.250e+02
s>                ( QUESTION2_0_L -1 -1.475e+04 1.060e+02 6.631e+01
s>                    ( - -1.429e+04 3 0)
s>                    ( - -3.543e+02 1 0))
s>                ( QUESTION17 1 -1.361e+04 1.298e+02 5.866e+01
s>                    ( - -5.082e+03 4 0)
s>                    ( - -8.394e+03 2 0)))
s>            ( SILENCE -1 -4.483e+03 1.307e+02 1.942e+01
s>                ( - -2.363e+03 1 0)
s>                ( - -1.989e+03 1 0))))INFO: dtree.c(1315): Comp split 20
INFO: dtree.c(1439): stop. leaf nodes are specific
INFO: dtree.c(1478): Final simple tree
|( QUESTION0_8_R 1 -2.048e+05 4.311e+02 8.959e+02
|    ( - -1.190e+04 3 0)
|    ( QUESTION0 -1 -1.925e+05 1.944e+02 8.458e+02
|        ( QUESTION0_6_R 1 -1.900e+05 1.571e+02 8.348e+02
|            ( - -3.342e+02 1 0)
|            ( QUESTION0_0_R 1 -1.895e+05 1.208e+02 8.328e+02
|                ( - -1.883e+05 11 0)
|                ( - -1.062e+03 1 0)))
|        ( QUESTION0_0_R 1 -2.298e+03 2.149e+02 1.100e+01
|            ( - -1.853e+03 2 0)
|            ( - -2.297e+02 1 0))))
s>    ( QUESTION0_8_R 1 -2.048e+05 4.311e+02 8.959e+02
s>        ( - -1.190e+04 3 0)
s>        ( QUESTION0 -1 -1.925e+05 1.944e+02 8.458e+02
s>            ( QUESTION0_6_R 1 -1.900e+05 1.571e+02 8.348e+02
s>                ( - -3.342e+02 1 0)
s>                ( QUESTION0_0_R 1 -1.895e+05 1.208e+02 8.328e+02
s>                    ( - -1.883e+05 11 0)
s>                    ( - -1.062e+03 1 0)))
s>            ( QUESTION0_0_R 1 -2.298e+03 2.149e+02 1.100e+01
s>                ( - -1.853e+03 2 0)
s>                ( - -2.297e+02 1 0))))INFO: dtree.c(1315): Comp split 21
INFO: dtree.c(1439): stop. leaf nodes are specific
INFO: dtree.c(1478): Final simple tree
|( QUESTION0_2_R 1 -5.509e+04 1.632e+02 2.367e+02
|    ( - -1.303e+03 1 0)
|    ( - -5.362e+04 2 0))
s>    ( QUESTION0_2_R 1 -5.509e+04 1.632e+02 2.367e+02
s>        ( - -1.303e+03 1 0)
s>        ( - -5.362e+04 2 0))INFO: dtree.c(1315): Comp split 22
INFO: dtree.c(1439): stop. leaf nodes are specific
INFO: dtree.c(1478): Final simple tree
|( QUESTION2 -1 -1.908e+04 1.906e+02 8.806e+01
|    ( QUESTION2_14_L -1 -6.569e+03 1.326e+02 3.057e+01
|        ( - -4.113e+02 1 0)
|        ( - -6.025e+03 3 0))
|    ( - -1.232e+04 2 0))
s>    ( QUESTION2 -1 -1.908e+04 1.906e+02 8.806e+01
s>        ( QUESTION2_14_L -1 -6.569e+03 1.326e+02 3.057e+01
s>            ( - -4.113e+02 1 0)
s>            ( - -6.025e+03 3 0))
s>        ( - -1.232e+04 2 0))INFO: dtree.c(1478): Final simple tree
|( QUESTION14 -1 -4.225e+04 2.806e+02 1.877e+02
|    ( WDBNDRY_B 0 -2.387e+04 2.121e+02 1.075e+02
|        ( - -6.477e+03 7 0)
|        ( - -1.718e+04 9 0))
|    ( WDBNDRY_B 0 -1.810e+04 2.279e+02 8.016e+01
|        ( QUESTION10 -1 -1.636e+04 1.935e+02 7.316e+01
|            ( QUESTION11 -1 -1.401e+03 1.194e+02 7.000e+00
|                ( - -7.398e+02 1 0)
|                ( - -5.419e+02 2 0))
|            ( QUESTION16 -1 -1.477e+04 1.883e+02 6.616e+01
|                ( - -2.780e+02 1 0)
|                ( SILENCE -1 -1.430e+04 1.479e+02 6.416e+01
|                    ( - -5.641e+03 3 0)
|                    ( - -8.513e+03 8 0 QUESTION4 -1 1.189e+02 3.900e+01))))
|        ( - -1.508e+03 1 0)))
s>    ( QUESTION14 -1 -4.225e+04 2.806e+02 1.877e+02
s>        ( WDBNDRY_B 0 -2.387e+04 2.121e+02 1.075e+02
s>            ( - -6.477e+03 7 0)
s>            ( - -1.718e+04 9 0))
s>        ( WDBNDRY_B 0 -1.810e+04 2.279e+02 8.016e+01
s>            ( QUESTION10 -1 -1.636e+04 1.935e+02 7.316e+01
s>                ( QUESTION11 -1 -1.401e+03 1.194e+02 7.000e+00
s>                    ( - -7.398e+02 1 0)
s>                    ( - -5.419e+02 2 0))
s>                ( QUESTION16 -1 -1.477e+04 1.883e+02 6.616e+01
s>                    ( - -2.780e+02 1 0)
s>                    ( SILENCE -1 -1.430e+04 1.479e+02 6.416e+01
s>                        ( - -5.641e+03 3 0)
s>                        ( - -8.513e+03 8 0 QUESTION4 -1 1.189e+02 3.900e+01))))
s>            ( - -1.508e+03 1 0)))INFO: dtree.c(1315): Comp split 23
INFO: dtree.c(1439): stop. leaf nodes are specific
INFO: dtree.c(1478): Final simple tree
|( QUESTION2_0_L -1 -1.757e+05 3.065e+02 7.880e+02
|    ( - -1.671e+05 20 0)
|    ( QUESTION0 -1 -8.269e+03 2.184e+02 3.946e+01
|        ( - -1.959e+03 1 0)
|        ( - -6.092e+03 1 0)))
s>    ( QUESTION2_0_L -1 -1.757e+05 3.065e+02 7.880e+02
s>        ( - -1.671e+05 20 0)
s>        ( QUESTION0 -1 -8.269e+03 2.184e+02 3.946e+01
s>            ( - -1.959e+03 1 0)
s>            ( - -6.092e+03 1 0)))INFO: dtree.c(1315): Comp split 24
INFO: dtree.c(1439): stop. leaf nodes are specific
INFO: dtree.c(1478): Final simple tree
|( QUESTION0 -1 -3.334e+04 3.264e+02 1.444e+02
|    ( WDBNDRY_B 0 -2.853e+04 1.715e+02 1.250e+02
|        ( QUESTION2_0_L -1 -1.475e+04 1.060e+02 6.631e+01
|            ( - -1.429e+04 3 0)
|            ( - -3.543e+02 1 0))
|        ( QUESTION17 1 -1.361e+04 1.298e+02 5.866e+01
|            ( - -5.082e+03 4 0)
|            ( - -8.394e+03 2 0)))
|    ( SILENCE -1 -4.483e+03 1.307e+02 1.942e+01
|        ( - -2.363e+03 1 0)
|        ( - -1.989e+03 1 0)))
s>    ( QUESTION0 -1 -3.334e+04 3.264e+02 1.444e+02
s>        ( WDBNDRY_B 0 -2.853e+04 1.715e+02 1.250e+02
s>            ( QUESTION2_0_L -1 -1.475e+04 1.060e+02 6.631e+01
s>                ( - -1.429e+04 3 0)
s>                ( - -3.543e+02 1 0))
s>            ( QUESTION17 1 -1.361e+04 1.298e+02 5.866e+01
s>                ( - -5.082e+03 4 0)
s>                ( - -8.394e+03 2 0)))
s>        ( SILENCE -1 -4.483e+03 1.307e+02 1.942e+01
s>            ( - -2.363e+03 1 0)
s>            ( - -1.989e+03 1 0)))INFO: dtree.c(1315): Comp split 25
INFO: dtree.c(1439): stop. leaf nodes are specific
INFO: dtree.c(1478): Final simple tree
|( QUESTION0 -1 -1.925e+05 1.944e+02 8.458e+02
|    ( QUESTION0_6_R 1 -1.900e+05 1.571e+02 8.348e+02
|        ( - -3.342e+02 1 0)
|        ( QUESTION0_0_R 1 -1.895e+05 1.208e+02 8.328e+02
|            ( - -1.883e+05 11 0)
|            ( - -1.062e+03 1 0)))
|    ( QUESTION0_0_R 1 -2.298e+03 2.149e+02 1.100e+01
|        ( - -1.853e+03 2 0)
|        ( - -2.297e+02 1 0)))
s>    ( QUESTION0 -1 -1.925e+05 1.944e+02 8.458e+02
s>        ( QUESTION0_6_R 1 -1.900e+05 1.571e+02 8.348e+02
s>            ( - -3.342e+02 1 0)
s>            ( QUESTION0_0_R 1 -1.895e+05 1.208e+02 8.328e+02
s>                ( - -1.883e+05 11 0)
s>                ( - -1.062e+03 1 0)))
s>        ( QUESTION0_0_R 1 -2.298e+03 2.149e+02 1.100e+01
s>            ( - -1.853e+03 2 0)
s>            ( - -2.297e+02 1 0)))INFO: dtree.c(1315): Comp split 26
INFO: dtree.c(1439): stop. leaf nodes are specific
INFO: dtree.c(1478): Final simple tree
|( QUESTION13 -1 -2.032e+04 2.354e+02 8.737e+01
|    ( WDBNDRY_B 0 -1.203e+04 1.110e+02 5.304e+01
|        ( QUESTION17 -1 -1.156e+04 7.487e+01 5.104e+01
|            ( - -1.534e+03 1 0)
|            ( - -9.956e+03 1 0))
|        ( - -3.494e+02 1 0))
|    ( QUESTION4 -1 -8.064e+03 1.807e+02 3.433e+01
|        ( - -5.742e+02 1 0)
|        ( SILENCE -1 -7.309e+03 8.253e+01 3.133e+01
|            ( - -5.872e+03 2 0)
|            ( - -1.355e+03 2 0))))
s>    ( QUESTION13 -1 -2.032e+04 2.354e+02 8.737e+01
s>        ( WDBNDRY_B 0 -1.203e+04 1.110e+02 5.304e+01
s>            ( QUESTION17 -1 -1.156e+04 7.487e+01 5.104e+01
s>                ( - -1.534e+03 1 0)
s>                ( - -9.956e+03 1 0))
s>            ( - -3.494e+02 1 0))
s>        ( QUESTION4 -1 -8.064e+03 1.807e+02 3.433e+01
s>            ( - -5.742e+02 1 0)
s>            ( SILENCE -1 -7.309e+03 8.253e+01 3.133e+01
s>                ( - -5.872e+03 2 0)
s>                ( - -1.355e+03 2 0))))INFO: dtree.c(1315): Comp split 27
INFO: dtree.c(1315): Comp split 28
INFO: dtree.c(1439): stop. leaf nodes are specific
INFO: dtree.c(1478): Final simple tree
|( QUESTION2 -1 -1.923e+04 1.919e+02 8.727e+01
|    ( QUESTION11 -1 -1.401e+03 1.194e+02 7.000e+00
|        ( - -7.398e+02 1 0)
|        ( - -5.419e+02 2 0))
|    ( WDBNDRY_B 0 -1.763e+04 1.745e+02 8.027e+01
|        ( - -2.780e+02 1 0)
|        ( - -1.718e+04 9 0)))
s>    ( QUESTION2 -1 -1.923e+04 1.919e+02 8.727e+01
s>        ( QUESTION11 -1 -1.401e+03 1.194e+02 7.000e+00
s>            ( - -7.398e+02 1 0)
s>            ( - -5.419e+02 2 0))
s>        ( WDBNDRY_B 0 -1.763e+04 1.745e+02 8.027e+01
s>            ( - -2.780e+02 1 0)
s>            ( - -1.718e+04 9 0)))INFO: dtree.c(1439): stop. leaf nodes are specific
INFO: dtree.c(1478): Final simple tree
|( WDBNDRY_B 0 -2.267e+04 2.068e+02 1.004e+02
|    ( SILENCE -1 -2.096e+04 1.837e+02 9.344e+01
|        ( - -5.641e+03 3 0)
|        ( QUESTION2_6_L -1 -1.513e+04 1.484e+02 6.828e+01
|            ( QUESTION2 -1 -5.131e+03 9.172e+01 2.400e+01
|                ( - -3.247e+03 2 0)
|                ( - -1.792e+03 2 0))
|            ( QUESTION2 -1 -9.855e+03 1.056e+02 4.428e+01
|                ( - -3.272e+03 4 0)
|                ( - -6.477e+03 7 0))))
|    ( - -1.508e+03 1 0))
s>    ( WDBNDRY_B 0 -2.267e+04 2.068e+02 1.004e+02
s>        ( SILENCE -1 -2.096e+04 1.837e+02 9.344e+01
s>            ( - -5.641e+03 3 0)
s>            ( QUESTION2_6_L -1 -1.513e+04 1.484e+02 6.828e+01
s>                ( QUESTION2 -1 -5.131e+03 9.172e+01 2.400e+01
s>                    ( - -3.247e+03 2 0)
s>                    ( - -1.792e+03 2 0))
s>                ( QUESTION2 -1 -9.855e+03 1.056e+02 4.428e+01
s>                    ( - -3.272e+03 4 0)
s>                    ( - -6.477e+03 7 0))))
s>        ( - -1.508e+03 1 0))INFO: dtree.c(1315): Comp split 29
INFO: dtree.c(1439): stop. leaf nodes are specific
INFO: dtree.c(1478): Final simple tree
|( QUESTION0 -1 -4.152e+04 2.753e+02 1.850e+02
|    ( QUESTION0_11_R 1 -3.798e+04 1.767e+02 1.699e+02
|        ( - -1.863e+04 3 0)
|        ( - -1.917e+04 2 0))
|    ( QUESTION19 1 -3.268e+03 1.171e+02 1.516e+01
|        ( - -7.879e+02 1 0)
|        ( - -2.363e+03 1 0)))
s>    ( QUESTION0 -1 -4.152e+04 2.753e+02 1.850e+02
s>        ( QUESTION0_11_R 1 -3.798e+04 1.767e+02 1.699e+02
s>            ( - -1.863e+04 3 0)
s>            ( - -1.917e+04 2 0))
s>        ( QUESTION19 1 -3.268e+03 1.171e+02 1.516e+01
s>            ( - -7.879e+02 1 0)
s>            ( - -2.363e+03 1 0)))INFO: dtree.c(1315): Comp split 30
INFO: dtree.c(1439): stop. leaf nodes are specific
INFO: dtree.c(1478): Final simple tree
|( SILENCE -1 -4.483e+03 1.307e+02 1.942e+01
|    ( - -2.363e+03 1 0)
|    ( - -1.989e+03 1 0))
s>    ( SILENCE -1 -4.483e+03 1.307e+02 1.942e+01
s>        ( - -2.363e+03 1 0)
s>        ( - -1.989e+03 1 0))INFO: dtree.c(1439): stop. leaf nodes are specific
INFO: dtree.c(1478): Final simple tree
|( WDBNDRY_B 0 -2.853e+04 1.715e+02 1.250e+02
|    ( QUESTION2_0_L -1 -1.475e+04 1.060e+02 6.631e+01
|        ( - -1.429e+04 3 0)
|        ( - -3.543e+02 1 0))
|    ( QUESTION17 1 -1.361e+04 1.298e+02 5.866e+01
|        ( - -5.082e+03 4 0)
|        ( - -8.394e+03 2 0)))
s>    ( WDBNDRY_B 0 -2.853e+04 1.715e+02 1.250e+02
s>        ( QUESTION2_0_L -1 -1.475e+04 1.060e+02 6.631e+01
s>            ( - -1.429e+04 3 0)
s>            ( - -3.543e+02 1 0))
s>        ( QUESTION17 1 -1.361e+04 1.298e+02 5.866e+01
s>            ( - -5.082e+03 4 0)
s>            ( - -8.394e+03 2 0)))INFO: dtree.c(1315): Comp split 31
INFO: dtree.c(1439): stop. leaf nodes are specific
INFO: dtree.c(1478): Final simple tree
|( QUESTION0 -1 -8.269e+03 2.184e+02 3.946e+01
|    ( - -1.959e+03 1 0)
|    ( - -6.092e+03 1 0))
s>    ( QUESTION0 -1 -8.269e+03 2.184e+02 3.946e+01
s>        ( - -1.959e+03 1 0)
s>        ( - -6.092e+03 1 0))INFO: dtree.c(1315): Comp split 32
INFO: dtree.c(1439): stop. leaf nodes are specific
INFO: dtree.c(1478): Final simple tree
|( QUESTION19 1 -3.268e+03 1.171e+02 1.516e+01
|    ( - -7.879e+02 1 0)
|    ( - -2.363e+03 1 0))
s>    ( QUESTION19 1 -3.268e+03 1.171e+02 1.516e+01
s>        ( - -7.879e+02 1 0)
s>        ( - -2.363e+03 1 0))INFO: dtree.c(1439): stop. leaf nodes are specific
INFO: dtree.c(1478): Final simple tree
|( QUESTION0_11_R 1 -3.798e+04 1.767e+02 1.699e+02
|    ( - -1.863e+04 3 0)
|    ( - -1.917e+04 2 0))
s>    ( QUESTION0_11_R 1 -3.798e+04 1.767e+02 1.699e+02
s>        ( - -1.863e+04 3 0)
s>        ( - -1.917e+04 2 0))INFO: dtree.c(1315): Comp split 33
INFO: dtree.c(1439): stop. leaf nodes are specific
INFO: dtree.c(1478): Final simple tree
|( QUESTION0 -1 -1.920e+05 1.705e+02 8.438e+02
|    ( QUESTION0_6_R 1 -1.900e+05 1.571e+02 8.348e+02
|        ( - -3.342e+02 1 0)
|        ( QUESTION0_0_R 1 -1.895e+05 1.208e+02 8.328e+02
|            ( - -1.883e+05 11 0)
|            ( - -1.062e+03 1 0)))
|    ( - -1.853e+03 2 0))
s>    ( QUESTION0 -1 -1.920e+05 1.705e+02 8.438e+02
s>        ( QUESTION0_6_R 1 -1.900e+05 1.571e+02 8.348e+02
s>            ( - -3.342e+02 1 0)
s>            ( QUESTION0_0_R 1 -1.895e+05 1.208e+02 8.328e+02
s>                ( - -1.883e+05 11 0)
s>                ( - -1.062e+03 1 0)))
s>        ( - -1.853e+03 2 0))INFO: dtree.c(1315): Comp split 34
INFO: dtree.c(1439): stop. leaf nodes are specific
INFO: dtree.c(1478): Final simple tree
|( WDBNDRY_B 0 -1.242e+04 1.614e+02 5.496e+01
|    ( QUESTION19 -1 -1.133e+04 1.433e+02 4.996e+01
|        ( - -2.176e+03 2 0)
|        ( QUESTION14 -1 -9.007e+03 1.175e+02 3.996e+01
|            ( - -4.413e+03 4 0)
|            ( - -4.476e+03 4 0)))
|    ( - -9.308e+02 1 0))
s>    ( WDBNDRY_B 0 -1.242e+04 1.614e+02 5.496e+01
s>        ( QUESTION19 -1 -1.133e+04 1.433e+02 4.996e+01
s>            ( - -2.176e+03 2 0)
s>            ( QUESTION14 -1 -9.007e+03 1.175e+02 3.996e+01
s>                ( - -4.413e+03 4 0)
s>                ( - -4.476e+03 4 0)))
s>        ( - -9.308e+02 1 0))INFO: dtree.c(1315): Comp split 35
INFO: dtree.c(1439): stop. leaf nodes are specific
INFO: dtree.c(1478): Final simple tree
|( QUESTION4 -1 -8.064e+03 1.807e+02 3.433e+01
|    ( - -5.742e+02 1 0)
|    ( SILENCE -1 -7.309e+03 8.253e+01 3.133e+01
|        ( - -5.872e+03 2 0)
|        ( - -1.355e+03 2 0)))
s>    ( QUESTION4 -1 -8.064e+03 1.807e+02 3.433e+01
s>        ( - -5.742e+02 1 0)
s>        ( SILENCE -1 -7.309e+03 8.253e+01 3.133e+01
s>            ( - -5.872e+03 2 0)
s>            ( - -1.355e+03 2 0)))INFO: dtree.c(1439): stop. leaf nodes are specific
INFO: dtree.c(1478): Final simple tree
|( WDBNDRY_B 0 -1.203e+04 1.110e+02 5.304e+01
|    ( QUESTION17 -1 -1.156e+04 7.487e+01 5.104e+01
|        ( - -1.534e+03 1 0)
|        ( - -9.956e+03 1 0))
|    ( - -3.494e+02 1 0))
s>    ( WDBNDRY_B 0 -1.203e+04 1.110e+02 5.304e+01
s>        ( QUESTION17 -1 -1.156e+04 7.487e+01 5.104e+01
s>            ( - -1.534e+03 1 0)
s>            ( - -9.956e+03 1 0))
s>        ( - -3.494e+02 1 0))INFO: dtree.c(1315): Comp split 36
INFO: dtree.c(1439): stop. leaf nodes are specific
INFO: dtree.c(1478): Final simple tree
|( QUESTION0_14_R 1 -2.591e+03 1.518e+02 1.200e+01
|    ( - -1.202e+03 1 0)
|    ( QUESTION0_2_R 1 -1.237e+03 1.266e+02 6.000e+00
|        ( - -5.277e+02 1 0)
|        ( - -5.828e+02 1 0)))
s>    ( QUESTION0_14_R 1 -2.591e+03 1.518e+02 1.200e+01
s>        ( - -1.202e+03 1 0)
s>        ( QUESTION0_2_R 1 -1.237e+03 1.266e+02 6.000e+00
s>            ( - -5.277e+02 1 0)
s>            ( - -5.828e+02 1 0)))INFO: dtree.c(1315): Comp split 37
INFO: dtree.c(1315): Comp split 38
INFO: dtree.c(1439): stop. leaf nodes are specific
INFO: dtree.c(1478): Final simple tree
|( WDBNDRY_B 0 -1.155e+04 1.892e+02 5.128e+01
|    ( QUESTION2 -1 -9.855e+03 1.056e+02 4.428e+01
|        ( - -3.272e+03 4 0)
|        ( - -6.477e+03 7 0))
|    ( - -1.508e+03 1 0))
s>    ( WDBNDRY_B 0 -1.155e+04 1.892e+02 5.128e+01
s>        ( QUESTION2 -1 -9.855e+03 1.056e+02 4.428e+01
s>            ( - -3.272e+03 4 0)
s>            ( - -6.477e+03 7 0))
s>        ( - -1.508e+03 1 0))INFO: dtree.c(1439): stop. leaf nodes are specific
INFO: dtree.c(1478): Final simple tree
|( SILENCE -1 -1.091e+04 1.398e+02 4.916e+01
|    ( - -5.641e+03 3 0)
|    ( QUESTION2 -1 -5.131e+03 9.172e+01 2.400e+01
|        ( - -3.247e+03 2 0)
|        ( - -1.792e+03 2 0)))
s>    ( SILENCE -1 -1.091e+04 1.398e+02 4.916e+01
s>        ( - -5.641e+03 3 0)
s>        ( QUESTION2 -1 -5.131e+03 9.172e+01 2.400e+01
s>            ( - -3.247e+03 2 0)
s>            ( - -1.792e+03 2 0)))INFO: dtree.c(1315): Comp split 39
INFO: dtree.c(1439): stop. leaf nodes are specific
INFO: dtree.c(1478): Final simple tree
|( QUESTION2 -1 -1.285e+04 1.205e+02 5.949e+01
|    ( - -4.113e+02 1 0)
|    ( - -1.232e+04 2 0))
s>    ( QUESTION2 -1 -1.285e+04 1.205e+02 5.949e+01
s>        ( - -4.113e+02 1 0)
s>        ( - -1.232e+04 2 0))INFO: dtree.c(1315): Comp split 40
INFO: dtree.c(1439): stop. leaf nodes are specific
INFO: dtree.c(1478): Final simple tree
|( QUESTION11 -1 -1.401e+03 1.194e+02 7.000e+00
|    ( - -7.398e+02 1 0)
|    ( - -5.419e+02 2 0))
s>    ( QUESTION11 -1 -1.401e+03 1.194e+02 7.000e+00
s>        ( - -7.398e+02 1 0)
s>        ( - -5.419e+02 2 0))INFO: dtree.c(1439): stop. leaf nodes are specific
INFO: dtree.c(1478): Final simple tree
|( WDBNDRY_B 0 -1.763e+04 1.745e+02 8.027e+01
|    ( - -2.780e+02 1 0)
|    ( - -1.718e+04 9 0))
s>    ( WDBNDRY_B 0 -1.763e+04 1.745e+02 8.027e+01
s>        ( - -2.780e+02 1 0)
s>        ( - -1.718e+04 9 0))INFO: dtree.c(1315): Comp split 41
INFO: dtree.c(1439): stop. leaf nodes are specific
INFO: dtree.c(1478): Final simple tree
|( QUESTION2 -1 -9.855e+03 1.056e+02 4.428e+01
|    ( - -3.272e+03 4 0)
|    ( - -6.477e+03 7 0))
s>    ( QUESTION2 -1 -9.855e+03 1.056e+02 4.428e+01
s>        ( - -3.272e+03 4 0)
s>        ( - -6.477e+03 7 0))INFO: dtree.c(1315): Comp split 42
INFO: dtree.c(1439): stop. leaf nodes are specific
INFO: dtree.c(1478): Final simple tree
|( SILENCE -1 -7.309e+03 8.253e+01 3.133e+01
|    ( - -5.872e+03 2 0)
|    ( - -1.355e+03 2 0))
s>    ( SILENCE -1 -7.309e+03 8.253e+01 3.133e+01
s>        ( - -5.872e+03 2 0)
s>        ( - -1.355e+03 2 0))INFO: dtree.c(1315): Comp split 43
INFO: dtree.c(1315): Comp split 44
INFO: dtree.c(1439): stop. leaf nodes are specific
INFO: dtree.c(1478): Final simple tree
|( WDBNDRY_B 0 -1.996e+04 1.261e+02 8.736e+01
|    ( QUESTION2_0_L -1 -1.475e+04 1.060e+02 6.631e+01
|        ( - -1.429e+04 3 0)
|        ( - -3.543e+02 1 0))
|    ( - -5.082e+03 4 0))
s>    ( WDBNDRY_B 0 -1.996e+04 1.261e+02 8.736e+01
s>        ( QUESTION2_0_L -1 -1.475e+04 1.060e+02 6.631e+01
s>            ( - -1.429e+04 3 0)
s>            ( - -3.543e+02 1 0))
s>        ( - -5.082e+03 4 0))INFO: dtree.c(1315): Comp split 45
INFO: dtree.c(1315): Comp split 46
INFO: dtree.c(1439): stop. leaf nodes are specific
INFO: dtree.c(1478): Final simple tree
|( QUESTION0_6_R 1 -1.900e+05 1.571e+02 8.348e+02
|    ( - -3.342e+02 1 0)
|    ( QUESTION0_0_R 1 -1.895e+05 1.208e+02 8.328e+02
|        ( - -1.883e+05 11 0)
|        ( - -1.062e+03 1 0)))
s>    ( QUESTION0_6_R 1 -1.900e+05 1.571e+02 8.348e+02
s>        ( - -3.342e+02 1 0)
s>        ( QUESTION0_0_R 1 -1.895e+05 1.208e+02 8.328e+02
s>            ( - -1.883e+05 11 0)
s>            ( - -1.062e+03 1 0)))INFO: dtree.c(1315): Comp split 47
INFO: dtree.c(1315): Comp split 48
INFO: dtree.c(1439): stop. leaf nodes are specific
INFO: dtree.c(1478): Final simple tree
|( QUESTION19 -1 -1.133e+04 1.433e+02 4.996e+01
|    ( - -2.176e+03 2 0)
|    ( QUESTION14 -1 -9.007e+03 1.175e+02 3.996e+01
|        ( - -4.413e+03 4 0)
|        ( - -4.476e+03 4 0)))
s>    ( QUESTION19 -1 -1.133e+04 1.433e+02 4.996e+01
s>        ( - -2.176e+03 2 0)
s>        ( QUESTION14 -1 -9.007e+03 1.175e+02 3.996e+01
s>            ( - -4.413e+03 4 0)
s>            ( - -4.476e+03 4 0)))INFO: dtree.c(1315): Comp split 49
INFO: dtree.c(1439): stop. leaf nodes are specific
INFO: dtree.c(1478): Final simple tree
|( QUESTION0_0_R 1 -1.895e+05 1.208e+02 8.328e+02
|    ( - -1.883e+05 11 0)
|    ( - -1.062e+03 1 0))
s>    ( QUESTION0_0_R 1 -1.895e+05 1.208e+02 8.328e+02
s>        ( - -1.883e+05 11 0)
s>        ( - -1.062e+03 1 0))INFO: dtree.c(1315): Comp split 50
INFO: dtree.c(1439): stop. leaf nodes are specific
INFO: dtree.c(1478): Final simple tree
|( QUESTION0_2_R 1 -1.237e+03 1.266e+02 6.000e+00
|    ( - -5.277e+02 1 0)
|    ( - -5.828e+02 1 0))
s>    ( QUESTION0_2_R 1 -1.237e+03 1.266e+02 6.000e+00
s>        ( - -5.277e+02 1 0)
s>        ( - -5.828e+02 1 0))INFO: dtree.c(1315): Comp split 51
INFO: dtree.c(1315): Comp split 52
INFO: dtree.c(1439): stop. leaf nodes are specific
INFO: dtree.c(1478): Final simple tree
|( QUESTION14 -1 -9.007e+03 1.175e+02 3.996e+01
|    ( - -4.413e+03 4 0)
|    ( - -4.476e+03 4 0))
s>    ( QUESTION14 -1 -9.007e+03 1.175e+02 3.996e+01
s>        ( - -4.413e+03 4 0)
s>        ( - -4.476e+03 4 0))INFO: dtree.c(1315): Comp split 53
INFO: dtree.c(1439): stop. leaf nodes are specific
INFO: dtree.c(1478): Final simple tree
|( QUESTION2 -1 -5.131e+03 9.172e+01 2.400e+01
|    ( - -3.247e+03 2 0)
|    ( - -1.792e+03 2 0))
s>    ( QUESTION2 -1 -5.131e+03 9.172e+01 2.400e+01
s>        ( - -3.247e+03 2 0)
s>        ( - -1.792e+03 2 0))INFO: dtree.c(1315): Comp split 54
INFO: dtree.c(1315): Comp split 55
INFO: dtree.c(1315): Comp split 56
INFO: dtree.c(1439): stop. leaf nodes are specific
INFO: dtree.c(1478): Final simple tree
|( QUESTION2_0_L -1 -1.475e+04 1.060e+02 6.631e+01
|    ( - -1.429e+04 3 0)
|    ( - -3.543e+02 1 0))
s>    ( QUESTION2_0_L -1 -1.475e+04 1.060e+02 6.631e+01
s>        ( - -1.429e+04 3 0)
s>        ( - -3.543e+02 1 0))INFO: dtree.c(1315): Comp split 57
INFO: dtree.c(1315): Comp split 58
INFO: dtree.c(1315): Comp split 59
INFO: dtree.c(1315): Comp split 60
INFO: dtree.c(1315): Comp split 61
INFO: dtree.c(1315): Comp split 62
INFO: dtree.c(1439): stop. leaf nodes are specific
INFO: dtree.c(1478): Final simple tree
|( QUESTION17 -1 -1.156e+04 7.487e+01 5.104e+01
|    ( - -1.534e+03 1 0)
|    ( - -9.956e+03 1 0))
s>    ( QUESTION17 -1 -1.156e+04 7.487e+01 5.104e+01
s>        ( - -1.534e+03 1 0)
s>        ( - -9.956e+03 1 0))INFO: dtree.c(1315): Comp split 63
INFO: dtree.c(1315): Comp split 64
INFO: dtree.c(1315): Comp split 65
INFO: dtree.c(1315): Comp split 66
INFO: dtree.c(1315): Comp split 67
INFO: dtree.c(1315): Comp split 68
INFO: dtree.c(1318): stop. leaf nodes are specific
Wed Mar 22 13:35:32 2023
