Current configuration:
[NAME]		[DEFLT]	[VALUE]
-allphones	no	no
-cntthresh	0.00001	1.000000e-05
-csplitmax	100	2000
-csplitmin	1	1
-csplitthr	8e-4	0.000000e+00
-example	no	no
-fullvar	no	no
-help		no	no
-meanfn			/home/lucija/Documents/Zadnji semestar/ROGJ/Prezentacije/CMUspinx/tutorial8/model_parameters/my_db.cd_cont_untied/means
-mixwfn			/home/lucija/Documents/Zadnji semestar/ROGJ/Prezentacije/CMUspinx/tutorial8/model_parameters/my_db.cd_cont_untied/mixture_weights
-moddeffn		/home/lucija/Documents/Zadnji semestar/ROGJ/Prezentacije/CMUspinx/tutorial8/model_architecture/my_db.untied.mdef
-mwfloor	1e-4	1.000000e-08
-phone			p
-psetfn			/home/lucija/Documents/Zadnji semestar/ROGJ/Prezentacije/CMUspinx/tutorial8/model_architecture/my_db.tree_questions
-ssplitmax	5	7
-ssplitmin	1	1
-ssplitthr	8e-4	0.000000e+00
-state			1
-stwt			1.0,0.05,0.0,
-treefn			/home/lucija/Documents/Zadnji semestar/ROGJ/Prezentacije/CMUspinx/tutorial8/trees/my_db.unpruned/p-1.dtree
-ts2cbfn	.semi.	.cont.
-varfloor	0.00001	1.000000e-05
-varfn			/home/lucija/Documents/Zadnji semestar/ROGJ/Prezentacije/CMUspinx/tutorial8/model_parameters/my_db.cd_cont_untied/variances

INFO: main.c(223): Reading: /home/lucija/Documents/Zadnji semestar/ROGJ/Prezentacije/CMUspinx/tutorial8/model_architecture/my_db.untied.mdef
INFO: model_def_io.c(573): Model definition info:
INFO: model_def_io.c(574): 10483 total models defined (32 base, 10451 tri)
INFO: model_def_io.c(575): 41932 total states
INFO: model_def_io.c(576): 31449 total tied states
INFO: model_def_io.c(577): 96 total tied CI states
INFO: model_def_io.c(578): 32 total tied transition matrices
INFO: model_def_io.c(579): 4 max state/model
INFO: model_def_io.c(580): 4 min state/model
INFO: main.c(242): Building trees for [p NOISE a b] through [p š r b]
INFO: main.c(268): Covering states |[20871 21596]| == 726
INFO: main.c(275): Reading: /home/lucija/Documents/Zadnji semestar/ROGJ/Prezentacije/CMUspinx/tutorial8/model_parameters/my_db.cd_cont_untied/mixture_weights
INFO: s3mixw_io.c(172): Read /home/lucija/Documents/Zadnji semestar/ROGJ/Prezentacije/CMUspinx/tutorial8/model_parameters/my_db.cd_cont_untied/mixture_weights [726x1x1 array]
INFO: main.c(311): 240 of 242 models have observation count greater than 0.000010
INFO: main.c(95): nrm stwt: 0.045 0.909 0.045 
INFO: s3gau_io.c(168): Read /home/lucija/Documents/Zadnji semestar/ROGJ/Prezentacije/CMUspinx/tutorial8/model_parameters/my_db.cd_cont_untied/means [31449x1x1 array]
INFO: s3gau_io.c(168): Read /home/lucija/Documents/Zadnji semestar/ROGJ/Prezentacije/CMUspinx/tutorial8/model_parameters/my_db.cd_cont_untied/variances [31449x1x1 array]
INFO: main.c(549): Reading: /home/lucija/Documents/Zadnji semestar/ROGJ/Prezentacije/CMUspinx/tutorial8/model_architecture/my_db.tree_questions
INFO: main.c(587): 180 total simple questions (172 phone; 8 word bndry)
INFO: main.c(589): 42 Left Only questions, and 42 Right Only questions
INFO: dtree.c(1478): Final simple tree
|( QUESTION0 -1 -5.473e+06 1.105e+04 2.378e+04
|    ( QUESTION0_0_R 1 -4.136e+06 8.190e+03 1.798e+04
|        ( QUESTION0 1 -3.623e+06 6.984e+03 1.579e+04
|            ( WDBNDRY_I 0 -2.436e+06 5.720e+03 1.057e+04
|                ( - -9.603e+05 26 0 QUESTION2_0_L -1 1.319e+02 4.230e+03)
|                ( - -1.470e+06 31 0 QUESTION2_4_L -1 2.115e+03 6.336e+03))
|            ( - -1.180e+06 25 0 WDBNDRY_I 0 1.669e+03 5.222e+03))
|        ( - -5.042e+05 34 0 WDBNDRY_B 0 1.707e+03 2.192e+03))
|    ( SILENCE -1 -1.326e+06 6.181e+03 5.801e+03
|        ( - -1.893e+05 10 0 QUESTION0 1 1.254e+03 8.357e+02)
|        ( QUESTION14 -1 -1.131e+06 4.493e+03 4.965e+03
|            ( WDBNDRY_B 0 -4.347e+05 2.635e+03 1.918e+03
|                ( - -2.462e+05 22 0 QUESTION0 1 7.777e+02 1.070e+03)
|                ( - -1.859e+05 13 0 QUESTION0_4_R 1 4.691e+02 8.474e+02))
|            ( - -6.914e+05 79 0 QUESTION10 -1 2.154e+03 3.048e+03))))
s>    ( QUESTION0 -1 -5.473e+06 1.105e+04 2.378e+04
s>        ( QUESTION0_0_R 1 -4.136e+06 8.190e+03 1.798e+04
s>            ( QUESTION0 1 -3.623e+06 6.984e+03 1.579e+04
s>                ( WDBNDRY_I 0 -2.436e+06 5.720e+03 1.057e+04
s>                    ( - -9.603e+05 26 0 QUESTION2_0_L -1 1.319e+02 4.230e+03)
s>                    ( - -1.470e+06 31 0 QUESTION2_4_L -1 2.115e+03 6.336e+03))
s>                ( - -1.180e+06 25 0 WDBNDRY_I 0 1.669e+03 5.222e+03))
s>            ( - -5.042e+05 34 0 WDBNDRY_B 0 1.707e+03 2.192e+03))
s>        ( SILENCE -1 -1.326e+06 6.181e+03 5.801e+03
s>            ( - -1.893e+05 10 0 QUESTION0 1 1.254e+03 8.357e+02)
s>            ( QUESTION14 -1 -1.131e+06 4.493e+03 4.965e+03
s>                ( WDBNDRY_B 0 -4.347e+05 2.635e+03 1.918e+03
s>                    ( - -2.462e+05 22 0 QUESTION0 1 7.777e+02 1.070e+03)
s>                    ( - -1.859e+05 13 0 QUESTION0_4_R 1 4.691e+02 8.474e+02))
s>                ( - -6.914e+05 79 0 QUESTION10 -1 2.154e+03 3.048e+03))))INFO: dtree.c(1315): Comp split 0
INFO: dtree.c(1478): Final simple tree
|( QUESTION0 1 -3.623e+06 6.984e+03 1.579e+04
|    ( WDBNDRY_I 0 -2.436e+06 5.720e+03 1.057e+04
|        ( - -9.603e+05 26 0 QUESTION2_0_L -1 1.319e+02 4.230e+03)
|        ( QUESTION2_4_L -1 -1.470e+06 2.115e+03 6.336e+03
|            ( - -9.196e+04 4 0)
|            ( QUESTION2_0_L -1 -1.376e+06 4.168e+02 5.925e+03
|                ( - -1.376e+06 26 0 WDBNDRY_B 0 1.536e+02 5.924e+03)
|                ( - 1.548e+02 1 0))))
|    ( WDBNDRY_I 0 -1.180e+06 1.669e+03 5.222e+03
|        ( QUESTION2_0_L -1 -1.467e+05 4.693e+02 6.442e+02
|            ( - -1.277e+05 9 0)
|            ( - -1.851e+04 1 0))
|        ( QUESTION2_0_L -1 -1.032e+06 1.587e+02 4.578e+03
|            ( - -1.025e+06 11 0 WDBNDRY_B 0 1.542e+02 4.547e+03)
|            ( - -6.714e+03 4 0 QUESTION2_4_L -1 1.178e+02 3.018e+01))))
s>    ( QUESTION0 1 -3.623e+06 6.984e+03 1.579e+04
s>        ( WDBNDRY_I 0 -2.436e+06 5.720e+03 1.057e+04
s>            ( - -9.603e+05 26 0 QUESTION2_0_L -1 1.319e+02 4.230e+03)
s>            ( QUESTION2_4_L -1 -1.470e+06 2.115e+03 6.336e+03
s>                ( - -9.196e+04 4 0)
s>                ( QUESTION2_0_L -1 -1.376e+06 4.168e+02 5.925e+03
s>                    ( - -1.376e+06 26 0 WDBNDRY_B 0 1.536e+02 5.924e+03)
s>                    ( - 1.548e+02 1 0))))
s>        ( WDBNDRY_I 0 -1.180e+06 1.669e+03 5.222e+03
s>            ( QUESTION2_0_L -1 -1.467e+05 4.693e+02 6.442e+02
s>                ( - -1.277e+05 9 0)
s>                ( - -1.851e+04 1 0))
s>            ( QUESTION2_0_L -1 -1.032e+06 1.587e+02 4.578e+03
s>                ( - -1.025e+06 11 0 WDBNDRY_B 0 1.542e+02 4.547e+03)
s>                ( - -6.714e+03 4 0 QUESTION2_4_L -1 1.178e+02 3.018e+01))))INFO: dtree.c(1478): Final simple tree
|( QUESTION0_0_R 1 -1.838e+06 8.394e+03 7.993e+03
|    ( SILENCE -1 -1.279e+06 6.193e+03 5.600e+03
|        ( - -1.888e+05 8 0 QUESTION0 1 1.255e+03 8.337e+02)
|        ( QUESTION14 -1 -1.084e+06 4.485e+03 4.766e+03
|            ( WDBNDRY_B 0 -4.060e+05 2.594e+03 1.794e+03
|                ( - -2.198e+05 20 0 QUESTION0 1 8.050e+02 9.560e+02)
|                ( - -1.836e+05 9 0 QUESTION0 1 1.469e+02 8.384e+02))
|            ( QUESTION10 -1 -6.732e+05 2.182e+03 2.972e+03
|                ( - -2.775e+05 20 0 QUESTION0 1 1.093e+03 1.245e+03)
|                ( - -3.935e+05 50 0 QUESTION3 -1 1.063e+03 1.727e+03))))
|    ( WDBNDRY_B 0 -5.513e+05 2.228e+03 2.393e+03
|        ( - -1.374e+05 21 0 QUESTION0 -1 3.194e+02 5.964e+02)
|        ( QUESTION0_13_R 1 -4.117e+05 1.580e+03 1.797e+03
|            ( - -2.910e+05 6 0 WDBNDRY_E 0 4.508e+02 1.278e+03)
|            ( - -1.191e+05 24 0 QUESTION0_3_R 1 1.058e+03 5.184e+02))))
s>    ( QUESTION0_0_R 1 -1.838e+06 8.394e+03 7.993e+03
s>        ( SILENCE -1 -1.279e+06 6.193e+03 5.600e+03
s>            ( - -1.888e+05 8 0 QUESTION0 1 1.255e+03 8.337e+02)
s>            ( QUESTION14 -1 -1.084e+06 4.485e+03 4.766e+03
s>                ( WDBNDRY_B 0 -4.060e+05 2.594e+03 1.794e+03
s>                    ( - -2.198e+05 20 0 QUESTION0 1 8.050e+02 9.560e+02)
s>                    ( - -1.836e+05 9 0 QUESTION0 1 1.469e+02 8.384e+02))
s>                ( QUESTION10 -1 -6.732e+05 2.182e+03 2.972e+03
s>                    ( - -2.775e+05 20 0 QUESTION0 1 1.093e+03 1.245e+03)
s>                    ( - -3.935e+05 50 0 QUESTION3 -1 1.063e+03 1.727e+03))))
s>        ( WDBNDRY_B 0 -5.513e+05 2.228e+03 2.393e+03
s>            ( - -1.374e+05 21 0 QUESTION0 -1 3.194e+02 5.964e+02)
s>            ( QUESTION0_13_R 1 -4.117e+05 1.580e+03 1.797e+03
s>                ( - -2.910e+05 6 0 WDBNDRY_E 0 4.508e+02 1.278e+03)
s>                ( - -1.191e+05 24 0 QUESTION0_3_R 1 1.058e+03 5.184e+02))))INFO: dtree.c(1315): Comp split 1
INFO: dtree.c(1478): Final simple tree
|( SILENCE -1 -1.279e+06 6.193e+03 5.600e+03
|    ( QUESTION0 1 -1.888e+05 1.255e+03 8.337e+02
|        ( - -8.357e+04 6 0)
|        ( - -1.040e+05 2 0))
|    ( QUESTION14 -1 -1.084e+06 4.485e+03 4.766e+03
|        ( WDBNDRY_B 0 -4.060e+05 2.594e+03 1.794e+03
|            ( - -2.198e+05 20 0 QUESTION0 1 8.050e+02 9.560e+02)
|            ( - -1.836e+05 9 0 QUESTION0 1 1.469e+02 8.384e+02))
|        ( QUESTION10 -1 -6.732e+05 2.182e+03 2.972e+03
|            ( QUESTION0 1 -2.775e+05 1.093e+03 1.245e+03
|                ( - -1.341e+05 15 0 WDBNDRY_B 0 4.779e+02 5.980e+02)
|                ( - -1.424e+05 5 0 WDBNDRY_B 0 3.313e+02 6.474e+02))
|            ( QUESTION3 -1 -3.935e+05 1.063e+03 1.727e+03
|                ( - -9.795e+04 7 0 QUESTION0 1 4.927e+02 4.351e+02)
|                ( - -2.945e+05 43 0 QUESTION0 1 7.002e+02 1.291e+03)))))
s>    ( SILENCE -1 -1.279e+06 6.193e+03 5.600e+03
s>        ( QUESTION0 1 -1.888e+05 1.255e+03 8.337e+02
s>            ( - -8.357e+04 6 0)
s>            ( - -1.040e+05 2 0))
s>        ( QUESTION14 -1 -1.084e+06 4.485e+03 4.766e+03
s>            ( WDBNDRY_B 0 -4.060e+05 2.594e+03 1.794e+03
s>                ( - -2.198e+05 20 0 QUESTION0 1 8.050e+02 9.560e+02)
s>                ( - -1.836e+05 9 0 QUESTION0 1 1.469e+02 8.384e+02))
s>            ( QUESTION10 -1 -6.732e+05 2.182e+03 2.972e+03
s>                ( QUESTION0 1 -2.775e+05 1.093e+03 1.245e+03
s>                    ( - -1.341e+05 15 0 WDBNDRY_B 0 4.779e+02 5.980e+02)
s>                    ( - -1.424e+05 5 0 WDBNDRY_B 0 3.313e+02 6.474e+02))
s>                ( QUESTION3 -1 -3.935e+05 1.063e+03 1.727e+03
s>                    ( - -9.795e+04 7 0 QUESTION0 1 4.927e+02 4.351e+02)
s>                    ( - -2.945e+05 43 0 QUESTION0 1 7.002e+02 1.291e+03)))))INFO: dtree.c(1478): Final simple tree
|( WDBNDRY_B 0 -5.513e+05 2.228e+03 2.393e+03
|    ( - -1.374e+05 21 0 QUESTION0 -1 3.194e+02 5.964e+02)
|    ( QUESTION0_13_R 1 -4.117e+05 1.580e+03 1.797e+03
|        ( WDBNDRY_E 0 -2.910e+05 4.508e+02 1.278e+03
|            ( - 6.607e+01 1 0)
|            ( QUESTION0 -1 -2.906e+05 4.362e+02 1.277e+03
|                ( - -2.904e+05 4 0)
|                ( - 1.651e+02 1 0)))
|        ( QUESTION0_3_R 1 -1.191e+05 1.058e+03 5.184e+02
|            ( - -1.907e+04 5 0 WDBNDRY_E 0 1.383e+02 8.649e+01)
|            ( QUESTION0_11_R 1 -9.900e+04 5.107e+02 4.319e+02
|                ( - -7.226e+04 2 0)
|                ( QUESTION12 1 -2.624e+04 4.425e+02 1.150e+02
|                    ( - 2.159e+02 1 0)
|                    ( - -2.601e+04 16 0 QUESTION5 1 2.697e+02 1.140e+02))))))
s>    ( WDBNDRY_B 0 -5.513e+05 2.228e+03 2.393e+03
s>        ( - -1.374e+05 21 0 QUESTION0 -1 3.194e+02 5.964e+02)
s>        ( QUESTION0_13_R 1 -4.117e+05 1.580e+03 1.797e+03
s>            ( WDBNDRY_E 0 -2.910e+05 4.508e+02 1.278e+03
s>                ( - 6.607e+01 1 0)
s>                ( QUESTION0 -1 -2.906e+05 4.362e+02 1.277e+03
s>                    ( - -2.904e+05 4 0)
s>                    ( - 1.651e+02 1 0)))
s>            ( QUESTION0_3_R 1 -1.191e+05 1.058e+03 5.184e+02
s>                ( - -1.907e+04 5 0 WDBNDRY_E 0 1.383e+02 8.649e+01)
s>                ( QUESTION0_11_R 1 -9.900e+04 5.107e+02 4.319e+02
s>                    ( - -7.226e+04 2 0)
s>                    ( QUESTION12 1 -2.624e+04 4.425e+02 1.150e+02
s>                        ( - 2.159e+02 1 0)
s>                        ( - -2.601e+04 16 0 QUESTION5 1 2.697e+02 1.140e+02))))))INFO: dtree.c(1315): Comp split 2
INFO: dtree.c(1439): stop. leaf nodes are specific
INFO: dtree.c(1478): Final simple tree
|( WDBNDRY_I 0 -2.436e+06 5.720e+03 1.057e+04
|    ( QUESTION2_0_L -1 -9.603e+05 1.319e+02 4.230e+03
|        ( - -9.598e+05 25 0)
|        ( - -3.319e+02 1 0))
|    ( QUESTION2_4_L -1 -1.470e+06 2.115e+03 6.336e+03
|        ( - -9.196e+04 4 0)
|        ( QUESTION2_0_L -1 -1.376e+06 4.168e+02 5.925e+03
|            ( WDBNDRY_B 0 -1.376e+06 1.536e+02 5.924e+03
|                ( - -1.374e+06 25 0)
|                ( - -1.206e+03 1 0))
|            ( - 1.548e+02 1 0))))
s>    ( WDBNDRY_I 0 -2.436e+06 5.720e+03 1.057e+04
s>        ( QUESTION2_0_L -1 -9.603e+05 1.319e+02 4.230e+03
s>            ( - -9.598e+05 25 0)
s>            ( - -3.319e+02 1 0))
s>        ( QUESTION2_4_L -1 -1.470e+06 2.115e+03 6.336e+03
s>            ( - -9.196e+04 4 0)
s>            ( QUESTION2_0_L -1 -1.376e+06 4.168e+02 5.925e+03
s>                ( WDBNDRY_B 0 -1.376e+06 1.536e+02 5.924e+03
s>                    ( - -1.374e+06 25 0)
s>                    ( - -1.206e+03 1 0))
s>                ( - 1.548e+02 1 0))))INFO: dtree.c(1439): stop. leaf nodes are specific
INFO: dtree.c(1478): Final simple tree
|( WDBNDRY_I 0 -1.180e+06 1.669e+03 5.222e+03
|    ( QUESTION2_0_L -1 -1.467e+05 4.693e+02 6.442e+02
|        ( - -1.277e+05 9 0)
|        ( - -1.851e+04 1 0))
|    ( QUESTION2_0_L -1 -1.032e+06 1.587e+02 4.578e+03
|        ( WDBNDRY_B 0 -1.025e+06 1.542e+02 4.547e+03
|            ( - -1.025e+06 10 0)
|            ( - -2.824e+02 1 0))
|        ( QUESTION2_4_L -1 -6.714e+03 1.178e+02 3.018e+01
|            ( - -6.230e+03 3 0)
|            ( - -3.659e+02 1 0))))
s>    ( WDBNDRY_I 0 -1.180e+06 1.669e+03 5.222e+03
s>        ( QUESTION2_0_L -1 -1.467e+05 4.693e+02 6.442e+02
s>            ( - -1.277e+05 9 0)
s>            ( - -1.851e+04 1 0))
s>        ( QUESTION2_0_L -1 -1.032e+06 1.587e+02 4.578e+03
s>            ( WDBNDRY_B 0 -1.025e+06 1.542e+02 4.547e+03
s>                ( - -1.025e+06 10 0)
s>                ( - -2.824e+02 1 0))
s>            ( QUESTION2_4_L -1 -6.714e+03 1.178e+02 3.018e+01
s>                ( - -6.230e+03 3 0)
s>                ( - -3.659e+02 1 0))))INFO: dtree.c(1315): Comp split 3
INFO: dtree.c(1478): Final simple tree
|( QUESTION14 -1 -1.084e+06 4.485e+03 4.766e+03
|    ( WDBNDRY_B 0 -4.060e+05 2.594e+03 1.794e+03
|        ( QUESTION0 1 -2.198e+05 8.050e+02 9.560e+02
|            ( - -1.572e+05 12 0)
|            ( - -6.181e+04 8 0))
|        ( - -1.836e+05 9 0 QUESTION0 1 1.469e+02 8.384e+02))
|    ( QUESTION10 -1 -6.732e+05 2.182e+03 2.972e+03
|        ( QUESTION0 1 -2.775e+05 1.093e+03 1.245e+03
|            ( - -1.341e+05 15 0 WDBNDRY_B 0 4.779e+02 5.980e+02)
|            ( - -1.424e+05 5 0 WDBNDRY_B 0 3.313e+02 6.474e+02))
|        ( QUESTION3 -1 -3.935e+05 1.063e+03 1.727e+03
|            ( - -9.795e+04 7 0 QUESTION0 1 4.927e+02 4.351e+02)
|            ( QUESTION0 1 -2.945e+05 7.002e+02 1.291e+03
|                ( - -2.335e+05 27 0 QUESTION2 -1 6.553e+02 1.020e+03)
|                ( - -6.033e+04 16 0 QUESTION7 -1 2.240e+02 2.716e+02)))))
s>    ( QUESTION14 -1 -1.084e+06 4.485e+03 4.766e+03
s>        ( WDBNDRY_B 0 -4.060e+05 2.594e+03 1.794e+03
s>            ( QUESTION0 1 -2.198e+05 8.050e+02 9.560e+02
s>                ( - -1.572e+05 12 0)
s>                ( - -6.181e+04 8 0))
s>            ( - -1.836e+05 9 0 QUESTION0 1 1.469e+02 8.384e+02))
s>        ( QUESTION10 -1 -6.732e+05 2.182e+03 2.972e+03
s>            ( QUESTION0 1 -2.775e+05 1.093e+03 1.245e+03
s>                ( - -1.341e+05 15 0 WDBNDRY_B 0 4.779e+02 5.980e+02)
s>                ( - -1.424e+05 5 0 WDBNDRY_B 0 3.313e+02 6.474e+02))
s>            ( QUESTION3 -1 -3.935e+05 1.063e+03 1.727e+03
s>                ( - -9.795e+04 7 0 QUESTION0 1 4.927e+02 4.351e+02)
s>                ( QUESTION0 1 -2.945e+05 7.002e+02 1.291e+03
s>                    ( - -2.335e+05 27 0 QUESTION2 -1 6.553e+02 1.020e+03)
s>                    ( - -6.033e+04 16 0 QUESTION7 -1 2.240e+02 2.716e+02)))))INFO: dtree.c(1439): stop. leaf nodes are specific
INFO: dtree.c(1478): Final simple tree
|( QUESTION0 1 -1.888e+05 1.255e+03 8.337e+02
|    ( - -8.357e+04 6 0)
|    ( - -1.040e+05 2 0))
s>    ( QUESTION0 1 -1.888e+05 1.255e+03 8.337e+02
s>        ( - -8.357e+04 6 0)
s>        ( - -1.040e+05 2 0))INFO: dtree.c(1315): Comp split 4
INFO: dtree.c(1439): stop. leaf nodes are specific
INFO: dtree.c(1478): Final simple tree
|( QUESTION2_4_L -1 -1.470e+06 2.115e+03 6.336e+03
|    ( - -9.196e+04 4 0)
|    ( QUESTION2_0_L -1 -1.376e+06 4.168e+02 5.925e+03
|        ( WDBNDRY_B 0 -1.376e+06 1.536e+02 5.924e+03
|            ( - -1.374e+06 25 0)
|            ( - -1.206e+03 1 0))
|        ( - 1.548e+02 1 0)))
s>    ( QUESTION2_4_L -1 -1.470e+06 2.115e+03 6.336e+03
s>        ( - -9.196e+04 4 0)
s>        ( QUESTION2_0_L -1 -1.376e+06 4.168e+02 5.925e+03
s>            ( WDBNDRY_B 0 -1.376e+06 1.536e+02 5.924e+03
s>                ( - -1.374e+06 25 0)
s>                ( - -1.206e+03 1 0))
s>            ( - 1.548e+02 1 0)))INFO: dtree.c(1439): stop. leaf nodes are specific
INFO: dtree.c(1478): Final simple tree
|( QUESTION2_0_L -1 -9.603e+05 1.319e+02 4.230e+03
|    ( - -9.598e+05 25 0)
|    ( - -3.319e+02 1 0))
s>    ( QUESTION2_0_L -1 -9.603e+05 1.319e+02 4.230e+03
s>        ( - -9.598e+05 25 0)
s>        ( - -3.319e+02 1 0))INFO: dtree.c(1315): Comp split 5
INFO: dtree.c(1478): Final simple tree
|( QUESTION10 -1 -8.329e+05 2.612e+03 3.655e+03
|    ( QUESTION0 1 -2.775e+05 1.093e+03 1.245e+03
|        ( - -1.341e+05 15 0 WDBNDRY_B 0 4.779e+02 5.980e+02)
|        ( - -1.424e+05 5 0 WDBNDRY_B 0 3.313e+02 6.474e+02))
|    ( QUESTION14 -1 -5.527e+05 2.051e+03 2.410e+03
|        ( - -1.572e+05 12 0)
|        ( QUESTION3 -1 -3.935e+05 1.063e+03 1.727e+03
|            ( QUESTION0 1 -9.795e+04 4.927e+02 4.351e+02
|                ( - -4.309e+04 5 0)
|                ( - -5.437e+04 2 0))
|            ( QUESTION0 1 -2.945e+05 7.002e+02 1.291e+03
|                ( QUESTION2 -1 -2.335e+05 6.553e+02 1.020e+03
|                    ( - -2.384e+04 5 0 WDBNDRY_B 0 1.992e+02 1.066e+02)
|                    ( - -2.090e+05 22 0 QUESTION20 -1 4.883e+02 9.132e+02))
|                ( - -6.033e+04 16 0 QUESTION7 -1 2.240e+02 2.716e+02)))))
s>    ( QUESTION10 -1 -8.329e+05 2.612e+03 3.655e+03
s>        ( QUESTION0 1 -2.775e+05 1.093e+03 1.245e+03
s>            ( - -1.341e+05 15 0 WDBNDRY_B 0 4.779e+02 5.980e+02)
s>            ( - -1.424e+05 5 0 WDBNDRY_B 0 3.313e+02 6.474e+02))
s>        ( QUESTION14 -1 -5.527e+05 2.051e+03 2.410e+03
s>            ( - -1.572e+05 12 0)
s>            ( QUESTION3 -1 -3.935e+05 1.063e+03 1.727e+03
s>                ( QUESTION0 1 -9.795e+04 4.927e+02 4.351e+02
s>                    ( - -4.309e+04 5 0)
s>                    ( - -5.437e+04 2 0))
s>                ( QUESTION0 1 -2.945e+05 7.002e+02 1.291e+03
s>                    ( QUESTION2 -1 -2.335e+05 6.553e+02 1.020e+03
s>                        ( - -2.384e+04 5 0 WDBNDRY_B 0 1.992e+02 1.066e+02)
s>                        ( - -2.090e+05 22 0 QUESTION20 -1 4.883e+02 9.132e+02))
s>                    ( - -6.033e+04 16 0 QUESTION7 -1 2.240e+02 2.716e+02)))))INFO: dtree.c(1439): stop. leaf nodes are specific
INFO: dtree.c(1478): Final simple tree
|( QUESTION0 1 -2.462e+05 8.048e+02 1.111e+03
|    ( - -1.832e+05 8 0)
|    ( WDBNDRY_B 0 -6.225e+04 1.375e+02 2.750e+02
|        ( - -6.181e+04 8 0)
|        ( - -3.041e+02 1 0)))
s>    ( QUESTION0 1 -2.462e+05 8.048e+02 1.111e+03
s>        ( - -1.832e+05 8 0)
s>        ( WDBNDRY_B 0 -6.225e+04 1.375e+02 2.750e+02
s>            ( - -6.181e+04 8 0)
s>            ( - -3.041e+02 1 0)))INFO: dtree.c(1315): Comp split 6
INFO: dtree.c(1478): Final simple tree
|( QUESTION0 1 -3.387e+05 1.177e+03 1.517e+03
|    ( WDBNDRY_B 0 -1.341e+05 4.779e+02 5.980e+02
|        ( QUESTION11 -1 -4.935e+04 2.632e+02 2.179e+02
|            ( QUESTION2_15_L -1 -3.861e+04 2.807e+02 1.700e+02
|                ( - -3.439e+04 4 0)
|                ( - -3.943e+03 1 0))
|            ( - -1.047e+04 4 0 QUESTION2_14_L -1 1.238e+02 4.789e+01))
|        ( - -8.428e+04 6 0))
|    ( QUESTION11 -1 -2.034e+05 7.594e+02 9.190e+02
|        ( - -1.211e+05 4 0 WDBNDRY_B 0 1.758e+02 5.522e+02)
|        ( QUESTION10 -1 -8.157e+04 2.793e+02 3.667e+02
|            ( - -2.096e+04 1 0)
|            ( QUESTION7 -1 -6.033e+04 2.240e+02 2.716e+02
|                ( - -6.133e+03 1 0)
|                ( - -5.397e+04 15 0 QUESTION17 -1 2.112e+02 2.430e+02)))))
s>    ( QUESTION0 1 -3.387e+05 1.177e+03 1.517e+03
s>        ( WDBNDRY_B 0 -1.341e+05 4.779e+02 5.980e+02
s>            ( QUESTION11 -1 -4.935e+04 2.632e+02 2.179e+02
s>                ( QUESTION2_15_L -1 -3.861e+04 2.807e+02 1.700e+02
s>                    ( - -3.439e+04 4 0)
s>                    ( - -3.943e+03 1 0))
s>                ( - -1.047e+04 4 0 QUESTION2_14_L -1 1.238e+02 4.789e+01))
s>            ( - -8.428e+04 6 0))
s>        ( QUESTION11 -1 -2.034e+05 7.594e+02 9.190e+02
s>            ( - -1.211e+05 4 0 WDBNDRY_B 0 1.758e+02 5.522e+02)
s>            ( QUESTION10 -1 -8.157e+04 2.793e+02 3.667e+02
s>                ( - -2.096e+04 1 0)
s>                ( QUESTION7 -1 -6.033e+04 2.240e+02 2.716e+02
s>                    ( - -6.133e+03 1 0)
s>                    ( - -5.397e+04 15 0 QUESTION17 -1 2.112e+02 2.430e+02)))))INFO: dtree.c(1478): Final simple tree
|( QUESTION14 -1 -4.915e+05 1.879e+03 2.138e+03
|    ( - -1.572e+05 12 0)
|    ( QUESTION2 -1 -3.325e+05 1.120e+03 1.455e+03
|        ( QUESTION0 1 -1.224e+05 7.150e+02 5.417e+02
|            ( - -6.729e+04 10 0 QUESTION3 -1 3.640e+02 2.993e+02)
|            ( - -5.437e+04 2 0))
|        ( QUESTION20 -1 -2.090e+05 4.883e+02 9.132e+02
|            ( - -2.531e+04 8 0)
|            ( QUESTION17 -1 -1.832e+05 4.338e+02 8.029e+02
|                ( - -1.539e+04 3 0)
|                ( WDBNDRY_B 0 -1.674e+05 4.624e+02 7.356e+02
|                    ( QUESTION16 -1 -1.591e+05 4.663e+02 7.006e+02
|                        ( - -5.056e+04 3 0)
|                        ( - -1.081e+05 4 0))
|                    ( - -7.808e+03 4 0))))))
s>    ( QUESTION14 -1 -4.915e+05 1.879e+03 2.138e+03
s>        ( - -1.572e+05 12 0)
s>        ( QUESTION2 -1 -3.325e+05 1.120e+03 1.455e+03
s>            ( QUESTION0 1 -1.224e+05 7.150e+02 5.417e+02
s>                ( - -6.729e+04 10 0 QUESTION3 -1 3.640e+02 2.993e+02)
s>                ( - -5.437e+04 2 0))
s>            ( QUESTION20 -1 -2.090e+05 4.883e+02 9.132e+02
s>                ( - -2.531e+04 8 0)
s>                ( QUESTION17 -1 -1.832e+05 4.338e+02 8.029e+02
s>                    ( - -1.539e+04 3 0)
s>                    ( WDBNDRY_B 0 -1.674e+05 4.624e+02 7.356e+02
s>                        ( QUESTION16 -1 -1.591e+05 4.663e+02 7.006e+02
s>                            ( - -5.056e+04 3 0)
s>                            ( - -1.081e+05 4 0))
s>                        ( - -7.808e+03 4 0))))))INFO: dtree.c(1315): Comp split 7
INFO: dtree.c(1478): Final simple tree
|( QUESTION0_13_R 1 -3.911e+05 1.293e+03 1.709e+03
|    ( WDBNDRY_E 0 -2.910e+05 4.508e+02 1.278e+03
|        ( - 6.607e+01 1 0)
|        ( QUESTION0 -1 -2.906e+05 4.362e+02 1.277e+03
|            ( - -2.904e+05 4 0)
|            ( - 1.651e+02 1 0)))
|    ( QUESTION0_11_R 1 -9.878e+04 5.131e+02 4.309e+02
|        ( - -7.226e+04 2 0)
|        ( QUESTION5 1 -2.601e+04 2.697e+02 1.140e+02
|            ( WDBNDRY_E 0 -1.049e+04 4.574e+02 4.705e+01
|                ( - 2.178e+02 1 0)
|                ( QUESTION0_5_R 1 -1.025e+04 2.052e+02 4.605e+01
|                    ( - -1.283e+03 2 0)
|                    ( - -8.766e+03 1 0)))
|            ( - -1.525e+04 12 0 QUESTION19 1 1.584e+02 6.694e+01))))
s>    ( QUESTION0_13_R 1 -3.911e+05 1.293e+03 1.709e+03
s>        ( WDBNDRY_E 0 -2.910e+05 4.508e+02 1.278e+03
s>            ( - 6.607e+01 1 0)
s>            ( QUESTION0 -1 -2.906e+05 4.362e+02 1.277e+03
s>                ( - -2.904e+05 4 0)
s>                ( - 1.651e+02 1 0)))
s>        ( QUESTION0_11_R 1 -9.878e+04 5.131e+02 4.309e+02
s>            ( - -7.226e+04 2 0)
s>            ( QUESTION5 1 -2.601e+04 2.697e+02 1.140e+02
s>                ( WDBNDRY_E 0 -1.049e+04 4.574e+02 4.705e+01
s>                    ( - 2.178e+02 1 0)
s>                    ( QUESTION0_5_R 1 -1.025e+04 2.052e+02 4.605e+01
s>                        ( - -1.283e+03 2 0)
s>                        ( - -8.766e+03 1 0)))
s>                ( - -1.525e+04 12 0 QUESTION19 1 1.584e+02 6.694e+01))))INFO: dtree.c(1478): Final simple tree
|( WDBNDRY_I 0 -1.576e+05 9.864e+02 6.839e+02
|    ( - -1.837e+04 4 0 QUESTION0 -1 1.331e+02 8.349e+01)
|    ( QUESTION0_18_R 1 -1.383e+05 4.420e+02 6.004e+02
|        ( - 2.159e+02 1 0)
|        ( QUESTION0 -1 -1.380e+05 3.200e+02 5.994e+02
|            ( QUESTION0_11_R 1 -9.362e+04 2.331e+02 4.073e+02
|                ( - -8.862e+04 4 0)
|                ( - -4.776e+03 5 0 WDBNDRY_B 0 1.340e+02 2.111e+01))
|            ( QUESTION14 -1 -4.410e+04 2.239e+02 1.921e+02
|                ( - -2.574e+04 2 0)
|                ( QUESTION17 -1 -1.814e+04 1.407e+02 7.794e+01
|                    ( - -2.527e+03 2 0)
|                    ( QUESTION0_11_R 1 -1.547e+04 1.344e+02 6.694e+01
|                        ( - -1.404e+04 6 0 SILENCE -1 4.468e+02 6.094e+01)
|                        ( - -1.301e+03 3 0 SILENCE -1 4.622e+02 6.000e+00)))))))
s>    ( WDBNDRY_I 0 -1.576e+05 9.864e+02 6.839e+02
s>        ( - -1.837e+04 4 0 QUESTION0 -1 1.331e+02 8.349e+01)
s>        ( QUESTION0_18_R 1 -1.383e+05 4.420e+02 6.004e+02
s>            ( - 2.159e+02 1 0)
s>            ( QUESTION0 -1 -1.380e+05 3.200e+02 5.994e+02
s>                ( QUESTION0_11_R 1 -9.362e+04 2.331e+02 4.073e+02
s>                    ( - -8.862e+04 4 0)
s>                    ( - -4.776e+03 5 0 WDBNDRY_B 0 1.340e+02 2.111e+01))
s>                ( QUESTION14 -1 -4.410e+04 2.239e+02 1.921e+02
s>                    ( - -2.574e+04 2 0)
s>                    ( QUESTION17 -1 -1.814e+04 1.407e+02 7.794e+01
s>                        ( - -2.527e+03 2 0)
s>                        ( QUESTION0_11_R 1 -1.547e+04 1.344e+02 6.694e+01
s>                            ( - -1.404e+04 6 0 SILENCE -1 4.468e+02 6.094e+01)
s>                            ( - -1.301e+03 3 0 SILENCE -1 4.622e+02 6.000e+00)))))))INFO: dtree.c(1315): Comp split 8
INFO: dtree.c(1439): stop. leaf nodes are specific
INFO: dtree.c(1478): Final simple tree
|( QUESTION0 1 -2.144e+05 9.147e+02 9.430e+02
|    ( QUESTION16 -1 -1.591e+05 4.663e+02 7.006e+02
|        ( - -5.056e+04 3 0)
|        ( - -1.081e+05 4 0))
|    ( - -5.437e+04 2 0))
s>    ( QUESTION0 1 -2.144e+05 9.147e+02 9.430e+02
s>        ( QUESTION16 -1 -1.591e+05 4.663e+02 7.006e+02
s>            ( - -5.056e+04 3 0)
s>            ( - -1.081e+05 4 0))
s>        ( - -5.437e+04 2 0))INFO: dtree.c(1478): Final simple tree
|( QUESTION14 -1 -2.746e+05 9.144e+02 1.195e+03
|    ( - -1.572e+05 12 0)
|    ( QUESTION3 -1 -1.166e+05 4.063e+02 5.119e+02
|        ( - -4.309e+04 5 0)
|        ( WDBNDRY_B 0 -7.307e+04 3.435e+02 3.192e+02
|            ( QUESTION6 -1 -6.301e+04 2.710e+02 2.762e+02
|                ( - -1.627e+04 1 0)
|                ( QUESTION2 -1 -4.647e+04 1.414e+02 2.025e+02
|                    ( - -5.499e+03 2 0)
|                    ( QUESTION16 -1 -4.083e+04 1.360e+02 1.776e+02
|                        ( - -1.539e+04 3 0)
|                        ( - -2.531e+04 8 0))))
|            ( QUESTION2 -1 -9.711e+03 1.928e+02 4.300e+01
|                ( - -1.710e+03 2 0)
|                ( - -7.808e+03 4 0)))))
s>    ( QUESTION14 -1 -2.746e+05 9.144e+02 1.195e+03
s>        ( - -1.572e+05 12 0)
s>        ( QUESTION3 -1 -1.166e+05 4.063e+02 5.119e+02
s>            ( - -4.309e+04 5 0)
s>            ( WDBNDRY_B 0 -7.307e+04 3.435e+02 3.192e+02
s>                ( QUESTION6 -1 -6.301e+04 2.710e+02 2.762e+02
s>                    ( - -1.627e+04 1 0)
s>                    ( QUESTION2 -1 -4.647e+04 1.414e+02 2.025e+02
s>                        ( - -5.499e+03 2 0)
s>                        ( QUESTION16 -1 -4.083e+04 1.360e+02 1.776e+02
s>                            ( - -1.539e+04 3 0)
s>                            ( - -2.531e+04 8 0))))
s>                ( QUESTION2 -1 -9.711e+03 1.928e+02 4.300e+01
s>                    ( - -1.710e+03 2 0)
s>                    ( - -7.808e+03 4 0)))))INFO: dtree.c(1315): Comp split 9
INFO: dtree.c(1439): stop. leaf nodes are specific
INFO: dtree.c(1478): Final simple tree
|( QUESTION2_0_L -1 -1.376e+06 4.168e+02 5.925e+03
|    ( WDBNDRY_B 0 -1.376e+06 1.536e+02 5.924e+03
|        ( - -1.374e+06 25 0)
|        ( - -1.206e+03 1 0))
|    ( - 1.548e+02 1 0))
s>    ( QUESTION2_0_L -1 -1.376e+06 4.168e+02 5.925e+03
s>        ( WDBNDRY_B 0 -1.376e+06 1.536e+02 5.924e+03
s>            ( - -1.374e+06 25 0)
s>            ( - -1.206e+03 1 0))
s>        ( - 1.548e+02 1 0))INFO: dtree.c(1315): Comp split 10
INFO: dtree.c(1439): stop. leaf nodes are specific
INFO: dtree.c(1478): Final simple tree
|( WDBNDRY_I 0 -1.051e+06 4.239e+02 4.660e+03
|    ( - -1.851e+04 1 0)
|    ( QUESTION2_0_L -1 -1.032e+06 1.587e+02 4.578e+03
|        ( WDBNDRY_B 0 -1.025e+06 1.542e+02 4.547e+03
|            ( - -1.025e+06 10 0)
|            ( - -2.824e+02 1 0))
|        ( QUESTION2_4_L -1 -6.714e+03 1.178e+02 3.018e+01
|            ( - -6.230e+03 3 0)
|            ( - -3.659e+02 1 0))))
s>    ( WDBNDRY_I 0 -1.051e+06 4.239e+02 4.660e+03
s>        ( - -1.851e+04 1 0)
s>        ( QUESTION2_0_L -1 -1.032e+06 1.587e+02 4.578e+03
s>            ( WDBNDRY_B 0 -1.025e+06 1.542e+02 4.547e+03
s>                ( - -1.025e+06 10 0)
s>                ( - -2.824e+02 1 0))
s>            ( QUESTION2_4_L -1 -6.714e+03 1.178e+02 3.018e+01
s>                ( - -6.230e+03 3 0)
s>                ( - -3.659e+02 1 0))))INFO: dtree.c(1315): Comp split 11
INFO: dtree.c(1478): Final simple tree
|( QUESTION0_11_R 1 -9.878e+04 5.131e+02 4.309e+02
|    ( - -7.226e+04 2 0)
|    ( QUESTION5 1 -2.601e+04 2.697e+02 1.140e+02
|        ( WDBNDRY_E 0 -1.049e+04 4.574e+02 4.705e+01
|            ( - 2.178e+02 1 0)
|            ( QUESTION0_5_R 1 -1.025e+04 2.052e+02 4.605e+01
|                ( - -1.283e+03 2 0)
|                ( - -8.766e+03 1 0)))
|        ( QUESTION19 1 -1.525e+04 1.584e+02 6.694e+01
|            ( WDBNDRY_E 0 -1.037e+04 2.141e+02 4.694e+01
|                ( - -3.457e+03 2 0)
|                ( - -6.702e+03 1 0))
|            ( QUESTION0_2_R 1 -4.716e+03 1.233e+02 2.000e+01
|                ( - -4.739e+02 2 0 WDBNDRY_E 0 7.614e+02 2.000e+00)
|                ( - -4.119e+03 7 0 QUESTION0 -1 1.286e+02 1.800e+01)))))
s>    ( QUESTION0_11_R 1 -9.878e+04 5.131e+02 4.309e+02
s>        ( - -7.226e+04 2 0)
s>        ( QUESTION5 1 -2.601e+04 2.697e+02 1.140e+02
s>            ( WDBNDRY_E 0 -1.049e+04 4.574e+02 4.705e+01
s>                ( - 2.178e+02 1 0)
s>                ( QUESTION0_5_R 1 -1.025e+04 2.052e+02 4.605e+01
s>                    ( - -1.283e+03 2 0)
s>                    ( - -8.766e+03 1 0)))
s>            ( QUESTION19 1 -1.525e+04 1.584e+02 6.694e+01
s>                ( WDBNDRY_E 0 -1.037e+04 2.141e+02 4.694e+01
s>                    ( - -3.457e+03 2 0)
s>                    ( - -6.702e+03 1 0))
s>                ( QUESTION0_2_R 1 -4.716e+03 1.233e+02 2.000e+01
s>                    ( - -4.739e+02 2 0 WDBNDRY_E 0 7.614e+02 2.000e+00)
s>                    ( - -4.119e+03 7 0 QUESTION0 -1 1.286e+02 1.800e+01)))))INFO: dtree.c(1439): stop. leaf nodes are specific
INFO: dtree.c(1478): Final simple tree
|( WDBNDRY_E 0 -2.910e+05 4.508e+02 1.278e+03
|    ( - 6.607e+01 1 0)
|    ( QUESTION0 -1 -2.906e+05 4.362e+02 1.277e+03
|        ( - -2.904e+05 4 0)
|        ( - 1.651e+02 1 0)))
s>    ( WDBNDRY_E 0 -2.910e+05 4.508e+02 1.278e+03
s>        ( - 6.607e+01 1 0)
s>        ( QUESTION0 -1 -2.906e+05 4.362e+02 1.277e+03
s>            ( - -2.904e+05 4 0)
s>            ( - 1.651e+02 1 0)))INFO: dtree.c(1315): Comp split 12
INFO: dtree.c(1315): Comp split 13
INFO: dtree.c(1478): Final simple tree
|( QUESTION2_15_L -1 -2.077e+05 7.575e+02 9.370e+02
|    ( WDBNDRY_B 0 -1.211e+05 1.758e+02 5.522e+02
|        ( - -1.438e+04 2 0)
|        ( - -1.065e+05 2 0))
|    ( QUESTION0 1 -8.583e+04 3.156e+02 3.847e+02
|        ( - -3.943e+03 1 0)
|        ( QUESTION10 -1 -8.157e+04 2.793e+02 3.667e+02
|            ( - -2.096e+04 1 0)
|            ( QUESTION7 -1 -6.033e+04 2.240e+02 2.716e+02
|                ( - -6.133e+03 1 0)
|                ( QUESTION17 -1 -5.397e+04 2.112e+02 2.430e+02
|                    ( - -1.529e+04 3 0)
|                    ( QUESTION19 -1 -3.847e+04 1.430e+02 1.726e+02
|                        ( - -1.077e+04 5 0 WDBNDRY_B 0 1.465e+02 4.972e+01)
|                        ( - -2.755e+04 7 0 QUESTION18 -1 1.340e+02 1.229e+02)))))))
s>    ( QUESTION2_15_L -1 -2.077e+05 7.575e+02 9.370e+02
s>        ( WDBNDRY_B 0 -1.211e+05 1.758e+02 5.522e+02
s>            ( - -1.438e+04 2 0)
s>            ( - -1.065e+05 2 0))
s>        ( QUESTION0 1 -8.583e+04 3.156e+02 3.847e+02
s>            ( - -3.943e+03 1 0)
s>            ( QUESTION10 -1 -8.157e+04 2.793e+02 3.667e+02
s>                ( - -2.096e+04 1 0)
s>                ( QUESTION7 -1 -6.033e+04 2.240e+02 2.716e+02
s>                    ( - -6.133e+03 1 0)
s>                    ( QUESTION17 -1 -5.397e+04 2.112e+02 2.430e+02
s>                        ( - -1.529e+04 3 0)
s>                        ( QUESTION19 -1 -3.847e+04 1.430e+02 1.726e+02
s>                            ( - -1.077e+04 5 0 WDBNDRY_B 0 1.465e+02 4.972e+01)
s>                            ( - -2.755e+04 7 0 QUESTION18 -1 1.340e+02 1.229e+02)))))))INFO: dtree.c(1439): stop. leaf nodes are specific
INFO: dtree.c(1478): Final simple tree
|( WDBNDRY_B 0 -1.298e+05 4.197e+02 5.800e+02
|    ( QUESTION11 -1 -4.510e+04 2.382e+02 1.999e+02
|        ( - -3.439e+04 4 0)
|        ( QUESTION2_14_L -1 -1.047e+04 1.238e+02 4.789e+01
|            ( - -7.675e+02 1 0)
|            ( - -9.581e+03 3 0)))
|    ( - -8.428e+04 6 0))
s>    ( WDBNDRY_B 0 -1.298e+05 4.197e+02 5.800e+02
s>        ( QUESTION11 -1 -4.510e+04 2.382e+02 1.999e+02
s>            ( - -3.439e+04 4 0)
s>            ( QUESTION2_14_L -1 -1.047e+04 1.238e+02 4.789e+01
s>                ( - -7.675e+02 1 0)
s>                ( - -9.581e+03 3 0)))
s>        ( - -8.428e+04 6 0))INFO: dtree.c(1315): Comp split 14
INFO: dtree.c(1478): Final simple tree
|( QUESTION0_18_R 1 -1.383e+05 4.420e+02 6.004e+02
|    ( - 2.159e+02 1 0)
|    ( QUESTION0 -1 -1.380e+05 3.200e+02 5.994e+02
|        ( QUESTION0_11_R 1 -9.362e+04 2.331e+02 4.073e+02
|            ( - -8.862e+04 4 0)
|            ( - -4.776e+03 5 0 WDBNDRY_B 0 1.340e+02 2.111e+01))
|        ( QUESTION14 -1 -4.410e+04 2.239e+02 1.921e+02
|            ( - -2.574e+04 2 0)
|            ( QUESTION17 -1 -1.814e+04 1.407e+02 7.794e+01
|                ( - -2.527e+03 2 0)
|                ( QUESTION0_11_R 1 -1.547e+04 1.344e+02 6.694e+01
|                    ( - -1.404e+04 6 0 SILENCE -1 4.468e+02 6.094e+01)
|                    ( SILENCE -1 -1.301e+03 4.622e+02 6.000e+00
|                        ( - 2.168e+02 1 0)
|                        ( - -1.055e+03 2 0 QUESTION2 -1 4.299e+02 5.000e+00)))))))
s>    ( QUESTION0_18_R 1 -1.383e+05 4.420e+02 6.004e+02
s>        ( - 2.159e+02 1 0)
s>        ( QUESTION0 -1 -1.380e+05 3.200e+02 5.994e+02
s>            ( QUESTION0_11_R 1 -9.362e+04 2.331e+02 4.073e+02
s>                ( - -8.862e+04 4 0)
s>                ( - -4.776e+03 5 0 WDBNDRY_B 0 1.340e+02 2.111e+01))
s>            ( QUESTION14 -1 -4.410e+04 2.239e+02 1.921e+02
s>                ( - -2.574e+04 2 0)
s>                ( QUESTION17 -1 -1.814e+04 1.407e+02 7.794e+01
s>                    ( - -2.527e+03 2 0)
s>                    ( QUESTION0_11_R 1 -1.547e+04 1.344e+02 6.694e+01
s>                        ( - -1.404e+04 6 0 SILENCE -1 4.468e+02 6.094e+01)
s>                        ( SILENCE -1 -1.301e+03 4.622e+02 6.000e+00
s>                            ( - 2.168e+02 1 0)
s>                            ( - -1.055e+03 2 0 QUESTION2 -1 4.299e+02 5.000e+00)))))))INFO: dtree.c(1439): stop. leaf nodes are specific
INFO: dtree.c(1478): Final simple tree
|( QUESTION0 -1 -1.837e+04 1.331e+02 8.349e+01
|    ( - -1.723e+04 3 0)
|    ( - -1.011e+03 1 0))
s>    ( QUESTION0 -1 -1.837e+04 1.331e+02 8.349e+01
s>        ( - -1.723e+04 3 0)
s>        ( - -1.011e+03 1 0))INFO: dtree.c(1315): Comp split 15
INFO: dtree.c(1439): stop. leaf nodes are specific
INFO: dtree.c(1478): Final simple tree
|( QUESTION16 -1 -1.591e+05 4.663e+02 7.006e+02
|    ( - -5.056e+04 3 0)
|    ( - -1.081e+05 4 0))
s>    ( QUESTION16 -1 -1.591e+05 4.663e+02 7.006e+02
s>        ( - -5.056e+04 3 0)
s>        ( - -1.081e+05 4 0))INFO: dtree.c(1315): Comp split 16
INFO: dtree.c(1439): stop. leaf nodes are specific
INFO: dtree.c(1478): Final simple tree
|( QUESTION3 -1 -1.166e+05 4.063e+02 5.119e+02
|    ( - -4.309e+04 5 0)
|    ( WDBNDRY_B 0 -7.307e+04 3.435e+02 3.192e+02
|        ( QUESTION6 -1 -6.301e+04 2.710e+02 2.762e+02
|            ( - -1.627e+04 1 0)
|            ( QUESTION2 -1 -4.647e+04 1.414e+02 2.025e+02
|                ( - -5.499e+03 2 0)
|                ( QUESTION16 -1 -4.083e+04 1.360e+02 1.776e+02
|                    ( - -1.539e+04 3 0)
|                    ( - -2.531e+04 8 0))))
|        ( QUESTION2 -1 -9.711e+03 1.928e+02 4.300e+01
|            ( - -1.710e+03 2 0)
|            ( - -7.808e+03 4 0))))
s>    ( QUESTION3 -1 -1.166e+05 4.063e+02 5.119e+02
s>        ( - -4.309e+04 5 0)
s>        ( WDBNDRY_B 0 -7.307e+04 3.435e+02 3.192e+02
s>            ( QUESTION6 -1 -6.301e+04 2.710e+02 2.762e+02
s>                ( - -1.627e+04 1 0)
s>                ( QUESTION2 -1 -4.647e+04 1.414e+02 2.025e+02
s>                    ( - -5.499e+03 2 0)
s>                    ( QUESTION16 -1 -4.083e+04 1.360e+02 1.776e+02
s>                        ( - -1.539e+04 3 0)
s>                        ( - -2.531e+04 8 0))))
s>            ( QUESTION2 -1 -9.711e+03 1.928e+02 4.300e+01
s>                ( - -1.710e+03 2 0)
s>                ( - -7.808e+03 4 0))))INFO: dtree.c(1315): Comp split 17
INFO: dtree.c(1439): stop. leaf nodes are specific
INFO: dtree.c(1478): Final simple tree
|( WDBNDRY_B 0 -6.225e+04 1.375e+02 2.750e+02
|    ( - -6.181e+04 8 0)
|    ( - -3.041e+02 1 0))
s>    ( WDBNDRY_B 0 -6.225e+04 1.375e+02 2.750e+02
s>        ( - -6.181e+04 8 0)
s>        ( - -3.041e+02 1 0))INFO: dtree.c(1315): Comp split 18
INFO: dtree.c(1478): Final simple tree
|( QUESTION0 1 -8.583e+04 3.156e+02 3.847e+02
|    ( - -3.943e+03 1 0)
|    ( QUESTION10 -1 -8.157e+04 2.793e+02 3.667e+02
|        ( - -2.096e+04 1 0)
|        ( QUESTION7 -1 -6.033e+04 2.240e+02 2.716e+02
|            ( - -6.133e+03 1 0)
|            ( QUESTION17 -1 -5.397e+04 2.112e+02 2.430e+02
|                ( - -1.529e+04 3 0)
|                ( QUESTION19 -1 -3.847e+04 1.430e+02 1.726e+02
|                    ( WDBNDRY_B 0 -1.077e+04 1.465e+02 4.972e+01
|                        ( - -7.098e+03 3 0 QUESTION2_17_L -1 1.051e+02 3.277e+01)
|                        ( - -3.527e+03 2 0))
|                    ( QUESTION18 -1 -2.755e+04 1.340e+02 1.229e+02
|                        ( - -1.996e+04 3 0)
|                        ( - -7.456e+03 4 0 WDBNDRY_B 0 1.236e+02 3.200e+01)))))))
s>    ( QUESTION0 1 -8.583e+04 3.156e+02 3.847e+02
s>        ( - -3.943e+03 1 0)
s>        ( QUESTION10 -1 -8.157e+04 2.793e+02 3.667e+02
s>            ( - -2.096e+04 1 0)
s>            ( QUESTION7 -1 -6.033e+04 2.240e+02 2.716e+02
s>                ( - -6.133e+03 1 0)
s>                ( QUESTION17 -1 -5.397e+04 2.112e+02 2.430e+02
s>                    ( - -1.529e+04 3 0)
s>                    ( QUESTION19 -1 -3.847e+04 1.430e+02 1.726e+02
s>                        ( WDBNDRY_B 0 -1.077e+04 1.465e+02 4.972e+01
s>                            ( - -7.098e+03 3 0 QUESTION2_17_L -1 1.051e+02 3.277e+01)
s>                            ( - -3.527e+03 2 0))
s>                        ( QUESTION18 -1 -2.755e+04 1.340e+02 1.229e+02
s>                            ( - -1.996e+04 3 0)
s>                            ( - -7.456e+03 4 0 WDBNDRY_B 0 1.236e+02 3.200e+01)))))))INFO: dtree.c(1439): stop. leaf nodes are specific
INFO: dtree.c(1478): Final simple tree
|( WDBNDRY_B 0 -1.211e+05 1.758e+02 5.522e+02
|    ( - -1.438e+04 2 0)
|    ( - -1.065e+05 2 0))
s>    ( WDBNDRY_B 0 -1.211e+05 1.758e+02 5.522e+02
s>        ( - -1.438e+04 2 0)
s>        ( - -1.065e+05 2 0))INFO: dtree.c(1315): Comp split 19
INFO: dtree.c(1439): stop. leaf nodes are specific
INFO: dtree.c(1478): Final simple tree
|( WDBNDRY_B 0 -9.487e+04 1.238e+02 4.280e+02
|    ( QUESTION2_14_L -1 -1.047e+04 1.238e+02 4.789e+01
|        ( - -7.675e+02 1 0)
|        ( - -9.581e+03 3 0))
|    ( - -8.428e+04 6 0))
s>    ( WDBNDRY_B 0 -9.487e+04 1.238e+02 4.280e+02
s>        ( QUESTION2_14_L -1 -1.047e+04 1.238e+02 4.789e+01
s>            ( - -7.675e+02 1 0)
s>            ( - -9.581e+03 3 0))
s>        ( - -8.428e+04 6 0))INFO: dtree.c(1315): Comp split 20
INFO: dtree.c(1478): Final simple tree
|( QUESTION5 1 -2.577e+04 2.686e+02 1.130e+02
|    ( QUESTION0_5_R 1 -1.025e+04 2.052e+02 4.605e+01
|        ( - -1.283e+03 2 0)
|        ( - -8.766e+03 1 0))
|    ( QUESTION19 1 -1.525e+04 1.584e+02 6.694e+01
|        ( WDBNDRY_E 0 -1.037e+04 2.141e+02 4.694e+01
|            ( - -3.457e+03 2 0)
|            ( - -6.702e+03 1 0))
|        ( QUESTION0_2_R 1 -4.716e+03 1.233e+02 2.000e+01
|            ( WDBNDRY_E 0 -4.739e+02 7.614e+02 2.000e+00
|                ( - 1.177e+02 1 0)
|                ( - 1.698e+02 1 0))
|            ( QUESTION0 -1 -4.119e+03 1.286e+02 1.800e+01
|                ( - -3.665e+03 6 0 QUESTION0_17_R 1 4.737e+02 1.600e+01)
|                ( - -3.254e+02 1 0)))))
s>    ( QUESTION5 1 -2.577e+04 2.686e+02 1.130e+02
s>        ( QUESTION0_5_R 1 -1.025e+04 2.052e+02 4.605e+01
s>            ( - -1.283e+03 2 0)
s>            ( - -8.766e+03 1 0))
s>        ( QUESTION19 1 -1.525e+04 1.584e+02 6.694e+01
s>            ( WDBNDRY_E 0 -1.037e+04 2.141e+02 4.694e+01
s>                ( - -3.457e+03 2 0)
s>                ( - -6.702e+03 1 0))
s>            ( QUESTION0_2_R 1 -4.716e+03 1.233e+02 2.000e+01
s>                ( WDBNDRY_E 0 -4.739e+02 7.614e+02 2.000e+00
s>                    ( - 1.177e+02 1 0)
s>                    ( - 1.698e+02 1 0))
s>                ( QUESTION0 -1 -4.119e+03 1.286e+02 1.800e+01
s>                    ( - -3.665e+03 6 0 QUESTION0_17_R 1 4.737e+02 1.600e+01)
s>                    ( - -3.254e+02 1 0)))))INFO: dtree.c(1439): stop. leaf nodes are specific
INFO: dtree.c(1478): Final simple tree
|( WDBNDRY_E 0 -7.249e+04 4.535e+02 3.179e+02
|    ( - 2.178e+02 1 0)
|    ( - -7.226e+04 2 0))
s>    ( WDBNDRY_E 0 -7.249e+04 4.535e+02 3.179e+02
s>        ( - 2.178e+02 1 0)
s>        ( - -7.226e+04 2 0))INFO: dtree.c(1315): Comp split 21
INFO: dtree.c(1478): Final simple tree
|( SILENCE -1 -1.380e+05 4.534e+02 5.994e+02
|    ( - 2.170e+02 1 0)
|    ( QUESTION0_18_R 1 -1.378e+05 4.420e+02 5.984e+02
|        ( - 2.159e+02 1 0)
|        ( QUESTION0 -1 -1.375e+05 3.100e+02 5.974e+02
|            ( QUESTION0_11_R 1 -9.362e+04 2.331e+02 4.073e+02
|                ( - -8.862e+04 4 0)
|                ( WDBNDRY_B 0 -4.776e+03 1.340e+02 2.111e+01
|                    ( - -4.082e+03 4 0 QUESTION0_2_R 1 1.551e+02 1.811e+01)
|                    ( - -5.600e+02 1 0)))
|            ( QUESTION14 -1 -4.361e+04 2.207e+02 1.901e+02
|                ( - -2.574e+04 2 0)
|                ( QUESTION17 -1 -1.765e+04 1.411e+02 7.594e+01
|                    ( - -2.527e+03 2 0)
|                    ( - -1.498e+04 7 0 QUESTION5 -1 1.292e+02 6.494e+01))))))
s>    ( SILENCE -1 -1.380e+05 4.534e+02 5.994e+02
s>        ( - 2.170e+02 1 0)
s>        ( QUESTION0_18_R 1 -1.378e+05 4.420e+02 5.984e+02
s>            ( - 2.159e+02 1 0)
s>            ( QUESTION0 -1 -1.375e+05 3.100e+02 5.974e+02
s>                ( QUESTION0_11_R 1 -9.362e+04 2.331e+02 4.073e+02
s>                    ( - -8.862e+04 4 0)
s>                    ( WDBNDRY_B 0 -4.776e+03 1.340e+02 2.111e+01
s>                        ( - -4.082e+03 4 0 QUESTION0_2_R 1 1.551e+02 1.811e+01)
s>                        ( - -5.600e+02 1 0)))
s>                ( QUESTION14 -1 -4.361e+04 2.207e+02 1.901e+02
s>                    ( - -2.574e+04 2 0)
s>                    ( QUESTION17 -1 -1.765e+04 1.411e+02 7.594e+01
s>                        ( - -2.527e+03 2 0)
s>                        ( - -1.498e+04 7 0 QUESTION5 -1 1.292e+02 6.494e+01))))))INFO: dtree.c(1315): Comp split 22
INFO: dtree.c(1315): Comp split 23
INFO: dtree.c(1315): Comp split 24
INFO: dtree.c(1478): Final simple tree
|( QUESTION0_18_R 1 -1.378e+05 4.420e+02 5.984e+02
|    ( - 2.159e+02 1 0)
|    ( QUESTION0 -1 -1.375e+05 3.100e+02 5.974e+02
|        ( QUESTION0_11_R 1 -9.362e+04 2.331e+02 4.073e+02
|            ( - -8.862e+04 4 0)
|            ( WDBNDRY_B 0 -4.776e+03 1.340e+02 2.111e+01
|                ( QUESTION0_2_R 1 -4.082e+03 1.551e+02 1.811e+01
|                    ( - -2.800e+02 1 0)
|                    ( - -3.647e+03 3 0))
|                ( - -5.600e+02 1 0)))
|        ( QUESTION14 -1 -4.361e+04 2.207e+02 1.901e+02
|            ( - -2.574e+04 2 0)
|            ( QUESTION17 -1 -1.765e+04 1.411e+02 7.594e+01
|                ( - -2.527e+03 2 0)
|                ( - -1.498e+04 7 0 QUESTION5 -1 1.292e+02 6.494e+01)))))
s>    ( QUESTION0_18_R 1 -1.378e+05 4.420e+02 5.984e+02
s>        ( - 2.159e+02 1 0)
s>        ( QUESTION0 -1 -1.375e+05 3.100e+02 5.974e+02
s>            ( QUESTION0_11_R 1 -9.362e+04 2.331e+02 4.073e+02
s>                ( - -8.862e+04 4 0)
s>                ( WDBNDRY_B 0 -4.776e+03 1.340e+02 2.111e+01
s>                    ( QUESTION0_2_R 1 -4.082e+03 1.551e+02 1.811e+01
s>                        ( - -2.800e+02 1 0)
s>                        ( - -3.647e+03 3 0))
s>                    ( - -5.600e+02 1 0)))
s>            ( QUESTION14 -1 -4.361e+04 2.207e+02 1.901e+02
s>                ( - -2.574e+04 2 0)
s>                ( QUESTION17 -1 -1.765e+04 1.411e+02 7.594e+01
s>                    ( - -2.527e+03 2 0)
s>                    ( - -1.498e+04 7 0 QUESTION5 -1 1.292e+02 6.494e+01)))))INFO: dtree.c(1315): Comp split 25
INFO: dtree.c(1478): Final simple tree
|( QUESTION10 1 -2.544e+04 4.389e+02 1.120e+02
|    ( - 1.698e+02 1 0)
|    ( QUESTION0_2_R 1 -2.517e+04 2.682e+02 1.110e+02
|        ( QUESTION0_5_R 1 -1.025e+04 2.052e+02 4.605e+01
|            ( - -1.283e+03 2 0)
|            ( - -8.766e+03 1 0))
|        ( QUESTION19 1 -1.464e+04 1.520e+02 6.494e+01
|            ( WDBNDRY_E 0 -1.037e+04 2.141e+02 4.694e+01
|                ( - -3.457e+03 2 0)
|                ( - -6.702e+03 1 0))
|            ( QUESTION0 -1 -4.119e+03 1.286e+02 1.800e+01
|                ( QUESTION0_17_R 1 -3.665e+03 4.737e+02 1.600e+01
|                    ( - -3.432e+03 5 0 WDBNDRY_E 0 9.779e+01 1.500e+01)
|                    ( - 2.402e+02 1 0))
|                ( - -3.254e+02 1 0)))))
s>    ( QUESTION10 1 -2.544e+04 4.389e+02 1.120e+02
s>        ( - 1.698e+02 1 0)
s>        ( QUESTION0_2_R 1 -2.517e+04 2.682e+02 1.110e+02
s>            ( QUESTION0_5_R 1 -1.025e+04 2.052e+02 4.605e+01
s>                ( - -1.283e+03 2 0)
s>                ( - -8.766e+03 1 0))
s>            ( QUESTION19 1 -1.464e+04 1.520e+02 6.494e+01
s>                ( WDBNDRY_E 0 -1.037e+04 2.141e+02 4.694e+01
s>                    ( - -3.457e+03 2 0)
s>                    ( - -6.702e+03 1 0))
s>                ( QUESTION0 -1 -4.119e+03 1.286e+02 1.800e+01
s>                    ( QUESTION0_17_R 1 -3.665e+03 4.737e+02 1.600e+01
s>                        ( - -3.432e+03 5 0 WDBNDRY_E 0 9.779e+01 1.500e+01)
s>                        ( - 2.402e+02 1 0))
s>                    ( - -3.254e+02 1 0)))))INFO: dtree.c(1315): Comp split 26
INFO: dtree.c(1478): Final simple tree
|( QUESTION10 1 -2.520e+04 4.390e+02 1.110e+02
|    ( - 1.698e+02 1 0)
|    ( QUESTION0_2_R 1 -2.494e+04 2.688e+02 1.100e+02
|        ( QUESTION0_5_R 1 -1.025e+04 2.052e+02 4.605e+01
|            ( - -1.283e+03 2 0)
|            ( - -8.766e+03 1 0))
|        ( WDBNDRY_E 0 -1.441e+04 1.536e+02 6.394e+01
|            ( QUESTION19 1 -5.168e+03 1.764e+02 2.327e+01
|                ( - -3.457e+03 2 0)
|                ( - -1.534e+03 2 0))
|            ( QUESTION0_17_R 1 -9.091e+03 1.427e+02 4.067e+01
|                ( QUESTION19 1 -8.623e+03 1.212e+02 3.867e+01
|                    ( - -6.702e+03 1 0)
|                    ( - -1.800e+03 3 0))
|                ( - -3.254e+02 1 0)))))
s>    ( QUESTION10 1 -2.520e+04 4.390e+02 1.110e+02
s>        ( - 1.698e+02 1 0)
s>        ( QUESTION0_2_R 1 -2.494e+04 2.688e+02 1.100e+02
s>            ( QUESTION0_5_R 1 -1.025e+04 2.052e+02 4.605e+01
s>                ( - -1.283e+03 2 0)
s>                ( - -8.766e+03 1 0))
s>            ( WDBNDRY_E 0 -1.441e+04 1.536e+02 6.394e+01
s>                ( QUESTION19 1 -5.168e+03 1.764e+02 2.327e+01
s>                    ( - -3.457e+03 2 0)
s>                    ( - -1.534e+03 2 0))
s>                ( QUESTION0_17_R 1 -9.091e+03 1.427e+02 4.067e+01
s>                    ( QUESTION19 1 -8.623e+03 1.212e+02 3.867e+01
s>                        ( - -6.702e+03 1 0)
s>                        ( - -1.800e+03 3 0))
s>                    ( - -3.254e+02 1 0)))))INFO: dtree.c(1315): Comp split 27
INFO: dtree.c(1439): stop. leaf nodes are specific
INFO: dtree.c(1478): Final simple tree
|( QUESTION0 -1 -2.906e+05 4.362e+02 1.277e+03
|    ( - -2.904e+05 4 0)
|    ( - 1.651e+02 1 0))
s>    ( QUESTION0 -1 -2.906e+05 4.362e+02 1.277e+03
s>        ( - -2.904e+05 4 0)
s>        ( - 1.651e+02 1 0))INFO: dtree.c(1315): Comp split 28
INFO: dtree.c(1478): Final simple tree
|( QUESTION0 -1 -1.375e+05 3.100e+02 5.974e+02
|    ( QUESTION0_11_R 1 -9.362e+04 2.331e+02 4.073e+02
|        ( - -8.862e+04 4 0)
|        ( WDBNDRY_B 0 -4.776e+03 1.340e+02 2.111e+01
|            ( QUESTION0_2_R 1 -4.082e+03 1.551e+02 1.811e+01
|                ( - -2.800e+02 1 0)
|                ( - -3.647e+03 3 0))
|            ( - -5.600e+02 1 0)))
|    ( QUESTION14 -1 -4.361e+04 2.207e+02 1.901e+02
|        ( - -2.574e+04 2 0)
|        ( QUESTION17 -1 -1.765e+04 1.411e+02 7.594e+01
|            ( - -2.527e+03 2 0)
|            ( QUESTION5 -1 -1.498e+04 1.292e+02 6.494e+01
|                ( - -8.116e+02 1 0)
|                ( - -1.404e+04 6 0 QUESTION20 -1 1.242e+02 6.094e+01)))))
s>    ( QUESTION0 -1 -1.375e+05 3.100e+02 5.974e+02
s>        ( QUESTION0_11_R 1 -9.362e+04 2.331e+02 4.073e+02
s>            ( - -8.862e+04 4 0)
s>            ( WDBNDRY_B 0 -4.776e+03 1.340e+02 2.111e+01
s>                ( QUESTION0_2_R 1 -4.082e+03 1.551e+02 1.811e+01
s>                    ( - -2.800e+02 1 0)
s>                    ( - -3.647e+03 3 0))
s>                ( - -5.600e+02 1 0)))
s>        ( QUESTION14 -1 -4.361e+04 2.207e+02 1.901e+02
s>            ( - -2.574e+04 2 0)
s>            ( QUESTION17 -1 -1.765e+04 1.411e+02 7.594e+01
s>                ( - -2.527e+03 2 0)
s>                ( QUESTION5 -1 -1.498e+04 1.292e+02 6.494e+01
s>                    ( - -8.116e+02 1 0)
s>                    ( - -1.404e+04 6 0 QUESTION20 -1 1.242e+02 6.094e+01)))))INFO: dtree.c(1315): Comp split 29
INFO: dtree.c(1439): stop. leaf nodes are specific
INFO: dtree.c(1478): Final simple tree
|( QUESTION0_2_R 1 -2.494e+04 2.688e+02 1.100e+02
|    ( QUESTION0_5_R 1 -1.025e+04 2.052e+02 4.605e+01
|        ( - -1.283e+03 2 0)
|        ( - -8.766e+03 1 0))
|    ( WDBNDRY_E 0 -1.441e+04 1.536e+02 6.394e+01
|        ( QUESTION19 1 -5.168e+03 1.764e+02 2.327e+01
|            ( - -3.457e+03 2 0)
|            ( - -1.534e+03 2 0))
|        ( QUESTION0_17_R 1 -9.091e+03 1.427e+02 4.067e+01
|            ( QUESTION19 1 -8.623e+03 1.212e+02 3.867e+01
|                ( - -6.702e+03 1 0)
|                ( - -1.800e+03 3 0))
|            ( - -3.254e+02 1 0))))
s>    ( QUESTION0_2_R 1 -2.494e+04 2.688e+02 1.100e+02
s>        ( QUESTION0_5_R 1 -1.025e+04 2.052e+02 4.605e+01
s>            ( - -1.283e+03 2 0)
s>            ( - -8.766e+03 1 0))
s>        ( WDBNDRY_E 0 -1.441e+04 1.536e+02 6.394e+01
s>            ( QUESTION19 1 -5.168e+03 1.764e+02 2.327e+01
s>                ( - -3.457e+03 2 0)
s>                ( - -1.534e+03 2 0))
s>            ( QUESTION0_17_R 1 -9.091e+03 1.427e+02 4.067e+01
s>                ( QUESTION19 1 -8.623e+03 1.212e+02 3.867e+01
s>                    ( - -6.702e+03 1 0)
s>                    ( - -1.800e+03 3 0))
s>                ( - -3.254e+02 1 0))))INFO: dtree.c(1315): Comp split 30
INFO: dtree.c(1315): Comp split 31
INFO: dtree.c(1439): stop. leaf nodes are specific
INFO: dtree.c(1478): Final simple tree
|( QUESTION2_0_L -1 -1.032e+06 1.587e+02 4.578e+03
|    ( WDBNDRY_B 0 -1.025e+06 1.542e+02 4.547e+03
|        ( - -1.025e+06 10 0)
|        ( - -2.824e+02 1 0))
|    ( QUESTION2_4_L -1 -6.714e+03 1.178e+02 3.018e+01
|        ( - -6.230e+03 3 0)
|        ( - -3.659e+02 1 0)))
s>    ( QUESTION2_0_L -1 -1.032e+06 1.587e+02 4.578e+03
s>        ( WDBNDRY_B 0 -1.025e+06 1.542e+02 4.547e+03
s>            ( - -1.025e+06 10 0)
s>            ( - -2.824e+02 1 0))
s>        ( QUESTION2_4_L -1 -6.714e+03 1.178e+02 3.018e+01
s>            ( - -6.230e+03 3 0)
s>            ( - -3.659e+02 1 0)))INFO: dtree.c(1315): Comp split 32
INFO: dtree.c(1439): stop. leaf nodes are specific
INFO: dtree.c(1478): Final simple tree
|( WDBNDRY_B 0 -1.376e+06 1.536e+02 5.924e+03
|    ( - -1.374e+06 25 0)
|    ( - -1.206e+03 1 0))
s>    ( WDBNDRY_B 0 -1.376e+06 1.536e+02 5.924e+03
s>        ( - -1.374e+06 25 0)
s>        ( - -1.206e+03 1 0))INFO: dtree.c(1315): Comp split 33
INFO: dtree.c(1439): stop. leaf nodes are specific
INFO: dtree.c(1478): Final simple tree
|( WDBNDRY_B 0 -7.307e+04 3.435e+02 3.192e+02
|    ( QUESTION6 -1 -6.301e+04 2.710e+02 2.762e+02
|        ( - -1.627e+04 1 0)
|        ( QUESTION2 -1 -4.647e+04 1.414e+02 2.025e+02
|            ( - -5.499e+03 2 0)
|            ( QUESTION16 -1 -4.083e+04 1.360e+02 1.776e+02
|                ( - -1.539e+04 3 0)
|                ( - -2.531e+04 8 0))))
|    ( QUESTION2 -1 -9.711e+03 1.928e+02 4.300e+01
|        ( - -1.710e+03 2 0)
|        ( - -7.808e+03 4 0)))
s>    ( WDBNDRY_B 0 -7.307e+04 3.435e+02 3.192e+02
s>        ( QUESTION6 -1 -6.301e+04 2.710e+02 2.762e+02
s>            ( - -1.627e+04 1 0)
s>            ( QUESTION2 -1 -4.647e+04 1.414e+02 2.025e+02
s>                ( - -5.499e+03 2 0)
s>                ( QUESTION16 -1 -4.083e+04 1.360e+02 1.776e+02
s>                    ( - -1.539e+04 3 0)
s>                    ( - -2.531e+04 8 0))))
s>        ( QUESTION2 -1 -9.711e+03 1.928e+02 4.300e+01
s>            ( - -1.710e+03 2 0)
s>            ( - -7.808e+03 4 0)))INFO: dtree.c(1315): Comp split 34
INFO: dtree.c(1439): stop. leaf nodes are specific
INFO: dtree.c(1478): Final simple tree
|( QUESTION6 -1 -6.301e+04 2.710e+02 2.762e+02
|    ( - -1.627e+04 1 0)
|    ( QUESTION2 -1 -4.647e+04 1.414e+02 2.025e+02
|        ( - -5.499e+03 2 0)
|        ( QUESTION16 -1 -4.083e+04 1.360e+02 1.776e+02
|            ( - -1.539e+04 3 0)
|            ( - -2.531e+04 8 0))))
s>    ( QUESTION6 -1 -6.301e+04 2.710e+02 2.762e+02
s>        ( - -1.627e+04 1 0)
s>        ( QUESTION2 -1 -4.647e+04 1.414e+02 2.025e+02
s>            ( - -5.499e+03 2 0)
s>            ( QUESTION16 -1 -4.083e+04 1.360e+02 1.776e+02
s>                ( - -1.539e+04 3 0)
s>                ( - -2.531e+04 8 0))))INFO: dtree.c(1439): stop. leaf nodes are specific
INFO: dtree.c(1478): Final simple tree
|( QUESTION2 -1 -9.711e+03 1.928e+02 4.300e+01
|    ( - -1.710e+03 2 0)
|    ( - -7.808e+03 4 0))
s>    ( QUESTION2 -1 -9.711e+03 1.928e+02 4.300e+01
s>        ( - -1.710e+03 2 0)
s>        ( - -7.808e+03 4 0))INFO: dtree.c(1315): Comp split 35
INFO: dtree.c(1478): Final simple tree
|( QUESTION0_11_R 1 -4.792e+04 2.565e+02 2.082e+02
|    ( QUESTION14 -1 -4.243e+04 2.179e+02 1.851e+02
|        ( - -2.574e+04 2 0)
|        ( QUESTION16 -1 -1.647e+04 1.380e+02 7.094e+01
|            ( - -2.527e+03 2 0)
|            ( QUESTION5 -1 -1.381e+04 1.318e+02 5.994e+01
|                ( - -8.116e+02 1 0)
|                ( QUESTION20 -1 -1.286e+04 1.280e+02 5.594e+01
|                    ( - -2.702e+03 1 0)
|                    ( - -1.003e+04 3 0 QUESTION12 -1 1.114e+02 4.393e+01)))))
|    ( QUESTION2 -1 -5.232e+03 4.274e+02 2.311e+01
|        ( - 1.756e+02 1 0)
|        ( QUESTION0_2_R 1 -4.980e+03 1.522e+02 2.211e+01
|            ( - -2.800e+02 1 0)
|            ( - -4.548e+03 4 0 QUESTION0 -1 1.004e+02 2.011e+01))))
s>    ( QUESTION0_11_R 1 -4.792e+04 2.565e+02 2.082e+02
s>        ( QUESTION14 -1 -4.243e+04 2.179e+02 1.851e+02
s>            ( - -2.574e+04 2 0)
s>            ( QUESTION16 -1 -1.647e+04 1.380e+02 7.094e+01
s>                ( - -2.527e+03 2 0)
s>                ( QUESTION5 -1 -1.381e+04 1.318e+02 5.994e+01
s>                    ( - -8.116e+02 1 0)
s>                    ( QUESTION20 -1 -1.286e+04 1.280e+02 5.594e+01
s>                        ( - -2.702e+03 1 0)
s>                        ( - -1.003e+04 3 0 QUESTION12 -1 1.114e+02 4.393e+01)))))
s>        ( QUESTION2 -1 -5.232e+03 4.274e+02 2.311e+01
s>            ( - 1.756e+02 1 0)
s>            ( QUESTION0_2_R 1 -4.980e+03 1.522e+02 2.211e+01
s>                ( - -2.800e+02 1 0)
s>                ( - -4.548e+03 4 0 QUESTION0 -1 1.004e+02 2.011e+01))))INFO: dtree.c(1439): stop. leaf nodes are specific
INFO: dtree.c(1478): Final simple tree
|( WDBNDRY_B 0 -8.929e+04 1.177e+02 3.892e+02
|    ( - -8.862e+04 4 0)
|    ( - -5.600e+02 1 0))
s>    ( WDBNDRY_B 0 -8.929e+04 1.177e+02 3.892e+02
s>        ( - -8.862e+04 4 0)
s>        ( - -5.600e+02 1 0))INFO: dtree.c(1315): Comp split 36
INFO: dtree.c(1478): Final simple tree
|( QUESTION0_11_R 1 -4.767e+04 2.554e+02 2.072e+02
|    ( QUESTION14 -1 -4.243e+04 2.179e+02 1.851e+02
|        ( - -2.574e+04 2 0)
|        ( QUESTION16 -1 -1.647e+04 1.380e+02 7.094e+01
|            ( - -2.527e+03 2 0)
|            ( QUESTION5 -1 -1.381e+04 1.318e+02 5.994e+01
|                ( - -8.116e+02 1 0)
|                ( QUESTION20 -1 -1.286e+04 1.280e+02 5.594e+01
|                    ( - -2.702e+03 1 0)
|                    ( QUESTION12 -1 -1.003e+04 1.114e+02 4.393e+01
|                        ( - -1.210e+03 1 0)
|                        ( - -8.711e+03 2 0 QUESTION2 -1 8.470e+01 3.893e+01))))))
|    ( QUESTION0_2_R 1 -4.980e+03 1.522e+02 2.211e+01
|        ( - -2.800e+02 1 0)
|        ( - -4.548e+03 4 0 QUESTION0 -1 1.004e+02 2.011e+01)))
s>    ( QUESTION0_11_R 1 -4.767e+04 2.554e+02 2.072e+02
s>        ( QUESTION14 -1 -4.243e+04 2.179e+02 1.851e+02
s>            ( - -2.574e+04 2 0)
s>            ( QUESTION16 -1 -1.647e+04 1.380e+02 7.094e+01
s>                ( - -2.527e+03 2 0)
s>                ( QUESTION5 -1 -1.381e+04 1.318e+02 5.994e+01
s>                    ( - -8.116e+02 1 0)
s>                    ( QUESTION20 -1 -1.286e+04 1.280e+02 5.594e+01
s>                        ( - -2.702e+03 1 0)
s>                        ( QUESTION12 -1 -1.003e+04 1.114e+02 4.393e+01
s>                            ( - -1.210e+03 1 0)
s>                            ( - -8.711e+03 2 0 QUESTION2 -1 8.470e+01 3.893e+01))))))
s>        ( QUESTION0_2_R 1 -4.980e+03 1.522e+02 2.211e+01
s>            ( - -2.800e+02 1 0)
s>            ( - -4.548e+03 4 0 QUESTION0 -1 1.004e+02 2.011e+01)))INFO: dtree.c(1315): Comp split 37
INFO: dtree.c(1478): Final simple tree
|( QUESTION10 -1 -8.157e+04 2.793e+02 3.667e+02
|    ( - -2.096e+04 1 0)
|    ( QUESTION7 -1 -6.033e+04 2.240e+02 2.716e+02
|        ( - -6.133e+03 1 0)
|        ( QUESTION17 -1 -5.397e+04 2.112e+02 2.430e+02
|            ( - -1.529e+04 3 0)
|            ( QUESTION19 -1 -3.847e+04 1.430e+02 1.726e+02
|                ( WDBNDRY_B 0 -1.077e+04 1.465e+02 4.972e+01
|                    ( - -7.098e+03 3 0 QUESTION2_17_L -1 1.051e+02 3.277e+01)
|                    ( - -3.527e+03 2 0))
|                ( QUESTION18 -1 -2.755e+04 1.340e+02 1.229e+02
|                    ( - -1.996e+04 3 0)
|                    ( WDBNDRY_B 0 -7.456e+03 1.236e+02 3.200e+01
|                        ( - -5.373e+03 3 0 QUESTION2 -1 1.353e+02 2.300e+01)
|                        ( - -1.959e+03 1 0)))))))
s>    ( QUESTION10 -1 -8.157e+04 2.793e+02 3.667e+02
s>        ( - -2.096e+04 1 0)
s>        ( QUESTION7 -1 -6.033e+04 2.240e+02 2.716e+02
s>            ( - -6.133e+03 1 0)
s>            ( QUESTION17 -1 -5.397e+04 2.112e+02 2.430e+02
s>                ( - -1.529e+04 3 0)
s>                ( QUESTION19 -1 -3.847e+04 1.430e+02 1.726e+02
s>                    ( WDBNDRY_B 0 -1.077e+04 1.465e+02 4.972e+01
s>                        ( - -7.098e+03 3 0 QUESTION2_17_L -1 1.051e+02 3.277e+01)
s>                        ( - -3.527e+03 2 0))
s>                    ( QUESTION18 -1 -2.755e+04 1.340e+02 1.229e+02
s>                        ( - -1.996e+04 3 0)
s>                        ( WDBNDRY_B 0 -7.456e+03 1.236e+02 3.200e+01
s>                            ( - -5.373e+03 3 0 QUESTION2 -1 1.353e+02 2.300e+01)
s>                            ( - -1.959e+03 1 0)))))))INFO: dtree.c(1315): Comp split 38
INFO: dtree.c(1439): stop. leaf nodes are specific
INFO: dtree.c(1478): Final simple tree
|( WDBNDRY_B 0 -2.303e+04 1.133e+02 1.041e+02
|    ( - -2.096e+04 1 0)
|    ( - -1.959e+03 1 0))
s>    ( WDBNDRY_B 0 -2.303e+04 1.133e+02 1.041e+02
s>        ( - -2.096e+04 1 0)
s>        ( - -1.959e+03 1 0))INFO: dtree.c(1478): Final simple tree
|( QUESTION2 -1 -5.824e+04 2.241e+02 2.626e+02
|    ( QUESTION6 -1 -7.783e+03 1.088e+02 3.564e+01
|        ( - -1.541e+03 1 0)
|        ( - -6.133e+03 1 0))
|    ( QUESTION17 -1 -5.024e+04 2.089e+02 2.270e+02
|        ( - -1.529e+04 3 0)
|        ( QUESTION16 -1 -3.474e+04 1.682e+02 1.566e+02
|            ( - -3.696e+03 2 0)
|            ( WDBNDRY_B 0 -3.087e+04 1.399e+02 1.406e+02
|                ( QUESTION19 -1 -2.721e+04 1.429e+02 1.237e+02
|                    ( QUESTION2_17_L -1 -7.098e+03 1.051e+02 3.277e+01
|                        ( - -8.204e+02 1 0)
|                        ( - -6.173e+03 2 0))
|                    ( - -1.996e+04 3 0))
|                ( - -3.527e+03 2 0)))))
s>    ( QUESTION2 -1 -5.824e+04 2.241e+02 2.626e+02
s>        ( QUESTION6 -1 -7.783e+03 1.088e+02 3.564e+01
s>            ( - -1.541e+03 1 0)
s>            ( - -6.133e+03 1 0))
s>        ( QUESTION17 -1 -5.024e+04 2.089e+02 2.270e+02
s>            ( - -1.529e+04 3 0)
s>            ( QUESTION16 -1 -3.474e+04 1.682e+02 1.566e+02
s>                ( - -3.696e+03 2 0)
s>                ( WDBNDRY_B 0 -3.087e+04 1.399e+02 1.406e+02
s>                    ( QUESTION19 -1 -2.721e+04 1.429e+02 1.237e+02
s>                        ( QUESTION2_17_L -1 -7.098e+03 1.051e+02 3.277e+01
s>                            ( - -8.204e+02 1 0)
s>                            ( - -6.173e+03 2 0))
s>                        ( - -1.996e+04 3 0))
s>                    ( - -3.527e+03 2 0)))))INFO: dtree.c(1315): Comp split 39
INFO: dtree.c(1439): stop. leaf nodes are specific
INFO: dtree.c(1478): Final simple tree
|( QUESTION2 -1 -4.647e+04 1.414e+02 2.025e+02
|    ( - -5.499e+03 2 0)
|    ( QUESTION16 -1 -4.083e+04 1.360e+02 1.776e+02
|        ( - -1.539e+04 3 0)
|        ( - -2.531e+04 8 0)))
s>    ( QUESTION2 -1 -4.647e+04 1.414e+02 2.025e+02
s>        ( - -5.499e+03 2 0)
s>        ( QUESTION16 -1 -4.083e+04 1.360e+02 1.776e+02
s>            ( - -1.539e+04 3 0)
s>            ( - -2.531e+04 8 0)))INFO: dtree.c(1315): Comp split 40
INFO: dtree.c(1439): stop. leaf nodes are specific
INFO: dtree.c(1478): Final simple tree
|( WDBNDRY_E 0 -1.441e+04 1.536e+02 6.394e+01
|    ( QUESTION19 1 -5.168e+03 1.764e+02 2.327e+01
|        ( - -3.457e+03 2 0)
|        ( - -1.534e+03 2 0))
|    ( QUESTION0_17_R 1 -9.091e+03 1.427e+02 4.067e+01
|        ( QUESTION19 1 -8.623e+03 1.212e+02 3.867e+01
|            ( - -6.702e+03 1 0)
|            ( - -1.800e+03 3 0))
|        ( - -3.254e+02 1 0)))
s>    ( WDBNDRY_E 0 -1.441e+04 1.536e+02 6.394e+01
s>        ( QUESTION19 1 -5.168e+03 1.764e+02 2.327e+01
s>            ( - -3.457e+03 2 0)
s>            ( - -1.534e+03 2 0))
s>        ( QUESTION0_17_R 1 -9.091e+03 1.427e+02 4.067e+01
s>            ( QUESTION19 1 -8.623e+03 1.212e+02 3.867e+01
s>                ( - -6.702e+03 1 0)
s>                ( - -1.800e+03 3 0))
s>            ( - -3.254e+02 1 0)))INFO: dtree.c(1439): stop. leaf nodes are specific
INFO: dtree.c(1478): Final simple tree
|( QUESTION0_5_R 1 -1.025e+04 2.052e+02 4.605e+01
|    ( - -1.283e+03 2 0)
|    ( - -8.766e+03 1 0))
s>    ( QUESTION0_5_R 1 -1.025e+04 2.052e+02 4.605e+01
s>        ( - -1.283e+03 2 0)
s>        ( - -8.766e+03 1 0))INFO: dtree.c(1315): Comp split 41
INFO: dtree.c(1478): Final simple tree
|( QUESTION0_11_R 1 -1.901e+04 2.219e+02 8.206e+01
|    ( QUESTION5 -1 -1.381e+04 1.318e+02 5.994e+01
|        ( - -8.116e+02 1 0)
|        ( QUESTION20 -1 -1.286e+04 1.280e+02 5.594e+01
|            ( - -2.702e+03 1 0)
|            ( QUESTION12 -1 -1.003e+04 1.114e+02 4.393e+01
|                ( - -1.210e+03 1 0)
|                ( QUESTION2 -1 -8.711e+03 8.470e+01 3.893e+01
|                    ( - -4.099e+03 1 0)
|                    ( - -4.527e+03 1 0)))))
|    ( QUESTION0_2_R 1 -4.980e+03 1.522e+02 2.211e+01
|        ( - -2.800e+02 1 0)
|        ( QUESTION0 -1 -4.548e+03 1.004e+02 2.011e+01
|            ( - -3.647e+03 3 0)
|            ( - -8.009e+02 1 0))))
s>    ( QUESTION0_11_R 1 -1.901e+04 2.219e+02 8.206e+01
s>        ( QUESTION5 -1 -1.381e+04 1.318e+02 5.994e+01
s>            ( - -8.116e+02 1 0)
s>            ( QUESTION20 -1 -1.286e+04 1.280e+02 5.594e+01
s>                ( - -2.702e+03 1 0)
s>                ( QUESTION12 -1 -1.003e+04 1.114e+02 4.393e+01
s>                    ( - -1.210e+03 1 0)
s>                    ( QUESTION2 -1 -8.711e+03 8.470e+01 3.893e+01
s>                        ( - -4.099e+03 1 0)
s>                        ( - -4.527e+03 1 0)))))
s>        ( QUESTION0_2_R 1 -4.980e+03 1.522e+02 2.211e+01
s>            ( - -2.800e+02 1 0)
s>            ( QUESTION0 -1 -4.548e+03 1.004e+02 2.011e+01
s>                ( - -3.647e+03 3 0)
s>                ( - -8.009e+02 1 0))))INFO: dtree.c(1439): stop. leaf nodes are specific
INFO: dtree.c(1478): Final simple tree
|( QUESTION14 -1 -2.839e+04 1.262e+02 1.252e+02
|    ( - -2.574e+04 2 0)
|    ( - -2.527e+03 2 0))
s>    ( QUESTION14 -1 -2.839e+04 1.262e+02 1.252e+02
s>        ( - -2.574e+04 2 0)
s>        ( - -2.527e+03 2 0))INFO: dtree.c(1315): Comp split 42
INFO: dtree.c(1439): stop. leaf nodes are specific
INFO: dtree.c(1478): Final simple tree
|( WDBNDRY_B 0 -1.893e+04 1.107e+02 8.727e+01
|    ( - -1.529e+04 3 0)
|    ( - -3.527e+03 2 0))
s>    ( WDBNDRY_B 0 -1.893e+04 1.107e+02 8.727e+01
s>        ( - -1.529e+04 3 0)
s>        ( - -3.527e+03 2 0))INFO: dtree.c(1439): stop. leaf nodes are specific
INFO: dtree.c(1478): Final simple tree
|( QUESTION2 -1 -3.906e+04 2.121e+02 1.753e+02
|    ( QUESTION6 -1 -7.783e+03 1.088e+02 3.564e+01
|        ( - -1.541e+03 1 0)
|        ( - -6.133e+03 1 0))
|    ( QUESTION16 -1 -3.107e+04 1.641e+02 1.397e+02
|        ( - -3.696e+03 2 0)
|        ( QUESTION19 -1 -2.721e+04 1.429e+02 1.237e+02
|            ( QUESTION2_17_L -1 -7.098e+03 1.051e+02 3.277e+01
|                ( - -8.204e+02 1 0)
|                ( - -6.173e+03 2 0))
|            ( - -1.996e+04 3 0))))
s>    ( QUESTION2 -1 -3.906e+04 2.121e+02 1.753e+02
s>        ( QUESTION6 -1 -7.783e+03 1.088e+02 3.564e+01
s>            ( - -1.541e+03 1 0)
s>            ( - -6.133e+03 1 0))
s>        ( QUESTION16 -1 -3.107e+04 1.641e+02 1.397e+02
s>            ( - -3.696e+03 2 0)
s>            ( QUESTION19 -1 -2.721e+04 1.429e+02 1.237e+02
s>                ( QUESTION2_17_L -1 -7.098e+03 1.051e+02 3.277e+01
s>                    ( - -8.204e+02 1 0)
s>                    ( - -6.173e+03 2 0))
s>                ( - -1.996e+04 3 0))))INFO: dtree.c(1315): Comp split 43
INFO: dtree.c(1439): stop. leaf nodes are specific
INFO: dtree.c(1478): Final simple tree
|( QUESTION20 -1 -1.286e+04 1.280e+02 5.594e+01
|    ( - -2.702e+03 1 0)
|    ( QUESTION12 -1 -1.003e+04 1.114e+02 4.393e+01
|        ( - -1.210e+03 1 0)
|        ( QUESTION2 -1 -8.711e+03 8.470e+01 3.893e+01
|            ( - -4.099e+03 1 0)
|            ( - -4.527e+03 1 0))))
s>    ( QUESTION20 -1 -1.286e+04 1.280e+02 5.594e+01
s>        ( - -2.702e+03 1 0)
s>        ( QUESTION12 -1 -1.003e+04 1.114e+02 4.393e+01
s>            ( - -1.210e+03 1 0)
s>            ( QUESTION2 -1 -8.711e+03 8.470e+01 3.893e+01
s>                ( - -4.099e+03 1 0)
s>                ( - -4.527e+03 1 0))))INFO: dtree.c(1439): stop. leaf nodes are specific
INFO: dtree.c(1478): Final simple tree
|( QUESTION0_2_R 1 -5.921e+03 1.542e+02 2.611e+01
|    ( - -2.800e+02 1 0)
|    ( QUESTION0_11_R 1 -5.487e+03 1.275e+02 2.411e+01
|        ( - -8.116e+02 1 0)
|        ( QUESTION0 -1 -4.548e+03 1.004e+02 2.011e+01
|            ( - -3.647e+03 3 0)
|            ( - -8.009e+02 1 0))))
s>    ( QUESTION0_2_R 1 -5.921e+03 1.542e+02 2.611e+01
s>        ( - -2.800e+02 1 0)
s>        ( QUESTION0_11_R 1 -5.487e+03 1.275e+02 2.411e+01
s>            ( - -8.116e+02 1 0)
s>            ( QUESTION0 -1 -4.548e+03 1.004e+02 2.011e+01
s>                ( - -3.647e+03 3 0)
s>                ( - -8.009e+02 1 0))))INFO: dtree.c(1315): Comp split 44
INFO: dtree.c(1439): stop. leaf nodes are specific
INFO: dtree.c(1478): Final simple tree
|( QUESTION19 1 -1.074e+04 1.447e+02 4.767e+01
|    ( - -6.702e+03 1 0)
|    ( QUESTION0_17_R 1 -3.890e+03 1.325e+02 1.700e+01
|        ( WDBNDRY_E 0 -3.432e+03 9.779e+01 1.500e+01
|            ( - -1.534e+03 2 0)
|            ( - -1.800e+03 3 0))
|        ( - -3.254e+02 1 0)))
s>    ( QUESTION19 1 -1.074e+04 1.447e+02 4.767e+01
s>        ( - -6.702e+03 1 0)
s>        ( QUESTION0_17_R 1 -3.890e+03 1.325e+02 1.700e+01
s>            ( WDBNDRY_E 0 -3.432e+03 9.779e+01 1.500e+01
s>                ( - -1.534e+03 2 0)
s>                ( - -1.800e+03 3 0))
s>            ( - -3.254e+02 1 0)))INFO: dtree.c(1315): Comp split 45
INFO: dtree.c(1439): stop. leaf nodes are specific
INFO: dtree.c(1478): Final simple tree
|( QUESTION6 -1 -8.716e+03 1.137e+02 3.964e+01
|    ( - -1.541e+03 1 0)
|    ( QUESTION2 -1 -7.061e+03 1.080e+02 3.264e+01
|        ( - -6.133e+03 1 0)
|        ( - -8.204e+02 1 0)))
s>    ( QUESTION6 -1 -8.716e+03 1.137e+02 3.964e+01
s>        ( - -1.541e+03 1 0)
s>        ( QUESTION2 -1 -7.061e+03 1.080e+02 3.264e+01
s>            ( - -6.133e+03 1 0)
s>            ( - -8.204e+02 1 0)))INFO: dtree.c(1439): stop. leaf nodes are specific
INFO: dtree.c(1478): Final simple tree
|( QUESTION16 -1 -3.013e+04 1.649e+02 1.357e+02
|    ( - -3.696e+03 2 0)
|    ( QUESTION19 -1 -2.627e+04 1.325e+02 1.197e+02
|        ( - -6.173e+03 2 0)
|        ( - -1.996e+04 3 0)))
s>    ( QUESTION16 -1 -3.013e+04 1.649e+02 1.357e+02
s>        ( - -3.696e+03 2 0)
s>        ( QUESTION19 -1 -2.627e+04 1.325e+02 1.197e+02
s>            ( - -6.173e+03 2 0)
s>            ( - -1.996e+04 3 0)))INFO: dtree.c(1315): Comp split 46
INFO: dtree.c(1315): Comp split 47
INFO: dtree.c(1315): Comp split 48
INFO: dtree.c(1315): Comp split 49
INFO: dtree.c(1439): stop. leaf nodes are specific
INFO: dtree.c(1478): Final simple tree
|( QUESTION19 -1 -2.627e+04 1.325e+02 1.197e+02
|    ( - -6.173e+03 2 0)
|    ( - -1.996e+04 3 0))
s>    ( QUESTION19 -1 -2.627e+04 1.325e+02 1.197e+02
s>        ( - -6.173e+03 2 0)
s>        ( - -1.996e+04 3 0))INFO: dtree.c(1315): Comp split 50
INFO: dtree.c(1439): stop. leaf nodes are specific
INFO: dtree.c(1478): Final simple tree
|( QUESTION2_4_L -1 -6.714e+03 1.178e+02 3.018e+01
|    ( - -6.230e+03 3 0)
|    ( - -3.659e+02 1 0))
s>    ( QUESTION2_4_L -1 -6.714e+03 1.178e+02 3.018e+01
s>        ( - -6.230e+03 3 0)
s>        ( - -3.659e+02 1 0))INFO: dtree.c(1439): stop. leaf nodes are specific
INFO: dtree.c(1478): Final simple tree
|( WDBNDRY_B 0 -1.025e+06 1.542e+02 4.547e+03
|    ( - -1.025e+06 10 0)
|    ( - -2.824e+02 1 0))
s>    ( WDBNDRY_B 0 -1.025e+06 1.542e+02 4.547e+03
s>        ( - -1.025e+06 10 0)
s>        ( - -2.824e+02 1 0))INFO: dtree.c(1315): Comp split 51
INFO: dtree.c(1439): stop. leaf nodes are specific
INFO: dtree.c(1478): Final simple tree
|( QUESTION0_11_R 1 -5.487e+03 1.275e+02 2.411e+01
|    ( - -8.116e+02 1 0)
|    ( QUESTION0 -1 -4.548e+03 1.004e+02 2.011e+01
|        ( - -3.647e+03 3 0)
|        ( - -8.009e+02 1 0)))
s>    ( QUESTION0_11_R 1 -5.487e+03 1.275e+02 2.411e+01
s>        ( - -8.116e+02 1 0)
s>        ( QUESTION0 -1 -4.548e+03 1.004e+02 2.011e+01
s>            ( - -3.647e+03 3 0)
s>            ( - -8.009e+02 1 0)))INFO: dtree.c(1315): Comp split 52
INFO: dtree.c(1315): Comp split 53
INFO: dtree.c(1315): Comp split 54
INFO: dtree.c(1439): stop. leaf nodes are specific
INFO: dtree.c(1478): Final simple tree
|( QUESTION0_17_R 1 -3.890e+03 1.325e+02 1.700e+01
|    ( WDBNDRY_E 0 -3.432e+03 9.779e+01 1.500e+01
|        ( - -1.534e+03 2 0)
|        ( - -1.800e+03 3 0))
|    ( - -3.254e+02 1 0))
s>    ( QUESTION0_17_R 1 -3.890e+03 1.325e+02 1.700e+01
s>        ( WDBNDRY_E 0 -3.432e+03 9.779e+01 1.500e+01
s>            ( - -1.534e+03 2 0)
s>            ( - -1.800e+03 3 0))
s>        ( - -3.254e+02 1 0))INFO: dtree.c(1315): Comp split 55
INFO: dtree.c(1439): stop. leaf nodes are specific
INFO: dtree.c(1478): Final simple tree
|( QUESTION16 -1 -4.083e+04 1.360e+02 1.776e+02
|    ( - -1.539e+04 3 0)
|    ( - -2.531e+04 8 0))
s>    ( QUESTION16 -1 -4.083e+04 1.360e+02 1.776e+02
s>        ( - -1.539e+04 3 0)
s>        ( - -2.531e+04 8 0))INFO: dtree.c(1315): Comp split 56
INFO: dtree.c(1315): Comp split 57
INFO: dtree.c(1315): Comp split 58
INFO: dtree.c(1315): Comp split 59
INFO: dtree.c(1439): stop. leaf nodes are specific
INFO: dtree.c(1478): Final simple tree
|( WDBNDRY_E 0 -3.432e+03 9.779e+01 1.500e+01
|    ( - -1.534e+03 2 0)
|    ( - -1.800e+03 3 0))
s>    ( WDBNDRY_E 0 -3.432e+03 9.779e+01 1.500e+01
s>        ( - -1.534e+03 2 0)
s>        ( - -1.800e+03 3 0))INFO: dtree.c(1315): Comp split 60
INFO: dtree.c(1315): Comp split 61
INFO: dtree.c(1315): Comp split 62
INFO: dtree.c(1439): stop. leaf nodes are specific
INFO: dtree.c(1478): Final simple tree
|( QUESTION12 -1 -1.003e+04 1.114e+02 4.393e+01
|    ( - -1.210e+03 1 0)
|    ( QUESTION2 -1 -8.711e+03 8.470e+01 3.893e+01
|        ( - -4.099e+03 1 0)
|        ( - -4.527e+03 1 0)))
s>    ( QUESTION12 -1 -1.003e+04 1.114e+02 4.393e+01
s>        ( - -1.210e+03 1 0)
s>        ( QUESTION2 -1 -8.711e+03 8.470e+01 3.893e+01
s>            ( - -4.099e+03 1 0)
s>            ( - -4.527e+03 1 0)))INFO: dtree.c(1315): Comp split 63
INFO: dtree.c(1439): stop. leaf nodes are specific
INFO: dtree.c(1478): Final simple tree
|( QUESTION0 -1 -4.548e+03 1.004e+02 2.011e+01
|    ( - -3.647e+03 3 0)
|    ( - -8.009e+02 1 0))
s>    ( QUESTION0 -1 -4.548e+03 1.004e+02 2.011e+01
s>        ( - -3.647e+03 3 0)
s>        ( - -8.009e+02 1 0))INFO: dtree.c(1315): Comp split 64
INFO: dtree.c(1439): stop. leaf nodes are specific
INFO: dtree.c(1478): Final simple tree
|( WDBNDRY_B 0 -9.398e+04 1.211e+02 4.240e+02
|    ( - -9.581e+03 3 0)
|    ( - -8.428e+04 6 0))
s>    ( WDBNDRY_B 0 -9.398e+04 1.211e+02 4.240e+02
s>        ( - -9.581e+03 3 0)
s>        ( - -8.428e+04 6 0))INFO: dtree.c(1315): Comp split 65
INFO: dtree.c(1315): Comp split 66
INFO: dtree.c(1315): Comp split 67
INFO: dtree.c(1315): Comp split 68
INFO: dtree.c(1315): Comp split 69
INFO: dtree.c(1439): stop. leaf nodes are specific
INFO: dtree.c(1478): Final simple tree
|( QUESTION2 -1 -7.061e+03 1.080e+02 3.264e+01
|    ( - -6.133e+03 1 0)
|    ( - -8.204e+02 1 0))
s>    ( QUESTION2 -1 -7.061e+03 1.080e+02 3.264e+01
s>        ( - -6.133e+03 1 0)
s>        ( - -8.204e+02 1 0))INFO: dtree.c(1315): Comp split 70
INFO: dtree.c(1315): Comp split 71
INFO: dtree.c(1439): stop. leaf nodes are specific
INFO: dtree.c(1478): Final simple tree
|( QUESTION2 -1 -8.711e+03 8.470e+01 3.893e+01
|    ( - -4.099e+03 1 0)
|    ( - -4.527e+03 1 0))
s>    ( QUESTION2 -1 -8.711e+03 8.470e+01 3.893e+01
s>        ( - -4.099e+03 1 0)
s>        ( - -4.527e+03 1 0))INFO: dtree.c(1315): Comp split 72
INFO: dtree.c(1315): Comp split 73
INFO: dtree.c(1315): Comp split 74
INFO: dtree.c(1315): Comp split 75
INFO: dtree.c(1315): Comp split 76
INFO: dtree.c(1315): Comp split 77
INFO: dtree.c(1318): stop. leaf nodes are specific
Wed Mar 22 13:37:56 2023
