Current configuration:
[NAME]		[DEFLT]	[VALUE]
-allphones	no	no
-cntthresh	0.00001	1.000000e-05
-csplitmax	100	2000
-csplitmin	1	1
-csplitthr	8e-4	0.000000e+00
-example	no	no
-fullvar	no	no
-help		no	no
-meanfn			/home/lucija/Documents/Zadnji semestar/ROGJ/Prezentacije/CMUspinx/tutorial8/model_parameters/my_db.cd_cont_untied/means
-mixwfn			/home/lucija/Documents/Zadnji semestar/ROGJ/Prezentacije/CMUspinx/tutorial8/model_parameters/my_db.cd_cont_untied/mixture_weights
-moddeffn		/home/lucija/Documents/Zadnji semestar/ROGJ/Prezentacije/CMUspinx/tutorial8/model_architecture/my_db.untied.mdef
-mwfloor	1e-4	1.000000e-08
-phone			š
-psetfn			/home/lucija/Documents/Zadnji semestar/ROGJ/Prezentacije/CMUspinx/tutorial8/model_architecture/my_db.tree_questions
-ssplitmax	5	7
-ssplitmin	1	1
-ssplitthr	8e-4	0.000000e+00
-state			1
-stwt			1.0,0.05,0.0,
-treefn			/home/lucija/Documents/Zadnji semestar/ROGJ/Prezentacije/CMUspinx/tutorial8/trees/my_db.unpruned/š-1.dtree
-ts2cbfn	.semi.	.cont.
-varfloor	0.00001	1.000000e-05
-varfn			/home/lucija/Documents/Zadnji semestar/ROGJ/Prezentacije/CMUspinx/tutorial8/model_parameters/my_db.cd_cont_untied/variances

INFO: main.c(223): Reading: /home/lucija/Documents/Zadnji semestar/ROGJ/Prezentacije/CMUspinx/tutorial8/model_architecture/my_db.untied.mdef
INFO: model_def_io.c(573): Model definition info:
INFO: model_def_io.c(574): 10483 total models defined (32 base, 10451 tri)
INFO: model_def_io.c(575): 41932 total states
INFO: model_def_io.c(576): 31449 total tied states
INFO: model_def_io.c(577): 96 total tied CI states
INFO: model_def_io.c(578): 32 total tied transition matrices
INFO: model_def_io.c(579): 4 max state/model
INFO: model_def_io.c(580): 4 min state/model
INFO: main.c(242): Building trees for [š NOISE e b] through [š ć e b]
INFO: main.c(268): Covering states |[30681 31202]| == 522
INFO: main.c(275): Reading: /home/lucija/Documents/Zadnji semestar/ROGJ/Prezentacije/CMUspinx/tutorial8/model_parameters/my_db.cd_cont_untied/mixture_weights
INFO: s3mixw_io.c(172): Read /home/lucija/Documents/Zadnji semestar/ROGJ/Prezentacije/CMUspinx/tutorial8/model_parameters/my_db.cd_cont_untied/mixture_weights [522x1x1 array]
INFO: main.c(311): 174 of 174 models have observation count greater than 0.000010
INFO: main.c(95): nrm stwt: 0.045 0.909 0.045 
INFO: s3gau_io.c(168): Read /home/lucija/Documents/Zadnji semestar/ROGJ/Prezentacije/CMUspinx/tutorial8/model_parameters/my_db.cd_cont_untied/means [31449x1x1 array]
INFO: s3gau_io.c(168): Read /home/lucija/Documents/Zadnji semestar/ROGJ/Prezentacije/CMUspinx/tutorial8/model_parameters/my_db.cd_cont_untied/variances [31449x1x1 array]
INFO: main.c(549): Reading: /home/lucija/Documents/Zadnji semestar/ROGJ/Prezentacije/CMUspinx/tutorial8/model_architecture/my_db.tree_questions
INFO: main.c(587): 180 total simple questions (172 phone; 8 word bndry)
INFO: main.c(589): 42 Left Only questions, and 42 Right Only questions
INFO: dtree.c(1478): Final simple tree
|( QUESTION0_1_R 1 -3.997e+06 2.392e+04 1.901e+04
|    ( QUESTION20 1 -1.360e+06 1.023e+04 6.311e+03
|        ( - -5.365e+05 17 0 QUESTION2 -1 4.595e+02 2.521e+03)
|        ( WDBNDRY_I 0 -8.129e+05 2.480e+03 3.790e+03
|            ( QUESTION0_11_R 1 -6.337e+05 2.586e+03 2.967e+03
|                ( - -3.649e+05 10 0 QUESTION0_12_R 1 6.104e+02 1.730e+03)
|                ( - -2.662e+05 13 0 QUESTION0_2_R 1 6.318e+02 1.237e+03))
|            ( - -1.768e+05 36 0 QUESTION0_2_R 1 5.957e+02 8.234e+02)))
|    ( WDBNDRY_I 0 -2.614e+06 7.151e+03 1.270e+04
|        ( QUESTION0 1 -1.664e+06 1.350e+03 8.116e+03
|            ( QUESTION0 -1 -1.644e+06 1.144e+03 8.025e+03
|                ( - -1.580e+06 23 0 QUESTION2_0_L -1 3.083e+02 7.714e+03)
|                ( - -6.306e+04 11 0 QUESTION14 -1 2.397e+02 3.110e+02))
|            ( - -1.812e+04 4 0))
|        ( - -9.426e+05 60 0 QUESTION0 -1 1.018e+03 4.586e+03)))
s>    ( QUESTION0_1_R 1 -3.997e+06 2.392e+04 1.901e+04
s>        ( QUESTION20 1 -1.360e+06 1.023e+04 6.311e+03
s>            ( - -5.365e+05 17 0 QUESTION2 -1 4.595e+02 2.521e+03)
s>            ( WDBNDRY_I 0 -8.129e+05 2.480e+03 3.790e+03
s>                ( QUESTION0_11_R 1 -6.337e+05 2.586e+03 2.967e+03
s>                    ( - -3.649e+05 10 0 QUESTION0_12_R 1 6.104e+02 1.730e+03)
s>                    ( - -2.662e+05 13 0 QUESTION0_2_R 1 6.318e+02 1.237e+03))
s>                ( - -1.768e+05 36 0 QUESTION0_2_R 1 5.957e+02 8.234e+02)))
s>        ( WDBNDRY_I 0 -2.614e+06 7.151e+03 1.270e+04
s>            ( QUESTION0 1 -1.664e+06 1.350e+03 8.116e+03
s>                ( QUESTION0 -1 -1.644e+06 1.144e+03 8.025e+03
s>                    ( - -1.580e+06 23 0 QUESTION2_0_L -1 3.083e+02 7.714e+03)
s>                    ( - -6.306e+04 11 0 QUESTION14 -1 2.397e+02 3.110e+02))
s>                ( - -1.812e+04 4 0))
s>            ( - -9.426e+05 60 0 QUESTION0 -1 1.018e+03 4.586e+03)))INFO: dtree.c(1315): Comp split 0
INFO: dtree.c(1478): Final simple tree
|( QUESTION20 1 -1.379e+06 1.010e+04 6.402e+03
|    ( - -5.365e+05 17 0 QUESTION2 -1 4.595e+02 2.521e+03)
|    ( WDBNDRY_I 0 -8.322e+05 2.301e+03 3.881e+03
|        ( QUESTION0_17_R 1 -6.531e+05 2.499e+03 3.058e+03
|            ( - -2.211e+05 6 0 QUESTION0 -1 2.276e+02 1.027e+03)
|            ( QUESTION13 1 -4.294e+05 1.335e+03 2.030e+03
|                ( - -3.759e+04 9 0 QUESTION0_0_R 1 4.296e+02 1.841e+02)
|                ( QUESTION0_2_R 1 -3.905e+05 9.063e+02 1.846e+03
|                    ( - -4.160e+04 5 0 QUESTION0 -1 1.619e+02 1.979e+02)
|                    ( - -3.480e+05 7 0 QUESTION0_11_R 1 2.813e+02 1.648e+03))))
|        ( QUESTION0_2_R 1 -1.768e+05 5.957e+02 8.234e+02
|            ( - -1.403e+04 3 0 QUESTION11 1 1.390e+02 6.448e+01)
|            ( WDBNDRY_B 0 -1.622e+05 6.320e+02 7.590e+02
|                ( - -5.164e+04 20 0 QUESTION0_11_R 1 2.683e+02 2.395e+02)
|                ( - -1.099e+05 13 0 QUESTION0_16_R 1 2.419e+02 5.194e+02)))))
s>    ( QUESTION20 1 -1.379e+06 1.010e+04 6.402e+03
s>        ( - -5.365e+05 17 0 QUESTION2 -1 4.595e+02 2.521e+03)
s>        ( WDBNDRY_I 0 -8.322e+05 2.301e+03 3.881e+03
s>            ( QUESTION0_17_R 1 -6.531e+05 2.499e+03 3.058e+03
s>                ( - -2.211e+05 6 0 QUESTION0 -1 2.276e+02 1.027e+03)
s>                ( QUESTION13 1 -4.294e+05 1.335e+03 2.030e+03
s>                    ( - -3.759e+04 9 0 QUESTION0_0_R 1 4.296e+02 1.841e+02)
s>                    ( QUESTION0_2_R 1 -3.905e+05 9.063e+02 1.846e+03
s>                        ( - -4.160e+04 5 0 QUESTION0 -1 1.619e+02 1.979e+02)
s>                        ( - -3.480e+05 7 0 QUESTION0_11_R 1 2.813e+02 1.648e+03))))
s>            ( QUESTION0_2_R 1 -1.768e+05 5.957e+02 8.234e+02
s>                ( - -1.403e+04 3 0 QUESTION11 1 1.390e+02 6.448e+01)
s>                ( WDBNDRY_B 0 -1.622e+05 6.320e+02 7.590e+02
s>                    ( - -5.164e+04 20 0 QUESTION0_11_R 1 2.683e+02 2.395e+02)
s>                    ( - -1.099e+05 13 0 QUESTION0_16_R 1 2.419e+02 5.194e+02)))))INFO: dtree.c(1478): Final simple tree
|( WDBNDRY_I 0 -2.594e+06 7.312e+03 1.261e+04
|    ( QUESTION0 -1 -1.644e+06 1.144e+03 8.025e+03
|        ( - -1.580e+06 23 0 QUESTION2_0_L -1 3.083e+02 7.714e+03)
|        ( - -6.306e+04 11 0 QUESTION14 -1 2.397e+02 3.110e+02))
|    ( QUESTION0 -1 -9.426e+05 1.018e+03 4.586e+03
|        ( SILENCE 1 -5.791e+05 9.108e+02 2.815e+03
|            ( - -1.867e+04 5 0)
|            ( WDBNDRY_B 0 -5.596e+05 6.061e+02 2.718e+03
|                ( - -5.250e+05 23 0 QUESTION0 1 2.088e+02 2.556e+03)
|                ( - -3.399e+04 7 0 QUESTION0 1 1.418e+02 1.620e+02)))
|        ( QUESTION15 -1 -3.625e+05 5.693e+02 1.771e+03
|            ( - -1.996e+05 8 0 QUESTION20 -1 2.941e+02 9.725e+02)
|            ( QUESTION13 -1 -1.623e+05 4.826e+02 7.984e+02
|                ( - -8.788e+04 9 0 QUESTION0 1 2.597e+02 4.358e+02)
|                ( - -7.393e+04 8 0 QUESTION10 -1 4.563e+02 3.625e+02)))))
s>    ( WDBNDRY_I 0 -2.594e+06 7.312e+03 1.261e+04
s>        ( QUESTION0 -1 -1.644e+06 1.144e+03 8.025e+03
s>            ( - -1.580e+06 23 0 QUESTION2_0_L -1 3.083e+02 7.714e+03)
s>            ( - -6.306e+04 11 0 QUESTION14 -1 2.397e+02 3.110e+02))
s>        ( QUESTION0 -1 -9.426e+05 1.018e+03 4.586e+03
s>            ( SILENCE 1 -5.791e+05 9.108e+02 2.815e+03
s>                ( - -1.867e+04 5 0)
s>                ( WDBNDRY_B 0 -5.596e+05 6.061e+02 2.718e+03
s>                    ( - -5.250e+05 23 0 QUESTION0 1 2.088e+02 2.556e+03)
s>                    ( - -3.399e+04 7 0 QUESTION0 1 1.418e+02 1.620e+02)))
s>            ( QUESTION15 -1 -3.625e+05 5.693e+02 1.771e+03
s>                ( - -1.996e+05 8 0 QUESTION20 -1 2.941e+02 9.725e+02)
s>                ( QUESTION13 -1 -1.623e+05 4.826e+02 7.984e+02
s>                    ( - -8.788e+04 9 0 QUESTION0 1 2.597e+02 4.358e+02)
s>                    ( - -7.393e+04 8 0 QUESTION10 -1 4.563e+02 3.625e+02)))))INFO: dtree.c(1315): Comp split 1
INFO: dtree.c(1478): Final simple tree
|( QUESTION20 1 -6.873e+05 2.804e+03 3.224e+03
|    ( QUESTION2 -1 -5.365e+05 4.595e+02 2.521e+03
|        ( - 2.184e+02 1 0)
|        ( WDBNDRY_E 0 -5.362e+05 4.144e+02 2.520e+03
|            ( - -1.386e+04 4 0 QUESTION0_17_R 1 2.216e+02 6.870e+01)
|            ( - -5.219e+05 12 0 WDBNDRY_B 0 1.835e+02 2.451e+03)))
|    ( QUESTION0_0_R 1 -1.481e+05 6.397e+02 7.035e+02
|        ( - -1.812e+04 4 0)
|        ( WDBNDRY_E 0 -1.293e+05 3.846e+02 6.127e+02
|            ( QUESTION0_16_R 1 -1.099e+05 2.419e+02 5.194e+02
|                ( QUESTION0_17_R 1 -4.332e+04 2.341e+02 2.056e+02
|                    ( - -4.041e+04 2 0)
|                    ( - -2.680e+03 1 0))
|                ( - -6.633e+04 10 0 QUESTION0_14_R 1 1.711e+02 3.138e+02))
|            ( - -1.904e+04 5 0 QUESTION0 -1 1.331e+02 9.326e+01))))
s>    ( QUESTION20 1 -6.873e+05 2.804e+03 3.224e+03
s>        ( QUESTION2 -1 -5.365e+05 4.595e+02 2.521e+03
s>            ( - 2.184e+02 1 0)
s>            ( WDBNDRY_E 0 -5.362e+05 4.144e+02 2.520e+03
s>                ( - -1.386e+04 4 0 QUESTION0_17_R 1 2.216e+02 6.870e+01)
s>                ( - -5.219e+05 12 0 WDBNDRY_B 0 1.835e+02 2.451e+03)))
s>        ( QUESTION0_0_R 1 -1.481e+05 6.397e+02 7.035e+02
s>            ( - -1.812e+04 4 0)
s>            ( WDBNDRY_E 0 -1.293e+05 3.846e+02 6.127e+02
s>                ( QUESTION0_16_R 1 -1.099e+05 2.419e+02 5.194e+02
s>                    ( QUESTION0_17_R 1 -4.332e+04 2.341e+02 2.056e+02
s>                        ( - -4.041e+04 2 0)
s>                        ( - -2.680e+03 1 0))
s>                    ( - -6.633e+04 10 0 QUESTION0_14_R 1 1.711e+02 3.138e+02))
s>                ( - -1.904e+04 5 0 QUESTION0 -1 1.331e+02 9.326e+01))))INFO: dtree.c(1478): Final simple tree
|( QUESTION0_11_R 1 -6.809e+05 2.294e+03 3.178e+03
|    ( WDBNDRY_B 0 -3.517e+05 3.436e+02 1.666e+03
|        ( - -6.168e+03 5 0 QUESTION1 -1 1.763e+02 3.000e+01)
|        ( - -3.452e+05 5 0))
|    ( WDBNDRY_I 0 -3.269e+05 1.011e+03 1.511e+03
|        ( QUESTION0_2_R 1 -2.662e+05 6.318e+02 1.237e+03
|            ( - -4.160e+04 5 0 QUESTION0 -1 1.619e+02 1.979e+02)
|            ( QUESTION0_17_R 1 -2.240e+05 3.335e+02 1.039e+03
|                ( QUESTION0 -1 -2.211e+05 2.276e+02 1.027e+03
|                    ( - -2.189e+05 5 0)
|                    ( - -2.045e+03 1 0))
|                ( - -2.507e+03 2 0)))
|        ( WDBNDRY_B 0 -5.963e+04 3.917e+02 2.740e+02
|            ( - -4.520e+04 15 0 SILENCE -1 1.969e+02 2.095e+02)
|            ( - -1.403e+04 3 0 QUESTION11 1 1.390e+02 6.448e+01))))
s>    ( QUESTION0_11_R 1 -6.809e+05 2.294e+03 3.178e+03
s>        ( WDBNDRY_B 0 -3.517e+05 3.436e+02 1.666e+03
s>            ( - -6.168e+03 5 0 QUESTION1 -1 1.763e+02 3.000e+01)
s>            ( - -3.452e+05 5 0))
s>        ( WDBNDRY_I 0 -3.269e+05 1.011e+03 1.511e+03
s>            ( QUESTION0_2_R 1 -2.662e+05 6.318e+02 1.237e+03
s>                ( - -4.160e+04 5 0 QUESTION0 -1 1.619e+02 1.979e+02)
s>                ( QUESTION0_17_R 1 -2.240e+05 3.335e+02 1.039e+03
s>                    ( QUESTION0 -1 -2.211e+05 2.276e+02 1.027e+03
s>                        ( - -2.189e+05 5 0)
s>                        ( - -2.045e+03 1 0))
s>                    ( - -2.507e+03 2 0)))
s>            ( WDBNDRY_B 0 -5.963e+04 3.917e+02 2.740e+02
s>                ( - -4.520e+04 15 0 SILENCE -1 1.969e+02 2.095e+02)
s>                ( - -1.403e+04 3 0 QUESTION11 1 1.390e+02 6.448e+01))))INFO: dtree.c(1315): Comp split 2
INFO: dtree.c(1439): stop. leaf nodes are specific
INFO: dtree.c(1478): Final simple tree
|( QUESTION2_0_L -1 -1.580e+06 3.083e+02 7.714e+03
|    ( - -1.556e+06 21 0)
|    ( - -2.403e+04 2 0))
s>    ( QUESTION2_0_L -1 -1.580e+06 3.083e+02 7.714e+03
s>        ( - -1.556e+06 21 0)
s>        ( - -2.403e+04 2 0))INFO: dtree.c(1478): Final simple tree
|( QUESTION0 -1 -1.006e+06 9.895e+02 4.897e+03
|    ( SILENCE 1 -5.791e+05 9.108e+02 2.815e+03
|        ( - -1.867e+04 5 0)
|        ( WDBNDRY_B 0 -5.596e+05 6.061e+02 2.718e+03
|            ( - -5.250e+05 23 0 QUESTION0 1 2.088e+02 2.556e+03)
|            ( - -3.399e+04 7 0 QUESTION0 1 1.418e+02 1.620e+02)))
|    ( QUESTION14 -1 -4.262e+05 6.945e+02 2.082e+03
|        ( WDBNDRY_I 0 -1.435e+05 4.203e+02 7.078e+02
|            ( - -5.515e+04 8 0)
|            ( - -8.788e+04 9 0 QUESTION0 1 2.597e+02 4.358e+02))
|        ( QUESTION13 -1 -2.821e+05 5.524e+02 1.374e+03
|            ( - -2.076e+05 11 0 WDBNDRY_B 0 3.044e+02 1.012e+03)
|            ( QUESTION10 -1 -7.393e+04 4.563e+02 3.625e+02
|                ( - -3.419e+04 3 0 QUESTION2_15_L -1 1.788e+02 1.662e+02)
|                ( - -3.928e+04 5 0 QUESTION3 -1 1.930e+02 1.963e+02)))))
s>    ( QUESTION0 -1 -1.006e+06 9.895e+02 4.897e+03
s>        ( SILENCE 1 -5.791e+05 9.108e+02 2.815e+03
s>            ( - -1.867e+04 5 0)
s>            ( WDBNDRY_B 0 -5.596e+05 6.061e+02 2.718e+03
s>                ( - -5.250e+05 23 0 QUESTION0 1 2.088e+02 2.556e+03)
s>                ( - -3.399e+04 7 0 QUESTION0 1 1.418e+02 1.620e+02)))
s>        ( QUESTION14 -1 -4.262e+05 6.945e+02 2.082e+03
s>            ( WDBNDRY_I 0 -1.435e+05 4.203e+02 7.078e+02
s>                ( - -5.515e+04 8 0)
s>                ( - -8.788e+04 9 0 QUESTION0 1 2.597e+02 4.358e+02))
s>            ( QUESTION13 -1 -2.821e+05 5.524e+02 1.374e+03
s>                ( - -2.076e+05 11 0 WDBNDRY_B 0 3.044e+02 1.012e+03)
s>                ( QUESTION10 -1 -7.393e+04 4.563e+02 3.625e+02
s>                    ( - -3.419e+04 3 0 QUESTION2_15_L -1 1.788e+02 1.662e+02)
s>                    ( - -3.928e+04 5 0 QUESTION3 -1 1.930e+02 1.963e+02)))))INFO: dtree.c(1315): Comp split 3
INFO: dtree.c(1439): stop. leaf nodes are specific
INFO: dtree.c(1478): Final simple tree
|( WDBNDRY_B 0 -5.219e+05 1.835e+02 2.451e+03
|    ( QUESTION15 -1 -6.311e+03 1.716e+02 3.000e+01
|        ( - -3.104e+02 1 0)
|        ( QUESTION0 -1 -5.829e+03 1.201e+02 2.800e+01
|            ( - -5.024e+03 4 0)
|            ( - -6.845e+02 1 0)))
|    ( QUESTION0 -1 -5.154e+05 1.555e+02 2.421e+03
|        ( - -5.146e+05 5 0)
|        ( - -6.489e+02 1 0)))
s>    ( WDBNDRY_B 0 -5.219e+05 1.835e+02 2.451e+03
s>        ( QUESTION15 -1 -6.311e+03 1.716e+02 3.000e+01
s>            ( - -3.104e+02 1 0)
s>            ( QUESTION0 -1 -5.829e+03 1.201e+02 2.800e+01
s>                ( - -5.024e+03 4 0)
s>                ( - -6.845e+02 1 0)))
s>        ( QUESTION0 -1 -5.154e+05 1.555e+02 2.421e+03
s>            ( - -5.146e+05 5 0)
s>            ( - -6.489e+02 1 0)))INFO: dtree.c(1478): Final simple tree
|( QUESTION0_0_R 1 -1.624e+05 6.386e+02 7.732e+02
|    ( - -1.812e+04 4 0)
|    ( WDBNDRY_B 0 -1.436e+05 4.577e+02 6.824e+02
|        ( - 2.184e+02 1 0)
|        ( WDBNDRY_E 0 -1.434e+05 3.563e+02 6.814e+02
|            ( QUESTION20 1 -1.240e+05 2.532e+02 5.881e+02
|                ( QUESTION0_17_R 1 -1.386e+04 2.216e+02 6.870e+01
|                    ( - -1.138e+04 3 0)
|                    ( - -2.260e+03 1 0))
|                ( QUESTION0_16_R 1 -1.099e+05 2.419e+02 5.194e+02
|                    ( QUESTION0_17_R 1 -4.332e+04 2.341e+02 2.056e+02
|                        ( - -4.041e+04 2 0)
|                        ( - -2.680e+03 1 0))
|                    ( - -6.633e+04 10 0 QUESTION0_14_R 1 1.711e+02 3.138e+02)))
|            ( - -1.904e+04 5 0 QUESTION0 -1 1.331e+02 9.326e+01))))
s>    ( QUESTION0_0_R 1 -1.624e+05 6.386e+02 7.732e+02
s>        ( - -1.812e+04 4 0)
s>        ( WDBNDRY_B 0 -1.436e+05 4.577e+02 6.824e+02
s>            ( - 2.184e+02 1 0)
s>            ( WDBNDRY_E 0 -1.434e+05 3.563e+02 6.814e+02
s>                ( QUESTION20 1 -1.240e+05 2.532e+02 5.881e+02
s>                    ( QUESTION0_17_R 1 -1.386e+04 2.216e+02 6.870e+01
s>                        ( - -1.138e+04 3 0)
s>                        ( - -2.260e+03 1 0))
s>                    ( QUESTION0_16_R 1 -1.099e+05 2.419e+02 5.194e+02
s>                        ( QUESTION0_17_R 1 -4.332e+04 2.341e+02 2.056e+02
s>                            ( - -4.041e+04 2 0)
s>                            ( - -2.680e+03 1 0))
s>                        ( - -6.633e+04 10 0 QUESTION0_14_R 1 1.711e+02 3.138e+02)))
s>                ( - -1.904e+04 5 0 QUESTION0 -1 1.331e+02 9.326e+01))))INFO: dtree.c(1315): Comp split 4
INFO: dtree.c(1439): stop. leaf nodes are specific
INFO: dtree.c(1478): Final simple tree
|( QUESTION0_2_R 1 -2.611e+05 6.218e+02 1.215e+03
|    ( QUESTION0 -1 -4.160e+04 1.619e+02 1.979e+02
|        ( - -4.012e+04 4 0)
|        ( - -1.314e+03 1 0))
|    ( - -2.189e+05 5 0))
s>    ( QUESTION0_2_R 1 -2.611e+05 6.218e+02 1.215e+03
s>        ( QUESTION0 -1 -4.160e+04 1.619e+02 1.979e+02
s>            ( - -4.012e+04 4 0)
s>            ( - -1.314e+03 1 0))
s>        ( - -2.189e+05 5 0))INFO: dtree.c(1478): Final simple tree
|( QUESTION0 1 -4.173e+05 1.098e+03 1.962e+03
|    ( - -3.452e+05 5 0)
|    ( QUESTION0_14_R 1 -7.101e+04 3.939e+02 3.261e+02
|        ( WDBNDRY_B 0 -5.014e+04 2.453e+02 2.316e+02
|            ( SILENCE -1 -4.520e+04 1.969e+02 2.095e+02
|                ( - -2.686e+03 2 0)
|                ( QUESTION4 -1 -4.232e+04 1.634e+02 1.975e+02
|                    ( - -8.298e+02 1 0)
|                    ( - -4.133e+04 12 0 QUESTION0 -1 1.448e+02 1.925e+02)))
|            ( - -4.692e+03 3 0 QUESTION0_17_R 1 1.393e+02 2.204e+01))
|        ( WDBNDRY_B 0 -2.047e+04 2.721e+02 9.448e+01
|            ( QUESTION1 -1 -6.168e+03 1.763e+02 3.000e+01
|                ( - -6.771e+02 1 0)
|                ( - -5.315e+03 4 0 SILENCE -1 1.268e+02 2.600e+01))
|            ( - -1.403e+04 3 0 QUESTION11 1 1.390e+02 6.448e+01))))
s>    ( QUESTION0 1 -4.173e+05 1.098e+03 1.962e+03
s>        ( - -3.452e+05 5 0)
s>        ( QUESTION0_14_R 1 -7.101e+04 3.939e+02 3.261e+02
s>            ( WDBNDRY_B 0 -5.014e+04 2.453e+02 2.316e+02
s>                ( SILENCE -1 -4.520e+04 1.969e+02 2.095e+02
s>                    ( - -2.686e+03 2 0)
s>                    ( QUESTION4 -1 -4.232e+04 1.634e+02 1.975e+02
s>                        ( - -8.298e+02 1 0)
s>                        ( - -4.133e+04 12 0 QUESTION0 -1 1.448e+02 1.925e+02)))
s>                ( - -4.692e+03 3 0 QUESTION0_17_R 1 1.393e+02 2.204e+01))
s>            ( WDBNDRY_B 0 -2.047e+04 2.721e+02 9.448e+01
s>                ( QUESTION1 -1 -6.168e+03 1.763e+02 3.000e+01
s>                    ( - -6.771e+02 1 0)
s>                    ( - -5.315e+03 4 0 SILENCE -1 1.268e+02 2.600e+01))
s>                ( - -1.403e+04 3 0 QUESTION11 1 1.390e+02 6.448e+01))))INFO: dtree.c(1315): Comp split 5
INFO: dtree.c(1439): stop. leaf nodes are specific
INFO: dtree.c(1478): Final simple tree
|( WDBNDRY_B 0 -3.462e+05 1.565e+02 1.641e+03
|    ( - -8.298e+02 1 0)
|    ( - -3.452e+05 5 0))
s>    ( WDBNDRY_B 0 -3.462e+05 1.565e+02 1.641e+03
s>        ( - -8.298e+02 1 0)
s>        ( - -3.452e+05 5 0))INFO: dtree.c(1478): Final simple tree
|( WDBNDRY_E 0 -7.001e+04 3.907e+02 3.211e+02
|    ( - -1.403e+04 3 0 QUESTION11 1 1.390e+02 6.448e+01)
|    ( QUESTION0_17_R 1 -5.559e+04 3.009e+02 2.566e+02
|        ( SILENCE -1 -4.640e+04 1.964e+02 2.145e+02
|            ( - -2.686e+03 2 0)
|            ( WDBNDRY_B 0 -4.352e+04 1.472e+02 2.025e+02
|                ( QUESTION0 -1 -4.133e+04 1.448e+02 1.925e+02
|                    ( - -2.544e+04 6 0)
|                    ( - -1.575e+04 6 0 QUESTION2 -1 1.286e+02 7.391e+01))
|                ( - -2.045e+03 1 0)))
|        ( WDBNDRY_B 0 -8.882e+03 2.066e+02 4.204e+01
|            ( QUESTION1 -1 -6.168e+03 1.763e+02 3.000e+01
|                ( - -6.771e+02 1 0)
|                ( - -5.315e+03 4 0 SILENCE -1 1.268e+02 2.600e+01))
|            ( - -2.507e+03 2 0))))
s>    ( WDBNDRY_E 0 -7.001e+04 3.907e+02 3.211e+02
s>        ( - -1.403e+04 3 0 QUESTION11 1 1.390e+02 6.448e+01)
s>        ( QUESTION0_17_R 1 -5.559e+04 3.009e+02 2.566e+02
s>            ( SILENCE -1 -4.640e+04 1.964e+02 2.145e+02
s>                ( - -2.686e+03 2 0)
s>                ( WDBNDRY_B 0 -4.352e+04 1.472e+02 2.025e+02
s>                    ( QUESTION0 -1 -4.133e+04 1.448e+02 1.925e+02
s>                        ( - -2.544e+04 6 0)
s>                        ( - -1.575e+04 6 0 QUESTION2 -1 1.286e+02 7.391e+01))
s>                    ( - -2.045e+03 1 0)))
s>            ( WDBNDRY_B 0 -8.882e+03 2.066e+02 4.204e+01
s>                ( QUESTION1 -1 -6.168e+03 1.763e+02 3.000e+01
s>                    ( - -6.771e+02 1 0)
s>                    ( - -5.315e+03 4 0 SILENCE -1 1.268e+02 2.600e+01))
s>                ( - -2.507e+03 2 0))))INFO: dtree.c(1315): Comp split 6
INFO: dtree.c(1439): stop. leaf nodes are specific
INFO: dtree.c(1478): Final simple tree
|( WDBNDRY_B 0 -6.153e+05 6.605e+02 2.990e+03
|    ( QUESTION0 1 -5.250e+05 2.088e+02 2.556e+03
|        ( - -5.203e+05 19 0)
|        ( - -4.443e+03 4 0))
|    ( WDBNDRY_E 0 -8.970e+04 5.576e+02 4.340e+02
|        ( QUESTION0 1 -3.399e+04 1.418e+02 1.620e+02
|            ( - -3.313e+04 6 0)
|            ( - -7.196e+02 1 0))
|        ( - -5.515e+04 8 0)))
s>    ( WDBNDRY_B 0 -6.153e+05 6.605e+02 2.990e+03
s>        ( QUESTION0 1 -5.250e+05 2.088e+02 2.556e+03
s>            ( - -5.203e+05 19 0)
s>            ( - -4.443e+03 4 0))
s>        ( WDBNDRY_E 0 -8.970e+04 5.576e+02 4.340e+02
s>            ( QUESTION0 1 -3.399e+04 1.418e+02 1.620e+02
s>                ( - -3.313e+04 6 0)
s>                ( - -7.196e+02 1 0))
s>            ( - -5.515e+04 8 0)))INFO: dtree.c(1478): Final simple tree
|( WDBNDRY_E 0 -3.900e+05 9.372e+02 1.907e+03
|    ( - -2.062e+04 6 0 QUESTION0 -1 1.551e+02 1.070e+02)
|    ( QUESTION15 -1 -3.684e+05 5.439e+02 1.800e+03
|        ( WDBNDRY_B 0 -2.076e+05 3.044e+02 1.012e+03
|            ( QUESTION20 -1 -1.996e+05 2.941e+02 9.725e+02
|                ( - -1.350e+04 3 0)
|                ( QUESTION16 -1 -1.858e+05 2.892e+02 9.036e+02
|                    ( - -6.426e+04 3 0 QUESTION17 -1 2.080e+02 3.114e+02)
|                    ( - -1.213e+05 2 0 QUESTION2_17_L -1 1.244e+02 5.921e+02)))
|            ( - -7.673e+03 3 0))
|        ( QUESTION13 -1 -1.603e+05 4.658e+02 7.884e+02
|            ( - -8.588e+04 8 0 QUESTION0 1 2.492e+02 4.258e+02)
|            ( QUESTION10 -1 -7.393e+04 4.563e+02 3.625e+02
|                ( - -3.419e+04 3 0 QUESTION2_15_L -1 1.788e+02 1.662e+02)
|                ( - -3.928e+04 5 0 QUESTION3 -1 1.930e+02 1.963e+02)))))
s>    ( WDBNDRY_E 0 -3.900e+05 9.372e+02 1.907e+03
s>        ( - -2.062e+04 6 0 QUESTION0 -1 1.551e+02 1.070e+02)
s>        ( QUESTION15 -1 -3.684e+05 5.439e+02 1.800e+03
s>            ( WDBNDRY_B 0 -2.076e+05 3.044e+02 1.012e+03
s>                ( QUESTION20 -1 -1.996e+05 2.941e+02 9.725e+02
s>                    ( - -1.350e+04 3 0)
s>                    ( QUESTION16 -1 -1.858e+05 2.892e+02 9.036e+02
s>                        ( - -6.426e+04 3 0 QUESTION17 -1 2.080e+02 3.114e+02)
s>                        ( - -1.213e+05 2 0 QUESTION2_17_L -1 1.244e+02 5.921e+02)))
s>                ( - -7.673e+03 3 0))
s>            ( QUESTION13 -1 -1.603e+05 4.658e+02 7.884e+02
s>                ( - -8.588e+04 8 0 QUESTION0 1 2.492e+02 4.258e+02)
s>                ( QUESTION10 -1 -7.393e+04 4.563e+02 3.625e+02
s>                    ( - -3.419e+04 3 0 QUESTION2_15_L -1 1.788e+02 1.662e+02)
s>                    ( - -3.928e+04 5 0 QUESTION3 -1 1.930e+02 1.963e+02)))))INFO: dtree.c(1315): Comp split 7
INFO: dtree.c(1439): stop. leaf nodes are specific
INFO: dtree.c(1478): Final simple tree
|( QUESTION0 -1 -2.062e+04 1.551e+02 1.070e+02
|    ( - -1.867e+04 5 0)
|    ( - -1.786e+03 1 0))
s>    ( QUESTION0 -1 -2.062e+04 1.551e+02 1.070e+02
s>        ( - -1.867e+04 5 0)
s>        ( - -1.786e+03 1 0))INFO: dtree.c(1478): Final simple tree
|( QUESTION15 -1 -3.684e+05 5.439e+02 1.800e+03
|    ( WDBNDRY_B 0 -2.076e+05 3.044e+02 1.012e+03
|        ( QUESTION20 -1 -1.996e+05 2.941e+02 9.725e+02
|            ( - -1.350e+04 3 0)
|            ( QUESTION16 -1 -1.858e+05 2.892e+02 9.036e+02
|                ( - -6.426e+04 3 0 QUESTION17 -1 2.080e+02 3.114e+02)
|                ( - -1.213e+05 2 0 QUESTION2_17_L -1 1.244e+02 5.921e+02)))
|        ( - -7.673e+03 3 0))
|    ( QUESTION13 -1 -1.603e+05 4.658e+02 7.884e+02
|        ( QUESTION0 1 -8.588e+04 2.492e+02 4.258e+02
|            ( - -8.386e+04 7 0)
|            ( - -1.771e+03 1 0))
|        ( QUESTION10 -1 -7.393e+04 4.563e+02 3.625e+02
|            ( - -3.419e+04 3 0 QUESTION2_15_L -1 1.788e+02 1.662e+02)
|            ( - -3.928e+04 5 0 QUESTION3 -1 1.930e+02 1.963e+02))))
s>    ( QUESTION15 -1 -3.684e+05 5.439e+02 1.800e+03
s>        ( WDBNDRY_B 0 -2.076e+05 3.044e+02 1.012e+03
s>            ( QUESTION20 -1 -1.996e+05 2.941e+02 9.725e+02
s>                ( - -1.350e+04 3 0)
s>                ( QUESTION16 -1 -1.858e+05 2.892e+02 9.036e+02
s>                    ( - -6.426e+04 3 0 QUESTION17 -1 2.080e+02 3.114e+02)
s>                    ( - -1.213e+05 2 0 QUESTION2_17_L -1 1.244e+02 5.921e+02)))
s>            ( - -7.673e+03 3 0))
s>        ( QUESTION13 -1 -1.603e+05 4.658e+02 7.884e+02
s>            ( QUESTION0 1 -8.588e+04 2.492e+02 4.258e+02
s>                ( - -8.386e+04 7 0)
s>                ( - -1.771e+03 1 0))
s>            ( QUESTION10 -1 -7.393e+04 4.563e+02 3.625e+02
s>                ( - -3.419e+04 3 0 QUESTION2_15_L -1 1.788e+02 1.662e+02)
s>                ( - -3.928e+04 5 0 QUESTION3 -1 1.930e+02 1.963e+02))))INFO: dtree.c(1315): Comp split 8
INFO: dtree.c(1439): stop. leaf nodes are specific
INFO: dtree.c(1478): Final simple tree
|( QUESTION3 -1 -3.928e+04 1.930e+02 1.963e+02
|    ( - -3.376e+03 2 0)
|    ( SILENCE -1 -3.571e+04 1.810e+02 1.783e+02
|        ( QUESTION0 1 -1.755e+04 1.530e+02 8.732e+01
|            ( - -1.562e+04 1 0)
|            ( - -1.781e+03 1 0))
|        ( - -1.798e+04 1 0)))
s>    ( QUESTION3 -1 -3.928e+04 1.930e+02 1.963e+02
s>        ( - -3.376e+03 2 0)
s>        ( SILENCE -1 -3.571e+04 1.810e+02 1.783e+02
s>            ( QUESTION0 1 -1.755e+04 1.530e+02 8.732e+01
s>                ( - -1.562e+04 1 0)
s>                ( - -1.781e+03 1 0))
s>            ( - -1.798e+04 1 0)))INFO: dtree.c(1478): Final simple tree
|( QUESTION15 -1 -3.285e+05 4.885e+02 1.604e+03
|    ( WDBNDRY_B 0 -2.076e+05 3.044e+02 1.012e+03
|        ( QUESTION20 -1 -1.996e+05 2.941e+02 9.725e+02
|            ( - -1.350e+04 3 0)
|            ( QUESTION16 -1 -1.858e+05 2.892e+02 9.036e+02
|                ( QUESTION17 -1 -6.426e+04 2.080e+02 3.114e+02
|                    ( - -1.401e+03 1 0)
|                    ( - -6.265e+04 2 0 QUESTION0 1 1.725e+02 3.034e+02))
|                ( - -1.213e+05 2 0 QUESTION2_17_L -1 1.244e+02 5.921e+02)))
|        ( - -7.673e+03 3 0))
|    ( QUESTION2_15_L -1 -1.204e+05 2.899e+02 5.920e+02
|        ( - -3.015e+04 2 0)
|        ( QUESTION0 1 -8.992e+04 2.484e+02 4.448e+02
|            ( - -8.790e+04 8 0 QUESTION2 -1 1.777e+02 4.348e+02)
|            ( - -1.771e+03 1 0))))
s>    ( QUESTION15 -1 -3.285e+05 4.885e+02 1.604e+03
s>        ( WDBNDRY_B 0 -2.076e+05 3.044e+02 1.012e+03
s>            ( QUESTION20 -1 -1.996e+05 2.941e+02 9.725e+02
s>                ( - -1.350e+04 3 0)
s>                ( QUESTION16 -1 -1.858e+05 2.892e+02 9.036e+02
s>                    ( QUESTION17 -1 -6.426e+04 2.080e+02 3.114e+02
s>                        ( - -1.401e+03 1 0)
s>                        ( - -6.265e+04 2 0 QUESTION0 1 1.725e+02 3.034e+02))
s>                    ( - -1.213e+05 2 0 QUESTION2_17_L -1 1.244e+02 5.921e+02)))
s>            ( - -7.673e+03 3 0))
s>        ( QUESTION2_15_L -1 -1.204e+05 2.899e+02 5.920e+02
s>            ( - -3.015e+04 2 0)
s>            ( QUESTION0 1 -8.992e+04 2.484e+02 4.448e+02
s>                ( - -8.790e+04 8 0 QUESTION2 -1 1.777e+02 4.348e+02)
s>                ( - -1.771e+03 1 0))))INFO: dtree.c(1315): Comp split 9
INFO: dtree.c(1439): stop. leaf nodes are specific
INFO: dtree.c(1478): Final simple tree
|( WDBNDRY_E 0 -2.099e+04 1.900e+02 1.058e+02
|    ( - -2.680e+03 1 0)
|    ( - -1.812e+04 4 0))
s>    ( WDBNDRY_E 0 -2.099e+04 1.900e+02 1.058e+02
s>        ( - -2.680e+03 1 0)
s>        ( - -1.812e+04 4 0))INFO: dtree.c(1478): Final simple tree
|( WDBNDRY_B 0 -1.407e+05 4.578e+02 6.674e+02
|    ( - 2.184e+02 1 0)
|    ( WDBNDRY_E 0 -1.405e+05 3.609e+02 6.664e+02
|        ( QUESTION20 1 -1.211e+05 2.623e+02 5.731e+02
|            ( QUESTION0_17_R 1 -1.386e+04 2.216e+02 6.870e+01
|                ( - -1.138e+04 3 0)
|                ( - -2.260e+03 1 0))
|            ( QUESTION0_16_R 1 -1.070e+05 2.372e+02 5.044e+02
|                ( - -4.041e+04 2 0)
|                ( QUESTION0_14_R 1 -6.633e+04 1.711e+02 3.138e+02
|                    ( - -6.377e+03 3 0 QUESTION17 1 1.374e+02 3.013e+01)
|                    ( QUESTION0_13_R 1 -5.978e+04 1.560e+02 2.836e+02
|                        ( - -6.618e+03 3 0)
|                        ( - -5.300e+04 4 0 QUESTION0_9_R 1 1.177e+02 2.513e+02)))))
|        ( - -1.904e+04 5 0 QUESTION0 -1 1.331e+02 9.326e+01)))
s>    ( WDBNDRY_B 0 -1.407e+05 4.578e+02 6.674e+02
s>        ( - 2.184e+02 1 0)
s>        ( WDBNDRY_E 0 -1.405e+05 3.609e+02 6.664e+02
s>            ( QUESTION20 1 -1.211e+05 2.623e+02 5.731e+02
s>                ( QUESTION0_17_R 1 -1.386e+04 2.216e+02 6.870e+01
s>                    ( - -1.138e+04 3 0)
s>                    ( - -2.260e+03 1 0))
s>                ( QUESTION0_16_R 1 -1.070e+05 2.372e+02 5.044e+02
s>                    ( - -4.041e+04 2 0)
s>                    ( QUESTION0_14_R 1 -6.633e+04 1.711e+02 3.138e+02
s>                        ( - -6.377e+03 3 0 QUESTION17 1 1.374e+02 3.013e+01)
s>                        ( QUESTION0_13_R 1 -5.978e+04 1.560e+02 2.836e+02
s>                            ( - -6.618e+03 3 0)
s>                            ( - -5.300e+04 4 0 QUESTION0_9_R 1 1.177e+02 2.513e+02)))))
s>            ( - -1.904e+04 5 0 QUESTION0 -1 1.331e+02 9.326e+01)))INFO: dtree.c(1315): Comp split 10
INFO: dtree.c(1439): stop. leaf nodes are specific
INFO: dtree.c(1478): Final simple tree
|( WDBNDRY_I 0 -9.435e+04 5.696e+02 4.550e+02
|    ( - -5.515e+04 8 0)
|    ( WDBNDRY_B 0 -3.863e+04 1.953e+02 1.830e+02
|        ( - -4.443e+03 4 0)
|        ( QUESTION0 1 -3.399e+04 1.418e+02 1.620e+02
|            ( - -3.313e+04 6 0)
|            ( - -7.196e+02 1 0))))
s>    ( WDBNDRY_I 0 -9.435e+04 5.696e+02 4.550e+02
s>        ( - -5.515e+04 8 0)
s>        ( WDBNDRY_B 0 -3.863e+04 1.953e+02 1.830e+02
s>            ( - -4.443e+03 4 0)
s>            ( QUESTION0 1 -3.399e+04 1.418e+02 1.620e+02
s>                ( - -3.313e+04 6 0)
s>                ( - -7.196e+02 1 0))))INFO: dtree.c(1315): Comp split 11
INFO: dtree.c(1439): stop. leaf nodes are specific
INFO: dtree.c(1478): Final simple tree
|( QUESTION0_2_R 1 -2.203e+05 1.519e+02 1.024e+03
|    ( - -1.314e+03 1 0)
|    ( - -2.189e+05 5 0))
s>    ( QUESTION0_2_R 1 -2.203e+05 1.519e+02 1.024e+03
s>        ( - -1.314e+03 1 0)
s>        ( - -2.189e+05 5 0))INFO: dtree.c(1315): Comp split 12
INFO: dtree.c(1439): stop. leaf nodes are specific
INFO: dtree.c(1478): Final simple tree
|( WDBNDRY_B 0 -3.863e+04 1.953e+02 1.830e+02
|    ( - -4.443e+03 4 0)
|    ( QUESTION0 1 -3.399e+04 1.418e+02 1.620e+02
|        ( - -3.313e+04 6 0)
|        ( - -7.196e+02 1 0)))
s>    ( WDBNDRY_B 0 -3.863e+04 1.953e+02 1.830e+02
s>        ( - -4.443e+03 4 0)
s>        ( QUESTION0 1 -3.399e+04 1.418e+02 1.620e+02
s>            ( - -3.313e+04 6 0)
s>            ( - -7.196e+02 1 0)))INFO: dtree.c(1315): Comp split 13
INFO: dtree.c(1439): stop. leaf nodes are specific
INFO: dtree.c(1478): Final simple tree
|( QUESTION16 -1 -1.842e+05 2.999e+02 8.956e+02
|    ( QUESTION0 1 -6.265e+04 1.725e+02 3.034e+02
|        ( - -6.125e+04 1 0)
|        ( - -1.231e+03 1 0))
|    ( QUESTION2_17_L -1 -1.213e+05 1.244e+02 5.921e+02
|        ( - -8.917e+02 1 0)
|        ( - -1.203e+05 1 0)))
s>    ( QUESTION16 -1 -1.842e+05 2.999e+02 8.956e+02
s>        ( QUESTION0 1 -6.265e+04 1.725e+02 3.034e+02
s>            ( - -6.125e+04 1 0)
s>            ( - -1.231e+03 1 0))
s>        ( QUESTION2_17_L -1 -1.213e+05 1.244e+02 5.921e+02
s>            ( - -8.917e+02 1 0)
s>            ( - -1.203e+05 1 0)))INFO: dtree.c(1439): stop. leaf nodes are specific
INFO: dtree.c(1478): Final simple tree
|( QUESTION14 -1 -1.437e+05 3.018e+02 7.080e+02
|    ( QUESTION0 1 -8.588e+04 2.492e+02 4.258e+02
|        ( - -8.386e+04 7 0)
|        ( - -1.771e+03 1 0))
|    ( WDBNDRY_B 0 -5.749e+04 3.218e+02 2.822e+02
|        ( QUESTION2 -1 -4.950e+04 2.280e+02 2.432e+02
|            ( QUESTION2_15_L -1 -3.419e+04 1.788e+02 1.662e+02
|                ( - -3.015e+04 2 0)
|                ( - -3.864e+03 1 0))
|            ( QUESTION16 -1 -1.508e+04 1.739e+02 7.696e+01
|                ( - -1.401e+03 1 0)
|                ( - -1.350e+04 3 0)))
|        ( - -7.673e+03 3 0)))
s>    ( QUESTION14 -1 -1.437e+05 3.018e+02 7.080e+02
s>        ( QUESTION0 1 -8.588e+04 2.492e+02 4.258e+02
s>            ( - -8.386e+04 7 0)
s>            ( - -1.771e+03 1 0))
s>        ( WDBNDRY_B 0 -5.749e+04 3.218e+02 2.822e+02
s>            ( QUESTION2 -1 -4.950e+04 2.280e+02 2.432e+02
s>                ( QUESTION2_15_L -1 -3.419e+04 1.788e+02 1.662e+02
s>                    ( - -3.015e+04 2 0)
s>                    ( - -3.864e+03 1 0))
s>                ( QUESTION16 -1 -1.508e+04 1.739e+02 7.696e+01
s>                    ( - -1.401e+03 1 0)
s>                    ( - -1.350e+04 3 0)))
s>            ( - -7.673e+03 3 0)))INFO: dtree.c(1315): Comp split 14
INFO: dtree.c(1478): Final simple tree
|( WDBNDRY_E 0 -1.405e+05 3.609e+02 6.664e+02
|    ( QUESTION20 1 -1.211e+05 2.623e+02 5.731e+02
|        ( QUESTION0_17_R 1 -1.386e+04 2.216e+02 6.870e+01
|            ( - -1.138e+04 3 0)
|            ( - -2.260e+03 1 0))
|        ( QUESTION0_16_R 1 -1.070e+05 2.372e+02 5.044e+02
|            ( - -4.041e+04 2 0)
|            ( QUESTION0_14_R 1 -6.633e+04 1.711e+02 3.138e+02
|                ( QUESTION17 1 -6.377e+03 1.374e+02 3.013e+01
|                    ( - -9.292e+02 1 0)
|                    ( - -5.311e+03 2 0))
|                ( QUESTION0_13_R 1 -5.978e+04 1.560e+02 2.836e+02
|                    ( - -6.618e+03 3 0)
|                    ( - -5.300e+04 4 0 QUESTION0_9_R 1 1.177e+02 2.513e+02)))))
|    ( - -1.904e+04 5 0 QUESTION0 -1 1.331e+02 9.326e+01))
s>    ( WDBNDRY_E 0 -1.405e+05 3.609e+02 6.664e+02
s>        ( QUESTION20 1 -1.211e+05 2.623e+02 5.731e+02
s>            ( QUESTION0_17_R 1 -1.386e+04 2.216e+02 6.870e+01
s>                ( - -1.138e+04 3 0)
s>                ( - -2.260e+03 1 0))
s>            ( QUESTION0_16_R 1 -1.070e+05 2.372e+02 5.044e+02
s>                ( - -4.041e+04 2 0)
s>                ( QUESTION0_14_R 1 -6.633e+04 1.711e+02 3.138e+02
s>                    ( QUESTION17 1 -6.377e+03 1.374e+02 3.013e+01
s>                        ( - -9.292e+02 1 0)
s>                        ( - -5.311e+03 2 0))
s>                    ( QUESTION0_13_R 1 -5.978e+04 1.560e+02 2.836e+02
s>                        ( - -6.618e+03 3 0)
s>                        ( - -5.300e+04 4 0 QUESTION0_9_R 1 1.177e+02 2.513e+02)))))
s>        ( - -1.904e+04 5 0 QUESTION0 -1 1.331e+02 9.326e+01))INFO: dtree.c(1315): Comp split 15
INFO: dtree.c(1439): stop. leaf nodes are specific
INFO: dtree.c(1478): Final simple tree
|( QUESTION0_16_R 1 -1.002e+05 2.341e+02 4.721e+02
|    ( - -4.041e+04 2 0)
|    ( QUESTION0_14_R 1 -5.954e+04 1.614e+02 2.814e+02
|        ( QUESTION17 1 -6.377e+03 1.374e+02 3.013e+01
|            ( - -9.292e+02 1 0)
|            ( - -5.311e+03 2 0))
|        ( QUESTION0_9_R 1 -5.300e+04 1.177e+02 2.513e+02
|            ( - -3.453e+02 1 0)
|            ( - -5.254e+04 3 0))))
s>    ( QUESTION0_16_R 1 -1.002e+05 2.341e+02 4.721e+02
s>        ( - -4.041e+04 2 0)
s>        ( QUESTION0_14_R 1 -5.954e+04 1.614e+02 2.814e+02
s>            ( QUESTION17 1 -6.377e+03 1.374e+02 3.013e+01
s>                ( - -9.292e+02 1 0)
s>                ( - -5.311e+03 2 0))
s>            ( QUESTION0_9_R 1 -5.300e+04 1.177e+02 2.513e+02
s>                ( - -3.453e+02 1 0)
s>                ( - -5.254e+04 3 0))))INFO: dtree.c(1439): stop. leaf nodes are specific
INFO: dtree.c(1478): Final simple tree
|( QUESTION0_18_R 1 -3.986e+04 2.083e+02 1.943e+02
|    ( - -2.260e+03 1 0)
|    ( WDBNDRY_E 0 -3.740e+04 2.022e+02 1.823e+02
|        ( QUESTION0_11_R 1 -1.815e+04 1.555e+02 8.902e+01
|            ( - -6.618e+03 3 0)
|            ( - -1.138e+04 3 0))
|        ( QUESTION0 -1 -1.904e+04 1.331e+02 9.326e+01
|            ( - -5.578e+03 4 0)
|            ( - -1.333e+04 1 0))))
s>    ( QUESTION0_18_R 1 -3.986e+04 2.083e+02 1.943e+02
s>        ( - -2.260e+03 1 0)
s>        ( WDBNDRY_E 0 -3.740e+04 2.022e+02 1.823e+02
s>            ( QUESTION0_11_R 1 -1.815e+04 1.555e+02 8.902e+01
s>                ( - -6.618e+03 3 0)
s>                ( - -1.138e+04 3 0))
s>            ( QUESTION0 -1 -1.904e+04 1.331e+02 9.326e+01
s>                ( - -5.578e+03 4 0)
s>                ( - -1.333e+04 1 0))))INFO: dtree.c(1315): Comp split 16
INFO: dtree.c(1439): stop. leaf nodes are specific
INFO: dtree.c(1478): Final simple tree
|( WDBNDRY_B 0 -1.959e+04 2.394e+02 9.048e+01
|    ( SILENCE -1 -5.315e+03 1.268e+02 2.600e+01
|        ( - -7.153e+02 1 0)
|        ( - -4.473e+03 3 0))
|    ( QUESTION11 1 -1.403e+04 1.390e+02 6.448e+01
|        ( - -1.200e+04 1 0)
|        ( QUESTION0_3_R 1 -1.898e+03 1.262e+02 9.000e+00
|            ( - -1.017e+03 1 0)
|            ( - -7.540e+02 1 0))))
s>    ( WDBNDRY_B 0 -1.959e+04 2.394e+02 9.048e+01
s>        ( SILENCE -1 -5.315e+03 1.268e+02 2.600e+01
s>            ( - -7.153e+02 1 0)
s>            ( - -4.473e+03 3 0))
s>        ( QUESTION11 1 -1.403e+04 1.390e+02 6.448e+01
s>            ( - -1.200e+04 1 0)
s>            ( QUESTION0_3_R 1 -1.898e+03 1.262e+02 9.000e+00
s>                ( - -1.017e+03 1 0)
s>                ( - -7.540e+02 1 0))))INFO: dtree.c(1439): stop. leaf nodes are specific
INFO: dtree.c(1478): Final simple tree
|( WDBNDRY_B 0 -5.001e+04 2.441e+02 2.306e+02
|    ( SILENCE -1 -4.508e+04 1.956e+02 2.085e+02
|        ( - -2.686e+03 2 0)
|        ( QUESTION0_11_R 1 -4.219e+04 1.896e+02 1.965e+02
|            ( - -6.771e+02 1 0)
|            ( QUESTION0 -1 -4.133e+04 1.448e+02 1.925e+02
|                ( - -2.544e+04 6 0)
|                ( QUESTION2 -1 -1.575e+04 1.286e+02 7.391e+01
|                    ( - -2.570e+03 2 0)
|                    ( - -1.305e+04 4 0)))))
|    ( QUESTION0_17_R 1 -4.692e+03 1.393e+02 2.204e+01
|        ( - -2.045e+03 1 0)
|        ( - -2.507e+03 2 0)))
s>    ( WDBNDRY_B 0 -5.001e+04 2.441e+02 2.306e+02
s>        ( SILENCE -1 -4.508e+04 1.956e+02 2.085e+02
s>            ( - -2.686e+03 2 0)
s>            ( QUESTION0_11_R 1 -4.219e+04 1.896e+02 1.965e+02
s>                ( - -6.771e+02 1 0)
s>                ( QUESTION0 -1 -4.133e+04 1.448e+02 1.925e+02
s>                    ( - -2.544e+04 6 0)
s>                    ( QUESTION2 -1 -1.575e+04 1.286e+02 7.391e+01
s>                        ( - -2.570e+03 2 0)
s>                        ( - -1.305e+04 4 0)))))
s>        ( QUESTION0_17_R 1 -4.692e+03 1.393e+02 2.204e+01
s>            ( - -2.045e+03 1 0)
s>            ( - -2.507e+03 2 0)))INFO: dtree.c(1315): Comp split 17
INFO: dtree.c(1439): stop. leaf nodes are specific
INFO: dtree.c(1478): Final simple tree
|( QUESTION2 -1 -4.544e+04 2.182e+02 2.242e+02
|    ( - -3.015e+04 2 0)
|    ( QUESTION16 -1 -1.508e+04 1.739e+02 7.696e+01
|        ( - -1.401e+03 1 0)
|        ( - -1.350e+04 3 0)))
s>    ( QUESTION2 -1 -4.544e+04 2.182e+02 2.242e+02
s>        ( - -3.015e+04 2 0)
s>        ( QUESTION16 -1 -1.508e+04 1.739e+02 7.696e+01
s>            ( - -1.401e+03 1 0)
s>            ( - -1.350e+04 3 0)))INFO: dtree.c(1439): stop. leaf nodes are specific
INFO: dtree.c(1478): Final simple tree
|( WDBNDRY_B 0 -9.787e+04 2.734e+02 4.838e+02
|    ( QUESTION0 1 -8.992e+04 2.484e+02 4.448e+02
|        ( QUESTION2 -1 -8.790e+04 1.777e+02 4.348e+02
|            ( - -3.864e+03 1 0)
|            ( - -8.386e+04 7 0))
|        ( - -1.771e+03 1 0))
|    ( - -7.673e+03 3 0))
s>    ( WDBNDRY_B 0 -9.787e+04 2.734e+02 4.838e+02
s>        ( QUESTION0 1 -8.992e+04 2.484e+02 4.448e+02
s>            ( QUESTION2 -1 -8.790e+04 1.777e+02 4.348e+02
s>                ( - -3.864e+03 1 0)
s>                ( - -8.386e+04 7 0))
s>            ( - -1.771e+03 1 0))
s>        ( - -7.673e+03 3 0))INFO: dtree.c(1315): Comp split 18
INFO: dtree.c(1315): Comp split 19
INFO: dtree.c(1439): stop. leaf nodes are specific
INFO: dtree.c(1478): Final simple tree
|( QUESTION2_17_L -1 -1.213e+05 1.244e+02 5.921e+02
|    ( - -8.917e+02 1 0)
|    ( - -1.203e+05 1 0))
s>    ( QUESTION2_17_L -1 -1.213e+05 1.244e+02 5.921e+02
s>        ( - -8.917e+02 1 0)
s>        ( - -1.203e+05 1 0))INFO: dtree.c(1439): stop. leaf nodes are specific
INFO: dtree.c(1478): Final simple tree
|( QUESTION0 1 -6.265e+04 1.725e+02 3.034e+02
|    ( - -6.125e+04 1 0)
|    ( - -1.231e+03 1 0))
s>    ( QUESTION0 1 -6.265e+04 1.725e+02 3.034e+02
s>        ( - -6.125e+04 1 0)
s>        ( - -1.231e+03 1 0))INFO: dtree.c(1315): Comp split 20
INFO: dtree.c(1439): stop. leaf nodes are specific
INFO: dtree.c(1478): Final simple tree
|( QUESTION2 -1 -8.790e+04 1.777e+02 4.348e+02
|    ( - -3.864e+03 1 0)
|    ( - -8.386e+04 7 0))
s>    ( QUESTION2 -1 -8.790e+04 1.777e+02 4.348e+02
s>        ( - -3.864e+03 1 0)
s>        ( - -8.386e+04 7 0))INFO: dtree.c(1439): stop. leaf nodes are specific
INFO: dtree.c(1478): Final simple tree
|( WDBNDRY_B 0 -9.684e+03 2.396e+02 4.900e+01
|    ( - -1.771e+03 1 0)
|    ( - -7.673e+03 3 0))
s>    ( WDBNDRY_B 0 -9.684e+03 2.396e+02 4.900e+01
s>        ( - -1.771e+03 1 0)
s>        ( - -7.673e+03 3 0))INFO: dtree.c(1315): Comp split 21
INFO: dtree.c(1439): stop. leaf nodes are specific
INFO: dtree.c(1478): Final simple tree
|( WDBNDRY_B 0 -4.081e+04 1.498e+02 1.905e+02
|    ( QUESTION0 -1 -3.862e+04 1.324e+02 1.805e+02
|        ( - -2.544e+04 6 0)
|        ( - -1.305e+04 4 0))
|    ( - -2.045e+03 1 0))
s>    ( WDBNDRY_B 0 -4.081e+04 1.498e+02 1.905e+02
s>        ( QUESTION0 -1 -3.862e+04 1.324e+02 1.805e+02
s>            ( - -2.544e+04 6 0)
s>            ( - -1.305e+04 4 0))
s>        ( - -2.045e+03 1 0))INFO: dtree.c(1439): stop. leaf nodes are specific
INFO: dtree.c(1478): Final simple tree
|( WDBNDRY_B 0 -8.948e+03 2.236e+02 4.006e+01
|    ( QUESTION0_11_R 1 -6.217e+03 1.806e+02 2.801e+01
|        ( - -6.771e+02 1 0)
|        ( SILENCE -1 -5.359e+03 1.023e+02 2.401e+01
|            ( - -2.686e+03 2 0)
|            ( - -2.570e+03 2 0)))
|    ( - -2.507e+03 2 0))
s>    ( WDBNDRY_B 0 -8.948e+03 2.236e+02 4.006e+01
s>        ( QUESTION0_11_R 1 -6.217e+03 1.806e+02 2.801e+01
s>            ( - -6.771e+02 1 0)
s>            ( SILENCE -1 -5.359e+03 1.023e+02 2.401e+01
s>                ( - -2.686e+03 2 0)
s>                ( - -2.570e+03 2 0)))
s>        ( - -2.507e+03 2 0))INFO: dtree.c(1315): Comp split 22
INFO: dtree.c(1315): Comp split 23
INFO: dtree.c(1439): stop. leaf nodes are specific
INFO: dtree.c(1478): Final simple tree
|( QUESTION11 1 -1.403e+04 1.390e+02 6.448e+01
|    ( - -1.200e+04 1 0)
|    ( QUESTION0_3_R 1 -1.898e+03 1.262e+02 9.000e+00
|        ( - -1.017e+03 1 0)
|        ( - -7.540e+02 1 0)))
s>    ( QUESTION11 1 -1.403e+04 1.390e+02 6.448e+01
s>        ( - -1.200e+04 1 0)
s>        ( QUESTION0_3_R 1 -1.898e+03 1.262e+02 9.000e+00
s>            ( - -1.017e+03 1 0)
s>            ( - -7.540e+02 1 0)))INFO: dtree.c(1439): stop. leaf nodes are specific
INFO: dtree.c(1478): Final simple tree
|( SILENCE -1 -5.315e+03 1.268e+02 2.600e+01
|    ( - -7.153e+02 1 0)
|    ( - -4.473e+03 3 0))
s>    ( SILENCE -1 -5.315e+03 1.268e+02 2.600e+01
s>        ( - -7.153e+02 1 0)
s>        ( - -4.473e+03 3 0))INFO: dtree.c(1315): Comp split 24
INFO: dtree.c(1439): stop. leaf nodes are specific
INFO: dtree.c(1478): Final simple tree
|( QUESTION0_11_R 1 -5.908e+04 1.621e+02 2.794e+02
|    ( - -5.254e+04 3 0)
|    ( QUESTION17 1 -6.377e+03 1.374e+02 3.013e+01
|        ( - -9.292e+02 1 0)
|        ( - -5.311e+03 2 0)))
s>    ( QUESTION0_11_R 1 -5.908e+04 1.621e+02 2.794e+02
s>        ( - -5.254e+04 3 0)
s>        ( QUESTION17 1 -6.377e+03 1.374e+02 3.013e+01
s>            ( - -9.292e+02 1 0)
s>            ( - -5.311e+03 2 0)))INFO: dtree.c(1439): stop. leaf nodes are specific
INFO: dtree.c(1478): Final simple tree
|( QUESTION0_9_R 1 -4.086e+04 1.116e+02 1.926e+02
|    ( - -3.453e+02 1 0)
|    ( - -4.041e+04 2 0))
s>    ( QUESTION0_9_R 1 -4.086e+04 1.116e+02 1.926e+02
s>        ( - -3.453e+02 1 0)
s>        ( - -4.041e+04 2 0))INFO: dtree.c(1315): Comp split 25
INFO: dtree.c(1439): stop. leaf nodes are specific
INFO: dtree.c(1478): Final simple tree
|( SILENCE -1 -5.293e+03 1.354e+02 2.700e+01
|    ( - -1.781e+03 1 0)
|    ( - -3.376e+03 2 0))
s>    ( SILENCE -1 -5.293e+03 1.354e+02 2.700e+01
s>        ( - -1.781e+03 1 0)
s>        ( - -3.376e+03 2 0))INFO: dtree.c(1439): stop. leaf nodes are specific
INFO: dtree.c(1478): Final simple tree
|( SILENCE -1 -3.376e+04 1.642e+02 1.693e+02
|    ( - -1.562e+04 1 0)
|    ( - -1.798e+04 1 0))
s>    ( SILENCE -1 -3.376e+04 1.642e+02 1.693e+02
s>        ( - -1.562e+04 1 0)
s>        ( - -1.798e+04 1 0))INFO: dtree.c(1315): Comp split 26
INFO: dtree.c(1439): stop. leaf nodes are specific
INFO: dtree.c(1478): Final simple tree
|( QUESTION0_11_R 1 -6.217e+03 1.806e+02 2.801e+01
|    ( - -6.771e+02 1 0)
|    ( SILENCE -1 -5.359e+03 1.023e+02 2.401e+01
|        ( - -2.686e+03 2 0)
|        ( - -2.570e+03 2 0)))
s>    ( QUESTION0_11_R 1 -6.217e+03 1.806e+02 2.801e+01
s>        ( - -6.771e+02 1 0)
s>        ( SILENCE -1 -5.359e+03 1.023e+02 2.401e+01
s>            ( - -2.686e+03 2 0)
s>            ( - -2.570e+03 2 0)))INFO: dtree.c(1315): Comp split 27
INFO: dtree.c(1439): stop. leaf nodes are specific
INFO: dtree.c(1478): Final simple tree
|( QUESTION16 -1 -1.508e+04 1.739e+02 7.696e+01
|    ( - -1.401e+03 1 0)
|    ( - -1.350e+04 3 0))
s>    ( QUESTION16 -1 -1.508e+04 1.739e+02 7.696e+01
s>        ( - -1.401e+03 1 0)
s>        ( - -1.350e+04 3 0))INFO: dtree.c(1315): Comp split 28
INFO: dtree.c(1439): stop. leaf nodes are specific
INFO: dtree.c(1478): Final simple tree
|( WDBNDRY_E 0 -3.740e+04 2.022e+02 1.823e+02
|    ( QUESTION0_11_R 1 -1.815e+04 1.555e+02 8.902e+01
|        ( - -6.618e+03 3 0)
|        ( - -1.138e+04 3 0))
|    ( QUESTION0 -1 -1.904e+04 1.331e+02 9.326e+01
|        ( - -5.578e+03 4 0)
|        ( - -1.333e+04 1 0)))
s>    ( WDBNDRY_E 0 -3.740e+04 2.022e+02 1.823e+02
s>        ( QUESTION0_11_R 1 -1.815e+04 1.555e+02 8.902e+01
s>            ( - -6.618e+03 3 0)
s>            ( - -1.138e+04 3 0))
s>        ( QUESTION0 -1 -1.904e+04 1.331e+02 9.326e+01
s>            ( - -5.578e+03 4 0)
s>            ( - -1.333e+04 1 0)))INFO: dtree.c(1315): Comp split 29
INFO: dtree.c(1439): stop. leaf nodes are specific
INFO: dtree.c(1478): Final simple tree
|( QUESTION0 -1 -1.904e+04 1.331e+02 9.326e+01
|    ( - -5.578e+03 4 0)
|    ( - -1.333e+04 1 0))
s>    ( QUESTION0 -1 -1.904e+04 1.331e+02 9.326e+01
s>        ( - -5.578e+03 4 0)
s>        ( - -1.333e+04 1 0))INFO: dtree.c(1439): stop. leaf nodes are specific
INFO: dtree.c(1478): Final simple tree
|( QUESTION0_11_R 1 -1.815e+04 1.555e+02 8.902e+01
|    ( - -6.618e+03 3 0)
|    ( - -1.138e+04 3 0))
s>    ( QUESTION0_11_R 1 -1.815e+04 1.555e+02 8.902e+01
s>        ( - -6.618e+03 3 0)
s>        ( - -1.138e+04 3 0))INFO: dtree.c(1315): Comp split 30
INFO: dtree.c(1439): stop. leaf nodes are specific
INFO: dtree.c(1478): Final simple tree
|( QUESTION0 1 -3.399e+04 1.418e+02 1.620e+02
|    ( - -3.313e+04 6 0)
|    ( - -7.196e+02 1 0))
s>    ( QUESTION0 1 -3.399e+04 1.418e+02 1.620e+02
s>        ( - -3.313e+04 6 0)
s>        ( - -7.196e+02 1 0))INFO: dtree.c(1315): Comp split 31
INFO: dtree.c(1439): stop. leaf nodes are specific
INFO: dtree.c(1478): Final simple tree
|( WDBNDRY_B 0 -5.154e+05 1.207e+02 2.421e+03
|    ( - -6.845e+02 1 0)
|    ( - -5.146e+05 5 0))
s>    ( WDBNDRY_B 0 -5.154e+05 1.207e+02 2.421e+03
s>        ( - -6.845e+02 1 0)
s>        ( - -5.146e+05 5 0))INFO: dtree.c(1439): stop. leaf nodes are specific
INFO: dtree.c(1478): Final simple tree
|( QUESTION15 -1 -6.298e+03 1.736e+02 3.000e+01
|    ( - -3.104e+02 1 0)
|    ( WDBNDRY_B 0 -5.814e+03 1.411e+02 2.800e+01
|        ( - -5.024e+03 4 0)
|        ( - -6.489e+02 1 0)))
s>    ( QUESTION15 -1 -6.298e+03 1.736e+02 3.000e+01
s>        ( - -3.104e+02 1 0)
s>        ( WDBNDRY_B 0 -5.814e+03 1.411e+02 2.800e+01
s>            ( - -5.024e+03 4 0)
s>            ( - -6.489e+02 1 0)))INFO: dtree.c(1315): Comp split 32
INFO: dtree.c(1315): Comp split 33
INFO: dtree.c(1439): stop. leaf nodes are specific
INFO: dtree.c(1478): Final simple tree
|( SILENCE -1 -5.359e+03 1.023e+02 2.401e+01
|    ( - -2.686e+03 2 0)
|    ( - -2.570e+03 2 0))
s>    ( SILENCE -1 -5.359e+03 1.023e+02 2.401e+01
s>        ( - -2.686e+03 2 0)
s>        ( - -2.570e+03 2 0))INFO: dtree.c(1315): Comp split 34
INFO: dtree.c(1315): Comp split 35
INFO: dtree.c(1315): Comp split 36
INFO: dtree.c(1439): stop. leaf nodes are specific
INFO: dtree.c(1478): Final simple tree
|( QUESTION0_11_R 1 -5.360e+04 1.258e+02 2.543e+02
|    ( - -5.254e+04 3 0)
|    ( - -9.292e+02 1 0))
s>    ( QUESTION0_11_R 1 -5.360e+04 1.258e+02 2.543e+02
s>        ( - -5.254e+04 3 0)
s>        ( - -9.292e+02 1 0))INFO: dtree.c(1315): Comp split 37
INFO: dtree.c(1439): stop. leaf nodes are specific
INFO: dtree.c(1478): Final simple tree
|( WDBNDRY_B 0 -5.814e+03 1.411e+02 2.800e+01
|    ( - -5.024e+03 4 0)
|    ( - -6.489e+02 1 0))
s>    ( WDBNDRY_B 0 -5.814e+03 1.411e+02 2.800e+01
s>        ( - -5.024e+03 4 0)
s>        ( - -6.489e+02 1 0))INFO: dtree.c(1315): Comp split 38
INFO: dtree.c(1315): Comp split 39
INFO: dtree.c(1315): Comp split 40
INFO: dtree.c(1315): Comp split 41
INFO: dtree.c(1315): Comp split 42
INFO: dtree.c(1315): Comp split 43
INFO: dtree.c(1315): Comp split 44
INFO: dtree.c(1439): stop. leaf nodes are specific
INFO: dtree.c(1478): Final simple tree
|( QUESTION0 -1 -3.862e+04 1.324e+02 1.805e+02
|    ( - -2.544e+04 6 0)
|    ( - -1.305e+04 4 0))
s>    ( QUESTION0 -1 -3.862e+04 1.324e+02 1.805e+02
s>        ( - -2.544e+04 6 0)
s>        ( - -1.305e+04 4 0))INFO: dtree.c(1315): Comp split 45
INFO: dtree.c(1315): Comp split 46
INFO: dtree.c(1315): Comp split 47
INFO: dtree.c(1439): stop. leaf nodes are specific
INFO: dtree.c(1478): Final simple tree
|( QUESTION0_3_R 1 -1.898e+03 1.262e+02 9.000e+00
|    ( - -1.017e+03 1 0)
|    ( - -7.540e+02 1 0))
s>    ( QUESTION0_3_R 1 -1.898e+03 1.262e+02 9.000e+00
s>        ( - -1.017e+03 1 0)
s>        ( - -7.540e+02 1 0))INFO: dtree.c(1315): Comp split 48
INFO: dtree.c(1315): Comp split 49
INFO: dtree.c(1315): Comp split 50
INFO: dtree.c(1315): Comp split 51
INFO: dtree.c(1315): Comp split 52
INFO: dtree.c(1315): Comp split 53
INFO: dtree.c(1315): Comp split 54
INFO: dtree.c(1315): Comp split 55
INFO: dtree.c(1315): Comp split 56
INFO: dtree.c(1315): Comp split 57
INFO: dtree.c(1315): Comp split 58
INFO: dtree.c(1318): stop. leaf nodes are specific
Wed Mar 22 13:38:34 2023
