Current configuration:
[NAME]		[DEFLT]	[VALUE]
-allphones	no	no
-cntthresh	0.00001	1.000000e-05
-csplitmax	100	2000
-csplitmin	1	1
-csplitthr	8e-4	0.000000e+00
-example	no	no
-fullvar	no	no
-help		no	no
-meanfn			/home/lucija/Documents/Zadnji semestar/ROGJ/Prezentacije/CMUspinx/tutorial8/model_parameters/my_db.cd_cont_untied/means
-mixwfn			/home/lucija/Documents/Zadnji semestar/ROGJ/Prezentacije/CMUspinx/tutorial8/model_parameters/my_db.cd_cont_untied/mixture_weights
-moddeffn		/home/lucija/Documents/Zadnji semestar/ROGJ/Prezentacije/CMUspinx/tutorial8/model_architecture/my_db.untied.mdef
-mwfloor	1e-4	1.000000e-08
-phone			m
-psetfn			/home/lucija/Documents/Zadnji semestar/ROGJ/Prezentacije/CMUspinx/tutorial8/model_architecture/my_db.tree_questions
-ssplitmax	5	7
-ssplitmin	1	1
-ssplitthr	8e-4	0.000000e+00
-state			2
-stwt			1.0,0.05,0.0,
-treefn			/home/lucija/Documents/Zadnji semestar/ROGJ/Prezentacije/CMUspinx/tutorial8/trees/my_db.unpruned/m-2.dtree
-ts2cbfn	.semi.	.cont.
-varfloor	0.00001	1.000000e-05
-varfn			/home/lucija/Documents/Zadnji semestar/ROGJ/Prezentacije/CMUspinx/tutorial8/model_parameters/my_db.cd_cont_untied/variances

INFO: main.c(223): Reading: /home/lucija/Documents/Zadnji semestar/ROGJ/Prezentacije/CMUspinx/tutorial8/model_architecture/my_db.untied.mdef
INFO: model_def_io.c(573): Model definition info:
INFO: model_def_io.c(574): 10483 total models defined (32 base, 10451 tri)
INFO: model_def_io.c(575): 41932 total states
INFO: model_def_io.c(576): 31449 total tied states
INFO: model_def_io.c(577): 96 total tied CI states
INFO: model_def_io.c(578): 32 total tied transition matrices
INFO: model_def_io.c(579): 4 max state/model
INFO: model_def_io.c(580): 4 min state/model
INFO: main.c(242): Building trees for [m NOISE a b] through [m š o b]
INFO: main.c(268): Covering states |[15993 17003]| == 1011
INFO: main.c(275): Reading: /home/lucija/Documents/Zadnji semestar/ROGJ/Prezentacije/CMUspinx/tutorial8/model_parameters/my_db.cd_cont_untied/mixture_weights
INFO: s3mixw_io.c(172): Read /home/lucija/Documents/Zadnji semestar/ROGJ/Prezentacije/CMUspinx/tutorial8/model_parameters/my_db.cd_cont_untied/mixture_weights [1011x1x1 array]
INFO: main.c(311): 333 of 337 models have observation count greater than 0.000010
INFO: main.c(95): nrm stwt: 0.000 0.048 0.952 
INFO: s3gau_io.c(168): Read /home/lucija/Documents/Zadnji semestar/ROGJ/Prezentacije/CMUspinx/tutorial8/model_parameters/my_db.cd_cont_untied/means [31449x1x1 array]
INFO: s3gau_io.c(168): Read /home/lucija/Documents/Zadnji semestar/ROGJ/Prezentacije/CMUspinx/tutorial8/model_parameters/my_db.cd_cont_untied/variances [31449x1x1 array]
INFO: main.c(549): Reading: /home/lucija/Documents/Zadnji semestar/ROGJ/Prezentacije/CMUspinx/tutorial8/model_architecture/my_db.tree_questions
INFO: main.c(587): 180 total simple questions (172 phone; 8 word bndry)
INFO: main.c(589): 42 Left Only questions, and 42 Right Only questions
INFO: dtree.c(1478): Final simple tree
|( QUESTION0_0_R 1 -8.743e+06 6.847e+04 3.936e+04
|    ( WDBNDRY_E 0 -5.941e+06 2.375e+04 2.687e+04
|        ( - -1.034e+06 29 0 QUESTION0 1 8.296e+02 4.693e+03)
|        ( WDBNDRY_B 0 -4.883e+06 1.036e+04 2.218e+04
|            ( - -1.851e+06 119 0 SILENCE -1 3.990e+03 8.397e+03)
|            ( - -3.022e+06 71 0 QUESTION2_0_L -1 3.372e+03 1.378e+04)))
|    ( QUESTION0_2_R 1 -2.733e+06 1.482e+04 1.249e+04
|        ( - -3.800e+05 28 0 QUESTION11 1 9.325e+02 1.722e+03)
|        ( QUESTION0_14_R 1 -2.339e+06 9.019e+03 1.077e+04
|            ( - -1.150e+06 46 0 WDBNDRY_E 0 4.976e+03 5.264e+03)
|            ( QUESTION0_10_R 1 -1.180e+06 7.644e+03 5.506e+03
|                ( QUESTION0 1 -6.450e+05 5.530e+03 2.995e+03
|                    ( - -1.764e+05 7 0 QUESTION0 -1 4.512e+02 8.235e+02)
|                    ( - -4.631e+05 24 0 WDBNDRY_E 0 2.063e+03 2.171e+03))
|                ( - -5.274e+05 9 0 SILENCE 1 1.380e+03 2.511e+03)))))
s>    ( QUESTION0_0_R 1 -8.743e+06 6.847e+04 3.936e+04
s>        ( WDBNDRY_E 0 -5.941e+06 2.375e+04 2.687e+04
s>            ( - -1.034e+06 29 0 QUESTION0 1 8.296e+02 4.693e+03)
s>            ( WDBNDRY_B 0 -4.883e+06 1.036e+04 2.218e+04
s>                ( - -1.851e+06 119 0 SILENCE -1 3.990e+03 8.397e+03)
s>                ( - -3.022e+06 71 0 QUESTION2_0_L -1 3.372e+03 1.378e+04)))
s>        ( QUESTION0_2_R 1 -2.733e+06 1.482e+04 1.249e+04
s>            ( - -3.800e+05 28 0 QUESTION11 1 9.325e+02 1.722e+03)
s>            ( QUESTION0_14_R 1 -2.339e+06 9.019e+03 1.077e+04
s>                ( - -1.150e+06 46 0 WDBNDRY_E 0 4.976e+03 5.264e+03)
s>                ( QUESTION0_10_R 1 -1.180e+06 7.644e+03 5.506e+03
s>                    ( QUESTION0 1 -6.450e+05 5.530e+03 2.995e+03
s>                        ( - -1.764e+05 7 0 QUESTION0 -1 4.512e+02 8.235e+02)
s>                        ( - -4.631e+05 24 0 WDBNDRY_E 0 2.063e+03 2.171e+03))
s>                    ( - -5.274e+05 9 0 SILENCE 1 1.380e+03 2.511e+03)))))INFO: dtree.c(1315): Comp split 0
INFO: dtree.c(1478): Final simple tree
|( WDBNDRY_B 0 -4.883e+06 1.036e+04 2.218e+04
|    ( SILENCE -1 -1.851e+06 3.990e+03 8.397e+03
|        ( - -2.421e+05 6 0 QUESTION0 1 2.721e+02 1.120e+03)
|        ( QUESTION17 -1 -1.605e+06 3.618e+03 7.277e+03
|            ( - -1.080e+05 8 0 QUESTION0 1 1.459e+02 4.937e+02)
|            ( QUESTION16 -1 -1.493e+06 3.252e+03 6.783e+03
|                ( - -1.009e+05 6 0)
|                ( QUESTION3 -1 -1.389e+06 2.564e+03 6.314e+03
|                    ( - -1.117e+05 6 0)
|                    ( - -1.275e+06 93 0 QUESTION2_6_L -1 9.227e+02 5.804e+03)))))
|    ( QUESTION2_0_L -1 -3.022e+06 3.372e+03 1.378e+04
|        ( - -2.696e+06 32 0 QUESTION0 1 2.922e+02 1.231e+04)
|        ( QUESTION12 -1 -3.230e+05 3.282e+03 1.469e+03
|            ( - -1.477e+05 5 0)
|            ( - -1.720e+05 34 0 QUESTION14 -1 1.430e+03 7.846e+02))))
s>    ( WDBNDRY_B 0 -4.883e+06 1.036e+04 2.218e+04
s>        ( SILENCE -1 -1.851e+06 3.990e+03 8.397e+03
s>            ( - -2.421e+05 6 0 QUESTION0 1 2.721e+02 1.120e+03)
s>            ( QUESTION17 -1 -1.605e+06 3.618e+03 7.277e+03
s>                ( - -1.080e+05 8 0 QUESTION0 1 1.459e+02 4.937e+02)
s>                ( QUESTION16 -1 -1.493e+06 3.252e+03 6.783e+03
s>                    ( - -1.009e+05 6 0)
s>                    ( QUESTION3 -1 -1.389e+06 2.564e+03 6.314e+03
s>                        ( - -1.117e+05 6 0)
s>                        ( - -1.275e+06 93 0 QUESTION2_6_L -1 9.227e+02 5.804e+03)))))
s>        ( QUESTION2_0_L -1 -3.022e+06 3.372e+03 1.378e+04
s>            ( - -2.696e+06 32 0 QUESTION0 1 2.922e+02 1.231e+04)
s>            ( QUESTION12 -1 -3.230e+05 3.282e+03 1.469e+03
s>                ( - -1.477e+05 5 0)
s>                ( - -1.720e+05 34 0 QUESTION14 -1 1.430e+03 7.846e+02))))INFO: dtree.c(1478): Final simple tree
|( QUESTION0 1 -3.782e+06 1.515e+04 1.719e+04
|    ( WDBNDRY_E 0 -1.188e+06 5.473e+03 5.389e+03
|        ( - -1.008e+06 25 0 QUESTION0_0_R 1 1.360e+02 4.575e+03)
|        ( - -1.742e+05 5 0 QUESTION0 -1 4.335e+02 8.135e+02))
|    ( QUESTION0_2_R 1 -2.579e+06 1.459e+04 1.180e+04
|        ( - -3.800e+05 28 0 QUESTION11 1 9.325e+02 1.722e+03)
|        ( QUESTION0_14_R 1 -2.184e+06 9.060e+03 1.007e+04
|            ( WDBNDRY_E 0 -1.150e+06 4.976e+03 5.264e+03
|                ( QUESTION0_15_R 1 -9.070e+05 3.296e+03 4.166e+03
|                    ( - -4.262e+05 12 0 QUESTION17 1 3.555e+02 1.972e+03)
|                    ( - -4.775e+05 21 0 QUESTION19 1 1.257e+03 2.194e+03))
|                ( - -2.376e+05 13 0 QUESTION0_15_R 1 1.791e+03 1.098e+03))
|            ( QUESTION13 1 -1.026e+06 6.481e+03 4.810e+03
|                ( - -4.919e+05 30 0 WDBNDRY_E 0 2.152e+03 2.299e+03)
|                ( - -5.274e+05 9 0 SILENCE 1 1.380e+03 2.511e+03)))))
s>    ( QUESTION0 1 -3.782e+06 1.515e+04 1.719e+04
s>        ( WDBNDRY_E 0 -1.188e+06 5.473e+03 5.389e+03
s>            ( - -1.008e+06 25 0 QUESTION0_0_R 1 1.360e+02 4.575e+03)
s>            ( - -1.742e+05 5 0 QUESTION0 -1 4.335e+02 8.135e+02))
s>        ( QUESTION0_2_R 1 -2.579e+06 1.459e+04 1.180e+04
s>            ( - -3.800e+05 28 0 QUESTION11 1 9.325e+02 1.722e+03)
s>            ( QUESTION0_14_R 1 -2.184e+06 9.060e+03 1.007e+04
s>                ( WDBNDRY_E 0 -1.150e+06 4.976e+03 5.264e+03
s>                    ( QUESTION0_15_R 1 -9.070e+05 3.296e+03 4.166e+03
s>                        ( - -4.262e+05 12 0 QUESTION17 1 3.555e+02 1.972e+03)
s>                        ( - -4.775e+05 21 0 QUESTION19 1 1.257e+03 2.194e+03))
s>                    ( - -2.376e+05 13 0 QUESTION0_15_R 1 1.791e+03 1.098e+03))
s>                ( QUESTION13 1 -1.026e+06 6.481e+03 4.810e+03
s>                    ( - -4.919e+05 30 0 WDBNDRY_E 0 2.152e+03 2.299e+03)
s>                    ( - -5.274e+05 9 0 SILENCE 1 1.380e+03 2.511e+03)))))INFO: dtree.c(1315): Comp split 1
INFO: dtree.c(1478): Final simple tree
|( QUESTION0_14_R 1 -2.184e+06 9.060e+03 1.007e+04
|    ( WDBNDRY_E 0 -1.150e+06 4.976e+03 5.264e+03
|        ( QUESTION0_15_R 1 -9.070e+05 3.296e+03 4.166e+03
|            ( - -4.262e+05 12 0 QUESTION17 1 3.555e+02 1.972e+03)
|            ( - -4.775e+05 21 0 QUESTION19 1 1.257e+03 2.194e+03))
|        ( QUESTION0_15_R 1 -2.376e+05 1.791e+03 1.098e+03
|            ( - -4.513e+04 5 0 QUESTION17 1 2.486e+02 2.107e+02)
|            ( - -1.907e+05 8 0 QUESTION20 1 4.788e+02 8.872e+02)))
|    ( QUESTION13 1 -1.026e+06 6.481e+03 4.810e+03
|        ( WDBNDRY_E 0 -4.919e+05 2.152e+03 2.299e+03
|            ( - -3.918e+05 18 0 QUESTION0_12_R 1 1.075e+03 1.820e+03)
|            ( - -9.789e+04 12 0 WDBNDRY_B 0 2.957e+02 4.789e+02))
|        ( SILENCE 1 -5.274e+05 1.380e+03 2.511e+03
|            ( - -3.391e+05 5 0)
|            ( - -1.869e+05 4 0))))
s>    ( QUESTION0_14_R 1 -2.184e+06 9.060e+03 1.007e+04
s>        ( WDBNDRY_E 0 -1.150e+06 4.976e+03 5.264e+03
s>            ( QUESTION0_15_R 1 -9.070e+05 3.296e+03 4.166e+03
s>                ( - -4.262e+05 12 0 QUESTION17 1 3.555e+02 1.972e+03)
s>                ( - -4.775e+05 21 0 QUESTION19 1 1.257e+03 2.194e+03))
s>            ( QUESTION0_15_R 1 -2.376e+05 1.791e+03 1.098e+03
s>                ( - -4.513e+04 5 0 QUESTION17 1 2.486e+02 2.107e+02)
s>                ( - -1.907e+05 8 0 QUESTION20 1 4.788e+02 8.872e+02)))
s>        ( QUESTION13 1 -1.026e+06 6.481e+03 4.810e+03
s>            ( WDBNDRY_E 0 -4.919e+05 2.152e+03 2.299e+03
s>                ( - -3.918e+05 18 0 QUESTION0_12_R 1 1.075e+03 1.820e+03)
s>                ( - -9.789e+04 12 0 WDBNDRY_B 0 2.957e+02 4.789e+02))
s>            ( SILENCE 1 -5.274e+05 1.380e+03 2.511e+03
s>                ( - -3.391e+05 5 0)
s>                ( - -1.869e+05 4 0))))INFO: dtree.c(1478): Final simple tree
|( QUESTION0_2_R 1 -1.579e+06 1.188e+04 7.111e+03
|    ( QUESTION11 1 -3.800e+05 9.325e+02 1.722e+03
|        ( WDBNDRY_E 0 -3.098e+05 6.151e+02 1.409e+03
|            ( QUESTION0 -1 -2.934e+05 5.960e+02 1.334e+03
|                ( - -2.878e+05 8 0 QUESTION0_3_R 1 1.900e+02 1.309e+03)
|                ( - -4.945e+03 1 0))
|            ( QUESTION0_3_R 1 -1.585e+04 4.481e+02 7.509e+01
|                ( - -1.565e+04 6 0 QUESTION0 -1 4.454e+02 7.409e+01)
|                ( - 2.419e+02 1 0)))
|        ( QUESTION0_3_R 1 -6.918e+04 6.033e+02 3.134e+02
|            ( - -4.179e+04 5 0)
|            ( - -2.678e+04 7 0 QUESTION0_5_R 1 3.272e+02 1.207e+02)))
|    ( WDBNDRY_E 0 -1.188e+06 5.473e+03 5.389e+03
|        ( - -1.008e+06 25 0 QUESTION0_0_R 1 1.360e+02 4.575e+03)
|        ( - -1.742e+05 5 0 QUESTION0 -1 4.335e+02 8.135e+02)))
s>    ( QUESTION0_2_R 1 -1.579e+06 1.188e+04 7.111e+03
s>        ( QUESTION11 1 -3.800e+05 9.325e+02 1.722e+03
s>            ( WDBNDRY_E 0 -3.098e+05 6.151e+02 1.409e+03
s>                ( QUESTION0 -1 -2.934e+05 5.960e+02 1.334e+03
s>                    ( - -2.878e+05 8 0 QUESTION0_3_R 1 1.900e+02 1.309e+03)
s>                    ( - -4.945e+03 1 0))
s>                ( QUESTION0_3_R 1 -1.585e+04 4.481e+02 7.509e+01
s>                    ( - -1.565e+04 6 0 QUESTION0 -1 4.454e+02 7.409e+01)
s>                    ( - 2.419e+02 1 0)))
s>            ( QUESTION0_3_R 1 -6.918e+04 6.033e+02 3.134e+02
s>                ( - -4.179e+04 5 0)
s>                ( - -2.678e+04 7 0 QUESTION0_5_R 1 3.272e+02 1.207e+02)))
s>        ( WDBNDRY_E 0 -1.188e+06 5.473e+03 5.389e+03
s>            ( - -1.008e+06 25 0 QUESTION0_0_R 1 1.360e+02 4.575e+03)
s>            ( - -1.742e+05 5 0 QUESTION0 -1 4.335e+02 8.135e+02)))INFO: dtree.c(1315): Comp split 2
INFO: dtree.c(1478): Final simple tree
|( SILENCE -1 -1.810e+06 3.797e+03 8.219e+03
|    ( - -2.421e+05 6 0 QUESTION0 1 2.721e+02 1.120e+03)
|    ( WDBNDRY_B 0 -1.564e+06 2.972e+03 7.099e+03
|        ( QUESTION3 -1 -1.389e+06 2.564e+03 6.314e+03
|            ( - -1.117e+05 6 0)
|            ( QUESTION2_6_L -1 -1.275e+06 9.227e+02 5.804e+03
|                ( QUESTION12 -1 -1.386e+05 5.348e+02 6.292e+02
|                    ( - -2.261e+04 5 0 QUESTION0 1 1.595e+02 1.072e+02)
|                    ( - -1.155e+05 26 0 QUESTION2_15_L -1 3.683e+02 5.219e+02))
|                ( QUESTION0 -1 -1.135e+06 5.607e+02 5.175e+03
|                    ( - -1.015e+06 41 0 QUESTION0 1 2.978e+02 4.627e+03)
|                    ( - -1.192e+05 21 0))))
|        ( QUESTION14 -1 -1.720e+05 1.430e+03 7.846e+02
|            ( - -7.044e+04 6 0)
|            ( - -1.001e+05 28 0 QUESTION18 -1 4.659e+02 4.527e+02))))
s>    ( SILENCE -1 -1.810e+06 3.797e+03 8.219e+03
s>        ( - -2.421e+05 6 0 QUESTION0 1 2.721e+02 1.120e+03)
s>        ( WDBNDRY_B 0 -1.564e+06 2.972e+03 7.099e+03
s>            ( QUESTION3 -1 -1.389e+06 2.564e+03 6.314e+03
s>                ( - -1.117e+05 6 0)
s>                ( QUESTION2_6_L -1 -1.275e+06 9.227e+02 5.804e+03
s>                    ( QUESTION12 -1 -1.386e+05 5.348e+02 6.292e+02
s>                        ( - -2.261e+04 5 0 QUESTION0 1 1.595e+02 1.072e+02)
s>                        ( - -1.155e+05 26 0 QUESTION2_15_L -1 3.683e+02 5.219e+02))
s>                    ( QUESTION0 -1 -1.135e+06 5.607e+02 5.175e+03
s>                        ( - -1.015e+06 41 0 QUESTION0 1 2.978e+02 4.627e+03)
s>                        ( - -1.192e+05 21 0))))
s>            ( QUESTION14 -1 -1.720e+05 1.430e+03 7.846e+02
s>                ( - -7.044e+04 6 0)
s>                ( - -1.001e+05 28 0 QUESTION18 -1 4.659e+02 4.527e+02))))INFO: dtree.c(1439): stop. leaf nodes are specific
INFO: dtree.c(1478): Final simple tree
|( QUESTION0 -1 -3.060e+06 2.716e+03 1.396e+04
|    ( QUESTION0 1 -2.696e+06 2.922e+02 1.231e+04
|        ( - -2.693e+06 30 0)
|        ( - -2.641e+03 2 0))
|    ( QUESTION17 -1 -3.618e+05 2.617e+03 1.648e+03
|        ( QUESTION0 1 -1.080e+05 1.459e+02 4.937e+02
|            ( - -1.075e+05 7 0)
|            ( - -3.466e+02 1 0))
|        ( WDBNDRY_B 0 -2.512e+05 2.532e+03 1.154e+03
|            ( - -1.009e+05 6 0)
|            ( - -1.477e+05 5 0))))
s>    ( QUESTION0 -1 -3.060e+06 2.716e+03 1.396e+04
s>        ( QUESTION0 1 -2.696e+06 2.922e+02 1.231e+04
s>            ( - -2.693e+06 30 0)
s>            ( - -2.641e+03 2 0))
s>        ( QUESTION17 -1 -3.618e+05 2.617e+03 1.648e+03
s>            ( QUESTION0 1 -1.080e+05 1.459e+02 4.937e+02
s>                ( - -1.075e+05 7 0)
s>                ( - -3.466e+02 1 0))
s>            ( WDBNDRY_B 0 -2.512e+05 2.532e+03 1.154e+03
s>                ( - -1.009e+05 6 0)
s>                ( - -1.477e+05 5 0))))INFO: dtree.c(1315): Comp split 3
INFO: dtree.c(1439): stop. leaf nodes are specific
INFO: dtree.c(1478): Final simple tree
|( WDBNDRY_E 0 -1.193e+06 5.482e+03 5.414e+03
|    ( QUESTION0_2_R 1 -1.013e+06 4.816e+02 4.600e+03
|        ( - -4.945e+03 1 0)
|        ( QUESTION0_0_R 1 -1.008e+06 1.360e+02 4.575e+03
|            ( - -1.006e+06 23 0)
|            ( - -2.117e+03 2 0)))
|    ( QUESTION0 -1 -1.742e+05 4.335e+02 8.135e+02
|        ( - -5.365e+04 4 0)
|        ( - -1.201e+05 1 0)))
s>    ( WDBNDRY_E 0 -1.193e+06 5.482e+03 5.414e+03
s>        ( QUESTION0_2_R 1 -1.013e+06 4.816e+02 4.600e+03
s>            ( - -4.945e+03 1 0)
s>            ( QUESTION0_0_R 1 -1.008e+06 1.360e+02 4.575e+03
s>                ( - -1.006e+06 23 0)
s>                ( - -2.117e+03 2 0)))
s>        ( QUESTION0 -1 -1.742e+05 4.335e+02 8.135e+02
s>            ( - -5.365e+04 4 0)
s>            ( - -1.201e+05 1 0)))INFO: dtree.c(1478): Final simple tree
|( QUESTION11 1 -3.745e+05 9.802e+02 1.697e+03
|    ( WDBNDRY_E 0 -3.043e+05 6.076e+02 1.384e+03
|        ( QUESTION0_3_R 1 -2.878e+05 1.900e+02 1.309e+03
|            ( - -2.861e+05 5 0)
|            ( - -1.598e+03 3 0))
|        ( QUESTION0_3_R 1 -1.585e+04 4.481e+02 7.509e+01
|            ( QUESTION0 -1 -1.565e+04 4.454e+02 7.409e+01
|                ( - -1.542e+04 5 0 QUESTION2_0_L -1 1.093e+02 7.309e+01)
|                ( - 2.174e+02 1 0))
|            ( - 2.419e+02 1 0)))
|    ( QUESTION0_3_R 1 -6.918e+04 6.033e+02 3.134e+02
|        ( - -4.179e+04 5 0)
|        ( QUESTION0_5_R 1 -2.678e+04 3.272e+02 1.207e+02
|            ( - -1.724e+04 4 0)
|            ( - -9.215e+03 3 0))))
s>    ( QUESTION11 1 -3.745e+05 9.802e+02 1.697e+03
s>        ( WDBNDRY_E 0 -3.043e+05 6.076e+02 1.384e+03
s>            ( QUESTION0_3_R 1 -2.878e+05 1.900e+02 1.309e+03
s>                ( - -2.861e+05 5 0)
s>                ( - -1.598e+03 3 0))
s>            ( QUESTION0_3_R 1 -1.585e+04 4.481e+02 7.509e+01
s>                ( QUESTION0 -1 -1.565e+04 4.454e+02 7.409e+01
s>                    ( - -1.542e+04 5 0 QUESTION2_0_L -1 1.093e+02 7.309e+01)
s>                    ( - 2.174e+02 1 0))
s>                ( - 2.419e+02 1 0)))
s>        ( QUESTION0_3_R 1 -6.918e+04 6.033e+02 3.134e+02
s>            ( - -4.179e+04 5 0)
s>            ( QUESTION0_5_R 1 -2.678e+04 3.272e+02 1.207e+02
s>                ( - -1.724e+04 4 0)
s>                ( - -9.215e+03 3 0))))INFO: dtree.c(1315): Comp split 4
INFO: dtree.c(1478): Final simple tree
|( QUESTION13 1 -1.026e+06 6.481e+03 4.810e+03
|    ( WDBNDRY_E 0 -4.919e+05 2.152e+03 2.299e+03
|        ( QUESTION0_12_R 1 -3.918e+05 1.075e+03 1.820e+03
|            ( QUESTION0 -1 -2.986e+05 4.904e+02 1.388e+03
|                ( - -2.974e+05 8 0)
|                ( - -7.356e+02 1 0))
|            ( QUESTION0_0_R 1 -9.219e+04 9.112e+02 4.325e+02
|                ( - -2.784e+04 6 0)
|                ( - -6.344e+04 3 0)))
|        ( WDBNDRY_B 0 -9.789e+04 2.957e+02 4.789e+02
|            ( - -9.169e+03 5 0 QUESTION0 -1 2.215e+02 4.534e+01)
|            ( - -8.843e+04 7 0 QUESTION0_12_R 1 2.266e+02 4.336e+02)))
|    ( SILENCE 1 -5.274e+05 1.380e+03 2.511e+03
|        ( - -3.391e+05 5 0)
|        ( - -1.869e+05 4 0)))
s>    ( QUESTION13 1 -1.026e+06 6.481e+03 4.810e+03
s>        ( WDBNDRY_E 0 -4.919e+05 2.152e+03 2.299e+03
s>            ( QUESTION0_12_R 1 -3.918e+05 1.075e+03 1.820e+03
s>                ( QUESTION0 -1 -2.986e+05 4.904e+02 1.388e+03
s>                    ( - -2.974e+05 8 0)
s>                    ( - -7.356e+02 1 0))
s>                ( QUESTION0_0_R 1 -9.219e+04 9.112e+02 4.325e+02
s>                    ( - -2.784e+04 6 0)
s>                    ( - -6.344e+04 3 0)))
s>            ( WDBNDRY_B 0 -9.789e+04 2.957e+02 4.789e+02
s>                ( - -9.169e+03 5 0 QUESTION0 -1 2.215e+02 4.534e+01)
s>                ( - -8.843e+04 7 0 QUESTION0_12_R 1 2.266e+02 4.336e+02)))
s>        ( SILENCE 1 -5.274e+05 1.380e+03 2.511e+03
s>            ( - -3.391e+05 5 0)
s>            ( - -1.869e+05 4 0)))INFO: dtree.c(1478): Final simple tree
|( WDBNDRY_E 0 -1.150e+06 4.976e+03 5.264e+03
|    ( QUESTION0_15_R 1 -9.070e+05 3.296e+03 4.166e+03
|        ( QUESTION17 1 -4.262e+05 3.555e+02 1.972e+03
|            ( - -2.145e+04 8 0)
|            ( - -4.044e+05 4 0))
|        ( QUESTION19 1 -4.775e+05 1.257e+03 2.194e+03
|            ( - -2.613e+05 9 0)
|            ( QUESTION2 1 -2.149e+05 4.583e+02 9.864e+02
|                ( - -3.851e+04 6 0 QUESTION0_19_R 1 2.759e+02 1.806e+02)
|                ( - -1.760e+05 6 0 QUESTION0_17_R 1 1.149e+02 8.058e+02))))
|    ( QUESTION0_15_R 1 -2.376e+05 1.791e+03 1.098e+03
|        ( - -4.513e+04 5 0 QUESTION17 1 2.486e+02 2.107e+02)
|        ( QUESTION20 1 -1.907e+05 4.788e+02 8.872e+02
|            ( - 2.436e+02 1 0)
|            ( - -1.905e+05 7 0 QUESTION0_17_R 1 2.241e+02 8.862e+02))))
s>    ( WDBNDRY_E 0 -1.150e+06 4.976e+03 5.264e+03
s>        ( QUESTION0_15_R 1 -9.070e+05 3.296e+03 4.166e+03
s>            ( QUESTION17 1 -4.262e+05 3.555e+02 1.972e+03
s>                ( - -2.145e+04 8 0)
s>                ( - -4.044e+05 4 0))
s>            ( QUESTION19 1 -4.775e+05 1.257e+03 2.194e+03
s>                ( - -2.613e+05 9 0)
s>                ( QUESTION2 1 -2.149e+05 4.583e+02 9.864e+02
s>                    ( - -3.851e+04 6 0 QUESTION0_19_R 1 2.759e+02 1.806e+02)
s>                    ( - -1.760e+05 6 0 QUESTION0_17_R 1 1.149e+02 8.058e+02))))
s>        ( QUESTION0_15_R 1 -2.376e+05 1.791e+03 1.098e+03
s>            ( - -4.513e+04 5 0 QUESTION17 1 2.486e+02 2.107e+02)
s>            ( QUESTION20 1 -1.907e+05 4.788e+02 8.872e+02
s>                ( - 2.436e+02 1 0)
s>                ( - -1.905e+05 7 0 QUESTION0_17_R 1 2.241e+02 8.862e+02))))INFO: dtree.c(1315): Comp split 5
INFO: dtree.c(1439): stop. leaf nodes are specific
INFO: dtree.c(1478): Final simple tree
|( QUESTION0_9_R 1 -5.914e+05 1.330e+03 2.816e+03
|    ( - -1.869e+05 4 0)
|    ( SILENCE 1 -4.032e+05 6.290e+02 1.938e+03
|        ( - -3.391e+05 5 0)
|        ( - -6.344e+04 3 0)))
s>    ( QUESTION0_9_R 1 -5.914e+05 1.330e+03 2.816e+03
s>        ( - -1.869e+05 4 0)
s>        ( SILENCE 1 -4.032e+05 6.290e+02 1.938e+03
s>            ( - -3.391e+05 5 0)
s>            ( - -6.344e+04 3 0)))INFO: dtree.c(1439): stop. leaf nodes are specific
INFO: dtree.c(1478): Final simple tree
|( WDBNDRY_E 0 -4.273e+05 2.092e+03 1.994e+03
|    ( QUESTION0_0_R 1 -3.273e+05 9.153e+02 1.515e+03
|        ( - -2.784e+04 6 0)
|        ( QUESTION0 -1 -2.986e+05 4.904e+02 1.388e+03
|            ( - -2.974e+05 8 0)
|            ( - -7.356e+02 1 0)))
|    ( WDBNDRY_B 0 -9.789e+04 2.957e+02 4.789e+02
|        ( QUESTION0 -1 -9.169e+03 2.215e+02 4.534e+01
|            ( - -8.601e+03 4 0)
|            ( - -3.466e+02 1 0))
|        ( QUESTION0_12_R 1 -8.843e+04 2.266e+02 4.336e+02
|            ( - -8.682e+04 5 0)
|            ( - -1.385e+03 2 0))))
s>    ( WDBNDRY_E 0 -4.273e+05 2.092e+03 1.994e+03
s>        ( QUESTION0_0_R 1 -3.273e+05 9.153e+02 1.515e+03
s>            ( - -2.784e+04 6 0)
s>            ( QUESTION0 -1 -2.986e+05 4.904e+02 1.388e+03
s>                ( - -2.974e+05 8 0)
s>                ( - -7.356e+02 1 0)))
s>        ( WDBNDRY_B 0 -9.789e+04 2.957e+02 4.789e+02
s>            ( QUESTION0 -1 -9.169e+03 2.215e+02 4.534e+01
s>                ( - -8.601e+03 4 0)
s>                ( - -3.466e+02 1 0))
s>            ( QUESTION0_12_R 1 -8.843e+04 2.266e+02 4.336e+02
s>                ( - -8.682e+04 5 0)
s>                ( - -1.385e+03 2 0))))INFO: dtree.c(1315): Comp split 6
INFO: dtree.c(1439): stop. leaf nodes are specific
INFO: dtree.c(1478): Final simple tree
|( QUESTION0_2_R 1 -1.013e+06 4.816e+02 4.600e+03
|    ( - -4.945e+03 1 0)
|    ( QUESTION0_0_R 1 -1.008e+06 1.360e+02 4.575e+03
|        ( - -1.006e+06 23 0)
|        ( - -2.117e+03 2 0)))
s>    ( QUESTION0_2_R 1 -1.013e+06 4.816e+02 4.600e+03
s>        ( - -4.945e+03 1 0)
s>        ( QUESTION0_0_R 1 -1.008e+06 1.360e+02 4.575e+03
s>            ( - -1.006e+06 23 0)
s>            ( - -2.117e+03 2 0)))INFO: dtree.c(1439): stop. leaf nodes are specific
INFO: dtree.c(1478): Final simple tree
|( QUESTION0 -1 -1.742e+05 4.335e+02 8.135e+02
|    ( - -5.365e+04 4 0)
|    ( - -1.201e+05 1 0))
s>    ( QUESTION0 -1 -1.742e+05 4.335e+02 8.135e+02
s>        ( - -5.365e+04 4 0)
s>        ( - -1.201e+05 1 0))INFO: dtree.c(1315): Comp split 7
INFO: dtree.c(1478): Final simple tree
|( WDBNDRY_B 0 -1.450e+06 3.113e+03 6.589e+03
|    ( QUESTION2_6_L -1 -1.275e+06 9.227e+02 5.804e+03
|        ( QUESTION12 -1 -1.386e+05 5.348e+02 6.292e+02
|            ( - -2.261e+04 5 0 QUESTION0 1 1.595e+02 1.072e+02)
|            ( - -1.155e+05 26 0 QUESTION2_15_L -1 3.683e+02 5.219e+02))
|        ( QUESTION0 -1 -1.135e+06 5.607e+02 5.175e+03
|            ( - -1.015e+06 41 0 QUESTION0 1 2.978e+02 4.627e+03)
|            ( - -1.192e+05 21 0)))
|    ( QUESTION14 -1 -1.720e+05 1.430e+03 7.846e+02
|        ( - -7.044e+04 6 0)
|        ( QUESTION18 -1 -1.001e+05 4.659e+02 4.527e+02
|            ( - -2.915e+04 8 0 QUESTION19 -1 1.863e+02 1.321e+02)
|            ( QUESTION6 -1 -7.048e+04 4.366e+02 3.206e+02
|                ( - 2.143e+02 1 0)
|                ( - -7.025e+04 19 0 QUESTION0 1 3.166e+02 3.196e+02)))))
s>    ( WDBNDRY_B 0 -1.450e+06 3.113e+03 6.589e+03
s>        ( QUESTION2_6_L -1 -1.275e+06 9.227e+02 5.804e+03
s>            ( QUESTION12 -1 -1.386e+05 5.348e+02 6.292e+02
s>                ( - -2.261e+04 5 0 QUESTION0 1 1.595e+02 1.072e+02)
s>                ( - -1.155e+05 26 0 QUESTION2_15_L -1 3.683e+02 5.219e+02))
s>            ( QUESTION0 -1 -1.135e+06 5.607e+02 5.175e+03
s>                ( - -1.015e+06 41 0 QUESTION0 1 2.978e+02 4.627e+03)
s>                ( - -1.192e+05 21 0)))
s>        ( QUESTION14 -1 -1.720e+05 1.430e+03 7.846e+02
s>            ( - -7.044e+04 6 0)
s>            ( QUESTION18 -1 -1.001e+05 4.659e+02 4.527e+02
s>                ( - -2.915e+04 8 0 QUESTION19 -1 1.863e+02 1.321e+02)
s>                ( QUESTION6 -1 -7.048e+04 4.366e+02 3.206e+02
s>                    ( - 2.143e+02 1 0)
s>                    ( - -7.025e+04 19 0 QUESTION0 1 3.166e+02 3.196e+02)))))INFO: dtree.c(1439): stop. leaf nodes are specific
INFO: dtree.c(1478): Final simple tree
|( SILENCE -1 -3.546e+05 7.834e+02 1.630e+03
|    ( QUESTION0 1 -2.421e+05 2.721e+02 1.120e+03
|        ( - -2.417e+05 5 0)
|        ( - -1.514e+02 1 0))
|    ( - -1.117e+05 6 0))
s>    ( SILENCE -1 -3.546e+05 7.834e+02 1.630e+03
s>        ( QUESTION0 1 -2.421e+05 2.721e+02 1.120e+03
s>            ( - -2.417e+05 5 0)
s>            ( - -1.514e+02 1 0))
s>        ( - -1.117e+05 6 0))INFO: dtree.c(1315): Comp split 8
INFO: dtree.c(1439): stop. leaf nodes are specific
INFO: dtree.c(1478): Final simple tree
|( QUESTION0_17_R 1 -1.905e+05 2.241e+02 8.862e+02
|    ( - -1.891e+05 5 0)
|    ( - -1.191e+03 2 0))
s>    ( QUESTION0_17_R 1 -1.905e+05 2.241e+02 8.862e+02
s>        ( - -1.891e+05 5 0)
s>        ( - -1.191e+03 2 0))INFO: dtree.c(1478): Final simple tree
|( QUESTION0_15_R 1 -9.538e+05 3.514e+03 4.378e+03
|    ( WDBNDRY_E 0 -4.725e+05 1.205e+03 2.183e+03
|        ( QUESTION17 1 -4.262e+05 3.555e+02 1.972e+03
|            ( - -2.145e+04 8 0)
|            ( - -4.044e+05 4 0))
|        ( - -4.513e+04 5 0 QUESTION17 1 2.486e+02 2.107e+02))
|    ( QUESTION19 1 -4.778e+05 1.256e+03 2.195e+03
|        ( - -2.613e+05 9 0)
|        ( WDBNDRY_E 0 -2.152e+05 4.707e+02 9.874e+02
|            ( QUESTION2 1 -2.149e+05 4.583e+02 9.864e+02
|                ( QUESTION0_19_R 1 -3.851e+04 2.759e+02 1.806e+02
|                    ( - -3.078e+04 4 0)
|                    ( - -7.453e+03 2 0))
|                ( - -1.760e+05 6 0 QUESTION0_17_R 1 1.149e+02 8.058e+02))
|            ( - 2.436e+02 1 0))))
s>    ( QUESTION0_15_R 1 -9.538e+05 3.514e+03 4.378e+03
s>        ( WDBNDRY_E 0 -4.725e+05 1.205e+03 2.183e+03
s>            ( QUESTION17 1 -4.262e+05 3.555e+02 1.972e+03
s>                ( - -2.145e+04 8 0)
s>                ( - -4.044e+05 4 0))
s>            ( - -4.513e+04 5 0 QUESTION17 1 2.486e+02 2.107e+02))
s>        ( QUESTION19 1 -4.778e+05 1.256e+03 2.195e+03
s>            ( - -2.613e+05 9 0)
s>            ( WDBNDRY_E 0 -2.152e+05 4.707e+02 9.874e+02
s>                ( QUESTION2 1 -2.149e+05 4.583e+02 9.864e+02
s>                    ( QUESTION0_19_R 1 -3.851e+04 2.759e+02 1.806e+02
s>                        ( - -3.078e+04 4 0)
s>                        ( - -7.453e+03 2 0))
s>                    ( - -1.760e+05 6 0 QUESTION0_17_R 1 1.149e+02 8.058e+02))
s>                ( - 2.436e+02 1 0))))INFO: dtree.c(1315): Comp split 9
INFO: dtree.c(1439): stop. leaf nodes are specific
INFO: dtree.c(1478): Final simple tree
|( QUESTION19 1 -4.775e+05 1.257e+03 2.194e+03
|    ( - -2.613e+05 9 0)
|    ( QUESTION2 1 -2.149e+05 4.583e+02 9.864e+02
|        ( QUESTION0_19_R 1 -3.851e+04 2.759e+02 1.806e+02
|            ( - -3.078e+04 4 0)
|            ( - -7.453e+03 2 0))
|        ( QUESTION0_17_R 1 -1.760e+05 1.149e+02 8.058e+02
|            ( - -1.737e+05 4 0)
|            ( - -2.134e+03 2 0))))
s>    ( QUESTION19 1 -4.775e+05 1.257e+03 2.194e+03
s>        ( - -2.613e+05 9 0)
s>        ( QUESTION2 1 -2.149e+05 4.583e+02 9.864e+02
s>            ( QUESTION0_19_R 1 -3.851e+04 2.759e+02 1.806e+02
s>                ( - -3.078e+04 4 0)
s>                ( - -7.453e+03 2 0))
s>            ( QUESTION0_17_R 1 -1.760e+05 1.149e+02 8.058e+02
s>                ( - -1.737e+05 4 0)
s>                ( - -2.134e+03 2 0))))INFO: dtree.c(1439): stop. leaf nodes are specific
INFO: dtree.c(1478): Final simple tree
|( WDBNDRY_E 0 -4.727e+05 1.193e+03 2.184e+03
|    ( QUESTION17 1 -4.262e+05 3.555e+02 1.972e+03
|        ( - -2.145e+04 8 0)
|        ( - -4.044e+05 4 0))
|    ( QUESTION0_15_R 1 -4.536e+04 4.810e+02 2.117e+02
|        ( QUESTION17 1 -4.513e+04 2.486e+02 2.107e+02
|            ( - -3.313e+03 3 0)
|            ( - -4.156e+04 2 0))
|        ( - 2.436e+02 1 0)))
s>    ( WDBNDRY_E 0 -4.727e+05 1.193e+03 2.184e+03
s>        ( QUESTION17 1 -4.262e+05 3.555e+02 1.972e+03
s>            ( - -2.145e+04 8 0)
s>            ( - -4.044e+05 4 0))
s>        ( QUESTION0_15_R 1 -4.536e+04 4.810e+02 2.117e+02
s>            ( QUESTION17 1 -4.513e+04 2.486e+02 2.107e+02
s>                ( - -3.313e+03 3 0)
s>                ( - -4.156e+04 2 0))
s>            ( - 2.436e+02 1 0)))INFO: dtree.c(1315): Comp split 10
INFO: dtree.c(1478): Final simple tree
|( QUESTION14 -1 -1.720e+05 1.430e+03 7.846e+02
|    ( - -7.044e+04 6 0)
|    ( QUESTION18 -1 -1.001e+05 4.659e+02 4.527e+02
|        ( - -2.915e+04 8 0 QUESTION19 -1 1.863e+02 1.321e+02)
|        ( QUESTION6 -1 -7.048e+04 4.366e+02 3.206e+02
|            ( - 2.143e+02 1 0)
|            ( QUESTION0 1 -7.025e+04 3.166e+02 3.196e+02
|                ( QUESTION2 -1 -5.908e+04 2.777e+02 2.692e+02
|                    ( QUESTION9 -1 -4.866e+04 1.942e+02 2.222e+02
|                        ( - -1.572e+03 1 0)
|                        ( - -4.690e+04 6 0 QUESTION5 -1 1.516e+02 2.142e+02))
|                    ( - -1.014e+04 10 0 QUESTION0 -1 1.292e+02 4.699e+01))
|                ( QUESTION0 -1 -1.086e+04 4.491e+02 5.048e+01
|                    ( - 2.166e+02 1 0)
|                    ( - -1.063e+04 1 0))))))
s>    ( QUESTION14 -1 -1.720e+05 1.430e+03 7.846e+02
s>        ( - -7.044e+04 6 0)
s>        ( QUESTION18 -1 -1.001e+05 4.659e+02 4.527e+02
s>            ( - -2.915e+04 8 0 QUESTION19 -1 1.863e+02 1.321e+02)
s>            ( QUESTION6 -1 -7.048e+04 4.366e+02 3.206e+02
s>                ( - 2.143e+02 1 0)
s>                ( QUESTION0 1 -7.025e+04 3.166e+02 3.196e+02
s>                    ( QUESTION2 -1 -5.908e+04 2.777e+02 2.692e+02
s>                        ( QUESTION9 -1 -4.866e+04 1.942e+02 2.222e+02
s>                            ( - -1.572e+03 1 0)
s>                            ( - -4.690e+04 6 0 QUESTION5 -1 1.516e+02 2.142e+02))
s>                        ( - -1.014e+04 10 0 QUESTION0 -1 1.292e+02 4.699e+01))
s>                    ( QUESTION0 -1 -1.086e+04 4.491e+02 5.048e+01
s>                        ( - 2.166e+02 1 0)
s>                        ( - -1.063e+04 1 0))))))INFO: dtree.c(1478): Final simple tree
|( QUESTION2_6_L -1 -1.275e+06 9.227e+02 5.804e+03
|    ( QUESTION12 -1 -1.386e+05 5.348e+02 6.292e+02
|        ( - -2.261e+04 5 0 QUESTION0 1 1.595e+02 1.072e+02)
|        ( QUESTION2_15_L -1 -1.155e+05 3.683e+02 5.219e+02
|            ( - -2.575e+04 5 0)
|            ( QUESTION10 -1 -8.938e+04 3.469e+02 4.039e+02
|                ( - -1.353e+04 2 0)
|                ( QUESTION19 -1 -7.551e+04 2.491e+02 3.421e+02
|                    ( - -3.067e+04 6 0)
|                    ( - -4.459e+04 13 0 QUESTION2 -1 2.368e+02 2.035e+02)))))
|    ( QUESTION0 -1 -1.135e+06 5.607e+02 5.175e+03
|        ( QUESTION0 1 -1.015e+06 2.978e+02 4.627e+03
|            ( - -1.009e+06 34 0 QUESTION2_0_L -1 8.608e+01 4.598e+03)
|            ( - -6.222e+03 7 0))
|        ( - -1.192e+05 21 0)))
s>    ( QUESTION2_6_L -1 -1.275e+06 9.227e+02 5.804e+03
s>        ( QUESTION12 -1 -1.386e+05 5.348e+02 6.292e+02
s>            ( - -2.261e+04 5 0 QUESTION0 1 1.595e+02 1.072e+02)
s>            ( QUESTION2_15_L -1 -1.155e+05 3.683e+02 5.219e+02
s>                ( - -2.575e+04 5 0)
s>                ( QUESTION10 -1 -8.938e+04 3.469e+02 4.039e+02
s>                    ( - -1.353e+04 2 0)
s>                    ( QUESTION19 -1 -7.551e+04 2.491e+02 3.421e+02
s>                        ( - -3.067e+04 6 0)
s>                        ( - -4.459e+04 13 0 QUESTION2 -1 2.368e+02 2.035e+02)))))
s>        ( QUESTION0 -1 -1.135e+06 5.607e+02 5.175e+03
s>            ( QUESTION0 1 -1.015e+06 2.978e+02 4.627e+03
s>                ( - -1.009e+06 34 0 QUESTION2_0_L -1 8.608e+01 4.598e+03)
s>                ( - -6.222e+03 7 0))
s>            ( - -1.192e+05 21 0)))INFO: dtree.c(1315): Comp split 11
INFO: dtree.c(1439): stop. leaf nodes are specific
INFO: dtree.c(1478): Final simple tree
|( WDBNDRY_B 0 -2.512e+05 2.532e+03 1.154e+03
|    ( - -1.009e+05 6 0)
|    ( - -1.477e+05 5 0))
s>    ( WDBNDRY_B 0 -2.512e+05 2.532e+03 1.154e+03
s>        ( - -1.009e+05 6 0)
s>        ( - -1.477e+05 5 0))INFO: dtree.c(1439): stop. leaf nodes are specific
INFO: dtree.c(1478): Final simple tree
|( WDBNDRY_B 0 -2.806e+06 2.280e+03 1.280e+04
|    ( QUESTION0 1 -1.080e+05 1.459e+02 4.937e+02
|        ( - -1.075e+05 7 0)
|        ( - -3.466e+02 1 0))
|    ( QUESTION0 1 -2.696e+06 2.922e+02 1.231e+04
|        ( - -2.693e+06 30 0)
|        ( - -2.641e+03 2 0)))
s>    ( WDBNDRY_B 0 -2.806e+06 2.280e+03 1.280e+04
s>        ( QUESTION0 1 -1.080e+05 1.459e+02 4.937e+02
s>            ( - -1.075e+05 7 0)
s>            ( - -3.466e+02 1 0))
s>        ( QUESTION0 1 -2.696e+06 2.922e+02 1.231e+04
s>            ( - -2.693e+06 30 0)
s>            ( - -2.641e+03 2 0)))INFO: dtree.c(1315): Comp split 12
INFO: dtree.c(1315): Comp split 13
INFO: dtree.c(1439): stop. leaf nodes are specific
INFO: dtree.c(1478): Final simple tree
|( WDBNDRY_E 0 -9.688e+04 4.546e+02 4.759e+02
|    ( - -7.356e+02 1 0)
|    ( WDBNDRY_B 0 -9.569e+04 2.698e+02 4.699e+02
|        ( - -8.601e+03 4 0)
|        ( - -8.682e+04 5 0)))
s>    ( WDBNDRY_E 0 -9.688e+04 4.546e+02 4.759e+02
s>        ( - -7.356e+02 1 0)
s>        ( WDBNDRY_B 0 -9.569e+04 2.698e+02 4.699e+02
s>            ( - -8.601e+03 4 0)
s>            ( - -8.682e+04 5 0)))INFO: dtree.c(1439): stop. leaf nodes are specific
INFO: dtree.c(1478): Final simple tree
|( QUESTION0_0_R 1 -3.281e+05 9.033e+02 1.518e+03
|    ( - -2.784e+04 6 0)
|    ( WDBNDRY_B 0 -2.994e+05 1.547e+02 1.391e+03
|        ( - -3.466e+02 1 0)
|        ( WDBNDRY_E 0 -2.989e+05 1.391e+02 1.389e+03
|            ( - -2.974e+05 8 0)
|            ( - -1.385e+03 2 0))))
s>    ( QUESTION0_0_R 1 -3.281e+05 9.033e+02 1.518e+03
s>        ( - -2.784e+04 6 0)
s>        ( WDBNDRY_B 0 -2.994e+05 1.547e+02 1.391e+03
s>            ( - -3.466e+02 1 0)
s>            ( WDBNDRY_E 0 -2.989e+05 1.391e+02 1.389e+03
s>                ( - -2.974e+05 8 0)
s>                ( - -1.385e+03 2 0))))INFO: dtree.c(1315): Comp split 14
INFO: dtree.c(1439): stop. leaf nodes are specific
INFO: dtree.c(1478): Final simple tree
|( QUESTION0 1 -1.080e+05 1.459e+02 4.937e+02
|    ( - -1.075e+05 7 0)
|    ( - -3.466e+02 1 0))
s>    ( QUESTION0 1 -1.080e+05 1.459e+02 4.937e+02
s>        ( - -1.075e+05 7 0)
s>        ( - -3.466e+02 1 0))INFO: dtree.c(1439): stop. leaf nodes are specific
INFO: dtree.c(1478): Final simple tree
|( QUESTION0 1 -2.696e+06 2.922e+02 1.231e+04
|    ( - -2.693e+06 30 0)
|    ( - -2.641e+03 2 0))
s>    ( QUESTION0 1 -2.696e+06 2.922e+02 1.231e+04
s>        ( - -2.693e+06 30 0)
s>        ( - -2.641e+03 2 0))INFO: dtree.c(1315): Comp split 15
INFO: dtree.c(1478): Final simple tree
|( QUESTION18 -1 -9.788e+04 4.695e+02 4.427e+02
|    ( QUESTION19 -1 -2.915e+04 1.863e+02 1.321e+02
|        ( - -2.594e+04 4 0)
|        ( - -3.027e+03 4 0))
|    ( QUESTION0 1 -6.826e+04 3.190e+02 3.106e+02
|        ( QUESTION2 -1 -5.731e+04 2.777e+02 2.612e+02
|            ( QUESTION5 -1 -4.690e+04 1.516e+02 2.142e+02
|                ( - -2.800e+02 1 0)
|                ( - -4.646e+04 5 0))
|            ( QUESTION0 -1 -1.014e+04 1.292e+02 4.699e+01
|                ( - -3.555e+03 3 0)
|                ( QUESTION17 -1 -6.451e+03 9.507e+01 2.999e+01
|                    ( - -1.408e+03 3 0)
|                    ( - -4.948e+03 4 0))))
|        ( - -1.063e+04 1 0)))
s>    ( QUESTION18 -1 -9.788e+04 4.695e+02 4.427e+02
s>        ( QUESTION19 -1 -2.915e+04 1.863e+02 1.321e+02
s>            ( - -2.594e+04 4 0)
s>            ( - -3.027e+03 4 0))
s>        ( QUESTION0 1 -6.826e+04 3.190e+02 3.106e+02
s>            ( QUESTION2 -1 -5.731e+04 2.777e+02 2.612e+02
s>                ( QUESTION5 -1 -4.690e+04 1.516e+02 2.142e+02
s>                    ( - -2.800e+02 1 0)
s>                    ( - -4.646e+04 5 0))
s>                ( QUESTION0 -1 -1.014e+04 1.292e+02 4.699e+01
s>                    ( - -3.555e+03 3 0)
s>                    ( QUESTION17 -1 -6.451e+03 9.507e+01 2.999e+01
s>                        ( - -1.408e+03 3 0)
s>                        ( - -4.948e+03 4 0))))
s>            ( - -1.063e+04 1 0)))INFO: dtree.c(1439): stop. leaf nodes are specific
INFO: dtree.c(1478): Final simple tree
|( QUESTION0 -1 -7.264e+04 4.454e+02 3.419e+02
|    ( - 2.166e+02 1 0)
|    ( QUESTION6 -1 -7.241e+04 4.338e+02 3.409e+02
|        ( - 2.143e+02 1 0)
|        ( QUESTION2 -1 -7.219e+04 1.805e+02 3.399e+02
|            ( - -1.572e+03 1 0)
|            ( - -7.044e+04 6 0))))
s>    ( QUESTION0 -1 -7.264e+04 4.454e+02 3.419e+02
s>        ( - 2.166e+02 1 0)
s>        ( QUESTION6 -1 -7.241e+04 4.338e+02 3.409e+02
s>            ( - 2.143e+02 1 0)
s>            ( QUESTION2 -1 -7.219e+04 1.805e+02 3.399e+02
s>                ( - -1.572e+03 1 0)
s>                ( - -7.044e+04 6 0))))INFO: dtree.c(1315): Comp split 16
INFO: dtree.c(1439): stop. leaf nodes are specific
INFO: dtree.c(1478): Final simple tree
|( SILENCE 1 -4.032e+05 6.290e+02 1.938e+03
|    ( - -3.391e+05 5 0)
|    ( - -6.344e+04 3 0))
s>    ( SILENCE 1 -4.032e+05 6.290e+02 1.938e+03
s>        ( - -3.391e+05 5 0)
s>        ( - -6.344e+04 3 0))INFO: dtree.c(1315): Comp split 17
INFO: dtree.c(1439): stop. leaf nodes are specific
INFO: dtree.c(1478): Final simple tree
|( QUESTION0_19_R 1 -2.072e+05 4.544e+02 9.507e+02
|    ( - -3.078e+04 4 0)
|    ( QUESTION0_17_R 1 -1.760e+05 1.149e+02 8.058e+02
|        ( - -1.737e+05 4 0)
|        ( - -2.134e+03 2 0)))
s>    ( QUESTION0_19_R 1 -2.072e+05 4.544e+02 9.507e+02
s>        ( - -3.078e+04 4 0)
s>        ( QUESTION0_17_R 1 -1.760e+05 1.149e+02 8.058e+02
s>            ( - -1.737e+05 4 0)
s>            ( - -2.134e+03 2 0)))INFO: dtree.c(1439): stop. leaf nodes are specific
INFO: dtree.c(1478): Final simple tree
|( QUESTION0_17_R 1 -2.690e+05 2.302e+02 1.243e+03
|    ( - -2.613e+05 9 0)
|    ( - -7.453e+03 2 0))
s>    ( QUESTION0_17_R 1 -2.690e+05 2.302e+02 1.243e+03
s>        ( - -2.613e+05 9 0)
s>        ( - -7.453e+03 2 0))INFO: dtree.c(1315): Comp split 18
INFO: dtree.c(1439): stop. leaf nodes are specific
INFO: dtree.c(1478): Final simple tree
|( QUESTION0_15_R 1 -4.299e+05 4.690e+02 1.989e+03
|    ( QUESTION17 1 -4.297e+05 3.919e+02 1.988e+03
|        ( WDBNDRY_E 0 -2.495e+04 1.919e+02 1.158e+02
|            ( - -2.145e+04 8 0)
|            ( - -3.313e+03 3 0))
|        ( - -4.044e+05 4 0))
|    ( - 2.436e+02 1 0))
s>    ( QUESTION0_15_R 1 -4.299e+05 4.690e+02 1.989e+03
s>        ( QUESTION17 1 -4.297e+05 3.919e+02 1.988e+03
s>            ( WDBNDRY_E 0 -2.495e+04 1.919e+02 1.158e+02
s>                ( - -2.145e+04 8 0)
s>                ( - -3.313e+03 3 0))
s>            ( - -4.044e+05 4 0))
s>        ( - 2.436e+02 1 0))INFO: dtree.c(1315): Comp split 19
INFO: dtree.c(1439): stop. leaf nodes are specific
INFO: dtree.c(1478): Final simple tree
|( QUESTION5 1 -7.095e+04 6.020e+02 3.214e+02
|    ( QUESTION0_5_R 1 -2.678e+04 3.272e+02 1.207e+02
|        ( - -1.724e+04 4 0)
|        ( - -9.215e+03 3 0))
|    ( QUESTION0_3_R 1 -4.356e+04 1.690e+02 2.007e+02
|        ( - -4.179e+04 5 0)
|        ( - -1.598e+03 3 0)))
s>    ( QUESTION5 1 -7.095e+04 6.020e+02 3.214e+02
s>        ( QUESTION0_5_R 1 -2.678e+04 3.272e+02 1.207e+02
s>            ( - -1.724e+04 4 0)
s>            ( - -9.215e+03 3 0))
s>        ( QUESTION0_3_R 1 -4.356e+04 1.690e+02 2.007e+02
s>            ( - -4.179e+04 5 0)
s>            ( - -1.598e+03 3 0)))INFO: dtree.c(1439): stop. leaf nodes are specific
INFO: dtree.c(1478): Final simple tree
|( WDBNDRY_E 0 -3.025e+05 6.065e+02 1.376e+03
|    ( - -2.861e+05 5 0)
|    ( QUESTION0_3_R 1 -1.585e+04 4.481e+02 7.509e+01
|        ( QUESTION0 -1 -1.565e+04 4.454e+02 7.409e+01
|            ( QUESTION2_0_L -1 -1.542e+04 1.093e+02 7.309e+01
|                ( - -1.497e+04 4 0)
|                ( - -3.340e+02 1 0))
|            ( - 2.174e+02 1 0))
|        ( - 2.419e+02 1 0)))
s>    ( WDBNDRY_E 0 -3.025e+05 6.065e+02 1.376e+03
s>        ( - -2.861e+05 5 0)
s>        ( QUESTION0_3_R 1 -1.585e+04 4.481e+02 7.509e+01
s>            ( QUESTION0 -1 -1.565e+04 4.454e+02 7.409e+01
s>                ( QUESTION2_0_L -1 -1.542e+04 1.093e+02 7.309e+01
s>                    ( - -1.497e+04 4 0)
s>                    ( - -3.340e+02 1 0))
s>                ( - 2.174e+02 1 0))
s>            ( - 2.419e+02 1 0)))INFO: dtree.c(1315): Comp split 20
INFO: dtree.c(1478): Final simple tree
|( QUESTION12 -1 -1.451e+05 5.368e+02 6.582e+02
|    ( QUESTION0 1 -2.261e+04 1.595e+02 1.072e+02
|        ( - -2.217e+04 4 0 QUESTION2_14_L -1 1.332e+02 1.052e+02)
|        ( - -2.752e+02 1 0))
|    ( QUESTION13 -1 -1.220e+05 3.730e+02 5.509e+02
|        ( QUESTION19 -1 -6.128e+04 2.411e+02 2.775e+02
|            ( - -3.067e+04 6 0)
|            ( - -3.037e+04 10 0))
|        ( QUESTION0 -1 -6.034e+04 2.588e+02 2.734e+02
|            ( - -6.222e+03 7 0)
|            ( QUESTION2_15_L -1 -5.386e+04 2.656e+02 2.444e+02
|                ( - -2.575e+04 5 0)
|                ( QUESTION5 -1 -2.784e+04 3.289e+02 1.264e+02
|                    ( - -1.399e+04 3 0)
|                    ( - -1.353e+04 2 0))))))
s>    ( QUESTION12 -1 -1.451e+05 5.368e+02 6.582e+02
s>        ( QUESTION0 1 -2.261e+04 1.595e+02 1.072e+02
s>            ( - -2.217e+04 4 0 QUESTION2_14_L -1 1.332e+02 1.052e+02)
s>            ( - -2.752e+02 1 0))
s>        ( QUESTION13 -1 -1.220e+05 3.730e+02 5.509e+02
s>            ( QUESTION19 -1 -6.128e+04 2.411e+02 2.775e+02
s>                ( - -3.067e+04 6 0)
s>                ( - -3.037e+04 10 0))
s>            ( QUESTION0 -1 -6.034e+04 2.588e+02 2.734e+02
s>                ( - -6.222e+03 7 0)
s>                ( QUESTION2_15_L -1 -5.386e+04 2.656e+02 2.444e+02
s>                    ( - -2.575e+04 5 0)
s>                    ( QUESTION5 -1 -2.784e+04 3.289e+02 1.264e+02
s>                        ( - -1.399e+04 3 0)
s>                        ( - -1.353e+04 2 0))))))INFO: dtree.c(1439): stop. leaf nodes are specific
INFO: dtree.c(1478): Final simple tree
|( QUESTION0 -1 -1.129e+06 5.576e+02 5.146e+03
|    ( QUESTION2_0_L -1 -1.009e+06 8.608e+01 4.598e+03
|        ( - -1.007e+06 30 0)
|        ( - -1.694e+03 4 0))
|    ( - -1.192e+05 21 0))
s>    ( QUESTION0 -1 -1.129e+06 5.576e+02 5.146e+03
s>        ( QUESTION2_0_L -1 -1.009e+06 8.608e+01 4.598e+03
s>            ( - -1.007e+06 30 0)
s>            ( - -1.694e+03 4 0))
s>        ( - -1.192e+05 21 0))INFO: dtree.c(1315): Comp split 21
INFO: dtree.c(1439): stop. leaf nodes are specific
INFO: dtree.c(1478): Final simple tree
|( WDBNDRY_E 0 -2.989e+05 1.391e+02 1.389e+03
|    ( - -2.974e+05 8 0)
|    ( - -1.385e+03 2 0))
s>    ( WDBNDRY_E 0 -2.989e+05 1.391e+02 1.389e+03
s>        ( - -2.974e+05 8 0)
s>        ( - -1.385e+03 2 0))INFO: dtree.c(1439): stop. leaf nodes are specific
INFO: dtree.c(1478): Final simple tree
|( WDBNDRY_B 0 -2.832e+04 1.371e+02 1.297e+02
|    ( - -3.466e+02 1 0)
|    ( - -2.784e+04 6 0))
s>    ( WDBNDRY_B 0 -2.832e+04 1.371e+02 1.297e+02
s>        ( - -3.466e+02 1 0)
s>        ( - -2.784e+04 6 0))INFO: dtree.c(1315): Comp split 22
INFO: dtree.c(1439): stop. leaf nodes are specific
INFO: dtree.c(1478): Final simple tree
|( SILENCE -1 -1.122e+05 2.707e+02 5.120e+02
|    ( - -1.514e+02 1 0)
|    ( - -1.117e+05 6 0))
s>    ( SILENCE -1 -1.122e+05 2.707e+02 5.120e+02
s>        ( - -1.514e+02 1 0)
s>        ( - -1.117e+05 6 0))INFO: dtree.c(1315): Comp split 23
INFO: dtree.c(1439): stop. leaf nodes are specific
INFO: dtree.c(1478): Final simple tree
|( QUESTION2 -1 -7.514e+04 3.357e+02 3.394e+02
|    ( - -1.353e+04 2 0)
|    ( QUESTION19 -1 -6.128e+04 2.411e+02 2.775e+02
|        ( - -3.067e+04 6 0)
|        ( - -3.037e+04 10 0)))
s>    ( QUESTION2 -1 -7.514e+04 3.357e+02 3.394e+02
s>        ( - -1.353e+04 2 0)
s>        ( QUESTION19 -1 -6.128e+04 2.411e+02 2.775e+02
s>            ( - -3.067e+04 6 0)
s>            ( - -3.037e+04 10 0)))INFO: dtree.c(1439): stop. leaf nodes are specific
INFO: dtree.c(1478): Final simple tree
|( QUESTION12 -1 -6.936e+04 4.228e+02 3.188e+02
|    ( QUESTION0 1 -2.261e+04 1.595e+02 1.072e+02
|        ( QUESTION2_14_L -1 -2.217e+04 1.332e+02 1.052e+02
|            ( - -3.104e+02 1 0)
|            ( - -2.173e+04 3 0))
|        ( - -2.752e+02 1 0))
|    ( QUESTION0 -1 -4.633e+04 2.382e+02 2.116e+02
|        ( - -6.222e+03 7 0)
|        ( QUESTION5 -1 -3.987e+04 1.294e+02 1.826e+02
|            ( - -1.399e+04 3 0)
|            ( - -2.575e+04 5 0))))
s>    ( QUESTION12 -1 -6.936e+04 4.228e+02 3.188e+02
s>        ( QUESTION0 1 -2.261e+04 1.595e+02 1.072e+02
s>            ( QUESTION2_14_L -1 -2.217e+04 1.332e+02 1.052e+02
s>                ( - -3.104e+02 1 0)
s>                ( - -2.173e+04 3 0))
s>            ( - -2.752e+02 1 0))
s>        ( QUESTION0 -1 -4.633e+04 2.382e+02 2.116e+02
s>            ( - -6.222e+03 7 0)
s>            ( QUESTION5 -1 -3.987e+04 1.294e+02 1.826e+02
s>                ( - -1.399e+04 3 0)
s>                ( - -2.575e+04 5 0))))INFO: dtree.c(1315): Comp split 24
INFO: dtree.c(1315): Comp split 25
INFO: dtree.c(1439): stop. leaf nodes are specific
INFO: dtree.c(1478): Final simple tree
|( QUESTION0_3_R 1 -1.585e+04 4.481e+02 7.509e+01
|    ( QUESTION0 -1 -1.565e+04 4.454e+02 7.409e+01
|        ( QUESTION2_0_L -1 -1.542e+04 1.093e+02 7.309e+01
|            ( - -1.497e+04 4 0)
|            ( - -3.340e+02 1 0))
|        ( - 2.174e+02 1 0))
|    ( - 2.419e+02 1 0))
s>    ( QUESTION0_3_R 1 -1.585e+04 4.481e+02 7.509e+01
s>        ( QUESTION0 -1 -1.565e+04 4.454e+02 7.409e+01
s>            ( QUESTION2_0_L -1 -1.542e+04 1.093e+02 7.309e+01
s>                ( - -1.497e+04 4 0)
s>                ( - -3.340e+02 1 0))
s>            ( - 2.174e+02 1 0))
s>        ( - 2.419e+02 1 0))INFO: dtree.c(1315): Comp split 26
INFO: dtree.c(1439): stop. leaf nodes are specific
INFO: dtree.c(1478): Final simple tree
|( QUESTION0_3_R 1 -4.356e+04 1.690e+02 2.007e+02
|    ( - -4.179e+04 5 0)
|    ( - -1.598e+03 3 0))
s>    ( QUESTION0_3_R 1 -4.356e+04 1.690e+02 2.007e+02
s>        ( - -4.179e+04 5 0)
s>        ( - -1.598e+03 3 0))INFO: dtree.c(1439): stop. leaf nodes are specific
INFO: dtree.c(1478): Final simple tree
|( QUESTION0_5_R 1 -2.678e+04 3.272e+02 1.207e+02
|    ( - -1.724e+04 4 0)
|    ( - -9.215e+03 3 0))
s>    ( QUESTION0_5_R 1 -2.678e+04 3.272e+02 1.207e+02
s>        ( - -1.724e+04 4 0)
s>        ( - -9.215e+03 3 0))INFO: dtree.c(1315): Comp split 27
INFO: dtree.c(1439): stop. leaf nodes are specific
INFO: dtree.c(1478): Final simple tree
|( QUESTION2_0_L -1 -1.009e+06 8.608e+01 4.598e+03
|    ( - -1.007e+06 30 0)
|    ( - -1.694e+03 4 0))
s>    ( QUESTION2_0_L -1 -1.009e+06 8.608e+01 4.598e+03
s>        ( - -1.007e+06 30 0)
s>        ( - -1.694e+03 4 0))INFO: dtree.c(1315): Comp split 28
INFO: dtree.c(1439): stop. leaf nodes are specific
INFO: dtree.c(1478): Final simple tree
|( QUESTION0_0_R 1 -1.008e+06 1.360e+02 4.575e+03
|    ( - -1.006e+06 23 0)
|    ( - -2.117e+03 2 0))
s>    ( QUESTION0_0_R 1 -1.008e+06 1.360e+02 4.575e+03
s>        ( - -1.006e+06 23 0)
s>        ( - -2.117e+03 2 0))INFO: dtree.c(1315): Comp split 29
INFO: dtree.c(1439): stop. leaf nodes are specific
INFO: dtree.c(1478): Final simple tree
|( QUESTION19 -1 -2.915e+04 1.863e+02 1.321e+02
|    ( - -2.594e+04 4 0)
|    ( - -3.027e+03 4 0))
s>    ( QUESTION19 -1 -2.915e+04 1.863e+02 1.321e+02
s>        ( - -2.594e+04 4 0)
s>        ( - -3.027e+03 4 0))INFO: dtree.c(1439): stop. leaf nodes are specific
INFO: dtree.c(1478): Final simple tree
|( QUESTION0 1 -6.826e+04 3.190e+02 3.106e+02
|    ( QUESTION2 -1 -5.731e+04 2.777e+02 2.612e+02
|        ( QUESTION5 -1 -4.690e+04 1.516e+02 2.142e+02
|            ( - -2.800e+02 1 0)
|            ( - -4.646e+04 5 0))
|        ( QUESTION0 -1 -1.014e+04 1.292e+02 4.699e+01
|            ( - -3.555e+03 3 0)
|            ( QUESTION17 -1 -6.451e+03 9.507e+01 2.999e+01
|                ( - -1.408e+03 3 0)
|                ( - -4.948e+03 4 0))))
|    ( - -1.063e+04 1 0))
s>    ( QUESTION0 1 -6.826e+04 3.190e+02 3.106e+02
s>        ( QUESTION2 -1 -5.731e+04 2.777e+02 2.612e+02
s>            ( QUESTION5 -1 -4.690e+04 1.516e+02 2.142e+02
s>                ( - -2.800e+02 1 0)
s>                ( - -4.646e+04 5 0))
s>            ( QUESTION0 -1 -1.014e+04 1.292e+02 4.699e+01
s>                ( - -3.555e+03 3 0)
s>                ( QUESTION17 -1 -6.451e+03 9.507e+01 2.999e+01
s>                    ( - -1.408e+03 3 0)
s>                    ( - -4.948e+03 4 0))))
s>        ( - -1.063e+04 1 0))INFO: dtree.c(1315): Comp split 30
INFO: dtree.c(1439): stop. leaf nodes are specific
INFO: dtree.c(1478): Final simple tree
|( QUESTION17 1 -4.297e+05 3.919e+02 1.988e+03
|    ( WDBNDRY_E 0 -2.495e+04 1.919e+02 1.158e+02
|        ( - -2.145e+04 8 0)
|        ( - -3.313e+03 3 0))
|    ( - -4.044e+05 4 0))
s>    ( QUESTION17 1 -4.297e+05 3.919e+02 1.988e+03
s>        ( WDBNDRY_E 0 -2.495e+04 1.919e+02 1.158e+02
s>            ( - -2.145e+04 8 0)
s>            ( - -3.313e+03 3 0))
s>        ( - -4.044e+05 4 0))INFO: dtree.c(1315): Comp split 31
INFO: dtree.c(1439): stop. leaf nodes are specific
INFO: dtree.c(1478): Final simple tree
|( WDBNDRY_B 0 -9.569e+04 2.698e+02 4.699e+02
|    ( - -8.601e+03 4 0)
|    ( - -8.682e+04 5 0))
s>    ( WDBNDRY_B 0 -9.569e+04 2.698e+02 4.699e+02
s>        ( - -8.601e+03 4 0)
s>        ( - -8.682e+04 5 0))INFO: dtree.c(1315): Comp split 32
INFO: dtree.c(1439): stop. leaf nodes are specific
INFO: dtree.c(1478): Final simple tree
|( QUESTION0_17_R 1 -1.760e+05 1.149e+02 8.058e+02
|    ( - -1.737e+05 4 0)
|    ( - -2.134e+03 2 0))
s>    ( QUESTION0_17_R 1 -1.760e+05 1.149e+02 8.058e+02
s>        ( - -1.737e+05 4 0)
s>        ( - -2.134e+03 2 0))INFO: dtree.c(1315): Comp split 33
INFO: dtree.c(1439): stop. leaf nodes are specific
INFO: dtree.c(1478): Final simple tree
|( QUESTION0 -1 -1.565e+04 4.454e+02 7.409e+01
|    ( QUESTION2_0_L -1 -1.542e+04 1.093e+02 7.309e+01
|        ( - -1.497e+04 4 0)
|        ( - -3.340e+02 1 0))
|    ( - 2.174e+02 1 0))
s>    ( QUESTION0 -1 -1.565e+04 4.454e+02 7.409e+01
s>        ( QUESTION2_0_L -1 -1.542e+04 1.093e+02 7.309e+01
s>            ( - -1.497e+04 4 0)
s>            ( - -3.340e+02 1 0))
s>        ( - 2.174e+02 1 0))INFO: dtree.c(1315): Comp split 34
INFO: dtree.c(1439): stop. leaf nodes are specific
INFO: dtree.c(1478): Final simple tree
|( QUESTION6 -1 -7.241e+04 4.338e+02 3.409e+02
|    ( - 2.143e+02 1 0)
|    ( QUESTION2 -1 -7.219e+04 1.805e+02 3.399e+02
|        ( - -1.572e+03 1 0)
|        ( - -7.044e+04 6 0)))
s>    ( QUESTION6 -1 -7.241e+04 4.338e+02 3.409e+02
s>        ( - 2.143e+02 1 0)
s>        ( QUESTION2 -1 -7.219e+04 1.805e+02 3.399e+02
s>            ( - -1.572e+03 1 0)
s>            ( - -7.044e+04 6 0)))INFO: dtree.c(1315): Comp split 35
INFO: dtree.c(1439): stop. leaf nodes are specific
INFO: dtree.c(1478): Final simple tree
|( QUESTION2_0_L -1 -1.542e+04 1.093e+02 7.309e+01
|    ( - -1.497e+04 4 0)
|    ( - -3.340e+02 1 0))
s>    ( QUESTION2_0_L -1 -1.542e+04 1.093e+02 7.309e+01
s>        ( - -1.497e+04 4 0)
s>        ( - -3.340e+02 1 0))INFO: dtree.c(1315): Comp split 36
INFO: dtree.c(1439): stop. leaf nodes are specific
INFO: dtree.c(1478): Final simple tree
|( QUESTION0 1 -4.719e+04 2.439e+02 2.156e+02
|    ( QUESTION11 -1 -4.030e+04 1.291e+02 1.846e+02
|        ( - -2.575e+04 5 0)
|        ( QUESTION5 -1 -1.442e+04 1.278e+02 6.656e+01
|            ( - -1.399e+04 3 0)
|            ( - -3.104e+02 1 0)))
|    ( QUESTION0 -1 -6.639e+03 1.419e+02 3.100e+01
|        ( - -6.222e+03 7 0)
|        ( - -2.752e+02 1 0)))
s>    ( QUESTION0 1 -4.719e+04 2.439e+02 2.156e+02
s>        ( QUESTION11 -1 -4.030e+04 1.291e+02 1.846e+02
s>            ( - -2.575e+04 5 0)
s>            ( QUESTION5 -1 -1.442e+04 1.278e+02 6.656e+01
s>                ( - -1.399e+04 3 0)
s>                ( - -3.104e+02 1 0)))
s>        ( QUESTION0 -1 -6.639e+03 1.419e+02 3.100e+01
s>            ( - -6.222e+03 7 0)
s>            ( - -2.752e+02 1 0)))INFO: dtree.c(1315): Comp split 37
INFO: dtree.c(1439): stop. leaf nodes are specific
INFO: dtree.c(1478): Final simple tree
|( QUESTION2 -1 -7.219e+04 1.805e+02 3.399e+02
|    ( - -1.572e+03 1 0)
|    ( - -7.044e+04 6 0))
s>    ( QUESTION2 -1 -7.219e+04 1.805e+02 3.399e+02
s>        ( - -1.572e+03 1 0)
s>        ( - -7.044e+04 6 0))INFO: dtree.c(1315): Comp split 38
INFO: dtree.c(1315): Comp split 39
INFO: dtree.c(1439): stop. leaf nodes are specific
INFO: dtree.c(1478): Final simple tree
|( WDBNDRY_E 0 -2.495e+04 1.919e+02 1.158e+02
|    ( - -2.145e+04 8 0)
|    ( - -3.313e+03 3 0))
s>    ( WDBNDRY_E 0 -2.495e+04 1.919e+02 1.158e+02
s>        ( - -2.145e+04 8 0)
s>        ( - -3.313e+03 3 0))INFO: dtree.c(1315): Comp split 40
INFO: dtree.c(1439): stop. leaf nodes are specific
INFO: dtree.c(1478): Final simple tree
|( QUESTION2 -1 -5.154e+04 1.314e+02 2.352e+02
|    ( - -4.646e+04 5 0)
|    ( - -4.948e+03 4 0))
s>    ( QUESTION2 -1 -5.154e+04 1.314e+02 2.352e+02
s>        ( - -4.646e+04 5 0)
s>        ( - -4.948e+03 4 0))INFO: dtree.c(1439): stop. leaf nodes are specific
INFO: dtree.c(1478): Final simple tree
|( QUESTION2 -1 -1.635e+04 2.254e+02 7.548e+01
|    ( QUESTION0 1 -1.106e+04 1.533e+02 5.148e+01
|        ( - -2.800e+02 1 0)
|        ( - -1.063e+04 1 0))
|    ( QUESTION0 -1 -5.064e+03 1.007e+02 2.400e+01
|        ( - -3.555e+03 3 0)
|        ( - -1.408e+03 3 0)))
s>    ( QUESTION2 -1 -1.635e+04 2.254e+02 7.548e+01
s>        ( QUESTION0 1 -1.106e+04 1.533e+02 5.148e+01
s>            ( - -2.800e+02 1 0)
s>            ( - -1.063e+04 1 0))
s>        ( QUESTION0 -1 -5.064e+03 1.007e+02 2.400e+01
s>            ( - -3.555e+03 3 0)
s>            ( - -1.408e+03 3 0)))INFO: dtree.c(1315): Comp split 41
INFO: dtree.c(1439): stop. leaf nodes are specific
INFO: dtree.c(1478): Final simple tree
|( QUESTION19 -1 -6.128e+04 2.411e+02 2.775e+02
|    ( - -3.067e+04 6 0)
|    ( - -3.037e+04 10 0))
s>    ( QUESTION19 -1 -6.128e+04 2.411e+02 2.775e+02
s>        ( - -3.067e+04 6 0)
s>        ( - -3.037e+04 10 0))INFO: dtree.c(1315): Comp split 42
INFO: dtree.c(1315): Comp split 43
INFO: dtree.c(1315): Comp split 44
INFO: dtree.c(1315): Comp split 45
INFO: dtree.c(1315): Comp split 46
INFO: dtree.c(1439): stop. leaf nodes are specific
INFO: dtree.c(1478): Final simple tree
|( QUESTION0 1 -7.076e+03 1.262e+02 3.300e+01
|    ( - -3.104e+02 1 0)
|    ( QUESTION0 -1 -6.639e+03 1.419e+02 3.100e+01
|        ( - -6.222e+03 7 0)
|        ( - -2.752e+02 1 0)))
s>    ( QUESTION0 1 -7.076e+03 1.262e+02 3.300e+01
s>        ( - -3.104e+02 1 0)
s>        ( QUESTION0 -1 -6.639e+03 1.419e+02 3.100e+01
s>            ( - -6.222e+03 7 0)
s>            ( - -2.752e+02 1 0)))INFO: dtree.c(1439): stop. leaf nodes are specific
INFO: dtree.c(1478): Final simple tree
|( QUESTION5 -1 -3.987e+04 1.294e+02 1.826e+02
|    ( - -1.399e+04 3 0)
|    ( - -2.575e+04 5 0))
s>    ( QUESTION5 -1 -3.987e+04 1.294e+02 1.826e+02
s>        ( - -1.399e+04 3 0)
s>        ( - -2.575e+04 5 0))INFO: dtree.c(1315): Comp split 47
INFO: dtree.c(1315): Comp split 48
INFO: dtree.c(1315): Comp split 49
INFO: dtree.c(1439): stop. leaf nodes are specific
INFO: dtree.c(1478): Final simple tree
|( QUESTION0 -1 -5.064e+03 1.007e+02 2.400e+01
|    ( - -3.555e+03 3 0)
|    ( - -1.408e+03 3 0))
s>    ( QUESTION0 -1 -5.064e+03 1.007e+02 2.400e+01
s>        ( - -3.555e+03 3 0)
s>        ( - -1.408e+03 3 0))INFO: dtree.c(1439): stop. leaf nodes are specific
INFO: dtree.c(1478): Final simple tree
|( QUESTION0 1 -1.106e+04 1.533e+02 5.148e+01
|    ( - -2.800e+02 1 0)
|    ( - -1.063e+04 1 0))
s>    ( QUESTION0 1 -1.106e+04 1.533e+02 5.148e+01
s>        ( - -2.800e+02 1 0)
s>        ( - -1.063e+04 1 0))INFO: dtree.c(1315): Comp split 50
INFO: dtree.c(1315): Comp split 51
INFO: dtree.c(1315): Comp split 52
INFO: dtree.c(1315): Comp split 53
INFO: dtree.c(1315): Comp split 54
INFO: dtree.c(1315): Comp split 55
INFO: dtree.c(1315): Comp split 56
INFO: dtree.c(1315): Comp split 57
INFO: dtree.c(1439): stop. leaf nodes are specific
INFO: dtree.c(1478): Final simple tree
|( QUESTION0 -1 -6.660e+03 1.279e+02 3.100e+01
|    ( - -6.222e+03 7 0)
|    ( - -3.104e+02 1 0))
s>    ( QUESTION0 -1 -6.660e+03 1.279e+02 3.100e+01
s>        ( - -6.222e+03 7 0)
s>        ( - -3.104e+02 1 0))INFO: dtree.c(1315): Comp split 58
INFO: dtree.c(1315): Comp split 59
INFO: dtree.c(1315): Comp split 60
INFO: dtree.c(1315): Comp split 61
INFO: dtree.c(1315): Comp split 62
INFO: dtree.c(1315): Comp split 63
INFO: dtree.c(1315): Comp split 64
INFO: dtree.c(1315): Comp split 65
INFO: dtree.c(1315): Comp split 66
INFO: dtree.c(1315): Comp split 67
INFO: dtree.c(1315): Comp split 68
INFO: dtree.c(1318): stop. leaf nodes are specific
Wed Mar 22 13:37:02 2023
