Current configuration:
[NAME]		[DEFLT]	[VALUE]
-allphones	no	no
-cntthresh	0.00001	1.000000e-05
-csplitmax	100	2000
-csplitmin	1	1
-csplitthr	8e-4	0.000000e+00
-example	no	no
-fullvar	no	no
-help		no	no
-meanfn			/home/lucija/Documents/Zadnji semestar/ROGJ/Prezentacije/CMUspinx/tutorial15/model_parameters/my_db.cd_cont_untied/means
-mixwfn			/home/lucija/Documents/Zadnji semestar/ROGJ/Prezentacije/CMUspinx/tutorial15/model_parameters/my_db.cd_cont_untied/mixture_weights
-moddeffn		/home/lucija/Documents/Zadnji semestar/ROGJ/Prezentacije/CMUspinx/tutorial15/model_architecture/my_db.untied.mdef
-mwfloor	1e-4	1.000000e-08
-phone			z
-psetfn			/home/lucija/Documents/Zadnji semestar/ROGJ/Prezentacije/CMUspinx/tutorial15/model_architecture/my_db.tree_questions
-ssplitmax	5	7
-ssplitmin	1	1
-ssplitthr	8e-4	0.000000e+00
-state			2
-stwt			1.0,0.05,0.0,
-treefn			/home/lucija/Documents/Zadnji semestar/ROGJ/Prezentacije/CMUspinx/tutorial15/trees/my_db.unpruned/z-2.dtree
-ts2cbfn	.semi.	.cont.
-varfloor	0.00001	1.000000e-05
-varfn			/home/lucija/Documents/Zadnji semestar/ROGJ/Prezentacije/CMUspinx/tutorial15/model_parameters/my_db.cd_cont_untied/variances

INFO: main.c(223): Reading: /home/lucija/Documents/Zadnji semestar/ROGJ/Prezentacije/CMUspinx/tutorial15/model_architecture/my_db.untied.mdef
INFO: model_def_io.c(573): Model definition info:
INFO: model_def_io.c(574): 12056 total models defined (32 base, 12024 tri)
INFO: model_def_io.c(575): 48224 total states
INFO: model_def_io.c(576): 36168 total tied states
INFO: model_def_io.c(577): 96 total tied CI states
INFO: model_def_io.c(578): 32 total tied transition matrices
INFO: model_def_io.c(579): 4 max state/model
INFO: model_def_io.c(580): 4 min state/model
INFO: main.c(242): Building trees for [z NOISE a b] through [z ž a b]
INFO: main.c(268): Covering states |[33618 34412]| == 795
INFO: main.c(275): Reading: /home/lucija/Documents/Zadnji semestar/ROGJ/Prezentacije/CMUspinx/tutorial15/model_parameters/my_db.cd_cont_untied/mixture_weights
INFO: s3mixw_io.c(172): Read /home/lucija/Documents/Zadnji semestar/ROGJ/Prezentacije/CMUspinx/tutorial15/model_parameters/my_db.cd_cont_untied/mixture_weights [795x1x1 array]
INFO: main.c(311): 265 of 265 models have observation count greater than 0.000010
INFO: main.c(95): nrm stwt: 0.000 0.048 0.952 
INFO: s3gau_io.c(168): Read /home/lucija/Documents/Zadnji semestar/ROGJ/Prezentacije/CMUspinx/tutorial15/model_parameters/my_db.cd_cont_untied/means [36168x1x1 array]
INFO: s3gau_io.c(168): Read /home/lucija/Documents/Zadnji semestar/ROGJ/Prezentacije/CMUspinx/tutorial15/model_parameters/my_db.cd_cont_untied/variances [36168x1x1 array]
INFO: main.c(549): Reading: /home/lucija/Documents/Zadnji semestar/ROGJ/Prezentacije/CMUspinx/tutorial15/model_architecture/my_db.tree_questions
INFO: main.c(587): 176 total simple questions (168 phone; 8 word bndry)
INFO: main.c(589): 42 Left Only questions, and 42 Right Only questions
INFO: dtree.c(1478): Final simple tree
|( QUESTION0_20_R 1 -4.953e+06 5.545e+04 2.171e+04
|    ( WDBNDRY_B 0 -3.845e+06 4.411e+03 1.708e+04
|        ( - -1.879e+06 73 0 QUESTION0 1 1.842e+03 8.414e+03)
|        ( WDBNDRY_E 0 -1.962e+06 3.579e+03 8.662e+03
|            ( - -1.639e+05 23 0 QUESTION0 1 3.886e+02 7.156e+02)
|            ( - -1.794e+06 48 0 QUESTION0 1 1.904e+03 7.947e+03)))
|    ( QUESTION0_16_R 1 -1.052e+06 5.450e+03 4.635e+03
|        ( - -3.629e+05 26 0 WDBNDRY_E 0 8.495e+02 1.611e+03)
|        ( QUESTION0_15_R 1 -6.834e+05 5.201e+03 3.025e+03
|            ( - -2.057e+05 14 0 WDBNDRY_I 0 8.840e+02 9.168e+02)
|            ( QUESTION6 1 -4.725e+05 2.349e+03 2.108e+03
|                ( - -2.185e+05 32 0 WDBNDRY_B 0 1.108e+03 9.929e+02)
|                ( WDBNDRY_I 0 -2.516e+05 2.581e+03 1.115e+03
|                    ( - -9.296e+04 5 0)
|                    ( - -1.561e+05 44 0 QUESTION0_10_R 1 1.478e+03 6.830e+02))))))
s>    ( QUESTION0_20_R 1 -4.953e+06 5.545e+04 2.171e+04
s>        ( WDBNDRY_B 0 -3.845e+06 4.411e+03 1.708e+04
s>            ( - -1.879e+06 73 0 QUESTION0 1 1.842e+03 8.414e+03)
s>            ( WDBNDRY_E 0 -1.962e+06 3.579e+03 8.662e+03
s>                ( - -1.639e+05 23 0 QUESTION0 1 3.886e+02 7.156e+02)
s>                ( - -1.794e+06 48 0 QUESTION0 1 1.904e+03 7.947e+03)))
s>        ( QUESTION0_16_R 1 -1.052e+06 5.450e+03 4.635e+03
s>            ( - -3.629e+05 26 0 WDBNDRY_E 0 8.495e+02 1.611e+03)
s>            ( QUESTION0_15_R 1 -6.834e+05 5.201e+03 3.025e+03
s>                ( - -2.057e+05 14 0 WDBNDRY_I 0 8.840e+02 9.168e+02)
s>                ( QUESTION6 1 -4.725e+05 2.349e+03 2.108e+03
s>                    ( - -2.185e+05 32 0 WDBNDRY_B 0 1.108e+03 9.929e+02)
s>                    ( WDBNDRY_I 0 -2.516e+05 2.581e+03 1.115e+03
s>                        ( - -9.296e+04 5 0)
s>                        ( - -1.561e+05 44 0 QUESTION0_10_R 1 1.478e+03 6.830e+02))))))INFO: dtree.c(1315): Comp split 0
INFO: dtree.c(1478): Final simple tree
|( QUESTION0_16_R 1 -1.052e+06 5.450e+03 4.635e+03
|    ( - -3.629e+05 26 0 WDBNDRY_E 0 8.495e+02 1.611e+03)
|    ( QUESTION0_15_R 1 -6.834e+05 5.201e+03 3.025e+03
|        ( WDBNDRY_I 0 -2.057e+05 8.840e+02 9.168e+02
|            ( - -1.679e+05 6 0 QUESTION0_18_R 1 2.171e+02 7.535e+02)
|            ( - -3.693e+04 8 0 QUESTION8 -1 4.458e+02 1.633e+02))
|        ( QUESTION6 1 -4.725e+05 2.349e+03 2.108e+03
|            ( WDBNDRY_B 0 -2.185e+05 1.108e+03 9.929e+02
|                ( - -1.031e+05 19 0 QUESTION11 -1 4.894e+02 4.756e+02)
|                ( - -1.143e+05 13 0 WDBNDRY_E 0 1.874e+02 5.173e+02))
|            ( WDBNDRY_I 0 -2.516e+05 2.581e+03 1.115e+03
|                ( - -9.296e+04 5 0)
|                ( QUESTION0_10_R 1 -1.561e+05 1.478e+03 6.830e+02
|                    ( - -8.687e+04 12 0)
|                    ( - -6.770e+04 32 0 SILENCE -1 4.563e+02 2.924e+02))))))
s>    ( QUESTION0_16_R 1 -1.052e+06 5.450e+03 4.635e+03
s>        ( - -3.629e+05 26 0 WDBNDRY_E 0 8.495e+02 1.611e+03)
s>        ( QUESTION0_15_R 1 -6.834e+05 5.201e+03 3.025e+03
s>            ( WDBNDRY_I 0 -2.057e+05 8.840e+02 9.168e+02
s>                ( - -1.679e+05 6 0 QUESTION0_18_R 1 2.171e+02 7.535e+02)
s>                ( - -3.693e+04 8 0 QUESTION8 -1 4.458e+02 1.633e+02))
s>            ( QUESTION6 1 -4.725e+05 2.349e+03 2.108e+03
s>                ( WDBNDRY_B 0 -2.185e+05 1.108e+03 9.929e+02
s>                    ( - -1.031e+05 19 0 QUESTION11 -1 4.894e+02 4.756e+02)
s>                    ( - -1.143e+05 13 0 WDBNDRY_E 0 1.874e+02 5.173e+02))
s>                ( WDBNDRY_I 0 -2.516e+05 2.581e+03 1.115e+03
s>                    ( - -9.296e+04 5 0)
s>                    ( QUESTION0_10_R 1 -1.561e+05 1.478e+03 6.830e+02
s>                        ( - -8.687e+04 12 0)
s>                        ( - -6.770e+04 32 0 SILENCE -1 4.563e+02 2.924e+02))))))INFO: dtree.c(1478): Final simple tree
|( WDBNDRY_B 0 -3.845e+06 4.411e+03 1.708e+04
|    ( QUESTION0 1 -1.879e+06 1.842e+03 8.414e+03
|        ( QUESTION6 -1 -1.793e+06 1.545e+03 8.043e+03
|            ( - -1.337e+05 2 0)
|            ( QUESTION0 -1 -1.658e+06 1.220e+03 7.435e+03
|                ( - -1.278e+06 19 0 QUESTION2_4_L -1 5.392e+02 5.727e+03)
|                ( QUESTION2_1_L -1 -3.791e+05 1.428e+03 1.708e+03
|                    ( - -2.939e+05 24 0 QUESTION3 -1 5.813e+02 1.320e+03)
|                    ( - -8.378e+04 6 0 SILENCE -1 2.641e+02 3.883e+02))))
|        ( - -8.388e+04 22 0 SILENCE -1 1.944e+02 3.714e+02))
|    ( WDBNDRY_E 0 -1.962e+06 3.579e+03 8.662e+03
|        ( - -1.639e+05 23 0 QUESTION0 1 3.886e+02 7.156e+02)
|        ( QUESTION0 1 -1.794e+06 1.904e+03 7.947e+03
|            ( - -1.719e+06 41 0 QUESTION4 -1 4.308e+02 7.623e+03)
|            ( - -7.381e+04 7 0))))
s>    ( WDBNDRY_B 0 -3.845e+06 4.411e+03 1.708e+04
s>        ( QUESTION0 1 -1.879e+06 1.842e+03 8.414e+03
s>            ( QUESTION6 -1 -1.793e+06 1.545e+03 8.043e+03
s>                ( - -1.337e+05 2 0)
s>                ( QUESTION0 -1 -1.658e+06 1.220e+03 7.435e+03
s>                    ( - -1.278e+06 19 0 QUESTION2_4_L -1 5.392e+02 5.727e+03)
s>                    ( QUESTION2_1_L -1 -3.791e+05 1.428e+03 1.708e+03
s>                        ( - -2.939e+05 24 0 QUESTION3 -1 5.813e+02 1.320e+03)
s>                        ( - -8.378e+04 6 0 SILENCE -1 2.641e+02 3.883e+02))))
s>            ( - -8.388e+04 22 0 SILENCE -1 1.944e+02 3.714e+02))
s>        ( WDBNDRY_E 0 -1.962e+06 3.579e+03 8.662e+03
s>            ( - -1.639e+05 23 0 QUESTION0 1 3.886e+02 7.156e+02)
s>            ( QUESTION0 1 -1.794e+06 1.904e+03 7.947e+03
s>                ( - -1.719e+06 41 0 QUESTION4 -1 4.308e+02 7.623e+03)
s>                ( - -7.381e+04 7 0))))INFO: dtree.c(1315): Comp split 1
INFO: dtree.c(1478): Final simple tree
|( WDBNDRY_B 0 -3.064e+05 1.219e+03 1.384e+03
|    ( QUESTION11 -1 -1.031e+05 4.894e+02 4.756e+02
|        ( - 2.412e+02 1 0)
|        ( QUESTION0 -1 -1.029e+05 3.939e+02 4.746e+02
|            ( - -6.441e+04 9 0 QUESTION2_0_L -1 9.652e+01 2.986e+02)
|            ( QUESTION2_1_L -1 -3.808e+04 2.051e+02 1.760e+02
|                ( - -9.898e+03 7 0 QUESTION2_20_L -1 1.344e+02 4.603e+01)
|                ( - -2.797e+04 2 0 SILENCE -1 1.012e+02 1.300e+02))))
|    ( QUESTION0_8_R 1 -2.021e+05 9.031e+02 9.080e+02
|        ( - -8.687e+04 12 0)
|        ( WDBNDRY_E 0 -1.143e+05 1.874e+02 5.173e+02
|            ( - -1.068e+04 6 0)
|            ( QUESTION0 -1 -1.034e+05 1.597e+02 4.693e+02
|                ( - -1.023e+05 6 0)
|                ( - -9.468e+02 1 0)))))
s>    ( WDBNDRY_B 0 -3.064e+05 1.219e+03 1.384e+03
s>        ( QUESTION11 -1 -1.031e+05 4.894e+02 4.756e+02
s>            ( - 2.412e+02 1 0)
s>            ( QUESTION0 -1 -1.029e+05 3.939e+02 4.746e+02
s>                ( - -6.441e+04 9 0 QUESTION2_0_L -1 9.652e+01 2.986e+02)
s>                ( QUESTION2_1_L -1 -3.808e+04 2.051e+02 1.760e+02
s>                    ( - -9.898e+03 7 0 QUESTION2_20_L -1 1.344e+02 4.603e+01)
s>                    ( - -2.797e+04 2 0 SILENCE -1 1.012e+02 1.300e+02))))
s>        ( QUESTION0_8_R 1 -2.021e+05 9.031e+02 9.080e+02
s>            ( - -8.687e+04 12 0)
s>            ( WDBNDRY_E 0 -1.143e+05 1.874e+02 5.173e+02
s>                ( - -1.068e+04 6 0)
s>                ( QUESTION0 -1 -1.034e+05 1.597e+02 4.693e+02
s>                    ( - -1.023e+05 6 0)
s>                    ( - -9.468e+02 1 0)))))INFO: dtree.c(1478): Final simple tree
|( QUESTION0_16_R 1 -7.392e+05 4.788e+03 3.252e+03
|    ( WDBNDRY_E 0 -3.629e+05 8.495e+02 1.611e+03
|        ( - -3.989e+04 8 0)
|        ( WDBNDRY_B 0 -3.222e+05 7.076e+02 1.437e+03
|            ( - -4.338e+04 9 0 QUESTION2 -1 1.453e+02 1.919e+02)
|            ( - -2.781e+05 9 0 QUESTION0 -1 1.787e+02 1.245e+03)))
|    ( QUESTION0_15_R 1 -3.715e+05 3.225e+03 1.641e+03
|        ( WDBNDRY_I 0 -2.057e+05 8.840e+02 9.168e+02
|            ( - -1.679e+05 6 0 QUESTION0_18_R 1 2.171e+02 7.535e+02)
|            ( - -3.693e+04 8 0 QUESTION8 -1 4.458e+02 1.633e+02))
|        ( WDBNDRY_I 0 -1.626e+05 1.889e+03 7.243e+02
|            ( - -9.296e+04 5 0)
|            ( SILENCE -1 -6.770e+04 4.563e+02 2.924e+02
|                ( - 2.419e+02 1 0)
|                ( - -6.749e+04 31 0 QUESTION0 -1 4.549e+02 2.914e+02)))))
s>    ( QUESTION0_16_R 1 -7.392e+05 4.788e+03 3.252e+03
s>        ( WDBNDRY_E 0 -3.629e+05 8.495e+02 1.611e+03
s>            ( - -3.989e+04 8 0)
s>            ( WDBNDRY_B 0 -3.222e+05 7.076e+02 1.437e+03
s>                ( - -4.338e+04 9 0 QUESTION2 -1 1.453e+02 1.919e+02)
s>                ( - -2.781e+05 9 0 QUESTION0 -1 1.787e+02 1.245e+03)))
s>        ( QUESTION0_15_R 1 -3.715e+05 3.225e+03 1.641e+03
s>            ( WDBNDRY_I 0 -2.057e+05 8.840e+02 9.168e+02
s>                ( - -1.679e+05 6 0 QUESTION0_18_R 1 2.171e+02 7.535e+02)
s>                ( - -3.693e+04 8 0 QUESTION8 -1 4.458e+02 1.633e+02))
s>            ( WDBNDRY_I 0 -1.626e+05 1.889e+03 7.243e+02
s>                ( - -9.296e+04 5 0)
s>                ( SILENCE -1 -6.770e+04 4.563e+02 2.924e+02
s>                    ( - 2.419e+02 1 0)
s>                    ( - -6.749e+04 31 0 QUESTION0 -1 4.549e+02 2.914e+02)))))INFO: dtree.c(1315): Comp split 2
INFO: dtree.c(1478): Final simple tree
|( QUESTION6 -1 -1.793e+06 1.545e+03 8.043e+03
|    ( - -1.337e+05 2 0)
|    ( QUESTION0 -1 -1.658e+06 1.220e+03 7.435e+03
|        ( QUESTION2_4_L -1 -1.278e+06 5.392e+02 5.727e+03
|            ( - -2.130e+04 2 0)
|            ( - -1.256e+06 17 0 QUESTION2_0_L -1 1.237e+02 5.631e+03))
|        ( QUESTION2_1_L -1 -3.791e+05 1.428e+03 1.708e+03
|            ( QUESTION3 -1 -2.939e+05 5.813e+02 1.320e+03
|                ( - -2.194e+05 9 0)
|                ( QUESTION2_8_L -1 -7.385e+04 2.454e+02 3.356e+02
|                    ( - -1.438e+04 3 0 QUESTION17 -1 1.196e+02 6.791e+01)
|                    ( - -5.922e+04 12 0 QUESTION16 -1 1.930e+02 2.677e+02)))
|            ( SILENCE -1 -8.378e+04 2.641e+02 3.883e+02
|                ( - -6.288e+04 4 0)
|                ( - -2.064e+04 2 0)))))
s>    ( QUESTION6 -1 -1.793e+06 1.545e+03 8.043e+03
s>        ( - -1.337e+05 2 0)
s>        ( QUESTION0 -1 -1.658e+06 1.220e+03 7.435e+03
s>            ( QUESTION2_4_L -1 -1.278e+06 5.392e+02 5.727e+03
s>                ( - -2.130e+04 2 0)
s>                ( - -1.256e+06 17 0 QUESTION2_0_L -1 1.237e+02 5.631e+03))
s>            ( QUESTION2_1_L -1 -3.791e+05 1.428e+03 1.708e+03
s>                ( QUESTION3 -1 -2.939e+05 5.813e+02 1.320e+03
s>                    ( - -2.194e+05 9 0)
s>                    ( QUESTION2_8_L -1 -7.385e+04 2.454e+02 3.356e+02
s>                        ( - -1.438e+04 3 0 QUESTION17 -1 1.196e+02 6.791e+01)
s>                        ( - -5.922e+04 12 0 QUESTION16 -1 1.930e+02 2.677e+02)))
s>                ( SILENCE -1 -8.378e+04 2.641e+02 3.883e+02
s>                    ( - -6.288e+04 4 0)
s>                    ( - -2.064e+04 2 0)))))INFO: dtree.c(1478): Final simple tree
|( WDBNDRY_E 0 -2.047e+06 3.581e+03 9.034e+03
|    ( QUESTION0 1 -1.639e+05 3.886e+02 7.156e+02
|        ( - -1.560e+05 17 0)
|        ( - -7.446e+03 6 0))
|    ( QUESTION0 1 -1.880e+06 2.631e+03 8.318e+03
|        ( QUESTION4 -1 -1.719e+06 4.308e+02 7.623e+03
|            ( - -1.393e+04 4 0 QUESTION6 -1 1.580e+02 6.414e+01)
|            ( QUESTION2_3_L -1 -1.704e+06 4.172e+02 7.559e+03
|                ( - -5.477e+03 1 0)
|                ( QUESTION0 -1 -1.699e+06 2.520e+02 7.533e+03
|                    ( - -1.659e+06 26 0)
|                    ( - -3.925e+04 10 0))))
|        ( WDBNDRY_B 0 -1.581e+05 4.561e+02 6.953e+02
|            ( - -8.388e+04 22 0 SILENCE -1 1.944e+02 3.714e+02)
|            ( - -7.381e+04 7 0))))
s>    ( WDBNDRY_E 0 -2.047e+06 3.581e+03 9.034e+03
s>        ( QUESTION0 1 -1.639e+05 3.886e+02 7.156e+02
s>            ( - -1.560e+05 17 0)
s>            ( - -7.446e+03 6 0))
s>        ( QUESTION0 1 -1.880e+06 2.631e+03 8.318e+03
s>            ( QUESTION4 -1 -1.719e+06 4.308e+02 7.623e+03
s>                ( - -1.393e+04 4 0 QUESTION6 -1 1.580e+02 6.414e+01)
s>                ( QUESTION2_3_L -1 -1.704e+06 4.172e+02 7.559e+03
s>                    ( - -5.477e+03 1 0)
s>                    ( QUESTION0 -1 -1.699e+06 2.520e+02 7.533e+03
s>                        ( - -1.659e+06 26 0)
s>                        ( - -3.925e+04 10 0))))
s>            ( WDBNDRY_B 0 -1.581e+05 4.561e+02 6.953e+02
s>                ( - -8.388e+04 22 0 SILENCE -1 1.944e+02 3.714e+02)
s>                ( - -7.381e+04 7 0))))INFO: dtree.c(1315): Comp split 3
INFO: dtree.c(1478): Final simple tree
|( QUESTION0_15_R 1 -3.715e+05 3.225e+03 1.641e+03
|    ( WDBNDRY_I 0 -2.057e+05 8.840e+02 9.168e+02
|        ( - -1.679e+05 6 0 QUESTION0_18_R 1 2.171e+02 7.535e+02)
|        ( QUESTION8 -1 -3.693e+04 4.458e+02 1.633e+02
|            ( - 1.774e+02 1 0)
|            ( - -3.666e+04 7 0 WDBNDRY_B 0 1.957e+02 1.623e+02)))
|    ( WDBNDRY_I 0 -1.626e+05 1.889e+03 7.243e+02
|        ( - -9.296e+04 5 0)
|        ( SILENCE -1 -6.770e+04 4.563e+02 2.924e+02
|            ( - 2.419e+02 1 0)
|            ( QUESTION0 -1 -6.749e+04 4.549e+02 2.914e+02
|                ( QUESTION0_2_R 1 -6.725e+04 4.442e+02 2.904e+02
|                    ( - -3.290e+04 7 0 QUESTION17 1 2.368e+02 1.486e+02)
|                    ( - -3.391e+04 23 0 QUESTION0_14_R 1 3.176e+02 1.418e+02))
|                ( - 2.167e+02 1 0)))))
s>    ( QUESTION0_15_R 1 -3.715e+05 3.225e+03 1.641e+03
s>        ( WDBNDRY_I 0 -2.057e+05 8.840e+02 9.168e+02
s>            ( - -1.679e+05 6 0 QUESTION0_18_R 1 2.171e+02 7.535e+02)
s>            ( QUESTION8 -1 -3.693e+04 4.458e+02 1.633e+02
s>                ( - 1.774e+02 1 0)
s>                ( - -3.666e+04 7 0 WDBNDRY_B 0 1.957e+02 1.623e+02)))
s>        ( WDBNDRY_I 0 -1.626e+05 1.889e+03 7.243e+02
s>            ( - -9.296e+04 5 0)
s>            ( SILENCE -1 -6.770e+04 4.563e+02 2.924e+02
s>                ( - 2.419e+02 1 0)
s>                ( QUESTION0 -1 -6.749e+04 4.549e+02 2.914e+02
s>                    ( QUESTION0_2_R 1 -6.725e+04 4.442e+02 2.904e+02
s>                        ( - -3.290e+04 7 0 QUESTION17 1 2.368e+02 1.486e+02)
s>                        ( - -3.391e+04 23 0 QUESTION0_14_R 1 3.176e+02 1.418e+02))
s>                    ( - 2.167e+02 1 0)))))INFO: dtree.c(1478): Final simple tree
|( WDBNDRY_E 0 -3.629e+05 8.495e+02 1.611e+03
|    ( - -3.989e+04 8 0)
|    ( WDBNDRY_B 0 -3.222e+05 7.076e+02 1.437e+03
|        ( QUESTION2 -1 -4.338e+04 1.453e+02 1.919e+02
|            ( - -2.992e+02 1 0)
|            ( QUESTION18 -1 -4.294e+04 1.274e+02 1.899e+02
|                ( - -3.137e+02 1 0)
|                ( SILENCE -1 -4.250e+04 1.216e+02 1.879e+02
|                    ( - -5.219e+02 1 0)
|                    ( QUESTION0 -1 -4.185e+04 1.046e+02 1.849e+02
|                        ( - -3.980e+04 5 0)
|                        ( - -1.944e+03 1 0)))))
|        ( QUESTION0 -1 -2.781e+05 1.787e+02 1.245e+03
|            ( - -2.776e+05 8 0)
|            ( - -2.705e+02 1 0))))
s>    ( WDBNDRY_E 0 -3.629e+05 8.495e+02 1.611e+03
s>        ( - -3.989e+04 8 0)
s>        ( WDBNDRY_B 0 -3.222e+05 7.076e+02 1.437e+03
s>            ( QUESTION2 -1 -4.338e+04 1.453e+02 1.919e+02
s>                ( - -2.992e+02 1 0)
s>                ( QUESTION18 -1 -4.294e+04 1.274e+02 1.899e+02
s>                    ( - -3.137e+02 1 0)
s>                    ( SILENCE -1 -4.250e+04 1.216e+02 1.879e+02
s>                        ( - -5.219e+02 1 0)
s>                        ( QUESTION0 -1 -4.185e+04 1.046e+02 1.849e+02
s>                            ( - -3.980e+04 5 0)
s>                            ( - -1.944e+03 1 0)))))
s>            ( QUESTION0 -1 -2.781e+05 1.787e+02 1.245e+03
s>                ( - -2.776e+05 8 0)
s>                ( - -2.705e+02 1 0))))INFO: dtree.c(1315): Comp split 4
INFO: dtree.c(1478): Final simple tree
|( QUESTION0 1 -1.887e+06 2.659e+03 8.350e+03
|    ( QUESTION4 -1 -1.719e+06 4.308e+02 7.623e+03
|        ( - -1.393e+04 4 0 QUESTION6 -1 1.580e+02 6.414e+01)
|        ( QUESTION2_3_L -1 -1.704e+06 4.172e+02 7.559e+03
|            ( - -5.477e+03 1 0)
|            ( QUESTION0 -1 -1.699e+06 2.520e+02 7.533e+03
|                ( - -1.659e+06 26 0)
|                ( - -3.925e+04 10 0))))
|    ( WDBNDRY_B 0 -1.658e+05 4.468e+02 7.273e+02
|        ( SILENCE -1 -8.388e+04 1.944e+02 3.714e+02
|            ( - -2.249e+03 2 0)
|            ( - -8.143e+04 20 0 QUESTION0 -1 1.651e+02 3.604e+02))
|        ( WDBNDRY_E 0 -8.149e+04 2.355e+02 3.559e+02
|            ( - -7.446e+03 6 0)
|            ( - -7.381e+04 7 0))))
s>    ( QUESTION0 1 -1.887e+06 2.659e+03 8.350e+03
s>        ( QUESTION4 -1 -1.719e+06 4.308e+02 7.623e+03
s>            ( - -1.393e+04 4 0 QUESTION6 -1 1.580e+02 6.414e+01)
s>            ( QUESTION2_3_L -1 -1.704e+06 4.172e+02 7.559e+03
s>                ( - -5.477e+03 1 0)
s>                ( QUESTION0 -1 -1.699e+06 2.520e+02 7.533e+03
s>                    ( - -1.659e+06 26 0)
s>                    ( - -3.925e+04 10 0))))
s>        ( WDBNDRY_B 0 -1.658e+05 4.468e+02 7.273e+02
s>            ( SILENCE -1 -8.388e+04 1.944e+02 3.714e+02
s>                ( - -2.249e+03 2 0)
s>                ( - -8.143e+04 20 0 QUESTION0 -1 1.651e+02 3.604e+02))
s>            ( WDBNDRY_E 0 -8.149e+04 2.355e+02 3.559e+02
s>                ( - -7.446e+03 6 0)
s>                ( - -7.381e+04 7 0))))INFO: dtree.c(1315): Comp split 5
INFO: dtree.c(1478): Final simple tree
|( WDBNDRY_I 0 -1.626e+05 1.889e+03 7.243e+02
|    ( - -9.296e+04 5 0)
|    ( SILENCE -1 -6.770e+04 4.563e+02 2.924e+02
|        ( - 2.419e+02 1 0)
|        ( QUESTION0 -1 -6.749e+04 4.549e+02 2.914e+02
|            ( QUESTION0_2_R 1 -6.725e+04 4.442e+02 2.904e+02
|                ( QUESTION17 1 -3.290e+04 2.368e+02 1.486e+02
|                    ( - -1.146e+04 3 0)
|                    ( - -2.120e+04 4 0))
|                ( QUESTION0_14_R 1 -3.391e+04 3.176e+02 1.418e+02
|                    ( - -1.290e+04 8 0 WDBNDRY_B 0 1.364e+02 5.467e+01)
|                    ( QUESTION0_13_R 1 -2.069e+04 2.878e+02 8.709e+01
|                        ( - -6.583e+03 4 0)
|                        ( - -1.382e+04 11 0 QUESTION0_9_R 1 1.221e+02 5.812e+01))))
|            ( - 2.167e+02 1 0))))
s>    ( WDBNDRY_I 0 -1.626e+05 1.889e+03 7.243e+02
s>        ( - -9.296e+04 5 0)
s>        ( SILENCE -1 -6.770e+04 4.563e+02 2.924e+02
s>            ( - 2.419e+02 1 0)
s>            ( QUESTION0 -1 -6.749e+04 4.549e+02 2.914e+02
s>                ( QUESTION0_2_R 1 -6.725e+04 4.442e+02 2.904e+02
s>                    ( QUESTION17 1 -3.290e+04 2.368e+02 1.486e+02
s>                        ( - -1.146e+04 3 0)
s>                        ( - -2.120e+04 4 0))
s>                    ( QUESTION0_14_R 1 -3.391e+04 3.176e+02 1.418e+02
s>                        ( - -1.290e+04 8 0 WDBNDRY_B 0 1.364e+02 5.467e+01)
s>                        ( QUESTION0_13_R 1 -2.069e+04 2.878e+02 8.709e+01
s>                            ( - -6.583e+03 4 0)
s>                            ( - -1.382e+04 11 0 QUESTION0_9_R 1 1.221e+02 5.812e+01))))
s>                ( - 2.167e+02 1 0))))INFO: dtree.c(1439): stop. leaf nodes are specific
INFO: dtree.c(1478): Final simple tree
|( WDBNDRY_I 0 -2.057e+05 8.840e+02 9.168e+02
|    ( QUESTION0_18_R 1 -1.679e+05 2.171e+02 7.535e+02
|        ( QUESTION0 -1 -2.184e+03 1.405e+02 1.000e+01
|            ( - -1.708e+03 1 0)
|            ( - -3.355e+02 1 0))
|        ( - -1.655e+05 4 0))
|    ( QUESTION8 -1 -3.693e+04 4.458e+02 1.633e+02
|        ( - 1.774e+02 1 0)
|        ( WDBNDRY_B 0 -3.666e+04 1.957e+02 1.623e+02
|            ( QUESTION0 -1 -4.489e+03 1.775e+02 2.000e+01
|                ( - -4.014e+03 3 0)
|                ( - -2.966e+02 1 0))
|            ( - -3.198e+04 3 0))))
s>    ( WDBNDRY_I 0 -2.057e+05 8.840e+02 9.168e+02
s>        ( QUESTION0_18_R 1 -1.679e+05 2.171e+02 7.535e+02
s>            ( QUESTION0 -1 -2.184e+03 1.405e+02 1.000e+01
s>                ( - -1.708e+03 1 0)
s>                ( - -3.355e+02 1 0))
s>            ( - -1.655e+05 4 0))
s>        ( QUESTION8 -1 -3.693e+04 4.458e+02 1.633e+02
s>            ( - 1.774e+02 1 0)
s>            ( WDBNDRY_B 0 -3.666e+04 1.957e+02 1.623e+02
s>                ( QUESTION0 -1 -4.489e+03 1.775e+02 2.000e+01
s>                    ( - -4.014e+03 3 0)
s>                    ( - -2.966e+02 1 0))
s>                ( - -3.198e+04 3 0))))INFO: dtree.c(1315): Comp split 6
INFO: dtree.c(1478): Final simple tree
|( WDBNDRY_B 0 -1.658e+05 4.468e+02 7.273e+02
|    ( SILENCE -1 -8.388e+04 1.944e+02 3.714e+02
|        ( - -2.249e+03 2 0)
|        ( QUESTION0 -1 -8.143e+04 1.651e+02 3.604e+02
|            ( - -6.348e+04 10 0)
|            ( QUESTION9 -1 -1.779e+04 1.323e+02 7.981e+01
|                ( - -1.199e+03 2 0)
|                ( QUESTION4 -1 -1.646e+04 1.217e+02 7.381e+01
|                    ( - -1.110e+04 2 0)
|                    ( QUESTION2 -1 -5.233e+03 8.872e+01 2.373e+01
|                        ( - -4.111e+03 4 0)
|                        ( - -1.034e+03 2 0))))))
|    ( WDBNDRY_E 0 -8.149e+04 2.355e+02 3.559e+02
|        ( - -7.446e+03 6 0)
|        ( - -7.381e+04 7 0)))
s>    ( WDBNDRY_B 0 -1.658e+05 4.468e+02 7.273e+02
s>        ( SILENCE -1 -8.388e+04 1.944e+02 3.714e+02
s>            ( - -2.249e+03 2 0)
s>            ( QUESTION0 -1 -8.143e+04 1.651e+02 3.604e+02
s>                ( - -6.348e+04 10 0)
s>                ( QUESTION9 -1 -1.779e+04 1.323e+02 7.981e+01
s>                    ( - -1.199e+03 2 0)
s>                    ( QUESTION4 -1 -1.646e+04 1.217e+02 7.381e+01
s>                        ( - -1.110e+04 2 0)
s>                        ( QUESTION2 -1 -5.233e+03 8.872e+01 2.373e+01
s>                            ( - -4.111e+03 4 0)
s>                            ( - -1.034e+03 2 0))))))
s>        ( WDBNDRY_E 0 -8.149e+04 2.355e+02 3.559e+02
s>            ( - -7.446e+03 6 0)
s>            ( - -7.381e+04 7 0)))INFO: dtree.c(1439): stop. leaf nodes are specific
INFO: dtree.c(1478): Final simple tree
|( QUESTION4 -1 -1.719e+06 4.308e+02 7.623e+03
|    ( QUESTION6 -1 -1.393e+04 1.580e+02 6.414e+01
|        ( - -9.623e+02 1 0)
|        ( - -1.281e+04 3 0))
|    ( QUESTION2_3_L -1 -1.704e+06 4.172e+02 7.559e+03
|        ( - -5.477e+03 1 0)
|        ( QUESTION0 -1 -1.699e+06 2.520e+02 7.533e+03
|            ( - -1.659e+06 26 0)
|            ( - -3.925e+04 10 0))))
s>    ( QUESTION4 -1 -1.719e+06 4.308e+02 7.623e+03
s>        ( QUESTION6 -1 -1.393e+04 1.580e+02 6.414e+01
s>            ( - -9.623e+02 1 0)
s>            ( - -1.281e+04 3 0))
s>        ( QUESTION2_3_L -1 -1.704e+06 4.172e+02 7.559e+03
s>            ( - -5.477e+03 1 0)
s>            ( QUESTION0 -1 -1.699e+06 2.520e+02 7.533e+03
s>                ( - -1.659e+06 26 0)
s>                ( - -3.925e+04 10 0))))INFO: dtree.c(1315): Comp split 7
INFO: dtree.c(1478): Final simple tree
|( QUESTION3 -1 -1.558e+06 8.837e+02 6.979e+03
|    ( - -2.194e+05 9 0)
|    ( QUESTION2_0_L -1 -1.338e+06 6.869e+02 5.995e+03
|        ( - -1.255e+06 16 0)
|        ( QUESTION2_4_L -1 -8.175e+04 3.600e+02 3.677e+02
|            ( - -2.130e+04 2 0)
|            ( QUESTION16 -1 -6.009e+04 1.956e+02 2.717e+02
|                ( - -1.092e+04 2 0)
|                ( QUESTION2_16_L -1 -4.897e+04 1.560e+02 2.208e+02
|                    ( QUESTION5 -1 -1.149e+04 1.661e+02 5.214e+01
|                        ( - -1.078e+04 1 0)
|                        ( - -5.492e+02 1 0))
|                    ( QUESTION2_20_L -1 -3.733e+04 1.376e+02 1.687e+02
|                        ( - -9.963e+03 2 0)
|                        ( - -2.722e+04 7 0 QUESTION2 -1 1.297e+02 1.235e+02)))))))
s>    ( QUESTION3 -1 -1.558e+06 8.837e+02 6.979e+03
s>        ( - -2.194e+05 9 0)
s>        ( QUESTION2_0_L -1 -1.338e+06 6.869e+02 5.995e+03
s>            ( - -1.255e+06 16 0)
s>            ( QUESTION2_4_L -1 -8.175e+04 3.600e+02 3.677e+02
s>                ( - -2.130e+04 2 0)
s>                ( QUESTION16 -1 -6.009e+04 1.956e+02 2.717e+02
s>                    ( - -1.092e+04 2 0)
s>                    ( QUESTION2_16_L -1 -4.897e+04 1.560e+02 2.208e+02
s>                        ( QUESTION5 -1 -1.149e+04 1.661e+02 5.214e+01
s>                            ( - -1.078e+04 1 0)
s>                            ( - -5.492e+02 1 0))
s>                        ( QUESTION2_20_L -1 -3.733e+04 1.376e+02 1.687e+02
s>                            ( - -9.963e+03 2 0)
s>                            ( - -2.722e+04 7 0 QUESTION2 -1 1.297e+02 1.235e+02)))))))INFO: dtree.c(1439): stop. leaf nodes are specific
INFO: dtree.c(1478): Final simple tree
|( QUESTION2_1_L -1 -2.333e+05 1.177e+03 1.064e+03
|    ( QUESTION2 -1 -1.483e+05 2.784e+02 6.755e+02
|        ( - -1.337e+05 2 0)
|        ( QUESTION17 -1 -1.438e+04 1.196e+02 6.791e+01
|            ( - -9.856e+03 1 0)
|            ( - -4.404e+03 2 0)))
|    ( SILENCE -1 -8.378e+04 2.641e+02 3.883e+02
|        ( - -6.288e+04 4 0)
|        ( - -2.064e+04 2 0)))
s>    ( QUESTION2_1_L -1 -2.333e+05 1.177e+03 1.064e+03
s>        ( QUESTION2 -1 -1.483e+05 2.784e+02 6.755e+02
s>            ( - -1.337e+05 2 0)
s>            ( QUESTION17 -1 -1.438e+04 1.196e+02 6.791e+01
s>                ( - -9.856e+03 1 0)
s>                ( - -4.404e+03 2 0)))
s>        ( SILENCE -1 -8.378e+04 2.641e+02 3.883e+02
s>            ( - -6.288e+04 4 0)
s>            ( - -2.064e+04 2 0)))INFO: dtree.c(1315): Comp split 8
INFO: dtree.c(1478): Final simple tree
|( QUESTION0_2_R 1 -6.725e+04 4.442e+02 2.904e+02
|    ( QUESTION17 1 -3.290e+04 2.368e+02 1.486e+02
|        ( - -1.146e+04 3 0)
|        ( - -2.120e+04 4 0))
|    ( QUESTION0_14_R 1 -3.391e+04 3.176e+02 1.418e+02
|        ( WDBNDRY_B 0 -1.290e+04 1.364e+02 5.467e+01
|            ( - -4.737e+03 5 0)
|            ( - -8.026e+03 3 0))
|        ( QUESTION0_13_R 1 -2.069e+04 2.878e+02 8.709e+01
|            ( - -6.583e+03 4 0)
|            ( QUESTION0_9_R 1 -1.382e+04 1.221e+02 5.812e+01
|                ( - -6.989e+02 2 0)
|                ( SILENCE 1 -1.300e+04 1.077e+02 5.512e+01
|                    ( - -1.010e+04 5 0)
|                    ( - -2.790e+03 4 0 QUESTION0_1_R 1 1.070e+02 1.200e+01))))))
s>    ( QUESTION0_2_R 1 -6.725e+04 4.442e+02 2.904e+02
s>        ( QUESTION17 1 -3.290e+04 2.368e+02 1.486e+02
s>            ( - -1.146e+04 3 0)
s>            ( - -2.120e+04 4 0))
s>        ( QUESTION0_14_R 1 -3.391e+04 3.176e+02 1.418e+02
s>            ( WDBNDRY_B 0 -1.290e+04 1.364e+02 5.467e+01
s>                ( - -4.737e+03 5 0)
s>                ( - -8.026e+03 3 0))
s>            ( QUESTION0_13_R 1 -2.069e+04 2.878e+02 8.709e+01
s>                ( - -6.583e+03 4 0)
s>                ( QUESTION0_9_R 1 -1.382e+04 1.221e+02 5.812e+01
s>                    ( - -6.989e+02 2 0)
s>                    ( SILENCE 1 -1.300e+04 1.077e+02 5.512e+01
s>                        ( - -1.010e+04 5 0)
s>                        ( - -2.790e+03 4 0 QUESTION0_1_R 1 1.070e+02 1.200e+01))))))INFO: dtree.c(1439): stop. leaf nodes are specific
INFO: dtree.c(1478): Final simple tree
|( SILENCE -1 -9.340e+04 4.513e+02 4.340e+02
|    ( - 2.419e+02 1 0)
|    ( WDBNDRY_B 0 -9.319e+04 4.496e+02 4.330e+02
|        ( - 2.167e+02 1 0)
|        ( - -9.296e+04 5 0)))
s>    ( SILENCE -1 -9.340e+04 4.513e+02 4.340e+02
s>        ( - 2.419e+02 1 0)
s>        ( WDBNDRY_B 0 -9.319e+04 4.496e+02 4.330e+02
s>            ( - 2.167e+02 1 0)
s>            ( - -9.296e+04 5 0)))INFO: dtree.c(1315): Comp split 9
INFO: dtree.c(1478): Final simple tree
|( QUESTION0 -1 -1.029e+05 3.939e+02 4.746e+02
|    ( QUESTION2_0_L -1 -6.441e+04 9.652e+01 2.986e+02
|        ( - -6.379e+04 8 0)
|        ( - -5.253e+02 1 0))
|    ( QUESTION2_1_L -1 -3.808e+04 2.051e+02 1.760e+02
|        ( QUESTION2_20_L -1 -9.898e+03 1.344e+02 4.603e+01
|            ( - -1.146e+03 1 0)
|            ( QUESTION5 -1 -8.618e+03 1.323e+02 4.004e+01
|                ( - -2.885e+02 1 0)
|                ( QUESTION2 -1 -8.197e+03 1.058e+02 3.804e+01
|                    ( - -7.111e+03 4 0 QUESTION3 -1 9.327e+01 3.304e+01)
|                    ( - -9.801e+02 1 0))))
|        ( SILENCE -1 -2.797e+04 1.012e+02 1.300e+02
|            ( - -1.843e+04 1 0)
|            ( - -9.441e+03 1 0))))
s>    ( QUESTION0 -1 -1.029e+05 3.939e+02 4.746e+02
s>        ( QUESTION2_0_L -1 -6.441e+04 9.652e+01 2.986e+02
s>            ( - -6.379e+04 8 0)
s>            ( - -5.253e+02 1 0))
s>        ( QUESTION2_1_L -1 -3.808e+04 2.051e+02 1.760e+02
s>            ( QUESTION2_20_L -1 -9.898e+03 1.344e+02 4.603e+01
s>                ( - -1.146e+03 1 0)
s>                ( QUESTION5 -1 -8.618e+03 1.323e+02 4.004e+01
s>                    ( - -2.885e+02 1 0)
s>                    ( QUESTION2 -1 -8.197e+03 1.058e+02 3.804e+01
s>                        ( - -7.111e+03 4 0 QUESTION3 -1 9.327e+01 3.304e+01)
s>                        ( - -9.801e+02 1 0))))
s>            ( SILENCE -1 -2.797e+04 1.012e+02 1.300e+02
s>                ( - -1.843e+04 1 0)
s>                ( - -9.441e+03 1 0))))INFO: dtree.c(1439): stop. leaf nodes are specific
INFO: dtree.c(1478): Final simple tree
|( QUESTION0_8_R 1 -2.023e+05 9.073e+02 9.090e+02
|    ( - -8.687e+04 12 0)
|    ( WDBNDRY_B 0 -1.145e+05 4.729e+02 5.183e+02
|        ( - 2.412e+02 1 0)
|        ( WDBNDRY_E 0 -1.143e+05 1.874e+02 5.173e+02
|            ( - -1.068e+04 6 0)
|            ( QUESTION0 -1 -1.034e+05 1.597e+02 4.693e+02
|                ( - -1.023e+05 6 0)
|                ( - -9.468e+02 1 0)))))
s>    ( QUESTION0_8_R 1 -2.023e+05 9.073e+02 9.090e+02
s>        ( - -8.687e+04 12 0)
s>        ( WDBNDRY_B 0 -1.145e+05 4.729e+02 5.183e+02
s>            ( - 2.412e+02 1 0)
s>            ( WDBNDRY_E 0 -1.143e+05 1.874e+02 5.173e+02
s>                ( - -1.068e+04 6 0)
s>                ( QUESTION0 -1 -1.034e+05 1.597e+02 4.693e+02
s>                    ( - -1.023e+05 6 0)
s>                    ( - -9.468e+02 1 0)))))INFO: dtree.c(1315): Comp split 10
INFO: dtree.c(1439): stop. leaf nodes are specific
INFO: dtree.c(1478): Final simple tree
|( QUESTION2 -1 -1.483e+05 2.784e+02 6.755e+02
|    ( - -1.337e+05 2 0)
|    ( QUESTION17 -1 -1.438e+04 1.196e+02 6.791e+01
|        ( - -9.856e+03 1 0)
|        ( - -4.404e+03 2 0)))
s>    ( QUESTION2 -1 -1.483e+05 2.784e+02 6.755e+02
s>        ( - -1.337e+05 2 0)
s>        ( QUESTION17 -1 -1.438e+04 1.196e+02 6.791e+01
s>            ( - -9.856e+03 1 0)
s>            ( - -4.404e+03 2 0)))INFO: dtree.c(1439): stop. leaf nodes are specific
INFO: dtree.c(1478): Final simple tree
|( SILENCE -1 -8.378e+04 2.641e+02 3.883e+02
|    ( - -6.288e+04 4 0)
|    ( - -2.064e+04 2 0))
s>    ( SILENCE -1 -8.378e+04 2.641e+02 3.883e+02
s>        ( - -6.288e+04 4 0)
s>        ( - -2.064e+04 2 0))INFO: dtree.c(1315): Comp split 11
INFO: dtree.c(1439): stop. leaf nodes are specific
INFO: dtree.c(1478): Final simple tree
|( QUESTION4 -1 -2.579e+05 3.560e+02 1.157e+03
|    ( QUESTION5 -1 -3.234e+04 1.461e+02 1.458e+02
|        ( - -1.078e+04 1 0)
|        ( - -2.142e+04 2 0))
|    ( QUESTION12 -1 -2.252e+05 1.288e+02 1.011e+03
|        ( - -3.331e+03 2 0)
|        ( QUESTION8 -1 -2.218e+05 1.277e+02 9.953e+02
|            ( - -1.356e+03 2 0)
|            ( QUESTION0 -1 -2.203e+05 1.172e+02 9.883e+02
|                ( - -7.405e+02 1 0)
|                ( - -2.194e+05 9 0)))))
s>    ( QUESTION4 -1 -2.579e+05 3.560e+02 1.157e+03
s>        ( QUESTION5 -1 -3.234e+04 1.461e+02 1.458e+02
s>            ( - -1.078e+04 1 0)
s>            ( - -2.142e+04 2 0))
s>        ( QUESTION12 -1 -2.252e+05 1.288e+02 1.011e+03
s>            ( - -3.331e+03 2 0)
s>            ( QUESTION8 -1 -2.218e+05 1.277e+02 9.953e+02
s>                ( - -1.356e+03 2 0)
s>                ( QUESTION0 -1 -2.203e+05 1.172e+02 9.883e+02
s>                    ( - -7.405e+02 1 0)
s>                    ( - -2.194e+05 9 0)))))INFO: dtree.c(1439): stop. leaf nodes are specific
INFO: dtree.c(1478): Final simple tree
|( QUESTION2_0_L -1 -1.299e+06 5.892e+02 5.822e+03
|    ( - -1.255e+06 16 0)
|    ( QUESTION0 -1 -4.331e+04 2.230e+02 1.950e+02
|        ( - -2.130e+04 2 0)
|        ( QUESTION2 -1 -2.178e+04 1.707e+02 9.900e+01
|            ( QUESTION2_16_L -1 -1.069e+04 1.798e+02 4.816e+01
|                ( - -5.492e+02 1 0)
|                ( - -9.963e+03 2 0))
|            ( - -1.092e+04 2 0))))
s>    ( QUESTION2_0_L -1 -1.299e+06 5.892e+02 5.822e+03
s>        ( - -1.255e+06 16 0)
s>        ( QUESTION0 -1 -4.331e+04 2.230e+02 1.950e+02
s>            ( - -2.130e+04 2 0)
s>            ( QUESTION2 -1 -2.178e+04 1.707e+02 9.900e+01
s>                ( QUESTION2_16_L -1 -1.069e+04 1.798e+02 4.816e+01
s>                    ( - -5.492e+02 1 0)
s>                    ( - -9.963e+03 2 0))
s>                ( - -1.092e+04 2 0))))INFO: dtree.c(1315): Comp split 12
INFO: dtree.c(1439): stop. leaf nodes are specific
INFO: dtree.c(1478): Final simple tree
|( QUESTION8 -1 -3.930e+04 4.457e+02 1.733e+02
|    ( - 1.774e+02 1 0)
|    ( WDBNDRY_B 0 -3.903e+04 1.953e+02 1.723e+02
|        ( QUESTION0 -1 -4.489e+03 1.775e+02 2.000e+01
|            ( - -4.014e+03 3 0)
|            ( - -2.966e+02 1 0))
|        ( WDBNDRY_E 0 -3.435e+04 1.894e+02 1.523e+02
|            ( - -3.198e+04 3 0)
|            ( QUESTION0 -1 -2.184e+03 1.405e+02 1.000e+01
|                ( - -1.708e+03 1 0)
|                ( - -3.355e+02 1 0)))))
s>    ( QUESTION8 -1 -3.930e+04 4.457e+02 1.733e+02
s>        ( - 1.774e+02 1 0)
s>        ( WDBNDRY_B 0 -3.903e+04 1.953e+02 1.723e+02
s>            ( QUESTION0 -1 -4.489e+03 1.775e+02 2.000e+01
s>                ( - -4.014e+03 3 0)
s>                ( - -2.966e+02 1 0))
s>            ( WDBNDRY_E 0 -3.435e+04 1.894e+02 1.523e+02
s>                ( - -3.198e+04 3 0)
s>                ( QUESTION0 -1 -2.184e+03 1.405e+02 1.000e+01
s>                    ( - -1.708e+03 1 0)
s>                    ( - -3.355e+02 1 0)))))INFO: dtree.c(1315): Comp split 13
INFO: dtree.c(1439): stop. leaf nodes are specific
INFO: dtree.c(1478): Final simple tree
|( WDBNDRY_B 0 -1.145e+05 4.729e+02 5.183e+02
|    ( - 2.412e+02 1 0)
|    ( WDBNDRY_E 0 -1.143e+05 1.874e+02 5.173e+02
|        ( - -1.068e+04 6 0)
|        ( QUESTION0 -1 -1.034e+05 1.597e+02 4.693e+02
|            ( - -1.023e+05 6 0)
|            ( - -9.468e+02 1 0))))
s>    ( WDBNDRY_B 0 -1.145e+05 4.729e+02 5.183e+02
s>        ( - 2.412e+02 1 0)
s>        ( WDBNDRY_E 0 -1.143e+05 1.874e+02 5.173e+02
s>            ( - -1.068e+04 6 0)
s>            ( QUESTION0 -1 -1.034e+05 1.597e+02 4.693e+02
s>                ( - -1.023e+05 6 0)
s>                ( - -9.468e+02 1 0))))INFO: dtree.c(1315): Comp split 14
INFO: dtree.c(1439): stop. leaf nodes are specific
INFO: dtree.c(1478): Final simple tree
|( WDBNDRY_B 0 -3.222e+05 7.076e+02 1.437e+03
|    ( QUESTION2 -1 -4.338e+04 1.453e+02 1.919e+02
|        ( - -2.992e+02 1 0)
|        ( QUESTION18 -1 -4.294e+04 1.274e+02 1.899e+02
|            ( - -3.137e+02 1 0)
|            ( SILENCE -1 -4.250e+04 1.216e+02 1.879e+02
|                ( - -5.219e+02 1 0)
|                ( QUESTION0 -1 -4.185e+04 1.046e+02 1.849e+02
|                    ( - -3.980e+04 5 0)
|                    ( - -1.944e+03 1 0)))))
|    ( QUESTION0 -1 -2.781e+05 1.787e+02 1.245e+03
|        ( - -2.776e+05 8 0)
|        ( - -2.705e+02 1 0)))
s>    ( WDBNDRY_B 0 -3.222e+05 7.076e+02 1.437e+03
s>        ( QUESTION2 -1 -4.338e+04 1.453e+02 1.919e+02
s>            ( - -2.992e+02 1 0)
s>            ( QUESTION18 -1 -4.294e+04 1.274e+02 1.899e+02
s>                ( - -3.137e+02 1 0)
s>                ( SILENCE -1 -4.250e+04 1.216e+02 1.879e+02
s>                    ( - -5.219e+02 1 0)
s>                    ( QUESTION0 -1 -4.185e+04 1.046e+02 1.849e+02
s>                        ( - -3.980e+04 5 0)
s>                        ( - -1.944e+03 1 0)))))
s>        ( QUESTION0 -1 -2.781e+05 1.787e+02 1.245e+03
s>            ( - -2.776e+05 8 0)
s>            ( - -2.705e+02 1 0)))INFO: dtree.c(1315): Comp split 15
INFO: dtree.c(1439): stop. leaf nodes are specific
INFO: dtree.c(1478): Final simple tree
|( QUESTION2 -1 -2.801e+05 1.429e+02 1.254e+03
|    ( - -2.992e+02 1 0)
|    ( WDBNDRY_B 0 -2.797e+05 9.971e+01 1.252e+03
|        ( - -1.944e+03 1 0)
|        ( - -2.776e+05 8 0)))
s>    ( QUESTION2 -1 -2.801e+05 1.429e+02 1.254e+03
s>        ( - -2.992e+02 1 0)
s>        ( WDBNDRY_B 0 -2.797e+05 9.971e+01 1.252e+03
s>            ( - -1.944e+03 1 0)
s>            ( - -2.776e+05 8 0)))INFO: dtree.c(1439): stop. leaf nodes are specific
INFO: dtree.c(1478): Final simple tree
|( WDBNDRY_B 0 -4.132e+04 1.633e+02 1.828e+02
|    ( QUESTION1 -1 -4.089e+04 1.275e+02 1.808e+02
|        ( - -3.137e+02 1 0)
|        ( SILENCE -1 -4.045e+04 1.221e+02 1.788e+02
|            ( - -5.219e+02 1 0)
|            ( - -3.980e+04 5 0)))
|    ( - -2.705e+02 1 0))
s>    ( WDBNDRY_B 0 -4.132e+04 1.633e+02 1.828e+02
s>        ( QUESTION1 -1 -4.089e+04 1.275e+02 1.808e+02
s>            ( - -3.137e+02 1 0)
s>            ( SILENCE -1 -4.045e+04 1.221e+02 1.788e+02
s>                ( - -5.219e+02 1 0)
s>                ( - -3.980e+04 5 0)))
s>        ( - -2.705e+02 1 0))INFO: dtree.c(1315): Comp split 16
INFO: dtree.c(1439): stop. leaf nodes are specific
INFO: dtree.c(1478): Final simple tree
|( QUESTION0 -1 -1.265e+06 1.480e+02 5.672e+03
|    ( - -1.255e+06 16 0)
|    ( - -9.963e+03 2 0))
s>    ( QUESTION0 -1 -1.265e+06 1.480e+02 5.672e+03
s>        ( - -1.255e+06 16 0)
s>        ( - -9.963e+03 2 0))INFO: dtree.c(1439): stop. leaf nodes are specific
INFO: dtree.c(1478): Final simple tree
|( QUESTION0 -1 -3.316e+04 2.438e+02 1.499e+02
|    ( - -2.130e+04 2 0)
|    ( QUESTION2 -1 -1.161e+04 1.451e+02 5.384e+01
|        ( - -5.492e+02 1 0)
|        ( - -1.092e+04 2 0)))
s>    ( QUESTION0 -1 -3.316e+04 2.438e+02 1.499e+02
s>        ( - -2.130e+04 2 0)
s>        ( QUESTION2 -1 -1.161e+04 1.451e+02 5.384e+01
s>            ( - -5.492e+02 1 0)
s>            ( - -1.092e+04 2 0)))INFO: dtree.c(1315): Comp split 17
INFO: dtree.c(1439): stop. leaf nodes are specific
INFO: dtree.c(1478): Final simple tree
|( QUESTION0 -1 -1.699e+06 2.520e+02 7.533e+03
|    ( - -1.659e+06 26 0)
|    ( - -3.925e+04 10 0))
s>    ( QUESTION0 -1 -1.699e+06 2.520e+02 7.533e+03
s>        ( - -1.659e+06 26 0)
s>        ( - -3.925e+04 10 0))INFO: dtree.c(1439): stop. leaf nodes are specific
INFO: dtree.c(1478): Final simple tree
|( QUESTION0 -1 -1.970e+04 2.887e+02 8.943e+01
|    ( - -5.477e+03 1 0)
|    ( QUESTION6 -1 -1.393e+04 1.580e+02 6.414e+01
|        ( - -9.623e+02 1 0)
|        ( - -1.281e+04 3 0)))
s>    ( QUESTION0 -1 -1.970e+04 2.887e+02 8.943e+01
s>        ( - -5.477e+03 1 0)
s>        ( QUESTION6 -1 -1.393e+04 1.580e+02 6.414e+01
s>            ( - -9.623e+02 1 0)
s>            ( - -1.281e+04 3 0)))INFO: dtree.c(1315): Comp split 18
INFO: dtree.c(1439): stop. leaf nodes are specific
INFO: dtree.c(1478): Final simple tree
|( QUESTION2 -1 -3.034e+04 1.430e+02 1.410e+02
|    ( - -1.146e+03 1 0)
|    ( QUESTION9 -1 -2.905e+04 1.082e+02 1.350e+02
|        ( - -9.441e+03 1 0)
|        ( SILENCE -1 -1.951e+04 9.570e+01 9.076e+01
|            ( - -1.843e+04 1 0)
|            ( - -9.801e+02 1 0))))
s>    ( QUESTION2 -1 -3.034e+04 1.430e+02 1.410e+02
s>        ( - -1.146e+03 1 0)
s>        ( QUESTION9 -1 -2.905e+04 1.082e+02 1.350e+02
s>            ( - -9.441e+03 1 0)
s>            ( SILENCE -1 -1.951e+04 9.570e+01 9.076e+01
s>                ( - -1.843e+04 1 0)
s>                ( - -9.801e+02 1 0))))INFO: dtree.c(1439): stop. leaf nodes are specific
INFO: dtree.c(1478): Final simple tree
|( QUESTION4 -1 -7.206e+04 1.388e+02 3.336e+02
|    ( QUESTION5 -1 -3.126e+03 1.344e+02 1.505e+01
|        ( - -2.885e+02 1 0)
|        ( - -2.703e+03 1 0))
|    ( QUESTION2_3_L -1 -6.879e+04 9.667e+01 3.186e+02
|        ( - -5.253e+02 1 0)
|        ( QUESTION0 -1 -6.817e+04 6.796e+01 3.156e+02
|            ( - -6.379e+04 8 0)
|            ( - -4.314e+03 3 0))))
s>    ( QUESTION4 -1 -7.206e+04 1.388e+02 3.336e+02
s>        ( QUESTION5 -1 -3.126e+03 1.344e+02 1.505e+01
s>            ( - -2.885e+02 1 0)
s>            ( - -2.703e+03 1 0))
s>        ( QUESTION2_3_L -1 -6.879e+04 9.667e+01 3.186e+02
s>            ( - -5.253e+02 1 0)
s>            ( QUESTION0 -1 -6.817e+04 6.796e+01 3.156e+02
s>                ( - -6.379e+04 8 0)
s>                ( - -4.314e+03 3 0))))INFO: dtree.c(1315): Comp split 19
INFO: dtree.c(1439): stop. leaf nodes are specific
INFO: dtree.c(1478): Final simple tree
|( WDBNDRY_E 0 -1.143e+05 1.874e+02 5.173e+02
|    ( - -1.068e+04 6 0)
|    ( QUESTION0 -1 -1.034e+05 1.597e+02 4.693e+02
|        ( - -1.023e+05 6 0)
|        ( - -9.468e+02 1 0)))
s>    ( WDBNDRY_E 0 -1.143e+05 1.874e+02 5.173e+02
s>        ( - -1.068e+04 6 0)
s>        ( QUESTION0 -1 -1.034e+05 1.597e+02 4.693e+02
s>            ( - -1.023e+05 6 0)
s>            ( - -9.468e+02 1 0)))INFO: dtree.c(1315): Comp split 20
INFO: dtree.c(1439): stop. leaf nodes are specific
INFO: dtree.c(1478): Final simple tree
|( WDBNDRY_B 0 -9.319e+04 4.496e+02 4.330e+02
|    ( - 2.167e+02 1 0)
|    ( - -9.296e+04 5 0))
s>    ( WDBNDRY_B 0 -9.319e+04 4.496e+02 4.330e+02
s>        ( - 2.167e+02 1 0)
s>        ( - -9.296e+04 5 0))INFO: dtree.c(1315): Comp split 21
INFO: dtree.c(1315): Comp split 22
INFO: dtree.c(1439): stop. leaf nodes are specific
INFO: dtree.c(1478): Final simple tree
|( SILENCE -1 -8.388e+04 1.944e+02 3.714e+02
|    ( - -2.249e+03 2 0)
|    ( QUESTION0 -1 -8.143e+04 1.651e+02 3.604e+02
|        ( - -6.348e+04 10 0)
|        ( QUESTION9 -1 -1.779e+04 1.323e+02 7.981e+01
|            ( - -1.199e+03 2 0)
|            ( QUESTION4 -1 -1.646e+04 1.217e+02 7.381e+01
|                ( - -1.110e+04 2 0)
|                ( QUESTION2 -1 -5.233e+03 8.872e+01 2.373e+01
|                    ( - -4.111e+03 4 0)
|                    ( - -1.034e+03 2 0))))))
s>    ( SILENCE -1 -8.388e+04 1.944e+02 3.714e+02
s>        ( - -2.249e+03 2 0)
s>        ( QUESTION0 -1 -8.143e+04 1.651e+02 3.604e+02
s>            ( - -6.348e+04 10 0)
s>            ( QUESTION9 -1 -1.779e+04 1.323e+02 7.981e+01
s>                ( - -1.199e+03 2 0)
s>                ( QUESTION4 -1 -1.646e+04 1.217e+02 7.381e+01
s>                    ( - -1.110e+04 2 0)
s>                    ( QUESTION2 -1 -5.233e+03 8.872e+01 2.373e+01
s>                        ( - -4.111e+03 4 0)
s>                        ( - -1.034e+03 2 0))))))INFO: dtree.c(1439): stop. leaf nodes are specific
INFO: dtree.c(1478): Final simple tree
|( WDBNDRY_E 0 -8.149e+04 2.355e+02 3.559e+02
|    ( - -7.446e+03 6 0)
|    ( - -7.381e+04 7 0))
s>    ( WDBNDRY_E 0 -8.149e+04 2.355e+02 3.559e+02
s>        ( - -7.446e+03 6 0)
s>        ( - -7.381e+04 7 0))INFO: dtree.c(1315): Comp split 23
INFO: dtree.c(1439): stop. leaf nodes are specific
INFO: dtree.c(1478): Final simple tree
|( WDBNDRY_B 0 -3.903e+04 1.953e+02 1.723e+02
|    ( QUESTION0 -1 -4.489e+03 1.775e+02 2.000e+01
|        ( - -4.014e+03 3 0)
|        ( - -2.966e+02 1 0))
|    ( WDBNDRY_E 0 -3.435e+04 1.894e+02 1.523e+02
|        ( - -3.198e+04 3 0)
|        ( QUESTION0 -1 -2.184e+03 1.405e+02 1.000e+01
|            ( - -1.708e+03 1 0)
|            ( - -3.355e+02 1 0))))
s>    ( WDBNDRY_B 0 -3.903e+04 1.953e+02 1.723e+02
s>        ( QUESTION0 -1 -4.489e+03 1.775e+02 2.000e+01
s>            ( - -4.014e+03 3 0)
s>            ( - -2.966e+02 1 0))
s>        ( WDBNDRY_E 0 -3.435e+04 1.894e+02 1.523e+02
s>            ( - -3.198e+04 3 0)
s>            ( QUESTION0 -1 -2.184e+03 1.405e+02 1.000e+01
s>                ( - -1.708e+03 1 0)
s>                ( - -3.355e+02 1 0))))INFO: dtree.c(1315): Comp split 24
INFO: dtree.c(1439): stop. leaf nodes are specific
INFO: dtree.c(1478): Final simple tree
|( QUESTION0_14_R 1 -3.391e+04 3.176e+02 1.418e+02
|    ( WDBNDRY_B 0 -1.290e+04 1.364e+02 5.467e+01
|        ( - -4.737e+03 5 0)
|        ( - -8.026e+03 3 0))
|    ( QUESTION0_13_R 1 -2.069e+04 2.878e+02 8.709e+01
|        ( - -6.583e+03 4 0)
|        ( QUESTION0_9_R 1 -1.382e+04 1.221e+02 5.812e+01
|            ( - -6.989e+02 2 0)
|            ( SILENCE 1 -1.300e+04 1.077e+02 5.512e+01
|                ( - -1.010e+04 5 0)
|                ( QUESTION0_1_R 1 -2.790e+03 1.070e+02 1.200e+01
|                    ( - -8.651e+02 2 0)
|                    ( - -1.818e+03 2 0))))))
s>    ( QUESTION0_14_R 1 -3.391e+04 3.176e+02 1.418e+02
s>        ( WDBNDRY_B 0 -1.290e+04 1.364e+02 5.467e+01
s>            ( - -4.737e+03 5 0)
s>            ( - -8.026e+03 3 0))
s>        ( QUESTION0_13_R 1 -2.069e+04 2.878e+02 8.709e+01
s>            ( - -6.583e+03 4 0)
s>            ( QUESTION0_9_R 1 -1.382e+04 1.221e+02 5.812e+01
s>                ( - -6.989e+02 2 0)
s>                ( SILENCE 1 -1.300e+04 1.077e+02 5.512e+01
s>                    ( - -1.010e+04 5 0)
s>                    ( QUESTION0_1_R 1 -2.790e+03 1.070e+02 1.200e+01
s>                        ( - -8.651e+02 2 0)
s>                        ( - -1.818e+03 2 0))))))INFO: dtree.c(1439): stop. leaf nodes are specific
INFO: dtree.c(1478): Final simple tree
|( QUESTION17 1 -3.290e+04 2.368e+02 1.486e+02
|    ( - -1.146e+04 3 0)
|    ( - -2.120e+04 4 0))
s>    ( QUESTION17 1 -3.290e+04 2.368e+02 1.486e+02
s>        ( - -1.146e+04 3 0)
s>        ( - -2.120e+04 4 0))INFO: dtree.c(1315): Comp split 25
INFO: dtree.c(1439): stop. leaf nodes are specific
INFO: dtree.c(1478): Final simple tree
|( QUESTION12 -1 -2.252e+05 1.288e+02 1.011e+03
|    ( - -3.331e+03 2 0)
|    ( QUESTION8 -1 -2.218e+05 1.277e+02 9.953e+02
|        ( - -1.356e+03 2 0)
|        ( QUESTION0 -1 -2.203e+05 1.172e+02 9.883e+02
|            ( - -7.405e+02 1 0)
|            ( - -2.194e+05 9 0))))
s>    ( QUESTION12 -1 -2.252e+05 1.288e+02 1.011e+03
s>        ( - -3.331e+03 2 0)
s>        ( QUESTION8 -1 -2.218e+05 1.277e+02 9.953e+02
s>            ( - -1.356e+03 2 0)
s>            ( QUESTION0 -1 -2.203e+05 1.172e+02 9.883e+02
s>                ( - -7.405e+02 1 0)
s>                ( - -2.194e+05 9 0))))INFO: dtree.c(1439): stop. leaf nodes are specific
INFO: dtree.c(1478): Final simple tree
|( QUESTION5 -1 -3.234e+04 1.461e+02 1.458e+02
|    ( - -1.078e+04 1 0)
|    ( - -2.142e+04 2 0))
s>    ( QUESTION5 -1 -3.234e+04 1.461e+02 1.458e+02
s>        ( - -1.078e+04 1 0)
s>        ( - -2.142e+04 2 0))INFO: dtree.c(1315): Comp split 26
INFO: dtree.c(1439): stop. leaf nodes are specific
INFO: dtree.c(1478): Final simple tree
|( WDBNDRY_B 0 -1.484e+04 1.297e+02 6.267e+01
|    ( - -4.737e+03 5 0)
|    ( QUESTION0_8_R 1 -9.975e+03 1.321e+02 4.199e+01
|        ( - -1.818e+03 2 0)
|        ( - -8.026e+03 3 0)))
s>    ( WDBNDRY_B 0 -1.484e+04 1.297e+02 6.267e+01
s>        ( - -4.737e+03 5 0)
s>        ( QUESTION0_8_R 1 -9.975e+03 1.321e+02 4.199e+01
s>            ( - -1.818e+03 2 0)
s>            ( - -8.026e+03 3 0)))INFO: dtree.c(1439): stop. leaf nodes are specific
INFO: dtree.c(1478): Final simple tree
|( QUESTION0_13_R 1 -1.875e+04 2.704e+02 7.909e+01
|    ( - -6.583e+03 4 0)
|    ( QUESTION0_7_R 1 -1.189e+04 1.210e+02 5.012e+01
|        ( - -6.989e+02 2 0)
|        ( SILENCE 1 -1.107e+04 1.072e+02 4.712e+01
|            ( - -1.010e+04 5 0)
|            ( - -8.651e+02 2 0))))
s>    ( QUESTION0_13_R 1 -1.875e+04 2.704e+02 7.909e+01
s>        ( - -6.583e+03 4 0)
s>        ( QUESTION0_7_R 1 -1.189e+04 1.210e+02 5.012e+01
s>            ( - -6.989e+02 2 0)
s>            ( SILENCE 1 -1.107e+04 1.072e+02 4.712e+01
s>                ( - -1.010e+04 5 0)
s>                ( - -8.651e+02 2 0))))INFO: dtree.c(1315): Comp split 27
INFO: dtree.c(1439): stop. leaf nodes are specific
INFO: dtree.c(1478): Final simple tree
|( QUESTION6 -1 -1.393e+04 1.580e+02 6.414e+01
|    ( - -9.623e+02 1 0)
|    ( - -1.281e+04 3 0))
s>    ( QUESTION6 -1 -1.393e+04 1.580e+02 6.414e+01
s>        ( - -9.623e+02 1 0)
s>        ( - -1.281e+04 3 0))INFO: dtree.c(1315): Comp split 28
INFO: dtree.c(1439): stop. leaf nodes are specific
INFO: dtree.c(1478): Final simple tree
|( QUESTION17 -1 -1.438e+04 1.196e+02 6.791e+01
|    ( - -9.856e+03 1 0)
|    ( - -4.404e+03 2 0))
s>    ( QUESTION17 -1 -1.438e+04 1.196e+02 6.791e+01
s>        ( - -9.856e+03 1 0)
s>        ( - -4.404e+03 2 0))INFO: dtree.c(1315): Comp split 29
INFO: dtree.c(1439): stop. leaf nodes are specific
INFO: dtree.c(1478): Final simple tree
|( QUESTION0_7_R 1 -1.189e+04 1.210e+02 5.012e+01
|    ( - -6.989e+02 2 0)
|    ( SILENCE 1 -1.107e+04 1.072e+02 4.712e+01
|        ( - -1.010e+04 5 0)
|        ( - -8.651e+02 2 0)))
s>    ( QUESTION0_7_R 1 -1.189e+04 1.210e+02 5.012e+01
s>        ( - -6.989e+02 2 0)
s>        ( SILENCE 1 -1.107e+04 1.072e+02 4.712e+01
s>            ( - -1.010e+04 5 0)
s>            ( - -8.651e+02 2 0)))INFO: dtree.c(1315): Comp split 30
INFO: dtree.c(1315): Comp split 31
INFO: dtree.c(1315): Comp split 32
INFO: dtree.c(1439): stop. leaf nodes are specific
INFO: dtree.c(1478): Final simple tree
|( QUESTION2 -1 -1.161e+04 1.451e+02 5.384e+01
|    ( - -5.492e+02 1 0)
|    ( - -1.092e+04 2 0))
s>    ( QUESTION2 -1 -1.161e+04 1.451e+02 5.384e+01
s>        ( - -5.492e+02 1 0)
s>        ( - -1.092e+04 2 0))INFO: dtree.c(1315): Comp split 33
INFO: dtree.c(1315): Comp split 34
INFO: dtree.c(1315): Comp split 35
INFO: dtree.c(1439): stop. leaf nodes are specific
INFO: dtree.c(1478): Final simple tree
|( WDBNDRY_I 0 -3.481e+04 1.896e+02 1.543e+02
|    ( QUESTION0 -1 -2.184e+03 1.405e+02 1.000e+01
|        ( - -1.708e+03 1 0)
|        ( - -3.355e+02 1 0))
|    ( WDBNDRY_B 0 -3.243e+04 1.617e+02 1.443e+02
|        ( - -2.966e+02 1 0)
|        ( - -3.198e+04 3 0)))
s>    ( WDBNDRY_I 0 -3.481e+04 1.896e+02 1.543e+02
s>        ( QUESTION0 -1 -2.184e+03 1.405e+02 1.000e+01
s>            ( - -1.708e+03 1 0)
s>            ( - -3.355e+02 1 0))
s>        ( WDBNDRY_B 0 -3.243e+04 1.617e+02 1.443e+02
s>            ( - -2.966e+02 1 0)
s>            ( - -3.198e+04 3 0)))INFO: dtree.c(1315): Comp split 36
INFO: dtree.c(1439): stop. leaf nodes are specific
INFO: dtree.c(1478): Final simple tree
|( QUESTION0 -1 -8.143e+04 1.651e+02 3.604e+02
|    ( - -6.348e+04 10 0)
|    ( QUESTION9 -1 -1.779e+04 1.323e+02 7.981e+01
|        ( - -1.199e+03 2 0)
|        ( QUESTION4 -1 -1.646e+04 1.217e+02 7.381e+01
|            ( - -1.110e+04 2 0)
|            ( QUESTION2 -1 -5.233e+03 8.872e+01 2.373e+01
|                ( - -4.111e+03 4 0)
|                ( - -1.034e+03 2 0)))))
s>    ( QUESTION0 -1 -8.143e+04 1.651e+02 3.604e+02
s>        ( - -6.348e+04 10 0)
s>        ( QUESTION9 -1 -1.779e+04 1.323e+02 7.981e+01
s>            ( - -1.199e+03 2 0)
s>            ( QUESTION4 -1 -1.646e+04 1.217e+02 7.381e+01
s>                ( - -1.110e+04 2 0)
s>                ( QUESTION2 -1 -5.233e+03 8.872e+01 2.373e+01
s>                    ( - -4.111e+03 4 0)
s>                    ( - -1.034e+03 2 0)))))INFO: dtree.c(1315): Comp split 37
INFO: dtree.c(1439): stop. leaf nodes are specific
INFO: dtree.c(1478): Final simple tree
|( WDBNDRY_B 0 -3.243e+04 1.617e+02 1.443e+02
|    ( - -2.966e+02 1 0)
|    ( - -3.198e+04 3 0))
s>    ( WDBNDRY_B 0 -3.243e+04 1.617e+02 1.443e+02
s>        ( - -2.966e+02 1 0)
s>        ( - -3.198e+04 3 0))INFO: dtree.c(1439): stop. leaf nodes are specific
INFO: dtree.c(1478): Final simple tree
|( QUESTION0 -1 -2.184e+03 1.405e+02 1.000e+01
|    ( - -1.708e+03 1 0)
|    ( - -3.355e+02 1 0))
s>    ( QUESTION0 -1 -2.184e+03 1.405e+02 1.000e+01
s>        ( - -1.708e+03 1 0)
s>        ( - -3.355e+02 1 0))INFO: dtree.c(1315): Comp split 38
INFO: dtree.c(1439): stop. leaf nodes are specific
INFO: dtree.c(1478): Final simple tree
|( QUESTION0 -1 -1.034e+05 1.597e+02 4.693e+02
|    ( - -1.023e+05 6 0)
|    ( - -9.468e+02 1 0))
s>    ( QUESTION0 -1 -1.034e+05 1.597e+02 4.693e+02
s>        ( - -1.023e+05 6 0)
s>        ( - -9.468e+02 1 0))INFO: dtree.c(1315): Comp split 39
INFO: dtree.c(1439): stop. leaf nodes are specific
INFO: dtree.c(1478): Final simple tree
|( QUESTION2 -1 -1.243e+04 1.265e+02 5.608e+01
|    ( - -1.110e+04 2 0)
|    ( - -1.199e+03 2 0))
s>    ( QUESTION2 -1 -1.243e+04 1.265e+02 5.608e+01
s>        ( - -1.110e+04 2 0)
s>        ( - -1.199e+03 2 0))INFO: dtree.c(1439): stop. leaf nodes are specific
INFO: dtree.c(1478): Final simple tree
|( QUESTION2 -1 -6.883e+04 1.159e+02 3.043e+02
|    ( - -4.111e+03 4 0)
|    ( QUESTION0 -1 -6.460e+04 8.692e+01 2.856e+02
|        ( - -6.348e+04 10 0)
|        ( - -1.034e+03 2 0)))
s>    ( QUESTION2 -1 -6.883e+04 1.159e+02 3.043e+02
s>        ( - -4.111e+03 4 0)
s>        ( QUESTION0 -1 -6.460e+04 8.692e+01 2.856e+02
s>            ( - -6.348e+04 10 0)
s>            ( - -1.034e+03 2 0)))INFO: dtree.c(1315): Comp split 40
INFO: dtree.c(1439): stop. leaf nodes are specific
INFO: dtree.c(1478): Final simple tree
|( QUESTION1 -1 -4.089e+04 1.275e+02 1.808e+02
|    ( - -3.137e+02 1 0)
|    ( SILENCE -1 -4.045e+04 1.221e+02 1.788e+02
|        ( - -5.219e+02 1 0)
|        ( - -3.980e+04 5 0)))
s>    ( QUESTION1 -1 -4.089e+04 1.275e+02 1.808e+02
s>        ( - -3.137e+02 1 0)
s>        ( SILENCE -1 -4.045e+04 1.221e+02 1.788e+02
s>            ( - -5.219e+02 1 0)
s>            ( - -3.980e+04 5 0)))INFO: dtree.c(1315): Comp split 41
INFO: dtree.c(1315): Comp split 42
INFO: dtree.c(1315): Comp split 43
INFO: dtree.c(1315): Comp split 44
INFO: dtree.c(1315): Comp split 45
INFO: dtree.c(1315): Comp split 46
INFO: dtree.c(1315): Comp split 47
INFO: dtree.c(1439): stop. leaf nodes are specific
INFO: dtree.c(1478): Final simple tree
|( WDBNDRY_B 0 -6.673e+03 1.179e+02 2.868e+01
|    ( - -4.737e+03 5 0)
|    ( - -1.818e+03 2 0))
s>    ( WDBNDRY_B 0 -6.673e+03 1.179e+02 2.868e+01
s>        ( - -4.737e+03 5 0)
s>        ( - -1.818e+03 2 0))INFO: dtree.c(1315): Comp split 48
INFO: dtree.c(1439): stop. leaf nodes are specific
INFO: dtree.c(1478): Final simple tree
|( QUESTION9 -1 -2.905e+04 1.082e+02 1.350e+02
|    ( - -9.441e+03 1 0)
|    ( SILENCE -1 -1.951e+04 9.570e+01 9.076e+01
|        ( - -1.843e+04 1 0)
|        ( - -9.801e+02 1 0)))
s>    ( QUESTION9 -1 -2.905e+04 1.082e+02 1.350e+02
s>        ( - -9.441e+03 1 0)
s>        ( SILENCE -1 -1.951e+04 9.570e+01 9.076e+01
s>            ( - -1.843e+04 1 0)
s>            ( - -9.801e+02 1 0)))INFO: dtree.c(1315): Comp split 49
INFO: dtree.c(1439): stop. leaf nodes are specific
INFO: dtree.c(1478): Final simple tree
|( WDBNDRY_B 0 -2.797e+05 9.971e+01 1.252e+03
|    ( - -1.944e+03 1 0)
|    ( - -2.776e+05 8 0))
s>    ( WDBNDRY_B 0 -2.797e+05 9.971e+01 1.252e+03
s>        ( - -1.944e+03 1 0)
s>        ( - -2.776e+05 8 0))INFO: dtree.c(1315): Comp split 50
INFO: dtree.c(1315): Comp split 51
INFO: dtree.c(1439): stop. leaf nodes are specific
INFO: dtree.c(1478): Final simple tree
|( QUESTION2_3_L -1 -6.879e+04 9.667e+01 3.186e+02
|    ( - -5.253e+02 1 0)
|    ( QUESTION0 -1 -6.817e+04 6.796e+01 3.156e+02
|        ( - -6.379e+04 8 0)
|        ( - -4.314e+03 3 0)))
s>    ( QUESTION2_3_L -1 -6.879e+04 9.667e+01 3.186e+02
s>        ( - -5.253e+02 1 0)
s>        ( QUESTION0 -1 -6.817e+04 6.796e+01 3.156e+02
s>            ( - -6.379e+04 8 0)
s>            ( - -4.314e+03 3 0)))INFO: dtree.c(1439): stop. leaf nodes are specific
INFO: dtree.c(1478): Final simple tree
|( QUESTION5 -1 -3.126e+03 1.344e+02 1.505e+01
|    ( - -2.885e+02 1 0)
|    ( - -2.703e+03 1 0))
s>    ( QUESTION5 -1 -3.126e+03 1.344e+02 1.505e+01
s>        ( - -2.885e+02 1 0)
s>        ( - -2.703e+03 1 0))INFO: dtree.c(1315): Comp split 52
INFO: dtree.c(1315): Comp split 53
INFO: dtree.c(1439): stop. leaf nodes are specific
INFO: dtree.c(1478): Final simple tree
|( QUESTION8 -1 -2.218e+05 1.277e+02 9.953e+02
|    ( - -1.356e+03 2 0)
|    ( QUESTION0 -1 -2.203e+05 1.172e+02 9.883e+02
|        ( - -7.405e+02 1 0)
|        ( - -2.194e+05 9 0)))
s>    ( QUESTION8 -1 -2.218e+05 1.277e+02 9.953e+02
s>        ( - -1.356e+03 2 0)
s>        ( QUESTION0 -1 -2.203e+05 1.172e+02 9.883e+02
s>            ( - -7.405e+02 1 0)
s>            ( - -2.194e+05 9 0)))INFO: dtree.c(1315): Comp split 54
INFO: dtree.c(1439): stop. leaf nodes are specific
INFO: dtree.c(1478): Final simple tree
|( QUESTION0 -1 -2.203e+05 1.172e+02 9.883e+02
|    ( - -7.405e+02 1 0)
|    ( - -2.194e+05 9 0))
s>    ( QUESTION0 -1 -2.203e+05 1.172e+02 9.883e+02
s>        ( - -7.405e+02 1 0)
s>        ( - -2.194e+05 9 0))INFO: dtree.c(1315): Comp split 55
INFO: dtree.c(1439): stop. leaf nodes are specific
INFO: dtree.c(1478): Final simple tree
|( SILENCE -1 -4.045e+04 1.221e+02 1.788e+02
|    ( - -5.219e+02 1 0)
|    ( - -3.980e+04 5 0))
s>    ( SILENCE -1 -4.045e+04 1.221e+02 1.788e+02
s>        ( - -5.219e+02 1 0)
s>        ( - -3.980e+04 5 0))INFO: dtree.c(1315): Comp split 56
INFO: dtree.c(1315): Comp split 57
INFO: dtree.c(1315): Comp split 58
INFO: dtree.c(1439): stop. leaf nodes are specific
INFO: dtree.c(1478): Final simple tree
|( SILENCE 1 -1.107e+04 1.072e+02 4.712e+01
|    ( - -1.010e+04 5 0)
|    ( - -8.651e+02 2 0))
s>    ( SILENCE 1 -1.107e+04 1.072e+02 4.712e+01
s>        ( - -1.010e+04 5 0)
s>        ( - -8.651e+02 2 0))INFO: dtree.c(1315): Comp split 59
INFO: dtree.c(1315): Comp split 60
INFO: dtree.c(1315): Comp split 61
INFO: dtree.c(1315): Comp split 62
INFO: dtree.c(1439): stop. leaf nodes are specific
INFO: dtree.c(1478): Final simple tree
|( QUESTION0 -1 -6.460e+04 8.692e+01 2.856e+02
|    ( - -6.348e+04 10 0)
|    ( - -1.034e+03 2 0))
s>    ( QUESTION0 -1 -6.460e+04 8.692e+01 2.856e+02
s>        ( - -6.348e+04 10 0)
s>        ( - -1.034e+03 2 0))INFO: dtree.c(1315): Comp split 63
INFO: dtree.c(1439): stop. leaf nodes are specific
INFO: dtree.c(1478): Final simple tree
|( SILENCE -1 -1.951e+04 9.570e+01 9.076e+01
|    ( - -1.843e+04 1 0)
|    ( - -9.801e+02 1 0))
s>    ( SILENCE -1 -1.951e+04 9.570e+01 9.076e+01
s>        ( - -1.843e+04 1 0)
s>        ( - -9.801e+02 1 0))INFO: dtree.c(1315): Comp split 64
INFO: dtree.c(1315): Comp split 65
INFO: dtree.c(1315): Comp split 66
INFO: dtree.c(1439): stop. leaf nodes are specific
INFO: dtree.c(1478): Final simple tree
|( QUESTION0 -1 -6.817e+04 6.796e+01 3.156e+02
|    ( - -6.379e+04 8 0)
|    ( - -4.314e+03 3 0))
s>    ( QUESTION0 -1 -6.817e+04 6.796e+01 3.156e+02
s>        ( - -6.379e+04 8 0)
s>        ( - -4.314e+03 3 0))INFO: dtree.c(1315): Comp split 67
INFO: dtree.c(1315): Comp split 68
INFO: dtree.c(1315): Comp split 69
INFO: dtree.c(1315): Comp split 70
INFO: dtree.c(1318): stop. leaf nodes are specific
Mon Apr 24 17:50:36 2023
