Current configuration:
[NAME]		[DEFLT]	[VALUE]
-allphones	no	no
-cntthresh	0.00001	1.000000e-05
-csplitmax	100	2000
-csplitmin	1	1
-csplitthr	8e-4	0.000000e+00
-example	no	no
-fullvar	no	no
-help		no	no
-meanfn			/home/lucija/Documents/Zadnji semestar/ROGJ/Prezentacije/CMUspinx/tutorial15/model_parameters/my_db.cd_cont_untied/means
-mixwfn			/home/lucija/Documents/Zadnji semestar/ROGJ/Prezentacije/CMUspinx/tutorial15/model_parameters/my_db.cd_cont_untied/mixture_weights
-moddeffn		/home/lucija/Documents/Zadnji semestar/ROGJ/Prezentacije/CMUspinx/tutorial15/model_architecture/my_db.untied.mdef
-mwfloor	1e-4	1.000000e-08
-phone			m
-psetfn			/home/lucija/Documents/Zadnji semestar/ROGJ/Prezentacije/CMUspinx/tutorial15/model_architecture/my_db.tree_questions
-ssplitmax	5	7
-ssplitmin	1	1
-ssplitthr	8e-4	0.000000e+00
-state			0
-stwt			1.0,0.05,0.0,
-treefn			/home/lucija/Documents/Zadnji semestar/ROGJ/Prezentacije/CMUspinx/tutorial15/trees/my_db.unpruned/m-0.dtree
-ts2cbfn	.semi.	.cont.
-varfloor	0.00001	1.000000e-05
-varfn			/home/lucija/Documents/Zadnji semestar/ROGJ/Prezentacije/CMUspinx/tutorial15/model_parameters/my_db.cd_cont_untied/variances

INFO: main.c(223): Reading: /home/lucija/Documents/Zadnji semestar/ROGJ/Prezentacije/CMUspinx/tutorial15/model_architecture/my_db.untied.mdef
INFO: model_def_io.c(573): Model definition info:
INFO: model_def_io.c(574): 12056 total models defined (32 base, 12024 tri)
INFO: model_def_io.c(575): 48224 total states
INFO: model_def_io.c(576): 36168 total tied states
INFO: model_def_io.c(577): 96 total tied CI states
INFO: model_def_io.c(578): 32 total tied transition matrices
INFO: model_def_io.c(579): 4 max state/model
INFO: model_def_io.c(580): 4 min state/model
INFO: main.c(242): Building trees for [m NOISE a b] through [m š o b]
INFO: main.c(268): Covering states |[18225 19337]| == 1113
INFO: main.c(275): Reading: /home/lucija/Documents/Zadnji semestar/ROGJ/Prezentacije/CMUspinx/tutorial15/model_parameters/my_db.cd_cont_untied/mixture_weights
INFO: s3mixw_io.c(172): Read /home/lucija/Documents/Zadnji semestar/ROGJ/Prezentacije/CMUspinx/tutorial15/model_parameters/my_db.cd_cont_untied/mixture_weights [1113x1x1 array]
INFO: main.c(311): 369 of 371 models have observation count greater than 0.000010
INFO: main.c(95): nrm stwt: 0.952 0.048 0.000 
INFO: s3gau_io.c(168): Read /home/lucija/Documents/Zadnji semestar/ROGJ/Prezentacije/CMUspinx/tutorial15/model_parameters/my_db.cd_cont_untied/means [36168x1x1 array]
INFO: s3gau_io.c(168): Read /home/lucija/Documents/Zadnji semestar/ROGJ/Prezentacije/CMUspinx/tutorial15/model_parameters/my_db.cd_cont_untied/variances [36168x1x1 array]
INFO: main.c(549): Reading: /home/lucija/Documents/Zadnji semestar/ROGJ/Prezentacije/CMUspinx/tutorial15/model_architecture/my_db.tree_questions
INFO: main.c(587): 176 total simple questions (168 phone; 8 word bndry)
INFO: main.c(589): 42 Left Only questions, and 42 Right Only questions
INFO: dtree.c(1478): Final simple tree
|( QUESTION0 -1 -1.255e+07 4.798e+04 5.817e+04
|    ( WDBNDRY_E 0 -1.050e+07 2.189e+04 4.901e+04
|        ( - -3.985e+06 112 0 QUESTION0_20_R 1 4.753e+03 1.892e+04)
|        ( WDBNDRY_B 0 -6.490e+06 1.558e+04 3.009e+04
|            ( - -2.040e+06 51 0 QUESTION0 1 4.105e+02 9.589e+03)
|            ( QUESTION0_0_R 1 -4.435e+06 9.700e+03 2.050e+04
|                ( - -6.009e+05 36 0 QUESTION0_10_R 1 3.396e+03 2.812e+03)
|                ( - -3.824e+06 36 0 QUESTION2_0_L -1 5.050e+02 1.769e+04))))
|    ( QUESTION2 -1 -2.009e+06 1.254e+04 9.159e+03
|        ( QUESTION0_17_R 1 -1.177e+06 6.086e+03 5.467e+03
|            ( - -1.937e+05 1 0)
|            ( - -9.770e+05 76 0 QUESTION3 -1 3.741e+03 4.566e+03))
|        ( QUESTION10 -1 -8.196e+05 6.297e+03 3.693e+03
|            ( - -4.433e+05 43 0 QUESTION17 -1 1.117e+03 2.019e+03)
|            ( - -3.700e+05 14 0 SILENCE -1 1.177e+03 1.674e+03))))
s>    ( QUESTION0 -1 -1.255e+07 4.798e+04 5.817e+04
s>        ( WDBNDRY_E 0 -1.050e+07 2.189e+04 4.901e+04
s>            ( - -3.985e+06 112 0 QUESTION0_20_R 1 4.753e+03 1.892e+04)
s>            ( WDBNDRY_B 0 -6.490e+06 1.558e+04 3.009e+04
s>                ( - -2.040e+06 51 0 QUESTION0 1 4.105e+02 9.589e+03)
s>                ( QUESTION0_0_R 1 -4.435e+06 9.700e+03 2.050e+04
s>                    ( - -6.009e+05 36 0 QUESTION0_10_R 1 3.396e+03 2.812e+03)
s>                    ( - -3.824e+06 36 0 QUESTION2_0_L -1 5.050e+02 1.769e+04))))
s>        ( QUESTION2 -1 -2.009e+06 1.254e+04 9.159e+03
s>            ( QUESTION0_17_R 1 -1.177e+06 6.086e+03 5.467e+03
s>                ( - -1.937e+05 1 0)
s>                ( - -9.770e+05 76 0 QUESTION3 -1 3.741e+03 4.566e+03))
s>            ( QUESTION10 -1 -8.196e+05 6.297e+03 3.693e+03
s>                ( - -4.433e+05 43 0 QUESTION17 -1 1.117e+03 2.019e+03)
s>                ( - -3.700e+05 14 0 SILENCE -1 1.177e+03 1.674e+03))))INFO: dtree.c(1315): Comp split 0
INFO: dtree.c(1478): Final simple tree
|( QUESTION10 -1 -8.196e+05 6.297e+03 3.693e+03
|    ( QUESTION17 -1 -4.433e+05 1.117e+03 2.019e+03
|        ( WDBNDRY_B 0 -2.432e+05 6.175e+02 1.110e+03
|            ( - -4.839e+04 12 0 QUESTION18 -1 4.022e+02 2.229e+02)
|            ( - -1.942e+05 8 0 QUESTION18 -1 2.474e+02 8.867e+02))
|        ( QUESTION11 -1 -1.989e+05 5.402e+02 9.093e+02
|            ( - -2.680e+04 9 0 QUESTION14 -1 4.635e+02 1.240e+02)
|            ( WDBNDRY_B 0 -1.716e+05 6.387e+02 7.853e+02
|                ( - -7.640e+04 8 0)
|                ( - -9.456e+04 6 0 QUESTION0 1 2.393e+02 4.310e+02))))
|    ( SILENCE -1 -3.700e+05 1.177e+03 1.674e+03
|        ( QUESTION0 1 -2.741e+05 4.745e+02 1.240e+03
|            ( - -2.738e+05 6 0)
|            ( - 2.422e+02 1 0))
|        ( - -9.477e+04 7 0 QUESTION0_0_R 1 9.221e+01 4.341e+02)))
s>    ( QUESTION10 -1 -8.196e+05 6.297e+03 3.693e+03
s>        ( QUESTION17 -1 -4.433e+05 1.117e+03 2.019e+03
s>            ( WDBNDRY_B 0 -2.432e+05 6.175e+02 1.110e+03
s>                ( - -4.839e+04 12 0 QUESTION18 -1 4.022e+02 2.229e+02)
s>                ( - -1.942e+05 8 0 QUESTION18 -1 2.474e+02 8.867e+02))
s>            ( QUESTION11 -1 -1.989e+05 5.402e+02 9.093e+02
s>                ( - -2.680e+04 9 0 QUESTION14 -1 4.635e+02 1.240e+02)
s>                ( WDBNDRY_B 0 -1.716e+05 6.387e+02 7.853e+02
s>                    ( - -7.640e+04 8 0)
s>                    ( - -9.456e+04 6 0 QUESTION0 1 2.393e+02 4.310e+02))))
s>        ( SILENCE -1 -3.700e+05 1.177e+03 1.674e+03
s>            ( QUESTION0 1 -2.741e+05 4.745e+02 1.240e+03
s>                ( - -2.738e+05 6 0)
s>                ( - 2.422e+02 1 0))
s>            ( - -9.477e+04 7 0 QUESTION0_0_R 1 9.221e+01 4.341e+02)))INFO: dtree.c(1478): Final simple tree
|( WDBNDRY_E 0 -1.168e+07 2.384e+04 5.448e+04
|    ( QUESTION0_20_R 1 -4.000e+06 4.758e+03 1.899e+04
|        ( - -1.389e+06 30 0 QUESTION0 1 7.467e+02 6.637e+03)
|        ( QUESTION0_14_R 1 -2.607e+06 3.839e+03 1.235e+04
|            ( - -8.278e+05 29 0 QUESTION0_15_R 1 1.889e+03 3.964e+03)
|            ( - -1.775e+06 55 0 SILENCE 1 2.710e+03 8.389e+03)))
|    ( WDBNDRY_B 0 -7.660e+06 2.002e+04 3.549e+04
|        ( QUESTION4 -1 -2.845e+06 4.503e+03 1.335e+04
|            ( - -5.489e+05 28 0 QUESTION6 -1 1.872e+03 2.563e+03)
|            ( - -2.291e+06 75 0 QUESTION0 -1 1.268e+03 1.079e+04))
|        ( QUESTION0_0_R 1 -4.795e+06 1.198e+04 2.213e+04
|            ( QUESTION0_10_R 1 -7.984e+05 3.938e+03 3.715e+03
|                ( - -2.922e+05 7 0)
|                ( - -5.023e+05 31 0 QUESTION0 -1 2.616e+03 2.341e+03))
|            ( - -3.985e+06 57 0 QUESTION0 -1 2.752e+03 1.842e+04))))
s>    ( WDBNDRY_E 0 -1.168e+07 2.384e+04 5.448e+04
s>        ( QUESTION0_20_R 1 -4.000e+06 4.758e+03 1.899e+04
s>            ( - -1.389e+06 30 0 QUESTION0 1 7.467e+02 6.637e+03)
s>            ( QUESTION0_14_R 1 -2.607e+06 3.839e+03 1.235e+04
s>                ( - -8.278e+05 29 0 QUESTION0_15_R 1 1.889e+03 3.964e+03)
s>                ( - -1.775e+06 55 0 SILENCE 1 2.710e+03 8.389e+03)))
s>        ( WDBNDRY_B 0 -7.660e+06 2.002e+04 3.549e+04
s>            ( QUESTION4 -1 -2.845e+06 4.503e+03 1.335e+04
s>                ( - -5.489e+05 28 0 QUESTION6 -1 1.872e+03 2.563e+03)
s>                ( - -2.291e+06 75 0 QUESTION0 -1 1.268e+03 1.079e+04))
s>            ( QUESTION0_0_R 1 -4.795e+06 1.198e+04 2.213e+04
s>                ( QUESTION0_10_R 1 -7.984e+05 3.938e+03 3.715e+03
s>                    ( - -2.922e+05 7 0)
s>                    ( - -5.023e+05 31 0 QUESTION0 -1 2.616e+03 2.341e+03))
s>                ( - -3.985e+06 57 0 QUESTION0 -1 2.752e+03 1.842e+04))))INFO: dtree.c(1315): Comp split 1
INFO: dtree.c(1478): Final simple tree
|( WDBNDRY_E 0 -4.811e+06 1.219e+04 2.271e+04
|    ( QUESTION0_20_R 1 -4.000e+06 4.758e+03 1.899e+04
|        ( - -1.389e+06 30 0 QUESTION0 1 7.467e+02 6.637e+03)
|        ( QUESTION0_14_R 1 -2.607e+06 3.839e+03 1.235e+04
|            ( - -8.278e+05 29 0 QUESTION0_15_R 1 1.889e+03 3.964e+03)
|            ( SILENCE 1 -1.775e+06 2.710e+03 8.389e+03
|                ( - -3.351e+05 5 0)
|                ( QUESTION0_10_R 1 -1.437e+06 2.145e+03 6.798e+03
|                    ( - -6.401e+05 14 0)
|                    ( - -7.949e+05 36 0 QUESTION9 1 1.429e+03 3.772e+03)))))
|    ( QUESTION0_10_R 1 -7.984e+05 3.938e+03 3.715e+03
|        ( - -2.922e+05 7 0)
|        ( QUESTION0 -1 -5.023e+05 2.616e+03 2.341e+03
|            ( - -3.053e+05 29 0 QUESTION0_18_R 1 1.175e+03 1.438e+03)
|            ( - -1.943e+05 2 0 QUESTION0_1_R 1 1.760e+02 9.034e+02))))
s>    ( WDBNDRY_E 0 -4.811e+06 1.219e+04 2.271e+04
s>        ( QUESTION0_20_R 1 -4.000e+06 4.758e+03 1.899e+04
s>            ( - -1.389e+06 30 0 QUESTION0 1 7.467e+02 6.637e+03)
s>            ( QUESTION0_14_R 1 -2.607e+06 3.839e+03 1.235e+04
s>                ( - -8.278e+05 29 0 QUESTION0_15_R 1 1.889e+03 3.964e+03)
s>                ( SILENCE 1 -1.775e+06 2.710e+03 8.389e+03
s>                    ( - -3.351e+05 5 0)
s>                    ( QUESTION0_10_R 1 -1.437e+06 2.145e+03 6.798e+03
s>                        ( - -6.401e+05 14 0)
s>                        ( - -7.949e+05 36 0 QUESTION9 1 1.429e+03 3.772e+03)))))
s>        ( QUESTION0_10_R 1 -7.984e+05 3.938e+03 3.715e+03
s>            ( - -2.922e+05 7 0)
s>            ( QUESTION0 -1 -5.023e+05 2.616e+03 2.341e+03
s>                ( - -3.053e+05 29 0 QUESTION0_18_R 1 1.175e+03 1.438e+03)
s>                ( - -1.943e+05 2 0 QUESTION0_1_R 1 1.760e+02 9.034e+02))))INFO: dtree.c(1478): Final simple tree
|( WDBNDRY_B 0 -6.848e+06 1.854e+04 3.177e+04
|    ( QUESTION4 -1 -2.845e+06 4.503e+03 1.335e+04
|        ( QUESTION6 -1 -5.489e+05 1.872e+03 2.563e+03
|            ( - -1.889e+05 8 0 QUESTION0 1 9.514e+01 8.774e+02)
|            ( QUESTION5 -1 -3.581e+05 1.813e+03 1.685e+03
|                ( - -2.397e+05 6 0)
|                ( - -1.166e+05 14 0 QUESTION2_20_L -1 4.118e+02 5.418e+02)))
|        ( QUESTION0 -1 -2.291e+06 1.268e+03 1.079e+04
|            ( - -2.040e+06 51 0 QUESTION0 1 4.105e+02 9.589e+03)
|            ( - -2.505e+05 24 0 QUESTION0_0_R 1 2.111e+02 1.200e+03)))
|    ( QUESTION0 -1 -3.985e+06 2.752e+03 1.842e+04
|        ( - -3.824e+06 36 0 QUESTION2_0_L -1 5.050e+02 1.769e+04)
|        ( QUESTION3 -1 -1.575e+05 1.288e+03 7.264e+02
|            ( - -1.112e+05 8 0)
|            ( - -4.497e+04 13 0 QUESTION5 -1 2.613e+02 2.033e+02))))
s>    ( WDBNDRY_B 0 -6.848e+06 1.854e+04 3.177e+04
s>        ( QUESTION4 -1 -2.845e+06 4.503e+03 1.335e+04
s>            ( QUESTION6 -1 -5.489e+05 1.872e+03 2.563e+03
s>                ( - -1.889e+05 8 0 QUESTION0 1 9.514e+01 8.774e+02)
s>                ( QUESTION5 -1 -3.581e+05 1.813e+03 1.685e+03
s>                    ( - -2.397e+05 6 0)
s>                    ( - -1.166e+05 14 0 QUESTION2_20_L -1 4.118e+02 5.418e+02)))
s>            ( QUESTION0 -1 -2.291e+06 1.268e+03 1.079e+04
s>                ( - -2.040e+06 51 0 QUESTION0 1 4.105e+02 9.589e+03)
s>                ( - -2.505e+05 24 0 QUESTION0_0_R 1 2.111e+02 1.200e+03)))
s>        ( QUESTION0 -1 -3.985e+06 2.752e+03 1.842e+04
s>            ( - -3.824e+06 36 0 QUESTION2_0_L -1 5.050e+02 1.769e+04)
s>            ( QUESTION3 -1 -1.575e+05 1.288e+03 7.264e+02
s>                ( - -1.112e+05 8 0)
s>                ( - -4.497e+04 13 0 QUESTION5 -1 2.613e+02 2.033e+02))))INFO: dtree.c(1315): Comp split 2
INFO: dtree.c(1478): Final simple tree
|( QUESTION4 -1 -2.891e+06 4.787e+03 1.356e+04
|    ( QUESTION5 -1 -5.944e+05 1.945e+03 2.766e+03
|        ( QUESTION6 -1 -4.445e+05 1.883e+03 2.084e+03
|            ( - -1.906e+05 11 0 WDBNDRY_B 0 1.311e+02 8.854e+02)
|            ( - -2.521e+05 10 0 WDBNDRY_B 0 2.846e+02 1.199e+03))
|        ( WDBNDRY_B 0 -1.479e+05 3.619e+02 6.815e+02
|            ( QUESTION2_20_L -1 -1.166e+05 4.118e+02 5.418e+02
|                ( - -3.821e+04 5 0)
|                ( - -7.800e+04 9 0 QUESTION0 1 1.682e+02 3.647e+02))
|            ( - -3.092e+04 6 0 QUESTION2_20_L -1 1.118e+02 1.397e+02)))
|    ( QUESTION0 -1 -2.291e+06 1.268e+03 1.079e+04
|        ( QUESTION0 1 -2.040e+06 4.105e+02 9.589e+03
|            ( - -1.995e+06 38 0 QUESTION2_4_L -1 2.189e+02 9.377e+03)
|            ( - -4.411e+04 13 0 QUESTION0_0_R 1 1.904e+02 2.115e+02))
|        ( - -2.505e+05 24 0 QUESTION0_0_R 1 2.111e+02 1.200e+03)))
s>    ( QUESTION4 -1 -2.891e+06 4.787e+03 1.356e+04
s>        ( QUESTION5 -1 -5.944e+05 1.945e+03 2.766e+03
s>            ( QUESTION6 -1 -4.445e+05 1.883e+03 2.084e+03
s>                ( - -1.906e+05 11 0 WDBNDRY_B 0 1.311e+02 8.854e+02)
s>                ( - -2.521e+05 10 0 WDBNDRY_B 0 2.846e+02 1.199e+03))
s>            ( WDBNDRY_B 0 -1.479e+05 3.619e+02 6.815e+02
s>                ( QUESTION2_20_L -1 -1.166e+05 4.118e+02 5.418e+02
s>                    ( - -3.821e+04 5 0)
s>                    ( - -7.800e+04 9 0 QUESTION0 1 1.682e+02 3.647e+02))
s>                ( - -3.092e+04 6 0 QUESTION2_20_L -1 1.118e+02 1.397e+02)))
s>        ( QUESTION0 -1 -2.291e+06 1.268e+03 1.079e+04
s>            ( QUESTION0 1 -2.040e+06 4.105e+02 9.589e+03
s>                ( - -1.995e+06 38 0 QUESTION2_4_L -1 2.189e+02 9.377e+03)
s>                ( - -4.411e+04 13 0 QUESTION0_0_R 1 1.904e+02 2.115e+02))
s>            ( - -2.505e+05 24 0 QUESTION0_0_R 1 2.111e+02 1.200e+03)))INFO: dtree.c(1439): stop. leaf nodes are specific
INFO: dtree.c(1478): Final simple tree
|( QUESTION0 -1 -3.937e+06 1.943e+03 1.822e+04
|    ( QUESTION2_0_L -1 -3.824e+06 5.050e+02 1.769e+04
|        ( QUESTION0 1 -3.810e+06 4.388e+02 1.763e+04
|            ( - -3.802e+06 30 0)
|            ( - -8.430e+03 2 0))
|        ( QUESTION0 1 -1.340e+04 1.255e+02 6.365e+01
|            ( - -1.256e+04 3 0)
|            ( - -7.105e+02 1 0)))
|    ( - -1.112e+05 8 0))
s>    ( QUESTION0 -1 -3.937e+06 1.943e+03 1.822e+04
s>        ( QUESTION2_0_L -1 -3.824e+06 5.050e+02 1.769e+04
s>            ( QUESTION0 1 -3.810e+06 4.388e+02 1.763e+04
s>                ( - -3.802e+06 30 0)
s>                ( - -8.430e+03 2 0))
s>            ( QUESTION0 1 -1.340e+04 1.255e+02 6.365e+01
s>                ( - -1.256e+04 3 0)
s>                ( - -7.105e+02 1 0)))
s>        ( - -1.112e+05 8 0))INFO: dtree.c(1315): Comp split 3
INFO: dtree.c(1478): Final simple tree
|( QUESTION0_20_R 1 -4.000e+06 4.758e+03 1.899e+04
|    ( - -1.389e+06 30 0 QUESTION0 1 7.467e+02 6.637e+03)
|    ( QUESTION0_14_R 1 -2.607e+06 3.839e+03 1.235e+04
|        ( QUESTION0_15_R 1 -8.278e+05 1.889e+03 3.964e+03
|            ( - -3.448e+05 16 0 QUESTION0_16_R 1 8.611e+02 1.641e+03)
|            ( - -4.812e+05 13 0 QUESTION6 1 6.714e+02 2.323e+03))
|        ( SILENCE 1 -1.775e+06 2.710e+03 8.389e+03
|            ( - -3.351e+05 5 0)
|            ( QUESTION0_10_R 1 -1.437e+06 2.145e+03 6.798e+03
|                ( - -6.401e+05 14 0)
|                ( QUESTION9 1 -7.949e+05 1.429e+03 3.772e+03
|                    ( - -1.988e+05 4 0)
|                    ( QUESTION0 -1 -5.947e+05 1.101e+03 2.825e+03
|                        ( - -5.831e+05 31 0 QUESTION11 1 4.946e+02 2.767e+03)
|                        ( - -1.045e+04 1 0)))))))
s>    ( QUESTION0_20_R 1 -4.000e+06 4.758e+03 1.899e+04
s>        ( - -1.389e+06 30 0 QUESTION0 1 7.467e+02 6.637e+03)
s>        ( QUESTION0_14_R 1 -2.607e+06 3.839e+03 1.235e+04
s>            ( QUESTION0_15_R 1 -8.278e+05 1.889e+03 3.964e+03
s>                ( - -3.448e+05 16 0 QUESTION0_16_R 1 8.611e+02 1.641e+03)
s>                ( - -4.812e+05 13 0 QUESTION6 1 6.714e+02 2.323e+03))
s>            ( SILENCE 1 -1.775e+06 2.710e+03 8.389e+03
s>                ( - -3.351e+05 5 0)
s>                ( QUESTION0_10_R 1 -1.437e+06 2.145e+03 6.798e+03
s>                    ( - -6.401e+05 14 0)
s>                    ( QUESTION9 1 -7.949e+05 1.429e+03 3.772e+03
s>                        ( - -1.988e+05 4 0)
s>                        ( QUESTION0 -1 -5.947e+05 1.101e+03 2.825e+03
s>                            ( - -5.831e+05 31 0 QUESTION11 1 4.946e+02 2.767e+03)
s>                            ( - -1.045e+04 1 0)))))))INFO: dtree.c(1478): Final simple tree
|( QUESTION0_10_R 1 -7.984e+05 3.938e+03 3.715e+03
|    ( - -2.922e+05 7 0)
|    ( QUESTION0 -1 -5.023e+05 2.616e+03 2.341e+03
|        ( QUESTION0_18_R 1 -3.053e+05 1.175e+03 1.438e+03
|            ( - -9.638e+04 4 0)
|            ( QUESTION0_16_R 1 -2.078e+05 1.077e+03 9.811e+02
|                ( - -7.638e+04 5 0)
|                ( QUESTION6 1 -1.303e+05 6.344e+02 6.176e+02
|                    ( - -2.775e+04 5 0)
|                    ( QUESTION0_14_R 1 -1.019e+05 7.004e+02 4.831e+02
|                        ( QUESTION0_15_R 1 -6.069e+04 2.740e+02 2.934e+02
|                            ( - -3.741e+03 2 0)
|                            ( - -5.668e+04 2 0))
|                        ( - -4.055e+04 11 0 QUESTION0_1_R 1 2.351e+02 1.898e+02)))))
|        ( - -1.943e+05 2 0 QUESTION0_1_R 1 1.760e+02 9.034e+02)))
s>    ( QUESTION0_10_R 1 -7.984e+05 3.938e+03 3.715e+03
s>        ( - -2.922e+05 7 0)
s>        ( QUESTION0 -1 -5.023e+05 2.616e+03 2.341e+03
s>            ( QUESTION0_18_R 1 -3.053e+05 1.175e+03 1.438e+03
s>                ( - -9.638e+04 4 0)
s>                ( QUESTION0_16_R 1 -2.078e+05 1.077e+03 9.811e+02
s>                    ( - -7.638e+04 5 0)
s>                    ( QUESTION6 1 -1.303e+05 6.344e+02 6.176e+02
s>                        ( - -2.775e+04 5 0)
s>                        ( QUESTION0_14_R 1 -1.019e+05 7.004e+02 4.831e+02
s>                            ( QUESTION0_15_R 1 -6.069e+04 2.740e+02 2.934e+02
s>                                ( - -3.741e+03 2 0)
s>                                ( - -5.668e+04 2 0))
s>                            ( - -4.055e+04 11 0 QUESTION0_1_R 1 2.351e+02 1.898e+02)))))
s>            ( - -1.943e+05 2 0 QUESTION0_1_R 1 1.760e+02 9.034e+02)))INFO: dtree.c(1315): Comp split 4
INFO: dtree.c(1478): Final simple tree
|( QUESTION17 -1 -4.433e+05 1.117e+03 2.019e+03
|    ( WDBNDRY_B 0 -2.432e+05 6.175e+02 1.110e+03
|        ( QUESTION18 -1 -4.839e+04 4.022e+02 2.229e+02
|            ( - -1.218e+04 6 0 QUESTION2_7_L -1 1.360e+02 5.692e+01)
|            ( - -3.580e+04 6 0 QUESTION0 1 2.273e+02 1.660e+02))
|        ( QUESTION18 -1 -1.942e+05 2.474e+02 8.867e+02
|            ( - -4.914e+03 2 0)
|            ( - -1.891e+05 6 0)))
|    ( QUESTION11 -1 -1.989e+05 5.402e+02 9.093e+02
|        ( QUESTION14 -1 -2.680e+04 4.635e+02 1.240e+02
|            ( - 2.419e+02 1 0)
|            ( - -2.657e+04 8 0 WDBNDRY_B 0 2.323e+02 1.230e+02))
|        ( WDBNDRY_B 0 -1.716e+05 6.387e+02 7.853e+02
|            ( - -7.640e+04 8 0)
|            ( - -9.456e+04 6 0 QUESTION0 1 2.393e+02 4.310e+02))))
s>    ( QUESTION17 -1 -4.433e+05 1.117e+03 2.019e+03
s>        ( WDBNDRY_B 0 -2.432e+05 6.175e+02 1.110e+03
s>            ( QUESTION18 -1 -4.839e+04 4.022e+02 2.229e+02
s>                ( - -1.218e+04 6 0 QUESTION2_7_L -1 1.360e+02 5.692e+01)
s>                ( - -3.580e+04 6 0 QUESTION0 1 2.273e+02 1.660e+02))
s>            ( QUESTION18 -1 -1.942e+05 2.474e+02 8.867e+02
s>                ( - -4.914e+03 2 0)
s>                ( - -1.891e+05 6 0)))
s>        ( QUESTION11 -1 -1.989e+05 5.402e+02 9.093e+02
s>            ( QUESTION14 -1 -2.680e+04 4.635e+02 1.240e+02
s>                ( - 2.419e+02 1 0)
s>                ( - -2.657e+04 8 0 WDBNDRY_B 0 2.323e+02 1.230e+02))
s>            ( WDBNDRY_B 0 -1.716e+05 6.387e+02 7.853e+02
s>                ( - -7.640e+04 8 0)
s>                ( - -9.456e+04 6 0 QUESTION0 1 2.393e+02 4.310e+02))))INFO: dtree.c(1439): stop. leaf nodes are specific
INFO: dtree.c(1478): Final simple tree
|( SILENCE -1 -3.700e+05 1.177e+03 1.674e+03
|    ( QUESTION0 1 -2.741e+05 4.745e+02 1.240e+03
|        ( - -2.738e+05 6 0)
|        ( - 2.422e+02 1 0))
|    ( QUESTION0_0_R 1 -9.477e+04 9.221e+01 4.341e+02
|        ( - -3.727e+02 1 0)
|        ( - -9.430e+04 6 0)))
s>    ( SILENCE -1 -3.700e+05 1.177e+03 1.674e+03
s>        ( QUESTION0 1 -2.741e+05 4.745e+02 1.240e+03
s>            ( - -2.738e+05 6 0)
s>            ( - 2.422e+02 1 0))
s>        ( QUESTION0_0_R 1 -9.477e+04 9.221e+01 4.341e+02
s>            ( - -3.727e+02 1 0)
s>            ( - -9.430e+04 6 0)))INFO: dtree.c(1315): Comp split 5
INFO: dtree.c(1478): Final simple tree
|( SILENCE 1 -1.775e+06 2.710e+03 8.389e+03
|    ( - -3.351e+05 5 0)
|    ( QUESTION0_10_R 1 -1.437e+06 2.145e+03 6.798e+03
|        ( - -6.401e+05 14 0)
|        ( QUESTION9 1 -7.949e+05 1.429e+03 3.772e+03
|            ( - -1.988e+05 4 0)
|            ( QUESTION0 -1 -5.947e+05 1.101e+03 2.825e+03
|                ( QUESTION11 1 -5.831e+05 4.946e+02 2.767e+03
|                    ( QUESTION0_5_R 1 -7.658e+04 3.988e+02 3.637e+02
|                        ( - -1.485e+04 3 0)
|                        ( - -6.133e+04 9 0 QUESTION0_1_R 1 2.392e+02 2.942e+02))
|                    ( QUESTION0_1_R 1 -5.060e+05 3.424e+02 2.403e+03
|                        ( - -4.851e+05 13 0 QUESTION17 1 4.032e+02 2.303e+03)
|                        ( - -2.059e+04 6 0)))
|                ( - -1.045e+04 1 0)))))
s>    ( SILENCE 1 -1.775e+06 2.710e+03 8.389e+03
s>        ( - -3.351e+05 5 0)
s>        ( QUESTION0_10_R 1 -1.437e+06 2.145e+03 6.798e+03
s>            ( - -6.401e+05 14 0)
s>            ( QUESTION9 1 -7.949e+05 1.429e+03 3.772e+03
s>                ( - -1.988e+05 4 0)
s>                ( QUESTION0 -1 -5.947e+05 1.101e+03 2.825e+03
s>                    ( QUESTION11 1 -5.831e+05 4.946e+02 2.767e+03
s>                        ( QUESTION0_5_R 1 -7.658e+04 3.988e+02 3.637e+02
s>                            ( - -1.485e+04 3 0)
s>                            ( - -6.133e+04 9 0 QUESTION0_1_R 1 2.392e+02 2.942e+02))
s>                        ( QUESTION0_1_R 1 -5.060e+05 3.424e+02 2.403e+03
s>                            ( - -4.851e+05 13 0 QUESTION17 1 4.032e+02 2.303e+03)
s>                            ( - -2.059e+04 6 0)))
s>                    ( - -1.045e+04 1 0)))))INFO: dtree.c(1478): Final simple tree
|( QUESTION0_0_R 1 -2.220e+06 3.394e+03 1.060e+04
|    ( QUESTION0_15_R 1 -8.278e+05 1.889e+03 3.964e+03
|        ( QUESTION0_16_R 1 -3.448e+05 8.611e+02 1.641e+03
|            ( QUESTION0 -1 -2.612e+05 7.516e+02 1.238e+03
|                ( - -2.580e+05 9 0)
|                ( - -2.504e+03 1 0))
|            ( QUESTION0_18_R 1 -8.268e+04 2.246e+02 4.037e+02
|                ( - -2.381e+03 2 0)
|                ( - -8.007e+04 4 0)))
|        ( QUESTION6 1 -4.812e+05 6.714e+02 2.323e+03
|            ( - -6.401e+04 9 0)
|            ( - -4.165e+05 4 0)))
|    ( QUESTION0 1 -1.389e+06 7.467e+02 6.637e+03
|        ( - -1.334e+06 23 0)
|        ( - -5.364e+04 7 0)))
s>    ( QUESTION0_0_R 1 -2.220e+06 3.394e+03 1.060e+04
s>        ( QUESTION0_15_R 1 -8.278e+05 1.889e+03 3.964e+03
s>            ( QUESTION0_16_R 1 -3.448e+05 8.611e+02 1.641e+03
s>                ( QUESTION0 -1 -2.612e+05 7.516e+02 1.238e+03
s>                    ( - -2.580e+05 9 0)
s>                    ( - -2.504e+03 1 0))
s>                ( QUESTION0_18_R 1 -8.268e+04 2.246e+02 4.037e+02
s>                    ( - -2.381e+03 2 0)
s>                    ( - -8.007e+04 4 0)))
s>            ( QUESTION6 1 -4.812e+05 6.714e+02 2.323e+03
s>                ( - -6.401e+04 9 0)
s>                ( - -4.165e+05 4 0)))
s>        ( QUESTION0 1 -1.389e+06 7.467e+02 6.637e+03
s>            ( - -1.334e+06 23 0)
s>            ( - -5.364e+04 7 0)))INFO: dtree.c(1315): Comp split 6
INFO: dtree.c(1478): Final simple tree
|( QUESTION5 -1 -5.944e+05 1.945e+03 2.766e+03
|    ( QUESTION6 -1 -4.445e+05 1.883e+03 2.084e+03
|        ( - -1.906e+05 11 0 WDBNDRY_B 0 1.311e+02 8.854e+02)
|        ( WDBNDRY_B 0 -2.521e+05 2.846e+02 1.199e+03
|            ( - -2.397e+05 6 0)
|            ( - -1.207e+04 4 0)))
|    ( WDBNDRY_B 0 -1.479e+05 3.619e+02 6.815e+02
|        ( QUESTION2_20_L -1 -1.166e+05 4.118e+02 5.418e+02
|            ( - -3.821e+04 5 0)
|            ( QUESTION0 1 -7.800e+04 1.682e+02 3.647e+02
|                ( QUESTION2_16_L -1 -7.752e+04 1.500e+02 3.627e+02
|                    ( - -2.965e+02 2 0)
|                    ( - -7.708e+04 6 0))
|                ( - -3.057e+02 1 0)))
|        ( - -3.092e+04 6 0 QUESTION2_20_L -1 1.118e+02 1.397e+02)))
s>    ( QUESTION5 -1 -5.944e+05 1.945e+03 2.766e+03
s>        ( QUESTION6 -1 -4.445e+05 1.883e+03 2.084e+03
s>            ( - -1.906e+05 11 0 WDBNDRY_B 0 1.311e+02 8.854e+02)
s>            ( WDBNDRY_B 0 -2.521e+05 2.846e+02 1.199e+03
s>                ( - -2.397e+05 6 0)
s>                ( - -1.207e+04 4 0)))
s>        ( WDBNDRY_B 0 -1.479e+05 3.619e+02 6.815e+02
s>            ( QUESTION2_20_L -1 -1.166e+05 4.118e+02 5.418e+02
s>                ( - -3.821e+04 5 0)
s>                ( QUESTION0 1 -7.800e+04 1.682e+02 3.647e+02
s>                    ( QUESTION2_16_L -1 -7.752e+04 1.500e+02 3.627e+02
s>                        ( - -2.965e+02 2 0)
s>                        ( - -7.708e+04 6 0))
s>                    ( - -3.057e+02 1 0)))
s>            ( - -3.092e+04 6 0 QUESTION2_20_L -1 1.118e+02 1.397e+02)))INFO: dtree.c(1478): Final simple tree
|( QUESTION0 -1 -2.291e+06 1.268e+03 1.079e+04
|    ( QUESTION0 1 -2.040e+06 4.105e+02 9.589e+03
|        ( QUESTION2_4_L -1 -1.995e+06 2.189e+02 9.377e+03
|            ( - -4.743e+03 6 0)
|            ( QUESTION2_0_L -1 -1.990e+06 4.522e+02 9.354e+03
|                ( QUESTION0_0_R 1 -1.990e+06 1.508e+02 9.353e+03
|                    ( - -1.291e+03 1 0)
|                    ( - -1.988e+06 30 0))
|                ( - 2.421e+02 1 0)))
|        ( QUESTION0_0_R 1 -4.411e+04 1.904e+02 2.115e+02
|            ( - -2.314e+04 5 0)
|            ( - -2.077e+04 8 0)))
|    ( QUESTION0_0_R 1 -2.505e+05 2.111e+02 1.200e+03
|        ( - -2.566e+02 1 0)
|        ( - -2.500e+05 23 0)))
s>    ( QUESTION0 -1 -2.291e+06 1.268e+03 1.079e+04
s>        ( QUESTION0 1 -2.040e+06 4.105e+02 9.589e+03
s>            ( QUESTION2_4_L -1 -1.995e+06 2.189e+02 9.377e+03
s>                ( - -4.743e+03 6 0)
s>                ( QUESTION2_0_L -1 -1.990e+06 4.522e+02 9.354e+03
s>                    ( QUESTION0_0_R 1 -1.990e+06 1.508e+02 9.353e+03
s>                        ( - -1.291e+03 1 0)
s>                        ( - -1.988e+06 30 0))
s>                    ( - 2.421e+02 1 0)))
s>            ( QUESTION0_0_R 1 -4.411e+04 1.904e+02 2.115e+02
s>                ( - -2.314e+04 5 0)
s>                ( - -2.077e+04 8 0)))
s>        ( QUESTION0_0_R 1 -2.505e+05 2.111e+02 1.200e+03
s>            ( - -2.566e+02 1 0)
s>            ( - -2.500e+05 23 0)))INFO: dtree.c(1315): Comp split 7
INFO: dtree.c(1478): Final simple tree
|( QUESTION0 -1 -5.023e+05 2.616e+03 2.341e+03
|    ( QUESTION0_18_R 1 -3.053e+05 1.175e+03 1.438e+03
|        ( - -9.638e+04 4 0)
|        ( QUESTION0_16_R 1 -2.078e+05 1.077e+03 9.811e+02
|            ( - -7.638e+04 5 0)
|            ( QUESTION6 1 -1.303e+05 6.344e+02 6.176e+02
|                ( - -2.775e+04 5 0)
|                ( QUESTION0_14_R 1 -1.019e+05 7.004e+02 4.831e+02
|                    ( QUESTION0_15_R 1 -6.069e+04 2.740e+02 2.934e+02
|                        ( - -3.741e+03 2 0)
|                        ( - -5.668e+04 2 0))
|                    ( QUESTION0_1_R 1 -4.055e+04 2.351e+02 1.898e+02
|                        ( - -3.508e+04 8 0 QUESTION0_2_R 1 1.962e+02 1.648e+02)
|                        ( - -5.241e+03 3 0))))))
|    ( - -1.943e+05 2 0 QUESTION0_1_R 1 1.760e+02 9.034e+02))
s>    ( QUESTION0 -1 -5.023e+05 2.616e+03 2.341e+03
s>        ( QUESTION0_18_R 1 -3.053e+05 1.175e+03 1.438e+03
s>            ( - -9.638e+04 4 0)
s>            ( QUESTION0_16_R 1 -2.078e+05 1.077e+03 9.811e+02
s>                ( - -7.638e+04 5 0)
s>                ( QUESTION6 1 -1.303e+05 6.344e+02 6.176e+02
s>                    ( - -2.775e+04 5 0)
s>                    ( QUESTION0_14_R 1 -1.019e+05 7.004e+02 4.831e+02
s>                        ( QUESTION0_15_R 1 -6.069e+04 2.740e+02 2.934e+02
s>                            ( - -3.741e+03 2 0)
s>                            ( - -5.668e+04 2 0))
s>                        ( QUESTION0_1_R 1 -4.055e+04 2.351e+02 1.898e+02
s>                            ( - -3.508e+04 8 0 QUESTION0_2_R 1 1.962e+02 1.648e+02)
s>                            ( - -5.241e+03 3 0))))))
s>        ( - -1.943e+05 2 0 QUESTION0_1_R 1 1.760e+02 9.034e+02))INFO: dtree.c(1315): Comp split 8
INFO: dtree.c(1439): stop. leaf nodes are specific
INFO: dtree.c(1478): Final simple tree
|( QUESTION0_2_R 1 -1.163e+06 2.114e+03 5.498e+03
|    ( QUESTION17 1 -4.768e+05 4.123e+02 2.263e+03
|        ( - -5.657e+04 5 0)
|        ( - -4.198e+05 5 0))
|    ( QUESTION0_6_R 1 -6.844e+05 2.651e+02 3.235e+03
|        ( - -1.485e+04 3 0)
|        ( QUESTION0_11_R 1 -6.693e+05 2.242e+02 3.166e+03
|            ( - -2.059e+04 6 0)
|            ( QUESTION0_1_R 1 -6.485e+05 1.684e+02 3.066e+03
|                ( - -8.147e+03 3 0)
|                ( - -6.401e+05 14 0)))))
s>    ( QUESTION0_2_R 1 -1.163e+06 2.114e+03 5.498e+03
s>        ( QUESTION17 1 -4.768e+05 4.123e+02 2.263e+03
s>            ( - -5.657e+04 5 0)
s>            ( - -4.198e+05 5 0))
s>        ( QUESTION0_6_R 1 -6.844e+05 2.651e+02 3.235e+03
s>            ( - -1.485e+04 3 0)
s>            ( QUESTION0_11_R 1 -6.693e+05 2.242e+02 3.166e+03
s>                ( - -2.059e+04 6 0)
s>                ( QUESTION0_1_R 1 -6.485e+05 1.684e+02 3.066e+03
s>                    ( - -8.147e+03 3 0)
s>                    ( - -6.401e+05 14 0)))))INFO: dtree.c(1439): stop. leaf nodes are specific
INFO: dtree.c(1478): Final simple tree
|( QUESTION0_2_R 1 -6.080e+05 9.842e+02 2.891e+03
|    ( - -1.045e+04 1 0)
|    ( QUESTION0_7_R 1 -5.965e+05 6.555e+02 2.833e+03
|        ( QUESTION0_9_R 1 -2.317e+05 3.862e+02 1.102e+03
|            ( - -3.250e+04 5 0)
|            ( - -1.988e+05 4 0))
|        ( SILENCE 1 -3.642e+05 4.454e+02 1.730e+03
|            ( - -3.351e+05 5 0)
|            ( - -2.859e+04 4 0))))
s>    ( QUESTION0_2_R 1 -6.080e+05 9.842e+02 2.891e+03
s>        ( - -1.045e+04 1 0)
s>        ( QUESTION0_7_R 1 -5.965e+05 6.555e+02 2.833e+03
s>            ( QUESTION0_9_R 1 -2.317e+05 3.862e+02 1.102e+03
s>                ( - -3.250e+04 5 0)
s>                ( - -1.988e+05 4 0))
s>            ( SILENCE 1 -3.642e+05 4.454e+02 1.730e+03
s>                ( - -3.351e+05 5 0)
s>                ( - -2.859e+04 4 0))))INFO: dtree.c(1315): Comp split 9
INFO: dtree.c(1439): stop. leaf nodes are specific
INFO: dtree.c(1478): Final simple tree
|( QUESTION0 1 -1.395e+06 7.639e+02 6.665e+03
|    ( QUESTION0_0_R 1 -1.337e+06 2.279e+02 6.394e+03
|        ( - -2.381e+03 2 0)
|        ( - -1.334e+06 23 0))
|    ( QUESTION0_0_R 1 -5.684e+04 6.927e+02 2.707e+02
|        ( - -2.504e+03 1 0)
|        ( - -5.364e+04 7 0)))
s>    ( QUESTION0 1 -1.395e+06 7.639e+02 6.665e+03
s>        ( QUESTION0_0_R 1 -1.337e+06 2.279e+02 6.394e+03
s>            ( - -2.381e+03 2 0)
s>            ( - -1.334e+06 23 0))
s>        ( QUESTION0_0_R 1 -5.684e+04 6.927e+02 2.707e+02
s>            ( - -2.504e+03 1 0)
s>            ( - -5.364e+04 7 0)))INFO: dtree.c(1439): stop. leaf nodes are specific
INFO: dtree.c(1478): Final simple tree
|( QUESTION0_16_R 1 -8.220e+05 1.903e+03 3.936e+03
|    ( - -2.580e+05 9 0)
|    ( QUESTION0_15_R 1 -5.621e+05 8.519e+02 2.715e+03
|        ( - -8.007e+04 4 0)
|        ( QUESTION6 1 -4.812e+05 6.714e+02 2.323e+03
|            ( - -6.401e+04 9 0)
|            ( - -4.165e+05 4 0))))
s>    ( QUESTION0_16_R 1 -8.220e+05 1.903e+03 3.936e+03
s>        ( - -2.580e+05 9 0)
s>        ( QUESTION0_15_R 1 -5.621e+05 8.519e+02 2.715e+03
s>            ( - -8.007e+04 4 0)
s>            ( QUESTION6 1 -4.812e+05 6.714e+02 2.323e+03
s>                ( - -6.401e+04 9 0)
s>                ( - -4.165e+05 4 0))))INFO: dtree.c(1315): Comp split 10
INFO: dtree.c(1478): Final simple tree
|( QUESTION0_18_R 1 -3.053e+05 1.175e+03 1.438e+03
|    ( - -9.638e+04 4 0)
|    ( QUESTION0_16_R 1 -2.078e+05 1.077e+03 9.811e+02
|        ( - -7.638e+04 5 0)
|        ( QUESTION6 1 -1.303e+05 6.344e+02 6.176e+02
|            ( - -2.775e+04 5 0)
|            ( QUESTION0_14_R 1 -1.019e+05 7.004e+02 4.831e+02
|                ( QUESTION0_15_R 1 -6.069e+04 2.740e+02 2.934e+02
|                    ( - -3.741e+03 2 0)
|                    ( - -5.668e+04 2 0))
|                ( QUESTION0_1_R 1 -4.055e+04 2.351e+02 1.898e+02
|                    ( QUESTION0_2_R 1 -3.508e+04 1.962e+02 1.648e+02
|                        ( - -3.062e+04 5 0 QUESTION2_0_L -1 1.588e+02 1.436e+02)
|                        ( - -4.265e+03 3 0))
|                    ( - -5.241e+03 3 0))))))
s>    ( QUESTION0_18_R 1 -3.053e+05 1.175e+03 1.438e+03
s>        ( - -9.638e+04 4 0)
s>        ( QUESTION0_16_R 1 -2.078e+05 1.077e+03 9.811e+02
s>            ( - -7.638e+04 5 0)
s>            ( QUESTION6 1 -1.303e+05 6.344e+02 6.176e+02
s>                ( - -2.775e+04 5 0)
s>                ( QUESTION0_14_R 1 -1.019e+05 7.004e+02 4.831e+02
s>                    ( QUESTION0_15_R 1 -6.069e+04 2.740e+02 2.934e+02
s>                        ( - -3.741e+03 2 0)
s>                        ( - -5.668e+04 2 0))
s>                    ( QUESTION0_1_R 1 -4.055e+04 2.351e+02 1.898e+02
s>                        ( QUESTION0_2_R 1 -3.508e+04 1.962e+02 1.648e+02
s>                            ( - -3.062e+04 5 0 QUESTION2_0_L -1 1.588e+02 1.436e+02)
s>                            ( - -4.265e+03 3 0))
s>                        ( - -5.241e+03 3 0))))))INFO: dtree.c(1439): stop. leaf nodes are specific
INFO: dtree.c(1478): Final simple tree
|( QUESTION0_1_R 1 -1.943e+05 1.760e+02 9.034e+02
|    ( - -4.913e+02 1 0)
|    ( - -1.937e+05 1 0))
s>    ( QUESTION0_1_R 1 -1.943e+05 1.760e+02 9.034e+02
s>        ( - -4.913e+02 1 0)
s>        ( - -1.937e+05 1 0))INFO: dtree.c(1315): Comp split 11
INFO: dtree.c(1478): Final simple tree
|( QUESTION6 -1 -3.525e+05 1.668e+03 1.622e+03
|    ( WDBNDRY_B 0 -1.906e+05 1.311e+02 8.854e+02
|        ( - -1.889e+05 8 0 QUESTION0 1 9.514e+01 8.774e+02)
|        ( - -1.596e+03 3 0))
|    ( WDBNDRY_B 0 -1.602e+05 3.406e+02 7.371e+02
|        ( QUESTION2_20_L -1 -1.166e+05 4.118e+02 5.418e+02
|            ( - -3.821e+04 5 0)
|            ( QUESTION0 1 -7.800e+04 1.682e+02 3.647e+02
|                ( QUESTION2_16_L -1 -7.752e+04 1.500e+02 3.627e+02
|                    ( - -2.965e+02 2 0)
|                    ( - -7.708e+04 6 0))
|                ( - -3.057e+02 1 0)))
|        ( QUESTION5 -1 -4.326e+04 2.624e+02 1.953e+02
|            ( - -1.207e+04 4 0)
|            ( - -3.092e+04 6 0 QUESTION2_20_L -1 1.118e+02 1.397e+02))))
s>    ( QUESTION6 -1 -3.525e+05 1.668e+03 1.622e+03
s>        ( WDBNDRY_B 0 -1.906e+05 1.311e+02 8.854e+02
s>            ( - -1.889e+05 8 0 QUESTION0 1 9.514e+01 8.774e+02)
s>            ( - -1.596e+03 3 0))
s>        ( WDBNDRY_B 0 -1.602e+05 3.406e+02 7.371e+02
s>            ( QUESTION2_20_L -1 -1.166e+05 4.118e+02 5.418e+02
s>                ( - -3.821e+04 5 0)
s>                ( QUESTION0 1 -7.800e+04 1.682e+02 3.647e+02
s>                    ( QUESTION2_16_L -1 -7.752e+04 1.500e+02 3.627e+02
s>                        ( - -2.965e+02 2 0)
s>                        ( - -7.708e+04 6 0))
s>                    ( - -3.057e+02 1 0)))
s>            ( QUESTION5 -1 -4.326e+04 2.624e+02 1.953e+02
s>                ( - -1.207e+04 4 0)
s>                ( - -3.092e+04 6 0 QUESTION2_20_L -1 1.118e+02 1.397e+02))))INFO: dtree.c(1315): Comp split 12
INFO: dtree.c(1439): stop. leaf nodes are specific
INFO: dtree.c(1478): Final simple tree
|( QUESTION17 1 -4.851e+05 4.032e+02 2.303e+03
|    ( - -5.657e+04 5 0)
|    ( QUESTION0_2_R 1 -4.281e+05 1.669e+02 2.030e+03
|        ( - -4.198e+05 5 0)
|        ( - -8.147e+03 3 0)))
s>    ( QUESTION17 1 -4.851e+05 4.032e+02 2.303e+03
s>        ( - -5.657e+04 5 0)
s>        ( QUESTION0_2_R 1 -4.281e+05 1.669e+02 2.030e+03
s>            ( - -4.198e+05 5 0)
s>            ( - -8.147e+03 3 0)))INFO: dtree.c(1439): stop. leaf nodes are specific
INFO: dtree.c(1478): Final simple tree
|( QUESTION0_10_R 1 -6.761e+05 2.806e+02 3.195e+03
|    ( - -6.401e+05 14 0)
|    ( QUESTION0_1_R 1 -3.565e+04 2.062e+02 1.692e+02
|        ( - -1.485e+04 3 0)
|        ( - -2.059e+04 6 0)))
s>    ( QUESTION0_10_R 1 -6.761e+05 2.806e+02 3.195e+03
s>        ( - -6.401e+05 14 0)
s>        ( QUESTION0_1_R 1 -3.565e+04 2.062e+02 1.692e+02
s>            ( - -1.485e+04 3 0)
s>            ( - -2.059e+04 6 0)))INFO: dtree.c(1315): Comp split 13
INFO: dtree.c(1439): stop. leaf nodes are specific
INFO: dtree.c(1478): Final simple tree
|( QUESTION0_16_R 1 -4.035e+05 1.124e+03 1.925e+03
|    ( - -2.580e+05 9 0)
|    ( QUESTION0_15_R 1 -1.444e+05 3.054e+02 7.030e+02
|        ( - -8.007e+04 4 0)
|        ( - -6.401e+04 9 0)))
s>    ( QUESTION0_16_R 1 -4.035e+05 1.124e+03 1.925e+03
s>        ( - -2.580e+05 9 0)
s>        ( QUESTION0_15_R 1 -1.444e+05 3.054e+02 7.030e+02
s>            ( - -8.007e+04 4 0)
s>            ( - -6.401e+04 9 0)))INFO: dtree.c(1315): Comp split 14
INFO: dtree.c(1439): stop. leaf nodes are specific
INFO: dtree.c(1478): Final simple tree
|( QUESTION2_0_L -1 -3.815e+06 5.049e+02 1.765e+04
|    ( - -3.802e+06 30 0)
|    ( QUESTION0 1 -1.340e+04 1.255e+02 6.365e+01
|        ( - -1.256e+04 3 0)
|        ( - -7.105e+02 1 0)))
s>    ( QUESTION2_0_L -1 -3.815e+06 5.049e+02 1.765e+04
s>        ( - -3.802e+06 30 0)
s>        ( QUESTION0 1 -1.340e+04 1.255e+02 6.365e+01
s>            ( - -1.256e+04 3 0)
s>            ( - -7.105e+02 1 0)))INFO: dtree.c(1439): stop. leaf nodes are specific
INFO: dtree.c(1478): Final simple tree
|( QUESTION0 -1 -1.201e+05 4.091e+02 5.653e+02
|    ( - -8.430e+03 2 0)
|    ( - -1.112e+05 8 0))
s>    ( QUESTION0 -1 -1.201e+05 4.091e+02 5.653e+02
s>        ( - -8.430e+03 2 0)
s>        ( - -1.112e+05 8 0))INFO: dtree.c(1315): Comp split 15
INFO: dtree.c(1439): stop. leaf nodes are specific
INFO: dtree.c(1478): Final simple tree
|( QUESTION5 -1 -1.893e+05 1.598e+02 8.794e+02
|    ( QUESTION0 1 -1.889e+05 9.514e+01 8.774e+02
|        ( - -1.875e+05 7 0)
|        ( - -1.244e+03 1 0))
|    ( - -3.057e+02 1 0))
s>    ( QUESTION5 -1 -1.893e+05 1.598e+02 8.794e+02
s>        ( QUESTION0 1 -1.889e+05 9.514e+01 8.774e+02
s>            ( - -1.875e+05 7 0)
s>            ( - -1.244e+03 1 0))
s>        ( - -3.057e+02 1 0))INFO: dtree.c(1439): stop. leaf nodes are specific
INFO: dtree.c(1478): Final simple tree
|( WDBNDRY_B 0 -1.615e+05 3.490e+02 7.431e+02
|    ( QUESTION2_20_L -1 -1.161e+05 4.152e+02 5.398e+02
|        ( - -3.821e+04 5 0)
|        ( QUESTION2_16_L -1 -7.752e+04 1.500e+02 3.627e+02
|            ( - -2.965e+02 2 0)
|            ( - -7.708e+04 6 0)))
|    ( QUESTION5 -1 -4.497e+04 2.613e+02 2.033e+02
|        ( QUESTION6 -1 -1.379e+04 1.212e+02 6.357e+01
|            ( - -1.596e+03 3 0)
|            ( - -1.207e+04 4 0))
|        ( QUESTION2_20_L -1 -3.092e+04 1.118e+02 1.397e+02
|            ( - -1.847e+03 2 0)
|            ( - -2.896e+04 4 0))))
s>    ( WDBNDRY_B 0 -1.615e+05 3.490e+02 7.431e+02
s>        ( QUESTION2_20_L -1 -1.161e+05 4.152e+02 5.398e+02
s>            ( - -3.821e+04 5 0)
s>            ( QUESTION2_16_L -1 -7.752e+04 1.500e+02 3.627e+02
s>                ( - -2.965e+02 2 0)
s>                ( - -7.708e+04 6 0)))
s>        ( QUESTION5 -1 -4.497e+04 2.613e+02 2.033e+02
s>            ( QUESTION6 -1 -1.379e+04 1.212e+02 6.357e+01
s>                ( - -1.596e+03 3 0)
s>                ( - -1.207e+04 4 0))
s>            ( QUESTION2_20_L -1 -3.092e+04 1.118e+02 1.397e+02
s>                ( - -1.847e+03 2 0)
s>                ( - -2.896e+04 4 0))))INFO: dtree.c(1315): Comp split 16
INFO: dtree.c(1439): stop. leaf nodes are specific
INFO: dtree.c(1478): Final simple tree
|( WDBNDRY_B 0 -2.254e+05 5.361e+02 1.029e+03
|    ( QUESTION0 1 -3.580e+04 2.273e+02 1.660e+02
|        ( - -3.306e+04 4 0)
|        ( QUESTION0_0_R 1 -2.513e+03 1.694e+02 1.300e+01
|            ( - -1.884e+03 1 0)
|            ( - -4.598e+02 1 0)))
|    ( - -1.891e+05 6 0))
s>    ( WDBNDRY_B 0 -2.254e+05 5.361e+02 1.029e+03
s>        ( QUESTION0 1 -3.580e+04 2.273e+02 1.660e+02
s>            ( - -3.306e+04 4 0)
s>            ( QUESTION0_0_R 1 -2.513e+03 1.694e+02 1.300e+01
s>                ( - -1.884e+03 1 0)
s>                ( - -4.598e+02 1 0)))
s>        ( - -1.891e+05 6 0))INFO: dtree.c(1478): Final simple tree
|( WDBNDRY_B 0 -2.165e+05 5.497e+02 9.900e+02
|    ( QUESTION2_11_L -1 -1.099e+05 5.481e+02 5.062e+02
|        ( - -1.982e+04 4 0 QUESTION11 -1 1.404e+02 9.202e+01)
|        ( QUESTION17 -1 -8.954e+04 2.471e+02 4.142e+02
|            ( - -1.157e+04 5 0)
|            ( - -7.772e+04 10 0 QUESTION11 -1 1.400e+02 3.603e+02)))
|    ( QUESTION14 -1 -1.061e+05 4.596e+02 4.838e+02
|        ( - 2.419e+02 1 0)
|        ( QUESTION19 -1 -1.059e+05 3.753e+02 4.828e+02
|            ( QUESTION0 1 -9.456e+04 2.393e+02 4.310e+02
|                ( - -7.704e+04 5 0)
|                ( - -1.729e+04 1 0))
|            ( QUESTION11 -1 -1.092e+04 2.345e+02 5.179e+01
|                ( - -5.767e+03 3 0 QUESTION12 -1 1.129e+02 2.800e+01)
|                ( - -4.914e+03 2 0)))))
s>    ( WDBNDRY_B 0 -2.165e+05 5.497e+02 9.900e+02
s>        ( QUESTION2_11_L -1 -1.099e+05 5.481e+02 5.062e+02
s>            ( - -1.982e+04 4 0 QUESTION11 -1 1.404e+02 9.202e+01)
s>            ( QUESTION17 -1 -8.954e+04 2.471e+02 4.142e+02
s>                ( - -1.157e+04 5 0)
s>                ( - -7.772e+04 10 0 QUESTION11 -1 1.400e+02 3.603e+02)))
s>        ( QUESTION14 -1 -1.061e+05 4.596e+02 4.838e+02
s>            ( - 2.419e+02 1 0)
s>            ( QUESTION19 -1 -1.059e+05 3.753e+02 4.828e+02
s>                ( QUESTION0 1 -9.456e+04 2.393e+02 4.310e+02
s>                    ( - -7.704e+04 5 0)
s>                    ( - -1.729e+04 1 0))
s>                ( QUESTION11 -1 -1.092e+04 2.345e+02 5.179e+01
s>                    ( - -5.767e+03 3 0 QUESTION12 -1 1.129e+02 2.800e+01)
s>                    ( - -4.914e+03 2 0)))))INFO: dtree.c(1315): Comp split 17
INFO: dtree.c(1439): stop. leaf nodes are specific
INFO: dtree.c(1478): Final simple tree
|( QUESTION2_3_L -1 -2.517e+05 4.514e+02 1.206e+03
|    ( - 2.421e+02 1 0)
|    ( QUESTION0_0_R 1 -2.515e+05 1.504e+02 1.205e+03
|        ( - -1.291e+03 1 0)
|        ( - -2.500e+05 23 0)))
s>    ( QUESTION2_3_L -1 -2.517e+05 4.514e+02 1.206e+03
s>        ( - 2.421e+02 1 0)
s>        ( QUESTION0_0_R 1 -2.515e+05 1.504e+02 1.205e+03
s>            ( - -1.291e+03 1 0)
s>            ( - -2.500e+05 23 0)))INFO: dtree.c(1439): stop. leaf nodes are specific
INFO: dtree.c(1478): Final simple tree
|( QUESTION0 1 -2.038e+06 4.113e+02 9.583e+03
|    ( QUESTION2_0_L -1 -1.993e+06 2.189e+02 9.369e+03
|        ( - -1.988e+06 30 0)
|        ( - -4.743e+03 6 0))
|    ( QUESTION0 -1 -4.457e+04 2.040e+02 2.135e+02
|        ( QUESTION0_0_R 1 -4.411e+04 1.904e+02 2.115e+02
|            ( - -2.314e+04 5 0)
|            ( - -2.077e+04 8 0))
|        ( - -2.566e+02 1 0)))
s>    ( QUESTION0 1 -2.038e+06 4.113e+02 9.583e+03
s>        ( QUESTION2_0_L -1 -1.993e+06 2.189e+02 9.369e+03
s>            ( - -1.988e+06 30 0)
s>            ( - -4.743e+03 6 0))
s>        ( QUESTION0 -1 -4.457e+04 2.040e+02 2.135e+02
s>            ( QUESTION0_0_R 1 -4.411e+04 1.904e+02 2.115e+02
s>                ( - -2.314e+04 5 0)
s>                ( - -2.077e+04 8 0))
s>            ( - -2.566e+02 1 0)))INFO: dtree.c(1315): Comp split 18
INFO: dtree.c(1439): stop. leaf nodes are specific
INFO: dtree.c(1478): Final simple tree
|( QUESTION0_15_R 1 -1.652e+05 8.940e+02 7.804e+02
|    ( - -7.638e+04 5 0)
|    ( QUESTION0_1_R 1 -8.791e+04 6.225e+02 4.170e+02
|        ( QUESTION2_0_L -1 -3.062e+04 1.588e+02 1.436e+02
|            ( - -2.971e+04 4 0)
|            ( - -7.483e+02 1 0))
|        ( - -5.668e+04 2 0)))
s>    ( QUESTION0_15_R 1 -1.652e+05 8.940e+02 7.804e+02
s>        ( - -7.638e+04 5 0)
s>        ( QUESTION0_1_R 1 -8.791e+04 6.225e+02 4.170e+02
s>            ( QUESTION2_0_L -1 -3.062e+04 1.588e+02 1.436e+02
s>                ( - -2.971e+04 4 0)
s>                ( - -7.483e+02 1 0))
s>            ( - -5.668e+04 2 0)))INFO: dtree.c(1439): stop. leaf nodes are specific
INFO: dtree.c(1478): Final simple tree
|( QUESTION0_18_R 1 -1.389e+05 8.381e+02 6.573e+02
|    ( - -9.638e+04 4 0)
|    ( QUESTION0_15_R 1 -4.167e+04 2.502e+02 2.007e+02
|        ( - -3.741e+03 2 0)
|        ( QUESTION0_8_R 1 -3.768e+04 2.181e+02 1.807e+02
|            ( - -5.241e+03 3 0)
|            ( QUESTION0_1_R 1 -3.222e+04 2.119e+02 1.557e+02
|                ( - -4.265e+03 3 0)
|                ( - -2.775e+04 5 0)))))
s>    ( QUESTION0_18_R 1 -1.389e+05 8.381e+02 6.573e+02
s>        ( - -9.638e+04 4 0)
s>        ( QUESTION0_15_R 1 -4.167e+04 2.502e+02 2.007e+02
s>            ( - -3.741e+03 2 0)
s>            ( QUESTION0_8_R 1 -3.768e+04 2.181e+02 1.807e+02
s>                ( - -5.241e+03 3 0)
s>                ( QUESTION0_1_R 1 -3.222e+04 2.119e+02 1.557e+02
s>                    ( - -4.265e+03 3 0)
s>                    ( - -2.775e+04 5 0)))))INFO: dtree.c(1315): Comp split 19
INFO: dtree.c(1439): stop. leaf nodes are specific
INFO: dtree.c(1478): Final simple tree
|( QUESTION0_0_R 1 -9.477e+04 9.221e+01 4.341e+02
|    ( - -3.727e+02 1 0)
|    ( - -9.430e+04 6 0))
s>    ( QUESTION0_0_R 1 -9.477e+04 9.221e+01 4.341e+02
s>        ( - -3.727e+02 1 0)
s>        ( - -9.430e+04 6 0))INFO: dtree.c(1439): stop. leaf nodes are specific
INFO: dtree.c(1478): Final simple tree
|( QUESTION0 1 -2.741e+05 4.745e+02 1.240e+03
|    ( - -2.738e+05 6 0)
|    ( - 2.422e+02 1 0))
s>    ( QUESTION0 1 -2.741e+05 4.745e+02 1.240e+03
s>        ( - -2.738e+05 6 0)
s>        ( - 2.422e+02 1 0))INFO: dtree.c(1315): Comp split 20
INFO: dtree.c(1439): stop. leaf nodes are specific
INFO: dtree.c(1478): Final simple tree
|( QUESTION0_15_R 1 -1.444e+05 3.054e+02 7.030e+02
|    ( - -8.007e+04 4 0)
|    ( - -6.401e+04 9 0))
s>    ( QUESTION0_15_R 1 -1.444e+05 3.054e+02 7.030e+02
s>        ( - -8.007e+04 4 0)
s>        ( - -6.401e+04 9 0))INFO: dtree.c(1315): Comp split 21
INFO: dtree.c(1439): stop. leaf nodes are specific
INFO: dtree.c(1478): Final simple tree
|( QUESTION0_7_R 1 -5.965e+05 6.555e+02 2.833e+03
|    ( QUESTION0_9_R 1 -2.317e+05 3.862e+02 1.102e+03
|        ( - -3.250e+04 5 0)
|        ( - -1.988e+05 4 0))
|    ( SILENCE 1 -3.642e+05 4.454e+02 1.730e+03
|        ( - -3.351e+05 5 0)
|        ( - -2.859e+04 4 0)))
s>    ( QUESTION0_7_R 1 -5.965e+05 6.555e+02 2.833e+03
s>        ( QUESTION0_9_R 1 -2.317e+05 3.862e+02 1.102e+03
s>            ( - -3.250e+04 5 0)
s>            ( - -1.988e+05 4 0))
s>        ( SILENCE 1 -3.642e+05 4.454e+02 1.730e+03
s>            ( - -3.351e+05 5 0)
s>            ( - -2.859e+04 4 0)))INFO: dtree.c(1315): Comp split 22
INFO: dtree.c(1439): stop. leaf nodes are specific
INFO: dtree.c(1478): Final simple tree
|( QUESTION0_1_R 1 -8.791e+04 6.225e+02 4.170e+02
|    ( QUESTION2_0_L -1 -3.062e+04 1.588e+02 1.436e+02
|        ( - -2.971e+04 4 0)
|        ( - -7.483e+02 1 0))
|    ( - -5.668e+04 2 0))
s>    ( QUESTION0_1_R 1 -8.791e+04 6.225e+02 4.170e+02
s>        ( QUESTION2_0_L -1 -3.062e+04 1.588e+02 1.436e+02
s>            ( - -2.971e+04 4 0)
s>            ( - -7.483e+02 1 0))
s>        ( - -5.668e+04 2 0))INFO: dtree.c(1315): Comp split 23
INFO: dtree.c(1439): stop. leaf nodes are specific
INFO: dtree.c(1478): Final simple tree
|( QUESTION0_15_R 1 -4.167e+04 2.502e+02 2.007e+02
|    ( - -3.741e+03 2 0)
|    ( QUESTION0_8_R 1 -3.768e+04 2.181e+02 1.807e+02
|        ( - -5.241e+03 3 0)
|        ( QUESTION0_1_R 1 -3.222e+04 2.119e+02 1.557e+02
|            ( - -4.265e+03 3 0)
|            ( - -2.775e+04 5 0))))
s>    ( QUESTION0_15_R 1 -4.167e+04 2.502e+02 2.007e+02
s>        ( - -3.741e+03 2 0)
s>        ( QUESTION0_8_R 1 -3.768e+04 2.181e+02 1.807e+02
s>            ( - -5.241e+03 3 0)
s>            ( QUESTION0_1_R 1 -3.222e+04 2.119e+02 1.557e+02
s>                ( - -4.265e+03 3 0)
s>                ( - -2.775e+04 5 0))))INFO: dtree.c(1315): Comp split 24
INFO: dtree.c(1439): stop. leaf nodes are specific
INFO: dtree.c(1478): Final simple tree
|( QUESTION0_16_R 1 -5.943e+04 6.964e+02 2.827e+02
|    ( - -2.504e+03 1 0)
|    ( QUESTION0_0_R 1 -5.623e+04 2.017e+02 2.667e+02
|        ( - -2.381e+03 2 0)
|        ( - -5.364e+04 7 0)))
s>    ( QUESTION0_16_R 1 -5.943e+04 6.964e+02 2.827e+02
s>        ( - -2.504e+03 1 0)
s>        ( QUESTION0_0_R 1 -5.623e+04 2.017e+02 2.667e+02
s>            ( - -2.381e+03 2 0)
s>            ( - -5.364e+04 7 0)))INFO: dtree.c(1315): Comp split 25
INFO: dtree.c(1439): stop. leaf nodes are specific
INFO: dtree.c(1478): Final simple tree
|( QUESTION19 -1 -1.007e+05 2.887e+02 4.660e+02
|    ( - -7.640e+04 8 0)
|    ( QUESTION11 -1 -2.402e+04 2.136e+02 1.117e+02
|        ( WDBNDRY_B 0 -7.138e+03 1.861e+02 3.400e+01
|            ( - -1.185e+03 2 0)
|            ( QUESTION12 -1 -5.767e+03 1.129e+02 2.800e+01
|                ( - -3.351e+02 2 0)
|                ( - -5.319e+03 1 0)))
|        ( WDBNDRY_B 0 -1.667e+04 1.864e+02 7.771e+01
|            ( - -1.157e+04 5 0)
|            ( - -4.914e+03 2 0))))
s>    ( QUESTION19 -1 -1.007e+05 2.887e+02 4.660e+02
s>        ( - -7.640e+04 8 0)
s>        ( QUESTION11 -1 -2.402e+04 2.136e+02 1.117e+02
s>            ( WDBNDRY_B 0 -7.138e+03 1.861e+02 3.400e+01
s>                ( - -1.185e+03 2 0)
s>                ( QUESTION12 -1 -5.767e+03 1.129e+02 2.800e+01
s>                    ( - -3.351e+02 2 0)
s>                    ( - -5.319e+03 1 0)))
s>            ( WDBNDRY_B 0 -1.667e+04 1.864e+02 7.771e+01
s>                ( - -1.157e+04 5 0)
s>                ( - -4.914e+03 2 0))))INFO: dtree.c(1439): stop. leaf nodes are specific
INFO: dtree.c(1478): Final simple tree
|( WDBNDRY_B 0 -1.151e+05 4.741e+02 5.240e+02
|    ( QUESTION11 -1 -1.982e+04 1.404e+02 9.202e+01
|        ( - -1.921e+04 3 0)
|        ( - -4.780e+02 1 0))
|    ( QUESTION11 -1 -9.478e+04 4.606e+02 4.320e+02
|        ( - 2.419e+02 1 0)
|        ( QUESTION0 1 -9.456e+04 2.393e+02 4.310e+02
|            ( - -7.704e+04 5 0)
|            ( - -1.729e+04 1 0))))
s>    ( WDBNDRY_B 0 -1.151e+05 4.741e+02 5.240e+02
s>        ( QUESTION11 -1 -1.982e+04 1.404e+02 9.202e+01
s>            ( - -1.921e+04 3 0)
s>            ( - -4.780e+02 1 0))
s>        ( QUESTION11 -1 -9.478e+04 4.606e+02 4.320e+02
s>            ( - 2.419e+02 1 0)
s>            ( QUESTION0 1 -9.456e+04 2.393e+02 4.310e+02
s>                ( - -7.704e+04 5 0)
s>                ( - -1.729e+04 1 0))))INFO: dtree.c(1315): Comp split 26
INFO: dtree.c(1439): stop. leaf nodes are specific
INFO: dtree.c(1478): Final simple tree
|( QUESTION0_0_R 1 -5.623e+04 2.017e+02 2.667e+02
|    ( - -2.381e+03 2 0)
|    ( - -5.364e+04 7 0))
s>    ( QUESTION0_0_R 1 -5.623e+04 2.017e+02 2.667e+02
s>        ( - -2.381e+03 2 0)
s>        ( - -5.364e+04 7 0))INFO: dtree.c(1315): Comp split 27
INFO: dtree.c(1439): stop. leaf nodes are specific
INFO: dtree.c(1478): Final simple tree
|( SILENCE 1 -3.642e+05 4.454e+02 1.730e+03
|    ( - -3.351e+05 5 0)
|    ( - -2.859e+04 4 0))
s>    ( SILENCE 1 -3.642e+05 4.454e+02 1.730e+03
s>        ( - -3.351e+05 5 0)
s>        ( - -2.859e+04 4 0))INFO: dtree.c(1439): stop. leaf nodes are specific
INFO: dtree.c(1478): Final simple tree
|( QUESTION0_9_R 1 -2.317e+05 3.862e+02 1.102e+03
|    ( - -3.250e+04 5 0)
|    ( - -1.988e+05 4 0))
s>    ( QUESTION0_9_R 1 -2.317e+05 3.862e+02 1.102e+03
s>        ( - -3.250e+04 5 0)
s>        ( - -1.988e+05 4 0))INFO: dtree.c(1315): Comp split 28
INFO: dtree.c(1439): stop. leaf nodes are specific
INFO: dtree.c(1478): Final simple tree
|( QUESTION2_0_L -1 -3.062e+04 1.588e+02 1.436e+02
|    ( - -2.971e+04 4 0)
|    ( - -7.483e+02 1 0))
s>    ( QUESTION2_0_L -1 -3.062e+04 1.588e+02 1.436e+02
s>        ( - -2.971e+04 4 0)
s>        ( - -7.483e+02 1 0))INFO: dtree.c(1315): Comp split 29
INFO: dtree.c(1439): stop. leaf nodes are specific
INFO: dtree.c(1478): Final simple tree
|( QUESTION0 1 -3.580e+04 2.273e+02 1.660e+02
|    ( - -3.306e+04 4 0)
|    ( QUESTION0_0_R 1 -2.513e+03 1.694e+02 1.300e+01
|        ( - -1.884e+03 1 0)
|        ( - -4.598e+02 1 0)))
s>    ( QUESTION0 1 -3.580e+04 2.273e+02 1.660e+02
s>        ( - -3.306e+04 4 0)
s>        ( QUESTION0_0_R 1 -2.513e+03 1.694e+02 1.300e+01
s>            ( - -1.884e+03 1 0)
s>            ( - -4.598e+02 1 0)))INFO: dtree.c(1315): Comp split 30
INFO: dtree.c(1439): stop. leaf nodes are specific
INFO: dtree.c(1478): Final simple tree
|( QUESTION2_20_L -1 -8.386e+04 2.566e+02 3.823e+02
|    ( WDBNDRY_B 0 -4.016e+04 1.004e+02 1.861e+02
|        ( - -3.821e+04 5 0)
|        ( - -1.847e+03 2 0))
|    ( QUESTION5 -1 -4.345e+04 2.565e+02 1.963e+02
|        ( QUESTION6 -1 -1.379e+04 1.212e+02 6.357e+01
|            ( - -1.596e+03 3 0)
|            ( - -1.207e+04 4 0))
|        ( WDBNDRY_B 0 -2.941e+04 1.464e+02 1.327e+02
|            ( - -2.965e+02 2 0)
|            ( - -2.896e+04 4 0))))
s>    ( QUESTION2_20_L -1 -8.386e+04 2.566e+02 3.823e+02
s>        ( WDBNDRY_B 0 -4.016e+04 1.004e+02 1.861e+02
s>            ( - -3.821e+04 5 0)
s>            ( - -1.847e+03 2 0))
s>        ( QUESTION5 -1 -4.345e+04 2.565e+02 1.963e+02
s>            ( QUESTION6 -1 -1.379e+04 1.212e+02 6.357e+01
s>                ( - -1.596e+03 3 0)
s>                ( - -1.207e+04 4 0))
s>            ( WDBNDRY_B 0 -2.941e+04 1.464e+02 1.327e+02
s>                ( - -2.965e+02 2 0)
s>                ( - -2.896e+04 4 0))))INFO: dtree.c(1315): Comp split 31
INFO: dtree.c(1439): stop. leaf nodes are specific
INFO: dtree.c(1478): Final simple tree
|( QUESTION0 1 -1.340e+04 1.255e+02 6.365e+01
|    ( - -1.256e+04 3 0)
|    ( - -7.105e+02 1 0))
s>    ( QUESTION0 1 -1.340e+04 1.255e+02 6.365e+01
s>        ( - -1.256e+04 3 0)
s>        ( - -7.105e+02 1 0))INFO: dtree.c(1315): Comp split 32
INFO: dtree.c(1315): Comp split 33
INFO: dtree.c(1439): stop. leaf nodes are specific
INFO: dtree.c(1478): Final simple tree
|( QUESTION11 -1 -9.478e+04 4.606e+02 4.320e+02
|    ( - 2.419e+02 1 0)
|    ( QUESTION0 1 -9.456e+04 2.393e+02 4.310e+02
|        ( - -7.704e+04 5 0)
|        ( - -1.729e+04 1 0)))
s>    ( QUESTION11 -1 -9.478e+04 4.606e+02 4.320e+02
s>        ( - 2.419e+02 1 0)
s>        ( QUESTION0 1 -9.456e+04 2.393e+02 4.310e+02
s>            ( - -7.704e+04 5 0)
s>            ( - -1.729e+04 1 0)))INFO: dtree.c(1439): stop. leaf nodes are specific
INFO: dtree.c(1478): Final simple tree
|( QUESTION11 -1 -1.982e+04 1.404e+02 9.202e+01
|    ( - -1.921e+04 3 0)
|    ( - -4.780e+02 1 0))
s>    ( QUESTION11 -1 -1.982e+04 1.404e+02 9.202e+01
s>        ( - -1.921e+04 3 0)
s>        ( - -4.780e+02 1 0))INFO: dtree.c(1315): Comp split 34
INFO: dtree.c(1439): stop. leaf nodes are specific
INFO: dtree.c(1478): Final simple tree
|( QUESTION0 1 -9.456e+04 2.393e+02 4.310e+02
|    ( - -7.704e+04 5 0)
|    ( - -1.729e+04 1 0))
s>    ( QUESTION0 1 -9.456e+04 2.393e+02 4.310e+02
s>        ( - -7.704e+04 5 0)
s>        ( - -1.729e+04 1 0))INFO: dtree.c(1315): Comp split 35
INFO: dtree.c(1439): stop. leaf nodes are specific
INFO: dtree.c(1478): Final simple tree
|( QUESTION0_0_R 1 -2.515e+05 1.504e+02 1.205e+03
|    ( - -1.291e+03 1 0)
|    ( - -2.500e+05 23 0))
s>    ( QUESTION0_0_R 1 -2.515e+05 1.504e+02 1.205e+03
s>        ( - -1.291e+03 1 0)
s>        ( - -2.500e+05 23 0))INFO: dtree.c(1315): Comp split 36
INFO: dtree.c(1439): stop. leaf nodes are specific
INFO: dtree.c(1478): Final simple tree
|( QUESTION0_2_R 1 -6.484e+04 1.223e+02 3.136e+02
|    ( - -5.657e+04 5 0)
|    ( - -8.147e+03 3 0))
s>    ( QUESTION0_2_R 1 -6.484e+04 1.223e+02 3.136e+02
s>        ( - -5.657e+04 5 0)
s>        ( - -8.147e+03 3 0))INFO: dtree.c(1315): Comp split 37
INFO: dtree.c(1315): Comp split 38
INFO: dtree.c(1439): stop. leaf nodes are specific
INFO: dtree.c(1478): Final simple tree
|( QUESTION0 -1 -4.457e+04 2.040e+02 2.135e+02
|    ( QUESTION0_0_R 1 -4.411e+04 1.904e+02 2.115e+02
|        ( - -2.314e+04 5 0)
|        ( - -2.077e+04 8 0))
|    ( - -2.566e+02 1 0))
s>    ( QUESTION0 -1 -4.457e+04 2.040e+02 2.135e+02
s>        ( QUESTION0_0_R 1 -4.411e+04 1.904e+02 2.115e+02
s>            ( - -2.314e+04 5 0)
s>            ( - -2.077e+04 8 0))
s>        ( - -2.566e+02 1 0))INFO: dtree.c(1439): stop. leaf nodes are specific
INFO: dtree.c(1478): Final simple tree
|( QUESTION2_0_L -1 -1.993e+06 2.189e+02 9.369e+03
|    ( - -1.988e+06 30 0)
|    ( - -4.743e+03 6 0))
s>    ( QUESTION2_0_L -1 -1.993e+06 2.189e+02 9.369e+03
s>        ( - -1.988e+06 30 0)
s>        ( - -4.743e+03 6 0))INFO: dtree.c(1315): Comp split 39
INFO: dtree.c(1315): Comp split 40
INFO: dtree.c(1315): Comp split 41
INFO: dtree.c(1439): stop. leaf nodes are specific
INFO: dtree.c(1478): Final simple tree
|( QUESTION11 -1 -2.222e+04 2.331e+02 1.037e+02
|    ( - -5.319e+03 1 0)
|    ( WDBNDRY_B 0 -1.667e+04 1.864e+02 7.771e+01
|        ( - -1.157e+04 5 0)
|        ( - -4.914e+03 2 0)))
s>    ( QUESTION11 -1 -2.222e+04 2.331e+02 1.037e+02
s>        ( - -5.319e+03 1 0)
s>        ( WDBNDRY_B 0 -1.667e+04 1.864e+02 7.771e+01
s>            ( - -1.157e+04 5 0)
s>            ( - -4.914e+03 2 0)))INFO: dtree.c(1439): stop. leaf nodes are specific
INFO: dtree.c(1478): Final simple tree
|( QUESTION13 -1 -7.817e+04 1.397e+02 3.623e+02
|    ( - -1.185e+03 2 0)
|    ( WDBNDRY_B 0 -7.685e+04 1.169e+02 3.563e+02
|        ( - -7.640e+04 8 0)
|        ( - -3.351e+02 2 0)))
s>    ( QUESTION13 -1 -7.817e+04 1.397e+02 3.623e+02
s>        ( - -1.185e+03 2 0)
s>        ( WDBNDRY_B 0 -7.685e+04 1.169e+02 3.563e+02
s>            ( - -7.640e+04 8 0)
s>            ( - -3.351e+02 2 0)))INFO: dtree.c(1315): Comp split 42
INFO: dtree.c(1315): Comp split 43
INFO: dtree.c(1439): stop. leaf nodes are specific
INFO: dtree.c(1478): Final simple tree
|( QUESTION0_1_R 1 -3.565e+04 2.062e+02 1.692e+02
|    ( - -1.485e+04 3 0)
|    ( - -2.059e+04 6 0))
s>    ( QUESTION0_1_R 1 -3.565e+04 2.062e+02 1.692e+02
s>        ( - -1.485e+04 3 0)
s>        ( - -2.059e+04 6 0))INFO: dtree.c(1315): Comp split 44
INFO: dtree.c(1439): stop. leaf nodes are specific
INFO: dtree.c(1478): Final simple tree
|( QUESTION5 -1 -4.173e+04 2.565e+02 1.883e+02
|    ( - -1.207e+04 4 0)
|    ( WDBNDRY_B 0 -2.941e+04 1.464e+02 1.327e+02
|        ( - -2.965e+02 2 0)
|        ( - -2.896e+04 4 0)))
s>    ( QUESTION5 -1 -4.173e+04 2.565e+02 1.883e+02
s>        ( - -1.207e+04 4 0)
s>        ( WDBNDRY_B 0 -2.941e+04 1.464e+02 1.327e+02
s>            ( - -2.965e+02 2 0)
s>            ( - -2.896e+04 4 0)))INFO: dtree.c(1439): stop. leaf nodes are specific
INFO: dtree.c(1478): Final simple tree
|( QUESTION5 -1 -4.187e+04 1.145e+02 1.941e+02
|    ( - -1.596e+03 3 0)
|    ( WDBNDRY_B 0 -4.016e+04 1.004e+02 1.861e+02
|        ( - -3.821e+04 5 0)
|        ( - -1.847e+03 2 0)))
s>    ( QUESTION5 -1 -4.187e+04 1.145e+02 1.941e+02
s>        ( - -1.596e+03 3 0)
s>        ( WDBNDRY_B 0 -4.016e+04 1.004e+02 1.861e+02
s>            ( - -3.821e+04 5 0)
s>            ( - -1.847e+03 2 0)))INFO: dtree.c(1315): Comp split 45
INFO: dtree.c(1439): stop. leaf nodes are specific
INFO: dtree.c(1478): Final simple tree
|( WDBNDRY_B 0 -2.941e+04 1.464e+02 1.327e+02
|    ( - -2.965e+02 2 0)
|    ( - -2.896e+04 4 0))
s>    ( WDBNDRY_B 0 -2.941e+04 1.464e+02 1.327e+02
s>        ( - -2.965e+02 2 0)
s>        ( - -2.896e+04 4 0))INFO: dtree.c(1315): Comp split 46
INFO: dtree.c(1439): stop. leaf nodes are specific
INFO: dtree.c(1478): Final simple tree
|( QUESTION0_8_R 1 -3.768e+04 2.181e+02 1.807e+02
|    ( - -5.241e+03 3 0)
|    ( QUESTION0_1_R 1 -3.222e+04 2.119e+02 1.557e+02
|        ( - -4.265e+03 3 0)
|        ( - -2.775e+04 5 0)))
s>    ( QUESTION0_8_R 1 -3.768e+04 2.181e+02 1.807e+02
s>        ( - -5.241e+03 3 0)
s>        ( QUESTION0_1_R 1 -3.222e+04 2.119e+02 1.557e+02
s>            ( - -4.265e+03 3 0)
s>            ( - -2.775e+04 5 0)))INFO: dtree.c(1315): Comp split 47
INFO: dtree.c(1315): Comp split 48
INFO: dtree.c(1439): stop. leaf nodes are specific
INFO: dtree.c(1478): Final simple tree
|( WDBNDRY_B 0 -1.667e+04 1.864e+02 7.771e+01
|    ( - -1.157e+04 5 0)
|    ( - -4.914e+03 2 0))
s>    ( WDBNDRY_B 0 -1.667e+04 1.864e+02 7.771e+01
s>        ( - -1.157e+04 5 0)
s>        ( - -4.914e+03 2 0))INFO: dtree.c(1315): Comp split 49
INFO: dtree.c(1439): stop. leaf nodes are specific
INFO: dtree.c(1478): Final simple tree
|( QUESTION0_0_R 1 -2.513e+03 1.694e+02 1.300e+01
|    ( - -1.884e+03 1 0)
|    ( - -4.598e+02 1 0))
s>    ( QUESTION0_0_R 1 -2.513e+03 1.694e+02 1.300e+01
s>        ( - -1.884e+03 1 0)
s>        ( - -4.598e+02 1 0))INFO: dtree.c(1315): Comp split 50
INFO: dtree.c(1315): Comp split 51
INFO: dtree.c(1439): stop. leaf nodes are specific
INFO: dtree.c(1478): Final simple tree
|( QUESTION0_1_R 1 -3.222e+04 2.119e+02 1.557e+02
|    ( - -4.265e+03 3 0)
|    ( - -2.775e+04 5 0))
s>    ( QUESTION0_1_R 1 -3.222e+04 2.119e+02 1.557e+02
s>        ( - -4.265e+03 3 0)
s>        ( - -2.775e+04 5 0))INFO: dtree.c(1315): Comp split 52
INFO: dtree.c(1315): Comp split 53
INFO: dtree.c(1315): Comp split 54
INFO: dtree.c(1439): stop. leaf nodes are specific
INFO: dtree.c(1478): Final simple tree
|( QUESTION0_0_R 1 -4.411e+04 1.904e+02 2.115e+02
|    ( - -2.314e+04 5 0)
|    ( - -2.077e+04 8 0))
s>    ( QUESTION0_0_R 1 -4.411e+04 1.904e+02 2.115e+02
s>        ( - -2.314e+04 5 0)
s>        ( - -2.077e+04 8 0))INFO: dtree.c(1315): Comp split 55
INFO: dtree.c(1315): Comp split 56
INFO: dtree.c(1315): Comp split 57
INFO: dtree.c(1315): Comp split 58
INFO: dtree.c(1315): Comp split 59
INFO: dtree.c(1315): Comp split 60
INFO: dtree.c(1439): stop. leaf nodes are specific
INFO: dtree.c(1478): Final simple tree
|( QUESTION0 1 -1.889e+05 9.514e+01 8.774e+02
|    ( - -1.875e+05 7 0)
|    ( - -1.244e+03 1 0))
s>    ( QUESTION0 1 -1.889e+05 9.514e+01 8.774e+02
s>        ( - -1.875e+05 7 0)
s>        ( - -1.244e+03 1 0))INFO: dtree.c(1315): Comp split 61
INFO: dtree.c(1315): Comp split 62
INFO: dtree.c(1315): Comp split 63
INFO: dtree.c(1315): Comp split 64
INFO: dtree.c(1315): Comp split 65
INFO: dtree.c(1439): stop. leaf nodes are specific
INFO: dtree.c(1478): Final simple tree
|( WDBNDRY_B 0 -7.685e+04 1.169e+02 3.563e+02
|    ( - -7.640e+04 8 0)
|    ( - -3.351e+02 2 0))
s>    ( WDBNDRY_B 0 -7.685e+04 1.169e+02 3.563e+02
s>        ( - -7.640e+04 8 0)
s>        ( - -3.351e+02 2 0))INFO: dtree.c(1315): Comp split 66
INFO: dtree.c(1315): Comp split 67
INFO: dtree.c(1315): Comp split 68
INFO: dtree.c(1315): Comp split 69
INFO: dtree.c(1439): stop. leaf nodes are specific
INFO: dtree.c(1478): Final simple tree
|( WDBNDRY_B 0 -4.016e+04 1.004e+02 1.861e+02
|    ( - -3.821e+04 5 0)
|    ( - -1.847e+03 2 0))
s>    ( WDBNDRY_B 0 -4.016e+04 1.004e+02 1.861e+02
s>        ( - -3.821e+04 5 0)
s>        ( - -1.847e+03 2 0))INFO: dtree.c(1315): Comp split 70
INFO: dtree.c(1315): Comp split 71
INFO: dtree.c(1315): Comp split 72
INFO: dtree.c(1315): Comp split 73
INFO: dtree.c(1318): stop. leaf nodes are specific
Mon Apr 24 17:46:45 2023
