Current configuration:
[NAME]		[DEFLT]	[VALUE]
-allphones	no	no
-cntthresh	0.00001	1.000000e-05
-csplitmax	100	2000
-csplitmin	1	1
-csplitthr	8e-4	0.000000e+00
-example	no	no
-fullvar	no	no
-help		no	no
-meanfn			/home/lucija/Documents/Zadnji semestar/ROGJ/Prezentacije/CMUspinx/tutorial15/model_parameters/my_db.cd_cont_untied/means
-mixwfn			/home/lucija/Documents/Zadnji semestar/ROGJ/Prezentacije/CMUspinx/tutorial15/model_parameters/my_db.cd_cont_untied/mixture_weights
-moddeffn		/home/lucija/Documents/Zadnji semestar/ROGJ/Prezentacije/CMUspinx/tutorial15/model_architecture/my_db.untied.mdef
-mwfloor	1e-4	1.000000e-08
-phone			l
-psetfn			/home/lucija/Documents/Zadnji semestar/ROGJ/Prezentacije/CMUspinx/tutorial15/model_architecture/my_db.tree_questions
-ssplitmax	5	7
-ssplitmin	1	1
-ssplitthr	8e-4	0.000000e+00
-state			2
-stwt			1.0,0.05,0.0,
-treefn			/home/lucija/Documents/Zadnji semestar/ROGJ/Prezentacije/CMUspinx/tutorial15/trees/my_db.unpruned/l-2.dtree
-ts2cbfn	.semi.	.cont.
-varfloor	0.00001	1.000000e-05
-varfn			/home/lucija/Documents/Zadnji semestar/ROGJ/Prezentacije/CMUspinx/tutorial15/model_parameters/my_db.cd_cont_untied/variances

INFO: main.c(223): Reading: /home/lucija/Documents/Zadnji semestar/ROGJ/Prezentacije/CMUspinx/tutorial15/model_architecture/my_db.untied.mdef
INFO: model_def_io.c(573): Model definition info:
INFO: model_def_io.c(574): 12056 total models defined (32 base, 12024 tri)
INFO: model_def_io.c(575): 48224 total states
INFO: model_def_io.c(576): 36168 total tied states
INFO: model_def_io.c(577): 96 total tied CI states
INFO: model_def_io.c(578): 32 total tied transition matrices
INFO: model_def_io.c(579): 4 max state/model
INFO: model_def_io.c(580): 4 min state/model
INFO: main.c(242): Building trees for [l NOISE a b] through [l š o i]
INFO: main.c(268): Covering states |[17280 17960]| == 681
INFO: main.c(275): Reading: /home/lucija/Documents/Zadnji semestar/ROGJ/Prezentacije/CMUspinx/tutorial15/model_parameters/my_db.cd_cont_untied/mixture_weights
INFO: s3mixw_io.c(172): Read /home/lucija/Documents/Zadnji semestar/ROGJ/Prezentacije/CMUspinx/tutorial15/model_parameters/my_db.cd_cont_untied/mixture_weights [681x1x1 array]
INFO: main.c(311): 226 of 227 models have observation count greater than 0.000010
INFO: main.c(95): nrm stwt: 0.000 0.048 0.952 
INFO: s3gau_io.c(168): Read /home/lucija/Documents/Zadnji semestar/ROGJ/Prezentacije/CMUspinx/tutorial15/model_parameters/my_db.cd_cont_untied/means [36168x1x1 array]
INFO: s3gau_io.c(168): Read /home/lucija/Documents/Zadnji semestar/ROGJ/Prezentacije/CMUspinx/tutorial15/model_parameters/my_db.cd_cont_untied/variances [36168x1x1 array]
INFO: main.c(549): Reading: /home/lucija/Documents/Zadnji semestar/ROGJ/Prezentacije/CMUspinx/tutorial15/model_architecture/my_db.tree_questions
INFO: main.c(587): 176 total simple questions (168 phone; 8 word bndry)
INFO: main.c(589): 42 Left Only questions, and 42 Right Only questions
INFO: dtree.c(1478): Final simple tree
|( QUESTION10 -1 -5.524e+06 2.861e+04 2.454e+04
|    ( - -9.382e+05 26 0 QUESTION18 -1 1.603e+03 4.179e+03)
|    ( QUESTION6 -1 -4.557e+06 1.825e+04 2.036e+04
|        ( - -9.451e+05 13 0 WDBNDRY_B 0 1.479e+02 4.282e+03)
|        ( QUESTION0_20_R 1 -3.594e+06 1.257e+04 1.608e+04
|            ( QUESTION4 -1 -3.186e+06 5.044e+03 1.428e+04
|                ( QUESTION2_16_L -1 -4.548e+05 3.132e+03 2.008e+03
|                    ( - -2.834e+05 11 0 QUESTION5 -1 8.644e+02 1.251e+03)
|                    ( - -1.683e+05 14 0 QUESTION2_20_L -1 1.035e+03 7.564e+02))
|                ( QUESTION2 -1 -2.726e+06 2.631e+03 1.227e+04
|                    ( - -2.237e+05 19 0 WDBNDRY_B 0 3.870e+02 1.028e+03)
|                    ( - -2.500e+06 67 0 WDBNDRY_B 0 2.386e+03 1.124e+04)))
|            ( QUESTION0_14_R 1 -3.955e+05 2.400e+03 1.804e+03
|                ( - -2.490e+05 22 0 WDBNDRY_E 0 8.248e+02 1.148e+03)
|                ( - -1.441e+05 54 0 QUESTION19 1 8.927e+02 6.558e+02)))))
s>    ( QUESTION10 -1 -5.524e+06 2.861e+04 2.454e+04
s>        ( - -9.382e+05 26 0 QUESTION18 -1 1.603e+03 4.179e+03)
s>        ( QUESTION6 -1 -4.557e+06 1.825e+04 2.036e+04
s>            ( - -9.451e+05 13 0 WDBNDRY_B 0 1.479e+02 4.282e+03)
s>            ( QUESTION0_20_R 1 -3.594e+06 1.257e+04 1.608e+04
s>                ( QUESTION4 -1 -3.186e+06 5.044e+03 1.428e+04
s>                    ( QUESTION2_16_L -1 -4.548e+05 3.132e+03 2.008e+03
s>                        ( - -2.834e+05 11 0 QUESTION5 -1 8.644e+02 1.251e+03)
s>                        ( - -1.683e+05 14 0 QUESTION2_20_L -1 1.035e+03 7.564e+02))
s>                    ( QUESTION2 -1 -2.726e+06 2.631e+03 1.227e+04
s>                        ( - -2.237e+05 19 0 WDBNDRY_B 0 3.870e+02 1.028e+03)
s>                        ( - -2.500e+06 67 0 WDBNDRY_B 0 2.386e+03 1.124e+04)))
s>                ( QUESTION0_14_R 1 -3.955e+05 2.400e+03 1.804e+03
s>                    ( - -2.490e+05 22 0 WDBNDRY_E 0 8.248e+02 1.148e+03)
s>                    ( - -1.441e+05 54 0 QUESTION19 1 8.927e+02 6.558e+02)))))INFO: dtree.c(1315): Comp split 0
INFO: dtree.c(1478): Final simple tree
|( QUESTION0_20_R 1 -3.422e+06 1.253e+04 1.533e+04
|    ( QUESTION7 -1 -3.014e+06 4.387e+03 1.352e+04
|        ( - -2.600e+05 6 0 WDBNDRY_B 0 4.567e+02 1.149e+03)
|        ( QUESTION2_1_L -1 -2.749e+06 2.720e+03 1.237e+04
|            ( - -2.613e+05 29 0 QUESTION3 -1 7.222e+02 1.195e+03)
|            ( WDBNDRY_B 0 -2.485e+06 2.378e+03 1.118e+04
|                ( - -2.295e+05 30 0 QUESTION0 -1 2.372e+02 1.029e+03)
|                ( - -2.253e+06 32 0 WDBNDRY_E 0 2.382e+02 1.015e+04))))
|    ( QUESTION0_14_R 1 -3.955e+05 2.400e+03 1.804e+03
|        ( WDBNDRY_E 0 -2.490e+05 8.248e+02 1.148e+03
|            ( - -1.950e+04 9 0 QUESTION0_15_R 1 1.219e+02 9.174e+01)
|            ( - -2.287e+05 13 0 QUESTION0_15_R 1 4.583e+02 1.056e+03))
|        ( QUESTION19 1 -1.441e+05 8.927e+02 6.558e+02
|            ( - -1.697e+04 13 0 QUESTION0 -1 4.609e+02 7.660e+01)
|            ( - -1.263e+05 41 0 WDBNDRY_E 0 7.882e+02 5.792e+02))))
s>    ( QUESTION0_20_R 1 -3.422e+06 1.253e+04 1.533e+04
s>        ( QUESTION7 -1 -3.014e+06 4.387e+03 1.352e+04
s>            ( - -2.600e+05 6 0 WDBNDRY_B 0 4.567e+02 1.149e+03)
s>            ( QUESTION2_1_L -1 -2.749e+06 2.720e+03 1.237e+04
s>                ( - -2.613e+05 29 0 QUESTION3 -1 7.222e+02 1.195e+03)
s>                ( WDBNDRY_B 0 -2.485e+06 2.378e+03 1.118e+04
s>                    ( - -2.295e+05 30 0 QUESTION0 -1 2.372e+02 1.029e+03)
s>                    ( - -2.253e+06 32 0 WDBNDRY_E 0 2.382e+02 1.015e+04))))
s>        ( QUESTION0_14_R 1 -3.955e+05 2.400e+03 1.804e+03
s>            ( WDBNDRY_E 0 -2.490e+05 8.248e+02 1.148e+03
s>                ( - -1.950e+04 9 0 QUESTION0_15_R 1 1.219e+02 9.174e+01)
s>                ( - -2.287e+05 13 0 QUESTION0_15_R 1 4.583e+02 1.056e+03))
s>            ( QUESTION19 1 -1.441e+05 8.927e+02 6.558e+02
s>                ( - -1.697e+04 13 0 QUESTION0 -1 4.609e+02 7.660e+01)
s>                ( - -1.263e+05 41 0 WDBNDRY_E 0 7.882e+02 5.792e+02))))INFO: dtree.c(1478): Final simple tree
|( QUESTION5 -1 -2.072e+06 1.695e+04 9.217e+03
|    ( - -9.451e+05 13 0 WDBNDRY_B 0 1.479e+02 4.282e+03)
|    ( QUESTION2_8_L -1 -1.110e+06 3.825e+03 4.935e+03
|        ( - -8.425e+05 14 0 QUESTION17 -1 3.918e+02 3.749e+03)
|        ( QUESTION16 -1 -2.632e+05 9.384e+02 1.186e+03
|            ( WDBNDRY_I 0 -6.652e+04 5.365e+02 3.069e+02
|                ( - -6.145e+04 2 0 QUESTION2_7_L -1 2.409e+02 2.867e+02)
|                ( - -4.537e+03 4 0 WDBNDRY_B 0 2.219e+02 2.018e+01))
|            ( QUESTION2_20_L -1 -1.958e+05 9.045e+02 8.791e+02
|                ( - -1.019e+05 6 0 WDBNDRY_B 0 1.956e+02 4.602e+02)
|                ( QUESTION12 -1 -9.299e+04 8.154e+02 4.189e+02
|                    ( - -1.303e+04 4 0)
|                    ( QUESTION14 -1 -7.914e+04 7.482e+02 3.606e+02
|                        ( - -1.254e+04 1 0)
|                        ( - -6.585e+04 9 0 QUESTION2 -1 2.162e+02 2.982e+02)))))))
s>    ( QUESTION5 -1 -2.072e+06 1.695e+04 9.217e+03
s>        ( - -9.451e+05 13 0 WDBNDRY_B 0 1.479e+02 4.282e+03)
s>        ( QUESTION2_8_L -1 -1.110e+06 3.825e+03 4.935e+03
s>            ( - -8.425e+05 14 0 QUESTION17 -1 3.918e+02 3.749e+03)
s>            ( QUESTION16 -1 -2.632e+05 9.384e+02 1.186e+03
s>                ( WDBNDRY_I 0 -6.652e+04 5.365e+02 3.069e+02
s>                    ( - -6.145e+04 2 0 QUESTION2_7_L -1 2.409e+02 2.867e+02)
s>                    ( - -4.537e+03 4 0 WDBNDRY_B 0 2.219e+02 2.018e+01))
s>                ( QUESTION2_20_L -1 -1.958e+05 9.045e+02 8.791e+02
s>                    ( - -1.019e+05 6 0 WDBNDRY_B 0 1.956e+02 4.602e+02)
s>                    ( QUESTION12 -1 -9.299e+04 8.154e+02 4.189e+02
s>                        ( - -1.303e+04 4 0)
s>                        ( QUESTION14 -1 -7.914e+04 7.482e+02 3.606e+02
s>                            ( - -1.254e+04 1 0)
s>                            ( - -6.585e+04 9 0 QUESTION2 -1 2.162e+02 2.982e+02)))))))INFO: dtree.c(1315): Comp split 1
INFO: dtree.c(1478): Final simple tree
|( QUESTION2_8_L -1 -1.110e+06 3.825e+03 4.935e+03
|    ( QUESTION17 -1 -8.425e+05 3.918e+02 3.749e+03
|        ( - -2.553e+04 6 0 WDBNDRY_B 0 1.436e+02 1.177e+02)
|        ( - -8.166e+05 8 0 WDBNDRY_B 0 3.491e+02 3.632e+03))
|    ( QUESTION16 -1 -2.632e+05 9.384e+02 1.186e+03
|        ( WDBNDRY_I 0 -6.652e+04 5.365e+02 3.069e+02
|            ( - -6.145e+04 2 0 QUESTION2_7_L -1 2.409e+02 2.867e+02)
|            ( - -4.537e+03 4 0 WDBNDRY_B 0 2.219e+02 2.018e+01))
|        ( QUESTION2_20_L -1 -1.958e+05 9.045e+02 8.791e+02
|            ( - -1.019e+05 6 0 WDBNDRY_B 0 1.956e+02 4.602e+02)
|            ( QUESTION12 -1 -9.299e+04 8.154e+02 4.189e+02
|                ( - -1.303e+04 4 0)
|                ( QUESTION14 -1 -7.914e+04 7.482e+02 3.606e+02
|                    ( - -1.254e+04 1 0)
|                    ( - -6.585e+04 9 0 QUESTION2 -1 2.162e+02 2.982e+02))))))
s>    ( QUESTION2_8_L -1 -1.110e+06 3.825e+03 4.935e+03
s>        ( QUESTION17 -1 -8.425e+05 3.918e+02 3.749e+03
s>            ( - -2.553e+04 6 0 WDBNDRY_B 0 1.436e+02 1.177e+02)
s>            ( - -8.166e+05 8 0 WDBNDRY_B 0 3.491e+02 3.632e+03))
s>        ( QUESTION16 -1 -2.632e+05 9.384e+02 1.186e+03
s>            ( WDBNDRY_I 0 -6.652e+04 5.365e+02 3.069e+02
s>                ( - -6.145e+04 2 0 QUESTION2_7_L -1 2.409e+02 2.867e+02)
s>                ( - -4.537e+03 4 0 WDBNDRY_B 0 2.219e+02 2.018e+01))
s>            ( QUESTION2_20_L -1 -1.958e+05 9.045e+02 8.791e+02
s>                ( - -1.019e+05 6 0 WDBNDRY_B 0 1.956e+02 4.602e+02)
s>                ( QUESTION12 -1 -9.299e+04 8.154e+02 4.189e+02
s>                    ( - -1.303e+04 4 0)
s>                    ( QUESTION14 -1 -7.914e+04 7.482e+02 3.606e+02
s>                        ( - -1.254e+04 1 0)
s>                        ( - -6.585e+04 9 0 QUESTION2 -1 2.162e+02 2.982e+02))))))INFO: dtree.c(1439): stop. leaf nodes are specific
INFO: dtree.c(1478): Final simple tree
|( WDBNDRY_B 0 -9.451e+05 1.479e+02 4.282e+03
|    ( - -2.400e+03 4 0)
|    ( - -9.425e+05 9 0))
s>    ( WDBNDRY_B 0 -9.451e+05 1.479e+02 4.282e+03
s>        ( - -2.400e+03 4 0)
s>        ( - -9.425e+05 9 0))INFO: dtree.c(1315): Comp split 2
INFO: dtree.c(1478): Final simple tree
|( QUESTION0_14_R 1 -3.955e+05 2.400e+03 1.804e+03
|    ( WDBNDRY_E 0 -2.490e+05 8.248e+02 1.148e+03
|        ( - -1.950e+04 9 0 QUESTION0_15_R 1 1.219e+02 9.174e+01)
|        ( QUESTION0_15_R 1 -2.287e+05 4.583e+02 1.056e+03
|            ( - -2.201e+05 8 0 QUESTION0_16_R 1 7.304e+01 1.018e+03)
|            ( - -8.072e+03 5 0 QUESTION0 -1 2.766e+02 3.801e+01)))
|    ( QUESTION19 1 -1.441e+05 8.927e+02 6.558e+02
|        ( QUESTION0 -1 -1.697e+04 4.609e+02 7.660e+01
|            ( - -1.675e+04 12 0 WDBNDRY_E 0 1.640e+02 7.560e+01)
|            ( - 2.412e+02 1 0))
|        ( WDBNDRY_E 0 -1.263e+05 7.882e+02 5.792e+02
|            ( QUESTION0_5_R 1 -6.307e+04 4.712e+02 2.912e+02
|                ( - 2.414e+02 1 0)
|                ( - -6.284e+04 23 0 QUESTION9 1 4.258e+02 2.902e+02))
|            ( - -6.241e+04 17 0 QUESTION0_10_R 1 1.811e+02 2.880e+02))))
s>    ( QUESTION0_14_R 1 -3.955e+05 2.400e+03 1.804e+03
s>        ( WDBNDRY_E 0 -2.490e+05 8.248e+02 1.148e+03
s>            ( - -1.950e+04 9 0 QUESTION0_15_R 1 1.219e+02 9.174e+01)
s>            ( QUESTION0_15_R 1 -2.287e+05 4.583e+02 1.056e+03
s>                ( - -2.201e+05 8 0 QUESTION0_16_R 1 7.304e+01 1.018e+03)
s>                ( - -8.072e+03 5 0 QUESTION0 -1 2.766e+02 3.801e+01)))
s>        ( QUESTION19 1 -1.441e+05 8.927e+02 6.558e+02
s>            ( QUESTION0 -1 -1.697e+04 4.609e+02 7.660e+01
s>                ( - -1.675e+04 12 0 WDBNDRY_E 0 1.640e+02 7.560e+01)
s>                ( - 2.412e+02 1 0))
s>            ( WDBNDRY_E 0 -1.263e+05 7.882e+02 5.792e+02
s>                ( QUESTION0_5_R 1 -6.307e+04 4.712e+02 2.912e+02
s>                    ( - 2.414e+02 1 0)
s>                    ( - -6.284e+04 23 0 QUESTION9 1 4.258e+02 2.902e+02))
s>                ( - -6.241e+04 17 0 QUESTION0_10_R 1 1.811e+02 2.880e+02))))INFO: dtree.c(1478): Final simple tree
|( QUESTION7 -1 -3.014e+06 4.387e+03 1.352e+04
|    ( WDBNDRY_B 0 -2.600e+05 4.567e+02 1.149e+03
|        ( - 2.163e+02 1 0)
|        ( - -2.597e+05 5 0))
|    ( QUESTION2_1_L -1 -2.749e+06 2.720e+03 1.237e+04
|        ( QUESTION3 -1 -2.613e+05 7.222e+02 1.195e+03
|            ( WDBNDRY_B 0 -2.237e+05 3.870e+02 1.028e+03
|                ( - -1.229e+04 10 0)
|                ( - -2.110e+05 9 0))
|            ( QUESTION0 -1 -3.692e+04 3.232e+02 1.673e+02
|                ( - -1.404e+04 5 0 WDBNDRY_B 0 1.828e+02 6.541e+01)
|                ( - -2.256e+04 5 0 WDBNDRY_B 0 1.906e+02 1.019e+02)))
|        ( WDBNDRY_B 0 -2.485e+06 2.378e+03 1.118e+04
|            ( - -2.295e+05 30 0 QUESTION0 -1 2.372e+02 1.029e+03)
|            ( - -2.253e+06 32 0 WDBNDRY_E 0 2.382e+02 1.015e+04))))
s>    ( QUESTION7 -1 -3.014e+06 4.387e+03 1.352e+04
s>        ( WDBNDRY_B 0 -2.600e+05 4.567e+02 1.149e+03
s>            ( - 2.163e+02 1 0)
s>            ( - -2.597e+05 5 0))
s>        ( QUESTION2_1_L -1 -2.749e+06 2.720e+03 1.237e+04
s>            ( QUESTION3 -1 -2.613e+05 7.222e+02 1.195e+03
s>                ( WDBNDRY_B 0 -2.237e+05 3.870e+02 1.028e+03
s>                    ( - -1.229e+04 10 0)
s>                    ( - -2.110e+05 9 0))
s>                ( QUESTION0 -1 -3.692e+04 3.232e+02 1.673e+02
s>                    ( - -1.404e+04 5 0 WDBNDRY_B 0 1.828e+02 6.541e+01)
s>                    ( - -2.256e+04 5 0 WDBNDRY_B 0 1.906e+02 1.019e+02)))
s>            ( WDBNDRY_B 0 -2.485e+06 2.378e+03 1.118e+04
s>                ( - -2.295e+05 30 0 QUESTION0 -1 2.372e+02 1.029e+03)
s>                ( - -2.253e+06 32 0 WDBNDRY_E 0 2.382e+02 1.015e+04))))INFO: dtree.c(1315): Comp split 3
INFO: dtree.c(1439): stop. leaf nodes are specific
INFO: dtree.c(1478): Final simple tree
|( WDBNDRY_B 0 -5.031e+05 1.449e+03 2.232e+03
|    ( QUESTION0 -1 -2.420e+05 2.182e+02 1.084e+03
|        ( - -2.193e+05 24 0)
|        ( QUESTION2 -1 -2.249e+04 1.981e+02 1.017e+02
|            ( - -1.229e+04 10 0)
|            ( SILENCE -1 -1.000e+04 1.395e+02 4.668e+01
|                ( - -7.403e+03 4 0)
|                ( - -2.459e+03 2 0))))
|    ( - -2.597e+05 5 0))
s>    ( WDBNDRY_B 0 -5.031e+05 1.449e+03 2.232e+03
s>        ( QUESTION0 -1 -2.420e+05 2.182e+02 1.084e+03
s>            ( - -2.193e+05 24 0)
s>            ( QUESTION2 -1 -2.249e+04 1.981e+02 1.017e+02
s>                ( - -1.229e+04 10 0)
s>                ( SILENCE -1 -1.000e+04 1.395e+02 4.668e+01
s>                    ( - -7.403e+03 4 0)
s>                    ( - -2.459e+03 2 0))))
s>        ( - -2.597e+05 5 0))INFO: dtree.c(1478): Final simple tree
|( QUESTION2_0_L -1 -2.505e+06 2.652e+03 1.129e+04
|    ( WDBNDRY_E 0 -2.253e+06 2.382e+02 1.015e+04
|        ( - -6.882e+03 7 0 QUESTION0 1 1.551e+02 3.100e+01)
|        ( - -2.246e+06 25 0))
|    ( QUESTION3 -1 -2.489e+05 7.636e+02 1.141e+03
|        ( - -2.110e+05 9 0)
|        ( QUESTION7 -1 -3.716e+04 4.557e+02 1.683e+02
|            ( - 2.163e+02 1 0)
|            ( QUESTION0 -1 -3.692e+04 3.232e+02 1.673e+02
|                ( WDBNDRY_B 0 -1.404e+04 1.828e+02 6.541e+01
|                    ( - -1.301e+03 3 0)
|                    ( - -1.256e+04 2 0))
|                ( WDBNDRY_B 0 -2.256e+04 1.906e+02 1.019e+02
|                    ( - -1.232e+03 1 0)
|                    ( - -2.113e+04 4 0))))))
s>    ( QUESTION2_0_L -1 -2.505e+06 2.652e+03 1.129e+04
s>        ( WDBNDRY_E 0 -2.253e+06 2.382e+02 1.015e+04
s>            ( - -6.882e+03 7 0 QUESTION0 1 1.551e+02 3.100e+01)
s>            ( - -2.246e+06 25 0))
s>        ( QUESTION3 -1 -2.489e+05 7.636e+02 1.141e+03
s>            ( - -2.110e+05 9 0)
s>            ( QUESTION7 -1 -3.716e+04 4.557e+02 1.683e+02
s>                ( - 2.163e+02 1 0)
s>                ( QUESTION0 -1 -3.692e+04 3.232e+02 1.673e+02
s>                    ( WDBNDRY_B 0 -1.404e+04 1.828e+02 6.541e+01
s>                        ( - -1.301e+03 3 0)
s>                        ( - -1.256e+04 2 0))
s>                    ( WDBNDRY_B 0 -2.256e+04 1.906e+02 1.019e+02
s>                        ( - -1.232e+03 1 0)
s>                        ( - -2.113e+04 4 0))))))INFO: dtree.c(1315): Comp split 4
INFO: dtree.c(1439): stop. leaf nodes are specific
INFO: dtree.c(1478): Final simple tree
|( QUESTION11 -1 -8.563e+05 7.178e+02 3.808e+03
|    ( - -1.303e+04 4 0)
|    ( QUESTION17 -1 -8.425e+05 3.918e+02 3.749e+03
|        ( WDBNDRY_B 0 -2.553e+04 1.436e+02 1.177e+02
|            ( - -5.278e+02 2 0)
|            ( - -2.485e+04 4 0))
|        ( WDBNDRY_B 0 -8.166e+05 3.491e+02 3.632e+03
|            ( - -2.797e+03 2 0)
|            ( WDBNDRY_E 0 -8.135e+05 1.754e+02 3.619e+03
|                ( - -8.495e+02 1 0)
|                ( - -8.124e+05 5 0)))))
s>    ( QUESTION11 -1 -8.563e+05 7.178e+02 3.808e+03
s>        ( - -1.303e+04 4 0)
s>        ( QUESTION17 -1 -8.425e+05 3.918e+02 3.749e+03
s>            ( WDBNDRY_B 0 -2.553e+04 1.436e+02 1.177e+02
s>                ( - -5.278e+02 2 0)
s>                ( - -2.485e+04 4 0))
s>            ( WDBNDRY_B 0 -8.166e+05 3.491e+02 3.632e+03
s>                ( - -2.797e+03 2 0)
s>                ( WDBNDRY_E 0 -8.135e+05 1.754e+02 3.619e+03
s>                    ( - -8.495e+02 1 0)
s>                    ( - -8.124e+05 5 0)))))INFO: dtree.c(1478): Final simple tree
|( QUESTION2 -1 -2.494e+05 9.907e+02 1.128e+03
|    ( QUESTION2_20_L -1 -1.683e+05 1.035e+03 7.564e+02
|        ( - -1.019e+05 6 0 WDBNDRY_B 0 1.956e+02 4.602e+02)
|        ( - -6.540e+04 8 0 WDBNDRY_B 0 2.062e+02 2.962e+02))
|    ( QUESTION14 -1 -8.016e+04 6.311e+02 3.712e+02
|        ( - -1.254e+04 1 0)
|        ( WDBNDRY_I 0 -6.698e+04 5.359e+02 3.089e+02
|            ( QUESTION2_7_L -1 -6.145e+04 2.409e+02 2.867e+02
|                ( - -1.153e+03 1 0)
|                ( - -6.006e+04 1 0))
|            ( WDBNDRY_B 0 -4.995e+03 2.253e+02 2.218e+01
|                ( QUESTION11 -1 -4.122e+03 2.160e+02 1.918e+01
|                    ( - -2.386e+02 1 0)
|                    ( - -3.667e+03 3 0))
|                ( - -6.484e+02 1 0)))))
s>    ( QUESTION2 -1 -2.494e+05 9.907e+02 1.128e+03
s>        ( QUESTION2_20_L -1 -1.683e+05 1.035e+03 7.564e+02
s>            ( - -1.019e+05 6 0 WDBNDRY_B 0 1.956e+02 4.602e+02)
s>            ( - -6.540e+04 8 0 WDBNDRY_B 0 2.062e+02 2.962e+02))
s>        ( QUESTION14 -1 -8.016e+04 6.311e+02 3.712e+02
s>            ( - -1.254e+04 1 0)
s>            ( WDBNDRY_I 0 -6.698e+04 5.359e+02 3.089e+02
s>                ( QUESTION2_7_L -1 -6.145e+04 2.409e+02 2.867e+02
s>                    ( - -1.153e+03 1 0)
s>                    ( - -6.006e+04 1 0))
s>                ( WDBNDRY_B 0 -4.995e+03 2.253e+02 2.218e+01
s>                    ( QUESTION11 -1 -4.122e+03 2.160e+02 1.918e+01
s>                        ( - -2.386e+02 1 0)
s>                        ( - -3.667e+03 3 0))
s>                    ( - -6.484e+02 1 0)))))INFO: dtree.c(1315): Comp split 5
INFO: dtree.c(1439): stop. leaf nodes are specific
INFO: dtree.c(1478): Final simple tree
|( WDBNDRY_E 0 -2.256e+06 2.381e+02 1.016e+04
|    ( QUESTION0 1 -6.882e+03 1.551e+02 3.100e+01
|        ( - -4.668e+03 5 0)
|        ( - -2.059e+03 2 0))
|    ( WDBNDRY_B 0 -2.249e+06 1.459e+02 1.013e+04
|        ( QUESTION0 -1 -2.644e+03 1.109e+02 1.200e+01
|            ( - -1.301e+03 3 0)
|            ( - -1.232e+03 1 0))
|        ( - -2.246e+06 25 0)))
s>    ( WDBNDRY_E 0 -2.256e+06 2.381e+02 1.016e+04
s>        ( QUESTION0 1 -6.882e+03 1.551e+02 3.100e+01
s>            ( - -4.668e+03 5 0)
s>            ( - -2.059e+03 2 0))
s>        ( WDBNDRY_B 0 -2.249e+06 1.459e+02 1.013e+04
s>            ( QUESTION0 -1 -2.644e+03 1.109e+02 1.200e+01
s>                ( - -1.301e+03 3 0)
s>                ( - -1.232e+03 1 0))
s>            ( - -2.246e+06 25 0)))INFO: dtree.c(1439): stop. leaf nodes are specific
INFO: dtree.c(1478): Final simple tree
|( QUESTION3 -1 -2.460e+05 6.987e+02 1.129e+03
|    ( - -2.110e+05 9 0)
|    ( WDBNDRY_B 0 -3.434e+04 4.554e+02 1.563e+02
|        ( - 2.163e+02 1 0)
|        ( QUESTION0 -1 -3.411e+04 4.111e+02 1.553e+02
|            ( - -1.256e+04 2 0)
|            ( - -2.113e+04 4 0))))
s>    ( QUESTION3 -1 -2.460e+05 6.987e+02 1.129e+03
s>        ( - -2.110e+05 9 0)
s>        ( WDBNDRY_B 0 -3.434e+04 4.554e+02 1.563e+02
s>            ( - 2.163e+02 1 0)
s>            ( QUESTION0 -1 -3.411e+04 4.111e+02 1.553e+02
s>                ( - -1.256e+04 2 0)
s>                ( - -2.113e+04 4 0))))INFO: dtree.c(1315): Comp split 6
INFO: dtree.c(1439): stop. leaf nodes are specific
INFO: dtree.c(1478): Final simple tree
|( QUESTION0_16_R 1 -2.201e+05 7.304e+01 1.018e+03
|    ( - -2.190e+05 6 0)
|    ( - -1.054e+03 2 0))
s>    ( QUESTION0_16_R 1 -2.201e+05 7.304e+01 1.018e+03
s>        ( - -2.190e+05 6 0)
s>        ( - -1.054e+03 2 0))INFO: dtree.c(1478): Final simple tree
|( QUESTION19 1 -1.728e+05 9.792e+02 7.855e+02
|    ( QUESTION0 -1 -1.697e+04 4.609e+02 7.660e+01
|        ( - -1.675e+04 12 0 WDBNDRY_E 0 1.640e+02 7.560e+01)
|        ( - 2.412e+02 1 0))
|    ( WDBNDRY_E 0 -1.548e+05 8.503e+02 7.089e+02
|        ( QUESTION9 1 -8.309e+04 5.443e+02 3.829e+02
|            ( - -1.560e+04 3 0)
|            ( QUESTION0_5_R 1 -6.695e+04 4.730e+02 3.099e+02
|                ( - 2.414e+02 1 0)
|                ( QUESTION0_14_R 1 -6.671e+04 3.951e+02 3.089e+02
|                    ( - -1.950e+04 9 0 QUESTION0_15_R 1 1.219e+02 9.174e+01)
|                    ( - -4.682e+04 20 0 QUESTION0 -1 2.913e+02 2.171e+02))))
|        ( QUESTION0_8_R 1 -7.087e+04 4.137e+02 3.260e+02
|            ( - -6.052e+04 13 0 QUESTION0_10_R 1 1.268e+02 2.800e+02)
|            ( - -9.930e+03 9 0 QUESTION0 -1 2.680e+02 4.601e+01))))
s>    ( QUESTION19 1 -1.728e+05 9.792e+02 7.855e+02
s>        ( QUESTION0 -1 -1.697e+04 4.609e+02 7.660e+01
s>            ( - -1.675e+04 12 0 WDBNDRY_E 0 1.640e+02 7.560e+01)
s>            ( - 2.412e+02 1 0))
s>        ( WDBNDRY_E 0 -1.548e+05 8.503e+02 7.089e+02
s>            ( QUESTION9 1 -8.309e+04 5.443e+02 3.829e+02
s>                ( - -1.560e+04 3 0)
s>                ( QUESTION0_5_R 1 -6.695e+04 4.730e+02 3.099e+02
s>                    ( - 2.414e+02 1 0)
s>                    ( QUESTION0_14_R 1 -6.671e+04 3.951e+02 3.089e+02
s>                        ( - -1.950e+04 9 0 QUESTION0_15_R 1 1.219e+02 9.174e+01)
s>                        ( - -4.682e+04 20 0 QUESTION0 -1 2.913e+02 2.171e+02))))
s>            ( QUESTION0_8_R 1 -7.087e+04 4.137e+02 3.260e+02
s>                ( - -6.052e+04 13 0 QUESTION0_10_R 1 1.268e+02 2.800e+02)
s>                ( - -9.930e+03 9 0 QUESTION0 -1 2.680e+02 4.601e+01))))INFO: dtree.c(1315): Comp split 7
INFO: dtree.c(1439): stop. leaf nodes are specific
INFO: dtree.c(1478): Final simple tree
|( WDBNDRY_I 0 -1.085e+05 3.063e+02 4.884e+02
|    ( QUESTION2 -1 -1.027e+05 1.653e+02 4.642e+02
|        ( - -1.014e+05 5 0)
|        ( - -1.153e+03 1 0))
|    ( WDBNDRY_B 0 -5.440e+03 2.207e+02 2.418e+01
|        ( QUESTION11 -1 -4.571e+03 2.063e+02 2.118e+01
|            ( - -2.386e+02 1 0)
|            ( QUESTION2 -1 -4.126e+03 2.141e+02 1.918e+01
|                ( - -2.448e+02 1 0)
|                ( - -3.667e+03 3 0)))
|        ( - -6.484e+02 1 0)))
s>    ( WDBNDRY_I 0 -1.085e+05 3.063e+02 4.884e+02
s>        ( QUESTION2 -1 -1.027e+05 1.653e+02 4.642e+02
s>            ( - -1.014e+05 5 0)
s>            ( - -1.153e+03 1 0))
s>        ( WDBNDRY_B 0 -5.440e+03 2.207e+02 2.418e+01
s>            ( QUESTION11 -1 -4.571e+03 2.063e+02 2.118e+01
s>                ( - -2.386e+02 1 0)
s>                ( QUESTION2 -1 -4.126e+03 2.141e+02 1.918e+01
s>                    ( - -2.448e+02 1 0)
s>                    ( - -3.667e+03 3 0)))
s>            ( - -6.484e+02 1 0)))INFO: dtree.c(1439): stop. leaf nodes are specific
INFO: dtree.c(1478): Final simple tree
|( QUESTION2 -1 -1.393e+05 7.495e+02 6.393e+02
|    ( WDBNDRY_B 0 -6.540e+04 2.062e+02 2.962e+02
|        ( - -3.291e+03 3 0)
|        ( - -6.190e+04 5 0))
|    ( QUESTION11 -1 -7.319e+04 5.930e+02 3.430e+02
|        ( - -1.254e+04 1 0)
|        ( - -6.006e+04 1 0)))
s>    ( QUESTION2 -1 -1.393e+05 7.495e+02 6.393e+02
s>        ( WDBNDRY_B 0 -6.540e+04 2.062e+02 2.962e+02
s>            ( - -3.291e+03 3 0)
s>            ( - -6.190e+04 5 0))
s>        ( QUESTION11 -1 -7.319e+04 5.930e+02 3.430e+02
s>            ( - -1.254e+04 1 0)
s>            ( - -6.006e+04 1 0)))INFO: dtree.c(1315): Comp split 8
INFO: dtree.c(1439): stop. leaf nodes are specific
INFO: dtree.c(1478): Final simple tree
|( QUESTION0 -1 -2.420e+05 2.182e+02 1.084e+03
|    ( - -2.193e+05 24 0)
|    ( QUESTION2 -1 -2.249e+04 1.981e+02 1.017e+02
|        ( - -1.229e+04 10 0)
|        ( SILENCE -1 -1.000e+04 1.395e+02 4.668e+01
|            ( - -7.403e+03 4 0)
|            ( - -2.459e+03 2 0))))
s>    ( QUESTION0 -1 -2.420e+05 2.182e+02 1.084e+03
s>        ( - -2.193e+05 24 0)
s>        ( QUESTION2 -1 -2.249e+04 1.981e+02 1.017e+02
s>            ( - -1.229e+04 10 0)
s>            ( SILENCE -1 -1.000e+04 1.395e+02 4.668e+01
s>                ( - -7.403e+03 4 0)
s>                ( - -2.459e+03 2 0))))INFO: dtree.c(1315): Comp split 9
INFO: dtree.c(1439): stop. leaf nodes are specific
INFO: dtree.c(1478): Final simple tree
|( QUESTION0_6_R 1 -1.719e+04 4.634e+02 7.760e+01
|    ( - 2.414e+02 1 0)
|    ( QUESTION0 -1 -1.697e+04 4.609e+02 7.660e+01
|        ( WDBNDRY_E 0 -1.675e+04 1.640e+02 7.560e+01
|            ( - -1.212e+03 3 0)
|            ( QUESTION0_2_R 1 -1.537e+04 1.706e+02 6.960e+01
|                ( - -1.271e+04 5 0)
|                ( - -2.489e+03 4 0)))
|        ( - 2.412e+02 1 0)))
s>    ( QUESTION0_6_R 1 -1.719e+04 4.634e+02 7.760e+01
s>        ( - 2.414e+02 1 0)
s>        ( QUESTION0 -1 -1.697e+04 4.609e+02 7.660e+01
s>            ( WDBNDRY_E 0 -1.675e+04 1.640e+02 7.560e+01
s>                ( - -1.212e+03 3 0)
s>                ( QUESTION0_2_R 1 -1.537e+04 1.706e+02 6.960e+01
s>                    ( - -1.271e+04 5 0)
s>                    ( - -2.489e+03 4 0)))
s>            ( - 2.412e+02 1 0)))INFO: dtree.c(1478): Final simple tree
|( WDBNDRY_E 0 -1.546e+05 8.517e+02 7.079e+02
|    ( QUESTION9 1 -8.286e+04 5.448e+02 3.819e+02
|        ( - -1.560e+04 3 0)
|        ( QUESTION0_14_R 1 -6.671e+04 3.951e+02 3.089e+02
|            ( - -1.950e+04 9 0 QUESTION0_15_R 1 1.219e+02 9.174e+01)
|            ( QUESTION0 -1 -4.682e+04 2.913e+02 2.171e+02
|                ( SILENCE 1 -4.498e+04 2.997e+02 2.081e+02
|                    ( - -2.591e+04 4 0)
|                    ( - -1.876e+04 15 0 QUESTION0_3_R 1 2.071e+02 8.660e+01))
|                ( - -1.548e+03 1 0))))
|    ( QUESTION0_8_R 1 -7.087e+04 4.137e+02 3.260e+02
|        ( - -6.052e+04 13 0 QUESTION0_10_R 1 1.268e+02 2.800e+02)
|        ( QUESTION0 -1 -9.930e+03 2.680e+02 4.601e+01
|            ( - -7.718e+03 8 0 QUESTION6 1 1.822e+02 3.601e+01)
|            ( - -1.944e+03 1 0))))
s>    ( WDBNDRY_E 0 -1.546e+05 8.517e+02 7.079e+02
s>        ( QUESTION9 1 -8.286e+04 5.448e+02 3.819e+02
s>            ( - -1.560e+04 3 0)
s>            ( QUESTION0_14_R 1 -6.671e+04 3.951e+02 3.089e+02
s>                ( - -1.950e+04 9 0 QUESTION0_15_R 1 1.219e+02 9.174e+01)
s>                ( QUESTION0 -1 -4.682e+04 2.913e+02 2.171e+02
s>                    ( SILENCE 1 -4.498e+04 2.997e+02 2.081e+02
s>                        ( - -2.591e+04 4 0)
s>                        ( - -1.876e+04 15 0 QUESTION0_3_R 1 2.071e+02 8.660e+01))
s>                    ( - -1.548e+03 1 0))))
s>        ( QUESTION0_8_R 1 -7.087e+04 4.137e+02 3.260e+02
s>            ( - -6.052e+04 13 0 QUESTION0_10_R 1 1.268e+02 2.800e+02)
s>            ( QUESTION0 -1 -9.930e+03 2.680e+02 4.601e+01
s>                ( - -7.718e+03 8 0 QUESTION6 1 1.822e+02 3.601e+01)
s>                ( - -1.944e+03 1 0))))INFO: dtree.c(1315): Comp split 10
INFO: dtree.c(1439): stop. leaf nodes are specific
INFO: dtree.c(1478): Final simple tree
|( SILENCE 1 -4.185e+04 3.412e+02 1.946e+02
|    ( - -2.591e+04 4 0)
|    ( - -1.560e+04 3 0))
s>    ( SILENCE 1 -4.185e+04 3.412e+02 1.946e+02
s>        ( - -2.591e+04 4 0)
s>        ( - -1.560e+04 3 0))INFO: dtree.c(1478): Final simple tree
|( WDBNDRY_E 0 -1.118e+05 6.180e+02 5.133e+02
|    ( QUESTION0_15_R 1 -4.034e+04 2.790e+02 1.873e+02
|        ( - -1.885e+04 7 0)
|        ( SILENCE 1 -2.121e+04 2.585e+02 9.860e+01
|            ( - -1.548e+03 1 0)
|            ( QUESTION0_3_R 1 -1.940e+04 2.065e+02 8.960e+01
|                ( - -1.793e+03 1 0)
|                ( - -1.740e+04 16 0 QUESTION16 1 1.783e+02 8.060e+01))))
|    ( QUESTION0_8_R 1 -7.087e+04 4.137e+02 3.260e+02
|        ( - -6.052e+04 13 0 QUESTION0_10_R 1 1.268e+02 2.800e+02)
|        ( QUESTION0 -1 -9.930e+03 2.680e+02 4.601e+01
|            ( QUESTION6 1 -7.718e+03 1.822e+02 3.601e+01
|                ( - -5.367e+03 3 0)
|                ( - -2.169e+03 5 0 QUESTION0_5_R 1 1.662e+02 1.000e+01))
|            ( - -1.944e+03 1 0))))
s>    ( WDBNDRY_E 0 -1.118e+05 6.180e+02 5.133e+02
s>        ( QUESTION0_15_R 1 -4.034e+04 2.790e+02 1.873e+02
s>            ( - -1.885e+04 7 0)
s>            ( SILENCE 1 -2.121e+04 2.585e+02 9.860e+01
s>                ( - -1.548e+03 1 0)
s>                ( QUESTION0_3_R 1 -1.940e+04 2.065e+02 8.960e+01
s>                    ( - -1.793e+03 1 0)
s>                    ( - -1.740e+04 16 0 QUESTION16 1 1.783e+02 8.060e+01))))
s>        ( QUESTION0_8_R 1 -7.087e+04 4.137e+02 3.260e+02
s>            ( - -6.052e+04 13 0 QUESTION0_10_R 1 1.268e+02 2.800e+02)
s>            ( QUESTION0 -1 -9.930e+03 2.680e+02 4.601e+01
s>                ( QUESTION6 1 -7.718e+03 1.822e+02 3.601e+01
s>                    ( - -5.367e+03 3 0)
s>                    ( - -2.169e+03 5 0 QUESTION0_5_R 1 1.662e+02 1.000e+01))
s>                ( - -1.944e+03 1 0))))INFO: dtree.c(1315): Comp split 11
INFO: dtree.c(1439): stop. leaf nodes are specific
INFO: dtree.c(1478): Final simple tree
|( QUESTION17 -1 -8.387e+05 3.845e+02 3.733e+03
|    ( - -2.485e+04 4 0)
|    ( WDBNDRY_E 0 -8.135e+05 1.754e+02 3.619e+03
|        ( - -8.495e+02 1 0)
|        ( - -8.124e+05 5 0)))
s>    ( QUESTION17 -1 -8.387e+05 3.845e+02 3.733e+03
s>        ( - -2.485e+04 4 0)
s>        ( WDBNDRY_E 0 -8.135e+05 1.754e+02 3.619e+03
s>            ( - -8.495e+02 1 0)
s>            ( - -8.124e+05 5 0)))INFO: dtree.c(1439): stop. leaf nodes are specific
INFO: dtree.c(1478): Final simple tree
|( QUESTION19 -1 -1.675e+04 2.416e+02 7.435e+01
|    ( - -2.797e+03 2 0)
|    ( WDBNDRY_B 0 -1.371e+04 1.558e+02 6.135e+01
|        ( - -5.278e+02 2 0)
|        ( - -1.303e+04 4 0)))
s>    ( QUESTION19 -1 -1.675e+04 2.416e+02 7.435e+01
s>        ( - -2.797e+03 2 0)
s>        ( WDBNDRY_B 0 -1.371e+04 1.558e+02 6.135e+01
s>            ( - -5.278e+02 2 0)
s>            ( - -1.303e+04 4 0)))INFO: dtree.c(1315): Comp split 12
INFO: dtree.c(1439): stop. leaf nodes are specific
INFO: dtree.c(1478): Final simple tree
|( QUESTION11 -1 -7.319e+04 5.930e+02 3.430e+02
|    ( - -1.254e+04 1 0)
|    ( - -6.006e+04 1 0))
s>    ( QUESTION11 -1 -7.319e+04 5.930e+02 3.430e+02
s>        ( - -1.254e+04 1 0)
s>        ( - -6.006e+04 1 0))INFO: dtree.c(1439): stop. leaf nodes are specific
INFO: dtree.c(1478): Final simple tree
|( WDBNDRY_B 0 -6.540e+04 2.062e+02 2.962e+02
|    ( - -3.291e+03 3 0)
|    ( - -6.190e+04 5 0))
s>    ( WDBNDRY_B 0 -6.540e+04 2.062e+02 2.962e+02
s>        ( - -3.291e+03 3 0)
s>        ( - -6.190e+04 5 0))INFO: dtree.c(1315): Comp split 13
INFO: dtree.c(1439): stop. leaf nodes are specific
INFO: dtree.c(1478): Final simple tree
|( WDBNDRY_B 0 -3.434e+04 4.554e+02 1.563e+02
|    ( - 2.163e+02 1 0)
|    ( QUESTION0 -1 -3.411e+04 4.111e+02 1.553e+02
|        ( - -1.256e+04 2 0)
|        ( - -2.113e+04 4 0)))
s>    ( WDBNDRY_B 0 -3.434e+04 4.554e+02 1.563e+02
s>        ( - 2.163e+02 1 0)
s>        ( QUESTION0 -1 -3.411e+04 4.111e+02 1.553e+02
s>            ( - -1.256e+04 2 0)
s>            ( - -2.113e+04 4 0)))INFO: dtree.c(1315): Comp split 14
INFO: dtree.c(1478): Final simple tree
|( QUESTION0_15_R 1 -4.255e+04 2.839e+02 1.973e+02
|    ( - -1.885e+04 7 0)
|    ( SILENCE 1 -2.341e+04 2.615e+02 1.086e+02
|        ( - -1.548e+03 1 0)
|        ( WDBNDRY_E 0 -2.160e+04 2.521e+02 9.960e+01
|            ( QUESTION0_3_R 1 -1.940e+04 2.065e+02 8.960e+01
|                ( - -1.793e+03 1 0)
|                ( QUESTION16 1 -1.740e+04 1.783e+02 8.060e+01
|                    ( QUESTION0_1_R 1 -4.782e+03 1.583e+02 2.300e+01
|                        ( - -7.334e+02 1 0)
|                        ( - -3.890e+03 3 0))
|                    ( QUESTION0_8_R 1 -1.244e+04 1.142e+02 5.760e+01
|                        ( - -1.181e+04 10 0 QUESTION0_10_R 1 1.111e+02 5.460e+01)
|                        ( - -5.242e+02 2 0))))
|            ( - -1.944e+03 1 0))))
s>    ( QUESTION0_15_R 1 -4.255e+04 2.839e+02 1.973e+02
s>        ( - -1.885e+04 7 0)
s>        ( SILENCE 1 -2.341e+04 2.615e+02 1.086e+02
s>            ( - -1.548e+03 1 0)
s>            ( WDBNDRY_E 0 -2.160e+04 2.521e+02 9.960e+01
s>                ( QUESTION0_3_R 1 -1.940e+04 2.065e+02 8.960e+01
s>                    ( - -1.793e+03 1 0)
s>                    ( QUESTION16 1 -1.740e+04 1.783e+02 8.060e+01
s>                        ( QUESTION0_1_R 1 -4.782e+03 1.583e+02 2.300e+01
s>                            ( - -7.334e+02 1 0)
s>                            ( - -3.890e+03 3 0))
s>                        ( QUESTION0_8_R 1 -1.244e+04 1.142e+02 5.760e+01
s>                            ( - -1.181e+04 10 0 QUESTION0_10_R 1 1.111e+02 5.460e+01)
s>                            ( - -5.242e+02 2 0))))
s>                ( - -1.944e+03 1 0))))INFO: dtree.c(1439): stop. leaf nodes are specific
INFO: dtree.c(1478): Final simple tree
|( QUESTION6 1 -6.863e+04 3.982e+02 3.160e+02
|    ( - -5.367e+03 3 0)
|    ( QUESTION0_10_R 1 -6.287e+04 1.978e+02 2.900e+02
|        ( - -5.744e+04 8 0)
|        ( QUESTION0_4_R 1 -5.232e+03 1.587e+02 2.400e+01
|            ( - -5.368e+02 1 0)
|            ( QUESTION0_14_R 1 -4.536e+03 1.566e+02 2.100e+01
|                ( - -2.915e+02 1 0)
|                ( QUESTION0_3_R 1 -4.088e+03 1.518e+02 1.900e+01
|                    ( - -3.210e+02 1 0)
|                    ( QUESTION0_1_R 1 -3.616e+03 1.131e+02 1.700e+01
|                        ( - -5.421e+02 2 0)
|                        ( - -2.960e+03 5 0)))))))
s>    ( QUESTION6 1 -6.863e+04 3.982e+02 3.160e+02
s>        ( - -5.367e+03 3 0)
s>        ( QUESTION0_10_R 1 -6.287e+04 1.978e+02 2.900e+02
s>            ( - -5.744e+04 8 0)
s>            ( QUESTION0_4_R 1 -5.232e+03 1.587e+02 2.400e+01
s>                ( - -5.368e+02 1 0)
s>                ( QUESTION0_14_R 1 -4.536e+03 1.566e+02 2.100e+01
s>                    ( - -2.915e+02 1 0)
s>                    ( QUESTION0_3_R 1 -4.088e+03 1.518e+02 1.900e+01
s>                        ( - -3.210e+02 1 0)
s>                        ( QUESTION0_1_R 1 -3.616e+03 1.131e+02 1.700e+01
s>                            ( - -5.421e+02 2 0)
s>                            ( - -2.960e+03 5 0)))))))INFO: dtree.c(1315): Comp split 15
INFO: dtree.c(1315): Comp split 16
INFO: dtree.c(1439): stop. leaf nodes are specific
INFO: dtree.c(1478): Final simple tree
|( QUESTION0 -1 -1.697e+04 4.609e+02 7.660e+01
|    ( WDBNDRY_E 0 -1.675e+04 1.640e+02 7.560e+01
|        ( - -1.212e+03 3 0)
|        ( QUESTION0_2_R 1 -1.537e+04 1.706e+02 6.960e+01
|            ( - -1.271e+04 5 0)
|            ( - -2.489e+03 4 0)))
|    ( - 2.412e+02 1 0))
s>    ( QUESTION0 -1 -1.697e+04 4.609e+02 7.660e+01
s>        ( WDBNDRY_E 0 -1.675e+04 1.640e+02 7.560e+01
s>            ( - -1.212e+03 3 0)
s>            ( QUESTION0_2_R 1 -1.537e+04 1.706e+02 6.960e+01
s>                ( - -1.271e+04 5 0)
s>                ( - -2.489e+03 4 0)))
s>        ( - 2.412e+02 1 0))INFO: dtree.c(1315): Comp split 17
INFO: dtree.c(1439): stop. leaf nodes are specific
INFO: dtree.c(1478): Final simple tree
|( WDBNDRY_E 0 -1.675e+04 1.640e+02 7.560e+01
|    ( - -1.212e+03 3 0)
|    ( QUESTION0_2_R 1 -1.537e+04 1.706e+02 6.960e+01
|        ( - -1.271e+04 5 0)
|        ( - -2.489e+03 4 0)))
s>    ( WDBNDRY_E 0 -1.675e+04 1.640e+02 7.560e+01
s>        ( - -1.212e+03 3 0)
s>        ( QUESTION0_2_R 1 -1.537e+04 1.706e+02 6.960e+01
s>            ( - -1.271e+04 5 0)
s>            ( - -2.489e+03 4 0)))INFO: dtree.c(1315): Comp split 18
INFO: dtree.c(1439): stop. leaf nodes are specific
INFO: dtree.c(1478): Final simple tree
|( QUESTION0 -1 -3.411e+04 4.111e+02 1.553e+02
|    ( - -1.256e+04 2 0)
|    ( - -2.113e+04 4 0))
s>    ( QUESTION0 -1 -3.411e+04 4.111e+02 1.553e+02
s>        ( - -1.256e+04 2 0)
s>        ( - -2.113e+04 4 0))INFO: dtree.c(1315): Comp split 19
INFO: dtree.c(1439): stop. leaf nodes are specific
INFO: dtree.c(1478): Final simple tree
|( QUESTION0_10_R 1 -6.216e+04 1.837e+02 2.870e+02
|    ( - -5.744e+04 8 0)
|    ( QUESTION0_14_R 1 -4.536e+03 1.566e+02 2.100e+01
|        ( - -2.915e+02 1 0)
|        ( QUESTION0_3_R 1 -4.088e+03 1.518e+02 1.900e+01
|            ( - -3.210e+02 1 0)
|            ( QUESTION0_1_R 1 -3.616e+03 1.131e+02 1.700e+01
|                ( - -5.421e+02 2 0)
|                ( - -2.960e+03 5 0)))))
s>    ( QUESTION0_10_R 1 -6.216e+04 1.837e+02 2.870e+02
s>        ( - -5.744e+04 8 0)
s>        ( QUESTION0_14_R 1 -4.536e+03 1.566e+02 2.100e+01
s>            ( - -2.915e+02 1 0)
s>            ( QUESTION0_3_R 1 -4.088e+03 1.518e+02 1.900e+01
s>                ( - -3.210e+02 1 0)
s>                ( QUESTION0_1_R 1 -3.616e+03 1.131e+02 1.700e+01
s>                    ( - -5.421e+02 2 0)
s>                    ( - -2.960e+03 5 0)))))INFO: dtree.c(1439): stop. leaf nodes are specific
INFO: dtree.c(1478): Final simple tree
|( QUESTION0_1_R 1 -6.059e+03 1.551e+02 2.901e+01
|    ( - -5.368e+02 1 0)
|    ( - -5.367e+03 3 0))
s>    ( QUESTION0_1_R 1 -6.059e+03 1.551e+02 2.901e+01
s>        ( - -5.368e+02 1 0)
s>        ( - -5.367e+03 3 0))INFO: dtree.c(1315): Comp split 20
INFO: dtree.c(1315): Comp split 21
INFO: dtree.c(1439): stop. leaf nodes are specific
INFO: dtree.c(1478): Final simple tree
|( WDBNDRY_E 0 -2.587e+04 1.669e+02 1.187e+02
|    ( - -8.495e+02 1 0)
|    ( - -2.485e+04 4 0))
s>    ( WDBNDRY_E 0 -2.587e+04 1.669e+02 1.187e+02
s>        ( - -8.495e+02 1 0)
s>        ( - -2.485e+04 4 0))INFO: dtree.c(1315): Comp split 22
INFO: dtree.c(1315): Comp split 23
INFO: dtree.c(1439): stop. leaf nodes are specific
INFO: dtree.c(1478): Final simple tree
|( WDBNDRY_B 0 -4.537e+03 2.219e+02 2.018e+01
|    ( - -3.667e+03 3 0)
|    ( - -6.484e+02 1 0))
s>    ( WDBNDRY_B 0 -4.537e+03 2.219e+02 2.018e+01
s>        ( - -3.667e+03 3 0)
s>        ( - -6.484e+02 1 0))INFO: dtree.c(1439): stop. leaf nodes are specific
INFO: dtree.c(1478): Final simple tree
|( QUESTION11 -1 -1.036e+05 2.033e+02 4.682e+02
|    ( - -2.386e+02 1 0)
|    ( WDBNDRY_B 0 -1.032e+05 1.960e+02 4.662e+02
|        ( - -2.448e+02 1 0)
|        ( QUESTION2 -1 -1.027e+05 1.653e+02 4.642e+02
|            ( - -1.014e+05 5 0)
|            ( - -1.153e+03 1 0))))
s>    ( QUESTION11 -1 -1.036e+05 2.033e+02 4.682e+02
s>        ( - -2.386e+02 1 0)
s>        ( WDBNDRY_B 0 -1.032e+05 1.960e+02 4.662e+02
s>            ( - -2.448e+02 1 0)
s>            ( QUESTION2 -1 -1.027e+05 1.653e+02 4.642e+02
s>                ( - -1.014e+05 5 0)
s>                ( - -1.153e+03 1 0))))INFO: dtree.c(1315): Comp split 24
INFO: dtree.c(1439): stop. leaf nodes are specific
INFO: dtree.c(1478): Final simple tree
|( WDBNDRY_E 0 -2.160e+04 2.521e+02 9.960e+01
|    ( QUESTION0_3_R 1 -1.940e+04 2.065e+02 8.960e+01
|        ( - -1.793e+03 1 0)
|        ( QUESTION16 1 -1.740e+04 1.783e+02 8.060e+01
|            ( QUESTION0_1_R 1 -4.782e+03 1.583e+02 2.300e+01
|                ( - -7.334e+02 1 0)
|                ( - -3.890e+03 3 0))
|            ( QUESTION0_8_R 1 -1.244e+04 1.142e+02 5.760e+01
|                ( QUESTION0_10_R 1 -1.181e+04 1.111e+02 5.460e+01
|                    ( - -5.649e+03 8 0)
|                    ( - -6.045e+03 2 0))
|                ( - -5.242e+02 2 0))))
|    ( - -1.944e+03 1 0))
s>    ( WDBNDRY_E 0 -2.160e+04 2.521e+02 9.960e+01
s>        ( QUESTION0_3_R 1 -1.940e+04 2.065e+02 8.960e+01
s>            ( - -1.793e+03 1 0)
s>            ( QUESTION16 1 -1.740e+04 1.783e+02 8.060e+01
s>                ( QUESTION0_1_R 1 -4.782e+03 1.583e+02 2.300e+01
s>                    ( - -7.334e+02 1 0)
s>                    ( - -3.890e+03 3 0))
s>                ( QUESTION0_8_R 1 -1.244e+04 1.142e+02 5.760e+01
s>                    ( QUESTION0_10_R 1 -1.181e+04 1.111e+02 5.460e+01
s>                        ( - -5.649e+03 8 0)
s>                        ( - -6.045e+03 2 0))
s>                    ( - -5.242e+02 2 0))))
s>        ( - -1.944e+03 1 0))INFO: dtree.c(1439): stop. leaf nodes are specific
INFO: dtree.c(1478): Final simple tree
|( SILENCE 1 -2.062e+04 2.220e+02 9.774e+01
|    ( - -1.548e+03 1 0)
|    ( - -1.885e+04 7 0))
s>    ( SILENCE 1 -2.062e+04 2.220e+02 9.774e+01
s>        ( - -1.548e+03 1 0)
s>        ( - -1.885e+04 7 0))INFO: dtree.c(1315): Comp split 25
INFO: dtree.c(1439): stop. leaf nodes are specific
INFO: dtree.c(1478): Final simple tree
|( QUESTION0_3_R 1 -1.940e+04 2.065e+02 8.960e+01
|    ( - -1.793e+03 1 0)
|    ( QUESTION16 1 -1.740e+04 1.783e+02 8.060e+01
|        ( QUESTION0_1_R 1 -4.782e+03 1.583e+02 2.300e+01
|            ( - -7.334e+02 1 0)
|            ( - -3.890e+03 3 0))
|        ( QUESTION0_8_R 1 -1.244e+04 1.142e+02 5.760e+01
|            ( QUESTION0_10_R 1 -1.181e+04 1.111e+02 5.460e+01
|                ( - -5.649e+03 8 0)
|                ( - -6.045e+03 2 0))
|            ( - -5.242e+02 2 0))))
s>    ( QUESTION0_3_R 1 -1.940e+04 2.065e+02 8.960e+01
s>        ( - -1.793e+03 1 0)
s>        ( QUESTION16 1 -1.740e+04 1.783e+02 8.060e+01
s>            ( QUESTION0_1_R 1 -4.782e+03 1.583e+02 2.300e+01
s>                ( - -7.334e+02 1 0)
s>                ( - -3.890e+03 3 0))
s>            ( QUESTION0_8_R 1 -1.244e+04 1.142e+02 5.760e+01
s>                ( QUESTION0_10_R 1 -1.181e+04 1.111e+02 5.460e+01
s>                    ( - -5.649e+03 8 0)
s>                    ( - -6.045e+03 2 0))
s>                ( - -5.242e+02 2 0))))INFO: dtree.c(1315): Comp split 26
INFO: dtree.c(1439): stop. leaf nodes are specific
INFO: dtree.c(1478): Final simple tree
|( WDBNDRY_B 0 -1.371e+04 1.558e+02 6.135e+01
|    ( - -5.278e+02 2 0)
|    ( - -1.303e+04 4 0))
s>    ( WDBNDRY_B 0 -1.371e+04 1.558e+02 6.135e+01
s>        ( - -5.278e+02 2 0)
s>        ( - -1.303e+04 4 0))INFO: dtree.c(1315): Comp split 27
INFO: dtree.c(1439): stop. leaf nodes are specific
INFO: dtree.c(1478): Final simple tree
|( WDBNDRY_B 0 -7.456e+03 1.439e+02 3.300e+01
|    ( QUESTION0 -1 -2.644e+03 1.109e+02 1.200e+01
|        ( - -1.301e+03 3 0)
|        ( - -1.232e+03 1 0))
|    ( - -4.668e+03 5 0))
s>    ( WDBNDRY_B 0 -7.456e+03 1.439e+02 3.300e+01
s>        ( QUESTION0 -1 -2.644e+03 1.109e+02 1.200e+01
s>            ( - -1.301e+03 3 0)
s>            ( - -1.232e+03 1 0))
s>        ( - -4.668e+03 5 0))INFO: dtree.c(1439): stop. leaf nodes are specific
INFO: dtree.c(1478): Final simple tree
|( WDBNDRY_E 0 -2.248e+06 1.569e+02 1.013e+04
|    ( - -2.059e+03 2 0)
|    ( - -2.246e+06 25 0))
s>    ( WDBNDRY_E 0 -2.248e+06 1.569e+02 1.013e+04
s>        ( - -2.059e+03 2 0)
s>        ( - -2.246e+06 25 0))INFO: dtree.c(1315): Comp split 28
INFO: dtree.c(1439): stop. leaf nodes are specific
INFO: dtree.c(1478): Final simple tree
|( SILENCE -1 -1.000e+04 1.395e+02 4.668e+01
|    ( - -7.403e+03 4 0)
|    ( - -2.459e+03 2 0))
s>    ( SILENCE -1 -1.000e+04 1.395e+02 4.668e+01
s>        ( - -7.403e+03 4 0)
s>        ( - -2.459e+03 2 0))INFO: dtree.c(1439): stop. leaf nodes are specific
INFO: dtree.c(1478): Final simple tree
|( QUESTION0 -1 -2.317e+05 1.817e+02 1.037e+03
|    ( - -2.193e+05 24 0)
|    ( - -1.229e+04 10 0))
s>    ( QUESTION0 -1 -2.317e+05 1.817e+02 1.037e+03
s>        ( - -2.193e+05 24 0)
s>        ( - -1.229e+04 10 0))INFO: dtree.c(1315): Comp split 29
INFO: dtree.c(1315): Comp split 30
INFO: dtree.c(1315): Comp split 31
INFO: dtree.c(1439): stop. leaf nodes are specific
INFO: dtree.c(1478): Final simple tree
|( QUESTION0_8_R 1 -1.244e+04 1.142e+02 5.760e+01
|    ( QUESTION0_10_R 1 -1.181e+04 1.111e+02 5.460e+01
|        ( - -5.649e+03 8 0)
|        ( - -6.045e+03 2 0))
|    ( - -5.242e+02 2 0))
s>    ( QUESTION0_8_R 1 -1.244e+04 1.142e+02 5.760e+01
s>        ( QUESTION0_10_R 1 -1.181e+04 1.111e+02 5.460e+01
s>            ( - -5.649e+03 8 0)
s>            ( - -6.045e+03 2 0))
s>        ( - -5.242e+02 2 0))INFO: dtree.c(1439): stop. leaf nodes are specific
INFO: dtree.c(1478): Final simple tree
|( QUESTION0_3_R 1 -6.752e+03 1.775e+02 3.200e+01
|    ( - -1.793e+03 1 0)
|    ( QUESTION0_1_R 1 -4.782e+03 1.583e+02 2.300e+01
|        ( - -7.334e+02 1 0)
|        ( - -3.890e+03 3 0)))
s>    ( QUESTION0_3_R 1 -6.752e+03 1.775e+02 3.200e+01
s>        ( - -1.793e+03 1 0)
s>        ( QUESTION0_1_R 1 -4.782e+03 1.583e+02 2.300e+01
s>            ( - -7.334e+02 1 0)
s>            ( - -3.890e+03 3 0)))INFO: dtree.c(1315): Comp split 32
INFO: dtree.c(1315): Comp split 33
INFO: dtree.c(1439): stop. leaf nodes are specific
INFO: dtree.c(1478): Final simple tree
|( WDBNDRY_B 0 -1.032e+05 1.960e+02 4.662e+02
|    ( - -2.448e+02 1 0)
|    ( QUESTION2 -1 -1.027e+05 1.653e+02 4.642e+02
|        ( - -1.014e+05 5 0)
|        ( - -1.153e+03 1 0)))
s>    ( WDBNDRY_B 0 -1.032e+05 1.960e+02 4.662e+02
s>        ( - -2.448e+02 1 0)
s>        ( QUESTION2 -1 -1.027e+05 1.653e+02 4.642e+02
s>            ( - -1.014e+05 5 0)
s>            ( - -1.153e+03 1 0)))INFO: dtree.c(1315): Comp split 34
INFO: dtree.c(1439): stop. leaf nodes are specific
INFO: dtree.c(1478): Final simple tree
|( QUESTION2 -1 -1.027e+05 1.653e+02 4.642e+02
|    ( - -1.014e+05 5 0)
|    ( - -1.153e+03 1 0))
s>    ( QUESTION2 -1 -1.027e+05 1.653e+02 4.642e+02
s>        ( - -1.014e+05 5 0)
s>        ( - -1.153e+03 1 0))INFO: dtree.c(1315): Comp split 35
INFO: dtree.c(1439): stop. leaf nodes are specific
INFO: dtree.c(1478): Final simple tree
|( QUESTION0_14_R 1 -4.536e+03 1.566e+02 2.100e+01
|    ( - -2.915e+02 1 0)
|    ( QUESTION0_3_R 1 -4.088e+03 1.518e+02 1.900e+01
|        ( - -3.210e+02 1 0)
|        ( QUESTION0_1_R 1 -3.616e+03 1.131e+02 1.700e+01
|            ( - -5.421e+02 2 0)
|            ( - -2.960e+03 5 0))))
s>    ( QUESTION0_14_R 1 -4.536e+03 1.566e+02 2.100e+01
s>        ( - -2.915e+02 1 0)
s>        ( QUESTION0_3_R 1 -4.088e+03 1.518e+02 1.900e+01
s>            ( - -3.210e+02 1 0)
s>            ( QUESTION0_1_R 1 -3.616e+03 1.131e+02 1.700e+01
s>                ( - -5.421e+02 2 0)
s>                ( - -2.960e+03 5 0))))INFO: dtree.c(1315): Comp split 36
INFO: dtree.c(1315): Comp split 37
INFO: dtree.c(1439): stop. leaf nodes are specific
INFO: dtree.c(1478): Final simple tree
|( QUESTION0_1_R 1 -4.782e+03 1.583e+02 2.300e+01
|    ( - -7.334e+02 1 0)
|    ( - -3.890e+03 3 0))
s>    ( QUESTION0_1_R 1 -4.782e+03 1.583e+02 2.300e+01
s>        ( - -7.334e+02 1 0)
s>        ( - -3.890e+03 3 0))INFO: dtree.c(1315): Comp split 38
INFO: dtree.c(1439): stop. leaf nodes are specific
INFO: dtree.c(1478): Final simple tree
|( WDBNDRY_E 0 -3.859e+03 1.571e+02 1.800e+01
|    ( - -1.212e+03 3 0)
|    ( - -2.489e+03 4 0))
s>    ( WDBNDRY_E 0 -3.859e+03 1.571e+02 1.800e+01
s>        ( - -1.212e+03 3 0)
s>        ( - -2.489e+03 4 0))INFO: dtree.c(1315): Comp split 39
INFO: dtree.c(1315): Comp split 40
INFO: dtree.c(1315): Comp split 41
INFO: dtree.c(1315): Comp split 42
INFO: dtree.c(1315): Comp split 43
INFO: dtree.c(1315): Comp split 44
INFO: dtree.c(1439): stop. leaf nodes are specific
INFO: dtree.c(1478): Final simple tree
|( QUESTION0_3_R 1 -4.088e+03 1.518e+02 1.900e+01
|    ( - -3.210e+02 1 0)
|    ( QUESTION0_1_R 1 -3.616e+03 1.131e+02 1.700e+01
|        ( - -5.421e+02 2 0)
|        ( - -2.960e+03 5 0)))
s>    ( QUESTION0_3_R 1 -4.088e+03 1.518e+02 1.900e+01
s>        ( - -3.210e+02 1 0)
s>        ( QUESTION0_1_R 1 -3.616e+03 1.131e+02 1.700e+01
s>            ( - -5.421e+02 2 0)
s>            ( - -2.960e+03 5 0)))INFO: dtree.c(1315): Comp split 45
INFO: dtree.c(1315): Comp split 46
INFO: dtree.c(1315): Comp split 47
INFO: dtree.c(1439): stop. leaf nodes are specific
INFO: dtree.c(1478): Final simple tree
|( QUESTION0_1_R 1 -3.616e+03 1.131e+02 1.700e+01
|    ( - -5.421e+02 2 0)
|    ( - -2.960e+03 5 0))
s>    ( QUESTION0_1_R 1 -3.616e+03 1.131e+02 1.700e+01
s>        ( - -5.421e+02 2 0)
s>        ( - -2.960e+03 5 0))INFO: dtree.c(1315): Comp split 48
INFO: dtree.c(1315): Comp split 49
INFO: dtree.c(1439): stop. leaf nodes are specific
INFO: dtree.c(1478): Final simple tree
|( QUESTION0 -1 -2.644e+03 1.109e+02 1.200e+01
|    ( - -1.301e+03 3 0)
|    ( - -1.232e+03 1 0))
s>    ( QUESTION0 -1 -2.644e+03 1.109e+02 1.200e+01
s>        ( - -1.301e+03 3 0)
s>        ( - -1.232e+03 1 0))INFO: dtree.c(1315): Comp split 50
INFO: dtree.c(1315): Comp split 51
INFO: dtree.c(1439): stop. leaf nodes are specific
INFO: dtree.c(1478): Final simple tree
|( QUESTION0_10_R 1 -1.181e+04 1.111e+02 5.460e+01
|    ( - -5.649e+03 8 0)
|    ( - -6.045e+03 2 0))
s>    ( QUESTION0_10_R 1 -1.181e+04 1.111e+02 5.460e+01
s>        ( - -5.649e+03 8 0)
s>        ( - -6.045e+03 2 0))INFO: dtree.c(1315): Comp split 52
INFO: dtree.c(1315): Comp split 53
INFO: dtree.c(1315): Comp split 54
INFO: dtree.c(1315): Comp split 55
INFO: dtree.c(1315): Comp split 56
INFO: dtree.c(1318): stop. leaf nodes are specific
Mon Apr 24 17:46:38 2023
