Current configuration:
[NAME]		[DEFLT]	[VALUE]
-allphones	no	no
-cntthresh	0.00001	1.000000e-05
-csplitmax	100	2000
-csplitmin	1	1
-csplitthr	8e-4	0.000000e+00
-example	no	no
-fullvar	no	no
-help		no	no
-meanfn			/home/lucija/Documents/Zadnji semestar/ROGJ/Prezentacije/CMUspinx/tutorial15/model_parameters/my_db.cd_cont_untied/means
-mixwfn			/home/lucija/Documents/Zadnji semestar/ROGJ/Prezentacije/CMUspinx/tutorial15/model_parameters/my_db.cd_cont_untied/mixture_weights
-moddeffn		/home/lucija/Documents/Zadnji semestar/ROGJ/Prezentacije/CMUspinx/tutorial15/model_architecture/my_db.untied.mdef
-mwfloor	1e-4	1.000000e-08
-phone			p
-psetfn			/home/lucija/Documents/Zadnji semestar/ROGJ/Prezentacije/CMUspinx/tutorial15/model_architecture/my_db.tree_questions
-ssplitmax	5	7
-ssplitmin	1	1
-ssplitthr	8e-4	0.000000e+00
-state			2
-stwt			1.0,0.05,0.0,
-treefn			/home/lucija/Documents/Zadnji semestar/ROGJ/Prezentacije/CMUspinx/tutorial15/trees/my_db.unpruned/p-2.dtree
-ts2cbfn	.semi.	.cont.
-varfloor	0.00001	1.000000e-05
-varfn			/home/lucija/Documents/Zadnji semestar/ROGJ/Prezentacije/CMUspinx/tutorial15/model_parameters/my_db.cd_cont_untied/variances

INFO: main.c(223): Reading: /home/lucija/Documents/Zadnji semestar/ROGJ/Prezentacije/CMUspinx/tutorial15/model_architecture/my_db.untied.mdef
INFO: model_def_io.c(573): Model definition info:
INFO: model_def_io.c(574): 12056 total models defined (32 base, 12024 tri)
INFO: model_def_io.c(575): 48224 total states
INFO: model_def_io.c(576): 36168 total tied states
INFO: model_def_io.c(577): 96 total tied CI states
INFO: model_def_io.c(578): 32 total tied transition matrices
INFO: model_def_io.c(579): 4 max state/model
INFO: model_def_io.c(580): 4 min state/model
INFO: main.c(242): Building trees for [p NOISE a b] through [p š r b]
INFO: main.c(268): Covering states |[23772 24641]| == 870
INFO: main.c(275): Reading: /home/lucija/Documents/Zadnji semestar/ROGJ/Prezentacije/CMUspinx/tutorial15/model_parameters/my_db.cd_cont_untied/mixture_weights
INFO: s3mixw_io.c(172): Read /home/lucija/Documents/Zadnji semestar/ROGJ/Prezentacije/CMUspinx/tutorial15/model_parameters/my_db.cd_cont_untied/mixture_weights [870x1x1 array]
INFO: main.c(311): 290 of 290 models have observation count greater than 0.000010
INFO: main.c(95): nrm stwt: 0.000 0.048 0.952 
INFO: s3gau_io.c(168): Read /home/lucija/Documents/Zadnji semestar/ROGJ/Prezentacije/CMUspinx/tutorial15/model_parameters/my_db.cd_cont_untied/means [36168x1x1 array]
INFO: s3gau_io.c(168): Read /home/lucija/Documents/Zadnji semestar/ROGJ/Prezentacije/CMUspinx/tutorial15/model_parameters/my_db.cd_cont_untied/variances [36168x1x1 array]
INFO: main.c(549): Reading: /home/lucija/Documents/Zadnji semestar/ROGJ/Prezentacije/CMUspinx/tutorial15/model_architecture/my_db.tree_questions
INFO: main.c(587): 176 total simple questions (168 phone; 8 word bndry)
INFO: main.c(589): 42 Left Only questions, and 42 Right Only questions
INFO: dtree.c(1478): Final simple tree
|( QUESTION0_20_R 1 -7.627e+06 2.427e+04 3.409e+04
|    ( QUESTION0 1 -6.727e+06 2.479e+04 3.016e+04
|        ( WDBNDRY_B 0 -4.687e+06 8.667e+03 2.112e+04
|            ( QUESTION2_6_L -1 -2.964e+06 5.928e+03 1.338e+04
|                ( - -3.787e+05 41 0 QUESTION2_11_L -1 8.960e+02 1.715e+03)
|                ( SILENCE -1 -2.580e+06 3.869e+03 1.166e+04
|                    ( - -1.141e+05 6 0)
|                    ( - -2.462e+06 56 0 QUESTION2_3_L -1 1.919e+03 1.115e+04)))
|            ( QUESTION3 -1 -1.714e+06 7.533e+03 7.742e+03
|                ( - -2.386e+05 12 0)
|                ( - -1.468e+06 45 0 QUESTION8 -1 1.810e+03 6.642e+03)))
|        ( QUESTION0 -1 -2.014e+06 3.760e+03 9.039e+03
|            ( - -1.491e+06 25 0 WDBNDRY_B 0 2.427e+03 6.716e+03)
|            ( - -5.193e+05 35 0 QUESTION2_1_L -1 2.380e+03 2.323e+03)))
|    ( - -8.759e+05 70 0 WDBNDRY_B 0 3.652e+03 3.932e+03))
s>    ( QUESTION0_20_R 1 -7.627e+06 2.427e+04 3.409e+04
s>        ( QUESTION0 1 -6.727e+06 2.479e+04 3.016e+04
s>            ( WDBNDRY_B 0 -4.687e+06 8.667e+03 2.112e+04
s>                ( QUESTION2_6_L -1 -2.964e+06 5.928e+03 1.338e+04
s>                    ( - -3.787e+05 41 0 QUESTION2_11_L -1 8.960e+02 1.715e+03)
s>                    ( SILENCE -1 -2.580e+06 3.869e+03 1.166e+04
s>                        ( - -1.141e+05 6 0)
s>                        ( - -2.462e+06 56 0 QUESTION2_3_L -1 1.919e+03 1.115e+04)))
s>                ( QUESTION3 -1 -1.714e+06 7.533e+03 7.742e+03
s>                    ( - -2.386e+05 12 0)
s>                    ( - -1.468e+06 45 0 QUESTION8 -1 1.810e+03 6.642e+03)))
s>            ( QUESTION0 -1 -2.014e+06 3.760e+03 9.039e+03
s>                ( - -1.491e+06 25 0 WDBNDRY_B 0 2.427e+03 6.716e+03)
s>                ( - -5.193e+05 35 0 QUESTION2_1_L -1 2.380e+03 2.323e+03)))
s>        ( - -8.759e+05 70 0 WDBNDRY_B 0 3.652e+03 3.932e+03))INFO: dtree.c(1315): Comp split 0
INFO: dtree.c(1478): Final simple tree
|( WDBNDRY_I 0 -4.441e+06 8.317e+03 2.002e+04
|    ( QUESTION8 -1 -1.466e+06 1.815e+03 6.631e+03
|        ( - -1.215e+05 8 0 QUESTION11 -1 1.873e+02 5.495e+02)
|        ( - -1.342e+06 33 0 QUESTION0 -1 4.960e+02 6.082e+03))
|    ( QUESTION2_6_L -1 -2.967e+06 5.918e+03 1.339e+04
|        ( QUESTION2_11_L -1 -3.787e+05 8.960e+02 1.715e+03
|            ( - -1.787e+04 2 0 QUESTION11 -1 1.533e+02 8.505e+01)
|            ( - -3.599e+05 39 0 QUESTION2_20_L -1 7.741e+02 1.630e+03))
|        ( SILENCE -1 -2.582e+06 3.870e+03 1.167e+04
|            ( - -1.141e+05 6 0)
|            ( QUESTION2_3_L -1 -2.464e+06 1.920e+03 1.116e+04
|                ( - -1.014e+05 6 0 QUESTION2_4_L -1 1.471e+02 4.691e+02)
|                ( QUESTION0 -1 -2.361e+06 7.907e+02 1.070e+04
|                    ( - -2.061e+06 33 0 WDBNDRY_B 0 1.228e+02 9.341e+03)
|                    ( - -2.991e+05 21 0 QUESTION2 -1 6.414e+02 1.354e+03))))))
s>    ( WDBNDRY_I 0 -4.441e+06 8.317e+03 2.002e+04
s>        ( QUESTION8 -1 -1.466e+06 1.815e+03 6.631e+03
s>            ( - -1.215e+05 8 0 QUESTION11 -1 1.873e+02 5.495e+02)
s>            ( - -1.342e+06 33 0 QUESTION0 -1 4.960e+02 6.082e+03))
s>        ( QUESTION2_6_L -1 -2.967e+06 5.918e+03 1.339e+04
s>            ( QUESTION2_11_L -1 -3.787e+05 8.960e+02 1.715e+03
s>                ( - -1.787e+04 2 0 QUESTION11 -1 1.533e+02 8.505e+01)
s>                ( - -3.599e+05 39 0 QUESTION2_20_L -1 7.741e+02 1.630e+03))
s>            ( SILENCE -1 -2.582e+06 3.870e+03 1.167e+04
s>                ( - -1.141e+05 6 0)
s>                ( QUESTION2_3_L -1 -2.464e+06 1.920e+03 1.116e+04
s>                    ( - -1.014e+05 6 0 QUESTION2_4_L -1 1.471e+02 4.691e+02)
s>                    ( QUESTION0 -1 -2.361e+06 7.907e+02 1.070e+04
s>                        ( - -2.061e+06 33 0 WDBNDRY_B 0 1.228e+02 9.341e+03)
s>                        ( - -2.991e+05 21 0 QUESTION2 -1 6.414e+02 1.354e+03))))))INFO: dtree.c(1478): Final simple tree
|( QUESTION0_20_R 1 -3.152e+06 1.809e+04 1.407e+04
|    ( QUESTION0 1 -2.258e+06 5.493e+03 1.014e+04
|        ( - -2.386e+05 12 0)
|        ( QUESTION0 -1 -2.014e+06 3.760e+03 9.039e+03
|            ( WDBNDRY_B 0 -1.491e+06 2.427e+03 6.716e+03
|                ( - -1.276e+06 14 0 QUESTION2_0_L -1 1.503e+02 5.770e+03)
|                ( - -2.128e+05 11 0 QUESTION2_0_L -1 6.658e+02 9.462e+02))
|            ( QUESTION2_1_L -1 -5.193e+05 2.380e+03 2.323e+03
|                ( - -3.436e+05 31 0 WDBNDRY_B 0 1.543e+03 1.543e+03)
|                ( - -1.733e+05 4 0 SILENCE -1 6.957e+02 7.798e+02))))
|    ( WDBNDRY_B 0 -8.759e+05 3.652e+03 3.932e+03
|        ( - -2.017e+05 24 0 QUESTION0_8_R 1 6.021e+02 9.091e+02)
|        ( QUESTION0_2_R 1 -6.705e+05 2.637e+03 3.023e+03
|            ( - -2.992e+04 7 0 QUESTION17 1 2.740e+02 1.400e+02)
|            ( - -6.380e+05 39 0 QUESTION1 1 1.244e+03 2.883e+03))))
s>    ( QUESTION0_20_R 1 -3.152e+06 1.809e+04 1.407e+04
s>        ( QUESTION0 1 -2.258e+06 5.493e+03 1.014e+04
s>            ( - -2.386e+05 12 0)
s>            ( QUESTION0 -1 -2.014e+06 3.760e+03 9.039e+03
s>                ( WDBNDRY_B 0 -1.491e+06 2.427e+03 6.716e+03
s>                    ( - -1.276e+06 14 0 QUESTION2_0_L -1 1.503e+02 5.770e+03)
s>                    ( - -2.128e+05 11 0 QUESTION2_0_L -1 6.658e+02 9.462e+02))
s>                ( QUESTION2_1_L -1 -5.193e+05 2.380e+03 2.323e+03
s>                    ( - -3.436e+05 31 0 WDBNDRY_B 0 1.543e+03 1.543e+03)
s>                    ( - -1.733e+05 4 0 SILENCE -1 6.957e+02 7.798e+02))))
s>        ( WDBNDRY_B 0 -8.759e+05 3.652e+03 3.932e+03
s>            ( - -2.017e+05 24 0 QUESTION0_8_R 1 6.021e+02 9.091e+02)
s>            ( QUESTION0_2_R 1 -6.705e+05 2.637e+03 3.023e+03
s>                ( - -2.992e+04 7 0 QUESTION17 1 2.740e+02 1.400e+02)
s>                ( - -6.380e+05 39 0 QUESTION1 1 1.244e+03 2.883e+03))))INFO: dtree.c(1315): Comp split 1
INFO: dtree.c(1478): Final simple tree
|( WDBNDRY_B 0 -8.759e+05 3.652e+03 3.932e+03
|    ( QUESTION0_8_R 1 -2.017e+05 6.021e+02 9.091e+02
|        ( - -9.832e+03 6 0 SILENCE -1 1.289e+02 4.668e+01)
|        ( SILENCE -1 -1.913e+05 4.632e+02 8.624e+02
|            ( - 2.414e+02 1 0)
|            ( - -1.911e+05 17 0 QUESTION0 -1 2.793e+02 8.614e+02)))
|    ( QUESTION0_2_R 1 -6.705e+05 2.637e+03 3.023e+03
|        ( - -2.992e+04 7 0 QUESTION17 1 2.740e+02 1.400e+02)
|        ( QUESTION1 1 -6.380e+05 1.244e+03 2.883e+03
|            ( QUESTION0_6_R 1 -1.837e+05 1.050e+03 8.280e+02
|                ( - -1.343e+04 1 0)
|                ( QUESTION4 1 -1.692e+05 7.723e+02 7.643e+02
|                    ( - -3.978e+04 15 0 QUESTION0 -1 1.962e+02 1.831e+02)
|                    ( - -1.286e+05 16 0 QUESTION0_17_R 1 4.588e+02 5.813e+02)))
|            ( - -4.531e+05 7 0 WDBNDRY_E 0 1.289e+02 2.055e+03))))
s>    ( WDBNDRY_B 0 -8.759e+05 3.652e+03 3.932e+03
s>        ( QUESTION0_8_R 1 -2.017e+05 6.021e+02 9.091e+02
s>            ( - -9.832e+03 6 0 SILENCE -1 1.289e+02 4.668e+01)
s>            ( SILENCE -1 -1.913e+05 4.632e+02 8.624e+02
s>                ( - 2.414e+02 1 0)
s>                ( - -1.911e+05 17 0 QUESTION0 -1 2.793e+02 8.614e+02)))
s>        ( QUESTION0_2_R 1 -6.705e+05 2.637e+03 3.023e+03
s>            ( - -2.992e+04 7 0 QUESTION17 1 2.740e+02 1.400e+02)
s>            ( QUESTION1 1 -6.380e+05 1.244e+03 2.883e+03
s>                ( QUESTION0_6_R 1 -1.837e+05 1.050e+03 8.280e+02
s>                    ( - -1.343e+04 1 0)
s>                    ( QUESTION4 1 -1.692e+05 7.723e+02 7.643e+02
s>                        ( - -3.978e+04 15 0 QUESTION0 -1 1.962e+02 1.831e+02)
s>                        ( - -1.286e+05 16 0 QUESTION0_17_R 1 4.588e+02 5.813e+02)))
s>                ( - -4.531e+05 7 0 WDBNDRY_E 0 1.289e+02 2.055e+03))))INFO: dtree.c(1478): Final simple tree
|( QUESTION0 1 -2.258e+06 5.493e+03 1.014e+04
|    ( - -2.386e+05 12 0)
|    ( QUESTION0 -1 -2.014e+06 3.760e+03 9.039e+03
|        ( WDBNDRY_B 0 -1.491e+06 2.427e+03 6.716e+03
|            ( - -1.276e+06 14 0 QUESTION2_0_L -1 1.503e+02 5.770e+03)
|            ( QUESTION2_0_L -1 -2.128e+05 6.658e+02 9.462e+02
|                ( - -1.885e+05 10 0 WDBNDRY_E 0 1.486e+02 8.386e+02)
|                ( - -2.360e+04 1 0)))
|        ( QUESTION2_1_L -1 -5.193e+05 2.380e+03 2.323e+03
|            ( WDBNDRY_B 0 -3.436e+05 1.543e+03 1.543e+03
|                ( - -2.218e+05 25 0 QUESTION3 -1 6.069e+02 1.000e+03)
|                ( - -1.203e+05 6 0 QUESTION3 -1 4.444e+02 5.432e+02))
|            ( SILENCE -1 -1.733e+05 6.957e+02 7.798e+02
|                ( - -1.190e+05 2 0)
|                ( - -5.356e+04 2 0)))))
s>    ( QUESTION0 1 -2.258e+06 5.493e+03 1.014e+04
s>        ( - -2.386e+05 12 0)
s>        ( QUESTION0 -1 -2.014e+06 3.760e+03 9.039e+03
s>            ( WDBNDRY_B 0 -1.491e+06 2.427e+03 6.716e+03
s>                ( - -1.276e+06 14 0 QUESTION2_0_L -1 1.503e+02 5.770e+03)
s>                ( QUESTION2_0_L -1 -2.128e+05 6.658e+02 9.462e+02
s>                    ( - -1.885e+05 10 0 WDBNDRY_E 0 1.486e+02 8.386e+02)
s>                    ( - -2.360e+04 1 0)))
s>            ( QUESTION2_1_L -1 -5.193e+05 2.380e+03 2.323e+03
s>                ( WDBNDRY_B 0 -3.436e+05 1.543e+03 1.543e+03
s>                    ( - -2.218e+05 25 0 QUESTION3 -1 6.069e+02 1.000e+03)
s>                    ( - -1.203e+05 6 0 QUESTION3 -1 4.444e+02 5.432e+02))
s>                ( SILENCE -1 -1.733e+05 6.957e+02 7.798e+02
s>                    ( - -1.190e+05 2 0)
s>                    ( - -5.356e+04 2 0)))))INFO: dtree.c(1315): Comp split 2
INFO: dtree.c(1439): stop. leaf nodes are specific
INFO: dtree.c(1478): Final simple tree
|( QUESTION0 -1 -1.342e+06 4.960e+02 6.082e+03
|    ( QUESTION2_0_L -1 -1.321e+06 1.039e+02 5.989e+03
|        ( - -1.320e+06 26 0)
|        ( - -7.689e+02 1 0))
|    ( QUESTION5 -1 -2.093e+04 1.506e+02 9.305e+01
|        ( - -3.300e+02 1 0)
|        ( - -2.045e+04 5 0)))
s>    ( QUESTION0 -1 -1.342e+06 4.960e+02 6.082e+03
s>        ( QUESTION2_0_L -1 -1.321e+06 1.039e+02 5.989e+03
s>            ( - -1.320e+06 26 0)
s>            ( - -7.689e+02 1 0))
s>        ( QUESTION5 -1 -2.093e+04 1.506e+02 9.305e+01
s>            ( - -3.300e+02 1 0)
s>            ( - -2.045e+04 5 0)))INFO: dtree.c(1478): Final simple tree
|( QUESTION2_6_L -1 -3.089e+06 5.757e+03 1.394e+04
|    ( QUESTION2 -1 -5.015e+05 1.665e+03 2.264e+03
|        ( QUESTION6 -1 -2.683e+05 8.714e+02 1.219e+03
|            ( - -2.460e+04 5 0)
|            ( QUESTION2_20_L -1 -2.428e+05 7.297e+02 1.106e+03
|                ( - -2.579e+04 5 0)
|                ( - -2.163e+05 9 0 QUESTION5 -1 3.233e+02 9.874e+02)))
|        ( - -2.315e+05 30 0 QUESTION2_8_L -1 5.083e+02 1.046e+03))
|    ( SILENCE -1 -2.582e+06 3.870e+03 1.167e+04
|        ( - -1.141e+05 6 0)
|        ( QUESTION2_3_L -1 -2.464e+06 1.920e+03 1.116e+04
|            ( - -1.014e+05 6 0 QUESTION2_4_L -1 1.471e+02 4.691e+02)
|            ( QUESTION0 -1 -2.361e+06 7.907e+02 1.070e+04
|                ( - -2.061e+06 33 0 WDBNDRY_B 0 1.228e+02 9.341e+03)
|                ( - -2.991e+05 21 0 QUESTION2 -1 6.414e+02 1.354e+03)))))
s>    ( QUESTION2_6_L -1 -3.089e+06 5.757e+03 1.394e+04
s>        ( QUESTION2 -1 -5.015e+05 1.665e+03 2.264e+03
s>            ( QUESTION6 -1 -2.683e+05 8.714e+02 1.219e+03
s>                ( - -2.460e+04 5 0)
s>                ( QUESTION2_20_L -1 -2.428e+05 7.297e+02 1.106e+03
s>                    ( - -2.579e+04 5 0)
s>                    ( - -2.163e+05 9 0 QUESTION5 -1 3.233e+02 9.874e+02)))
s>            ( - -2.315e+05 30 0 QUESTION2_8_L -1 5.083e+02 1.046e+03))
s>        ( SILENCE -1 -2.582e+06 3.870e+03 1.167e+04
s>            ( - -1.141e+05 6 0)
s>            ( QUESTION2_3_L -1 -2.464e+06 1.920e+03 1.116e+04
s>                ( - -1.014e+05 6 0 QUESTION2_4_L -1 1.471e+02 4.691e+02)
s>                ( QUESTION0 -1 -2.361e+06 7.907e+02 1.070e+04
s>                    ( - -2.061e+06 33 0 WDBNDRY_B 0 1.228e+02 9.341e+03)
s>                    ( - -2.991e+05 21 0 QUESTION2 -1 6.414e+02 1.354e+03)))))INFO: dtree.c(1315): Comp split 3
INFO: dtree.c(1478): Final simple tree
|( QUESTION2_3_L -1 -2.515e+06 1.924e+03 1.140e+04
|    ( QUESTION2_4_L -1 -1.014e+05 1.471e+02 4.691e+02
|        ( - -1.008e+05 5 0)
|        ( - -4.777e+02 1 0))
|    ( QUESTION8 -1 -2.412e+06 7.642e+02 1.093e+04
|        ( - -4.019e+04 5 0)
|        ( QUESTION3 -1 -2.371e+06 6.624e+02 1.074e+04
|            ( - -2.583e+05 16 0)
|            ( QUESTION0 -1 -2.112e+06 1.711e+02 9.573e+03
|                ( WDBNDRY_B 0 -2.061e+06 1.228e+02 9.341e+03
|                    ( - -2.058e+06 29 0)
|                    ( - -2.415e+03 4 0))
|                ( QUESTION5 -1 -5.053e+04 1.323e+02 2.314e+02
|                    ( - -2.460e+04 5 0)
|                    ( - -2.579e+04 5 0))))))
s>    ( QUESTION2_3_L -1 -2.515e+06 1.924e+03 1.140e+04
s>        ( QUESTION2_4_L -1 -1.014e+05 1.471e+02 4.691e+02
s>            ( - -1.008e+05 5 0)
s>            ( - -4.777e+02 1 0))
s>        ( QUESTION8 -1 -2.412e+06 7.642e+02 1.093e+04
s>            ( - -4.019e+04 5 0)
s>            ( QUESTION3 -1 -2.371e+06 6.624e+02 1.074e+04
s>                ( - -2.583e+05 16 0)
s>                ( QUESTION0 -1 -2.112e+06 1.711e+02 9.573e+03
s>                    ( WDBNDRY_B 0 -2.061e+06 1.228e+02 9.341e+03
s>                        ( - -2.058e+06 29 0)
s>                        ( - -2.415e+03 4 0))
s>                    ( QUESTION5 -1 -5.053e+04 1.323e+02 2.314e+02
s>                        ( - -2.460e+04 5 0)
s>                        ( - -2.579e+04 5 0))))))INFO: dtree.c(1478): Final simple tree
|( QUESTION2 -1 -5.672e+05 3.093e+03 2.540e+03
|    ( QUESTION5 -1 -2.163e+05 3.233e+02 9.874e+02
|        ( - -6.036e+04 3 0)
|        ( - -1.556e+05 6 0 QUESTION2_16_L -1 1.797e+02 7.116e+02))
|    ( SILENCE -1 -3.479e+05 2.227e+03 1.553e+03
|        ( - -1.141e+05 6 0)
|        ( QUESTION2_8_L -1 -2.315e+05 5.083e+02 1.046e+03
|            ( WDBNDRY_B 0 -1.865e+05 5.235e+02 8.410e+02
|                ( QUESTION17 -1 -6.685e+04 3.765e+02 3.016e+02
|                    ( - -1.688e+04 5 0)
|                    ( - -4.960e+04 8 0))
|                ( - -1.192e+05 6 0))
|            ( QUESTION12 -1 -4.448e+04 2.441e+02 2.045e+02
|                ( - -1.981e+04 3 0 WDBNDRY_B 0 2.789e+02 9.305e+01)
|                ( - -2.442e+04 8 0 QUESTION2_11_L -1 1.497e+02 1.115e+02)))))
s>    ( QUESTION2 -1 -5.672e+05 3.093e+03 2.540e+03
s>        ( QUESTION5 -1 -2.163e+05 3.233e+02 9.874e+02
s>            ( - -6.036e+04 3 0)
s>            ( - -1.556e+05 6 0 QUESTION2_16_L -1 1.797e+02 7.116e+02))
s>        ( SILENCE -1 -3.479e+05 2.227e+03 1.553e+03
s>            ( - -1.141e+05 6 0)
s>            ( QUESTION2_8_L -1 -2.315e+05 5.083e+02 1.046e+03
s>                ( WDBNDRY_B 0 -1.865e+05 5.235e+02 8.410e+02
s>                    ( QUESTION17 -1 -6.685e+04 3.765e+02 3.016e+02
s>                        ( - -1.688e+04 5 0)
s>                        ( - -4.960e+04 8 0))
s>                    ( - -1.192e+05 6 0))
s>                ( QUESTION12 -1 -4.448e+04 2.441e+02 2.045e+02
s>                    ( - -1.981e+04 3 0 WDBNDRY_B 0 2.789e+02 9.305e+01)
s>                    ( - -2.442e+04 8 0 QUESTION2_11_L -1 1.497e+02 1.115e+02)))))INFO: dtree.c(1315): Comp split 4
INFO: dtree.c(1478): Final simple tree
|( WDBNDRY_B 0 -1.837e+06 2.755e+03 8.260e+03
|    ( QUESTION2_0_L -1 -1.499e+06 1.279e+03 6.770e+03
|        ( - -1.268e+06 10 0)
|        ( QUESTION3 -1 -2.295e+05 5.938e+02 1.035e+03
|            ( - -9.788e+04 8 0)
|            ( QUESTION2_8_L -1 -1.310e+05 3.231e+02 5.946e+02
|                ( - -4.496e+04 4 0 QUESTION17 -1 1.320e+02 2.067e+02)
|                ( - -8.570e+04 17 0 QUESTION5 -1 3.108e+02 3.879e+02))))
|    ( QUESTION0 -1 -3.349e+05 1.792e+03 1.489e+03
|        ( QUESTION2_0_L -1 -2.128e+05 6.658e+02 9.462e+02
|            ( - -1.885e+05 10 0 WDBNDRY_E 0 1.486e+02 8.386e+02)
|            ( - -2.360e+04 1 0))
|        ( QUESTION3 -1 -1.203e+05 4.444e+02 5.432e+02
|            ( - 2.156e+02 1 0)
|            ( - -1.201e+05 5 0 QUESTION2 -1 1.977e+02 5.422e+02))))
s>    ( WDBNDRY_B 0 -1.837e+06 2.755e+03 8.260e+03
s>        ( QUESTION2_0_L -1 -1.499e+06 1.279e+03 6.770e+03
s>            ( - -1.268e+06 10 0)
s>            ( QUESTION3 -1 -2.295e+05 5.938e+02 1.035e+03
s>                ( - -9.788e+04 8 0)
s>                ( QUESTION2_8_L -1 -1.310e+05 3.231e+02 5.946e+02
s>                    ( - -4.496e+04 4 0 QUESTION17 -1 1.320e+02 2.067e+02)
s>                    ( - -8.570e+04 17 0 QUESTION5 -1 3.108e+02 3.879e+02))))
s>        ( QUESTION0 -1 -3.349e+05 1.792e+03 1.489e+03
s>            ( QUESTION2_0_L -1 -2.128e+05 6.658e+02 9.462e+02
s>                ( - -1.885e+05 10 0 WDBNDRY_E 0 1.486e+02 8.386e+02)
s>                ( - -2.360e+04 1 0))
s>            ( QUESTION3 -1 -1.203e+05 4.444e+02 5.432e+02
s>                ( - 2.156e+02 1 0)
s>                ( - -1.201e+05 5 0 QUESTION2 -1 1.977e+02 5.422e+02))))INFO: dtree.c(1439): stop. leaf nodes are specific
INFO: dtree.c(1478): Final simple tree
|( WDBNDRY_B 0 -4.160e+05 4.074e+03 1.880e+03
|    ( SILENCE -1 -1.733e+05 6.957e+02 7.798e+02
|        ( - -1.190e+05 2 0)
|        ( - -5.356e+04 2 0))
|    ( - -2.386e+05 12 0))
s>    ( WDBNDRY_B 0 -4.160e+05 4.074e+03 1.880e+03
s>        ( SILENCE -1 -1.733e+05 6.957e+02 7.798e+02
s>            ( - -1.190e+05 2 0)
s>            ( - -5.356e+04 2 0))
s>        ( - -2.386e+05 12 0))INFO: dtree.c(1315): Comp split 5
INFO: dtree.c(1478): Final simple tree
|( QUESTION3 1 -6.483e+05 1.219e+03 2.930e+03
|    ( QUESTION0_16_R 1 -1.204e+05 4.584e+02 5.453e+02
|        ( - -1.201e+05 5 0 WDBNDRY_E 0 1.352e+02 5.443e+02)
|        ( - 2.426e+02 1 0))
|    ( QUESTION0_6_R 1 -5.267e+05 1.156e+03 2.384e+03
|        ( - -1.343e+04 1 0)
|        ( QUESTION0_10_R 1 -5.121e+05 8.162e+02 2.321e+03
|            ( WDBNDRY_B 0 -4.951e+04 3.642e+02 2.277e+02
|                ( - -9.832e+03 6 0 SILENCE -1 1.289e+02 4.668e+01)
|                ( - -3.931e+04 13 0 QUESTION0 -1 1.953e+02 1.811e+02))
|            ( QUESTION0_4_R 1 -4.618e+05 4.332e+02 2.093e+03
|                ( WDBNDRY_E 0 -3.349e+03 4.586e+02 1.600e+01
|                    ( - 2.414e+02 1 0)
|                    ( - -3.132e+03 2 0))
|                ( - -4.580e+05 16 0 QUESTION0_19_R 1 1.345e+02 2.077e+03)))))
s>    ( QUESTION3 1 -6.483e+05 1.219e+03 2.930e+03
s>        ( QUESTION0_16_R 1 -1.204e+05 4.584e+02 5.453e+02
s>            ( - -1.201e+05 5 0 WDBNDRY_E 0 1.352e+02 5.443e+02)
s>            ( - 2.426e+02 1 0))
s>        ( QUESTION0_6_R 1 -5.267e+05 1.156e+03 2.384e+03
s>            ( - -1.343e+04 1 0)
s>            ( QUESTION0_10_R 1 -5.121e+05 8.162e+02 2.321e+03
s>                ( WDBNDRY_B 0 -4.951e+04 3.642e+02 2.277e+02
s>                    ( - -9.832e+03 6 0 SILENCE -1 1.289e+02 4.668e+01)
s>                    ( - -3.931e+04 13 0 QUESTION0 -1 1.953e+02 1.811e+02))
s>                ( QUESTION0_4_R 1 -4.618e+05 4.332e+02 2.093e+03
s>                    ( WDBNDRY_E 0 -3.349e+03 4.586e+02 1.600e+01
s>                        ( - 2.414e+02 1 0)
s>                        ( - -3.132e+03 2 0))
s>                    ( - -4.580e+05 16 0 QUESTION0_19_R 1 1.345e+02 2.077e+03)))))INFO: dtree.c(1478): Final simple tree
|( QUESTION19 1 -2.229e+05 1.742e+03 1.002e+03
|    ( - -3.029e+04 8 0 QUESTION0 -1 1.670e+02 1.420e+02)
|    ( SILENCE -1 -1.909e+05 4.631e+02 8.604e+02
|        ( - 2.414e+02 1 0)
|        ( QUESTION0 -1 -1.906e+05 2.761e+02 8.594e+02
|            ( WDBNDRY_B 0 -1.313e+05 2.319e+02 5.942e+02
|                ( - -1.309e+05 6 0 QUESTION0_1_R 1 1.587e+02 5.922e+02)
|                ( - -2.581e+02 1 0))
|            ( QUESTION3 -1 -5.902e+04 2.392e+02 2.651e+02
|                ( - -3.537e+04 2 0)
|                ( QUESTION18 -1 -2.341e+04 1.956e+02 1.046e+02
|                    ( - -4.607e+03 1 0)
|                    ( QUESTION17 -1 -1.861e+04 1.716e+02 8.342e+01
|                        ( - -2.534e+03 1 0)
|                        ( - -1.590e+04 5 0 QUESTION5 -1 1.514e+02 7.168e+01)))))))
s>    ( QUESTION19 1 -2.229e+05 1.742e+03 1.002e+03
s>        ( - -3.029e+04 8 0 QUESTION0 -1 1.670e+02 1.420e+02)
s>        ( SILENCE -1 -1.909e+05 4.631e+02 8.604e+02
s>            ( - 2.414e+02 1 0)
s>            ( QUESTION0 -1 -1.906e+05 2.761e+02 8.594e+02
s>                ( WDBNDRY_B 0 -1.313e+05 2.319e+02 5.942e+02
s>                    ( - -1.309e+05 6 0 QUESTION0_1_R 1 1.587e+02 5.922e+02)
s>                    ( - -2.581e+02 1 0))
s>                ( QUESTION3 -1 -5.902e+04 2.392e+02 2.651e+02
s>                    ( - -3.537e+04 2 0)
s>                    ( QUESTION18 -1 -2.341e+04 1.956e+02 1.046e+02
s>                        ( - -4.607e+03 1 0)
s>                        ( QUESTION17 -1 -1.861e+04 1.716e+02 8.342e+01
s>                            ( - -2.534e+03 1 0)
s>                            ( - -1.590e+04 5 0 QUESTION5 -1 1.514e+02 7.168e+01)))))))INFO: dtree.c(1315): Comp split 6
INFO: dtree.c(1439): stop. leaf nodes are specific
INFO: dtree.c(1478): Final simple tree
|( SILENCE -1 -1.733e+05 6.957e+02 7.798e+02
|    ( - -1.190e+05 2 0)
|    ( - -5.356e+04 2 0))
s>    ( SILENCE -1 -1.733e+05 6.957e+02 7.798e+02
s>        ( - -1.190e+05 2 0)
s>        ( - -5.356e+04 2 0))INFO: dtree.c(1315): Comp split 7
INFO: dtree.c(1439): stop. leaf nodes are specific
INFO: dtree.c(1478): Final simple tree
|( QUESTION5 -1 -2.662e+05 3.629e+02 1.213e+03
|    ( - -6.036e+04 3 0)
|    ( QUESTION2_19_L -1 -2.055e+05 2.702e+02 9.369e+02
|        ( - -1.551e+05 5 0)
|        ( QUESTION2 -1 -5.005e+04 1.759e+02 2.272e+02
|            ( - -2.786e+02 1 0)
|            ( - -4.960e+04 8 0))))
s>    ( QUESTION5 -1 -2.662e+05 3.629e+02 1.213e+03
s>        ( - -6.036e+04 3 0)
s>        ( QUESTION2_19_L -1 -2.055e+05 2.702e+02 9.369e+02
s>            ( - -1.551e+05 5 0)
s>            ( QUESTION2 -1 -5.005e+04 1.759e+02 2.272e+02
s>                ( - -2.786e+02 1 0)
s>                ( - -4.960e+04 8 0))))INFO: dtree.c(1478): Final simple tree
|( SILENCE -1 -2.973e+05 2.169e+03 1.327e+03
|    ( - -1.141e+05 6 0)
|    ( WDBNDRY_B 0 -1.811e+05 4.020e+02 8.203e+02
|        ( QUESTION12 -1 -5.919e+04 3.298e+02 2.709e+02
|            ( - -1.742e+04 1 0)
|            ( QUESTION18 -1 -4.144e+04 1.532e+02 1.878e+02
|                ( QUESTION2_7_L -1 -1.746e+04 1.494e+02 7.946e+01
|                    ( - -2.949e+02 1 0)
|                    ( - -1.701e+04 5 0))
|                ( QUESTION11 -1 -2.383e+04 1.114e+02 1.084e+02
|                    ( - -6.840e+03 2 0)
|                    ( - -1.688e+04 5 0))))
|        ( QUESTION11 -1 -1.215e+05 1.873e+02 5.495e+02
|            ( - -2.111e+03 2 0)
|            ( - -1.192e+05 6 0))))
s>    ( SILENCE -1 -2.973e+05 2.169e+03 1.327e+03
s>        ( - -1.141e+05 6 0)
s>        ( WDBNDRY_B 0 -1.811e+05 4.020e+02 8.203e+02
s>            ( QUESTION12 -1 -5.919e+04 3.298e+02 2.709e+02
s>                ( - -1.742e+04 1 0)
s>                ( QUESTION18 -1 -4.144e+04 1.532e+02 1.878e+02
s>                    ( QUESTION2_7_L -1 -1.746e+04 1.494e+02 7.946e+01
s>                        ( - -2.949e+02 1 0)
s>                        ( - -1.701e+04 5 0))
s>                    ( QUESTION11 -1 -2.383e+04 1.114e+02 1.084e+02
s>                        ( - -6.840e+03 2 0)
s>                        ( - -1.688e+04 5 0))))
s>            ( QUESTION11 -1 -1.215e+05 1.873e+02 5.495e+02
s>                ( - -2.111e+03 2 0)
s>                ( - -1.192e+05 6 0))))INFO: dtree.c(1315): Comp split 8
INFO: dtree.c(1439): stop. leaf nodes are specific
INFO: dtree.c(1478): Final simple tree
|( QUESTION0 -1 -3.104e+05 1.760e+03 1.381e+03
|    ( WDBNDRY_E 0 -1.885e+05 1.486e+02 8.386e+02
|        ( - -2.966e+02 1 0)
|        ( - -1.881e+05 9 0))
|    ( QUESTION2 -1 -1.201e+05 1.977e+02 5.422e+02
|        ( QUESTION5 -1 -7.615e+03 1.666e+02 3.500e+01
|            ( - -2.286e+03 1 0)
|            ( - -5.162e+03 2 0))
|        ( - -1.123e+05 2 0)))
s>    ( QUESTION0 -1 -3.104e+05 1.760e+03 1.381e+03
s>        ( WDBNDRY_E 0 -1.885e+05 1.486e+02 8.386e+02
s>            ( - -2.966e+02 1 0)
s>            ( - -1.881e+05 9 0))
s>        ( QUESTION2 -1 -1.201e+05 1.977e+02 5.422e+02
s>            ( QUESTION5 -1 -7.615e+03 1.666e+02 3.500e+01
s>                ( - -2.286e+03 1 0)
s>                ( - -5.162e+03 2 0))
s>            ( - -1.123e+05 2 0)))INFO: dtree.c(1478): Final simple tree
|( QUESTION2_0_L -1 -1.524e+06 1.263e+03 6.879e+03
|    ( - -1.268e+06 10 0)
|    ( QUESTION2_2_L -1 -2.539e+05 6.782e+02 1.144e+03
|        ( WDBNDRY_B 0 -1.300e+05 5.214e+02 5.839e+02
|            ( - -1.056e+05 12 0 QUESTION0 -1 1.394e+02 4.754e+02)
|            ( QUESTION0 -1 -2.383e+04 4.540e+02 1.085e+02
|                ( - -2.360e+04 1 0)
|                ( - 2.156e+02 1 0)))
|        ( QUESTION2_8_L -1 -1.233e+05 3.250e+02 5.597e+02
|            ( - -4.496e+04 4 0 QUESTION17 -1 1.320e+02 2.067e+02)
|            ( QUESTION5 -1 -7.799e+04 3.178e+02 3.530e+02
|                ( QUESTION6 -1 -3.321e+04 2.736e+02 1.512e+02
|                    ( - -2.496e+04 3 0)
|                    ( - -7.973e+03 2 0))
|                ( - -4.446e+04 8 0 QUESTION2_19_L -1 2.088e+02 2.017e+02)))))
s>    ( QUESTION2_0_L -1 -1.524e+06 1.263e+03 6.879e+03
s>        ( - -1.268e+06 10 0)
s>        ( QUESTION2_2_L -1 -2.539e+05 6.782e+02 1.144e+03
s>            ( WDBNDRY_B 0 -1.300e+05 5.214e+02 5.839e+02
s>                ( - -1.056e+05 12 0 QUESTION0 -1 1.394e+02 4.754e+02)
s>                ( QUESTION0 -1 -2.383e+04 4.540e+02 1.085e+02
s>                    ( - -2.360e+04 1 0)
s>                    ( - 2.156e+02 1 0)))
s>            ( QUESTION2_8_L -1 -1.233e+05 3.250e+02 5.597e+02
s>                ( - -4.496e+04 4 0 QUESTION17 -1 1.320e+02 2.067e+02)
s>                ( QUESTION5 -1 -7.799e+04 3.178e+02 3.530e+02
s>                    ( QUESTION6 -1 -3.321e+04 2.736e+02 1.512e+02
s>                        ( - -2.496e+04 3 0)
s>                        ( - -7.973e+03 2 0))
s>                    ( - -4.446e+04 8 0 QUESTION2_19_L -1 2.088e+02 2.017e+02)))))INFO: dtree.c(1315): Comp split 9
INFO: dtree.c(1439): stop. leaf nodes are specific
INFO: dtree.c(1478): Final simple tree
|( WDBNDRY_B 0 -1.811e+05 4.020e+02 8.203e+02
|    ( QUESTION12 -1 -5.919e+04 3.298e+02 2.709e+02
|        ( - -1.742e+04 1 0)
|        ( QUESTION18 -1 -4.144e+04 1.532e+02 1.878e+02
|            ( QUESTION2_7_L -1 -1.746e+04 1.494e+02 7.946e+01
|                ( - -2.949e+02 1 0)
|                ( - -1.701e+04 5 0))
|            ( QUESTION11 -1 -2.383e+04 1.114e+02 1.084e+02
|                ( - -6.840e+03 2 0)
|                ( - -1.688e+04 5 0))))
|    ( QUESTION11 -1 -1.215e+05 1.873e+02 5.495e+02
|        ( - -2.111e+03 2 0)
|        ( - -1.192e+05 6 0)))
s>    ( WDBNDRY_B 0 -1.811e+05 4.020e+02 8.203e+02
s>        ( QUESTION12 -1 -5.919e+04 3.298e+02 2.709e+02
s>            ( - -1.742e+04 1 0)
s>            ( QUESTION18 -1 -4.144e+04 1.532e+02 1.878e+02
s>                ( QUESTION2_7_L -1 -1.746e+04 1.494e+02 7.946e+01
s>                    ( - -2.949e+02 1 0)
s>                    ( - -1.701e+04 5 0))
s>                ( QUESTION11 -1 -2.383e+04 1.114e+02 1.084e+02
s>                    ( - -6.840e+03 2 0)
s>                    ( - -1.688e+04 5 0))))
s>        ( QUESTION11 -1 -1.215e+05 1.873e+02 5.495e+02
s>            ( - -2.111e+03 2 0)
s>            ( - -1.192e+05 6 0)))INFO: dtree.c(1315): Comp split 10
INFO: dtree.c(1439): stop. leaf nodes are specific
INFO: dtree.c(1478): Final simple tree
|( QUESTION8 -1 -2.412e+06 7.642e+02 1.093e+04
|    ( - -4.019e+04 5 0)
|    ( QUESTION3 -1 -2.371e+06 6.624e+02 1.074e+04
|        ( - -2.583e+05 16 0)
|        ( QUESTION0 -1 -2.112e+06 1.711e+02 9.573e+03
|            ( WDBNDRY_B 0 -2.061e+06 1.228e+02 9.341e+03
|                ( - -2.058e+06 29 0)
|                ( - -2.415e+03 4 0))
|            ( QUESTION5 -1 -5.053e+04 1.323e+02 2.314e+02
|                ( - -2.460e+04 5 0)
|                ( - -2.579e+04 5 0)))))
s>    ( QUESTION8 -1 -2.412e+06 7.642e+02 1.093e+04
s>        ( - -4.019e+04 5 0)
s>        ( QUESTION3 -1 -2.371e+06 6.624e+02 1.074e+04
s>            ( - -2.583e+05 16 0)
s>            ( QUESTION0 -1 -2.112e+06 1.711e+02 9.573e+03
s>                ( WDBNDRY_B 0 -2.061e+06 1.228e+02 9.341e+03
s>                    ( - -2.058e+06 29 0)
s>                    ( - -2.415e+03 4 0))
s>                ( QUESTION5 -1 -5.053e+04 1.323e+02 2.314e+02
s>                    ( - -2.460e+04 5 0)
s>                    ( - -2.579e+04 5 0)))))INFO: dtree.c(1439): stop. leaf nodes are specific
INFO: dtree.c(1478): Final simple tree
|( QUESTION2_4_L -1 -1.014e+05 1.471e+02 4.691e+02
|    ( - -1.008e+05 5 0)
|    ( - -4.777e+02 1 0))
s>    ( QUESTION2_4_L -1 -1.014e+05 1.471e+02 4.691e+02
s>        ( - -1.008e+05 5 0)
s>        ( - -4.777e+02 1 0))INFO: dtree.c(1315): Comp split 11
INFO: dtree.c(1439): stop. leaf nodes are specific
INFO: dtree.c(1478): Final simple tree
|( QUESTION0 -1 -1.910e+05 1.957e+02 8.496e+02
|    ( WDBNDRY_E 0 -1.885e+05 1.486e+02 8.386e+02
|        ( - -2.966e+02 1 0)
|        ( - -1.881e+05 9 0))
|    ( - -2.286e+03 1 0))
s>    ( QUESTION0 -1 -1.910e+05 1.957e+02 8.496e+02
s>        ( WDBNDRY_E 0 -1.885e+05 1.486e+02 8.386e+02
s>            ( - -2.966e+02 1 0)
s>            ( - -1.881e+05 9 0))
s>        ( - -2.286e+03 1 0))INFO: dtree.c(1439): stop. leaf nodes are specific
INFO: dtree.c(1478): Final simple tree
|( QUESTION2 -1 -1.176e+05 1.685e+02 5.312e+02
|    ( - -5.162e+03 2 0)
|    ( - -1.123e+05 2 0))
s>    ( QUESTION2 -1 -1.176e+05 1.685e+02 5.312e+02
s>        ( - -5.162e+03 2 0)
s>        ( - -1.123e+05 2 0))INFO: dtree.c(1315): Comp split 12
INFO: dtree.c(1478): Final simple tree
|( SILENCE -1 -1.909e+05 4.631e+02 8.604e+02
|    ( - 2.414e+02 1 0)
|    ( QUESTION0 -1 -1.906e+05 2.761e+02 8.594e+02
|        ( WDBNDRY_B 0 -1.313e+05 2.319e+02 5.942e+02
|            ( QUESTION0_1_R 1 -1.309e+05 1.587e+02 5.922e+02
|                ( - -7.587e+02 2 0)
|                ( - -1.299e+05 4 0))
|            ( - -2.581e+02 1 0))
|        ( QUESTION3 -1 -5.902e+04 2.392e+02 2.651e+02
|            ( - -3.537e+04 2 0)
|            ( QUESTION18 -1 -2.341e+04 1.956e+02 1.046e+02
|                ( - -4.607e+03 1 0)
|                ( QUESTION17 -1 -1.861e+04 1.716e+02 8.342e+01
|                    ( - -2.534e+03 1 0)
|                    ( - -1.590e+04 5 0 QUESTION5 -1 1.514e+02 7.168e+01))))))
s>    ( SILENCE -1 -1.909e+05 4.631e+02 8.604e+02
s>        ( - 2.414e+02 1 0)
s>        ( QUESTION0 -1 -1.906e+05 2.761e+02 8.594e+02
s>            ( WDBNDRY_B 0 -1.313e+05 2.319e+02 5.942e+02
s>                ( QUESTION0_1_R 1 -1.309e+05 1.587e+02 5.922e+02
s>                    ( - -7.587e+02 2 0)
s>                    ( - -1.299e+05 4 0))
s>                ( - -2.581e+02 1 0))
s>            ( QUESTION3 -1 -5.902e+04 2.392e+02 2.651e+02
s>                ( - -3.537e+04 2 0)
s>                ( QUESTION18 -1 -2.341e+04 1.956e+02 1.046e+02
s>                    ( - -4.607e+03 1 0)
s>                    ( QUESTION17 -1 -1.861e+04 1.716e+02 8.342e+01
s>                        ( - -2.534e+03 1 0)
s>                        ( - -1.590e+04 5 0 QUESTION5 -1 1.514e+02 7.168e+01))))))INFO: dtree.c(1439): stop. leaf nodes are specific
INFO: dtree.c(1478): Final simple tree
|( QUESTION0 -1 -3.029e+04 1.670e+02 1.420e+02
|    ( WDBNDRY_B 0 -2.746e+04 1.383e+02 1.290e+02
|        ( - -7.627e+02 2 0)
|        ( WDBNDRY_E 0 -2.656e+04 1.306e+02 1.250e+02
|            ( - -9.833e+02 2 0)
|            ( - -2.544e+04 3 0)))
|    ( - -2.666e+03 1 0))
s>    ( QUESTION0 -1 -3.029e+04 1.670e+02 1.420e+02
s>        ( WDBNDRY_B 0 -2.746e+04 1.383e+02 1.290e+02
s>            ( - -7.627e+02 2 0)
s>            ( WDBNDRY_E 0 -2.656e+04 1.306e+02 1.250e+02
s>                ( - -9.833e+02 2 0)
s>                ( - -2.544e+04 3 0)))
s>        ( - -2.666e+03 1 0))INFO: dtree.c(1315): Comp split 13
INFO: dtree.c(1478): Final simple tree
|( QUESTION0_10_R 1 -5.083e+05 8.133e+02 2.305e+03
|    ( WDBNDRY_B 0 -4.951e+04 3.642e+02 2.277e+02
|        ( SILENCE -1 -9.832e+03 1.289e+02 4.668e+01
|            ( - -5.573e+02 1 0)
|            ( - -9.146e+03 5 0 QUESTION8 -1 1.176e+02 4.368e+01))
|        ( QUESTION0 -1 -3.931e+04 1.953e+02 1.811e+02
|            ( WDBNDRY_E 0 -3.834e+04 1.749e+02 1.771e+02
|                ( - -8.063e+03 7 0)
|                ( - -3.010e+04 5 0))
|            ( - -7.785e+02 1 0)))
|    ( QUESTION0_19_R 1 -4.580e+05 1.345e+02 2.077e+03
|        ( - -3.286e+02 2 0)
|        ( SILENCE 1 -4.576e+05 1.290e+02 2.075e+03
|            ( - -1.835e+03 1 0)
|            ( - -4.556e+05 13 0 QUESTION0_1_R 1 1.225e+02 2.066e+03))))
s>    ( QUESTION0_10_R 1 -5.083e+05 8.133e+02 2.305e+03
s>        ( WDBNDRY_B 0 -4.951e+04 3.642e+02 2.277e+02
s>            ( SILENCE -1 -9.832e+03 1.289e+02 4.668e+01
s>                ( - -5.573e+02 1 0)
s>                ( - -9.146e+03 5 0 QUESTION8 -1 1.176e+02 4.368e+01))
s>            ( QUESTION0 -1 -3.931e+04 1.953e+02 1.811e+02
s>                ( WDBNDRY_E 0 -3.834e+04 1.749e+02 1.771e+02
s>                    ( - -8.063e+03 7 0)
s>                    ( - -3.010e+04 5 0))
s>                ( - -7.785e+02 1 0)))
s>        ( QUESTION0_19_R 1 -4.580e+05 1.345e+02 2.077e+03
s>            ( - -3.286e+02 2 0)
s>            ( SILENCE 1 -4.576e+05 1.290e+02 2.075e+03
s>                ( - -1.835e+03 1 0)
s>                ( - -4.556e+05 13 0 QUESTION0_1_R 1 1.225e+02 2.066e+03))))INFO: dtree.c(1439): stop. leaf nodes are specific
INFO: dtree.c(1478): Final simple tree
|( QUESTION0_5_R 1 -1.386e+05 1.089e+03 6.249e+02
|    ( - -1.343e+04 1 0)
|    ( QUESTION0_17_R 1 -1.241e+05 4.588e+02 5.613e+02
|        ( - 2.426e+02 1 0)
|        ( QUESTION0_1_R 1 -1.239e+05 4.026e+02 5.603e+02
|            ( WDBNDRY_E 0 -3.349e+03 4.586e+02 1.600e+01
|                ( - 2.414e+02 1 0)
|                ( - -3.132e+03 2 0))
|            ( WDBNDRY_E 0 -1.201e+05 1.352e+02 5.443e+02
|                ( - -1.957e+03 3 0)
|                ( - -1.180e+05 2 0)))))
s>    ( QUESTION0_5_R 1 -1.386e+05 1.089e+03 6.249e+02
s>        ( - -1.343e+04 1 0)
s>        ( QUESTION0_17_R 1 -1.241e+05 4.588e+02 5.613e+02
s>            ( - 2.426e+02 1 0)
s>            ( QUESTION0_1_R 1 -1.239e+05 4.026e+02 5.603e+02
s>                ( WDBNDRY_E 0 -3.349e+03 4.586e+02 1.600e+01
s>                    ( - 2.414e+02 1 0)
s>                    ( - -3.132e+03 2 0))
s>                ( WDBNDRY_E 0 -1.201e+05 1.352e+02 5.443e+02
s>                    ( - -1.957e+03 3 0)
s>                    ( - -1.180e+05 2 0)))))INFO: dtree.c(1315): Comp split 14
INFO: dtree.c(1439): stop. leaf nodes are specific
INFO: dtree.c(1478): Final simple tree
|( QUESTION2_3_L -1 -1.301e+06 6.119e+02 5.880e+03
|    ( - -2.360e+04 1 0)
|    ( WDBNDRY_B 0 -1.277e+06 4.453e+02 5.773e+03
|        ( QUESTION0 -1 -1.277e+06 2.688e+02 5.772e+03
|            ( - -1.268e+06 10 0)
|            ( - -7.973e+03 2 0))
|        ( - 2.156e+02 1 0)))
s>    ( QUESTION2_3_L -1 -1.301e+06 6.119e+02 5.880e+03
s>        ( - -2.360e+04 1 0)
s>        ( WDBNDRY_B 0 -1.277e+06 4.453e+02 5.773e+03
s>            ( QUESTION0 -1 -1.277e+06 2.688e+02 5.772e+03
s>                ( - -1.268e+06 10 0)
s>                ( - -7.973e+03 2 0))
s>            ( - 2.156e+02 1 0)))INFO: dtree.c(1478): Final simple tree
|( QUESTION2_2_L -1 -2.212e+05 6.200e+02 9.985e+02
|    ( QUESTION0 -1 -1.056e+05 1.394e+02 4.754e+02
|        ( QUESTION2_4_L -1 -7.579e+03 1.348e+02 3.491e+01
|            ( - -7.134e+03 3 0)
|            ( - -3.096e+02 1 0))
|        ( - -9.788e+04 8 0))
|    ( QUESTION2_8_L -1 -1.150e+05 3.350e+02 5.231e+02
|        ( QUESTION17 -1 -4.496e+04 1.320e+02 2.067e+02
|            ( - -2.560e+04 1 0)
|            ( - -1.923e+04 3 0))
|        ( QUESTION5 -1 -6.968e+04 2.529e+02 3.163e+02
|            ( - -2.496e+04 3 0)
|            ( QUESTION2_19_L -1 -4.446e+04 2.088e+02 2.017e+02
|                ( - -3.542e+04 5 0 QUESTION2_20_L -1 1.283e+02 1.612e+02)
|                ( - -8.830e+03 3 0 QUESTION12 -1 1.287e+02 4.056e+01)))))
s>    ( QUESTION2_2_L -1 -2.212e+05 6.200e+02 9.985e+02
s>        ( QUESTION0 -1 -1.056e+05 1.394e+02 4.754e+02
s>            ( QUESTION2_4_L -1 -7.579e+03 1.348e+02 3.491e+01
s>                ( - -7.134e+03 3 0)
s>                ( - -3.096e+02 1 0))
s>            ( - -9.788e+04 8 0))
s>        ( QUESTION2_8_L -1 -1.150e+05 3.350e+02 5.231e+02
s>            ( QUESTION17 -1 -4.496e+04 1.320e+02 2.067e+02
s>                ( - -2.560e+04 1 0)
s>                ( - -1.923e+04 3 0))
s>            ( QUESTION5 -1 -6.968e+04 2.529e+02 3.163e+02
s>                ( - -2.496e+04 3 0)
s>                ( QUESTION2_19_L -1 -4.446e+04 2.088e+02 2.017e+02
s>                    ( - -3.542e+04 5 0 QUESTION2_20_L -1 1.283e+02 1.612e+02)
s>                    ( - -8.830e+03 3 0 QUESTION12 -1 1.287e+02 4.056e+01)))))INFO: dtree.c(1315): Comp split 15
INFO: dtree.c(1439): stop. leaf nodes are specific
INFO: dtree.c(1478): Final simple tree
|( QUESTION0_17_R 1 -1.241e+05 4.588e+02 5.613e+02
|    ( - 2.426e+02 1 0)
|    ( QUESTION0_1_R 1 -1.239e+05 4.026e+02 5.603e+02
|        ( WDBNDRY_E 0 -3.349e+03 4.586e+02 1.600e+01
|            ( - 2.414e+02 1 0)
|            ( - -3.132e+03 2 0))
|        ( WDBNDRY_E 0 -1.201e+05 1.352e+02 5.443e+02
|            ( - -1.957e+03 3 0)
|            ( - -1.180e+05 2 0))))
s>    ( QUESTION0_17_R 1 -1.241e+05 4.588e+02 5.613e+02
s>        ( - 2.426e+02 1 0)
s>        ( QUESTION0_1_R 1 -1.239e+05 4.026e+02 5.603e+02
s>            ( WDBNDRY_E 0 -3.349e+03 4.586e+02 1.600e+01
s>                ( - 2.414e+02 1 0)
s>                ( - -3.132e+03 2 0))
s>            ( WDBNDRY_E 0 -1.201e+05 1.352e+02 5.443e+02
s>                ( - -1.957e+03 3 0)
s>                ( - -1.180e+05 2 0))))INFO: dtree.c(1315): Comp split 16
INFO: dtree.c(1439): stop. leaf nodes are specific
INFO: dtree.c(1478): Final simple tree
|( WDBNDRY_B 0 -4.951e+04 3.642e+02 2.277e+02
|    ( SILENCE -1 -9.832e+03 1.289e+02 4.668e+01
|        ( - -5.573e+02 1 0)
|        ( QUESTION8 -1 -9.146e+03 1.176e+02 4.368e+01
|            ( - -9.159e+02 1 0)
|            ( QUESTION0 -1 -8.112e+03 7.287e+01 3.868e+01
|                ( - -6.417e+03 3 0)
|                ( - -1.623e+03 1 0))))
|    ( QUESTION0 -1 -3.931e+04 1.953e+02 1.811e+02
|        ( WDBNDRY_E 0 -3.834e+04 1.749e+02 1.771e+02
|            ( - -8.063e+03 7 0)
|            ( - -3.010e+04 5 0))
|        ( - -7.785e+02 1 0)))
s>    ( WDBNDRY_B 0 -4.951e+04 3.642e+02 2.277e+02
s>        ( SILENCE -1 -9.832e+03 1.289e+02 4.668e+01
s>            ( - -5.573e+02 1 0)
s>            ( QUESTION8 -1 -9.146e+03 1.176e+02 4.368e+01
s>                ( - -9.159e+02 1 0)
s>                ( QUESTION0 -1 -8.112e+03 7.287e+01 3.868e+01
s>                    ( - -6.417e+03 3 0)
s>                    ( - -1.623e+03 1 0))))
s>        ( QUESTION0 -1 -3.931e+04 1.953e+02 1.811e+02
s>            ( WDBNDRY_E 0 -3.834e+04 1.749e+02 1.771e+02
s>                ( - -8.063e+03 7 0)
s>                ( - -3.010e+04 5 0))
s>            ( - -7.785e+02 1 0)))INFO: dtree.c(1478): Final simple tree
|( QUESTION0_19_R 1 -4.580e+05 1.345e+02 2.077e+03
|    ( - -3.286e+02 2 0)
|    ( SILENCE 1 -4.576e+05 1.290e+02 2.075e+03
|        ( - -1.835e+03 1 0)
|        ( QUESTION0_1_R 1 -4.556e+05 1.225e+02 2.066e+03
|            ( WDBNDRY_E 0 -3.022e+03 1.619e+02 1.400e+01
|                ( - -1.044e+03 1 0)
|                ( QUESTION0 -1 -1.817e+03 1.222e+02 9.000e+00
|                    ( - -1.175e+03 1 0)
|                    ( - -5.195e+02 1 0)))
|            ( WDBNDRY_E 0 -4.524e+05 1.337e+02 2.052e+03
|                ( - -2.963e+02 2 0)
|                ( QUESTION0_8_R 1 -4.520e+05 1.063e+02 2.050e+03
|                    ( - -7.990e+02 2 0 QUESTION0 -1 1.496e+02 4.000e+00)
|                    ( - -4.511e+05 6 0 QUESTION0 -1 7.758e+01 2.046e+03))))))
s>    ( QUESTION0_19_R 1 -4.580e+05 1.345e+02 2.077e+03
s>        ( - -3.286e+02 2 0)
s>        ( SILENCE 1 -4.576e+05 1.290e+02 2.075e+03
s>            ( - -1.835e+03 1 0)
s>            ( QUESTION0_1_R 1 -4.556e+05 1.225e+02 2.066e+03
s>                ( WDBNDRY_E 0 -3.022e+03 1.619e+02 1.400e+01
s>                    ( - -1.044e+03 1 0)
s>                    ( QUESTION0 -1 -1.817e+03 1.222e+02 9.000e+00
s>                        ( - -1.175e+03 1 0)
s>                        ( - -5.195e+02 1 0)))
s>                ( WDBNDRY_E 0 -4.524e+05 1.337e+02 2.052e+03
s>                    ( - -2.963e+02 2 0)
s>                    ( QUESTION0_8_R 1 -4.520e+05 1.063e+02 2.050e+03
s>                        ( - -7.990e+02 2 0 QUESTION0 -1 1.496e+02 4.000e+00)
s>                        ( - -4.511e+05 6 0 QUESTION0 -1 7.758e+01 2.046e+03))))))INFO: dtree.c(1315): Comp split 17
INFO: dtree.c(1439): stop. leaf nodes are specific
INFO: dtree.c(1478): Final simple tree
|( QUESTION0 -1 -2.086e+06 1.612e+02 9.455e+03
|    ( WDBNDRY_B 0 -2.061e+06 1.228e+02 9.341e+03
|        ( - -2.058e+06 29 0)
|        ( - -2.415e+03 4 0))
|    ( - -2.460e+04 5 0))
s>    ( QUESTION0 -1 -2.086e+06 1.612e+02 9.455e+03
s>        ( WDBNDRY_B 0 -2.061e+06 1.228e+02 9.341e+03
s>            ( - -2.058e+06 29 0)
s>            ( - -2.415e+03 4 0))
s>        ( - -2.460e+04 5 0))INFO: dtree.c(1439): stop. leaf nodes are specific
INFO: dtree.c(1478): Final simple tree
|( QUESTION2 -1 -3.250e+05 6.245e+02 1.472e+03
|    ( QUESTION3 -1 -2.842e+05 1.430e+02 1.289e+03
|        ( - -2.583e+05 16 0)
|        ( - -2.579e+04 5 0))
|    ( - -4.019e+04 5 0))
s>    ( QUESTION2 -1 -3.250e+05 6.245e+02 1.472e+03
s>        ( QUESTION3 -1 -2.842e+05 1.430e+02 1.289e+03
s>            ( - -2.583e+05 16 0)
s>            ( - -2.579e+04 5 0))
s>        ( - -4.019e+04 5 0))INFO: dtree.c(1315): Comp split 18
INFO: dtree.c(1315): Comp split 19
INFO: dtree.c(1439): stop. leaf nodes are specific
INFO: dtree.c(1478): Final simple tree
|( QUESTION0 -1 -1.051e+05 1.356e+02 4.734e+02
|    ( - -7.134e+03 3 0)
|    ( - -9.788e+04 8 0))
s>    ( QUESTION0 -1 -1.051e+05 1.356e+02 4.734e+02
s>        ( - -7.134e+03 3 0)
s>        ( - -9.788e+04 8 0))INFO: dtree.c(1478): Final simple tree
|( QUESTION2_8_L -1 -1.154e+05 3.344e+02 5.251e+02
|    ( QUESTION17 -1 -4.496e+04 1.320e+02 2.067e+02
|        ( - -2.560e+04 1 0)
|        ( - -1.923e+04 3 0))
|    ( QUESTION5 -1 -7.012e+04 2.552e+02 3.183e+02
|        ( - -2.496e+04 3 0)
|        ( QUESTION2_19_L -1 -4.490e+04 1.969e+02 2.037e+02
|            ( QUESTION2_20_L -1 -3.542e+04 1.283e+02 1.612e+02
|                ( - -2.705e+04 3 0 QUESTION2 -1 9.551e+01 1.232e+02)
|                ( - -8.248e+03 2 0))
|            ( QUESTION0 -1 -9.282e+03 1.424e+02 4.256e+01
|                ( - -3.096e+02 1 0)
|                ( QUESTION12 -1 -8.830e+03 1.287e+02 4.056e+01
|                    ( - -2.486e+03 1 0)
|                    ( - -6.215e+03 2 0 QUESTION2 -1 1.032e+02 2.903e+01))))))
s>    ( QUESTION2_8_L -1 -1.154e+05 3.344e+02 5.251e+02
s>        ( QUESTION17 -1 -4.496e+04 1.320e+02 2.067e+02
s>            ( - -2.560e+04 1 0)
s>            ( - -1.923e+04 3 0))
s>        ( QUESTION5 -1 -7.012e+04 2.552e+02 3.183e+02
s>            ( - -2.496e+04 3 0)
s>            ( QUESTION2_19_L -1 -4.490e+04 1.969e+02 2.037e+02
s>                ( QUESTION2_20_L -1 -3.542e+04 1.283e+02 1.612e+02
s>                    ( - -2.705e+04 3 0 QUESTION2 -1 9.551e+01 1.232e+02)
s>                    ( - -8.248e+03 2 0))
s>                ( QUESTION0 -1 -9.282e+03 1.424e+02 4.256e+01
s>                    ( - -3.096e+02 1 0)
s>                    ( QUESTION12 -1 -8.830e+03 1.287e+02 4.056e+01
s>                        ( - -2.486e+03 1 0)
s>                        ( - -6.215e+03 2 0 QUESTION2 -1 1.032e+02 2.903e+01))))))INFO: dtree.c(1315): Comp split 20
INFO: dtree.c(1439): stop. leaf nodes are specific
INFO: dtree.c(1478): Final simple tree
|( QUESTION3 -1 -2.842e+05 1.430e+02 1.289e+03
|    ( - -2.583e+05 16 0)
|    ( - -2.579e+04 5 0))
s>    ( QUESTION3 -1 -2.842e+05 1.430e+02 1.289e+03
s>        ( - -2.583e+05 16 0)
s>        ( - -2.579e+04 5 0))INFO: dtree.c(1315): Comp split 21
INFO: dtree.c(1439): stop. leaf nodes are specific
INFO: dtree.c(1478): Final simple tree
|( WDBNDRY_B 0 -1.277e+06 4.453e+02 5.773e+03
|    ( QUESTION0 -1 -1.277e+06 2.688e+02 5.772e+03
|        ( - -1.268e+06 10 0)
|        ( - -7.973e+03 2 0))
|    ( - 2.156e+02 1 0))
s>    ( WDBNDRY_B 0 -1.277e+06 4.453e+02 5.773e+03
s>        ( QUESTION0 -1 -1.277e+06 2.688e+02 5.772e+03
s>            ( - -1.268e+06 10 0)
s>            ( - -7.973e+03 2 0))
s>        ( - 2.156e+02 1 0))INFO: dtree.c(1315): Comp split 22
INFO: dtree.c(1439): stop. leaf nodes are specific
INFO: dtree.c(1478): Final simple tree
|( QUESTION5 -1 -2.093e+04 1.506e+02 9.305e+01
|    ( - -3.300e+02 1 0)
|    ( - -2.045e+04 5 0))
s>    ( QUESTION5 -1 -2.093e+04 1.506e+02 9.305e+01
s>        ( - -3.300e+02 1 0)
s>        ( - -2.045e+04 5 0))INFO: dtree.c(1439): stop. leaf nodes are specific
INFO: dtree.c(1478): Final simple tree
|( QUESTION2_0_L -1 -1.321e+06 1.039e+02 5.989e+03
|    ( - -1.320e+06 26 0)
|    ( - -7.689e+02 1 0))
s>    ( QUESTION2_0_L -1 -1.321e+06 1.039e+02 5.989e+03
s>        ( - -1.320e+06 26 0)
s>        ( - -7.689e+02 1 0))INFO: dtree.c(1315): Comp split 23
INFO: dtree.c(1439): stop. leaf nodes are specific
INFO: dtree.c(1478): Final simple tree
|( QUESTION11 -1 -1.787e+04 1.533e+02 8.505e+01
|    ( - -1.742e+04 1 0)
|    ( - -2.949e+02 1 0))
s>    ( QUESTION11 -1 -1.787e+04 1.533e+02 8.505e+01
s>        ( - -1.742e+04 1 0)
s>        ( - -2.949e+02 1 0))INFO: dtree.c(1439): stop. leaf nodes are specific
INFO: dtree.c(1478): Final simple tree
|( WDBNDRY_B 0 -1.627e+05 2.523e+02 7.353e+02
|    ( QUESTION18 -1 -4.100e+04 1.508e+02 1.858e+02
|        ( - -1.701e+04 5 0)
|        ( QUESTION11 -1 -2.383e+04 1.114e+02 1.084e+02
|            ( - -6.840e+03 2 0)
|            ( - -1.688e+04 5 0)))
|    ( QUESTION11 -1 -1.215e+05 1.873e+02 5.495e+02
|        ( - -2.111e+03 2 0)
|        ( - -1.192e+05 6 0)))
s>    ( WDBNDRY_B 0 -1.627e+05 2.523e+02 7.353e+02
s>        ( QUESTION18 -1 -4.100e+04 1.508e+02 1.858e+02
s>            ( - -1.701e+04 5 0)
s>            ( QUESTION11 -1 -2.383e+04 1.114e+02 1.084e+02
s>                ( - -6.840e+03 2 0)
s>                ( - -1.688e+04 5 0)))
s>        ( QUESTION11 -1 -1.215e+05 1.873e+02 5.495e+02
s>            ( - -2.111e+03 2 0)
s>            ( - -1.192e+05 6 0)))INFO: dtree.c(1315): Comp split 24
INFO: dtree.c(1439): stop. leaf nodes are specific
INFO: dtree.c(1478): Final simple tree
|( QUESTION0_17_R 1 -1.239e+05 4.588e+02 5.603e+02
|    ( - 2.426e+02 1 0)
|    ( QUESTION0_1_R 1 -1.237e+05 3.896e+02 5.593e+02
|        ( - -3.132e+03 2 0)
|        ( WDBNDRY_E 0 -1.201e+05 1.352e+02 5.443e+02
|            ( - -1.957e+03 3 0)
|            ( - -1.180e+05 2 0))))
s>    ( QUESTION0_17_R 1 -1.239e+05 4.588e+02 5.603e+02
s>        ( - 2.426e+02 1 0)
s>        ( QUESTION0_1_R 1 -1.237e+05 3.896e+02 5.593e+02
s>            ( - -3.132e+03 2 0)
s>            ( WDBNDRY_E 0 -1.201e+05 1.352e+02 5.443e+02
s>                ( - -1.957e+03 3 0)
s>                ( - -1.180e+05 2 0))))INFO: dtree.c(1315): Comp split 25
INFO: dtree.c(1478): Final simple tree
|( QUESTION0 -1 -1.906e+05 2.761e+02 8.594e+02
|    ( WDBNDRY_B 0 -1.313e+05 2.319e+02 5.942e+02
|        ( QUESTION0_1_R 1 -1.309e+05 1.587e+02 5.922e+02
|            ( - -7.587e+02 2 0)
|            ( - -1.299e+05 4 0))
|        ( - -2.581e+02 1 0))
|    ( QUESTION3 -1 -5.902e+04 2.392e+02 2.651e+02
|        ( - -3.537e+04 2 0)
|        ( QUESTION18 -1 -2.341e+04 1.956e+02 1.046e+02
|            ( - -4.607e+03 1 0)
|            ( QUESTION17 -1 -1.861e+04 1.716e+02 8.342e+01
|                ( - -2.534e+03 1 0)
|                ( QUESTION5 -1 -1.590e+04 1.514e+02 7.168e+01
|                    ( - -5.080e+03 2 0)
|                    ( - -1.067e+04 3 0 QUESTION11 -1 1.193e+02 4.867e+01))))))
s>    ( QUESTION0 -1 -1.906e+05 2.761e+02 8.594e+02
s>        ( WDBNDRY_B 0 -1.313e+05 2.319e+02 5.942e+02
s>            ( QUESTION0_1_R 1 -1.309e+05 1.587e+02 5.922e+02
s>                ( - -7.587e+02 2 0)
s>                ( - -1.299e+05 4 0))
s>            ( - -2.581e+02 1 0))
s>        ( QUESTION3 -1 -5.902e+04 2.392e+02 2.651e+02
s>            ( - -3.537e+04 2 0)
s>            ( QUESTION18 -1 -2.341e+04 1.956e+02 1.046e+02
s>                ( - -4.607e+03 1 0)
s>                ( QUESTION17 -1 -1.861e+04 1.716e+02 8.342e+01
s>                    ( - -2.534e+03 1 0)
s>                    ( QUESTION5 -1 -1.590e+04 1.514e+02 7.168e+01
s>                        ( - -5.080e+03 2 0)
s>                        ( - -1.067e+04 3 0 QUESTION11 -1 1.193e+02 4.867e+01))))))INFO: dtree.c(1315): Comp split 26
INFO: dtree.c(1439): stop. leaf nodes are specific
INFO: dtree.c(1478): Final simple tree
|( QUESTION0_1_R 1 -1.237e+05 3.896e+02 5.593e+02
|    ( - -3.132e+03 2 0)
|    ( WDBNDRY_E 0 -1.201e+05 1.352e+02 5.443e+02
|        ( - -1.957e+03 3 0)
|        ( - -1.180e+05 2 0)))
s>    ( QUESTION0_1_R 1 -1.237e+05 3.896e+02 5.593e+02
s>        ( - -3.132e+03 2 0)
s>        ( WDBNDRY_E 0 -1.201e+05 1.352e+02 5.443e+02
s>            ( - -1.957e+03 3 0)
s>            ( - -1.180e+05 2 0)))INFO: dtree.c(1315): Comp split 27
INFO: dtree.c(1439): stop. leaf nodes are specific
INFO: dtree.c(1478): Final simple tree
|( QUESTION0 -1 -1.277e+06 2.688e+02 5.772e+03
|    ( - -1.268e+06 10 0)
|    ( - -7.973e+03 2 0))
s>    ( QUESTION0 -1 -1.277e+06 2.688e+02 5.772e+03
s>        ( - -1.268e+06 10 0)
s>        ( - -7.973e+03 2 0))INFO: dtree.c(1315): Comp split 28
INFO: dtree.c(1439): stop. leaf nodes are specific
INFO: dtree.c(1478): Final simple tree
|( WDBNDRY_E 0 -1.201e+05 1.352e+02 5.443e+02
|    ( - -1.957e+03 3 0)
|    ( - -1.180e+05 2 0))
s>    ( WDBNDRY_E 0 -1.201e+05 1.352e+02 5.443e+02
s>        ( - -1.957e+03 3 0)
s>        ( - -1.180e+05 2 0))INFO: dtree.c(1315): Comp split 29
INFO: dtree.c(1439): stop. leaf nodes are specific
INFO: dtree.c(1478): Final simple tree
|( QUESTION8 -1 -9.146e+03 1.176e+02 4.368e+01
|    ( - -9.159e+02 1 0)
|    ( QUESTION0 -1 -8.112e+03 7.287e+01 3.868e+01
|        ( - -6.417e+03 3 0)
|        ( - -1.623e+03 1 0)))
s>    ( QUESTION8 -1 -9.146e+03 1.176e+02 4.368e+01
s>        ( - -9.159e+02 1 0)
s>        ( QUESTION0 -1 -8.112e+03 7.287e+01 3.868e+01
s>            ( - -6.417e+03 3 0)
s>            ( - -1.623e+03 1 0)))INFO: dtree.c(1439): stop. leaf nodes are specific
INFO: dtree.c(1478): Final simple tree
|( QUESTION1 -1 -3.999e+04 1.965e+02 1.841e+02
|    ( - -7.785e+02 1 0)
|    ( WDBNDRY_E 0 -3.901e+04 1.744e+02 1.801e+02
|        ( - -8.063e+03 7 0)
|        ( WDBNDRY_B 0 -3.077e+04 1.167e+02 1.421e+02
|            ( - -5.573e+02 1 0)
|            ( - -3.010e+04 5 0))))
s>    ( QUESTION1 -1 -3.999e+04 1.965e+02 1.841e+02
s>        ( - -7.785e+02 1 0)
s>        ( WDBNDRY_E 0 -3.901e+04 1.744e+02 1.801e+02
s>            ( - -8.063e+03 7 0)
s>            ( WDBNDRY_B 0 -3.077e+04 1.167e+02 1.421e+02
s>                ( - -5.573e+02 1 0)
s>                ( - -3.010e+04 5 0))))INFO: dtree.c(1315): Comp split 30
INFO: dtree.c(1439): stop. leaf nodes are specific
INFO: dtree.c(1478): Final simple tree
|( QUESTION2_19_L -1 -2.055e+05 2.702e+02 9.369e+02
|    ( - -1.551e+05 5 0)
|    ( QUESTION2 -1 -5.005e+04 1.759e+02 2.272e+02
|        ( - -2.786e+02 1 0)
|        ( - -4.960e+04 8 0)))
s>    ( QUESTION2_19_L -1 -2.055e+05 2.702e+02 9.369e+02
s>        ( - -1.551e+05 5 0)
s>        ( QUESTION2 -1 -5.005e+04 1.759e+02 2.272e+02
s>            ( - -2.786e+02 1 0)
s>            ( - -4.960e+04 8 0)))INFO: dtree.c(1315): Comp split 31
INFO: dtree.c(1478): Final simple tree
|( QUESTION5 -1 -7.012e+04 2.552e+02 3.183e+02
|    ( - -2.496e+04 3 0)
|    ( QUESTION2_19_L -1 -4.490e+04 1.969e+02 2.037e+02
|        ( QUESTION2_20_L -1 -3.542e+04 1.283e+02 1.612e+02
|            ( QUESTION2 -1 -2.705e+04 9.551e+01 1.232e+02
|                ( - -9.631e+03 1 0)
|                ( - -1.732e+04 2 0))
|            ( - -8.248e+03 2 0))
|        ( QUESTION0 -1 -9.282e+03 1.424e+02 4.256e+01
|            ( - -3.096e+02 1 0)
|            ( QUESTION12 -1 -8.830e+03 1.287e+02 4.056e+01
|                ( - -2.486e+03 1 0)
|                ( QUESTION2 -1 -6.215e+03 1.032e+02 2.903e+01
|                    ( - -7.675e+02 1 0)
|                    ( - -5.344e+03 1 0))))))
s>    ( QUESTION5 -1 -7.012e+04 2.552e+02 3.183e+02
s>        ( - -2.496e+04 3 0)
s>        ( QUESTION2_19_L -1 -4.490e+04 1.969e+02 2.037e+02
s>            ( QUESTION2_20_L -1 -3.542e+04 1.283e+02 1.612e+02
s>                ( QUESTION2 -1 -2.705e+04 9.551e+01 1.232e+02
s>                    ( - -9.631e+03 1 0)
s>                    ( - -1.732e+04 2 0))
s>                ( - -8.248e+03 2 0))
s>            ( QUESTION0 -1 -9.282e+03 1.424e+02 4.256e+01
s>                ( - -3.096e+02 1 0)
s>                ( QUESTION12 -1 -8.830e+03 1.287e+02 4.056e+01
s>                    ( - -2.486e+03 1 0)
s>                    ( QUESTION2 -1 -6.215e+03 1.032e+02 2.903e+01
s>                        ( - -7.675e+02 1 0)
s>                        ( - -5.344e+03 1 0))))))INFO: dtree.c(1439): stop. leaf nodes are specific
INFO: dtree.c(1478): Final simple tree
|( QUESTION17 -1 -4.496e+04 1.320e+02 2.067e+02
|    ( - -2.560e+04 1 0)
|    ( - -1.923e+04 3 0))
s>    ( QUESTION17 -1 -4.496e+04 1.320e+02 2.067e+02
s>        ( - -2.560e+04 1 0)
s>        ( - -1.923e+04 3 0))INFO: dtree.c(1315): Comp split 32
INFO: dtree.c(1439): stop. leaf nodes are specific
INFO: dtree.c(1478): Final simple tree
|( WDBNDRY_B 0 -1.908e+04 2.171e+02 8.542e+01
|    ( QUESTION17 -1 -1.861e+04 1.716e+02 8.342e+01
|        ( - -2.534e+03 1 0)
|        ( QUESTION5 -1 -1.590e+04 1.514e+02 7.168e+01
|            ( - -5.080e+03 2 0)
|            ( QUESTION11 -1 -1.067e+04 1.193e+02 4.867e+01
|                ( - -7.589e+02 1 0)
|                ( QUESTION2 -1 -9.793e+03 9.787e+01 4.467e+01
|                    ( - -4.841e+03 1 0)
|                    ( - -4.854e+03 1 0)))))
|    ( - -2.581e+02 1 0))
s>    ( WDBNDRY_B 0 -1.908e+04 2.171e+02 8.542e+01
s>        ( QUESTION17 -1 -1.861e+04 1.716e+02 8.342e+01
s>            ( - -2.534e+03 1 0)
s>            ( QUESTION5 -1 -1.590e+04 1.514e+02 7.168e+01
s>                ( - -5.080e+03 2 0)
s>                ( QUESTION11 -1 -1.067e+04 1.193e+02 4.867e+01
s>                    ( - -7.589e+02 1 0)
s>                    ( QUESTION2 -1 -9.793e+03 9.787e+01 4.467e+01
s>                        ( - -4.841e+03 1 0)
s>                        ( - -4.854e+03 1 0)))))
s>        ( - -2.581e+02 1 0))INFO: dtree.c(1439): stop. leaf nodes are specific
INFO: dtree.c(1478): Final simple tree
|( QUESTION2 -1 -1.712e+05 2.594e+02 7.739e+02
|    ( - -3.537e+04 2 0)
|    ( QUESTION0_1_R 1 -1.356e+05 1.588e+02 6.134e+02
|        ( - -7.587e+02 2 0)
|        ( QUESTION0 -1 -1.347e+05 1.438e+02 6.094e+02
|            ( - -1.299e+05 4 0)
|            ( - -4.607e+03 1 0))))
s>    ( QUESTION2 -1 -1.712e+05 2.594e+02 7.739e+02
s>        ( - -3.537e+04 2 0)
s>        ( QUESTION0_1_R 1 -1.356e+05 1.588e+02 6.134e+02
s>            ( - -7.587e+02 2 0)
s>            ( QUESTION0 -1 -1.347e+05 1.438e+02 6.094e+02
s>                ( - -1.299e+05 4 0)
s>                ( - -4.607e+03 1 0))))INFO: dtree.c(1315): Comp split 33
INFO: dtree.c(1439): stop. leaf nodes are specific
INFO: dtree.c(1478): Final simple tree
|( QUESTION2 -1 -5.005e+04 1.759e+02 2.272e+02
|    ( - -2.786e+02 1 0)
|    ( - -4.960e+04 8 0))
s>    ( QUESTION2 -1 -5.005e+04 1.759e+02 2.272e+02
s>        ( - -2.786e+02 1 0)
s>        ( - -4.960e+04 8 0))INFO: dtree.c(1315): Comp split 34
INFO: dtree.c(1315): Comp split 35
INFO: dtree.c(1439): stop. leaf nodes are specific
INFO: dtree.c(1478): Final simple tree
|( QUESTION0_1_R 1 -1.356e+05 1.588e+02 6.134e+02
|    ( - -7.587e+02 2 0)
|    ( QUESTION0 -1 -1.347e+05 1.438e+02 6.094e+02
|        ( - -1.299e+05 4 0)
|        ( - -4.607e+03 1 0)))
s>    ( QUESTION0_1_R 1 -1.356e+05 1.588e+02 6.134e+02
s>        ( - -7.587e+02 2 0)
s>        ( QUESTION0 -1 -1.347e+05 1.438e+02 6.094e+02
s>            ( - -1.299e+05 4 0)
s>            ( - -4.607e+03 1 0)))INFO: dtree.c(1315): Comp split 36
INFO: dtree.c(1439): stop. leaf nodes are specific
INFO: dtree.c(1478): Final simple tree
|( QUESTION2 -1 -2.756e+04 1.122e+02 1.261e+02
|    ( - -2.496e+04 3 0)
|    ( - -2.486e+03 1 0))
s>    ( QUESTION2 -1 -2.756e+04 1.122e+02 1.261e+02
s>        ( - -2.496e+04 3 0)
s>        ( - -2.486e+03 1 0))INFO: dtree.c(1439): stop. leaf nodes are specific
INFO: dtree.c(1478): Final simple tree
|( QUESTION2_19_L -1 -4.230e+04 2.104e+02 1.922e+02
|    ( QUESTION2_20_L -1 -3.542e+04 1.283e+02 1.612e+02
|        ( QUESTION2 -1 -2.705e+04 9.551e+01 1.232e+02
|            ( - -9.631e+03 1 0)
|            ( - -1.732e+04 2 0))
|        ( - -8.248e+03 2 0))
|    ( QUESTION0 -1 -6.667e+03 1.429e+02 3.103e+01
|        ( - -3.096e+02 1 0)
|        ( QUESTION2 -1 -6.215e+03 1.032e+02 2.903e+01
|            ( - -7.675e+02 1 0)
|            ( - -5.344e+03 1 0))))
s>    ( QUESTION2_19_L -1 -4.230e+04 2.104e+02 1.922e+02
s>        ( QUESTION2_20_L -1 -3.542e+04 1.283e+02 1.612e+02
s>            ( QUESTION2 -1 -2.705e+04 9.551e+01 1.232e+02
s>                ( - -9.631e+03 1 0)
s>                ( - -1.732e+04 2 0))
s>            ( - -8.248e+03 2 0))
s>        ( QUESTION0 -1 -6.667e+03 1.429e+02 3.103e+01
s>            ( - -3.096e+02 1 0)
s>            ( QUESTION2 -1 -6.215e+03 1.032e+02 2.903e+01
s>                ( - -7.675e+02 1 0)
s>                ( - -5.344e+03 1 0))))INFO: dtree.c(1315): Comp split 37
INFO: dtree.c(1439): stop. leaf nodes are specific
INFO: dtree.c(1478): Final simple tree
|( QUESTION18 -1 -4.100e+04 1.508e+02 1.858e+02
|    ( - -1.701e+04 5 0)
|    ( QUESTION11 -1 -2.383e+04 1.114e+02 1.084e+02
|        ( - -6.840e+03 2 0)
|        ( - -1.688e+04 5 0)))
s>    ( QUESTION18 -1 -4.100e+04 1.508e+02 1.858e+02
s>        ( - -1.701e+04 5 0)
s>        ( QUESTION11 -1 -2.383e+04 1.114e+02 1.084e+02
s>            ( - -6.840e+03 2 0)
s>            ( - -1.688e+04 5 0)))INFO: dtree.c(1439): stop. leaf nodes are specific
INFO: dtree.c(1478): Final simple tree
|( QUESTION11 -1 -1.215e+05 1.873e+02 5.495e+02
|    ( - -2.111e+03 2 0)
|    ( - -1.192e+05 6 0))
s>    ( QUESTION11 -1 -1.215e+05 1.873e+02 5.495e+02
s>        ( - -2.111e+03 2 0)
s>        ( - -1.192e+05 6 0))INFO: dtree.c(1315): Comp split 38
INFO: dtree.c(1439): stop. leaf nodes are specific
INFO: dtree.c(1478): Final simple tree
|( QUESTION2 -1 -6.215e+03 1.032e+02 2.903e+01
|    ( - -7.675e+02 1 0)
|    ( - -5.344e+03 1 0))
s>    ( QUESTION2 -1 -6.215e+03 1.032e+02 2.903e+01
s>        ( - -7.675e+02 1 0)
s>        ( - -5.344e+03 1 0))INFO: dtree.c(1439): stop. leaf nodes are specific
INFO: dtree.c(1478): Final simple tree
|( QUESTION2_20_L -1 -3.587e+04 1.405e+02 1.632e+02
|    ( QUESTION2 -1 -2.705e+04 9.551e+01 1.232e+02
|        ( - -9.631e+03 1 0)
|        ( - -1.732e+04 2 0))
|    ( QUESTION0 -1 -8.677e+03 1.188e+02 4.002e+01
|        ( - -3.096e+02 1 0)
|        ( - -8.248e+03 2 0)))
s>    ( QUESTION2_20_L -1 -3.587e+04 1.405e+02 1.632e+02
s>        ( QUESTION2 -1 -2.705e+04 9.551e+01 1.232e+02
s>            ( - -9.631e+03 1 0)
s>            ( - -1.732e+04 2 0))
s>        ( QUESTION0 -1 -8.677e+03 1.188e+02 4.002e+01
s>            ( - -3.096e+02 1 0)
s>            ( - -8.248e+03 2 0)))INFO: dtree.c(1315): Comp split 39
INFO: dtree.c(1439): stop. leaf nodes are specific
INFO: dtree.c(1478): Final simple tree
|( QUESTION17 -1 -1.861e+04 1.716e+02 8.342e+01
|    ( - -2.534e+03 1 0)
|    ( QUESTION5 -1 -1.590e+04 1.514e+02 7.168e+01
|        ( - -5.080e+03 2 0)
|        ( QUESTION11 -1 -1.067e+04 1.193e+02 4.867e+01
|            ( - -7.589e+02 1 0)
|            ( QUESTION2 -1 -9.793e+03 9.787e+01 4.467e+01
|                ( - -4.841e+03 1 0)
|                ( - -4.854e+03 1 0)))))
s>    ( QUESTION17 -1 -1.861e+04 1.716e+02 8.342e+01
s>        ( - -2.534e+03 1 0)
s>        ( QUESTION5 -1 -1.590e+04 1.514e+02 7.168e+01
s>            ( - -5.080e+03 2 0)
s>            ( QUESTION11 -1 -1.067e+04 1.193e+02 4.867e+01
s>                ( - -7.589e+02 1 0)
s>                ( QUESTION2 -1 -9.793e+03 9.787e+01 4.467e+01
s>                    ( - -4.841e+03 1 0)
s>                    ( - -4.854e+03 1 0)))))INFO: dtree.c(1315): Comp split 40
INFO: dtree.c(1439): stop. leaf nodes are specific
INFO: dtree.c(1478): Final simple tree
|( WDBNDRY_E 0 -3.901e+04 1.744e+02 1.801e+02
|    ( - -8.063e+03 7 0)
|    ( WDBNDRY_B 0 -3.077e+04 1.167e+02 1.421e+02
|        ( - -5.573e+02 1 0)
|        ( - -3.010e+04 5 0)))
s>    ( WDBNDRY_E 0 -3.901e+04 1.744e+02 1.801e+02
s>        ( - -8.063e+03 7 0)
s>        ( WDBNDRY_B 0 -3.077e+04 1.167e+02 1.421e+02
s>            ( - -5.573e+02 1 0)
s>            ( - -3.010e+04 5 0)))INFO: dtree.c(1315): Comp split 41
INFO: dtree.c(1439): stop. leaf nodes are specific
INFO: dtree.c(1478): Final simple tree
|( WDBNDRY_E 0 -1.885e+05 1.486e+02 8.386e+02
|    ( - -2.966e+02 1 0)
|    ( - -1.881e+05 9 0))
s>    ( WDBNDRY_E 0 -1.885e+05 1.486e+02 8.386e+02
s>        ( - -2.966e+02 1 0)
s>        ( - -1.881e+05 9 0))INFO: dtree.c(1315): Comp split 42
INFO: dtree.c(1315): Comp split 43
INFO: dtree.c(1439): stop. leaf nodes are specific
INFO: dtree.c(1478): Final simple tree
|( WDBNDRY_E 0 -2.656e+04 1.306e+02 1.250e+02
|    ( - -9.833e+02 2 0)
|    ( - -2.544e+04 3 0))
s>    ( WDBNDRY_E 0 -2.656e+04 1.306e+02 1.250e+02
s>        ( - -9.833e+02 2 0)
s>        ( - -2.544e+04 3 0))INFO: dtree.c(1439): stop. leaf nodes are specific
INFO: dtree.c(1478): Final simple tree
|( WDBNDRY_B 0 -3.549e+03 1.211e+02 1.704e+01
|    ( - -7.627e+02 2 0)
|    ( - -2.666e+03 1 0))
s>    ( WDBNDRY_B 0 -3.549e+03 1.211e+02 1.704e+01
s>        ( - -7.627e+02 2 0)
s>        ( - -2.666e+03 1 0))INFO: dtree.c(1315): Comp split 44
INFO: dtree.c(1315): Comp split 45
INFO: dtree.c(1439): stop. leaf nodes are specific
INFO: dtree.c(1478): Final simple tree
|( WDBNDRY_B 0 -3.077e+04 1.167e+02 1.421e+02
|    ( - -5.573e+02 1 0)
|    ( - -3.010e+04 5 0))
s>    ( WDBNDRY_B 0 -3.077e+04 1.167e+02 1.421e+02
s>        ( - -5.573e+02 1 0)
s>        ( - -3.010e+04 5 0))INFO: dtree.c(1315): Comp split 46
INFO: dtree.c(1439): stop. leaf nodes are specific
INFO: dtree.c(1478): Final simple tree
|( QUESTION5 -1 -1.503e+04 1.540e+02 6.768e+01
|    ( - -5.080e+03 2 0)
|    ( QUESTION2 -1 -9.793e+03 9.787e+01 4.467e+01
|        ( - -4.841e+03 1 0)
|        ( - -4.854e+03 1 0)))
s>    ( QUESTION5 -1 -1.503e+04 1.540e+02 6.768e+01
s>        ( - -5.080e+03 2 0)
s>        ( QUESTION2 -1 -9.793e+03 9.787e+01 4.467e+01
s>            ( - -4.841e+03 1 0)
s>            ( - -4.854e+03 1 0)))INFO: dtree.c(1439): stop. leaf nodes are specific
INFO: dtree.c(1478): Final simple tree
|( QUESTION11 -1 -3.409e+03 1.158e+02 1.575e+01
|    ( - -7.589e+02 1 0)
|    ( - -2.534e+03 1 0))
s>    ( QUESTION11 -1 -3.409e+03 1.158e+02 1.575e+01
s>        ( - -7.589e+02 1 0)
s>        ( - -2.534e+03 1 0))INFO: dtree.c(1315): Comp split 47
INFO: dtree.c(1315): Comp split 48
INFO: dtree.c(1439): stop. leaf nodes are specific
INFO: dtree.c(1478): Final simple tree
|( WDBNDRY_B 0 -2.061e+06 1.228e+02 9.341e+03
|    ( - -2.058e+06 29 0)
|    ( - -2.415e+03 4 0))
s>    ( WDBNDRY_B 0 -2.061e+06 1.228e+02 9.341e+03
s>        ( - -2.058e+06 29 0)
s>        ( - -2.415e+03 4 0))INFO: dtree.c(1315): Comp split 49
INFO: dtree.c(1439): stop. leaf nodes are specific
INFO: dtree.c(1478): Final simple tree
|( QUESTION0 -1 -1.347e+05 1.438e+02 6.094e+02
|    ( - -1.299e+05 4 0)
|    ( - -4.607e+03 1 0))
s>    ( QUESTION0 -1 -1.347e+05 1.438e+02 6.094e+02
s>        ( - -1.299e+05 4 0)
s>        ( - -4.607e+03 1 0))INFO: dtree.c(1315): Comp split 50
INFO: dtree.c(1439): stop. leaf nodes are specific
INFO: dtree.c(1478): Final simple tree
|( QUESTION2 -1 -9.793e+03 9.787e+01 4.467e+01
|    ( - -4.841e+03 1 0)
|    ( - -4.854e+03 1 0))
s>    ( QUESTION2 -1 -9.793e+03 9.787e+01 4.467e+01
s>        ( - -4.841e+03 1 0)
s>        ( - -4.854e+03 1 0))INFO: dtree.c(1315): Comp split 51
INFO: dtree.c(1315): Comp split 52
INFO: dtree.c(1439): stop. leaf nodes are specific
INFO: dtree.c(1478): Final simple tree
|( QUESTION11 -1 -2.383e+04 1.114e+02 1.084e+02
|    ( - -6.840e+03 2 0)
|    ( - -1.688e+04 5 0))
s>    ( QUESTION11 -1 -2.383e+04 1.114e+02 1.084e+02
s>        ( - -6.840e+03 2 0)
s>        ( - -1.688e+04 5 0))INFO: dtree.c(1315): Comp split 53
INFO: dtree.c(1315): Comp split 54
INFO: dtree.c(1478): Final simple tree
|( QUESTION0_1_R 1 -4.568e+05 1.344e+02 2.072e+03
|    ( QUESTION0 -1 -1.817e+03 1.222e+02 9.000e+00
|        ( - -1.175e+03 1 0)
|        ( - -5.195e+02 1 0))
|    ( QUESTION0_19_R 1 -4.549e+05 1.344e+02 2.063e+03
|        ( - -3.286e+02 2 0)
|        ( SILENCE 1 -4.544e+05 1.289e+02 2.061e+03
|            ( - -1.835e+03 1 0)
|            ( WDBNDRY_E 0 -4.524e+05 1.337e+02 2.052e+03
|                ( - -2.963e+02 2 0)
|                ( QUESTION0_8_R 1 -4.520e+05 1.063e+02 2.050e+03
|                    ( QUESTION0 -1 -7.990e+02 1.496e+02 4.000e+00
|                        ( - -3.143e+02 1 0)
|                        ( - -3.351e+02 1 0))
|                    ( - -4.511e+05 6 0 QUESTION0 -1 7.758e+01 2.046e+03))))))
s>    ( QUESTION0_1_R 1 -4.568e+05 1.344e+02 2.072e+03
s>        ( QUESTION0 -1 -1.817e+03 1.222e+02 9.000e+00
s>            ( - -1.175e+03 1 0)
s>            ( - -5.195e+02 1 0))
s>        ( QUESTION0_19_R 1 -4.549e+05 1.344e+02 2.063e+03
s>            ( - -3.286e+02 2 0)
s>            ( SILENCE 1 -4.544e+05 1.289e+02 2.061e+03
s>                ( - -1.835e+03 1 0)
s>                ( WDBNDRY_E 0 -4.524e+05 1.337e+02 2.052e+03
s>                    ( - -2.963e+02 2 0)
s>                    ( QUESTION0_8_R 1 -4.520e+05 1.063e+02 2.050e+03
s>                        ( QUESTION0 -1 -7.990e+02 1.496e+02 4.000e+00
s>                            ( - -3.143e+02 1 0)
s>                            ( - -3.351e+02 1 0))
s>                        ( - -4.511e+05 6 0 QUESTION0 -1 7.758e+01 2.046e+03))))))INFO: dtree.c(1315): Comp split 55
INFO: dtree.c(1315): Comp split 56
INFO: dtree.c(1315): Comp split 57
INFO: dtree.c(1315): Comp split 58
INFO: dtree.c(1315): Comp split 59
INFO: dtree.c(1439): stop. leaf nodes are specific
INFO: dtree.c(1478): Final simple tree
|( QUESTION0 -1 -8.677e+03 1.188e+02 4.002e+01
|    ( - -3.096e+02 1 0)
|    ( - -8.248e+03 2 0))
s>    ( QUESTION0 -1 -8.677e+03 1.188e+02 4.002e+01
s>        ( - -3.096e+02 1 0)
s>        ( - -8.248e+03 2 0))INFO: dtree.c(1439): stop. leaf nodes are specific
INFO: dtree.c(1478): Final simple tree
|( QUESTION2 -1 -2.705e+04 9.551e+01 1.232e+02
|    ( - -9.631e+03 1 0)
|    ( - -1.732e+04 2 0))
s>    ( QUESTION2 -1 -2.705e+04 9.551e+01 1.232e+02
s>        ( - -9.631e+03 1 0)
s>        ( - -1.732e+04 2 0))INFO: dtree.c(1315): Comp split 60
INFO: dtree.c(1478): Final simple tree
|( QUESTION0_19_R 1 -4.564e+05 1.345e+02 2.070e+03
|    ( - -3.286e+02 2 0)
|    ( QUESTION0_1_R 1 -4.559e+05 1.344e+02 2.068e+03
|        ( QUESTION0 -1 -1.817e+03 1.222e+02 9.000e+00
|            ( - -1.175e+03 1 0)
|            ( - -5.195e+02 1 0))
|        ( SILENCE 1 -4.540e+05 1.289e+02 2.059e+03
|            ( - -1.835e+03 1 0)
|            ( WDBNDRY_E 0 -4.520e+05 1.338e+02 2.050e+03
|                ( - -2.963e+02 2 0)
|                ( QUESTION0_8_R 1 -4.516e+05 1.174e+02 2.048e+03
|                    ( - -3.351e+02 1 0)
|                    ( QUESTION0 -1 -4.511e+05 7.758e+01 2.046e+03
|                        ( - -4.495e+05 4 0)
|                        ( - -1.489e+03 2 0)))))))
s>    ( QUESTION0_19_R 1 -4.564e+05 1.345e+02 2.070e+03
s>        ( - -3.286e+02 2 0)
s>        ( QUESTION0_1_R 1 -4.559e+05 1.344e+02 2.068e+03
s>            ( QUESTION0 -1 -1.817e+03 1.222e+02 9.000e+00
s>                ( - -1.175e+03 1 0)
s>                ( - -5.195e+02 1 0))
s>            ( SILENCE 1 -4.540e+05 1.289e+02 2.059e+03
s>                ( - -1.835e+03 1 0)
s>                ( WDBNDRY_E 0 -4.520e+05 1.338e+02 2.050e+03
s>                    ( - -2.963e+02 2 0)
s>                    ( QUESTION0_8_R 1 -4.516e+05 1.174e+02 2.048e+03
s>                        ( - -3.351e+02 1 0)
s>                        ( QUESTION0 -1 -4.511e+05 7.758e+01 2.046e+03
s>                            ( - -4.495e+05 4 0)
s>                            ( - -1.489e+03 2 0)))))))INFO: dtree.c(1315): Comp split 61
INFO: dtree.c(1315): Comp split 62
INFO: dtree.c(1315): Comp split 63
INFO: dtree.c(1439): stop. leaf nodes are specific
INFO: dtree.c(1478): Final simple tree
|( QUESTION0_1_R 1 -4.559e+05 1.344e+02 2.068e+03
|    ( QUESTION0 -1 -1.817e+03 1.222e+02 9.000e+00
|        ( - -1.175e+03 1 0)
|        ( - -5.195e+02 1 0))
|    ( SILENCE 1 -4.540e+05 1.289e+02 2.059e+03
|        ( - -1.835e+03 1 0)
|        ( WDBNDRY_E 0 -4.520e+05 1.338e+02 2.050e+03
|            ( - -2.963e+02 2 0)
|            ( QUESTION0_8_R 1 -4.516e+05 1.174e+02 2.048e+03
|                ( - -3.351e+02 1 0)
|                ( QUESTION0 -1 -4.511e+05 7.758e+01 2.046e+03
|                    ( - -4.495e+05 4 0)
|                    ( - -1.489e+03 2 0))))))
s>    ( QUESTION0_1_R 1 -4.559e+05 1.344e+02 2.068e+03
s>        ( QUESTION0 -1 -1.817e+03 1.222e+02 9.000e+00
s>            ( - -1.175e+03 1 0)
s>            ( - -5.195e+02 1 0))
s>        ( SILENCE 1 -4.540e+05 1.289e+02 2.059e+03
s>            ( - -1.835e+03 1 0)
s>            ( WDBNDRY_E 0 -4.520e+05 1.338e+02 2.050e+03
s>                ( - -2.963e+02 2 0)
s>                ( QUESTION0_8_R 1 -4.516e+05 1.174e+02 2.048e+03
s>                    ( - -3.351e+02 1 0)
s>                    ( QUESTION0 -1 -4.511e+05 7.758e+01 2.046e+03
s>                        ( - -4.495e+05 4 0)
s>                        ( - -1.489e+03 2 0))))))INFO: dtree.c(1315): Comp split 64
INFO: dtree.c(1439): stop. leaf nodes are specific
INFO: dtree.c(1478): Final simple tree
|( SILENCE 1 -4.540e+05 1.289e+02 2.059e+03
|    ( - -1.835e+03 1 0)
|    ( WDBNDRY_E 0 -4.520e+05 1.338e+02 2.050e+03
|        ( - -2.963e+02 2 0)
|        ( QUESTION0_8_R 1 -4.516e+05 1.174e+02 2.048e+03
|            ( - -3.351e+02 1 0)
|            ( QUESTION0 -1 -4.511e+05 7.758e+01 2.046e+03
|                ( - -4.495e+05 4 0)
|                ( - -1.489e+03 2 0)))))
s>    ( SILENCE 1 -4.540e+05 1.289e+02 2.059e+03
s>        ( - -1.835e+03 1 0)
s>        ( WDBNDRY_E 0 -4.520e+05 1.338e+02 2.050e+03
s>            ( - -2.963e+02 2 0)
s>            ( QUESTION0_8_R 1 -4.516e+05 1.174e+02 2.048e+03
s>                ( - -3.351e+02 1 0)
s>                ( QUESTION0 -1 -4.511e+05 7.758e+01 2.046e+03
s>                    ( - -4.495e+05 4 0)
s>                    ( - -1.489e+03 2 0)))))INFO: dtree.c(1439): stop. leaf nodes are specific
INFO: dtree.c(1478): Final simple tree
|( QUESTION0 -1 -1.817e+03 1.222e+02 9.000e+00
|    ( - -1.175e+03 1 0)
|    ( - -5.195e+02 1 0))
s>    ( QUESTION0 -1 -1.817e+03 1.222e+02 9.000e+00
s>        ( - -1.175e+03 1 0)
s>        ( - -5.195e+02 1 0))INFO: dtree.c(1315): Comp split 65
INFO: dtree.c(1439): stop. leaf nodes are specific
INFO: dtree.c(1478): Final simple tree
|( WDBNDRY_E 0 -4.535e+05 1.288e+02 2.057e+03
|    ( - -1.835e+03 1 0)
|    ( QUESTION0_8_R 1 -4.516e+05 1.174e+02 2.048e+03
|        ( - -3.351e+02 1 0)
|        ( QUESTION0 -1 -4.511e+05 7.758e+01 2.046e+03
|            ( - -4.495e+05 4 0)
|            ( - -1.489e+03 2 0))))
s>    ( WDBNDRY_E 0 -4.535e+05 1.288e+02 2.057e+03
s>        ( - -1.835e+03 1 0)
s>        ( QUESTION0_8_R 1 -4.516e+05 1.174e+02 2.048e+03
s>            ( - -3.351e+02 1 0)
s>            ( QUESTION0 -1 -4.511e+05 7.758e+01 2.046e+03
s>                ( - -4.495e+05 4 0)
s>                ( - -1.489e+03 2 0))))INFO: dtree.c(1315): Comp split 66
INFO: dtree.c(1315): Comp split 67
INFO: dtree.c(1315): Comp split 68
INFO: dtree.c(1439): stop. leaf nodes are specific
INFO: dtree.c(1478): Final simple tree
|( QUESTION0_8_R 1 -4.516e+05 1.174e+02 2.048e+03
|    ( - -3.351e+02 1 0)
|    ( QUESTION0 -1 -4.511e+05 7.758e+01 2.046e+03
|        ( - -4.495e+05 4 0)
|        ( - -1.489e+03 2 0)))
s>    ( QUESTION0_8_R 1 -4.516e+05 1.174e+02 2.048e+03
s>        ( - -3.351e+02 1 0)
s>        ( QUESTION0 -1 -4.511e+05 7.758e+01 2.046e+03
s>            ( - -4.495e+05 4 0)
s>            ( - -1.489e+03 2 0)))INFO: dtree.c(1315): Comp split 69
INFO: dtree.c(1315): Comp split 70
INFO: dtree.c(1315): Comp split 71
INFO: dtree.c(1315): Comp split 72
INFO: dtree.c(1315): Comp split 73
INFO: dtree.c(1439): stop. leaf nodes are specific
INFO: dtree.c(1478): Final simple tree
|( QUESTION0 -1 -8.112e+03 7.287e+01 3.868e+01
|    ( - -6.417e+03 3 0)
|    ( - -1.623e+03 1 0))
s>    ( QUESTION0 -1 -8.112e+03 7.287e+01 3.868e+01
s>        ( - -6.417e+03 3 0)
s>        ( - -1.623e+03 1 0))INFO: dtree.c(1315): Comp split 74
INFO: dtree.c(1439): stop. leaf nodes are specific
INFO: dtree.c(1478): Final simple tree
|( QUESTION0 -1 -4.511e+05 7.758e+01 2.046e+03
|    ( - -4.495e+05 4 0)
|    ( - -1.489e+03 2 0))
s>    ( QUESTION0 -1 -4.511e+05 7.758e+01 2.046e+03
s>        ( - -4.495e+05 4 0)
s>        ( - -1.489e+03 2 0))INFO: dtree.c(1315): Comp split 75
INFO: dtree.c(1315): Comp split 76
INFO: dtree.c(1315): Comp split 77
INFO: dtree.c(1315): Comp split 78
INFO: dtree.c(1315): Comp split 79
INFO: dtree.c(1315): Comp split 80
INFO: dtree.c(1315): Comp split 81
INFO: dtree.c(1315): Comp split 82
INFO: dtree.c(1315): Comp split 83
INFO: dtree.c(1315): Comp split 84
INFO: dtree.c(1315): Comp split 85
INFO: dtree.c(1318): stop. leaf nodes are specific
Mon Apr 24 17:48:03 2023
