Current configuration:
[NAME]		[DEFLT]	[VALUE]
-allphones	no	no
-cntthresh	0.00001	1.000000e-05
-csplitmax	100	2000
-csplitmin	1	1
-csplitthr	8e-4	0.000000e+00
-example	no	no
-fullvar	no	no
-help		no	no
-meanfn			/home/lucija/Documents/Zadnji semestar/ROGJ/Prezentacije/CMUspinx/tutorial15/model_parameters/my_db.cd_cont_untied/means
-mixwfn			/home/lucija/Documents/Zadnji semestar/ROGJ/Prezentacije/CMUspinx/tutorial15/model_parameters/my_db.cd_cont_untied/mixture_weights
-moddeffn		/home/lucija/Documents/Zadnji semestar/ROGJ/Prezentacije/CMUspinx/tutorial15/model_architecture/my_db.untied.mdef
-mwfloor	1e-4	1.000000e-08
-phone			j
-psetfn			/home/lucija/Documents/Zadnji semestar/ROGJ/Prezentacije/CMUspinx/tutorial15/model_architecture/my_db.tree_questions
-ssplitmax	5	7
-ssplitmin	1	1
-ssplitthr	8e-4	0.000000e+00
-state			2
-stwt			1.0,0.05,0.0,
-treefn			/home/lucija/Documents/Zadnji semestar/ROGJ/Prezentacije/CMUspinx/tutorial15/trees/my_db.unpruned/j-2.dtree
-ts2cbfn	.semi.	.cont.
-varfloor	0.00001	1.000000e-05
-varfn			/home/lucija/Documents/Zadnji semestar/ROGJ/Prezentacije/CMUspinx/tutorial15/model_parameters/my_db.cd_cont_untied/variances

INFO: main.c(223): Reading: /home/lucija/Documents/Zadnji semestar/ROGJ/Prezentacije/CMUspinx/tutorial15/model_architecture/my_db.untied.mdef
INFO: model_def_io.c(573): Model definition info:
INFO: model_def_io.c(574): 12056 total models defined (32 base, 12024 tri)
INFO: model_def_io.c(575): 48224 total states
INFO: model_def_io.c(576): 36168 total tied states
INFO: model_def_io.c(577): 96 total tied CI states
INFO: model_def_io.c(578): 32 total tied transition matrices
INFO: model_def_io.c(579): 4 max state/model
INFO: model_def_io.c(580): 4 min state/model
INFO: main.c(242): Building trees for [j NOISE a b] through [j ž u i]
INFO: main.c(268): Covering states |[15543 16232]| == 690
INFO: main.c(275): Reading: /home/lucija/Documents/Zadnji semestar/ROGJ/Prezentacije/CMUspinx/tutorial15/model_parameters/my_db.cd_cont_untied/mixture_weights
INFO: s3mixw_io.c(172): Read /home/lucija/Documents/Zadnji semestar/ROGJ/Prezentacije/CMUspinx/tutorial15/model_parameters/my_db.cd_cont_untied/mixture_weights [690x1x1 array]
INFO: main.c(311): 228 of 230 models have observation count greater than 0.000010
INFO: main.c(95): nrm stwt: 0.000 0.048 0.952 
INFO: s3gau_io.c(168): Read /home/lucija/Documents/Zadnji semestar/ROGJ/Prezentacije/CMUspinx/tutorial15/model_parameters/my_db.cd_cont_untied/means [36168x1x1 array]
INFO: s3gau_io.c(168): Read /home/lucija/Documents/Zadnji semestar/ROGJ/Prezentacije/CMUspinx/tutorial15/model_parameters/my_db.cd_cont_untied/variances [36168x1x1 array]
INFO: main.c(549): Reading: /home/lucija/Documents/Zadnji semestar/ROGJ/Prezentacije/CMUspinx/tutorial15/model_architecture/my_db.tree_questions
INFO: main.c(587): 176 total simple questions (168 phone; 8 word bndry)
INFO: main.c(589): 42 Left Only questions, and 42 Right Only questions
INFO: dtree.c(1478): Final simple tree
|( WDBNDRY_B 0 -9.630e+06 5.694e+04 4.406e+04
|    ( QUESTION2_6_L -1 -3.544e+06 5.966e+03 1.630e+04
|        ( - -4.702e+05 34 0 QUESTION2_16_L -1 2.481e+03 2.214e+03)
|        ( - -3.068e+06 48 0 SILENCE -1 3.685e+03 1.409e+04))
|    ( QUESTION0 -1 -6.029e+06 5.499e+04 2.775e+04
|        ( QUESTION0_20_R 1 -2.660e+06 2.197e+04 1.205e+04
|            ( - -1.951e+06 45 0 WDBNDRY_E 0 1.460e+03 8.904e+03)
|            ( QUESTION0_15_R 1 -6.872e+05 6.482e+03 3.141e+03
|                ( - -3.135e+05 17 0 QUESTION0_16_R 1 2.839e+03 1.461e+03)
|                ( - -3.673e+05 52 0 QUESTION2 1 4.607e+03 1.680e+03)))
|        ( QUESTION3 -1 -3.314e+06 1.426e+04 1.571e+04
|            ( - -1.730e+06 7 0)
|            ( QUESTION11 -1 -1.569e+06 4.816e+03 7.422e+03
|                ( - -6.454e+04 9 0 QUESTION12 -1 2.181e+02 2.941e+02)
|                ( - -1.500e+06 16 0 QUESTION19 -1 3.890e+03 7.128e+03)))))
s>    ( WDBNDRY_B 0 -9.630e+06 5.694e+04 4.406e+04
s>        ( QUESTION2_6_L -1 -3.544e+06 5.966e+03 1.630e+04
s>            ( - -4.702e+05 34 0 QUESTION2_16_L -1 2.481e+03 2.214e+03)
s>            ( - -3.068e+06 48 0 SILENCE -1 3.685e+03 1.409e+04))
s>        ( QUESTION0 -1 -6.029e+06 5.499e+04 2.775e+04
s>            ( QUESTION0_20_R 1 -2.660e+06 2.197e+04 1.205e+04
s>                ( - -1.951e+06 45 0 WDBNDRY_E 0 1.460e+03 8.904e+03)
s>                ( QUESTION0_15_R 1 -6.872e+05 6.482e+03 3.141e+03
s>                    ( - -3.135e+05 17 0 QUESTION0_16_R 1 2.839e+03 1.461e+03)
s>                    ( - -3.673e+05 52 0 QUESTION2 1 4.607e+03 1.680e+03)))
s>            ( QUESTION3 -1 -3.314e+06 1.426e+04 1.571e+04
s>                ( - -1.730e+06 7 0)
s>                ( QUESTION11 -1 -1.569e+06 4.816e+03 7.422e+03
s>                    ( - -6.454e+04 9 0 QUESTION12 -1 2.181e+02 2.941e+02)
s>                    ( - -1.500e+06 16 0 QUESTION19 -1 3.890e+03 7.128e+03)))))INFO: dtree.c(1315): Comp split 0
INFO: dtree.c(1478): Final simple tree
|( QUESTION3 -1 -3.244e+06 1.367e+04 1.542e+04
|    ( - -1.730e+06 7 0)
|    ( QUESTION19 -1 -1.500e+06 3.890e+03 7.128e+03
|        ( - -7.418e+05 4 0)
|        ( QUESTION2_7_L -1 -7.542e+05 1.687e+03 3.577e+03
|            ( - -2.299e+04 2 0)
|            ( QUESTION7 -1 -7.295e+05 1.145e+03 3.461e+03
|                ( QUESTION2_20_L -1 -1.182e+05 4.923e+02 5.665e+02
|                    ( - 2.418e+02 1 0)
|                    ( - -1.180e+05 3 0 QUESTION2_16_L -1 2.326e+02 5.655e+02))
|                ( QUESTION6 -1 -6.101e+05 1.051e+03 2.895e+03
|                    ( - -6.908e+04 3 0)
|                    ( QUESTION2 -1 -5.400e+05 3.251e+02 2.565e+03
|                        ( - -5.391e+05 2 0)
|                        ( - -5.822e+02 1 0)))))))
s>    ( QUESTION3 -1 -3.244e+06 1.367e+04 1.542e+04
s>        ( - -1.730e+06 7 0)
s>        ( QUESTION19 -1 -1.500e+06 3.890e+03 7.128e+03
s>            ( - -7.418e+05 4 0)
s>            ( QUESTION2_7_L -1 -7.542e+05 1.687e+03 3.577e+03
s>                ( - -2.299e+04 2 0)
s>                ( QUESTION7 -1 -7.295e+05 1.145e+03 3.461e+03
s>                    ( QUESTION2_20_L -1 -1.182e+05 4.923e+02 5.665e+02
s>                        ( - 2.418e+02 1 0)
s>                        ( - -1.180e+05 3 0 QUESTION2_16_L -1 2.326e+02 5.655e+02))
s>                    ( QUESTION6 -1 -6.101e+05 1.051e+03 2.895e+03
s>                        ( - -6.908e+04 3 0)
s>                        ( QUESTION2 -1 -5.400e+05 3.251e+02 2.565e+03
s>                            ( - -5.391e+05 2 0)
s>                            ( - -5.822e+02 1 0)))))))INFO: dtree.c(1478): Final simple tree
|( WDBNDRY_B 0 -6.321e+06 4.944e+04 2.864e+04
|    ( QUESTION2_6_L -1 -3.544e+06 5.966e+03 1.630e+04
|        ( - -4.702e+05 34 0 QUESTION2_16_L -1 2.481e+03 2.214e+03)
|        ( SILENCE -1 -3.068e+06 3.685e+03 1.409e+04
|            ( - -1.313e+05 4 0)
|            ( - -2.933e+06 44 0 QUESTION2 -1 2.102e+03 1.349e+04)))
|    ( QUESTION0_20_R 1 -2.727e+06 2.191e+04 1.234e+04
|        ( QUESTION13 -1 -2.018e+06 2.849e+03 9.198e+03
|            ( - -5.974e+04 5 0)
|            ( - -1.956e+06 49 0 WDBNDRY_E 0 1.461e+03 8.926e+03))
|        ( QUESTION0_15_R 1 -6.872e+05 6.482e+03 3.141e+03
|            ( - -3.135e+05 17 0 QUESTION0_16_R 1 2.839e+03 1.461e+03)
|            ( QUESTION2 1 -3.673e+05 4.607e+03 1.680e+03
|                ( - -2.113e+05 24 0 QUESTION0_8_R 1 1.017e+03 9.997e+02)
|                ( - -1.514e+05 28 0 QUESTION0_1_R 1 1.667e+03 6.806e+02)))))
s>    ( WDBNDRY_B 0 -6.321e+06 4.944e+04 2.864e+04
s>        ( QUESTION2_6_L -1 -3.544e+06 5.966e+03 1.630e+04
s>            ( - -4.702e+05 34 0 QUESTION2_16_L -1 2.481e+03 2.214e+03)
s>            ( SILENCE -1 -3.068e+06 3.685e+03 1.409e+04
s>                ( - -1.313e+05 4 0)
s>                ( - -2.933e+06 44 0 QUESTION2 -1 2.102e+03 1.349e+04)))
s>        ( QUESTION0_20_R 1 -2.727e+06 2.191e+04 1.234e+04
s>            ( QUESTION13 -1 -2.018e+06 2.849e+03 9.198e+03
s>                ( - -5.974e+04 5 0)
s>                ( - -1.956e+06 49 0 WDBNDRY_E 0 1.461e+03 8.926e+03))
s>            ( QUESTION0_15_R 1 -6.872e+05 6.482e+03 3.141e+03
s>                ( - -3.135e+05 17 0 QUESTION0_16_R 1 2.839e+03 1.461e+03)
s>                ( QUESTION2 1 -3.673e+05 4.607e+03 1.680e+03
s>                    ( - -2.113e+05 24 0 QUESTION0_8_R 1 1.017e+03 9.997e+02)
s>                    ( - -1.514e+05 28 0 QUESTION0_1_R 1 1.667e+03 6.806e+02)))))INFO: dtree.c(1315): Comp split 1
INFO: dtree.c(1478): Final simple tree
|( QUESTION0_20_R 1 -2.727e+06 2.191e+04 1.234e+04
|    ( QUESTION13 -1 -2.018e+06 2.849e+03 9.198e+03
|        ( - -5.974e+04 5 0)
|        ( WDBNDRY_E 0 -1.956e+06 1.461e+03 8.926e+03
|            ( - -6.829e+04 15 0 QUESTION0 1 2.723e+02 3.120e+02)
|            ( - -1.886e+06 34 0 QUESTION0 1 4.773e+02 8.614e+03)))
|    ( QUESTION0_15_R 1 -6.872e+05 6.482e+03 3.141e+03
|        ( QUESTION0_16_R 1 -3.135e+05 2.839e+03 1.461e+03
|            ( - -1.785e+05 10 0 WDBNDRY_E 0 2.587e+02 8.314e+02)
|            ( - -1.321e+05 7 0 WDBNDRY_E 0 3.064e+02 6.294e+02))
|        ( QUESTION2 1 -3.673e+05 4.607e+03 1.680e+03
|            ( - -2.113e+05 24 0 QUESTION0_8_R 1 1.017e+03 9.997e+02)
|            ( QUESTION0_1_R 1 -1.514e+05 1.667e+03 6.806e+02
|                ( - -8.725e+04 15 0 QUESTION19 1 5.528e+02 3.907e+02)
|                ( - -6.249e+04 13 0 QUESTION0_13_R 1 6.442e+02 2.899e+02)))))
s>    ( QUESTION0_20_R 1 -2.727e+06 2.191e+04 1.234e+04
s>        ( QUESTION13 -1 -2.018e+06 2.849e+03 9.198e+03
s>            ( - -5.974e+04 5 0)
s>            ( WDBNDRY_E 0 -1.956e+06 1.461e+03 8.926e+03
s>                ( - -6.829e+04 15 0 QUESTION0 1 2.723e+02 3.120e+02)
s>                ( - -1.886e+06 34 0 QUESTION0 1 4.773e+02 8.614e+03)))
s>        ( QUESTION0_15_R 1 -6.872e+05 6.482e+03 3.141e+03
s>            ( QUESTION0_16_R 1 -3.135e+05 2.839e+03 1.461e+03
s>                ( - -1.785e+05 10 0 WDBNDRY_E 0 2.587e+02 8.314e+02)
s>                ( - -1.321e+05 7 0 WDBNDRY_E 0 3.064e+02 6.294e+02))
s>            ( QUESTION2 1 -3.673e+05 4.607e+03 1.680e+03
s>                ( - -2.113e+05 24 0 QUESTION0_8_R 1 1.017e+03 9.997e+02)
s>                ( QUESTION0_1_R 1 -1.514e+05 1.667e+03 6.806e+02
s>                    ( - -8.725e+04 15 0 QUESTION19 1 5.528e+02 3.907e+02)
s>                    ( - -6.249e+04 13 0 QUESTION0_13_R 1 6.442e+02 2.899e+02)))))INFO: dtree.c(1478): Final simple tree
|( QUESTION2_6_L -1 -3.544e+06 5.966e+03 1.630e+04
|    ( QUESTION2_16_L -1 -4.702e+05 2.481e+03 2.214e+03
|        ( QUESTION6 -1 -2.836e+05 9.529e+02 1.350e+03
|            ( - -1.691e+05 6 0)
|            ( - -1.136e+05 5 0 QUESTION5 -1 1.864e+02 5.381e+02))
|        ( QUESTION2_20_L -1 -1.841e+05 7.195e+02 8.646e+02
|            ( - -2.849e+04 6 0 QUESTION2 -1 2.877e+02 1.314e+02)
|            ( - -1.549e+05 17 0 QUESTION18 -1 4.672e+02 7.331e+02)))
|    ( SILENCE -1 -3.068e+06 3.685e+03 1.409e+04
|        ( - -1.313e+05 4 0)
|        ( QUESTION2 -1 -2.933e+06 2.102e+03 1.349e+04
|            ( - -5.091e+05 17 0)
|            ( QUESTION0 -1 -2.422e+06 9.463e+02 1.110e+04
|                ( - -2.382e+06 23 0 QUESTION2_0_L -1 1.097e+02 1.093e+04)
|                ( - -3.859e+04 4 0)))))
s>    ( QUESTION2_6_L -1 -3.544e+06 5.966e+03 1.630e+04
s>        ( QUESTION2_16_L -1 -4.702e+05 2.481e+03 2.214e+03
s>            ( QUESTION6 -1 -2.836e+05 9.529e+02 1.350e+03
s>                ( - -1.691e+05 6 0)
s>                ( - -1.136e+05 5 0 QUESTION5 -1 1.864e+02 5.381e+02))
s>            ( QUESTION2_20_L -1 -1.841e+05 7.195e+02 8.646e+02
s>                ( - -2.849e+04 6 0 QUESTION2 -1 2.877e+02 1.314e+02)
s>                ( - -1.549e+05 17 0 QUESTION18 -1 4.672e+02 7.331e+02)))
s>        ( SILENCE -1 -3.068e+06 3.685e+03 1.409e+04
s>            ( - -1.313e+05 4 0)
s>            ( QUESTION2 -1 -2.933e+06 2.102e+03 1.349e+04
s>                ( - -5.091e+05 17 0)
s>                ( QUESTION0 -1 -2.422e+06 9.463e+02 1.110e+04
s>                    ( - -2.382e+06 23 0 QUESTION2_0_L -1 1.097e+02 1.093e+04)
s>                    ( - -3.859e+04 4 0)))))INFO: dtree.c(1315): Comp split 2
INFO: dtree.c(1478): Final simple tree
|( QUESTION0_15_R 1 -6.872e+05 6.482e+03 3.141e+03
|    ( QUESTION0_16_R 1 -3.135e+05 2.839e+03 1.461e+03
|        ( - -1.785e+05 10 0 WDBNDRY_E 0 2.587e+02 8.314e+02)
|        ( - -1.321e+05 7 0 WDBNDRY_E 0 3.064e+02 6.294e+02))
|    ( QUESTION2 1 -3.673e+05 4.607e+03 1.680e+03
|        ( QUESTION0_8_R 1 -2.113e+05 1.017e+03 9.997e+02
|            ( WDBNDRY_E 0 -1.439e+05 8.724e+02 6.864e+02
|                ( - -1.022e+05 6 0)
|                ( - -4.084e+04 7 0))
|            ( - -6.636e+04 11 0 QUESTION6 1 5.385e+02 3.133e+02))
|        ( QUESTION0_1_R 1 -1.514e+05 1.667e+03 6.806e+02
|            ( - -8.725e+04 15 0 QUESTION19 1 5.528e+02 3.907e+02)
|            ( QUESTION0_13_R 1 -6.249e+04 6.442e+02 2.899e+02
|                ( - -1.374e+04 2 0)
|                ( - -4.811e+04 11 0 QUESTION0_9_R 1 5.146e+02 2.256e+02)))))
s>    ( QUESTION0_15_R 1 -6.872e+05 6.482e+03 3.141e+03
s>        ( QUESTION0_16_R 1 -3.135e+05 2.839e+03 1.461e+03
s>            ( - -1.785e+05 10 0 WDBNDRY_E 0 2.587e+02 8.314e+02)
s>            ( - -1.321e+05 7 0 WDBNDRY_E 0 3.064e+02 6.294e+02))
s>        ( QUESTION2 1 -3.673e+05 4.607e+03 1.680e+03
s>            ( QUESTION0_8_R 1 -2.113e+05 1.017e+03 9.997e+02
s>                ( WDBNDRY_E 0 -1.439e+05 8.724e+02 6.864e+02
s>                    ( - -1.022e+05 6 0)
s>                    ( - -4.084e+04 7 0))
s>                ( - -6.636e+04 11 0 QUESTION6 1 5.385e+02 3.133e+02))
s>            ( QUESTION0_1_R 1 -1.514e+05 1.667e+03 6.806e+02
s>                ( - -8.725e+04 15 0 QUESTION19 1 5.528e+02 3.907e+02)
s>                ( QUESTION0_13_R 1 -6.249e+04 6.442e+02 2.899e+02
s>                    ( - -1.374e+04 2 0)
s>                    ( - -4.811e+04 11 0 QUESTION0_9_R 1 5.146e+02 2.256e+02)))))INFO: dtree.c(1439): stop. leaf nodes are specific
INFO: dtree.c(1478): Final simple tree
|( QUESTION13 -1 -2.018e+06 2.849e+03 9.198e+03
|    ( - -5.974e+04 5 0)
|    ( WDBNDRY_E 0 -1.956e+06 1.461e+03 8.926e+03
|        ( QUESTION0 1 -6.829e+04 2.723e+02 3.120e+02
|            ( - -6.081e+04 11 0)
|            ( - -7.210e+03 4 0))
|        ( QUESTION0 1 -1.886e+06 4.773e+02 8.614e+03
|            ( QUESTION2_2_L -1 -1.873e+06 1.926e+02 8.557e+03
|                ( - -2.620e+02 1 0)
|                ( QUESTION0 -1 -1.873e+06 1.651e+02 8.555e+03
|                    ( - -1.868e+06 26 0)
|                    ( - -4.576e+03 4 0)))
|            ( - -1.209e+04 3 0))))
s>    ( QUESTION13 -1 -2.018e+06 2.849e+03 9.198e+03
s>        ( - -5.974e+04 5 0)
s>        ( WDBNDRY_E 0 -1.956e+06 1.461e+03 8.926e+03
s>            ( QUESTION0 1 -6.829e+04 2.723e+02 3.120e+02
s>                ( - -6.081e+04 11 0)
s>                ( - -7.210e+03 4 0))
s>            ( QUESTION0 1 -1.886e+06 4.773e+02 8.614e+03
s>                ( QUESTION2_2_L -1 -1.873e+06 1.926e+02 8.557e+03
s>                    ( - -2.620e+02 1 0)
s>                    ( QUESTION0 -1 -1.873e+06 1.651e+02 8.555e+03
s>                        ( - -1.868e+06 26 0)
s>                        ( - -4.576e+03 4 0)))
s>                ( - -1.209e+04 3 0))))INFO: dtree.c(1315): Comp split 3
INFO: dtree.c(1439): stop. leaf nodes are specific
INFO: dtree.c(1478): Final simple tree
|( QUESTION19 -1 -1.405e+06 3.521e+03 6.683e+03
|    ( - -7.418e+05 4 0)
|    ( QUESTION7 -1 -6.595e+05 1.292e+03 3.132e+03
|        ( QUESTION2_20_L -1 -1.182e+05 4.923e+02 5.665e+02
|            ( - 2.418e+02 1 0)
|            ( QUESTION2_16_L -1 -1.180e+05 2.326e+02 5.655e+02
|                ( - -8.182e+03 1 0)
|                ( - -1.095e+05 2 0)))
|        ( QUESTION2 -1 -5.400e+05 3.251e+02 2.565e+03
|            ( - -5.391e+05 2 0)
|            ( - -5.822e+02 1 0))))
s>    ( QUESTION19 -1 -1.405e+06 3.521e+03 6.683e+03
s>        ( - -7.418e+05 4 0)
s>        ( QUESTION7 -1 -6.595e+05 1.292e+03 3.132e+03
s>            ( QUESTION2_20_L -1 -1.182e+05 4.923e+02 5.665e+02
s>                ( - 2.418e+02 1 0)
s>                ( QUESTION2_16_L -1 -1.180e+05 2.326e+02 5.655e+02
s>                    ( - -8.182e+03 1 0)
s>                    ( - -1.095e+05 2 0)))
s>            ( QUESTION2 -1 -5.400e+05 3.251e+02 2.565e+03
s>                ( - -5.391e+05 2 0)
s>                ( - -5.822e+02 1 0))))INFO: dtree.c(1439): stop. leaf nodes are specific
INFO: dtree.c(1478): Final simple tree
|( QUESTION2 -1 -1.825e+06 1.642e+03 8.732e+03
|    ( QUESTION3 -1 -1.800e+06 8.690e+02 8.616e+03
|        ( - -1.730e+06 7 0)
|        ( - -6.908e+04 3 0))
|    ( - -2.299e+04 2 0))
s>    ( QUESTION2 -1 -1.825e+06 1.642e+03 8.732e+03
s>        ( QUESTION3 -1 -1.800e+06 8.690e+02 8.616e+03
s>            ( - -1.730e+06 7 0)
s>            ( - -6.908e+04 3 0))
s>        ( - -2.299e+04 2 0))INFO: dtree.c(1315): Comp split 4
INFO: dtree.c(1478): Final simple tree
|( QUESTION2 1 -3.673e+05 4.607e+03 1.680e+03
|    ( QUESTION0_8_R 1 -2.113e+05 1.017e+03 9.997e+02
|        ( WDBNDRY_E 0 -1.439e+05 8.724e+02 6.864e+02
|            ( - -1.022e+05 6 0)
|            ( - -4.084e+04 7 0))
|        ( QUESTION6 1 -6.636e+04 5.385e+02 3.133e+02
|            ( - -2.887e+04 8 0 WDBNDRY_E 0 3.175e+02 1.378e+02)
|            ( - -3.695e+04 3 0 WDBNDRY_E 0 1.237e+02 1.754e+02)))
|    ( QUESTION0_1_R 1 -1.514e+05 1.667e+03 6.806e+02
|        ( QUESTION19 1 -8.725e+04 5.528e+02 3.907e+02
|            ( - -6.518e+04 8 0 WDBNDRY_E 0 3.683e+02 2.933e+02)
|            ( - -2.151e+04 7 0 QUESTION0_4_R 1 2.894e+02 9.742e+01))
|        ( QUESTION0_13_R 1 -6.249e+04 6.442e+02 2.899e+02
|            ( - -1.374e+04 2 0)
|            ( - -4.811e+04 11 0 QUESTION0_9_R 1 5.146e+02 2.256e+02))))
s>    ( QUESTION2 1 -3.673e+05 4.607e+03 1.680e+03
s>        ( QUESTION0_8_R 1 -2.113e+05 1.017e+03 9.997e+02
s>            ( WDBNDRY_E 0 -1.439e+05 8.724e+02 6.864e+02
s>                ( - -1.022e+05 6 0)
s>                ( - -4.084e+04 7 0))
s>            ( QUESTION6 1 -6.636e+04 5.385e+02 3.133e+02
s>                ( - -2.887e+04 8 0 WDBNDRY_E 0 3.175e+02 1.378e+02)
s>                ( - -3.695e+04 3 0 WDBNDRY_E 0 1.237e+02 1.754e+02)))
s>        ( QUESTION0_1_R 1 -1.514e+05 1.667e+03 6.806e+02
s>            ( QUESTION19 1 -8.725e+04 5.528e+02 3.907e+02
s>                ( - -6.518e+04 8 0 WDBNDRY_E 0 3.683e+02 2.933e+02)
s>                ( - -2.151e+04 7 0 QUESTION0_4_R 1 2.894e+02 9.742e+01))
s>            ( QUESTION0_13_R 1 -6.249e+04 6.442e+02 2.899e+02
s>                ( - -1.374e+04 2 0)
s>                ( - -4.811e+04 11 0 QUESTION0_9_R 1 5.146e+02 2.256e+02))))INFO: dtree.c(1439): stop. leaf nodes are specific
INFO: dtree.c(1478): Final simple tree
|( QUESTION0_16_R 1 -3.135e+05 2.839e+03 1.461e+03
|    ( WDBNDRY_E 0 -1.785e+05 2.587e+02 8.314e+02
|        ( - -1.175e+04 4 0)
|        ( - -1.665e+05 6 0))
|    ( WDBNDRY_E 0 -1.321e+05 3.064e+02 6.294e+02
|        ( QUESTION0_18_R 1 -5.040e+03 4.731e+02 2.428e+01
|            ( - 2.416e+02 1 0)
|            ( - -4.809e+03 2 0))
|        ( QUESTION0_18_R 1 -1.268e+05 2.568e+02 6.051e+02
|            ( - -3.279e+03 1 0)
|            ( - -1.232e+05 3 0))))
s>    ( QUESTION0_16_R 1 -3.135e+05 2.839e+03 1.461e+03
s>        ( WDBNDRY_E 0 -1.785e+05 2.587e+02 8.314e+02
s>            ( - -1.175e+04 4 0)
s>            ( - -1.665e+05 6 0))
s>        ( WDBNDRY_E 0 -1.321e+05 3.064e+02 6.294e+02
s>            ( QUESTION0_18_R 1 -5.040e+03 4.731e+02 2.428e+01
s>                ( - 2.416e+02 1 0)
s>                ( - -4.809e+03 2 0))
s>            ( QUESTION0_18_R 1 -1.268e+05 2.568e+02 6.051e+02
s>                ( - -3.279e+03 1 0)
s>                ( - -1.232e+05 3 0))))INFO: dtree.c(1315): Comp split 5
INFO: dtree.c(1439): stop. leaf nodes are specific
INFO: dtree.c(1478): Final simple tree
|( SILENCE -1 -3.097e+06 3.649e+03 1.422e+04
|    ( - -1.313e+05 4 0)
|    ( QUESTION3 -1 -2.962e+06 2.136e+03 1.362e+04
|        ( - -5.091e+05 17 0)
|        ( QUESTION0 -1 -2.451e+06 1.207e+03 1.123e+04
|            ( QUESTION2_0_L -1 -2.382e+06 1.097e+02 1.093e+04
|                ( - -2.379e+06 20 0)
|                ( - -2.930e+03 3 0))
|            ( QUESTION9 -1 -6.763e+04 5.572e+02 3.082e+02
|                ( - -3.859e+04 4 0)
|                ( QUESTION2 -1 -2.849e+04 2.877e+02 1.314e+02
|                    ( - -2.168e+04 4 0)
|                    ( - -6.519e+03 2 0))))))
s>    ( SILENCE -1 -3.097e+06 3.649e+03 1.422e+04
s>        ( - -1.313e+05 4 0)
s>        ( QUESTION3 -1 -2.962e+06 2.136e+03 1.362e+04
s>            ( - -5.091e+05 17 0)
s>            ( QUESTION0 -1 -2.451e+06 1.207e+03 1.123e+04
s>                ( QUESTION2_0_L -1 -2.382e+06 1.097e+02 1.093e+04
s>                    ( - -2.379e+06 20 0)
s>                    ( - -2.930e+03 3 0))
s>                ( QUESTION9 -1 -6.763e+04 5.572e+02 3.082e+02
s>                    ( - -3.859e+04 4 0)
s>                    ( QUESTION2 -1 -2.849e+04 2.877e+02 1.314e+02
s>                        ( - -2.168e+04 4 0)
s>                        ( - -6.519e+03 2 0))))))INFO: dtree.c(1478): Final simple tree
|( QUESTION2_16_L -1 -4.407e+05 2.246e+03 2.083e+03
|    ( QUESTION6 -1 -2.836e+05 9.529e+02 1.350e+03
|        ( - -1.691e+05 6 0)
|        ( QUESTION5 -1 -1.136e+05 1.864e+02 5.381e+02
|            ( - -1.129e+05 4 0)
|            ( - -4.677e+02 1 0)))
|    ( QUESTION18 -1 -1.549e+05 4.672e+02 7.331e+02
|        ( - 2.415e+02 1 0)
|        ( QUESTION17 -1 -1.547e+05 4.237e+02 7.321e+02
|            ( - -7.799e+03 3 0)
|            ( QUESTION11 -1 -1.464e+05 3.865e+02 6.962e+02
|                ( - -1.498e+04 4 0 QUESTION14 -1 1.539e+02 6.989e+01)
|                ( QUESTION2 -1 -1.311e+05 2.263e+02 6.263e+02
|                    ( - -5.599e+04 4 0)
|                    ( - -7.486e+04 5 0))))))
s>    ( QUESTION2_16_L -1 -4.407e+05 2.246e+03 2.083e+03
s>        ( QUESTION6 -1 -2.836e+05 9.529e+02 1.350e+03
s>            ( - -1.691e+05 6 0)
s>            ( QUESTION5 -1 -1.136e+05 1.864e+02 5.381e+02
s>                ( - -1.129e+05 4 0)
s>                ( - -4.677e+02 1 0)))
s>        ( QUESTION18 -1 -1.549e+05 4.672e+02 7.331e+02
s>            ( - 2.415e+02 1 0)
s>            ( QUESTION17 -1 -1.547e+05 4.237e+02 7.321e+02
s>                ( - -7.799e+03 3 0)
s>                ( QUESTION11 -1 -1.464e+05 3.865e+02 6.962e+02
s>                    ( - -1.498e+04 4 0 QUESTION14 -1 1.539e+02 6.989e+01)
s>                    ( QUESTION2 -1 -1.311e+05 2.263e+02 6.263e+02
s>                        ( - -5.599e+04 4 0)
s>                        ( - -7.486e+04 5 0))))))INFO: dtree.c(1315): Comp split 6
INFO: dtree.c(1478): Final simple tree
|( QUESTION0_1_R 1 -1.514e+05 1.667e+03 6.806e+02
|    ( QUESTION19 1 -8.725e+04 5.528e+02 3.907e+02
|        ( WDBNDRY_E 0 -6.518e+04 3.683e+02 2.933e+02
|            ( - -2.201e+04 3 0 QUESTION0_2_R 1 2.035e+02 1.002e+02)
|            ( - -4.280e+04 5 0 QUESTION0_2_R 1 1.549e+02 1.931e+02))
|        ( QUESTION0_4_R 1 -2.151e+04 2.894e+02 9.742e+01
|            ( - -4.557e+03 3 0 WDBNDRY_E 0 4.837e+02 2.143e+01)
|            ( - -1.667e+04 4 0 WDBNDRY_E 0 2.481e+02 7.598e+01)))
|    ( QUESTION0_13_R 1 -6.249e+04 6.442e+02 2.899e+02
|        ( - -1.374e+04 2 0)
|        ( QUESTION0_9_R 1 -4.811e+04 5.146e+02 2.256e+02
|            ( WDBNDRY_E 0 -1.496e+04 3.080e+02 6.889e+01
|                ( - -6.935e+03 2 0)
|                ( - -7.715e+03 3 0))
|            ( - -3.264e+04 6 0 SILENCE 1 1.780e+02 1.567e+02))))
s>    ( QUESTION0_1_R 1 -1.514e+05 1.667e+03 6.806e+02
s>        ( QUESTION19 1 -8.725e+04 5.528e+02 3.907e+02
s>            ( WDBNDRY_E 0 -6.518e+04 3.683e+02 2.933e+02
s>                ( - -2.201e+04 3 0 QUESTION0_2_R 1 2.035e+02 1.002e+02)
s>                ( - -4.280e+04 5 0 QUESTION0_2_R 1 1.549e+02 1.931e+02))
s>            ( QUESTION0_4_R 1 -2.151e+04 2.894e+02 9.742e+01
s>                ( - -4.557e+03 3 0 WDBNDRY_E 0 4.837e+02 2.143e+01)
s>                ( - -1.667e+04 4 0 WDBNDRY_E 0 2.481e+02 7.598e+01)))
s>        ( QUESTION0_13_R 1 -6.249e+04 6.442e+02 2.899e+02
s>            ( - -1.374e+04 2 0)
s>            ( QUESTION0_9_R 1 -4.811e+04 5.146e+02 2.256e+02
s>                ( WDBNDRY_E 0 -1.496e+04 3.080e+02 6.889e+01
s>                    ( - -6.935e+03 2 0)
s>                    ( - -7.715e+03 3 0))
s>                ( - -3.264e+04 6 0 SILENCE 1 1.780e+02 1.567e+02))))INFO: dtree.c(1439): stop. leaf nodes are specific
INFO: dtree.c(1478): Final simple tree
|( QUESTION0_8_R 1 -2.113e+05 1.017e+03 9.997e+02
|    ( WDBNDRY_E 0 -1.439e+05 8.724e+02 6.864e+02
|        ( - -1.022e+05 6 0)
|        ( - -4.084e+04 7 0))
|    ( QUESTION6 1 -6.636e+04 5.385e+02 3.133e+02
|        ( WDBNDRY_E 0 -2.887e+04 3.175e+02 1.378e+02
|            ( - -2.012e+04 4 0)
|            ( - -8.435e+03 4 0))
|        ( WDBNDRY_E 0 -3.695e+04 1.237e+02 1.754e+02
|            ( - -3.630e+04 2 0)
|            ( - -5.194e+02 1 0))))
s>    ( QUESTION0_8_R 1 -2.113e+05 1.017e+03 9.997e+02
s>        ( WDBNDRY_E 0 -1.439e+05 8.724e+02 6.864e+02
s>            ( - -1.022e+05 6 0)
s>            ( - -4.084e+04 7 0))
s>        ( QUESTION6 1 -6.636e+04 5.385e+02 3.133e+02
s>            ( WDBNDRY_E 0 -2.887e+04 3.175e+02 1.378e+02
s>                ( - -2.012e+04 4 0)
s>                ( - -8.435e+03 4 0))
s>            ( WDBNDRY_E 0 -3.695e+04 1.237e+02 1.754e+02
s>                ( - -3.630e+04 2 0)
s>                ( - -5.194e+02 1 0))))INFO: dtree.c(1315): Comp split 7
INFO: dtree.c(1439): stop. leaf nodes are specific
INFO: dtree.c(1478): Final simple tree
|( QUESTION2 -1 -2.900e+06 2.111e+03 1.334e+04
|    ( - -5.091e+05 17 0)
|    ( QUESTION0 -1 -2.389e+06 3.522e+02 1.096e+04
|        ( QUESTION2_0_L -1 -2.382e+06 1.097e+02 1.093e+04
|            ( - -2.379e+06 20 0)
|            ( - -2.930e+03 3 0))
|        ( - -6.519e+03 2 0)))
s>    ( QUESTION2 -1 -2.900e+06 2.111e+03 1.334e+04
s>        ( - -5.091e+05 17 0)
s>        ( QUESTION0 -1 -2.389e+06 3.522e+02 1.096e+04
s>            ( QUESTION2_0_L -1 -2.382e+06 1.097e+02 1.093e+04
s>                ( - -2.379e+06 20 0)
s>                ( - -2.930e+03 3 0))
s>            ( - -6.519e+03 2 0)))INFO: dtree.c(1439): stop. leaf nodes are specific
INFO: dtree.c(1478): Final simple tree
|( QUESTION2 -1 -1.924e+05 6.590e+02 8.779e+02
|    ( - -2.168e+04 4 0)
|    ( SILENCE -1 -1.700e+05 1.800e+02 7.790e+02
|        ( - -1.313e+05 4 0)
|        ( - -3.859e+04 4 0)))
s>    ( QUESTION2 -1 -1.924e+05 6.590e+02 8.779e+02
s>        ( - -2.168e+04 4 0)
s>        ( SILENCE -1 -1.700e+05 1.800e+02 7.790e+02
s>            ( - -1.313e+05 4 0)
s>            ( - -3.859e+04 4 0)))INFO: dtree.c(1315): Comp split 8
INFO: dtree.c(1439): stop. leaf nodes are specific
INFO: dtree.c(1478): Final simple tree
|( QUESTION7 -1 -6.593e+05 1.297e+03 3.131e+03
|    ( QUESTION2_16_L -1 -1.180e+05 2.326e+02 5.655e+02
|        ( - -8.182e+03 1 0)
|        ( - -1.095e+05 2 0))
|    ( QUESTION2 -1 -5.400e+05 3.251e+02 2.565e+03
|        ( - -5.391e+05 2 0)
|        ( - -5.822e+02 1 0)))
s>    ( QUESTION7 -1 -6.593e+05 1.297e+03 3.131e+03
s>        ( QUESTION2_16_L -1 -1.180e+05 2.326e+02 5.655e+02
s>            ( - -8.182e+03 1 0)
s>            ( - -1.095e+05 2 0))
s>        ( QUESTION2 -1 -5.400e+05 3.251e+02 2.565e+03
s>            ( - -5.391e+05 2 0)
s>            ( - -5.822e+02 1 0)))INFO: dtree.c(1439): stop. leaf nodes are specific
INFO: dtree.c(1478): Final simple tree
|( QUESTION2 -1 -7.421e+05 4.852e+02 3.552e+03
|    ( - 2.418e+02 1 0)
|    ( - -7.418e+05 4 0))
s>    ( QUESTION2 -1 -7.421e+05 4.852e+02 3.552e+03
s>        ( - 2.418e+02 1 0)
s>        ( - -7.418e+05 4 0))INFO: dtree.c(1315): Comp split 9
INFO: dtree.c(1439): stop. leaf nodes are specific
INFO: dtree.c(1478): Final simple tree
|( WDBNDRY_E 0 -1.284e+05 3.202e+02 6.126e+02
|    ( - -4.809e+03 2 0)
|    ( - -1.232e+05 3 0))
s>    ( WDBNDRY_E 0 -1.284e+05 3.202e+02 6.126e+02
s>        ( - -4.809e+03 2 0)
s>        ( - -1.232e+05 3 0))INFO: dtree.c(1439): stop. leaf nodes are specific
INFO: dtree.c(1478): Final simple tree
|( WDBNDRY_E 0 -1.822e+05 2.606e+02 8.482e+02
|    ( QUESTION0_16_R 1 -1.196e+04 4.579e+02 5.584e+01
|        ( - -1.175e+04 4 0)
|        ( - 2.416e+02 1 0))
|    ( QUESTION0_16_R 1 -1.699e+05 1.242e+02 7.924e+02
|        ( - -1.665e+05 6 0)
|        ( - -3.279e+03 1 0)))
s>    ( WDBNDRY_E 0 -1.822e+05 2.606e+02 8.482e+02
s>        ( QUESTION0_16_R 1 -1.196e+04 4.579e+02 5.584e+01
s>            ( - -1.175e+04 4 0)
s>            ( - 2.416e+02 1 0))
s>        ( QUESTION0_16_R 1 -1.699e+05 1.242e+02 7.924e+02
s>            ( - -1.665e+05 6 0)
s>            ( - -3.279e+03 1 0)))INFO: dtree.c(1315): Comp split 10
INFO: dtree.c(1439): stop. leaf nodes are specific
INFO: dtree.c(1478): Final simple tree
|( QUESTION0 1 -1.893e+06 4.116e+02 8.645e+03
|    ( QUESTION0 -1 -1.873e+06 1.651e+02 8.555e+03
|        ( - -1.868e+06 26 0)
|        ( - -4.576e+03 4 0))
|    ( WDBNDRY_E 0 -1.955e+04 2.567e+02 8.996e+01
|        ( - -7.210e+03 4 0)
|        ( - -1.209e+04 3 0)))
s>    ( QUESTION0 1 -1.893e+06 4.116e+02 8.645e+03
s>        ( QUESTION0 -1 -1.873e+06 1.651e+02 8.555e+03
s>            ( - -1.868e+06 26 0)
s>            ( - -4.576e+03 4 0))
s>        ( WDBNDRY_E 0 -1.955e+04 2.567e+02 8.996e+01
s>            ( - -7.210e+03 4 0)
s>            ( - -1.209e+04 3 0)))INFO: dtree.c(1439): stop. leaf nodes are specific
INFO: dtree.c(1478): Final simple tree
|( WDBNDRY_E 0 -1.225e+05 1.477e+03 5.528e+02
|    ( - -6.081e+04 11 0)
|    ( QUESTION0 -1 -6.020e+04 1.907e+02 2.740e+02
|        ( - -2.620e+02 1 0)
|        ( - -5.974e+04 5 0)))
s>    ( WDBNDRY_E 0 -1.225e+05 1.477e+03 5.528e+02
s>        ( - -6.081e+04 11 0)
s>        ( QUESTION0 -1 -6.020e+04 1.907e+02 2.740e+02
s>            ( - -2.620e+02 1 0)
s>            ( - -5.974e+04 5 0)))INFO: dtree.c(1315): Comp split 11
INFO: dtree.c(1439): stop. leaf nodes are specific
INFO: dtree.c(1478): Final simple tree
|( QUESTION17 -1 -1.467e+05 4.665e+02 6.972e+02
|    ( - 2.415e+02 1 0)
|    ( QUESTION11 -1 -1.464e+05 3.865e+02 6.962e+02
|        ( QUESTION14 -1 -1.498e+04 1.539e+02 6.989e+01
|            ( - -2.717e+03 1 0)
|            ( QUESTION12 -1 -1.211e+04 1.509e+02 5.609e+01
|                ( - -7.388e+03 1 0)
|                ( - -4.573e+03 2 0)))
|        ( QUESTION2 -1 -1.311e+05 2.263e+02 6.263e+02
|            ( - -5.599e+04 4 0)
|            ( - -7.486e+04 5 0))))
s>    ( QUESTION17 -1 -1.467e+05 4.665e+02 6.972e+02
s>        ( - 2.415e+02 1 0)
s>        ( QUESTION11 -1 -1.464e+05 3.865e+02 6.962e+02
s>            ( QUESTION14 -1 -1.498e+04 1.539e+02 6.989e+01
s>                ( - -2.717e+03 1 0)
s>                ( QUESTION12 -1 -1.211e+04 1.509e+02 5.609e+01
s>                    ( - -7.388e+03 1 0)
s>                    ( - -4.573e+03 2 0)))
s>            ( QUESTION2 -1 -1.311e+05 2.263e+02 6.263e+02
s>                ( - -5.599e+04 4 0)
s>                ( - -7.486e+04 5 0))))INFO: dtree.c(1439): stop. leaf nodes are specific
INFO: dtree.c(1478): Final simple tree
|( QUESTION6 -1 -2.916e+05 9.471e+02 1.386e+03
|    ( - -1.691e+05 6 0)
|    ( QUESTION5 -1 -1.216e+05 2.701e+02 5.741e+02
|        ( - -1.129e+05 4 0)
|        ( QUESTION2 -1 -8.439e+03 1.721e+02 3.898e+01
|            ( - -4.677e+02 1 0)
|            ( - -7.799e+03 3 0))))
s>    ( QUESTION6 -1 -2.916e+05 9.471e+02 1.386e+03
s>        ( - -1.691e+05 6 0)
s>        ( QUESTION5 -1 -1.216e+05 2.701e+02 5.741e+02
s>            ( - -1.129e+05 4 0)
s>            ( QUESTION2 -1 -8.439e+03 1.721e+02 3.898e+01
s>                ( - -4.677e+02 1 0)
s>                ( - -7.799e+03 3 0))))INFO: dtree.c(1315): Comp split 12
INFO: dtree.c(1439): stop. leaf nodes are specific
INFO: dtree.c(1478): Final simple tree
|( QUESTION0 -1 -2.389e+06 3.522e+02 1.096e+04
|    ( QUESTION2_0_L -1 -2.382e+06 1.097e+02 1.093e+04
|        ( - -2.379e+06 20 0)
|        ( - -2.930e+03 3 0))
|    ( - -6.519e+03 2 0))
s>    ( QUESTION0 -1 -2.389e+06 3.522e+02 1.096e+04
s>        ( QUESTION2_0_L -1 -2.382e+06 1.097e+02 1.093e+04
s>            ( - -2.379e+06 20 0)
s>            ( - -2.930e+03 3 0))
s>        ( - -6.519e+03 2 0))INFO: dtree.c(1315): Comp split 13
INFO: dtree.c(1439): stop. leaf nodes are specific
INFO: dtree.c(1478): Final simple tree
|( QUESTION0_9_R 1 -4.811e+04 5.146e+02 2.256e+02
|    ( WDBNDRY_E 0 -1.496e+04 3.080e+02 6.889e+01
|        ( - -6.935e+03 2 0)
|        ( - -7.715e+03 3 0))
|    ( SILENCE 1 -3.264e+04 1.780e+02 1.567e+02
|        ( - -2.134e+04 4 0)
|        ( - -1.112e+04 2 0)))
s>    ( QUESTION0_9_R 1 -4.811e+04 5.146e+02 2.256e+02
s>        ( WDBNDRY_E 0 -1.496e+04 3.080e+02 6.889e+01
s>            ( - -6.935e+03 2 0)
s>            ( - -7.715e+03 3 0))
s>        ( SILENCE 1 -3.264e+04 1.780e+02 1.567e+02
s>            ( - -2.134e+04 4 0)
s>            ( - -1.112e+04 2 0)))INFO: dtree.c(1478): Final simple tree
|( QUESTION0_1_R 1 -1.016e+05 6.139e+02 4.550e+02
|    ( QUESTION19 1 -8.725e+04 5.528e+02 3.907e+02
|        ( WDBNDRY_E 0 -6.518e+04 3.683e+02 2.933e+02
|            ( QUESTION0_2_R 1 -2.201e+04 2.035e+02 1.002e+02
|                ( - -2.134e+04 2 0)
|                ( - -4.738e+02 1 0))
|            ( - -4.280e+04 5 0 QUESTION0_2_R 1 1.549e+02 1.931e+02))
|        ( QUESTION0_4_R 1 -2.151e+04 2.894e+02 9.742e+01
|            ( WDBNDRY_E 0 -4.557e+03 4.837e+02 2.143e+01
|                ( - -4.314e+03 2 0)
|                ( - 2.406e+02 1 0))
|            ( WDBNDRY_E 0 -1.667e+04 2.481e+02 7.598e+01
|                ( - -1.342e+04 3 0 QUESTION0_2_R 1 1.808e+02 6.137e+01)
|                ( - -3.000e+03 1 0))))
|    ( - -1.374e+04 2 0))
s>    ( QUESTION0_1_R 1 -1.016e+05 6.139e+02 4.550e+02
s>        ( QUESTION19 1 -8.725e+04 5.528e+02 3.907e+02
s>            ( WDBNDRY_E 0 -6.518e+04 3.683e+02 2.933e+02
s>                ( QUESTION0_2_R 1 -2.201e+04 2.035e+02 1.002e+02
s>                    ( - -2.134e+04 2 0)
s>                    ( - -4.738e+02 1 0))
s>                ( - -4.280e+04 5 0 QUESTION0_2_R 1 1.549e+02 1.931e+02))
s>            ( QUESTION0_4_R 1 -2.151e+04 2.894e+02 9.742e+01
s>                ( WDBNDRY_E 0 -4.557e+03 4.837e+02 2.143e+01
s>                    ( - -4.314e+03 2 0)
s>                    ( - 2.406e+02 1 0))
s>                ( WDBNDRY_E 0 -1.667e+04 2.481e+02 7.598e+01
s>                    ( - -1.342e+04 3 0 QUESTION0_2_R 1 1.808e+02 6.137e+01)
s>                    ( - -3.000e+03 1 0))))
s>        ( - -1.374e+04 2 0))INFO: dtree.c(1315): Comp split 14
INFO: dtree.c(1439): stop. leaf nodes are specific
INFO: dtree.c(1478): Final simple tree
|( QUESTION3 -1 -1.800e+06 8.690e+02 8.616e+03
|    ( - -1.730e+06 7 0)
|    ( - -6.908e+04 3 0))
s>    ( QUESTION3 -1 -1.800e+06 8.690e+02 8.616e+03
s>        ( - -1.730e+06 7 0)
s>        ( - -6.908e+04 3 0))INFO: dtree.c(1315): Comp split 15
INFO: dtree.c(1439): stop. leaf nodes are specific
INFO: dtree.c(1478): Final simple tree
|( QUESTION0 -1 -6.020e+04 1.907e+02 2.740e+02
|    ( - -2.620e+02 1 0)
|    ( - -5.974e+04 5 0))
s>    ( QUESTION0 -1 -6.020e+04 1.907e+02 2.740e+02
s>        ( - -2.620e+02 1 0)
s>        ( - -5.974e+04 5 0))INFO: dtree.c(1315): Comp split 16
INFO: dtree.c(1439): stop. leaf nodes are specific
INFO: dtree.c(1478): Final simple tree
|( WDBNDRY_E 0 -1.078e+05 5.951e+02 5.081e+02
|    ( QUESTION6 1 -5.684e+04 4.129e+02 2.699e+02
|        ( - -2.012e+04 4 0)
|        ( - -3.630e+04 2 0))
|    ( QUESTION0_8_R 1 -5.033e+04 4.090e+02 2.382e+02
|        ( - -4.084e+04 7 0)
|        ( QUESTION6 1 -9.077e+03 1.231e+02 4.339e+01
|            ( - -8.435e+03 4 0)
|            ( - -5.194e+02 1 0))))
s>    ( WDBNDRY_E 0 -1.078e+05 5.951e+02 5.081e+02
s>        ( QUESTION6 1 -5.684e+04 4.129e+02 2.699e+02
s>            ( - -2.012e+04 4 0)
s>            ( - -3.630e+04 2 0))
s>        ( QUESTION0_8_R 1 -5.033e+04 4.090e+02 2.382e+02
s>            ( - -4.084e+04 7 0)
s>            ( QUESTION6 1 -9.077e+03 1.231e+02 4.339e+01
s>                ( - -8.435e+03 4 0)
s>                ( - -5.194e+02 1 0))))INFO: dtree.c(1315): Comp split 17
INFO: dtree.c(1439): stop. leaf nodes are specific
INFO: dtree.c(1478): Final simple tree
|( QUESTION2 -1 -5.400e+05 3.251e+02 2.565e+03
|    ( - -5.391e+05 2 0)
|    ( - -5.822e+02 1 0))
s>    ( QUESTION2 -1 -5.400e+05 3.251e+02 2.565e+03
s>        ( - -5.391e+05 2 0)
s>        ( - -5.822e+02 1 0))INFO: dtree.c(1439): stop. leaf nodes are specific
INFO: dtree.c(1478): Final simple tree
|( QUESTION2_16_L -1 -1.180e+05 2.326e+02 5.655e+02
|    ( - -8.182e+03 1 0)
|    ( - -1.095e+05 2 0))
s>    ( QUESTION2_16_L -1 -1.180e+05 2.326e+02 5.655e+02
s>        ( - -8.182e+03 1 0)
s>        ( - -1.095e+05 2 0))INFO: dtree.c(1315): Comp split 18
INFO: dtree.c(1439): stop. leaf nodes are specific
INFO: dtree.c(1478): Final simple tree
|( QUESTION5 -1 -1.216e+05 2.701e+02 5.741e+02
|    ( - -1.129e+05 4 0)
|    ( QUESTION2 -1 -8.439e+03 1.721e+02 3.898e+01
|        ( - -4.677e+02 1 0)
|        ( - -7.799e+03 3 0)))
s>    ( QUESTION5 -1 -1.216e+05 2.701e+02 5.741e+02
s>        ( - -1.129e+05 4 0)
s>        ( QUESTION2 -1 -8.439e+03 1.721e+02 3.898e+01
s>            ( - -4.677e+02 1 0)
s>            ( - -7.799e+03 3 0)))INFO: dtree.c(1315): Comp split 19
INFO: dtree.c(1315): Comp split 20
INFO: dtree.c(1439): stop. leaf nodes are specific
INFO: dtree.c(1478): Final simple tree
|( QUESTION0_2_R 1 -4.280e+04 1.549e+02 1.931e+02
|    ( - -4.188e+04 4 0)
|    ( - -7.701e+02 1 0))
s>    ( QUESTION0_2_R 1 -4.280e+04 1.549e+02 1.931e+02
s>        ( - -4.188e+04 4 0)
s>        ( - -7.701e+02 1 0))INFO: dtree.c(1478): Final simple tree
|( QUESTION0_1_R 1 -5.814e+04 5.407e+02 2.619e+02
|    ( QUESTION0_4_R 1 -4.386e+04 3.654e+02 1.976e+02
|        ( WDBNDRY_E 0 -4.557e+03 4.837e+02 2.143e+01
|            ( - -4.314e+03 2 0)
|            ( - 2.406e+02 1 0))
|        ( QUESTION17 1 -3.894e+04 3.244e+02 1.762e+02
|            ( WDBNDRY_E 0 -1.390e+04 2.434e+02 6.404e+01
|                ( - -1.066e+04 2 0)
|                ( - -3.000e+03 1 0))
|            ( QUESTION0_2_R 1 -2.471e+04 1.500e+02 1.121e+02
|                ( - -2.134e+04 2 0)
|                ( QUESTION0_6_R 1 -3.227e+03 1.706e+02 1.495e+01
|                    ( - -2.583e+03 1 0)
|                    ( - -4.738e+02 1 0)))))
|    ( - -1.374e+04 2 0))
s>    ( QUESTION0_1_R 1 -5.814e+04 5.407e+02 2.619e+02
s>        ( QUESTION0_4_R 1 -4.386e+04 3.654e+02 1.976e+02
s>            ( WDBNDRY_E 0 -4.557e+03 4.837e+02 2.143e+01
s>                ( - -4.314e+03 2 0)
s>                ( - 2.406e+02 1 0))
s>            ( QUESTION17 1 -3.894e+04 3.244e+02 1.762e+02
s>                ( WDBNDRY_E 0 -1.390e+04 2.434e+02 6.404e+01
s>                    ( - -1.066e+04 2 0)
s>                    ( - -3.000e+03 1 0))
s>                ( QUESTION0_2_R 1 -2.471e+04 1.500e+02 1.121e+02
s>                    ( - -2.134e+04 2 0)
s>                    ( QUESTION0_6_R 1 -3.227e+03 1.706e+02 1.495e+01
s>                        ( - -2.583e+03 1 0)
s>                        ( - -4.738e+02 1 0)))))
s>        ( - -1.374e+04 2 0))INFO: dtree.c(1315): Comp split 21
INFO: dtree.c(1439): stop. leaf nodes are specific
INFO: dtree.c(1478): Final simple tree
|( SILENCE -1 -1.700e+05 1.800e+02 7.790e+02
|    ( - -1.313e+05 4 0)
|    ( - -3.859e+04 4 0))
s>    ( SILENCE -1 -1.700e+05 1.800e+02 7.790e+02
s>        ( - -1.313e+05 4 0)
s>        ( - -3.859e+04 4 0))INFO: dtree.c(1315): Comp split 22
INFO: dtree.c(1439): stop. leaf nodes are specific
INFO: dtree.c(1478): Final simple tree
|( WDBNDRY_E 0 -3.695e+04 1.237e+02 1.754e+02
|    ( - -3.630e+04 2 0)
|    ( - -5.194e+02 1 0))
s>    ( WDBNDRY_E 0 -3.695e+04 1.237e+02 1.754e+02
s>        ( - -3.630e+04 2 0)
s>        ( - -5.194e+02 1 0))INFO: dtree.c(1439): stop. leaf nodes are specific
INFO: dtree.c(1478): Final simple tree
|( QUESTION0_8_R 1 -7.020e+04 4.770e+02 3.326e+02
|    ( - -4.084e+04 7 0)
|    ( WDBNDRY_E 0 -2.887e+04 3.175e+02 1.378e+02
|        ( - -2.012e+04 4 0)
|        ( - -8.435e+03 4 0)))
s>    ( QUESTION0_8_R 1 -7.020e+04 4.770e+02 3.326e+02
s>        ( - -4.084e+04 7 0)
s>        ( WDBNDRY_E 0 -2.887e+04 3.175e+02 1.378e+02
s>            ( - -2.012e+04 4 0)
s>            ( - -8.435e+03 4 0)))INFO: dtree.c(1315): Comp split 23
INFO: dtree.c(1439): stop. leaf nodes are specific
INFO: dtree.c(1478): Final simple tree
|( QUESTION0_1_R 1 -1.440e+04 1.929e+02 6.725e+01
|    ( - -4.738e+02 1 0)
|    ( - -1.374e+04 2 0))
s>    ( QUESTION0_1_R 1 -1.440e+04 1.929e+02 6.725e+01
s>        ( - -4.738e+02 1 0)
s>        ( - -1.374e+04 2 0))INFO: dtree.c(1439): stop. leaf nodes are specific
INFO: dtree.c(1478): Final simple tree
|( QUESTION0_4_R 1 -4.318e+04 3.641e+02 1.946e+02
|    ( WDBNDRY_E 0 -4.557e+03 4.837e+02 2.143e+01
|        ( - -4.314e+03 2 0)
|        ( - 2.406e+02 1 0))
|    ( QUESTION17 1 -3.826e+04 3.199e+02 1.732e+02
|        ( WDBNDRY_E 0 -1.390e+04 2.434e+02 6.404e+01
|            ( - -1.066e+04 2 0)
|            ( - -3.000e+03 1 0))
|        ( QUESTION0_2_R 1 -2.404e+04 1.235e+02 1.091e+02
|            ( - -2.134e+04 2 0)
|            ( - -2.583e+03 1 0))))
s>    ( QUESTION0_4_R 1 -4.318e+04 3.641e+02 1.946e+02
s>        ( WDBNDRY_E 0 -4.557e+03 4.837e+02 2.143e+01
s>            ( - -4.314e+03 2 0)
s>            ( - 2.406e+02 1 0))
s>        ( QUESTION17 1 -3.826e+04 3.199e+02 1.732e+02
s>            ( WDBNDRY_E 0 -1.390e+04 2.434e+02 6.404e+01
s>                ( - -1.066e+04 2 0)
s>                ( - -3.000e+03 1 0))
s>            ( QUESTION0_2_R 1 -2.404e+04 1.235e+02 1.091e+02
s>                ( - -2.134e+04 2 0)
s>                ( - -2.583e+03 1 0))))INFO: dtree.c(1315): Comp split 24
INFO: dtree.c(1439): stop. leaf nodes are specific
INFO: dtree.c(1478): Final simple tree
|( SILENCE 1 -3.264e+04 1.780e+02 1.567e+02
|    ( - -2.134e+04 4 0)
|    ( - -1.112e+04 2 0))
s>    ( SILENCE 1 -3.264e+04 1.780e+02 1.567e+02
s>        ( - -2.134e+04 4 0)
s>        ( - -1.112e+04 2 0))INFO: dtree.c(1439): stop. leaf nodes are specific
INFO: dtree.c(1478): Final simple tree
|( WDBNDRY_E 0 -1.496e+04 3.080e+02 6.889e+01
|    ( - -6.935e+03 2 0)
|    ( - -7.715e+03 3 0))
s>    ( WDBNDRY_E 0 -1.496e+04 3.080e+02 6.889e+01
s>        ( - -6.935e+03 2 0)
s>        ( - -7.715e+03 3 0))INFO: dtree.c(1315): Comp split 25
INFO: dtree.c(1315): Comp split 26
INFO: dtree.c(1439): stop. leaf nodes are specific
INFO: dtree.c(1478): Final simple tree
|( QUESTION0_4_R 1 -4.294e+04 3.654e+02 1.936e+02
|    ( - -4.314e+03 2 0)
|    ( QUESTION17 1 -3.826e+04 3.199e+02 1.732e+02
|        ( WDBNDRY_E 0 -1.390e+04 2.434e+02 6.404e+01
|            ( - -1.066e+04 2 0)
|            ( - -3.000e+03 1 0))
|        ( QUESTION0_2_R 1 -2.404e+04 1.235e+02 1.091e+02
|            ( - -2.134e+04 2 0)
|            ( - -2.583e+03 1 0))))
s>    ( QUESTION0_4_R 1 -4.294e+04 3.654e+02 1.936e+02
s>        ( - -4.314e+03 2 0)
s>        ( QUESTION17 1 -3.826e+04 3.199e+02 1.732e+02
s>            ( WDBNDRY_E 0 -1.390e+04 2.434e+02 6.404e+01
s>                ( - -1.066e+04 2 0)
s>                ( - -3.000e+03 1 0))
s>            ( QUESTION0_2_R 1 -2.404e+04 1.235e+02 1.091e+02
s>                ( - -2.134e+04 2 0)
s>                ( - -2.583e+03 1 0))))INFO: dtree.c(1315): Comp split 27
INFO: dtree.c(1439): stop. leaf nodes are specific
INFO: dtree.c(1478): Final simple tree
|( WDBNDRY_E 0 -2.887e+04 3.175e+02 1.378e+02
|    ( - -2.012e+04 4 0)
|    ( - -8.435e+03 4 0))
s>    ( WDBNDRY_E 0 -2.887e+04 3.175e+02 1.378e+02
s>        ( - -2.012e+04 4 0)
s>        ( - -8.435e+03 4 0))INFO: dtree.c(1315): Comp split 28
INFO: dtree.c(1439): stop. leaf nodes are specific
INFO: dtree.c(1478): Final simple tree
|( WDBNDRY_E 0 -1.880e+06 1.915e+02 8.589e+03
|    ( - -7.210e+03 4 0)
|    ( QUESTION0 -1 -1.873e+06 1.651e+02 8.555e+03
|        ( - -1.868e+06 26 0)
|        ( - -4.576e+03 4 0)))
s>    ( WDBNDRY_E 0 -1.880e+06 1.915e+02 8.589e+03
s>        ( - -7.210e+03 4 0)
s>        ( QUESTION0 -1 -1.873e+06 1.651e+02 8.555e+03
s>            ( - -1.868e+06 26 0)
s>            ( - -4.576e+03 4 0)))INFO: dtree.c(1315): Comp split 29
INFO: dtree.c(1439): stop. leaf nodes are specific
INFO: dtree.c(1478): Final simple tree
|( QUESTION11 -1 -1.464e+05 3.865e+02 6.962e+02
|    ( QUESTION14 -1 -1.498e+04 1.539e+02 6.989e+01
|        ( - -2.717e+03 1 0)
|        ( QUESTION12 -1 -1.211e+04 1.509e+02 5.609e+01
|            ( - -7.388e+03 1 0)
|            ( - -4.573e+03 2 0)))
|    ( QUESTION2 -1 -1.311e+05 2.263e+02 6.263e+02
|        ( - -5.599e+04 4 0)
|        ( - -7.486e+04 5 0)))
s>    ( QUESTION11 -1 -1.464e+05 3.865e+02 6.962e+02
s>        ( QUESTION14 -1 -1.498e+04 1.539e+02 6.989e+01
s>            ( - -2.717e+03 1 0)
s>            ( QUESTION12 -1 -1.211e+04 1.509e+02 5.609e+01
s>                ( - -7.388e+03 1 0)
s>                ( - -4.573e+03 2 0)))
s>        ( QUESTION2 -1 -1.311e+05 2.263e+02 6.263e+02
s>            ( - -5.599e+04 4 0)
s>            ( - -7.486e+04 5 0)))INFO: dtree.c(1315): Comp split 30
INFO: dtree.c(1439): stop. leaf nodes are specific
INFO: dtree.c(1478): Final simple tree
|( WDBNDRY_E 0 -1.819e+05 2.598e+02 8.472e+02
|    ( - -1.175e+04 4 0)
|    ( QUESTION0_16_R 1 -1.699e+05 1.242e+02 7.924e+02
|        ( - -1.665e+05 6 0)
|        ( - -3.279e+03 1 0)))
s>    ( WDBNDRY_E 0 -1.819e+05 2.598e+02 8.472e+02
s>        ( - -1.175e+04 4 0)
s>        ( QUESTION0_16_R 1 -1.699e+05 1.242e+02 7.924e+02
s>            ( - -1.665e+05 6 0)
s>            ( - -3.279e+03 1 0)))INFO: dtree.c(1315): Comp split 31
INFO: dtree.c(1439): stop. leaf nodes are specific
INFO: dtree.c(1478): Final simple tree
|( QUESTION17 1 -3.497e+04 2.736e+02 1.586e+02
|    ( - -1.066e+04 2 0)
|    ( QUESTION0_2_R 1 -2.404e+04 1.235e+02 1.091e+02
|        ( - -2.134e+04 2 0)
|        ( - -2.583e+03 1 0)))
s>    ( QUESTION17 1 -3.497e+04 2.736e+02 1.586e+02
s>        ( - -1.066e+04 2 0)
s>        ( QUESTION0_2_R 1 -2.404e+04 1.235e+02 1.091e+02
s>            ( - -2.134e+04 2 0)
s>            ( - -2.583e+03 1 0)))INFO: dtree.c(1439): stop. leaf nodes are specific
INFO: dtree.c(1478): Final simple tree
|( WDBNDRY_E 0 -7.521e+03 2.066e+02 3.505e+01
|    ( - -4.314e+03 2 0)
|    ( - -3.000e+03 1 0))
s>    ( WDBNDRY_E 0 -7.521e+03 2.066e+02 3.505e+01
s>        ( - -4.314e+03 2 0)
s>        ( - -3.000e+03 1 0))INFO: dtree.c(1315): Comp split 32
INFO: dtree.c(1439): stop. leaf nodes are specific
INFO: dtree.c(1478): Final simple tree
|( QUESTION14 -1 -1.498e+04 1.539e+02 6.989e+01
|    ( - -2.717e+03 1 0)
|    ( QUESTION12 -1 -1.211e+04 1.509e+02 5.609e+01
|        ( - -7.388e+03 1 0)
|        ( - -4.573e+03 2 0)))
s>    ( QUESTION14 -1 -1.498e+04 1.539e+02 6.989e+01
s>        ( - -2.717e+03 1 0)
s>        ( QUESTION12 -1 -1.211e+04 1.509e+02 5.609e+01
s>            ( - -7.388e+03 1 0)
s>            ( - -4.573e+03 2 0)))INFO: dtree.c(1439): stop. leaf nodes are specific
INFO: dtree.c(1478): Final simple tree
|( QUESTION2 -1 -1.311e+05 2.263e+02 6.263e+02
|    ( - -5.599e+04 4 0)
|    ( - -7.486e+04 5 0))
s>    ( QUESTION2 -1 -1.311e+05 2.263e+02 6.263e+02
s>        ( - -5.599e+04 4 0)
s>        ( - -7.486e+04 5 0))INFO: dtree.c(1315): Comp split 33
INFO: dtree.c(1439): stop. leaf nodes are specific
INFO: dtree.c(1478): Final simple tree
|( QUESTION2_0_L -1 -2.382e+06 1.097e+02 1.093e+04
|    ( - -2.379e+06 20 0)
|    ( - -2.930e+03 3 0))
s>    ( QUESTION2_0_L -1 -2.382e+06 1.097e+02 1.093e+04
s>        ( - -2.379e+06 20 0)
s>        ( - -2.930e+03 3 0))INFO: dtree.c(1315): Comp split 34
INFO: dtree.c(1315): Comp split 35
INFO: dtree.c(1315): Comp split 36
INFO: dtree.c(1315): Comp split 37
INFO: dtree.c(1315): Comp split 38
INFO: dtree.c(1439): stop. leaf nodes are specific
INFO: dtree.c(1478): Final simple tree
|( QUESTION0_2_R 1 -2.404e+04 1.235e+02 1.091e+02
|    ( - -2.134e+04 2 0)
|    ( - -2.583e+03 1 0))
s>    ( QUESTION0_2_R 1 -2.404e+04 1.235e+02 1.091e+02
s>        ( - -2.134e+04 2 0)
s>        ( - -2.583e+03 1 0))INFO: dtree.c(1315): Comp split 39
INFO: dtree.c(1439): stop. leaf nodes are specific
INFO: dtree.c(1478): Final simple tree
|( QUESTION2 -1 -8.439e+03 1.721e+02 3.898e+01
|    ( - -4.677e+02 1 0)
|    ( - -7.799e+03 3 0))
s>    ( QUESTION2 -1 -8.439e+03 1.721e+02 3.898e+01
s>        ( - -4.677e+02 1 0)
s>        ( - -7.799e+03 3 0))INFO: dtree.c(1315): Comp split 40
INFO: dtree.c(1439): stop. leaf nodes are specific
INFO: dtree.c(1478): Final simple tree
|( QUESTION0_16_R 1 -1.699e+05 1.242e+02 7.924e+02
|    ( - -1.665e+05 6 0)
|    ( - -3.279e+03 1 0))
s>    ( QUESTION0_16_R 1 -1.699e+05 1.242e+02 7.924e+02
s>        ( - -1.665e+05 6 0)
s>        ( - -3.279e+03 1 0))INFO: dtree.c(1315): Comp split 41
INFO: dtree.c(1315): Comp split 42
INFO: dtree.c(1315): Comp split 43
INFO: dtree.c(1315): Comp split 44
INFO: dtree.c(1315): Comp split 45
INFO: dtree.c(1439): stop. leaf nodes are specific
INFO: dtree.c(1478): Final simple tree
|( QUESTION0 -1 -1.873e+06 1.651e+02 8.555e+03
|    ( - -1.868e+06 26 0)
|    ( - -4.576e+03 4 0))
s>    ( QUESTION0 -1 -1.873e+06 1.651e+02 8.555e+03
s>        ( - -1.868e+06 26 0)
s>        ( - -4.576e+03 4 0))INFO: dtree.c(1315): Comp split 46
INFO: dtree.c(1315): Comp split 47
INFO: dtree.c(1315): Comp split 48
INFO: dtree.c(1315): Comp split 49
INFO: dtree.c(1315): Comp split 50
INFO: dtree.c(1315): Comp split 51
INFO: dtree.c(1315): Comp split 52
INFO: dtree.c(1439): stop. leaf nodes are specific
INFO: dtree.c(1478): Final simple tree
|( QUESTION12 -1 -1.211e+04 1.509e+02 5.609e+01
|    ( - -7.388e+03 1 0)
|    ( - -4.573e+03 2 0))
s>    ( QUESTION12 -1 -1.211e+04 1.509e+02 5.609e+01
s>        ( - -7.388e+03 1 0)
s>        ( - -4.573e+03 2 0))INFO: dtree.c(1315): Comp split 53
INFO: dtree.c(1315): Comp split 54
INFO: dtree.c(1315): Comp split 55
INFO: dtree.c(1315): Comp split 56
INFO: dtree.c(1315): Comp split 57
INFO: dtree.c(1315): Comp split 58
INFO: dtree.c(1318): stop. leaf nodes are specific
Mon Apr 24 17:46:19 2023
