Current configuration:
[NAME]		[DEFLT]	[VALUE]
-allphones	no	no
-cntthresh	0.00001	1.000000e-05
-csplitmax	100	2000
-csplitmin	1	1
-csplitthr	8e-4	0.000000e+00
-example	no	no
-fullvar	no	no
-help		no	no
-meanfn			/home/lucija/Documents/Zadnji semestar/ROGJ/Prezentacije/CMUspinx/tutorial15/model_parameters/my_db.cd_cont_untied/means
-mixwfn			/home/lucija/Documents/Zadnji semestar/ROGJ/Prezentacije/CMUspinx/tutorial15/model_parameters/my_db.cd_cont_untied/mixture_weights
-moddeffn		/home/lucija/Documents/Zadnji semestar/ROGJ/Prezentacije/CMUspinx/tutorial15/model_architecture/my_db.untied.mdef
-mwfloor	1e-4	1.000000e-08
-phone			v
-psetfn			/home/lucija/Documents/Zadnji semestar/ROGJ/Prezentacije/CMUspinx/tutorial15/model_architecture/my_db.tree_questions
-ssplitmax	5	7
-ssplitmin	1	1
-ssplitthr	8e-4	0.000000e+00
-state			2
-stwt			1.0,0.05,0.0,
-treefn			/home/lucija/Documents/Zadnji semestar/ROGJ/Prezentacije/CMUspinx/tutorial15/trees/my_db.unpruned/v-2.dtree
-ts2cbfn	.semi.	.cont.
-varfloor	0.00001	1.000000e-05
-varfn			/home/lucija/Documents/Zadnji semestar/ROGJ/Prezentacije/CMUspinx/tutorial15/model_parameters/my_db.cd_cont_untied/variances

INFO: main.c(223): Reading: /home/lucija/Documents/Zadnji semestar/ROGJ/Prezentacije/CMUspinx/tutorial15/model_architecture/my_db.untied.mdef
INFO: model_def_io.c(573): Model definition info:
INFO: model_def_io.c(574): 12056 total models defined (32 base, 12024 tri)
INFO: model_def_io.c(575): 48224 total states
INFO: model_def_io.c(576): 36168 total tied states
INFO: model_def_io.c(577): 96 total tied CI states
INFO: model_def_io.c(578): 32 total tied transition matrices
INFO: model_def_io.c(579): 4 max state/model
INFO: model_def_io.c(580): 4 min state/model
INFO: main.c(242): Building trees for [v NOISE a b] through [v ž i i]
INFO: main.c(268): Covering states |[32676 33617]| == 942
INFO: main.c(275): Reading: /home/lucija/Documents/Zadnji semestar/ROGJ/Prezentacije/CMUspinx/tutorial15/model_parameters/my_db.cd_cont_untied/mixture_weights
INFO: s3mixw_io.c(172): Read /home/lucija/Documents/Zadnji semestar/ROGJ/Prezentacije/CMUspinx/tutorial15/model_parameters/my_db.cd_cont_untied/mixture_weights [942x1x1 array]
INFO: main.c(311): 314 of 314 models have observation count greater than 0.000010
INFO: main.c(95): nrm stwt: 0.000 0.048 0.952 
INFO: s3gau_io.c(168): Read /home/lucija/Documents/Zadnji semestar/ROGJ/Prezentacije/CMUspinx/tutorial15/model_parameters/my_db.cd_cont_untied/means [36168x1x1 array]
INFO: s3gau_io.c(168): Read /home/lucija/Documents/Zadnji semestar/ROGJ/Prezentacije/CMUspinx/tutorial15/model_parameters/my_db.cd_cont_untied/variances [36168x1x1 array]
INFO: main.c(549): Reading: /home/lucija/Documents/Zadnji semestar/ROGJ/Prezentacije/CMUspinx/tutorial15/model_architecture/my_db.tree_questions
INFO: main.c(587): 176 total simple questions (168 phone; 8 word bndry)
INFO: main.c(589): 42 Left Only questions, and 42 Right Only questions
INFO: dtree.c(1478): Final simple tree
|( QUESTION5 -1 -7.588e+06 4.152e+04 3.415e+04
|    ( - -1.023e+06 22 0 QUESTION6 -1 3.174e+03 4.801e+03)
|    ( QUESTION0_14_R 1 -6.524e+06 2.726e+04 2.935e+04
|        ( - -5.137e+05 24 0 QUESTION0_16_R 1 2.076e+03 2.437e+03)
|        ( QUESTION2_6_L -1 -5.983e+06 2.196e+04 2.691e+04
|            ( QUESTION14 -1 -8.673e+05 1.106e+04 3.912e+03
|                ( - -1.715e+05 2 0 QUESTION0 1 3.807e+02 8.225e+02)
|                ( - -6.847e+05 74 0 QUESTION2_19_L -1 5.330e+03 3.089e+03))
|            ( QUESTION3 1 -5.094e+06 1.950e+04 2.300e+04
|                ( - -6.584e+05 31 0 QUESTION0 -1 4.949e+03 2.963e+03)
|                ( WDBNDRY_I 0 -4.416e+06 1.339e+04 2.004e+04
|                    ( QUESTION2_3_L -1 -3.239e+06 5.714e+03 1.480e+04
|                        ( - -1.395e+05 5 0)
|                        ( - -3.094e+06 59 0 QUESTION0_0_R 1 2.954e+03 1.413e+04))
|                    ( - -1.163e+06 97 0 QUESTION0 -1 4.670e+03 5.245e+03))))))
s>    ( QUESTION5 -1 -7.588e+06 4.152e+04 3.415e+04
s>        ( - -1.023e+06 22 0 QUESTION6 -1 3.174e+03 4.801e+03)
s>        ( QUESTION0_14_R 1 -6.524e+06 2.726e+04 2.935e+04
s>            ( - -5.137e+05 24 0 QUESTION0_16_R 1 2.076e+03 2.437e+03)
s>            ( QUESTION2_6_L -1 -5.983e+06 2.196e+04 2.691e+04
s>                ( QUESTION14 -1 -8.673e+05 1.106e+04 3.912e+03
s>                    ( - -1.715e+05 2 0 QUESTION0 1 3.807e+02 8.225e+02)
s>                    ( - -6.847e+05 74 0 QUESTION2_19_L -1 5.330e+03 3.089e+03))
s>                ( QUESTION3 1 -5.094e+06 1.950e+04 2.300e+04
s>                    ( - -6.584e+05 31 0 QUESTION0 -1 4.949e+03 2.963e+03)
s>                    ( WDBNDRY_I 0 -4.416e+06 1.339e+04 2.004e+04
s>                        ( QUESTION2_3_L -1 -3.239e+06 5.714e+03 1.480e+04
s>                            ( - -1.395e+05 5 0)
s>                            ( - -3.094e+06 59 0 QUESTION0_0_R 1 2.954e+03 1.413e+04))
s>                        ( - -1.163e+06 97 0 QUESTION0 -1 4.670e+03 5.245e+03))))))INFO: dtree.c(1315): Comp split 0
INFO: dtree.c(1478): Final simple tree
|( QUESTION0_14_R 1 -6.524e+06 2.726e+04 2.935e+04
|    ( - -5.137e+05 24 0 QUESTION0_16_R 1 2.076e+03 2.437e+03)
|    ( QUESTION2_6_L -1 -5.983e+06 2.196e+04 2.691e+04
|        ( QUESTION14 -1 -8.673e+05 1.106e+04 3.912e+03
|            ( - -1.715e+05 2 0 QUESTION0 1 3.807e+02 8.225e+02)
|            ( QUESTION2_19_L -1 -6.847e+05 5.330e+03 3.089e+03
|                ( - -3.087e+05 32 0 QUESTION0 1 1.394e+03 1.402e+03)
|                ( - -3.707e+05 42 0 QUESTION17 -1 1.646e+03 1.687e+03)))
|        ( QUESTION3 1 -5.094e+06 1.950e+04 2.300e+04
|            ( - -6.584e+05 31 0 QUESTION0 -1 4.949e+03 2.963e+03)
|            ( WDBNDRY_I 0 -4.416e+06 1.339e+04 2.004e+04
|                ( QUESTION2_3_L -1 -3.239e+06 5.714e+03 1.480e+04
|                    ( - -1.395e+05 5 0)
|                    ( - -3.094e+06 59 0 QUESTION0_0_R 1 2.954e+03 1.413e+04))
|                ( - -1.163e+06 97 0 QUESTION0 -1 4.670e+03 5.245e+03)))))
s>    ( QUESTION0_14_R 1 -6.524e+06 2.726e+04 2.935e+04
s>        ( - -5.137e+05 24 0 QUESTION0_16_R 1 2.076e+03 2.437e+03)
s>        ( QUESTION2_6_L -1 -5.983e+06 2.196e+04 2.691e+04
s>            ( QUESTION14 -1 -8.673e+05 1.106e+04 3.912e+03
s>                ( - -1.715e+05 2 0 QUESTION0 1 3.807e+02 8.225e+02)
s>                ( QUESTION2_19_L -1 -6.847e+05 5.330e+03 3.089e+03
s>                    ( - -3.087e+05 32 0 QUESTION0 1 1.394e+03 1.402e+03)
s>                    ( - -3.707e+05 42 0 QUESTION17 -1 1.646e+03 1.687e+03)))
s>            ( QUESTION3 1 -5.094e+06 1.950e+04 2.300e+04
s>                ( - -6.584e+05 31 0 QUESTION0 -1 4.949e+03 2.963e+03)
s>                ( WDBNDRY_I 0 -4.416e+06 1.339e+04 2.004e+04
s>                    ( QUESTION2_3_L -1 -3.239e+06 5.714e+03 1.480e+04
s>                        ( - -1.395e+05 5 0)
s>                        ( - -3.094e+06 59 0 QUESTION0_0_R 1 2.954e+03 1.413e+04))
s>                    ( - -1.163e+06 97 0 QUESTION0 -1 4.670e+03 5.245e+03)))))INFO: dtree.c(1439): stop. leaf nodes are specific
INFO: dtree.c(1478): Final simple tree
|( QUESTION6 -1 -1.023e+06 3.174e+03 4.801e+03
|    ( QUESTION0 1 -3.158e+04 4.907e+02 1.412e+02
|        ( WDBNDRY_B 0 -2.364e+04 4.281e+02 1.072e+02
|            ( - -1.954e+04 6 0)
|            ( - -3.669e+03 2 0))
|        ( - -7.451e+03 3 0))
|    ( WDBNDRY_B 0 -9.878e+05 3.160e+02 4.660e+03
|        ( QUESTION0 1 -6.303e+03 1.305e+02 2.900e+01
|            ( - -2.396e+03 4 0)
|            ( - -3.776e+03 2 0))
|        ( - -9.812e+05 5 0)))
s>    ( QUESTION6 -1 -1.023e+06 3.174e+03 4.801e+03
s>        ( QUESTION0 1 -3.158e+04 4.907e+02 1.412e+02
s>            ( WDBNDRY_B 0 -2.364e+04 4.281e+02 1.072e+02
s>                ( - -1.954e+04 6 0)
s>                ( - -3.669e+03 2 0))
s>            ( - -7.451e+03 3 0))
s>        ( WDBNDRY_B 0 -9.878e+05 3.160e+02 4.660e+03
s>            ( QUESTION0 1 -6.303e+03 1.305e+02 2.900e+01
s>                ( - -2.396e+03 4 0)
s>                ( - -3.776e+03 2 0))
s>            ( - -9.812e+05 5 0)))INFO: dtree.c(1315): Comp split 1
INFO: dtree.c(1478): Final simple tree
|( QUESTION0_7_R 1 -3.777e+06 2.424e+04 1.723e+04
|    ( QUESTION0_16_R 1 -5.296e+05 2.633e+03 2.508e+03
|        ( - -4.445e+05 9 0 WDBNDRY_E 0 2.643e+02 2.126e+03)
|        ( QUESTION0_18_R 1 -8.244e+04 1.049e+03 3.812e+02
|            ( - -4.155e+04 6 0 WDBNDRY_E 0 1.769e+02 1.949e+02)
|            ( - -3.984e+04 15 0 QUESTION0_10_R 1 3.733e+02 1.863e+02)))
|    ( QUESTION2_3_L -1 -3.223e+06 5.732e+03 1.472e+04
|        ( - -1.395e+05 5 0)
|        ( QUESTION0_0_R 1 -3.078e+06 2.162e+03 1.406e+04
|            ( QUESTION0_4_R 1 -2.084e+04 4.347e+02 9.582e+01
|                ( - -6.213e+03 4 0)
|                ( - -1.419e+04 7 0 QUESTION0_2_R 1 2.153e+02 6.635e+01))
|            ( QUESTION0 -1 -3.055e+06 1.682e+03 1.396e+04
|                ( - -2.807e+06 28 0)
|                ( - -2.464e+05 14 0)))))
s>    ( QUESTION0_7_R 1 -3.777e+06 2.424e+04 1.723e+04
s>        ( QUESTION0_16_R 1 -5.296e+05 2.633e+03 2.508e+03
s>            ( - -4.445e+05 9 0 WDBNDRY_E 0 2.643e+02 2.126e+03)
s>            ( QUESTION0_18_R 1 -8.244e+04 1.049e+03 3.812e+02
s>                ( - -4.155e+04 6 0 WDBNDRY_E 0 1.769e+02 1.949e+02)
s>                ( - -3.984e+04 15 0 QUESTION0_10_R 1 3.733e+02 1.863e+02)))
s>        ( QUESTION2_3_L -1 -3.223e+06 5.732e+03 1.472e+04
s>            ( - -1.395e+05 5 0)
s>            ( QUESTION0_0_R 1 -3.078e+06 2.162e+03 1.406e+04
s>                ( QUESTION0_4_R 1 -2.084e+04 4.347e+02 9.582e+01
s>                    ( - -6.213e+03 4 0)
s>                    ( - -1.419e+04 7 0 QUESTION0_2_R 1 2.153e+02 6.635e+01))
s>                ( QUESTION0 -1 -3.055e+06 1.682e+03 1.396e+04
s>                    ( - -2.807e+06 28 0)
s>                    ( - -2.464e+05 14 0)))))INFO: dtree.c(1478): Final simple tree
|( QUESTION3 1 -2.719e+06 1.754e+04 1.212e+04
|    ( SILENCE -1 -7.116e+05 4.669e+03 3.203e+03
|        ( - -2.517e+05 2 0)
|        ( - -4.553e+05 45 0 WDBNDRY_I 0 1.721e+03 2.052e+03))
|    ( QUESTION14 -1 -1.990e+06 1.548e+04 8.916e+03
|        ( - -1.702e+05 1 0)
|        ( WDBNDRY_I 0 -1.805e+06 9.546e+03 8.099e+03
|            ( QUESTION2_7_L -1 -5.753e+05 5.291e+03 2.599e+03
|                ( - -3.230e+05 17 0 QUESTION17 -1 1.606e+03 1.472e+03)
|                ( - -2.470e+05 12 0 QUESTION2_20_L -1 9.871e+02 1.127e+03))
|            ( SILENCE -1 -1.220e+06 4.505e+03 5.500e+03
|                ( - -2.047e+05 6 0)
|                ( QUESTION9 -1 -1.011e+06 2.102e+03 4.566e+03
|                    ( - -8.316e+04 6 0)
|                    ( - -9.253e+05 115 0 QUESTION0_20_R 1 2.132e+03 4.186e+03))))))
s>    ( QUESTION3 1 -2.719e+06 1.754e+04 1.212e+04
s>        ( SILENCE -1 -7.116e+05 4.669e+03 3.203e+03
s>            ( - -2.517e+05 2 0)
s>            ( - -4.553e+05 45 0 WDBNDRY_I 0 1.721e+03 2.052e+03))
s>        ( QUESTION14 -1 -1.990e+06 1.548e+04 8.916e+03
s>            ( - -1.702e+05 1 0)
s>            ( WDBNDRY_I 0 -1.805e+06 9.546e+03 8.099e+03
s>                ( QUESTION2_7_L -1 -5.753e+05 5.291e+03 2.599e+03
s>                    ( - -3.230e+05 17 0 QUESTION17 -1 1.606e+03 1.472e+03)
s>                    ( - -2.470e+05 12 0 QUESTION2_20_L -1 9.871e+02 1.127e+03))
s>                ( SILENCE -1 -1.220e+06 4.505e+03 5.500e+03
s>                    ( - -2.047e+05 6 0)
s>                    ( QUESTION9 -1 -1.011e+06 2.102e+03 4.566e+03
s>                        ( - -8.316e+04 6 0)
s>                        ( - -9.253e+05 115 0 QUESTION0_20_R 1 2.132e+03 4.186e+03))))))INFO: dtree.c(1315): Comp split 2
INFO: dtree.c(1439): stop. leaf nodes are specific
INFO: dtree.c(1478): Final simple tree
|( QUESTION2_3_L -1 -3.223e+06 5.732e+03 1.472e+04
|    ( - -1.395e+05 5 0)
|    ( QUESTION0_0_R 1 -3.078e+06 2.162e+03 1.406e+04
|        ( QUESTION0_4_R 1 -2.084e+04 4.347e+02 9.582e+01
|            ( - -6.213e+03 4 0)
|            ( QUESTION0_2_R 1 -1.419e+04 2.153e+02 6.635e+01
|                ( - -7.732e+03 4 0)
|                ( - -6.243e+03 3 0)))
|        ( QUESTION0 -1 -3.055e+06 1.682e+03 1.396e+04
|            ( - -2.807e+06 28 0)
|            ( - -2.464e+05 14 0))))
s>    ( QUESTION2_3_L -1 -3.223e+06 5.732e+03 1.472e+04
s>        ( - -1.395e+05 5 0)
s>        ( QUESTION0_0_R 1 -3.078e+06 2.162e+03 1.406e+04
s>            ( QUESTION0_4_R 1 -2.084e+04 4.347e+02 9.582e+01
s>                ( - -6.213e+03 4 0)
s>                ( QUESTION0_2_R 1 -1.419e+04 2.153e+02 6.635e+01
s>                    ( - -7.732e+03 4 0)
s>                    ( - -6.243e+03 3 0)))
s>            ( QUESTION0 -1 -3.055e+06 1.682e+03 1.396e+04
s>                ( - -2.807e+06 28 0)
s>                ( - -2.464e+05 14 0))))INFO: dtree.c(1478): Final simple tree
|( QUESTION0_16_R 1 -5.296e+05 2.633e+03 2.508e+03
|    ( WDBNDRY_E 0 -4.445e+05 2.643e+02 2.126e+03
|        ( - -2.719e+03 4 0)
|        ( - -4.416e+05 5 0))
|    ( QUESTION0_18_R 1 -8.244e+04 1.049e+03 3.812e+02
|        ( WDBNDRY_E 0 -4.155e+04 1.769e+02 1.949e+02
|            ( - -5.248e+02 1 0)
|            ( - -4.085e+04 5 0))
|        ( QUESTION0_10_R 1 -3.984e+04 3.733e+02 1.863e+02
|            ( - -1.339e+04 5 0)
|            ( QUESTION0_15_R 1 -2.607e+04 3.053e+02 1.220e+02
|                ( - -5.220e+03 1 0)
|                ( QUESTION6 1 -2.054e+04 2.556e+02 9.656e+01
|                    ( - -9.896e+03 4 0)
|                    ( - -1.039e+04 5 0 WDBNDRY_E 0 1.461e+02 4.976e+01))))))
s>    ( QUESTION0_16_R 1 -5.296e+05 2.633e+03 2.508e+03
s>        ( WDBNDRY_E 0 -4.445e+05 2.643e+02 2.126e+03
s>            ( - -2.719e+03 4 0)
s>            ( - -4.416e+05 5 0))
s>        ( QUESTION0_18_R 1 -8.244e+04 1.049e+03 3.812e+02
s>            ( WDBNDRY_E 0 -4.155e+04 1.769e+02 1.949e+02
s>                ( - -5.248e+02 1 0)
s>                ( - -4.085e+04 5 0))
s>            ( QUESTION0_10_R 1 -3.984e+04 3.733e+02 1.863e+02
s>                ( - -1.339e+04 5 0)
s>                ( QUESTION0_15_R 1 -2.607e+04 3.053e+02 1.220e+02
s>                    ( - -5.220e+03 1 0)
s>                    ( QUESTION6 1 -2.054e+04 2.556e+02 9.656e+01
s>                        ( - -9.896e+03 4 0)
s>                        ( - -1.039e+04 5 0 WDBNDRY_E 0 1.461e+02 4.976e+01))))))INFO: dtree.c(1315): Comp split 3
INFO: dtree.c(1439): stop. leaf nodes are specific
INFO: dtree.c(1478): Final simple tree
|( QUESTION11 -1 -4.246e+05 7.290e+03 1.944e+03
|    ( - -1.702e+05 1 0)
|    ( QUESTION2_20_L -1 -2.470e+05 9.871e+02 1.127e+03
|        ( QUESTION2 -1 -2.385e+04 2.808e+02 1.078e+02
|            ( - -1.489e+04 5 0)
|            ( - -8.678e+03 2 0))
|        ( - -2.222e+05 5 0)))
s>    ( QUESTION11 -1 -4.246e+05 7.290e+03 1.944e+03
s>        ( - -1.702e+05 1 0)
s>        ( QUESTION2_20_L -1 -2.470e+05 9.871e+02 1.127e+03
s>            ( QUESTION2 -1 -2.385e+04 2.808e+02 1.078e+02
s>                ( - -1.489e+04 5 0)
s>                ( - -8.678e+03 2 0))
s>            ( - -2.222e+05 5 0)))INFO: dtree.c(1478): Final simple tree
|( QUESTION3 1 -2.275e+06 1.584e+04 1.017e+04
|    ( SILENCE -1 -7.116e+05 4.669e+03 3.203e+03
|        ( - -2.517e+05 2 0)
|        ( WDBNDRY_I 0 -4.553e+05 1.721e+03 2.052e+03
|            ( - -1.456e+05 11 0 QUESTION0 -1 1.641e+03 6.630e+02)
|            ( - -3.080e+05 34 0 QUESTION9 -1 1.066e+03 1.389e+03)))
|    ( QUESTION16 -1 -1.548e+06 5.193e+03 6.972e+03
|        ( - -3.565e+05 27 0 QUESTION17 -1 1.633e+03 1.624e+03)
|        ( SILENCE -1 -1.186e+06 4.459e+03 5.348e+03
|            ( - -2.047e+05 6 0)
|            ( QUESTION9 -1 -9.770e+05 2.108e+03 4.414e+03
|                ( - -8.316e+04 6 0)
|                ( QUESTION0_20_R 1 -8.917e+05 2.134e+03 4.035e+03
|                    ( - -8.510e+05 78 0 QUESTION0 -1 4.432e+02 3.853e+03)
|                    ( - -3.860e+04 27 0 QUESTION0_12_R 1 4.577e+02 1.820e+02))))))
s>    ( QUESTION3 1 -2.275e+06 1.584e+04 1.017e+04
s>        ( SILENCE -1 -7.116e+05 4.669e+03 3.203e+03
s>            ( - -2.517e+05 2 0)
s>            ( WDBNDRY_I 0 -4.553e+05 1.721e+03 2.052e+03
s>                ( - -1.456e+05 11 0 QUESTION0 -1 1.641e+03 6.630e+02)
s>                ( - -3.080e+05 34 0 QUESTION9 -1 1.066e+03 1.389e+03)))
s>        ( QUESTION16 -1 -1.548e+06 5.193e+03 6.972e+03
s>            ( - -3.565e+05 27 0 QUESTION17 -1 1.633e+03 1.624e+03)
s>            ( SILENCE -1 -1.186e+06 4.459e+03 5.348e+03
s>                ( - -2.047e+05 6 0)
s>                ( QUESTION9 -1 -9.770e+05 2.108e+03 4.414e+03
s>                    ( - -8.316e+04 6 0)
s>                    ( QUESTION0_20_R 1 -8.917e+05 2.134e+03 4.035e+03
s>                        ( - -8.510e+05 78 0 QUESTION0 -1 4.432e+02 3.853e+03)
s>                        ( - -3.860e+04 27 0 QUESTION0_12_R 1 4.577e+02 1.820e+02))))))INFO: dtree.c(1315): Comp split 4
INFO: dtree.c(1478): Final simple tree
|( SILENCE -1 -7.116e+05 4.669e+03 3.203e+03
|    ( - -2.517e+05 2 0)
|    ( WDBNDRY_I 0 -4.553e+05 1.721e+03 2.052e+03
|        ( QUESTION0 -1 -1.456e+05 1.641e+03 6.630e+02
|            ( - -1.104e+05 7 0)
|            ( - -3.354e+04 4 0 QUESTION17 -1 1.556e+02 1.606e+02))
|        ( QUESTION9 -1 -3.080e+05 1.066e+03 1.389e+03
|            ( - -3.910e+04 2 0)
|            ( QUESTION13 -1 -2.678e+05 4.900e+02 1.210e+03
|                ( - 2.427e+02 1 0)
|                ( QUESTION3 -1 -2.675e+05 3.185e+02 1.209e+03
|                    ( - -2.297e+04 5 0)
|                    ( QUESTION0 -1 -2.442e+05 2.621e+02 1.109e+03
|                        ( - -2.268e+05 15 0 WDBNDRY_B 0 8.970e+01 1.030e+03)
|                        ( - -1.721e+04 11 0 QUESTION11 -1 2.300e+02 7.888e+01)))))))
s>    ( SILENCE -1 -7.116e+05 4.669e+03 3.203e+03
s>        ( - -2.517e+05 2 0)
s>        ( WDBNDRY_I 0 -4.553e+05 1.721e+03 2.052e+03
s>            ( QUESTION0 -1 -1.456e+05 1.641e+03 6.630e+02
s>                ( - -1.104e+05 7 0)
s>                ( - -3.354e+04 4 0 QUESTION17 -1 1.556e+02 1.606e+02))
s>            ( QUESTION9 -1 -3.080e+05 1.066e+03 1.389e+03
s>                ( - -3.910e+04 2 0)
s>                ( QUESTION13 -1 -2.678e+05 4.900e+02 1.210e+03
s>                    ( - 2.427e+02 1 0)
s>                    ( QUESTION3 -1 -2.675e+05 3.185e+02 1.209e+03
s>                        ( - -2.297e+04 5 0)
s>                        ( QUESTION0 -1 -2.442e+05 2.621e+02 1.109e+03
s>                            ( - -2.268e+05 15 0 WDBNDRY_B 0 8.970e+01 1.030e+03)
s>                            ( - -1.721e+04 11 0 QUESTION11 -1 2.300e+02 7.888e+01)))))))INFO: dtree.c(1478): Final simple tree
|( QUESTION16 -1 -1.548e+06 5.193e+03 6.972e+03
|    ( QUESTION17 -1 -3.565e+05 1.633e+03 1.624e+03
|        ( WDBNDRY_B 0 -2.039e+05 9.839e+02 9.395e+02
|            ( QUESTION18 -1 -3.285e+04 4.658e+02 1.527e+02
|                ( - -7.191e+03 4 0)
|                ( - -2.519e+04 5 0))
|            ( - -1.701e+05 6 0))
|        ( - -1.510e+05 12 0 WDBNDRY_B 0 2.088e+02 6.841e+02))
|    ( SILENCE -1 -1.186e+06 4.459e+03 5.348e+03
|        ( - -2.047e+05 6 0)
|        ( QUESTION9 -1 -9.770e+05 2.108e+03 4.414e+03
|            ( - -8.316e+04 6 0)
|            ( QUESTION0_20_R 1 -8.917e+05 2.134e+03 4.035e+03
|                ( - -8.510e+05 78 0 QUESTION0 -1 4.432e+02 3.853e+03)
|                ( - -3.860e+04 27 0 QUESTION0_12_R 1 4.577e+02 1.820e+02)))))
s>    ( QUESTION16 -1 -1.548e+06 5.193e+03 6.972e+03
s>        ( QUESTION17 -1 -3.565e+05 1.633e+03 1.624e+03
s>            ( WDBNDRY_B 0 -2.039e+05 9.839e+02 9.395e+02
s>                ( QUESTION18 -1 -3.285e+04 4.658e+02 1.527e+02
s>                    ( - -7.191e+03 4 0)
s>                    ( - -2.519e+04 5 0))
s>                ( - -1.701e+05 6 0))
s>            ( - -1.510e+05 12 0 WDBNDRY_B 0 2.088e+02 6.841e+02))
s>        ( SILENCE -1 -1.186e+06 4.459e+03 5.348e+03
s>            ( - -2.047e+05 6 0)
s>            ( QUESTION9 -1 -9.770e+05 2.108e+03 4.414e+03
s>                ( - -8.316e+04 6 0)
s>                ( QUESTION0_20_R 1 -8.917e+05 2.134e+03 4.035e+03
s>                    ( - -8.510e+05 78 0 QUESTION0 -1 4.432e+02 3.853e+03)
s>                    ( - -3.860e+04 27 0 QUESTION0_12_R 1 4.577e+02 1.820e+02)))))INFO: dtree.c(1315): Comp split 5
INFO: dtree.c(1439): stop. leaf nodes are specific
INFO: dtree.c(1478): Final simple tree
|( QUESTION2_20_L -1 -2.470e+05 9.871e+02 1.127e+03
|    ( QUESTION2 -1 -2.385e+04 2.808e+02 1.078e+02
|        ( - -1.489e+04 5 0)
|        ( - -8.678e+03 2 0))
|    ( - -2.222e+05 5 0))
s>    ( QUESTION2_20_L -1 -2.470e+05 9.871e+02 1.127e+03
s>        ( QUESTION2 -1 -2.385e+04 2.808e+02 1.078e+02
s>            ( - -1.489e+04 5 0)
s>            ( - -8.678e+03 2 0))
s>        ( - -2.222e+05 5 0))INFO: dtree.c(1315): Comp split 6
INFO: dtree.c(1478): Final simple tree
|( WDBNDRY_I 0 -1.253e+06 5.168e+03 5.658e+03
|    ( QUESTION17 -1 -3.230e+05 1.606e+03 1.472e+03
|        ( - -1.701e+05 6 0)
|        ( - -1.513e+05 11 0 QUESTION11 -1 4.125e+02 6.850e+02))
|    ( QUESTION0_20_R 1 -9.253e+05 2.132e+03 4.186e+03
|        ( QUESTION2_8_L -1 -8.845e+05 8.575e+02 4.004e+03
|            ( QUESTION17 -1 -3.254e+04 4.489e+02 1.520e+02
|                ( - -2.519e+04 5 0)
|                ( - -6.902e+03 5 0))
|            ( - -8.511e+05 78 0 QUESTION2_20_L -1 4.478e+02 3.853e+03))
|        ( QUESTION0_12_R 1 -3.860e+04 4.577e+02 1.820e+02
|            ( - 2.419e+02 1 0)
|            ( WDBNDRY_E 0 -3.838e+04 4.491e+02 1.810e+02
|                ( - -3.817e+04 25 0 QUESTION8 1 4.350e+02 1.800e+02)
|                ( - 2.411e+02 1 0)))))
s>    ( WDBNDRY_I 0 -1.253e+06 5.168e+03 5.658e+03
s>        ( QUESTION17 -1 -3.230e+05 1.606e+03 1.472e+03
s>            ( - -1.701e+05 6 0)
s>            ( - -1.513e+05 11 0 QUESTION11 -1 4.125e+02 6.850e+02))
s>        ( QUESTION0_20_R 1 -9.253e+05 2.132e+03 4.186e+03
s>            ( QUESTION2_8_L -1 -8.845e+05 8.575e+02 4.004e+03
s>                ( QUESTION17 -1 -3.254e+04 4.489e+02 1.520e+02
s>                    ( - -2.519e+04 5 0)
s>                    ( - -6.902e+03 5 0))
s>                ( - -8.511e+05 78 0 QUESTION2_20_L -1 4.478e+02 3.853e+03))
s>            ( QUESTION0_12_R 1 -3.860e+04 4.577e+02 1.820e+02
s>                ( - 2.419e+02 1 0)
s>                ( WDBNDRY_E 0 -3.838e+04 4.491e+02 1.810e+02
s>                    ( - -3.817e+04 25 0 QUESTION8 1 4.350e+02 1.800e+02)
s>                    ( - 2.411e+02 1 0)))))INFO: dtree.c(1439): stop. leaf nodes are specific
INFO: dtree.c(1478): Final simple tree
|( SILENCE -1 -2.884e+05 5.263e+02 1.313e+03
|    ( - -2.047e+05 6 0)
|    ( - -8.316e+04 6 0))
s>    ( SILENCE -1 -2.884e+05 5.263e+02 1.313e+03
s>        ( - -2.047e+05 6 0)
s>        ( - -8.316e+04 6 0))INFO: dtree.c(1315): Comp split 7
INFO: dtree.c(1439): stop. leaf nodes are specific
INFO: dtree.c(1478): Final simple tree
|( QUESTION0_0_R 1 -3.078e+06 2.162e+03 1.406e+04
|    ( QUESTION0_4_R 1 -2.084e+04 4.347e+02 9.582e+01
|        ( - -6.213e+03 4 0)
|        ( QUESTION0_2_R 1 -1.419e+04 2.153e+02 6.635e+01
|            ( - -7.732e+03 4 0)
|            ( - -6.243e+03 3 0)))
|    ( QUESTION0 -1 -3.055e+06 1.682e+03 1.396e+04
|        ( - -2.807e+06 28 0)
|        ( - -2.464e+05 14 0)))
s>    ( QUESTION0_0_R 1 -3.078e+06 2.162e+03 1.406e+04
s>        ( QUESTION0_4_R 1 -2.084e+04 4.347e+02 9.582e+01
s>            ( - -6.213e+03 4 0)
s>            ( QUESTION0_2_R 1 -1.419e+04 2.153e+02 6.635e+01
s>                ( - -7.732e+03 4 0)
s>                ( - -6.243e+03 3 0)))
s>        ( QUESTION0 -1 -3.055e+06 1.682e+03 1.396e+04
s>            ( - -2.807e+06 28 0)
s>            ( - -2.464e+05 14 0)))INFO: dtree.c(1315): Comp split 8
INFO: dtree.c(1478): Final simple tree
|( WDBNDRY_I 0 -4.149e+05 1.561e+03 1.873e+03
|    ( QUESTION0 -1 -1.456e+05 1.641e+03 6.630e+02
|        ( - -1.104e+05 7 0)
|        ( - -3.354e+04 4 0 QUESTION17 -1 1.556e+02 1.606e+02))
|    ( QUESTION13 -1 -2.678e+05 4.900e+02 1.210e+03
|        ( - 2.427e+02 1 0)
|        ( QUESTION3 -1 -2.675e+05 3.185e+02 1.209e+03
|            ( - -2.297e+04 5 0)
|            ( QUESTION0 -1 -2.442e+05 2.621e+02 1.109e+03
|                ( - -2.268e+05 15 0 WDBNDRY_B 0 8.970e+01 1.030e+03)
|                ( QUESTION11 -1 -1.721e+04 2.300e+02 7.888e+01
|                    ( - -1.460e+03 1 0)
|                    ( QUESTION19 -1 -1.552e+04 1.938e+02 7.088e+01
|                        ( - -2.215e+03 2 0)
|                        ( - -1.311e+04 8 0 QUESTION2 -1 1.214e+02 5.996e+01)))))))
s>    ( WDBNDRY_I 0 -4.149e+05 1.561e+03 1.873e+03
s>        ( QUESTION0 -1 -1.456e+05 1.641e+03 6.630e+02
s>            ( - -1.104e+05 7 0)
s>            ( - -3.354e+04 4 0 QUESTION17 -1 1.556e+02 1.606e+02))
s>        ( QUESTION13 -1 -2.678e+05 4.900e+02 1.210e+03
s>            ( - 2.427e+02 1 0)
s>            ( QUESTION3 -1 -2.675e+05 3.185e+02 1.209e+03
s>                ( - -2.297e+04 5 0)
s>                ( QUESTION0 -1 -2.442e+05 2.621e+02 1.109e+03
s>                    ( - -2.268e+05 15 0 WDBNDRY_B 0 8.970e+01 1.030e+03)
s>                    ( QUESTION11 -1 -1.721e+04 2.300e+02 7.888e+01
s>                        ( - -1.460e+03 1 0)
s>                        ( QUESTION19 -1 -1.552e+04 1.938e+02 7.088e+01
s>                            ( - -2.215e+03 2 0)
s>                            ( - -1.311e+04 8 0 QUESTION2 -1 1.214e+02 5.996e+01)))))))INFO: dtree.c(1439): stop. leaf nodes are specific
INFO: dtree.c(1478): Final simple tree
|( SILENCE -1 -2.911e+05 3.029e+02 1.330e+03
|    ( - -2.517e+05 2 0)
|    ( - -3.910e+04 2 0))
s>    ( SILENCE -1 -2.911e+05 3.029e+02 1.330e+03
s>        ( - -2.517e+05 2 0)
s>        ( - -3.910e+04 2 0))INFO: dtree.c(1315): Comp split 9
INFO: dtree.c(1439): stop. leaf nodes are specific
INFO: dtree.c(1478): Final simple tree
|( QUESTION17 -1 -3.301e+05 1.620e+03 1.504e+03
|    ( - -1.701e+05 6 0)
|    ( QUESTION11 -1 -1.584e+05 4.054e+02 7.176e+02
|        ( - -6.994e+03 4 0)
|        ( WDBNDRY_B 0 -1.510e+05 2.088e+02 6.841e+02
|            ( - -6.902e+03 5 0)
|            ( - -1.439e+05 7 0))))
s>    ( QUESTION17 -1 -3.301e+05 1.620e+03 1.504e+03
s>        ( - -1.701e+05 6 0)
s>        ( QUESTION11 -1 -1.584e+05 4.054e+02 7.176e+02
s>            ( - -6.994e+03 4 0)
s>            ( WDBNDRY_B 0 -1.510e+05 2.088e+02 6.841e+02
s>                ( - -6.902e+03 5 0)
s>                ( - -1.439e+05 7 0))))INFO: dtree.c(1478): Final simple tree
|( QUESTION0_20_R 1 -9.181e+05 2.125e+03 4.154e+03
|    ( QUESTION2_8_L -1 -8.773e+05 1.009e+03 3.972e+03
|        ( - -2.519e+04 5 0)
|        ( QUESTION2_20_L -1 -8.511e+05 4.478e+02 3.853e+03
|            ( - -1.329e+04 8 0 QUESTION2 -1 1.325e+02 6.174e+01)
|            ( QUESTION2 -1 -8.374e+05 4.212e+02 3.791e+03
|                ( - -7.562e+04 20 0 QUESTION2_16_L -1 1.630e+02 3.419e+02)
|                ( - -7.614e+05 50 0 WDBNDRY_B 0 2.022e+02 3.449e+03))))
|    ( QUESTION0_12_R 1 -3.860e+04 4.577e+02 1.820e+02
|        ( - 2.419e+02 1 0)
|        ( WDBNDRY_E 0 -3.838e+04 4.491e+02 1.810e+02
|            ( QUESTION8 1 -3.817e+04 4.350e+02 1.800e+02
|                ( - -7.237e+03 14 0 QUESTION0_3_R 1 1.384e+02 3.300e+01)
|                ( - -3.050e+04 11 0 SILENCE 1 3.685e+02 1.470e+02))
|            ( - 2.411e+02 1 0))))
s>    ( QUESTION0_20_R 1 -9.181e+05 2.125e+03 4.154e+03
s>        ( QUESTION2_8_L -1 -8.773e+05 1.009e+03 3.972e+03
s>            ( - -2.519e+04 5 0)
s>            ( QUESTION2_20_L -1 -8.511e+05 4.478e+02 3.853e+03
s>                ( - -1.329e+04 8 0 QUESTION2 -1 1.325e+02 6.174e+01)
s>                ( QUESTION2 -1 -8.374e+05 4.212e+02 3.791e+03
s>                    ( - -7.562e+04 20 0 QUESTION2_16_L -1 1.630e+02 3.419e+02)
s>                    ( - -7.614e+05 50 0 WDBNDRY_B 0 2.022e+02 3.449e+03))))
s>        ( QUESTION0_12_R 1 -3.860e+04 4.577e+02 1.820e+02
s>            ( - 2.419e+02 1 0)
s>            ( WDBNDRY_E 0 -3.838e+04 4.491e+02 1.810e+02
s>                ( QUESTION8 1 -3.817e+04 4.350e+02 1.800e+02
s>                    ( - -7.237e+03 14 0 QUESTION0_3_R 1 1.384e+02 3.300e+01)
s>                    ( - -3.050e+04 11 0 SILENCE 1 3.685e+02 1.470e+02))
s>                ( - 2.411e+02 1 0))))INFO: dtree.c(1315): Comp split 10
INFO: dtree.c(1439): stop. leaf nodes are specific
INFO: dtree.c(1478): Final simple tree
|( QUESTION0 1 -3.406e+04 4.755e+02 1.522e+02
|    ( WDBNDRY_B 0 -2.614e+04 4.142e+02 1.182e+02
|        ( QUESTION6 -1 -2.205e+04 1.141e+02 9.947e+01
|            ( - -1.954e+04 6 0)
|            ( - -2.396e+03 4 0))
|        ( - -3.669e+03 2 0))
|    ( - -7.451e+03 3 0))
s>    ( QUESTION0 1 -3.406e+04 4.755e+02 1.522e+02
s>        ( WDBNDRY_B 0 -2.614e+04 4.142e+02 1.182e+02
s>            ( QUESTION6 -1 -2.205e+04 1.141e+02 9.947e+01
s>                ( - -1.954e+04 6 0)
s>                ( - -2.396e+03 4 0))
s>            ( - -3.669e+03 2 0))
s>        ( - -7.451e+03 3 0))INFO: dtree.c(1439): stop. leaf nodes are specific
INFO: dtree.c(1478): Final simple tree
|( WDBNDRY_B 0 -9.852e+05 2.508e+02 4.649e+03
|    ( - -3.776e+03 2 0)
|    ( - -9.812e+05 5 0))
s>    ( WDBNDRY_B 0 -9.852e+05 2.508e+02 4.649e+03
s>        ( - -3.776e+03 2 0)
s>        ( - -9.812e+05 5 0))INFO: dtree.c(1315): Comp split 11
INFO: dtree.c(1478): Final simple tree
|( QUESTION0_18_R 1 -8.534e+04 1.032e+03 3.942e+02
|    ( WDBNDRY_E 0 -4.155e+04 1.769e+02 1.949e+02
|        ( - -5.248e+02 1 0)
|        ( - -4.085e+04 5 0))
|    ( QUESTION0_10_R 1 -4.276e+04 3.804e+02 1.993e+02
|        ( - -1.339e+04 5 0)
|        ( QUESTION0_17_R 1 -2.899e+04 3.135e+02 1.350e+02
|            ( - -5.220e+03 1 0)
|            ( QUESTION6 1 -2.345e+04 2.489e+02 1.096e+02
|                ( - -9.896e+03 4 0)
|                ( QUESTION0_15_R 1 -1.331e+04 1.949e+02 6.276e+01
|                    ( - -2.719e+03 4 0)
|                    ( WDBNDRY_E 0 -1.039e+04 1.461e+02 4.976e+01
|                        ( - -5.641e+03 3 0)
|                        ( - -4.605e+03 2 0 QUESTION0_8_R 1 1.132e+02 2.190e+01)))))))
s>    ( QUESTION0_18_R 1 -8.534e+04 1.032e+03 3.942e+02
s>        ( WDBNDRY_E 0 -4.155e+04 1.769e+02 1.949e+02
s>            ( - -5.248e+02 1 0)
s>            ( - -4.085e+04 5 0))
s>        ( QUESTION0_10_R 1 -4.276e+04 3.804e+02 1.993e+02
s>            ( - -1.339e+04 5 0)
s>            ( QUESTION0_17_R 1 -2.899e+04 3.135e+02 1.350e+02
s>                ( - -5.220e+03 1 0)
s>                ( QUESTION6 1 -2.345e+04 2.489e+02 1.096e+02
s>                    ( - -9.896e+03 4 0)
s>                    ( QUESTION0_15_R 1 -1.331e+04 1.949e+02 6.276e+01
s>                        ( - -2.719e+03 4 0)
s>                        ( WDBNDRY_E 0 -1.039e+04 1.461e+02 4.976e+01
s>                            ( - -5.641e+03 3 0)
s>                            ( - -4.605e+03 2 0 QUESTION0_8_R 1 1.132e+02 2.190e+01)))))))INFO: dtree.c(1315): Comp split 12
INFO: dtree.c(1439): stop. leaf nodes are specific
INFO: dtree.c(1478): Final simple tree
|( QUESTION0_4_R 1 -2.084e+04 4.347e+02 9.582e+01
|    ( - -6.213e+03 4 0)
|    ( QUESTION0_2_R 1 -1.419e+04 2.153e+02 6.635e+01
|        ( - -7.732e+03 4 0)
|        ( - -6.243e+03 3 0)))
s>    ( QUESTION0_4_R 1 -2.084e+04 4.347e+02 9.582e+01
s>        ( - -6.213e+03 4 0)
s>        ( QUESTION0_2_R 1 -1.419e+04 2.153e+02 6.635e+01
s>            ( - -7.732e+03 4 0)
s>            ( - -6.243e+03 3 0)))INFO: dtree.c(1439): stop. leaf nodes are specific
INFO: dtree.c(1478): Final simple tree
|( QUESTION0 -1 -3.055e+06 1.682e+03 1.396e+04
|    ( - -2.807e+06 28 0)
|    ( - -2.464e+05 14 0))
s>    ( QUESTION0 -1 -3.055e+06 1.682e+03 1.396e+04
s>        ( - -2.807e+06 28 0)
s>        ( - -2.464e+05 14 0))INFO: dtree.c(1315): Comp split 13
INFO: dtree.c(1478): Final simple tree
|( QUESTION0_12_R 1 -3.860e+04 4.577e+02 1.820e+02
|    ( - 2.419e+02 1 0)
|    ( WDBNDRY_E 0 -3.838e+04 4.491e+02 1.810e+02
|        ( QUESTION8 1 -3.817e+04 4.350e+02 1.800e+02
|            ( QUESTION0_3_R 1 -7.237e+03 1.384e+02 3.300e+01
|                ( - -1.466e+03 2 0)
|                ( QUESTION19 1 -5.633e+03 9.650e+01 2.600e+01
|                    ( - -3.372e+03 4 0)
|                    ( QUESTION0_1_R 1 -2.164e+03 1.038e+02 1.000e+01
|                        ( - -1.006e+03 3 0)
|                        ( - -1.054e+03 5 0 QUESTION0_9_R 1 8.312e+01 5.000e+00))))
|            ( SILENCE 1 -3.050e+04 3.685e+02 1.470e+02
|                ( - -2.010e+04 3 0)
|                ( - -1.003e+04 8 0)))
|        ( - 2.411e+02 1 0)))
s>    ( QUESTION0_12_R 1 -3.860e+04 4.577e+02 1.820e+02
s>        ( - 2.419e+02 1 0)
s>        ( WDBNDRY_E 0 -3.838e+04 4.491e+02 1.810e+02
s>            ( QUESTION8 1 -3.817e+04 4.350e+02 1.800e+02
s>                ( QUESTION0_3_R 1 -7.237e+03 1.384e+02 3.300e+01
s>                    ( - -1.466e+03 2 0)
s>                    ( QUESTION19 1 -5.633e+03 9.650e+01 2.600e+01
s>                        ( - -3.372e+03 4 0)
s>                        ( QUESTION0_1_R 1 -2.164e+03 1.038e+02 1.000e+01
s>                            ( - -1.006e+03 3 0)
s>                            ( - -1.054e+03 5 0 QUESTION0_9_R 1 8.312e+01 5.000e+00))))
s>                ( SILENCE 1 -3.050e+04 3.685e+02 1.470e+02
s>                    ( - -2.010e+04 3 0)
s>                    ( - -1.003e+04 8 0)))
s>            ( - 2.411e+02 1 0)))INFO: dtree.c(1478): Final simple tree
|( QUESTION2_8_L -1 -8.773e+05 1.009e+03 3.972e+03
|    ( - -2.519e+04 5 0)
|    ( QUESTION2_20_L -1 -8.511e+05 4.478e+02 3.853e+03
|        ( QUESTION2 -1 -1.329e+04 1.325e+02 6.174e+01
|            ( - -5.964e+03 4 0)
|            ( - -7.191e+03 4 0))
|        ( QUESTION2 -1 -8.374e+05 4.212e+02 3.791e+03
|            ( QUESTION2_16_L -1 -7.562e+04 1.630e+02 3.419e+02
|                ( - -2.730e+02 1 0)
|                ( - -7.518e+04 19 0 QUESTION3 -1 9.948e+01 3.399e+02))
|            ( WDBNDRY_B 0 -7.614e+05 2.022e+02 3.449e+03
|                ( QUESTION2_0_L -1 -7.515e+05 1.548e+02 3.405e+03
|                    ( - -7.463e+05 28 0)
|                    ( - -4.986e+03 9 0 QUESTION0 -1 1.129e+02 2.300e+01))
|                ( - -9.699e+03 13 0)))))
s>    ( QUESTION2_8_L -1 -8.773e+05 1.009e+03 3.972e+03
s>        ( - -2.519e+04 5 0)
s>        ( QUESTION2_20_L -1 -8.511e+05 4.478e+02 3.853e+03
s>            ( QUESTION2 -1 -1.329e+04 1.325e+02 6.174e+01
s>                ( - -5.964e+03 4 0)
s>                ( - -7.191e+03 4 0))
s>            ( QUESTION2 -1 -8.374e+05 4.212e+02 3.791e+03
s>                ( QUESTION2_16_L -1 -7.562e+04 1.630e+02 3.419e+02
s>                    ( - -2.730e+02 1 0)
s>                    ( - -7.518e+04 19 0 QUESTION3 -1 9.948e+01 3.399e+02))
s>                ( WDBNDRY_B 0 -7.614e+05 2.022e+02 3.449e+03
s>                    ( QUESTION2_0_L -1 -7.515e+05 1.548e+02 3.405e+03
s>                        ( - -7.463e+05 28 0)
s>                        ( - -4.986e+03 9 0 QUESTION0 -1 1.129e+02 2.300e+01))
s>                    ( - -9.699e+03 13 0)))))INFO: dtree.c(1315): Comp split 14
INFO: dtree.c(1478): Final simple tree
|( WDBNDRY_I 0 -3.028e+05 1.494e+03 1.371e+03
|    ( QUESTION17 -1 -3.354e+04 1.556e+02 1.606e+02
|        ( - -1.506e+03 1 0)
|        ( - -3.188e+04 3 0 QUESTION11 -1 1.152e+02 1.526e+02))
|    ( QUESTION13 -1 -2.678e+05 4.900e+02 1.210e+03
|        ( - 2.427e+02 1 0)
|        ( QUESTION3 -1 -2.675e+05 3.185e+02 1.209e+03
|            ( - -2.297e+04 5 0)
|            ( QUESTION0 -1 -2.442e+05 2.621e+02 1.109e+03
|                ( - -2.268e+05 15 0 WDBNDRY_B 0 8.970e+01 1.030e+03)
|                ( QUESTION11 -1 -1.721e+04 2.300e+02 7.888e+01
|                    ( - -1.460e+03 1 0)
|                    ( QUESTION19 -1 -1.552e+04 1.938e+02 7.088e+01
|                        ( - -2.215e+03 2 0)
|                        ( - -1.311e+04 8 0 QUESTION2 -1 1.214e+02 5.996e+01)))))))
s>    ( WDBNDRY_I 0 -3.028e+05 1.494e+03 1.371e+03
s>        ( QUESTION17 -1 -3.354e+04 1.556e+02 1.606e+02
s>            ( - -1.506e+03 1 0)
s>            ( - -3.188e+04 3 0 QUESTION11 -1 1.152e+02 1.526e+02))
s>        ( QUESTION13 -1 -2.678e+05 4.900e+02 1.210e+03
s>            ( - 2.427e+02 1 0)
s>            ( QUESTION3 -1 -2.675e+05 3.185e+02 1.209e+03
s>                ( - -2.297e+04 5 0)
s>                ( QUESTION0 -1 -2.442e+05 2.621e+02 1.109e+03
s>                    ( - -2.268e+05 15 0 WDBNDRY_B 0 8.970e+01 1.030e+03)
s>                    ( QUESTION11 -1 -1.721e+04 2.300e+02 7.888e+01
s>                        ( - -1.460e+03 1 0)
s>                        ( QUESTION19 -1 -1.552e+04 1.938e+02 7.088e+01
s>                            ( - -2.215e+03 2 0)
s>                            ( - -1.311e+04 8 0 QUESTION2 -1 1.214e+02 5.996e+01)))))))INFO: dtree.c(1315): Comp split 15
INFO: dtree.c(1315): Comp split 16
INFO: dtree.c(1439): stop. leaf nodes are specific
INFO: dtree.c(1478): Final simple tree
|( QUESTION11 -1 -1.584e+05 4.054e+02 7.176e+02
|    ( - -6.994e+03 4 0)
|    ( WDBNDRY_B 0 -1.510e+05 2.088e+02 6.841e+02
|        ( - -6.902e+03 5 0)
|        ( - -1.439e+05 7 0)))
s>    ( QUESTION11 -1 -1.584e+05 4.054e+02 7.176e+02
s>        ( - -6.994e+03 4 0)
s>        ( WDBNDRY_B 0 -1.510e+05 2.088e+02 6.841e+02
s>            ( - -6.902e+03 5 0)
s>            ( - -1.439e+05 7 0)))INFO: dtree.c(1315): Comp split 17
INFO: dtree.c(1439): stop. leaf nodes are specific
INFO: dtree.c(1478): Final simple tree
|( QUESTION12 -1 -3.762e+04 2.140e+02 1.796e+02
|    ( - -1.460e+03 1 0)
|    ( WDBNDRY_B 0 -3.594e+04 1.819e+02 1.716e+02
|        ( - -2.215e+03 2 0)
|        ( QUESTION17 -1 -3.354e+04 1.556e+02 1.606e+02
|            ( - -1.506e+03 1 0)
|            ( QUESTION11 -1 -3.188e+04 1.152e+02 1.526e+02
|                ( - -9.174e+02 1 0)
|                ( QUESTION2 -1 -3.085e+04 7.310e+01 1.476e+02
|                    ( - -2.875e+04 1 0)
|                    ( - -2.026e+03 1 0))))))
s>    ( QUESTION12 -1 -3.762e+04 2.140e+02 1.796e+02
s>        ( - -1.460e+03 1 0)
s>        ( WDBNDRY_B 0 -3.594e+04 1.819e+02 1.716e+02
s>            ( - -2.215e+03 2 0)
s>            ( QUESTION17 -1 -3.354e+04 1.556e+02 1.606e+02
s>                ( - -1.506e+03 1 0)
s>                ( QUESTION11 -1 -3.188e+04 1.152e+02 1.526e+02
s>                    ( - -9.174e+02 1 0)
s>                    ( QUESTION2 -1 -3.085e+04 7.310e+01 1.476e+02
s>                        ( - -2.875e+04 1 0)
s>                        ( - -2.026e+03 1 0))))))INFO: dtree.c(1478): Final simple tree
|( QUESTION11 -1 -2.637e+05 4.901e+02 1.191e+03
|    ( - 2.427e+02 1 0)
|    ( QUESTION3 -1 -2.634e+05 3.195e+02 1.190e+03
|        ( - -2.297e+04 5 0)
|        ( QUESTION0 -1 -2.401e+05 2.493e+02 1.090e+03
|            ( WDBNDRY_B 0 -2.268e+05 8.970e+01 1.030e+03
|                ( QUESTION2_0_L -1 -2.254e+05 8.320e+01 1.024e+03
|                    ( - -2.231e+05 10 0)
|                    ( - -2.308e+03 2 0))
|                ( - -1.240e+03 3 0))
|            ( QUESTION2 -1 -1.311e+04 1.214e+02 5.996e+01
|                ( QUESTION2_20_L -1 -9.548e+03 1.350e+02 4.396e+01
|                    ( - -6.511e+03 2 0)
|                    ( - -2.902e+03 2 0))
|                ( - -3.442e+03 4 0 QUESTION18 -1 7.611e+01 1.600e+01)))))
s>    ( QUESTION11 -1 -2.637e+05 4.901e+02 1.191e+03
s>        ( - 2.427e+02 1 0)
s>        ( QUESTION3 -1 -2.634e+05 3.195e+02 1.190e+03
s>            ( - -2.297e+04 5 0)
s>            ( QUESTION0 -1 -2.401e+05 2.493e+02 1.090e+03
s>                ( WDBNDRY_B 0 -2.268e+05 8.970e+01 1.030e+03
s>                    ( QUESTION2_0_L -1 -2.254e+05 8.320e+01 1.024e+03
s>                        ( - -2.231e+05 10 0)
s>                        ( - -2.308e+03 2 0))
s>                    ( - -1.240e+03 3 0))
s>                ( QUESTION2 -1 -1.311e+04 1.214e+02 5.996e+01
s>                    ( QUESTION2_20_L -1 -9.548e+03 1.350e+02 4.396e+01
s>                        ( - -6.511e+03 2 0)
s>                        ( - -2.902e+03 2 0))
s>                    ( - -3.442e+03 4 0 QUESTION18 -1 7.611e+01 1.600e+01)))))INFO: dtree.c(1315): Comp split 18
INFO: dtree.c(1439): stop. leaf nodes are specific
INFO: dtree.c(1478): Final simple tree
|( QUESTION0_10_R 1 -4.276e+04 3.804e+02 1.993e+02
|    ( - -1.339e+04 5 0)
|    ( QUESTION0_17_R 1 -2.899e+04 3.135e+02 1.350e+02
|        ( - -5.220e+03 1 0)
|        ( QUESTION6 1 -2.345e+04 2.489e+02 1.096e+02
|            ( - -9.896e+03 4 0)
|            ( QUESTION0_15_R 1 -1.331e+04 1.949e+02 6.276e+01
|                ( - -2.719e+03 4 0)
|                ( WDBNDRY_E 0 -1.039e+04 1.461e+02 4.976e+01
|                    ( - -5.641e+03 3 0)
|                    ( QUESTION0_8_R 1 -4.605e+03 1.132e+02 2.190e+01
|                        ( - -1.245e+03 1 0)
|                        ( - -3.246e+03 1 0)))))))
s>    ( QUESTION0_10_R 1 -4.276e+04 3.804e+02 1.993e+02
s>        ( - -1.339e+04 5 0)
s>        ( QUESTION0_17_R 1 -2.899e+04 3.135e+02 1.350e+02
s>            ( - -5.220e+03 1 0)
s>            ( QUESTION6 1 -2.345e+04 2.489e+02 1.096e+02
s>                ( - -9.896e+03 4 0)
s>                ( QUESTION0_15_R 1 -1.331e+04 1.949e+02 6.276e+01
s>                    ( - -2.719e+03 4 0)
s>                    ( WDBNDRY_E 0 -1.039e+04 1.461e+02 4.976e+01
s>                        ( - -5.641e+03 3 0)
s>                        ( QUESTION0_8_R 1 -4.605e+03 1.132e+02 2.190e+01
s>                            ( - -1.245e+03 1 0)
s>                            ( - -3.246e+03 1 0)))))))INFO: dtree.c(1439): stop. leaf nodes are specific
INFO: dtree.c(1478): Final simple tree
|( WDBNDRY_E 0 -4.155e+04 1.769e+02 1.949e+02
|    ( - -5.248e+02 1 0)
|    ( - -4.085e+04 5 0))
s>    ( WDBNDRY_E 0 -4.155e+04 1.769e+02 1.949e+02
s>        ( - -5.248e+02 1 0)
s>        ( - -4.085e+04 5 0))INFO: dtree.c(1315): Comp split 19
INFO: dtree.c(1478): Final simple tree
|( QUESTION2_20_L -1 -8.511e+05 4.478e+02 3.853e+03
|    ( QUESTION2 -1 -1.329e+04 1.325e+02 6.174e+01
|        ( - -5.964e+03 4 0)
|        ( - -7.191e+03 4 0))
|    ( QUESTION2 -1 -8.374e+05 4.212e+02 3.791e+03
|        ( QUESTION2_16_L -1 -7.562e+04 1.630e+02 3.419e+02
|            ( - -2.730e+02 1 0)
|            ( - -7.518e+04 19 0 QUESTION3 -1 9.948e+01 3.399e+02))
|        ( WDBNDRY_B 0 -7.614e+05 2.022e+02 3.449e+03
|            ( QUESTION2_0_L -1 -7.515e+05 1.548e+02 3.405e+03
|                ( - -7.463e+05 28 0)
|                ( QUESTION0 -1 -4.986e+03 1.129e+02 2.300e+01
|                    ( - -1.812e+03 3 0)
|                    ( - -3.061e+03 6 0 QUESTION12 -1 9.773e+01 1.400e+01)))
|            ( - -9.699e+03 13 0))))
s>    ( QUESTION2_20_L -1 -8.511e+05 4.478e+02 3.853e+03
s>        ( QUESTION2 -1 -1.329e+04 1.325e+02 6.174e+01
s>            ( - -5.964e+03 4 0)
s>            ( - -7.191e+03 4 0))
s>        ( QUESTION2 -1 -8.374e+05 4.212e+02 3.791e+03
s>            ( QUESTION2_16_L -1 -7.562e+04 1.630e+02 3.419e+02
s>                ( - -2.730e+02 1 0)
s>                ( - -7.518e+04 19 0 QUESTION3 -1 9.948e+01 3.399e+02))
s>            ( WDBNDRY_B 0 -7.614e+05 2.022e+02 3.449e+03
s>                ( QUESTION2_0_L -1 -7.515e+05 1.548e+02 3.405e+03
s>                    ( - -7.463e+05 28 0)
s>                    ( QUESTION0 -1 -4.986e+03 1.129e+02 2.300e+01
s>                        ( - -1.812e+03 3 0)
s>                        ( - -3.061e+03 6 0 QUESTION12 -1 9.773e+01 1.400e+01)))
s>                ( - -9.699e+03 13 0))))INFO: dtree.c(1315): Comp split 20
INFO: dtree.c(1439): stop. leaf nodes are specific
INFO: dtree.c(1478): Final simple tree
|( QUESTION2 -1 -2.385e+04 2.808e+02 1.078e+02
|    ( - -1.489e+04 5 0)
|    ( - -8.678e+03 2 0))
s>    ( QUESTION2 -1 -2.385e+04 2.808e+02 1.078e+02
s>        ( - -1.489e+04 5 0)
s>        ( - -8.678e+03 2 0))INFO: dtree.c(1315): Comp split 21
INFO: dtree.c(1439): stop. leaf nodes are specific
INFO: dtree.c(1478): Final simple tree
|( QUESTION6 -1 -2.205e+04 1.141e+02 9.947e+01
|    ( - -1.954e+04 6 0)
|    ( - -2.396e+03 4 0))
s>    ( QUESTION6 -1 -2.205e+04 1.141e+02 9.947e+01
s>        ( - -1.954e+04 6 0)
s>        ( - -2.396e+03 4 0))INFO: dtree.c(1439): stop. leaf nodes are specific
INFO: dtree.c(1478): Final simple tree
|( WDBNDRY_B 0 -1.138e+04 2.599e+02 5.268e+01
|    ( - -7.451e+03 3 0)
|    ( - -3.669e+03 2 0))
s>    ( WDBNDRY_B 0 -1.138e+04 2.599e+02 5.268e+01
s>        ( - -7.451e+03 3 0)
s>        ( - -3.669e+03 2 0))INFO: dtree.c(1315): Comp split 22
INFO: dtree.c(1315): Comp split 23
INFO: dtree.c(1478): Final simple tree
|( QUESTION3 -1 -2.634e+05 3.195e+02 1.190e+03
|    ( - -2.297e+04 5 0)
|    ( QUESTION0 -1 -2.401e+05 2.493e+02 1.090e+03
|        ( WDBNDRY_B 0 -2.268e+05 8.970e+01 1.030e+03
|            ( QUESTION2_0_L -1 -2.254e+05 8.320e+01 1.024e+03
|                ( - -2.231e+05 10 0)
|                ( - -2.308e+03 2 0))
|            ( - -1.240e+03 3 0))
|        ( QUESTION2 -1 -1.311e+04 1.214e+02 5.996e+01
|            ( QUESTION2_20_L -1 -9.548e+03 1.350e+02 4.396e+01
|                ( - -6.511e+03 2 0)
|                ( - -2.902e+03 2 0))
|            ( QUESTION18 -1 -3.442e+03 7.611e+01 1.600e+01
|                ( - -1.495e+03 2 0)
|                ( - -1.871e+03 2 0)))))
s>    ( QUESTION3 -1 -2.634e+05 3.195e+02 1.190e+03
s>        ( - -2.297e+04 5 0)
s>        ( QUESTION0 -1 -2.401e+05 2.493e+02 1.090e+03
s>            ( WDBNDRY_B 0 -2.268e+05 8.970e+01 1.030e+03
s>                ( QUESTION2_0_L -1 -2.254e+05 8.320e+01 1.024e+03
s>                    ( - -2.231e+05 10 0)
s>                    ( - -2.308e+03 2 0))
s>                ( - -1.240e+03 3 0))
s>            ( QUESTION2 -1 -1.311e+04 1.214e+02 5.996e+01
s>                ( QUESTION2_20_L -1 -9.548e+03 1.350e+02 4.396e+01
s>                    ( - -6.511e+03 2 0)
s>                    ( - -2.902e+03 2 0))
s>                ( QUESTION18 -1 -3.442e+03 7.611e+01 1.600e+01
s>                    ( - -1.495e+03 2 0)
s>                    ( - -1.871e+03 2 0)))))INFO: dtree.c(1315): Comp split 24
INFO: dtree.c(1439): stop. leaf nodes are specific
INFO: dtree.c(1478): Final simple tree
|( QUESTION2 -1 -1.841e+04 1.484e+02 8.474e+01
|    ( - -5.964e+03 4 0)
|    ( QUESTION0 -1 -1.230e+04 1.282e+02 5.623e+01
|        ( - -1.812e+03 3 0)
|        ( QUESTION13 -1 -1.036e+04 1.046e+02 4.723e+01
|            ( - -5.740e+02 2 0)
|            ( QUESTION11 -1 -9.678e+03 9.710e+01 4.423e+01
|                ( - -2.390e+03 4 0)
|                ( - -7.191e+03 4 0)))))
s>    ( QUESTION2 -1 -1.841e+04 1.484e+02 8.474e+01
s>        ( - -5.964e+03 4 0)
s>        ( QUESTION0 -1 -1.230e+04 1.282e+02 5.623e+01
s>            ( - -1.812e+03 3 0)
s>            ( QUESTION13 -1 -1.036e+04 1.046e+02 4.723e+01
s>                ( - -5.740e+02 2 0)
s>                ( QUESTION11 -1 -9.678e+03 9.710e+01 4.423e+01
s>                    ( - -2.390e+03 4 0)
s>                    ( - -7.191e+03 4 0)))))INFO: dtree.c(1439): stop. leaf nodes are specific
INFO: dtree.c(1478): Final simple tree
|( QUESTION0 -1 -8.323e+05 4.209e+02 3.768e+03
|    ( WDBNDRY_B 0 -7.562e+05 2.020e+02 3.426e+03
|        ( - -7.463e+05 28 0)
|        ( - -9.699e+03 13 0))
|    ( QUESTION2_16_L -1 -7.562e+04 1.630e+02 3.419e+02
|        ( - -2.730e+02 1 0)
|        ( QUESTION3 -1 -7.518e+04 9.948e+01 3.399e+02
|            ( - -6.950e+04 14 0)
|            ( - -5.578e+03 5 0))))
s>    ( QUESTION0 -1 -8.323e+05 4.209e+02 3.768e+03
s>        ( WDBNDRY_B 0 -7.562e+05 2.020e+02 3.426e+03
s>            ( - -7.463e+05 28 0)
s>            ( - -9.699e+03 13 0))
s>        ( QUESTION2_16_L -1 -7.562e+04 1.630e+02 3.419e+02
s>            ( - -2.730e+02 1 0)
s>            ( QUESTION3 -1 -7.518e+04 9.948e+01 3.399e+02
s>                ( - -6.950e+04 14 0)
s>                ( - -5.578e+03 5 0))))INFO: dtree.c(1315): Comp split 25
INFO: dtree.c(1478): Final simple tree
|( WDBNDRY_E 0 -3.838e+04 4.491e+02 1.810e+02
|    ( QUESTION8 1 -3.817e+04 4.350e+02 1.800e+02
|        ( QUESTION0_3_R 1 -7.237e+03 1.384e+02 3.300e+01
|            ( - -1.466e+03 2 0)
|            ( QUESTION19 1 -5.633e+03 9.650e+01 2.600e+01
|                ( - -3.372e+03 4 0)
|                ( QUESTION0_1_R 1 -2.164e+03 1.038e+02 1.000e+01
|                    ( - -1.006e+03 3 0)
|                    ( QUESTION0_9_R 1 -1.054e+03 8.312e+01 5.000e+00
|                        ( - -3.482e+02 2 0)
|                        ( - -6.230e+02 3 0)))))
|        ( SILENCE 1 -3.050e+04 3.685e+02 1.470e+02
|            ( - -2.010e+04 3 0)
|            ( - -1.003e+04 8 0)))
|    ( - 2.411e+02 1 0))
s>    ( WDBNDRY_E 0 -3.838e+04 4.491e+02 1.810e+02
s>        ( QUESTION8 1 -3.817e+04 4.350e+02 1.800e+02
s>            ( QUESTION0_3_R 1 -7.237e+03 1.384e+02 3.300e+01
s>                ( - -1.466e+03 2 0)
s>                ( QUESTION19 1 -5.633e+03 9.650e+01 2.600e+01
s>                    ( - -3.372e+03 4 0)
s>                    ( QUESTION0_1_R 1 -2.164e+03 1.038e+02 1.000e+01
s>                        ( - -1.006e+03 3 0)
s>                        ( QUESTION0_9_R 1 -1.054e+03 8.312e+01 5.000e+00
s>                            ( - -3.482e+02 2 0)
s>                            ( - -6.230e+02 3 0)))))
s>            ( SILENCE 1 -3.050e+04 3.685e+02 1.470e+02
s>                ( - -2.010e+04 3 0)
s>                ( - -1.003e+04 8 0)))
s>        ( - 2.411e+02 1 0))INFO: dtree.c(1315): Comp split 26
INFO: dtree.c(1439): stop. leaf nodes are specific
INFO: dtree.c(1478): Final simple tree
|( QUESTION8 1 -3.817e+04 4.350e+02 1.800e+02
|    ( QUESTION0_3_R 1 -7.237e+03 1.384e+02 3.300e+01
|        ( - -1.466e+03 2 0)
|        ( QUESTION19 1 -5.633e+03 9.650e+01 2.600e+01
|            ( - -3.372e+03 4 0)
|            ( QUESTION0_1_R 1 -2.164e+03 1.038e+02 1.000e+01
|                ( - -1.006e+03 3 0)
|                ( QUESTION0_9_R 1 -1.054e+03 8.312e+01 5.000e+00
|                    ( - -3.482e+02 2 0)
|                    ( - -6.230e+02 3 0)))))
|    ( SILENCE 1 -3.050e+04 3.685e+02 1.470e+02
|        ( - -2.010e+04 3 0)
|        ( - -1.003e+04 8 0)))
s>    ( QUESTION8 1 -3.817e+04 4.350e+02 1.800e+02
s>        ( QUESTION0_3_R 1 -7.237e+03 1.384e+02 3.300e+01
s>            ( - -1.466e+03 2 0)
s>            ( QUESTION19 1 -5.633e+03 9.650e+01 2.600e+01
s>                ( - -3.372e+03 4 0)
s>                ( QUESTION0_1_R 1 -2.164e+03 1.038e+02 1.000e+01
s>                    ( - -1.006e+03 3 0)
s>                    ( QUESTION0_9_R 1 -1.054e+03 8.312e+01 5.000e+00
s>                        ( - -3.482e+02 2 0)
s>                        ( - -6.230e+02 3 0)))))
s>        ( SILENCE 1 -3.050e+04 3.685e+02 1.470e+02
s>            ( - -2.010e+04 3 0)
s>            ( - -1.003e+04 8 0)))INFO: dtree.c(1315): Comp split 27
INFO: dtree.c(1439): stop. leaf nodes are specific
INFO: dtree.c(1478): Final simple tree
|( QUESTION0_10_R 1 -3.093e+04 3.645e+02 1.490e+02
|    ( - -1.003e+04 8 0)
|    ( SILENCE 1 -2.054e+04 8.714e+01 1.020e+02
|        ( - -2.010e+04 3 0)
|        ( - -3.482e+02 2 0)))
s>    ( QUESTION0_10_R 1 -3.093e+04 3.645e+02 1.490e+02
s>        ( - -1.003e+04 8 0)
s>        ( SILENCE 1 -2.054e+04 8.714e+01 1.020e+02
s>            ( - -2.010e+04 3 0)
s>            ( - -3.482e+02 2 0)))INFO: dtree.c(1439): stop. leaf nodes are specific
INFO: dtree.c(1478): Final simple tree
|( QUESTION0_3_R 1 -6.798e+03 1.388e+02 3.100e+01
|    ( - -1.466e+03 2 0)
|    ( QUESTION17 1 -5.193e+03 1.131e+02 2.400e+01
|        ( - -1.006e+03 3 0)
|        ( QUESTION0_1_R 1 -4.074e+03 7.891e+01 1.900e+01
|            ( - -3.372e+03 4 0)
|            ( - -6.230e+02 3 0))))
s>    ( QUESTION0_3_R 1 -6.798e+03 1.388e+02 3.100e+01
s>        ( - -1.466e+03 2 0)
s>        ( QUESTION17 1 -5.193e+03 1.131e+02 2.400e+01
s>            ( - -1.006e+03 3 0)
s>            ( QUESTION0_1_R 1 -4.074e+03 7.891e+01 1.900e+01
s>                ( - -3.372e+03 4 0)
s>                ( - -6.230e+02 3 0))))INFO: dtree.c(1315): Comp split 28
INFO: dtree.c(1439): stop. leaf nodes are specific
INFO: dtree.c(1478): Final simple tree
|( QUESTION0_2_R 1 -1.419e+04 2.153e+02 6.635e+01
|    ( - -7.732e+03 4 0)
|    ( - -6.243e+03 3 0))
s>    ( QUESTION0_2_R 1 -1.419e+04 2.153e+02 6.635e+01
s>        ( - -7.732e+03 4 0)
s>        ( - -6.243e+03 3 0))INFO: dtree.c(1315): Comp split 29
INFO: dtree.c(1439): stop. leaf nodes are specific
INFO: dtree.c(1478): Final simple tree
|( QUESTION3 -1 -7.518e+04 9.948e+01 3.399e+02
|    ( - -6.950e+04 14 0)
|    ( - -5.578e+03 5 0))
s>    ( QUESTION3 -1 -7.518e+04 9.948e+01 3.399e+02
s>        ( - -6.950e+04 14 0)
s>        ( - -5.578e+03 5 0))INFO: dtree.c(1439): stop. leaf nodes are specific
INFO: dtree.c(1478): Final simple tree
|( WDBNDRY_B 0 -7.567e+05 2.018e+02 3.428e+03
|    ( QUESTION0 -1 -7.467e+05 1.589e+02 3.384e+03
|        ( - -7.463e+05 28 0)
|        ( - -2.730e+02 1 0))
|    ( - -9.699e+03 13 0))
s>    ( WDBNDRY_B 0 -7.567e+05 2.018e+02 3.428e+03
s>        ( QUESTION0 -1 -7.467e+05 1.589e+02 3.384e+03
s>            ( - -7.463e+05 28 0)
s>            ( - -2.730e+02 1 0))
s>        ( - -9.699e+03 13 0))INFO: dtree.c(1315): Comp split 30
INFO: dtree.c(1439): stop. leaf nodes are specific
INFO: dtree.c(1478): Final simple tree
|( WDBNDRY_B 0 -1.510e+05 2.088e+02 6.841e+02
|    ( - -6.902e+03 5 0)
|    ( - -1.439e+05 7 0))
s>    ( WDBNDRY_B 0 -1.510e+05 2.088e+02 6.841e+02
s>        ( - -6.902e+03 5 0)
s>        ( - -1.439e+05 7 0))INFO: dtree.c(1315): Comp split 31
INFO: dtree.c(1439): stop. leaf nodes are specific
INFO: dtree.c(1478): Final simple tree
|( QUESTION0_17_R 1 -2.899e+04 3.135e+02 1.350e+02
|    ( - -5.220e+03 1 0)
|    ( QUESTION6 1 -2.345e+04 2.489e+02 1.096e+02
|        ( - -9.896e+03 4 0)
|        ( QUESTION0_15_R 1 -1.331e+04 1.949e+02 6.276e+01
|            ( - -2.719e+03 4 0)
|            ( WDBNDRY_E 0 -1.039e+04 1.461e+02 4.976e+01
|                ( - -5.641e+03 3 0)
|                ( QUESTION0_8_R 1 -4.605e+03 1.132e+02 2.190e+01
|                    ( - -1.245e+03 1 0)
|                    ( - -3.246e+03 1 0))))))
s>    ( QUESTION0_17_R 1 -2.899e+04 3.135e+02 1.350e+02
s>        ( - -5.220e+03 1 0)
s>        ( QUESTION6 1 -2.345e+04 2.489e+02 1.096e+02
s>            ( - -9.896e+03 4 0)
s>            ( QUESTION0_15_R 1 -1.331e+04 1.949e+02 6.276e+01
s>                ( - -2.719e+03 4 0)
s>                ( WDBNDRY_E 0 -1.039e+04 1.461e+02 4.976e+01
s>                    ( - -5.641e+03 3 0)
s>                    ( QUESTION0_8_R 1 -4.605e+03 1.132e+02 2.190e+01
s>                        ( - -1.245e+03 1 0)
s>                        ( - -3.246e+03 1 0))))))INFO: dtree.c(1315): Comp split 32
INFO: dtree.c(1439): stop. leaf nodes are specific
INFO: dtree.c(1478): Final simple tree
|( SILENCE 1 -2.054e+04 8.714e+01 1.020e+02
|    ( - -2.010e+04 3 0)
|    ( - -3.482e+02 2 0))
s>    ( SILENCE 1 -2.054e+04 8.714e+01 1.020e+02
s>        ( - -2.010e+04 3 0)
s>        ( - -3.482e+02 2 0))INFO: dtree.c(1315): Comp split 33
INFO: dtree.c(1439): stop. leaf nodes are specific
INFO: dtree.c(1478): Final simple tree
|( QUESTION0 -1 -2.401e+05 2.493e+02 1.090e+03
|    ( WDBNDRY_B 0 -2.268e+05 8.970e+01 1.030e+03
|        ( QUESTION2_0_L -1 -2.254e+05 8.320e+01 1.024e+03
|            ( - -2.231e+05 10 0)
|            ( - -2.308e+03 2 0))
|        ( - -1.240e+03 3 0))
|    ( QUESTION2 -1 -1.311e+04 1.214e+02 5.996e+01
|        ( QUESTION2_20_L -1 -9.548e+03 1.350e+02 4.396e+01
|            ( - -6.511e+03 2 0)
|            ( - -2.902e+03 2 0))
|        ( QUESTION18 -1 -3.442e+03 7.611e+01 1.600e+01
|            ( - -1.495e+03 2 0)
|            ( - -1.871e+03 2 0))))
s>    ( QUESTION0 -1 -2.401e+05 2.493e+02 1.090e+03
s>        ( WDBNDRY_B 0 -2.268e+05 8.970e+01 1.030e+03
s>            ( QUESTION2_0_L -1 -2.254e+05 8.320e+01 1.024e+03
s>                ( - -2.231e+05 10 0)
s>                ( - -2.308e+03 2 0))
s>            ( - -1.240e+03 3 0))
s>        ( QUESTION2 -1 -1.311e+04 1.214e+02 5.996e+01
s>            ( QUESTION2_20_L -1 -9.548e+03 1.350e+02 4.396e+01
s>                ( - -6.511e+03 2 0)
s>                ( - -2.902e+03 2 0))
s>            ( QUESTION18 -1 -3.442e+03 7.611e+01 1.600e+01
s>                ( - -1.495e+03 2 0)
s>                ( - -1.871e+03 2 0))))INFO: dtree.c(1315): Comp split 34
INFO: dtree.c(1439): stop. leaf nodes are specific
INFO: dtree.c(1478): Final simple tree
|( QUESTION6 1 -2.345e+04 2.489e+02 1.096e+02
|    ( - -9.896e+03 4 0)
|    ( QUESTION0_15_R 1 -1.331e+04 1.949e+02 6.276e+01
|        ( - -2.719e+03 4 0)
|        ( WDBNDRY_E 0 -1.039e+04 1.461e+02 4.976e+01
|            ( - -5.641e+03 3 0)
|            ( QUESTION0_8_R 1 -4.605e+03 1.132e+02 2.190e+01
|                ( - -1.245e+03 1 0)
|                ( - -3.246e+03 1 0)))))
s>    ( QUESTION6 1 -2.345e+04 2.489e+02 1.096e+02
s>        ( - -9.896e+03 4 0)
s>        ( QUESTION0_15_R 1 -1.331e+04 1.949e+02 6.276e+01
s>            ( - -2.719e+03 4 0)
s>            ( WDBNDRY_E 0 -1.039e+04 1.461e+02 4.976e+01
s>                ( - -5.641e+03 3 0)
s>                ( QUESTION0_8_R 1 -4.605e+03 1.132e+02 2.190e+01
s>                    ( - -1.245e+03 1 0)
s>                    ( - -3.246e+03 1 0)))))INFO: dtree.c(1315): Comp split 35
INFO: dtree.c(1315): Comp split 36
INFO: dtree.c(1315): Comp split 37
INFO: dtree.c(1439): stop. leaf nodes are specific
INFO: dtree.c(1478): Final simple tree
|( QUESTION0 -1 -2.285e+05 1.347e+02 1.038e+03
|    ( QUESTION2_0_L -1 -2.254e+05 8.320e+01 1.024e+03
|        ( - -2.231e+05 10 0)
|        ( - -2.308e+03 2 0))
|    ( - -2.902e+03 2 0))
s>    ( QUESTION0 -1 -2.285e+05 1.347e+02 1.038e+03
s>        ( QUESTION2_0_L -1 -2.254e+05 8.320e+01 1.024e+03
s>            ( - -2.231e+05 10 0)
s>            ( - -2.308e+03 2 0))
s>        ( - -2.902e+03 2 0))INFO: dtree.c(1439): stop. leaf nodes are specific
INFO: dtree.c(1478): Final simple tree
|( QUESTION8 -1 -1.139e+04 1.191e+02 5.196e+01
|    ( QUESTION18 -1 -3.442e+03 7.611e+01 1.600e+01
|        ( - -1.495e+03 2 0)
|        ( - -1.871e+03 2 0))
|    ( WDBNDRY_B 0 -7.831e+03 7.933e+01 3.596e+01
|        ( - -6.511e+03 2 0)
|        ( - -1.240e+03 3 0)))
s>    ( QUESTION8 -1 -1.139e+04 1.191e+02 5.196e+01
s>        ( QUESTION18 -1 -3.442e+03 7.611e+01 1.600e+01
s>            ( - -1.495e+03 2 0)
s>            ( - -1.871e+03 2 0))
s>        ( WDBNDRY_B 0 -7.831e+03 7.933e+01 3.596e+01
s>            ( - -6.511e+03 2 0)
s>            ( - -1.240e+03 3 0)))INFO: dtree.c(1315): Comp split 38
INFO: dtree.c(1439): stop. leaf nodes are specific
INFO: dtree.c(1478): Final simple tree
|( WDBNDRY_E 0 -1.039e+04 1.461e+02 4.976e+01
|    ( - -5.641e+03 3 0)
|    ( QUESTION0_8_R 1 -4.605e+03 1.132e+02 2.190e+01
|        ( - -1.245e+03 1 0)
|        ( - -3.246e+03 1 0)))
s>    ( WDBNDRY_E 0 -1.039e+04 1.461e+02 4.976e+01
s>        ( - -5.641e+03 3 0)
s>        ( QUESTION0_8_R 1 -4.605e+03 1.132e+02 2.190e+01
s>            ( - -1.245e+03 1 0)
s>            ( - -3.246e+03 1 0)))INFO: dtree.c(1439): stop. leaf nodes are specific
INFO: dtree.c(1478): Final simple tree
|( QUESTION0_15_R 1 -1.280e+04 1.826e+02 5.980e+01
|    ( - -2.719e+03 4 0)
|    ( - -9.896e+03 4 0))
s>    ( QUESTION0_15_R 1 -1.280e+04 1.826e+02 5.980e+01
s>        ( - -2.719e+03 4 0)
s>        ( - -9.896e+03 4 0))INFO: dtree.c(1315): Comp split 39
INFO: dtree.c(1315): Comp split 40
INFO: dtree.c(1315): Comp split 41
INFO: dtree.c(1315): Comp split 42
INFO: dtree.c(1439): stop. leaf nodes are specific
INFO: dtree.c(1478): Final simple tree
|( WDBNDRY_B 0 -3.594e+04 1.819e+02 1.716e+02
|    ( - -2.215e+03 2 0)
|    ( QUESTION17 -1 -3.354e+04 1.556e+02 1.606e+02
|        ( - -1.506e+03 1 0)
|        ( QUESTION11 -1 -3.188e+04 1.152e+02 1.526e+02
|            ( - -9.174e+02 1 0)
|            ( QUESTION2 -1 -3.085e+04 7.310e+01 1.476e+02
|                ( - -2.875e+04 1 0)
|                ( - -2.026e+03 1 0)))))
s>    ( WDBNDRY_B 0 -3.594e+04 1.819e+02 1.716e+02
s>        ( - -2.215e+03 2 0)
s>        ( QUESTION17 -1 -3.354e+04 1.556e+02 1.606e+02
s>            ( - -1.506e+03 1 0)
s>            ( QUESTION11 -1 -3.188e+04 1.152e+02 1.526e+02
s>                ( - -9.174e+02 1 0)
s>                ( QUESTION2 -1 -3.085e+04 7.310e+01 1.476e+02
s>                    ( - -2.875e+04 1 0)
s>                    ( - -2.026e+03 1 0)))))INFO: dtree.c(1315): Comp split 43
INFO: dtree.c(1439): stop. leaf nodes are specific
INFO: dtree.c(1478): Final simple tree
|( WDBNDRY_B 0 -1.012e+04 1.477e+02 4.599e+01
|    ( - -2.730e+02 1 0)
|    ( - -9.699e+03 13 0))
s>    ( WDBNDRY_B 0 -1.012e+04 1.477e+02 4.599e+01
s>        ( - -2.730e+02 1 0)
s>        ( - -9.699e+03 13 0))INFO: dtree.c(1315): Comp split 44
INFO: dtree.c(1315): Comp split 45
INFO: dtree.c(1315): Comp split 46
INFO: dtree.c(1439): stop. leaf nodes are specific
INFO: dtree.c(1478): Final simple tree
|( QUESTION17 -1 -3.354e+04 1.556e+02 1.606e+02
|    ( - -1.506e+03 1 0)
|    ( QUESTION11 -1 -3.188e+04 1.152e+02 1.526e+02
|        ( - -9.174e+02 1 0)
|        ( QUESTION2 -1 -3.085e+04 7.310e+01 1.476e+02
|            ( - -2.875e+04 1 0)
|            ( - -2.026e+03 1 0))))
s>    ( QUESTION17 -1 -3.354e+04 1.556e+02 1.606e+02
s>        ( - -1.506e+03 1 0)
s>        ( QUESTION11 -1 -3.188e+04 1.152e+02 1.526e+02
s>            ( - -9.174e+02 1 0)
s>            ( QUESTION2 -1 -3.085e+04 7.310e+01 1.476e+02
s>                ( - -2.875e+04 1 0)
s>                ( - -2.026e+03 1 0))))INFO: dtree.c(1315): Comp split 47
INFO: dtree.c(1315): Comp split 48
INFO: dtree.c(1439): stop. leaf nodes are specific
INFO: dtree.c(1478): Final simple tree
|( QUESTION11 -1 -3.188e+04 1.152e+02 1.526e+02
|    ( - -9.174e+02 1 0)
|    ( QUESTION2 -1 -3.085e+04 7.310e+01 1.476e+02
|        ( - -2.875e+04 1 0)
|        ( - -2.026e+03 1 0)))
s>    ( QUESTION11 -1 -3.188e+04 1.152e+02 1.526e+02
s>        ( - -9.174e+02 1 0)
s>        ( QUESTION2 -1 -3.085e+04 7.310e+01 1.476e+02
s>            ( - -2.875e+04 1 0)
s>            ( - -2.026e+03 1 0)))INFO: dtree.c(1315): Comp split 49
INFO: dtree.c(1439): stop. leaf nodes are specific
INFO: dtree.c(1478): Final simple tree
|( QUESTION0 -1 -1.230e+04 1.282e+02 5.623e+01
|    ( - -1.812e+03 3 0)
|    ( QUESTION13 -1 -1.036e+04 1.046e+02 4.723e+01
|        ( - -5.740e+02 2 0)
|        ( QUESTION11 -1 -9.678e+03 9.710e+01 4.423e+01
|            ( - -2.390e+03 4 0)
|            ( - -7.191e+03 4 0))))
s>    ( QUESTION0 -1 -1.230e+04 1.282e+02 5.623e+01
s>        ( - -1.812e+03 3 0)
s>        ( QUESTION13 -1 -1.036e+04 1.046e+02 4.723e+01
s>            ( - -5.740e+02 2 0)
s>            ( QUESTION11 -1 -9.678e+03 9.710e+01 4.423e+01
s>                ( - -2.390e+03 4 0)
s>                ( - -7.191e+03 4 0))))INFO: dtree.c(1315): Comp split 50
INFO: dtree.c(1315): Comp split 51
INFO: dtree.c(1439): stop. leaf nodes are specific
INFO: dtree.c(1478): Final simple tree
|( QUESTION0_8_R 1 -4.605e+03 1.132e+02 2.190e+01
|    ( - -1.245e+03 1 0)
|    ( - -3.246e+03 1 0))
s>    ( QUESTION0_8_R 1 -4.605e+03 1.132e+02 2.190e+01
s>        ( - -1.245e+03 1 0)
s>        ( - -3.246e+03 1 0))INFO: dtree.c(1315): Comp split 52
INFO: dtree.c(1439): stop. leaf nodes are specific
INFO: dtree.c(1478): Final simple tree
|( QUESTION17 1 -5.193e+03 1.131e+02 2.400e+01
|    ( - -1.006e+03 3 0)
|    ( QUESTION0_1_R 1 -4.074e+03 7.891e+01 1.900e+01
|        ( - -3.372e+03 4 0)
|        ( - -6.230e+02 3 0)))
s>    ( QUESTION17 1 -5.193e+03 1.131e+02 2.400e+01
s>        ( - -1.006e+03 3 0)
s>        ( QUESTION0_1_R 1 -4.074e+03 7.891e+01 1.900e+01
s>            ( - -3.372e+03 4 0)
s>            ( - -6.230e+02 3 0)))INFO: dtree.c(1315): Comp split 53
INFO: dtree.c(1439): stop. leaf nodes are specific
INFO: dtree.c(1478): Final simple tree
|( QUESTION2_0_L -1 -2.254e+05 8.320e+01 1.024e+03
|    ( - -2.231e+05 10 0)
|    ( - -2.308e+03 2 0))
s>    ( QUESTION2_0_L -1 -2.254e+05 8.320e+01 1.024e+03
s>        ( - -2.231e+05 10 0)
s>        ( - -2.308e+03 2 0))INFO: dtree.c(1315): Comp split 54
INFO: dtree.c(1439): stop. leaf nodes are specific
INFO: dtree.c(1478): Final simple tree
|( QUESTION13 -1 -1.036e+04 1.046e+02 4.723e+01
|    ( - -5.740e+02 2 0)
|    ( QUESTION11 -1 -9.678e+03 9.710e+01 4.423e+01
|        ( - -2.390e+03 4 0)
|        ( - -7.191e+03 4 0)))
s>    ( QUESTION13 -1 -1.036e+04 1.046e+02 4.723e+01
s>        ( - -5.740e+02 2 0)
s>        ( QUESTION11 -1 -9.678e+03 9.710e+01 4.423e+01
s>            ( - -2.390e+03 4 0)
s>            ( - -7.191e+03 4 0)))INFO: dtree.c(1315): Comp split 55
INFO: dtree.c(1439): stop. leaf nodes are specific
INFO: dtree.c(1478): Final simple tree
|( WDBNDRY_B 0 -7.831e+03 7.933e+01 3.596e+01
|    ( - -6.511e+03 2 0)
|    ( - -1.240e+03 3 0))
s>    ( WDBNDRY_B 0 -7.831e+03 7.933e+01 3.596e+01
s>        ( - -6.511e+03 2 0)
s>        ( - -1.240e+03 3 0))INFO: dtree.c(1439): stop. leaf nodes are specific
INFO: dtree.c(1478): Final simple tree
|( QUESTION18 -1 -3.442e+03 7.611e+01 1.600e+01
|    ( - -1.495e+03 2 0)
|    ( - -1.871e+03 2 0))
s>    ( QUESTION18 -1 -3.442e+03 7.611e+01 1.600e+01
s>        ( - -1.495e+03 2 0)
s>        ( - -1.871e+03 2 0))INFO: dtree.c(1315): Comp split 56
INFO: dtree.c(1439): stop. leaf nodes are specific
INFO: dtree.c(1478): Final simple tree
|( QUESTION2 -1 -3.085e+04 7.310e+01 1.476e+02
|    ( - -2.875e+04 1 0)
|    ( - -2.026e+03 1 0))
s>    ( QUESTION2 -1 -3.085e+04 7.310e+01 1.476e+02
s>        ( - -2.875e+04 1 0)
s>        ( - -2.026e+03 1 0))INFO: dtree.c(1315): Comp split 57
INFO: dtree.c(1315): Comp split 58
INFO: dtree.c(1315): Comp split 59
INFO: dtree.c(1439): stop. leaf nodes are specific
INFO: dtree.c(1478): Final simple tree
|( QUESTION0_1_R 1 -4.074e+03 7.891e+01 1.900e+01
|    ( - -3.372e+03 4 0)
|    ( - -6.230e+02 3 0))
s>    ( QUESTION0_1_R 1 -4.074e+03 7.891e+01 1.900e+01
s>        ( - -3.372e+03 4 0)
s>        ( - -6.230e+02 3 0))INFO: dtree.c(1315): Comp split 60
INFO: dtree.c(1439): stop. leaf nodes are specific
INFO: dtree.c(1478): Final simple tree
|( QUESTION11 -1 -9.678e+03 9.710e+01 4.423e+01
|    ( - -2.390e+03 4 0)
|    ( - -7.191e+03 4 0))
s>    ( QUESTION11 -1 -9.678e+03 9.710e+01 4.423e+01
s>        ( - -2.390e+03 4 0)
s>        ( - -7.191e+03 4 0))INFO: dtree.c(1315): Comp split 61
INFO: dtree.c(1315): Comp split 62
INFO: dtree.c(1315): Comp split 63
INFO: dtree.c(1315): Comp split 64
INFO: dtree.c(1315): Comp split 65
INFO: dtree.c(1315): Comp split 66
INFO: dtree.c(1315): Comp split 67
INFO: dtree.c(1315): Comp split 68
INFO: dtree.c(1315): Comp split 69
INFO: dtree.c(1318): stop. leaf nodes are specific
Mon Apr 24 17:50:27 2023
