Current configuration:
[NAME]		[DEFLT]	[VALUE]
-allphones	no	no
-cntthresh	0.00001	1.000000e-05
-csplitmax	100	2000
-csplitmin	1	1
-csplitthr	8e-4	0.000000e+00
-example	no	no
-fullvar	no	no
-help		no	no
-meanfn			/home/lucija/Documents/Zadnji semestar/ROGJ/Prezentacije/CMUspinx/tutorial15/model_parameters/my_db.cd_cont_untied/means
-mixwfn			/home/lucija/Documents/Zadnji semestar/ROGJ/Prezentacije/CMUspinx/tutorial15/model_parameters/my_db.cd_cont_untied/mixture_weights
-moddeffn		/home/lucija/Documents/Zadnji semestar/ROGJ/Prezentacije/CMUspinx/tutorial15/model_architecture/my_db.untied.mdef
-mwfloor	1e-4	1.000000e-08
-phone			d
-psetfn			/home/lucija/Documents/Zadnji semestar/ROGJ/Prezentacije/CMUspinx/tutorial15/model_architecture/my_db.tree_questions
-ssplitmax	5	7
-ssplitmin	1	1
-ssplitthr	8e-4	0.000000e+00
-state			0
-stwt			1.0,0.05,0.0,
-treefn			/home/lucija/Documents/Zadnji semestar/ROGJ/Prezentacije/CMUspinx/tutorial15/trees/my_db.unpruned/d-0.dtree
-ts2cbfn	.semi.	.cont.
-varfloor	0.00001	1.000000e-05
-varfn			/home/lucija/Documents/Zadnji semestar/ROGJ/Prezentacije/CMUspinx/tutorial15/model_parameters/my_db.cd_cont_untied/variances

INFO: main.c(223): Reading: /home/lucija/Documents/Zadnji semestar/ROGJ/Prezentacije/CMUspinx/tutorial15/model_architecture/my_db.untied.mdef
INFO: model_def_io.c(573): Model definition info:
INFO: model_def_io.c(574): 12056 total models defined (32 base, 12024 tri)
INFO: model_def_io.c(575): 48224 total states
INFO: model_def_io.c(576): 36168 total tied states
INFO: model_def_io.c(577): 96 total tied CI states
INFO: model_def_io.c(578): 32 total tied transition matrices
INFO: model_def_io.c(579): 4 max state/model
INFO: model_def_io.c(580): 4 min state/model
INFO: main.c(242): Building trees for [d NOISE a b] through [d ž o b]
INFO: main.c(268): Covering states |[6135 7259]| == 1125
INFO: main.c(275): Reading: /home/lucija/Documents/Zadnji semestar/ROGJ/Prezentacije/CMUspinx/tutorial15/model_parameters/my_db.cd_cont_untied/mixture_weights
INFO: s3mixw_io.c(172): Read /home/lucija/Documents/Zadnji semestar/ROGJ/Prezentacije/CMUspinx/tutorial15/model_parameters/my_db.cd_cont_untied/mixture_weights [1125x1x1 array]
INFO: main.c(311): 374 of 375 models have observation count greater than 0.000010
INFO: main.c(95): nrm stwt: 0.952 0.048 0.000 
INFO: s3gau_io.c(168): Read /home/lucija/Documents/Zadnji semestar/ROGJ/Prezentacije/CMUspinx/tutorial15/model_parameters/my_db.cd_cont_untied/means [36168x1x1 array]
INFO: s3gau_io.c(168): Read /home/lucija/Documents/Zadnji semestar/ROGJ/Prezentacije/CMUspinx/tutorial15/model_parameters/my_db.cd_cont_untied/variances [36168x1x1 array]
INFO: main.c(549): Reading: /home/lucija/Documents/Zadnji semestar/ROGJ/Prezentacije/CMUspinx/tutorial15/model_architecture/my_db.tree_questions
INFO: main.c(587): 176 total simple questions (168 phone; 8 word bndry)
INFO: main.c(589): 42 Left Only questions, and 42 Right Only questions
INFO: dtree.c(1478): Final simple tree
|( QUESTION0 -1 -1.212e+07 4.712e+04 5.470e+04
|    ( QUESTION0_20_R 1 -8.665e+06 1.743e+04 3.919e+04
|        ( WDBNDRY_I 0 -5.938e+06 1.253e+04 2.690e+04
|            ( QUESTION0 1 -3.545e+06 7.082e+03 1.604e+04
|                ( - -2.192e+06 31 0 QUESTION2_0_L -1 1.104e+02 9.876e+03)
|                ( - -1.346e+06 8 0))
|            ( - -2.380e+06 73 0 WDBNDRY_B 0 1.836e+03 1.086e+04))
|        ( QUESTION0_18_R 1 -2.710e+06 1.406e+04 1.229e+04
|            ( - -4.230e+05 6 0 WDBNDRY_E 0 2.971e+02 1.947e+03)
|            ( WDBNDRY_B 0 -2.273e+06 7.788e+03 1.035e+04
|                ( - -7.189e+05 11 0 QUESTION0_16_R 1 2.869e+03 3.287e+03)
|                ( - -1.546e+06 87 0 WDBNDRY_E 0 5.826e+03 7.060e+03))))
|    ( QUESTION6 -1 -3.411e+06 7.934e+03 1.550e+04
|        ( - -4.098e+05 14 0 WDBNDRY_B 0 3.002e+03 1.884e+03)
|        ( - -2.994e+06 144 0 QUESTION2_1_L -1 5.682e+03 1.362e+04)))
s>    ( QUESTION0 -1 -1.212e+07 4.712e+04 5.470e+04
s>        ( QUESTION0_20_R 1 -8.665e+06 1.743e+04 3.919e+04
s>            ( WDBNDRY_I 0 -5.938e+06 1.253e+04 2.690e+04
s>                ( QUESTION0 1 -3.545e+06 7.082e+03 1.604e+04
s>                    ( - -2.192e+06 31 0 QUESTION2_0_L -1 1.104e+02 9.876e+03)
s>                    ( - -1.346e+06 8 0))
s>                ( - -2.380e+06 73 0 WDBNDRY_B 0 1.836e+03 1.086e+04))
s>            ( QUESTION0_18_R 1 -2.710e+06 1.406e+04 1.229e+04
s>                ( - -4.230e+05 6 0 WDBNDRY_E 0 2.971e+02 1.947e+03)
s>                ( WDBNDRY_B 0 -2.273e+06 7.788e+03 1.035e+04
s>                    ( - -7.189e+05 11 0 QUESTION0_16_R 1 2.869e+03 3.287e+03)
s>                    ( - -1.546e+06 87 0 WDBNDRY_E 0 5.826e+03 7.060e+03))))
s>        ( QUESTION6 -1 -3.411e+06 7.934e+03 1.550e+04
s>            ( - -4.098e+05 14 0 WDBNDRY_B 0 3.002e+03 1.884e+03)
s>            ( - -2.994e+06 144 0 QUESTION2_1_L -1 5.682e+03 1.362e+04)))INFO: dtree.c(1315): Comp split 0
INFO: dtree.c(1478): Final simple tree
|( QUESTION0_20_R 1 -8.665e+06 1.743e+04 3.919e+04
|    ( WDBNDRY_I 0 -5.938e+06 1.253e+04 2.690e+04
|        ( QUESTION0 1 -3.545e+06 7.082e+03 1.604e+04
|            ( - -2.192e+06 31 0 QUESTION2_0_L -1 1.104e+02 9.876e+03)
|            ( - -1.346e+06 8 0))
|        ( - -2.380e+06 73 0 WDBNDRY_B 0 1.836e+03 1.086e+04))
|    ( QUESTION0_18_R 1 -2.710e+06 1.406e+04 1.229e+04
|        ( - -4.230e+05 6 0 WDBNDRY_E 0 2.971e+02 1.947e+03)
|        ( WDBNDRY_B 0 -2.273e+06 7.788e+03 1.035e+04
|            ( - -7.189e+05 11 0 QUESTION0_16_R 1 2.869e+03 3.287e+03)
|            ( WDBNDRY_E 0 -1.546e+06 5.826e+03 7.060e+03
|                ( - -6.642e+05 55 0 QUESTION0_19_R 1 2.020e+03 3.066e+03)
|                ( QUESTION0_1_R 1 -8.759e+05 5.801e+03 3.994e+03
|                    ( - -1.044e+05 8 0 QUESTION17 1 5.891e+02 4.824e+02)
|                    ( - -7.657e+05 24 0 QUESTION0_16_R 1 1.258e+03 3.511e+03))))))
s>    ( QUESTION0_20_R 1 -8.665e+06 1.743e+04 3.919e+04
s>        ( WDBNDRY_I 0 -5.938e+06 1.253e+04 2.690e+04
s>            ( QUESTION0 1 -3.545e+06 7.082e+03 1.604e+04
s>                ( - -2.192e+06 31 0 QUESTION2_0_L -1 1.104e+02 9.876e+03)
s>                ( - -1.346e+06 8 0))
s>            ( - -2.380e+06 73 0 WDBNDRY_B 0 1.836e+03 1.086e+04))
s>        ( QUESTION0_18_R 1 -2.710e+06 1.406e+04 1.229e+04
s>            ( - -4.230e+05 6 0 WDBNDRY_E 0 2.971e+02 1.947e+03)
s>            ( WDBNDRY_B 0 -2.273e+06 7.788e+03 1.035e+04
s>                ( - -7.189e+05 11 0 QUESTION0_16_R 1 2.869e+03 3.287e+03)
s>                ( WDBNDRY_E 0 -1.546e+06 5.826e+03 7.060e+03
s>                    ( - -6.642e+05 55 0 QUESTION0_19_R 1 2.020e+03 3.066e+03)
s>                    ( QUESTION0_1_R 1 -8.759e+05 5.801e+03 3.994e+03
s>                        ( - -1.044e+05 8 0 QUESTION17 1 5.891e+02 4.824e+02)
s>                        ( - -7.657e+05 24 0 QUESTION0_16_R 1 1.258e+03 3.511e+03))))))INFO: dtree.c(1478): Final simple tree
|( QUESTION6 -1 -3.411e+06 7.934e+03 1.550e+04
|    ( WDBNDRY_B 0 -4.098e+05 3.002e+03 1.884e+03
|        ( - -8.284e+04 11 0 QUESTION0 1 1.839e+02 3.774e+02)
|        ( - -3.239e+05 3 0))
|    ( QUESTION2_1_L -1 -2.994e+06 5.682e+03 1.362e+04
|        ( QUESTION3 -1 -2.615e+06 5.355e+03 1.191e+04
|            ( - -6.852e+05 58 0 WDBNDRY_B 0 1.849e+03 3.096e+03)
|            ( QUESTION18 -1 -1.925e+06 6.273e+03 8.813e+03
|                ( - -2.052e+05 8 0 QUESTION0_0_R 1 3.308e+02 9.514e+02)
|                ( QUESTION16 -1 -1.713e+06 3.250e+03 7.862e+03
|                    ( - -2.552e+05 23 0 WDBNDRY_B 0 2.057e+03 1.188e+03)
|                    ( QUESTION5 -1 -1.455e+06 2.927e+03 6.674e+03
|                        ( - -2.083e+05 6 0 QUESTION0 1 6.189e+02 9.805e+02)
|                        ( - -1.244e+06 31 0 QUESTION0 1 3.765e+03 5.694e+03)))))
|        ( - -3.728e+05 18 0 QUESTION0_16_R 1 5.458e+02 1.708e+03)))
s>    ( QUESTION6 -1 -3.411e+06 7.934e+03 1.550e+04
s>        ( WDBNDRY_B 0 -4.098e+05 3.002e+03 1.884e+03
s>            ( - -8.284e+04 11 0 QUESTION0 1 1.839e+02 3.774e+02)
s>            ( - -3.239e+05 3 0))
s>        ( QUESTION2_1_L -1 -2.994e+06 5.682e+03 1.362e+04
s>            ( QUESTION3 -1 -2.615e+06 5.355e+03 1.191e+04
s>                ( - -6.852e+05 58 0 WDBNDRY_B 0 1.849e+03 3.096e+03)
s>                ( QUESTION18 -1 -1.925e+06 6.273e+03 8.813e+03
s>                    ( - -2.052e+05 8 0 QUESTION0_0_R 1 3.308e+02 9.514e+02)
s>                    ( QUESTION16 -1 -1.713e+06 3.250e+03 7.862e+03
s>                        ( - -2.552e+05 23 0 WDBNDRY_B 0 2.057e+03 1.188e+03)
s>                        ( QUESTION5 -1 -1.455e+06 2.927e+03 6.674e+03
s>                            ( - -2.083e+05 6 0 QUESTION0 1 6.189e+02 9.805e+02)
s>                            ( - -1.244e+06 31 0 QUESTION0 1 3.765e+03 5.694e+03)))))
s>            ( - -3.728e+05 18 0 QUESTION0_16_R 1 5.458e+02 1.708e+03)))INFO: dtree.c(1315): Comp split 1
INFO: dtree.c(1478): Final simple tree
|( WDBNDRY_E 0 -1.436e+06 5.621e+03 6.578e+03
|    ( QUESTION0_19_R 1 -6.642e+05 2.020e+03 3.066e+03
|        ( QUESTION6 1 -1.415e+05 4.549e+02 6.659e+02
|            ( - -1.984e+04 6 0)
|            ( - -1.212e+05 4 0))
|        ( QUESTION0_16_R 1 -5.207e+05 1.337e+03 2.400e+03
|            ( - -1.899e+05 6 0)
|            ( QUESTION0_2_R 1 -3.295e+05 4.133e+02 1.514e+03
|                ( - -6.601e+04 8 0 QUESTION17 1 3.510e+02 3.041e+02)
|                ( SILENCE 1 -2.631e+05 3.913e+02 1.210e+03
|                    ( - -1.776e+04 3 0)
|                    ( - -2.449e+05 28 0 QUESTION11 1 3.658e+02 1.126e+03)))))
|    ( QUESTION0_16_R 1 -7.657e+05 1.258e+03 3.511e+03
|        ( - -7.053e+05 8 0)
|        ( - -5.917e+04 16 0 QUESTION0_19_R 1 2.737e+02 2.710e+02)))
s>    ( WDBNDRY_E 0 -1.436e+06 5.621e+03 6.578e+03
s>        ( QUESTION0_19_R 1 -6.642e+05 2.020e+03 3.066e+03
s>            ( QUESTION6 1 -1.415e+05 4.549e+02 6.659e+02
s>                ( - -1.984e+04 6 0)
s>                ( - -1.212e+05 4 0))
s>            ( QUESTION0_16_R 1 -5.207e+05 1.337e+03 2.400e+03
s>                ( - -1.899e+05 6 0)
s>                ( QUESTION0_2_R 1 -3.295e+05 4.133e+02 1.514e+03
s>                    ( - -6.601e+04 8 0 QUESTION17 1 3.510e+02 3.041e+02)
s>                    ( SILENCE 1 -2.631e+05 3.913e+02 1.210e+03
s>                        ( - -1.776e+04 3 0)
s>                        ( - -2.449e+05 28 0 QUESTION11 1 3.658e+02 1.126e+03)))))
s>        ( QUESTION0_16_R 1 -7.657e+05 1.258e+03 3.511e+03
s>            ( - -7.053e+05 8 0)
s>            ( - -5.917e+04 16 0 QUESTION0_19_R 1 2.737e+02 2.710e+02)))INFO: dtree.c(1478): Final simple tree
|( QUESTION0_18_R 1 -7.206e+06 1.282e+04 3.262e+04
|    ( - -4.230e+05 6 0 WDBNDRY_E 0 2.971e+02 1.947e+03)
|    ( WDBNDRY_I 0 -6.770e+06 1.314e+04 3.067e+04
|        ( QUESTION2 1 -3.655e+06 7.560e+03 1.652e+04
|            ( - -1.346e+06 8 0)
|            ( QUESTION0_2_R 1 -2.301e+06 4.493e+03 1.036e+04
|                ( - -1.033e+05 6 0 QUESTION17 1 5.966e+02 4.774e+02)
|                ( - -2.193e+06 33 0 QUESTION0_0_R 1 1.897e+02 9.881e+03)))
|        ( QUESTION0_0_R 1 -3.102e+06 3.479e+03 1.415e+04
|            ( QUESTION0_16_R 1 -7.189e+05 2.869e+03 3.287e+03
|                ( - -1.074e+05 5 0)
|                ( - -6.086e+05 6 0 QUESTION2_0_L -1 1.518e+02 2.779e+03))
|            ( WDBNDRY_B 0 -2.380e+06 1.836e+03 1.086e+04
|                ( - -2.167e+06 44 0 QUESTION2_4_L -1 1.098e+03 9.902e+03)
|                ( - -2.104e+05 29 0 QUESTION0 1 1.725e+02 9.577e+02)))))
s>    ( QUESTION0_18_R 1 -7.206e+06 1.282e+04 3.262e+04
s>        ( - -4.230e+05 6 0 WDBNDRY_E 0 2.971e+02 1.947e+03)
s>        ( WDBNDRY_I 0 -6.770e+06 1.314e+04 3.067e+04
s>            ( QUESTION2 1 -3.655e+06 7.560e+03 1.652e+04
s>                ( - -1.346e+06 8 0)
s>                ( QUESTION0_2_R 1 -2.301e+06 4.493e+03 1.036e+04
s>                    ( - -1.033e+05 6 0 QUESTION17 1 5.966e+02 4.774e+02)
s>                    ( - -2.193e+06 33 0 QUESTION0_0_R 1 1.897e+02 9.881e+03)))
s>            ( QUESTION0_0_R 1 -3.102e+06 3.479e+03 1.415e+04
s>                ( QUESTION0_16_R 1 -7.189e+05 2.869e+03 3.287e+03
s>                    ( - -1.074e+05 5 0)
s>                    ( - -6.086e+05 6 0 QUESTION2_0_L -1 1.518e+02 2.779e+03))
s>                ( WDBNDRY_B 0 -2.380e+06 1.836e+03 1.086e+04
s>                    ( - -2.167e+06 44 0 QUESTION2_4_L -1 1.098e+03 9.902e+03)
s>                    ( - -2.104e+05 29 0 QUESTION0 1 1.725e+02 9.577e+02)))))INFO: dtree.c(1315): Comp split 2
INFO: dtree.c(1439): stop. leaf nodes are specific
INFO: dtree.c(1478): Final simple tree
|( QUESTION0_1_R 1 -5.295e+05 3.205e+03 2.425e+03
|    ( QUESTION17 1 -1.033e+05 5.966e+02 4.774e+02
|        ( - -9.499e+03 2 0)
|        ( - -9.320e+04 4 0))
|    ( WDBNDRY_E 0 -4.230e+05 2.971e+02 1.947e+03
|        ( - -4.412e+03 2 0)
|        ( - -4.182e+05 4 0)))
s>    ( QUESTION0_1_R 1 -5.295e+05 3.205e+03 2.425e+03
s>        ( QUESTION17 1 -1.033e+05 5.966e+02 4.774e+02
s>            ( - -9.499e+03 2 0)
s>            ( - -9.320e+04 4 0))
s>        ( WDBNDRY_E 0 -4.230e+05 2.971e+02 1.947e+03
s>            ( - -4.412e+03 2 0)
s>            ( - -4.182e+05 4 0)))INFO: dtree.c(1478): Final simple tree
|( WDBNDRY_I 0 -6.662e+06 1.323e+04 3.019e+04
|    ( QUESTION2 1 -3.547e+06 7.082e+03 1.605e+04
|        ( - -1.346e+06 8 0)
|        ( - -2.193e+06 33 0 QUESTION0_0_R 1 1.897e+02 9.881e+03))
|    ( QUESTION0_0_R 1 -3.102e+06 3.479e+03 1.415e+04
|        ( QUESTION0_16_R 1 -7.189e+05 2.869e+03 3.287e+03
|            ( - -1.074e+05 5 0)
|            ( - -6.086e+05 6 0 QUESTION2_0_L -1 1.518e+02 2.779e+03))
|        ( WDBNDRY_B 0 -2.380e+06 1.836e+03 1.086e+04
|            ( QUESTION2_4_L -1 -2.167e+06 1.098e+03 9.902e+03
|                ( - -5.267e+04 7 0 QUESTION0 1 1.725e+02 2.446e+02)
|                ( QUESTION0 1 -2.114e+06 2.605e+02 9.657e+03
|                    ( - -2.004e+06 32 0 QUESTION2_0_L -1 1.729e+02 9.159e+03)
|                    ( - -1.091e+05 5 0)))
|            ( - -2.104e+05 29 0 QUESTION0 1 1.725e+02 9.577e+02))))
s>    ( WDBNDRY_I 0 -6.662e+06 1.323e+04 3.019e+04
s>        ( QUESTION2 1 -3.547e+06 7.082e+03 1.605e+04
s>            ( - -1.346e+06 8 0)
s>            ( - -2.193e+06 33 0 QUESTION0_0_R 1 1.897e+02 9.881e+03))
s>        ( QUESTION0_0_R 1 -3.102e+06 3.479e+03 1.415e+04
s>            ( QUESTION0_16_R 1 -7.189e+05 2.869e+03 3.287e+03
s>                ( - -1.074e+05 5 0)
s>                ( - -6.086e+05 6 0 QUESTION2_0_L -1 1.518e+02 2.779e+03))
s>            ( WDBNDRY_B 0 -2.380e+06 1.836e+03 1.086e+04
s>                ( QUESTION2_4_L -1 -2.167e+06 1.098e+03 9.902e+03
s>                    ( - -5.267e+04 7 0 QUESTION0 1 1.725e+02 2.446e+02)
s>                    ( QUESTION0 1 -2.114e+06 2.605e+02 9.657e+03
s>                        ( - -2.004e+06 32 0 QUESTION2_0_L -1 1.729e+02 9.159e+03)
s>                        ( - -1.091e+05 5 0)))
s>                ( - -2.104e+05 29 0 QUESTION0 1 1.725e+02 9.577e+02))))INFO: dtree.c(1315): Comp split 3
INFO: dtree.c(1478): Final simple tree
|( QUESTION0_0_R 1 -2.991e+06 3.149e+03 1.364e+04
|    ( - -6.086e+05 6 0 QUESTION2_0_L -1 1.518e+02 2.779e+03)
|    ( WDBNDRY_B 0 -2.380e+06 1.836e+03 1.086e+04
|        ( QUESTION2_4_L -1 -2.167e+06 1.098e+03 9.902e+03
|            ( QUESTION0 1 -5.267e+04 1.725e+02 2.446e+02
|                ( - -5.048e+04 6 0)
|                ( - -2.017e+03 1 0))
|            ( QUESTION0 1 -2.114e+06 2.605e+02 9.657e+03
|                ( QUESTION2_0_L -1 -2.004e+06 1.729e+02 9.159e+03
|                    ( - -2.002e+06 30 0)
|                    ( - -1.985e+03 2 0))
|                ( - -1.091e+05 5 0)))
|        ( QUESTION0 1 -2.104e+05 1.725e+02 9.577e+02
|            ( - -2.031e+05 25 0)
|            ( - -7.136e+03 4 0))))
s>    ( QUESTION0_0_R 1 -2.991e+06 3.149e+03 1.364e+04
s>        ( - -6.086e+05 6 0 QUESTION2_0_L -1 1.518e+02 2.779e+03)
s>        ( WDBNDRY_B 0 -2.380e+06 1.836e+03 1.086e+04
s>            ( QUESTION2_4_L -1 -2.167e+06 1.098e+03 9.902e+03
s>                ( QUESTION0 1 -5.267e+04 1.725e+02 2.446e+02
s>                    ( - -5.048e+04 6 0)
s>                    ( - -2.017e+03 1 0))
s>                ( QUESTION0 1 -2.114e+06 2.605e+02 9.657e+03
s>                    ( QUESTION2_0_L -1 -2.004e+06 1.729e+02 9.159e+03
s>                        ( - -2.002e+06 30 0)
s>                        ( - -1.985e+03 2 0))
s>                    ( - -1.091e+05 5 0)))
s>            ( QUESTION0 1 -2.104e+05 1.725e+02 9.577e+02
s>                ( - -2.031e+05 25 0)
s>                ( - -7.136e+03 4 0))))INFO: dtree.c(1439): stop. leaf nodes are specific
INFO: dtree.c(1478): Final simple tree
|( QUESTION2 1 -3.657e+06 6.989e+03 1.655e+04
|    ( WDBNDRY_B 0 -1.457e+06 2.961e+03 6.672e+03
|        ( - -1.074e+05 5 0)
|        ( - -1.346e+06 8 0))
|    ( QUESTION0_0_R 1 -2.193e+06 1.897e+02 9.881e+03
|        ( - -9.001e+02 2 0)
|        ( QUESTION2_0_L -1 -2.192e+06 1.104e+02 9.876e+03
|            ( - -2.191e+06 30 0)
|            ( - -3.310e+02 1 0))))
s>    ( QUESTION2 1 -3.657e+06 6.989e+03 1.655e+04
s>        ( WDBNDRY_B 0 -1.457e+06 2.961e+03 6.672e+03
s>            ( - -1.074e+05 5 0)
s>            ( - -1.346e+06 8 0))
s>        ( QUESTION0_0_R 1 -2.193e+06 1.897e+02 9.881e+03
s>            ( - -9.001e+02 2 0)
s>            ( QUESTION2_0_L -1 -2.192e+06 1.104e+02 9.876e+03
s>                ( - -2.191e+06 30 0)
s>                ( - -3.310e+02 1 0))))INFO: dtree.c(1315): Comp split 4
INFO: dtree.c(1478): Final simple tree
|( QUESTION2_1_L -1 -2.092e+06 5.535e+03 9.569e+03
|    ( QUESTION16 -1 -1.713e+06 3.250e+03 7.862e+03
|        ( WDBNDRY_B 0 -2.552e+05 2.057e+03 1.188e+03
|            ( - -1.639e+05 16 0 QUESTION0_0_R 1 2.658e+02 7.765e+02)
|            ( - -8.921e+04 7 0 QUESTION0 1 2.204e+02 4.112e+02))
|        ( QUESTION5 -1 -1.455e+06 2.927e+03 6.674e+03
|            ( QUESTION0 1 -2.083e+05 6.189e+02 9.805e+02
|                ( - -9.866e+04 4 0)
|                ( - -1.090e+05 2 0 QUESTION0_0_R 1 1.734e+02 5.071e+02))
|            ( QUESTION0 1 -1.244e+06 3.765e+03 5.694e+03
|                ( - -8.675e+05 22 0 QUESTION2 -1 3.960e+02 3.955e+03)
|                ( QUESTION0_0_R 1 -3.724e+05 2.227e+03 1.739e+03
|                    ( - -1.390e+05 6 0 QUESTION0_16_R 1 5.431e+02 6.473e+02)
|                    ( - -2.311e+05 3 0 QUESTION2 -1 1.802e+02 1.091e+03)))))
|    ( - -3.728e+05 18 0 QUESTION0_16_R 1 5.458e+02 1.708e+03))
s>    ( QUESTION2_1_L -1 -2.092e+06 5.535e+03 9.569e+03
s>        ( QUESTION16 -1 -1.713e+06 3.250e+03 7.862e+03
s>            ( WDBNDRY_B 0 -2.552e+05 2.057e+03 1.188e+03
s>                ( - -1.639e+05 16 0 QUESTION0_0_R 1 2.658e+02 7.765e+02)
s>                ( - -8.921e+04 7 0 QUESTION0 1 2.204e+02 4.112e+02))
s>            ( QUESTION5 -1 -1.455e+06 2.927e+03 6.674e+03
s>                ( QUESTION0 1 -2.083e+05 6.189e+02 9.805e+02
s>                    ( - -9.866e+04 4 0)
s>                    ( - -1.090e+05 2 0 QUESTION0_0_R 1 1.734e+02 5.071e+02))
s>                ( QUESTION0 1 -1.244e+06 3.765e+03 5.694e+03
s>                    ( - -8.675e+05 22 0 QUESTION2 -1 3.960e+02 3.955e+03)
s>                    ( QUESTION0_0_R 1 -3.724e+05 2.227e+03 1.739e+03
s>                        ( - -1.390e+05 6 0 QUESTION0_16_R 1 5.431e+02 6.473e+02)
s>                        ( - -2.311e+05 3 0 QUESTION2 -1 1.802e+02 1.091e+03)))))
s>        ( - -3.728e+05 18 0 QUESTION0_16_R 1 5.458e+02 1.708e+03))INFO: dtree.c(1478): Final simple tree
|( QUESTION3 -1 -1.308e+06 4.865e+03 5.932e+03
|    ( WDBNDRY_B 0 -6.852e+05 1.849e+03 3.096e+03
|        ( QUESTION0 1 -4.588e+05 8.407e+02 2.076e+03
|            ( - -4.010e+05 17 0)
|            ( QUESTION0_0_R 1 -5.688e+04 2.821e+02 2.677e+02
|                ( - -3.742e+04 6 0 QUESTION0_16_R 1 1.618e+02 1.778e+02)
|                ( - -1.917e+04 4 0)))
|        ( - -2.246e+05 31 0 QUESTION0_20_R 1 2.464e+02 1.021e+03))
|    ( WDBNDRY_B 0 -6.176e+05 2.988e+03 2.836e+03
|        ( QUESTION2 -1 -2.907e+05 2.627e+03 1.329e+03
|            ( - -8.284e+04 11 0 QUESTION0 1 1.839e+02 3.774e+02)
|            ( QUESTION0_0_R 1 -2.052e+05 3.308e+02 9.514e+02
|                ( - -1.791e+05 1 0)
|                ( - -2.582e+04 7 0 QUESTION0 1 1.292e+02 1.212e+02)))
|        ( - -3.239e+05 3 0)))
s>    ( QUESTION3 -1 -1.308e+06 4.865e+03 5.932e+03
s>        ( WDBNDRY_B 0 -6.852e+05 1.849e+03 3.096e+03
s>            ( QUESTION0 1 -4.588e+05 8.407e+02 2.076e+03
s>                ( - -4.010e+05 17 0)
s>                ( QUESTION0_0_R 1 -5.688e+04 2.821e+02 2.677e+02
s>                    ( - -3.742e+04 6 0 QUESTION0_16_R 1 1.618e+02 1.778e+02)
s>                    ( - -1.917e+04 4 0)))
s>            ( - -2.246e+05 31 0 QUESTION0_20_R 1 2.464e+02 1.021e+03))
s>        ( WDBNDRY_B 0 -6.176e+05 2.988e+03 2.836e+03
s>            ( QUESTION2 -1 -2.907e+05 2.627e+03 1.329e+03
s>                ( - -8.284e+04 11 0 QUESTION0 1 1.839e+02 3.774e+02)
s>                ( QUESTION0_0_R 1 -2.052e+05 3.308e+02 9.514e+02
s>                    ( - -1.791e+05 1 0)
s>                    ( - -2.582e+04 7 0 QUESTION0 1 1.292e+02 1.212e+02)))
s>            ( - -3.239e+05 3 0)))INFO: dtree.c(1315): Comp split 5
INFO: dtree.c(1439): stop. leaf nodes are specific
INFO: dtree.c(1478): Final simple tree
|( QUESTION0_0_R 1 -2.193e+06 1.897e+02 9.881e+03
|    ( - -9.001e+02 2 0)
|    ( QUESTION2_0_L -1 -2.192e+06 1.104e+02 9.876e+03
|        ( - -2.191e+06 30 0)
|        ( - -3.310e+02 1 0)))
s>    ( QUESTION0_0_R 1 -2.193e+06 1.897e+02 9.881e+03
s>        ( - -9.001e+02 2 0)
s>        ( QUESTION2_0_L -1 -2.192e+06 1.104e+02 9.876e+03
s>            ( - -2.191e+06 30 0)
s>            ( - -3.310e+02 1 0)))INFO: dtree.c(1439): stop. leaf nodes are specific
INFO: dtree.c(1478): Final simple tree
|( WDBNDRY_B 0 -1.457e+06 2.961e+03 6.672e+03
|    ( - -1.074e+05 5 0)
|    ( - -1.346e+06 8 0))
s>    ( WDBNDRY_B 0 -1.457e+06 2.961e+03 6.672e+03
s>        ( - -1.074e+05 5 0)
s>        ( - -1.346e+06 8 0))INFO: dtree.c(1315): Comp split 6
INFO: dtree.c(1478): Final simple tree
|( WDBNDRY_B 0 -7.693e+05 1.710e+03 3.474e+03
|    ( QUESTION3 -1 -5.430e+05 1.404e+03 2.453e+03
|        ( QUESTION0 1 -4.588e+05 8.407e+02 2.076e+03
|            ( - -4.010e+05 17 0)
|            ( QUESTION0_0_R 1 -5.688e+04 2.821e+02 2.677e+02
|                ( - -3.742e+04 6 0 QUESTION0_16_R 1 1.618e+02 1.778e+02)
|                ( - -1.917e+04 4 0)))
|        ( - -8.284e+04 11 0 QUESTION0 1 1.839e+02 3.774e+02))
|    ( QUESTION0_20_R 1 -2.246e+05 2.464e+02 1.021e+03
|        ( WDBNDRY_E 0 -2.114e+05 1.949e+02 9.615e+02
|            ( - -2.704e+02 1 0)
|            ( - -2.109e+05 17 0 QUESTION0 1 1.319e+02 9.595e+02))
|        ( QUESTION0_17_R 1 -1.293e+04 2.086e+02 5.899e+01
|            ( - -3.049e+03 1 0)
|            ( - -9.676e+03 12 0 QUESTION9 1 1.435e+02 4.399e+01))))
s>    ( WDBNDRY_B 0 -7.693e+05 1.710e+03 3.474e+03
s>        ( QUESTION3 -1 -5.430e+05 1.404e+03 2.453e+03
s>            ( QUESTION0 1 -4.588e+05 8.407e+02 2.076e+03
s>                ( - -4.010e+05 17 0)
s>                ( QUESTION0_0_R 1 -5.688e+04 2.821e+02 2.677e+02
s>                    ( - -3.742e+04 6 0 QUESTION0_16_R 1 1.618e+02 1.778e+02)
s>                    ( - -1.917e+04 4 0)))
s>            ( - -8.284e+04 11 0 QUESTION0 1 1.839e+02 3.774e+02))
s>        ( QUESTION0_20_R 1 -2.246e+05 2.464e+02 1.021e+03
s>            ( WDBNDRY_E 0 -2.114e+05 1.949e+02 9.615e+02
s>                ( - -2.704e+02 1 0)
s>                ( - -2.109e+05 17 0 QUESTION0 1 1.319e+02 9.595e+02))
s>            ( QUESTION0_17_R 1 -1.293e+04 2.086e+02 5.899e+01
s>                ( - -3.049e+03 1 0)
s>                ( - -9.676e+03 12 0 QUESTION9 1 1.435e+02 4.399e+01))))INFO: dtree.c(1439): stop. leaf nodes are specific
INFO: dtree.c(1478): Final simple tree
|( WDBNDRY_B 0 -5.319e+05 2.743e+03 2.458e+03
|    ( QUESTION0_0_R 1 -2.052e+05 3.308e+02 9.514e+02
|        ( - -1.791e+05 1 0)
|        ( QUESTION0 1 -2.582e+04 1.292e+02 1.212e+02
|            ( - -2.078e+04 6 0)
|            ( - -4.905e+03 1 0)))
|    ( - -3.239e+05 3 0))
s>    ( WDBNDRY_B 0 -5.319e+05 2.743e+03 2.458e+03
s>        ( QUESTION0_0_R 1 -2.052e+05 3.308e+02 9.514e+02
s>            ( - -1.791e+05 1 0)
s>            ( QUESTION0 1 -2.582e+04 1.292e+02 1.212e+02
s>                ( - -2.078e+04 6 0)
s>                ( - -4.905e+03 1 0)))
s>        ( - -3.239e+05 3 0))INFO: dtree.c(1315): Comp split 7
INFO: dtree.c(1478): Final simple tree
|( QUESTION0_14_R 1 -7.239e+05 1.629e+03 3.337e+03
|    ( QUESTION0_15_R 1 -3.998e+05 1.007e+03 1.855e+03
|        ( QUESTION0_16_R 1 -2.188e+05 6.272e+02 1.016e+03
|            ( - -1.899e+05 6 0)
|            ( - -2.834e+04 8 0 QUESTION2_0_L -1 2.057e+02 1.299e+02))
|        ( QUESTION6 1 -1.799e+05 1.210e+03 8.386e+02
|            ( - -5.750e+04 14 0 WDBNDRY_E 0 1.594e+02 2.661e+02)
|            ( - -1.212e+05 4 0)))
|    ( QUESTION0_2_R 1 -3.225e+05 4.053e+02 1.482e+03
|        ( - -6.601e+04 8 0 QUESTION17 1 3.510e+02 3.041e+02)
|        ( SILENCE 1 -2.561e+05 3.981e+02 1.178e+03
|            ( - -1.776e+04 3 0)
|            ( QUESTION11 1 -2.380e+05 3.613e+02 1.094e+03
|                ( - -7.566e+04 3 0 QUESTION0_1_R 1 3.269e+02 3.498e+02)
|                ( - -1.619e+05 25 0 QUESTION0_9_R 1 1.691e+02 7.445e+02)))))
s>    ( QUESTION0_14_R 1 -7.239e+05 1.629e+03 3.337e+03
s>        ( QUESTION0_15_R 1 -3.998e+05 1.007e+03 1.855e+03
s>            ( QUESTION0_16_R 1 -2.188e+05 6.272e+02 1.016e+03
s>                ( - -1.899e+05 6 0)
s>                ( - -2.834e+04 8 0 QUESTION2_0_L -1 2.057e+02 1.299e+02))
s>            ( QUESTION6 1 -1.799e+05 1.210e+03 8.386e+02
s>                ( - -5.750e+04 14 0 WDBNDRY_E 0 1.594e+02 2.661e+02)
s>                ( - -1.212e+05 4 0)))
s>        ( QUESTION0_2_R 1 -3.225e+05 4.053e+02 1.482e+03
s>            ( - -6.601e+04 8 0 QUESTION17 1 3.510e+02 3.041e+02)
s>            ( SILENCE 1 -2.561e+05 3.981e+02 1.178e+03
s>                ( - -1.776e+04 3 0)
s>                ( QUESTION11 1 -2.380e+05 3.613e+02 1.094e+03
s>                    ( - -7.566e+04 3 0 QUESTION0_1_R 1 3.269e+02 3.498e+02)
s>                    ( - -1.619e+05 25 0 QUESTION0_9_R 1 1.691e+02 7.445e+02)))))INFO: dtree.c(1315): Comp split 8
INFO: dtree.c(1478): Final simple tree
|( QUESTION16 -1 -1.713e+06 3.250e+03 7.862e+03
|    ( WDBNDRY_B 0 -2.552e+05 2.057e+03 1.188e+03
|        ( - -1.639e+05 16 0 QUESTION0_0_R 1 2.658e+02 7.765e+02)
|        ( - -8.921e+04 7 0 QUESTION0 1 2.204e+02 4.112e+02))
|    ( QUESTION5 -1 -1.455e+06 2.927e+03 6.674e+03
|        ( QUESTION0 1 -2.083e+05 6.189e+02 9.805e+02
|            ( - -9.866e+04 4 0)
|            ( - -1.090e+05 2 0 QUESTION0_0_R 1 1.734e+02 5.071e+02))
|        ( QUESTION0 1 -1.244e+06 3.765e+03 5.694e+03
|            ( - -8.675e+05 22 0 QUESTION2 -1 3.960e+02 3.955e+03)
|            ( QUESTION0_0_R 1 -3.724e+05 2.227e+03 1.739e+03
|                ( QUESTION0_16_R 1 -1.390e+05 5.431e+02 6.473e+02
|                    ( - -1.446e+04 1 0)
|                    ( - -1.240e+05 5 0 QUESTION2_20_L -1 3.153e+02 5.765e+02))
|                ( - -2.311e+05 3 0 QUESTION2 -1 1.802e+02 1.091e+03)))))
s>    ( QUESTION16 -1 -1.713e+06 3.250e+03 7.862e+03
s>        ( WDBNDRY_B 0 -2.552e+05 2.057e+03 1.188e+03
s>            ( - -1.639e+05 16 0 QUESTION0_0_R 1 2.658e+02 7.765e+02)
s>            ( - -8.921e+04 7 0 QUESTION0 1 2.204e+02 4.112e+02))
s>        ( QUESTION5 -1 -1.455e+06 2.927e+03 6.674e+03
s>            ( QUESTION0 1 -2.083e+05 6.189e+02 9.805e+02
s>                ( - -9.866e+04 4 0)
s>                ( - -1.090e+05 2 0 QUESTION0_0_R 1 1.734e+02 5.071e+02))
s>            ( QUESTION0 1 -1.244e+06 3.765e+03 5.694e+03
s>                ( - -8.675e+05 22 0 QUESTION2 -1 3.960e+02 3.955e+03)
s>                ( QUESTION0_0_R 1 -3.724e+05 2.227e+03 1.739e+03
s>                    ( QUESTION0_16_R 1 -1.390e+05 5.431e+02 6.473e+02
s>                        ( - -1.446e+04 1 0)
s>                        ( - -1.240e+05 5 0 QUESTION2_20_L -1 3.153e+02 5.765e+02))
s>                    ( - -2.311e+05 3 0 QUESTION2 -1 1.802e+02 1.091e+03)))))INFO: dtree.c(1478): Final simple tree
|( QUESTION0_16_R 1 -3.728e+05 5.458e+02 1.708e+03
|    ( SILENCE -1 -3.843e+04 1.931e+02 1.782e+02
|        ( - -2.498e+04 1 0)
|        ( - -1.325e+04 1 0))
|    ( SILENCE -1 -3.338e+05 3.184e+02 1.530e+03
|        ( QUESTION0_0_R 1 -2.480e+05 2.555e+02 1.134e+03
|            ( - -1.981e+04 1 0)
|            ( QUESTION0 1 -2.279e+05 2.542e+02 1.042e+03
|                ( - -1.814e+05 6 0)
|                ( - -4.621e+04 1 0)))
|        ( QUESTION0_0_R 1 -8.550e+04 1.491e+02 3.955e+02
|            ( - -1.256e+03 1 0)
|            ( QUESTION0 1 -8.410e+04 1.378e+02 3.895e+02
|                ( - -6.949e+04 6 0)
|                ( - -1.447e+04 1 0)))))
s>    ( QUESTION0_16_R 1 -3.728e+05 5.458e+02 1.708e+03
s>        ( SILENCE -1 -3.843e+04 1.931e+02 1.782e+02
s>            ( - -2.498e+04 1 0)
s>            ( - -1.325e+04 1 0))
s>        ( SILENCE -1 -3.338e+05 3.184e+02 1.530e+03
s>            ( QUESTION0_0_R 1 -2.480e+05 2.555e+02 1.134e+03
s>                ( - -1.981e+04 1 0)
s>                ( QUESTION0 1 -2.279e+05 2.542e+02 1.042e+03
s>                    ( - -1.814e+05 6 0)
s>                    ( - -4.621e+04 1 0)))
s>            ( QUESTION0_0_R 1 -8.550e+04 1.491e+02 3.955e+02
s>                ( - -1.256e+03 1 0)
s>                ( QUESTION0 1 -8.410e+04 1.378e+02 3.895e+02
s>                    ( - -6.949e+04 6 0)
s>                    ( - -1.447e+04 1 0)))))INFO: dtree.c(1315): Comp split 9
INFO: dtree.c(1439): stop. leaf nodes are specific
INFO: dtree.c(1478): Final simple tree
|( QUESTION2 -1 -2.311e+05 1.802e+02 1.091e+03
|    ( QUESTION2_20_L -1 -2.290e+05 1.613e+02 1.082e+03
|        ( - -3.075e+03 1 0)
|        ( - -2.258e+05 1 0))
|    ( - -1.944e+03 1 0))
s>    ( QUESTION2 -1 -2.311e+05 1.802e+02 1.091e+03
s>        ( QUESTION2_20_L -1 -2.290e+05 1.613e+02 1.082e+03
s>            ( - -3.075e+03 1 0)
s>            ( - -2.258e+05 1 0))
s>        ( - -1.944e+03 1 0))INFO: dtree.c(1478): Final simple tree
|( QUESTION16 -1 -1.477e+06 2.981e+03 6.771e+03
|    ( WDBNDRY_B 0 -2.552e+05 2.057e+03 1.188e+03
|        ( - -1.639e+05 16 0 QUESTION0_0_R 1 2.658e+02 7.765e+02)
|        ( - -8.921e+04 7 0 QUESTION0 1 2.204e+02 4.112e+02))
|    ( QUESTION5 -1 -1.219e+06 2.690e+03 5.583e+03
|        ( QUESTION0 1 -2.083e+05 6.189e+02 9.805e+02
|            ( - -9.866e+04 4 0)
|            ( - -1.090e+05 2 0 QUESTION0_0_R 1 1.734e+02 5.071e+02))
|        ( QUESTION0_0_R 1 -1.008e+06 1.634e+03 4.602e+03
|            ( QUESTION0_16_R 1 -1.390e+05 5.431e+02 6.473e+02
|                ( - -1.446e+04 1 0)
|                ( - -1.240e+05 5 0 QUESTION2_20_L -1 3.153e+02 5.765e+02))
|            ( QUESTION2 -1 -8.675e+05 3.960e+02 3.955e+03
|                ( - -8.484e+05 12 0 QUESTION2_20_L -1 3.091e+02 3.867e+03)
|                ( - -1.872e+04 10 0 QUESTION12 -1 1.792e+02 8.773e+01)))))
s>    ( QUESTION16 -1 -1.477e+06 2.981e+03 6.771e+03
s>        ( WDBNDRY_B 0 -2.552e+05 2.057e+03 1.188e+03
s>            ( - -1.639e+05 16 0 QUESTION0_0_R 1 2.658e+02 7.765e+02)
s>            ( - -8.921e+04 7 0 QUESTION0 1 2.204e+02 4.112e+02))
s>        ( QUESTION5 -1 -1.219e+06 2.690e+03 5.583e+03
s>            ( QUESTION0 1 -2.083e+05 6.189e+02 9.805e+02
s>                ( - -9.866e+04 4 0)
s>                ( - -1.090e+05 2 0 QUESTION0_0_R 1 1.734e+02 5.071e+02))
s>            ( QUESTION0_0_R 1 -1.008e+06 1.634e+03 4.602e+03
s>                ( QUESTION0_16_R 1 -1.390e+05 5.431e+02 6.473e+02
s>                    ( - -1.446e+04 1 0)
s>                    ( - -1.240e+05 5 0 QUESTION2_20_L -1 3.153e+02 5.765e+02))
s>                ( QUESTION2 -1 -8.675e+05 3.960e+02 3.955e+03
s>                    ( - -8.484e+05 12 0 QUESTION2_20_L -1 3.091e+02 3.867e+03)
s>                    ( - -1.872e+04 10 0 QUESTION12 -1 1.792e+02 8.773e+01)))))INFO: dtree.c(1315): Comp split 10
INFO: dtree.c(1439): stop. leaf nodes are specific
INFO: dtree.c(1478): Final simple tree
|( QUESTION2_4_L -1 -2.167e+06 1.098e+03 9.902e+03
|    ( QUESTION0 1 -5.267e+04 1.725e+02 2.446e+02
|        ( - -5.048e+04 6 0)
|        ( - -2.017e+03 1 0))
|    ( QUESTION0 1 -2.114e+06 2.605e+02 9.657e+03
|        ( QUESTION2_0_L -1 -2.004e+06 1.729e+02 9.159e+03
|            ( - -2.002e+06 30 0)
|            ( - -1.985e+03 2 0))
|        ( - -1.091e+05 5 0)))
s>    ( QUESTION2_4_L -1 -2.167e+06 1.098e+03 9.902e+03
s>        ( QUESTION0 1 -5.267e+04 1.725e+02 2.446e+02
s>            ( - -5.048e+04 6 0)
s>            ( - -2.017e+03 1 0))
s>        ( QUESTION0 1 -2.114e+06 2.605e+02 9.657e+03
s>            ( QUESTION2_0_L -1 -2.004e+06 1.729e+02 9.159e+03
s>                ( - -2.002e+06 30 0)
s>                ( - -1.985e+03 2 0))
s>            ( - -1.091e+05 5 0)))INFO: dtree.c(1439): stop. leaf nodes are specific
INFO: dtree.c(1478): Final simple tree
|( WDBNDRY_B 0 -8.203e+05 1.279e+03 3.736e+03
|    ( QUESTION2_0_L -1 -6.086e+05 1.518e+02 2.779e+03
|        ( - -6.070e+05 5 0)
|        ( - -1.458e+03 1 0))
|    ( QUESTION0 1 -2.104e+05 1.725e+02 9.577e+02
|        ( - -2.031e+05 25 0)
|        ( - -7.136e+03 4 0)))
s>    ( WDBNDRY_B 0 -8.203e+05 1.279e+03 3.736e+03
s>        ( QUESTION2_0_L -1 -6.086e+05 1.518e+02 2.779e+03
s>            ( - -6.070e+05 5 0)
s>            ( - -1.458e+03 1 0))
s>        ( QUESTION0 1 -2.104e+05 1.725e+02 9.577e+02
s>            ( - -2.031e+05 25 0)
s>            ( - -7.136e+03 4 0)))INFO: dtree.c(1315): Comp split 11
INFO: dtree.c(1439): stop. leaf nodes are specific
INFO: dtree.c(1478): Final simple tree
|( QUESTION5 -1 -1.059e+06 2.710e+03 4.848e+03
|    ( QUESTION0 1 -2.083e+05 6.189e+02 9.805e+02
|        ( - -9.866e+04 4 0)
|        ( QUESTION0_0_R 1 -1.090e+05 1.734e+02 5.071e+02
|            ( - -1.065e+05 1 0)
|            ( - -2.294e+03 1 0)))
|    ( QUESTION2_20_L -1 -8.484e+05 3.091e+02 3.867e+03
|        ( - -1.219e+04 5 0)
|        ( WDBNDRY_B 0 -8.359e+05 9.857e+01 3.812e+03
|            ( - -8.350e+05 6 0)
|            ( - -7.779e+02 1 0))))
s>    ( QUESTION5 -1 -1.059e+06 2.710e+03 4.848e+03
s>        ( QUESTION0 1 -2.083e+05 6.189e+02 9.805e+02
s>            ( - -9.866e+04 4 0)
s>            ( QUESTION0_0_R 1 -1.090e+05 1.734e+02 5.071e+02
s>                ( - -1.065e+05 1 0)
s>                ( - -2.294e+03 1 0)))
s>        ( QUESTION2_20_L -1 -8.484e+05 3.091e+02 3.867e+03
s>            ( - -1.219e+04 5 0)
s>            ( WDBNDRY_B 0 -8.359e+05 9.857e+01 3.812e+03
s>                ( - -8.350e+05 6 0)
s>                ( - -7.779e+02 1 0))))INFO: dtree.c(1478): Final simple tree
|( WDBNDRY_B 0 -4.147e+05 2.396e+03 1.923e+03
|    ( QUESTION19 -1 -3.212e+05 1.092e+03 1.503e+03
|        ( QUESTION0_0_R 1 -1.489e+05 2.540e+02 7.063e+02
|            ( - -1.102e+05 2 0)
|            ( - -3.846e+04 7 0))
|        ( QUESTION0_16_R 1 -1.712e+05 5.524e+02 7.972e+02
|            ( - -1.446e+04 1 0)
|            ( QUESTION0_0_R 1 -1.562e+05 3.811e+02 7.264e+02
|                ( QUESTION2_20_L -1 -1.279e+05 3.140e+02 5.956e+02
|                    ( - -1.738e+04 1 0)
|                    ( - -1.102e+05 4 0 QUESTION16 -1 1.845e+02 5.117e+02))
|                ( - -2.798e+04 14 0 QUESTION12 -1 1.719e+02 1.309e+02))))
|    ( QUESTION0 1 -9.108e+04 2.225e+02 4.192e+02
|        ( - -6.830e+04 7 0 QUESTION19 -1 1.868e+02 3.140e+02)
|        ( - -2.256e+04 3 0 QUESTION0_0_R 1 1.294e+02 1.052e+02)))
s>    ( WDBNDRY_B 0 -4.147e+05 2.396e+03 1.923e+03
s>        ( QUESTION19 -1 -3.212e+05 1.092e+03 1.503e+03
s>            ( QUESTION0_0_R 1 -1.489e+05 2.540e+02 7.063e+02
s>                ( - -1.102e+05 2 0)
s>                ( - -3.846e+04 7 0))
s>            ( QUESTION0_16_R 1 -1.712e+05 5.524e+02 7.972e+02
s>                ( - -1.446e+04 1 0)
s>                ( QUESTION0_0_R 1 -1.562e+05 3.811e+02 7.264e+02
s>                    ( QUESTION2_20_L -1 -1.279e+05 3.140e+02 5.956e+02
s>                        ( - -1.738e+04 1 0)
s>                        ( - -1.102e+05 4 0 QUESTION16 -1 1.845e+02 5.117e+02))
s>                    ( - -2.798e+04 14 0 QUESTION12 -1 1.719e+02 1.309e+02))))
s>        ( QUESTION0 1 -9.108e+04 2.225e+02 4.192e+02
s>            ( - -6.830e+04 7 0 QUESTION19 -1 1.868e+02 3.140e+02)
s>            ( - -2.256e+04 3 0 QUESTION0_0_R 1 1.294e+02 1.052e+02)))INFO: dtree.c(1315): Comp split 12
INFO: dtree.c(1439): stop. leaf nodes are specific
INFO: dtree.c(1478): Final simple tree
|( WDBNDRY_E 0 -4.230e+05 2.971e+02 1.947e+03
|    ( - -4.412e+03 2 0)
|    ( - -4.182e+05 4 0))
s>    ( WDBNDRY_E 0 -4.230e+05 2.971e+02 1.947e+03
s>        ( - -4.412e+03 2 0)
s>        ( - -4.182e+05 4 0))INFO: dtree.c(1439): stop. leaf nodes are specific
INFO: dtree.c(1478): Final simple tree
|( QUESTION17 1 -1.033e+05 5.966e+02 4.774e+02
|    ( - -9.499e+03 2 0)
|    ( - -9.320e+04 4 0))
s>    ( QUESTION17 1 -1.033e+05 5.966e+02 4.774e+02
s>        ( - -9.499e+03 2 0)
s>        ( - -9.320e+04 4 0))INFO: dtree.c(1315): Comp split 13
INFO: dtree.c(1315): Comp split 14
INFO: dtree.c(1439): stop. leaf nodes are specific
INFO: dtree.c(1478): Final simple tree
|( QUESTION0_0_R 1 -2.052e+05 3.308e+02 9.514e+02
|    ( - -1.791e+05 1 0)
|    ( QUESTION0 1 -2.582e+04 1.292e+02 1.212e+02
|        ( - -2.078e+04 6 0)
|        ( - -4.905e+03 1 0)))
s>    ( QUESTION0_0_R 1 -2.052e+05 3.308e+02 9.514e+02
s>        ( - -1.791e+05 1 0)
s>        ( QUESTION0 1 -2.582e+04 1.292e+02 1.212e+02
s>            ( - -2.078e+04 6 0)
s>            ( - -4.905e+03 1 0)))INFO: dtree.c(1315): Comp split 15
INFO: dtree.c(1439): stop. leaf nodes are specific
INFO: dtree.c(1478): Final simple tree
|( QUESTION2_20_L -1 -8.508e+05 3.082e+02 3.878e+03
|    ( - -1.219e+04 5 0)
|    ( QUESTION0 1 -8.383e+05 1.556e+02 3.823e+03
|        ( WDBNDRY_B 0 -8.359e+05 9.857e+01 3.812e+03
|            ( - -8.350e+05 6 0)
|            ( - -7.779e+02 1 0))
|        ( - -2.294e+03 1 0)))
s>    ( QUESTION2_20_L -1 -8.508e+05 3.082e+02 3.878e+03
s>        ( - -1.219e+04 5 0)
s>        ( QUESTION0 1 -8.383e+05 1.556e+02 3.823e+03
s>            ( WDBNDRY_B 0 -8.359e+05 9.857e+01 3.812e+03
s>                ( - -8.350e+05 6 0)
s>                ( - -7.779e+02 1 0))
s>            ( - -2.294e+03 1 0)))INFO: dtree.c(1439): stop. leaf nodes are specific
INFO: dtree.c(1478): Final simple tree
|( QUESTION0_0_R 1 -2.058e+05 6.226e+02 9.695e+02
|    ( - -1.065e+05 1 0)
|    ( - -9.866e+04 4 0))
s>    ( QUESTION0_0_R 1 -2.058e+05 6.226e+02 9.695e+02
s>        ( - -1.065e+05 1 0)
s>        ( - -9.866e+04 4 0))INFO: dtree.c(1315): Comp split 16
INFO: dtree.c(1478): Final simple tree
|( QUESTION19 -1 -3.212e+05 1.092e+03 1.503e+03
|    ( QUESTION0_0_R 1 -1.489e+05 2.540e+02 7.063e+02
|        ( - -1.102e+05 2 0)
|        ( - -3.846e+04 7 0))
|    ( QUESTION0_16_R 1 -1.712e+05 5.524e+02 7.972e+02
|        ( - -1.446e+04 1 0)
|        ( QUESTION0_0_R 1 -1.562e+05 3.811e+02 7.264e+02
|            ( QUESTION2_20_L -1 -1.279e+05 3.140e+02 5.956e+02
|                ( - -1.738e+04 1 0)
|                ( QUESTION16 -1 -1.102e+05 1.845e+02 5.117e+02
|                    ( - -4.089e+03 1 0)
|                    ( - -1.059e+05 3 0 QUESTION2 -1 1.491e+02 4.906e+02)))
|            ( QUESTION12 -1 -2.798e+04 1.719e+02 1.309e+02
|                ( - -5.152e+03 4 0)
|                ( - -2.266e+04 10 0 QUESTION11 -1 1.423e+02 1.069e+02)))))
s>    ( QUESTION19 -1 -3.212e+05 1.092e+03 1.503e+03
s>        ( QUESTION0_0_R 1 -1.489e+05 2.540e+02 7.063e+02
s>            ( - -1.102e+05 2 0)
s>            ( - -3.846e+04 7 0))
s>        ( QUESTION0_16_R 1 -1.712e+05 5.524e+02 7.972e+02
s>            ( - -1.446e+04 1 0)
s>            ( QUESTION0_0_R 1 -1.562e+05 3.811e+02 7.264e+02
s>                ( QUESTION2_20_L -1 -1.279e+05 3.140e+02 5.956e+02
s>                    ( - -1.738e+04 1 0)
s>                    ( QUESTION16 -1 -1.102e+05 1.845e+02 5.117e+02
s>                        ( - -4.089e+03 1 0)
s>                        ( - -1.059e+05 3 0 QUESTION2 -1 1.491e+02 4.906e+02)))
s>                ( QUESTION12 -1 -2.798e+04 1.719e+02 1.309e+02
s>                    ( - -5.152e+03 4 0)
s>                    ( - -2.266e+04 10 0 QUESTION11 -1 1.423e+02 1.069e+02)))))INFO: dtree.c(1439): stop. leaf nodes are specific
INFO: dtree.c(1478): Final simple tree
|( QUESTION0 1 -9.108e+04 2.225e+02 4.192e+02
|    ( QUESTION19 -1 -6.830e+04 1.868e+02 3.140e+02
|        ( - -1.131e+03 1 0)
|        ( QUESTION11 -1 -6.699e+04 1.460e+02 3.080e+02
|            ( - -1.262e+03 2 0)
|            ( - -6.558e+04 4 0)))
|    ( QUESTION0_0_R 1 -2.256e+04 1.294e+02 1.052e+02
|        ( QUESTION2 -1 -2.131e+03 8.119e+01 1.002e+01
|            ( - -3.713e+02 1 0)
|            ( - -1.679e+03 1 0))
|        ( - -2.030e+04 1 0)))
s>    ( QUESTION0 1 -9.108e+04 2.225e+02 4.192e+02
s>        ( QUESTION19 -1 -6.830e+04 1.868e+02 3.140e+02
s>            ( - -1.131e+03 1 0)
s>            ( QUESTION11 -1 -6.699e+04 1.460e+02 3.080e+02
s>                ( - -1.262e+03 2 0)
s>                ( - -6.558e+04 4 0)))
s>        ( QUESTION0_0_R 1 -2.256e+04 1.294e+02 1.052e+02
s>            ( QUESTION2 -1 -2.131e+03 8.119e+01 1.002e+01
s>                ( - -3.713e+02 1 0)
s>                ( - -1.679e+03 1 0))
s>            ( - -2.030e+04 1 0)))INFO: dtree.c(1315): Comp split 17
INFO: dtree.c(1478): Final simple tree
|( QUESTION0_16_R 1 -6.003e+05 1.331e+03 2.765e+03
|    ( - -1.899e+05 6 0)
|    ( QUESTION0_14_R 1 -4.091e+05 4.688e+02 1.878e+03
|        ( - -8.613e+04 22 0 QUESTION0_15_R 1 2.813e+02 3.961e+02)
|        ( QUESTION0_2_R 1 -3.225e+05 4.053e+02 1.482e+03
|            ( QUESTION17 1 -6.601e+04 3.510e+02 3.041e+02
|                ( - -1.175e+04 4 0)
|                ( - -5.390e+04 4 0))
|            ( SILENCE 1 -2.561e+05 3.981e+02 1.178e+03
|                ( - -1.776e+04 3 0)
|                ( QUESTION11 1 -2.380e+05 3.613e+02 1.094e+03
|                    ( QUESTION0_1_R 1 -7.566e+04 3.269e+02 3.498e+02
|                        ( - -2.974e+04 2 0 QUESTION0_4_R 1 1.838e+02 1.350e+02)
|                        ( - -4.560e+04 1 0))
|                    ( - -1.619e+05 25 0 QUESTION0_9_R 1 1.691e+02 7.445e+02))))))
s>    ( QUESTION0_16_R 1 -6.003e+05 1.331e+03 2.765e+03
s>        ( - -1.899e+05 6 0)
s>        ( QUESTION0_14_R 1 -4.091e+05 4.688e+02 1.878e+03
s>            ( - -8.613e+04 22 0 QUESTION0_15_R 1 2.813e+02 3.961e+02)
s>            ( QUESTION0_2_R 1 -3.225e+05 4.053e+02 1.482e+03
s>                ( QUESTION17 1 -6.601e+04 3.510e+02 3.041e+02
s>                    ( - -1.175e+04 4 0)
s>                    ( - -5.390e+04 4 0))
s>                ( SILENCE 1 -2.561e+05 3.981e+02 1.178e+03
s>                    ( - -1.776e+04 3 0)
s>                    ( QUESTION11 1 -2.380e+05 3.613e+02 1.094e+03
s>                        ( QUESTION0_1_R 1 -7.566e+04 3.269e+02 3.498e+02
s>                            ( - -2.974e+04 2 0 QUESTION0_4_R 1 1.838e+02 1.350e+02)
s>                            ( - -4.560e+04 1 0))
s>                        ( - -1.619e+05 25 0 QUESTION0_9_R 1 1.691e+02 7.445e+02))))))INFO: dtree.c(1315): Comp split 18
INFO: dtree.c(1439): stop. leaf nodes are specific
INFO: dtree.c(1478): Final simple tree
|( WDBNDRY_B 0 -4.015e+05 1.902e+02 1.810e+03
|    ( - -4.010e+05 17 0)
|    ( - -2.704e+02 1 0))
s>    ( WDBNDRY_B 0 -4.015e+05 1.902e+02 1.810e+03
s>        ( - -4.010e+05 17 0)
s>        ( - -2.704e+02 1 0))INFO: dtree.c(1478): Final simple tree
|( QUESTION3 -1 -3.655e+05 1.157e+03 1.664e+03
|    ( WDBNDRY_B 0 -2.815e+05 5.630e+02 1.286e+03
|        ( QUESTION0_0_R 1 -5.688e+04 2.821e+02 2.677e+02
|            ( - -3.742e+04 6 0 QUESTION0_16_R 1 1.618e+02 1.778e+02)
|            ( - -1.917e+04 4 0))
|        ( QUESTION0_20_R 1 -2.241e+05 2.472e+02 1.019e+03
|            ( - -2.109e+05 17 0 QUESTION0 1 1.319e+02 9.595e+02)
|            ( QUESTION0_17_R 1 -1.293e+04 2.086e+02 5.899e+01
|                ( - -3.049e+03 1 0)
|                ( - -9.676e+03 12 0 QUESTION9 1 1.435e+02 4.399e+01))))
|    ( QUESTION0 1 -8.284e+04 1.839e+02 3.774e+02
|        ( - -7.925e+04 9 0)
|        ( QUESTION0_0_R 1 -3.402e+03 1.665e+02 1.683e+01
|            ( - -2.652e+02 1 0)
|            ( - -2.970e+03 1 0))))
s>    ( QUESTION3 -1 -3.655e+05 1.157e+03 1.664e+03
s>        ( WDBNDRY_B 0 -2.815e+05 5.630e+02 1.286e+03
s>            ( QUESTION0_0_R 1 -5.688e+04 2.821e+02 2.677e+02
s>                ( - -3.742e+04 6 0 QUESTION0_16_R 1 1.618e+02 1.778e+02)
s>                ( - -1.917e+04 4 0))
s>            ( QUESTION0_20_R 1 -2.241e+05 2.472e+02 1.019e+03
s>                ( - -2.109e+05 17 0 QUESTION0 1 1.319e+02 9.595e+02)
s>                ( QUESTION0_17_R 1 -1.293e+04 2.086e+02 5.899e+01
s>                    ( - -3.049e+03 1 0)
s>                    ( - -9.676e+03 12 0 QUESTION9 1 1.435e+02 4.399e+01))))
s>        ( QUESTION0 1 -8.284e+04 1.839e+02 3.774e+02
s>            ( - -7.925e+04 9 0)
s>            ( QUESTION0_0_R 1 -3.402e+03 1.665e+02 1.683e+01
s>                ( - -2.652e+02 1 0)
s>                ( - -2.970e+03 1 0))))INFO: dtree.c(1315): Comp split 19
INFO: dtree.c(1478): Final simple tree
|( QUESTION0_14_R 1 -4.091e+05 4.688e+02 1.878e+03
|    ( QUESTION0_15_R 1 -8.613e+04 2.813e+02 3.961e+02
|        ( - -2.834e+04 8 0 QUESTION2_0_L -1 2.057e+02 1.299e+02)
|        ( - -5.750e+04 14 0 WDBNDRY_E 0 1.594e+02 2.661e+02))
|    ( QUESTION0_2_R 1 -3.225e+05 4.053e+02 1.482e+03
|        ( QUESTION17 1 -6.601e+04 3.510e+02 3.041e+02
|            ( - -1.175e+04 4 0)
|            ( - -5.390e+04 4 0))
|        ( SILENCE 1 -2.561e+05 3.981e+02 1.178e+03
|            ( - -1.776e+04 3 0)
|            ( QUESTION11 1 -2.380e+05 3.613e+02 1.094e+03
|                ( QUESTION0_1_R 1 -7.566e+04 3.269e+02 3.498e+02
|                    ( - -2.974e+04 2 0 QUESTION0_4_R 1 1.838e+02 1.350e+02)
|                    ( - -4.560e+04 1 0))
|                ( - -1.619e+05 25 0 QUESTION0_9_R 1 1.691e+02 7.445e+02)))))
s>    ( QUESTION0_14_R 1 -4.091e+05 4.688e+02 1.878e+03
s>        ( QUESTION0_15_R 1 -8.613e+04 2.813e+02 3.961e+02
s>            ( - -2.834e+04 8 0 QUESTION2_0_L -1 2.057e+02 1.299e+02)
s>            ( - -5.750e+04 14 0 WDBNDRY_E 0 1.594e+02 2.661e+02))
s>        ( QUESTION0_2_R 1 -3.225e+05 4.053e+02 1.482e+03
s>            ( QUESTION17 1 -6.601e+04 3.510e+02 3.041e+02
s>                ( - -1.175e+04 4 0)
s>                ( - -5.390e+04 4 0))
s>            ( SILENCE 1 -2.561e+05 3.981e+02 1.178e+03
s>                ( - -1.776e+04 3 0)
s>                ( QUESTION11 1 -2.380e+05 3.613e+02 1.094e+03
s>                    ( QUESTION0_1_R 1 -7.566e+04 3.269e+02 3.498e+02
s>                        ( - -2.974e+04 2 0 QUESTION0_4_R 1 1.838e+02 1.350e+02)
s>                        ( - -4.560e+04 1 0))
s>                    ( - -1.619e+05 25 0 QUESTION0_9_R 1 1.691e+02 7.445e+02)))))INFO: dtree.c(1315): Comp split 20
INFO: dtree.c(1439): stop. leaf nodes are specific
INFO: dtree.c(1478): Final simple tree
|( QUESTION0 1 -2.120e+05 1.441e+02 9.647e+02
|    ( - -2.031e+05 25 0)
|    ( WDBNDRY_B 0 -8.755e+03 1.613e+02 4.082e+01
|        ( - -1.458e+03 1 0)
|        ( - -7.136e+03 4 0)))
s>    ( QUESTION0 1 -2.120e+05 1.441e+02 9.647e+02
s>        ( - -2.031e+05 25 0)
s>        ( WDBNDRY_B 0 -8.755e+03 1.613e+02 4.082e+01
s>            ( - -1.458e+03 1 0)
s>            ( - -7.136e+03 4 0)))INFO: dtree.c(1315): Comp split 21
INFO: dtree.c(1478): Final simple tree
|( WDBNDRY_I 0 -2.846e+05 5.722e+02 1.301e+03
|    ( QUESTION0_7_R 1 -2.158e+05 2.336e+02 9.815e+02
|        ( - -3.049e+03 1 0)
|        ( QUESTION0_0_R 1 -2.125e+05 1.438e+02 9.665e+02
|            ( - -1.487e+03 2 0)
|            ( - -2.109e+05 17 0 QUESTION0 1 1.319e+02 9.595e+02)))
|    ( QUESTION0_17_R 1 -6.825e+04 3.111e+02 3.195e+02
|        ( - -3.638e+04 4 0)
|        ( QUESTION0_2_R 1 -3.156e+04 1.807e+02 1.468e+02
|            ( - -3.173e+02 1 0)
|            ( QUESTION6 1 -3.107e+04 1.535e+02 1.448e+02
|                ( - -1.252e+03 2 0)
|                ( QUESTION9 1 -2.966e+04 1.463e+02 1.388e+02
|                    ( - -9.384e+02 1 0)
|                    ( - -2.858e+04 13 0 QUESTION3 -1 1.337e+02 1.338e+02))))))
s>    ( WDBNDRY_I 0 -2.846e+05 5.722e+02 1.301e+03
s>        ( QUESTION0_7_R 1 -2.158e+05 2.336e+02 9.815e+02
s>            ( - -3.049e+03 1 0)
s>            ( QUESTION0_0_R 1 -2.125e+05 1.438e+02 9.665e+02
s>                ( - -1.487e+03 2 0)
s>                ( - -2.109e+05 17 0 QUESTION0 1 1.319e+02 9.595e+02)))
s>        ( QUESTION0_17_R 1 -6.825e+04 3.111e+02 3.195e+02
s>            ( - -3.638e+04 4 0)
s>            ( QUESTION0_2_R 1 -3.156e+04 1.807e+02 1.468e+02
s>                ( - -3.173e+02 1 0)
s>                ( QUESTION6 1 -3.107e+04 1.535e+02 1.448e+02
s>                    ( - -1.252e+03 2 0)
s>                    ( QUESTION9 1 -2.966e+04 1.463e+02 1.388e+02
s>                        ( - -9.384e+02 1 0)
s>                        ( - -2.858e+04 13 0 QUESTION3 -1 1.337e+02 1.338e+02))))))INFO: dtree.c(1439): stop. leaf nodes are specific
INFO: dtree.c(1478): Final simple tree
|( QUESTION0_0_R 1 -7.969e+04 1.720e+02 3.626e+02
|    ( - -2.652e+02 1 0)
|    ( - -7.925e+04 9 0))
s>    ( QUESTION0_0_R 1 -7.969e+04 1.720e+02 3.626e+02
s>        ( - -2.652e+02 1 0)
s>        ( - -7.925e+04 9 0))INFO: dtree.c(1315): Comp split 22
INFO: dtree.c(1439): stop. leaf nodes are specific
INFO: dtree.c(1478): Final simple tree
|( QUESTION0_16_R 1 -1.252e+05 5.497e+02 5.825e+02
|    ( - -1.446e+04 1 0)
|    ( QUESTION16 -1 -1.102e+05 1.845e+02 5.117e+02
|        ( - -4.089e+03 1 0)
|        ( QUESTION2 -1 -1.059e+05 1.491e+02 4.906e+02
|            ( - -1.033e+05 1 0)
|            ( QUESTION12 -1 -2.473e+03 1.281e+02 1.200e+01
|                ( - -9.605e+02 1 0)
|                ( - -1.384e+03 1 0)))))
s>    ( QUESTION0_16_R 1 -1.252e+05 5.497e+02 5.825e+02
s>        ( - -1.446e+04 1 0)
s>        ( QUESTION16 -1 -1.102e+05 1.845e+02 5.117e+02
s>            ( - -4.089e+03 1 0)
s>            ( QUESTION2 -1 -1.059e+05 1.491e+02 4.906e+02
s>                ( - -1.033e+05 1 0)
s>                ( QUESTION12 -1 -2.473e+03 1.281e+02 1.200e+01
s>                    ( - -9.605e+02 1 0)
s>                    ( - -1.384e+03 1 0)))))INFO: dtree.c(1478): Final simple tree
|( QUESTION19 -1 -1.949e+05 4.247e+02 9.210e+02
|    ( QUESTION0_0_R 1 -1.489e+05 2.540e+02 7.063e+02
|        ( - -1.102e+05 2 0)
|        ( - -3.846e+04 7 0))
|    ( QUESTION0_0_R 1 -4.558e+04 2.193e+02 2.147e+02
|        ( - -1.738e+04 1 0)
|        ( QUESTION12 -1 -2.798e+04 1.719e+02 1.309e+02
|            ( - -5.152e+03 4 0)
|            ( QUESTION11 -1 -2.266e+04 1.423e+02 1.069e+02
|                ( QUESTION14 -1 -1.199e+04 1.322e+02 5.773e+01
|                    ( - -9.092e+02 1 0)
|                    ( - -1.094e+04 3 0))
|                ( QUESTION0 1 -1.053e+04 1.146e+02 4.915e+01
|                    ( - -1.007e+04 5 0)
|                    ( - -3.458e+02 1 0))))))
s>    ( QUESTION19 -1 -1.949e+05 4.247e+02 9.210e+02
s>        ( QUESTION0_0_R 1 -1.489e+05 2.540e+02 7.063e+02
s>            ( - -1.102e+05 2 0)
s>            ( - -3.846e+04 7 0))
s>        ( QUESTION0_0_R 1 -4.558e+04 2.193e+02 2.147e+02
s>            ( - -1.738e+04 1 0)
s>            ( QUESTION12 -1 -2.798e+04 1.719e+02 1.309e+02
s>                ( - -5.152e+03 4 0)
s>                ( QUESTION11 -1 -2.266e+04 1.423e+02 1.069e+02
s>                    ( QUESTION14 -1 -1.199e+04 1.322e+02 5.773e+01
s>                        ( - -9.092e+02 1 0)
s>                        ( - -1.094e+04 3 0))
s>                    ( QUESTION0 1 -1.053e+04 1.146e+02 4.915e+01
s>                        ( - -1.007e+04 5 0)
s>                        ( - -3.458e+02 1 0))))))INFO: dtree.c(1315): Comp split 23
INFO: dtree.c(1439): stop. leaf nodes are specific
INFO: dtree.c(1478): Final simple tree
|( QUESTION0 1 -2.116e+06 2.544e+02 9.667e+03
|    ( QUESTION2_0_L -1 -2.004e+06 1.729e+02 9.159e+03
|        ( - -2.002e+06 30 0)
|        ( - -1.985e+03 2 0))
|    ( QUESTION2_0_L -1 -1.113e+05 1.733e+02 5.088e+02
|        ( - -1.091e+05 5 0)
|        ( - -2.017e+03 1 0)))
s>    ( QUESTION0 1 -2.116e+06 2.544e+02 9.667e+03
s>        ( QUESTION2_0_L -1 -2.004e+06 1.729e+02 9.159e+03
s>            ( - -2.002e+06 30 0)
s>            ( - -1.985e+03 2 0))
s>        ( QUESTION2_0_L -1 -1.113e+05 1.733e+02 5.088e+02
s>            ( - -1.091e+05 5 0)
s>            ( - -2.017e+03 1 0)))INFO: dtree.c(1315): Comp split 24
INFO: dtree.c(1315): Comp split 25
INFO: dtree.c(1478): Final simple tree
|( QUESTION0_14_R 1 -3.502e+05 4.289e+02 1.608e+03
|    ( WDBNDRY_E 0 -5.750e+04 1.594e+02 2.661e+02
|        ( - -1.984e+04 6 0)
|        ( - -3.750e+04 8 0))
|    ( QUESTION11 1 -2.922e+05 3.922e+02 1.342e+03
|        ( QUESTION0_1_R 1 -7.566e+04 3.269e+02 3.498e+02
|            ( QUESTION0_4_R 1 -2.974e+04 1.838e+02 1.350e+02
|                ( - -2.882e+04 1 0)
|                ( - -7.333e+02 1 0))
|            ( - -4.560e+04 1 0))
|        ( QUESTION0_1_R 1 -2.162e+05 3.428e+02 9.923e+02
|            ( - -5.477e+04 6 0 QUESTION0_2_R 1 1.108e+02 2.518e+02)
|            ( QUESTION0_11_R 1 -1.611e+05 1.682e+02 7.405e+02
|                ( - -8.659e+03 3 0)
|                ( - -1.522e+05 20 0 WDBNDRY_E 0 1.581e+02 7.003e+02)))))
s>    ( QUESTION0_14_R 1 -3.502e+05 4.289e+02 1.608e+03
s>        ( WDBNDRY_E 0 -5.750e+04 1.594e+02 2.661e+02
s>            ( - -1.984e+04 6 0)
s>            ( - -3.750e+04 8 0))
s>        ( QUESTION11 1 -2.922e+05 3.922e+02 1.342e+03
s>            ( QUESTION0_1_R 1 -7.566e+04 3.269e+02 3.498e+02
s>                ( QUESTION0_4_R 1 -2.974e+04 1.838e+02 1.350e+02
s>                    ( - -2.882e+04 1 0)
s>                    ( - -7.333e+02 1 0))
s>                ( - -4.560e+04 1 0))
s>            ( QUESTION0_1_R 1 -2.162e+05 3.428e+02 9.923e+02
s>                ( - -5.477e+04 6 0 QUESTION0_2_R 1 1.108e+02 2.518e+02)
s>                ( QUESTION0_11_R 1 -1.611e+05 1.682e+02 7.405e+02
s>                    ( - -8.659e+03 3 0)
s>                    ( - -1.522e+05 20 0 WDBNDRY_E 0 1.581e+02 7.003e+02)))))INFO: dtree.c(1439): stop. leaf nodes are specific
INFO: dtree.c(1478): Final simple tree
|( WDBNDRY_E 0 -5.836e+04 2.888e+02 2.700e+02
|    ( QUESTION0_1_R 1 -3.969e+04 2.126e+02 1.858e+02
|        ( - -1.175e+04 4 0)
|        ( SILENCE 1 -2.772e+04 1.653e+02 1.295e+02
|            ( - -1.776e+04 3 0)
|            ( - -9.801e+03 3 0)))
|    ( QUESTION2_0_L -1 -1.838e+04 1.958e+02 8.425e+01
|        ( - -1.711e+04 4 0)
|        ( - -1.080e+03 1 0)))
s>    ( WDBNDRY_E 0 -5.836e+04 2.888e+02 2.700e+02
s>        ( QUESTION0_1_R 1 -3.969e+04 2.126e+02 1.858e+02
s>            ( - -1.175e+04 4 0)
s>            ( SILENCE 1 -2.772e+04 1.653e+02 1.295e+02
s>                ( - -1.776e+04 3 0)
s>                ( - -9.801e+03 3 0)))
s>        ( QUESTION2_0_L -1 -1.838e+04 1.958e+02 8.425e+01
s>            ( - -1.711e+04 4 0)
s>            ( - -1.080e+03 1 0)))INFO: dtree.c(1315): Comp split 26
INFO: dtree.c(1315): Comp split 27
INFO: dtree.c(1439): stop. leaf nodes are specific
INFO: dtree.c(1478): Final simple tree
|( WDBNDRY_E 0 -2.114e+05 1.795e+02 9.615e+02
|    ( - -3.173e+02 1 0)
|    ( QUESTION0 1 -2.109e+05 1.319e+02 9.595e+02
|        ( - -2.102e+05 16 0)
|        ( - -5.437e+02 1 0)))
s>    ( WDBNDRY_E 0 -2.114e+05 1.795e+02 9.615e+02
s>        ( - -3.173e+02 1 0)
s>        ( QUESTION0 1 -2.109e+05 1.319e+02 9.595e+02
s>            ( - -2.102e+05 16 0)
s>            ( - -5.437e+02 1 0)))INFO: dtree.c(1478): Final simple tree
|( QUESTION0_17_R 1 -7.265e+04 3.197e+02 3.395e+02
|    ( WDBNDRY_B 0 -3.966e+04 2.389e+02 1.878e+02
|        ( - -3.638e+04 4 0)
|        ( - -3.049e+03 1 0))
|    ( QUESTION6 1 -3.267e+04 1.502e+02 1.518e+02
|        ( - -1.252e+03 2 0)
|        ( QUESTION9 1 -3.127e+04 1.469e+02 1.458e+02
|            ( - -9.384e+02 1 0)
|            ( QUESTION3 -1 -3.018e+04 1.355e+02 1.408e+02
|                ( SILENCE 1 -2.708e+04 1.381e+02 1.259e+02
|                    ( - -1.751e+03 1 0)
|                    ( QUESTION0_19_R 1 -2.519e+04 1.351e+02 1.169e+02
|                        ( - -1.154e+03 2 0)
|                        ( - -2.390e+04 11 0 WDBNDRY_B 0 1.556e+02 1.109e+02)))
|                ( - -2.970e+03 1 0)))))
s>    ( QUESTION0_17_R 1 -7.265e+04 3.197e+02 3.395e+02
s>        ( WDBNDRY_B 0 -3.966e+04 2.389e+02 1.878e+02
s>            ( - -3.638e+04 4 0)
s>            ( - -3.049e+03 1 0))
s>        ( QUESTION6 1 -3.267e+04 1.502e+02 1.518e+02
s>            ( - -1.252e+03 2 0)
s>            ( QUESTION9 1 -3.127e+04 1.469e+02 1.458e+02
s>                ( - -9.384e+02 1 0)
s>                ( QUESTION3 -1 -3.018e+04 1.355e+02 1.408e+02
s>                    ( SILENCE 1 -2.708e+04 1.381e+02 1.259e+02
s>                        ( - -1.751e+03 1 0)
s>                        ( QUESTION0_19_R 1 -2.519e+04 1.351e+02 1.169e+02
s>                            ( - -1.154e+03 2 0)
s>                            ( - -2.390e+04 11 0 WDBNDRY_B 0 1.556e+02 1.109e+02)))
s>                    ( - -2.970e+03 1 0)))))INFO: dtree.c(1315): Comp split 28
INFO: dtree.c(1439): stop. leaf nodes are specific
INFO: dtree.c(1478): Final simple tree
|( QUESTION16 -1 -1.102e+05 1.845e+02 5.117e+02
|    ( - -4.089e+03 1 0)
|    ( QUESTION2 -1 -1.059e+05 1.491e+02 4.906e+02
|        ( - -1.033e+05 1 0)
|        ( QUESTION12 -1 -2.473e+03 1.281e+02 1.200e+01
|            ( - -9.605e+02 1 0)
|            ( - -1.384e+03 1 0))))
s>    ( QUESTION16 -1 -1.102e+05 1.845e+02 5.117e+02
s>        ( - -4.089e+03 1 0)
s>        ( QUESTION2 -1 -1.059e+05 1.491e+02 4.906e+02
s>            ( - -1.033e+05 1 0)
s>            ( QUESTION12 -1 -2.473e+03 1.281e+02 1.200e+01
s>                ( - -9.605e+02 1 0)
s>                ( - -1.384e+03 1 0))))INFO: dtree.c(1315): Comp split 29
INFO: dtree.c(1439): stop. leaf nodes are specific
INFO: dtree.c(1478): Final simple tree
|( SILENCE -1 -3.338e+05 3.184e+02 1.530e+03
|    ( QUESTION0_0_R 1 -2.480e+05 2.555e+02 1.134e+03
|        ( - -1.981e+04 1 0)
|        ( QUESTION0 1 -2.279e+05 2.542e+02 1.042e+03
|            ( - -1.814e+05 6 0)
|            ( - -4.621e+04 1 0)))
|    ( QUESTION0_0_R 1 -8.550e+04 1.491e+02 3.955e+02
|        ( - -1.256e+03 1 0)
|        ( QUESTION0 1 -8.410e+04 1.378e+02 3.895e+02
|            ( - -6.949e+04 6 0)
|            ( - -1.447e+04 1 0))))
s>    ( SILENCE -1 -3.338e+05 3.184e+02 1.530e+03
s>        ( QUESTION0_0_R 1 -2.480e+05 2.555e+02 1.134e+03
s>            ( - -1.981e+04 1 0)
s>            ( QUESTION0 1 -2.279e+05 2.542e+02 1.042e+03
s>                ( - -1.814e+05 6 0)
s>                ( - -4.621e+04 1 0)))
s>        ( QUESTION0_0_R 1 -8.550e+04 1.491e+02 3.955e+02
s>            ( - -1.256e+03 1 0)
s>            ( QUESTION0 1 -8.410e+04 1.378e+02 3.895e+02
s>                ( - -6.949e+04 6 0)
s>                ( - -1.447e+04 1 0))))INFO: dtree.c(1439): stop. leaf nodes are specific
INFO: dtree.c(1478): Final simple tree
|( SILENCE -1 -3.843e+04 1.931e+02 1.782e+02
|    ( - -2.498e+04 1 0)
|    ( - -1.325e+04 1 0))
s>    ( SILENCE -1 -3.843e+04 1.931e+02 1.782e+02
s>        ( - -2.498e+04 1 0)
s>        ( - -1.325e+04 1 0))INFO: dtree.c(1315): Comp split 30
INFO: dtree.c(1439): stop. leaf nodes are specific
INFO: dtree.c(1478): Final simple tree
|( QUESTION0_6_R 1 -5.566e+04 1.584e+02 2.558e+02
|    ( - -7.333e+02 1 0)
|    ( QUESTION0_2_R 1 -5.477e+04 1.108e+02 2.518e+02
|        ( - -5.390e+04 4 0)
|        ( - -7.591e+02 2 0)))
s>    ( QUESTION0_6_R 1 -5.566e+04 1.584e+02 2.558e+02
s>        ( - -7.333e+02 1 0)
s>        ( QUESTION0_2_R 1 -5.477e+04 1.108e+02 2.518e+02
s>            ( - -5.390e+04 4 0)
s>            ( - -7.591e+02 2 0)))INFO: dtree.c(1478): Final simple tree
|( QUESTION11 1 -2.941e+05 4.250e+02 1.352e+03
|    ( QUESTION0_1_R 1 -7.474e+04 3.227e+02 3.458e+02
|        ( - -2.882e+04 1 0)
|        ( - -4.560e+04 1 0))
|    ( QUESTION0_9_R 1 -2.189e+05 3.521e+02 1.007e+03
|        ( QUESTION0_10_R 1 -1.574e+05 1.670e+02 7.235e+02
|            ( WDBNDRY_E 0 -1.486e+05 1.602e+02 6.833e+02
|                ( - -1.456e+05 14 0)
|                ( - -2.865e+03 3 0))
|            ( - -8.659e+03 3 0))
|        ( WDBNDRY_E 0 -6.114e+04 1.713e+02 2.831e+02
|            ( QUESTION0_8_R 1 -2.347e+04 1.226e+02 1.104e+02
|                ( - -3.505e+03 3 0)
|                ( - -1.984e+04 6 0))
|            ( - -3.750e+04 8 0))))
s>    ( QUESTION11 1 -2.941e+05 4.250e+02 1.352e+03
s>        ( QUESTION0_1_R 1 -7.474e+04 3.227e+02 3.458e+02
s>            ( - -2.882e+04 1 0)
s>            ( - -4.560e+04 1 0))
s>        ( QUESTION0_9_R 1 -2.189e+05 3.521e+02 1.007e+03
s>            ( QUESTION0_10_R 1 -1.574e+05 1.670e+02 7.235e+02
s>                ( WDBNDRY_E 0 -1.486e+05 1.602e+02 6.833e+02
s>                    ( - -1.456e+05 14 0)
s>                    ( - -2.865e+03 3 0))
s>                ( - -8.659e+03 3 0))
s>            ( WDBNDRY_E 0 -6.114e+04 1.713e+02 2.831e+02
s>                ( QUESTION0_8_R 1 -2.347e+04 1.226e+02 1.104e+02
s>                    ( - -3.505e+03 3 0)
s>                    ( - -1.984e+04 6 0))
s>                ( - -3.750e+04 8 0))))INFO: dtree.c(1315): Comp split 31
INFO: dtree.c(1439): stop. leaf nodes are specific
INFO: dtree.c(1478): Final simple tree
|( QUESTION0_1_R 1 -7.777e+04 3.310e+02 3.598e+02
|    ( - -2.882e+04 1 0)
|    ( WDBNDRY_E 0 -4.861e+04 1.521e+02 2.288e+02
|        ( - -4.560e+04 1 0)
|        ( - -2.865e+03 3 0)))
s>    ( QUESTION0_1_R 1 -7.777e+04 3.310e+02 3.598e+02
s>        ( - -2.882e+04 1 0)
s>        ( WDBNDRY_E 0 -4.861e+04 1.521e+02 2.288e+02
s>            ( - -4.560e+04 1 0)
s>            ( - -2.865e+03 3 0)))INFO: dtree.c(1439): stop. leaf nodes are specific
INFO: dtree.c(1478): Final simple tree
|( QUESTION0_9_R 1 -2.159e+05 3.524e+02 9.926e+02
|    ( QUESTION0_10_R 1 -1.544e+05 1.657e+02 7.095e+02
|        ( - -1.456e+05 14 0)
|        ( - -8.659e+03 3 0))
|    ( WDBNDRY_E 0 -6.114e+04 1.713e+02 2.831e+02
|        ( QUESTION0_8_R 1 -2.347e+04 1.226e+02 1.104e+02
|            ( - -3.505e+03 3 0)
|            ( - -1.984e+04 6 0))
|        ( - -3.750e+04 8 0)))
s>    ( QUESTION0_9_R 1 -2.159e+05 3.524e+02 9.926e+02
s>        ( QUESTION0_10_R 1 -1.544e+05 1.657e+02 7.095e+02
s>            ( - -1.456e+05 14 0)
s>            ( - -8.659e+03 3 0))
s>        ( WDBNDRY_E 0 -6.114e+04 1.713e+02 2.831e+02
s>            ( QUESTION0_8_R 1 -2.347e+04 1.226e+02 1.104e+02
s>                ( - -3.505e+03 3 0)
s>                ( - -1.984e+04 6 0))
s>            ( - -3.750e+04 8 0)))INFO: dtree.c(1315): Comp split 32
INFO: dtree.c(1439): stop. leaf nodes are specific
INFO: dtree.c(1478): Final simple tree
|( QUESTION0_0_R 1 -4.558e+04 2.193e+02 2.147e+02
|    ( - -1.738e+04 1 0)
|    ( QUESTION12 -1 -2.798e+04 1.719e+02 1.309e+02
|        ( - -5.152e+03 4 0)
|        ( QUESTION11 -1 -2.266e+04 1.423e+02 1.069e+02
|            ( QUESTION14 -1 -1.199e+04 1.322e+02 5.773e+01
|                ( - -9.092e+02 1 0)
|                ( - -1.094e+04 3 0))
|            ( QUESTION0 1 -1.053e+04 1.146e+02 4.915e+01
|                ( - -1.007e+04 5 0)
|                ( - -3.458e+02 1 0)))))
s>    ( QUESTION0_0_R 1 -4.558e+04 2.193e+02 2.147e+02
s>        ( - -1.738e+04 1 0)
s>        ( QUESTION12 -1 -2.798e+04 1.719e+02 1.309e+02
s>            ( - -5.152e+03 4 0)
s>            ( QUESTION11 -1 -2.266e+04 1.423e+02 1.069e+02
s>                ( QUESTION14 -1 -1.199e+04 1.322e+02 5.773e+01
s>                    ( - -9.092e+02 1 0)
s>                    ( - -1.094e+04 3 0))
s>                ( QUESTION0 1 -1.053e+04 1.146e+02 4.915e+01
s>                    ( - -1.007e+04 5 0)
s>                    ( - -3.458e+02 1 0)))))INFO: dtree.c(1439): stop. leaf nodes are specific
INFO: dtree.c(1478): Final simple tree
|( QUESTION0_0_R 1 -1.489e+05 2.540e+02 7.063e+02
|    ( - -1.102e+05 2 0)
|    ( - -3.846e+04 7 0))
s>    ( QUESTION0_0_R 1 -1.489e+05 2.540e+02 7.063e+02
s>        ( - -1.102e+05 2 0)
s>        ( - -3.846e+04 7 0))INFO: dtree.c(1315): Comp split 33
INFO: dtree.c(1439): stop. leaf nodes are specific
INFO: dtree.c(1478): Final simple tree
|( QUESTION0 1 -1.305e+05 2.358e+02 6.044e+02
|    ( - -6.949e+04 6 0)
|    ( SILENCE -1 -6.080e+04 1.270e+02 2.813e+02
|        ( - -4.621e+04 1 0)
|        ( - -1.447e+04 1 0)))
s>    ( QUESTION0 1 -1.305e+05 2.358e+02 6.044e+02
s>        ( - -6.949e+04 6 0)
s>        ( SILENCE -1 -6.080e+04 1.270e+02 2.813e+02
s>            ( - -4.621e+04 1 0)
s>            ( - -1.447e+04 1 0)))INFO: dtree.c(1439): stop. leaf nodes are specific
INFO: dtree.c(1478): Final simple tree
|( QUESTION0_0_R 1 -2.029e+05 2.356e+02 9.251e+02
|    ( SILENCE -1 -2.122e+04 1.531e+02 9.777e+01
|        ( - -1.981e+04 1 0)
|        ( - -1.256e+03 1 0))
|    ( - -1.814e+05 6 0))
s>    ( QUESTION0_0_R 1 -2.029e+05 2.356e+02 9.251e+02
s>        ( SILENCE -1 -2.122e+04 1.531e+02 9.777e+01
s>            ( - -1.981e+04 1 0)
s>            ( - -1.256e+03 1 0))
s>        ( - -1.814e+05 6 0))INFO: dtree.c(1315): Comp split 34
INFO: dtree.c(1439): stop. leaf nodes are specific
INFO: dtree.c(1478): Final simple tree
|( WDBNDRY_E 0 -6.114e+04 1.713e+02 2.831e+02
|    ( QUESTION0_8_R 1 -2.347e+04 1.226e+02 1.104e+02
|        ( - -3.505e+03 3 0)
|        ( - -1.984e+04 6 0))
|    ( - -3.750e+04 8 0))
s>    ( WDBNDRY_E 0 -6.114e+04 1.713e+02 2.831e+02
s>        ( QUESTION0_8_R 1 -2.347e+04 1.226e+02 1.104e+02
s>            ( - -3.505e+03 3 0)
s>            ( - -1.984e+04 6 0))
s>        ( - -3.750e+04 8 0))INFO: dtree.c(1439): stop. leaf nodes are specific
INFO: dtree.c(1478): Final simple tree
|( QUESTION0_10_R 1 -1.544e+05 1.657e+02 7.095e+02
|    ( - -1.456e+05 14 0)
|    ( - -8.659e+03 3 0))
s>    ( QUESTION0_10_R 1 -1.544e+05 1.657e+02 7.095e+02
s>        ( - -1.456e+05 14 0)
s>        ( - -8.659e+03 3 0))INFO: dtree.c(1315): Comp split 35
INFO: dtree.c(1439): stop. leaf nodes are specific
INFO: dtree.c(1478): Final simple tree
|( WDBNDRY_B 0 -8.359e+05 9.857e+01 3.812e+03
|    ( - -8.350e+05 6 0)
|    ( - -7.779e+02 1 0))
s>    ( WDBNDRY_B 0 -8.359e+05 9.857e+01 3.812e+03
s>        ( - -8.350e+05 6 0)
s>        ( - -7.779e+02 1 0))INFO: dtree.c(1439): stop. leaf nodes are specific
INFO: dtree.c(1478): Final simple tree
|( QUESTION0 1 -1.461e+04 1.273e+02 6.650e+01
|    ( - -1.219e+04 5 0)
|    ( - -2.294e+03 1 0))
s>    ( QUESTION0 1 -1.461e+04 1.273e+02 6.650e+01
s>        ( - -1.219e+04 5 0)
s>        ( - -2.294e+03 1 0))INFO: dtree.c(1315): Comp split 36
INFO: dtree.c(1478): Final simple tree
|( QUESTION0_17_R 1 -3.594e+04 2.236e+02 1.668e+02
|    ( - -3.049e+03 1 0)
|    ( QUESTION6 1 -3.267e+04 1.502e+02 1.518e+02
|        ( - -1.252e+03 2 0)
|        ( QUESTION9 1 -3.127e+04 1.469e+02 1.458e+02
|            ( - -9.384e+02 1 0)
|            ( QUESTION3 -1 -3.018e+04 1.355e+02 1.408e+02
|                ( SILENCE 1 -2.708e+04 1.381e+02 1.259e+02
|                    ( - -1.751e+03 1 0)
|                    ( QUESTION0_19_R 1 -2.519e+04 1.351e+02 1.169e+02
|                        ( - -1.154e+03 2 0)
|                        ( WDBNDRY_B 0 -2.390e+04 1.556e+02 1.109e+02
|                            ( - -2.024e+04 6 0 QUESTION0_0_R 1 1.770e+02 9.494e+01)
|                            ( - -3.510e+03 5 0 QUESTION0_3_R 1 1.273e+02 1.600e+01))))
|                ( - -2.970e+03 1 0)))))
s>    ( QUESTION0_17_R 1 -3.594e+04 2.236e+02 1.668e+02
s>        ( - -3.049e+03 1 0)
s>        ( QUESTION6 1 -3.267e+04 1.502e+02 1.518e+02
s>            ( - -1.252e+03 2 0)
s>            ( QUESTION9 1 -3.127e+04 1.469e+02 1.458e+02
s>                ( - -9.384e+02 1 0)
s>                ( QUESTION3 -1 -3.018e+04 1.355e+02 1.408e+02
s>                    ( SILENCE 1 -2.708e+04 1.381e+02 1.259e+02
s>                        ( - -1.751e+03 1 0)
s>                        ( QUESTION0_19_R 1 -2.519e+04 1.351e+02 1.169e+02
s>                            ( - -1.154e+03 2 0)
s>                            ( WDBNDRY_B 0 -2.390e+04 1.556e+02 1.109e+02
s>                                ( - -2.024e+04 6 0 QUESTION0_0_R 1 1.770e+02 9.494e+01)
s>                                ( - -3.510e+03 5 0 QUESTION0_3_R 1 1.273e+02 1.600e+01))))
s>                    ( - -2.970e+03 1 0)))))INFO: dtree.c(1315): Comp split 37
INFO: dtree.c(1439): stop. leaf nodes are specific
INFO: dtree.c(1478): Final simple tree
|( WDBNDRY_E 0 -4.861e+04 1.521e+02 2.288e+02
|    ( - -4.560e+04 1 0)
|    ( - -2.865e+03 3 0))
s>    ( WDBNDRY_E 0 -4.861e+04 1.521e+02 2.288e+02
s>        ( - -4.560e+04 1 0)
s>        ( - -2.865e+03 3 0))INFO: dtree.c(1315): Comp split 38
INFO: dtree.c(1439): stop. leaf nodes are specific
INFO: dtree.c(1478): Final simple tree
|( QUESTION0 1 -2.582e+04 1.292e+02 1.212e+02
|    ( - -2.078e+04 6 0)
|    ( - -4.905e+03 1 0))
s>    ( QUESTION0 1 -2.582e+04 1.292e+02 1.212e+02
s>        ( - -2.078e+04 6 0)
s>        ( - -4.905e+03 1 0))INFO: dtree.c(1315): Comp split 39
INFO: dtree.c(1315): Comp split 40
INFO: dtree.c(1439): stop. leaf nodes are specific
INFO: dtree.c(1478): Final simple tree
|( QUESTION0_1_R 1 -3.969e+04 2.126e+02 1.858e+02
|    ( - -1.175e+04 4 0)
|    ( SILENCE 1 -2.772e+04 1.653e+02 1.295e+02
|        ( - -1.776e+04 3 0)
|        ( - -9.801e+03 3 0)))
s>    ( QUESTION0_1_R 1 -3.969e+04 2.126e+02 1.858e+02
s>        ( - -1.175e+04 4 0)
s>        ( SILENCE 1 -2.772e+04 1.653e+02 1.295e+02
s>            ( - -1.776e+04 3 0)
s>            ( - -9.801e+03 3 0)))INFO: dtree.c(1439): stop. leaf nodes are specific
INFO: dtree.c(1478): Final simple tree
|( QUESTION2_0_L -1 -1.838e+04 1.958e+02 8.425e+01
|    ( - -1.711e+04 4 0)
|    ( - -1.080e+03 1 0))
s>    ( QUESTION2_0_L -1 -1.838e+04 1.958e+02 8.425e+01
s>        ( - -1.711e+04 4 0)
s>        ( - -1.080e+03 1 0))INFO: dtree.c(1315): Comp split 41
INFO: dtree.c(1439): stop. leaf nodes are specific
INFO: dtree.c(1478): Final simple tree
|( QUESTION0 1 -1.113e+05 1.679e+02 5.087e+02
|    ( - -1.985e+03 2 0)
|    ( - -1.091e+05 5 0))
s>    ( QUESTION0 1 -1.113e+05 1.679e+02 5.087e+02
s>        ( - -1.985e+03 2 0)
s>        ( - -1.091e+05 5 0))INFO: dtree.c(1439): stop. leaf nodes are specific
INFO: dtree.c(1478): Final simple tree
|( QUESTION0 1 -2.004e+06 1.669e+02 9.159e+03
|    ( - -2.002e+06 30 0)
|    ( - -2.017e+03 1 0))
s>    ( QUESTION0 1 -2.004e+06 1.669e+02 9.159e+03
s>        ( - -2.002e+06 30 0)
s>        ( - -2.017e+03 1 0))INFO: dtree.c(1315): Comp split 42
INFO: dtree.c(1315): Comp split 43
INFO: dtree.c(1439): stop. leaf nodes are specific
INFO: dtree.c(1478): Final simple tree
|( QUESTION11 -1 -6.877e+04 1.444e+02 3.160e+02
|    ( - -1.262e+03 2 0)
|    ( QUESTION0_0_R 1 -6.736e+04 1.069e+02 3.100e+02
|        ( - -1.679e+03 1 0)
|        ( - -6.558e+04 4 0)))
s>    ( QUESTION11 -1 -6.877e+04 1.444e+02 3.160e+02
s>        ( - -1.262e+03 2 0)
s>        ( QUESTION0_0_R 1 -6.736e+04 1.069e+02 3.100e+02
s>            ( - -1.679e+03 1 0)
s>            ( - -6.558e+04 4 0)))INFO: dtree.c(1439): stop. leaf nodes are specific
INFO: dtree.c(1478): Final simple tree
|( QUESTION0 1 -2.207e+04 1.707e+02 1.032e+02
|    ( - -1.131e+03 1 0)
|    ( QUESTION0_0_R 1 -2.076e+04 9.649e+01 9.719e+01
|        ( - -3.713e+02 1 0)
|        ( - -2.030e+04 1 0)))
s>    ( QUESTION0 1 -2.207e+04 1.707e+02 1.032e+02
s>        ( - -1.131e+03 1 0)
s>        ( QUESTION0_0_R 1 -2.076e+04 9.649e+01 9.719e+01
s>            ( - -3.713e+02 1 0)
s>            ( - -2.030e+04 1 0)))INFO: dtree.c(1315): Comp split 44
INFO: dtree.c(1439): stop. leaf nodes are specific
INFO: dtree.c(1478): Final simple tree
|( SILENCE -1 -1.828e+05 1.484e+02 8.334e+02
|    ( - -1.814e+05 6 0)
|    ( - -1.256e+03 1 0))
s>    ( SILENCE -1 -1.828e+05 1.484e+02 8.334e+02
s>        ( - -1.814e+05 6 0)
s>        ( - -1.256e+03 1 0))INFO: dtree.c(1315): Comp split 45
INFO: dtree.c(1439): stop. leaf nodes are specific
INFO: dtree.c(1478): Final simple tree
|( SILENCE -1 -6.080e+04 1.270e+02 2.813e+02
|    ( - -4.621e+04 1 0)
|    ( - -1.447e+04 1 0))
s>    ( SILENCE -1 -6.080e+04 1.270e+02 2.813e+02
s>        ( - -4.621e+04 1 0)
s>        ( - -1.447e+04 1 0))INFO: dtree.c(1315): Comp split 46
INFO: dtree.c(1478): Final simple tree
|( QUESTION6 1 -3.267e+04 1.502e+02 1.518e+02
|    ( - -1.252e+03 2 0)
|    ( QUESTION9 1 -3.127e+04 1.469e+02 1.458e+02
|        ( - -9.384e+02 1 0)
|        ( QUESTION3 -1 -3.018e+04 1.355e+02 1.408e+02
|            ( SILENCE 1 -2.708e+04 1.381e+02 1.259e+02
|                ( - -1.751e+03 1 0)
|                ( QUESTION0_19_R 1 -2.519e+04 1.351e+02 1.169e+02
|                    ( - -1.154e+03 2 0)
|                    ( WDBNDRY_B 0 -2.390e+04 1.556e+02 1.109e+02
|                        ( QUESTION0_0_R 1 -2.024e+04 1.770e+02 9.494e+01
|                            ( - -8.847e+02 2 0)
|                            ( - -1.917e+04 4 0))
|                        ( - -3.510e+03 5 0 QUESTION0_3_R 1 1.273e+02 1.600e+01))))
|            ( - -2.970e+03 1 0))))
s>    ( QUESTION6 1 -3.267e+04 1.502e+02 1.518e+02
s>        ( - -1.252e+03 2 0)
s>        ( QUESTION9 1 -3.127e+04 1.469e+02 1.458e+02
s>            ( - -9.384e+02 1 0)
s>            ( QUESTION3 -1 -3.018e+04 1.355e+02 1.408e+02
s>                ( SILENCE 1 -2.708e+04 1.381e+02 1.259e+02
s>                    ( - -1.751e+03 1 0)
s>                    ( QUESTION0_19_R 1 -2.519e+04 1.351e+02 1.169e+02
s>                        ( - -1.154e+03 2 0)
s>                        ( WDBNDRY_B 0 -2.390e+04 1.556e+02 1.109e+02
s>                            ( QUESTION0_0_R 1 -2.024e+04 1.770e+02 9.494e+01
s>                                ( - -8.847e+02 2 0)
s>                                ( - -1.917e+04 4 0))
s>                            ( - -3.510e+03 5 0 QUESTION0_3_R 1 1.273e+02 1.600e+01))))
s>                ( - -2.970e+03 1 0))))INFO: dtree.c(1315): Comp split 47
INFO: dtree.c(1439): stop. leaf nodes are specific
INFO: dtree.c(1478): Final simple tree
|( QUESTION2 -1 -5.137e+03 1.182e+02 2.342e+01
|    ( - -3.075e+03 1 0)
|    ( - -1.944e+03 1 0))
s>    ( QUESTION2 -1 -5.137e+03 1.182e+02 2.342e+01
s>        ( - -3.075e+03 1 0)
s>        ( - -1.944e+03 1 0))INFO: dtree.c(1315): Comp split 48
INFO: dtree.c(1439): stop. leaf nodes are specific
INFO: dtree.c(1478): Final simple tree
|( QUESTION12 -1 -2.798e+04 1.719e+02 1.309e+02
|    ( - -5.152e+03 4 0)
|    ( QUESTION11 -1 -2.266e+04 1.423e+02 1.069e+02
|        ( QUESTION14 -1 -1.199e+04 1.322e+02 5.773e+01
|            ( - -9.092e+02 1 0)
|            ( - -1.094e+04 3 0))
|        ( QUESTION0 1 -1.053e+04 1.146e+02 4.915e+01
|            ( - -1.007e+04 5 0)
|            ( - -3.458e+02 1 0))))
s>    ( QUESTION12 -1 -2.798e+04 1.719e+02 1.309e+02
s>        ( - -5.152e+03 4 0)
s>        ( QUESTION11 -1 -2.266e+04 1.423e+02 1.069e+02
s>            ( QUESTION14 -1 -1.199e+04 1.322e+02 5.773e+01
s>                ( - -9.092e+02 1 0)
s>                ( - -1.094e+04 3 0))
s>            ( QUESTION0 1 -1.053e+04 1.146e+02 4.915e+01
s>                ( - -1.007e+04 5 0)
s>                ( - -3.458e+02 1 0))))INFO: dtree.c(1315): Comp split 49
INFO: dtree.c(1439): stop. leaf nodes are specific
INFO: dtree.c(1478): Final simple tree
|( SILENCE 1 -2.772e+04 1.653e+02 1.295e+02
|    ( - -1.776e+04 3 0)
|    ( - -9.801e+03 3 0))
s>    ( SILENCE 1 -2.772e+04 1.653e+02 1.295e+02
s>        ( - -1.776e+04 3 0)
s>        ( - -9.801e+03 3 0))INFO: dtree.c(1315): Comp split 50
INFO: dtree.c(1315): Comp split 51
INFO: dtree.c(1315): Comp split 52
INFO: dtree.c(1315): Comp split 53
INFO: dtree.c(1439): stop. leaf nodes are specific
INFO: dtree.c(1478): Final simple tree
|( QUESTION2_0_L -1 -2.192e+06 1.104e+02 9.876e+03
|    ( - -2.191e+06 30 0)
|    ( - -3.310e+02 1 0))
s>    ( QUESTION2_0_L -1 -2.192e+06 1.104e+02 9.876e+03
s>        ( - -2.191e+06 30 0)
s>        ( - -3.310e+02 1 0))INFO: dtree.c(1315): Comp split 54
INFO: dtree.c(1439): stop. leaf nodes are specific
INFO: dtree.c(1478): Final simple tree
|( QUESTION0_0_R 1 -5.870e+03 1.585e+02 2.882e+01
|    ( - -8.847e+02 2 0)
|    ( WDBNDRY_B 0 -4.827e+03 1.063e+02 2.382e+01
|        ( - -2.970e+03 1 0)
|        ( - -1.751e+03 1 0)))
s>    ( QUESTION0_0_R 1 -5.870e+03 1.585e+02 2.882e+01
s>        ( - -8.847e+02 2 0)
s>        ( WDBNDRY_B 0 -4.827e+03 1.063e+02 2.382e+01
s>            ( - -2.970e+03 1 0)
s>            ( - -1.751e+03 1 0)))INFO: dtree.c(1478): Final simple tree
|( QUESTION6 1 -2.662e+04 1.510e+02 1.229e+02
|    ( - -1.252e+03 2 0)
|    ( QUESTION9 1 -2.521e+04 1.485e+02 1.169e+02
|        ( - -9.384e+02 1 0)
|        ( QUESTION0_19_R 1 -2.413e+04 1.349e+02 1.119e+02
|            ( - -1.154e+03 2 0)
|            ( WDBNDRY_B 0 -2.284e+04 1.530e+02 1.059e+02
|                ( - -1.917e+04 4 0)
|                ( QUESTION0_3_R 1 -3.510e+03 1.273e+02 1.600e+01
|                    ( - -7.766e+02 1 0)
|                    ( QUESTION0_8_R 1 -2.606e+03 1.152e+02 1.200e+01
|                        ( - -3.574e+02 1 0)
|                        ( WDBNDRY_E 0 -2.134e+03 1.050e+02 1.000e+01
|                            ( - -5.416e+02 1 0)
|                            ( - -1.487e+03 2 0))))))))
s>    ( QUESTION6 1 -2.662e+04 1.510e+02 1.229e+02
s>        ( - -1.252e+03 2 0)
s>        ( QUESTION9 1 -2.521e+04 1.485e+02 1.169e+02
s>            ( - -9.384e+02 1 0)
s>            ( QUESTION0_19_R 1 -2.413e+04 1.349e+02 1.119e+02
s>                ( - -1.154e+03 2 0)
s>                ( WDBNDRY_B 0 -2.284e+04 1.530e+02 1.059e+02
s>                    ( - -1.917e+04 4 0)
s>                    ( QUESTION0_3_R 1 -3.510e+03 1.273e+02 1.600e+01
s>                        ( - -7.766e+02 1 0)
s>                        ( QUESTION0_8_R 1 -2.606e+03 1.152e+02 1.200e+01
s>                            ( - -3.574e+02 1 0)
s>                            ( WDBNDRY_E 0 -2.134e+03 1.050e+02 1.000e+01
s>                                ( - -5.416e+02 1 0)
s>                                ( - -1.487e+03 2 0))))))))INFO: dtree.c(1315): Comp split 55
INFO: dtree.c(1439): stop. leaf nodes are specific
INFO: dtree.c(1478): Final simple tree
|( QUESTION2 -1 -1.059e+05 1.491e+02 4.906e+02
|    ( - -1.033e+05 1 0)
|    ( QUESTION12 -1 -2.473e+03 1.281e+02 1.200e+01
|        ( - -9.605e+02 1 0)
|        ( - -1.384e+03 1 0)))
s>    ( QUESTION2 -1 -1.059e+05 1.491e+02 4.906e+02
s>        ( - -1.033e+05 1 0)
s>        ( QUESTION12 -1 -2.473e+03 1.281e+02 1.200e+01
s>            ( - -9.605e+02 1 0)
s>            ( - -1.384e+03 1 0)))INFO: dtree.c(1315): Comp split 56
INFO: dtree.c(1439): stop. leaf nodes are specific
INFO: dtree.c(1478): Final simple tree
|( QUESTION0_19_R 1 -3.995e+03 1.365e+02 1.800e+01
|    ( - -1.252e+03 2 0)
|    ( QUESTION0_8_R 1 -2.606e+03 1.152e+02 1.200e+01
|        ( - -3.574e+02 1 0)
|        ( WDBNDRY_E 0 -2.134e+03 1.050e+02 1.000e+01
|            ( - -5.416e+02 1 0)
|            ( - -1.487e+03 2 0))))
s>    ( QUESTION0_19_R 1 -3.995e+03 1.365e+02 1.800e+01
s>        ( - -1.252e+03 2 0)
s>        ( QUESTION0_8_R 1 -2.606e+03 1.152e+02 1.200e+01
s>            ( - -3.574e+02 1 0)
s>            ( WDBNDRY_E 0 -2.134e+03 1.050e+02 1.000e+01
s>                ( - -5.416e+02 1 0)
s>                ( - -1.487e+03 2 0))))INFO: dtree.c(1439): stop. leaf nodes are specific
INFO: dtree.c(1478): Final simple tree
|( QUESTION0_8_R 1 -2.244e+04 1.464e+02 1.049e+02
|    ( - -9.384e+02 1 0)
|    ( QUESTION0_7_R 1 -2.136e+04 1.302e+02 9.994e+01
|        ( - -1.154e+03 2 0)
|        ( WDBNDRY_B 0 -2.007e+04 1.217e+02 9.394e+01
|            ( - -1.917e+04 4 0)
|            ( - -7.766e+02 1 0))))
s>    ( QUESTION0_8_R 1 -2.244e+04 1.464e+02 1.049e+02
s>        ( - -9.384e+02 1 0)
s>        ( QUESTION0_7_R 1 -2.136e+04 1.302e+02 9.994e+01
s>            ( - -1.154e+03 2 0)
s>            ( WDBNDRY_B 0 -2.007e+04 1.217e+02 9.394e+01
s>                ( - -1.917e+04 4 0)
s>                ( - -7.766e+02 1 0))))INFO: dtree.c(1315): Comp split 57
INFO: dtree.c(1439): stop. leaf nodes are specific
INFO: dtree.c(1478): Final simple tree
|( QUESTION0 1 -2.109e+05 1.319e+02 9.595e+02
|    ( - -2.102e+05 16 0)
|    ( - -5.437e+02 1 0))
s>    ( QUESTION0 1 -2.109e+05 1.319e+02 9.595e+02
s>        ( - -2.102e+05 16 0)
s>        ( - -5.437e+02 1 0))INFO: dtree.c(1315): Comp split 58
INFO: dtree.c(1439): stop. leaf nodes are specific
INFO: dtree.c(1478): Final simple tree
|( WDBNDRY_B 0 -2.047e+05 1.326e+02 9.309e+02
|    ( - -1.458e+03 1 0)
|    ( - -2.031e+05 25 0))
s>    ( WDBNDRY_B 0 -2.047e+05 1.326e+02 9.309e+02
s>        ( - -1.458e+03 1 0)
s>        ( - -2.031e+05 25 0))INFO: dtree.c(1315): Comp split 59
INFO: dtree.c(1315): Comp split 60
INFO: dtree.c(1439): stop. leaf nodes are specific
INFO: dtree.c(1478): Final simple tree
|( QUESTION11 -1 -2.266e+04 1.423e+02 1.069e+02
|    ( QUESTION14 -1 -1.199e+04 1.322e+02 5.773e+01
|        ( - -9.092e+02 1 0)
|        ( - -1.094e+04 3 0))
|    ( QUESTION0 1 -1.053e+04 1.146e+02 4.915e+01
|        ( - -1.007e+04 5 0)
|        ( - -3.458e+02 1 0)))
s>    ( QUESTION11 -1 -2.266e+04 1.423e+02 1.069e+02
s>        ( QUESTION14 -1 -1.199e+04 1.322e+02 5.773e+01
s>            ( - -9.092e+02 1 0)
s>            ( - -1.094e+04 3 0))
s>        ( QUESTION0 1 -1.053e+04 1.146e+02 4.915e+01
s>            ( - -1.007e+04 5 0)
s>            ( - -3.458e+02 1 0)))INFO: dtree.c(1315): Comp split 61
INFO: dtree.c(1439): stop. leaf nodes are specific
INFO: dtree.c(1478): Final simple tree
|( QUESTION0_8_R 1 -2.347e+04 1.226e+02 1.104e+02
|    ( - -3.505e+03 3 0)
|    ( - -1.984e+04 6 0))
s>    ( QUESTION0_8_R 1 -2.347e+04 1.226e+02 1.104e+02
s>        ( - -3.505e+03 3 0)
s>        ( - -1.984e+04 6 0))INFO: dtree.c(1315): Comp split 62
INFO: dtree.c(1439): stop. leaf nodes are specific
INFO: dtree.c(1478): Final simple tree
|( QUESTION0_0_R 1 -2.076e+04 9.649e+01 9.719e+01
|    ( - -3.713e+02 1 0)
|    ( - -2.030e+04 1 0))
s>    ( QUESTION0_0_R 1 -2.076e+04 9.649e+01 9.719e+01
s>        ( - -3.713e+02 1 0)
s>        ( - -2.030e+04 1 0))INFO: dtree.c(1315): Comp split 63
INFO: dtree.c(1315): Comp split 64
INFO: dtree.c(1315): Comp split 65
INFO: dtree.c(1315): Comp split 66
INFO: dtree.c(1315): Comp split 67
INFO: dtree.c(1439): stop. leaf nodes are specific
INFO: dtree.c(1478): Final simple tree
|( WDBNDRY_B 0 -4.827e+03 1.063e+02 2.382e+01
|    ( - -2.970e+03 1 0)
|    ( - -1.751e+03 1 0))
s>    ( WDBNDRY_B 0 -4.827e+03 1.063e+02 2.382e+01
s>        ( - -2.970e+03 1 0)
s>        ( - -1.751e+03 1 0))INFO: dtree.c(1315): Comp split 68
INFO: dtree.c(1439): stop. leaf nodes are specific
INFO: dtree.c(1478): Final simple tree
|( QUESTION0_2_R 1 -5.477e+04 1.108e+02 2.518e+02
|    ( - -5.390e+04 4 0)
|    ( - -7.591e+02 2 0))
s>    ( QUESTION0_2_R 1 -5.477e+04 1.108e+02 2.518e+02
s>        ( - -5.390e+04 4 0)
s>        ( - -7.591e+02 2 0))INFO: dtree.c(1315): Comp split 69
INFO: dtree.c(1315): Comp split 70
INFO: dtree.c(1439): stop. leaf nodes are specific
INFO: dtree.c(1478): Final simple tree
|( QUESTION12 -1 -2.473e+03 1.281e+02 1.200e+01
|    ( - -9.605e+02 1 0)
|    ( - -1.384e+03 1 0))
s>    ( QUESTION12 -1 -2.473e+03 1.281e+02 1.200e+01
s>        ( - -9.605e+02 1 0)
s>        ( - -1.384e+03 1 0))INFO: dtree.c(1315): Comp split 71
INFO: dtree.c(1315): Comp split 72
INFO: dtree.c(1439): stop. leaf nodes are specific
INFO: dtree.c(1478): Final simple tree
|( QUESTION0_7_R 1 -2.136e+04 1.302e+02 9.994e+01
|    ( - -1.154e+03 2 0)
|    ( WDBNDRY_B 0 -2.007e+04 1.217e+02 9.394e+01
|        ( - -1.917e+04 4 0)
|        ( - -7.766e+02 1 0)))
s>    ( QUESTION0_7_R 1 -2.136e+04 1.302e+02 9.994e+01
s>        ( - -1.154e+03 2 0)
s>        ( WDBNDRY_B 0 -2.007e+04 1.217e+02 9.394e+01
s>            ( - -1.917e+04 4 0)
s>            ( - -7.766e+02 1 0)))INFO: dtree.c(1315): Comp split 73
INFO: dtree.c(1439): stop. leaf nodes are specific
INFO: dtree.c(1478): Final simple tree
|( QUESTION0_0_R 1 -6.736e+04 1.069e+02 3.100e+02
|    ( - -1.679e+03 1 0)
|    ( - -6.558e+04 4 0))
s>    ( QUESTION0_0_R 1 -6.736e+04 1.069e+02 3.100e+02
s>        ( - -1.679e+03 1 0)
s>        ( - -6.558e+04 4 0))INFO: dtree.c(1315): Comp split 74
INFO: dtree.c(1439): stop. leaf nodes are specific
INFO: dtree.c(1478): Final simple tree
|( QUESTION0 1 -1.053e+04 1.146e+02 4.915e+01
|    ( - -1.007e+04 5 0)
|    ( - -3.458e+02 1 0))
s>    ( QUESTION0 1 -1.053e+04 1.146e+02 4.915e+01
s>        ( - -1.007e+04 5 0)
s>        ( - -3.458e+02 1 0))INFO: dtree.c(1439): stop. leaf nodes are specific
INFO: dtree.c(1478): Final simple tree
|( QUESTION14 -1 -1.199e+04 1.322e+02 5.773e+01
|    ( - -9.092e+02 1 0)
|    ( - -1.094e+04 3 0))
s>    ( QUESTION14 -1 -1.199e+04 1.322e+02 5.773e+01
s>        ( - -9.092e+02 1 0)
s>        ( - -1.094e+04 3 0))INFO: dtree.c(1315): Comp split 75
INFO: dtree.c(1439): stop. leaf nodes are specific
INFO: dtree.c(1478): Final simple tree
|( QUESTION0_8_R 1 -2.606e+03 1.152e+02 1.200e+01
|    ( - -3.574e+02 1 0)
|    ( WDBNDRY_E 0 -2.134e+03 1.050e+02 1.000e+01
|        ( - -5.416e+02 1 0)
|        ( - -1.487e+03 2 0)))
s>    ( QUESTION0_8_R 1 -2.606e+03 1.152e+02 1.200e+01
s>        ( - -3.574e+02 1 0)
s>        ( WDBNDRY_E 0 -2.134e+03 1.050e+02 1.000e+01
s>            ( - -5.416e+02 1 0)
s>            ( - -1.487e+03 2 0)))INFO: dtree.c(1315): Comp split 76
INFO: dtree.c(1315): Comp split 77
INFO: dtree.c(1315): Comp split 78
INFO: dtree.c(1315): Comp split 79
INFO: dtree.c(1439): stop. leaf nodes are specific
INFO: dtree.c(1478): Final simple tree
|( WDBNDRY_B 0 -2.007e+04 1.217e+02 9.394e+01
|    ( - -1.917e+04 4 0)
|    ( - -7.766e+02 1 0))
s>    ( WDBNDRY_B 0 -2.007e+04 1.217e+02 9.394e+01
s>        ( - -1.917e+04 4 0)
s>        ( - -7.766e+02 1 0))INFO: dtree.c(1315): Comp split 80
INFO: dtree.c(1315): Comp split 81
INFO: dtree.c(1315): Comp split 82
INFO: dtree.c(1315): Comp split 83
INFO: dtree.c(1315): Comp split 84
INFO: dtree.c(1315): Comp split 85
INFO: dtree.c(1315): Comp split 86
INFO: dtree.c(1315): Comp split 87
INFO: dtree.c(1439): stop. leaf nodes are specific
INFO: dtree.c(1478): Final simple tree
|( WDBNDRY_E 0 -2.134e+03 1.050e+02 1.000e+01
|    ( - -5.416e+02 1 0)
|    ( - -1.487e+03 2 0))
s>    ( WDBNDRY_E 0 -2.134e+03 1.050e+02 1.000e+01
s>        ( - -5.416e+02 1 0)
s>        ( - -1.487e+03 2 0))INFO: dtree.c(1315): Comp split 88
INFO: dtree.c(1315): Comp split 89
INFO: dtree.c(1315): Comp split 90
INFO: dtree.c(1315): Comp split 91
INFO: dtree.c(1315): Comp split 92
INFO: dtree.c(1315): Comp split 93
INFO: dtree.c(1315): Comp split 94
INFO: dtree.c(1315): Comp split 95
INFO: dtree.c(1315): Comp split 96
INFO: dtree.c(1318): stop. leaf nodes are specific
Mon Apr 24 17:43:53 2023
