Current configuration:
[NAME]		[DEFLT]	[VALUE]
-allphones	no	no
-cntthresh	0.00001	1.000000e-05
-csplitmax	100	2000
-csplitmin	1	1
-csplitthr	8e-4	0.000000e+00
-example	no	no
-fullvar	no	no
-help		no	no
-meanfn			/home/lucija/Documents/Zadnji semestar/ROGJ/Prezentacije/CMUspinx/tutorial15/model_parameters/my_db.cd_cont_untied/means
-mixwfn			/home/lucija/Documents/Zadnji semestar/ROGJ/Prezentacije/CMUspinx/tutorial15/model_parameters/my_db.cd_cont_untied/mixture_weights
-moddeffn		/home/lucija/Documents/Zadnji semestar/ROGJ/Prezentacije/CMUspinx/tutorial15/model_architecture/my_db.untied.mdef
-mwfloor	1e-4	1.000000e-08
-phone			ć
-psetfn			/home/lucija/Documents/Zadnji semestar/ROGJ/Prezentacije/CMUspinx/tutorial15/model_architecture/my_db.tree_questions
-ssplitmax	5	7
-ssplitmin	1	1
-ssplitthr	8e-4	0.000000e+00
-state			0
-stwt			1.0,0.05,0.0,
-treefn			/home/lucija/Documents/Zadnji semestar/ROGJ/Prezentacije/CMUspinx/tutorial15/trees/my_db.unpruned/ć-0.dtree
-ts2cbfn	.semi.	.cont.
-varfloor	0.00001	1.000000e-05
-varfn			/home/lucija/Documents/Zadnji semestar/ROGJ/Prezentacije/CMUspinx/tutorial15/model_parameters/my_db.cd_cont_untied/variances

INFO: main.c(223): Reading: /home/lucija/Documents/Zadnji semestar/ROGJ/Prezentacije/CMUspinx/tutorial15/model_architecture/my_db.untied.mdef
INFO: model_def_io.c(573): Model definition info:
INFO: model_def_io.c(574): 12056 total models defined (32 base, 12024 tri)
INFO: model_def_io.c(575): 48224 total states
INFO: model_def_io.c(576): 36168 total tied states
INFO: model_def_io.c(577): 96 total tied CI states
INFO: model_def_io.c(578): 32 total tied transition matrices
INFO: model_def_io.c(579): 4 max state/model
INFO: model_def_io.c(580): 4 min state/model
INFO: main.c(242): Building trees for [ć NOISE e b] through [ć š u i]
INFO: main.c(268): Covering states |[34413 34739]| == 327
INFO: main.c(275): Reading: /home/lucija/Documents/Zadnji semestar/ROGJ/Prezentacije/CMUspinx/tutorial15/model_parameters/my_db.cd_cont_untied/mixture_weights
INFO: s3mixw_io.c(172): Read /home/lucija/Documents/Zadnji semestar/ROGJ/Prezentacije/CMUspinx/tutorial15/model_parameters/my_db.cd_cont_untied/mixture_weights [327x1x1 array]
INFO: main.c(311): 109 of 109 models have observation count greater than 0.000010
INFO: main.c(95): nrm stwt: 0.952 0.048 0.000 
INFO: s3gau_io.c(168): Read /home/lucija/Documents/Zadnji semestar/ROGJ/Prezentacije/CMUspinx/tutorial15/model_parameters/my_db.cd_cont_untied/means [36168x1x1 array]
INFO: s3gau_io.c(168): Read /home/lucija/Documents/Zadnji semestar/ROGJ/Prezentacije/CMUspinx/tutorial15/model_parameters/my_db.cd_cont_untied/variances [36168x1x1 array]
INFO: main.c(549): Reading: /home/lucija/Documents/Zadnji semestar/ROGJ/Prezentacije/CMUspinx/tutorial15/model_architecture/my_db.tree_questions
INFO: main.c(587): 176 total simple questions (168 phone; 8 word bndry)
INFO: main.c(589): 42 Left Only questions, and 42 Right Only questions
INFO: dtree.c(1478): Final simple tree
|( QUESTION2_19_L -1 -2.959e+06 6.305e+03 1.297e+04
|    ( QUESTION2_20_L -1 -1.375e+05 1.557e+03 6.179e+02
|        ( - -1.500e+04 2 0 QUESTION2 -1 9.385e+01 6.734e+01)
|        ( - -1.210e+05 1 0))
|    ( WDBNDRY_E 0 -2.816e+06 2.358e+03 1.235e+04
|        ( - -3.109e+05 52 0 SILENCE 1 8.548e+02 1.368e+03)
|        ( QUESTION0_0_R 1 -2.502e+06 1.944e+03 1.099e+04
|            ( - -7.588e+04 3 0)
|            ( QUESTION1 -1 -2.424e+06 1.716e+03 1.066e+04
|                ( QUESTION12 -1 -1.321e+05 9.558e+02 5.875e+02
|                    ( - -5.497e+04 5 0 WDBNDRY_B 0 1.364e+02 2.494e+02)
|                    ( - -7.617e+04 15 0 QUESTION7 -1 4.446e+02 3.382e+02))
|                ( WDBNDRY_B 0 -2.291e+06 1.034e+03 1.007e+04
|                    ( - -4.681e+05 8 0 QUESTION2_1_L -1 1.771e+02 2.066e+03)
|                    ( - -1.821e+06 23 0))))))
s>    ( QUESTION2_19_L -1 -2.959e+06 6.305e+03 1.297e+04
s>        ( QUESTION2_20_L -1 -1.375e+05 1.557e+03 6.179e+02
s>            ( - -1.500e+04 2 0 QUESTION2 -1 9.385e+01 6.734e+01)
s>            ( - -1.210e+05 1 0))
s>        ( WDBNDRY_E 0 -2.816e+06 2.358e+03 1.235e+04
s>            ( - -3.109e+05 52 0 SILENCE 1 8.548e+02 1.368e+03)
s>            ( QUESTION0_0_R 1 -2.502e+06 1.944e+03 1.099e+04
s>                ( - -7.588e+04 3 0)
s>                ( QUESTION1 -1 -2.424e+06 1.716e+03 1.066e+04
s>                    ( QUESTION12 -1 -1.321e+05 9.558e+02 5.875e+02
s>                        ( - -5.497e+04 5 0 WDBNDRY_B 0 1.364e+02 2.494e+02)
s>                        ( - -7.617e+04 15 0 QUESTION7 -1 4.446e+02 3.382e+02))
s>                    ( WDBNDRY_B 0 -2.291e+06 1.034e+03 1.007e+04
s>                        ( - -4.681e+05 8 0 QUESTION2_1_L -1 1.771e+02 2.066e+03)
s>                        ( - -1.821e+06 23 0))))))INFO: dtree.c(1315): Comp split 0
INFO: dtree.c(1478): Final simple tree
|( WDBNDRY_E 0 -2.831e+06 2.343e+03 1.242e+04
|    ( SILENCE 1 -3.109e+05 8.548e+02 1.368e+03
|        ( - -1.248e+05 3 0)
|        ( - -1.853e+05 49 0 QUESTION16 1 3.938e+02 8.180e+02))
|    ( QUESTION0_0_R 1 -2.518e+06 1.947e+03 1.105e+04
|        ( - -7.588e+04 3 0)
|        ( QUESTION1 -1 -2.440e+06 1.742e+03 1.072e+04
|            ( QUESTION12 -1 -1.474e+05 9.786e+02 6.549e+02
|                ( - -5.497e+04 5 0 WDBNDRY_B 0 1.364e+02 2.494e+02)
|                ( WDBNDRY_B 0 -9.142e+04 4.759e+02 4.055e+02
|                    ( - -6.292e+04 12 0 QUESTION3 -1 2.754e+02 2.800e+02)
|                    ( - -2.803e+04 5 0 QUESTION4 -1 1.785e+02 1.255e+02)))
|            ( WDBNDRY_B 0 -2.291e+06 1.034e+03 1.007e+04
|                ( - -4.681e+05 8 0 QUESTION2_1_L -1 1.771e+02 2.066e+03)
|                ( - -1.821e+06 23 0)))))
s>    ( WDBNDRY_E 0 -2.831e+06 2.343e+03 1.242e+04
s>        ( SILENCE 1 -3.109e+05 8.548e+02 1.368e+03
s>            ( - -1.248e+05 3 0)
s>            ( - -1.853e+05 49 0 QUESTION16 1 3.938e+02 8.180e+02))
s>        ( QUESTION0_0_R 1 -2.518e+06 1.947e+03 1.105e+04
s>            ( - -7.588e+04 3 0)
s>            ( QUESTION1 -1 -2.440e+06 1.742e+03 1.072e+04
s>                ( QUESTION12 -1 -1.474e+05 9.786e+02 6.549e+02
s>                    ( - -5.497e+04 5 0 WDBNDRY_B 0 1.364e+02 2.494e+02)
s>                    ( WDBNDRY_B 0 -9.142e+04 4.759e+02 4.055e+02
s>                        ( - -6.292e+04 12 0 QUESTION3 -1 2.754e+02 2.800e+02)
s>                        ( - -2.803e+04 5 0 QUESTION4 -1 1.785e+02 1.255e+02)))
s>                ( WDBNDRY_B 0 -2.291e+06 1.034e+03 1.007e+04
s>                    ( - -4.681e+05 8 0 QUESTION2_1_L -1 1.771e+02 2.066e+03)
s>                    ( - -1.821e+06 23 0)))))INFO: dtree.c(1315): Comp split 1
INFO: dtree.c(1478): Final simple tree
|( QUESTION0_0_R 1 -2.397e+06 1.949e+03 1.052e+04
|    ( - -7.588e+04 3 0)
|    ( WDBNDRY_B 0 -2.319e+06 1.044e+03 1.019e+04
|        ( QUESTION2_1_L -1 -4.681e+05 1.771e+02 2.066e+03
|            ( - -6.909e+03 1 0)
|            ( SILENCE -1 -4.610e+05 1.297e+02 2.034e+03
|                ( - -8.443e+02 1 0)
|                ( - -4.600e+05 6 0)))
|        ( QUESTION4 -1 -1.850e+06 7.152e+02 8.128e+03
|            ( - -2.260e+04 2 0)
|            ( QUESTION8 -1 -1.827e+06 1.527e+02 8.026e+03
|                ( - -2.589e+03 1 0)
|                ( QUESTION0 -1 -1.824e+06 1.122e+02 8.014e+03
|                    ( - -1.821e+06 23 0)
|                    ( - -2.543e+03 2 0))))))
s>    ( QUESTION0_0_R 1 -2.397e+06 1.949e+03 1.052e+04
s>        ( - -7.588e+04 3 0)
s>        ( WDBNDRY_B 0 -2.319e+06 1.044e+03 1.019e+04
s>            ( QUESTION2_1_L -1 -4.681e+05 1.771e+02 2.066e+03
s>                ( - -6.909e+03 1 0)
s>                ( SILENCE -1 -4.610e+05 1.297e+02 2.034e+03
s>                    ( - -8.443e+02 1 0)
s>                    ( - -4.600e+05 6 0)))
s>            ( QUESTION4 -1 -1.850e+06 7.152e+02 8.128e+03
s>                ( - -2.260e+04 2 0)
s>                ( QUESTION8 -1 -1.827e+06 1.527e+02 8.026e+03
s>                    ( - -2.589e+03 1 0)
s>                    ( QUESTION0 -1 -1.824e+06 1.122e+02 8.014e+03
s>                        ( - -1.821e+06 23 0)
s>                        ( - -2.543e+03 2 0))))))INFO: dtree.c(1478): Final simple tree
|( QUESTION12 -1 -4.308e+05 1.296e+03 1.898e+03
|    ( - -5.497e+04 5 0 WDBNDRY_B 0 1.364e+02 2.494e+02)
|    ( SILENCE 1 -3.745e+05 8.461e+02 1.648e+03
|        ( - -1.248e+05 3 0)
|        ( QUESTION2_0_L -1 -2.489e+05 6.941e+02 1.098e+03
|            ( QUESTION16 1 -1.865e+05 3.952e+02 8.240e+02
|                ( - -2.447e+04 8 0 QUESTION0_2_R 1 1.673e+02 1.101e+02)
|                ( QUESTION0_4_R 1 -1.617e+05 3.165e+02 7.139e+02
|                    ( - -8.163e+03 1 0)
|                    ( QUESTION0_10_R 1 -1.532e+05 2.695e+02 6.767e+02
|                        ( - -3.215e+04 8 0)
|                        ( - -1.208e+05 33 0 WDBNDRY_B 0 2.421e+02 5.330e+02))))
|            ( QUESTION3 -1 -6.164e+04 2.578e+02 2.740e+02
|                ( - -4.055e+04 4 0)
|                ( - -2.083e+04 7 0 QUESTION11 -1 1.252e+02 9.334e+01)))))
s>    ( QUESTION12 -1 -4.308e+05 1.296e+03 1.898e+03
s>        ( - -5.497e+04 5 0 WDBNDRY_B 0 1.364e+02 2.494e+02)
s>        ( SILENCE 1 -3.745e+05 8.461e+02 1.648e+03
s>            ( - -1.248e+05 3 0)
s>            ( QUESTION2_0_L -1 -2.489e+05 6.941e+02 1.098e+03
s>                ( QUESTION16 1 -1.865e+05 3.952e+02 8.240e+02
s>                    ( - -2.447e+04 8 0 QUESTION0_2_R 1 1.673e+02 1.101e+02)
s>                    ( QUESTION0_4_R 1 -1.617e+05 3.165e+02 7.139e+02
s>                        ( - -8.163e+03 1 0)
s>                        ( QUESTION0_10_R 1 -1.532e+05 2.695e+02 6.767e+02
s>                            ( - -3.215e+04 8 0)
s>                            ( - -1.208e+05 33 0 WDBNDRY_B 0 2.421e+02 5.330e+02))))
s>                ( QUESTION3 -1 -6.164e+04 2.578e+02 2.740e+02
s>                    ( - -4.055e+04 4 0)
s>                    ( - -2.083e+04 7 0 QUESTION11 -1 1.252e+02 9.334e+01)))))INFO: dtree.c(1315): Comp split 2
INFO: dtree.c(1439): stop. leaf nodes are specific
INFO: dtree.c(1478): Final simple tree
|( WDBNDRY_B 0 -2.296e+06 1.031e+03 1.009e+04
|    ( QUESTION2_1_L -1 -4.681e+05 1.771e+02 2.066e+03
|        ( - -6.909e+03 1 0)
|        ( SILENCE -1 -4.610e+05 1.297e+02 2.034e+03
|            ( - -8.443e+02 1 0)
|            ( - -4.600e+05 6 0)))
|    ( QUESTION8 -1 -1.827e+06 1.527e+02 8.026e+03
|        ( - -2.589e+03 1 0)
|        ( QUESTION0 -1 -1.824e+06 1.122e+02 8.014e+03
|            ( - -1.821e+06 23 0)
|            ( - -2.543e+03 2 0))))
s>    ( WDBNDRY_B 0 -2.296e+06 1.031e+03 1.009e+04
s>        ( QUESTION2_1_L -1 -4.681e+05 1.771e+02 2.066e+03
s>            ( - -6.909e+03 1 0)
s>            ( SILENCE -1 -4.610e+05 1.297e+02 2.034e+03
s>                ( - -8.443e+02 1 0)
s>                ( - -4.600e+05 6 0)))
s>        ( QUESTION8 -1 -1.827e+06 1.527e+02 8.026e+03
s>            ( - -2.589e+03 1 0)
s>            ( QUESTION0 -1 -1.824e+06 1.122e+02 8.014e+03
s>                ( - -1.821e+06 23 0)
s>                ( - -2.543e+03 2 0))))INFO: dtree.c(1439): stop. leaf nodes are specific
INFO: dtree.c(1478): Final simple tree
|( QUESTION0_0_R 1 -9.907e+04 5.874e+02 4.310e+02
|    ( - -7.588e+04 3 0)
|    ( - -2.260e+04 2 0))
s>    ( QUESTION0_0_R 1 -9.907e+04 5.874e+02 4.310e+02
s>        ( - -7.588e+04 3 0)
s>        ( - -2.260e+04 2 0))INFO: dtree.c(1315): Comp split 3
INFO: dtree.c(1478): Final simple tree
|( SILENCE 1 -3.745e+05 8.461e+02 1.648e+03
|    ( - -1.248e+05 3 0)
|    ( QUESTION2_0_L -1 -2.489e+05 6.941e+02 1.098e+03
|        ( QUESTION16 1 -1.865e+05 3.952e+02 8.240e+02
|            ( - -2.447e+04 8 0 QUESTION0_2_R 1 1.673e+02 1.101e+02)
|            ( QUESTION0_4_R 1 -1.617e+05 3.165e+02 7.139e+02
|                ( - -8.163e+03 1 0)
|                ( QUESTION0_10_R 1 -1.532e+05 2.695e+02 6.767e+02
|                    ( - -3.215e+04 8 0)
|                    ( WDBNDRY_B 0 -1.208e+05 2.421e+02 5.330e+02
|                        ( - -1.017e+03 1 0)
|                        ( - -1.195e+05 32 0 QUESTION0_9_R 1 1.889e+02 5.270e+02)))))
|        ( QUESTION3 -1 -6.164e+04 2.578e+02 2.740e+02
|            ( - -4.055e+04 4 0)
|            ( - -2.083e+04 7 0 QUESTION11 -1 1.252e+02 9.334e+01))))
s>    ( SILENCE 1 -3.745e+05 8.461e+02 1.648e+03
s>        ( - -1.248e+05 3 0)
s>        ( QUESTION2_0_L -1 -2.489e+05 6.941e+02 1.098e+03
s>            ( QUESTION16 1 -1.865e+05 3.952e+02 8.240e+02
s>                ( - -2.447e+04 8 0 QUESTION0_2_R 1 1.673e+02 1.101e+02)
s>                ( QUESTION0_4_R 1 -1.617e+05 3.165e+02 7.139e+02
s>                    ( - -8.163e+03 1 0)
s>                    ( QUESTION0_10_R 1 -1.532e+05 2.695e+02 6.767e+02
s>                        ( - -3.215e+04 8 0)
s>                        ( WDBNDRY_B 0 -1.208e+05 2.421e+02 5.330e+02
s>                            ( - -1.017e+03 1 0)
s>                            ( - -1.195e+05 32 0 QUESTION0_9_R 1 1.889e+02 5.270e+02)))))
s>            ( QUESTION3 -1 -6.164e+04 2.578e+02 2.740e+02
s>                ( - -4.055e+04 4 0)
s>                ( - -2.083e+04 7 0 QUESTION11 -1 1.252e+02 9.334e+01))))INFO: dtree.c(1439): stop. leaf nodes are specific
INFO: dtree.c(1478): Final simple tree
|( WDBNDRY_B 0 -5.497e+04 1.364e+02 2.494e+02
|    ( - -1.196e+03 1 0)
|    ( - -5.363e+04 4 0))
s>    ( WDBNDRY_B 0 -5.497e+04 1.364e+02 2.494e+02
s>        ( - -1.196e+03 1 0)
s>        ( - -5.363e+04 4 0))INFO: dtree.c(1315): Comp split 4
INFO: dtree.c(1439): stop. leaf nodes are specific
INFO: dtree.c(1478): Final simple tree
|( QUESTION1 -1 -1.825e+06 1.528e+02 8.018e+03
|    ( - -2.589e+03 1 0)
|    ( WDBNDRY_B 0 -1.822e+06 1.273e+02 8.006e+03
|        ( - -8.443e+02 1 0)
|        ( - -1.821e+06 23 0)))
s>    ( QUESTION1 -1 -1.825e+06 1.528e+02 8.018e+03
s>        ( - -2.589e+03 1 0)
s>        ( WDBNDRY_B 0 -1.822e+06 1.273e+02 8.006e+03
s>            ( - -8.443e+02 1 0)
s>            ( - -1.821e+06 23 0)))INFO: dtree.c(1439): stop. leaf nodes are specific
INFO: dtree.c(1478): Final simple tree
|( QUESTION2_3_L -1 -4.698e+05 1.766e+02 2.074e+03
|    ( - -6.909e+03 1 0)
|    ( WDBNDRY_B 0 -4.627e+05 9.791e+01 2.042e+03
|        ( - -4.600e+05 6 0)
|        ( - -2.543e+03 2 0)))
s>    ( QUESTION2_3_L -1 -4.698e+05 1.766e+02 2.074e+03
s>        ( - -6.909e+03 1 0)
s>        ( WDBNDRY_B 0 -4.627e+05 9.791e+01 2.042e+03
s>            ( - -4.600e+05 6 0)
s>            ( - -2.543e+03 2 0)))INFO: dtree.c(1315): Comp split 5
INFO: dtree.c(1439): stop. leaf nodes are specific
INFO: dtree.c(1478): Final simple tree
|( QUESTION0_0_R 1 -1.346e+05 3.602e+02 5.936e+02
|    ( - -8.163e+03 1 0)
|    ( WDBNDRY_B 0 -1.260e+05 2.405e+02 5.565e+02
|        ( - -1.017e+03 1 0)
|        ( - -1.248e+05 3 0)))
s>    ( QUESTION0_0_R 1 -1.346e+05 3.602e+02 5.936e+02
s>        ( - -8.163e+03 1 0)
s>        ( WDBNDRY_B 0 -1.260e+05 2.405e+02 5.565e+02
s>            ( - -1.017e+03 1 0)
s>            ( - -1.248e+05 3 0)))INFO: dtree.c(1478): Final simple tree
|( WDBNDRY_B 0 -2.391e+05 6.542e+02 1.055e+03
|    ( QUESTION3 -1 -6.164e+04 2.578e+02 2.740e+02
|        ( - -4.055e+04 4 0)
|        ( - -2.083e+04 7 0 QUESTION11 -1 1.252e+02 9.334e+01))
|    ( QUESTION16 1 -1.768e+05 3.756e+02 7.808e+02
|        ( QUESTION0_2_R 1 -2.447e+04 1.673e+02 1.101e+02
|            ( - -2.277e+04 6 0 QUESTION17 1 1.065e+02 1.031e+02)
|            ( - -1.533e+03 2 0 QUESTION0_1_R 1 1.011e+02 6.999e+00))
|        ( QUESTION0_10_R 1 -1.519e+05 2.701e+02 6.707e+02
|            ( - -3.215e+04 8 0)
|            ( QUESTION0_9_R 1 -1.195e+05 1.889e+02 5.270e+02
|                ( - -1.338e+03 1 0)
|                ( QUESTION0_15_R 1 -1.180e+05 1.814e+02 5.200e+02
|                    ( - -1.456e+04 7 0 QUESTION0_16_R 1 1.590e+02 6.306e+01)
|                    ( - -1.033e+05 24 0 QUESTION8 1 1.636e+02 4.569e+02))))))
s>    ( WDBNDRY_B 0 -2.391e+05 6.542e+02 1.055e+03
s>        ( QUESTION3 -1 -6.164e+04 2.578e+02 2.740e+02
s>            ( - -4.055e+04 4 0)
s>            ( - -2.083e+04 7 0 QUESTION11 -1 1.252e+02 9.334e+01))
s>        ( QUESTION16 1 -1.768e+05 3.756e+02 7.808e+02
s>            ( QUESTION0_2_R 1 -2.447e+04 1.673e+02 1.101e+02
s>                ( - -2.277e+04 6 0 QUESTION17 1 1.065e+02 1.031e+02)
s>                ( - -1.533e+03 2 0 QUESTION0_1_R 1 1.011e+02 6.999e+00))
s>            ( QUESTION0_10_R 1 -1.519e+05 2.701e+02 6.707e+02
s>                ( - -3.215e+04 8 0)
s>                ( QUESTION0_9_R 1 -1.195e+05 1.889e+02 5.270e+02
s>                    ( - -1.338e+03 1 0)
s>                    ( QUESTION0_15_R 1 -1.180e+05 1.814e+02 5.200e+02
s>                        ( - -1.456e+04 7 0 QUESTION0_16_R 1 1.590e+02 6.306e+01)
s>                        ( - -1.033e+05 24 0 QUESTION8 1 1.636e+02 4.569e+02))))))INFO: dtree.c(1315): Comp split 6
INFO: dtree.c(1478): Final simple tree
|( QUESTION16 1 -1.768e+05 3.756e+02 7.808e+02
|    ( QUESTION0_2_R 1 -2.447e+04 1.673e+02 1.101e+02
|        ( - -2.277e+04 6 0 QUESTION17 1 1.065e+02 1.031e+02)
|        ( - -1.533e+03 2 0 QUESTION0_1_R 1 1.011e+02 6.999e+00))
|    ( QUESTION0_10_R 1 -1.519e+05 2.701e+02 6.707e+02
|        ( - -3.215e+04 8 0)
|        ( QUESTION0_9_R 1 -1.195e+05 1.889e+02 5.270e+02
|            ( - -1.338e+03 1 0)
|            ( QUESTION0_15_R 1 -1.180e+05 1.814e+02 5.200e+02
|                ( QUESTION0_16_R 1 -1.456e+04 1.590e+02 6.306e+01
|                    ( - -1.233e+04 5 0)
|                    ( - -2.075e+03 2 0))
|                ( QUESTION8 1 -1.033e+05 1.636e+02 4.569e+02
|                    ( - -2.122e+04 3 0 QUESTION0_1_R 1 1.356e+02 9.384e+01)
|                    ( - -8.187e+04 21 0 QUESTION3 1 1.409e+02 3.631e+02))))))
s>    ( QUESTION16 1 -1.768e+05 3.756e+02 7.808e+02
s>        ( QUESTION0_2_R 1 -2.447e+04 1.673e+02 1.101e+02
s>            ( - -2.277e+04 6 0 QUESTION17 1 1.065e+02 1.031e+02)
s>            ( - -1.533e+03 2 0 QUESTION0_1_R 1 1.011e+02 6.999e+00))
s>        ( QUESTION0_10_R 1 -1.519e+05 2.701e+02 6.707e+02
s>            ( - -3.215e+04 8 0)
s>            ( QUESTION0_9_R 1 -1.195e+05 1.889e+02 5.270e+02
s>                ( - -1.338e+03 1 0)
s>                ( QUESTION0_15_R 1 -1.180e+05 1.814e+02 5.200e+02
s>                    ( QUESTION0_16_R 1 -1.456e+04 1.590e+02 6.306e+01
s>                        ( - -1.233e+04 5 0)
s>                        ( - -2.075e+03 2 0))
s>                    ( QUESTION8 1 -1.033e+05 1.636e+02 4.569e+02
s>                        ( - -2.122e+04 3 0 QUESTION0_1_R 1 1.356e+02 9.384e+01)
s>                        ( - -8.187e+04 21 0 QUESTION3 1 1.409e+02 3.631e+02))))))INFO: dtree.c(1439): stop. leaf nodes are specific
INFO: dtree.c(1478): Final simple tree
|( QUESTION3 -1 -6.164e+04 2.578e+02 2.740e+02
|    ( - -4.055e+04 4 0)
|    ( QUESTION11 -1 -2.083e+04 1.252e+02 9.334e+01
|        ( - -5.153e+02 1 0)
|        ( QUESTION5 -1 -2.019e+04 1.129e+02 9.034e+01
|            ( QUESTION6 -1 -3.716e+03 1.288e+02 1.700e+01
|                ( - -2.805e+03 1 0)
|                ( - -7.816e+02 1 0))
|            ( QUESTION2 -1 -1.636e+04 1.005e+02 7.334e+01
|                ( - -1.162e+04 1 0)
|                ( QUESTION17 -1 -4.640e+03 9.378e+01 2.114e+01
|                    ( - -3.279e+03 1 0)
|                    ( - -1.267e+03 2 0))))))
s>    ( QUESTION3 -1 -6.164e+04 2.578e+02 2.740e+02
s>        ( - -4.055e+04 4 0)
s>        ( QUESTION11 -1 -2.083e+04 1.252e+02 9.334e+01
s>            ( - -5.153e+02 1 0)
s>            ( QUESTION5 -1 -2.019e+04 1.129e+02 9.034e+01
s>                ( QUESTION6 -1 -3.716e+03 1.288e+02 1.700e+01
s>                    ( - -2.805e+03 1 0)
s>                    ( - -7.816e+02 1 0))
s>                ( QUESTION2 -1 -1.636e+04 1.005e+02 7.334e+01
s>                    ( - -1.162e+04 1 0)
s>                    ( QUESTION17 -1 -4.640e+03 9.378e+01 2.114e+01
s>                        ( - -3.279e+03 1 0)
s>                        ( - -1.267e+03 2 0))))))INFO: dtree.c(1315): Comp split 7
INFO: dtree.c(1315): Comp split 8
INFO: dtree.c(1478): Final simple tree
|( QUESTION0_9_R 1 -1.173e+05 1.887e+02 5.170e+02
|    ( - -1.338e+03 1 0)
|    ( QUESTION0_15_R 1 -1.158e+05 1.794e+02 5.100e+02
|        ( - -1.233e+04 5 0)
|        ( QUESTION8 1 -1.033e+05 1.636e+02 4.569e+02
|            ( QUESTION0_1_R 1 -2.122e+04 1.356e+02 9.384e+01
|                ( - -1.186e+03 1 0)
|                ( - -1.989e+04 2 0))
|            ( QUESTION3 1 -8.187e+04 1.409e+02 3.631e+02
|                ( - -2.019e+03 2 0)
|                ( QUESTION6 1 -7.971e+04 1.029e+02 3.541e+02
|                    ( - -6.686e+03 5 0)
|                    ( QUESTION0_0_R 1 -7.292e+04 9.128e+01 3.235e+02
|                        ( - -7.705e+03 2 0)
|                        ( - -6.513e+04 12 0)))))))
s>    ( QUESTION0_9_R 1 -1.173e+05 1.887e+02 5.170e+02
s>        ( - -1.338e+03 1 0)
s>        ( QUESTION0_15_R 1 -1.158e+05 1.794e+02 5.100e+02
s>            ( - -1.233e+04 5 0)
s>            ( QUESTION8 1 -1.033e+05 1.636e+02 4.569e+02
s>                ( QUESTION0_1_R 1 -2.122e+04 1.356e+02 9.384e+01
s>                    ( - -1.186e+03 1 0)
s>                    ( - -1.989e+04 2 0))
s>                ( QUESTION3 1 -8.187e+04 1.409e+02 3.631e+02
s>                    ( - -2.019e+03 2 0)
s>                    ( QUESTION6 1 -7.971e+04 1.029e+02 3.541e+02
s>                        ( - -6.686e+03 5 0)
s>                        ( QUESTION0_0_R 1 -7.292e+04 9.128e+01 3.235e+02
s>                            ( - -7.705e+03 2 0)
s>                            ( - -6.513e+04 12 0)))))))INFO: dtree.c(1439): stop. leaf nodes are specific
INFO: dtree.c(1478): Final simple tree
|( QUESTION0_10_R 1 -5.911e+04 2.754e+02 2.639e+02
|    ( - -3.215e+04 8 0)
|    ( QUESTION0_2_R 1 -2.668e+04 1.902e+02 1.201e+02
|        ( QUESTION17 1 -2.277e+04 1.065e+02 1.031e+02
|            ( - -2.248e+03 2 0)
|            ( - -2.042e+04 4 0))
|        ( QUESTION0_1_R 1 -3.723e+03 1.246e+02 1.700e+01
|            ( - -6.050e+02 1 0)
|            ( QUESTION0_8_R 1 -2.994e+03 9.187e+01 1.400e+01
|                ( - -8.270e+02 1 0)
|                ( - -2.075e+03 2 0)))))
s>    ( QUESTION0_10_R 1 -5.911e+04 2.754e+02 2.639e+02
s>        ( - -3.215e+04 8 0)
s>        ( QUESTION0_2_R 1 -2.668e+04 1.902e+02 1.201e+02
s>            ( QUESTION17 1 -2.277e+04 1.065e+02 1.031e+02
s>                ( - -2.248e+03 2 0)
s>                ( - -2.042e+04 4 0))
s>            ( QUESTION0_1_R 1 -3.723e+03 1.246e+02 1.700e+01
s>                ( - -6.050e+02 1 0)
s>                ( QUESTION0_8_R 1 -2.994e+03 9.187e+01 1.400e+01
s>                    ( - -8.270e+02 1 0)
s>                    ( - -2.075e+03 2 0)))))INFO: dtree.c(1315): Comp split 9
INFO: dtree.c(1439): stop. leaf nodes are specific
INFO: dtree.c(1478): Final simple tree
|( WDBNDRY_B 0 -1.260e+05 2.405e+02 5.565e+02
|    ( - -1.017e+03 1 0)
|    ( - -1.248e+05 3 0))
s>    ( WDBNDRY_B 0 -1.260e+05 2.405e+02 5.565e+02
s>        ( - -1.017e+03 1 0)
s>        ( - -1.248e+05 3 0))INFO: dtree.c(1315): Comp split 10
INFO: dtree.c(1439): stop. leaf nodes are specific
INFO: dtree.c(1478): Final simple tree
|( QUESTION0_2_R 1 -2.668e+04 1.902e+02 1.201e+02
|    ( QUESTION17 1 -2.277e+04 1.065e+02 1.031e+02
|        ( - -2.248e+03 2 0)
|        ( - -2.042e+04 4 0))
|    ( QUESTION0_1_R 1 -3.723e+03 1.246e+02 1.700e+01
|        ( - -6.050e+02 1 0)
|        ( QUESTION0_8_R 1 -2.994e+03 9.187e+01 1.400e+01
|            ( - -8.270e+02 1 0)
|            ( - -2.075e+03 2 0))))
s>    ( QUESTION0_2_R 1 -2.668e+04 1.902e+02 1.201e+02
s>        ( QUESTION17 1 -2.277e+04 1.065e+02 1.031e+02
s>            ( - -2.248e+03 2 0)
s>            ( - -2.042e+04 4 0))
s>        ( QUESTION0_1_R 1 -3.723e+03 1.246e+02 1.700e+01
s>            ( - -6.050e+02 1 0)
s>            ( QUESTION0_8_R 1 -2.994e+03 9.187e+01 1.400e+01
s>                ( - -8.270e+02 1 0)
s>                ( - -2.075e+03 2 0))))INFO: dtree.c(1315): Comp split 11
INFO: dtree.c(1439): stop. leaf nodes are specific
INFO: dtree.c(1478): Final simple tree
|( QUESTION3 -1 -4.146e+04 1.346e+02 1.847e+02
|    ( - -4.055e+04 4 0)
|    ( - -7.816e+02 1 0))
s>    ( QUESTION3 -1 -4.146e+04 1.346e+02 1.847e+02
s>        ( - -4.055e+04 4 0)
s>        ( - -7.816e+02 1 0))INFO: dtree.c(1439): stop. leaf nodes are specific
INFO: dtree.c(1478): Final simple tree
|( QUESTION11 -1 -1.991e+04 1.241e+02 8.934e+01
|    ( - -5.153e+02 1 0)
|    ( QUESTION7 -1 -1.927e+04 1.051e+02 8.634e+01
|        ( - -1.162e+04 1 0)
|        ( QUESTION19 -1 -7.542e+03 9.813e+01 3.414e+01
|            ( - -1.267e+03 2 0)
|            ( QUESTION2 -1 -6.178e+03 9.302e+01 2.814e+01
|                ( - -2.805e+03 1 0)
|                ( - -3.279e+03 1 0)))))
s>    ( QUESTION11 -1 -1.991e+04 1.241e+02 8.934e+01
s>        ( - -5.153e+02 1 0)
s>        ( QUESTION7 -1 -1.927e+04 1.051e+02 8.634e+01
s>            ( - -1.162e+04 1 0)
s>            ( QUESTION19 -1 -7.542e+03 9.813e+01 3.414e+01
s>                ( - -1.267e+03 2 0)
s>                ( QUESTION2 -1 -6.178e+03 9.302e+01 2.814e+01
s>                    ( - -2.805e+03 1 0)
s>                    ( - -3.279e+03 1 0)))))INFO: dtree.c(1315): Comp split 12
INFO: dtree.c(1315): Comp split 13
INFO: dtree.c(1439): stop. leaf nodes are specific
INFO: dtree.c(1478): Final simple tree
|( QUESTION0_1_R 1 -3.723e+03 1.246e+02 1.700e+01
|    ( - -6.050e+02 1 0)
|    ( QUESTION0_8_R 1 -2.994e+03 9.187e+01 1.400e+01
|        ( - -8.270e+02 1 0)
|        ( - -2.075e+03 2 0)))
s>    ( QUESTION0_1_R 1 -3.723e+03 1.246e+02 1.700e+01
s>        ( - -6.050e+02 1 0)
s>        ( QUESTION0_8_R 1 -2.994e+03 9.187e+01 1.400e+01
s>            ( - -8.270e+02 1 0)
s>            ( - -2.075e+03 2 0)))INFO: dtree.c(1439): stop. leaf nodes are specific
INFO: dtree.c(1478): Final simple tree
|( QUESTION17 1 -2.277e+04 1.065e+02 1.031e+02
|    ( - -2.248e+03 2 0)
|    ( - -2.042e+04 4 0))
s>    ( QUESTION17 1 -2.277e+04 1.065e+02 1.031e+02
s>        ( - -2.248e+03 2 0)
s>        ( - -2.042e+04 4 0))INFO: dtree.c(1315): Comp split 14
INFO: dtree.c(1439): stop. leaf nodes are specific
INFO: dtree.c(1478): Final simple tree
|( QUESTION0_15_R 1 -1.158e+05 1.794e+02 5.100e+02
|    ( - -1.233e+04 5 0)
|    ( QUESTION8 1 -1.033e+05 1.636e+02 4.569e+02
|        ( QUESTION0_1_R 1 -2.122e+04 1.356e+02 9.384e+01
|            ( - -1.186e+03 1 0)
|            ( - -1.989e+04 2 0))
|        ( QUESTION3 1 -8.187e+04 1.409e+02 3.631e+02
|            ( - -2.019e+03 2 0)
|            ( QUESTION6 1 -7.971e+04 1.029e+02 3.541e+02
|                ( - -6.686e+03 5 0)
|                ( QUESTION0_0_R 1 -7.292e+04 9.128e+01 3.235e+02
|                    ( - -7.705e+03 2 0)
|                    ( - -6.513e+04 12 0))))))
s>    ( QUESTION0_15_R 1 -1.158e+05 1.794e+02 5.100e+02
s>        ( - -1.233e+04 5 0)
s>        ( QUESTION8 1 -1.033e+05 1.636e+02 4.569e+02
s>            ( QUESTION0_1_R 1 -2.122e+04 1.356e+02 9.384e+01
s>                ( - -1.186e+03 1 0)
s>                ( - -1.989e+04 2 0))
s>            ( QUESTION3 1 -8.187e+04 1.409e+02 3.631e+02
s>                ( - -2.019e+03 2 0)
s>                ( QUESTION6 1 -7.971e+04 1.029e+02 3.541e+02
s>                    ( - -6.686e+03 5 0)
s>                    ( QUESTION0_0_R 1 -7.292e+04 9.128e+01 3.235e+02
s>                        ( - -7.705e+03 2 0)
s>                        ( - -6.513e+04 12 0))))))INFO: dtree.c(1315): Comp split 15
INFO: dtree.c(1439): stop. leaf nodes are specific
INFO: dtree.c(1478): Final simple tree
|( QUESTION8 1 -1.033e+05 1.636e+02 4.569e+02
|    ( QUESTION0_1_R 1 -2.122e+04 1.356e+02 9.384e+01
|        ( - -1.186e+03 1 0)
|        ( - -1.989e+04 2 0))
|    ( QUESTION3 1 -8.187e+04 1.409e+02 3.631e+02
|        ( - -2.019e+03 2 0)
|        ( QUESTION6 1 -7.971e+04 1.029e+02 3.541e+02
|            ( - -6.686e+03 5 0)
|            ( QUESTION0_0_R 1 -7.292e+04 9.128e+01 3.235e+02
|                ( - -7.705e+03 2 0)
|                ( - -6.513e+04 12 0)))))
s>    ( QUESTION8 1 -1.033e+05 1.636e+02 4.569e+02
s>        ( QUESTION0_1_R 1 -2.122e+04 1.356e+02 9.384e+01
s>            ( - -1.186e+03 1 0)
s>            ( - -1.989e+04 2 0))
s>        ( QUESTION3 1 -8.187e+04 1.409e+02 3.631e+02
s>            ( - -2.019e+03 2 0)
s>            ( QUESTION6 1 -7.971e+04 1.029e+02 3.541e+02
s>                ( - -6.686e+03 5 0)
s>                ( QUESTION0_0_R 1 -7.292e+04 9.128e+01 3.235e+02
s>                    ( - -7.705e+03 2 0)
s>                    ( - -6.513e+04 12 0)))))INFO: dtree.c(1315): Comp split 16
INFO: dtree.c(1439): stop. leaf nodes are specific
INFO: dtree.c(1478): Final simple tree
|( WDBNDRY_B 0 -4.627e+05 9.791e+01 2.042e+03
|    ( - -4.600e+05 6 0)
|    ( - -2.543e+03 2 0))
s>    ( WDBNDRY_B 0 -4.627e+05 9.791e+01 2.042e+03
s>        ( - -4.600e+05 6 0)
s>        ( - -2.543e+03 2 0))INFO: dtree.c(1315): Comp split 17
INFO: dtree.c(1439): stop. leaf nodes are specific
INFO: dtree.c(1478): Final simple tree
|( QUESTION6 1 -7.971e+04 1.029e+02 3.541e+02
|    ( - -6.686e+03 5 0)
|    ( QUESTION0_0_R 1 -7.292e+04 9.128e+01 3.235e+02
|        ( - -7.705e+03 2 0)
|        ( - -6.513e+04 12 0)))
s>    ( QUESTION6 1 -7.971e+04 1.029e+02 3.541e+02
s>        ( - -6.686e+03 5 0)
s>        ( QUESTION0_0_R 1 -7.292e+04 9.128e+01 3.235e+02
s>            ( - -7.705e+03 2 0)
s>            ( - -6.513e+04 12 0)))INFO: dtree.c(1439): stop. leaf nodes are specific
INFO: dtree.c(1478): Final simple tree
|( QUESTION0_7_R 1 -2.337e+04 1.455e+02 1.028e+02
|    ( - -1.989e+04 2 0)
|    ( QUESTION0_0_R 1 -3.332e+03 1.272e+02 1.500e+01
|        ( - -1.186e+03 1 0)
|        ( - -2.019e+03 2 0)))
s>    ( QUESTION0_7_R 1 -2.337e+04 1.455e+02 1.028e+02
s>        ( - -1.989e+04 2 0)
s>        ( QUESTION0_0_R 1 -3.332e+03 1.272e+02 1.500e+01
s>            ( - -1.186e+03 1 0)
s>            ( - -2.019e+03 2 0)))INFO: dtree.c(1315): Comp split 18
INFO: dtree.c(1439): stop. leaf nodes are specific
INFO: dtree.c(1478): Final simple tree
|( WDBNDRY_B 0 -1.822e+06 1.273e+02 8.006e+03
|    ( - -8.443e+02 1 0)
|    ( - -1.821e+06 23 0))
s>    ( WDBNDRY_B 0 -1.822e+06 1.273e+02 8.006e+03
s>        ( - -8.443e+02 1 0)
s>        ( - -1.821e+06 23 0))INFO: dtree.c(1315): Comp split 19
INFO: dtree.c(1439): stop. leaf nodes are specific
INFO: dtree.c(1478): Final simple tree
|( QUESTION0_0_R 1 -3.332e+03 1.272e+02 1.500e+01
|    ( - -1.186e+03 1 0)
|    ( - -2.019e+03 2 0))
s>    ( QUESTION0_0_R 1 -3.332e+03 1.272e+02 1.500e+01
s>        ( - -1.186e+03 1 0)
s>        ( - -2.019e+03 2 0))INFO: dtree.c(1315): Comp split 20
INFO: dtree.c(1315): Comp split 21
INFO: dtree.c(1315): Comp split 22
INFO: dtree.c(1315): Comp split 23
INFO: dtree.c(1315): Comp split 24
INFO: dtree.c(1439): stop. leaf nodes are specific
INFO: dtree.c(1478): Final simple tree
|( QUESTION0_8_R 1 -2.994e+03 9.187e+01 1.400e+01
|    ( - -8.270e+02 1 0)
|    ( - -2.075e+03 2 0))
s>    ( QUESTION0_8_R 1 -2.994e+03 9.187e+01 1.400e+01
s>        ( - -8.270e+02 1 0)
s>        ( - -2.075e+03 2 0))INFO: dtree.c(1315): Comp split 25
INFO: dtree.c(1439): stop. leaf nodes are specific
INFO: dtree.c(1478): Final simple tree
|( QUESTION7 -1 -1.927e+04 1.051e+02 8.634e+01
|    ( - -1.162e+04 1 0)
|    ( QUESTION19 -1 -7.542e+03 9.813e+01 3.414e+01
|        ( - -1.267e+03 2 0)
|        ( QUESTION2 -1 -6.178e+03 9.302e+01 2.814e+01
|            ( - -2.805e+03 1 0)
|            ( - -3.279e+03 1 0))))
s>    ( QUESTION7 -1 -1.927e+04 1.051e+02 8.634e+01
s>        ( - -1.162e+04 1 0)
s>        ( QUESTION19 -1 -7.542e+03 9.813e+01 3.414e+01
s>            ( - -1.267e+03 2 0)
s>            ( QUESTION2 -1 -6.178e+03 9.302e+01 2.814e+01
s>                ( - -2.805e+03 1 0)
s>                ( - -3.279e+03 1 0))))INFO: dtree.c(1315): Comp split 26
INFO: dtree.c(1315): Comp split 27
INFO: dtree.c(1439): stop. leaf nodes are specific
INFO: dtree.c(1478): Final simple tree
|( QUESTION19 -1 -7.542e+03 9.813e+01 3.414e+01
|    ( - -1.267e+03 2 0)
|    ( QUESTION2 -1 -6.178e+03 9.302e+01 2.814e+01
|        ( - -2.805e+03 1 0)
|        ( - -3.279e+03 1 0)))
s>    ( QUESTION19 -1 -7.542e+03 9.813e+01 3.414e+01
s>        ( - -1.267e+03 2 0)
s>        ( QUESTION2 -1 -6.178e+03 9.302e+01 2.814e+01
s>            ( - -2.805e+03 1 0)
s>            ( - -3.279e+03 1 0)))INFO: dtree.c(1315): Comp split 28
INFO: dtree.c(1439): stop. leaf nodes are specific
INFO: dtree.c(1478): Final simple tree
|( QUESTION0_0_R 1 -7.292e+04 9.128e+01 3.235e+02
|    ( - -7.705e+03 2 0)
|    ( - -6.513e+04 12 0))
s>    ( QUESTION0_0_R 1 -7.292e+04 9.128e+01 3.235e+02
s>        ( - -7.705e+03 2 0)
s>        ( - -6.513e+04 12 0))INFO: dtree.c(1315): Comp split 29
INFO: dtree.c(1439): stop. leaf nodes are specific
INFO: dtree.c(1478): Final simple tree
|( QUESTION2 -1 -6.178e+03 9.302e+01 2.814e+01
|    ( - -2.805e+03 1 0)
|    ( - -3.279e+03 1 0))
s>    ( QUESTION2 -1 -6.178e+03 9.302e+01 2.814e+01
s>        ( - -2.805e+03 1 0)
s>        ( - -3.279e+03 1 0))INFO: dtree.c(1315): Comp split 30
INFO: dtree.c(1315): Comp split 31
INFO: dtree.c(1315): Comp split 32
INFO: dtree.c(1315): Comp split 33
INFO: dtree.c(1315): Comp split 34
INFO: dtree.c(1318): stop. leaf nodes are specific
Mon Apr 24 17:43:46 2023
