Current configuration:
[NAME]		[DEFLT]	[VALUE]
-allphones	no	no
-cntthresh	0.00001	1.000000e-05
-csplitmax	100	2000
-csplitmin	1	1
-csplitthr	8e-4	0.000000e+00
-example	no	no
-fullvar	no	no
-help		no	no
-meanfn			/home/lucija/Documents/Zadnji semestar/ROGJ/Prezentacije/CMUspinx/tutorial15/model_parameters/my_db.cd_cont_untied/means
-mixwfn			/home/lucija/Documents/Zadnji semestar/ROGJ/Prezentacije/CMUspinx/tutorial15/model_parameters/my_db.cd_cont_untied/mixture_weights
-moddeffn		/home/lucija/Documents/Zadnji semestar/ROGJ/Prezentacije/CMUspinx/tutorial15/model_architecture/my_db.untied.mdef
-mwfloor	1e-4	1.000000e-08
-phone			nj
-psetfn			/home/lucija/Documents/Zadnji semestar/ROGJ/Prezentacije/CMUspinx/tutorial15/model_architecture/my_db.tree_questions
-ssplitmax	5	7
-ssplitmin	1	1
-ssplitthr	8e-4	0.000000e+00
-state			2
-stwt			1.0,0.05,0.0,
-treefn			/home/lucija/Documents/Zadnji semestar/ROGJ/Prezentacije/CMUspinx/tutorial15/trees/my_db.unpruned/nj-2.dtree
-ts2cbfn	.semi.	.cont.
-varfloor	0.00001	1.000000e-05
-varfn			/home/lucija/Documents/Zadnji semestar/ROGJ/Prezentacije/CMUspinx/tutorial15/model_parameters/my_db.cd_cont_untied/variances

INFO: main.c(223): Reading: /home/lucija/Documents/Zadnji semestar/ROGJ/Prezentacije/CMUspinx/tutorial15/model_architecture/my_db.untied.mdef
INFO: model_def_io.c(573): Model definition info:
INFO: model_def_io.c(574): 12056 total models defined (32 base, 12024 tri)
INFO: model_def_io.c(575): 48224 total states
INFO: model_def_io.c(576): 36168 total tied states
INFO: model_def_io.c(577): 96 total tied CI states
INFO: model_def_io.c(578): 32 total tied transition matrices
INFO: model_def_io.c(579): 4 max state/model
INFO: model_def_io.c(580): 4 min state/model
INFO: main.c(242): Building trees for [nj NOISE e b] through [nj ž u i]
INFO: main.c(268): Covering states |[20460 20807]| == 348
INFO: main.c(275): Reading: /home/lucija/Documents/Zadnji semestar/ROGJ/Prezentacije/CMUspinx/tutorial15/model_parameters/my_db.cd_cont_untied/mixture_weights
INFO: s3mixw_io.c(172): Read /home/lucija/Documents/Zadnji semestar/ROGJ/Prezentacije/CMUspinx/tutorial15/model_parameters/my_db.cd_cont_untied/mixture_weights [348x1x1 array]
INFO: main.c(311): 116 of 116 models have observation count greater than 0.000010
INFO: main.c(95): nrm stwt: 0.000 0.048 0.952 
INFO: s3gau_io.c(168): Read /home/lucija/Documents/Zadnji semestar/ROGJ/Prezentacije/CMUspinx/tutorial15/model_parameters/my_db.cd_cont_untied/means [36168x1x1 array]
INFO: s3gau_io.c(168): Read /home/lucija/Documents/Zadnji semestar/ROGJ/Prezentacije/CMUspinx/tutorial15/model_parameters/my_db.cd_cont_untied/variances [36168x1x1 array]
INFO: main.c(549): Reading: /home/lucija/Documents/Zadnji semestar/ROGJ/Prezentacije/CMUspinx/tutorial15/model_architecture/my_db.tree_questions
INFO: main.c(587): 176 total simple questions (168 phone; 8 word bndry)
INFO: main.c(589): 42 Left Only questions, and 42 Right Only questions
INFO: dtree.c(1478): Final simple tree
|( QUESTION12 -1 -2.175e+06 9.336e+03 1.007e+04
|    ( - -2.010e+05 9 0)
|    ( QUESTION1 -1 -1.965e+06 6.080e+03 9.154e+03
|        ( QUESTION7 -1 -9.373e+05 3.517e+03 4.419e+03
|            ( - -3.424e+05 8 0 QUESTION2_20_L -1 5.134e+02 1.633e+03)
|            ( QUESTION4 -1 -5.914e+05 2.515e+03 2.786e+03
|                ( - -3.851e+05 11 0 QUESTION6 -1 5.702e+02 1.813e+03)
|                ( - -2.038e+05 26 0 QUESTION11 -1 7.000e+02 9.726e+02)))
|        ( QUESTION0_20_R 1 -1.021e+06 4.542e+03 4.735e+03
|            ( - -9.610e+05 46 0 WDBNDRY_B 0 7.389e+02 4.484e+03)
|            ( QUESTION0_17_R 1 -5.576e+04 9.187e+02 2.516e+02
|                ( - -2.090e+04 1 0)
|                ( WDBNDRY_E 0 -3.394e+04 7.894e+02 1.536e+02
|                    ( - -2.412e+04 12 0 QUESTION0_2_R 1 4.509e+02 1.122e+02)
|                    ( - -9.026e+03 3 0))))))
s>    ( QUESTION12 -1 -2.175e+06 9.336e+03 1.007e+04
s>        ( - -2.010e+05 9 0)
s>        ( QUESTION1 -1 -1.965e+06 6.080e+03 9.154e+03
s>            ( QUESTION7 -1 -9.373e+05 3.517e+03 4.419e+03
s>                ( - -3.424e+05 8 0 QUESTION2_20_L -1 5.134e+02 1.633e+03)
s>                ( QUESTION4 -1 -5.914e+05 2.515e+03 2.786e+03
s>                    ( - -3.851e+05 11 0 QUESTION6 -1 5.702e+02 1.813e+03)
s>                    ( - -2.038e+05 26 0 QUESTION11 -1 7.000e+02 9.726e+02)))
s>            ( QUESTION0_20_R 1 -1.021e+06 4.542e+03 4.735e+03
s>                ( - -9.610e+05 46 0 WDBNDRY_B 0 7.389e+02 4.484e+03)
s>                ( QUESTION0_17_R 1 -5.576e+04 9.187e+02 2.516e+02
s>                    ( - -2.090e+04 1 0)
s>                    ( WDBNDRY_E 0 -3.394e+04 7.894e+02 1.536e+02
s>                        ( - -2.412e+04 12 0 QUESTION0_2_R 1 4.509e+02 1.122e+02)
s>                        ( - -9.026e+03 3 0))))))INFO: dtree.c(1315): Comp split 0
INFO: dtree.c(1478): Final simple tree
|( QUESTION1 -1 -1.904e+06 5.196e+03 8.903e+03
|    ( QUESTION7 -1 -9.373e+05 3.517e+03 4.419e+03
|        ( QUESTION2_20_L -1 -3.424e+05 5.134e+02 1.633e+03
|            ( - -2.176e+03 1 0)
|            ( - -3.397e+05 7 0 QUESTION2_16_L -1 2.772e+02 1.622e+03))
|        ( QUESTION4 -1 -5.914e+05 2.515e+03 2.786e+03
|            ( QUESTION6 -1 -3.851e+05 5.702e+02 1.813e+03
|                ( - -1.210e+04 4 0 WDBNDRY_B 0 4.590e+02 5.779e+01)
|                ( - -3.724e+05 7 0 WDBNDRY_B 0 1.382e+02 1.755e+03))
|            ( QUESTION11 -1 -2.038e+05 7.000e+02 9.726e+02
|                ( - -5.606e+04 2 0)
|                ( - -1.470e+05 24 0 WDBNDRY_B 0 3.660e+02 6.985e+02))))
|    ( WDBNDRY_B 0 -9.610e+05 7.389e+02 4.484e+03
|        ( - -5.600e+04 15 0 SILENCE -1 3.334e+02 2.577e+02)
|        ( - -9.043e+05 31 0 WDBNDRY_E 0 4.192e+02 4.226e+03)))
s>    ( QUESTION1 -1 -1.904e+06 5.196e+03 8.903e+03
s>        ( QUESTION7 -1 -9.373e+05 3.517e+03 4.419e+03
s>            ( QUESTION2_20_L -1 -3.424e+05 5.134e+02 1.633e+03
s>                ( - -2.176e+03 1 0)
s>                ( - -3.397e+05 7 0 QUESTION2_16_L -1 2.772e+02 1.622e+03))
s>            ( QUESTION4 -1 -5.914e+05 2.515e+03 2.786e+03
s>                ( QUESTION6 -1 -3.851e+05 5.702e+02 1.813e+03
s>                    ( - -1.210e+04 4 0 WDBNDRY_B 0 4.590e+02 5.779e+01)
s>                    ( - -3.724e+05 7 0 WDBNDRY_B 0 1.382e+02 1.755e+03))
s>                ( QUESTION11 -1 -2.038e+05 7.000e+02 9.726e+02
s>                    ( - -5.606e+04 2 0)
s>                    ( - -1.470e+05 24 0 WDBNDRY_B 0 3.660e+02 6.985e+02))))
s>        ( WDBNDRY_B 0 -9.610e+05 7.389e+02 4.484e+03
s>            ( - -5.600e+04 15 0 SILENCE -1 3.334e+02 2.577e+02)
s>            ( - -9.043e+05 31 0 WDBNDRY_E 0 4.192e+02 4.226e+03)))INFO: dtree.c(1478): Final simple tree
|( QUESTION0_20_R 1 -2.598e+05 3.103e+03 1.164e+03
|    ( - -2.010e+05 9 0)
|    ( QUESTION0_17_R 1 -5.576e+04 9.187e+02 2.516e+02
|        ( - -2.090e+04 1 0)
|        ( WDBNDRY_E 0 -3.394e+04 7.894e+02 1.536e+02
|            ( QUESTION0_2_R 1 -2.412e+04 4.509e+02 1.122e+02
|                ( - 2.155e+02 1 0)
|                ( QUESTION0_14_R 1 -2.389e+04 2.339e+02 1.112e+02
|                    ( - -8.702e+03 4 0 QUESTION0_15_R 1 1.101e+02 3.990e+01)
|                    ( QUESTION0_1_R 1 -1.495e+04 1.796e+02 7.125e+01
|                        ( - -2.842e+02 2 0)
|                        ( QUESTION0_9_R 1 -1.449e+04 1.457e+02 6.925e+01
|                            ( - -4.898e+02 2 0)
|                            ( - -1.385e+04 3 0 SILENCE 1 9.772e+01 6.625e+01)))))
|            ( - -9.026e+03 3 0))))
s>    ( QUESTION0_20_R 1 -2.598e+05 3.103e+03 1.164e+03
s>        ( - -2.010e+05 9 0)
s>        ( QUESTION0_17_R 1 -5.576e+04 9.187e+02 2.516e+02
s>            ( - -2.090e+04 1 0)
s>            ( WDBNDRY_E 0 -3.394e+04 7.894e+02 1.536e+02
s>                ( QUESTION0_2_R 1 -2.412e+04 4.509e+02 1.122e+02
s>                    ( - 2.155e+02 1 0)
s>                    ( QUESTION0_14_R 1 -2.389e+04 2.339e+02 1.112e+02
s>                        ( - -8.702e+03 4 0 QUESTION0_15_R 1 1.101e+02 3.990e+01)
s>                        ( QUESTION0_1_R 1 -1.495e+04 1.796e+02 7.125e+01
s>                            ( - -2.842e+02 2 0)
s>                            ( QUESTION0_9_R 1 -1.449e+04 1.457e+02 6.925e+01
s>                                ( - -4.898e+02 2 0)
s>                                ( - -1.385e+04 3 0 SILENCE 1 9.772e+01 6.625e+01)))))
s>                ( - -9.026e+03 3 0))))INFO: dtree.c(1315): Comp split 1
INFO: dtree.c(1478): Final simple tree
|( QUESTION7 -1 -9.347e+05 3.643e+03 4.408e+03
|    ( - -3.397e+05 7 0 QUESTION2_16_L -1 2.772e+02 1.622e+03)
|    ( QUESTION4 -1 -5.914e+05 2.515e+03 2.786e+03
|        ( QUESTION6 -1 -3.851e+05 5.702e+02 1.813e+03
|            ( WDBNDRY_B 0 -1.210e+04 4.590e+02 5.779e+01
|                ( - 2.059e+02 1 0)
|                ( - -1.185e+04 3 0))
|            ( - -3.724e+05 7 0 WDBNDRY_B 0 1.382e+02 1.755e+03))
|        ( QUESTION11 -1 -2.038e+05 7.000e+02 9.726e+02
|            ( - -5.606e+04 2 0)
|            ( WDBNDRY_B 0 -1.470e+05 3.660e+02 6.985e+02
|                ( - -7.924e+03 11 0 QUESTION17 -1 1.677e+02 3.798e+01)
|                ( QUESTION2 -1 -1.387e+05 3.372e+02 6.605e+02
|                    ( - -1.288e+05 11 0)
|                    ( - -9.554e+03 2 0))))))
s>    ( QUESTION7 -1 -9.347e+05 3.643e+03 4.408e+03
s>        ( - -3.397e+05 7 0 QUESTION2_16_L -1 2.772e+02 1.622e+03)
s>        ( QUESTION4 -1 -5.914e+05 2.515e+03 2.786e+03
s>            ( QUESTION6 -1 -3.851e+05 5.702e+02 1.813e+03
s>                ( WDBNDRY_B 0 -1.210e+04 4.590e+02 5.779e+01
s>                    ( - 2.059e+02 1 0)
s>                    ( - -1.185e+04 3 0))
s>                ( - -3.724e+05 7 0 WDBNDRY_B 0 1.382e+02 1.755e+03))
s>            ( QUESTION11 -1 -2.038e+05 7.000e+02 9.726e+02
s>                ( - -5.606e+04 2 0)
s>                ( WDBNDRY_B 0 -1.470e+05 3.660e+02 6.985e+02
s>                    ( - -7.924e+03 11 0 QUESTION17 -1 1.677e+02 3.798e+01)
s>                    ( QUESTION2 -1 -1.387e+05 3.372e+02 6.605e+02
s>                        ( - -1.288e+05 11 0)
s>                        ( - -9.554e+03 2 0))))))INFO: dtree.c(1439): stop. leaf nodes are specific
INFO: dtree.c(1478): Final simple tree
|( WDBNDRY_B 0 -9.635e+05 7.358e+02 4.495e+03
|    ( SILENCE -1 -5.600e+04 3.334e+02 2.577e+02
|        ( - -6.474e+03 2 0)
|        ( - -4.919e+04 13 0))
|    ( WDBNDRY_E 0 -9.067e+05 4.196e+02 4.237e+03
|        ( - -6.523e+03 7 0)
|        ( QUESTION0 -1 -8.998e+05 3.031e+02 4.207e+03
|            ( QUESTION2_0_L -1 -8.973e+05 1.488e+02 4.196e+03
|                ( - -8.914e+05 21 0)
|                ( - -5.738e+03 3 0))
|            ( - -2.176e+03 1 0))))
s>    ( WDBNDRY_B 0 -9.635e+05 7.358e+02 4.495e+03
s>        ( SILENCE -1 -5.600e+04 3.334e+02 2.577e+02
s>            ( - -6.474e+03 2 0)
s>            ( - -4.919e+04 13 0))
s>        ( WDBNDRY_E 0 -9.067e+05 4.196e+02 4.237e+03
s>            ( - -6.523e+03 7 0)
s>            ( QUESTION0 -1 -8.998e+05 3.031e+02 4.207e+03
s>                ( QUESTION2_0_L -1 -8.973e+05 1.488e+02 4.196e+03
s>                    ( - -8.914e+05 21 0)
s>                    ( - -5.738e+03 3 0))
s>                ( - -2.176e+03 1 0))))INFO: dtree.c(1315): Comp split 2
INFO: dtree.c(1439): stop. leaf nodes are specific
INFO: dtree.c(1478): Final simple tree
|( WDBNDRY_B 0 -3.400e+05 4.486e+02 1.623e+03
|    ( - 2.059e+02 1 0)
|    ( QUESTION2_16_L -1 -3.397e+05 2.772e+02 1.622e+03
|        ( - -3.307e+05 4 0)
|        ( - -8.746e+03 3 0)))
s>    ( WDBNDRY_B 0 -3.400e+05 4.486e+02 1.623e+03
s>        ( - 2.059e+02 1 0)
s>        ( QUESTION2_16_L -1 -3.397e+05 2.772e+02 1.622e+03
s>            ( - -3.307e+05 4 0)
s>            ( - -8.746e+03 3 0)))INFO: dtree.c(1478): Final simple tree
|( QUESTION4 -1 -5.911e+05 2.512e+03 2.785e+03
|    ( QUESTION6 -1 -3.849e+05 5.796e+02 1.812e+03
|        ( - -1.185e+04 3 0)
|        ( WDBNDRY_B 0 -3.724e+05 1.382e+02 1.755e+03
|            ( - -1.650e+03 2 0)
|            ( - -3.707e+05 5 0)))
|    ( QUESTION11 -1 -2.038e+05 7.000e+02 9.726e+02
|        ( - -5.606e+04 2 0)
|        ( WDBNDRY_B 0 -1.470e+05 3.660e+02 6.985e+02
|            ( QUESTION17 -1 -7.924e+03 1.677e+02 3.798e+01
|                ( - -4.403e+02 1 0)
|                ( - -7.316e+03 10 0 QUESTION10 -1 1.168e+02 3.498e+01))
|            ( QUESTION2 -1 -1.387e+05 3.372e+02 6.605e+02
|                ( - -1.288e+05 11 0)
|                ( - -9.554e+03 2 0)))))
s>    ( QUESTION4 -1 -5.911e+05 2.512e+03 2.785e+03
s>        ( QUESTION6 -1 -3.849e+05 5.796e+02 1.812e+03
s>            ( - -1.185e+04 3 0)
s>            ( WDBNDRY_B 0 -3.724e+05 1.382e+02 1.755e+03
s>                ( - -1.650e+03 2 0)
s>                ( - -3.707e+05 5 0)))
s>        ( QUESTION11 -1 -2.038e+05 7.000e+02 9.726e+02
s>            ( - -5.606e+04 2 0)
s>            ( WDBNDRY_B 0 -1.470e+05 3.660e+02 6.985e+02
s>                ( QUESTION17 -1 -7.924e+03 1.677e+02 3.798e+01
s>                    ( - -4.403e+02 1 0)
s>                    ( - -7.316e+03 10 0 QUESTION10 -1 1.168e+02 3.498e+01))
s>                ( QUESTION2 -1 -1.387e+05 3.372e+02 6.605e+02
s>                    ( - -1.288e+05 11 0)
s>                    ( - -9.554e+03 2 0)))))INFO: dtree.c(1315): Comp split 3
INFO: dtree.c(1478): Final simple tree
|( QUESTION0_17_R 1 -5.576e+04 9.187e+02 2.516e+02
|    ( - -2.090e+04 1 0)
|    ( WDBNDRY_E 0 -3.394e+04 7.894e+02 1.536e+02
|        ( QUESTION0_2_R 1 -2.412e+04 4.509e+02 1.122e+02
|            ( - 2.155e+02 1 0)
|            ( QUESTION0_14_R 1 -2.389e+04 2.339e+02 1.112e+02
|                ( QUESTION0_15_R 1 -8.702e+03 1.101e+02 3.990e+01
|                    ( - -8.255e+03 3 0)
|                    ( - -3.364e+02 1 0))
|                ( QUESTION0_1_R 1 -1.495e+04 1.796e+02 7.125e+01
|                    ( - -2.842e+02 2 0)
|                    ( QUESTION0_9_R 1 -1.449e+04 1.457e+02 6.925e+01
|                        ( - -4.898e+02 2 0)
|                        ( - -1.385e+04 3 0 SILENCE 1 9.772e+01 6.625e+01)))))
|        ( - -9.026e+03 3 0)))
s>    ( QUESTION0_17_R 1 -5.576e+04 9.187e+02 2.516e+02
s>        ( - -2.090e+04 1 0)
s>        ( WDBNDRY_E 0 -3.394e+04 7.894e+02 1.536e+02
s>            ( QUESTION0_2_R 1 -2.412e+04 4.509e+02 1.122e+02
s>                ( - 2.155e+02 1 0)
s>                ( QUESTION0_14_R 1 -2.389e+04 2.339e+02 1.112e+02
s>                    ( QUESTION0_15_R 1 -8.702e+03 1.101e+02 3.990e+01
s>                        ( - -8.255e+03 3 0)
s>                        ( - -3.364e+02 1 0))
s>                    ( QUESTION0_1_R 1 -1.495e+04 1.796e+02 7.125e+01
s>                        ( - -2.842e+02 2 0)
s>                        ( QUESTION0_9_R 1 -1.449e+04 1.457e+02 6.925e+01
s>                            ( - -4.898e+02 2 0)
s>                            ( - -1.385e+04 3 0 SILENCE 1 9.772e+01 6.625e+01)))))
s>            ( - -9.026e+03 3 0)))INFO: dtree.c(1315): Comp split 4
INFO: dtree.c(1439): stop. leaf nodes are specific
INFO: dtree.c(1478): Final simple tree
|( WDBNDRY_B 0 -3.807e+05 3.345e+02 1.793e+03
|    ( QUESTION17 -1 -9.675e+03 1.717e+02 4.598e+01
|        ( - -4.403e+02 1 0)
|        ( QUESTION10 -1 -9.063e+03 1.201e+02 4.298e+01
|            ( - -7.179e+02 2 0)
|            ( QUESTION3 -1 -8.225e+03 1.224e+02 3.898e+01
|                ( - -5.568e+03 6 0)
|                ( QUESTION2 -1 -2.534e+03 8.912e+01 1.200e+01
|                    ( - -1.650e+03 2 0)
|                    ( - -7.956e+02 2 0)))))
|    ( - -3.707e+05 5 0))
s>    ( WDBNDRY_B 0 -3.807e+05 3.345e+02 1.793e+03
s>        ( QUESTION17 -1 -9.675e+03 1.717e+02 4.598e+01
s>            ( - -4.403e+02 1 0)
s>            ( QUESTION10 -1 -9.063e+03 1.201e+02 4.298e+01
s>                ( - -7.179e+02 2 0)
s>                ( QUESTION3 -1 -8.225e+03 1.224e+02 3.898e+01
s>                    ( - -5.568e+03 6 0)
s>                    ( QUESTION2 -1 -2.534e+03 8.912e+01 1.200e+01
s>                        ( - -1.650e+03 2 0)
s>                        ( - -7.956e+02 2 0)))))
s>        ( - -3.707e+05 5 0))INFO: dtree.c(1439): stop. leaf nodes are specific
INFO: dtree.c(1478): Final simple tree
|( QUESTION3 -1 -2.077e+05 7.027e+02 9.915e+02
|    ( - -1.288e+05 11 0)
|    ( QUESTION11 -1 -7.821e+04 4.418e+02 3.769e+02
|        ( - -5.606e+04 2 0)
|        ( QUESTION2 -1 -2.171e+04 3.066e+02 1.027e+02
|            ( - -1.185e+04 3 0)
|            ( - -9.554e+03 2 0))))
s>    ( QUESTION3 -1 -2.077e+05 7.027e+02 9.915e+02
s>        ( - -1.288e+05 11 0)
s>        ( QUESTION11 -1 -7.821e+04 4.418e+02 3.769e+02
s>            ( - -5.606e+04 2 0)
s>            ( QUESTION2 -1 -2.171e+04 3.066e+02 1.027e+02
s>                ( - -1.185e+04 3 0)
s>                ( - -9.554e+03 2 0))))INFO: dtree.c(1315): Comp split 5
INFO: dtree.c(1478): Final simple tree
|( WDBNDRY_E 0 -3.394e+04 7.894e+02 1.536e+02
|    ( QUESTION0_2_R 1 -2.412e+04 4.509e+02 1.122e+02
|        ( - 2.155e+02 1 0)
|        ( QUESTION0_14_R 1 -2.389e+04 2.339e+02 1.112e+02
|            ( QUESTION0_15_R 1 -8.702e+03 1.101e+02 3.990e+01
|                ( - -8.255e+03 3 0)
|                ( - -3.364e+02 1 0))
|            ( QUESTION0_1_R 1 -1.495e+04 1.796e+02 7.125e+01
|                ( - -2.842e+02 2 0)
|                ( QUESTION0_9_R 1 -1.449e+04 1.457e+02 6.925e+01
|                    ( - -4.898e+02 2 0)
|                    ( SILENCE 1 -1.385e+04 9.772e+01 6.625e+01
|                        ( - -1.127e+04 2 0)
|                        ( - -2.482e+03 1 0))))))
|    ( - -9.026e+03 3 0))
s>    ( WDBNDRY_E 0 -3.394e+04 7.894e+02 1.536e+02
s>        ( QUESTION0_2_R 1 -2.412e+04 4.509e+02 1.122e+02
s>            ( - 2.155e+02 1 0)
s>            ( QUESTION0_14_R 1 -2.389e+04 2.339e+02 1.112e+02
s>                ( QUESTION0_15_R 1 -8.702e+03 1.101e+02 3.990e+01
s>                    ( - -8.255e+03 3 0)
s>                    ( - -3.364e+02 1 0))
s>                ( QUESTION0_1_R 1 -1.495e+04 1.796e+02 7.125e+01
s>                    ( - -2.842e+02 2 0)
s>                    ( QUESTION0_9_R 1 -1.449e+04 1.457e+02 6.925e+01
s>                        ( - -4.898e+02 2 0)
s>                        ( SILENCE 1 -1.385e+04 9.772e+01 6.625e+01
s>                            ( - -1.127e+04 2 0)
s>                            ( - -2.482e+03 1 0))))))
s>        ( - -9.026e+03 3 0))INFO: dtree.c(1315): Comp split 6
INFO: dtree.c(1439): stop. leaf nodes are specific
INFO: dtree.c(1478): Final simple tree
|( QUESTION0_2_R 1 -2.412e+04 4.509e+02 1.122e+02
|    ( - 2.155e+02 1 0)
|    ( QUESTION0_14_R 1 -2.389e+04 2.339e+02 1.112e+02
|        ( QUESTION0_15_R 1 -8.702e+03 1.101e+02 3.990e+01
|            ( - -8.255e+03 3 0)
|            ( - -3.364e+02 1 0))
|        ( QUESTION0_1_R 1 -1.495e+04 1.796e+02 7.125e+01
|            ( - -2.842e+02 2 0)
|            ( QUESTION0_9_R 1 -1.449e+04 1.457e+02 6.925e+01
|                ( - -4.898e+02 2 0)
|                ( SILENCE 1 -1.385e+04 9.772e+01 6.625e+01
|                    ( - -1.127e+04 2 0)
|                    ( - -2.482e+03 1 0))))))
s>    ( QUESTION0_2_R 1 -2.412e+04 4.509e+02 1.122e+02
s>        ( - 2.155e+02 1 0)
s>        ( QUESTION0_14_R 1 -2.389e+04 2.339e+02 1.112e+02
s>            ( QUESTION0_15_R 1 -8.702e+03 1.101e+02 3.990e+01
s>                ( - -8.255e+03 3 0)
s>                ( - -3.364e+02 1 0))
s>            ( QUESTION0_1_R 1 -1.495e+04 1.796e+02 7.125e+01
s>                ( - -2.842e+02 2 0)
s>                ( QUESTION0_9_R 1 -1.449e+04 1.457e+02 6.925e+01
s>                    ( - -4.898e+02 2 0)
s>                    ( SILENCE 1 -1.385e+04 9.772e+01 6.625e+01
s>                        ( - -1.127e+04 2 0)
s>                        ( - -2.482e+03 1 0))))))INFO: dtree.c(1315): Comp split 7
INFO: dtree.c(1439): stop. leaf nodes are specific
INFO: dtree.c(1478): Final simple tree
|( WDBNDRY_E 0 -8.984e+05 4.188e+02 4.199e+03
|    ( - -6.523e+03 7 0)
|    ( - -8.914e+05 21 0))
s>    ( WDBNDRY_E 0 -8.984e+05 4.188e+02 4.199e+03
s>        ( - -6.523e+03 7 0)
s>        ( - -8.914e+05 21 0))INFO: dtree.c(1439): stop. leaf nodes are specific
INFO: dtree.c(1478): Final simple tree
|( SILENCE -1 -6.433e+04 3.386e+02 2.958e+02
|    ( - -6.474e+03 2 0)
|    ( QUESTION0 -1 -5.751e+04 2.578e+02 2.658e+02
|        ( WDBNDRY_B 0 -5.508e+04 1.488e+02 2.546e+02
|            ( - -4.919e+04 13 0)
|            ( - -5.738e+03 3 0))
|        ( - -2.176e+03 1 0)))
s>    ( SILENCE -1 -6.433e+04 3.386e+02 2.958e+02
s>        ( - -6.474e+03 2 0)
s>        ( QUESTION0 -1 -5.751e+04 2.578e+02 2.658e+02
s>            ( WDBNDRY_B 0 -5.508e+04 1.488e+02 2.546e+02
s>                ( - -4.919e+04 13 0)
s>                ( - -5.738e+03 3 0))
s>            ( - -2.176e+03 1 0)))INFO: dtree.c(1315): Comp split 8
INFO: dtree.c(1439): stop. leaf nodes are specific
INFO: dtree.c(1478): Final simple tree
|( QUESTION2 -1 -6.831e+04 4.008e+02 3.310e+02
|    ( - -1.185e+04 3 0)
|    ( - -5.606e+04 2 0))
s>    ( QUESTION2 -1 -6.831e+04 4.008e+02 3.310e+02
s>        ( - -1.185e+04 3 0)
s>        ( - -5.606e+04 2 0))INFO: dtree.c(1439): stop. leaf nodes are specific
INFO: dtree.c(1478): Final simple tree
|( QUESTION2 -1 -1.387e+05 3.372e+02 6.605e+02
|    ( - -1.288e+05 11 0)
|    ( - -9.554e+03 2 0))
s>    ( QUESTION2 -1 -1.387e+05 3.372e+02 6.605e+02
s>        ( - -1.288e+05 11 0)
s>        ( - -9.554e+03 2 0))INFO: dtree.c(1315): Comp split 9
INFO: dtree.c(1439): stop. leaf nodes are specific
INFO: dtree.c(1478): Final simple tree
|( QUESTION0_14_R 1 -2.389e+04 2.339e+02 1.112e+02
|    ( QUESTION0_15_R 1 -8.702e+03 1.101e+02 3.990e+01
|        ( - -8.255e+03 3 0)
|        ( - -3.364e+02 1 0))
|    ( QUESTION0_1_R 1 -1.495e+04 1.796e+02 7.125e+01
|        ( - -2.842e+02 2 0)
|        ( QUESTION0_9_R 1 -1.449e+04 1.457e+02 6.925e+01
|            ( - -4.898e+02 2 0)
|            ( SILENCE 1 -1.385e+04 9.772e+01 6.625e+01
|                ( - -1.127e+04 2 0)
|                ( - -2.482e+03 1 0)))))
s>    ( QUESTION0_14_R 1 -2.389e+04 2.339e+02 1.112e+02
s>        ( QUESTION0_15_R 1 -8.702e+03 1.101e+02 3.990e+01
s>            ( - -8.255e+03 3 0)
s>            ( - -3.364e+02 1 0))
s>        ( QUESTION0_1_R 1 -1.495e+04 1.796e+02 7.125e+01
s>            ( - -2.842e+02 2 0)
s>            ( QUESTION0_9_R 1 -1.449e+04 1.457e+02 6.925e+01
s>                ( - -4.898e+02 2 0)
s>                ( SILENCE 1 -1.385e+04 9.772e+01 6.625e+01
s>                    ( - -1.127e+04 2 0)
s>                    ( - -2.482e+03 1 0)))))INFO: dtree.c(1315): Comp split 10
INFO: dtree.c(1439): stop. leaf nodes are specific
INFO: dtree.c(1478): Final simple tree
|( QUESTION2_16_L -1 -3.397e+05 2.772e+02 1.622e+03
|    ( - -3.307e+05 4 0)
|    ( - -8.746e+03 3 0))
s>    ( QUESTION2_16_L -1 -3.397e+05 2.772e+02 1.622e+03
s>        ( - -3.307e+05 4 0)
s>        ( - -8.746e+03 3 0))INFO: dtree.c(1315): Comp split 11
INFO: dtree.c(1315): Comp split 12
INFO: dtree.c(1315): Comp split 13
INFO: dtree.c(1439): stop. leaf nodes are specific
INFO: dtree.c(1478): Final simple tree
|( QUESTION0 -1 -5.751e+04 2.578e+02 2.658e+02
|    ( WDBNDRY_B 0 -5.508e+04 1.488e+02 2.546e+02
|        ( - -4.919e+04 13 0)
|        ( - -5.738e+03 3 0))
|    ( - -2.176e+03 1 0))
s>    ( QUESTION0 -1 -5.751e+04 2.578e+02 2.658e+02
s>        ( WDBNDRY_B 0 -5.508e+04 1.488e+02 2.546e+02
s>            ( - -4.919e+04 13 0)
s>            ( - -5.738e+03 3 0))
s>        ( - -2.176e+03 1 0))INFO: dtree.c(1315): Comp split 14
INFO: dtree.c(1315): Comp split 15
INFO: dtree.c(1439): stop. leaf nodes are specific
INFO: dtree.c(1478): Final simple tree
|( QUESTION17 -1 -9.675e+03 1.717e+02 4.598e+01
|    ( - -4.403e+02 1 0)
|    ( QUESTION10 -1 -9.063e+03 1.201e+02 4.298e+01
|        ( - -7.179e+02 2 0)
|        ( QUESTION3 -1 -8.225e+03 1.224e+02 3.898e+01
|            ( - -5.568e+03 6 0)
|            ( QUESTION2 -1 -2.534e+03 8.912e+01 1.200e+01
|                ( - -1.650e+03 2 0)
|                ( - -7.956e+02 2 0)))))
s>    ( QUESTION17 -1 -9.675e+03 1.717e+02 4.598e+01
s>        ( - -4.403e+02 1 0)
s>        ( QUESTION10 -1 -9.063e+03 1.201e+02 4.298e+01
s>            ( - -7.179e+02 2 0)
s>            ( QUESTION3 -1 -8.225e+03 1.224e+02 3.898e+01
s>                ( - -5.568e+03 6 0)
s>                ( QUESTION2 -1 -2.534e+03 8.912e+01 1.200e+01
s>                    ( - -1.650e+03 2 0)
s>                    ( - -7.956e+02 2 0)))))INFO: dtree.c(1315): Comp split 16
INFO: dtree.c(1315): Comp split 17
INFO: dtree.c(1439): stop. leaf nodes are specific
INFO: dtree.c(1478): Final simple tree
|( WDBNDRY_B 0 -5.508e+04 1.488e+02 2.546e+02
|    ( - -4.919e+04 13 0)
|    ( - -5.738e+03 3 0))
s>    ( WDBNDRY_B 0 -5.508e+04 1.488e+02 2.546e+02
s>        ( - -4.919e+04 13 0)
s>        ( - -5.738e+03 3 0))INFO: dtree.c(1315): Comp split 18
INFO: dtree.c(1439): stop. leaf nodes are specific
INFO: dtree.c(1478): Final simple tree
|( QUESTION0_1_R 1 -1.495e+04 1.796e+02 7.125e+01
|    ( - -2.842e+02 2 0)
|    ( QUESTION0_9_R 1 -1.449e+04 1.457e+02 6.925e+01
|        ( - -4.898e+02 2 0)
|        ( SILENCE 1 -1.385e+04 9.772e+01 6.625e+01
|            ( - -1.127e+04 2 0)
|            ( - -2.482e+03 1 0))))
s>    ( QUESTION0_1_R 1 -1.495e+04 1.796e+02 7.125e+01
s>        ( - -2.842e+02 2 0)
s>        ( QUESTION0_9_R 1 -1.449e+04 1.457e+02 6.925e+01
s>            ( - -4.898e+02 2 0)
s>            ( SILENCE 1 -1.385e+04 9.772e+01 6.625e+01
s>                ( - -1.127e+04 2 0)
s>                ( - -2.482e+03 1 0))))INFO: dtree.c(1439): stop. leaf nodes are specific
INFO: dtree.c(1478): Final simple tree
|( QUESTION0_15_R 1 -8.702e+03 1.101e+02 3.990e+01
|    ( - -8.255e+03 3 0)
|    ( - -3.364e+02 1 0))
s>    ( QUESTION0_15_R 1 -8.702e+03 1.101e+02 3.990e+01
s>        ( - -8.255e+03 3 0)
s>        ( - -3.364e+02 1 0))INFO: dtree.c(1315): Comp split 19
INFO: dtree.c(1439): stop. leaf nodes are specific
INFO: dtree.c(1478): Final simple tree
|( QUESTION0_9_R 1 -1.449e+04 1.457e+02 6.925e+01
|    ( - -4.898e+02 2 0)
|    ( SILENCE 1 -1.385e+04 9.772e+01 6.625e+01
|        ( - -1.127e+04 2 0)
|        ( - -2.482e+03 1 0)))
s>    ( QUESTION0_9_R 1 -1.449e+04 1.457e+02 6.925e+01
s>        ( - -4.898e+02 2 0)
s>        ( SILENCE 1 -1.385e+04 9.772e+01 6.625e+01
s>            ( - -1.127e+04 2 0)
s>            ( - -2.482e+03 1 0)))INFO: dtree.c(1315): Comp split 20
INFO: dtree.c(1439): stop. leaf nodes are specific
INFO: dtree.c(1478): Final simple tree
|( QUESTION10 -1 -9.063e+03 1.201e+02 4.298e+01
|    ( - -7.179e+02 2 0)
|    ( QUESTION3 -1 -8.225e+03 1.224e+02 3.898e+01
|        ( - -5.568e+03 6 0)
|        ( QUESTION2 -1 -2.534e+03 8.912e+01 1.200e+01
|            ( - -1.650e+03 2 0)
|            ( - -7.956e+02 2 0))))
s>    ( QUESTION10 -1 -9.063e+03 1.201e+02 4.298e+01
s>        ( - -7.179e+02 2 0)
s>        ( QUESTION3 -1 -8.225e+03 1.224e+02 3.898e+01
s>            ( - -5.568e+03 6 0)
s>            ( QUESTION2 -1 -2.534e+03 8.912e+01 1.200e+01
s>                ( - -1.650e+03 2 0)
s>                ( - -7.956e+02 2 0))))INFO: dtree.c(1315): Comp split 21
INFO: dtree.c(1315): Comp split 22
INFO: dtree.c(1439): stop. leaf nodes are specific
INFO: dtree.c(1478): Final simple tree
|( SILENCE 1 -1.385e+04 9.772e+01 6.625e+01
|    ( - -1.127e+04 2 0)
|    ( - -2.482e+03 1 0))
s>    ( SILENCE 1 -1.385e+04 9.772e+01 6.625e+01
s>        ( - -1.127e+04 2 0)
s>        ( - -2.482e+03 1 0))INFO: dtree.c(1315): Comp split 23
INFO: dtree.c(1439): stop. leaf nodes are specific
INFO: dtree.c(1478): Final simple tree
|( QUESTION2 -1 -2.534e+03 8.912e+01 1.200e+01
|    ( - -1.650e+03 2 0)
|    ( - -7.956e+02 2 0))
s>    ( QUESTION2 -1 -2.534e+03 8.912e+01 1.200e+01
s>        ( - -1.650e+03 2 0)
s>        ( - -7.956e+02 2 0))INFO: dtree.c(1439): stop. leaf nodes are specific
INFO: dtree.c(1478): Final simple tree
|( QUESTION2 -1 -6.404e+03 1.174e+02 3.098e+01
|    ( - -5.568e+03 6 0)
|    ( - -7.179e+02 2 0))
s>    ( QUESTION2 -1 -6.404e+03 1.174e+02 3.098e+01
s>        ( - -5.568e+03 6 0)
s>        ( - -7.179e+02 2 0))INFO: dtree.c(1315): Comp split 24
INFO: dtree.c(1315): Comp split 25
INFO: dtree.c(1315): Comp split 26
INFO: dtree.c(1315): Comp split 27
INFO: dtree.c(1315): Comp split 28
INFO: dtree.c(1318): stop. leaf nodes are specific
Mon Apr 24 17:47:07 2023
