Current configuration:
[NAME]		[DEFLT]	[VALUE]
-allphones	no	no
-cntthresh	0.00001	1.000000e-05
-csplitmax	100	2000
-csplitmin	1	1
-csplitthr	8e-4	0.000000e+00
-example	no	no
-fullvar	no	no
-help		no	no
-meanfn			/home/lucija/Documents/Zadnji semestar/ROGJ/Prezentacije/CMUspinx/tutorial15/model_parameters/my_db.cd_cont_untied/means
-mixwfn			/home/lucija/Documents/Zadnji semestar/ROGJ/Prezentacije/CMUspinx/tutorial15/model_parameters/my_db.cd_cont_untied/mixture_weights
-moddeffn		/home/lucija/Documents/Zadnji semestar/ROGJ/Prezentacije/CMUspinx/tutorial15/model_architecture/my_db.untied.mdef
-mwfloor	1e-4	1.000000e-08
-phone			p
-psetfn			/home/lucija/Documents/Zadnji semestar/ROGJ/Prezentacije/CMUspinx/tutorial15/model_architecture/my_db.tree_questions
-ssplitmax	5	7
-ssplitmin	1	1
-ssplitthr	8e-4	0.000000e+00
-state			0
-stwt			1.0,0.05,0.0,
-treefn			/home/lucija/Documents/Zadnji semestar/ROGJ/Prezentacije/CMUspinx/tutorial15/trees/my_db.unpruned/p-0.dtree
-ts2cbfn	.semi.	.cont.
-varfloor	0.00001	1.000000e-05
-varfn			/home/lucija/Documents/Zadnji semestar/ROGJ/Prezentacije/CMUspinx/tutorial15/model_parameters/my_db.cd_cont_untied/variances

INFO: main.c(223): Reading: /home/lucija/Documents/Zadnji semestar/ROGJ/Prezentacije/CMUspinx/tutorial15/model_architecture/my_db.untied.mdef
INFO: model_def_io.c(573): Model definition info:
INFO: model_def_io.c(574): 12056 total models defined (32 base, 12024 tri)
INFO: model_def_io.c(575): 48224 total states
INFO: model_def_io.c(576): 36168 total tied states
INFO: model_def_io.c(577): 96 total tied CI states
INFO: model_def_io.c(578): 32 total tied transition matrices
INFO: model_def_io.c(579): 4 max state/model
INFO: model_def_io.c(580): 4 min state/model
INFO: main.c(242): Building trees for [p NOISE a b] through [p š r b]
INFO: main.c(268): Covering states |[23772 24641]| == 870
INFO: main.c(275): Reading: /home/lucija/Documents/Zadnji semestar/ROGJ/Prezentacije/CMUspinx/tutorial15/model_parameters/my_db.cd_cont_untied/mixture_weights
INFO: s3mixw_io.c(172): Read /home/lucija/Documents/Zadnji semestar/ROGJ/Prezentacije/CMUspinx/tutorial15/model_parameters/my_db.cd_cont_untied/mixture_weights [870x1x1 array]
INFO: main.c(311): 290 of 290 models have observation count greater than 0.000010
INFO: main.c(95): nrm stwt: 0.952 0.048 0.000 
INFO: s3gau_io.c(168): Read /home/lucija/Documents/Zadnji semestar/ROGJ/Prezentacije/CMUspinx/tutorial15/model_parameters/my_db.cd_cont_untied/means [36168x1x1 array]
INFO: s3gau_io.c(168): Read /home/lucija/Documents/Zadnji semestar/ROGJ/Prezentacije/CMUspinx/tutorial15/model_parameters/my_db.cd_cont_untied/variances [36168x1x1 array]
INFO: main.c(549): Reading: /home/lucija/Documents/Zadnji semestar/ROGJ/Prezentacije/CMUspinx/tutorial15/model_architecture/my_db.tree_questions
INFO: main.c(587): 176 total simple questions (168 phone; 8 word bndry)
INFO: main.c(589): 42 Left Only questions, and 42 Right Only questions
INFO: dtree.c(1478): Final simple tree
|( QUESTION0 -1 -1.228e+07 2.806e+04 5.804e+04
|    ( WDBNDRY_I 0 -9.577e+06 1.184e+04 4.551e+04
|        ( QUESTION0_14_R 1 -3.213e+06 1.129e+04 1.515e+04
|            ( - -6.446e+05 6 0 QUESTION0_16_R 1 3.186e+03 3.087e+03)
|            ( - -2.557e+06 50 0 QUESTION0 1 4.737e+03 1.206e+04))
|        ( - -6.351e+06 86 0 QUESTION1 1 5.576e+03 3.036e+04))
|    ( QUESTION2_6_L -1 -2.678e+06 1.354e+04 1.253e+04
|        ( QUESTION2_8_L -1 -1.357e+06 5.585e+03 6.479e+03
|            ( - -5.948e+05 28 0 WDBNDRY_B 0 6.016e+02 2.830e+03)
|            ( - -7.564e+05 58 0 QUESTION2 -1 1.225e+03 3.650e+03))
|        ( WDBNDRY_B 0 -1.308e+06 8.329e+03 6.054e+03
|            ( SILENCE -1 -1.030e+06 8.015e+03 4.807e+03
|                ( - -2.649e+05 10 0 QUESTION0 1 8.604e+02 1.194e+03)
|                ( - -7.567e+05 33 0 QUESTION2 -1 3.212e+03 3.613e+03))
|            ( - -2.700e+05 19 0 QUESTION0_0_R 1 9.117e+02 1.247e+03))))
s>    ( QUESTION0 -1 -1.228e+07 2.806e+04 5.804e+04
s>        ( WDBNDRY_I 0 -9.577e+06 1.184e+04 4.551e+04
s>            ( QUESTION0_14_R 1 -3.213e+06 1.129e+04 1.515e+04
s>                ( - -6.446e+05 6 0 QUESTION0_16_R 1 3.186e+03 3.087e+03)
s>                ( - -2.557e+06 50 0 QUESTION0 1 4.737e+03 1.206e+04))
s>            ( - -6.351e+06 86 0 QUESTION1 1 5.576e+03 3.036e+04))
s>        ( QUESTION2_6_L -1 -2.678e+06 1.354e+04 1.253e+04
s>            ( QUESTION2_8_L -1 -1.357e+06 5.585e+03 6.479e+03
s>                ( - -5.948e+05 28 0 WDBNDRY_B 0 6.016e+02 2.830e+03)
s>                ( - -7.564e+05 58 0 QUESTION2 -1 1.225e+03 3.650e+03))
s>            ( WDBNDRY_B 0 -1.308e+06 8.329e+03 6.054e+03
s>                ( SILENCE -1 -1.030e+06 8.015e+03 4.807e+03
s>                    ( - -2.649e+05 10 0 QUESTION0 1 8.604e+02 1.194e+03)
s>                    ( - -7.567e+05 33 0 QUESTION2 -1 3.212e+03 3.613e+03))
s>                ( - -2.700e+05 19 0 QUESTION0_0_R 1 9.117e+02 1.247e+03))))INFO: dtree.c(1315): Comp split 0
INFO: dtree.c(1478): Final simple tree
|( QUESTION2_6_L -1 -2.678e+06 1.354e+04 1.253e+04
|    ( QUESTION2_8_L -1 -1.357e+06 5.585e+03 6.479e+03
|        ( - -5.948e+05 28 0 WDBNDRY_B 0 6.016e+02 2.830e+03)
|        ( QUESTION2 -1 -7.564e+05 1.225e+03 3.650e+03
|            ( - -6.124e+05 41 0 QUESTION2_16_L -1 7.780e+02 2.960e+03)
|            ( - -1.428e+05 17 0 QUESTION11 -1 6.687e+02 6.891e+02)))
|    ( WDBNDRY_B 0 -1.308e+06 8.329e+03 6.054e+03
|        ( SILENCE -1 -1.030e+06 8.015e+03 4.807e+03
|            ( - -2.649e+05 10 0 QUESTION0 1 8.604e+02 1.194e+03)
|            ( QUESTION2 -1 -7.567e+05 3.212e+03 3.613e+03
|                ( QUESTION0 1 -5.735e+05 1.417e+03 2.732e+03
|                    ( - -4.408e+05 18 0 QUESTION0_0_R 1 6.354e+02 2.119e+03)
|                    ( - -1.313e+05 8 0))
|                ( - -1.800e+05 7 0 QUESTION0 1 2.231e+02 8.811e+02)))
|        ( - -2.700e+05 19 0 QUESTION0_0_R 1 9.117e+02 1.247e+03)))
s>    ( QUESTION2_6_L -1 -2.678e+06 1.354e+04 1.253e+04
s>        ( QUESTION2_8_L -1 -1.357e+06 5.585e+03 6.479e+03
s>            ( - -5.948e+05 28 0 WDBNDRY_B 0 6.016e+02 2.830e+03)
s>            ( QUESTION2 -1 -7.564e+05 1.225e+03 3.650e+03
s>                ( - -6.124e+05 41 0 QUESTION2_16_L -1 7.780e+02 2.960e+03)
s>                ( - -1.428e+05 17 0 QUESTION11 -1 6.687e+02 6.891e+02)))
s>        ( WDBNDRY_B 0 -1.308e+06 8.329e+03 6.054e+03
s>            ( SILENCE -1 -1.030e+06 8.015e+03 4.807e+03
s>                ( - -2.649e+05 10 0 QUESTION0 1 8.604e+02 1.194e+03)
s>                ( QUESTION2 -1 -7.567e+05 3.212e+03 3.613e+03
s>                    ( QUESTION0 1 -5.735e+05 1.417e+03 2.732e+03
s>                        ( - -4.408e+05 18 0 QUESTION0_0_R 1 6.354e+02 2.119e+03)
s>                        ( - -1.313e+05 8 0))
s>                    ( - -1.800e+05 7 0 QUESTION0 1 2.231e+02 8.811e+02)))
s>            ( - -2.700e+05 19 0 QUESTION0_0_R 1 9.117e+02 1.247e+03)))INFO: dtree.c(1478): Final simple tree
|( WDBNDRY_I 0 -9.577e+06 1.184e+04 4.551e+04
|    ( QUESTION0_14_R 1 -3.213e+06 1.129e+04 1.515e+04
|        ( QUESTION0_16_R 1 -6.446e+05 3.186e+03 3.087e+03
|            ( - -1.245e+05 2 0)
|            ( - -5.170e+05 4 0))
|        ( QUESTION0 1 -2.557e+06 4.737e+03 1.206e+04
|            ( - -2.085e+06 27 0 QUESTION2_0_L -1 1.733e+02 9.835e+03)
|            ( - -4.680e+05 23 0 QUESTION2_0_L -1 1.611e+03 2.223e+03)))
|    ( QUESTION1 1 -6.351e+06 5.576e+03 3.036e+04
|        ( - -2.249e+06 42 0 WDBNDRY_B 0 4.045e+02 1.064e+04)
|        ( QUESTION2_4_L -1 -4.097e+06 4.789e+03 1.972e+04
|            ( - -2.093e+05 5 0)
|            ( QUESTION0_0_R 1 -3.883e+06 3.511e+03 1.871e+04
|                ( - -2.149e+05 4 0)
|                ( - -3.664e+06 35 0 WDBNDRY_B 0 1.973e+02 1.768e+04)))))
s>    ( WDBNDRY_I 0 -9.577e+06 1.184e+04 4.551e+04
s>        ( QUESTION0_14_R 1 -3.213e+06 1.129e+04 1.515e+04
s>            ( QUESTION0_16_R 1 -6.446e+05 3.186e+03 3.087e+03
s>                ( - -1.245e+05 2 0)
s>                ( - -5.170e+05 4 0))
s>            ( QUESTION0 1 -2.557e+06 4.737e+03 1.206e+04
s>                ( - -2.085e+06 27 0 QUESTION2_0_L -1 1.733e+02 9.835e+03)
s>                ( - -4.680e+05 23 0 QUESTION2_0_L -1 1.611e+03 2.223e+03)))
s>        ( QUESTION1 1 -6.351e+06 5.576e+03 3.036e+04
s>            ( - -2.249e+06 42 0 WDBNDRY_B 0 4.045e+02 1.064e+04)
s>            ( QUESTION2_4_L -1 -4.097e+06 4.789e+03 1.972e+04
s>                ( - -2.093e+05 5 0)
s>                ( QUESTION0_0_R 1 -3.883e+06 3.511e+03 1.871e+04
s>                    ( - -2.149e+05 4 0)
s>                    ( - -3.664e+06 35 0 WDBNDRY_B 0 1.973e+02 1.768e+04)))))INFO: dtree.c(1315): Comp split 1
INFO: dtree.c(1478): Final simple tree
|( QUESTION2_8_L -1 -1.986e+06 8.811e+03 9.479e+03
|    ( - -5.948e+05 28 0 WDBNDRY_B 0 6.016e+02 2.830e+03)
|    ( QUESTION3 -1 -1.383e+06 3.127e+03 6.650e+03
|        ( - -4.408e+05 18 0 QUESTION0_0_R 1 6.354e+02 2.119e+03)
|        ( QUESTION9 -1 -9.387e+05 2.318e+03 4.531e+03
|            ( - -1.800e+05 7 0 QUESTION0 1 2.231e+02 8.811e+02)
|            ( QUESTION2 -1 -7.564e+05 1.225e+03 3.650e+03
|                ( QUESTION2_16_L -1 -6.124e+05 7.780e+02 2.960e+03
|                    ( - -2.658e+05 20 0 QUESTION6 -1 6.226e+02 1.288e+03)
|                    ( WDBNDRY_B 0 -3.458e+05 7.983e+02 1.672e+03
|                        ( - -3.117e+05 14 0 QUESTION2_20_L -1 5.223e+02 1.512e+03)
|                        ( - -3.339e+04 7 0 QUESTION0 1 1.259e+02 1.600e+02)))
|                ( QUESTION11 -1 -1.428e+05 6.687e+02 6.891e+02
|                    ( - -6.888e+04 8 0 QUESTION12 -1 4.144e+02 3.332e+02)
|                    ( - -7.323e+04 9 0 QUESTION0 1 2.810e+02 3.559e+02))))))
s>    ( QUESTION2_8_L -1 -1.986e+06 8.811e+03 9.479e+03
s>        ( - -5.948e+05 28 0 WDBNDRY_B 0 6.016e+02 2.830e+03)
s>        ( QUESTION3 -1 -1.383e+06 3.127e+03 6.650e+03
s>            ( - -4.408e+05 18 0 QUESTION0_0_R 1 6.354e+02 2.119e+03)
s>            ( QUESTION9 -1 -9.387e+05 2.318e+03 4.531e+03
s>                ( - -1.800e+05 7 0 QUESTION0 1 2.231e+02 8.811e+02)
s>                ( QUESTION2 -1 -7.564e+05 1.225e+03 3.650e+03
s>                    ( QUESTION2_16_L -1 -6.124e+05 7.780e+02 2.960e+03
s>                        ( - -2.658e+05 20 0 QUESTION6 -1 6.226e+02 1.288e+03)
s>                        ( WDBNDRY_B 0 -3.458e+05 7.983e+02 1.672e+03
s>                            ( - -3.117e+05 14 0 QUESTION2_20_L -1 5.223e+02 1.512e+03)
s>                            ( - -3.339e+04 7 0 QUESTION0 1 1.259e+02 1.600e+02)))
s>                    ( QUESTION11 -1 -1.428e+05 6.687e+02 6.891e+02
s>                        ( - -6.888e+04 8 0 QUESTION12 -1 4.144e+02 3.332e+02)
s>                        ( - -7.323e+04 9 0 QUESTION0 1 2.810e+02 3.559e+02))))))INFO: dtree.c(1478): Final simple tree
|( SILENCE -1 -6.752e+05 7.444e+03 3.054e+03
|    ( QUESTION0 1 -2.649e+05 8.604e+02 1.194e+03
|        ( QUESTION0_0_R 1 -1.164e+05 4.615e+02 5.245e+02
|            ( - 2.417e+02 1 0)
|            ( - -1.162e+05 6 0))
|        ( - -1.476e+05 3 0 QUESTION0_0_R 1 1.025e+02 6.699e+02))
|    ( QUESTION0 1 -4.029e+05 1.958e+03 1.860e+03
|        ( QUESTION0_0_R 1 -2.598e+05 3.445e+02 1.202e+03
|            ( - -3.595e+03 2 0)
|            ( - -2.559e+05 12 0))
|        ( WDBNDRY_B 0 -1.411e+05 4.590e+02 6.579e+02
|            ( - -1.313e+05 8 0)
|            ( QUESTION0_3_R 1 -9.379e+03 1.544e+02 4.507e+01
|                ( - -5.019e+02 1 0)
|                ( - -8.722e+03 4 0 QUESTION0_11_R 1 1.518e+02 4.207e+01)))))
s>    ( SILENCE -1 -6.752e+05 7.444e+03 3.054e+03
s>        ( QUESTION0 1 -2.649e+05 8.604e+02 1.194e+03
s>            ( QUESTION0_0_R 1 -1.164e+05 4.615e+02 5.245e+02
s>                ( - 2.417e+02 1 0)
s>                ( - -1.162e+05 6 0))
s>            ( - -1.476e+05 3 0 QUESTION0_0_R 1 1.025e+02 6.699e+02))
s>        ( QUESTION0 1 -4.029e+05 1.958e+03 1.860e+03
s>            ( QUESTION0_0_R 1 -2.598e+05 3.445e+02 1.202e+03
s>                ( - -3.595e+03 2 0)
s>                ( - -2.559e+05 12 0))
s>            ( WDBNDRY_B 0 -1.411e+05 4.590e+02 6.579e+02
s>                ( - -1.313e+05 8 0)
s>                ( QUESTION0_3_R 1 -9.379e+03 1.544e+02 4.507e+01
s>                    ( - -5.019e+02 1 0)
s>                    ( - -8.722e+03 4 0 QUESTION0_11_R 1 1.518e+02 4.207e+01)))))INFO: dtree.c(1315): Comp split 2
INFO: dtree.c(1478): Final simple tree
|( WDBNDRY_I 0 -6.878e+06 9.167e+03 3.287e+04
|    ( - -5.170e+05 4 0)
|    ( QUESTION1 1 -6.351e+06 5.576e+03 3.036e+04
|        ( WDBNDRY_B 0 -2.249e+06 4.045e+02 1.064e+04
|            ( QUESTION2_0_L -1 -2.221e+06 2.689e+02 1.050e+04
|                ( QUESTION0_0_R 1 -2.206e+06 2.417e+02 1.043e+04
|                    ( - -1.339e+04 7 0 QUESTION0_3_R 1 1.675e+02 6.515e+01)
|                    ( - -2.193e+06 10 0))
|                ( - -1.455e+04 4 0 QUESTION2_4_L -1 1.806e+02 6.962e+01))
|            ( - -2.777e+04 21 0 QUESTION0_5_R 1 2.287e+02 1.354e+02))
|        ( QUESTION2_4_L -1 -4.097e+06 4.789e+03 1.972e+04
|            ( - -2.093e+05 5 0)
|            ( QUESTION0_0_R 1 -3.883e+06 3.511e+03 1.871e+04
|                ( - -2.149e+05 4 0)
|                ( - -3.664e+06 35 0 WDBNDRY_B 0 1.973e+02 1.768e+04)))))
s>    ( WDBNDRY_I 0 -6.878e+06 9.167e+03 3.287e+04
s>        ( - -5.170e+05 4 0)
s>        ( QUESTION1 1 -6.351e+06 5.576e+03 3.036e+04
s>            ( WDBNDRY_B 0 -2.249e+06 4.045e+02 1.064e+04
s>                ( QUESTION2_0_L -1 -2.221e+06 2.689e+02 1.050e+04
s>                    ( QUESTION0_0_R 1 -2.206e+06 2.417e+02 1.043e+04
s>                        ( - -1.339e+04 7 0 QUESTION0_3_R 1 1.675e+02 6.515e+01)
s>                        ( - -2.193e+06 10 0))
s>                    ( - -1.455e+04 4 0 QUESTION2_4_L -1 1.806e+02 6.962e+01))
s>                ( - -2.777e+04 21 0 QUESTION0_5_R 1 2.287e+02 1.354e+02))
s>            ( QUESTION2_4_L -1 -4.097e+06 4.789e+03 1.972e+04
s>                ( - -2.093e+05 5 0)
s>                ( QUESTION0_0_R 1 -3.883e+06 3.511e+03 1.871e+04
s>                    ( - -2.149e+05 4 0)
s>                    ( - -3.664e+06 35 0 WDBNDRY_B 0 1.973e+02 1.768e+04)))))INFO: dtree.c(1478): Final simple tree
|( QUESTION0 1 -2.685e+06 6.099e+03 1.264e+04
|    ( - -2.085e+06 27 0 QUESTION2_0_L -1 1.733e+02 9.835e+03)
|    ( QUESTION0_0_R 1 -5.945e+05 2.220e+03 2.802e+03
|        ( QUESTION0_2_R 1 -2.167e+05 1.095e+03 1.004e+03
|            ( - -3.588e+04 3 0)
|            ( QUESTION0_14_R 1 -1.798e+05 7.102e+02 8.340e+02
|                ( - -1.245e+05 2 0)
|                ( QUESTION0_4_R 1 -5.458e+04 3.882e+02 2.552e+02
|                    ( - -5.582e+03 2 0)
|                    ( QUESTION0_10_R 1 -4.861e+04 2.177e+02 2.283e+02
|                        ( - -3.040e+04 5 0)
|                        ( - -1.800e+04 3 0 QUESTION19 1 1.506e+02 8.487e+01)))))
|        ( QUESTION2_0_L -1 -3.755e+05 1.591e+03 1.798e+03
|            ( - -3.262e+05 9 0)
|            ( - -4.776e+04 1 0))))
s>    ( QUESTION0 1 -2.685e+06 6.099e+03 1.264e+04
s>        ( - -2.085e+06 27 0 QUESTION2_0_L -1 1.733e+02 9.835e+03)
s>        ( QUESTION0_0_R 1 -5.945e+05 2.220e+03 2.802e+03
s>            ( QUESTION0_2_R 1 -2.167e+05 1.095e+03 1.004e+03
s>                ( - -3.588e+04 3 0)
s>                ( QUESTION0_14_R 1 -1.798e+05 7.102e+02 8.340e+02
s>                    ( - -1.245e+05 2 0)
s>                    ( QUESTION0_4_R 1 -5.458e+04 3.882e+02 2.552e+02
s>                        ( - -5.582e+03 2 0)
s>                        ( QUESTION0_10_R 1 -4.861e+04 2.177e+02 2.283e+02
s>                            ( - -3.040e+04 5 0)
s>                            ( - -1.800e+04 3 0 QUESTION19 1 1.506e+02 8.487e+01)))))
s>            ( QUESTION2_0_L -1 -3.755e+05 1.591e+03 1.798e+03
s>                ( - -3.262e+05 9 0)
s>                ( - -4.776e+04 1 0))))INFO: dtree.c(1315): Comp split 3
INFO: dtree.c(1478): Final simple tree
|( QUESTION1 1 -6.351e+06 5.576e+03 3.036e+04
|    ( WDBNDRY_B 0 -2.249e+06 4.045e+02 1.064e+04
|        ( QUESTION2_0_L -1 -2.221e+06 2.689e+02 1.050e+04
|            ( QUESTION0_0_R 1 -2.206e+06 2.417e+02 1.043e+04
|                ( - -1.339e+04 7 0 QUESTION0_3_R 1 1.675e+02 6.515e+01)
|                ( - -2.193e+06 10 0))
|            ( - -1.455e+04 4 0 QUESTION2_4_L -1 1.806e+02 6.962e+01))
|        ( QUESTION0_5_R 1 -2.777e+04 2.287e+02 1.354e+02
|            ( - -8.883e+02 1 0)
|            ( - -2.665e+04 20 0 QUESTION0_17_R 1 2.175e+02 1.304e+02)))
|    ( QUESTION2_4_L -1 -4.097e+06 4.789e+03 1.972e+04
|        ( - -2.093e+05 5 0)
|        ( QUESTION0_0_R 1 -3.883e+06 3.511e+03 1.871e+04
|            ( - -2.149e+05 4 0)
|            ( - -3.664e+06 35 0 WDBNDRY_B 0 1.973e+02 1.768e+04))))
s>    ( QUESTION1 1 -6.351e+06 5.576e+03 3.036e+04
s>        ( WDBNDRY_B 0 -2.249e+06 4.045e+02 1.064e+04
s>            ( QUESTION2_0_L -1 -2.221e+06 2.689e+02 1.050e+04
s>                ( QUESTION0_0_R 1 -2.206e+06 2.417e+02 1.043e+04
s>                    ( - -1.339e+04 7 0 QUESTION0_3_R 1 1.675e+02 6.515e+01)
s>                    ( - -2.193e+06 10 0))
s>                ( - -1.455e+04 4 0 QUESTION2_4_L -1 1.806e+02 6.962e+01))
s>            ( QUESTION0_5_R 1 -2.777e+04 2.287e+02 1.354e+02
s>                ( - -8.883e+02 1 0)
s>                ( - -2.665e+04 20 0 QUESTION0_17_R 1 2.175e+02 1.304e+02)))
s>        ( QUESTION2_4_L -1 -4.097e+06 4.789e+03 1.972e+04
s>            ( - -2.093e+05 5 0)
s>            ( QUESTION0_0_R 1 -3.883e+06 3.511e+03 1.871e+04
s>                ( - -2.149e+05 4 0)
s>                ( - -3.664e+06 35 0 WDBNDRY_B 0 1.973e+02 1.768e+04))))INFO: dtree.c(1315): Comp split 4
INFO: dtree.c(1478): Final simple tree
|( QUESTION3 -1 -1.383e+06 3.127e+03 6.650e+03
|    ( QUESTION0_0_R 1 -4.408e+05 6.354e+02 2.119e+03
|        ( - -3.963e+04 2 0)
|        ( - -4.006e+05 16 0))
|    ( QUESTION9 -1 -9.387e+05 2.318e+03 4.531e+03
|        ( - -1.800e+05 7 0 QUESTION0 1 2.231e+02 8.811e+02)
|        ( QUESTION2 -1 -7.564e+05 1.225e+03 3.650e+03
|            ( QUESTION2_16_L -1 -6.124e+05 7.780e+02 2.960e+03
|                ( - -2.658e+05 20 0 QUESTION6 -1 6.226e+02 1.288e+03)
|                ( WDBNDRY_B 0 -3.458e+05 7.983e+02 1.672e+03
|                    ( - -3.117e+05 14 0 QUESTION2_20_L -1 5.223e+02 1.512e+03)
|                    ( - -3.339e+04 7 0 QUESTION0 1 1.259e+02 1.600e+02)))
|            ( QUESTION11 -1 -1.428e+05 6.687e+02 6.891e+02
|                ( - -6.888e+04 8 0 QUESTION12 -1 4.144e+02 3.332e+02)
|                ( - -7.323e+04 9 0 QUESTION0 1 2.810e+02 3.559e+02)))))
s>    ( QUESTION3 -1 -1.383e+06 3.127e+03 6.650e+03
s>        ( QUESTION0_0_R 1 -4.408e+05 6.354e+02 2.119e+03
s>            ( - -3.963e+04 2 0)
s>            ( - -4.006e+05 16 0))
s>        ( QUESTION9 -1 -9.387e+05 2.318e+03 4.531e+03
s>            ( - -1.800e+05 7 0 QUESTION0 1 2.231e+02 8.811e+02)
s>            ( QUESTION2 -1 -7.564e+05 1.225e+03 3.650e+03
s>                ( QUESTION2_16_L -1 -6.124e+05 7.780e+02 2.960e+03
s>                    ( - -2.658e+05 20 0 QUESTION6 -1 6.226e+02 1.288e+03)
s>                    ( WDBNDRY_B 0 -3.458e+05 7.983e+02 1.672e+03
s>                        ( - -3.117e+05 14 0 QUESTION2_20_L -1 5.223e+02 1.512e+03)
s>                        ( - -3.339e+04 7 0 QUESTION0 1 1.259e+02 1.600e+02)))
s>                ( QUESTION11 -1 -1.428e+05 6.687e+02 6.891e+02
s>                    ( - -6.888e+04 8 0 QUESTION12 -1 4.144e+02 3.332e+02)
s>                    ( - -7.323e+04 9 0 QUESTION0 1 2.810e+02 3.559e+02)))))INFO: dtree.c(1478): Final simple tree
|( WDBNDRY_B 0 -5.948e+05 6.016e+02 2.830e+03
|    ( QUESTION0 1 -2.224e+05 5.573e+02 1.066e+03
|        ( QUESTION0_0_R 1 -1.501e+05 2.252e+02 7.270e+02
|            ( QUESTION17 -1 -1.318e+04 1.554e+02 6.276e+01
|                ( - -4.874e+03 1 0)
|                ( - -8.150e+03 1 0))
|            ( QUESTION17 -1 -1.367e+05 1.788e+02 6.642e+02
|                ( - -3.739e+04 5 0)
|                ( - -9.910e+04 8 0)))
|        ( QUESTION17 -1 -7.177e+04 3.129e+02 3.385e+02
|            ( - -4.511e+04 1 0)
|            ( - -2.635e+04 4 0 QUESTION0_0_R 1 9.073e+01 1.255e+02)))
|    ( QUESTION0 1 -3.718e+05 3.706e+02 1.764e+03
|        ( - -1.779e+05 6 0)
|        ( - -1.936e+05 2 0)))
s>    ( WDBNDRY_B 0 -5.948e+05 6.016e+02 2.830e+03
s>        ( QUESTION0 1 -2.224e+05 5.573e+02 1.066e+03
s>            ( QUESTION0_0_R 1 -1.501e+05 2.252e+02 7.270e+02
s>                ( QUESTION17 -1 -1.318e+04 1.554e+02 6.276e+01
s>                    ( - -4.874e+03 1 0)
s>                    ( - -8.150e+03 1 0))
s>                ( QUESTION17 -1 -1.367e+05 1.788e+02 6.642e+02
s>                    ( - -3.739e+04 5 0)
s>                    ( - -9.910e+04 8 0)))
s>            ( QUESTION17 -1 -7.177e+04 3.129e+02 3.385e+02
s>                ( - -4.511e+04 1 0)
s>                ( - -2.635e+04 4 0 QUESTION0_0_R 1 9.073e+01 1.255e+02)))
s>        ( QUESTION0 1 -3.718e+05 3.706e+02 1.764e+03
s>            ( - -1.779e+05 6 0)
s>            ( - -1.936e+05 2 0)))INFO: dtree.c(1315): Comp split 5
INFO: dtree.c(1439): stop. leaf nodes are specific
INFO: dtree.c(1478): Final simple tree
|( QUESTION0 1 -2.656e+05 8.604e+02 1.197e+03
|    ( QUESTION0_0_R 1 -1.164e+05 4.615e+02 5.245e+02
|        ( - 2.417e+02 1 0)
|        ( - -1.162e+05 6 0))
|    ( WDBNDRY_B 0 -1.483e+05 2.097e+02 6.729e+02
|        ( QUESTION0_0_R 1 -1.476e+05 1.025e+02 6.699e+02
|            ( - -5.846e+02 1 0)
|            ( - -1.469e+05 2 0))
|        ( - -5.019e+02 1 0)))
s>    ( QUESTION0 1 -2.656e+05 8.604e+02 1.197e+03
s>        ( QUESTION0_0_R 1 -1.164e+05 4.615e+02 5.245e+02
s>            ( - 2.417e+02 1 0)
s>            ( - -1.162e+05 6 0))
s>        ( WDBNDRY_B 0 -1.483e+05 2.097e+02 6.729e+02
s>            ( QUESTION0_0_R 1 -1.476e+05 1.025e+02 6.699e+02
s>                ( - -5.846e+02 1 0)
s>                ( - -1.469e+05 2 0))
s>            ( - -5.019e+02 1 0)))INFO: dtree.c(1439): stop. leaf nodes are specific
INFO: dtree.c(1478): Final simple tree
|( QUESTION0 1 -4.022e+05 1.938e+03 1.857e+03
|    ( QUESTION0_0_R 1 -2.598e+05 3.445e+02 1.202e+03
|        ( - -3.595e+03 2 0)
|        ( - -2.559e+05 12 0))
|    ( WDBNDRY_B 0 -1.404e+05 4.145e+02 6.549e+02
|        ( - -1.313e+05 8 0)
|        ( QUESTION0_11_R 1 -8.722e+03 1.518e+02 4.207e+01
|            ( - -3.201e+02 1 0)
|            ( QUESTION0_1_R 1 -8.250e+03 1.348e+02 4.007e+01
|                ( - -5.976e+03 1 0)
|                ( QUESTION0_0_R 1 -2.139e+03 8.969e+01 1.100e+01
|                    ( - -1.531e+03 1 0)
|                    ( - -5.189e+02 1 0))))))
s>    ( QUESTION0 1 -4.022e+05 1.938e+03 1.857e+03
s>        ( QUESTION0_0_R 1 -2.598e+05 3.445e+02 1.202e+03
s>            ( - -3.595e+03 2 0)
s>            ( - -2.559e+05 12 0))
s>        ( WDBNDRY_B 0 -1.404e+05 4.145e+02 6.549e+02
s>            ( - -1.313e+05 8 0)
s>            ( QUESTION0_11_R 1 -8.722e+03 1.518e+02 4.207e+01
s>                ( - -3.201e+02 1 0)
s>                ( QUESTION0_1_R 1 -8.250e+03 1.348e+02 4.007e+01
s>                    ( - -5.976e+03 1 0)
s>                    ( QUESTION0_0_R 1 -2.139e+03 8.969e+01 1.100e+01
s>                        ( - -1.531e+03 1 0)
s>                        ( - -5.189e+02 1 0))))))INFO: dtree.c(1315): Comp split 6
INFO: dtree.c(1478): Final simple tree
|( QUESTION0 1 -3.692e+06 3.573e+02 1.781e+04
|    ( - -3.661e+06 34 0 QUESTION2_0_L -1 1.565e+02 1.766e+04)
|    ( QUESTION0_5_R 1 -3.097e+04 2.289e+02 1.514e+02
|        ( - -8.883e+02 1 0)
|        ( QUESTION0_17_R 1 -2.986e+04 2.236e+02 1.464e+02
|            ( - -3.277e+03 1 0)
|            ( QUESTION0_3_R 1 -2.636e+04 1.923e+02 1.293e+02
|                ( - -2.494e+02 1 0)
|                ( QUESTION0_10_R 1 -2.591e+04 1.865e+02 1.273e+02
|                    ( - -1.253e+04 7 0)
|                    ( QUESTION0_8_R 1 -1.320e+04 1.807e+02 6.500e+01
|                        ( - -2.898e+02 2 0)
|                        ( QUESTION17 1 -1.273e+04 1.812e+02 6.300e+01
|                            ( - -3.149e+03 1 0)
|                            ( - -9.397e+03 9 0 QUESTION0_20_R 1 1.709e+02 4.700e+01))))))))
s>    ( QUESTION0 1 -3.692e+06 3.573e+02 1.781e+04
s>        ( - -3.661e+06 34 0 QUESTION2_0_L -1 1.565e+02 1.766e+04)
s>        ( QUESTION0_5_R 1 -3.097e+04 2.289e+02 1.514e+02
s>            ( - -8.883e+02 1 0)
s>            ( QUESTION0_17_R 1 -2.986e+04 2.236e+02 1.464e+02
s>                ( - -3.277e+03 1 0)
s>                ( QUESTION0_3_R 1 -2.636e+04 1.923e+02 1.293e+02
s>                    ( - -2.494e+02 1 0)
s>                    ( QUESTION0_10_R 1 -2.591e+04 1.865e+02 1.273e+02
s>                        ( - -1.253e+04 7 0)
s>                        ( QUESTION0_8_R 1 -1.320e+04 1.807e+02 6.500e+01
s>                            ( - -2.898e+02 2 0)
s>                            ( QUESTION17 1 -1.273e+04 1.812e+02 6.300e+01
s>                                ( - -3.149e+03 1 0)
s>                                ( - -9.397e+03 9 0 QUESTION0_20_R 1 1.709e+02 4.700e+01))))))))INFO: dtree.c(1478): Final simple tree
|( QUESTION0 1 -2.653e+06 4.799e+03 1.255e+04
|    ( QUESTION0_0_R 1 -4.269e+05 2.735e+03 2.045e+03
|        ( - -2.149e+05 4 0)
|        ( - -2.093e+05 5 0))
|    ( QUESTION2_0_L -1 -2.221e+06 2.689e+02 1.050e+04
|        ( QUESTION0_0_R 1 -2.206e+06 2.417e+02 1.043e+04
|            ( QUESTION0_3_R 1 -1.339e+04 1.675e+02 6.515e+01
|                ( - -9.720e+02 2 0)
|                ( QUESTION0_1_R 1 -1.225e+04 1.278e+02 6.015e+01
|                    ( - -3.076e+03 2 0)
|                    ( - -9.049e+03 3 0)))
|            ( - -2.193e+06 10 0))
|        ( QUESTION2_4_L -1 -1.455e+04 1.806e+02 6.962e+01
|            ( - -1.292e+04 3 0)
|            ( - -1.450e+03 1 0))))
s>    ( QUESTION0 1 -2.653e+06 4.799e+03 1.255e+04
s>        ( QUESTION0_0_R 1 -4.269e+05 2.735e+03 2.045e+03
s>            ( - -2.149e+05 4 0)
s>            ( - -2.093e+05 5 0))
s>        ( QUESTION2_0_L -1 -2.221e+06 2.689e+02 1.050e+04
s>            ( QUESTION0_0_R 1 -2.206e+06 2.417e+02 1.043e+04
s>                ( QUESTION0_3_R 1 -1.339e+04 1.675e+02 6.515e+01
s>                    ( - -9.720e+02 2 0)
s>                    ( QUESTION0_1_R 1 -1.225e+04 1.278e+02 6.015e+01
s>                        ( - -3.076e+03 2 0)
s>                        ( - -9.049e+03 3 0)))
s>                ( - -2.193e+06 10 0))
s>            ( QUESTION2_4_L -1 -1.455e+04 1.806e+02 6.962e+01
s>                ( - -1.292e+04 3 0)
s>                ( - -1.450e+03 1 0))))INFO: dtree.c(1315): Comp split 7
INFO: dtree.c(1478): Final simple tree
|( QUESTION0_0_R 1 -5.450e+05 2.089e+03 2.570e+03
|    ( QUESTION0_2_R 1 -2.167e+05 1.095e+03 1.004e+03
|        ( - -3.588e+04 3 0)
|        ( QUESTION0_14_R 1 -1.798e+05 7.102e+02 8.340e+02
|            ( - -1.245e+05 2 0)
|            ( QUESTION0_4_R 1 -5.458e+04 3.882e+02 2.552e+02
|                ( - -5.582e+03 2 0)
|                ( QUESTION0_10_R 1 -4.861e+04 2.177e+02 2.283e+02
|                    ( - -3.040e+04 5 0)
|                    ( QUESTION19 1 -1.800e+04 1.506e+02 8.487e+01
|                        ( - -1.124e+03 1 0)
|                        ( QUESTION0_1_R 1 -1.672e+04 1.253e+02 7.887e+01
|                            ( - -1.544e+04 1 0)
|                            ( - -1.157e+03 1 0)))))))
|    ( - -3.262e+05 9 0))
s>    ( QUESTION0_0_R 1 -5.450e+05 2.089e+03 2.570e+03
s>        ( QUESTION0_2_R 1 -2.167e+05 1.095e+03 1.004e+03
s>            ( - -3.588e+04 3 0)
s>            ( QUESTION0_14_R 1 -1.798e+05 7.102e+02 8.340e+02
s>                ( - -1.245e+05 2 0)
s>                ( QUESTION0_4_R 1 -5.458e+04 3.882e+02 2.552e+02
s>                    ( - -5.582e+03 2 0)
s>                    ( QUESTION0_10_R 1 -4.861e+04 2.177e+02 2.283e+02
s>                        ( - -3.040e+04 5 0)
s>                        ( QUESTION19 1 -1.800e+04 1.506e+02 8.487e+01
s>                            ( - -1.124e+03 1 0)
s>                            ( QUESTION0_1_R 1 -1.672e+04 1.253e+02 7.887e+01
s>                                ( - -1.544e+04 1 0)
s>                                ( - -1.157e+03 1 0)))))))
s>        ( - -3.262e+05 9 0))INFO: dtree.c(1439): stop. leaf nodes are specific
INFO: dtree.c(1478): Final simple tree
|( QUESTION2_0_L -1 -2.134e+06 1.456e+03 1.007e+04
|    ( - -2.083e+06 26 0)
|    ( QUESTION0 1 -4.978e+04 1.340e+02 2.416e+02
|        ( - -1.884e+03 1 0)
|        ( - -4.776e+04 1 0)))
s>    ( QUESTION2_0_L -1 -2.134e+06 1.456e+03 1.007e+04
s>        ( - -2.083e+06 26 0)
s>        ( QUESTION0 1 -4.978e+04 1.340e+02 2.416e+02
s>            ( - -1.884e+03 1 0)
s>            ( - -4.776e+04 1 0)))INFO: dtree.c(1315): Comp split 8
INFO: dtree.c(1439): stop. leaf nodes are specific
INFO: dtree.c(1478): Final simple tree
|( QUESTION0_0_R 1 -2.208e+06 2.418e+02 1.044e+04
|    ( QUESTION0_3_R 1 -1.339e+04 1.675e+02 6.515e+01
|        ( - -9.720e+02 2 0)
|        ( QUESTION0_1_R 1 -1.225e+04 1.278e+02 6.015e+01
|            ( - -3.076e+03 2 0)
|            ( - -9.049e+03 3 0)))
|    ( QUESTION2_0_L -1 -2.194e+06 1.818e+02 1.038e+04
|        ( - -2.193e+06 10 0)
|        ( - -1.450e+03 1 0)))
s>    ( QUESTION0_0_R 1 -2.208e+06 2.418e+02 1.044e+04
s>        ( QUESTION0_3_R 1 -1.339e+04 1.675e+02 6.515e+01
s>            ( - -9.720e+02 2 0)
s>            ( QUESTION0_1_R 1 -1.225e+04 1.278e+02 6.015e+01
s>                ( - -3.076e+03 2 0)
s>                ( - -9.049e+03 3 0)))
s>        ( QUESTION2_0_L -1 -2.194e+06 1.818e+02 1.038e+04
s>            ( - -2.193e+06 10 0)
s>            ( - -1.450e+03 1 0)))INFO: dtree.c(1439): stop. leaf nodes are specific
INFO: dtree.c(1478): Final simple tree
|( QUESTION0_0_R 1 -4.400e+05 2.565e+03 2.107e+03
|    ( - -2.149e+05 4 0)
|    ( QUESTION0 1 -2.225e+05 3.265e+02 1.079e+03
|        ( - -2.093e+05 5 0)
|        ( - -1.292e+04 3 0)))
s>    ( QUESTION0_0_R 1 -4.400e+05 2.565e+03 2.107e+03
s>        ( - -2.149e+05 4 0)
s>        ( QUESTION0 1 -2.225e+05 3.265e+02 1.079e+03
s>            ( - -2.093e+05 5 0)
s>            ( - -1.292e+04 3 0)))INFO: dtree.c(1315): Comp split 9
INFO: dtree.c(1478): Final simple tree
|( QUESTION9 -1 -9.387e+05 2.318e+03 4.531e+03
|    ( - -1.800e+05 7 0 QUESTION0 1 2.231e+02 8.811e+02)
|    ( QUESTION2 -1 -7.564e+05 1.225e+03 3.650e+03
|        ( QUESTION2_16_L -1 -6.124e+05 7.780e+02 2.960e+03
|            ( QUESTION6 -1 -2.658e+05 6.226e+02 1.288e+03
|                ( - -9.290e+04 10 0 QUESTION0_0_R 1 3.809e+02 4.496e+02)
|                ( - -1.723e+05 10 0 QUESTION0 1 3.777e+02 8.384e+02))
|            ( WDBNDRY_B 0 -3.458e+05 7.983e+02 1.672e+03
|                ( QUESTION2_20_L -1 -3.117e+05 5.223e+02 1.512e+03
|                    ( - -7.250e+04 6 0 QUESTION0 1 1.801e+02 3.518e+02)
|                    ( - -2.386e+05 8 0 QUESTION0_0_R 1 2.835e+02 1.161e+03))
|                ( - -3.339e+04 7 0 QUESTION0 1 1.259e+02 1.600e+02)))
|        ( QUESTION11 -1 -1.428e+05 6.687e+02 6.891e+02
|            ( - -6.888e+04 8 0 QUESTION12 -1 4.144e+02 3.332e+02)
|            ( - -7.323e+04 9 0 QUESTION0 1 2.810e+02 3.559e+02))))
s>    ( QUESTION9 -1 -9.387e+05 2.318e+03 4.531e+03
s>        ( - -1.800e+05 7 0 QUESTION0 1 2.231e+02 8.811e+02)
s>        ( QUESTION2 -1 -7.564e+05 1.225e+03 3.650e+03
s>            ( QUESTION2_16_L -1 -6.124e+05 7.780e+02 2.960e+03
s>                ( QUESTION6 -1 -2.658e+05 6.226e+02 1.288e+03
s>                    ( - -9.290e+04 10 0 QUESTION0_0_R 1 3.809e+02 4.496e+02)
s>                    ( - -1.723e+05 10 0 QUESTION0 1 3.777e+02 8.384e+02))
s>                ( WDBNDRY_B 0 -3.458e+05 7.983e+02 1.672e+03
s>                    ( QUESTION2_20_L -1 -3.117e+05 5.223e+02 1.512e+03
s>                        ( - -7.250e+04 6 0 QUESTION0 1 1.801e+02 3.518e+02)
s>                        ( - -2.386e+05 8 0 QUESTION0_0_R 1 2.835e+02 1.161e+03))
s>                    ( - -3.339e+04 7 0 QUESTION0 1 1.259e+02 1.600e+02)))
s>            ( QUESTION11 -1 -1.428e+05 6.687e+02 6.891e+02
s>                ( - -6.888e+04 8 0 QUESTION12 -1 4.144e+02 3.332e+02)
s>                ( - -7.323e+04 9 0 QUESTION0 1 2.810e+02 3.559e+02))))INFO: dtree.c(1439): stop. leaf nodes are specific
INFO: dtree.c(1478): Final simple tree
|( QUESTION0_0_R 1 -4.408e+05 6.354e+02 2.119e+03
|    ( - -3.963e+04 2 0)
|    ( - -4.006e+05 16 0))
s>    ( QUESTION0_0_R 1 -4.408e+05 6.354e+02 2.119e+03
s>        ( - -3.963e+04 2 0)
s>        ( - -4.006e+05 16 0))INFO: dtree.c(1315): Comp split 10
INFO: dtree.c(1439): stop. leaf nodes are specific
INFO: dtree.c(1478): Final simple tree
|( QUESTION0_0_R 1 -2.280e+05 1.961e+02 1.089e+03
|    ( - -2.149e+05 4 0)
|    ( - -1.292e+04 3 0))
s>    ( QUESTION0_0_R 1 -2.280e+05 1.961e+02 1.089e+03
s>        ( - -2.149e+05 4 0)
s>        ( - -1.292e+04 3 0))INFO: dtree.c(1315): Comp split 11
INFO: dtree.c(1478): Final simple tree
|( QUESTION2 -1 -7.564e+05 1.225e+03 3.650e+03
|    ( QUESTION2_16_L -1 -6.124e+05 7.780e+02 2.960e+03
|        ( QUESTION6 -1 -2.658e+05 6.226e+02 1.288e+03
|            ( - -9.290e+04 10 0 QUESTION0_0_R 1 3.809e+02 4.496e+02)
|            ( - -1.723e+05 10 0 QUESTION0 1 3.777e+02 8.384e+02))
|        ( WDBNDRY_B 0 -3.458e+05 7.983e+02 1.672e+03
|            ( QUESTION2_20_L -1 -3.117e+05 5.223e+02 1.512e+03
|                ( - -7.250e+04 6 0 QUESTION0 1 1.801e+02 3.518e+02)
|                ( - -2.386e+05 8 0 QUESTION0_0_R 1 2.835e+02 1.161e+03))
|            ( - -3.339e+04 7 0 QUESTION0 1 1.259e+02 1.600e+02)))
|    ( QUESTION11 -1 -1.428e+05 6.687e+02 6.891e+02
|        ( QUESTION12 -1 -6.888e+04 4.144e+02 3.332e+02
|            ( - -3.746e+04 4 0 QUESTION0 1 1.989e+02 1.821e+02)
|            ( - -3.101e+04 4 0 QUESTION0 1 1.720e+02 1.510e+02))
|        ( - -7.323e+04 9 0 QUESTION0 1 2.810e+02 3.559e+02)))
s>    ( QUESTION2 -1 -7.564e+05 1.225e+03 3.650e+03
s>        ( QUESTION2_16_L -1 -6.124e+05 7.780e+02 2.960e+03
s>            ( QUESTION6 -1 -2.658e+05 6.226e+02 1.288e+03
s>                ( - -9.290e+04 10 0 QUESTION0_0_R 1 3.809e+02 4.496e+02)
s>                ( - -1.723e+05 10 0 QUESTION0 1 3.777e+02 8.384e+02))
s>            ( WDBNDRY_B 0 -3.458e+05 7.983e+02 1.672e+03
s>                ( QUESTION2_20_L -1 -3.117e+05 5.223e+02 1.512e+03
s>                    ( - -7.250e+04 6 0 QUESTION0 1 1.801e+02 3.518e+02)
s>                    ( - -2.386e+05 8 0 QUESTION0_0_R 1 2.835e+02 1.161e+03))
s>                ( - -3.339e+04 7 0 QUESTION0 1 1.259e+02 1.600e+02)))
s>        ( QUESTION11 -1 -1.428e+05 6.687e+02 6.891e+02
s>            ( QUESTION12 -1 -6.888e+04 4.144e+02 3.332e+02
s>                ( - -3.746e+04 4 0 QUESTION0 1 1.989e+02 1.821e+02)
s>                ( - -3.101e+04 4 0 QUESTION0 1 1.720e+02 1.510e+02))
s>            ( - -7.323e+04 9 0 QUESTION0 1 2.810e+02 3.559e+02)))INFO: dtree.c(1439): stop. leaf nodes are specific
INFO: dtree.c(1478): Final simple tree
|( QUESTION0 1 -1.800e+05 2.231e+02 8.811e+02
|    ( - -7.806e+04 5 0)
|    ( - -1.017e+05 2 0))
s>    ( QUESTION0 1 -1.800e+05 2.231e+02 8.811e+02
s>        ( - -7.806e+04 5 0)
s>        ( - -1.017e+05 2 0))INFO: dtree.c(1315): Comp split 12
INFO: dtree.c(1439): stop. leaf nodes are specific
INFO: dtree.c(1478): Final simple tree
|( QUESTION0_0_R 1 -3.752e+05 4.205e+02 1.794e+03
|    ( QUESTION0_10_R 1 -4.861e+04 2.177e+02 2.283e+02
|        ( - -3.040e+04 5 0)
|        ( QUESTION19 1 -1.800e+04 1.506e+02 8.487e+01
|            ( - -1.124e+03 1 0)
|            ( QUESTION0_1_R 1 -1.672e+04 1.253e+02 7.887e+01
|                ( - -1.544e+04 1 0)
|                ( - -1.157e+03 1 0))))
|    ( - -3.262e+05 9 0))
s>    ( QUESTION0_0_R 1 -3.752e+05 4.205e+02 1.794e+03
s>        ( QUESTION0_10_R 1 -4.861e+04 2.177e+02 2.283e+02
s>            ( - -3.040e+04 5 0)
s>            ( QUESTION19 1 -1.800e+04 1.506e+02 8.487e+01
s>                ( - -1.124e+03 1 0)
s>                ( QUESTION0_1_R 1 -1.672e+04 1.253e+02 7.887e+01
s>                    ( - -1.544e+04 1 0)
s>                    ( - -1.157e+03 1 0))))
s>        ( - -3.262e+05 9 0))INFO: dtree.c(1439): stop. leaf nodes are specific
INFO: dtree.c(1478): Final simple tree
|( QUESTION0_2_R 1 -1.675e+05 1.201e+03 7.761e+02
|    ( - -3.588e+04 3 0)
|    ( QUESTION0_1_R 1 -1.304e+05 3.766e+02 6.057e+02
|        ( - -5.582e+03 2 0)
|        ( - -1.245e+05 2 0)))
s>    ( QUESTION0_2_R 1 -1.675e+05 1.201e+03 7.761e+02
s>        ( - -3.588e+04 3 0)
s>        ( QUESTION0_1_R 1 -1.304e+05 3.766e+02 6.057e+02
s>            ( - -5.582e+03 2 0)
s>            ( - -1.245e+05 2 0)))INFO: dtree.c(1315): Comp split 13
INFO: dtree.c(1439): stop. leaf nodes are specific
INFO: dtree.c(1478): Final simple tree
|( WDBNDRY_B 0 -1.442e+05 4.767e+02 6.731e+02
|    ( - -1.313e+05 8 0)
|    ( QUESTION0_11_R 1 -1.245e+04 1.505e+02 6.024e+01
|        ( - -3.201e+02 1 0)
|        ( QUESTION2 1 -1.198e+04 1.401e+02 5.824e+01
|            ( QUESTION0_0_R 1 -2.139e+03 8.969e+01 1.100e+01
|                ( - -1.531e+03 1 0)
|                ( - -5.189e+02 1 0))
|            ( QUESTION0_1_R 1 -9.697e+03 1.266e+02 4.724e+01
|                ( - -5.976e+03 1 0)
|                ( - -3.595e+03 2 0)))))
s>    ( WDBNDRY_B 0 -1.442e+05 4.767e+02 6.731e+02
s>        ( - -1.313e+05 8 0)
s>        ( QUESTION0_11_R 1 -1.245e+04 1.505e+02 6.024e+01
s>            ( - -3.201e+02 1 0)
s>            ( QUESTION2 1 -1.198e+04 1.401e+02 5.824e+01
s>                ( QUESTION0_0_R 1 -2.139e+03 8.969e+01 1.100e+01
s>                    ( - -1.531e+03 1 0)
s>                    ( - -5.189e+02 1 0))
s>                ( QUESTION0_1_R 1 -9.697e+03 1.266e+02 4.724e+01
s>                    ( - -5.976e+03 1 0)
s>                    ( - -3.595e+03 2 0)))))INFO: dtree.c(1315): Comp split 14
INFO: dtree.c(1439): stop. leaf nodes are specific
INFO: dtree.c(1478): Final simple tree
|( QUESTION0 1 -4.978e+04 1.340e+02 2.416e+02
|    ( - -1.884e+03 1 0)
|    ( - -4.776e+04 1 0))
s>    ( QUESTION0 1 -4.978e+04 1.340e+02 2.416e+02
s>        ( - -1.884e+03 1 0)
s>        ( - -4.776e+04 1 0))INFO: dtree.c(1315): Comp split 15
INFO: dtree.c(1478): Final simple tree
|( QUESTION11 -1 -3.824e+05 1.106e+03 1.850e+03
|    ( QUESTION12 -1 -6.888e+04 4.144e+02 3.332e+02
|        ( QUESTION0 1 -3.746e+04 1.989e+02 1.821e+02
|            ( - -3.321e+04 3 0 WDBNDRY_B 0 1.687e+02 1.621e+02)
|            ( - -4.050e+03 1 0))
|        ( - -3.101e+04 4 0 QUESTION0 1 1.720e+02 1.510e+02))
|    ( QUESTION2 -1 -3.124e+05 5.109e+02 1.516e+03
|        ( QUESTION0_0_R 1 -2.386e+05 2.835e+02 1.161e+03
|            ( - -8.389e+03 1 0)
|            ( - -2.300e+05 7 0 QUESTION0 1 1.448e+02 1.119e+03))
|        ( QUESTION0 1 -7.323e+04 2.810e+02 3.559e+02
|            ( QUESTION0_0_R 1 -4.270e+04 1.841e+02 2.092e+02
|                ( - -1.063e+04 1 0)
|                ( - -3.189e+04 6 0 QUESTION2_7_L -1 1.352e+02 1.571e+02))
|            ( - -3.025e+04 2 0))))
s>    ( QUESTION11 -1 -3.824e+05 1.106e+03 1.850e+03
s>        ( QUESTION12 -1 -6.888e+04 4.144e+02 3.332e+02
s>            ( QUESTION0 1 -3.746e+04 1.989e+02 1.821e+02
s>                ( - -3.321e+04 3 0 WDBNDRY_B 0 1.687e+02 1.621e+02)
s>                ( - -4.050e+03 1 0))
s>            ( - -3.101e+04 4 0 QUESTION0 1 1.720e+02 1.510e+02))
s>        ( QUESTION2 -1 -3.124e+05 5.109e+02 1.516e+03
s>            ( QUESTION0_0_R 1 -2.386e+05 2.835e+02 1.161e+03
s>                ( - -8.389e+03 1 0)
s>                ( - -2.300e+05 7 0 QUESTION0 1 1.448e+02 1.119e+03))
s>            ( QUESTION0 1 -7.323e+04 2.810e+02 3.559e+02
s>                ( QUESTION0_0_R 1 -4.270e+04 1.841e+02 2.092e+02
s>                    ( - -1.063e+04 1 0)
s>                    ( - -3.189e+04 6 0 QUESTION2_7_L -1 1.352e+02 1.571e+02))
s>                ( - -3.025e+04 2 0))))INFO: dtree.c(1478): Final simple tree
|( QUESTION6 -1 -3.726e+05 5.738e+02 1.800e+03
|    ( QUESTION0_0_R 1 -9.290e+04 3.809e+02 4.496e+02
|        ( - -1.378e+04 2 0)
|        ( QUESTION0 1 -7.874e+04 2.797e+02 3.798e+02
|            ( - -5.066e+04 5 0)
|            ( - -2.780e+04 3 0)))
|    ( QUESTION2_20_L -1 -2.792e+05 6.071e+02 1.350e+03
|        ( - -7.250e+04 6 0 QUESTION0 1 1.801e+02 3.518e+02)
|        ( QUESTION2_16_L -1 -2.061e+05 4.180e+02 9.985e+02
|            ( QUESTION0 1 -1.723e+05 3.777e+02 8.384e+02
|                ( QUESTION5 -1 -1.410e+05 4.667e+02 6.896e+02
|                    ( - -1.408e+05 4 0 WDBNDRY_B 0 2.348e+02 6.886e+02)
|                    ( - 2.171e+02 1 0))
|                ( - -3.086e+04 5 0 QUESTION5 -1 2.476e+02 1.489e+02))
|            ( - -3.339e+04 7 0 QUESTION0 1 1.259e+02 1.600e+02))))
s>    ( QUESTION6 -1 -3.726e+05 5.738e+02 1.800e+03
s>        ( QUESTION0_0_R 1 -9.290e+04 3.809e+02 4.496e+02
s>            ( - -1.378e+04 2 0)
s>            ( QUESTION0 1 -7.874e+04 2.797e+02 3.798e+02
s>                ( - -5.066e+04 5 0)
s>                ( - -2.780e+04 3 0)))
s>        ( QUESTION2_20_L -1 -2.792e+05 6.071e+02 1.350e+03
s>            ( - -7.250e+04 6 0 QUESTION0 1 1.801e+02 3.518e+02)
s>            ( QUESTION2_16_L -1 -2.061e+05 4.180e+02 9.985e+02
s>                ( QUESTION0 1 -1.723e+05 3.777e+02 8.384e+02
s>                    ( QUESTION5 -1 -1.410e+05 4.667e+02 6.896e+02
s>                        ( - -1.408e+05 4 0 WDBNDRY_B 0 2.348e+02 6.886e+02)
s>                        ( - 2.171e+02 1 0))
s>                    ( - -3.086e+04 5 0 QUESTION5 -1 2.476e+02 1.489e+02))
s>                ( - -3.339e+04 7 0 QUESTION0 1 1.259e+02 1.600e+02))))INFO: dtree.c(1315): Comp split 16
INFO: dtree.c(1439): stop. leaf nodes are specific
INFO: dtree.c(1478): Final simple tree
|( QUESTION0_1_R 1 -1.304e+05 3.766e+02 6.057e+02
|    ( - -5.582e+03 2 0)
|    ( - -1.245e+05 2 0))
s>    ( QUESTION0_1_R 1 -1.304e+05 3.766e+02 6.057e+02
s>        ( - -5.582e+03 2 0)
s>        ( - -1.245e+05 2 0))INFO: dtree.c(1315): Comp split 17
INFO: dtree.c(1439): stop. leaf nodes are specific
INFO: dtree.c(1478): Final simple tree
|( QUESTION2 -1 -3.124e+05 5.109e+02 1.516e+03
|    ( QUESTION0_0_R 1 -2.386e+05 2.835e+02 1.161e+03
|        ( - -8.389e+03 1 0)
|        ( QUESTION0 1 -2.300e+05 1.448e+02 1.119e+03
|            ( - -2.126e+05 5 0)
|            ( - -1.724e+04 2 0)))
|    ( QUESTION0 1 -7.323e+04 2.810e+02 3.559e+02
|        ( QUESTION0_0_R 1 -4.270e+04 1.841e+02 2.092e+02
|            ( - -1.063e+04 1 0)
|            ( QUESTION2_7_L -1 -3.189e+04 1.352e+02 1.571e+02
|                ( - -1.901e+03 1 0)
|                ( - -2.985e+04 5 0)))
|        ( - -3.025e+04 2 0)))
s>    ( QUESTION2 -1 -3.124e+05 5.109e+02 1.516e+03
s>        ( QUESTION0_0_R 1 -2.386e+05 2.835e+02 1.161e+03
s>            ( - -8.389e+03 1 0)
s>            ( QUESTION0 1 -2.300e+05 1.448e+02 1.119e+03
s>                ( - -2.126e+05 5 0)
s>                ( - -1.724e+04 2 0)))
s>        ( QUESTION0 1 -7.323e+04 2.810e+02 3.559e+02
s>            ( QUESTION0_0_R 1 -4.270e+04 1.841e+02 2.092e+02
s>                ( - -1.063e+04 1 0)
s>                ( QUESTION2_7_L -1 -3.189e+04 1.352e+02 1.571e+02
s>                    ( - -1.901e+03 1 0)
s>                    ( - -2.985e+04 5 0)))
s>            ( - -3.025e+04 2 0)))INFO: dtree.c(1439): stop. leaf nodes are specific
INFO: dtree.c(1478): Final simple tree
|( QUESTION12 -1 -6.888e+04 4.144e+02 3.332e+02
|    ( QUESTION0 1 -3.746e+04 1.989e+02 1.821e+02
|        ( WDBNDRY_B 0 -3.321e+04 1.687e+02 1.621e+02
|            ( - -3.082e+04 1 0)
|            ( - -2.222e+03 2 0))
|        ( - -4.050e+03 1 0))
|    ( QUESTION0 1 -3.101e+04 1.720e+02 1.510e+02
|        ( QUESTION0_0_R 1 -2.025e+04 1.742e+02 1.002e+02
|            ( - -1.749e+03 1 0)
|            ( - -1.833e+04 2 0))
|        ( - -1.059e+04 1 0)))
s>    ( QUESTION12 -1 -6.888e+04 4.144e+02 3.332e+02
s>        ( QUESTION0 1 -3.746e+04 1.989e+02 1.821e+02
s>            ( WDBNDRY_B 0 -3.321e+04 1.687e+02 1.621e+02
s>                ( - -3.082e+04 1 0)
s>                ( - -2.222e+03 2 0))
s>            ( - -4.050e+03 1 0))
s>        ( QUESTION0 1 -3.101e+04 1.720e+02 1.510e+02
s>            ( QUESTION0_0_R 1 -2.025e+04 1.742e+02 1.002e+02
s>                ( - -1.749e+03 1 0)
s>                ( - -1.833e+04 2 0))
s>            ( - -1.059e+04 1 0)))INFO: dtree.c(1315): Comp split 18
INFO: dtree.c(1439): stop. leaf nodes are specific
INFO: dtree.c(1478): Final simple tree
|( QUESTION17 -1 -1.417e+05 2.040e+02 6.881e+02
|    ( QUESTION0_0_R 1 -4.239e+04 1.271e+02 2.063e+02
|        ( - -4.874e+03 1 0)
|        ( - -3.739e+04 5 0))
|    ( - -9.910e+04 8 0))
s>    ( QUESTION17 -1 -1.417e+05 2.040e+02 6.881e+02
s>        ( QUESTION0_0_R 1 -4.239e+04 1.271e+02 2.063e+02
s>            ( - -4.874e+03 1 0)
s>            ( - -3.739e+04 5 0))
s>        ( - -9.910e+04 8 0))INFO: dtree.c(1439): stop. leaf nodes are specific
INFO: dtree.c(1478): Final simple tree
|( QUESTION17 -1 -4.521e+05 3.270e+02 2.142e+03
|    ( - -4.511e+04 1 0)
|    ( QUESTION3 1 -4.067e+05 3.448e+02 1.929e+03
|        ( WDBNDRY_B 0 -2.187e+05 2.220e+02 1.042e+03
|            ( - -2.490e+04 3 0)
|            ( - -1.936e+05 2 0))
|        ( QUESTION0_14_R 1 -1.877e+05 1.608e+02 8.872e+02
|            ( - -8.150e+03 1 0)
|            ( WDBNDRY_B 0 -1.794e+05 9.745e+01 8.483e+02
|                ( - -1.359e+03 1 0)
|                ( - -1.779e+05 6 0)))))
s>    ( QUESTION17 -1 -4.521e+05 3.270e+02 2.142e+03
s>        ( - -4.511e+04 1 0)
s>        ( QUESTION3 1 -4.067e+05 3.448e+02 1.929e+03
s>            ( WDBNDRY_B 0 -2.187e+05 2.220e+02 1.042e+03
s>                ( - -2.490e+04 3 0)
s>                ( - -1.936e+05 2 0))
s>            ( QUESTION0_14_R 1 -1.877e+05 1.608e+02 8.872e+02
s>                ( - -8.150e+03 1 0)
s>                ( WDBNDRY_B 0 -1.794e+05 9.745e+01 8.483e+02
s>                    ( - -1.359e+03 1 0)
s>                    ( - -1.779e+05 6 0)))))INFO: dtree.c(1315): Comp split 19
INFO: dtree.c(1439): stop. leaf nodes are specific
INFO: dtree.c(1478): Final simple tree
|( QUESTION0_14_R 1 -1.486e+05 4.615e+02 6.739e+02
|    ( - 2.417e+02 1 0)
|    ( WDBNDRY_B 0 -1.483e+05 2.097e+02 6.729e+02
|        ( QUESTION0_0_R 1 -1.476e+05 1.025e+02 6.699e+02
|            ( - -5.846e+02 1 0)
|            ( - -1.469e+05 2 0))
|        ( - -5.019e+02 1 0)))
s>    ( QUESTION0_14_R 1 -1.486e+05 4.615e+02 6.739e+02
s>        ( - 2.417e+02 1 0)
s>        ( WDBNDRY_B 0 -1.483e+05 2.097e+02 6.729e+02
s>            ( QUESTION0_0_R 1 -1.476e+05 1.025e+02 6.699e+02
s>                ( - -5.846e+02 1 0)
s>                ( - -1.469e+05 2 0))
s>            ( - -5.019e+02 1 0)))INFO: dtree.c(1315): Comp split 20
INFO: dtree.c(1439): stop. leaf nodes are specific
INFO: dtree.c(1478): Final simple tree
|( QUESTION5 -1 -1.746e+05 4.235e+02 8.486e+02
|    ( WDBNDRY_B 0 -1.408e+05 2.348e+02 6.886e+02
|        ( - -1.384e+05 3 0)
|        ( - -2.152e+03 1 0))
|    ( QUESTION0 1 -3.339e+04 1.259e+02 1.600e+02
|        ( - -2.469e+04 5 0)
|        ( - -8.572e+03 2 0)))
s>    ( QUESTION5 -1 -1.746e+05 4.235e+02 8.486e+02
s>        ( WDBNDRY_B 0 -1.408e+05 2.348e+02 6.886e+02
s>            ( - -1.384e+05 3 0)
s>            ( - -2.152e+03 1 0))
s>        ( QUESTION0 1 -3.339e+04 1.259e+02 1.600e+02
s>            ( - -2.469e+04 5 0)
s>            ( - -8.572e+03 2 0)))INFO: dtree.c(1478): Final simple tree
|( QUESTION6 -1 -1.973e+05 4.659e+02 9.513e+02
|    ( QUESTION0_0_R 1 -9.290e+04 3.809e+02 4.496e+02
|        ( - -1.378e+04 2 0)
|        ( QUESTION0 1 -7.874e+04 2.797e+02 3.798e+02
|            ( - -5.066e+04 5 0)
|            ( - -2.780e+04 3 0)))
|    ( QUESTION2_16_L -1 -1.040e+05 3.487e+02 5.016e+02
|        ( QUESTION0 1 -3.110e+04 4.542e+02 1.499e+02
|            ( - 2.171e+02 1 0)
|            ( QUESTION5 -1 -3.086e+04 2.476e+02 1.489e+02
|                ( WDBNDRY_B 0 -2.337e+04 2.513e+02 1.129e+02
|                    ( - -1.864e+04 3 0 QUESTION0_0_R 1 1.587e+02 9.080e+01)
|                    ( - -4.475e+03 1 0))
|                ( - -7.248e+03 1 0)))
|        ( - -7.250e+04 6 0 QUESTION0 1 1.801e+02 3.518e+02)))
s>    ( QUESTION6 -1 -1.973e+05 4.659e+02 9.513e+02
s>        ( QUESTION0_0_R 1 -9.290e+04 3.809e+02 4.496e+02
s>            ( - -1.378e+04 2 0)
s>            ( QUESTION0 1 -7.874e+04 2.797e+02 3.798e+02
s>                ( - -5.066e+04 5 0)
s>                ( - -2.780e+04 3 0)))
s>        ( QUESTION2_16_L -1 -1.040e+05 3.487e+02 5.016e+02
s>            ( QUESTION0 1 -3.110e+04 4.542e+02 1.499e+02
s>                ( - 2.171e+02 1 0)
s>                ( QUESTION5 -1 -3.086e+04 2.476e+02 1.489e+02
s>                    ( WDBNDRY_B 0 -2.337e+04 2.513e+02 1.129e+02
s>                        ( - -1.864e+04 3 0 QUESTION0_0_R 1 1.587e+02 9.080e+01)
s>                        ( - -4.475e+03 1 0))
s>                    ( - -7.248e+03 1 0)))
s>            ( - -7.250e+04 6 0 QUESTION0 1 1.801e+02 3.518e+02)))INFO: dtree.c(1315): Comp split 21
INFO: dtree.c(1315): Comp split 22
INFO: dtree.c(1439): stop. leaf nodes are specific
INFO: dtree.c(1478): Final simple tree
|( QUESTION0 1 -7.323e+04 2.810e+02 3.559e+02
|    ( QUESTION0_0_R 1 -4.270e+04 1.841e+02 2.092e+02
|        ( - -1.063e+04 1 0)
|        ( QUESTION2_7_L -1 -3.189e+04 1.352e+02 1.571e+02
|            ( - -1.901e+03 1 0)
|            ( - -2.985e+04 5 0)))
|    ( - -3.025e+04 2 0))
s>    ( QUESTION0 1 -7.323e+04 2.810e+02 3.559e+02
s>        ( QUESTION0_0_R 1 -4.270e+04 1.841e+02 2.092e+02
s>            ( - -1.063e+04 1 0)
s>            ( QUESTION2_7_L -1 -3.189e+04 1.352e+02 1.571e+02
s>                ( - -1.901e+03 1 0)
s>                ( - -2.985e+04 5 0)))
s>        ( - -3.025e+04 2 0))INFO: dtree.c(1439): stop. leaf nodes are specific
INFO: dtree.c(1478): Final simple tree
|( QUESTION0_0_R 1 -2.386e+05 2.835e+02 1.161e+03
|    ( - -8.389e+03 1 0)
|    ( QUESTION0 1 -2.300e+05 1.448e+02 1.119e+03
|        ( - -2.126e+05 5 0)
|        ( - -1.724e+04 2 0)))
s>    ( QUESTION0_0_R 1 -2.386e+05 2.835e+02 1.161e+03
s>        ( - -8.389e+03 1 0)
s>        ( QUESTION0 1 -2.300e+05 1.448e+02 1.119e+03
s>            ( - -2.126e+05 5 0)
s>            ( - -1.724e+04 2 0)))INFO: dtree.c(1315): Comp split 23
INFO: dtree.c(1439): stop. leaf nodes are specific
INFO: dtree.c(1478): Final simple tree
|( QUESTION2 1 -1.198e+04 1.401e+02 5.824e+01
|    ( QUESTION0_0_R 1 -2.139e+03 8.969e+01 1.100e+01
|        ( - -1.531e+03 1 0)
|        ( - -5.189e+02 1 0))
|    ( QUESTION0_1_R 1 -9.697e+03 1.266e+02 4.724e+01
|        ( - -5.976e+03 1 0)
|        ( - -3.595e+03 2 0)))
s>    ( QUESTION2 1 -1.198e+04 1.401e+02 5.824e+01
s>        ( QUESTION0_0_R 1 -2.139e+03 8.969e+01 1.100e+01
s>            ( - -1.531e+03 1 0)
s>            ( - -5.189e+02 1 0))
s>        ( QUESTION0_1_R 1 -9.697e+03 1.266e+02 4.724e+01
s>            ( - -5.976e+03 1 0)
s>            ( - -3.595e+03 2 0)))INFO: dtree.c(1439): stop. leaf nodes are specific
INFO: dtree.c(1478): Final simple tree
|( WDBNDRY_B 0 -1.317e+05 1.204e+02 6.148e+02
|    ( - -1.313e+05 8 0)
|    ( - -3.201e+02 1 0))
s>    ( WDBNDRY_B 0 -1.317e+05 1.204e+02 6.148e+02
s>        ( - -1.313e+05 8 0)
s>        ( - -3.201e+02 1 0))INFO: dtree.c(1315): Comp split 24
INFO: dtree.c(1439): stop. leaf nodes are specific
INFO: dtree.c(1478): Final simple tree
|( QUESTION2_16_L -1 -1.040e+05 3.487e+02 5.016e+02
|    ( QUESTION0 1 -3.110e+04 4.542e+02 1.499e+02
|        ( - 2.171e+02 1 0)
|        ( QUESTION5 -1 -3.086e+04 2.476e+02 1.489e+02
|            ( WDBNDRY_B 0 -2.337e+04 2.513e+02 1.129e+02
|                ( QUESTION0_0_R 1 -1.864e+04 1.587e+02 9.080e+01
|                    ( - -2.010e+03 1 0)
|                    ( - -1.647e+04 2 0))
|                ( - -4.475e+03 1 0))
|            ( - -7.248e+03 1 0)))
|    ( QUESTION0 1 -7.250e+04 1.801e+02 3.518e+02
|        ( - -5.626e+04 5 0)
|        ( - -1.606e+04 1 0)))
s>    ( QUESTION2_16_L -1 -1.040e+05 3.487e+02 5.016e+02
s>        ( QUESTION0 1 -3.110e+04 4.542e+02 1.499e+02
s>            ( - 2.171e+02 1 0)
s>            ( QUESTION5 -1 -3.086e+04 2.476e+02 1.489e+02
s>                ( WDBNDRY_B 0 -2.337e+04 2.513e+02 1.129e+02
s>                    ( QUESTION0_0_R 1 -1.864e+04 1.587e+02 9.080e+01
s>                        ( - -2.010e+03 1 0)
s>                        ( - -1.647e+04 2 0))
s>                    ( - -4.475e+03 1 0))
s>                ( - -7.248e+03 1 0)))
s>        ( QUESTION0 1 -7.250e+04 1.801e+02 3.518e+02
s>            ( - -5.626e+04 5 0)
s>            ( - -1.606e+04 1 0)))INFO: dtree.c(1439): stop. leaf nodes are specific
INFO: dtree.c(1478): Final simple tree
|( QUESTION0_0_R 1 -9.290e+04 3.809e+02 4.496e+02
|    ( - -1.378e+04 2 0)
|    ( QUESTION0 1 -7.874e+04 2.797e+02 3.798e+02
|        ( - -5.066e+04 5 0)
|        ( - -2.780e+04 3 0)))
s>    ( QUESTION0_0_R 1 -9.290e+04 3.809e+02 4.496e+02
s>        ( - -1.378e+04 2 0)
s>        ( QUESTION0 1 -7.874e+04 2.797e+02 3.798e+02
s>            ( - -5.066e+04 5 0)
s>            ( - -2.780e+04 3 0)))INFO: dtree.c(1315): Comp split 25
INFO: dtree.c(1439): stop. leaf nodes are specific
INFO: dtree.c(1478): Final simple tree
|( WDBNDRY_B 0 -1.483e+05 2.097e+02 6.729e+02
|    ( QUESTION0_0_R 1 -1.476e+05 1.025e+02 6.699e+02
|        ( - -5.846e+02 1 0)
|        ( - -1.469e+05 2 0))
|    ( - -5.019e+02 1 0))
s>    ( WDBNDRY_B 0 -1.483e+05 2.097e+02 6.729e+02
s>        ( QUESTION0_0_R 1 -1.476e+05 1.025e+02 6.699e+02
s>            ( - -5.846e+02 1 0)
s>            ( - -1.469e+05 2 0))
s>        ( - -5.019e+02 1 0))INFO: dtree.c(1315): Comp split 26
INFO: dtree.c(1439): stop. leaf nodes are specific
INFO: dtree.c(1478): Final simple tree
|( QUESTION2_16_L -1 -1.037e+05 3.453e+02 5.006e+02
|    ( QUESTION5 -1 -3.086e+04 2.476e+02 1.489e+02
|        ( WDBNDRY_B 0 -2.337e+04 2.513e+02 1.129e+02
|            ( QUESTION0_0_R 1 -1.864e+04 1.587e+02 9.080e+01
|                ( - -2.010e+03 1 0)
|                ( - -1.647e+04 2 0))
|            ( - -4.475e+03 1 0))
|        ( - -7.248e+03 1 0))
|    ( QUESTION0 1 -7.250e+04 1.801e+02 3.518e+02
|        ( - -5.626e+04 5 0)
|        ( - -1.606e+04 1 0)))
s>    ( QUESTION2_16_L -1 -1.037e+05 3.453e+02 5.006e+02
s>        ( QUESTION5 -1 -3.086e+04 2.476e+02 1.489e+02
s>            ( WDBNDRY_B 0 -2.337e+04 2.513e+02 1.129e+02
s>                ( QUESTION0_0_R 1 -1.864e+04 1.587e+02 9.080e+01
s>                    ( - -2.010e+03 1 0)
s>                    ( - -1.647e+04 2 0))
s>                ( - -4.475e+03 1 0))
s>            ( - -7.248e+03 1 0))
s>        ( QUESTION0 1 -7.250e+04 1.801e+02 3.518e+02
s>            ( - -5.626e+04 5 0)
s>            ( - -1.606e+04 1 0)))INFO: dtree.c(1315): Comp split 27
INFO: dtree.c(1439): stop. leaf nodes are specific
INFO: dtree.c(1478): Final simple tree
|( QUESTION0 1 -3.761e+04 1.673e+02 1.820e+02
|    ( QUESTION0_0_R 1 -2.260e+04 1.624e+02 1.112e+02
|        ( - -1.749e+03 1 0)
|        ( WDBNDRY_B 0 -2.069e+04 1.435e+02 1.022e+02
|            ( - -1.833e+04 2 0)
|            ( - -2.222e+03 2 0)))
|    ( QUESTION12 -1 -1.484e+04 1.997e+02 7.078e+01
|        ( - -4.050e+03 1 0)
|        ( - -1.059e+04 1 0)))
s>    ( QUESTION0 1 -3.761e+04 1.673e+02 1.820e+02
s>        ( QUESTION0_0_R 1 -2.260e+04 1.624e+02 1.112e+02
s>            ( - -1.749e+03 1 0)
s>            ( WDBNDRY_B 0 -2.069e+04 1.435e+02 1.022e+02
s>                ( - -1.833e+04 2 0)
s>                ( - -2.222e+03 2 0)))
s>        ( QUESTION12 -1 -1.484e+04 1.997e+02 7.078e+01
s>            ( - -4.050e+03 1 0)
s>            ( - -1.059e+04 1 0)))INFO: dtree.c(1315): Comp split 28
INFO: dtree.c(1439): stop. leaf nodes are specific
INFO: dtree.c(1478): Final simple tree
|( QUESTION0_0_R 1 -3.274e+05 1.168e+02 1.572e+03
|    ( - -1.157e+03 1 0)
|    ( - -3.262e+05 9 0))
s>    ( QUESTION0_0_R 1 -3.274e+05 1.168e+02 1.572e+03
s>        ( - -1.157e+03 1 0)
s>        ( - -3.262e+05 9 0))INFO: dtree.c(1439): stop. leaf nodes are specific
INFO: dtree.c(1478): Final simple tree
|( QUESTION0_6_R 1 -4.733e+04 2.149e+02 2.223e+02
|    ( - -1.544e+04 1 0)
|    ( QUESTION0_1_R 1 -3.168e+04 1.541e+02 1.494e+02
|        ( - -1.124e+03 1 0)
|        ( - -3.040e+04 5 0)))
s>    ( QUESTION0_6_R 1 -4.733e+04 2.149e+02 2.223e+02
s>        ( - -1.544e+04 1 0)
s>        ( QUESTION0_1_R 1 -3.168e+04 1.541e+02 1.494e+02
s>            ( - -1.124e+03 1 0)
s>            ( - -3.040e+04 5 0)))INFO: dtree.c(1315): Comp split 29
INFO: dtree.c(1439): stop. leaf nodes are specific
INFO: dtree.c(1478): Final simple tree
|( QUESTION0 1 -3.339e+04 1.259e+02 1.600e+02
|    ( - -2.469e+04 5 0)
|    ( - -8.572e+03 2 0))
s>    ( QUESTION0 1 -3.339e+04 1.259e+02 1.600e+02
s>        ( - -2.469e+04 5 0)
s>        ( - -8.572e+03 2 0))INFO: dtree.c(1439): stop. leaf nodes are specific
INFO: dtree.c(1478): Final simple tree
|( WDBNDRY_B 0 -1.408e+05 2.348e+02 6.886e+02
|    ( - -1.384e+05 3 0)
|    ( - -2.152e+03 1 0))
s>    ( WDBNDRY_B 0 -1.408e+05 2.348e+02 6.886e+02
s>        ( - -1.384e+05 3 0)
s>        ( - -2.152e+03 1 0))INFO: dtree.c(1315): Comp split 30
INFO: dtree.c(1439): stop. leaf nodes are specific
INFO: dtree.c(1478): Final simple tree
|( QUESTION17 -1 -2.582e+05 3.001e+02 1.219e+03
|    ( - -4.511e+04 1 0)
|    ( QUESTION0 1 -2.128e+05 2.023e+02 1.006e+03
|        ( WDBNDRY_B 0 -1.862e+05 1.603e+02 8.802e+02
|            ( - -8.150e+03 1 0)
|            ( - -1.779e+05 6 0))
|        ( QUESTION0_0_R 1 -2.635e+04 9.073e+01 1.255e+02
|            ( - -1.359e+03 1 0)
|            ( - -2.490e+04 3 0))))
s>    ( QUESTION17 -1 -2.582e+05 3.001e+02 1.219e+03
s>        ( - -4.511e+04 1 0)
s>        ( QUESTION0 1 -2.128e+05 2.023e+02 1.006e+03
s>            ( WDBNDRY_B 0 -1.862e+05 1.603e+02 8.802e+02
s>                ( - -8.150e+03 1 0)
s>                ( - -1.779e+05 6 0))
s>            ( QUESTION0_0_R 1 -2.635e+04 9.073e+01 1.255e+02
s>                ( - -1.359e+03 1 0)
s>                ( - -2.490e+04 3 0))))INFO: dtree.c(1315): Comp split 31
INFO: dtree.c(1439): stop. leaf nodes are specific
INFO: dtree.c(1478): Final simple tree
|( QUESTION0_0_R 1 -3.668e+06 2.419e+02 1.770e+04
|    ( QUESTION0_1_R 1 -6.549e+03 1.231e+02 3.310e+01
|        ( - -3.149e+03 1 0)
|        ( - -3.277e+03 1 0))
|    ( QUESTION2_0_L -1 -3.661e+06 1.565e+02 1.766e+04
|        ( WDBNDRY_B 0 -3.660e+06 1.456e+02 1.766e+04
|            ( - -3.653e+06 29 0)
|            ( - -6.656e+03 4 0))
|        ( - -1.040e+03 1 0)))
s>    ( QUESTION0_0_R 1 -3.668e+06 2.419e+02 1.770e+04
s>        ( QUESTION0_1_R 1 -6.549e+03 1.231e+02 3.310e+01
s>            ( - -3.149e+03 1 0)
s>            ( - -3.277e+03 1 0))
s>        ( QUESTION2_0_L -1 -3.661e+06 1.565e+02 1.766e+04
s>            ( WDBNDRY_B 0 -3.660e+06 1.456e+02 1.766e+04
s>                ( - -3.653e+06 29 0)
s>                ( - -6.656e+03 4 0))
s>            ( - -1.040e+03 1 0)))INFO: dtree.c(1478): Final simple tree
|( QUESTION0_5_R 1 -2.414e+04 2.224e+02 1.183e+02
|    ( - -8.883e+02 1 0)
|    ( QUESTION0_10_R 1 -2.303e+04 1.963e+02 1.133e+02
|        ( - -1.253e+04 7 0)
|        ( QUESTION0_3_R 1 -1.031e+04 1.919e+02 5.100e+01
|            ( - -2.494e+02 1 0)
|            ( QUESTION0_8_R 1 -9.864e+03 1.769e+02 4.900e+01
|                ( - -2.898e+02 2 0)
|                ( QUESTION0_20_R 1 -9.397e+03 1.709e+02 4.700e+01
|                    ( - -4.513e+02 1 0)
|                    ( SILENCE 1 -8.775e+03 1.525e+02 4.400e+01
|                        ( - -3.049e+03 1 0)
|                        ( QUESTION0_15_R 1 -5.574e+03 1.086e+02 2.800e+01
|                            ( - -1.783e+03 3 0)
|                            ( - -3.682e+03 4 0 QUESTION0_1_R 1 9.411e+01 1.900e+01))))))))
s>    ( QUESTION0_5_R 1 -2.414e+04 2.224e+02 1.183e+02
s>        ( - -8.883e+02 1 0)
s>        ( QUESTION0_10_R 1 -2.303e+04 1.963e+02 1.133e+02
s>            ( - -1.253e+04 7 0)
s>            ( QUESTION0_3_R 1 -1.031e+04 1.919e+02 5.100e+01
s>                ( - -2.494e+02 1 0)
s>                ( QUESTION0_8_R 1 -9.864e+03 1.769e+02 4.900e+01
s>                    ( - -2.898e+02 2 0)
s>                    ( QUESTION0_20_R 1 -9.397e+03 1.709e+02 4.700e+01
s>                        ( - -4.513e+02 1 0)
s>                        ( SILENCE 1 -8.775e+03 1.525e+02 4.400e+01
s>                            ( - -3.049e+03 1 0)
s>                            ( QUESTION0_15_R 1 -5.574e+03 1.086e+02 2.800e+01
s>                                ( - -1.783e+03 3 0)
s>                                ( - -3.682e+03 4 0 QUESTION0_1_R 1 9.411e+01 1.900e+01))))))))INFO: dtree.c(1315): Comp split 32
INFO: dtree.c(1439): stop. leaf nodes are specific
INFO: dtree.c(1478): Final simple tree
|( QUESTION5 -1 -8.929e+04 3.105e+02 4.325e+02
|    ( - -1.647e+04 2 0)
|    ( QUESTION0 1 -7.250e+04 1.801e+02 3.518e+02
|        ( - -5.626e+04 5 0)
|        ( - -1.606e+04 1 0)))
s>    ( QUESTION5 -1 -8.929e+04 3.105e+02 4.325e+02
s>        ( - -1.647e+04 2 0)
s>        ( QUESTION0 1 -7.250e+04 1.801e+02 3.518e+02
s>            ( - -5.626e+04 5 0)
s>            ( - -1.606e+04 1 0)))INFO: dtree.c(1439): stop. leaf nodes are specific
INFO: dtree.c(1478): Final simple tree
|( WDBNDRY_B 0 -1.404e+04 1.552e+02 6.814e+01
|    ( QUESTION0_0_R 1 -9.412e+03 1.544e+02 4.606e+01
|        ( - -2.010e+03 1 0)
|        ( - -7.248e+03 1 0))
|    ( - -4.475e+03 1 0))
s>    ( WDBNDRY_B 0 -1.404e+04 1.552e+02 6.814e+01
s>        ( QUESTION0_0_R 1 -9.412e+03 1.544e+02 4.606e+01
s>            ( - -2.010e+03 1 0)
s>            ( - -7.248e+03 1 0))
s>        ( - -4.475e+03 1 0))INFO: dtree.c(1315): Comp split 33
INFO: dtree.c(1439): stop. leaf nodes are specific
INFO: dtree.c(1478): Final simple tree
|( QUESTION0 1 -7.874e+04 2.797e+02 3.798e+02
|    ( - -5.066e+04 5 0)
|    ( - -2.780e+04 3 0))
s>    ( QUESTION0 1 -7.874e+04 2.797e+02 3.798e+02
s>        ( - -5.066e+04 5 0)
s>        ( - -2.780e+04 3 0))INFO: dtree.c(1315): Comp split 34
INFO: dtree.c(1315): Comp split 35
INFO: dtree.c(1439): stop. leaf nodes are specific
INFO: dtree.c(1478): Final simple tree
|( WDBNDRY_B 0 -2.045e+05 2.029e+02 9.667e+02
|    ( QUESTION0_0_R 1 -2.635e+04 9.073e+01 1.255e+02
|        ( - -1.359e+03 1 0)
|        ( - -2.490e+04 3 0))
|    ( - -1.779e+05 6 0))
s>    ( WDBNDRY_B 0 -2.045e+05 2.029e+02 9.667e+02
s>        ( QUESTION0_0_R 1 -2.635e+04 9.073e+01 1.255e+02
s>            ( - -1.359e+03 1 0)
s>            ( - -2.490e+04 3 0))
s>        ( - -1.779e+05 6 0))INFO: dtree.c(1439): stop. leaf nodes are specific
INFO: dtree.c(1478): Final simple tree
|( QUESTION0_0_R 1 -5.340e+04 1.337e+02 2.520e+02
|    ( - -8.150e+03 1 0)
|    ( - -4.511e+04 1 0))
s>    ( QUESTION0_0_R 1 -5.340e+04 1.337e+02 2.520e+02
s>        ( - -8.150e+03 1 0)
s>        ( - -4.511e+04 1 0))INFO: dtree.c(1315): Comp split 36
INFO: dtree.c(1439): stop. leaf nodes are specific
INFO: dtree.c(1478): Final simple tree
|( QUESTION0 1 -7.250e+04 1.801e+02 3.518e+02
|    ( - -5.626e+04 5 0)
|    ( - -1.606e+04 1 0))
s>    ( QUESTION0 1 -7.250e+04 1.801e+02 3.518e+02
s>        ( - -5.626e+04 5 0)
s>        ( - -1.606e+04 1 0))INFO: dtree.c(1315): Comp split 37
INFO: dtree.c(1439): stop. leaf nodes are specific
INFO: dtree.c(1478): Final simple tree
|( QUESTION0 1 -3.228e+04 1.325e+02 1.567e+02
|    ( - -1.901e+03 1 0)
|    ( - -3.025e+04 2 0))
s>    ( QUESTION0 1 -3.228e+04 1.325e+02 1.567e+02
s>        ( - -1.901e+03 1 0)
s>        ( - -3.025e+04 2 0))INFO: dtree.c(1439): stop. leaf nodes are specific
INFO: dtree.c(1478): Final simple tree
|( QUESTION0_0_R 1 -4.066e+04 1.804e+02 1.992e+02
|    ( - -1.063e+04 1 0)
|    ( - -2.985e+04 5 0))
s>    ( QUESTION0_0_R 1 -4.066e+04 1.804e+02 1.992e+02
s>        ( - -1.063e+04 1 0)
s>        ( - -2.985e+04 5 0))INFO: dtree.c(1315): Comp split 38
INFO: dtree.c(1439): stop. leaf nodes are specific
INFO: dtree.c(1478): Final simple tree
|( QUESTION0 1 -2.300e+05 1.448e+02 1.119e+03
|    ( - -2.126e+05 5 0)
|    ( - -1.724e+04 2 0))
s>    ( QUESTION0 1 -2.300e+05 1.448e+02 1.119e+03
s>        ( - -2.126e+05 5 0)
s>        ( - -1.724e+04 2 0))INFO: dtree.c(1315): Comp split 39
INFO: dtree.c(1315): Comp split 40
INFO: dtree.c(1439): stop. leaf nodes are specific
INFO: dtree.c(1478): Final simple tree
|( QUESTION0_1_R 1 -1.225e+04 1.278e+02 6.015e+01
|    ( - -3.076e+03 2 0)
|    ( - -9.049e+03 3 0))
s>    ( QUESTION0_1_R 1 -1.225e+04 1.278e+02 6.015e+01
s>        ( - -3.076e+03 2 0)
s>        ( - -9.049e+03 3 0))INFO: dtree.c(1439): stop. leaf nodes are specific
INFO: dtree.c(1478): Final simple tree
|( QUESTION2_0_L -1 -2.195e+06 1.818e+02 1.038e+04
|    ( QUESTION0_0_R 1 -2.194e+06 1.480e+02 1.037e+04
|        ( - -9.720e+02 2 0)
|        ( - -2.193e+06 10 0))
|    ( - -1.450e+03 1 0))
s>    ( QUESTION2_0_L -1 -2.195e+06 1.818e+02 1.038e+04
s>        ( QUESTION0_0_R 1 -2.194e+06 1.480e+02 1.037e+04
s>            ( - -9.720e+02 2 0)
s>            ( - -2.193e+06 10 0))
s>        ( - -1.450e+03 1 0))INFO: dtree.c(1315): Comp split 41
INFO: dtree.c(1439): stop. leaf nodes are specific
INFO: dtree.c(1478): Final simple tree
|( WDBNDRY_B 0 -3.660e+06 1.456e+02 1.766e+04
|    ( - -3.653e+06 29 0)
|    ( - -6.656e+03 4 0))
s>    ( WDBNDRY_B 0 -3.660e+06 1.456e+02 1.766e+04
s>        ( - -3.653e+06 29 0)
s>        ( - -6.656e+03 4 0))INFO: dtree.c(1439): stop. leaf nodes are specific
INFO: dtree.c(1478): Final simple tree
|( WDBNDRY_B 0 -7.728e+03 1.390e+02 3.910e+01
|    ( - -1.040e+03 1 0)
|    ( QUESTION0_1_R 1 -6.549e+03 1.231e+02 3.310e+01
|        ( - -3.149e+03 1 0)
|        ( - -3.277e+03 1 0)))
s>    ( WDBNDRY_B 0 -7.728e+03 1.390e+02 3.910e+01
s>        ( - -1.040e+03 1 0)
s>        ( QUESTION0_1_R 1 -6.549e+03 1.231e+02 3.310e+01
s>            ( - -3.149e+03 1 0)
s>            ( - -3.277e+03 1 0)))INFO: dtree.c(1315): Comp split 42
INFO: dtree.c(1315): Comp split 43
INFO: dtree.c(1315): Comp split 44
INFO: dtree.c(1478): Final simple tree
|( QUESTION0_10_R 1 -2.303e+04 1.963e+02 1.133e+02
|    ( - -1.253e+04 7 0)
|    ( QUESTION0_3_R 1 -1.031e+04 1.919e+02 5.100e+01
|        ( - -2.494e+02 1 0)
|        ( QUESTION0_8_R 1 -9.864e+03 1.769e+02 4.900e+01
|            ( - -2.898e+02 2 0)
|            ( QUESTION0_20_R 1 -9.397e+03 1.709e+02 4.700e+01
|                ( - -4.513e+02 1 0)
|                ( SILENCE 1 -8.775e+03 1.525e+02 4.400e+01
|                    ( - -3.049e+03 1 0)
|                    ( QUESTION0_15_R 1 -5.574e+03 1.086e+02 2.800e+01
|                        ( - -1.783e+03 3 0)
|                        ( QUESTION0_1_R 1 -3.682e+03 9.411e+01 1.900e+01
|                            ( - -1.931e+03 2 0)
|                            ( - -1.657e+03 2 0))))))))
s>    ( QUESTION0_10_R 1 -2.303e+04 1.963e+02 1.133e+02
s>        ( - -1.253e+04 7 0)
s>        ( QUESTION0_3_R 1 -1.031e+04 1.919e+02 5.100e+01
s>            ( - -2.494e+02 1 0)
s>            ( QUESTION0_8_R 1 -9.864e+03 1.769e+02 4.900e+01
s>                ( - -2.898e+02 2 0)
s>                ( QUESTION0_20_R 1 -9.397e+03 1.709e+02 4.700e+01
s>                    ( - -4.513e+02 1 0)
s>                    ( SILENCE 1 -8.775e+03 1.525e+02 4.400e+01
s>                        ( - -3.049e+03 1 0)
s>                        ( QUESTION0_15_R 1 -5.574e+03 1.086e+02 2.800e+01
s>                            ( - -1.783e+03 3 0)
s>                            ( QUESTION0_1_R 1 -3.682e+03 9.411e+01 1.900e+01
s>                                ( - -1.931e+03 2 0)
s>                                ( - -1.657e+03 2 0))))))))INFO: dtree.c(1315): Comp split 45
INFO: dtree.c(1439): stop. leaf nodes are specific
INFO: dtree.c(1478): Final simple tree
|( QUESTION0_1_R 1 -3.168e+04 1.541e+02 1.494e+02
|    ( - -1.124e+03 1 0)
|    ( - -3.040e+04 5 0))
s>    ( QUESTION0_1_R 1 -3.168e+04 1.541e+02 1.494e+02
s>        ( - -1.124e+03 1 0)
s>        ( - -3.040e+04 5 0))INFO: dtree.c(1315): Comp split 46
INFO: dtree.c(1439): stop. leaf nodes are specific
INFO: dtree.c(1478): Final simple tree
|( QUESTION0 1 -2.258e+04 2.028e+02 1.112e+02
|    ( - -1.833e+04 2 0)
|    ( - -4.050e+03 1 0))
s>    ( QUESTION0 1 -2.258e+04 2.028e+02 1.112e+02
s>        ( - -1.833e+04 2 0)
s>        ( - -4.050e+03 1 0))INFO: dtree.c(1439): stop. leaf nodes are specific
INFO: dtree.c(1478): Final simple tree
|( QUESTION0 1 -1.482e+04 1.622e+02 7.078e+01
|    ( WDBNDRY_B 0 -4.066e+03 9.534e+01 2.000e+01
|        ( - -1.749e+03 1 0)
|        ( - -2.222e+03 2 0))
|    ( - -1.059e+04 1 0))
s>    ( QUESTION0 1 -1.482e+04 1.622e+02 7.078e+01
s>        ( WDBNDRY_B 0 -4.066e+03 9.534e+01 2.000e+01
s>            ( - -1.749e+03 1 0)
s>            ( - -2.222e+03 2 0))
s>        ( - -1.059e+04 1 0))INFO: dtree.c(1315): Comp split 47
INFO: dtree.c(1439): stop. leaf nodes are specific
INFO: dtree.c(1478): Final simple tree
|( QUESTION0_0_R 1 -1.476e+05 1.025e+02 6.699e+02
|    ( - -5.846e+02 1 0)
|    ( - -1.469e+05 2 0))
s>    ( QUESTION0_0_R 1 -1.476e+05 1.025e+02 6.699e+02
s>        ( - -5.846e+02 1 0)
s>        ( - -1.469e+05 2 0))INFO: dtree.c(1315): Comp split 48
INFO: dtree.c(1439): stop. leaf nodes are specific
INFO: dtree.c(1478): Final simple tree
|( QUESTION0_8_R 1 -6.653e+03 1.670e+02 3.300e+01
|    ( - -2.898e+02 2 0)
|    ( QUESTION0_0_R 1 -6.196e+03 1.715e+02 3.100e+01
|        ( QUESTION0_15_R 1 -5.574e+03 1.086e+02 2.800e+01
|            ( - -1.783e+03 3 0)
|            ( QUESTION0_1_R 1 -3.682e+03 9.411e+01 1.900e+01
|                ( - -1.931e+03 2 0)
|                ( - -1.657e+03 2 0)))
|        ( - -4.513e+02 1 0)))
s>    ( QUESTION0_8_R 1 -6.653e+03 1.670e+02 3.300e+01
s>        ( - -2.898e+02 2 0)
s>        ( QUESTION0_0_R 1 -6.196e+03 1.715e+02 3.100e+01
s>            ( QUESTION0_15_R 1 -5.574e+03 1.086e+02 2.800e+01
s>                ( - -1.783e+03 3 0)
s>                ( QUESTION0_1_R 1 -3.682e+03 9.411e+01 1.900e+01
s>                    ( - -1.931e+03 2 0)
s>                    ( - -1.657e+03 2 0)))
s>            ( - -4.513e+02 1 0)))INFO: dtree.c(1439): stop. leaf nodes are specific
INFO: dtree.c(1478): Final simple tree
|( QUESTION0_1_R 1 -1.617e+04 1.909e+02 8.029e+01
|    ( - -2.494e+02 1 0)
|    ( SILENCE 1 -1.573e+04 1.529e+02 7.829e+01
|        ( - -3.049e+03 1 0)
|        ( - -1.253e+04 7 0)))
s>    ( QUESTION0_1_R 1 -1.617e+04 1.909e+02 8.029e+01
s>        ( - -2.494e+02 1 0)
s>        ( SILENCE 1 -1.573e+04 1.529e+02 7.829e+01
s>            ( - -3.049e+03 1 0)
s>            ( - -1.253e+04 7 0)))INFO: dtree.c(1315): Comp split 49
INFO: dtree.c(1439): stop. leaf nodes are specific
INFO: dtree.c(1478): Final simple tree
|( QUESTION0_0_R 1 -4.239e+04 1.271e+02 2.063e+02
|    ( - -4.874e+03 1 0)
|    ( - -3.739e+04 5 0))
s>    ( QUESTION0_0_R 1 -4.239e+04 1.271e+02 2.063e+02
s>        ( - -4.874e+03 1 0)
s>        ( - -3.739e+04 5 0))INFO: dtree.c(1315): Comp split 50
INFO: dtree.c(1439): stop. leaf nodes are specific
INFO: dtree.c(1478): Final simple tree
|( QUESTION0_0_R 1 -2.635e+04 9.073e+01 1.255e+02
|    ( - -1.359e+03 1 0)
|    ( - -2.490e+04 3 0))
s>    ( QUESTION0_0_R 1 -2.635e+04 9.073e+01 1.255e+02
s>        ( - -1.359e+03 1 0)
s>        ( - -2.490e+04 3 0))INFO: dtree.c(1315): Comp split 51
INFO: dtree.c(1315): Comp split 52
INFO: dtree.c(1315): Comp split 53
INFO: dtree.c(1439): stop. leaf nodes are specific
INFO: dtree.c(1478): Final simple tree
|( SILENCE 1 -1.573e+04 1.529e+02 7.829e+01
|    ( - -3.049e+03 1 0)
|    ( - -1.253e+04 7 0))
s>    ( SILENCE 1 -1.573e+04 1.529e+02 7.829e+01
s>        ( - -3.049e+03 1 0)
s>        ( - -1.253e+04 7 0))INFO: dtree.c(1315): Comp split 54
INFO: dtree.c(1439): stop. leaf nodes are specific
INFO: dtree.c(1478): Final simple tree
|( QUESTION0_0_R 1 -2.194e+06 1.480e+02 1.037e+04
|    ( - -9.720e+02 2 0)
|    ( - -2.193e+06 10 0))
s>    ( QUESTION0_0_R 1 -2.194e+06 1.480e+02 1.037e+04
s>        ( - -9.720e+02 2 0)
s>        ( - -2.193e+06 10 0))INFO: dtree.c(1315): Comp split 55
INFO: dtree.c(1315): Comp split 56
INFO: dtree.c(1315): Comp split 57
INFO: dtree.c(1439): stop. leaf nodes are specific
INFO: dtree.c(1478): Final simple tree
|( QUESTION0_0_R 1 -6.196e+03 1.715e+02 3.100e+01
|    ( QUESTION0_15_R 1 -5.574e+03 1.086e+02 2.800e+01
|        ( - -1.783e+03 3 0)
|        ( QUESTION0_1_R 1 -3.682e+03 9.411e+01 1.900e+01
|            ( - -1.931e+03 2 0)
|            ( - -1.657e+03 2 0)))
|    ( - -4.513e+02 1 0))
s>    ( QUESTION0_0_R 1 -6.196e+03 1.715e+02 3.100e+01
s>        ( QUESTION0_15_R 1 -5.574e+03 1.086e+02 2.800e+01
s>            ( - -1.783e+03 3 0)
s>            ( QUESTION0_1_R 1 -3.682e+03 9.411e+01 1.900e+01
s>                ( - -1.931e+03 2 0)
s>                ( - -1.657e+03 2 0)))
s>        ( - -4.513e+02 1 0))INFO: dtree.c(1315): Comp split 58
INFO: dtree.c(1439): stop. leaf nodes are specific
INFO: dtree.c(1478): Final simple tree
|( QUESTION0_15_R 1 -5.574e+03 1.086e+02 2.800e+01
|    ( - -1.783e+03 3 0)
|    ( QUESTION0_1_R 1 -3.682e+03 9.411e+01 1.900e+01
|        ( - -1.931e+03 2 0)
|        ( - -1.657e+03 2 0)))
s>    ( QUESTION0_15_R 1 -5.574e+03 1.086e+02 2.800e+01
s>        ( - -1.783e+03 3 0)
s>        ( QUESTION0_1_R 1 -3.682e+03 9.411e+01 1.900e+01
s>            ( - -1.931e+03 2 0)
s>            ( - -1.657e+03 2 0)))INFO: dtree.c(1315): Comp split 59
INFO: dtree.c(1439): stop. leaf nodes are specific
INFO: dtree.c(1478): Final simple tree
|( WDBNDRY_B 0 -4.066e+03 9.534e+01 2.000e+01
|    ( - -1.749e+03 1 0)
|    ( - -2.222e+03 2 0))
s>    ( WDBNDRY_B 0 -4.066e+03 9.534e+01 2.000e+01
s>        ( - -1.749e+03 1 0)
s>        ( - -2.222e+03 2 0))INFO: dtree.c(1315): Comp split 60
INFO: dtree.c(1439): stop. leaf nodes are specific
INFO: dtree.c(1478): Final simple tree
|( QUESTION0_0_R 1 -9.412e+03 1.544e+02 4.606e+01
|    ( - -2.010e+03 1 0)
|    ( - -7.248e+03 1 0))
s>    ( QUESTION0_0_R 1 -9.412e+03 1.544e+02 4.606e+01
s>        ( - -2.010e+03 1 0)
s>        ( - -7.248e+03 1 0))INFO: dtree.c(1315): Comp split 61
INFO: dtree.c(1315): Comp split 62
INFO: dtree.c(1315): Comp split 63
INFO: dtree.c(1315): Comp split 64
INFO: dtree.c(1315): Comp split 65
INFO: dtree.c(1315): Comp split 66
INFO: dtree.c(1315): Comp split 67
INFO: dtree.c(1439): stop. leaf nodes are specific
INFO: dtree.c(1478): Final simple tree
|( QUESTION0_1_R 1 -9.697e+03 1.266e+02 4.724e+01
|    ( - -5.976e+03 1 0)
|    ( - -3.595e+03 2 0))
s>    ( QUESTION0_1_R 1 -9.697e+03 1.266e+02 4.724e+01
s>        ( - -5.976e+03 1 0)
s>        ( - -3.595e+03 2 0))INFO: dtree.c(1439): stop. leaf nodes are specific
INFO: dtree.c(1478): Final simple tree
|( QUESTION0_0_R 1 -2.139e+03 8.969e+01 1.100e+01
|    ( - -1.531e+03 1 0)
|    ( - -5.189e+02 1 0))
s>    ( QUESTION0_0_R 1 -2.139e+03 8.969e+01 1.100e+01
s>        ( - -1.531e+03 1 0)
s>        ( - -5.189e+02 1 0))INFO: dtree.c(1315): Comp split 68
INFO: dtree.c(1439): stop. leaf nodes are specific
INFO: dtree.c(1478): Final simple tree
|( QUESTION0_1_R 1 -6.549e+03 1.231e+02 3.310e+01
|    ( - -3.149e+03 1 0)
|    ( - -3.277e+03 1 0))
s>    ( QUESTION0_1_R 1 -6.549e+03 1.231e+02 3.310e+01
s>        ( - -3.149e+03 1 0)
s>        ( - -3.277e+03 1 0))INFO: dtree.c(1315): Comp split 69
INFO: dtree.c(1315): Comp split 70
INFO: dtree.c(1315): Comp split 71
INFO: dtree.c(1315): Comp split 72
INFO: dtree.c(1315): Comp split 73
INFO: dtree.c(1315): Comp split 74
INFO: dtree.c(1315): Comp split 75
INFO: dtree.c(1315): Comp split 76
INFO: dtree.c(1315): Comp split 77
INFO: dtree.c(1315): Comp split 78
INFO: dtree.c(1315): Comp split 79
INFO: dtree.c(1439): stop. leaf nodes are specific
INFO: dtree.c(1478): Final simple tree
|( QUESTION0_1_R 1 -3.682e+03 9.411e+01 1.900e+01
|    ( - -1.931e+03 2 0)
|    ( - -1.657e+03 2 0))
s>    ( QUESTION0_1_R 1 -3.682e+03 9.411e+01 1.900e+01
s>        ( - -1.931e+03 2 0)
s>        ( - -1.657e+03 2 0))INFO: dtree.c(1315): Comp split 80
INFO: dtree.c(1315): Comp split 81
INFO: dtree.c(1315): Comp split 82
INFO: dtree.c(1315): Comp split 83
INFO: dtree.c(1315): Comp split 84
INFO: dtree.c(1315): Comp split 85
INFO: dtree.c(1318): stop. leaf nodes are specific
Mon Apr 24 17:47:56 2023
