Current configuration:
[NAME]		[DEFLT]	[VALUE]
-allphones	no	no
-cntthresh	0.00001	1.000000e-05
-csplitmax	100	2000
-csplitmin	1	1
-csplitthr	8e-4	0.000000e+00
-example	no	no
-fullvar	no	no
-help		no	no
-meanfn			/home/lucija/Documents/Zadnji semestar/ROGJ/Prezentacije/CMUspinx/tutorial15/model_parameters/my_db.cd_cont_untied/means
-mixwfn			/home/lucija/Documents/Zadnji semestar/ROGJ/Prezentacije/CMUspinx/tutorial15/model_parameters/my_db.cd_cont_untied/mixture_weights
-moddeffn		/home/lucija/Documents/Zadnji semestar/ROGJ/Prezentacije/CMUspinx/tutorial15/model_architecture/my_db.untied.mdef
-mwfloor	1e-4	1.000000e-08
-phone			š
-psetfn			/home/lucija/Documents/Zadnji semestar/ROGJ/Prezentacije/CMUspinx/tutorial15/model_architecture/my_db.tree_questions
-ssplitmax	5	7
-ssplitmin	1	1
-ssplitthr	8e-4	0.000000e+00
-state			2
-stwt			1.0,0.05,0.0,
-treefn			/home/lucija/Documents/Zadnji semestar/ROGJ/Prezentacije/CMUspinx/tutorial15/trees/my_db.unpruned/š-2.dtree
-ts2cbfn	.semi.	.cont.
-varfloor	0.00001	1.000000e-05
-varfn			/home/lucija/Documents/Zadnji semestar/ROGJ/Prezentacije/CMUspinx/tutorial15/model_parameters/my_db.cd_cont_untied/variances

INFO: main.c(223): Reading: /home/lucija/Documents/Zadnji semestar/ROGJ/Prezentacije/CMUspinx/tutorial15/model_architecture/my_db.untied.mdef
INFO: model_def_io.c(573): Model definition info:
INFO: model_def_io.c(574): 12056 total models defined (32 base, 12024 tri)
INFO: model_def_io.c(575): 48224 total states
INFO: model_def_io.c(576): 36168 total tied states
INFO: model_def_io.c(577): 96 total tied CI states
INFO: model_def_io.c(578): 32 total tied transition matrices
INFO: model_def_io.c(579): 4 max state/model
INFO: model_def_io.c(580): 4 min state/model
INFO: main.c(242): Building trees for [š NOISE e b] through [š ć e b]
INFO: main.c(268): Covering states |[35271 35873]| == 603
INFO: main.c(275): Reading: /home/lucija/Documents/Zadnji semestar/ROGJ/Prezentacije/CMUspinx/tutorial15/model_parameters/my_db.cd_cont_untied/mixture_weights
INFO: s3mixw_io.c(172): Read /home/lucija/Documents/Zadnji semestar/ROGJ/Prezentacije/CMUspinx/tutorial15/model_parameters/my_db.cd_cont_untied/mixture_weights [603x1x1 array]
INFO: main.c(311): 201 of 201 models have observation count greater than 0.000010
INFO: main.c(95): nrm stwt: 0.000 0.048 0.952 
INFO: s3gau_io.c(168): Read /home/lucija/Documents/Zadnji semestar/ROGJ/Prezentacije/CMUspinx/tutorial15/model_parameters/my_db.cd_cont_untied/means [36168x1x1 array]
INFO: s3gau_io.c(168): Read /home/lucija/Documents/Zadnji semestar/ROGJ/Prezentacije/CMUspinx/tutorial15/model_parameters/my_db.cd_cont_untied/variances [36168x1x1 array]
INFO: main.c(549): Reading: /home/lucija/Documents/Zadnji semestar/ROGJ/Prezentacije/CMUspinx/tutorial15/model_architecture/my_db.tree_questions
INFO: main.c(587): 176 total simple questions (168 phone; 8 word bndry)
INFO: main.c(589): 42 Left Only questions, and 42 Right Only questions
INFO: dtree.c(1478): Final simple tree
|( QUESTION0_20_R 1 -3.250e+06 4.214e+04 1.390e+04
|    ( WDBNDRY_B 0 -1.922e+06 6.020e+03 8.261e+03
|        ( - -6.564e+05 53 0 QUESTION0 -1 4.590e+02 2.857e+03)
|        ( QUESTION0 1 -1.260e+06 1.490e+03 5.404e+03
|            ( - -1.233e+06 47 0 WDBNDRY_E 0 1.101e+03 5.288e+03)
|            ( - -2.538e+04 5 0 WDBNDRY_E 0 1.510e+02 1.153e+02)))
|    ( QUESTION0_10_R 1 -1.286e+06 6.910e+03 5.644e+03
|        ( WDBNDRY_I 0 -8.099e+05 1.399e+03 3.599e+03
|            ( - -6.940e+05 12 0 QUESTION4 -1 2.985e+02 3.089e+03)
|            ( - -1.146e+05 29 0 WDBNDRY_B 0 5.445e+02 5.103e+02))
|        ( QUESTION0_18_R 1 -4.689e+05 2.646e+03 2.045e+03
|            ( - -2.870e+05 6 0)
|            ( QUESTION0_3_R 1 -1.792e+05 2.010e+03 7.771e+02
|                ( - -4.923e+04 6 0 QUESTION0 -1 1.389e+02 2.290e+02)
|                ( - -1.280e+05 43 0 QUESTION19 1 7.586e+02 5.481e+02)))))
s>    ( QUESTION0_20_R 1 -3.250e+06 4.214e+04 1.390e+04
s>        ( WDBNDRY_B 0 -1.922e+06 6.020e+03 8.261e+03
s>            ( - -6.564e+05 53 0 QUESTION0 -1 4.590e+02 2.857e+03)
s>            ( QUESTION0 1 -1.260e+06 1.490e+03 5.404e+03
s>                ( - -1.233e+06 47 0 WDBNDRY_E 0 1.101e+03 5.288e+03)
s>                ( - -2.538e+04 5 0 WDBNDRY_E 0 1.510e+02 1.153e+02)))
s>        ( QUESTION0_10_R 1 -1.286e+06 6.910e+03 5.644e+03
s>            ( WDBNDRY_I 0 -8.099e+05 1.399e+03 3.599e+03
s>                ( - -6.940e+05 12 0 QUESTION4 -1 2.985e+02 3.089e+03)
s>                ( - -1.146e+05 29 0 WDBNDRY_B 0 5.445e+02 5.103e+02))
s>            ( QUESTION0_18_R 1 -4.689e+05 2.646e+03 2.045e+03
s>                ( - -2.870e+05 6 0)
s>                ( QUESTION0_3_R 1 -1.792e+05 2.010e+03 7.771e+02
s>                    ( - -4.923e+04 6 0 QUESTION0 -1 1.389e+02 2.290e+02)
s>                    ( - -1.280e+05 43 0 QUESTION19 1 7.586e+02 5.481e+02)))))INFO: dtree.c(1315): Comp split 0
INFO: dtree.c(1478): Final simple tree
|( QUESTION0_10_R 1 -1.312e+06 6.952e+03 5.759e+03
|    ( WDBNDRY_I 0 -8.099e+05 1.399e+03 3.599e+03
|        ( - -6.940e+05 12 0 QUESTION4 -1 2.985e+02 3.089e+03)
|        ( WDBNDRY_B 0 -1.146e+05 5.445e+02 5.103e+02
|            ( - -6.809e+04 23 0 SILENCE -1 2.003e+02 3.049e+02)
|            ( - -4.594e+04 6 0)))
|    ( QUESTION0_18_R 1 -4.951e+05 2.789e+03 2.160e+03
|        ( - -2.870e+05 6 0)
|        ( QUESTION0_3_R 1 -2.054e+05 2.089e+03 8.924e+02
|            ( - -4.923e+04 6 0 QUESTION0 -1 1.389e+02 2.290e+02)
|            ( QUESTION19 1 -1.540e+05 7.816e+02 6.634e+02
|                ( - -1.132e+04 2 0)
|                ( QUESTION0_20_R 1 -1.419e+05 6.211e+02 6.131e+02
|                    ( - -2.538e+04 5 0 WDBNDRY_E 0 1.510e+02 1.153e+02)
|                    ( - -1.159e+05 41 0 SILENCE 1 4.861e+02 4.978e+02))))))
s>    ( QUESTION0_10_R 1 -1.312e+06 6.952e+03 5.759e+03
s>        ( WDBNDRY_I 0 -8.099e+05 1.399e+03 3.599e+03
s>            ( - -6.940e+05 12 0 QUESTION4 -1 2.985e+02 3.089e+03)
s>            ( WDBNDRY_B 0 -1.146e+05 5.445e+02 5.103e+02
s>                ( - -6.809e+04 23 0 SILENCE -1 2.003e+02 3.049e+02)
s>                ( - -4.594e+04 6 0)))
s>        ( QUESTION0_18_R 1 -4.951e+05 2.789e+03 2.160e+03
s>            ( - -2.870e+05 6 0)
s>            ( QUESTION0_3_R 1 -2.054e+05 2.089e+03 8.924e+02
s>                ( - -4.923e+04 6 0 QUESTION0 -1 1.389e+02 2.290e+02)
s>                ( QUESTION19 1 -1.540e+05 7.816e+02 6.634e+02
s>                    ( - -1.132e+04 2 0)
s>                    ( QUESTION0_20_R 1 -1.419e+05 6.211e+02 6.131e+02
s>                        ( - -2.538e+04 5 0 WDBNDRY_E 0 1.510e+02 1.153e+02)
s>                        ( - -1.159e+05 41 0 SILENCE 1 4.861e+02 4.978e+02))))))INFO: dtree.c(1478): Final simple tree
|( WDBNDRY_B 0 -1.895e+06 5.899e+03 8.146e+03
|    ( QUESTION0 -1 -6.564e+05 4.590e+02 2.857e+03
|        ( - -3.798e+05 25 0 QUESTION2_0_L -1 1.994e+02 1.643e+03)
|        ( QUESTION2_1_L -1 -2.761e+05 2.782e+02 1.214e+03
|            ( QUESTION5 -1 -2.562e+05 2.660e+02 1.128e+03
|                ( - -5.295e+04 4 0 QUESTION6 -1 1.439e+02 2.334e+02)
|                ( QUESTION11 -1 -2.030e+05 2.476e+02 8.949e+02
|                    ( - -9.180e+03 1 0)
|                    ( - -1.936e+05 18 0 QUESTION2_15_L -1 2.292e+02 8.533e+02)))
|            ( - -1.955e+04 5 0 SILENCE -1 1.627e+02 8.606e+01)))
|    ( WDBNDRY_E 0 -1.233e+06 1.101e+03 5.288e+03
|        ( - -3.092e+04 9 0)
|        ( QUESTION0 -1 -1.201e+06 6.519e+02 5.157e+03
|            ( - -1.133e+06 25 0 QUESTION2_0_L -1 2.420e+02 4.861e+03)
|            ( - -6.743e+04 13 0 QUESTION2_20_L -1 1.485e+02 2.965e+02))))
s>    ( WDBNDRY_B 0 -1.895e+06 5.899e+03 8.146e+03
s>        ( QUESTION0 -1 -6.564e+05 4.590e+02 2.857e+03
s>            ( - -3.798e+05 25 0 QUESTION2_0_L -1 1.994e+02 1.643e+03)
s>            ( QUESTION2_1_L -1 -2.761e+05 2.782e+02 1.214e+03
s>                ( QUESTION5 -1 -2.562e+05 2.660e+02 1.128e+03
s>                    ( - -5.295e+04 4 0 QUESTION6 -1 1.439e+02 2.334e+02)
s>                    ( QUESTION11 -1 -2.030e+05 2.476e+02 8.949e+02
s>                        ( - -9.180e+03 1 0)
s>                        ( - -1.936e+05 18 0 QUESTION2_15_L -1 2.292e+02 8.533e+02)))
s>                ( - -1.955e+04 5 0 SILENCE -1 1.627e+02 8.606e+01)))
s>        ( WDBNDRY_E 0 -1.233e+06 1.101e+03 5.288e+03
s>            ( - -3.092e+04 9 0)
s>            ( QUESTION0 -1 -1.201e+06 6.519e+02 5.157e+03
s>                ( - -1.133e+06 25 0 QUESTION2_0_L -1 2.420e+02 4.861e+03)
s>                ( - -6.743e+04 13 0 QUESTION2_20_L -1 1.485e+02 2.965e+02))))INFO: dtree.c(1315): Comp split 1
INFO: dtree.c(1478): Final simple tree
|( QUESTION0_18_R 1 -5.640e+05 2.833e+03 2.465e+03
|    ( - -2.870e+05 6 0)
|    ( QUESTION0_3_R 1 -2.742e+05 1.925e+03 1.197e+03
|        ( - -4.923e+04 6 0 QUESTION0 -1 1.389e+02 2.290e+02)
|        ( QUESTION0_10_R 1 -2.230e+05 8.803e+02 9.684e+02
|            ( - -6.809e+04 23 0 SILENCE -1 2.003e+02 3.049e+02)
|            ( QUESTION19 1 -1.540e+05 7.816e+02 6.634e+02
|                ( - -1.132e+04 2 0)
|                ( QUESTION0_20_R 1 -1.419e+05 6.211e+02 6.131e+02
|                    ( - -2.538e+04 5 0 WDBNDRY_E 0 1.510e+02 1.153e+02)
|                    ( SILENCE 1 -1.159e+05 4.861e+02 4.978e+02
|                        ( - -1.197e+04 6 0 QUESTION0 -1 1.431e+02 5.110e+01)
|                        ( QUESTION0_15_R 1 -1.035e+05 3.625e+02 4.467e+02
|                            ( - -7.789e+04 21 0 QUESTION0_16_R 1 2.754e+02 3.383e+02)
|                            ( - -2.522e+04 14 0 QUESTION6 1 2.688e+02 1.084e+02))))))))
s>    ( QUESTION0_18_R 1 -5.640e+05 2.833e+03 2.465e+03
s>        ( - -2.870e+05 6 0)
s>        ( QUESTION0_3_R 1 -2.742e+05 1.925e+03 1.197e+03
s>            ( - -4.923e+04 6 0 QUESTION0 -1 1.389e+02 2.290e+02)
s>            ( QUESTION0_10_R 1 -2.230e+05 8.803e+02 9.684e+02
s>                ( - -6.809e+04 23 0 SILENCE -1 2.003e+02 3.049e+02)
s>                ( QUESTION19 1 -1.540e+05 7.816e+02 6.634e+02
s>                    ( - -1.132e+04 2 0)
s>                    ( QUESTION0_20_R 1 -1.419e+05 6.211e+02 6.131e+02
s>                        ( - -2.538e+04 5 0 WDBNDRY_E 0 1.510e+02 1.153e+02)
s>                        ( SILENCE 1 -1.159e+05 4.861e+02 4.978e+02
s>                            ( - -1.197e+04 6 0 QUESTION0 -1 1.431e+02 5.110e+01)
s>                            ( QUESTION0_15_R 1 -1.035e+05 3.625e+02 4.467e+02
s>                                ( - -7.789e+04 21 0 QUESTION0_16_R 1 2.754e+02 3.383e+02)
s>                                ( - -2.522e+04 14 0 QUESTION6 1 2.688e+02 1.084e+02))))))))INFO: dtree.c(1439): stop. leaf nodes are specific
INFO: dtree.c(1478): Final simple tree
|( WDBNDRY_E 0 -7.410e+05 1.112e+03 3.294e+03
|    ( - -4.594e+04 6 0)
|    ( QUESTION4 -1 -6.940e+05 2.985e+02 3.089e+03
|        ( - -4.794e+03 1 0)
|        ( QUESTION0 -1 -6.889e+05 1.503e+02 3.066e+03
|            ( - -6.880e+05 10 0)
|            ( - -7.553e+02 1 0))))
s>    ( WDBNDRY_E 0 -7.410e+05 1.112e+03 3.294e+03
s>        ( - -4.594e+04 6 0)
s>        ( QUESTION4 -1 -6.940e+05 2.985e+02 3.089e+03
s>            ( - -4.794e+03 1 0)
s>            ( QUESTION0 -1 -6.889e+05 1.503e+02 3.066e+03
s>                ( - -6.880e+05 10 0)
s>                ( - -7.553e+02 1 0))))INFO: dtree.c(1315): Comp split 2
INFO: dtree.c(1478): Final simple tree
|( WDBNDRY_B 0 -7.244e+05 6.080e+02 3.154e+03
|    ( QUESTION0 -1 -6.564e+05 4.590e+02 2.857e+03
|        ( QUESTION2_0_L -1 -3.798e+05 1.994e+02 1.643e+03
|            ( - -3.783e+05 23 0 QUESTION0 1 1.958e+02 1.637e+03)
|            ( - -1.328e+03 2 0))
|        ( QUESTION2_1_L -1 -2.761e+05 2.782e+02 1.214e+03
|            ( QUESTION5 -1 -2.562e+05 2.660e+02 1.128e+03
|                ( - -5.295e+04 4 0 QUESTION6 -1 1.439e+02 2.334e+02)
|                ( QUESTION11 -1 -2.030e+05 2.476e+02 8.949e+02
|                    ( - -9.180e+03 1 0)
|                    ( QUESTION2_15_L -1 -1.936e+05 2.292e+02 8.533e+02
|                        ( - -1.080e+05 5 0 QUESTION2_20_L -1 1.643e+02 4.820e+02)
|                        ( - -8.536e+04 13 0 QUESTION2 -1 1.685e+02 3.713e+02))))
|            ( - -1.955e+04 5 0 SILENCE -1 1.627e+02 8.606e+01)))
|    ( - -6.743e+04 13 0 QUESTION2_20_L -1 1.485e+02 2.965e+02))
s>    ( WDBNDRY_B 0 -7.244e+05 6.080e+02 3.154e+03
s>        ( QUESTION0 -1 -6.564e+05 4.590e+02 2.857e+03
s>            ( QUESTION2_0_L -1 -3.798e+05 1.994e+02 1.643e+03
s>                ( - -3.783e+05 23 0 QUESTION0 1 1.958e+02 1.637e+03)
s>                ( - -1.328e+03 2 0))
s>            ( QUESTION2_1_L -1 -2.761e+05 2.782e+02 1.214e+03
s>                ( QUESTION5 -1 -2.562e+05 2.660e+02 1.128e+03
s>                    ( - -5.295e+04 4 0 QUESTION6 -1 1.439e+02 2.334e+02)
s>                    ( QUESTION11 -1 -2.030e+05 2.476e+02 8.949e+02
s>                        ( - -9.180e+03 1 0)
s>                        ( QUESTION2_15_L -1 -1.936e+05 2.292e+02 8.533e+02
s>                            ( - -1.080e+05 5 0 QUESTION2_20_L -1 1.643e+02 4.820e+02)
s>                            ( - -8.536e+04 13 0 QUESTION2 -1 1.685e+02 3.713e+02))))
s>                ( - -1.955e+04 5 0 SILENCE -1 1.627e+02 8.606e+01)))
s>        ( - -6.743e+04 13 0 QUESTION2_20_L -1 1.485e+02 2.965e+02))INFO: dtree.c(1439): stop. leaf nodes are specific
INFO: dtree.c(1478): Final simple tree
|( WDBNDRY_E 0 -1.165e+06 1.118e+03 4.992e+03
|    ( - -3.092e+04 9 0)
|    ( QUESTION2_0_L -1 -1.133e+06 2.420e+02 4.861e+03
|        ( - -1.116e+06 23 0)
|        ( - -1.656e+04 2 0)))
s>    ( WDBNDRY_E 0 -1.165e+06 1.118e+03 4.992e+03
s>        ( - -3.092e+04 9 0)
s>        ( QUESTION2_0_L -1 -1.133e+06 2.420e+02 4.861e+03
s>            ( - -1.116e+06 23 0)
s>            ( - -1.656e+04 2 0)))INFO: dtree.c(1315): Comp split 3
INFO: dtree.c(1478): Final simple tree
|( QUESTION0_10_R 1 -2.110e+05 9.581e+02 9.180e+02
|    ( - -6.809e+04 23 0 SILENCE -1 2.003e+02 3.049e+02)
|    ( QUESTION0_20_R 1 -1.419e+05 6.211e+02 6.131e+02
|        ( - -2.538e+04 5 0 WDBNDRY_E 0 1.510e+02 1.153e+02)
|        ( SILENCE 1 -1.159e+05 4.861e+02 4.978e+02
|            ( - -1.197e+04 6 0 QUESTION0 -1 1.431e+02 5.110e+01)
|            ( QUESTION0_15_R 1 -1.035e+05 3.625e+02 4.467e+02
|                ( QUESTION0_16_R 1 -7.789e+04 2.754e+02 3.383e+02
|                    ( - -6.596e+04 11 0 WDBNDRY_E 0 2.059e+02 2.880e+02)
|                    ( QUESTION3 -1 -1.166e+04 4.595e+02 5.027e+01
|                        ( - 1.956e+02 1 0)
|                        ( - -1.140e+04 9 0 WDBNDRY_E 0 1.708e+02 4.927e+01)))
|                ( QUESTION6 1 -2.522e+04 2.688e+02 1.084e+02
|                    ( - -3.240e+03 3 0)
|                    ( - -2.171e+04 11 0 QUESTION0_13_R 1 2.039e+02 9.339e+01))))))
s>    ( QUESTION0_10_R 1 -2.110e+05 9.581e+02 9.180e+02
s>        ( - -6.809e+04 23 0 SILENCE -1 2.003e+02 3.049e+02)
s>        ( QUESTION0_20_R 1 -1.419e+05 6.211e+02 6.131e+02
s>            ( - -2.538e+04 5 0 WDBNDRY_E 0 1.510e+02 1.153e+02)
s>            ( SILENCE 1 -1.159e+05 4.861e+02 4.978e+02
s>                ( - -1.197e+04 6 0 QUESTION0 -1 1.431e+02 5.110e+01)
s>                ( QUESTION0_15_R 1 -1.035e+05 3.625e+02 4.467e+02
s>                    ( QUESTION0_16_R 1 -7.789e+04 2.754e+02 3.383e+02
s>                        ( - -6.596e+04 11 0 WDBNDRY_E 0 2.059e+02 2.880e+02)
s>                        ( QUESTION3 -1 -1.166e+04 4.595e+02 5.027e+01
s>                            ( - 1.956e+02 1 0)
s>                            ( - -1.140e+04 9 0 WDBNDRY_E 0 1.708e+02 4.927e+01)))
s>                    ( QUESTION6 1 -2.522e+04 2.688e+02 1.084e+02
s>                        ( - -3.240e+03 3 0)
s>                        ( - -2.171e+04 11 0 QUESTION0_13_R 1 2.039e+02 9.339e+01))))))INFO: dtree.c(1439): stop. leaf nodes are specific
INFO: dtree.c(1478): Final simple tree
|( QUESTION0_3_R 1 -3.499e+05 1.731e+03 1.547e+03
|    ( QUESTION0 -1 -4.923e+04 1.389e+02 2.290e+02
|        ( WDBNDRY_E 0 -4.794e+04 1.215e+02 2.230e+02
|            ( - -9.683e+02 1 0)
|            ( - -4.685e+04 4 0))
|        ( - -1.150e+03 1 0))
|    ( WDBNDRY_E 0 -2.990e+05 6.878e+02 1.318e+03
|        ( - -1.132e+04 2 0)
|        ( - -2.870e+05 6 0)))
s>    ( QUESTION0_3_R 1 -3.499e+05 1.731e+03 1.547e+03
s>        ( QUESTION0 -1 -4.923e+04 1.389e+02 2.290e+02
s>            ( WDBNDRY_E 0 -4.794e+04 1.215e+02 2.230e+02
s>                ( - -9.683e+02 1 0)
s>                ( - -4.685e+04 4 0))
s>            ( - -1.150e+03 1 0))
s>        ( WDBNDRY_E 0 -2.990e+05 6.878e+02 1.318e+03
s>            ( - -1.132e+04 2 0)
s>            ( - -2.870e+05 6 0)))INFO: dtree.c(1315): Comp split 4
INFO: dtree.c(1439): stop. leaf nodes are specific
INFO: dtree.c(1478): Final simple tree
|( QUESTION0 -1 -4.923e+04 1.389e+02 2.290e+02
|    ( WDBNDRY_E 0 -4.794e+04 1.215e+02 2.230e+02
|        ( - -9.683e+02 1 0)
|        ( - -4.685e+04 4 0))
|    ( - -1.150e+03 1 0))
s>    ( QUESTION0 -1 -4.923e+04 1.389e+02 2.290e+02
s>        ( WDBNDRY_E 0 -4.794e+04 1.215e+02 2.230e+02
s>            ( - -9.683e+02 1 0)
s>            ( - -4.685e+04 4 0))
s>        ( - -1.150e+03 1 0))INFO: dtree.c(1439): stop. leaf nodes are specific
INFO: dtree.c(1478): Final simple tree
|( WDBNDRY_E 0 -2.990e+05 6.878e+02 1.318e+03
|    ( - -1.132e+04 2 0)
|    ( - -2.870e+05 6 0))
s>    ( WDBNDRY_E 0 -2.990e+05 6.878e+02 1.318e+03
s>        ( - -1.132e+04 2 0)
s>        ( - -2.870e+05 6 0))INFO: dtree.c(1315): Comp split 5
INFO: dtree.c(1439): stop. leaf nodes are specific
INFO: dtree.c(1478): Final simple tree
|( QUESTION0 -1 -6.931e+05 2.984e+02 3.085e+03
|    ( - -6.880e+05 10 0)
|    ( - -4.794e+03 1 0))
s>    ( QUESTION0 -1 -6.931e+05 2.984e+02 3.085e+03
s>        ( - -6.880e+05 10 0)
s>        ( - -4.794e+03 1 0))INFO: dtree.c(1439): stop. leaf nodes are specific
INFO: dtree.c(1478): Final simple tree
|( WDBNDRY_E 0 -4.683e+04 1.378e+02 2.093e+02
|    ( - -4.594e+04 6 0)
|    ( - -7.553e+02 1 0))
s>    ( WDBNDRY_E 0 -4.683e+04 1.378e+02 2.093e+02
s>        ( - -4.594e+04 6 0)
s>        ( - -7.553e+02 1 0))INFO: dtree.c(1315): Comp split 6
INFO: dtree.c(1439): stop. leaf nodes are specific
INFO: dtree.c(1478): Final simple tree
|( QUESTION2_0_L -1 -1.133e+06 2.420e+02 4.861e+03
|    ( - -1.116e+06 23 0)
|    ( - -1.656e+04 2 0))
s>    ( QUESTION2_0_L -1 -1.133e+06 2.420e+02 4.861e+03
s>        ( - -1.116e+06 23 0)
s>        ( - -1.656e+04 2 0))INFO: dtree.c(1315): Comp split 7
INFO: dtree.c(1478): Final simple tree
|( QUESTION0_20_R 1 -1.419e+05 6.211e+02 6.131e+02
|    ( - -2.538e+04 5 0 WDBNDRY_E 0 1.510e+02 1.153e+02)
|    ( SILENCE 1 -1.159e+05 4.861e+02 4.978e+02
|        ( - -1.197e+04 6 0 QUESTION0 -1 1.431e+02 5.110e+01)
|        ( QUESTION0_15_R 1 -1.035e+05 3.625e+02 4.467e+02
|            ( QUESTION0_16_R 1 -7.789e+04 2.754e+02 3.383e+02
|                ( WDBNDRY_E 0 -6.596e+04 2.059e+02 2.880e+02
|                    ( - -4.396e+04 4 0)
|                    ( - -2.179e+04 7 0 QUESTION0 -1 1.517e+02 9.554e+01))
|                ( QUESTION3 -1 -1.166e+04 4.595e+02 5.027e+01
|                    ( - 1.956e+02 1 0)
|                    ( - -1.140e+04 9 0 WDBNDRY_E 0 1.708e+02 4.927e+01)))
|            ( QUESTION6 1 -2.522e+04 2.688e+02 1.084e+02
|                ( - -3.240e+03 3 0)
|                ( - -2.171e+04 11 0 QUESTION0_13_R 1 2.039e+02 9.339e+01)))))
s>    ( QUESTION0_20_R 1 -1.419e+05 6.211e+02 6.131e+02
s>        ( - -2.538e+04 5 0 WDBNDRY_E 0 1.510e+02 1.153e+02)
s>        ( SILENCE 1 -1.159e+05 4.861e+02 4.978e+02
s>            ( - -1.197e+04 6 0 QUESTION0 -1 1.431e+02 5.110e+01)
s>            ( QUESTION0_15_R 1 -1.035e+05 3.625e+02 4.467e+02
s>                ( QUESTION0_16_R 1 -7.789e+04 2.754e+02 3.383e+02
s>                    ( WDBNDRY_E 0 -6.596e+04 2.059e+02 2.880e+02
s>                        ( - -4.396e+04 4 0)
s>                        ( - -2.179e+04 7 0 QUESTION0 -1 1.517e+02 9.554e+01))
s>                    ( QUESTION3 -1 -1.166e+04 4.595e+02 5.027e+01
s>                        ( - 1.956e+02 1 0)
s>                        ( - -1.140e+04 9 0 WDBNDRY_E 0 1.708e+02 4.927e+01)))
s>                ( QUESTION6 1 -2.522e+04 2.688e+02 1.084e+02
s>                    ( - -3.240e+03 3 0)
s>                    ( - -2.171e+04 11 0 QUESTION0_13_R 1 2.039e+02 9.339e+01)))))INFO: dtree.c(1439): stop. leaf nodes are specific
INFO: dtree.c(1478): Final simple tree
|( SILENCE -1 -6.809e+04 2.003e+02 3.049e+02
|    ( - -9.073e+03 3 0)
|    ( QUESTION9 -1 -5.882e+04 1.864e+02 2.637e+02
|        ( - -3.115e+03 3 0)
|        ( QUESTION17 -1 -5.552e+04 1.725e+02 2.487e+02
|            ( - -4.952e+02 1 0)
|            ( QUESTION2 -1 -5.485e+04 1.415e+02 2.457e+02
|                ( - -1.549e+04 5 0)
|                ( QUESTION0 -1 -3.922e+04 1.090e+02 1.751e+02
|                    ( - -3.809e+04 10 0)
|                    ( - -1.016e+03 1 0))))))
s>    ( SILENCE -1 -6.809e+04 2.003e+02 3.049e+02
s>        ( - -9.073e+03 3 0)
s>        ( QUESTION9 -1 -5.882e+04 1.864e+02 2.637e+02
s>            ( - -3.115e+03 3 0)
s>            ( QUESTION17 -1 -5.552e+04 1.725e+02 2.487e+02
s>                ( - -4.952e+02 1 0)
s>                ( QUESTION2 -1 -5.485e+04 1.415e+02 2.457e+02
s>                    ( - -1.549e+04 5 0)
s>                    ( QUESTION0 -1 -3.922e+04 1.090e+02 1.751e+02
s>                        ( - -3.809e+04 10 0)
s>                        ( - -1.016e+03 1 0))))))INFO: dtree.c(1315): Comp split 8
INFO: dtree.c(1315): Comp split 9
INFO: dtree.c(1478): Final simple tree
|( SILENCE 1 -1.159e+05 4.861e+02 4.978e+02
|    ( - -1.197e+04 6 0 QUESTION0 -1 1.431e+02 5.110e+01)
|    ( QUESTION0_15_R 1 -1.035e+05 3.625e+02 4.467e+02
|        ( QUESTION0_16_R 1 -7.789e+04 2.754e+02 3.383e+02
|            ( WDBNDRY_E 0 -6.596e+04 2.059e+02 2.880e+02
|                ( - -4.396e+04 4 0)
|                ( - -2.179e+04 7 0 QUESTION0 -1 1.517e+02 9.554e+01))
|            ( QUESTION3 -1 -1.166e+04 4.595e+02 5.027e+01
|                ( - 1.956e+02 1 0)
|                ( - -1.140e+04 9 0 WDBNDRY_E 0 1.708e+02 4.927e+01)))
|        ( QUESTION6 1 -2.522e+04 2.688e+02 1.084e+02
|            ( - -3.240e+03 3 0)
|            ( QUESTION0_13_R 1 -2.171e+04 2.039e+02 9.339e+01
|                ( - -1.311e+03 1 0)
|                ( - -2.019e+04 10 0 QUESTION0_8_R 1 1.930e+02 8.739e+01)))))
s>    ( SILENCE 1 -1.159e+05 4.861e+02 4.978e+02
s>        ( - -1.197e+04 6 0 QUESTION0 -1 1.431e+02 5.110e+01)
s>        ( QUESTION0_15_R 1 -1.035e+05 3.625e+02 4.467e+02
s>            ( QUESTION0_16_R 1 -7.789e+04 2.754e+02 3.383e+02
s>                ( WDBNDRY_E 0 -6.596e+04 2.059e+02 2.880e+02
s>                    ( - -4.396e+04 4 0)
s>                    ( - -2.179e+04 7 0 QUESTION0 -1 1.517e+02 9.554e+01))
s>                ( QUESTION3 -1 -1.166e+04 4.595e+02 5.027e+01
s>                    ( - 1.956e+02 1 0)
s>                    ( - -1.140e+04 9 0 WDBNDRY_E 0 1.708e+02 4.927e+01)))
s>            ( QUESTION6 1 -2.522e+04 2.688e+02 1.084e+02
s>                ( - -3.240e+03 3 0)
s>                ( QUESTION0_13_R 1 -2.171e+04 2.039e+02 9.339e+01
s>                    ( - -1.311e+03 1 0)
s>                    ( - -2.019e+04 10 0 QUESTION0_8_R 1 1.930e+02 8.739e+01)))))INFO: dtree.c(1439): stop. leaf nodes are specific
INFO: dtree.c(1478): Final simple tree
|( WDBNDRY_E 0 -2.538e+04 1.510e+02 1.153e+02
|    ( - -5.354e+02 1 0)
|    ( - -2.469e+04 4 0))
s>    ( WDBNDRY_E 0 -2.538e+04 1.510e+02 1.153e+02
s>        ( - -5.354e+02 1 0)
s>        ( - -2.469e+04 4 0))INFO: dtree.c(1315): Comp split 10
INFO: dtree.c(1478): Final simple tree
|( QUESTION0 -1 -6.564e+05 4.590e+02 2.857e+03
|    ( QUESTION2_0_L -1 -3.798e+05 1.994e+02 1.643e+03
|        ( QUESTION0 1 -3.783e+05 1.958e+02 1.637e+03
|            ( - -3.751e+05 19 0)
|            ( - -3.031e+03 4 0))
|        ( - -1.328e+03 2 0))
|    ( QUESTION2_1_L -1 -2.761e+05 2.782e+02 1.214e+03
|        ( QUESTION5 -1 -2.562e+05 2.660e+02 1.128e+03
|            ( - -5.295e+04 4 0 QUESTION6 -1 1.439e+02 2.334e+02)
|            ( QUESTION11 -1 -2.030e+05 2.476e+02 8.949e+02
|                ( - -9.180e+03 1 0)
|                ( QUESTION2_15_L -1 -1.936e+05 2.292e+02 8.533e+02
|                    ( - -1.080e+05 5 0 QUESTION2_20_L -1 1.643e+02 4.820e+02)
|                    ( - -8.536e+04 13 0 QUESTION2 -1 1.685e+02 3.713e+02))))
|        ( - -1.955e+04 5 0 SILENCE -1 1.627e+02 8.606e+01)))
s>    ( QUESTION0 -1 -6.564e+05 4.590e+02 2.857e+03
s>        ( QUESTION2_0_L -1 -3.798e+05 1.994e+02 1.643e+03
s>            ( QUESTION0 1 -3.783e+05 1.958e+02 1.637e+03
s>                ( - -3.751e+05 19 0)
s>                ( - -3.031e+03 4 0))
s>            ( - -1.328e+03 2 0))
s>        ( QUESTION2_1_L -1 -2.761e+05 2.782e+02 1.214e+03
s>            ( QUESTION5 -1 -2.562e+05 2.660e+02 1.128e+03
s>                ( - -5.295e+04 4 0 QUESTION6 -1 1.439e+02 2.334e+02)
s>                ( QUESTION11 -1 -2.030e+05 2.476e+02 8.949e+02
s>                    ( - -9.180e+03 1 0)
s>                    ( QUESTION2_15_L -1 -1.936e+05 2.292e+02 8.533e+02
s>                        ( - -1.080e+05 5 0 QUESTION2_20_L -1 1.643e+02 4.820e+02)
s>                        ( - -8.536e+04 13 0 QUESTION2 -1 1.685e+02 3.713e+02))))
s>            ( - -1.955e+04 5 0 SILENCE -1 1.627e+02 8.606e+01)))INFO: dtree.c(1439): stop. leaf nodes are specific
INFO: dtree.c(1478): Final simple tree
|( QUESTION2_20_L -1 -6.743e+04 1.485e+02 2.965e+02
|    ( - -9.450e+03 3 0)
|    ( QUESTION3 -1 -5.784e+04 1.506e+02 2.535e+02
|        ( - -5.534e+04 8 0)
|        ( QUESTION2_16_L -1 -2.346e+03 8.888e+01 1.095e+01
|            ( - -1.457e+03 1 0)
|            ( - -7.999e+02 1 0))))
s>    ( QUESTION2_20_L -1 -6.743e+04 1.485e+02 2.965e+02
s>        ( - -9.450e+03 3 0)
s>        ( QUESTION3 -1 -5.784e+04 1.506e+02 2.535e+02
s>            ( - -5.534e+04 8 0)
s>            ( QUESTION2_16_L -1 -2.346e+03 8.888e+01 1.095e+01
s>                ( - -1.457e+03 1 0)
s>                ( - -7.999e+02 1 0))))INFO: dtree.c(1315): Comp split 11
INFO: dtree.c(1439): stop. leaf nodes are specific
INFO: dtree.c(1478): Final simple tree
|( QUESTION0 1 -4.638e+05 1.816e+02 2.008e+03
|    ( QUESTION8 -1 -4.591e+05 1.687e+02 1.988e+03
|        ( - -2.365e+04 3 0)
|        ( QUESTION0 -1 -4.353e+05 1.495e+02 1.884e+03
|            ( - -3.751e+05 19 0)
|            ( - -6.008e+04 9 0)))
|    ( QUESTION0 -1 -4.509e+03 1.606e+02 2.000e+01
|        ( - -3.031e+03 4 0)
|        ( - -1.318e+03 1 0)))
s>    ( QUESTION0 1 -4.638e+05 1.816e+02 2.008e+03
s>        ( QUESTION8 -1 -4.591e+05 1.687e+02 1.988e+03
s>            ( - -2.365e+04 3 0)
s>            ( QUESTION0 -1 -4.353e+05 1.495e+02 1.884e+03
s>                ( - -3.751e+05 19 0)
s>                ( - -6.008e+04 9 0)))
s>        ( QUESTION0 -1 -4.509e+03 1.606e+02 2.000e+01
s>            ( - -3.031e+03 4 0)
s>            ( - -1.318e+03 1 0)))INFO: dtree.c(1478): Final simple tree
|( QUESTION11 -1 -1.920e+05 2.839e+02 8.491e+02
|    ( - -9.180e+03 1 0)
|    ( QUESTION5 -1 -1.825e+05 2.616e+02 8.075e+02
|        ( - -5.295e+04 4 0 QUESTION6 -1 1.439e+02 2.334e+02)
|        ( QUESTION2_6_L -1 -1.293e+05 2.563e+02 5.741e+02
|            ( QUESTION2_20_L -1 -1.080e+05 1.643e+02 4.820e+02
|                ( - -1.037e+04 3 0 QUESTION2 -1 1.314e+02 4.602e+01)
|                ( - -9.746e+04 2 0 QUESTION2_16_L -1 9.008e+01 4.360e+02))
|            ( QUESTION0 -1 -2.107e+04 1.859e+02 9.206e+01
|                ( - -1.328e+03 2 0)
|                ( SILENCE -1 -1.955e+04 1.627e+02 8.606e+01
|                    ( QUESTION0 1 -1.748e+04 1.527e+02 7.706e+01
|                        ( - -1.500e+04 2 0)
|                        ( - -2.321e+03 1 0))
|                    ( - -1.913e+03 2 0))))))
s>    ( QUESTION11 -1 -1.920e+05 2.839e+02 8.491e+02
s>        ( - -9.180e+03 1 0)
s>        ( QUESTION5 -1 -1.825e+05 2.616e+02 8.075e+02
s>            ( - -5.295e+04 4 0 QUESTION6 -1 1.439e+02 2.334e+02)
s>            ( QUESTION2_6_L -1 -1.293e+05 2.563e+02 5.741e+02
s>                ( QUESTION2_20_L -1 -1.080e+05 1.643e+02 4.820e+02
s>                    ( - -1.037e+04 3 0 QUESTION2 -1 1.314e+02 4.602e+01)
s>                    ( - -9.746e+04 2 0 QUESTION2_16_L -1 9.008e+01 4.360e+02))
s>                ( QUESTION0 -1 -2.107e+04 1.859e+02 9.206e+01
s>                    ( - -1.328e+03 2 0)
s>                    ( SILENCE -1 -1.955e+04 1.627e+02 8.606e+01
s>                        ( QUESTION0 1 -1.748e+04 1.527e+02 7.706e+01
s>                            ( - -1.500e+04 2 0)
s>                            ( - -2.321e+03 1 0))
s>                        ( - -1.913e+03 2 0))))))INFO: dtree.c(1315): Comp split 12
INFO: dtree.c(1478): Final simple tree
|( QUESTION0_15_R 1 -1.000e+05 4.291e+02 4.317e+02
|    ( QUESTION0_16_R 1 -7.789e+04 2.754e+02 3.383e+02
|        ( WDBNDRY_E 0 -6.596e+04 2.059e+02 2.880e+02
|            ( - -4.396e+04 4 0)
|            ( - -2.179e+04 7 0 QUESTION0 -1 1.517e+02 9.554e+01))
|        ( QUESTION3 -1 -1.166e+04 4.595e+02 5.027e+01
|            ( - 1.956e+02 1 0)
|            ( WDBNDRY_E 0 -1.140e+04 1.708e+02 4.927e+01
|                ( - -6.461e+03 3 0)
|                ( - -4.764e+03 6 0 SILENCE -1 1.386e+02 2.100e+01))))
|    ( QUESTION0_13_R 1 -2.171e+04 2.039e+02 9.339e+01
|        ( - -1.311e+03 1 0)
|        ( QUESTION0_8_R 1 -2.019e+04 1.930e+02 8.739e+01
|            ( - -9.844e+03 6 0 QUESTION0_9_R 1 1.614e+02 4.396e+01)
|            ( - -1.016e+04 4 0 QUESTION0_1_R 1 1.206e+02 4.343e+01))))
s>    ( QUESTION0_15_R 1 -1.000e+05 4.291e+02 4.317e+02
s>        ( QUESTION0_16_R 1 -7.789e+04 2.754e+02 3.383e+02
s>            ( WDBNDRY_E 0 -6.596e+04 2.059e+02 2.880e+02
s>                ( - -4.396e+04 4 0)
s>                ( - -2.179e+04 7 0 QUESTION0 -1 1.517e+02 9.554e+01))
s>            ( QUESTION3 -1 -1.166e+04 4.595e+02 5.027e+01
s>                ( - 1.956e+02 1 0)
s>                ( WDBNDRY_E 0 -1.140e+04 1.708e+02 4.927e+01
s>                    ( - -6.461e+03 3 0)
s>                    ( - -4.764e+03 6 0 SILENCE -1 1.386e+02 2.100e+01))))
s>        ( QUESTION0_13_R 1 -2.171e+04 2.039e+02 9.339e+01
s>            ( - -1.311e+03 1 0)
s>            ( QUESTION0_8_R 1 -2.019e+04 1.930e+02 8.739e+01
s>                ( - -9.844e+03 6 0 QUESTION0_9_R 1 1.614e+02 4.396e+01)
s>                ( - -1.016e+04 4 0 QUESTION0_1_R 1 1.206e+02 4.343e+01))))INFO: dtree.c(1439): stop. leaf nodes are specific
INFO: dtree.c(1478): Final simple tree
|( SILENCE 1 -1.540e+04 1.982e+02 6.610e+01
|    ( QUESTION0 -1 -1.197e+04 1.431e+02 5.110e+01
|        ( - -1.079e+04 5 0)
|        ( - -1.035e+03 1 0))
|    ( - -3.240e+03 3 0))
s>    ( SILENCE 1 -1.540e+04 1.982e+02 6.610e+01
s>        ( QUESTION0 -1 -1.197e+04 1.431e+02 5.110e+01
s>            ( - -1.079e+04 5 0)
s>            ( - -1.035e+03 1 0))
s>        ( - -3.240e+03 3 0))INFO: dtree.c(1315): Comp split 13
INFO: dtree.c(1478): Final simple tree
|( QUESTION0_15_R 1 -9.976e+04 4.285e+02 4.307e+02
|    ( QUESTION0_16_R 1 -7.762e+04 2.690e+02 3.373e+02
|        ( WDBNDRY_E 0 -6.596e+04 2.059e+02 2.880e+02
|            ( - -4.396e+04 4 0)
|            ( - -2.179e+04 7 0 QUESTION0 -1 1.517e+02 9.554e+01))
|        ( WDBNDRY_E 0 -1.140e+04 1.708e+02 4.927e+01
|            ( - -6.461e+03 3 0)
|            ( - -4.764e+03 6 0 SILENCE -1 1.386e+02 2.100e+01)))
|    ( QUESTION0_13_R 1 -2.171e+04 2.039e+02 9.339e+01
|        ( - -1.311e+03 1 0)
|        ( QUESTION0_8_R 1 -2.019e+04 1.930e+02 8.739e+01
|            ( QUESTION0_9_R 1 -9.844e+03 1.614e+02 4.396e+01
|                ( - -9.403e+03 5 0 WDBNDRY_E 0 1.860e+02 4.196e+01)
|                ( - -2.796e+02 1 0))
|            ( - -1.016e+04 4 0 QUESTION0_1_R 1 1.206e+02 4.343e+01))))
s>    ( QUESTION0_15_R 1 -9.976e+04 4.285e+02 4.307e+02
s>        ( QUESTION0_16_R 1 -7.762e+04 2.690e+02 3.373e+02
s>            ( WDBNDRY_E 0 -6.596e+04 2.059e+02 2.880e+02
s>                ( - -4.396e+04 4 0)
s>                ( - -2.179e+04 7 0 QUESTION0 -1 1.517e+02 9.554e+01))
s>            ( WDBNDRY_E 0 -1.140e+04 1.708e+02 4.927e+01
s>                ( - -6.461e+03 3 0)
s>                ( - -4.764e+03 6 0 SILENCE -1 1.386e+02 2.100e+01)))
s>        ( QUESTION0_13_R 1 -2.171e+04 2.039e+02 9.339e+01
s>            ( - -1.311e+03 1 0)
s>            ( QUESTION0_8_R 1 -2.019e+04 1.930e+02 8.739e+01
s>                ( QUESTION0_9_R 1 -9.844e+03 1.614e+02 4.396e+01
s>                    ( - -9.403e+03 5 0 WDBNDRY_E 0 1.860e+02 4.196e+01)
s>                    ( - -2.796e+02 1 0))
s>                ( - -1.016e+04 4 0 QUESTION0_1_R 1 1.206e+02 4.343e+01))))INFO: dtree.c(1315): Comp split 14
INFO: dtree.c(1439): stop. leaf nodes are specific
INFO: dtree.c(1478): Final simple tree
|( QUESTION0_8_R 1 -1.974e+04 1.838e+02 8.539e+01
|    ( WDBNDRY_E 0 -9.403e+03 1.860e+02 4.196e+01
|        ( - -3.911e+02 1 0)
|        ( - -8.825e+03 4 0))
|    ( QUESTION0_1_R 1 -1.016e+04 1.206e+02 4.343e+01
|        ( - -3.683e+03 2 0)
|        ( - -6.354e+03 2 0)))
s>    ( QUESTION0_8_R 1 -1.974e+04 1.838e+02 8.539e+01
s>        ( WDBNDRY_E 0 -9.403e+03 1.860e+02 4.196e+01
s>            ( - -3.911e+02 1 0)
s>            ( - -8.825e+03 4 0))
s>        ( QUESTION0_1_R 1 -1.016e+04 1.206e+02 4.343e+01
s>            ( - -3.683e+03 2 0)
s>            ( - -6.354e+03 2 0)))INFO: dtree.c(1478): Final simple tree
|( QUESTION0_16_R 1 -7.956e+04 2.925e+02 3.453e+02
|    ( WDBNDRY_E 0 -6.596e+04 2.059e+02 2.880e+02
|        ( - -4.396e+04 4 0)
|        ( QUESTION0 -1 -2.179e+04 1.517e+02 9.554e+01
|            ( - -9.991e+03 6 0)
|            ( - -1.165e+04 1 0)))
|    ( QUESTION9 1 -1.331e+04 1.731e+02 5.727e+01
|        ( - -2.796e+02 1 0)
|        ( WDBNDRY_E 0 -1.286e+04 1.615e+02 5.527e+01
|            ( QUESTION0_8_R 1 -7.930e+03 1.575e+02 3.427e+01
|                ( - -1.311e+03 1 0)
|                ( - -6.461e+03 3 0))
|            ( SILENCE -1 -4.764e+03 1.386e+02 2.100e+01
|                ( - -5.286e+02 1 0)
|                ( - -4.097e+03 5 0 WDBNDRY_B 0 1.371e+02 1.800e+01)))))
s>    ( QUESTION0_16_R 1 -7.956e+04 2.925e+02 3.453e+02
s>        ( WDBNDRY_E 0 -6.596e+04 2.059e+02 2.880e+02
s>            ( - -4.396e+04 4 0)
s>            ( QUESTION0 -1 -2.179e+04 1.517e+02 9.554e+01
s>                ( - -9.991e+03 6 0)
s>                ( - -1.165e+04 1 0)))
s>        ( QUESTION9 1 -1.331e+04 1.731e+02 5.727e+01
s>            ( - -2.796e+02 1 0)
s>            ( WDBNDRY_E 0 -1.286e+04 1.615e+02 5.527e+01
s>                ( QUESTION0_8_R 1 -7.930e+03 1.575e+02 3.427e+01
s>                    ( - -1.311e+03 1 0)
s>                    ( - -6.461e+03 3 0))
s>                ( SILENCE -1 -4.764e+03 1.386e+02 2.100e+01
s>                    ( - -5.286e+02 1 0)
s>                    ( - -4.097e+03 5 0 WDBNDRY_B 0 1.371e+02 1.800e+01)))))INFO: dtree.c(1315): Comp split 15
INFO: dtree.c(1439): stop. leaf nodes are specific
INFO: dtree.c(1478): Final simple tree
|( WDBNDRY_I 0 -6.217e+03 1.420e+02 2.700e+01
|    ( - -5.620e+02 1 0)
|    ( WDBNDRY_B 0 -5.513e+03 1.377e+02 2.400e+01
|        ( SILENCE -1 -4.064e+03 1.373e+02 1.800e+01
|            ( - -5.286e+02 1 0)
|            ( - -3.398e+03 4 0))
|        ( - -1.311e+03 1 0)))
s>    ( WDBNDRY_I 0 -6.217e+03 1.420e+02 2.700e+01
s>        ( - -5.620e+02 1 0)
s>        ( WDBNDRY_B 0 -5.513e+03 1.377e+02 2.400e+01
s>            ( SILENCE -1 -4.064e+03 1.373e+02 1.800e+01
s>                ( - -5.286e+02 1 0)
s>                ( - -3.398e+03 4 0))
s>            ( - -1.311e+03 1 0)))INFO: dtree.c(1439): stop. leaf nodes are specific
INFO: dtree.c(1478): Final simple tree
|( WDBNDRY_E 0 -7.301e+04 2.241e+02 3.183e+02
|    ( QUESTION0_8_R 1 -5.100e+04 1.530e+02 2.228e+02
|        ( - -2.796e+02 1 0)
|        ( QUESTION0_16_R 1 -5.056e+04 1.434e+02 2.208e+02
|            ( - -4.396e+04 4 0)
|            ( - -6.461e+03 3 0)))
|    ( QUESTION0 -1 -2.179e+04 1.517e+02 9.554e+01
|        ( - -9.991e+03 6 0)
|        ( - -1.165e+04 1 0)))
s>    ( WDBNDRY_E 0 -7.301e+04 2.241e+02 3.183e+02
s>        ( QUESTION0_8_R 1 -5.100e+04 1.530e+02 2.228e+02
s>            ( - -2.796e+02 1 0)
s>            ( QUESTION0_16_R 1 -5.056e+04 1.434e+02 2.208e+02
s>                ( - -4.396e+04 4 0)
s>                ( - -6.461e+03 3 0)))
s>        ( QUESTION0 -1 -2.179e+04 1.517e+02 9.554e+01
s>            ( - -9.991e+03 6 0)
s>            ( - -1.165e+04 1 0)))INFO: dtree.c(1315): Comp split 16
INFO: dtree.c(1439): stop. leaf nodes are specific
INFO: dtree.c(1478): Final simple tree
|( QUESTION0 1 -6.748e+04 1.970e+02 2.965e+02
|    ( QUESTION0 -1 -6.352e+04 1.746e+02 2.795e+02
|        ( - -1.328e+03 2 0)
|        ( QUESTION7 -1 -6.201e+04 1.576e+02 2.735e+02
|            ( - -7.708e+03 2 0)
|            ( QUESTION6 -1 -5.415e+04 1.418e+02 2.394e+02
|                ( - -1.686e+03 2 0)
|                ( QUESTION2 -1 -5.232e+04 1.302e+02 2.314e+02
|                    ( - -4.966e+04 1 0)
|                    ( - -2.530e+03 1 0)))))
|    ( SILENCE -1 -3.768e+03 1.216e+02 1.700e+01
|        ( - -2.321e+03 1 0)
|        ( - -1.326e+03 1 0)))
s>    ( QUESTION0 1 -6.748e+04 1.970e+02 2.965e+02
s>        ( QUESTION0 -1 -6.352e+04 1.746e+02 2.795e+02
s>            ( - -1.328e+03 2 0)
s>            ( QUESTION7 -1 -6.201e+04 1.576e+02 2.735e+02
s>                ( - -7.708e+03 2 0)
s>                ( QUESTION6 -1 -5.415e+04 1.418e+02 2.394e+02
s>                    ( - -1.686e+03 2 0)
s>                    ( QUESTION2 -1 -5.232e+04 1.302e+02 2.314e+02
s>                        ( - -4.966e+04 1 0)
s>                        ( - -2.530e+03 1 0)))))
s>        ( SILENCE -1 -3.768e+03 1.216e+02 1.700e+01
s>            ( - -2.321e+03 1 0)
s>            ( - -1.326e+03 1 0)))INFO: dtree.c(1439): stop. leaf nodes are specific
INFO: dtree.c(1478): Final simple tree
|( QUESTION8 -1 -1.242e+05 2.562e+02 5.527e+02
|    ( QUESTION9 -1 -1.127e+04 1.792e+02 5.060e+01
|        ( - -1.913e+03 2 0)
|        ( - -9.180e+03 1 0))
|    ( SILENCE -1 -1.127e+05 1.983e+02 5.021e+02
|        ( - -1.500e+04 2 0)
|        ( QUESTION2_16_L -1 -9.746e+04 9.008e+01 4.360e+02
|            ( - -7.733e+02 1 0)
|            ( - -9.660e+04 1 0))))
s>    ( QUESTION8 -1 -1.242e+05 2.562e+02 5.527e+02
s>        ( QUESTION9 -1 -1.127e+04 1.792e+02 5.060e+01
s>            ( - -1.913e+03 2 0)
s>            ( - -9.180e+03 1 0))
s>        ( SILENCE -1 -1.127e+05 1.983e+02 5.021e+02
s>            ( - -1.500e+04 2 0)
s>            ( QUESTION2_16_L -1 -9.746e+04 9.008e+01 4.360e+02
s>                ( - -7.733e+02 1 0)
s>                ( - -9.660e+04 1 0))))INFO: dtree.c(1315): Comp split 17
INFO: dtree.c(1315): Comp split 18
INFO: dtree.c(1439): stop. leaf nodes are specific
INFO: dtree.c(1478): Final simple tree
|( SILENCE -1 -1.127e+05 1.983e+02 5.021e+02
|    ( - -1.500e+04 2 0)
|    ( QUESTION2_16_L -1 -9.746e+04 9.008e+01 4.360e+02
|        ( - -7.733e+02 1 0)
|        ( - -9.660e+04 1 0)))
s>    ( SILENCE -1 -1.127e+05 1.983e+02 5.021e+02
s>        ( - -1.500e+04 2 0)
s>        ( QUESTION2_16_L -1 -9.746e+04 9.008e+01 4.360e+02
s>            ( - -7.733e+02 1 0)
s>            ( - -9.660e+04 1 0)))INFO: dtree.c(1439): stop. leaf nodes are specific
INFO: dtree.c(1478): Final simple tree
|( QUESTION9 -1 -1.127e+04 1.792e+02 5.060e+01
|    ( - -1.913e+03 2 0)
|    ( - -9.180e+03 1 0))
s>    ( QUESTION9 -1 -1.127e+04 1.792e+02 5.060e+01
s>        ( - -1.913e+03 2 0)
s>        ( - -9.180e+03 1 0))INFO: dtree.c(1315): Comp split 19
INFO: dtree.c(1315): Comp split 20
INFO: dtree.c(1439): stop. leaf nodes are specific
INFO: dtree.c(1478): Final simple tree
|( QUESTION2 -1 -5.485e+04 1.415e+02 2.457e+02
|    ( - -1.549e+04 5 0)
|    ( QUESTION0 -1 -3.922e+04 1.090e+02 1.751e+02
|        ( - -3.809e+04 10 0)
|        ( - -1.016e+03 1 0)))
s>    ( QUESTION2 -1 -5.485e+04 1.415e+02 2.457e+02
s>        ( - -1.549e+04 5 0)
s>        ( QUESTION0 -1 -3.922e+04 1.090e+02 1.751e+02
s>            ( - -3.809e+04 10 0)
s>            ( - -1.016e+03 1 0)))INFO: dtree.c(1439): stop. leaf nodes are specific
INFO: dtree.c(1478): Final simple tree
|( SILENCE -1 -1.301e+04 1.886e+02 5.920e+01
|    ( - -9.073e+03 3 0)
|    ( QUESTION9 -1 -3.751e+03 1.412e+02 1.800e+01
|        ( - -3.115e+03 3 0)
|        ( - -4.952e+02 1 0)))
s>    ( SILENCE -1 -1.301e+04 1.886e+02 5.920e+01
s>        ( - -9.073e+03 3 0)
s>        ( QUESTION9 -1 -3.751e+03 1.412e+02 1.800e+01
s>            ( - -3.115e+03 3 0)
s>            ( - -4.952e+02 1 0)))INFO: dtree.c(1315): Comp split 21
INFO: dtree.c(1439): stop. leaf nodes are specific
INFO: dtree.c(1478): Final simple tree
|( QUESTION0_8_R 1 -5.100e+04 1.530e+02 2.228e+02
|    ( - -2.796e+02 1 0)
|    ( QUESTION0_16_R 1 -5.056e+04 1.434e+02 2.208e+02
|        ( - -4.396e+04 4 0)
|        ( - -6.461e+03 3 0)))
s>    ( QUESTION0_8_R 1 -5.100e+04 1.530e+02 2.228e+02
s>        ( - -2.796e+02 1 0)
s>        ( QUESTION0_16_R 1 -5.056e+04 1.434e+02 2.208e+02
s>            ( - -4.396e+04 4 0)
s>            ( - -6.461e+03 3 0)))INFO: dtree.c(1439): stop. leaf nodes are specific
INFO: dtree.c(1478): Final simple tree
|( QUESTION0 -1 -2.179e+04 1.517e+02 9.554e+01
|    ( - -9.991e+03 6 0)
|    ( - -1.165e+04 1 0))
s>    ( QUESTION0 -1 -2.179e+04 1.517e+02 9.554e+01
s>        ( - -9.991e+03 6 0)
s>        ( - -1.165e+04 1 0))INFO: dtree.c(1315): Comp split 22
INFO: dtree.c(1439): stop. leaf nodes are specific
INFO: dtree.c(1478): Final simple tree
|( QUESTION8 -1 -4.606e+05 1.695e+02 1.994e+03
|    ( - -2.365e+04 3 0)
|    ( QUESTION0 -1 -4.368e+05 1.485e+02 1.890e+03
|        ( - -3.751e+05 19 0)
|        ( QUESTION0 1 -6.154e+04 1.414e+02 2.669e+02
|            ( - -6.008e+04 9 0)
|            ( - -1.318e+03 1 0))))
s>    ( QUESTION8 -1 -4.606e+05 1.695e+02 1.994e+03
s>        ( - -2.365e+04 3 0)
s>        ( QUESTION0 -1 -4.368e+05 1.485e+02 1.890e+03
s>            ( - -3.751e+05 19 0)
s>            ( QUESTION0 1 -6.154e+04 1.414e+02 2.669e+02
s>                ( - -6.008e+04 9 0)
s>                ( - -1.318e+03 1 0))))INFO: dtree.c(1315): Comp split 23
INFO: dtree.c(1439): stop. leaf nodes are specific
INFO: dtree.c(1478): Final simple tree
|( QUESTION2_16_L -1 -9.746e+04 9.008e+01 4.360e+02
|    ( - -7.733e+02 1 0)
|    ( - -9.660e+04 1 0))
s>    ( QUESTION2_16_L -1 -9.746e+04 9.008e+01 4.360e+02
s>        ( - -7.733e+02 1 0)
s>        ( - -9.660e+04 1 0))INFO: dtree.c(1315): Comp split 24
INFO: dtree.c(1439): stop. leaf nodes are specific
INFO: dtree.c(1478): Final simple tree
|( QUESTION0 -1 -1.197e+04 1.431e+02 5.110e+01
|    ( - -1.079e+04 5 0)
|    ( - -1.035e+03 1 0))
s>    ( QUESTION0 -1 -1.197e+04 1.431e+02 5.110e+01
s>        ( - -1.079e+04 5 0)
s>        ( - -1.035e+03 1 0))INFO: dtree.c(1315): Comp split 25
INFO: dtree.c(1439): stop. leaf nodes are specific
INFO: dtree.c(1478): Final simple tree
|( QUESTION0 -1 -6.352e+04 1.746e+02 2.795e+02
|    ( - -1.328e+03 2 0)
|    ( QUESTION7 -1 -6.201e+04 1.576e+02 2.735e+02
|        ( - -7.708e+03 2 0)
|        ( QUESTION6 -1 -5.415e+04 1.418e+02 2.394e+02
|            ( - -1.686e+03 2 0)
|            ( QUESTION2 -1 -5.232e+04 1.302e+02 2.314e+02
|                ( - -4.966e+04 1 0)
|                ( - -2.530e+03 1 0)))))
s>    ( QUESTION0 -1 -6.352e+04 1.746e+02 2.795e+02
s>        ( - -1.328e+03 2 0)
s>        ( QUESTION7 -1 -6.201e+04 1.576e+02 2.735e+02
s>            ( - -7.708e+03 2 0)
s>            ( QUESTION6 -1 -5.415e+04 1.418e+02 2.394e+02
s>                ( - -1.686e+03 2 0)
s>                ( QUESTION2 -1 -5.232e+04 1.302e+02 2.314e+02
s>                    ( - -4.966e+04 1 0)
s>                    ( - -2.530e+03 1 0)))))INFO: dtree.c(1439): stop. leaf nodes are specific
INFO: dtree.c(1478): Final simple tree
|( SILENCE -1 -3.768e+03 1.216e+02 1.700e+01
|    ( - -2.321e+03 1 0)
|    ( - -1.326e+03 1 0))
s>    ( SILENCE -1 -3.768e+03 1.216e+02 1.700e+01
s>        ( - -2.321e+03 1 0)
s>        ( - -1.326e+03 1 0))INFO: dtree.c(1315): Comp split 26
INFO: dtree.c(1439): stop. leaf nodes are specific
INFO: dtree.c(1478): Final simple tree
|( QUESTION9 -1 -3.751e+03 1.412e+02 1.800e+01
|    ( - -3.115e+03 3 0)
|    ( - -4.952e+02 1 0))
s>    ( QUESTION9 -1 -3.751e+03 1.412e+02 1.800e+01
s>        ( - -3.115e+03 3 0)
s>        ( - -4.952e+02 1 0))INFO: dtree.c(1315): Comp split 27
INFO: dtree.c(1439): stop. leaf nodes are specific
INFO: dtree.c(1478): Final simple tree
|( WDBNDRY_E 0 -1.917e+04 1.851e+02 8.339e+01
|    ( QUESTION0_1_R 1 -1.016e+04 1.206e+02 4.343e+01
|        ( - -3.683e+03 2 0)
|        ( - -6.354e+03 2 0))
|    ( - -8.825e+03 4 0))
s>    ( WDBNDRY_E 0 -1.917e+04 1.851e+02 8.339e+01
s>        ( QUESTION0_1_R 1 -1.016e+04 1.206e+02 4.343e+01
s>            ( - -3.683e+03 2 0)
s>            ( - -6.354e+03 2 0))
s>        ( - -8.825e+03 4 0))INFO: dtree.c(1315): Comp split 28
INFO: dtree.c(1439): stop. leaf nodes are specific
INFO: dtree.c(1478): Final simple tree
|( QUESTION0_1_R 1 -1.016e+04 1.206e+02 4.343e+01
|    ( - -3.683e+03 2 0)
|    ( - -6.354e+03 2 0))
s>    ( QUESTION0_1_R 1 -1.016e+04 1.206e+02 4.343e+01
s>        ( - -3.683e+03 2 0)
s>        ( - -6.354e+03 2 0))INFO: dtree.c(1315): Comp split 29
INFO: dtree.c(1315): Comp split 30
INFO: dtree.c(1439): stop. leaf nodes are specific
INFO: dtree.c(1478): Final simple tree
|( QUESTION7 -1 -6.201e+04 1.576e+02 2.735e+02
|    ( - -7.708e+03 2 0)
|    ( QUESTION6 -1 -5.415e+04 1.418e+02 2.394e+02
|        ( - -1.686e+03 2 0)
|        ( QUESTION2 -1 -5.232e+04 1.302e+02 2.314e+02
|            ( - -4.966e+04 1 0)
|            ( - -2.530e+03 1 0))))
s>    ( QUESTION7 -1 -6.201e+04 1.576e+02 2.735e+02
s>        ( - -7.708e+03 2 0)
s>        ( QUESTION6 -1 -5.415e+04 1.418e+02 2.394e+02
s>            ( - -1.686e+03 2 0)
s>            ( QUESTION2 -1 -5.232e+04 1.302e+02 2.314e+02
s>                ( - -4.966e+04 1 0)
s>                ( - -2.530e+03 1 0))))INFO: dtree.c(1315): Comp split 31
INFO: dtree.c(1439): stop. leaf nodes are specific
INFO: dtree.c(1478): Final simple tree
|( QUESTION0 -1 -4.368e+05 1.485e+02 1.890e+03
|    ( - -3.751e+05 19 0)
|    ( QUESTION0 1 -6.154e+04 1.414e+02 2.669e+02
|        ( - -6.008e+04 9 0)
|        ( - -1.318e+03 1 0)))
s>    ( QUESTION0 -1 -4.368e+05 1.485e+02 1.890e+03
s>        ( - -3.751e+05 19 0)
s>        ( QUESTION0 1 -6.154e+04 1.414e+02 2.669e+02
s>            ( - -6.008e+04 9 0)
s>            ( - -1.318e+03 1 0)))INFO: dtree.c(1315): Comp split 32
INFO: dtree.c(1439): stop. leaf nodes are specific
INFO: dtree.c(1478): Final simple tree
|( QUESTION7 -1 -1.219e+04 1.351e+02 5.402e+01
|    ( - -7.708e+03 2 0)
|    ( QUESTION2 -1 -4.347e+03 1.312e+02 2.000e+01
|        ( - -1.686e+03 2 0)
|        ( - -2.530e+03 1 0)))
s>    ( QUESTION7 -1 -1.219e+04 1.351e+02 5.402e+01
s>        ( - -7.708e+03 2 0)
s>        ( QUESTION2 -1 -4.347e+03 1.312e+02 2.000e+01
s>            ( - -1.686e+03 2 0)
s>            ( - -2.530e+03 1 0)))INFO: dtree.c(1315): Comp split 33
INFO: dtree.c(1439): stop. leaf nodes are specific
INFO: dtree.c(1478): Final simple tree
|( QUESTION3 -1 -5.625e+04 1.110e+02 2.466e+02
|    ( - -5.534e+04 8 0)
|    ( - -7.999e+02 1 0))
s>    ( QUESTION3 -1 -5.625e+04 1.110e+02 2.466e+02
s>        ( - -5.534e+04 8 0)
s>        ( - -7.999e+02 1 0))INFO: dtree.c(1439): stop. leaf nodes are specific
INFO: dtree.c(1478): Final simple tree
|( QUESTION2_16_L -1 -1.103e+04 1.190e+02 4.988e+01
|    ( - -1.457e+03 1 0)
|    ( - -9.450e+03 3 0))
s>    ( QUESTION2_16_L -1 -1.103e+04 1.190e+02 4.988e+01
s>        ( - -1.457e+03 1 0)
s>        ( - -9.450e+03 3 0))INFO: dtree.c(1315): Comp split 34
INFO: dtree.c(1439): stop. leaf nodes are specific
INFO: dtree.c(1478): Final simple tree
|( QUESTION0_16_R 1 -5.056e+04 1.434e+02 2.208e+02
|    ( - -4.396e+04 4 0)
|    ( - -6.461e+03 3 0))
s>    ( QUESTION0_16_R 1 -5.056e+04 1.434e+02 2.208e+02
s>        ( - -4.396e+04 4 0)
s>        ( - -6.461e+03 3 0))INFO: dtree.c(1315): Comp split 35
INFO: dtree.c(1315): Comp split 36
INFO: dtree.c(1315): Comp split 37
INFO: dtree.c(1439): stop. leaf nodes are specific
INFO: dtree.c(1478): Final simple tree
|( QUESTION0 -1 -3.765e+05 1.402e+02 1.629e+03
|    ( - -3.751e+05 19 0)
|    ( - -1.318e+03 1 0))
s>    ( QUESTION0 -1 -3.765e+05 1.402e+02 1.629e+03
s>        ( - -3.751e+05 19 0)
s>        ( - -1.318e+03 1 0))INFO: dtree.c(1315): Comp split 38
INFO: dtree.c(1439): stop. leaf nodes are specific
INFO: dtree.c(1478): Final simple tree
|( WDBNDRY_E 0 -2.232e+03 1.141e+02 1.100e+01
|    ( - -9.683e+02 1 0)
|    ( - -1.150e+03 1 0))
s>    ( WDBNDRY_E 0 -2.232e+03 1.141e+02 1.100e+01
s>        ( - -9.683e+02 1 0)
s>        ( - -1.150e+03 1 0))INFO: dtree.c(1315): Comp split 39
INFO: dtree.c(1315): Comp split 40
INFO: dtree.c(1315): Comp split 41
INFO: dtree.c(1439): stop. leaf nodes are specific
INFO: dtree.c(1478): Final simple tree
|( WDBNDRY_B 0 -5.513e+03 1.377e+02 2.400e+01
|    ( SILENCE -1 -4.064e+03 1.373e+02 1.800e+01
|        ( - -5.286e+02 1 0)
|        ( - -3.398e+03 4 0))
|    ( - -1.311e+03 1 0))
s>    ( WDBNDRY_B 0 -5.513e+03 1.377e+02 2.400e+01
s>        ( SILENCE -1 -4.064e+03 1.373e+02 1.800e+01
s>            ( - -5.286e+02 1 0)
s>            ( - -3.398e+03 4 0))
s>        ( - -1.311e+03 1 0))INFO: dtree.c(1315): Comp split 42
INFO: dtree.c(1439): stop. leaf nodes are specific
INFO: dtree.c(1478): Final simple tree
|( QUESTION0 -1 -3.922e+04 1.090e+02 1.751e+02
|    ( - -3.809e+04 10 0)
|    ( - -1.016e+03 1 0))
s>    ( QUESTION0 -1 -3.922e+04 1.090e+02 1.751e+02
s>        ( - -3.809e+04 10 0)
s>        ( - -1.016e+03 1 0))INFO: dtree.c(1315): Comp split 43
INFO: dtree.c(1315): Comp split 44
INFO: dtree.c(1315): Comp split 45
INFO: dtree.c(1315): Comp split 46
INFO: dtree.c(1439): stop. leaf nodes are specific
INFO: dtree.c(1478): Final simple tree
|( SILENCE -1 -4.064e+03 1.373e+02 1.800e+01
|    ( - -5.286e+02 1 0)
|    ( - -3.398e+03 4 0))
s>    ( SILENCE -1 -4.064e+03 1.373e+02 1.800e+01
s>        ( - -5.286e+02 1 0)
s>        ( - -3.398e+03 4 0))INFO: dtree.c(1315): Comp split 47
INFO: dtree.c(1315): Comp split 48
INFO: dtree.c(1439): stop. leaf nodes are specific
INFO: dtree.c(1478): Final simple tree
|( QUESTION2 -1 -4.347e+03 1.312e+02 2.000e+01
|    ( - -1.686e+03 2 0)
|    ( - -2.530e+03 1 0))
s>    ( QUESTION2 -1 -4.347e+03 1.312e+02 2.000e+01
s>        ( - -1.686e+03 2 0)
s>        ( - -2.530e+03 1 0))INFO: dtree.c(1315): Comp split 49
INFO: dtree.c(1315): Comp split 50
INFO: dtree.c(1315): Comp split 51
INFO: dtree.c(1315): Comp split 52
INFO: dtree.c(1315): Comp split 53
INFO: dtree.c(1315): Comp split 54
INFO: dtree.c(1315): Comp split 55
INFO: dtree.c(1315): Comp split 56
INFO: dtree.c(1315): Comp split 57
INFO: dtree.c(1318): stop. leaf nodes are specific
Mon Apr 24 17:48:49 2023
