Current configuration:
[NAME]		[DEFLT]	[VALUE]
-allphones	no	no
-cntthresh	0.00001	1.000000e-05
-csplitmax	100	2000
-csplitmin	1	1
-csplitthr	8e-4	0.000000e+00
-example	no	no
-fullvar	no	no
-help		no	no
-meanfn			/home/lucija/Documents/Zadnji semestar/ROGJ/Prezentacije/CMUspinx/tutorial15/model_parameters/my_db.cd_cont_untied/means
-mixwfn			/home/lucija/Documents/Zadnji semestar/ROGJ/Prezentacije/CMUspinx/tutorial15/model_parameters/my_db.cd_cont_untied/mixture_weights
-moddeffn		/home/lucija/Documents/Zadnji semestar/ROGJ/Prezentacije/CMUspinx/tutorial15/model_architecture/my_db.untied.mdef
-mwfloor	1e-4	1.000000e-08
-phone			f
-psetfn			/home/lucija/Documents/Zadnji semestar/ROGJ/Prezentacije/CMUspinx/tutorial15/model_architecture/my_db.tree_questions
-ssplitmax	5	7
-ssplitmin	1	1
-ssplitthr	8e-4	0.000000e+00
-state			1
-stwt			1.0,0.05,0.0,
-treefn			/home/lucija/Documents/Zadnji semestar/ROGJ/Prezentacije/CMUspinx/tutorial15/trees/my_db.unpruned/f-1.dtree
-ts2cbfn	.semi.	.cont.
-varfloor	0.00001	1.000000e-05
-varfn			/home/lucija/Documents/Zadnji semestar/ROGJ/Prezentacije/CMUspinx/tutorial15/model_parameters/my_db.cd_cont_untied/variances

INFO: main.c(223): Reading: /home/lucija/Documents/Zadnji semestar/ROGJ/Prezentacije/CMUspinx/tutorial15/model_architecture/my_db.untied.mdef
INFO: model_def_io.c(573): Model definition info:
INFO: model_def_io.c(574): 12056 total models defined (32 base, 12024 tri)
INFO: model_def_io.c(575): 48224 total states
INFO: model_def_io.c(576): 36168 total tied states
INFO: model_def_io.c(577): 96 total tied CI states
INFO: model_def_io.c(578): 32 total tied transition matrices
INFO: model_def_io.c(579): 4 max state/model
INFO: model_def_io.c(580): 4 min state/model
INFO: main.c(242): Building trees for [f NOISE a b] through [f z i b]
INFO: main.c(268): Covering states |[10260 10511]| == 252
INFO: main.c(275): Reading: /home/lucija/Documents/Zadnji semestar/ROGJ/Prezentacije/CMUspinx/tutorial15/model_parameters/my_db.cd_cont_untied/mixture_weights
INFO: s3mixw_io.c(172): Read /home/lucija/Documents/Zadnji semestar/ROGJ/Prezentacije/CMUspinx/tutorial15/model_parameters/my_db.cd_cont_untied/mixture_weights [252x1x1 array]
INFO: main.c(311): 84 of 84 models have observation count greater than 0.000010
INFO: main.c(95): nrm stwt: 0.045 0.909 0.045 
INFO: s3gau_io.c(168): Read /home/lucija/Documents/Zadnji semestar/ROGJ/Prezentacije/CMUspinx/tutorial15/model_parameters/my_db.cd_cont_untied/means [36168x1x1 array]
INFO: s3gau_io.c(168): Read /home/lucija/Documents/Zadnji semestar/ROGJ/Prezentacije/CMUspinx/tutorial15/model_parameters/my_db.cd_cont_untied/variances [36168x1x1 array]
INFO: main.c(549): Reading: /home/lucija/Documents/Zadnji semestar/ROGJ/Prezentacije/CMUspinx/tutorial15/model_architecture/my_db.tree_questions
INFO: main.c(587): 176 total simple questions (168 phone; 8 word bndry)
INFO: main.c(589): 42 Left Only questions, and 42 Right Only questions
INFO: dtree.c(1478): Final simple tree
|( QUESTION0 -1 -2.119e+05 6.814e+02 9.943e+02
|    ( QUESTION2_0_L -1 -1.298e+05 4.862e+02 6.139e+02
|        ( - -1.296e+05 47 0 QUESTION2 1 2.593e+02 6.129e+02)
|        ( - 2.423e+02 1 0))
|    ( QUESTION19 -1 -8.140e+04 5.264e+02 3.804e+02
|        ( QUESTION0 1 -2.289e+04 2.826e+02 1.059e+02
|            ( - -8.598e+03 4 0 WDBNDRY_B 0 1.757e+02 4.018e+01)
|            ( - -1.401e+04 1 0))
|        ( SILENCE 1 -5.798e+04 5.003e+02 2.746e+02
|            ( - 2.425e+02 1 0)
|            ( QUESTION0_1_R 1 -5.772e+04 4.698e+02 2.736e+02
|                ( - 1.946e+02 1 0)
|                ( QUESTION18 -1 -5.745e+04 4.384e+02 2.726e+02
|                    ( - 1.973e+02 1 0)
|                    ( - -5.721e+04 28 0 QUESTION0 1 2.450e+02 2.716e+02))))))
s>    ( QUESTION0 -1 -2.119e+05 6.814e+02 9.943e+02
s>        ( QUESTION2_0_L -1 -1.298e+05 4.862e+02 6.139e+02
s>            ( - -1.296e+05 47 0 QUESTION2 1 2.593e+02 6.129e+02)
s>            ( - 2.423e+02 1 0))
s>        ( QUESTION19 -1 -8.140e+04 5.264e+02 3.804e+02
s>            ( QUESTION0 1 -2.289e+04 2.826e+02 1.059e+02
s>                ( - -8.598e+03 4 0 WDBNDRY_B 0 1.757e+02 4.018e+01)
s>                ( - -1.401e+04 1 0))
s>            ( SILENCE 1 -5.798e+04 5.003e+02 2.746e+02
s>                ( - 2.425e+02 1 0)
s>                ( QUESTION0_1_R 1 -5.772e+04 4.698e+02 2.736e+02
s>                    ( - 1.946e+02 1 0)
s>                    ( QUESTION18 -1 -5.745e+04 4.384e+02 2.726e+02
s>                        ( - 1.973e+02 1 0)
s>                        ( - -5.721e+04 28 0 QUESTION0 1 2.450e+02 2.716e+02))))))INFO: dtree.c(1315): Comp split 0
INFO: dtree.c(1478): Final simple tree
|( QUESTION0_1_R 1 -1.299e+05 4.634e+02 6.139e+02
|    ( - 1.946e+02 1 0)
|    ( QUESTION2 1 -1.296e+05 2.593e+02 6.129e+02
|        ( WDBNDRY_I 0 -4.564e+04 2.047e+02 2.166e+02
|            ( - -1.148e+04 8 0 QUESTION0_0_R 1 1.552e+02 5.493e+01)
|            ( QUESTION0_19_R 1 -3.396e+04 2.187e+02 1.617e+02
|                ( - -1.639e+03 1 0)
|                ( QUESTION0_14_R 1 -3.210e+04 1.593e+02 1.527e+02
|                    ( - -2.875e+02 1 0)
|                    ( - -3.166e+04 8 0 WDBNDRY_B 0 1.146e+02 1.507e+02))))
|        ( WDBNDRY_I 0 -8.369e+04 2.577e+02 3.962e+02
|            ( QUESTION0_0_R 1 -4.501e+04 1.635e+02 2.130e+02
|                ( - -2.866e+02 1 0)
|                ( - -4.456e+04 12 0))
|            ( - -3.842e+04 16 0 WDBNDRY_B 0 1.414e+02 1.832e+02))))
s>    ( QUESTION0_1_R 1 -1.299e+05 4.634e+02 6.139e+02
s>        ( - 1.946e+02 1 0)
s>        ( QUESTION2 1 -1.296e+05 2.593e+02 6.129e+02
s>            ( WDBNDRY_I 0 -4.564e+04 2.047e+02 2.166e+02
s>                ( - -1.148e+04 8 0 QUESTION0_0_R 1 1.552e+02 5.493e+01)
s>                ( QUESTION0_19_R 1 -3.396e+04 2.187e+02 1.617e+02
s>                    ( - -1.639e+03 1 0)
s>                    ( QUESTION0_14_R 1 -3.210e+04 1.593e+02 1.527e+02
s>                        ( - -2.875e+02 1 0)
s>                        ( - -3.166e+04 8 0 WDBNDRY_B 0 1.146e+02 1.507e+02))))
s>            ( WDBNDRY_I 0 -8.369e+04 2.577e+02 3.962e+02
s>                ( QUESTION0_0_R 1 -4.501e+04 1.635e+02 2.130e+02
s>                    ( - -2.866e+02 1 0)
s>                    ( - -4.456e+04 12 0))
s>                ( - -3.842e+04 16 0 WDBNDRY_B 0 1.414e+02 1.832e+02))))INFO: dtree.c(1478): Final simple tree
|( QUESTION19 -1 -8.136e+04 5.305e+02 3.804e+02
|    ( QUESTION0 1 -2.289e+04 2.826e+02 1.059e+02
|        ( - -8.598e+03 4 0 WDBNDRY_B 0 1.757e+02 4.018e+01)
|        ( - -1.401e+04 1 0))
|    ( SILENCE 1 -5.794e+04 4.995e+02 2.746e+02
|        ( - 2.425e+02 1 0)
|        ( QUESTION0 -1 -5.768e+04 4.747e+02 2.736e+02
|            ( - 2.423e+02 1 0)
|            ( QUESTION18 -1 -5.745e+04 4.384e+02 2.726e+02
|                ( - 1.973e+02 1 0)
|                ( QUESTION0 1 -5.721e+04 2.450e+02 2.716e+02
|                    ( SILENCE -1 -3.261e+04 4.941e+02 1.548e+02
|                        ( - 2.421e+02 1 0)
|                        ( - -3.236e+04 15 0 WDBNDRY_E 0 2.341e+02 1.538e+02))
|                    ( - -2.435e+04 12 0 QUESTION5 -1 1.842e+02 1.167e+02))))))
s>    ( QUESTION19 -1 -8.136e+04 5.305e+02 3.804e+02
s>        ( QUESTION0 1 -2.289e+04 2.826e+02 1.059e+02
s>            ( - -8.598e+03 4 0 WDBNDRY_B 0 1.757e+02 4.018e+01)
s>            ( - -1.401e+04 1 0))
s>        ( SILENCE 1 -5.794e+04 4.995e+02 2.746e+02
s>            ( - 2.425e+02 1 0)
s>            ( QUESTION0 -1 -5.768e+04 4.747e+02 2.736e+02
s>                ( - 2.423e+02 1 0)
s>                ( QUESTION18 -1 -5.745e+04 4.384e+02 2.726e+02
s>                    ( - 1.973e+02 1 0)
s>                    ( QUESTION0 1 -5.721e+04 2.450e+02 2.716e+02
s>                        ( SILENCE -1 -3.261e+04 4.941e+02 1.548e+02
s>                            ( - 2.421e+02 1 0)
s>                            ( - -3.236e+04 15 0 WDBNDRY_E 0 2.341e+02 1.538e+02))
s>                        ( - -2.435e+04 12 0 QUESTION5 -1 1.842e+02 1.167e+02))))))INFO: dtree.c(1315): Comp split 1
INFO: dtree.c(1439): stop. leaf nodes are specific
INFO: dtree.c(1478): Final simple tree
|( QUESTION17 -1 -2.313e+04 4.355e+02 1.069e+02
|    ( - 1.973e+02 1 0)
|    ( QUESTION0 1 -2.289e+04 2.826e+02 1.059e+02
|        ( WDBNDRY_B 0 -8.598e+03 1.757e+02 4.018e+01
|            ( - -1.957e+03 2 0)
|            ( - -6.465e+03 2 0))
|        ( - -1.401e+04 1 0)))
s>    ( QUESTION17 -1 -2.313e+04 4.355e+02 1.069e+02
s>        ( - 1.973e+02 1 0)
s>        ( QUESTION0 1 -2.289e+04 2.826e+02 1.059e+02
s>            ( WDBNDRY_B 0 -8.598e+03 1.757e+02 4.018e+01
s>                ( - -1.957e+03 2 0)
s>                ( - -6.465e+03 2 0))
s>            ( - -1.401e+04 1 0)))INFO: dtree.c(1478): Final simple tree
|( SILENCE 1 -5.770e+04 4.994e+02 2.736e+02
|    ( - 2.425e+02 1 0)
|    ( QUESTION0 -1 -5.744e+04 4.745e+02 2.726e+02
|        ( - 2.423e+02 1 0)
|        ( QUESTION0 1 -5.721e+04 2.450e+02 2.716e+02
|            ( SILENCE -1 -3.261e+04 4.941e+02 1.548e+02
|                ( - 2.421e+02 1 0)
|                ( WDBNDRY_E 0 -3.236e+04 2.341e+02 1.538e+02
|                    ( - -2.503e+03 1 0)
|                    ( QUESTION7 -1 -2.962e+04 1.949e+02 1.398e+02
|                        ( - -2.289e+03 2 0 WDBNDRY_B 0 1.484e+02 1.200e+01)
|                        ( - -2.714e+04 12 0 QUESTION10 -1 1.780e+02 1.278e+02))))
|            ( QUESTION5 -1 -2.435e+04 1.842e+02 1.167e+02
|                ( - -1.161e+03 1 0)
|                ( - -2.301e+04 11 0 QUESTION2 -1 1.610e+02 1.097e+02)))))
s>    ( SILENCE 1 -5.770e+04 4.994e+02 2.736e+02
s>        ( - 2.425e+02 1 0)
s>        ( QUESTION0 -1 -5.744e+04 4.745e+02 2.726e+02
s>            ( - 2.423e+02 1 0)
s>            ( QUESTION0 1 -5.721e+04 2.450e+02 2.716e+02
s>                ( SILENCE -1 -3.261e+04 4.941e+02 1.548e+02
s>                    ( - 2.421e+02 1 0)
s>                    ( WDBNDRY_E 0 -3.236e+04 2.341e+02 1.538e+02
s>                        ( - -2.503e+03 1 0)
s>                        ( QUESTION7 -1 -2.962e+04 1.949e+02 1.398e+02
s>                            ( - -2.289e+03 2 0 WDBNDRY_B 0 1.484e+02 1.200e+01)
s>                            ( - -2.714e+04 12 0 QUESTION10 -1 1.780e+02 1.278e+02))))
s>                ( QUESTION5 -1 -2.435e+04 1.842e+02 1.167e+02
s>                    ( - -1.161e+03 1 0)
s>                    ( - -2.301e+04 11 0 QUESTION2 -1 1.610e+02 1.097e+02)))))INFO: dtree.c(1315): Comp split 2
INFO: dtree.c(1478): Final simple tree
|( QUESTION0 -1 -5.744e+04 4.745e+02 2.726e+02
|    ( - 2.423e+02 1 0)
|    ( QUESTION0 1 -5.721e+04 2.450e+02 2.716e+02
|        ( SILENCE -1 -3.261e+04 4.941e+02 1.548e+02
|            ( - 2.421e+02 1 0)
|            ( WDBNDRY_E 0 -3.236e+04 2.341e+02 1.538e+02
|                ( - -2.503e+03 1 0)
|                ( QUESTION7 -1 -2.962e+04 1.949e+02 1.398e+02
|                    ( - -2.289e+03 2 0 WDBNDRY_B 0 1.484e+02 1.200e+01)
|                    ( QUESTION10 -1 -2.714e+04 1.780e+02 1.278e+02
|                        ( - -1.529e+03 1 0)
|                        ( - -2.543e+04 11 0 QUESTION4 -1 1.284e+02 1.198e+02)))))
|        ( QUESTION5 -1 -2.435e+04 1.842e+02 1.167e+02
|            ( - -1.161e+03 1 0)
|            ( - -2.301e+04 11 0 QUESTION2 -1 1.610e+02 1.097e+02))))
s>    ( QUESTION0 -1 -5.744e+04 4.745e+02 2.726e+02
s>        ( - 2.423e+02 1 0)
s>        ( QUESTION0 1 -5.721e+04 2.450e+02 2.716e+02
s>            ( SILENCE -1 -3.261e+04 4.941e+02 1.548e+02
s>                ( - 2.421e+02 1 0)
s>                ( WDBNDRY_E 0 -3.236e+04 2.341e+02 1.538e+02
s>                    ( - -2.503e+03 1 0)
s>                    ( QUESTION7 -1 -2.962e+04 1.949e+02 1.398e+02
s>                        ( - -2.289e+03 2 0 WDBNDRY_B 0 1.484e+02 1.200e+01)
s>                        ( QUESTION10 -1 -2.714e+04 1.780e+02 1.278e+02
s>                            ( - -1.529e+03 1 0)
s>                            ( - -2.543e+04 11 0 QUESTION4 -1 1.284e+02 1.198e+02)))))
s>            ( QUESTION5 -1 -2.435e+04 1.842e+02 1.167e+02
s>                ( - -1.161e+03 1 0)
s>                ( - -2.301e+04 11 0 QUESTION2 -1 1.610e+02 1.097e+02))))INFO: dtree.c(1315): Comp split 3
INFO: dtree.c(1478): Final simple tree
|( QUESTION0 -1 -5.719e+04 4.752e+02 2.716e+02
|    ( - 2.423e+02 1 0)
|    ( QUESTION0 1 -5.696e+04 2.462e+02 2.706e+02
|        ( WDBNDRY_E 0 -3.236e+04 2.341e+02 1.538e+02
|            ( - -2.503e+03 1 0)
|            ( QUESTION7 -1 -2.962e+04 1.949e+02 1.398e+02
|                ( - -2.289e+03 2 0 WDBNDRY_B 0 1.484e+02 1.200e+01)
|                ( QUESTION10 -1 -2.714e+04 1.780e+02 1.278e+02
|                    ( - -1.529e+03 1 0)
|                    ( - -2.543e+04 11 0 QUESTION4 -1 1.284e+02 1.198e+02))))
|        ( QUESTION5 -1 -2.435e+04 1.842e+02 1.167e+02
|            ( - -1.161e+03 1 0)
|            ( QUESTION2 -1 -2.301e+04 1.610e+02 1.097e+02
|                ( - -2.026e+04 9 0 QUESTION2_19_L -1 1.423e+02 9.722e+01)
|                ( - -2.587e+03 2 0 SILENCE -1 1.571e+02 1.252e+01)))))
s>    ( QUESTION0 -1 -5.719e+04 4.752e+02 2.716e+02
s>        ( - 2.423e+02 1 0)
s>        ( QUESTION0 1 -5.696e+04 2.462e+02 2.706e+02
s>            ( WDBNDRY_E 0 -3.236e+04 2.341e+02 1.538e+02
s>                ( - -2.503e+03 1 0)
s>                ( QUESTION7 -1 -2.962e+04 1.949e+02 1.398e+02
s>                    ( - -2.289e+03 2 0 WDBNDRY_B 0 1.484e+02 1.200e+01)
s>                    ( QUESTION10 -1 -2.714e+04 1.780e+02 1.278e+02
s>                        ( - -1.529e+03 1 0)
s>                        ( - -2.543e+04 11 0 QUESTION4 -1 1.284e+02 1.198e+02))))
s>            ( QUESTION5 -1 -2.435e+04 1.842e+02 1.167e+02
s>                ( - -1.161e+03 1 0)
s>                ( QUESTION2 -1 -2.301e+04 1.610e+02 1.097e+02
s>                    ( - -2.026e+04 9 0 QUESTION2_19_L -1 1.423e+02 9.722e+01)
s>                    ( - -2.587e+03 2 0 SILENCE -1 1.571e+02 1.252e+01)))))INFO: dtree.c(1315): Comp split 4
INFO: dtree.c(1478): Final simple tree
|( QUESTION0 1 -5.696e+04 2.462e+02 2.706e+02
|    ( WDBNDRY_E 0 -3.236e+04 2.341e+02 1.538e+02
|        ( - -2.503e+03 1 0)
|        ( QUESTION7 -1 -2.962e+04 1.949e+02 1.398e+02
|            ( - -2.289e+03 2 0 WDBNDRY_B 0 1.484e+02 1.200e+01)
|            ( QUESTION10 -1 -2.714e+04 1.780e+02 1.278e+02
|                ( - -1.529e+03 1 0)
|                ( - -2.543e+04 11 0 QUESTION4 -1 1.284e+02 1.198e+02))))
|    ( QUESTION5 -1 -2.435e+04 1.842e+02 1.167e+02
|        ( - -1.161e+03 1 0)
|        ( QUESTION2 -1 -2.301e+04 1.610e+02 1.097e+02
|            ( - -2.026e+04 9 0 QUESTION2_19_L -1 1.423e+02 9.722e+01)
|            ( SILENCE -1 -2.587e+03 1.571e+02 1.252e+01
|                ( - -2.152e+03 1 0)
|                ( - -2.783e+02 1 0)))))
s>    ( QUESTION0 1 -5.696e+04 2.462e+02 2.706e+02
s>        ( WDBNDRY_E 0 -3.236e+04 2.341e+02 1.538e+02
s>            ( - -2.503e+03 1 0)
s>            ( QUESTION7 -1 -2.962e+04 1.949e+02 1.398e+02
s>                ( - -2.289e+03 2 0 WDBNDRY_B 0 1.484e+02 1.200e+01)
s>                ( QUESTION10 -1 -2.714e+04 1.780e+02 1.278e+02
s>                    ( - -1.529e+03 1 0)
s>                    ( - -2.543e+04 11 0 QUESTION4 -1 1.284e+02 1.198e+02))))
s>        ( QUESTION5 -1 -2.435e+04 1.842e+02 1.167e+02
s>            ( - -1.161e+03 1 0)
s>            ( QUESTION2 -1 -2.301e+04 1.610e+02 1.097e+02
s>                ( - -2.026e+04 9 0 QUESTION2_19_L -1 1.423e+02 9.722e+01)
s>                ( SILENCE -1 -2.587e+03 1.571e+02 1.252e+01
s>                    ( - -2.152e+03 1 0)
s>                    ( - -2.783e+02 1 0)))))INFO: dtree.c(1315): Comp split 5
INFO: dtree.c(1478): Final simple tree
|( QUESTION2 1 -1.296e+05 2.593e+02 6.129e+02
|    ( WDBNDRY_I 0 -4.564e+04 2.047e+02 2.166e+02
|        ( QUESTION0_0_R 1 -1.148e+04 1.552e+02 5.493e+01
|            ( - -3.403e+03 5 0 QUESTION0_8_R 1 1.192e+02 1.600e+01)
|            ( - -7.920e+03 3 0))
|        ( QUESTION0_19_R 1 -3.396e+04 2.187e+02 1.617e+02
|            ( - -1.639e+03 1 0)
|            ( QUESTION0_14_R 1 -3.210e+04 1.593e+02 1.527e+02
|                ( - -2.875e+02 1 0)
|                ( - -3.166e+04 8 0 WDBNDRY_B 0 1.146e+02 1.507e+02))))
|    ( WDBNDRY_I 0 -8.369e+04 2.577e+02 3.962e+02
|        ( QUESTION0_0_R 1 -4.501e+04 1.635e+02 2.130e+02
|            ( - -2.866e+02 1 0)
|            ( - -4.456e+04 12 0))
|        ( - -3.842e+04 16 0 WDBNDRY_B 0 1.414e+02 1.832e+02)))
s>    ( QUESTION2 1 -1.296e+05 2.593e+02 6.129e+02
s>        ( WDBNDRY_I 0 -4.564e+04 2.047e+02 2.166e+02
s>            ( QUESTION0_0_R 1 -1.148e+04 1.552e+02 5.493e+01
s>                ( - -3.403e+03 5 0 QUESTION0_8_R 1 1.192e+02 1.600e+01)
s>                ( - -7.920e+03 3 0))
s>            ( QUESTION0_19_R 1 -3.396e+04 2.187e+02 1.617e+02
s>                ( - -1.639e+03 1 0)
s>                ( QUESTION0_14_R 1 -3.210e+04 1.593e+02 1.527e+02
s>                    ( - -2.875e+02 1 0)
s>                    ( - -3.166e+04 8 0 WDBNDRY_B 0 1.146e+02 1.507e+02))))
s>        ( WDBNDRY_I 0 -8.369e+04 2.577e+02 3.962e+02
s>            ( QUESTION0_0_R 1 -4.501e+04 1.635e+02 2.130e+02
s>                ( - -2.866e+02 1 0)
s>                ( - -4.456e+04 12 0))
s>            ( - -3.842e+04 16 0 WDBNDRY_B 0 1.414e+02 1.832e+02)))INFO: dtree.c(1315): Comp split 6
INFO: dtree.c(1439): stop. leaf nodes are specific
INFO: dtree.c(1478): Final simple tree
|( QUESTION0 1 -2.289e+04 2.826e+02 1.059e+02
|    ( WDBNDRY_B 0 -8.598e+03 1.757e+02 4.018e+01
|        ( - -1.957e+03 2 0)
|        ( - -6.465e+03 2 0))
|    ( - -1.401e+04 1 0))
s>    ( QUESTION0 1 -2.289e+04 2.826e+02 1.059e+02
s>        ( WDBNDRY_B 0 -8.598e+03 1.757e+02 4.018e+01
s>            ( - -1.957e+03 2 0)
s>            ( - -6.465e+03 2 0))
s>        ( - -1.401e+04 1 0))INFO: dtree.c(1315): Comp split 7
INFO: dtree.c(1439): stop. leaf nodes are specific
INFO: dtree.c(1478): Final simple tree
|( WDBNDRY_B 0 -8.598e+03 1.757e+02 4.018e+01
|    ( - -1.957e+03 2 0)
|    ( - -6.465e+03 2 0))
s>    ( WDBNDRY_B 0 -8.598e+03 1.757e+02 4.018e+01
s>        ( - -1.957e+03 2 0)
s>        ( - -6.465e+03 2 0))INFO: dtree.c(1315): Comp split 8
INFO: dtree.c(1478): Final simple tree
|( QUESTION0 1 -4.868e+04 2.470e+02 2.296e+02
|    ( QUESTION4 -1 -2.543e+04 1.284e+02 1.198e+02
|        ( - -5.099e+02 1 0)
|        ( - -2.479e+04 10 0 QUESTION2 -1 1.123e+02 1.168e+02))
|    ( QUESTION2 -1 -2.301e+04 1.610e+02 1.097e+02
|        ( QUESTION2_19_L -1 -2.026e+04 1.423e+02 9.722e+01
|            ( QUESTION2_20_L -1 -1.941e+03 1.473e+02 1.000e+01
|                ( - -1.325e+03 1 0)
|                ( - -4.691e+02 1 0))
|            ( QUESTION3 -1 -1.817e+04 1.300e+02 8.722e+01
|                ( - -1.766e+04 6 0 WDBNDRY_B 0 1.161e+02 8.522e+01)
|                ( - -3.837e+02 1 0)))
|        ( SILENCE -1 -2.587e+03 1.571e+02 1.252e+01
|            ( - -2.152e+03 1 0)
|            ( - -2.783e+02 1 0))))
s>    ( QUESTION0 1 -4.868e+04 2.470e+02 2.296e+02
s>        ( QUESTION4 -1 -2.543e+04 1.284e+02 1.198e+02
s>            ( - -5.099e+02 1 0)
s>            ( - -2.479e+04 10 0 QUESTION2 -1 1.123e+02 1.168e+02))
s>        ( QUESTION2 -1 -2.301e+04 1.610e+02 1.097e+02
s>            ( QUESTION2_19_L -1 -2.026e+04 1.423e+02 9.722e+01
s>                ( QUESTION2_20_L -1 -1.941e+03 1.473e+02 1.000e+01
s>                    ( - -1.325e+03 1 0)
s>                    ( - -4.691e+02 1 0))
s>                ( QUESTION3 -1 -1.817e+04 1.300e+02 8.722e+01
s>                    ( - -1.766e+04 6 0 WDBNDRY_B 0 1.161e+02 8.522e+01)
s>                    ( - -3.837e+02 1 0)))
s>            ( SILENCE -1 -2.587e+03 1.571e+02 1.252e+01
s>                ( - -2.152e+03 1 0)
s>                ( - -2.783e+02 1 0))))INFO: dtree.c(1439): stop. leaf nodes are specific
INFO: dtree.c(1478): Final simple tree
|( QUESTION2 -1 -7.990e+03 1.784e+02 4.100e+01
|    ( WDBNDRY_E 0 -6.283e+03 1.790e+02 3.300e+01
|        ( - -2.503e+03 1 0)
|        ( QUESTION0 1 -3.601e+03 1.507e+02 1.900e+01
|            ( WDBNDRY_B 0 -2.289e+03 1.484e+02 1.200e+01
|                ( - -1.215e+03 1 0)
|                ( - -9.253e+02 1 0))
|            ( - -1.161e+03 1 0)))
|    ( - -1.529e+03 1 0))
s>    ( QUESTION2 -1 -7.990e+03 1.784e+02 4.100e+01
s>        ( WDBNDRY_E 0 -6.283e+03 1.790e+02 3.300e+01
s>            ( - -2.503e+03 1 0)
s>            ( QUESTION0 1 -3.601e+03 1.507e+02 1.900e+01
s>                ( WDBNDRY_B 0 -2.289e+03 1.484e+02 1.200e+01
s>                    ( - -1.215e+03 1 0)
s>                    ( - -9.253e+02 1 0))
s>                ( - -1.161e+03 1 0)))
s>        ( - -1.529e+03 1 0))INFO: dtree.c(1315): Comp split 9
INFO: dtree.c(1439): stop. leaf nodes are specific
INFO: dtree.c(1478): Final simple tree
|( QUESTION2 1 -8.860e+04 2.465e+02 4.187e+02
|    ( WDBNDRY_I 0 -4.334e+04 2.078e+02 2.056e+02
|        ( QUESTION0_0_R 1 -1.148e+04 1.552e+02 5.493e+01
|            ( QUESTION0_8_R 1 -3.403e+03 1.192e+02 1.600e+01
|                ( - -2.662e+03 3 0)
|                ( - -6.219e+02 2 0))
|            ( - -7.920e+03 3 0))
|        ( WDBNDRY_B 0 -3.166e+04 1.146e+02 1.507e+02
|            ( - -3.077e+04 7 0)
|            ( - -7.687e+02 1 0)))
|    ( QUESTION0_0_R 1 -4.501e+04 1.635e+02 2.130e+02
|        ( - -2.866e+02 1 0)
|        ( - -4.456e+04 12 0)))
s>    ( QUESTION2 1 -8.860e+04 2.465e+02 4.187e+02
s>        ( WDBNDRY_I 0 -4.334e+04 2.078e+02 2.056e+02
s>            ( QUESTION0_0_R 1 -1.148e+04 1.552e+02 5.493e+01
s>                ( QUESTION0_8_R 1 -3.403e+03 1.192e+02 1.600e+01
s>                    ( - -2.662e+03 3 0)
s>                    ( - -6.219e+02 2 0))
s>                ( - -7.920e+03 3 0))
s>            ( WDBNDRY_B 0 -3.166e+04 1.146e+02 1.507e+02
s>                ( - -3.077e+04 7 0)
s>                ( - -7.687e+02 1 0)))
s>        ( QUESTION0_0_R 1 -4.501e+04 1.635e+02 2.130e+02
s>            ( - -2.866e+02 1 0)
s>            ( - -4.456e+04 12 0)))INFO: dtree.c(1439): stop. leaf nodes are specific
INFO: dtree.c(1478): Final simple tree
|( QUESTION0_19_R 1 -4.071e+04 2.148e+02 1.942e+02
|    ( - -1.639e+03 1 0)
|    ( QUESTION0_0_R 1 -3.886e+04 1.528e+02 1.852e+02
|        ( - -2.875e+02 1 0)
|        ( WDBNDRY_B 0 -3.842e+04 1.414e+02 1.832e+02
|            ( - -3.405e+04 13 0)
|            ( - -4.228e+03 3 0))))
s>    ( QUESTION0_19_R 1 -4.071e+04 2.148e+02 1.942e+02
s>        ( - -1.639e+03 1 0)
s>        ( QUESTION0_0_R 1 -3.886e+04 1.528e+02 1.852e+02
s>            ( - -2.875e+02 1 0)
s>            ( WDBNDRY_B 0 -3.842e+04 1.414e+02 1.832e+02
s>                ( - -3.405e+04 13 0)
s>                ( - -4.228e+03 3 0))))INFO: dtree.c(1315): Comp split 10
INFO: dtree.c(1439): stop. leaf nodes are specific
INFO: dtree.c(1478): Final simple tree
|( WDBNDRY_B 0 -1.766e+04 1.161e+02 8.522e+01
|    ( - -1.631e+04 4 0)
|    ( - -1.239e+03 2 0))
s>    ( WDBNDRY_B 0 -1.766e+04 1.161e+02 8.522e+01
s>        ( - -1.631e+04 4 0)
s>        ( - -1.239e+03 2 0))INFO: dtree.c(1478): Final simple tree
|( SILENCE -1 -3.075e+04 1.539e+02 1.444e+02
|    ( - -2.152e+03 1 0)
|    ( WDBNDRY_B 0 -2.844e+04 1.319e+02 1.338e+02
|        ( QUESTION5 -1 -7.057e+03 1.341e+02 3.300e+01
|            ( - -5.099e+02 1 0)
|            ( QUESTION2_16_L -1 -6.413e+03 1.245e+02 3.000e+01
|                ( - -3.837e+02 1 0)
|                ( QUESTION2 -1 -5.904e+03 1.232e+02 2.800e+01
|                    ( QUESTION2_20_L -1 -4.323e+03 1.090e+02 2.100e+01
|                        ( - -1.325e+03 1 0)
|                        ( - -2.890e+03 4 0 QUESTION0 1 1.339e+02 1.400e+01))
|                    ( QUESTION0 1 -1.458e+03 1.535e+02 7.000e+00
|                        ( - -1.026e+03 3 0)
|                        ( - -2.783e+02 1 0)))))
|        ( - -2.126e+04 4 0)))
s>    ( SILENCE -1 -3.075e+04 1.539e+02 1.444e+02
s>        ( - -2.152e+03 1 0)
s>        ( WDBNDRY_B 0 -2.844e+04 1.319e+02 1.338e+02
s>            ( QUESTION5 -1 -7.057e+03 1.341e+02 3.300e+01
s>                ( - -5.099e+02 1 0)
s>                ( QUESTION2_16_L -1 -6.413e+03 1.245e+02 3.000e+01
s>                    ( - -3.837e+02 1 0)
s>                    ( QUESTION2 -1 -5.904e+03 1.232e+02 2.800e+01
s>                        ( QUESTION2_20_L -1 -4.323e+03 1.090e+02 2.100e+01
s>                            ( - -1.325e+03 1 0)
s>                            ( - -2.890e+03 4 0 QUESTION0 1 1.339e+02 1.400e+01))
s>                        ( QUESTION0 1 -1.458e+03 1.535e+02 7.000e+00
s>                            ( - -1.026e+03 3 0)
s>                            ( - -2.783e+02 1 0)))))
s>            ( - -2.126e+04 4 0)))INFO: dtree.c(1315): Comp split 11
INFO: dtree.c(1439): stop. leaf nodes are specific
INFO: dtree.c(1478): Final simple tree
|( QUESTION0_11_R 1 -4.664e+04 1.634e+02 2.200e+02
|    ( - -2.866e+02 1 0)
|    ( QUESTION0_0_R 1 -4.619e+04 1.357e+02 2.180e+02
|        ( WDBNDRY_E 0 -1.491e+03 1.004e+02 7.000e+00
|            ( - -7.687e+02 1 0)
|            ( - -6.219e+02 2 0))
|        ( - -4.456e+04 12 0)))
s>    ( QUESTION0_11_R 1 -4.664e+04 1.634e+02 2.200e+02
s>        ( - -2.866e+02 1 0)
s>        ( QUESTION0_0_R 1 -4.619e+04 1.357e+02 2.180e+02
s>            ( WDBNDRY_E 0 -1.491e+03 1.004e+02 7.000e+00
s>                ( - -7.687e+02 1 0)
s>                ( - -6.219e+02 2 0))
s>            ( - -4.456e+04 12 0)))INFO: dtree.c(1439): stop. leaf nodes are specific
INFO: dtree.c(1478): Final simple tree
|( WDBNDRY_B 0 -4.170e+04 2.105e+02 1.986e+02
|    ( - -3.077e+04 7 0)
|    ( QUESTION0_0_R 1 -1.072e+04 1.359e+02 5.193e+01
|        ( - -2.662e+03 3 0)
|        ( - -7.920e+03 3 0)))
s>    ( WDBNDRY_B 0 -4.170e+04 2.105e+02 1.986e+02
s>        ( - -3.077e+04 7 0)
s>        ( QUESTION0_0_R 1 -1.072e+04 1.359e+02 5.193e+01
s>            ( - -2.662e+03 3 0)
s>            ( - -7.920e+03 3 0)))INFO: dtree.c(1315): Comp split 12
INFO: dtree.c(1439): stop. leaf nodes are specific
INFO: dtree.c(1478): Final simple tree
|( QUESTION0_0_R 1 -3.886e+04 1.528e+02 1.852e+02
|    ( - -2.875e+02 1 0)
|    ( WDBNDRY_B 0 -3.842e+04 1.414e+02 1.832e+02
|        ( - -3.405e+04 13 0)
|        ( - -4.228e+03 3 0)))
s>    ( QUESTION0_0_R 1 -3.886e+04 1.528e+02 1.852e+02
s>        ( - -2.875e+02 1 0)
s>        ( WDBNDRY_B 0 -3.842e+04 1.414e+02 1.832e+02
s>            ( - -3.405e+04 13 0)
s>            ( - -4.228e+03 3 0)))INFO: dtree.c(1315): Comp split 13
INFO: dtree.c(1439): stop. leaf nodes are specific
INFO: dtree.c(1478): Final simple tree
|( QUESTION0_0_R 1 -1.072e+04 1.359e+02 5.193e+01
|    ( - -2.662e+03 3 0)
|    ( - -7.920e+03 3 0))
s>    ( QUESTION0_0_R 1 -1.072e+04 1.359e+02 5.193e+01
s>        ( - -2.662e+03 3 0)
s>        ( - -7.920e+03 3 0))INFO: dtree.c(1315): Comp split 14
INFO: dtree.c(1439): stop. leaf nodes are specific
INFO: dtree.c(1478): Final simple tree
|( WDBNDRY_E 0 -6.283e+03 1.790e+02 3.300e+01
|    ( - -2.503e+03 1 0)
|    ( QUESTION0 1 -3.601e+03 1.507e+02 1.900e+01
|        ( WDBNDRY_B 0 -2.289e+03 1.484e+02 1.200e+01
|            ( - -1.215e+03 1 0)
|            ( - -9.253e+02 1 0))
|        ( - -1.161e+03 1 0)))
s>    ( WDBNDRY_E 0 -6.283e+03 1.790e+02 3.300e+01
s>        ( - -2.503e+03 1 0)
s>        ( QUESTION0 1 -3.601e+03 1.507e+02 1.900e+01
s>            ( WDBNDRY_B 0 -2.289e+03 1.484e+02 1.200e+01
s>                ( - -1.215e+03 1 0)
s>                ( - -9.253e+02 1 0))
s>            ( - -1.161e+03 1 0)))INFO: dtree.c(1315): Comp split 15
INFO: dtree.c(1439): stop. leaf nodes are specific
INFO: dtree.c(1478): Final simple tree
|( QUESTION0 1 -3.601e+03 1.507e+02 1.900e+01
|    ( WDBNDRY_B 0 -2.289e+03 1.484e+02 1.200e+01
|        ( - -1.215e+03 1 0)
|        ( - -9.253e+02 1 0))
|    ( - -1.161e+03 1 0))
s>    ( QUESTION0 1 -3.601e+03 1.507e+02 1.900e+01
s>        ( WDBNDRY_B 0 -2.289e+03 1.484e+02 1.200e+01
s>            ( - -1.215e+03 1 0)
s>            ( - -9.253e+02 1 0))
s>        ( - -1.161e+03 1 0))INFO: dtree.c(1315): Comp split 16
INFO: dtree.c(1315): Comp split 17
INFO: dtree.c(1439): stop. leaf nodes are specific
INFO: dtree.c(1478): Final simple tree
|( QUESTION0_0_R 1 -4.619e+04 1.357e+02 2.180e+02
|    ( WDBNDRY_E 0 -1.491e+03 1.004e+02 7.000e+00
|        ( - -7.687e+02 1 0)
|        ( - -6.219e+02 2 0))
|    ( - -4.456e+04 12 0))
s>    ( QUESTION0_0_R 1 -4.619e+04 1.357e+02 2.180e+02
s>        ( WDBNDRY_E 0 -1.491e+03 1.004e+02 7.000e+00
s>            ( - -7.687e+02 1 0)
s>            ( - -6.219e+02 2 0))
s>        ( - -4.456e+04 12 0))INFO: dtree.c(1315): Comp split 18
INFO: dtree.c(1478): Final simple tree
|( SILENCE -1 -3.031e+04 1.552e+02 1.424e+02
|    ( - -2.152e+03 1 0)
|    ( QUESTION5 -1 -2.801e+04 1.291e+02 1.318e+02
|        ( - -5.099e+02 1 0)
|        ( QUESTION2_19_L -1 -2.737e+04 1.278e+02 1.288e+02
|            ( QUESTION2_20_L -1 -1.941e+03 1.473e+02 1.000e+01
|                ( - -1.325e+03 1 0)
|                ( - -4.691e+02 1 0))
|            ( QUESTION0 1 -2.530e+04 1.226e+02 1.188e+02
|                ( QUESTION2 -1 -2.479e+04 1.123e+02 1.168e+02
|                    ( WDBNDRY_B 0 -2.365e+04 1.125e+02 1.118e+02
|                        ( - -2.287e+03 3 0)
|                        ( - -2.126e+04 4 0))
|                    ( - -1.026e+03 3 0))
|                ( - -3.837e+02 1 0)))))
s>    ( SILENCE -1 -3.031e+04 1.552e+02 1.424e+02
s>        ( - -2.152e+03 1 0)
s>        ( QUESTION5 -1 -2.801e+04 1.291e+02 1.318e+02
s>            ( - -5.099e+02 1 0)
s>            ( QUESTION2_19_L -1 -2.737e+04 1.278e+02 1.288e+02
s>                ( QUESTION2_20_L -1 -1.941e+03 1.473e+02 1.000e+01
s>                    ( - -1.325e+03 1 0)
s>                    ( - -4.691e+02 1 0))
s>                ( QUESTION0 1 -2.530e+04 1.226e+02 1.188e+02
s>                    ( QUESTION2 -1 -2.479e+04 1.123e+02 1.168e+02
s>                        ( WDBNDRY_B 0 -2.365e+04 1.125e+02 1.118e+02
s>                            ( - -2.287e+03 3 0)
s>                            ( - -2.126e+04 4 0))
s>                        ( - -1.026e+03 3 0))
s>                    ( - -3.837e+02 1 0)))))INFO: dtree.c(1315): Comp split 19
INFO: dtree.c(1439): stop. leaf nodes are specific
INFO: dtree.c(1478): Final simple tree
|( QUESTION5 -1 -2.801e+04 1.291e+02 1.318e+02
|    ( - -5.099e+02 1 0)
|    ( QUESTION2_19_L -1 -2.737e+04 1.278e+02 1.288e+02
|        ( QUESTION2_20_L -1 -1.941e+03 1.473e+02 1.000e+01
|            ( - -1.325e+03 1 0)
|            ( - -4.691e+02 1 0))
|        ( QUESTION0 1 -2.530e+04 1.226e+02 1.188e+02
|            ( QUESTION2 -1 -2.479e+04 1.123e+02 1.168e+02
|                ( WDBNDRY_B 0 -2.365e+04 1.125e+02 1.118e+02
|                    ( - -2.287e+03 3 0)
|                    ( - -2.126e+04 4 0))
|                ( - -1.026e+03 3 0))
|            ( - -3.837e+02 1 0))))
s>    ( QUESTION5 -1 -2.801e+04 1.291e+02 1.318e+02
s>        ( - -5.099e+02 1 0)
s>        ( QUESTION2_19_L -1 -2.737e+04 1.278e+02 1.288e+02
s>            ( QUESTION2_20_L -1 -1.941e+03 1.473e+02 1.000e+01
s>                ( - -1.325e+03 1 0)
s>                ( - -4.691e+02 1 0))
s>            ( QUESTION0 1 -2.530e+04 1.226e+02 1.188e+02
s>                ( QUESTION2 -1 -2.479e+04 1.123e+02 1.168e+02
s>                    ( WDBNDRY_B 0 -2.365e+04 1.125e+02 1.118e+02
s>                        ( - -2.287e+03 3 0)
s>                        ( - -2.126e+04 4 0))
s>                    ( - -1.026e+03 3 0))
s>                ( - -3.837e+02 1 0))))INFO: dtree.c(1315): Comp split 20
INFO: dtree.c(1439): stop. leaf nodes are specific
INFO: dtree.c(1478): Final simple tree
|( WDBNDRY_B 0 -3.842e+04 1.414e+02 1.832e+02
|    ( - -3.405e+04 13 0)
|    ( - -4.228e+03 3 0))
s>    ( WDBNDRY_B 0 -3.842e+04 1.414e+02 1.832e+02
s>        ( - -3.405e+04 13 0)
s>        ( - -4.228e+03 3 0))INFO: dtree.c(1315): Comp split 21
INFO: dtree.c(1439): stop. leaf nodes are specific
INFO: dtree.c(1478): Final simple tree
|( WDBNDRY_B 0 -2.289e+03 1.484e+02 1.200e+01
|    ( - -1.215e+03 1 0)
|    ( - -9.253e+02 1 0))
s>    ( WDBNDRY_B 0 -2.289e+03 1.484e+02 1.200e+01
s>        ( - -1.215e+03 1 0)
s>        ( - -9.253e+02 1 0))INFO: dtree.c(1315): Comp split 22
INFO: dtree.c(1315): Comp split 23
INFO: dtree.c(1439): stop. leaf nodes are specific
INFO: dtree.c(1478): Final simple tree
|( QUESTION5 -1 -2.739e+04 1.286e+02 1.288e+02
|    ( - -5.099e+02 1 0)
|    ( QUESTION2_19_L -1 -2.675e+04 1.274e+02 1.258e+02
|        ( - -1.325e+03 1 0)
|        ( QUESTION0 1 -2.530e+04 1.226e+02 1.188e+02
|            ( QUESTION2 -1 -2.479e+04 1.123e+02 1.168e+02
|                ( WDBNDRY_B 0 -2.365e+04 1.125e+02 1.118e+02
|                    ( - -2.287e+03 3 0)
|                    ( - -2.126e+04 4 0))
|                ( - -1.026e+03 3 0))
|            ( - -3.837e+02 1 0))))
s>    ( QUESTION5 -1 -2.739e+04 1.286e+02 1.288e+02
s>        ( - -5.099e+02 1 0)
s>        ( QUESTION2_19_L -1 -2.675e+04 1.274e+02 1.258e+02
s>            ( - -1.325e+03 1 0)
s>            ( QUESTION0 1 -2.530e+04 1.226e+02 1.188e+02
s>                ( QUESTION2 -1 -2.479e+04 1.123e+02 1.168e+02
s>                    ( WDBNDRY_B 0 -2.365e+04 1.125e+02 1.118e+02
s>                        ( - -2.287e+03 3 0)
s>                        ( - -2.126e+04 4 0))
s>                    ( - -1.026e+03 3 0))
s>                ( - -3.837e+02 1 0))))INFO: dtree.c(1315): Comp split 24
INFO: dtree.c(1315): Comp split 25
INFO: dtree.c(1315): Comp split 26
INFO: dtree.c(1439): stop. leaf nodes are specific
INFO: dtree.c(1478): Final simple tree
|( WDBNDRY_E 0 -1.491e+03 1.004e+02 7.000e+00
|    ( - -7.687e+02 1 0)
|    ( - -6.219e+02 2 0))
s>    ( WDBNDRY_E 0 -1.491e+03 1.004e+02 7.000e+00
s>        ( - -7.687e+02 1 0)
s>        ( - -6.219e+02 2 0))INFO: dtree.c(1315): Comp split 27
INFO: dtree.c(1439): stop. leaf nodes are specific
INFO: dtree.c(1478): Final simple tree
|( QUESTION0 1 -3.715e+03 1.038e+02 1.800e+01
|    ( - -2.287e+03 3 0)
|    ( - -1.325e+03 1 0))
s>    ( QUESTION0 1 -3.715e+03 1.038e+02 1.800e+01
s>        ( - -2.287e+03 3 0)
s>        ( - -1.325e+03 1 0))INFO: dtree.c(1439): stop. leaf nodes are specific
INFO: dtree.c(1478): Final simple tree
|( QUESTION5 -1 -2.354e+04 1.292e+02 1.108e+02
|    ( - -5.099e+02 1 0)
|    ( QUESTION0 1 -2.290e+04 1.229e+02 1.078e+02
|        ( WDBNDRY_B 0 -2.239e+04 1.129e+02 1.058e+02
|            ( - -1.026e+03 3 0)
|            ( - -2.126e+04 4 0))
|        ( - -3.837e+02 1 0)))
s>    ( QUESTION5 -1 -2.354e+04 1.292e+02 1.108e+02
s>        ( - -5.099e+02 1 0)
s>        ( QUESTION0 1 -2.290e+04 1.229e+02 1.078e+02
s>            ( WDBNDRY_B 0 -2.239e+04 1.129e+02 1.058e+02
s>                ( - -1.026e+03 3 0)
s>                ( - -2.126e+04 4 0))
s>            ( - -3.837e+02 1 0)))INFO: dtree.c(1315): Comp split 28
INFO: dtree.c(1439): stop. leaf nodes are specific
INFO: dtree.c(1478): Final simple tree
|( QUESTION0 1 -2.290e+04 1.229e+02 1.078e+02
|    ( WDBNDRY_B 0 -2.239e+04 1.129e+02 1.058e+02
|        ( - -1.026e+03 3 0)
|        ( - -2.126e+04 4 0))
|    ( - -3.837e+02 1 0))
s>    ( QUESTION0 1 -2.290e+04 1.229e+02 1.078e+02
s>        ( WDBNDRY_B 0 -2.239e+04 1.129e+02 1.058e+02
s>            ( - -1.026e+03 3 0)
s>            ( - -2.126e+04 4 0))
s>        ( - -3.837e+02 1 0))INFO: dtree.c(1315): Comp split 29
INFO: dtree.c(1439): stop. leaf nodes are specific
INFO: dtree.c(1478): Final simple tree
|( WDBNDRY_B 0 -2.239e+04 1.129e+02 1.058e+02
|    ( - -1.026e+03 3 0)
|    ( - -2.126e+04 4 0))
s>    ( WDBNDRY_B 0 -2.239e+04 1.129e+02 1.058e+02
s>        ( - -1.026e+03 3 0)
s>        ( - -2.126e+04 4 0))INFO: dtree.c(1315): Comp split 30
INFO: dtree.c(1315): Comp split 31
INFO: dtree.c(1315): Comp split 32
INFO: dtree.c(1315): Comp split 33
INFO: dtree.c(1315): Comp split 34
INFO: dtree.c(1318): stop. leaf nodes are specific
Mon Apr 24 17:44:54 2023
