Current configuration:
[NAME]		[DEFLT]	[VALUE]
-allphones	no	no
-cntthresh	0.00001	1.000000e-05
-csplitmax	100	2000
-csplitmin	1	1
-csplitthr	8e-4	0.000000e+00
-example	no	no
-fullvar	no	no
-help		no	no
-meanfn			/home/lucija/Documents/Zadnji semestar/ROGJ/Prezentacije/CMUspinx/tutorial15/model_parameters/my_db.cd_cont_untied/means
-mixwfn			/home/lucija/Documents/Zadnji semestar/ROGJ/Prezentacije/CMUspinx/tutorial15/model_parameters/my_db.cd_cont_untied/mixture_weights
-moddeffn		/home/lucija/Documents/Zadnji semestar/ROGJ/Prezentacije/CMUspinx/tutorial15/model_architecture/my_db.untied.mdef
-mwfloor	1e-4	1.000000e-08
-phone			
-psetfn			/home/lucija/Documents/Zadnji semestar/ROGJ/Prezentacije/CMUspinx/tutorial15/model_architecture/my_db.tree_questions
-ssplitmax	5	7
-ssplitmin	1	1
-ssplitthr	8e-4	0.000000e+00
-state			0
-stwt			1.0,0.05,0.0,
-treefn			/home/lucija/Documents/Zadnji semestar/ROGJ/Prezentacije/CMUspinx/tutorial15/trees/my_db.unpruned/-0.dtree
-ts2cbfn	.semi.	.cont.
-varfloor	0.00001	1.000000e-05
-varfn			/home/lucija/Documents/Zadnji semestar/ROGJ/Prezentacije/CMUspinx/tutorial15/model_parameters/my_db.cd_cont_untied/variances

INFO: main.c(223): Reading: /home/lucija/Documents/Zadnji semestar/ROGJ/Prezentacije/CMUspinx/tutorial15/model_architecture/my_db.untied.mdef
INFO: model_def_io.c(573): Model definition info:
INFO: model_def_io.c(574): 12056 total models defined (32 base, 12024 tri)
INFO: model_def_io.c(575): 48224 total states
INFO: model_def_io.c(576): 36168 total tied states
INFO: model_def_io.c(577): 96 total tied CI states
INFO: model_def_io.c(578): 32 total tied transition matrices
INFO: model_def_io.c(579): 4 max state/model
INFO: model_def_io.c(580): 4 min state/model
INFO: main.c(242): Building trees for [ SIL a b] through [ u u i]
INFO: main.c(268): Covering states |[35163 35270]| == 108
INFO: main.c(275): Reading: /home/lucija/Documents/Zadnji semestar/ROGJ/Prezentacije/CMUspinx/tutorial15/model_parameters/my_db.cd_cont_untied/mixture_weights
INFO: s3mixw_io.c(172): Read /home/lucija/Documents/Zadnji semestar/ROGJ/Prezentacije/CMUspinx/tutorial15/model_parameters/my_db.cd_cont_untied/mixture_weights [108x1x1 array]
INFO: main.c(311): 35 of 36 models have observation count greater than 0.000010
INFO: main.c(95): nrm stwt: 0.952 0.048 0.000 
INFO: s3gau_io.c(168): Read /home/lucija/Documents/Zadnji semestar/ROGJ/Prezentacije/CMUspinx/tutorial15/model_parameters/my_db.cd_cont_untied/means [36168x1x1 array]
INFO: s3gau_io.c(168): Read /home/lucija/Documents/Zadnji semestar/ROGJ/Prezentacije/CMUspinx/tutorial15/model_parameters/my_db.cd_cont_untied/variances [36168x1x1 array]
INFO: main.c(549): Reading: /home/lucija/Documents/Zadnji semestar/ROGJ/Prezentacije/CMUspinx/tutorial15/model_architecture/my_db.tree_questions
INFO: main.c(587): 176 total simple questions (168 phone; 8 word bndry)
INFO: main.c(589): 42 Left Only questions, and 42 Right Only questions
INFO: dtree.c(1439): stop. leaf nodes are specific
INFO: dtree.c(1478): Final simple tree
|( WDBNDRY_B 0 -3.650e+05 3.960e+02 1.609e+03
|    ( QUESTION1 -1 -1.741e+04 2.021e+02 7.698e+01
|        ( - -5.017e+02 1 0)
|        ( SILENCE -1 -1.671e+04 1.519e+02 7.398e+01
|            ( - -9.830e+02 1 0)
|            ( - -1.557e+04 9 0)))
|    ( QUESTION0_0_R 1 -3.472e+05 3.666e+02 1.532e+03
|        ( - -6.882e+03 1 0)
|        ( QUESTION0 -1 -3.399e+05 2.494e+02 1.502e+03
|            ( - -3.244e+05 16 0)
|            ( - -1.525e+04 7 0))))
s>    ( WDBNDRY_B 0 -3.650e+05 3.960e+02 1.609e+03
s>        ( QUESTION1 -1 -1.741e+04 2.021e+02 7.698e+01
s>            ( - -5.017e+02 1 0)
s>            ( SILENCE -1 -1.671e+04 1.519e+02 7.398e+01
s>                ( - -9.830e+02 1 0)
s>                ( - -1.557e+04 9 0)))
s>        ( QUESTION0_0_R 1 -3.472e+05 3.666e+02 1.532e+03
s>            ( - -6.882e+03 1 0)
s>            ( QUESTION0 -1 -3.399e+05 2.494e+02 1.502e+03
s>                ( - -3.244e+05 16 0)
s>                ( - -1.525e+04 7 0))))INFO: dtree.c(1315): Comp split 0
INFO: dtree.c(1439): stop. leaf nodes are specific
INFO: dtree.c(1478): Final simple tree
|( QUESTION0 -1 -3.399e+05 2.494e+02 1.502e+03
|    ( - -3.244e+05 16 0)
|    ( - -1.525e+04 7 0))
s>    ( QUESTION0 -1 -3.399e+05 2.494e+02 1.502e+03
s>        ( - -3.244e+05 16 0)
s>        ( - -1.525e+04 7 0))INFO: dtree.c(1439): stop. leaf nodes are specific
INFO: dtree.c(1478): Final simple tree
|( WDBNDRY_B 0 -2.453e+04 2.347e+02 1.075e+02
|    ( QUESTION1 -1 -1.741e+04 2.021e+02 7.698e+01
|        ( - -5.017e+02 1 0)
|        ( SILENCE -1 -1.671e+04 1.519e+02 7.398e+01
|            ( - -9.830e+02 1 0)
|            ( - -1.557e+04 9 0)))
|    ( - -6.882e+03 1 0))
s>    ( WDBNDRY_B 0 -2.453e+04 2.347e+02 1.075e+02
s>        ( QUESTION1 -1 -1.741e+04 2.021e+02 7.698e+01
s>            ( - -5.017e+02 1 0)
s>            ( SILENCE -1 -1.671e+04 1.519e+02 7.398e+01
s>                ( - -9.830e+02 1 0)
s>                ( - -1.557e+04 9 0)))
s>        ( - -6.882e+03 1 0))INFO: dtree.c(1315): Comp split 1
INFO: dtree.c(1439): stop. leaf nodes are specific
INFO: dtree.c(1478): Final simple tree
|( SILENCE -1 -1.671e+04 1.519e+02 7.398e+01
|    ( - -9.830e+02 1 0)
|    ( - -1.557e+04 9 0))
s>    ( SILENCE -1 -1.671e+04 1.519e+02 7.398e+01
s>        ( - -9.830e+02 1 0)
s>        ( - -1.557e+04 9 0))INFO: dtree.c(1439): stop. leaf nodes are specific
INFO: dtree.c(1478): Final simple tree
|( WDBNDRY_B 0 -7.566e+03 1.829e+02 3.357e+01
|    ( - -5.017e+02 1 0)
|    ( - -6.882e+03 1 0))
s>    ( WDBNDRY_B 0 -7.566e+03 1.829e+02 3.357e+01
s>        ( - -5.017e+02 1 0)
s>        ( - -6.882e+03 1 0))INFO: dtree.c(1315): Comp split 2
INFO: dtree.c(1315): Comp split 3
INFO: dtree.c(1315): Comp split 4
INFO: dtree.c(1315): Comp split 5
INFO: dtree.c(1318): stop. leaf nodes are specific
Mon Apr 24 17:44:03 2023
