Current configuration:
[NAME]		[DEFLT]	[VALUE]
-allphones	no	no
-cntthresh	0.00001	1.000000e-05
-csplitmax	100	2000
-csplitmin	1	1
-csplitthr	8e-4	0.000000e+00
-example	no	no
-fullvar	no	no
-help		no	no
-meanfn			/home/lucija/Documents/Zadnji semestar/ROGJ/Prezentacije/CMUspinx/tutorial3/model_parameters/my_db.cd_cont_untied/means
-mixwfn			/home/lucija/Documents/Zadnji semestar/ROGJ/Prezentacije/CMUspinx/tutorial3/model_parameters/my_db.cd_cont_untied/mixture_weights
-moddeffn		/home/lucija/Documents/Zadnji semestar/ROGJ/Prezentacije/CMUspinx/tutorial3/model_architecture/my_db.untied.mdef
-mwfloor	1e-4	1.000000e-08
-phone			j
-psetfn			/home/lucija/Documents/Zadnji semestar/ROGJ/Prezentacije/CMUspinx/tutorial3/model_architecture/my_db.tree_questions
-ssplitmax	5	7
-ssplitmin	1	1
-ssplitthr	8e-4	0.000000e+00
-state			1
-stwt			1.0,0.05,0.0,
-treefn			/home/lucija/Documents/Zadnji semestar/ROGJ/Prezentacije/CMUspinx/tutorial3/trees/my_db.unpruned/j-1.dtree
-ts2cbfn	.semi.	.cont.
-varfloor	0.00001	1.000000e-05
-varfn			/home/lucija/Documents/Zadnji semestar/ROGJ/Prezentacije/CMUspinx/tutorial3/model_parameters/my_db.cd_cont_untied/variances

INFO: main.c(223): Reading: /home/lucija/Documents/Zadnji semestar/ROGJ/Prezentacije/CMUspinx/tutorial3/model_architecture/my_db.untied.mdef
INFO: model_def_io.c(573): Model definition info:
INFO: model_def_io.c(574): 10547 total models defined (32 base, 10515 tri)
INFO: model_def_io.c(575): 42188 total states
INFO: model_def_io.c(576): 31641 total tied states
INFO: model_def_io.c(577): 96 total tied CI states
INFO: model_def_io.c(578): 32 total tied transition matrices
INFO: model_def_io.c(579): 4 max state/model
INFO: model_def_io.c(580): 4 min state/model
INFO: main.c(242): Building trees for [j NOISE a b] through [j ž u i]
INFO: main.c(268): Covering states |[13683 14321]| == 639
INFO: main.c(275): Reading: /home/lucija/Documents/Zadnji semestar/ROGJ/Prezentacije/CMUspinx/tutorial3/model_parameters/my_db.cd_cont_untied/mixture_weights
INFO: s3mixw_io.c(172): Read /home/lucija/Documents/Zadnji semestar/ROGJ/Prezentacije/CMUspinx/tutorial3/model_parameters/my_db.cd_cont_untied/mixture_weights [639x1x1 array]
INFO: main.c(311): 212 of 213 models have observation count greater than 0.000010
INFO: main.c(95): nrm stwt: 0.045 0.909 0.045 
INFO: s3gau_io.c(168): Read /home/lucija/Documents/Zadnji semestar/ROGJ/Prezentacije/CMUspinx/tutorial3/model_parameters/my_db.cd_cont_untied/means [31641x1x1 array]
INFO: s3gau_io.c(168): Read /home/lucija/Documents/Zadnji semestar/ROGJ/Prezentacije/CMUspinx/tutorial3/model_parameters/my_db.cd_cont_untied/variances [31641x1x1 array]
INFO: main.c(549): Reading: /home/lucija/Documents/Zadnji semestar/ROGJ/Prezentacije/CMUspinx/tutorial3/model_architecture/my_db.tree_questions
INFO: main.c(587): 180 total simple questions (172 phone; 8 word bndry)
INFO: main.c(589): 42 Left Only questions, and 42 Right Only questions
INFO: dtree.c(1478): Final simple tree
|( QUESTION0 -1 -8.190e+06 3.820e+04 3.800e+04
|    ( WDBNDRY_B 0 -4.235e+06 2.281e+04 1.963e+04
|        ( - -2.064e+06 23 0 QUESTION2_0_L -1 1.068e+02 9.580e+03)
|        ( QUESTION0_0_R 1 -2.148e+06 1.626e+04 1.005e+04
|            ( - -1.655e+06 43 0 WDBNDRY_E 0 1.080e+03 7.889e+03)
|            ( - -4.768e+05 61 0 QUESTION0_16_R 1 4.120e+03 2.158e+03)))
|    ( QUESTION14 -1 -3.917e+06 2.546e+04 1.837e+04
|        ( WDBNDRY_B 0 -2.022e+06 8.631e+03 9.634e+03
|            ( - -4.093e+05 15 0)
|            ( - -1.604e+06 7 0))
|        ( WDBNDRY_B 0 -1.870e+06 8.272e+03 8.734e+03
|            ( - -5.418e+05 39 0 QUESTION2_1_L -1 3.604e+03 2.469e+03)
|            ( QUESTION2_17_L -1 -1.320e+06 6.721e+03 6.265e+03
|                ( - -5.424e+05 7 0 QUESTION17 -1 1.079e+03 2.628e+03)
|                ( - -7.705e+05 17 0 QUESTION7 -1 2.851e+03 3.637e+03)))))
s>    ( QUESTION0 -1 -8.190e+06 3.820e+04 3.800e+04
s>        ( WDBNDRY_B 0 -4.235e+06 2.281e+04 1.963e+04
s>            ( - -2.064e+06 23 0 QUESTION2_0_L -1 1.068e+02 9.580e+03)
s>            ( QUESTION0_0_R 1 -2.148e+06 1.626e+04 1.005e+04
s>                ( - -1.655e+06 43 0 WDBNDRY_E 0 1.080e+03 7.889e+03)
s>                ( - -4.768e+05 61 0 QUESTION0_16_R 1 4.120e+03 2.158e+03)))
s>        ( QUESTION14 -1 -3.917e+06 2.546e+04 1.837e+04
s>            ( WDBNDRY_B 0 -2.022e+06 8.631e+03 9.634e+03
s>                ( - -4.093e+05 15 0)
s>                ( - -1.604e+06 7 0))
s>            ( WDBNDRY_B 0 -1.870e+06 8.272e+03 8.734e+03
s>                ( - -5.418e+05 39 0 QUESTION2_1_L -1 3.604e+03 2.469e+03)
s>                ( QUESTION2_17_L -1 -1.320e+06 6.721e+03 6.265e+03
s>                    ( - -5.424e+05 7 0 QUESTION17 -1 1.079e+03 2.628e+03)
s>                    ( - -7.705e+05 17 0 QUESTION7 -1 2.851e+03 3.637e+03)))))INFO: dtree.c(1315): Comp split 0
INFO: dtree.c(1478): Final simple tree
|( QUESTION0_0_R 1 -2.148e+06 1.626e+04 1.005e+04
|    ( WDBNDRY_E 0 -1.655e+06 1.080e+03 7.889e+03
|        ( - -5.320e+04 14 0 QUESTION0 1 3.138e+02 2.518e+02)
|        ( - -1.600e+06 29 0 QUESTION2_0_L -1 4.292e+02 7.637e+03))
|    ( QUESTION0_16_R 1 -4.768e+05 4.120e+03 2.158e+03
|        ( QUESTION0_17_R 1 -2.510e+05 2.574e+03 1.166e+03
|            ( - -1.387e+05 10 0 WDBNDRY_E 0 1.793e+02 6.380e+02)
|            ( - -1.097e+05 4 0 WDBNDRY_E 0 3.357e+02 5.284e+02))
|        ( QUESTION0_2_R 1 -2.217e+05 1.895e+03 9.918e+02
|            ( - -4.982e+04 15 0 WDBNDRY_E 0 3.990e+02 2.198e+02)
|            ( QUESTION20 1 -1.700e+05 8.747e+02 7.720e+02
|                ( - -1.854e+04 5 0 QUESTION0_11_R 1 1.818e+02 8.472e+01)
|                ( QUESTION13 1 -1.506e+05 7.809e+02 6.872e+02
|                    ( - -1.275e+05 18 0 WDBNDRY_E 0 6.805e+02 5.875e+02)
|                    ( - -2.231e+04 9 0 QUESTION0_10_R 1 2.440e+02 9.975e+01))))))
s>    ( QUESTION0_0_R 1 -2.148e+06 1.626e+04 1.005e+04
s>        ( WDBNDRY_E 0 -1.655e+06 1.080e+03 7.889e+03
s>            ( - -5.320e+04 14 0 QUESTION0 1 3.138e+02 2.518e+02)
s>            ( - -1.600e+06 29 0 QUESTION2_0_L -1 4.292e+02 7.637e+03))
s>        ( QUESTION0_16_R 1 -4.768e+05 4.120e+03 2.158e+03
s>            ( QUESTION0_17_R 1 -2.510e+05 2.574e+03 1.166e+03
s>                ( - -1.387e+05 10 0 WDBNDRY_E 0 1.793e+02 6.380e+02)
s>                ( - -1.097e+05 4 0 WDBNDRY_E 0 3.357e+02 5.284e+02))
s>            ( QUESTION0_2_R 1 -2.217e+05 1.895e+03 9.918e+02
s>                ( - -4.982e+04 15 0 WDBNDRY_E 0 3.990e+02 2.198e+02)
s>                ( QUESTION20 1 -1.700e+05 8.747e+02 7.720e+02
s>                    ( - -1.854e+04 5 0 QUESTION0_11_R 1 1.818e+02 8.472e+01)
s>                    ( QUESTION13 1 -1.506e+05 7.809e+02 6.872e+02
s>                        ( - -1.275e+05 18 0 WDBNDRY_E 0 6.805e+02 5.875e+02)
s>                        ( - -2.231e+04 9 0 QUESTION0_10_R 1 2.440e+02 9.975e+01))))))INFO: dtree.c(1478): Final simple tree
|( QUESTION2_6_L -1 -6.004e+06 3.234e+04 2.795e+04
|    ( QUESTION2 -1 -1.713e+06 6.737e+03 8.075e+03
|        ( QUESTION5 -1 -7.696e+05 2.917e+03 3.619e+03
|            ( - -5.161e+04 13 0 QUESTION8 -1 3.456e+02 2.319e+02)
|            ( - -7.151e+05 13 0 WDBNDRY_B 0 1.722e+03 3.387e+03))
|        ( WDBNDRY_B 0 -9.366e+05 3.820e+03 4.455e+03
|            ( - -3.079e+05 19 0 QUESTION17 -1 1.111e+03 1.442e+03)
|            ( - -6.248e+05 10 0 QUESTION17 -1 1.088e+03 3.013e+03)))
|    ( WDBNDRY_B 0 -4.259e+06 2.159e+04 1.987e+04
|        ( QUESTION0 -1 -2.633e+06 6.324e+03 1.213e+04
|            ( - -2.064e+06 23 0 QUESTION2_0_L -1 1.068e+02 9.580e+03)
|            ( QUESTION13 -1 -5.626e+05 3.520e+03 2.549e+03
|                ( - -4.093e+05 15 0)
|                ( - -1.498e+05 8 0 SILENCE -1 1.858e+02 6.591e+02)))
|        ( - -1.604e+06 7 0)))
s>    ( QUESTION2_6_L -1 -6.004e+06 3.234e+04 2.795e+04
s>        ( QUESTION2 -1 -1.713e+06 6.737e+03 8.075e+03
s>            ( QUESTION5 -1 -7.696e+05 2.917e+03 3.619e+03
s>                ( - -5.161e+04 13 0 QUESTION8 -1 3.456e+02 2.319e+02)
s>                ( - -7.151e+05 13 0 WDBNDRY_B 0 1.722e+03 3.387e+03))
s>            ( WDBNDRY_B 0 -9.366e+05 3.820e+03 4.455e+03
s>                ( - -3.079e+05 19 0 QUESTION17 -1 1.111e+03 1.442e+03)
s>                ( - -6.248e+05 10 0 QUESTION17 -1 1.088e+03 3.013e+03)))
s>        ( WDBNDRY_B 0 -4.259e+06 2.159e+04 1.987e+04
s>            ( QUESTION0 -1 -2.633e+06 6.324e+03 1.213e+04
s>                ( - -2.064e+06 23 0 QUESTION2_0_L -1 1.068e+02 9.580e+03)
s>                ( QUESTION13 -1 -5.626e+05 3.520e+03 2.549e+03
s>                    ( - -4.093e+05 15 0)
s>                    ( - -1.498e+05 8 0 SILENCE -1 1.858e+02 6.591e+02)))
s>            ( - -1.604e+06 7 0)))INFO: dtree.c(1315): Comp split 1
INFO: dtree.c(1439): stop. leaf nodes are specific
INFO: dtree.c(1478): Final simple tree
|( WDBNDRY_B 0 -4.259e+06 2.159e+04 1.987e+04
|    ( QUESTION0 -1 -2.633e+06 6.324e+03 1.213e+04
|        ( QUESTION2_0_L -1 -2.064e+06 1.068e+02 9.580e+03
|            ( - -2.062e+06 20 0)
|            ( - -2.490e+03 3 0))
|        ( QUESTION13 -1 -5.626e+05 3.520e+03 2.549e+03
|            ( - -4.093e+05 15 0)
|            ( SILENCE -1 -1.498e+05 1.858e+02 6.591e+02
|                ( - -1.104e+05 4 0)
|                ( - -3.913e+04 4 0))))
|    ( - -1.604e+06 7 0))
s>    ( WDBNDRY_B 0 -4.259e+06 2.159e+04 1.987e+04
s>        ( QUESTION0 -1 -2.633e+06 6.324e+03 1.213e+04
s>            ( QUESTION2_0_L -1 -2.064e+06 1.068e+02 9.580e+03
s>                ( - -2.062e+06 20 0)
s>                ( - -2.490e+03 3 0))
s>            ( QUESTION13 -1 -5.626e+05 3.520e+03 2.549e+03
s>                ( - -4.093e+05 15 0)
s>                ( SILENCE -1 -1.498e+05 1.858e+02 6.591e+02
s>                    ( - -1.104e+05 4 0)
s>                    ( - -3.913e+04 4 0))))
s>        ( - -1.604e+06 7 0))INFO: dtree.c(1478): Final simple tree
|( QUESTION2 -1 -1.713e+06 6.737e+03 8.075e+03
|    ( QUESTION5 -1 -7.696e+05 2.917e+03 3.619e+03
|        ( - -5.161e+04 13 0 QUESTION8 -1 3.456e+02 2.319e+02)
|        ( WDBNDRY_B 0 -7.151e+05 1.722e+03 3.387e+03
|            ( - -6.997e+04 8 0 QUESTION2_15_L -1 3.214e+02 3.241e+02)
|            ( - -6.434e+05 5 0 QUESTION11 -1 7.058e+02 3.063e+03)))
|    ( WDBNDRY_B 0 -9.366e+05 3.820e+03 4.455e+03
|        ( QUESTION17 -1 -3.079e+05 1.111e+03 1.442e+03
|            ( - -1.455e+05 5 0)
|            ( - -1.613e+05 14 0 QUESTION20 -1 9.105e+02 7.557e+02))
|        ( QUESTION17 -1 -6.248e+05 1.088e+03 3.013e+03
|            ( - -5.374e+04 3 0)
|            ( QUESTION16 -1 -5.700e+05 9.424e+02 2.750e+03
|                ( - -4.845e+05 3 0)
|                ( - -8.455e+04 4 0 QUESTION2_17_L -1 1.672e+02 4.000e+02)))))
s>    ( QUESTION2 -1 -1.713e+06 6.737e+03 8.075e+03
s>        ( QUESTION5 -1 -7.696e+05 2.917e+03 3.619e+03
s>            ( - -5.161e+04 13 0 QUESTION8 -1 3.456e+02 2.319e+02)
s>            ( WDBNDRY_B 0 -7.151e+05 1.722e+03 3.387e+03
s>                ( - -6.997e+04 8 0 QUESTION2_15_L -1 3.214e+02 3.241e+02)
s>                ( - -6.434e+05 5 0 QUESTION11 -1 7.058e+02 3.063e+03)))
s>        ( WDBNDRY_B 0 -9.366e+05 3.820e+03 4.455e+03
s>            ( QUESTION17 -1 -3.079e+05 1.111e+03 1.442e+03
s>                ( - -1.455e+05 5 0)
s>                ( - -1.613e+05 14 0 QUESTION20 -1 9.105e+02 7.557e+02))
s>            ( QUESTION17 -1 -6.248e+05 1.088e+03 3.013e+03
s>                ( - -5.374e+04 3 0)
s>                ( QUESTION16 -1 -5.700e+05 9.424e+02 2.750e+03
s>                    ( - -4.845e+05 3 0)
s>                    ( - -8.455e+04 4 0 QUESTION2_17_L -1 1.672e+02 4.000e+02)))))INFO: dtree.c(1315): Comp split 2
INFO: dtree.c(1439): stop. leaf nodes are specific
INFO: dtree.c(1478): Final simple tree
|( QUESTION0 -1 -2.633e+06 6.324e+03 1.213e+04
|    ( QUESTION2_0_L -1 -2.064e+06 1.068e+02 9.580e+03
|        ( - -2.062e+06 20 0)
|        ( - -2.490e+03 3 0))
|    ( QUESTION13 -1 -5.626e+05 3.520e+03 2.549e+03
|        ( - -4.093e+05 15 0)
|        ( SILENCE -1 -1.498e+05 1.858e+02 6.591e+02
|            ( - -1.104e+05 4 0)
|            ( - -3.913e+04 4 0))))
s>    ( QUESTION0 -1 -2.633e+06 6.324e+03 1.213e+04
s>        ( QUESTION2_0_L -1 -2.064e+06 1.068e+02 9.580e+03
s>            ( - -2.062e+06 20 0)
s>            ( - -2.490e+03 3 0))
s>        ( QUESTION13 -1 -5.626e+05 3.520e+03 2.549e+03
s>            ( - -4.093e+05 15 0)
s>            ( SILENCE -1 -1.498e+05 1.858e+02 6.591e+02
s>                ( - -1.104e+05 4 0)
s>                ( - -3.913e+04 4 0))))INFO: dtree.c(1315): Comp split 3
INFO: dtree.c(1478): Final simple tree
|( QUESTION0_16_R 1 -4.768e+05 4.120e+03 2.158e+03
|    ( QUESTION0_17_R 1 -2.510e+05 2.574e+03 1.166e+03
|        ( - -1.387e+05 10 0 WDBNDRY_E 0 1.793e+02 6.380e+02)
|        ( - -1.097e+05 4 0 WDBNDRY_E 0 3.357e+02 5.284e+02))
|    ( QUESTION0_2_R 1 -2.217e+05 1.895e+03 9.918e+02
|        ( - -4.982e+04 15 0 WDBNDRY_E 0 3.990e+02 2.198e+02)
|        ( QUESTION20 1 -1.700e+05 8.747e+02 7.720e+02
|            ( - -1.854e+04 5 0 QUESTION0_11_R 1 1.818e+02 8.472e+01)
|            ( QUESTION13 1 -1.506e+05 7.809e+02 6.872e+02
|                ( WDBNDRY_E 0 -1.275e+05 6.805e+02 5.875e+02
|                    ( QUESTION0_9_R 1 -1.027e+05 5.305e+02 4.761e+02
|                        ( - -6.589e+04 4 0)
|                        ( - -3.633e+04 5 0 QUESTION17 1 2.434e+02 1.697e+02))
|                    ( - -2.410e+04 9 0 QUESTION17 1 2.472e+02 1.114e+02))
|                ( - -2.231e+04 9 0 QUESTION0_10_R 1 2.440e+02 9.975e+01)))))
s>    ( QUESTION0_16_R 1 -4.768e+05 4.120e+03 2.158e+03
s>        ( QUESTION0_17_R 1 -2.510e+05 2.574e+03 1.166e+03
s>            ( - -1.387e+05 10 0 WDBNDRY_E 0 1.793e+02 6.380e+02)
s>            ( - -1.097e+05 4 0 WDBNDRY_E 0 3.357e+02 5.284e+02))
s>        ( QUESTION0_2_R 1 -2.217e+05 1.895e+03 9.918e+02
s>            ( - -4.982e+04 15 0 WDBNDRY_E 0 3.990e+02 2.198e+02)
s>            ( QUESTION20 1 -1.700e+05 8.747e+02 7.720e+02
s>                ( - -1.854e+04 5 0 QUESTION0_11_R 1 1.818e+02 8.472e+01)
s>                ( QUESTION13 1 -1.506e+05 7.809e+02 6.872e+02
s>                    ( WDBNDRY_E 0 -1.275e+05 6.805e+02 5.875e+02
s>                        ( QUESTION0_9_R 1 -1.027e+05 5.305e+02 4.761e+02
s>                            ( - -6.589e+04 4 0)
s>                            ( - -3.633e+04 5 0 QUESTION17 1 2.434e+02 1.697e+02))
s>                        ( - -2.410e+04 9 0 QUESTION17 1 2.472e+02 1.114e+02))
s>                    ( - -2.231e+04 9 0 QUESTION0_10_R 1 2.440e+02 9.975e+01)))))INFO: dtree.c(1439): stop. leaf nodes are specific
INFO: dtree.c(1478): Final simple tree
|( WDBNDRY_E 0 -1.655e+06 1.080e+03 7.889e+03
|    ( QUESTION0 1 -5.320e+04 3.138e+02 2.518e+02
|        ( - -4.651e+04 10 0)
|        ( - -6.380e+03 4 0))
|    ( QUESTION2_0_L -1 -1.600e+06 4.292e+02 7.637e+03
|        ( QUESTION0 1 -1.600e+06 3.727e+02 7.636e+03
|            ( - -1.595e+06 25 0)
|            ( - -4.649e+03 3 0))
|        ( - 1.950e+02 1 0)))
s>    ( WDBNDRY_E 0 -1.655e+06 1.080e+03 7.889e+03
s>        ( QUESTION0 1 -5.320e+04 3.138e+02 2.518e+02
s>            ( - -4.651e+04 10 0)
s>            ( - -6.380e+03 4 0))
s>        ( QUESTION2_0_L -1 -1.600e+06 4.292e+02 7.637e+03
s>            ( QUESTION0 1 -1.600e+06 3.727e+02 7.636e+03
s>                ( - -1.595e+06 25 0)
s>                ( - -4.649e+03 3 0))
s>            ( - 1.950e+02 1 0)))INFO: dtree.c(1315): Comp split 4
INFO: dtree.c(1478): Final simple tree
|( WDBNDRY_B 0 -1.007e+06 4.084e+03 4.780e+03
|    ( QUESTION17 -1 -3.785e+05 1.379e+03 1.767e+03
|        ( - -1.455e+05 5 0)
|        ( QUESTION20 -1 -2.317e+05 8.377e+02 1.080e+03
|            ( - -1.587e+04 6 0)
|            ( QUESTION2_17_L -1 -2.149e+05 7.002e+02 1.009e+03
|                ( QUESTION16 -1 -8.921e+04 4.408e+02 4.189e+02
|                    ( - -8.894e+04 4 0)
|                    ( - 1.727e+02 1 0))
|                ( - -1.250e+05 11 0 QUESTION2 -1 3.549e+02 5.904e+02))))
|    ( QUESTION17 -1 -6.248e+05 1.088e+03 3.013e+03
|        ( - -5.374e+04 3 0)
|        ( QUESTION16 -1 -5.700e+05 9.424e+02 2.750e+03
|            ( - -4.845e+05 3 0)
|            ( - -8.455e+04 4 0 QUESTION2_17_L -1 1.672e+02 4.000e+02))))
s>    ( WDBNDRY_B 0 -1.007e+06 4.084e+03 4.780e+03
s>        ( QUESTION17 -1 -3.785e+05 1.379e+03 1.767e+03
s>            ( - -1.455e+05 5 0)
s>            ( QUESTION20 -1 -2.317e+05 8.377e+02 1.080e+03
s>                ( - -1.587e+04 6 0)
s>                ( QUESTION2_17_L -1 -2.149e+05 7.002e+02 1.009e+03
s>                    ( QUESTION16 -1 -8.921e+04 4.408e+02 4.189e+02
s>                        ( - -8.894e+04 4 0)
s>                        ( - 1.727e+02 1 0))
s>                    ( - -1.250e+05 11 0 QUESTION2 -1 3.549e+02 5.904e+02))))
s>        ( QUESTION17 -1 -6.248e+05 1.088e+03 3.013e+03
s>            ( - -5.374e+04 3 0)
s>            ( QUESTION16 -1 -5.700e+05 9.424e+02 2.750e+03
s>                ( - -4.845e+05 3 0)
s>                ( - -8.455e+04 4 0 QUESTION2_17_L -1 1.672e+02 4.000e+02))))INFO: dtree.c(1478): Final simple tree
|( QUESTION5 -1 -6.980e+05 2.947e+03 3.295e+03
|    ( QUESTION8 -1 -5.161e+04 3.456e+02 2.319e+02
|        ( WDBNDRY_B 0 -3.919e+04 4.705e+02 1.769e+02
|            ( - 2.414e+02 1 0)
|            ( - -3.896e+04 5 0))
|        ( QUESTION2_11_L -1 -1.208e+04 1.314e+02 5.506e+01
|            ( - -2.426e+03 3 0)
|            ( WDBNDRY_B 0 -9.520e+03 4.806e+02 4.306e+01
|                ( - -9.282e+03 3 0 QUESTION6 -1 1.210e+02 4.206e+01)
|                ( - 2.419e+02 1 0))))
|    ( QUESTION11 -1 -6.434e+05 7.058e+02 3.063e+03
|        ( QUESTION2_15_L -1 -6.329e+05 1.615e+02 3.014e+03
|            ( - -6.271e+05 2 0)
|            ( - -5.718e+03 1 0))
|        ( - -9.766e+03 2 0)))
s>    ( QUESTION5 -1 -6.980e+05 2.947e+03 3.295e+03
s>        ( QUESTION8 -1 -5.161e+04 3.456e+02 2.319e+02
s>            ( WDBNDRY_B 0 -3.919e+04 4.705e+02 1.769e+02
s>                ( - 2.414e+02 1 0)
s>                ( - -3.896e+04 5 0))
s>            ( QUESTION2_11_L -1 -1.208e+04 1.314e+02 5.506e+01
s>                ( - -2.426e+03 3 0)
s>                ( WDBNDRY_B 0 -9.520e+03 4.806e+02 4.306e+01
s>                    ( - -9.282e+03 3 0 QUESTION6 -1 1.210e+02 4.206e+01)
s>                    ( - 2.419e+02 1 0))))
s>        ( QUESTION11 -1 -6.434e+05 7.058e+02 3.063e+03
s>            ( QUESTION2_15_L -1 -6.329e+05 1.615e+02 3.014e+03
s>                ( - -6.271e+05 2 0)
s>                ( - -5.718e+03 1 0))
s>            ( - -9.766e+03 2 0)))INFO: dtree.c(1315): Comp split 5
INFO: dtree.c(1439): stop. leaf nodes are specific
INFO: dtree.c(1478): Final simple tree
|( QUESTION13 -1 -5.626e+05 3.520e+03 2.549e+03
|    ( - -4.093e+05 15 0)
|    ( SILENCE -1 -1.498e+05 1.858e+02 6.591e+02
|        ( - -1.104e+05 4 0)
|        ( - -3.913e+04 4 0)))
s>    ( QUESTION13 -1 -5.626e+05 3.520e+03 2.549e+03
s>        ( - -4.093e+05 15 0)
s>        ( SILENCE -1 -1.498e+05 1.858e+02 6.591e+02
s>            ( - -1.104e+05 4 0)
s>            ( - -3.913e+04 4 0)))INFO: dtree.c(1439): stop. leaf nodes are specific
INFO: dtree.c(1478): Final simple tree
|( QUESTION2_0_L -1 -2.064e+06 1.068e+02 9.580e+03
|    ( - -2.062e+06 20 0)
|    ( - -2.490e+03 3 0))
s>    ( QUESTION2_0_L -1 -2.064e+06 1.068e+02 9.580e+03
s>        ( - -2.062e+06 20 0)
s>        ( - -2.490e+03 3 0))INFO: dtree.c(1315): Comp split 6
INFO: dtree.c(1478): Final simple tree
|( QUESTION0_17_R 1 -2.755e+05 2.528e+03 1.278e+03
|    ( WDBNDRY_E 0 -1.387e+05 1.793e+02 6.380e+02
|        ( - -7.553e+03 4 0)
|        ( - -1.309e+05 6 0))
|    ( QUESTION14 1 -1.343e+05 5.810e+02 6.398e+02
|        ( WDBNDRY_E 0 -1.070e+05 3.453e+02 5.164e+02
|            ( - -3.850e+03 2 0)
|            ( - -1.028e+05 1 0))
|        ( QUESTION0_9_R 1 -2.672e+04 2.380e+02 1.233e+02
|            ( - -1.885e+04 4 0)
|            ( QUESTION17 1 -7.631e+03 1.654e+02 3.496e+01
|                ( - -4.347e+03 4 0)
|                ( QUESTION0_16_R 1 -3.119e+03 1.485e+02 1.495e+01
|                    ( - -2.448e+03 1 0)
|                    ( - -5.223e+02 1 0))))))
s>    ( QUESTION0_17_R 1 -2.755e+05 2.528e+03 1.278e+03
s>        ( WDBNDRY_E 0 -1.387e+05 1.793e+02 6.380e+02
s>            ( - -7.553e+03 4 0)
s>            ( - -1.309e+05 6 0))
s>        ( QUESTION14 1 -1.343e+05 5.810e+02 6.398e+02
s>            ( WDBNDRY_E 0 -1.070e+05 3.453e+02 5.164e+02
s>                ( - -3.850e+03 2 0)
s>                ( - -1.028e+05 1 0))
s>            ( QUESTION0_9_R 1 -2.672e+04 2.380e+02 1.233e+02
s>                ( - -1.885e+04 4 0)
s>                ( QUESTION17 1 -7.631e+03 1.654e+02 3.496e+01
s>                    ( - -4.347e+03 4 0)
s>                    ( QUESTION0_16_R 1 -3.119e+03 1.485e+02 1.495e+01
s>                        ( - -2.448e+03 1 0)
s>                        ( - -5.223e+02 1 0))))))INFO: dtree.c(1478): Final simple tree
|( QUESTION0_2_R 1 -1.969e+05 1.747e+03 8.804e+02
|    ( WDBNDRY_E 0 -4.982e+04 3.990e+02 2.198e+02
|        ( - -2.774e+04 8 0 QUESTION11 1 1.997e+02 1.231e+02)
|        ( QUESTION0_5_R 1 -2.168e+04 4.995e+02 9.671e+01
|            ( - 2.430e+02 1 0)
|            ( QUESTION0_3_R 1 -2.142e+04 4.636e+02 9.571e+01
|                ( - -2.118e+04 5 0 QUESTION11 1 3.458e+02 9.471e+01)
|                ( - 2.182e+02 1 0))))
|    ( QUESTION20 1 -1.453e+05 8.812e+02 6.606e+02
|        ( - -1.854e+04 5 0 QUESTION0_11_R 1 1.818e+02 8.472e+01)
|        ( QUESTION13 1 -1.259e+05 8.227e+02 5.759e+02
|            ( QUESTION0_9_R 1 -1.027e+05 5.305e+02 4.761e+02
|                ( - -6.589e+04 4 0)
|                ( - -3.633e+04 5 0 QUESTION17 1 2.434e+02 1.697e+02))
|            ( - -2.231e+04 9 0 QUESTION0_10_R 1 2.440e+02 9.975e+01))))
s>    ( QUESTION0_2_R 1 -1.969e+05 1.747e+03 8.804e+02
s>        ( WDBNDRY_E 0 -4.982e+04 3.990e+02 2.198e+02
s>            ( - -2.774e+04 8 0 QUESTION11 1 1.997e+02 1.231e+02)
s>            ( QUESTION0_5_R 1 -2.168e+04 4.995e+02 9.671e+01
s>                ( - 2.430e+02 1 0)
s>                ( QUESTION0_3_R 1 -2.142e+04 4.636e+02 9.571e+01
s>                    ( - -2.118e+04 5 0 QUESTION11 1 3.458e+02 9.471e+01)
s>                    ( - 2.182e+02 1 0))))
s>        ( QUESTION20 1 -1.453e+05 8.812e+02 6.606e+02
s>            ( - -1.854e+04 5 0 QUESTION0_11_R 1 1.818e+02 8.472e+01)
s>            ( QUESTION13 1 -1.259e+05 8.227e+02 5.759e+02
s>                ( QUESTION0_9_R 1 -1.027e+05 5.305e+02 4.761e+02
s>                    ( - -6.589e+04 4 0)
s>                    ( - -3.633e+04 5 0 QUESTION17 1 2.434e+02 1.697e+02))
s>                ( - -2.231e+04 9 0 QUESTION0_10_R 1 2.440e+02 9.975e+01))))INFO: dtree.c(1315): Comp split 7
INFO: dtree.c(1478): Final simple tree
|( QUESTION17 -1 -4.640e+05 1.645e+03 2.167e+03
|    ( - -1.455e+05 5 0)
|    ( QUESTION20 -1 -3.169e+05 8.307e+02 1.480e+03
|        ( - -1.633e+04 8 0 WDBNDRY_B 0 1.135e+02 7.257e+01)
|        ( QUESTION16 -1 -2.997e+05 7.900e+02 1.407e+03
|            ( - -8.894e+04 4 0)
|            ( WDBNDRY_B 0 -2.100e+05 6.072e+02 9.894e+02
|                ( QUESTION2_17_L -1 -1.253e+05 4.432e+02 5.914e+02
|                    ( - 1.727e+02 1 0)
|                    ( QUESTION2 -1 -1.250e+05 3.549e+02 5.904e+02
|                        ( QUESTION2_15_L -1 -6.997e+04 3.214e+02 3.241e+02
|                            ( - -5.647e+04 4 0)
|                            ( - -1.318e+04 4 0 QUESTION11 -1 2.556e+02 5.700e+01))
|                        ( - -5.471e+04 3 0)))
|                ( - -8.405e+04 2 0 QUESTION2_17_L -1 1.670e+02 3.980e+02)))))
s>    ( QUESTION17 -1 -4.640e+05 1.645e+03 2.167e+03
s>        ( - -1.455e+05 5 0)
s>        ( QUESTION20 -1 -3.169e+05 8.307e+02 1.480e+03
s>            ( - -1.633e+04 8 0 WDBNDRY_B 0 1.135e+02 7.257e+01)
s>            ( QUESTION16 -1 -2.997e+05 7.900e+02 1.407e+03
s>                ( - -8.894e+04 4 0)
s>                ( WDBNDRY_B 0 -2.100e+05 6.072e+02 9.894e+02
s>                    ( QUESTION2_17_L -1 -1.253e+05 4.432e+02 5.914e+02
s>                        ( - 1.727e+02 1 0)
s>                        ( QUESTION2 -1 -1.250e+05 3.549e+02 5.904e+02
s>                            ( QUESTION2_15_L -1 -6.997e+04 3.214e+02 3.241e+02
s>                                ( - -5.647e+04 4 0)
s>                                ( - -1.318e+04 4 0 QUESTION11 -1 2.556e+02 5.700e+01))
s>                            ( - -5.471e+04 3 0)))
s>                    ( - -8.405e+04 2 0 QUESTION2_17_L -1 1.670e+02 3.980e+02)))))INFO: dtree.c(1439): stop. leaf nodes are specific
INFO: dtree.c(1478): Final simple tree
|( QUESTION17 -1 -5.393e+05 1.085e+03 2.613e+03
|    ( - -5.374e+04 3 0)
|    ( - -4.845e+05 3 0))
s>    ( QUESTION17 -1 -5.393e+05 1.085e+03 2.613e+03
s>        ( - -5.374e+04 3 0)
s>        ( - -4.845e+05 3 0))INFO: dtree.c(1315): Comp split 8
INFO: dtree.c(1439): stop. leaf nodes are specific
INFO: dtree.c(1478): Final simple tree
|( SILENCE -1 -1.498e+05 1.858e+02 6.591e+02
|    ( - -1.104e+05 4 0)
|    ( - -3.913e+04 4 0))
s>    ( SILENCE -1 -1.498e+05 1.858e+02 6.591e+02
s>        ( - -1.104e+05 4 0)
s>        ( - -3.913e+04 4 0))INFO: dtree.c(1315): Comp split 9
INFO: dtree.c(1439): stop. leaf nodes are specific
INFO: dtree.c(1478): Final simple tree
|( QUESTION8 -1 -5.161e+04 3.456e+02 2.319e+02
|    ( WDBNDRY_B 0 -3.919e+04 4.705e+02 1.769e+02
|        ( - 2.414e+02 1 0)
|        ( - -3.896e+04 5 0))
|    ( QUESTION2_11_L -1 -1.208e+04 1.314e+02 5.506e+01
|        ( - -2.426e+03 3 0)
|        ( WDBNDRY_B 0 -9.520e+03 4.806e+02 4.306e+01
|            ( QUESTION6 -1 -9.282e+03 1.210e+02 4.206e+01
|                ( - -4.984e+03 1 0)
|                ( - -4.177e+03 2 0))
|            ( - 2.419e+02 1 0))))
s>    ( QUESTION8 -1 -5.161e+04 3.456e+02 2.319e+02
s>        ( WDBNDRY_B 0 -3.919e+04 4.705e+02 1.769e+02
s>            ( - 2.414e+02 1 0)
s>            ( - -3.896e+04 5 0))
s>        ( QUESTION2_11_L -1 -1.208e+04 1.314e+02 5.506e+01
s>            ( - -2.426e+03 3 0)
s>            ( WDBNDRY_B 0 -9.520e+03 4.806e+02 4.306e+01
s>                ( QUESTION6 -1 -9.282e+03 1.210e+02 4.206e+01
s>                    ( - -4.984e+03 1 0)
s>                    ( - -4.177e+03 2 0))
s>                ( - 2.419e+02 1 0))))INFO: dtree.c(1439): stop. leaf nodes are specific
INFO: dtree.c(1478): Final simple tree
|( QUESTION11 -1 -6.434e+05 7.058e+02 3.063e+03
|    ( QUESTION2_15_L -1 -6.329e+05 1.615e+02 3.014e+03
|        ( - -6.271e+05 2 0)
|        ( - -5.718e+03 1 0))
|    ( - -9.766e+03 2 0))
s>    ( QUESTION11 -1 -6.434e+05 7.058e+02 3.063e+03
s>        ( QUESTION2_15_L -1 -6.329e+05 1.615e+02 3.014e+03
s>            ( - -6.271e+05 2 0)
s>            ( - -5.718e+03 1 0))
s>        ( - -9.766e+03 2 0))INFO: dtree.c(1315): Comp split 10
INFO: dtree.c(1439): stop. leaf nodes are specific
INFO: dtree.c(1478): Final simple tree
|( QUESTION0_16_R 1 -1.229e+05 5.799e+02 5.891e+02
|    ( - -1.028e+05 1 0)
|    ( QUESTION0_9_R 1 -1.950e+04 1.281e+02 9.139e+01
|        ( - -1.885e+04 4 0)
|        ( - -5.223e+02 1 0)))
s>    ( QUESTION0_16_R 1 -1.229e+05 5.799e+02 5.891e+02
s>        ( - -1.028e+05 1 0)
s>        ( QUESTION0_9_R 1 -1.950e+04 1.281e+02 9.139e+01
s>            ( - -1.885e+04 4 0)
s>            ( - -5.223e+02 1 0)))INFO: dtree.c(1439): stop. leaf nodes are specific
INFO: dtree.c(1478): Final simple tree
|( QUESTION0_17_R 1 -1.499e+05 2.695e+02 6.886e+02
|    ( WDBNDRY_E 0 -1.387e+05 1.793e+02 6.380e+02
|        ( - -7.553e+03 4 0)
|        ( - -1.309e+05 6 0))
|    ( WDBNDRY_E 0 -1.099e+04 1.747e+02 5.067e+01
|        ( - -3.850e+03 2 0)
|        ( QUESTION0_16_R 1 -6.964e+03 1.686e+02 3.196e+01
|            ( - -2.448e+03 1 0)
|            ( - -4.347e+03 4 0))))
s>    ( QUESTION0_17_R 1 -1.499e+05 2.695e+02 6.886e+02
s>        ( WDBNDRY_E 0 -1.387e+05 1.793e+02 6.380e+02
s>            ( - -7.553e+03 4 0)
s>            ( - -1.309e+05 6 0))
s>        ( WDBNDRY_E 0 -1.099e+04 1.747e+02 5.067e+01
s>            ( - -3.850e+03 2 0)
s>            ( QUESTION0_16_R 1 -6.964e+03 1.686e+02 3.196e+01
s>                ( - -2.448e+03 1 0)
s>                ( - -4.347e+03 4 0))))INFO: dtree.c(1315): Comp split 11
INFO: dtree.c(1439): stop. leaf nodes are specific
INFO: dtree.c(1478): Final simple tree
|( QUESTION0_9_R 1 -1.030e+05 5.308e+02 4.771e+02
|    ( - -6.589e+04 4 0)
|    ( WDBNDRY_E 0 -3.655e+04 4.432e+02 1.707e+02
|        ( QUESTION17 1 -3.633e+04 2.434e+02 1.697e+02
|            ( - -1.246e+04 3 0)
|            ( - -2.363e+04 2 0))
|        ( - 2.182e+02 1 0)))
s>    ( QUESTION0_9_R 1 -1.030e+05 5.308e+02 4.771e+02
s>        ( - -6.589e+04 4 0)
s>        ( WDBNDRY_E 0 -3.655e+04 4.432e+02 1.707e+02
s>            ( QUESTION17 1 -3.633e+04 2.434e+02 1.697e+02
s>                ( - -1.246e+04 3 0)
s>                ( - -2.363e+04 2 0))
s>            ( - 2.182e+02 1 0)))INFO: dtree.c(1478): Final simple tree
|( QUESTION0_3_R 1 -9.150e+04 6.768e+02 4.033e+02
|    ( WDBNDRY_E 0 -4.511e+04 4.017e+02 1.996e+02
|        ( QUESTION11 1 -2.353e+04 1.844e+02 1.049e+02
|            ( - -1.516e+04 2 0)
|            ( - -8.189e+03 2 0))
|        ( QUESTION11 1 -2.118e+04 3.458e+02 9.471e+01
|            ( - -1.839e+04 4 0)
|            ( - -2.445e+03 1 0)))
|    ( QUESTION0_14_R 1 -4.572e+04 3.837e+02 2.037e+02
|        ( - -1.152e+04 1 0)
|        ( QUESTION5 1 -3.381e+04 2.942e+02 1.503e+02
|            ( - -7.471e+03 8 0 QUESTION0_2_R 1 1.185e+02 3.326e+01)
|            ( QUESTION0_10_R 1 -2.605e+04 1.936e+02 1.170e+02
|                ( - -6.836e+03 4 0 WDBNDRY_E 0 1.291e+02 3.126e+01)
|                ( - -1.902e+04 6 0 QUESTION0_2_R 1 1.544e+02 8.575e+01)))))
s>    ( QUESTION0_3_R 1 -9.150e+04 6.768e+02 4.033e+02
s>        ( WDBNDRY_E 0 -4.511e+04 4.017e+02 1.996e+02
s>            ( QUESTION11 1 -2.353e+04 1.844e+02 1.049e+02
s>                ( - -1.516e+04 2 0)
s>                ( - -8.189e+03 2 0))
s>            ( QUESTION11 1 -2.118e+04 3.458e+02 9.471e+01
s>                ( - -1.839e+04 4 0)
s>                ( - -2.445e+03 1 0)))
s>        ( QUESTION0_14_R 1 -4.572e+04 3.837e+02 2.037e+02
s>            ( - -1.152e+04 1 0)
s>            ( QUESTION5 1 -3.381e+04 2.942e+02 1.503e+02
s>                ( - -7.471e+03 8 0 QUESTION0_2_R 1 1.185e+02 3.326e+01)
s>                ( QUESTION0_10_R 1 -2.605e+04 1.936e+02 1.170e+02
s>                    ( - -6.836e+03 4 0 WDBNDRY_E 0 1.291e+02 3.126e+01)
s>                    ( - -1.902e+04 6 0 QUESTION0_2_R 1 1.544e+02 8.575e+01)))))INFO: dtree.c(1315): Comp split 12
INFO: dtree.c(1439): stop. leaf nodes are specific
INFO: dtree.c(1478): Final simple tree
|( QUESTION16 -1 -2.859e+05 8.387e+02 1.349e+03
|    ( - -8.894e+04 4 0)
|    ( WDBNDRY_B 0 -1.961e+05 5.479e+02 9.314e+02
|        ( QUESTION2 -1 -1.115e+05 2.929e+02 5.334e+02
|            ( - -5.647e+04 4 0)
|            ( - -5.471e+04 3 0))
|        ( QUESTION2_17_L -1 -8.405e+04 1.670e+02 3.980e+02
|            ( - -2.900e+03 1 0)
|            ( - -8.098e+04 1 0))))
s>    ( QUESTION16 -1 -2.859e+05 8.387e+02 1.349e+03
s>        ( - -8.894e+04 4 0)
s>        ( WDBNDRY_B 0 -1.961e+05 5.479e+02 9.314e+02
s>            ( QUESTION2 -1 -1.115e+05 2.929e+02 5.334e+02
s>                ( - -5.647e+04 4 0)
s>                ( - -5.471e+04 3 0))
s>            ( QUESTION2_17_L -1 -8.405e+04 1.670e+02 3.980e+02
s>                ( - -2.900e+03 1 0)
s>                ( - -8.098e+04 1 0))))INFO: dtree.c(1439): stop. leaf nodes are specific
INFO: dtree.c(1478): Final simple tree
|( QUESTION16 -1 -1.763e+05 7.818e+02 8.173e+02
|    ( - -1.455e+05 5 0)
|    ( QUESTION19 -1 -3.006e+04 4.342e+02 1.306e+02
|        ( - 1.727e+02 1 0)
|        ( QUESTION11 -1 -2.979e+04 3.171e+02 1.296e+02
|            ( - -7.124e+03 1 0)
|            ( QUESTION2 -1 -2.235e+04 2.174e+02 9.957e+01
|                ( - -5.800e+03 3 0)
|                ( WDBNDRY_B 0 -1.633e+04 1.135e+02 7.257e+01
|                    ( - -1.587e+04 6 0)
|                    ( - -3.513e+02 2 0))))))
s>    ( QUESTION16 -1 -1.763e+05 7.818e+02 8.173e+02
s>        ( - -1.455e+05 5 0)
s>        ( QUESTION19 -1 -3.006e+04 4.342e+02 1.306e+02
s>            ( - 1.727e+02 1 0)
s>            ( QUESTION11 -1 -2.979e+04 3.171e+02 1.296e+02
s>                ( - -7.124e+03 1 0)
s>                ( QUESTION2 -1 -2.235e+04 2.174e+02 9.957e+01
s>                    ( - -5.800e+03 3 0)
s>                    ( WDBNDRY_B 0 -1.633e+04 1.135e+02 7.257e+01
s>                        ( - -1.587e+04 6 0)
s>                        ( - -3.513e+02 2 0))))))INFO: dtree.c(1315): Comp split 13
INFO: dtree.c(1439): stop. leaf nodes are specific
INFO: dtree.c(1478): Final simple tree
|( WDBNDRY_E 0 -5.141e+04 2.539e+02 2.418e+02
|    ( - -4.651e+04 10 0)
|    ( - -4.649e+03 3 0))
s>    ( WDBNDRY_E 0 -5.141e+04 2.539e+02 2.418e+02
s>        ( - -4.651e+04 10 0)
s>        ( - -4.649e+03 3 0))INFO: dtree.c(1439): stop. leaf nodes are specific
INFO: dtree.c(1478): Final simple tree
|( QUESTION2_0_L -1 -1.602e+06 4.291e+02 7.647e+03
|    ( WDBNDRY_E 0 -1.602e+06 3.010e+02 7.646e+03
|        ( - -6.380e+03 4 0)
|        ( - -1.595e+06 25 0))
|    ( - 1.950e+02 1 0))
s>    ( QUESTION2_0_L -1 -1.602e+06 4.291e+02 7.647e+03
s>        ( WDBNDRY_E 0 -1.602e+06 3.010e+02 7.646e+03
s>            ( - -6.380e+03 4 0)
s>            ( - -1.595e+06 25 0))
s>        ( - 1.950e+02 1 0))INFO: dtree.c(1315): Comp split 14
INFO: dtree.c(1315): Comp split 15
INFO: dtree.c(1439): stop. leaf nodes are specific
INFO: dtree.c(1478): Final simple tree
|( WDBNDRY_B 0 -1.961e+05 5.479e+02 9.314e+02
|    ( QUESTION2 -1 -1.115e+05 2.929e+02 5.334e+02
|        ( - -5.647e+04 4 0)
|        ( - -5.471e+04 3 0))
|    ( QUESTION2_17_L -1 -8.405e+04 1.670e+02 3.980e+02
|        ( - -2.900e+03 1 0)
|        ( - -8.098e+04 1 0)))
s>    ( WDBNDRY_B 0 -1.961e+05 5.479e+02 9.314e+02
s>        ( QUESTION2 -1 -1.115e+05 2.929e+02 5.334e+02
s>            ( - -5.647e+04 4 0)
s>            ( - -5.471e+04 3 0))
s>        ( QUESTION2_17_L -1 -8.405e+04 1.670e+02 3.980e+02
s>            ( - -2.900e+03 1 0)
s>            ( - -8.098e+04 1 0)))INFO: dtree.c(1315): Comp split 16
INFO: dtree.c(1439): stop. leaf nodes are specific
INFO: dtree.c(1478): Final simple tree
|( QUESTION2 -1 -1.515e+05 1.950e+02 7.138e+02
|    ( - -5.800e+03 3 0)
|    ( - -1.455e+05 5 0))
s>    ( QUESTION2 -1 -1.515e+05 1.950e+02 7.138e+02
s>        ( - -5.800e+03 3 0)
s>        ( - -1.455e+05 5 0))INFO: dtree.c(1439): stop. leaf nodes are specific
INFO: dtree.c(1478): Final simple tree
|( QUESTION19 -1 -2.404e+04 4.343e+02 1.036e+02
|    ( - 1.727e+02 1 0)
|    ( QUESTION2 -1 -2.378e+04 3.206e+02 1.026e+02
|        ( - -7.124e+03 1 0)
|        ( WDBNDRY_B 0 -1.633e+04 1.135e+02 7.257e+01
|            ( - -1.587e+04 6 0)
|            ( - -3.513e+02 2 0))))
s>    ( QUESTION19 -1 -2.404e+04 4.343e+02 1.036e+02
s>        ( - 1.727e+02 1 0)
s>        ( QUESTION2 -1 -2.378e+04 3.206e+02 1.026e+02
s>            ( - -7.124e+03 1 0)
s>            ( WDBNDRY_B 0 -1.633e+04 1.135e+02 7.257e+01
s>                ( - -1.587e+04 6 0)
s>                ( - -3.513e+02 2 0))))INFO: dtree.c(1315): Comp split 17
INFO: dtree.c(1439): stop. leaf nodes are specific
INFO: dtree.c(1478): Final simple tree
|( QUESTION2_15_L -1 -6.329e+05 1.615e+02 3.014e+03
|    ( - -6.271e+05 2 0)
|    ( - -5.718e+03 1 0))
s>    ( QUESTION2_15_L -1 -6.329e+05 1.615e+02 3.014e+03
s>        ( - -6.271e+05 2 0)
s>        ( - -5.718e+03 1 0))INFO: dtree.c(1315): Comp split 18
INFO: dtree.c(1478): Final simple tree
|( QUESTION0_14_R 1 -4.846e+04 3.815e+02 2.157e+02
|    ( - -1.152e+04 1 0)
|    ( QUESTION4 1 -3.656e+04 3.188e+02 1.623e+02
|        ( QUESTION0_3_R 1 -1.065e+04 2.727e+02 4.725e+01
|            ( - -2.445e+03 1 0)
|            ( QUESTION5 1 -7.935e+03 1.533e+02 3.526e+01
|                ( QUESTION0_2_R 1 -7.471e+03 1.185e+02 3.326e+01
|                    ( - -3.836e+03 4 0 WDBNDRY_E 0 4.867e+02 1.726e+01)
|                    ( - -3.516e+03 4 0 WDBNDRY_E 0 1.050e+02 1.600e+01))
|                ( - -3.114e+02 1 0)))
|        ( QUESTION0_10_R 1 -2.559e+04 2.009e+02 1.150e+02
|            ( WDBNDRY_E 0 -6.836e+03 1.291e+02 3.126e+01
|                ( - -3.672e+03 1 0)
|                ( - -3.035e+03 3 0))
|            ( - -1.855e+04 5 0 SILENCE 1 9.585e+01 8.375e+01))))
s>    ( QUESTION0_14_R 1 -4.846e+04 3.815e+02 2.157e+02
s>        ( - -1.152e+04 1 0)
s>        ( QUESTION4 1 -3.656e+04 3.188e+02 1.623e+02
s>            ( QUESTION0_3_R 1 -1.065e+04 2.727e+02 4.725e+01
s>                ( - -2.445e+03 1 0)
s>                ( QUESTION5 1 -7.935e+03 1.533e+02 3.526e+01
s>                    ( QUESTION0_2_R 1 -7.471e+03 1.185e+02 3.326e+01
s>                        ( - -3.836e+03 4 0 WDBNDRY_E 0 4.867e+02 1.726e+01)
s>                        ( - -3.516e+03 4 0 WDBNDRY_E 0 1.050e+02 1.600e+01))
s>                    ( - -3.114e+02 1 0)))
s>            ( QUESTION0_10_R 1 -2.559e+04 2.009e+02 1.150e+02
s>                ( WDBNDRY_E 0 -6.836e+03 1.291e+02 3.126e+01
s>                    ( - -3.672e+03 1 0)
s>                    ( - -3.035e+03 3 0))
s>                ( - -1.855e+04 5 0 SILENCE 1 9.585e+01 8.375e+01))))INFO: dtree.c(1439): stop. leaf nodes are specific
INFO: dtree.c(1478): Final simple tree
|( WDBNDRY_E 0 -4.235e+04 4.376e+02 1.876e+02
|    ( QUESTION11 1 -2.353e+04 1.844e+02 1.049e+02
|        ( - -1.516e+04 2 0)
|        ( - -8.189e+03 2 0))
|    ( - -1.839e+04 4 0))
s>    ( WDBNDRY_E 0 -4.235e+04 4.376e+02 1.876e+02
s>        ( QUESTION11 1 -2.353e+04 1.844e+02 1.049e+02
s>            ( - -1.516e+04 2 0)
s>            ( - -8.189e+03 2 0))
s>        ( - -1.839e+04 4 0))INFO: dtree.c(1315): Comp split 19
INFO: dtree.c(1439): stop. leaf nodes are specific
INFO: dtree.c(1478): Final simple tree
|( QUESTION0_9_R 1 -1.950e+04 1.281e+02 9.139e+01
|    ( - -1.885e+04 4 0)
|    ( - -5.223e+02 1 0))
s>    ( QUESTION0_9_R 1 -1.950e+04 1.281e+02 9.139e+01
s>        ( - -1.885e+04 4 0)
s>        ( - -5.223e+02 1 0))INFO: dtree.c(1315): Comp split 20
INFO: dtree.c(1439): stop. leaf nodes are specific
INFO: dtree.c(1478): Final simple tree
|( QUESTION2 -1 -1.145e+05 2.981e+02 5.481e+02
|    ( - -5.647e+04 4 0)
|    ( WDBNDRY_B 0 -5.775e+04 1.431e+02 2.810e+02
|        ( - -5.471e+04 3 0)
|        ( - -2.900e+03 1 0)))
s>    ( QUESTION2 -1 -1.145e+05 2.981e+02 5.481e+02
s>        ( - -5.647e+04 4 0)
s>        ( WDBNDRY_B 0 -5.775e+04 1.431e+02 2.810e+02
s>            ( - -5.471e+04 3 0)
s>            ( - -2.900e+03 1 0)))INFO: dtree.c(1315): Comp split 21
INFO: dtree.c(1439): stop. leaf nodes are specific
INFO: dtree.c(1478): Final simple tree
|( WDBNDRY_E 0 -2.385e+04 4.442e+02 1.125e+02
|    ( - -2.363e+04 2 0)
|    ( - 2.182e+02 1 0))
s>    ( WDBNDRY_E 0 -2.385e+04 4.442e+02 1.125e+02
s>        ( - -2.363e+04 2 0)
s>        ( - 2.182e+02 1 0))INFO: dtree.c(1439): stop. leaf nodes are specific
INFO: dtree.c(1478): Final simple tree
|( QUESTION0_9_R 1 -7.859e+04 2.396e+02 3.646e+02
|    ( - -6.589e+04 4 0)
|    ( - -1.246e+04 3 0))
s>    ( QUESTION0_9_R 1 -7.859e+04 2.396e+02 3.646e+02
s>        ( - -6.589e+04 4 0)
s>        ( - -1.246e+04 3 0))INFO: dtree.c(1315): Comp split 22
INFO: dtree.c(1439): stop. leaf nodes are specific
INFO: dtree.c(1478): Final simple tree
|( QUESTION8 -1 -5.138e+04 3.465e+02 2.309e+02
|    ( - -3.896e+04 5 0)
|    ( QUESTION2_11_L -1 -1.208e+04 1.314e+02 5.506e+01
|        ( - -2.426e+03 3 0)
|        ( WDBNDRY_B 0 -9.520e+03 4.806e+02 4.306e+01
|            ( QUESTION6 -1 -9.282e+03 1.210e+02 4.206e+01
|                ( - -4.984e+03 1 0)
|                ( - -4.177e+03 2 0))
|            ( - 2.419e+02 1 0))))
s>    ( QUESTION8 -1 -5.138e+04 3.465e+02 2.309e+02
s>        ( - -3.896e+04 5 0)
s>        ( QUESTION2_11_L -1 -1.208e+04 1.314e+02 5.506e+01
s>            ( - -2.426e+03 3 0)
s>            ( WDBNDRY_B 0 -9.520e+03 4.806e+02 4.306e+01
s>                ( QUESTION6 -1 -9.282e+03 1.210e+02 4.206e+01
s>                    ( - -4.984e+03 1 0)
s>                    ( - -4.177e+03 2 0))
s>                ( - 2.419e+02 1 0))))INFO: dtree.c(1315): Comp split 23
INFO: dtree.c(1439): stop. leaf nodes are specific
INFO: dtree.c(1478): Final simple tree
|( QUESTION8 -1 -5.116e+04 3.585e+02 2.299e+02
|    ( - -3.896e+04 5 0)
|    ( WDBNDRY_B 0 -1.184e+04 1.315e+02 5.406e+01
|        ( QUESTION6 -1 -9.282e+03 1.210e+02 4.206e+01
|            ( - -4.984e+03 1 0)
|            ( - -4.177e+03 2 0))
|        ( - -2.426e+03 3 0)))
s>    ( QUESTION8 -1 -5.116e+04 3.585e+02 2.299e+02
s>        ( - -3.896e+04 5 0)
s>        ( WDBNDRY_B 0 -1.184e+04 1.315e+02 5.406e+01
s>            ( QUESTION6 -1 -9.282e+03 1.210e+02 4.206e+01
s>                ( - -4.984e+03 1 0)
s>                ( - -4.177e+03 2 0))
s>            ( - -2.426e+03 3 0)))INFO: dtree.c(1315): Comp split 24
INFO: dtree.c(1315): Comp split 25
INFO: dtree.c(1439): stop. leaf nodes are specific
INFO: dtree.c(1478): Final simple tree
|( QUESTION11 1 -2.353e+04 1.844e+02 1.049e+02
|    ( - -1.516e+04 2 0)
|    ( - -8.189e+03 2 0))
s>    ( QUESTION11 1 -2.353e+04 1.844e+02 1.049e+02
s>        ( - -1.516e+04 2 0)
s>        ( - -8.189e+03 2 0))INFO: dtree.c(1315): Comp split 26
INFO: dtree.c(1439): stop. leaf nodes are specific
INFO: dtree.c(1478): Final simple tree
|( QUESTION2 -1 -2.378e+04 3.206e+02 1.026e+02
|    ( - -7.124e+03 1 0)
|    ( WDBNDRY_B 0 -1.633e+04 1.135e+02 7.257e+01
|        ( - -1.587e+04 6 0)
|        ( - -3.513e+02 2 0)))
s>    ( QUESTION2 -1 -2.378e+04 3.206e+02 1.026e+02
s>        ( - -7.124e+03 1 0)
s>        ( WDBNDRY_B 0 -1.633e+04 1.135e+02 7.257e+01
s>            ( - -1.587e+04 6 0)
s>            ( - -3.513e+02 2 0)))INFO: dtree.c(1315): Comp split 27
INFO: dtree.c(1439): stop. leaf nodes are specific
INFO: dtree.c(1478): Final simple tree
|( WDBNDRY_E 0 -1.602e+06 3.010e+02 7.646e+03
|    ( - -6.380e+03 4 0)
|    ( - -1.595e+06 25 0))
s>    ( WDBNDRY_E 0 -1.602e+06 3.010e+02 7.646e+03
s>        ( - -6.380e+03 4 0)
s>        ( - -1.595e+06 25 0))INFO: dtree.c(1315): Comp split 28
INFO: dtree.c(1439): stop. leaf nodes are specific
INFO: dtree.c(1478): Final simple tree
|( SILENCE 1 -1.855e+04 9.585e+01 8.375e+01
|    ( - -1.084e+04 3 0)
|    ( - -7.615e+03 2 0))
s>    ( SILENCE 1 -1.855e+04 9.585e+01 8.375e+01
s>        ( - -1.084e+04 3 0)
s>        ( - -7.615e+03 2 0))INFO: dtree.c(1478): Final simple tree
|( QUESTION2 1 -2.950e+04 3.129e+02 1.320e+02
|    ( QUESTION0_3_R 1 -1.065e+04 2.727e+02 4.725e+01
|        ( - -2.445e+03 1 0)
|        ( QUESTION5 1 -7.935e+03 1.533e+02 3.526e+01
|            ( QUESTION0_2_R 1 -7.471e+03 1.185e+02 3.326e+01
|                ( WDBNDRY_E 0 -3.836e+03 4.867e+02 1.726e+01
|                    ( - -3.593e+03 3 0 QUESTION0_5_R 1 1.152e+02 1.626e+01)
|                    ( - 2.430e+02 1 0))
|                ( - -3.516e+03 4 0 WDBNDRY_E 0 1.050e+02 1.600e+01))
|            ( - -3.114e+02 1 0)))
|    ( QUESTION0_11_R 1 -1.854e+04 1.818e+02 8.472e+01
|        ( WDBNDRY_E 0 -6.836e+03 1.291e+02 3.126e+01
|            ( - -3.672e+03 1 0)
|            ( - -3.035e+03 3 0))
|        ( - -1.152e+04 1 0)))
s>    ( QUESTION2 1 -2.950e+04 3.129e+02 1.320e+02
s>        ( QUESTION0_3_R 1 -1.065e+04 2.727e+02 4.725e+01
s>            ( - -2.445e+03 1 0)
s>            ( QUESTION5 1 -7.935e+03 1.533e+02 3.526e+01
s>                ( QUESTION0_2_R 1 -7.471e+03 1.185e+02 3.326e+01
s>                    ( WDBNDRY_E 0 -3.836e+03 4.867e+02 1.726e+01
s>                        ( - -3.593e+03 3 0 QUESTION0_5_R 1 1.152e+02 1.626e+01)
s>                        ( - 2.430e+02 1 0))
s>                    ( - -3.516e+03 4 0 WDBNDRY_E 0 1.050e+02 1.600e+01))
s>                ( - -3.114e+02 1 0)))
s>        ( QUESTION0_11_R 1 -1.854e+04 1.818e+02 8.472e+01
s>            ( WDBNDRY_E 0 -6.836e+03 1.291e+02 3.126e+01
s>                ( - -3.672e+03 1 0)
s>                ( - -3.035e+03 3 0))
s>            ( - -1.152e+04 1 0)))INFO: dtree.c(1315): Comp split 29
INFO: dtree.c(1478): Final simple tree
|( QUESTION2 1 -2.925e+04 3.132e+02 1.310e+02
|    ( QUESTION0_3_R 1 -1.040e+04 2.690e+02 4.625e+01
|        ( - -2.445e+03 1 0)
|        ( QUESTION5 1 -7.689e+03 1.534e+02 3.426e+01
|            ( WDBNDRY_E 0 -7.224e+03 1.271e+02 3.226e+01
|                ( QUESTION0_5_R 1 -4.756e+03 1.160e+02 2.126e+01
|                    ( - -1.671e+03 2 0)
|                    ( - -2.969e+03 3 0 QUESTION0_2_R 1 9.277e+01 1.325e+01))
|                ( - -2.341e+03 2 0))
|            ( - -3.114e+02 1 0)))
|    ( QUESTION0_11_R 1 -1.854e+04 1.818e+02 8.472e+01
|        ( WDBNDRY_E 0 -6.836e+03 1.291e+02 3.126e+01
|            ( - -3.672e+03 1 0)
|            ( - -3.035e+03 3 0))
|        ( - -1.152e+04 1 0)))
s>    ( QUESTION2 1 -2.925e+04 3.132e+02 1.310e+02
s>        ( QUESTION0_3_R 1 -1.040e+04 2.690e+02 4.625e+01
s>            ( - -2.445e+03 1 0)
s>            ( QUESTION5 1 -7.689e+03 1.534e+02 3.426e+01
s>                ( WDBNDRY_E 0 -7.224e+03 1.271e+02 3.226e+01
s>                    ( QUESTION0_5_R 1 -4.756e+03 1.160e+02 2.126e+01
s>                        ( - -1.671e+03 2 0)
s>                        ( - -2.969e+03 3 0 QUESTION0_2_R 1 9.277e+01 1.325e+01))
s>                    ( - -2.341e+03 2 0))
s>                ( - -3.114e+02 1 0)))
s>        ( QUESTION0_11_R 1 -1.854e+04 1.818e+02 8.472e+01
s>            ( WDBNDRY_E 0 -6.836e+03 1.291e+02 3.126e+01
s>                ( - -3.672e+03 1 0)
s>                ( - -3.035e+03 3 0))
s>            ( - -1.152e+04 1 0)))INFO: dtree.c(1315): Comp split 30
INFO: dtree.c(1439): stop. leaf nodes are specific
INFO: dtree.c(1478): Final simple tree
|( WDBNDRY_B 0 -1.184e+04 1.315e+02 5.406e+01
|    ( QUESTION6 -1 -9.282e+03 1.210e+02 4.206e+01
|        ( - -4.984e+03 1 0)
|        ( - -4.177e+03 2 0))
|    ( - -2.426e+03 3 0))
s>    ( WDBNDRY_B 0 -1.184e+04 1.315e+02 5.406e+01
s>        ( QUESTION6 -1 -9.282e+03 1.210e+02 4.206e+01
s>            ( - -4.984e+03 1 0)
s>            ( - -4.177e+03 2 0))
s>        ( - -2.426e+03 3 0))INFO: dtree.c(1315): Comp split 31
INFO: dtree.c(1439): stop. leaf nodes are specific
INFO: dtree.c(1478): Final simple tree
|( QUESTION0_3_R 1 -9.936e+03 2.662e+02 4.425e+01
|    ( - -2.445e+03 1 0)
|    ( WDBNDRY_E 0 -7.224e+03 1.271e+02 3.226e+01
|        ( QUESTION0_5_R 1 -4.756e+03 1.160e+02 2.126e+01
|            ( - -1.671e+03 2 0)
|            ( QUESTION0_2_R 1 -2.969e+03 9.277e+01 1.325e+01
|                ( - -1.807e+03 1 0)
|                ( - -1.070e+03 2 0)))
|        ( - -2.341e+03 2 0)))
s>    ( QUESTION0_3_R 1 -9.936e+03 2.662e+02 4.425e+01
s>        ( - -2.445e+03 1 0)
s>        ( WDBNDRY_E 0 -7.224e+03 1.271e+02 3.226e+01
s>            ( QUESTION0_5_R 1 -4.756e+03 1.160e+02 2.126e+01
s>                ( - -1.671e+03 2 0)
s>                ( QUESTION0_2_R 1 -2.969e+03 9.277e+01 1.325e+01
s>                    ( - -1.807e+03 1 0)
s>                    ( - -1.070e+03 2 0)))
s>            ( - -2.341e+03 2 0)))INFO: dtree.c(1439): stop. leaf nodes are specific
INFO: dtree.c(1478): Final simple tree
|( QUESTION0_11_R 1 -1.899e+04 1.802e+02 8.672e+01
|    ( WDBNDRY_E 0 -6.836e+03 1.291e+02 3.126e+01
|        ( - -3.672e+03 1 0)
|        ( - -3.035e+03 3 0))
|    ( QUESTION0_2_R 1 -1.197e+04 1.375e+02 5.546e+01
|        ( - -3.114e+02 1 0)
|        ( - -1.152e+04 1 0)))
s>    ( QUESTION0_11_R 1 -1.899e+04 1.802e+02 8.672e+01
s>        ( WDBNDRY_E 0 -6.836e+03 1.291e+02 3.126e+01
s>            ( - -3.672e+03 1 0)
s>            ( - -3.035e+03 3 0))
s>        ( QUESTION0_2_R 1 -1.197e+04 1.375e+02 5.546e+01
s>            ( - -3.114e+02 1 0)
s>            ( - -1.152e+04 1 0)))INFO: dtree.c(1315): Comp split 32
INFO: dtree.c(1439): stop. leaf nodes are specific
INFO: dtree.c(1478): Final simple tree
|( WDBNDRY_E 0 -1.866e+04 1.783e+02 8.578e+01
|    ( QUESTION0_17_R 1 -1.152e+04 1.149e+02 5.382e+01
|        ( - -7.553e+03 4 0)
|        ( - -3.850e+03 2 0))
|    ( QUESTION0_16_R 1 -6.964e+03 1.686e+02 3.196e+01
|        ( - -2.448e+03 1 0)
|        ( - -4.347e+03 4 0)))
s>    ( WDBNDRY_E 0 -1.866e+04 1.783e+02 8.578e+01
s>        ( QUESTION0_17_R 1 -1.152e+04 1.149e+02 5.382e+01
s>            ( - -7.553e+03 4 0)
s>            ( - -3.850e+03 2 0))
s>        ( QUESTION0_16_R 1 -6.964e+03 1.686e+02 3.196e+01
s>            ( - -2.448e+03 1 0)
s>            ( - -4.347e+03 4 0)))INFO: dtree.c(1315): Comp split 33
INFO: dtree.c(1439): stop. leaf nodes are specific
INFO: dtree.c(1478): Final simple tree
|( WDBNDRY_B 0 -1.633e+04 1.135e+02 7.257e+01
|    ( - -1.587e+04 6 0)
|    ( - -3.513e+02 2 0))
s>    ( WDBNDRY_B 0 -1.633e+04 1.135e+02 7.257e+01
s>        ( - -1.587e+04 6 0)
s>        ( - -3.513e+02 2 0))INFO: dtree.c(1315): Comp split 34
INFO: dtree.c(1315): Comp split 35
INFO: dtree.c(1439): stop. leaf nodes are specific
INFO: dtree.c(1478): Final simple tree
|( WDBNDRY_B 0 -5.775e+04 1.431e+02 2.810e+02
|    ( - -5.471e+04 3 0)
|    ( - -2.900e+03 1 0))
s>    ( WDBNDRY_B 0 -5.775e+04 1.431e+02 2.810e+02
s>        ( - -5.471e+04 3 0)
s>        ( - -2.900e+03 1 0))INFO: dtree.c(1315): Comp split 36
INFO: dtree.c(1439): stop. leaf nodes are specific
INFO: dtree.c(1478): Final simple tree
|( WDBNDRY_E 0 -7.224e+03 1.271e+02 3.226e+01
|    ( QUESTION0_5_R 1 -4.756e+03 1.160e+02 2.126e+01
|        ( - -1.671e+03 2 0)
|        ( QUESTION0_2_R 1 -2.969e+03 9.277e+01 1.325e+01
|            ( - -1.807e+03 1 0)
|            ( - -1.070e+03 2 0)))
|    ( - -2.341e+03 2 0))
s>    ( WDBNDRY_E 0 -7.224e+03 1.271e+02 3.226e+01
s>        ( QUESTION0_5_R 1 -4.756e+03 1.160e+02 2.126e+01
s>            ( - -1.671e+03 2 0)
s>            ( QUESTION0_2_R 1 -2.969e+03 9.277e+01 1.325e+01
s>                ( - -1.807e+03 1 0)
s>                ( - -1.070e+03 2 0)))
s>        ( - -2.341e+03 2 0))INFO: dtree.c(1315): Comp split 37
INFO: dtree.c(1315): Comp split 38
INFO: dtree.c(1315): Comp split 39
INFO: dtree.c(1315): Comp split 40
INFO: dtree.c(1315): Comp split 41
INFO: dtree.c(1315): Comp split 42
INFO: dtree.c(1439): stop. leaf nodes are specific
INFO: dtree.c(1478): Final simple tree
|( QUESTION0_2_R 1 -1.197e+04 1.375e+02 5.546e+01
|    ( - -3.114e+02 1 0)
|    ( - -1.152e+04 1 0))
s>    ( QUESTION0_2_R 1 -1.197e+04 1.375e+02 5.546e+01
s>        ( - -3.114e+02 1 0)
s>        ( - -1.152e+04 1 0))INFO: dtree.c(1439): stop. leaf nodes are specific
INFO: dtree.c(1478): Final simple tree
|( WDBNDRY_E 0 -6.836e+03 1.291e+02 3.126e+01
|    ( - -3.672e+03 1 0)
|    ( - -3.035e+03 3 0))
s>    ( WDBNDRY_E 0 -6.836e+03 1.291e+02 3.126e+01
s>        ( - -3.672e+03 1 0)
s>        ( - -3.035e+03 3 0))INFO: dtree.c(1315): Comp split 43
INFO: dtree.c(1439): stop. leaf nodes are specific
INFO: dtree.c(1478): Final simple tree
|( QUESTION0_16_R 1 -6.964e+03 1.686e+02 3.196e+01
|    ( - -2.448e+03 1 0)
|    ( - -4.347e+03 4 0))
s>    ( QUESTION0_16_R 1 -6.964e+03 1.686e+02 3.196e+01
s>        ( - -2.448e+03 1 0)
s>        ( - -4.347e+03 4 0))INFO: dtree.c(1439): stop. leaf nodes are specific
INFO: dtree.c(1478): Final simple tree
|( QUESTION0_17_R 1 -1.152e+04 1.149e+02 5.382e+01
|    ( - -7.553e+03 4 0)
|    ( - -3.850e+03 2 0))
s>    ( QUESTION0_17_R 1 -1.152e+04 1.149e+02 5.382e+01
s>        ( - -7.553e+03 4 0)
s>        ( - -3.850e+03 2 0))INFO: dtree.c(1315): Comp split 44
INFO: dtree.c(1315): Comp split 45
INFO: dtree.c(1315): Comp split 46
INFO: dtree.c(1315): Comp split 47
INFO: dtree.c(1315): Comp split 48
INFO: dtree.c(1439): stop. leaf nodes are specific
INFO: dtree.c(1478): Final simple tree
|( QUESTION6 -1 -9.282e+03 1.210e+02 4.206e+01
|    ( - -4.984e+03 1 0)
|    ( - -4.177e+03 2 0))
s>    ( QUESTION6 -1 -9.282e+03 1.210e+02 4.206e+01
s>        ( - -4.984e+03 1 0)
s>        ( - -4.177e+03 2 0))INFO: dtree.c(1315): Comp split 49
INFO: dtree.c(1315): Comp split 50
INFO: dtree.c(1315): Comp split 51
INFO: dtree.c(1439): stop. leaf nodes are specific
INFO: dtree.c(1478): Final simple tree
|( QUESTION0_5_R 1 -4.756e+03 1.160e+02 2.126e+01
|    ( - -1.671e+03 2 0)
|    ( QUESTION0_2_R 1 -2.969e+03 9.277e+01 1.325e+01
|        ( - -1.807e+03 1 0)
|        ( - -1.070e+03 2 0)))
s>    ( QUESTION0_5_R 1 -4.756e+03 1.160e+02 2.126e+01
s>        ( - -1.671e+03 2 0)
s>        ( QUESTION0_2_R 1 -2.969e+03 9.277e+01 1.325e+01
s>            ( - -1.807e+03 1 0)
s>            ( - -1.070e+03 2 0)))INFO: dtree.c(1315): Comp split 52
INFO: dtree.c(1315): Comp split 53
INFO: dtree.c(1439): stop. leaf nodes are specific
INFO: dtree.c(1478): Final simple tree
|( QUESTION0_2_R 1 -2.969e+03 9.277e+01 1.325e+01
|    ( - -1.807e+03 1 0)
|    ( - -1.070e+03 2 0))
s>    ( QUESTION0_2_R 1 -2.969e+03 9.277e+01 1.325e+01
s>        ( - -1.807e+03 1 0)
s>        ( - -1.070e+03 2 0))INFO: dtree.c(1315): Comp split 54
INFO: dtree.c(1315): Comp split 55
INFO: dtree.c(1315): Comp split 56
INFO: dtree.c(1315): Comp split 57
INFO: dtree.c(1315): Comp split 58
INFO: dtree.c(1315): Comp split 59
INFO: dtree.c(1318): stop. leaf nodes are specific
Tue Mar 21 21:59:12 2023
