Current configuration:
[NAME]		[DEFLT]	[VALUE]
-allphones	no	no
-cntthresh	0.00001	1.000000e-05
-csplitmax	100	2000
-csplitmin	1	1
-csplitthr	8e-4	0.000000e+00
-example	no	no
-fullvar	no	no
-help		no	no
-meanfn			/home/lucija/Documents/Zadnji semestar/ROGJ/Prezentacije/CMUspinx/tutorial3/model_parameters/my_db.cd_cont_untied/means
-mixwfn			/home/lucija/Documents/Zadnji semestar/ROGJ/Prezentacije/CMUspinx/tutorial3/model_parameters/my_db.cd_cont_untied/mixture_weights
-moddeffn		/home/lucija/Documents/Zadnji semestar/ROGJ/Prezentacije/CMUspinx/tutorial3/model_architecture/my_db.untied.mdef
-mwfloor	1e-4	1.000000e-08
-phone			d탑
-psetfn			/home/lucija/Documents/Zadnji semestar/ROGJ/Prezentacije/CMUspinx/tutorial3/model_architecture/my_db.tree_questions
-ssplitmax	5	7
-ssplitmin	1	1
-ssplitthr	8e-4	0.000000e+00
-state			0
-stwt			1.0,0.05,0.0,
-treefn			/home/lucija/Documents/Zadnji semestar/ROGJ/Prezentacije/CMUspinx/tutorial3/trees/my_db.unpruned/d탑-0.dtree
-ts2cbfn	.semi.	.cont.
-varfloor	0.00001	1.000000e-05
-varfn			/home/lucija/Documents/Zadnji semestar/ROGJ/Prezentacije/CMUspinx/tutorial3/model_parameters/my_db.cd_cont_untied/variances

INFO: main.c(223): Reading: /home/lucija/Documents/Zadnji semestar/ROGJ/Prezentacije/CMUspinx/tutorial3/model_architecture/my_db.untied.mdef
INFO: model_def_io.c(573): Model definition info:
INFO: model_def_io.c(574): 10547 total models defined (32 base, 10515 tri)
INFO: model_def_io.c(575): 42188 total states
INFO: model_def_io.c(576): 31641 total tied states
INFO: model_def_io.c(577): 96 total tied CI states
INFO: model_def_io.c(578): 32 total tied transition matrices
INFO: model_def_io.c(579): 4 max state/model
INFO: model_def_io.c(580): 4 min state/model
INFO: main.c(242): Building trees for [d탑 NOISE o b] through [d탑 u a i]
INFO: main.c(268): Covering states |[6471 6530]| == 60
INFO: main.c(275): Reading: /home/lucija/Documents/Zadnji semestar/ROGJ/Prezentacije/CMUspinx/tutorial3/model_parameters/my_db.cd_cont_untied/mixture_weights
INFO: s3mixw_io.c(172): Read /home/lucija/Documents/Zadnji semestar/ROGJ/Prezentacije/CMUspinx/tutorial3/model_parameters/my_db.cd_cont_untied/mixture_weights [60x1x1 array]
INFO: main.c(311): 20 of 20 models have observation count greater than 0.000010
INFO: main.c(95): nrm stwt: 0.952 0.048 0.000 
INFO: s3gau_io.c(168): Read /home/lucija/Documents/Zadnji semestar/ROGJ/Prezentacije/CMUspinx/tutorial3/model_parameters/my_db.cd_cont_untied/means [31641x1x1 array]
INFO: s3gau_io.c(168): Read /home/lucija/Documents/Zadnji semestar/ROGJ/Prezentacije/CMUspinx/tutorial3/model_parameters/my_db.cd_cont_untied/variances [31641x1x1 array]
INFO: main.c(549): Reading: /home/lucija/Documents/Zadnji semestar/ROGJ/Prezentacije/CMUspinx/tutorial3/model_architecture/my_db.tree_questions
INFO: main.c(587): 180 total simple questions (172 phone; 8 word bndry)
INFO: main.c(589): 42 Left Only questions, and 42 Right Only questions
INFO: dtree.c(1478): Final simple tree
|( QUESTION14 -1 -2.544e+04 1.844e+02 1.130e+02
|    ( WDBNDRY_B 0 -7.928e+03 1.548e+02 3.600e+01
|        ( - -3.177e+03 2 0)
|        ( WDBNDRY_E 0 -4.596e+03 1.453e+02 2.100e+01
|            ( - -1.015e+03 1 0)
|            ( - -3.436e+03 4 0)))
|    ( QUESTION4 -1 -1.733e+04 1.540e+02 7.700e+01
|        ( - -9.355e+02 1 0)
|        ( QUESTION13 -1 -1.624e+04 1.405e+02 7.200e+01
|            ( - -1.962e+03 1 0)
|            ( QUESTION2_1_L -1 -1.414e+04 1.314e+02 6.300e+01
|                ( - -2.781e+03 1 0)
|                ( QUESTION0_0_R 1 -1.123e+04 1.149e+02 5.000e+01
|                    ( - -1.057e+04 9 0 SILENCE -1 1.047e+02 4.700e+01)
|                    ( - -5.460e+02 1 0))))))
s>    ( QUESTION14 -1 -2.544e+04 1.844e+02 1.130e+02
s>        ( WDBNDRY_B 0 -7.928e+03 1.548e+02 3.600e+01
s>            ( - -3.177e+03 2 0)
s>            ( WDBNDRY_E 0 -4.596e+03 1.453e+02 2.100e+01
s>                ( - -1.015e+03 1 0)
s>                ( - -3.436e+03 4 0)))
s>        ( QUESTION4 -1 -1.733e+04 1.540e+02 7.700e+01
s>            ( - -9.355e+02 1 0)
s>            ( QUESTION13 -1 -1.624e+04 1.405e+02 7.200e+01
s>                ( - -1.962e+03 1 0)
s>                ( QUESTION2_1_L -1 -1.414e+04 1.314e+02 6.300e+01
s>                    ( - -2.781e+03 1 0)
s>                    ( QUESTION0_0_R 1 -1.123e+04 1.149e+02 5.000e+01
s>                        ( - -1.057e+04 9 0 SILENCE -1 1.047e+02 4.700e+01)
s>                        ( - -5.460e+02 1 0))))))INFO: dtree.c(1315): Comp split 0
INFO: dtree.c(1478): Final simple tree
|( QUESTION4 -1 -1.733e+04 1.540e+02 7.700e+01
|    ( - -9.355e+02 1 0)
|    ( QUESTION13 -1 -1.624e+04 1.405e+02 7.200e+01
|        ( - -1.962e+03 1 0)
|        ( QUESTION2_1_L -1 -1.414e+04 1.314e+02 6.300e+01
|            ( - -2.781e+03 1 0)
|            ( QUESTION0_0_R 1 -1.123e+04 1.149e+02 5.000e+01
|                ( SILENCE -1 -1.057e+04 1.047e+02 4.700e+01
|                    ( - -1.038e+03 1 0)
|                    ( WDBNDRY_B 0 -9.425e+03 1.033e+02 4.200e+01
|                        ( QUESTION0 -1 -6.639e+03 9.285e+01 3.000e+01
|                            ( - -5.944e+03 4 0)
|                            ( - -6.022e+02 1 0))
|                        ( - -2.682e+03 3 0)))
|                ( - -5.460e+02 1 0)))))
s>    ( QUESTION4 -1 -1.733e+04 1.540e+02 7.700e+01
s>        ( - -9.355e+02 1 0)
s>        ( QUESTION13 -1 -1.624e+04 1.405e+02 7.200e+01
s>            ( - -1.962e+03 1 0)
s>            ( QUESTION2_1_L -1 -1.414e+04 1.314e+02 6.300e+01
s>                ( - -2.781e+03 1 0)
s>                ( QUESTION0_0_R 1 -1.123e+04 1.149e+02 5.000e+01
s>                    ( SILENCE -1 -1.057e+04 1.047e+02 4.700e+01
s>                        ( - -1.038e+03 1 0)
s>                        ( WDBNDRY_B 0 -9.425e+03 1.033e+02 4.200e+01
s>                            ( QUESTION0 -1 -6.639e+03 9.285e+01 3.000e+01
s>                                ( - -5.944e+03 4 0)
s>                                ( - -6.022e+02 1 0))
s>                            ( - -2.682e+03 3 0)))
s>                    ( - -5.460e+02 1 0)))))INFO: dtree.c(1439): stop. leaf nodes are specific
INFO: dtree.c(1478): Final simple tree
|( WDBNDRY_B 0 -7.928e+03 1.548e+02 3.600e+01
|    ( - -3.177e+03 2 0)
|    ( WDBNDRY_E 0 -4.596e+03 1.453e+02 2.100e+01
|        ( - -1.015e+03 1 0)
|        ( - -3.436e+03 4 0)))
s>    ( WDBNDRY_B 0 -7.928e+03 1.548e+02 3.600e+01
s>        ( - -3.177e+03 2 0)
s>        ( WDBNDRY_E 0 -4.596e+03 1.453e+02 2.100e+01
s>            ( - -1.015e+03 1 0)
s>            ( - -3.436e+03 4 0)))INFO: dtree.c(1315): Comp split 1
INFO: dtree.c(1439): stop. leaf nodes are specific
INFO: dtree.c(1478): Final simple tree
|( WDBNDRY_E 0 -4.596e+03 1.453e+02 2.100e+01
|    ( - -1.015e+03 1 0)
|    ( - -3.436e+03 4 0))
s>    ( WDBNDRY_E 0 -4.596e+03 1.453e+02 2.100e+01
s>        ( - -1.015e+03 1 0)
s>        ( - -3.436e+03 4 0))INFO: dtree.c(1315): Comp split 2
INFO: dtree.c(1439): stop. leaf nodes are specific
INFO: dtree.c(1478): Final simple tree
|( QUESTION13 -1 -1.624e+04 1.405e+02 7.200e+01
|    ( - -1.962e+03 1 0)
|    ( QUESTION2_1_L -1 -1.414e+04 1.314e+02 6.300e+01
|        ( - -2.781e+03 1 0)
|        ( QUESTION0_0_R 1 -1.123e+04 1.149e+02 5.000e+01
|            ( SILENCE -1 -1.057e+04 1.047e+02 4.700e+01
|                ( - -1.038e+03 1 0)
|                ( WDBNDRY_B 0 -9.425e+03 1.033e+02 4.200e+01
|                    ( QUESTION0 -1 -6.639e+03 9.285e+01 3.000e+01
|                        ( - -5.944e+03 4 0)
|                        ( - -6.022e+02 1 0))
|                    ( - -2.682e+03 3 0)))
|            ( - -5.460e+02 1 0))))
s>    ( QUESTION13 -1 -1.624e+04 1.405e+02 7.200e+01
s>        ( - -1.962e+03 1 0)
s>        ( QUESTION2_1_L -1 -1.414e+04 1.314e+02 6.300e+01
s>            ( - -2.781e+03 1 0)
s>            ( QUESTION0_0_R 1 -1.123e+04 1.149e+02 5.000e+01
s>                ( SILENCE -1 -1.057e+04 1.047e+02 4.700e+01
s>                    ( - -1.038e+03 1 0)
s>                    ( WDBNDRY_B 0 -9.425e+03 1.033e+02 4.200e+01
s>                        ( QUESTION0 -1 -6.639e+03 9.285e+01 3.000e+01
s>                            ( - -5.944e+03 4 0)
s>                            ( - -6.022e+02 1 0))
s>                        ( - -2.682e+03 3 0)))
s>                ( - -5.460e+02 1 0))))INFO: dtree.c(1315): Comp split 3
INFO: dtree.c(1315): Comp split 4
INFO: dtree.c(1439): stop. leaf nodes are specific
INFO: dtree.c(1478): Final simple tree
|( QUESTION2_1_L -1 -1.414e+04 1.314e+02 6.300e+01
|    ( - -2.781e+03 1 0)
|    ( QUESTION0_0_R 1 -1.123e+04 1.149e+02 5.000e+01
|        ( SILENCE -1 -1.057e+04 1.047e+02 4.700e+01
|            ( - -1.038e+03 1 0)
|            ( WDBNDRY_B 0 -9.425e+03 1.033e+02 4.200e+01
|                ( QUESTION0 -1 -6.639e+03 9.285e+01 3.000e+01
|                    ( - -5.944e+03 4 0)
|                    ( - -6.022e+02 1 0))
|                ( - -2.682e+03 3 0)))
|        ( - -5.460e+02 1 0)))
s>    ( QUESTION2_1_L -1 -1.414e+04 1.314e+02 6.300e+01
s>        ( - -2.781e+03 1 0)
s>        ( QUESTION0_0_R 1 -1.123e+04 1.149e+02 5.000e+01
s>            ( SILENCE -1 -1.057e+04 1.047e+02 4.700e+01
s>                ( - -1.038e+03 1 0)
s>                ( WDBNDRY_B 0 -9.425e+03 1.033e+02 4.200e+01
s>                    ( QUESTION0 -1 -6.639e+03 9.285e+01 3.000e+01
s>                        ( - -5.944e+03 4 0)
s>                        ( - -6.022e+02 1 0))
s>                    ( - -2.682e+03 3 0)))
s>            ( - -5.460e+02 1 0)))INFO: dtree.c(1315): Comp split 5
INFO: dtree.c(1439): stop. leaf nodes are specific
INFO: dtree.c(1478): Final simple tree
|( QUESTION0_0_R 1 -1.123e+04 1.149e+02 5.000e+01
|    ( SILENCE -1 -1.057e+04 1.047e+02 4.700e+01
|        ( - -1.038e+03 1 0)
|        ( WDBNDRY_B 0 -9.425e+03 1.033e+02 4.200e+01
|            ( QUESTION0 -1 -6.639e+03 9.285e+01 3.000e+01
|                ( - -5.944e+03 4 0)
|                ( - -6.022e+02 1 0))
|            ( - -2.682e+03 3 0)))
|    ( - -5.460e+02 1 0))
s>    ( QUESTION0_0_R 1 -1.123e+04 1.149e+02 5.000e+01
s>        ( SILENCE -1 -1.057e+04 1.047e+02 4.700e+01
s>            ( - -1.038e+03 1 0)
s>            ( WDBNDRY_B 0 -9.425e+03 1.033e+02 4.200e+01
s>                ( QUESTION0 -1 -6.639e+03 9.285e+01 3.000e+01
s>                    ( - -5.944e+03 4 0)
s>                    ( - -6.022e+02 1 0))
s>                ( - -2.682e+03 3 0)))
s>        ( - -5.460e+02 1 0))INFO: dtree.c(1315): Comp split 6
INFO: dtree.c(1439): stop. leaf nodes are specific
INFO: dtree.c(1478): Final simple tree
|( SILENCE -1 -1.057e+04 1.047e+02 4.700e+01
|    ( - -1.038e+03 1 0)
|    ( WDBNDRY_B 0 -9.425e+03 1.033e+02 4.200e+01
|        ( QUESTION0 -1 -6.639e+03 9.285e+01 3.000e+01
|            ( - -5.944e+03 4 0)
|            ( - -6.022e+02 1 0))
|        ( - -2.682e+03 3 0)))
s>    ( SILENCE -1 -1.057e+04 1.047e+02 4.700e+01
s>        ( - -1.038e+03 1 0)
s>        ( WDBNDRY_B 0 -9.425e+03 1.033e+02 4.200e+01
s>            ( QUESTION0 -1 -6.639e+03 9.285e+01 3.000e+01
s>                ( - -5.944e+03 4 0)
s>                ( - -6.022e+02 1 0))
s>            ( - -2.682e+03 3 0)))INFO: dtree.c(1315): Comp split 7
INFO: dtree.c(1439): stop. leaf nodes are specific
INFO: dtree.c(1478): Final simple tree
|( QUESTION0 -1 -6.639e+03 9.285e+01 3.000e+01
|    ( - -5.944e+03 4 0)
|    ( - -6.022e+02 1 0))
s>    ( QUESTION0 -1 -6.639e+03 9.285e+01 3.000e+01
s>        ( - -5.944e+03 4 0)
s>        ( - -6.022e+02 1 0))INFO: dtree.c(1439): stop. leaf nodes are specific
INFO: dtree.c(1478): Final simple tree
|( WDBNDRY_B 0 -3.813e+03 9.343e+01 1.700e+01
|    ( - -1.038e+03 1 0)
|    ( - -2.682e+03 3 0))
s>    ( WDBNDRY_B 0 -3.813e+03 9.343e+01 1.700e+01
s>        ( - -1.038e+03 1 0)
s>        ( - -2.682e+03 3 0))INFO: dtree.c(1315): Comp split 8
INFO: dtree.c(1315): Comp split 9
INFO: dtree.c(1315): Comp split 10
INFO: dtree.c(1318): stop. leaf nodes are specific
Tue Mar 21 21:57:21 2023
