Current configuration:
[NAME]		[DEFLT]	[VALUE]
-dcountfn		/home/lucija/Documents/Zadnji semestar/ROGJ/Prezentacije/CMUspinx/tutorial10/model_parameters/my_db.cd_cont_200/mixture_weights
-example	no	no
-fullvar	no	no
-help		no	no
-inmeanfn		/home/lucija/Documents/Zadnji semestar/ROGJ/Prezentacije/CMUspinx/tutorial10/model_parameters/my_db.cd_cont_200/means
-inmixwfn		/home/lucija/Documents/Zadnji semestar/ROGJ/Prezentacije/CMUspinx/tutorial10/model_parameters/my_db.cd_cont_200/mixture_weights
-invarfn		/home/lucija/Documents/Zadnji semestar/ROGJ/Prezentacije/CMUspinx/tutorial10/model_parameters/my_db.cd_cont_200/variances
-ninc		1	2
-outmeanfn		/home/lucija/Documents/Zadnji semestar/ROGJ/Prezentacije/CMUspinx/tutorial10/model_parameters/my_db.cd_cont_initial/means
-outmixwfn		/home/lucija/Documents/Zadnji semestar/ROGJ/Prezentacije/CMUspinx/tutorial10/model_parameters/my_db.cd_cont_initial/mixture_weights
-outvarfn		/home/lucija/Documents/Zadnji semestar/ROGJ/Prezentacije/CMUspinx/tutorial10/model_parameters/my_db.cd_cont_initial/variances

INFO: main.c(85): Reading mixing weight file /home/lucija/Documents/Zadnji semestar/ROGJ/Prezentacije/CMUspinx/tutorial10/model_parameters/my_db.cd_cont_200/mixture_weights.
INFO: s3mixw_io.c(116): Read /home/lucija/Documents/Zadnji semestar/ROGJ/Prezentacije/CMUspinx/tutorial10/model_parameters/my_db.cd_cont_200/mixture_weights [296x1x2 array]
INFO: s3gau_io.c(168): Read /home/lucija/Documents/Zadnji semestar/ROGJ/Prezentacije/CMUspinx/tutorial10/model_parameters/my_db.cd_cont_200/means [296x1x2 array]
INFO: s3gau_io.c(168): Read /home/lucija/Documents/Zadnji semestar/ROGJ/Prezentacije/CMUspinx/tutorial10/model_parameters/my_db.cd_cont_200/variances [296x1x2 array]
INFO: s3gau_io.c(552): Read /home/lucija/Documents/Zadnji semestar/ROGJ/Prezentacije/CMUspinx/tutorial10/model_parameters/my_db.cd_cont_200/mixture_weights [296x1x2 array]
INFO: main.c(151): output n_density == 4
0:1(1.45e+04)0(1.35e+04)
1:0(3.19e+04)1(3.19e+04)
2:1(1.91e+04)0(1.11e+04)
3:1(9.61e+04)0(4.10e+04)
4:1(2.71e+04)0(2.09e+04)
5:0(1.64e+04)1(1.37e+04)
6:1(8.15e+04)0(7.45e+04)
7:0(9.12e+04)1(7.70e+04)
8:0(9.20e+04)1(8.40e+04)
9:0(8.85e+03)1(7.91e+03)
10:0(5.11e+03)1(4.91e+03)
11:1(6.32e+03)0(6.12e+03)
12:1(5.32e+03)0(5.12e+03)
13:1(6.33e+03)0(6.06e+03)
14:1(5.12e+03)0(3.70e+03)
15:1(2.50e+04)0(2.31e+04)
16:1(1.98e+04)0(1.56e+04)
17:1(2.39e+04)0(1.68e+04)
18:0(6.22e+01)1(6.02e+01)
19:1(4.75e+01)0(4.02e+01)
20:0(5.35e+01)1(4.79e+01)
21:0(6.76e+04)1(4.71e+04)
22:1(5.60e+04)0(4.69e+04)
23:1(6.10e+04)0(3.88e+04)
24:1(3.76e+02)0(3.15e+02)
25:0(3.89e+02)1(3.82e+02)
26:1(2.75e+02)0(2.64e+02)
27:0(5.94e+03)1(5.86e+03)
28:0(6.28e+03)1(5.41e+03)
29:0(1.19e+04)1(7.77e+03)
30:1(2.24e+03)0(1.46e+03)
31:1(2.67e+03)0(2.06e+03)
32:0(2.34e+03)1(2.20e+03)
33:0(4.26e+04)1(3.81e+04)
34:1(5.05e+04)0(4.71e+04)
35:1(5.97e+04)0(4.96e+04)
36:0(2.79e+04)1(2.06e+04)
37:1(1.93e+04)0(1.73e+04)
38:0(2.28e+04)1(1.39e+04)
39:0(1.82e+04)1(1.57e+04)
40:1(1.06e+04)0(9.98e+03)
41:1(1.23e+04)0(1.21e+04)
42:0(1.16e+04)1(1.09e+04)
43:1(1.09e+04)0(9.32e+03)
44:0(1.18e+04)1(7.40e+03)
45:1(3.34e+03)0(2.25e+03)
46:0(2.61e+03)1(1.86e+03)
47:0(3.26e+03)1(2.22e+03)
48:1(2.88e+04)0(1.64e+04)
49:0(2.14e+04)1(1.81e+04)
50:0(2.20e+04)1(1.69e+04)
51:0(3.98e+04)1(2.77e+04)
52:1(3.00e+04)0(1.96e+04)
53:0(3.31e+04)1(1.44e+04)
54:1(6.42e+03)0(5.55e+03)
55:0(4.24e+03)1(3.75e+03)
56:0(5.62e+03)1(3.24e+03)
57:0(5.06e+04)1(4.57e+04)
58:1(6.58e+04)0(6.40e+04)
59:0(6.90e+04)1(5.99e+04)
60:0(2.26e+04)1(1.96e+04)
61:0(1.40e+04)1(1.12e+04)
62:1(1.52e+04)0(1.32e+04)
63:0(2.65e+04)1(2.32e+04)
64:1(2.78e+04)0(2.50e+04)
65:0(2.34e+04)1(2.22e+04)
66:1(3.09e+04)0(2.57e+04)
67:1(4.41e+04)0(4.30e+04)
68:1(3.73e+04)0(2.51e+04)
69:0(3.22e+04)1(2.62e+04)
70:0(2.16e+04)1(2.04e+04)
71:1(3.23e+04)0(2.97e+04)
72:1(3.41e+04)0(3.17e+04)
73:1(3.46e+04)0(2.56e+04)
74:1(4.36e+04)0(3.04e+04)
75:0(1.60e+04)1(1.55e+04)
76:1(1.16e+04)0(9.61e+03)
77:0(1.76e+04)1(1.29e+04)
78:0(1.03e+04)1(7.37e+03)
79:0(1.29e+04)1(1.09e+04)
80:1(1.21e+04)0(7.76e+03)
81:1(6.36e+03)0(5.72e+03)
82:1(7.49e+03)0(4.81e+03)
83:0(4.89e+03)1(4.78e+03)
84:0(8.38e+03)1(8.07e+03)
85:0(1.08e+04)1(9.25e+03)
86:0(5.66e+03)1(5.40e+03)
87:0(7.39e+02)1(5.83e+02)
88:0(7.84e+02)1(6.78e+02)
89:0(5.67e+02)1(5.62e+02)
90:1(5.95e+03)0(4.53e+03)
91:0(9.63e+03)1(9.09e+03)
92:0(6.98e+03)1(6.86e+03)
93:0(3.03e+03)1(2.09e+03)
94:1(3.45e+03)0(3.33e+03)
95:1(2.49e+03)0(2.42e+03)
96:1(1.45e+04)0(1.35e+04)
97:0(3.19e+04)1(3.19e+04)
98:1(1.91e+04)0(1.11e+04)
99:1(6.62e+03)0(5.86e+03)
100:0(8.93e+03)1(8.42e+03)
101:0(1.89e+04)1(1.85e+04)
102:1(3.13e+04)0(2.70e+04)
103:1(7.53e+03)0(6.57e+03)
104:0(8.56e+03)1(7.96e+03)
105:0(7.43e+03)1(7.43e+03)
106:1(4.16e+03)0(2.48e+03)
107:1(1.56e+04)0(1.25e+04)
108:1(8.26e+03)0(5.48e+03)
109:0(1.50e+04)1(1.41e+04)
110:1(2.26e+04)0(2.18e+04)
111:1(1.66e+04)0(1.48e+04)
112:0(1.07e+04)1(6.54e+03)
113:0(1.83e+04)1(1.80e+04)
114:1(6.57e+03)0(6.14e+03)
115:1(6.70e+03)0(6.39e+03)
116:0(8.43e+03)1(5.42e+03)
117:0(7.87e+03)1(6.77e+03)
118:1(6.10e+03)0(4.85e+03)
119:1(8.66e+03)0(8.32e+03)
120:0(2.25e+04)1(1.78e+04)
121:0(8.85e+03)1(7.91e+03)
122:0(5.11e+03)1(4.91e+03)
123:1(6.32e+03)0(6.12e+03)
124:1(5.32e+03)0(5.12e+03)
125:1(6.33e+03)0(6.06e+03)
126:1(5.12e+03)0(3.70e+03)
127:1(1.70e+04)0(1.66e+04)
128:1(7.59e+03)0(6.83e+03)
129:0(1.34e+04)1(1.17e+04)
130:0(5.96e+03)1(4.38e+03)
131:0(7.83e+03)1(6.49e+03)
132:0(1.43e+04)1(1.21e+04)
133:0(6.22e+01)1(6.02e+01)
134:1(4.75e+01)0(4.02e+01)
135:0(5.35e+01)1(4.79e+01)
136:0(3.70e+03)1(3.42e+03)
137:0(9.25e+03)1(7.98e+03)
138:0(2.21e+04)1(2.03e+04)
139:0(1.34e+04)1(1.09e+04)
140:0(1.21e+04)1(1.15e+04)
141:0(7.85e+03)1(7.48e+03)
142:1(3.84e+03)0(3.34e+03)
143:0(1.34e+04)1(1.01e+04)
144:1(1.02e+04)0(6.62e+03)
145:1(1.07e+04)0(7.35e+03)
146:1(1.16e+04)0(1.05e+04)
147:0(9.32e+03)1(6.58e+03)
148:1(4.34e+03)0(4.04e+03)
149:1(1.45e+04)0(8.53e+03)
150:1(1.87e+04)0(1.59e+04)
151:1(9.05e+03)0(8.79e+03)
152:1(3.76e+02)0(3.15e+02)
153:0(3.89e+02)1(3.82e+02)
154:1(2.75e+02)0(2.64e+02)
155:0(5.94e+03)1(5.86e+03)
156:0(6.28e+03)1(5.41e+03)
157:0(6.17e+03)1(4.74e+03)
158:1(4.58e+03)0(4.16e+03)
159:1(2.24e+03)0(1.46e+03)
160:1(2.67e+03)0(2.06e+03)
161:0(2.34e+03)1(2.20e+03)
162:1(1.36e+04)0(1.24e+04)
163:1(9.40e+03)0(8.53e+03)
164:0(1.93e+04)1(1.75e+04)
165:1(2.11e+04)0(1.78e+04)
166:0(1.32e+04)1(1.18e+04)
167:1(1.98e+04)0(1.39e+04)
168:1(8.64e+03)0(7.92e+03)
169:0(5.76e+03)1(3.21e+03)
170:1(1.47e+04)0(1.16e+04)
171:0(7.22e+03)1(7.04e+03)
172:1(2.21e+04)0(2.11e+04)
173:0(3.12e+03)1(1.92e+03)
174:1(9.40e+03)0(8.89e+03)
175:1(4.45e+03)0(4.20e+03)
176:1(1.03e+04)0(6.24e+03)
177:1(5.30e+03)0(4.14e+03)
178:1(9.69e+03)0(9.25e+03)
179:1(4.74e+03)0(3.51e+03)
180:0(8.31e+03)1(6.54e+03)
181:1(4.86e+03)0(4.81e+03)
182:0(7.86e+03)1(4.40e+03)
183:0(1.23e+04)1(1.12e+04)
184:0(5.40e+03)1(5.08e+03)
185:1(1.06e+04)0(9.98e+03)
186:1(1.23e+04)0(1.21e+04)
187:0(6.24e+03)1(5.20e+03)
188:1(5.99e+03)0(5.07e+03)
189:0(6.94e+03)1(3.29e+03)
190:0(5.37e+03)1(4.63e+03)
191:0(1.18e+04)1(7.40e+03)
192:1(3.34e+03)0(2.25e+03)
193:0(2.61e+03)1(1.86e+03)
194:0(3.26e+03)1(2.22e+03)
195:0(8.54e+03)1(8.31e+03)
196:0(1.43e+04)1(1.40e+04)
197:0(1.19e+04)1(1.03e+04)
198:0(1.20e+04)1(5.21e+03)
199:0(1.11e+04)1(9.77e+03)
200:0(1.03e+04)1(7.69e+03)
201:0(2.41e+04)1(2.28e+04)
202:0(5.63e+03)1(3.74e+03)
203:1(5.95e+03)0(5.30e+03)
204:1(6.00e+03)0(5.75e+03)
205:0(1.68e+04)1(1.51e+04)
206:0(3.68e+03)1(2.38e+03)
207:1(1.48e+04)0(1.28e+04)
208:1(6.51e+03)0(5.99e+03)
209:1(4.23e+03)0(3.21e+03)
210:1(6.42e+03)0(5.55e+03)
211:0(4.24e+03)1(3.75e+03)
212:0(5.62e+03)1(3.24e+03)
213:1(8.99e+03)0(8.98e+03)
214:0(7.51e+03)1(6.04e+03)
215:0(5.76e+03)1(5.30e+03)
216:1(2.00e+04)0(1.98e+04)
217:0(7.71e+03)1(6.38e+03)
218:1(7.95e+03)0(7.71e+03)
219:1(1.63e+04)0(1.55e+04)
220:1(1.15e+04)0(7.06e+03)
221:1(7.11e+03)0(6.21e+03)
222:1(9.70e+03)0(7.88e+03)
223:0(6.33e+03)1(5.43e+03)
224:1(1.11e+04)0(1.00e+04)
225:0(4.11e+03)1(4.06e+03)
226:0(6.92e+03)1(5.89e+03)
227:1(1.18e+04)0(1.15e+04)
228:0(8.88e+03)1(8.78e+03)
229:1(9.07e+03)0(7.91e+03)
230:1(1.20e+04)0(9.60e+03)
231:0(7.81e+03)1(7.17e+03)
232:1(6.88e+03)0(6.51e+03)
233:0(2.26e+04)1(1.96e+04)
234:0(1.40e+04)1(1.12e+04)
235:1(9.76e+03)0(6.65e+03)
236:1(6.79e+03)0(5.23e+03)
237:0(6.52e+03)1(6.03e+03)
238:1(1.02e+04)0(9.00e+03)
239:0(9.84e+03)1(8.11e+03)
240:0(1.21e+04)1(9.84e+03)
241:0(4.30e+03)1(4.27e+03)
242:0(1.15e+04)1(1.07e+04)
243:0(4.74e+03)1(3.88e+03)
244:0(2.34e+04)1(1.37e+04)
245:1(4.75e+03)0(2.65e+03)
246:1(2.93e+04)0(2.00e+04)
247:1(3.08e+04)0(2.64e+04)
248:0(1.05e+04)1(9.40e+03)
249:1(5.05e+03)0(4.93e+03)
250:1(1.31e+04)0(9.75e+03)
251:0(3.57e+03)1(3.42e+03)
252:1(2.05e+04)0(1.21e+04)
253:0(2.24e+04)1(1.91e+04)
254:0(1.02e+04)1(6.63e+03)
255:0(6.31e+03)1(5.86e+03)
256:0(1.53e+04)1(1.45e+04)
257:1(1.13e+04)0(1.03e+04)
258:0(2.04e+04)1(2.01e+04)
259:0(9.89e+03)1(8.81e+03)
260:1(5.61e+03)0(5.12e+03)
261:1(3.96e+03)0(3.83e+03)
262:1(8.62e+03)0(6.81e+03)
263:0(7.72e+03)1(5.51e+03)
264:1(1.57e+04)0(1.36e+04)
265:1(1.73e+04)0(1.36e+04)
266:1(8.50e+03)0(6.53e+03)
267:0(4.93e+03)1(4.51e+03)
268:1(1.27e+04)0(5.94e+03)
269:1(7.22e+03)0(5.86e+03)
270:1(9.83e+03)0(7.93e+03)
271:1(6.80e+03)0(4.76e+03)
272:0(1.11e+04)1(8.86e+03)
273:1(1.16e+04)0(9.61e+03)
274:1(1.22e+04)0(1.10e+04)
275:0(3.93e+03)1(3.28e+03)
276:0(1.03e+04)1(7.37e+03)
277:0(1.29e+04)1(1.09e+04)
278:1(3.30e+03)0(2.49e+03)
279:1(7.92e+03)0(6.13e+03)
280:1(6.36e+03)0(5.72e+03)
281:1(7.49e+03)0(4.81e+03)
282:0(4.89e+03)1(4.78e+03)
283:0(8.38e+03)1(8.07e+03)
284:0(1.08e+04)1(9.25e+03)
285:0(5.66e+03)1(5.40e+03)
286:0(7.39e+02)1(5.83e+02)
287:0(7.84e+02)1(6.78e+02)
288:0(5.67e+02)1(5.62e+02)
289:1(5.95e+03)0(4.53e+03)
290:0(9.63e+03)1(9.09e+03)
291:0(3.55e+03)1(2.25e+03)
292:1(4.23e+03)0(3.82e+03)
293:0(3.03e+03)1(2.09e+03)
294:1(3.45e+03)0(3.33e+03)
295:1(2.49e+03)0(2.42e+03)INFO: s3mixw_io.c(232): Wrote /home/lucija/Documents/Zadnji semestar/ROGJ/Prezentacije/CMUspinx/tutorial10/model_parameters/my_db.cd_cont_initial/mixture_weights [296x1x4 array]
INFO: s3gau_io.c(228): Wrote /home/lucija/Documents/Zadnji semestar/ROGJ/Prezentacije/CMUspinx/tutorial10/model_parameters/my_db.cd_cont_initial/means [296x1x4 array]
INFO: s3gau_io.c(228): Wrote /home/lucija/Documents/Zadnji semestar/ROGJ/Prezentacije/CMUspinx/tutorial10/model_parameters/my_db.cd_cont_initial/variances [296x1x4 array]

Tue Mar 28 15:21:19 2023
