Current configuration:
[NAME]		[DEFLT]	[VALUE]
-allphones	no	no
-cntthresh	0.00001	1.000000e-05
-csplitmax	100	2000
-csplitmin	1	1
-csplitthr	8e-4	0.000000e+00
-example	no	no
-fullvar	no	no
-help		no	no
-meanfn			/home/lucija/Documents/Zadnji semestar/ROGJ/Prezentacije/CMUspinx/tutorial12/model_parameters/my_db.cd_cont_untied/means
-mixwfn			/home/lucija/Documents/Zadnji semestar/ROGJ/Prezentacije/CMUspinx/tutorial12/model_parameters/my_db.cd_cont_untied/mixture_weights
-moddeffn		/home/lucija/Documents/Zadnji semestar/ROGJ/Prezentacije/CMUspinx/tutorial12/model_architecture/my_db.untied.mdef
-mwfloor	1e-4	1.000000e-08
-phone			š
-psetfn			/home/lucija/Documents/Zadnji semestar/ROGJ/Prezentacije/CMUspinx/tutorial12/model_architecture/my_db.tree_questions
-ssplitmax	5	7
-ssplitmin	1	1
-ssplitthr	8e-4	0.000000e+00
-state			1
-stwt			1.0,0.05,0.0,
-treefn			/home/lucija/Documents/Zadnji semestar/ROGJ/Prezentacije/CMUspinx/tutorial12/trees/my_db.unpruned/š-1.dtree
-ts2cbfn	.semi.	.cont.
-varfloor	0.00001	1.000000e-05
-varfn			/home/lucija/Documents/Zadnji semestar/ROGJ/Prezentacije/CMUspinx/tutorial12/model_parameters/my_db.cd_cont_untied/variances

INFO: main.c(223): Reading: /home/lucija/Documents/Zadnji semestar/ROGJ/Prezentacije/CMUspinx/tutorial12/model_architecture/my_db.untied.mdef
INFO: model_def_io.c(573): Model definition info:
INFO: model_def_io.c(574): 10394 total models defined (32 base, 10362 tri)
INFO: model_def_io.c(575): 41576 total states
INFO: model_def_io.c(576): 31182 total tied states
INFO: model_def_io.c(577): 96 total tied CI states
INFO: model_def_io.c(578): 32 total tied transition matrices
INFO: model_def_io.c(579): 4 max state/model
INFO: model_def_io.c(580): 4 min state/model
INFO: main.c(242): Building trees for [š NOISE e b] through [š ć e b]
INFO: main.c(268): Covering states |[30435 30944]| == 510
INFO: main.c(275): Reading: /home/lucija/Documents/Zadnji semestar/ROGJ/Prezentacije/CMUspinx/tutorial12/model_parameters/my_db.cd_cont_untied/mixture_weights
INFO: s3mixw_io.c(172): Read /home/lucija/Documents/Zadnji semestar/ROGJ/Prezentacije/CMUspinx/tutorial12/model_parameters/my_db.cd_cont_untied/mixture_weights [510x1x1 array]
INFO: main.c(311): 170 of 170 models have observation count greater than 0.000010
INFO: main.c(95): nrm stwt: 0.045 0.909 0.045 
INFO: s3gau_io.c(168): Read /home/lucija/Documents/Zadnji semestar/ROGJ/Prezentacije/CMUspinx/tutorial12/model_parameters/my_db.cd_cont_untied/means [31182x1x1 array]
INFO: s3gau_io.c(168): Read /home/lucija/Documents/Zadnji semestar/ROGJ/Prezentacije/CMUspinx/tutorial12/model_parameters/my_db.cd_cont_untied/variances [31182x1x1 array]
INFO: main.c(549): Reading: /home/lucija/Documents/Zadnji semestar/ROGJ/Prezentacije/CMUspinx/tutorial12/model_architecture/my_db.tree_questions
INFO: main.c(587): 180 total simple questions (172 phone; 8 word bndry)
INFO: main.c(589): 42 Left Only questions, and 42 Right Only questions
INFO: dtree.c(1478): Final simple tree
|( QUESTION0_1_R 1 -3.697e+06 2.199e+04 1.758e+04
|    ( QUESTION20 1 -1.256e+06 9.356e+03 5.827e+03
|        ( - -4.830e+05 17 0 QUESTION2 -1 4.595e+02 2.269e+03)
|        ( QUESTION0_15_R 1 -7.639e+05 2.195e+03 3.557e+03
|            ( QUESTION0_19_R 1 -4.090e+05 1.585e+03 1.932e+03
|                ( - -3.154e+05 5 0)
|                ( - -9.207e+04 19 0 WDBNDRY_I 0 3.115e+02 4.389e+02))
|            ( WDBNDRY_I 0 -3.527e+05 1.607e+03 1.626e+03
|                ( - -2.490e+05 12 0 QUESTION0_11_R 1 5.896e+02 1.156e+03)
|                ( - -1.021e+05 22 0 QUESTION0_2_R 1 5.256e+02 4.699e+02))))
|    ( WDBNDRY_I 0 -2.418e+06 6.385e+03 1.175e+04
|        ( QUESTION0 1 -1.542e+06 1.312e+03 7.524e+03
|            ( - -1.523e+06 34 0 QUESTION0 -1 1.052e+03 7.434e+03)
|            ( - -1.791e+04 4 0))
|        ( - -8.694e+05 57 0 QUESTION0 -1 9.626e+02 4.228e+03)))
s>    ( QUESTION0_1_R 1 -3.697e+06 2.199e+04 1.758e+04
s>        ( QUESTION20 1 -1.256e+06 9.356e+03 5.827e+03
s>            ( - -4.830e+05 17 0 QUESTION2 -1 4.595e+02 2.269e+03)
s>            ( QUESTION0_15_R 1 -7.639e+05 2.195e+03 3.557e+03
s>                ( QUESTION0_19_R 1 -4.090e+05 1.585e+03 1.932e+03
s>                    ( - -3.154e+05 5 0)
s>                    ( - -9.207e+04 19 0 WDBNDRY_I 0 3.115e+02 4.389e+02))
s>                ( WDBNDRY_I 0 -3.527e+05 1.607e+03 1.626e+03
s>                    ( - -2.490e+05 12 0 QUESTION0_11_R 1 5.896e+02 1.156e+03)
s>                    ( - -1.021e+05 22 0 QUESTION0_2_R 1 5.256e+02 4.699e+02))))
s>        ( WDBNDRY_I 0 -2.418e+06 6.385e+03 1.175e+04
s>            ( QUESTION0 1 -1.542e+06 1.312e+03 7.524e+03
s>                ( - -1.523e+06 34 0 QUESTION0 -1 1.052e+03 7.434e+03)
s>                ( - -1.791e+04 4 0))
s>            ( - -8.694e+05 57 0 QUESTION0 -1 9.626e+02 4.228e+03)))INFO: dtree.c(1315): Comp split 0
INFO: dtree.c(1478): Final simple tree
|( WDBNDRY_I 0 -2.399e+06 6.539e+03 1.166e+04
|    ( QUESTION0 -1 -1.523e+06 1.052e+03 7.434e+03
|        ( - -1.461e+06 23 0 QUESTION2_0_L -1 3.342e+02 7.130e+03)
|        ( - -6.154e+04 11 0 QUESTION14 -1 2.480e+02 3.044e+02))
|    ( QUESTION0 -1 -8.694e+05 9.626e+02 4.228e+03
|        ( SILENCE 1 -5.429e+05 6.793e+02 2.639e+03
|            ( - -1.533e+04 5 0)
|            ( WDBNDRY_B 0 -5.269e+05 5.415e+02 2.560e+03
|                ( - -4.949e+05 23 0 QUESTION0 1 2.101e+02 2.409e+03)
|                ( - -3.148e+04 7 0 QUESTION0 1 1.401e+02 1.503e+02)))
|        ( QUESTION15 -1 -3.256e+05 6.244e+02 1.589e+03
|            ( - -1.777e+05 6 0 QUESTION16 -1 3.078e+02 8.653e+02)
|            ( QUESTION13 -1 -1.473e+05 4.279e+02 7.236e+02
|                ( - -7.683e+04 8 0 WDBNDRY_B 0 2.158e+02 3.806e+02)
|                ( - -7.001e+04 8 0 QUESTION10 -1 4.290e+02 3.430e+02)))))
s>    ( WDBNDRY_I 0 -2.399e+06 6.539e+03 1.166e+04
s>        ( QUESTION0 -1 -1.523e+06 1.052e+03 7.434e+03
s>            ( - -1.461e+06 23 0 QUESTION2_0_L -1 3.342e+02 7.130e+03)
s>            ( - -6.154e+04 11 0 QUESTION14 -1 2.480e+02 3.044e+02))
s>        ( QUESTION0 -1 -8.694e+05 9.626e+02 4.228e+03
s>            ( SILENCE 1 -5.429e+05 6.793e+02 2.639e+03
s>                ( - -1.533e+04 5 0)
s>                ( WDBNDRY_B 0 -5.269e+05 5.415e+02 2.560e+03
s>                    ( - -4.949e+05 23 0 QUESTION0 1 2.101e+02 2.409e+03)
s>                    ( - -3.148e+04 7 0 QUESTION0 1 1.401e+02 1.503e+02)))
s>            ( QUESTION15 -1 -3.256e+05 6.244e+02 1.589e+03
s>                ( - -1.777e+05 6 0 QUESTION16 -1 3.078e+02 8.653e+02)
s>                ( QUESTION13 -1 -1.473e+05 4.279e+02 7.236e+02
s>                    ( - -7.683e+04 8 0 WDBNDRY_B 0 2.158e+02 3.806e+02)
s>                    ( - -7.001e+04 8 0 QUESTION10 -1 4.290e+02 3.430e+02)))))INFO: dtree.c(1478): Final simple tree
|( QUESTION20 1 -1.275e+06 9.240e+03 5.916e+03
|    ( - -4.830e+05 17 0 QUESTION2 -1 4.595e+02 2.269e+03)
|    ( QUESTION14 1 -7.829e+05 2.232e+03 3.647e+03
|        ( QUESTION0_0_R 1 -1.046e+05 5.784e+02 5.011e+02
|            ( - -1.791e+04 4 0)
|            ( - -8.612e+04 16 0 WDBNDRY_I 0 3.030e+02 4.114e+02))
|        ( QUESTION0_16_R 1 -6.761e+05 1.966e+03 3.146e+03
|            ( - -3.154e+05 5 0)
|            ( WDBNDRY_I 0 -3.588e+05 1.693e+03 1.653e+03
|                ( QUESTION0_11_R 1 -2.490e+05 5.896e+02 1.156e+03
|                    ( - -2.105e+05 6 0 QUESTION0 -1 2.276e+02 9.776e+02)
|                    ( - -3.787e+04 6 0 QUESTION0_2_R 1 3.936e+02 1.785e+02))
|                ( QUESTION0_2_R 1 -1.081e+05 5.274e+02 4.974e+02
|                    ( - -1.334e+04 3 0 QUESTION11 1 1.329e+02 6.163e+01)
|                    ( - -9.422e+04 22 0 WDBNDRY_B 0 4.775e+02 4.357e+02))))))
s>    ( QUESTION20 1 -1.275e+06 9.240e+03 5.916e+03
s>        ( - -4.830e+05 17 0 QUESTION2 -1 4.595e+02 2.269e+03)
s>        ( QUESTION14 1 -7.829e+05 2.232e+03 3.647e+03
s>            ( QUESTION0_0_R 1 -1.046e+05 5.784e+02 5.011e+02
s>                ( - -1.791e+04 4 0)
s>                ( - -8.612e+04 16 0 WDBNDRY_I 0 3.030e+02 4.114e+02))
s>            ( QUESTION0_16_R 1 -6.761e+05 1.966e+03 3.146e+03
s>                ( - -3.154e+05 5 0)
s>                ( WDBNDRY_I 0 -3.588e+05 1.693e+03 1.653e+03
s>                    ( QUESTION0_11_R 1 -2.490e+05 5.896e+02 1.156e+03
s>                        ( - -2.105e+05 6 0 QUESTION0 -1 2.276e+02 9.776e+02)
s>                        ( - -3.787e+04 6 0 QUESTION0_2_R 1 3.936e+02 1.785e+02))
s>                    ( QUESTION0_2_R 1 -1.081e+05 5.274e+02 4.974e+02
s>                        ( - -1.334e+04 3 0 QUESTION11 1 1.329e+02 6.163e+01)
s>                        ( - -9.422e+04 22 0 WDBNDRY_B 0 4.775e+02 4.357e+02))))))INFO: dtree.c(1315): Comp split 1
INFO: dtree.c(1478): Final simple tree
|( QUESTION0_16_R 1 -6.761e+05 1.966e+03 3.146e+03
|    ( - -3.154e+05 5 0)
|    ( WDBNDRY_I 0 -3.588e+05 1.693e+03 1.653e+03
|        ( QUESTION0_11_R 1 -2.490e+05 5.896e+02 1.156e+03
|            ( - -2.105e+05 6 0 QUESTION0 -1 2.276e+02 9.776e+02)
|            ( QUESTION0_2_R 1 -3.787e+04 3.936e+02 1.785e+02
|                ( - -3.566e+04 5 0 QUESTION0 -1 1.635e+02 1.695e+02)
|                ( - -1.813e+03 1 0)))
|        ( QUESTION0_2_R 1 -1.081e+05 5.274e+02 4.974e+02
|            ( - -1.334e+04 3 0 QUESTION11 1 1.329e+02 6.163e+01)
|            ( WDBNDRY_B 0 -9.422e+04 4.775e+02 4.357e+02
|                ( - -4.899e+04 15 0 SILENCE -1 1.804e+02 2.243e+02)
|                ( QUESTION0_12_R 1 -4.476e+04 2.352e+02 2.114e+02
|                    ( - -2.680e+03 1 0)
|                    ( - -4.184e+04 6 0 QUESTION0_9_R 1 1.897e+02 1.964e+02))))))
s>    ( QUESTION0_16_R 1 -6.761e+05 1.966e+03 3.146e+03
s>        ( - -3.154e+05 5 0)
s>        ( WDBNDRY_I 0 -3.588e+05 1.693e+03 1.653e+03
s>            ( QUESTION0_11_R 1 -2.490e+05 5.896e+02 1.156e+03
s>                ( - -2.105e+05 6 0 QUESTION0 -1 2.276e+02 9.776e+02)
s>                ( QUESTION0_2_R 1 -3.787e+04 3.936e+02 1.785e+02
s>                    ( - -3.566e+04 5 0 QUESTION0 -1 1.635e+02 1.695e+02)
s>                    ( - -1.813e+03 1 0)))
s>            ( QUESTION0_2_R 1 -1.081e+05 5.274e+02 4.974e+02
s>                ( - -1.334e+04 3 0 QUESTION11 1 1.329e+02 6.163e+01)
s>                ( WDBNDRY_B 0 -9.422e+04 4.775e+02 4.357e+02
s>                    ( - -4.899e+04 15 0 SILENCE -1 1.804e+02 2.243e+02)
s>                    ( QUESTION0_12_R 1 -4.476e+04 2.352e+02 2.114e+02
s>                        ( - -2.680e+03 1 0)
s>                        ( - -4.184e+04 6 0 QUESTION0_9_R 1 1.897e+02 1.964e+02))))))INFO: dtree.c(1478): Final simple tree
|( QUESTION0_11_R 1 -5.898e+05 2.160e+03 2.770e+03
|    ( QUESTION2 -1 -4.805e+05 4.595e+02 2.257e+03
|        ( - 2.184e+02 1 0)
|        ( WDBNDRY_I 0 -4.803e+05 3.260e+02 2.256e+03
|            ( - -4.656e+05 6 0 QUESTION0 -1 1.544e+02 2.187e+03)
|            ( - -1.431e+04 9 0 QUESTION15 -1 1.729e+02 6.900e+01)))
|    ( QUESTION0_0_R 1 -1.071e+05 5.841e+02 5.131e+02
|        ( - -1.791e+04 4 0)
|        ( WDBNDRY_I 0 -8.859e+04 3.028e+02 4.234e+02
|            ( - -1.791e+04 5 0 QUESTION0 -1 1.279e+02 8.859e+01)
|            ( QUESTION0_17_R 1 -7.038e+04 2.861e+02 3.348e+02
|                ( - -5.035e+04 3 0)
|                ( QUESTION1 -1 -1.974e+04 1.790e+02 9.613e+01
|                    ( - -6.771e+02 1 0)
|                    ( - -1.889e+04 8 0 WDBNDRY_B 0 1.719e+02 9.213e+01))))))
s>    ( QUESTION0_11_R 1 -5.898e+05 2.160e+03 2.770e+03
s>        ( QUESTION2 -1 -4.805e+05 4.595e+02 2.257e+03
s>            ( - 2.184e+02 1 0)
s>            ( WDBNDRY_I 0 -4.803e+05 3.260e+02 2.256e+03
s>                ( - -4.656e+05 6 0 QUESTION0 -1 1.544e+02 2.187e+03)
s>                ( - -1.431e+04 9 0 QUESTION15 -1 1.729e+02 6.900e+01)))
s>        ( QUESTION0_0_R 1 -1.071e+05 5.841e+02 5.131e+02
s>            ( - -1.791e+04 4 0)
s>            ( WDBNDRY_I 0 -8.859e+04 3.028e+02 4.234e+02
s>                ( - -1.791e+04 5 0 QUESTION0 -1 1.279e+02 8.859e+01)
s>                ( QUESTION0_17_R 1 -7.038e+04 2.861e+02 3.348e+02
s>                    ( - -5.035e+04 3 0)
s>                    ( QUESTION1 -1 -1.974e+04 1.790e+02 9.613e+01
s>                        ( - -6.771e+02 1 0)
s>                        ( - -1.889e+04 8 0 WDBNDRY_B 0 1.719e+02 9.213e+01))))))INFO: dtree.c(1315): Comp split 2
INFO: dtree.c(1439): stop. leaf nodes are specific
INFO: dtree.c(1478): Final simple tree
|( QUESTION2_0_L -1 -1.461e+06 3.342e+02 7.130e+03
|    ( - -1.438e+06 21 0)
|    ( - -2.274e+04 2 0))
s>    ( QUESTION2_0_L -1 -1.461e+06 3.342e+02 7.130e+03
s>        ( - -1.438e+06 21 0)
s>        ( - -2.274e+04 2 0))INFO: dtree.c(1478): Final simple tree
|( QUESTION0 -1 -9.316e+05 9.346e+02 4.532e+03
|    ( SILENCE 1 -5.429e+05 6.793e+02 2.639e+03
|        ( - -1.533e+04 5 0)
|        ( WDBNDRY_B 0 -5.269e+05 5.415e+02 2.560e+03
|            ( - -4.949e+05 23 0 QUESTION0 1 2.101e+02 2.409e+03)
|            ( - -3.148e+04 7 0 QUESTION0 1 1.401e+02 1.503e+02)))
|    ( QUESTION15 -1 -3.877e+05 6.285e+02 1.893e+03
|        ( - -1.856e+05 9 0 QUESTION16 -1 3.040e+02 9.043e+02)
|        ( QUESTION13 -1 -2.014e+05 5.636e+02 9.890e+02
|            ( WDBNDRY_I 0 -1.309e+05 4.175e+02 6.460e+02
|                ( - -5.363e+04 8 0)
|                ( - -7.683e+04 8 0 WDBNDRY_B 0 2.158e+02 3.806e+02))
|            ( QUESTION10 -1 -7.001e+04 4.290e+02 3.430e+02
|                ( - -3.025e+04 3 0 QUESTION2_15_L -1 1.640e+02 1.464e+02)
|                ( - -3.933e+04 5 0 QUESTION3 -1 1.930e+02 1.966e+02)))))
s>    ( QUESTION0 -1 -9.316e+05 9.346e+02 4.532e+03
s>        ( SILENCE 1 -5.429e+05 6.793e+02 2.639e+03
s>            ( - -1.533e+04 5 0)
s>            ( WDBNDRY_B 0 -5.269e+05 5.415e+02 2.560e+03
s>                ( - -4.949e+05 23 0 QUESTION0 1 2.101e+02 2.409e+03)
s>                ( - -3.148e+04 7 0 QUESTION0 1 1.401e+02 1.503e+02)))
s>        ( QUESTION15 -1 -3.877e+05 6.285e+02 1.893e+03
s>            ( - -1.856e+05 9 0 QUESTION16 -1 3.040e+02 9.043e+02)
s>            ( QUESTION13 -1 -2.014e+05 5.636e+02 9.890e+02
s>                ( WDBNDRY_I 0 -1.309e+05 4.175e+02 6.460e+02
s>                    ( - -5.363e+04 8 0)
s>                    ( - -7.683e+04 8 0 WDBNDRY_B 0 2.158e+02 3.806e+02))
s>                ( QUESTION10 -1 -7.001e+04 4.290e+02 3.430e+02
s>                    ( - -3.025e+04 3 0 QUESTION2_15_L -1 1.640e+02 1.464e+02)
s>                    ( - -3.933e+04 5 0 QUESTION3 -1 1.930e+02 1.966e+02)))))INFO: dtree.c(1315): Comp split 3
INFO: dtree.c(1439): stop. leaf nodes are specific
INFO: dtree.c(1478): Final simple tree
|( QUESTION0_2_R 1 -2.468e+05 5.868e+02 1.147e+03
|    ( QUESTION0 -1 -3.566e+04 1.635e+02 1.695e+02
|        ( - -3.419e+04 4 0)
|        ( - -1.314e+03 1 0))
|    ( QUESTION0 -1 -2.105e+05 2.276e+02 9.776e+02
|        ( - -2.082e+05 5 0)
|        ( - -2.045e+03 1 0)))
s>    ( QUESTION0_2_R 1 -2.468e+05 5.868e+02 1.147e+03
s>        ( QUESTION0 -1 -3.566e+04 1.635e+02 1.695e+02
s>            ( - -3.419e+04 4 0)
s>            ( - -1.314e+03 1 0))
s>        ( QUESTION0 -1 -2.105e+05 2.276e+02 9.776e+02
s>            ( - -2.082e+05 5 0)
s>            ( - -2.045e+03 1 0)))INFO: dtree.c(1478): Final simple tree
|( QUESTION0_16_R 1 -4.270e+05 1.432e+03 1.999e+03
|    ( - -3.154e+05 5 0)
|    ( QUESTION0_2_R 1 -1.102e+05 5.239e+02 5.064e+02
|        ( - -1.334e+04 3 0 QUESTION11 1 1.329e+02 6.163e+01)
|        ( WDBNDRY_B 0 -9.631e+04 5.031e+02 4.448e+02
|            ( SILENCE -1 -4.899e+04 1.804e+02 2.243e+02
|                ( - -5.195e+03 2 0)
|                ( - -4.361e+04 13 0 QUESTION4 -1 1.647e+02 2.019e+02))
|            ( QUESTION0_12_R 1 -4.682e+04 2.687e+02 2.204e+02
|                ( WDBNDRY_E 0 -4.715e+03 2.221e+02 2.402e+01
|                    ( - -2.680e+03 1 0)
|                    ( - -1.813e+03 1 0))
|                ( QUESTION0_9_R 1 -4.184e+04 1.897e+02 1.964e+02
|                    ( - -3.587e+04 3 0 QUESTION0_10_R 1 1.139e+02 1.689e+02)
|                    ( - -5.783e+03 3 0 QUESTION17 1 1.466e+02 2.751e+01))))))
s>    ( QUESTION0_16_R 1 -4.270e+05 1.432e+03 1.999e+03
s>        ( - -3.154e+05 5 0)
s>        ( QUESTION0_2_R 1 -1.102e+05 5.239e+02 5.064e+02
s>            ( - -1.334e+04 3 0 QUESTION11 1 1.329e+02 6.163e+01)
s>            ( WDBNDRY_B 0 -9.631e+04 5.031e+02 4.448e+02
s>                ( SILENCE -1 -4.899e+04 1.804e+02 2.243e+02
s>                    ( - -5.195e+03 2 0)
s>                    ( - -4.361e+04 13 0 QUESTION4 -1 1.647e+02 2.019e+02))
s>                ( QUESTION0_12_R 1 -4.682e+04 2.687e+02 2.204e+02
s>                    ( WDBNDRY_E 0 -4.715e+03 2.221e+02 2.402e+01
s>                        ( - -2.680e+03 1 0)
s>                        ( - -1.813e+03 1 0))
s>                    ( QUESTION0_9_R 1 -4.184e+04 1.897e+02 1.964e+02
s>                        ( - -3.587e+04 3 0 QUESTION0_10_R 1 1.139e+02 1.689e+02)
s>                        ( - -5.783e+03 3 0 QUESTION17 1 1.466e+02 2.751e+01))))))INFO: dtree.c(1315): Comp split 4
INFO: dtree.c(1439): stop. leaf nodes are specific
INFO: dtree.c(1478): Final simple tree
|( QUESTION0 -1 -4.656e+05 1.544e+02 2.187e+03
|    ( - -4.648e+05 5 0)
|    ( - -6.489e+02 1 0))
s>    ( QUESTION0 -1 -4.656e+05 1.544e+02 2.187e+03
s>        ( - -4.648e+05 5 0)
s>        ( - -6.489e+02 1 0))INFO: dtree.c(1478): Final simple tree
|( QUESTION0_0_R 1 -1.219e+05 5.947e+02 5.831e+02
|    ( - -1.791e+04 4 0)
|    ( QUESTION2 -1 -1.034e+05 4.585e+02 4.934e+02
|        ( - 2.184e+02 1 0)
|        ( WDBNDRY_I 0 -1.032e+05 2.888e+02 4.924e+02
|            ( - -1.791e+04 5 0 QUESTION0 -1 1.279e+02 8.859e+01)
|            ( QUESTION0_17_R 1 -8.497e+04 3.045e+02 4.038e+02
|                ( - -5.035e+04 3 0)
|                ( QUESTION0_11_R 1 -3.431e+04 2.631e+02 1.651e+02
|                    ( QUESTION15 -1 -1.431e+04 1.729e+02 6.900e+01
|                        ( - -3.104e+02 1 0)
|                        ( - -1.382e+04 8 0 QUESTION0 -1 1.269e+02 6.700e+01))
|                    ( QUESTION1 -1 -1.974e+04 1.790e+02 9.613e+01
|                        ( - -6.771e+02 1 0)
|                        ( - -1.889e+04 8 0 WDBNDRY_B 0 1.719e+02 9.213e+01)))))))
s>    ( QUESTION0_0_R 1 -1.219e+05 5.947e+02 5.831e+02
s>        ( - -1.791e+04 4 0)
s>        ( QUESTION2 -1 -1.034e+05 4.585e+02 4.934e+02
s>            ( - 2.184e+02 1 0)
s>            ( WDBNDRY_I 0 -1.032e+05 2.888e+02 4.924e+02
s>                ( - -1.791e+04 5 0 QUESTION0 -1 1.279e+02 8.859e+01)
s>                ( QUESTION0_17_R 1 -8.497e+04 3.045e+02 4.038e+02
s>                    ( - -5.035e+04 3 0)
s>                    ( QUESTION0_11_R 1 -3.431e+04 2.631e+02 1.651e+02
s>                        ( QUESTION15 -1 -1.431e+04 1.729e+02 6.900e+01
s>                            ( - -3.104e+02 1 0)
s>                            ( - -1.382e+04 8 0 QUESTION0 -1 1.269e+02 6.700e+01))
s>                        ( QUESTION1 -1 -1.974e+04 1.790e+02 9.613e+01
s>                            ( - -6.771e+02 1 0)
s>                            ( - -1.889e+04 8 0 WDBNDRY_B 0 1.719e+02 9.213e+01)))))))INFO: dtree.c(1315): Comp split 5
INFO: dtree.c(1478): Final simple tree
|( WDBNDRY_B 0 -9.631e+04 5.031e+02 4.448e+02
|    ( SILENCE -1 -4.899e+04 1.804e+02 2.243e+02
|        ( - -5.195e+03 2 0)
|        ( QUESTION4 -1 -4.361e+04 1.647e+02 2.019e+02
|            ( - -8.298e+02 1 0)
|            ( QUESTION0 -1 -4.262e+04 1.528e+02 1.969e+02
|                ( - -2.689e+04 6 0)
|                ( - -1.557e+04 6 0 QUESTION2 -1 1.237e+02 7.305e+01))))
|    ( QUESTION0_12_R 1 -4.682e+04 2.687e+02 2.204e+02
|        ( WDBNDRY_E 0 -4.715e+03 2.221e+02 2.402e+01
|            ( - -2.680e+03 1 0)
|            ( - -1.813e+03 1 0))
|        ( QUESTION0_9_R 1 -4.184e+04 1.897e+02 1.964e+02
|            ( - -3.587e+04 3 0 QUESTION0_10_R 1 1.139e+02 1.689e+02)
|            ( - -5.783e+03 3 0 QUESTION17 1 1.466e+02 2.751e+01))))
s>    ( WDBNDRY_B 0 -9.631e+04 5.031e+02 4.448e+02
s>        ( SILENCE -1 -4.899e+04 1.804e+02 2.243e+02
s>            ( - -5.195e+03 2 0)
s>            ( QUESTION4 -1 -4.361e+04 1.647e+02 2.019e+02
s>                ( - -8.298e+02 1 0)
s>                ( QUESTION0 -1 -4.262e+04 1.528e+02 1.969e+02
s>                    ( - -2.689e+04 6 0)
s>                    ( - -1.557e+04 6 0 QUESTION2 -1 1.237e+02 7.305e+01))))
s>        ( QUESTION0_12_R 1 -4.682e+04 2.687e+02 2.204e+02
s>            ( WDBNDRY_E 0 -4.715e+03 2.221e+02 2.402e+01
s>                ( - -2.680e+03 1 0)
s>                ( - -1.813e+03 1 0))
s>            ( QUESTION0_9_R 1 -4.184e+04 1.897e+02 1.964e+02
s>                ( - -3.587e+04 3 0 QUESTION0_10_R 1 1.139e+02 1.689e+02)
s>                ( - -5.783e+03 3 0 QUESTION17 1 1.466e+02 2.751e+01))))INFO: dtree.c(1439): stop. leaf nodes are specific
INFO: dtree.c(1478): Final simple tree
|( QUESTION0_3_R 1 -3.292e+05 4.402e+02 1.554e+03
|    ( QUESTION11 1 -1.246e+04 1.085e+02 5.763e+01
|        ( - -1.157e+04 1 0)
|        ( - -7.769e+02 1 0))
|    ( WDBNDRY_E 0 -3.163e+05 1.235e+02 1.497e+03
|        ( - -7.540e+02 1 0)
|        ( - -3.154e+05 5 0)))
s>    ( QUESTION0_3_R 1 -3.292e+05 4.402e+02 1.554e+03
s>        ( QUESTION11 1 -1.246e+04 1.085e+02 5.763e+01
s>            ( - -1.157e+04 1 0)
s>            ( - -7.769e+02 1 0))
s>        ( WDBNDRY_E 0 -3.163e+05 1.235e+02 1.497e+03
s>            ( - -7.540e+02 1 0)
s>            ( - -3.154e+05 5 0)))INFO: dtree.c(1315): Comp split 6
INFO: dtree.c(1439): stop. leaf nodes are specific
INFO: dtree.c(1478): Final simple tree
|( WDBNDRY_B 0 -5.811e+05 6.142e+02 2.825e+03
|    ( QUESTION0 1 -4.949e+05 2.101e+02 2.409e+03
|        ( - -4.902e+05 19 0)
|        ( - -4.449e+03 4 0))
|    ( WDBNDRY_E 0 -8.559e+04 4.793e+02 4.157e+02
|        ( QUESTION0 1 -3.148e+04 1.401e+02 1.503e+02
|            ( - -3.062e+04 6 0)
|            ( - -7.196e+02 1 0))
|        ( - -5.363e+04 8 0)))
s>    ( WDBNDRY_B 0 -5.811e+05 6.142e+02 2.825e+03
s>        ( QUESTION0 1 -4.949e+05 2.101e+02 2.409e+03
s>            ( - -4.902e+05 19 0)
s>            ( - -4.449e+03 4 0))
s>        ( WDBNDRY_E 0 -8.559e+04 4.793e+02 4.157e+02
s>            ( QUESTION0 1 -3.148e+04 1.401e+02 1.503e+02
s>                ( - -3.062e+04 6 0)
s>                ( - -7.196e+02 1 0))
s>            ( - -5.363e+04 8 0)))INFO: dtree.c(1478): Final simple tree
|( WDBNDRY_E 0 -3.495e+05 7.370e+02 1.707e+03
|    ( - -1.728e+04 6 0 QUESTION0 -1 1.560e+02 8.899e+01)
|    ( QUESTION15 -1 -3.315e+05 5.988e+02 1.618e+03
|        ( QUESTION16 -1 -1.856e+05 3.040e+02 9.043e+02
|            ( - -5.141e+04 2 0 QUESTION0 1 1.732e+02 2.487e+02)
|            ( WDBNDRY_B 0 -1.339e+05 3.038e+02 6.556e+02
|                ( QUESTION19 -1 -1.260e+05 2.497e+02 6.166e+02
|                    ( - -1.142e+05 2 0 QUESTION2_17_L -1 1.254e+02 5.582e+02)
|                    ( - -1.146e+04 2 0))
|                ( - -7.663e+03 3 0)))
|        ( QUESTION13 -1 -1.452e+05 4.106e+02 7.136e+02
|            ( - -7.483e+04 7 0)
|            ( QUESTION10 -1 -7.001e+04 4.290e+02 3.430e+02
|                ( - -3.025e+04 3 0 QUESTION2_15_L -1 1.640e+02 1.464e+02)
|                ( - -3.933e+04 5 0 QUESTION3 -1 1.930e+02 1.966e+02)))))
s>    ( WDBNDRY_E 0 -3.495e+05 7.370e+02 1.707e+03
s>        ( - -1.728e+04 6 0 QUESTION0 -1 1.560e+02 8.899e+01)
s>        ( QUESTION15 -1 -3.315e+05 5.988e+02 1.618e+03
s>            ( QUESTION16 -1 -1.856e+05 3.040e+02 9.043e+02
s>                ( - -5.141e+04 2 0 QUESTION0 1 1.732e+02 2.487e+02)
s>                ( WDBNDRY_B 0 -1.339e+05 3.038e+02 6.556e+02
s>                    ( QUESTION19 -1 -1.260e+05 2.497e+02 6.166e+02
s>                        ( - -1.142e+05 2 0 QUESTION2_17_L -1 1.254e+02 5.582e+02)
s>                        ( - -1.146e+04 2 0))
s>                    ( - -7.663e+03 3 0)))
s>            ( QUESTION13 -1 -1.452e+05 4.106e+02 7.136e+02
s>                ( - -7.483e+04 7 0)
s>                ( QUESTION10 -1 -7.001e+04 4.290e+02 3.430e+02
s>                    ( - -3.025e+04 3 0 QUESTION2_15_L -1 1.640e+02 1.464e+02)
s>                    ( - -3.933e+04 5 0 QUESTION3 -1 1.930e+02 1.966e+02)))))INFO: dtree.c(1315): Comp split 7
INFO: dtree.c(1478): Final simple tree
|( QUESTION15 -1 -3.315e+05 5.988e+02 1.618e+03
|    ( QUESTION16 -1 -1.856e+05 3.040e+02 9.043e+02
|        ( - -5.141e+04 2 0 QUESTION0 1 1.732e+02 2.487e+02)
|        ( WDBNDRY_B 0 -1.339e+05 3.038e+02 6.556e+02
|            ( QUESTION19 -1 -1.260e+05 2.497e+02 6.166e+02
|                ( - -1.142e+05 2 0 QUESTION2_17_L -1 1.254e+02 5.582e+02)
|                ( - -1.146e+04 2 0))
|            ( - -7.663e+03 3 0)))
|    ( QUESTION13 -1 -1.452e+05 4.106e+02 7.136e+02
|        ( - -7.483e+04 7 0)
|        ( QUESTION10 -1 -7.001e+04 4.290e+02 3.430e+02
|            ( - -3.025e+04 3 0 QUESTION2_15_L -1 1.640e+02 1.464e+02)
|            ( QUESTION3 -1 -3.933e+04 1.930e+02 1.966e+02
|                ( - -3.376e+03 2 0)
|                ( - -3.576e+04 3 0 SILENCE -1 1.807e+02 1.786e+02)))))
s>    ( QUESTION15 -1 -3.315e+05 5.988e+02 1.618e+03
s>        ( QUESTION16 -1 -1.856e+05 3.040e+02 9.043e+02
s>            ( - -5.141e+04 2 0 QUESTION0 1 1.732e+02 2.487e+02)
s>            ( WDBNDRY_B 0 -1.339e+05 3.038e+02 6.556e+02
s>                ( QUESTION19 -1 -1.260e+05 2.497e+02 6.166e+02
s>                    ( - -1.142e+05 2 0 QUESTION2_17_L -1 1.254e+02 5.582e+02)
s>                    ( - -1.146e+04 2 0))
s>                ( - -7.663e+03 3 0)))
s>        ( QUESTION13 -1 -1.452e+05 4.106e+02 7.136e+02
s>            ( - -7.483e+04 7 0)
s>            ( QUESTION10 -1 -7.001e+04 4.290e+02 3.430e+02
s>                ( - -3.025e+04 3 0 QUESTION2_15_L -1 1.640e+02 1.464e+02)
s>                ( QUESTION3 -1 -3.933e+04 1.930e+02 1.966e+02
s>                    ( - -3.376e+03 2 0)
s>                    ( - -3.576e+04 3 0 SILENCE -1 1.807e+02 1.786e+02)))))INFO: dtree.c(1439): stop. leaf nodes are specific
INFO: dtree.c(1478): Final simple tree
|( QUESTION0 -1 -1.728e+04 1.560e+02 8.899e+01
|    ( - -1.533e+04 5 0)
|    ( - -1.786e+03 1 0))
s>    ( QUESTION0 -1 -1.728e+04 1.560e+02 8.899e+01
s>        ( - -1.533e+04 5 0)
s>        ( - -1.786e+03 1 0))INFO: dtree.c(1315): Comp split 8
INFO: dtree.c(1439): stop. leaf nodes are specific
INFO: dtree.c(1478): Final simple tree
|( QUESTION3 -1 -3.933e+04 1.930e+02 1.966e+02
|    ( - -3.376e+03 2 0)
|    ( SILENCE -1 -3.576e+04 1.807e+02 1.786e+02
|        ( QUESTION0 1 -1.760e+04 1.527e+02 8.754e+01
|            ( - -1.566e+04 1 0)
|            ( - -1.781e+03 1 0))
|        ( - -1.798e+04 1 0)))
s>    ( QUESTION3 -1 -3.933e+04 1.930e+02 1.966e+02
s>        ( - -3.376e+03 2 0)
s>        ( SILENCE -1 -3.576e+04 1.807e+02 1.786e+02
s>            ( QUESTION0 1 -1.760e+04 1.527e+02 8.754e+01
s>                ( - -1.566e+04 1 0)
s>                ( - -1.781e+03 1 0))
s>            ( - -1.798e+04 1 0)))INFO: dtree.c(1478): Final simple tree
|( QUESTION15 -1 -2.915e+05 5.080e+02 1.421e+03
|    ( QUESTION16 -1 -1.856e+05 3.040e+02 9.043e+02
|        ( QUESTION0 1 -5.141e+04 1.732e+02 2.487e+02
|            ( - -5.000e+04 1 0)
|            ( - -1.231e+03 1 0))
|        ( WDBNDRY_B 0 -1.339e+05 3.038e+02 6.556e+02
|            ( QUESTION19 -1 -1.260e+05 2.497e+02 6.166e+02
|                ( - -1.142e+05 2 0 QUESTION2_17_L -1 1.254e+02 5.582e+02)
|                ( - -1.146e+04 2 0))
|            ( - -7.663e+03 3 0)))
|    ( QUESTION2 -1 -1.053e+05 2.500e+02 5.170e+02
|        ( QUESTION2_15_L -1 -3.025e+04 1.640e+02 1.464e+02
|            ( - -2.622e+04 2 0)
|            ( - -3.863e+03 1 0))
|        ( - -7.483e+04 7 0)))
s>    ( QUESTION15 -1 -2.915e+05 5.080e+02 1.421e+03
s>        ( QUESTION16 -1 -1.856e+05 3.040e+02 9.043e+02
s>            ( QUESTION0 1 -5.141e+04 1.732e+02 2.487e+02
s>                ( - -5.000e+04 1 0)
s>                ( - -1.231e+03 1 0))
s>            ( WDBNDRY_B 0 -1.339e+05 3.038e+02 6.556e+02
s>                ( QUESTION19 -1 -1.260e+05 2.497e+02 6.166e+02
s>                    ( - -1.142e+05 2 0 QUESTION2_17_L -1 1.254e+02 5.582e+02)
s>                    ( - -1.146e+04 2 0))
s>                ( - -7.663e+03 3 0)))
s>        ( QUESTION2 -1 -1.053e+05 2.500e+02 5.170e+02
s>            ( QUESTION2_15_L -1 -3.025e+04 1.640e+02 1.464e+02
s>                ( - -2.622e+04 2 0)
s>                ( - -3.863e+03 1 0))
s>            ( - -7.483e+04 7 0)))INFO: dtree.c(1315): Comp split 9
INFO: dtree.c(1439): stop. leaf nodes are specific
INFO: dtree.c(1478): Final simple tree
|( WDBNDRY_E 0 -8.559e+04 4.793e+02 4.157e+02
|    ( QUESTION0 1 -3.148e+04 1.401e+02 1.503e+02
|        ( - -3.062e+04 6 0)
|        ( - -7.196e+02 1 0))
|    ( - -5.363e+04 8 0))
s>    ( WDBNDRY_E 0 -8.559e+04 4.793e+02 4.157e+02
s>        ( QUESTION0 1 -3.148e+04 1.401e+02 1.503e+02
s>            ( - -3.062e+04 6 0)
s>            ( - -7.196e+02 1 0))
s>        ( - -5.363e+04 8 0))INFO: dtree.c(1439): stop. leaf nodes are specific
INFO: dtree.c(1478): Final simple tree
|( QUESTION0 1 -4.949e+05 2.101e+02 2.409e+03
|    ( - -4.902e+05 19 0)
|    ( - -4.449e+03 4 0))
s>    ( QUESTION0 1 -4.949e+05 2.101e+02 2.409e+03
s>        ( - -4.902e+05 19 0)
s>        ( - -4.449e+03 4 0))INFO: dtree.c(1315): Comp split 10
INFO: dtree.c(1439): stop. leaf nodes are specific
INFO: dtree.c(1478): Final simple tree
|( QUESTION15 -1 -2.120e+05 2.277e+02 9.846e+02
|    ( - -2.045e+03 1 0)
|    ( QUESTION0_2_R 1 -2.097e+05 1.520e+02 9.746e+02
|        ( - -1.314e+03 1 0)
|        ( - -2.082e+05 5 0)))
s>    ( QUESTION15 -1 -2.120e+05 2.277e+02 9.846e+02
s>        ( - -2.045e+03 1 0)
s>        ( QUESTION0_2_R 1 -2.097e+05 1.520e+02 9.746e+02
s>            ( - -1.314e+03 1 0)
s>            ( - -2.082e+05 5 0)))INFO: dtree.c(1315): Comp split 11
INFO: dtree.c(1478): Final simple tree
|( QUESTION2 -1 -1.034e+05 4.585e+02 4.934e+02
|    ( - 2.184e+02 1 0)
|    ( WDBNDRY_I 0 -1.032e+05 2.888e+02 4.924e+02
|        ( - -1.791e+04 5 0 QUESTION0 -1 1.279e+02 8.859e+01)
|        ( QUESTION0_17_R 1 -8.497e+04 3.045e+02 4.038e+02
|            ( - -5.035e+04 3 0)
|            ( QUESTION0_11_R 1 -3.431e+04 2.631e+02 1.651e+02
|                ( QUESTION15 -1 -1.431e+04 1.729e+02 6.900e+01
|                    ( - -3.104e+02 1 0)
|                    ( - -1.382e+04 8 0 QUESTION0 -1 1.269e+02 6.700e+01))
|                ( QUESTION1 -1 -1.974e+04 1.790e+02 9.613e+01
|                    ( - -6.771e+02 1 0)
|                    ( WDBNDRY_B 0 -1.889e+04 1.719e+02 9.213e+01
|                        ( - -5.325e+03 4 0 SILENCE -1 1.269e+02 2.600e+01)
|                        ( - -1.339e+04 4 0 QUESTION0_9_R 1 2.093e+02 6.613e+01)))))))
s>    ( QUESTION2 -1 -1.034e+05 4.585e+02 4.934e+02
s>        ( - 2.184e+02 1 0)
s>        ( WDBNDRY_I 0 -1.032e+05 2.888e+02 4.924e+02
s>            ( - -1.791e+04 5 0 QUESTION0 -1 1.279e+02 8.859e+01)
s>            ( QUESTION0_17_R 1 -8.497e+04 3.045e+02 4.038e+02
s>                ( - -5.035e+04 3 0)
s>                ( QUESTION0_11_R 1 -3.431e+04 2.631e+02 1.651e+02
s>                    ( QUESTION15 -1 -1.431e+04 1.729e+02 6.900e+01
s>                        ( - -3.104e+02 1 0)
s>                        ( - -1.382e+04 8 0 QUESTION0 -1 1.269e+02 6.700e+01))
s>                    ( QUESTION1 -1 -1.974e+04 1.790e+02 9.613e+01
s>                        ( - -6.771e+02 1 0)
s>                        ( WDBNDRY_B 0 -1.889e+04 1.719e+02 9.213e+01
s>                            ( - -5.325e+03 4 0 SILENCE -1 1.269e+02 2.600e+01)
s>                            ( - -1.339e+04 4 0 QUESTION0_9_R 1 2.093e+02 6.613e+01)))))))INFO: dtree.c(1315): Comp split 12
INFO: dtree.c(1439): stop. leaf nodes are specific
INFO: dtree.c(1478): Final simple tree
|( QUESTION18 -1 -1.700e+05 3.324e+02 8.259e+02
|    ( QUESTION2_17_L -1 -1.142e+05 1.254e+02 5.582e+02
|        ( - -8.917e+02 1 0)
|        ( - -1.132e+05 1 0))
|    ( QUESTION0 1 -5.541e+04 1.728e+02 2.677e+02
|        ( QUESTION2 -1 -5.401e+04 1.403e+02 2.607e+02
|            ( - -3.863e+03 1 0)
|            ( - -5.000e+04 1 0))
|        ( - -1.231e+03 1 0)))
s>    ( QUESTION18 -1 -1.700e+05 3.324e+02 8.259e+02
s>        ( QUESTION2_17_L -1 -1.142e+05 1.254e+02 5.582e+02
s>            ( - -8.917e+02 1 0)
s>            ( - -1.132e+05 1 0))
s>        ( QUESTION0 1 -5.541e+04 1.728e+02 2.677e+02
s>            ( QUESTION2 -1 -5.401e+04 1.403e+02 2.607e+02
s>                ( - -3.863e+03 1 0)
s>                ( - -5.000e+04 1 0))
s>            ( - -1.231e+03 1 0)))INFO: dtree.c(1439): stop. leaf nodes are specific
INFO: dtree.c(1478): Final simple tree
|( WDBNDRY_B 0 -1.209e+05 2.847e+02 5.954e+02
|    ( QUESTION14 -1 -1.130e+05 2.795e+02 5.564e+02
|        ( - -7.483e+04 7 0)
|        ( QUESTION2 -1 -3.787e+04 1.948e+02 1.858e+02
|            ( - -2.622e+04 2 0)
|            ( - -1.146e+04 2 0)))
|    ( - -7.663e+03 3 0))
s>    ( WDBNDRY_B 0 -1.209e+05 2.847e+02 5.954e+02
s>        ( QUESTION14 -1 -1.130e+05 2.795e+02 5.564e+02
s>            ( - -7.483e+04 7 0)
s>            ( QUESTION2 -1 -3.787e+04 1.948e+02 1.858e+02
s>                ( - -2.622e+04 2 0)
s>                ( - -1.146e+04 2 0)))
s>        ( - -7.663e+03 3 0))INFO: dtree.c(1315): Comp split 13
INFO: dtree.c(1439): stop. leaf nodes are specific
INFO: dtree.c(1478): Final simple tree
|( SILENCE -1 -5.495e+04 1.921e+02 2.518e+02
|    ( - -5.195e+03 2 0)
|    ( WDBNDRY_B 0 -4.956e+04 1.703e+02 2.294e+02
|        ( QUESTION4 -1 -4.361e+04 1.647e+02 2.019e+02
|            ( - -8.298e+02 1 0)
|            ( QUESTION0 -1 -4.262e+04 1.528e+02 1.969e+02
|                ( - -2.689e+04 6 0)
|                ( QUESTION2 -1 -1.557e+04 1.237e+02 7.305e+01
|                    ( - -2.570e+03 2 0)
|                    ( - -1.288e+04 4 0))))
|        ( QUESTION17 1 -5.783e+03 1.466e+02 2.751e+01
|            ( - -9.292e+02 1 0)
|            ( - -4.707e+03 2 0))))
s>    ( SILENCE -1 -5.495e+04 1.921e+02 2.518e+02
s>        ( - -5.195e+03 2 0)
s>        ( WDBNDRY_B 0 -4.956e+04 1.703e+02 2.294e+02
s>            ( QUESTION4 -1 -4.361e+04 1.647e+02 2.019e+02
s>                ( - -8.298e+02 1 0)
s>                ( QUESTION0 -1 -4.262e+04 1.528e+02 1.969e+02
s>                    ( - -2.689e+04 6 0)
s>                    ( QUESTION2 -1 -1.557e+04 1.237e+02 7.305e+01
s>                        ( - -2.570e+03 2 0)
s>                        ( - -1.288e+04 4 0))))
s>            ( QUESTION17 1 -5.783e+03 1.466e+02 2.751e+01
s>                ( - -9.292e+02 1 0)
s>                ( - -4.707e+03 2 0))))INFO: dtree.c(1439): stop. leaf nodes are specific
INFO: dtree.c(1478): Final simple tree
|( QUESTION0_12_R 1 -4.085e+04 2.669e+02 1.929e+02
|    ( WDBNDRY_E 0 -4.715e+03 2.221e+02 2.402e+01
|        ( - -2.680e+03 1 0)
|        ( - -1.813e+03 1 0))
|    ( QUESTION0_10_R 1 -3.587e+04 1.139e+02 1.689e+02
|        ( - -3.541e+04 2 0)
|        ( - -3.453e+02 1 0)))
s>    ( QUESTION0_12_R 1 -4.085e+04 2.669e+02 1.929e+02
s>        ( WDBNDRY_E 0 -4.715e+03 2.221e+02 2.402e+01
s>            ( - -2.680e+03 1 0)
s>            ( - -1.813e+03 1 0))
s>        ( QUESTION0_10_R 1 -3.587e+04 1.139e+02 1.689e+02
s>            ( - -3.541e+04 2 0)
s>            ( - -3.453e+02 1 0)))INFO: dtree.c(1315): Comp split 14
INFO: dtree.c(1439): stop. leaf nodes are specific
INFO: dtree.c(1478): Final simple tree
|( QUESTION0 1 -3.148e+04 1.401e+02 1.503e+02
|    ( - -3.062e+04 6 0)
|    ( - -7.196e+02 1 0))
s>    ( QUESTION0 1 -3.148e+04 1.401e+02 1.503e+02
s>        ( - -3.062e+04 6 0)
s>        ( - -7.196e+02 1 0))INFO: dtree.c(1315): Comp split 15
INFO: dtree.c(1478): Final simple tree
|( WDBNDRY_I 0 -1.032e+05 2.888e+02 4.924e+02
|    ( - -1.791e+04 5 0 QUESTION0 -1 1.279e+02 8.859e+01)
|    ( QUESTION0_17_R 1 -8.497e+04 3.045e+02 4.038e+02
|        ( - -5.035e+04 3 0)
|        ( QUESTION0_11_R 1 -3.431e+04 2.631e+02 1.651e+02
|            ( QUESTION15 -1 -1.431e+04 1.729e+02 6.900e+01
|                ( - -3.104e+02 1 0)
|                ( - -1.382e+04 8 0 QUESTION0 -1 1.269e+02 6.700e+01))
|            ( QUESTION1 -1 -1.974e+04 1.790e+02 9.613e+01
|                ( - -6.771e+02 1 0)
|                ( WDBNDRY_B 0 -1.889e+04 1.719e+02 9.213e+01
|                    ( - -5.325e+03 4 0 SILENCE -1 1.269e+02 2.600e+01)
|                    ( QUESTION0_9_R 1 -1.339e+04 2.093e+02 6.613e+01
|                        ( - -2.260e+03 1 0)
|                        ( - -1.092e+04 3 0)))))))
s>    ( WDBNDRY_I 0 -1.032e+05 2.888e+02 4.924e+02
s>        ( - -1.791e+04 5 0 QUESTION0 -1 1.279e+02 8.859e+01)
s>        ( QUESTION0_17_R 1 -8.497e+04 3.045e+02 4.038e+02
s>            ( - -5.035e+04 3 0)
s>            ( QUESTION0_11_R 1 -3.431e+04 2.631e+02 1.651e+02
s>                ( QUESTION15 -1 -1.431e+04 1.729e+02 6.900e+01
s>                    ( - -3.104e+02 1 0)
s>                    ( - -1.382e+04 8 0 QUESTION0 -1 1.269e+02 6.700e+01))
s>                ( QUESTION1 -1 -1.974e+04 1.790e+02 9.613e+01
s>                    ( - -6.771e+02 1 0)
s>                    ( WDBNDRY_B 0 -1.889e+04 1.719e+02 9.213e+01
s>                        ( - -5.325e+03 4 0 SILENCE -1 1.269e+02 2.600e+01)
s>                        ( QUESTION0_9_R 1 -1.339e+04 2.093e+02 6.613e+01
s>                            ( - -2.260e+03 1 0)
s>                            ( - -1.092e+04 3 0)))))))INFO: dtree.c(1315): Comp split 16
INFO: dtree.c(1439): stop. leaf nodes are specific
INFO: dtree.c(1478): Final simple tree
|( WDBNDRY_E 0 -3.163e+05 1.235e+02 1.497e+03
|    ( - -7.540e+02 1 0)
|    ( - -3.154e+05 5 0))
s>    ( WDBNDRY_E 0 -3.163e+05 1.235e+02 1.497e+03
s>        ( - -7.540e+02 1 0)
s>        ( - -3.154e+05 5 0))INFO: dtree.c(1439): stop. leaf nodes are specific
INFO: dtree.c(1478): Final simple tree
|( QUESTION11 1 -1.246e+04 1.085e+02 5.763e+01
|    ( - -1.157e+04 1 0)
|    ( - -7.769e+02 1 0))
s>    ( QUESTION11 1 -1.246e+04 1.085e+02 5.763e+01
s>        ( - -1.157e+04 1 0)
s>        ( - -7.769e+02 1 0))INFO: dtree.c(1315): Comp split 17
INFO: dtree.c(1478): Final simple tree
|( QUESTION0_11_R 1 -5.112e+04 2.589e+02 2.477e+02
|    ( QUESTION0 -1 -1.382e+04 1.269e+02 6.700e+01
|        ( - -1.301e+04 7 0 WDBNDRY_B 0 1.124e+02 6.300e+01)
|        ( - -6.845e+02 1 0))
|    ( WDBNDRY_I 0 -3.703e+04 2.361e+02 1.807e+02
|        ( QUESTION0 -1 -1.791e+04 1.279e+02 8.859e+01
|            ( - -5.352e+03 4 0)
|            ( - -1.243e+04 1 0))
|        ( WDBNDRY_B 0 -1.889e+04 1.719e+02 9.213e+01
|            ( SILENCE -1 -5.325e+03 1.269e+02 2.600e+01
|                ( - -7.153e+02 1 0)
|                ( - -4.483e+03 3 0))
|            ( QUESTION0_9_R 1 -1.339e+04 2.093e+02 6.613e+01
|                ( - -2.260e+03 1 0)
|                ( - -1.092e+04 3 0)))))
s>    ( QUESTION0_11_R 1 -5.112e+04 2.589e+02 2.477e+02
s>        ( QUESTION0 -1 -1.382e+04 1.269e+02 6.700e+01
s>            ( - -1.301e+04 7 0 WDBNDRY_B 0 1.124e+02 6.300e+01)
s>            ( - -6.845e+02 1 0))
s>        ( WDBNDRY_I 0 -3.703e+04 2.361e+02 1.807e+02
s>            ( QUESTION0 -1 -1.791e+04 1.279e+02 8.859e+01
s>                ( - -5.352e+03 4 0)
s>                ( - -1.243e+04 1 0))
s>            ( WDBNDRY_B 0 -1.889e+04 1.719e+02 9.213e+01
s>                ( SILENCE -1 -5.325e+03 1.269e+02 2.600e+01
s>                    ( - -7.153e+02 1 0)
s>                    ( - -4.483e+03 3 0))
s>                ( QUESTION0_9_R 1 -1.339e+04 2.093e+02 6.613e+01
s>                    ( - -2.260e+03 1 0)
s>                    ( - -1.092e+04 3 0)))))INFO: dtree.c(1439): stop. leaf nodes are specific
INFO: dtree.c(1478): Final simple tree
|( QUESTION0_9_R 1 -5.169e+04 1.806e+02 2.447e+02
|    ( - -3.104e+02 1 0)
|    ( WDBNDRY_B 0 -5.120e+04 1.748e+02 2.427e+02
|        ( - -6.771e+02 1 0)
|        ( - -5.035e+04 3 0)))
s>    ( QUESTION0_9_R 1 -5.169e+04 1.806e+02 2.447e+02
s>        ( - -3.104e+02 1 0)
s>        ( WDBNDRY_B 0 -5.120e+04 1.748e+02 2.427e+02
s>            ( - -6.771e+02 1 0)
s>            ( - -5.035e+04 3 0)))INFO: dtree.c(1315): Comp split 18
INFO: dtree.c(1315): Comp split 19
INFO: dtree.c(1439): stop. leaf nodes are specific
INFO: dtree.c(1478): Final simple tree
|( QUESTION0 1 -5.541e+04 1.728e+02 2.677e+02
|    ( QUESTION2 -1 -5.401e+04 1.403e+02 2.607e+02
|        ( - -3.863e+03 1 0)
|        ( - -5.000e+04 1 0))
|    ( - -1.231e+03 1 0))
s>    ( QUESTION0 1 -5.541e+04 1.728e+02 2.677e+02
s>        ( QUESTION2 -1 -5.401e+04 1.403e+02 2.607e+02
s>            ( - -3.863e+03 1 0)
s>            ( - -5.000e+04 1 0))
s>        ( - -1.231e+03 1 0))INFO: dtree.c(1439): stop. leaf nodes are specific
INFO: dtree.c(1478): Final simple tree
|( QUESTION2_17_L -1 -1.142e+05 1.254e+02 5.582e+02
|    ( - -8.917e+02 1 0)
|    ( - -1.132e+05 1 0))
s>    ( QUESTION2_17_L -1 -1.142e+05 1.254e+02 5.582e+02
s>        ( - -8.917e+02 1 0)
s>        ( - -1.132e+05 1 0))INFO: dtree.c(1315): Comp split 20
INFO: dtree.c(1439): stop. leaf nodes are specific
INFO: dtree.c(1478): Final simple tree
|( QUESTION2 -1 -3.787e+04 1.948e+02 1.858e+02
|    ( - -2.622e+04 2 0)
|    ( - -1.146e+04 2 0))
s>    ( QUESTION2 -1 -3.787e+04 1.948e+02 1.858e+02
s>        ( - -2.622e+04 2 0)
s>        ( - -1.146e+04 2 0))INFO: dtree.c(1439): stop. leaf nodes are specific
INFO: dtree.c(1478): Final simple tree
|( WDBNDRY_B 0 -8.276e+04 2.647e+02 4.096e+02
|    ( - -7.483e+04 7 0)
|    ( - -7.663e+03 3 0))
s>    ( WDBNDRY_B 0 -8.276e+04 2.647e+02 4.096e+02
s>        ( - -7.483e+04 7 0)
s>        ( - -7.663e+03 3 0))INFO: dtree.c(1315): Comp split 21
INFO: dtree.c(1439): stop. leaf nodes are specific
INFO: dtree.c(1478): Final simple tree
|( WDBNDRY_B 0 -7.726e+03 1.412e+02 3.800e+01
|    ( SILENCE -1 -5.325e+03 1.269e+02 2.600e+01
|        ( - -7.153e+02 1 0)
|        ( - -4.483e+03 3 0))
|    ( - -2.260e+03 1 0))
s>    ( WDBNDRY_B 0 -7.726e+03 1.412e+02 3.800e+01
s>        ( SILENCE -1 -5.325e+03 1.269e+02 2.600e+01
s>            ( - -7.153e+02 1 0)
s>            ( - -4.483e+03 3 0))
s>        ( - -2.260e+03 1 0))INFO: dtree.c(1439): stop. leaf nodes are specific
INFO: dtree.c(1478): Final simple tree
|( WDBNDRY_I 0 -4.310e+04 2.429e+02 2.097e+02
|    ( QUESTION0 -1 -1.791e+04 1.279e+02 8.859e+01
|        ( - -5.352e+03 4 0)
|        ( - -1.243e+04 1 0))
|    ( QUESTION0_9_R 1 -2.495e+04 2.018e+02 1.211e+02
|        ( QUESTION0 -1 -1.382e+04 1.269e+02 6.700e+01
|            ( WDBNDRY_B 0 -1.301e+04 1.124e+02 6.300e+01
|                ( - -4.221e+03 4 0)
|                ( - -8.678e+03 3 0))
|            ( - -6.845e+02 1 0))
|        ( - -1.092e+04 3 0)))
s>    ( WDBNDRY_I 0 -4.310e+04 2.429e+02 2.097e+02
s>        ( QUESTION0 -1 -1.791e+04 1.279e+02 8.859e+01
s>            ( - -5.352e+03 4 0)
s>            ( - -1.243e+04 1 0))
s>        ( QUESTION0_9_R 1 -2.495e+04 2.018e+02 1.211e+02
s>            ( QUESTION0 -1 -1.382e+04 1.269e+02 6.700e+01
s>                ( WDBNDRY_B 0 -1.301e+04 1.124e+02 6.300e+01
s>                    ( - -4.221e+03 4 0)
s>                    ( - -8.678e+03 3 0))
s>                ( - -6.845e+02 1 0))
s>            ( - -1.092e+04 3 0)))INFO: dtree.c(1315): Comp split 22
INFO: dtree.c(1439): stop. leaf nodes are specific
INFO: dtree.c(1478): Final simple tree
|( QUESTION0_10_R 1 -3.587e+04 1.139e+02 1.689e+02
|    ( - -3.541e+04 2 0)
|    ( - -3.453e+02 1 0))
s>    ( QUESTION0_10_R 1 -3.587e+04 1.139e+02 1.689e+02
s>        ( - -3.541e+04 2 0)
s>        ( - -3.453e+02 1 0))INFO: dtree.c(1439): stop. leaf nodes are specific
INFO: dtree.c(1478): Final simple tree
|( WDBNDRY_E 0 -4.715e+03 2.221e+02 2.402e+01
|    ( - -2.680e+03 1 0)
|    ( - -1.813e+03 1 0))
s>    ( WDBNDRY_E 0 -4.715e+03 2.221e+02 2.402e+01
s>        ( - -2.680e+03 1 0)
s>        ( - -1.813e+03 1 0))INFO: dtree.c(1315): Comp split 23
INFO: dtree.c(1315): Comp split 24
INFO: dtree.c(1439): stop. leaf nodes are specific
INFO: dtree.c(1478): Final simple tree
|( QUESTION0_9_R 1 -2.495e+04 2.018e+02 1.211e+02
|    ( QUESTION0 -1 -1.382e+04 1.269e+02 6.700e+01
|        ( WDBNDRY_B 0 -1.301e+04 1.124e+02 6.300e+01
|            ( - -4.221e+03 4 0)
|            ( - -8.678e+03 3 0))
|        ( - -6.845e+02 1 0))
|    ( - -1.092e+04 3 0))
s>    ( QUESTION0_9_R 1 -2.495e+04 2.018e+02 1.211e+02
s>        ( QUESTION0 -1 -1.382e+04 1.269e+02 6.700e+01
s>            ( WDBNDRY_B 0 -1.301e+04 1.124e+02 6.300e+01
s>                ( - -4.221e+03 4 0)
s>                ( - -8.678e+03 3 0))
s>            ( - -6.845e+02 1 0))
s>        ( - -1.092e+04 3 0))INFO: dtree.c(1439): stop. leaf nodes are specific
INFO: dtree.c(1478): Final simple tree
|( QUESTION0 -1 -1.791e+04 1.279e+02 8.859e+01
|    ( - -5.352e+03 4 0)
|    ( - -1.243e+04 1 0))
s>    ( QUESTION0 -1 -1.791e+04 1.279e+02 8.859e+01
s>        ( - -5.352e+03 4 0)
s>        ( - -1.243e+04 1 0))INFO: dtree.c(1315): Comp split 25
INFO: dtree.c(1439): stop. leaf nodes are specific
INFO: dtree.c(1478): Final simple tree
|( QUESTION0_2_R 1 -2.097e+05 1.520e+02 9.746e+02
|    ( - -1.314e+03 1 0)
|    ( - -2.082e+05 5 0))
s>    ( QUESTION0_2_R 1 -2.097e+05 1.520e+02 9.746e+02
s>        ( - -1.314e+03 1 0)
s>        ( - -2.082e+05 5 0))INFO: dtree.c(1315): Comp split 26
INFO: dtree.c(1439): stop. leaf nodes are specific
INFO: dtree.c(1478): Final simple tree
|( SILENCE -1 -3.381e+04 1.638e+02 1.696e+02
|    ( - -1.566e+04 1 0)
|    ( - -1.798e+04 1 0))
s>    ( SILENCE -1 -3.381e+04 1.638e+02 1.696e+02
s>        ( - -1.566e+04 1 0)
s>        ( - -1.798e+04 1 0))INFO: dtree.c(1439): stop. leaf nodes are specific
INFO: dtree.c(1478): Final simple tree
|( SILENCE -1 -5.293e+03 1.354e+02 2.700e+01
|    ( - -1.781e+03 1 0)
|    ( - -3.376e+03 2 0))
s>    ( SILENCE -1 -5.293e+03 1.354e+02 2.700e+01
s>        ( - -1.781e+03 1 0)
s>        ( - -3.376e+03 2 0))INFO: dtree.c(1315): Comp split 27
INFO: dtree.c(1315): Comp split 28
INFO: dtree.c(1439): stop. leaf nodes are specific
INFO: dtree.c(1478): Final simple tree
|( SILENCE -1 -7.882e+03 1.163e+02 3.443e+01
|    ( - -5.195e+03 2 0)
|    ( - -2.570e+03 2 0))
s>    ( SILENCE -1 -7.882e+03 1.163e+02 3.443e+01
s>        ( - -5.195e+03 2 0)
s>        ( - -2.570e+03 2 0))INFO: dtree.c(1439): stop. leaf nodes are specific
INFO: dtree.c(1478): Final simple tree
|( WDBNDRY_B 0 -4.685e+04 1.699e+02 2.174e+02
|    ( QUESTION2 -1 -4.090e+04 1.633e+02 1.899e+02
|        ( - -8.298e+02 1 0)
|        ( QUESTION0 -1 -3.990e+04 1.327e+02 1.849e+02
|            ( - -2.689e+04 6 0)
|            ( - -1.288e+04 4 0)))
|    ( QUESTION17 1 -5.783e+03 1.466e+02 2.751e+01
|        ( - -9.292e+02 1 0)
|        ( - -4.707e+03 2 0)))
s>    ( WDBNDRY_B 0 -4.685e+04 1.699e+02 2.174e+02
s>        ( QUESTION2 -1 -4.090e+04 1.633e+02 1.899e+02
s>            ( - -8.298e+02 1 0)
s>            ( QUESTION0 -1 -3.990e+04 1.327e+02 1.849e+02
s>                ( - -2.689e+04 6 0)
s>                ( - -1.288e+04 4 0)))
s>        ( QUESTION17 1 -5.783e+03 1.466e+02 2.751e+01
s>            ( - -9.292e+02 1 0)
s>            ( - -4.707e+03 2 0)))INFO: dtree.c(1315): Comp split 29
INFO: dtree.c(1315): Comp split 30
INFO: dtree.c(1439): stop. leaf nodes are specific
INFO: dtree.c(1478): Final simple tree
|( QUESTION0 -1 -1.382e+04 1.269e+02 6.700e+01
|    ( WDBNDRY_B 0 -1.301e+04 1.124e+02 6.300e+01
|        ( - -4.221e+03 4 0)
|        ( - -8.678e+03 3 0))
|    ( - -6.845e+02 1 0))
s>    ( QUESTION0 -1 -1.382e+04 1.269e+02 6.700e+01
s>        ( WDBNDRY_B 0 -1.301e+04 1.124e+02 6.300e+01
s>            ( - -4.221e+03 4 0)
s>            ( - -8.678e+03 3 0))
s>        ( - -6.845e+02 1 0))INFO: dtree.c(1315): Comp split 31
INFO: dtree.c(1315): Comp split 32
INFO: dtree.c(1439): stop. leaf nodes are specific
INFO: dtree.c(1478): Final simple tree
|( WDBNDRY_B 0 -5.120e+04 1.748e+02 2.427e+02
|    ( - -6.771e+02 1 0)
|    ( - -5.035e+04 3 0))
s>    ( WDBNDRY_B 0 -5.120e+04 1.748e+02 2.427e+02
s>        ( - -6.771e+02 1 0)
s>        ( - -5.035e+04 3 0))INFO: dtree.c(1315): Comp split 33
INFO: dtree.c(1439): stop. leaf nodes are specific
INFO: dtree.c(1478): Final simple tree
|( QUESTION17 1 -1.879e+04 1.306e+02 8.856e+01
|    ( - -9.292e+02 1 0)
|    ( WDBNDRY_B 0 -1.773e+04 1.431e+02 8.356e+01
|        ( - -1.288e+04 4 0)
|        ( - -4.707e+03 2 0)))
s>    ( QUESTION17 1 -1.879e+04 1.306e+02 8.856e+01
s>        ( - -9.292e+02 1 0)
s>        ( WDBNDRY_B 0 -1.773e+04 1.431e+02 8.356e+01
s>            ( - -1.288e+04 4 0)
s>            ( - -4.707e+03 2 0)))INFO: dtree.c(1439): stop. leaf nodes are specific
INFO: dtree.c(1478): Final simple tree
|( QUESTION0 -1 -2.788e+04 1.617e+02 1.289e+02
|    ( - -2.689e+04 6 0)
|    ( - -8.298e+02 1 0))
s>    ( QUESTION0 -1 -2.788e+04 1.617e+02 1.289e+02
s>        ( - -2.689e+04 6 0)
s>        ( - -8.298e+02 1 0))INFO: dtree.c(1315): Comp split 34
INFO: dtree.c(1315): Comp split 35
INFO: dtree.c(1439): stop. leaf nodes are specific
INFO: dtree.c(1478): Final simple tree
|( QUESTION2 -1 -5.401e+04 1.403e+02 2.607e+02
|    ( - -3.863e+03 1 0)
|    ( - -5.000e+04 1 0))
s>    ( QUESTION2 -1 -5.401e+04 1.403e+02 2.607e+02
s>        ( - -3.863e+03 1 0)
s>        ( - -5.000e+04 1 0))INFO: dtree.c(1315): Comp split 36
INFO: dtree.c(1315): Comp split 37
INFO: dtree.c(1315): Comp split 38
INFO: dtree.c(1315): Comp split 39
INFO: dtree.c(1315): Comp split 40
INFO: dtree.c(1315): Comp split 41
INFO: dtree.c(1439): stop. leaf nodes are specific
INFO: dtree.c(1478): Final simple tree
|( WDBNDRY_B 0 -1.393e+04 1.251e+02 6.605e+01
|    ( - -1.288e+04 4 0)
|    ( - -9.292e+02 1 0))
s>    ( WDBNDRY_B 0 -1.393e+04 1.251e+02 6.605e+01
s>        ( - -1.288e+04 4 0)
s>        ( - -9.292e+02 1 0))INFO: dtree.c(1315): Comp split 42
INFO: dtree.c(1439): stop. leaf nodes are specific
INFO: dtree.c(1478): Final simple tree
|( SILENCE -1 -5.325e+03 1.269e+02 2.600e+01
|    ( - -7.153e+02 1 0)
|    ( - -4.483e+03 3 0))
s>    ( SILENCE -1 -5.325e+03 1.269e+02 2.600e+01
s>        ( - -7.153e+02 1 0)
s>        ( - -4.483e+03 3 0))INFO: dtree.c(1315): Comp split 43
INFO: dtree.c(1315): Comp split 44
INFO: dtree.c(1315): Comp split 45
INFO: dtree.c(1315): Comp split 46
INFO: dtree.c(1315): Comp split 47
INFO: dtree.c(1315): Comp split 48
INFO: dtree.c(1439): stop. leaf nodes are specific
INFO: dtree.c(1478): Final simple tree
|( WDBNDRY_B 0 -1.301e+04 1.124e+02 6.300e+01
|    ( - -4.221e+03 4 0)
|    ( - -8.678e+03 3 0))
s>    ( WDBNDRY_B 0 -1.301e+04 1.124e+02 6.300e+01
s>        ( - -4.221e+03 4 0)
s>        ( - -8.678e+03 3 0))INFO: dtree.c(1315): Comp split 49
INFO: dtree.c(1315): Comp split 50
INFO: dtree.c(1315): Comp split 51
INFO: dtree.c(1315): Comp split 52
INFO: dtree.c(1315): Comp split 53
INFO: dtree.c(1315): Comp split 54
INFO: dtree.c(1315): Comp split 55
INFO: dtree.c(1315): Comp split 56
INFO: dtree.c(1318): stop. leaf nodes are specific
Fri Mar 31 15:58:53 2023
