Current configuration:
[NAME]		[DEFLT]	[VALUE]
-allphones	no	no
-cntthresh	0.00001	1.000000e-05
-csplitmax	100	2000
-csplitmin	1	1
-csplitthr	8e-4	0.000000e+00
-example	no	no
-fullvar	no	no
-help		no	no
-meanfn			/home/lucija/Documents/Zadnji semestar/ROGJ/Prezentacije/CMUspinx/tutorial12/model_parameters/my_db.cd_cont_untied/means
-mixwfn			/home/lucija/Documents/Zadnji semestar/ROGJ/Prezentacije/CMUspinx/tutorial12/model_parameters/my_db.cd_cont_untied/mixture_weights
-moddeffn		/home/lucija/Documents/Zadnji semestar/ROGJ/Prezentacije/CMUspinx/tutorial12/model_architecture/my_db.untied.mdef
-mwfloor	1e-4	1.000000e-08
-phone			ć
-psetfn			/home/lucija/Documents/Zadnji semestar/ROGJ/Prezentacije/CMUspinx/tutorial12/model_architecture/my_db.tree_questions
-ssplitmax	5	7
-ssplitmin	1	1
-ssplitthr	8e-4	0.000000e+00
-state			2
-stwt			1.0,0.05,0.0,
-treefn			/home/lucija/Documents/Zadnji semestar/ROGJ/Prezentacije/CMUspinx/tutorial12/trees/my_db.unpruned/ć-2.dtree
-ts2cbfn	.semi.	.cont.
-varfloor	0.00001	1.000000e-05
-varfn			/home/lucija/Documents/Zadnji semestar/ROGJ/Prezentacije/CMUspinx/tutorial12/model_parameters/my_db.cd_cont_untied/variances

INFO: main.c(223): Reading: /home/lucija/Documents/Zadnji semestar/ROGJ/Prezentacije/CMUspinx/tutorial12/model_architecture/my_db.untied.mdef
INFO: model_def_io.c(573): Model definition info:
INFO: model_def_io.c(574): 10394 total models defined (32 base, 10362 tri)
INFO: model_def_io.c(575): 41576 total states
INFO: model_def_io.c(576): 31182 total tied states
INFO: model_def_io.c(577): 96 total tied CI states
INFO: model_def_io.c(578): 32 total tied transition matrices
INFO: model_def_io.c(579): 4 max state/model
INFO: model_def_io.c(580): 4 min state/model
INFO: main.c(242): Building trees for [ć NOISE e b] through [ć š u i]
INFO: main.c(268): Covering states |[29739 30008]| == 270
INFO: main.c(275): Reading: /home/lucija/Documents/Zadnji semestar/ROGJ/Prezentacije/CMUspinx/tutorial12/model_parameters/my_db.cd_cont_untied/mixture_weights
INFO: s3mixw_io.c(172): Read /home/lucija/Documents/Zadnji semestar/ROGJ/Prezentacije/CMUspinx/tutorial12/model_parameters/my_db.cd_cont_untied/mixture_weights [270x1x1 array]
INFO: main.c(311): 90 of 90 models have observation count greater than 0.000010
INFO: main.c(95): nrm stwt: 0.000 0.048 0.952 
INFO: s3gau_io.c(168): Read /home/lucija/Documents/Zadnji semestar/ROGJ/Prezentacije/CMUspinx/tutorial12/model_parameters/my_db.cd_cont_untied/means [31182x1x1 array]
INFO: s3gau_io.c(168): Read /home/lucija/Documents/Zadnji semestar/ROGJ/Prezentacije/CMUspinx/tutorial12/model_parameters/my_db.cd_cont_untied/variances [31182x1x1 array]
INFO: main.c(549): Reading: /home/lucija/Documents/Zadnji semestar/ROGJ/Prezentacije/CMUspinx/tutorial12/model_architecture/my_db.tree_questions
INFO: main.c(587): 180 total simple questions (172 phone; 8 word bndry)
INFO: main.c(589): 42 Left Only questions, and 42 Right Only questions
INFO: dtree.c(1478): Final simple tree
|( WDBNDRY_E 0 -1.677e+06 1.007e+04 7.470e+03
|    ( QUESTION0_4_R 1 -1.988e+05 9.223e+02 8.965e+02
|        ( - -2.416e+04 1 0)
|        ( SILENCE 1 -1.737e+05 8.033e+02 7.810e+02
|            ( - -7.007e+04 2 0)
|            ( QUESTION15 1 -1.029e+05 5.179e+02 4.589e+02
|                ( - -2.352e+04 11 0 QUESTION20 1 1.853e+02 1.066e+02)
|                ( - -7.883e+04 24 0 QUESTION2 1 3.385e+02 3.523e+02))))
|    ( WDBNDRY_B 0 -1.468e+06 2.695e+03 6.573e+03
|        ( - -3.675e+05 19 0 QUESTION18 -1 3.143e+02 1.675e+03)
|        ( QUESTION0_0_R 1 -1.098e+06 2.187e+03 4.898e+03
|            ( QUESTION5 -1 -1.059e+06 7.062e+02 4.740e+03
|                ( - -3.721e+04 4 0)
|                ( - -1.021e+06 26 0 QUESTION15 -1 2.570e+02 4.569e+03))
|            ( - -3.710e+04 3 0))))
s>    ( WDBNDRY_E 0 -1.677e+06 1.007e+04 7.470e+03
s>        ( QUESTION0_4_R 1 -1.988e+05 9.223e+02 8.965e+02
s>            ( - -2.416e+04 1 0)
s>            ( SILENCE 1 -1.737e+05 8.033e+02 7.810e+02
s>                ( - -7.007e+04 2 0)
s>                ( QUESTION15 1 -1.029e+05 5.179e+02 4.589e+02
s>                    ( - -2.352e+04 11 0 QUESTION20 1 1.853e+02 1.066e+02)
s>                    ( - -7.883e+04 24 0 QUESTION2 1 3.385e+02 3.523e+02))))
s>        ( WDBNDRY_B 0 -1.468e+06 2.695e+03 6.573e+03
s>            ( - -3.675e+05 19 0 QUESTION18 -1 3.143e+02 1.675e+03)
s>            ( QUESTION0_0_R 1 -1.098e+06 2.187e+03 4.898e+03
s>                ( QUESTION5 -1 -1.059e+06 7.062e+02 4.740e+03
s>                    ( - -3.721e+04 4 0)
s>                    ( - -1.021e+06 26 0 QUESTION15 -1 2.570e+02 4.569e+03))
s>                ( - -3.710e+04 3 0))))INFO: dtree.c(1315): Comp split 0
INFO: dtree.c(1478): Final simple tree
|( QUESTION0_17_R 1 -2.372e+05 1.359e+03 1.055e+03
|    ( - -4.131e+04 5 0 WDBNDRY_E 0 1.770e+02 1.760e+02)
|    ( QUESTION0_4_R 1 -1.945e+05 9.230e+02 8.786e+02
|        ( - -2.416e+04 1 0)
|        ( SILENCE 1 -1.694e+05 7.741e+02 7.631e+02
|            ( - -7.007e+04 2 0)
|            ( QUESTION13 1 -9.860e+04 5.190e+02 4.410e+02
|                ( QUESTION14 1 -2.588e+04 2.108e+02 1.166e+02
|                    ( - -2.150e+03 3 0 QUESTION0_0_R 1 1.471e+02 1.000e+01)
|                    ( - -2.352e+04 11 0 QUESTION20 1 1.853e+02 1.066e+02))
|                ( QUESTION0_0_R 1 -7.219e+04 3.389e+02 3.244e+02
|                    ( - -4.341e+04 11 0)
|                    ( QUESTION0_2_R 1 -2.844e+04 1.979e+02 1.271e+02
|                        ( - -9.693e+03 6 0 QUESTION11 1 9.057e+01 4.302e+01)
|                        ( - -1.855e+04 2 0)))))))
s>    ( QUESTION0_17_R 1 -2.372e+05 1.359e+03 1.055e+03
s>        ( - -4.131e+04 5 0 WDBNDRY_E 0 1.770e+02 1.760e+02)
s>        ( QUESTION0_4_R 1 -1.945e+05 9.230e+02 8.786e+02
s>            ( - -2.416e+04 1 0)
s>            ( SILENCE 1 -1.694e+05 7.741e+02 7.631e+02
s>                ( - -7.007e+04 2 0)
s>                ( QUESTION13 1 -9.860e+04 5.190e+02 4.410e+02
s>                    ( QUESTION14 1 -2.588e+04 2.108e+02 1.166e+02
s>                        ( - -2.150e+03 3 0 QUESTION0_0_R 1 1.471e+02 1.000e+01)
s>                        ( - -2.352e+04 11 0 QUESTION20 1 1.853e+02 1.066e+02))
s>                    ( QUESTION0_0_R 1 -7.219e+04 3.389e+02 3.244e+02
s>                        ( - -4.341e+04 11 0)
s>                        ( QUESTION0_2_R 1 -2.844e+04 1.979e+02 1.271e+02
s>                            ( - -9.693e+03 6 0 QUESTION11 1 9.057e+01 4.302e+01)
s>                            ( - -1.855e+04 2 0)))))))INFO: dtree.c(1478): Final simple tree
|( WDBNDRY_B 0 -1.429e+06 2.495e+03 6.415e+03
|    ( QUESTION18 -1 -3.675e+05 3.143e+02 1.675e+03
|        ( - -1.039e+05 3 0 QUESTION19 -1 1.221e+02 4.828e+02)
|        ( QUESTION3 -1 -2.633e+05 2.626e+02 1.193e+03
|            ( - -6.272e+02 1 0)
|            ( QUESTION10 -1 -2.624e+05 1.474e+02 1.189e+03
|                ( - -2.834e+02 1 0)
|                ( - -2.619e+05 14 0 SILENCE -1 1.323e+02 1.187e+03))))
|    ( QUESTION5 -1 -1.059e+06 7.062e+02 4.740e+03
|        ( - -3.721e+04 4 0)
|        ( QUESTION15 -1 -1.021e+06 2.570e+02 4.569e+03
|            ( - -1.282e+04 2 0)
|            ( QUESTION13 -1 -1.008e+06 1.393e+02 4.509e+03
|                ( - -4.999e+02 1 0)
|                ( - -1.007e+06 23 0 QUESTION0 -1 1.053e+02 4.506e+03)))))
s>    ( WDBNDRY_B 0 -1.429e+06 2.495e+03 6.415e+03
s>        ( QUESTION18 -1 -3.675e+05 3.143e+02 1.675e+03
s>            ( - -1.039e+05 3 0 QUESTION19 -1 1.221e+02 4.828e+02)
s>            ( QUESTION3 -1 -2.633e+05 2.626e+02 1.193e+03
s>                ( - -6.272e+02 1 0)
s>                ( QUESTION10 -1 -2.624e+05 1.474e+02 1.189e+03
s>                    ( - -2.834e+02 1 0)
s>                    ( - -2.619e+05 14 0 SILENCE -1 1.323e+02 1.187e+03))))
s>        ( QUESTION5 -1 -1.059e+06 7.062e+02 4.740e+03
s>            ( - -3.721e+04 4 0)
s>            ( QUESTION15 -1 -1.021e+06 2.570e+02 4.569e+03
s>                ( - -1.282e+04 2 0)
s>                ( QUESTION13 -1 -1.008e+06 1.393e+02 4.509e+03
s>                    ( - -4.999e+02 1 0)
s>                    ( - -1.007e+06 23 0 QUESTION0 -1 1.053e+02 4.506e+03)))))INFO: dtree.c(1315): Comp split 1
INFO: dtree.c(1439): stop. leaf nodes are specific
INFO: dtree.c(1478): Final simple tree
|( QUESTION13 -1 -1.020e+06 2.570e+02 4.566e+03
|    ( - -1.282e+04 2 0)
|    ( QUESTION0 -1 -1.007e+06 1.053e+02 4.506e+03
|        ( - -1.005e+06 22 0)
|        ( - -2.108e+03 1 0)))
s>    ( QUESTION13 -1 -1.020e+06 2.570e+02 4.566e+03
s>        ( - -1.282e+04 2 0)
s>        ( QUESTION0 -1 -1.007e+06 1.053e+02 4.506e+03
s>            ( - -1.005e+06 22 0)
s>            ( - -2.108e+03 1 0)))INFO: dtree.c(1478): Final simple tree
|( QUESTION0 -1 -4.057e+05 3.869e+02 1.849e+03
|    ( - -2.425e+05 6 0 QUESTION2_0_L -1 1.055e+02 1.098e+03)
|    ( QUESTION13 -1 -1.628e+05 2.780e+02 7.510e+02
|        ( QUESTION16 -1 -1.212e+05 1.419e+02 5.612e+02
|            ( QUESTION17 -1 -2.773e+03 1.547e+02 1.291e+01
|                ( - -1.426e+03 1 0)
|                ( - -1.192e+03 1 0))
|            ( WDBNDRY_B 0 -1.183e+05 1.230e+02 5.483e+02
|                ( - -1.177e+05 7 0 QUESTION19 -1 1.200e+02 5.453e+02)
|                ( - -4.999e+02 1 0)))
|        ( QUESTION3 -1 -4.130e+04 2.483e+02 1.898e+02
|            ( - -6.272e+02 1 0)
|            ( QUESTION10 -1 -4.042e+04 1.482e+02 1.858e+02
|                ( - -2.834e+02 1 0)
|                ( - -3.999e+04 6 0 SILENCE -1 1.193e+02 1.838e+02)))))
s>    ( QUESTION0 -1 -4.057e+05 3.869e+02 1.849e+03
s>        ( - -2.425e+05 6 0 QUESTION2_0_L -1 1.055e+02 1.098e+03)
s>        ( QUESTION13 -1 -1.628e+05 2.780e+02 7.510e+02
s>            ( QUESTION16 -1 -1.212e+05 1.419e+02 5.612e+02
s>                ( QUESTION17 -1 -2.773e+03 1.547e+02 1.291e+01
s>                    ( - -1.426e+03 1 0)
s>                    ( - -1.192e+03 1 0))
s>                ( WDBNDRY_B 0 -1.183e+05 1.230e+02 5.483e+02
s>                    ( - -1.177e+05 7 0 QUESTION19 -1 1.200e+02 5.453e+02)
s>                    ( - -4.999e+02 1 0)))
s>            ( QUESTION3 -1 -4.130e+04 2.483e+02 1.898e+02
s>                ( - -6.272e+02 1 0)
s>                ( QUESTION10 -1 -4.042e+04 1.482e+02 1.858e+02
s>                    ( - -2.834e+02 1 0)
s>                    ( - -3.999e+04 6 0 SILENCE -1 1.193e+02 1.838e+02)))))INFO: dtree.c(1315): Comp split 2
INFO: dtree.c(1439): stop. leaf nodes are specific
INFO: dtree.c(1478): Final simple tree
|( QUESTION13 1 -1.129e+05 5.856e+02 5.128e+02
|    ( QUESTION20 1 -2.352e+04 1.853e+02 1.066e+02
|        ( - -4.596e+03 3 0)
|        ( QUESTION0_9_R 1 -1.874e+04 9.357e+01 8.558e+01
|            ( - -1.451e+04 4 0)
|            ( QUESTION17 1 -4.142e+03 1.310e+02 1.900e+01
|                ( - -1.993e+03 2 0)
|                ( - -2.018e+03 2 0))))
|    ( SILENCE 1 -8.880e+04 1.800e+02 4.062e+02
|        ( - -7.007e+04 2 0)
|        ( - -1.855e+04 2 0)))
s>    ( QUESTION13 1 -1.129e+05 5.856e+02 5.128e+02
s>        ( QUESTION20 1 -2.352e+04 1.853e+02 1.066e+02
s>            ( - -4.596e+03 3 0)
s>            ( QUESTION0_9_R 1 -1.874e+04 9.357e+01 8.558e+01
s>                ( - -1.451e+04 4 0)
s>                ( QUESTION17 1 -4.142e+03 1.310e+02 1.900e+01
s>                    ( - -1.993e+03 2 0)
s>                    ( - -2.018e+03 2 0))))
s>        ( SILENCE 1 -8.880e+04 1.800e+02 4.062e+02
s>            ( - -7.007e+04 2 0)
s>            ( - -1.855e+04 2 0)))INFO: dtree.c(1478): Final simple tree
|( QUESTION13 1 -1.227e+05 8.820e+02 5.419e+02
|    ( QUESTION0_17_R 1 -4.370e+04 2.434e+02 1.860e+02
|        ( WDBNDRY_E 0 -4.131e+04 1.770e+02 1.760e+02
|            ( - -4.029e+03 2 0)
|            ( - -3.710e+04 3 0))
|        ( QUESTION0_0_R 1 -2.150e+03 1.471e+02 1.000e+01
|            ( - -8.507e+02 1 0)
|            ( - -1.152e+03 2 0)))
|    ( QUESTION0_4_R 1 -7.815e+04 6.362e+02 3.558e+02
|        ( - -2.416e+04 1 0)
|        ( QUESTION0_0_R 1 -5.336e+04 2.518e+02 2.403e+02
|            ( - -4.341e+04 11 0)
|            ( QUESTION11 1 -9.693e+03 9.057e+01 4.302e+01
|                ( - -9.009e+03 4 0)
|                ( - -5.931e+02 2 0)))))
s>    ( QUESTION13 1 -1.227e+05 8.820e+02 5.419e+02
s>        ( QUESTION0_17_R 1 -4.370e+04 2.434e+02 1.860e+02
s>            ( WDBNDRY_E 0 -4.131e+04 1.770e+02 1.760e+02
s>                ( - -4.029e+03 2 0)
s>                ( - -3.710e+04 3 0))
s>            ( QUESTION0_0_R 1 -2.150e+03 1.471e+02 1.000e+01
s>                ( - -8.507e+02 1 0)
s>                ( - -1.152e+03 2 0)))
s>        ( QUESTION0_4_R 1 -7.815e+04 6.362e+02 3.558e+02
s>            ( - -2.416e+04 1 0)
s>            ( QUESTION0_0_R 1 -5.336e+04 2.518e+02 2.403e+02
s>                ( - -4.341e+04 11 0)
s>                ( QUESTION11 1 -9.693e+03 9.057e+01 4.302e+01
s>                    ( - -9.009e+03 4 0)
s>                    ( - -5.931e+02 2 0)))))INFO: dtree.c(1315): Comp split 3
INFO: dtree.c(1439): stop. leaf nodes are specific
INFO: dtree.c(1478): Final simple tree
|( QUESTION0_4_R 1 -7.815e+04 6.362e+02 3.558e+02
|    ( - -2.416e+04 1 0)
|    ( QUESTION0_0_R 1 -5.336e+04 2.518e+02 2.403e+02
|        ( - -4.341e+04 11 0)
|        ( QUESTION11 1 -9.693e+03 9.057e+01 4.302e+01
|            ( - -9.009e+03 4 0)
|            ( - -5.931e+02 2 0))))
s>    ( QUESTION0_4_R 1 -7.815e+04 6.362e+02 3.558e+02
s>        ( - -2.416e+04 1 0)
s>        ( QUESTION0_0_R 1 -5.336e+04 2.518e+02 2.403e+02
s>            ( - -4.341e+04 11 0)
s>            ( QUESTION11 1 -9.693e+03 9.057e+01 4.302e+01
s>                ( - -9.009e+03 4 0)
s>                ( - -5.931e+02 2 0))))INFO: dtree.c(1439): stop. leaf nodes are specific
INFO: dtree.c(1478): Final simple tree
|( QUESTION0_17_R 1 -4.370e+04 2.434e+02 1.860e+02
|    ( WDBNDRY_E 0 -4.131e+04 1.770e+02 1.760e+02
|        ( - -4.029e+03 2 0)
|        ( - -3.710e+04 3 0))
|    ( QUESTION0_0_R 1 -2.150e+03 1.471e+02 1.000e+01
|        ( - -8.507e+02 1 0)
|        ( - -1.152e+03 2 0)))
s>    ( QUESTION0_17_R 1 -4.370e+04 2.434e+02 1.860e+02
s>        ( WDBNDRY_E 0 -4.131e+04 1.770e+02 1.760e+02
s>            ( - -4.029e+03 2 0)
s>            ( - -3.710e+04 3 0))
s>        ( QUESTION0_0_R 1 -2.150e+03 1.471e+02 1.000e+01
s>            ( - -8.507e+02 1 0)
s>            ( - -1.152e+03 2 0)))INFO: dtree.c(1315): Comp split 4
INFO: dtree.c(1439): stop. leaf nodes are specific
INFO: dtree.c(1478): Final simple tree
|( QUESTION0_0_R 1 -5.336e+04 2.518e+02 2.403e+02
|    ( - -4.341e+04 11 0)
|    ( QUESTION11 1 -9.693e+03 9.057e+01 4.302e+01
|        ( - -9.009e+03 4 0)
|        ( - -5.931e+02 2 0)))
s>    ( QUESTION0_0_R 1 -5.336e+04 2.518e+02 2.403e+02
s>        ( - -4.341e+04 11 0)
s>        ( QUESTION11 1 -9.693e+03 9.057e+01 4.302e+01
s>            ( - -9.009e+03 4 0)
s>            ( - -5.931e+02 2 0)))INFO: dtree.c(1315): Comp split 5
INFO: dtree.c(1439): stop. leaf nodes are specific
INFO: dtree.c(1478): Final simple tree
|( QUESTION20 1 -2.352e+04 1.853e+02 1.066e+02
|    ( - -4.596e+03 3 0)
|    ( QUESTION0_9_R 1 -1.874e+04 9.357e+01 8.558e+01
|        ( - -1.451e+04 4 0)
|        ( QUESTION17 1 -4.142e+03 1.310e+02 1.900e+01
|            ( - -1.993e+03 2 0)
|            ( - -2.018e+03 2 0))))
s>    ( QUESTION20 1 -2.352e+04 1.853e+02 1.066e+02
s>        ( - -4.596e+03 3 0)
s>        ( QUESTION0_9_R 1 -1.874e+04 9.357e+01 8.558e+01
s>            ( - -1.451e+04 4 0)
s>            ( QUESTION17 1 -4.142e+03 1.310e+02 1.900e+01
s>                ( - -1.993e+03 2 0)
s>                ( - -2.018e+03 2 0))))INFO: dtree.c(1439): stop. leaf nodes are specific
INFO: dtree.c(1478): Final simple tree
|( SILENCE 1 -8.880e+04 1.800e+02 4.062e+02
|    ( - -7.007e+04 2 0)
|    ( - -1.855e+04 2 0))
s>    ( SILENCE 1 -8.880e+04 1.800e+02 4.062e+02
s>        ( - -7.007e+04 2 0)
s>        ( - -1.855e+04 2 0))INFO: dtree.c(1315): Comp split 6
INFO: dtree.c(1478): Final simple tree
|( QUESTION13 -1 -1.598e+05 2.711e+02 7.381e+02
|    ( WDBNDRY_B 0 -1.183e+05 1.230e+02 5.483e+02
|        ( QUESTION19 -1 -1.177e+05 1.200e+02 5.453e+02
|            ( - -9.929e+04 1 0)
|            ( - -1.825e+04 6 0 QUESTION14 -1 1.083e+02 8.352e+01))
|        ( - -4.999e+02 1 0))
|    ( QUESTION3 -1 -4.130e+04 2.483e+02 1.898e+02
|        ( - -6.272e+02 1 0)
|        ( QUESTION10 -1 -4.042e+04 1.482e+02 1.858e+02
|            ( - -2.834e+02 1 0)
|            ( SILENCE -1 -3.999e+04 1.193e+02 1.838e+02
|                ( - -1.370e+03 1 0)
|                ( WDBNDRY_B 0 -3.850e+04 1.221e+02 1.768e+02
|                    ( - -1.169e+03 1 0)
|                    ( - -3.721e+04 4 0))))))
s>    ( QUESTION13 -1 -1.598e+05 2.711e+02 7.381e+02
s>        ( WDBNDRY_B 0 -1.183e+05 1.230e+02 5.483e+02
s>            ( QUESTION19 -1 -1.177e+05 1.200e+02 5.453e+02
s>                ( - -9.929e+04 1 0)
s>                ( - -1.825e+04 6 0 QUESTION14 -1 1.083e+02 8.352e+01))
s>            ( - -4.999e+02 1 0))
s>        ( QUESTION3 -1 -4.130e+04 2.483e+02 1.898e+02
s>            ( - -6.272e+02 1 0)
s>            ( QUESTION10 -1 -4.042e+04 1.482e+02 1.858e+02
s>                ( - -2.834e+02 1 0)
s>                ( SILENCE -1 -3.999e+04 1.193e+02 1.838e+02
s>                    ( - -1.370e+03 1 0)
s>                    ( WDBNDRY_B 0 -3.850e+04 1.221e+02 1.768e+02
s>                        ( - -1.169e+03 1 0)
s>                        ( - -3.721e+04 4 0))))))INFO: dtree.c(1439): stop. leaf nodes are specific
INFO: dtree.c(1478): Final simple tree
|( QUESTION0 -1 -2.454e+05 1.250e+02 1.111e+03
|    ( QUESTION2_0_L -1 -2.425e+05 1.055e+02 1.098e+03
|        ( - -2.386e+05 5 0)
|        ( - -3.763e+03 1 0))
|    ( QUESTION17 -1 -2.773e+03 1.547e+02 1.291e+01
|        ( - -1.426e+03 1 0)
|        ( - -1.192e+03 1 0)))
s>    ( QUESTION0 -1 -2.454e+05 1.250e+02 1.111e+03
s>        ( QUESTION2_0_L -1 -2.425e+05 1.055e+02 1.098e+03
s>            ( - -2.386e+05 5 0)
s>            ( - -3.763e+03 1 0))
s>        ( QUESTION17 -1 -2.773e+03 1.547e+02 1.291e+01
s>            ( - -1.426e+03 1 0)
s>            ( - -1.192e+03 1 0)))INFO: dtree.c(1315): Comp split 7
INFO: dtree.c(1439): stop. leaf nodes are specific
INFO: dtree.c(1478): Final simple tree
|( QUESTION2 -1 -1.181e+05 1.462e+02 5.473e+02
|    ( - -2.834e+02 1 0)
|    ( QUESTION19 -1 -1.177e+05 1.200e+02 5.453e+02
|        ( - -9.929e+04 1 0)
|        ( QUESTION14 -1 -1.825e+04 1.083e+02 8.352e+01
|            ( - -1.362e+04 4 0)
|            ( - -4.518e+03 2 0))))
s>    ( QUESTION2 -1 -1.181e+05 1.462e+02 5.473e+02
s>        ( - -2.834e+02 1 0)
s>        ( QUESTION19 -1 -1.177e+05 1.200e+02 5.453e+02
s>            ( - -9.929e+04 1 0)
s>            ( QUESTION14 -1 -1.825e+04 1.083e+02 8.352e+01
s>                ( - -1.362e+04 4 0)
s>                ( - -4.518e+03 2 0))))INFO: dtree.c(1439): stop. leaf nodes are specific
INFO: dtree.c(1478): Final simple tree
|( QUESTION3 -1 -4.149e+04 2.484e+02 1.908e+02
|    ( - -6.272e+02 1 0)
|    ( QUESTION13 -1 -4.061e+04 1.218e+02 1.868e+02
|        ( - -4.999e+02 1 0)
|        ( SILENCE -1 -3.999e+04 1.193e+02 1.838e+02
|            ( - -1.370e+03 1 0)
|            ( WDBNDRY_B 0 -3.850e+04 1.221e+02 1.768e+02
|                ( - -1.169e+03 1 0)
|                ( - -3.721e+04 4 0)))))
s>    ( QUESTION3 -1 -4.149e+04 2.484e+02 1.908e+02
s>        ( - -6.272e+02 1 0)
s>        ( QUESTION13 -1 -4.061e+04 1.218e+02 1.868e+02
s>            ( - -4.999e+02 1 0)
s>            ( SILENCE -1 -3.999e+04 1.193e+02 1.838e+02
s>                ( - -1.370e+03 1 0)
s>                ( WDBNDRY_B 0 -3.850e+04 1.221e+02 1.768e+02
s>                    ( - -1.169e+03 1 0)
s>                    ( - -3.721e+04 4 0)))))INFO: dtree.c(1315): Comp split 8
INFO: dtree.c(1439): stop. leaf nodes are specific
INFO: dtree.c(1478): Final simple tree
|( QUESTION0 -1 -1.007e+06 1.053e+02 4.506e+03
|    ( - -1.005e+06 22 0)
|    ( - -2.108e+03 1 0))
s>    ( QUESTION0 -1 -1.007e+06 1.053e+02 4.506e+03
s>        ( - -1.005e+06 22 0)
s>        ( - -2.108e+03 1 0))INFO: dtree.c(1315): Comp split 9
INFO: dtree.c(1439): stop. leaf nodes are specific
INFO: dtree.c(1478): Final simple tree
|( QUESTION11 1 -9.693e+03 9.057e+01 4.302e+01
|    ( - -9.009e+03 4 0)
|    ( - -5.931e+02 2 0))
s>    ( QUESTION11 1 -9.693e+03 9.057e+01 4.302e+01
s>        ( - -9.009e+03 4 0)
s>        ( - -5.931e+02 2 0))INFO: dtree.c(1315): Comp split 10
INFO: dtree.c(1439): stop. leaf nodes are specific
INFO: dtree.c(1478): Final simple tree
|( QUESTION13 -1 -4.061e+04 1.218e+02 1.868e+02
|    ( - -4.999e+02 1 0)
|    ( SILENCE -1 -3.999e+04 1.193e+02 1.838e+02
|        ( - -1.370e+03 1 0)
|        ( WDBNDRY_B 0 -3.850e+04 1.221e+02 1.768e+02
|            ( - -1.169e+03 1 0)
|            ( - -3.721e+04 4 0))))
s>    ( QUESTION13 -1 -4.061e+04 1.218e+02 1.868e+02
s>        ( - -4.999e+02 1 0)
s>        ( SILENCE -1 -3.999e+04 1.193e+02 1.838e+02
s>            ( - -1.370e+03 1 0)
s>            ( WDBNDRY_B 0 -3.850e+04 1.221e+02 1.768e+02
s>                ( - -1.169e+03 1 0)
s>                ( - -3.721e+04 4 0))))INFO: dtree.c(1315): Comp split 11
INFO: dtree.c(1439): stop. leaf nodes are specific
INFO: dtree.c(1478): Final simple tree
|( QUESTION0_0_R 1 -2.150e+03 1.471e+02 1.000e+01
|    ( - -8.507e+02 1 0)
|    ( - -1.152e+03 2 0))
s>    ( QUESTION0_0_R 1 -2.150e+03 1.471e+02 1.000e+01
s>        ( - -8.507e+02 1 0)
s>        ( - -1.152e+03 2 0))INFO: dtree.c(1439): stop. leaf nodes are specific
INFO: dtree.c(1478): Final simple tree
|( WDBNDRY_E 0 -4.131e+04 1.770e+02 1.760e+02
|    ( - -4.029e+03 2 0)
|    ( - -3.710e+04 3 0))
s>    ( WDBNDRY_E 0 -4.131e+04 1.770e+02 1.760e+02
s>        ( - -4.029e+03 2 0)
s>        ( - -3.710e+04 3 0))INFO: dtree.c(1315): Comp split 12
INFO: dtree.c(1439): stop. leaf nodes are specific
INFO: dtree.c(1478): Final simple tree
|( QUESTION0_9_R 1 -1.874e+04 9.357e+01 8.558e+01
|    ( - -1.451e+04 4 0)
|    ( QUESTION17 1 -4.142e+03 1.310e+02 1.900e+01
|        ( - -1.993e+03 2 0)
|        ( - -2.018e+03 2 0)))
s>    ( QUESTION0_9_R 1 -1.874e+04 9.357e+01 8.558e+01
s>        ( - -1.451e+04 4 0)
s>        ( QUESTION17 1 -4.142e+03 1.310e+02 1.900e+01
s>            ( - -1.993e+03 2 0)
s>            ( - -2.018e+03 2 0)))INFO: dtree.c(1315): Comp split 13
INFO: dtree.c(1315): Comp split 14
INFO: dtree.c(1315): Comp split 15
INFO: dtree.c(1439): stop. leaf nodes are specific
INFO: dtree.c(1478): Final simple tree
|( QUESTION0 -1 -2.441e+05 1.185e+02 1.105e+03
|    ( QUESTION2_0_L -1 -2.425e+05 1.055e+02 1.098e+03
|        ( - -2.386e+05 5 0)
|        ( - -3.763e+03 1 0))
|    ( - -1.426e+03 1 0))
s>    ( QUESTION0 -1 -2.441e+05 1.185e+02 1.105e+03
s>        ( QUESTION2_0_L -1 -2.425e+05 1.055e+02 1.098e+03
s>            ( - -2.386e+05 5 0)
s>            ( - -3.763e+03 1 0))
s>        ( - -1.426e+03 1 0))INFO: dtree.c(1315): Comp split 16
INFO: dtree.c(1315): Comp split 17
INFO: dtree.c(1439): stop. leaf nodes are specific
INFO: dtree.c(1478): Final simple tree
|( QUESTION19 -1 -1.177e+05 1.200e+02 5.453e+02
|    ( - -9.929e+04 1 0)
|    ( QUESTION14 -1 -1.825e+04 1.083e+02 8.352e+01
|        ( - -1.362e+04 4 0)
|        ( - -4.518e+03 2 0)))
s>    ( QUESTION19 -1 -1.177e+05 1.200e+02 5.453e+02
s>        ( - -9.929e+04 1 0)
s>        ( QUESTION14 -1 -1.825e+04 1.083e+02 8.352e+01
s>            ( - -1.362e+04 4 0)
s>            ( - -4.518e+03 2 0)))INFO: dtree.c(1315): Comp split 18
INFO: dtree.c(1439): stop. leaf nodes are specific
INFO: dtree.c(1478): Final simple tree
|( QUESTION0_9_R 1 -1.658e+04 8.039e+01 7.558e+01
|    ( - -1.451e+04 4 0)
|    ( - -1.993e+03 2 0))
s>    ( QUESTION0_9_R 1 -1.658e+04 8.039e+01 7.558e+01
s>        ( - -1.451e+04 4 0)
s>        ( - -1.993e+03 2 0))INFO: dtree.c(1315): Comp split 19
INFO: dtree.c(1439): stop. leaf nodes are specific
INFO: dtree.c(1478): Final simple tree
|( QUESTION13 -1 -3.932e+04 1.214e+02 1.808e+02
|    ( - -4.999e+02 1 0)
|    ( WDBNDRY_B 0 -3.870e+04 1.200e+02 1.778e+02
|        ( - -1.370e+03 1 0)
|        ( - -3.721e+04 4 0)))
s>    ( QUESTION13 -1 -3.932e+04 1.214e+02 1.808e+02
s>        ( - -4.999e+02 1 0)
s>        ( WDBNDRY_B 0 -3.870e+04 1.200e+02 1.778e+02
s>            ( - -1.370e+03 1 0)
s>            ( - -3.721e+04 4 0)))INFO: dtree.c(1315): Comp split 20
INFO: dtree.c(1439): stop. leaf nodes are specific
INFO: dtree.c(1478): Final simple tree
|( WDBNDRY_B 0 -3.870e+04 1.200e+02 1.778e+02
|    ( - -1.370e+03 1 0)
|    ( - -3.721e+04 4 0))
s>    ( WDBNDRY_B 0 -3.870e+04 1.200e+02 1.778e+02
s>        ( - -1.370e+03 1 0)
s>        ( - -3.721e+04 4 0))INFO: dtree.c(1315): Comp split 21
INFO: dtree.c(1439): stop. leaf nodes are specific
INFO: dtree.c(1478): Final simple tree
|( QUESTION14 -1 -1.825e+04 1.083e+02 8.352e+01
|    ( - -1.362e+04 4 0)
|    ( - -4.518e+03 2 0))
s>    ( QUESTION14 -1 -1.825e+04 1.083e+02 8.352e+01
s>        ( - -1.362e+04 4 0)
s>        ( - -4.518e+03 2 0))INFO: dtree.c(1315): Comp split 22
INFO: dtree.c(1315): Comp split 23
INFO: dtree.c(1439): stop. leaf nodes are specific
INFO: dtree.c(1478): Final simple tree
|( QUESTION2_0_L -1 -2.425e+05 1.055e+02 1.098e+03
|    ( - -2.386e+05 5 0)
|    ( - -3.763e+03 1 0))
s>    ( QUESTION2_0_L -1 -2.425e+05 1.055e+02 1.098e+03
s>        ( - -2.386e+05 5 0)
s>        ( - -3.763e+03 1 0))INFO: dtree.c(1315): Comp split 24
INFO: dtree.c(1315): Comp split 25
INFO: dtree.c(1315): Comp split 26
INFO: dtree.c(1315): Comp split 27
INFO: dtree.c(1315): Comp split 28
INFO: dtree.c(1315): Comp split 29
INFO: dtree.c(1318): stop. leaf nodes are specific
Fri Mar 31 15:54:44 2023
