Current configuration:
[NAME]		[DEFLT]	[VALUE]
-allphones	no	no
-cntthresh	0.00001	1.000000e-05
-csplitmax	100	2000
-csplitmin	1	1
-csplitthr	8e-4	0.000000e+00
-example	no	no
-fullvar	no	no
-help		no	no
-meanfn			/home/lucija/Documents/Zadnji semestar/ROGJ/Prezentacije/CMUspinx/tutorial12/model_parameters/my_db.cd_cont_untied/means
-mixwfn			/home/lucija/Documents/Zadnji semestar/ROGJ/Prezentacije/CMUspinx/tutorial12/model_parameters/my_db.cd_cont_untied/mixture_weights
-moddeffn		/home/lucija/Documents/Zadnji semestar/ROGJ/Prezentacije/CMUspinx/tutorial12/model_architecture/my_db.untied.mdef
-mwfloor	1e-4	1.000000e-08
-phone			č
-psetfn			/home/lucija/Documents/Zadnji semestar/ROGJ/Prezentacije/CMUspinx/tutorial12/model_architecture/my_db.tree_questions
-ssplitmax	5	7
-ssplitmin	1	1
-ssplitthr	8e-4	0.000000e+00
-state			1
-stwt			1.0,0.05,0.0,
-treefn			/home/lucija/Documents/Zadnji semestar/ROGJ/Prezentacije/CMUspinx/tutorial12/trees/my_db.unpruned/č-1.dtree
-ts2cbfn	.semi.	.cont.
-varfloor	0.00001	1.000000e-05
-varfn			/home/lucija/Documents/Zadnji semestar/ROGJ/Prezentacije/CMUspinx/tutorial12/model_parameters/my_db.cd_cont_untied/variances

INFO: main.c(223): Reading: /home/lucija/Documents/Zadnji semestar/ROGJ/Prezentacije/CMUspinx/tutorial12/model_architecture/my_db.untied.mdef
INFO: model_def_io.c(573): Model definition info:
INFO: model_def_io.c(574): 10394 total models defined (32 base, 10362 tri)
INFO: model_def_io.c(575): 41576 total states
INFO: model_def_io.c(576): 31182 total tied states
INFO: model_def_io.c(577): 96 total tied CI states
INFO: model_def_io.c(578): 32 total tied transition matrices
INFO: model_def_io.c(579): 4 max state/model
INFO: model_def_io.c(580): 4 min state/model
INFO: main.c(242): Building trees for [č NOISE e b] through [č š e i]
INFO: main.c(268): Covering states |[30009 30359]| == 351
INFO: main.c(275): Reading: /home/lucija/Documents/Zadnji semestar/ROGJ/Prezentacije/CMUspinx/tutorial12/model_parameters/my_db.cd_cont_untied/mixture_weights
INFO: s3mixw_io.c(172): Read /home/lucija/Documents/Zadnji semestar/ROGJ/Prezentacije/CMUspinx/tutorial12/model_parameters/my_db.cd_cont_untied/mixture_weights [351x1x1 array]
INFO: main.c(311): 117 of 117 models have observation count greater than 0.000010
INFO: main.c(95): nrm stwt: 0.045 0.909 0.045 
INFO: s3gau_io.c(168): Read /home/lucija/Documents/Zadnji semestar/ROGJ/Prezentacije/CMUspinx/tutorial12/model_parameters/my_db.cd_cont_untied/means [31182x1x1 array]
INFO: s3gau_io.c(168): Read /home/lucija/Documents/Zadnji semestar/ROGJ/Prezentacije/CMUspinx/tutorial12/model_parameters/my_db.cd_cont_untied/variances [31182x1x1 array]
INFO: main.c(549): Reading: /home/lucija/Documents/Zadnji semestar/ROGJ/Prezentacije/CMUspinx/tutorial12/model_architecture/my_db.tree_questions
INFO: main.c(587): 180 total simple questions (172 phone; 8 word bndry)
INFO: main.c(589): 42 Left Only questions, and 42 Right Only questions
INFO: dtree.c(1478): Final simple tree
|( QUESTION0_0_R 1 -3.558e+06 1.696e+04 1.604e+04
|    ( QUESTION14 -1 -1.974e+06 3.403e+03 8.743e+03
|        ( WDBNDRY_B 0 -4.136e+05 1.161e+03 1.839e+03
|            ( - -6.399e+04 7 0 QUESTION0 1 2.917e+02 2.835e+02)
|            ( - -3.484e+05 10 0))
|        ( WDBNDRY_B 0 -1.557e+06 2.197e+03 6.904e+03
|            ( - -6.799e+05 40 0 QUESTION19 -1 9.538e+02 2.980e+03)
|            ( - -8.751e+05 33 0 QUESTION2_0_L -1 3.194e+02 3.924e+03)))
|    ( QUESTION0_17_R 1 -1.566e+06 5.356e+03 7.297e+03
|        ( - -1.118e+06 7 0 WDBNDRY_E 0 1.946e+02 5.302e+03)
|        ( QUESTION1 1 -4.428e+05 3.697e+03 1.995e+03
|            ( QUESTION0 -1 -3.190e+05 1.618e+03 1.429e+03
|                ( - -1.618e+05 12 0 WDBNDRY_I 0 7.763e+02 7.316e+02)
|                ( - -1.556e+05 3 0 QUESTION14 -1 2.318e+02 6.974e+02))
|            ( - -1.201e+05 5 0 WDBNDRY_E 0 1.302e+02 5.657e+02))))
s>    ( QUESTION0_0_R 1 -3.558e+06 1.696e+04 1.604e+04
s>        ( QUESTION14 -1 -1.974e+06 3.403e+03 8.743e+03
s>            ( WDBNDRY_B 0 -4.136e+05 1.161e+03 1.839e+03
s>                ( - -6.399e+04 7 0 QUESTION0 1 2.917e+02 2.835e+02)
s>                ( - -3.484e+05 10 0))
s>            ( WDBNDRY_B 0 -1.557e+06 2.197e+03 6.904e+03
s>                ( - -6.799e+05 40 0 QUESTION19 -1 9.538e+02 2.980e+03)
s>                ( - -8.751e+05 33 0 QUESTION2_0_L -1 3.194e+02 3.924e+03)))
s>        ( QUESTION0_17_R 1 -1.566e+06 5.356e+03 7.297e+03
s>            ( - -1.118e+06 7 0 WDBNDRY_E 0 1.946e+02 5.302e+03)
s>            ( QUESTION1 1 -4.428e+05 3.697e+03 1.995e+03
s>                ( QUESTION0 -1 -3.190e+05 1.618e+03 1.429e+03
s>                    ( - -1.618e+05 12 0 WDBNDRY_I 0 7.763e+02 7.316e+02)
s>                    ( - -1.556e+05 3 0 QUESTION14 -1 2.318e+02 6.974e+02))
s>                ( - -1.201e+05 5 0 WDBNDRY_E 0 1.302e+02 5.657e+02))))INFO: dtree.c(1315): Comp split 0
INFO: dtree.c(1478): Final simple tree
|( QUESTION0 1 -2.140e+06 3.849e+03 9.475e+03
|    ( QUESTION14 -1 -1.953e+06 3.418e+03 8.646e+03
|        ( WDBNDRY_B 0 -4.102e+05 1.227e+03 1.823e+03
|            ( - -6.050e+04 5 0)
|            ( - -3.484e+05 10 0))
|        ( WDBNDRY_B 0 -1.540e+06 2.327e+03 6.823e+03
|            ( QUESTION19 -1 -6.631e+05 9.555e+02 2.903e+03
|                ( - -6.138e+04 2 0)
|                ( - -6.007e+05 30 0 SILENCE -1 5.176e+02 2.634e+03))
|            ( - -8.742e+05 32 0 QUESTION2_0_L -1 3.194e+02 3.920e+03)))
|    ( QUESTION0_11_R 1 -1.826e+05 8.079e+02 8.287e+02
|        ( - -1.113e+05 6 0 WDBNDRY_E 0 1.383e+02 5.063e+02)
|        ( QUESTION0_16_R 1 -7.052e+04 7.693e+02 3.224e+02
|            ( - -4.402e+04 3 0 WDBNDRY_B 0 1.494e+02 1.984e+02)
|            ( - -2.572e+04 14 0 WDBNDRY_E 0 2.161e+02 1.240e+02))))
s>    ( QUESTION0 1 -2.140e+06 3.849e+03 9.475e+03
s>        ( QUESTION14 -1 -1.953e+06 3.418e+03 8.646e+03
s>            ( WDBNDRY_B 0 -4.102e+05 1.227e+03 1.823e+03
s>                ( - -6.050e+04 5 0)
s>                ( - -3.484e+05 10 0))
s>            ( WDBNDRY_B 0 -1.540e+06 2.327e+03 6.823e+03
s>                ( QUESTION19 -1 -6.631e+05 9.555e+02 2.903e+03
s>                    ( - -6.138e+04 2 0)
s>                    ( - -6.007e+05 30 0 SILENCE -1 5.176e+02 2.634e+03))
s>                ( - -8.742e+05 32 0 QUESTION2_0_L -1 3.194e+02 3.920e+03)))
s>        ( QUESTION0_11_R 1 -1.826e+05 8.079e+02 8.287e+02
s>            ( - -1.113e+05 6 0 WDBNDRY_E 0 1.383e+02 5.063e+02)
s>            ( QUESTION0_16_R 1 -7.052e+04 7.693e+02 3.224e+02
s>                ( - -4.402e+04 3 0 WDBNDRY_B 0 1.494e+02 1.984e+02)
s>                ( - -2.572e+04 14 0 WDBNDRY_E 0 2.161e+02 1.240e+02))))INFO: dtree.c(1439): stop. leaf nodes are specific
INFO: dtree.c(1478): Final simple tree
|( WDBNDRY_B 0 -1.401e+06 5.660e+03 6.565e+03
|    ( QUESTION14 -1 -1.556e+05 2.318e+02 6.974e+02
|        ( - -5.795e+03 1 0)
|        ( SILENCE -1 -1.496e+05 1.707e+02 6.706e+02
|            ( - -3.231e+02 1 0)
|            ( - -1.491e+05 1 0)))
|    ( QUESTION0_18_R 1 -1.239e+06 1.018e+03 5.868e+03
|        ( - -1.170e+05 3 0)
|        ( WDBNDRY_E 0 -1.121e+06 1.746e+02 5.316e+03
|            ( SILENCE 1 -5.839e+03 1.439e+02 2.800e+01
|                ( - -2.892e+03 2 0)
|                ( - -2.802e+03 1 0))
|            ( - -1.115e+06 6 0))))
s>    ( WDBNDRY_B 0 -1.401e+06 5.660e+03 6.565e+03
s>        ( QUESTION14 -1 -1.556e+05 2.318e+02 6.974e+02
s>            ( - -5.795e+03 1 0)
s>            ( SILENCE -1 -1.496e+05 1.707e+02 6.706e+02
s>                ( - -3.231e+02 1 0)
s>                ( - -1.491e+05 1 0)))
s>        ( QUESTION0_18_R 1 -1.239e+06 1.018e+03 5.868e+03
s>            ( - -1.170e+05 3 0)
s>            ( WDBNDRY_E 0 -1.121e+06 1.746e+02 5.316e+03
s>                ( SILENCE 1 -5.839e+03 1.439e+02 2.800e+01
s>                    ( - -2.892e+03 2 0)
s>                    ( - -2.802e+03 1 0))
s>                ( - -1.115e+06 6 0))))INFO: dtree.c(1315): Comp split 1
INFO: dtree.c(1439): stop. leaf nodes are specific
INFO: dtree.c(1478): Final simple tree
|( QUESTION0_18_R 1 -1.239e+06 1.018e+03 5.868e+03
|    ( - -1.170e+05 3 0)
|    ( WDBNDRY_E 0 -1.121e+06 1.746e+02 5.316e+03
|        ( SILENCE 1 -5.839e+03 1.439e+02 2.800e+01
|            ( - -2.892e+03 2 0)
|            ( - -2.802e+03 1 0))
|        ( - -1.115e+06 6 0)))
s>    ( QUESTION0_18_R 1 -1.239e+06 1.018e+03 5.868e+03
s>        ( - -1.170e+05 3 0)
s>        ( WDBNDRY_E 0 -1.121e+06 1.746e+02 5.316e+03
s>            ( SILENCE 1 -5.839e+03 1.439e+02 2.800e+01
s>                ( - -2.892e+03 2 0)
s>                ( - -2.802e+03 1 0))
s>            ( - -1.115e+06 6 0)))INFO: dtree.c(1439): stop. leaf nodes are specific
INFO: dtree.c(1478): Final simple tree
|( QUESTION14 -1 -1.556e+05 2.318e+02 6.974e+02
|    ( - -5.795e+03 1 0)
|    ( SILENCE -1 -1.496e+05 1.707e+02 6.706e+02
|        ( - -3.231e+02 1 0)
|        ( - -1.491e+05 1 0)))
s>    ( QUESTION14 -1 -1.556e+05 2.318e+02 6.974e+02
s>        ( - -5.795e+03 1 0)
s>        ( SILENCE -1 -1.496e+05 1.707e+02 6.706e+02
s>            ( - -3.231e+02 1 0)
s>            ( - -1.491e+05 1 0)))INFO: dtree.c(1315): Comp split 2
INFO: dtree.c(1478): Final simple tree
|( QUESTION0 1 -5.339e+05 2.894e+03 2.384e+03
|    ( - -3.484e+05 10 0)
|    ( QUESTION0_11_R 1 -1.826e+05 8.079e+02 8.287e+02
|        ( - -1.113e+05 6 0 WDBNDRY_E 0 1.383e+02 5.063e+02)
|        ( QUESTION0_16_R 1 -7.052e+04 7.693e+02 3.224e+02
|            ( WDBNDRY_B 0 -4.402e+04 1.494e+02 1.984e+02
|                ( - -4.184e+04 2 0)
|                ( - -2.032e+03 1 0))
|            ( WDBNDRY_E 0 -2.572e+04 2.161e+02 1.240e+02
|                ( QUESTION0_10_R 1 -5.293e+03 1.884e+02 2.700e+01
|                    ( - -2.793e+02 1 0)
|                    ( QUESTION0_9_R 1 -4.825e+03 1.750e+02 2.500e+01
|                        ( - -1.917e+03 1 0)
|                        ( - -2.733e+03 1 0)))
|                ( - -2.021e+04 11 0 QUESTION18 -1 1.417e+02 9.703e+01)))))
s>    ( QUESTION0 1 -5.339e+05 2.894e+03 2.384e+03
s>        ( - -3.484e+05 10 0)
s>        ( QUESTION0_11_R 1 -1.826e+05 8.079e+02 8.287e+02
s>            ( - -1.113e+05 6 0 WDBNDRY_E 0 1.383e+02 5.063e+02)
s>            ( QUESTION0_16_R 1 -7.052e+04 7.693e+02 3.224e+02
s>                ( WDBNDRY_B 0 -4.402e+04 1.494e+02 1.984e+02
s>                    ( - -4.184e+04 2 0)
s>                    ( - -2.032e+03 1 0))
s>                ( WDBNDRY_E 0 -2.572e+04 2.161e+02 1.240e+02
s>                    ( QUESTION0_10_R 1 -5.293e+03 1.884e+02 2.700e+01
s>                        ( - -2.793e+02 1 0)
s>                        ( QUESTION0_9_R 1 -4.825e+03 1.750e+02 2.500e+01
s>                            ( - -1.917e+03 1 0)
s>                            ( - -2.733e+03 1 0)))
s>                    ( - -2.021e+04 11 0 QUESTION18 -1 1.417e+02 9.703e+01)))))INFO: dtree.c(1478): Final simple tree
|( WDBNDRY_B 0 -1.600e+06 2.481e+03 7.091e+03
|    ( QUESTION19 -1 -7.238e+05 9.428e+02 3.171e+03
|        ( - -6.138e+04 2 0)
|        ( SILENCE -1 -6.614e+05 5.158e+02 2.901e+03
|            ( - -1.579e+04 3 0)
|            ( QUESTION0 -1 -6.451e+05 3.814e+02 2.830e+03
|                ( - -4.577e+05 17 0 QUESTION2_0_L -1 1.891e+02 2.014e+03)
|                ( QUESTION2_15_L -1 -1.871e+05 2.451e+02 8.163e+02
|                    ( - -5.568e+04 2 0)
|                    ( - -1.311e+05 13 0 QUESTION11 -1 2.085e+02 5.728e+02)))))
|    ( QUESTION2_0_L -1 -8.742e+05 3.194e+02 3.920e+03
|        ( WDBNDRY_E 0 -8.605e+05 2.480e+02 3.857e+03
|            ( - -7.456e+03 3 0)
|            ( - -8.528e+05 25 0))
|        ( - -1.344e+04 4 0 QUESTION0 -1 1.890e+02 6.255e+01)))
s>    ( WDBNDRY_B 0 -1.600e+06 2.481e+03 7.091e+03
s>        ( QUESTION19 -1 -7.238e+05 9.428e+02 3.171e+03
s>            ( - -6.138e+04 2 0)
s>            ( SILENCE -1 -6.614e+05 5.158e+02 2.901e+03
s>                ( - -1.579e+04 3 0)
s>                ( QUESTION0 -1 -6.451e+05 3.814e+02 2.830e+03
s>                    ( - -4.577e+05 17 0 QUESTION2_0_L -1 1.891e+02 2.014e+03)
s>                    ( QUESTION2_15_L -1 -1.871e+05 2.451e+02 8.163e+02
s>                        ( - -5.568e+04 2 0)
s>                        ( - -1.311e+05 13 0 QUESTION11 -1 2.085e+02 5.728e+02)))))
s>        ( QUESTION2_0_L -1 -8.742e+05 3.194e+02 3.920e+03
s>            ( WDBNDRY_E 0 -8.605e+05 2.480e+02 3.857e+03
s>                ( - -7.456e+03 3 0)
s>                ( - -8.528e+05 25 0))
s>            ( - -1.344e+04 4 0 QUESTION0 -1 1.890e+02 6.255e+01)))INFO: dtree.c(1315): Comp split 3
INFO: dtree.c(1478): Final simple tree
|( QUESTION0_11_R 1 -1.826e+05 8.079e+02 8.287e+02
|    ( - -1.113e+05 6 0 WDBNDRY_E 0 1.383e+02 5.063e+02)
|    ( QUESTION0_16_R 1 -7.052e+04 7.693e+02 3.224e+02
|        ( WDBNDRY_B 0 -4.402e+04 1.494e+02 1.984e+02
|            ( - -4.184e+04 2 0)
|            ( - -2.032e+03 1 0))
|        ( WDBNDRY_E 0 -2.572e+04 2.161e+02 1.240e+02
|            ( QUESTION0_10_R 1 -5.293e+03 1.884e+02 2.700e+01
|                ( - -2.793e+02 1 0)
|                ( QUESTION0_9_R 1 -4.825e+03 1.750e+02 2.500e+01
|                    ( - -1.917e+03 1 0)
|                    ( - -2.733e+03 1 0)))
|            ( QUESTION18 -1 -2.021e+04 1.417e+02 9.703e+01
|                ( - -1.399e+03 1 0)
|                ( - -1.867e+04 10 0 WDBNDRY_B 0 1.316e+02 9.003e+01)))))
s>    ( QUESTION0_11_R 1 -1.826e+05 8.079e+02 8.287e+02
s>        ( - -1.113e+05 6 0 WDBNDRY_E 0 1.383e+02 5.063e+02)
s>        ( QUESTION0_16_R 1 -7.052e+04 7.693e+02 3.224e+02
s>            ( WDBNDRY_B 0 -4.402e+04 1.494e+02 1.984e+02
s>                ( - -4.184e+04 2 0)
s>                ( - -2.032e+03 1 0))
s>            ( WDBNDRY_E 0 -2.572e+04 2.161e+02 1.240e+02
s>                ( QUESTION0_10_R 1 -5.293e+03 1.884e+02 2.700e+01
s>                    ( - -2.793e+02 1 0)
s>                    ( QUESTION0_9_R 1 -4.825e+03 1.750e+02 2.500e+01
s>                        ( - -1.917e+03 1 0)
s>                        ( - -2.733e+03 1 0)))
s>                ( QUESTION18 -1 -2.021e+04 1.417e+02 9.703e+01
s>                    ( - -1.399e+03 1 0)
s>                    ( - -1.867e+04 10 0 WDBNDRY_B 0 1.316e+02 9.003e+01)))))INFO: dtree.c(1315): Comp split 4
INFO: dtree.c(1478): Final simple tree
|( QUESTION19 -1 -7.238e+05 9.428e+02 3.171e+03
|    ( - -6.138e+04 2 0)
|    ( SILENCE -1 -6.614e+05 5.158e+02 2.901e+03
|        ( - -1.579e+04 3 0)
|        ( QUESTION0 -1 -6.451e+05 3.814e+02 2.830e+03
|            ( QUESTION2_0_L -1 -4.577e+05 1.891e+02 2.014e+03
|                ( - -4.542e+05 15 0)
|                ( - -3.316e+03 2 0))
|            ( QUESTION2_15_L -1 -1.871e+05 2.451e+02 8.163e+02
|                ( - -5.568e+04 2 0)
|                ( QUESTION11 -1 -1.311e+05 2.085e+02 5.728e+02
|                    ( - -8.906e+03 1 0)
|                    ( QUESTION2 -1 -1.220e+05 1.987e+02 5.376e+02
|                        ( - -5.448e+03 4 0 QUESTION10 -1 1.128e+02 2.535e+01)
|                        ( - -1.164e+05 8 0 QUESTION16 -1 1.693e+02 5.122e+02)))))))
s>    ( QUESTION19 -1 -7.238e+05 9.428e+02 3.171e+03
s>        ( - -6.138e+04 2 0)
s>        ( SILENCE -1 -6.614e+05 5.158e+02 2.901e+03
s>            ( - -1.579e+04 3 0)
s>            ( QUESTION0 -1 -6.451e+05 3.814e+02 2.830e+03
s>                ( QUESTION2_0_L -1 -4.577e+05 1.891e+02 2.014e+03
s>                    ( - -4.542e+05 15 0)
s>                    ( - -3.316e+03 2 0))
s>                ( QUESTION2_15_L -1 -1.871e+05 2.451e+02 8.163e+02
s>                    ( - -5.568e+04 2 0)
s>                    ( QUESTION11 -1 -1.311e+05 2.085e+02 5.728e+02
s>                        ( - -8.906e+03 1 0)
s>                        ( QUESTION2 -1 -1.220e+05 1.987e+02 5.376e+02
s>                            ( - -5.448e+03 4 0 QUESTION10 -1 1.128e+02 2.535e+01)
s>                            ( - -1.164e+05 8 0 QUESTION16 -1 1.693e+02 5.122e+02)))))))INFO: dtree.c(1439): stop. leaf nodes are specific
INFO: dtree.c(1478): Final simple tree
|( QUESTION2_0_L -1 -8.742e+05 3.194e+02 3.920e+03
|    ( WDBNDRY_E 0 -8.605e+05 2.480e+02 3.857e+03
|        ( - -7.456e+03 3 0)
|        ( - -8.528e+05 25 0))
|    ( QUESTION0 -1 -1.344e+04 1.890e+02 6.255e+01
|        ( - -1.062e+04 3 0)
|        ( - -2.624e+03 1 0)))
s>    ( QUESTION2_0_L -1 -8.742e+05 3.194e+02 3.920e+03
s>        ( WDBNDRY_E 0 -8.605e+05 2.480e+02 3.857e+03
s>            ( - -7.456e+03 3 0)
s>            ( - -8.528e+05 25 0))
s>        ( QUESTION0 -1 -1.344e+04 1.890e+02 6.255e+01
s>            ( - -1.062e+04 3 0)
s>            ( - -2.624e+03 1 0)))INFO: dtree.c(1315): Comp split 5
INFO: dtree.c(1439): stop. leaf nodes are specific
INFO: dtree.c(1478): Final simple tree
|( QUESTION13 -1 -8.324e+04 4.566e+02 3.656e+02
|    ( - -6.138e+04 2 0)
|    ( SILENCE -1 -2.141e+04 1.751e+02 9.605e+01
|        ( - -1.579e+04 3 0)
|        ( QUESTION10 -1 -5.448e+03 1.128e+02 2.535e+01
|            ( - -5.600e+02 1 0)
|            ( QUESTION3 -1 -4.775e+03 8.745e+01 2.235e+01
|                ( - -4.106e+03 2 0)
|                ( - -5.817e+02 1 0)))))
s>    ( QUESTION13 -1 -8.324e+04 4.566e+02 3.656e+02
s>        ( - -6.138e+04 2 0)
s>        ( SILENCE -1 -2.141e+04 1.751e+02 9.605e+01
s>            ( - -1.579e+04 3 0)
s>            ( QUESTION10 -1 -5.448e+03 1.128e+02 2.535e+01
s>                ( - -5.600e+02 1 0)
s>                ( QUESTION3 -1 -4.775e+03 8.745e+01 2.235e+01
s>                    ( - -4.106e+03 2 0)
s>                    ( - -5.817e+02 1 0)))))INFO: dtree.c(1439): stop. leaf nodes are specific
INFO: dtree.c(1478): Final simple tree
|( QUESTION0 -1 -6.395e+05 3.698e+02 2.805e+03
|    ( QUESTION2_0_L -1 -4.577e+05 1.891e+02 2.014e+03
|        ( - -4.542e+05 15 0)
|        ( - -3.316e+03 2 0))
|    ( QUESTION2_15_L -1 -1.814e+05 2.345e+02 7.910e+02
|        ( - -5.568e+04 2 0)
|        ( QUESTION2 -1 -1.255e+05 2.021e+02 5.475e+02
|            ( - -8.906e+03 1 0)
|            ( QUESTION16 -1 -1.164e+05 1.693e+02 5.122e+02
|                ( - -4.241e+04 1 0)
|                ( QUESTION14 -1 -7.381e+04 1.655e+02 3.262e+02
|                    ( - -6.050e+04 5 0)
|                    ( - -1.315e+04 2 0))))))
s>    ( QUESTION0 -1 -6.395e+05 3.698e+02 2.805e+03
s>        ( QUESTION2_0_L -1 -4.577e+05 1.891e+02 2.014e+03
s>            ( - -4.542e+05 15 0)
s>            ( - -3.316e+03 2 0))
s>        ( QUESTION2_15_L -1 -1.814e+05 2.345e+02 7.910e+02
s>            ( - -5.568e+04 2 0)
s>            ( QUESTION2 -1 -1.255e+05 2.021e+02 5.475e+02
s>                ( - -8.906e+03 1 0)
s>                ( QUESTION16 -1 -1.164e+05 1.693e+02 5.122e+02
s>                    ( - -4.241e+04 1 0)
s>                    ( QUESTION14 -1 -7.381e+04 1.655e+02 3.262e+02
s>                        ( - -6.050e+04 5 0)
s>                        ( - -1.315e+04 2 0))))))INFO: dtree.c(1315): Comp split 6
INFO: dtree.c(1439): stop. leaf nodes are specific
INFO: dtree.c(1478): Final simple tree
|( WDBNDRY_E 0 -1.121e+06 1.746e+02 5.316e+03
|    ( SILENCE 1 -5.839e+03 1.439e+02 2.800e+01
|        ( - -2.892e+03 2 0)
|        ( - -2.802e+03 1 0))
|    ( - -1.115e+06 6 0))
s>    ( WDBNDRY_E 0 -1.121e+06 1.746e+02 5.316e+03
s>        ( SILENCE 1 -5.839e+03 1.439e+02 2.800e+01
s>            ( - -2.892e+03 2 0)
s>            ( - -2.802e+03 1 0))
s>        ( - -1.115e+06 6 0))INFO: dtree.c(1315): Comp split 7
INFO: dtree.c(1478): Final simple tree
|( QUESTION0_16_R 1 -6.834e+04 7.698e+02 3.124e+02
|    ( - -4.184e+04 2 0)
|    ( WDBNDRY_E 0 -2.572e+04 2.161e+02 1.240e+02
|        ( QUESTION0_10_R 1 -5.293e+03 1.884e+02 2.700e+01
|            ( - -2.793e+02 1 0)
|            ( QUESTION0_9_R 1 -4.825e+03 1.750e+02 2.500e+01
|                ( - -1.917e+03 1 0)
|                ( - -2.733e+03 1 0)))
|        ( QUESTION18 -1 -2.021e+04 1.417e+02 9.703e+01
|            ( - -1.399e+03 1 0)
|            ( WDBNDRY_B 0 -1.867e+04 1.316e+02 9.003e+01
|                ( QUESTION15 -1 -1.786e+04 1.183e+02 8.603e+01
|                    ( - -7.331e+02 1 0)
|                    ( - -1.701e+04 8 0 QUESTION13 -1 1.167e+02 8.203e+01))
|                ( - -6.821e+02 1 0)))))
s>    ( QUESTION0_16_R 1 -6.834e+04 7.698e+02 3.124e+02
s>        ( - -4.184e+04 2 0)
s>        ( WDBNDRY_E 0 -2.572e+04 2.161e+02 1.240e+02
s>            ( QUESTION0_10_R 1 -5.293e+03 1.884e+02 2.700e+01
s>                ( - -2.793e+02 1 0)
s>                ( QUESTION0_9_R 1 -4.825e+03 1.750e+02 2.500e+01
s>                    ( - -1.917e+03 1 0)
s>                    ( - -2.733e+03 1 0)))
s>            ( QUESTION18 -1 -2.021e+04 1.417e+02 9.703e+01
s>                ( - -1.399e+03 1 0)
s>                ( WDBNDRY_B 0 -1.867e+04 1.316e+02 9.003e+01
s>                    ( QUESTION15 -1 -1.786e+04 1.183e+02 8.603e+01
s>                        ( - -7.331e+02 1 0)
s>                        ( - -1.701e+04 8 0 QUESTION13 -1 1.167e+02 8.203e+01))
s>                    ( - -6.821e+02 1 0)))))INFO: dtree.c(1439): stop. leaf nodes are specific
INFO: dtree.c(1478): Final simple tree
|( QUESTION0_9_R 1 -1.135e+05 1.393e+02 5.163e+02
|    ( WDBNDRY_E 0 -1.113e+05 1.383e+02 5.063e+02
|        ( - -1.155e+03 1 0)
|        ( - -1.100e+05 5 0))
|    ( - -2.032e+03 1 0))
s>    ( QUESTION0_9_R 1 -1.135e+05 1.393e+02 5.163e+02
s>        ( WDBNDRY_E 0 -1.113e+05 1.383e+02 5.063e+02
s>            ( - -1.155e+03 1 0)
s>            ( - -1.100e+05 5 0))
s>        ( - -2.032e+03 1 0))INFO: dtree.c(1315): Comp split 8
INFO: dtree.c(1478): Final simple tree
|( WDBNDRY_E 0 -2.526e+04 2.226e+02 1.220e+02
|    ( QUESTION0_9_R 1 -4.825e+03 1.750e+02 2.500e+01
|        ( - -1.917e+03 1 0)
|        ( - -2.733e+03 1 0))
|    ( QUESTION18 -1 -2.021e+04 1.417e+02 9.703e+01
|        ( - -1.399e+03 1 0)
|        ( WDBNDRY_B 0 -1.867e+04 1.316e+02 9.003e+01
|            ( QUESTION15 -1 -1.786e+04 1.183e+02 8.603e+01
|                ( - -7.331e+02 1 0)
|                ( QUESTION13 -1 -1.701e+04 1.167e+02 8.203e+01
|                    ( - -3.197e+03 2 0)
|                    ( SILENCE -1 -1.369e+04 9.420e+01 6.603e+01
|                        ( - -7.414e+02 1 0)
|                        ( - -1.286e+04 5 0 QUESTION0 -1 8.291e+01 6.203e+01))))
|            ( - -6.821e+02 1 0))))
s>    ( WDBNDRY_E 0 -2.526e+04 2.226e+02 1.220e+02
s>        ( QUESTION0_9_R 1 -4.825e+03 1.750e+02 2.500e+01
s>            ( - -1.917e+03 1 0)
s>            ( - -2.733e+03 1 0))
s>        ( QUESTION18 -1 -2.021e+04 1.417e+02 9.703e+01
s>            ( - -1.399e+03 1 0)
s>            ( WDBNDRY_B 0 -1.867e+04 1.316e+02 9.003e+01
s>                ( QUESTION15 -1 -1.786e+04 1.183e+02 8.603e+01
s>                    ( - -7.331e+02 1 0)
s>                    ( QUESTION13 -1 -1.701e+04 1.167e+02 8.203e+01
s>                        ( - -3.197e+03 2 0)
s>                        ( SILENCE -1 -1.369e+04 9.420e+01 6.603e+01
s>                            ( - -7.414e+02 1 0)
s>                            ( - -1.286e+04 5 0 QUESTION0 -1 8.291e+01 6.203e+01))))
s>                ( - -6.821e+02 1 0))))INFO: dtree.c(1439): stop. leaf nodes are specific
INFO: dtree.c(1478): Final simple tree
|( WDBNDRY_B 0 -4.229e+04 1.718e+02 1.904e+02
|    ( - -4.184e+04 2 0)
|    ( - -2.793e+02 1 0))
s>    ( WDBNDRY_B 0 -4.229e+04 1.718e+02 1.904e+02
s>        ( - -4.184e+04 2 0)
s>        ( - -2.793e+02 1 0))INFO: dtree.c(1315): Comp split 9
INFO: dtree.c(1439): stop. leaf nodes are specific
INFO: dtree.c(1478): Final simple tree
|( QUESTION2 -1 -6.206e+04 9.630e+01 2.725e+02
|    ( - -5.817e+02 1 0)
|    ( - -6.138e+04 2 0))
s>    ( QUESTION2 -1 -6.206e+04 9.630e+01 2.725e+02
s>        ( - -5.817e+02 1 0)
s>        ( - -6.138e+04 2 0))INFO: dtree.c(1439): stop. leaf nodes are specific
INFO: dtree.c(1478): Final simple tree
|( SILENCE -1 -2.073e+04 1.619e+02 9.305e+01
|    ( - -1.579e+04 3 0)
|    ( QUESTION3 -1 -4.779e+03 1.134e+02 2.235e+01
|        ( - -4.106e+03 2 0)
|        ( - -5.600e+02 1 0)))
s>    ( SILENCE -1 -2.073e+04 1.619e+02 9.305e+01
s>        ( - -1.579e+04 3 0)
s>        ( QUESTION3 -1 -4.779e+03 1.134e+02 2.235e+01
s>            ( - -4.106e+03 2 0)
s>            ( - -5.600e+02 1 0)))INFO: dtree.c(1315): Comp split 10
INFO: dtree.c(1439): stop. leaf nodes are specific
INFO: dtree.c(1478): Final simple tree
|( QUESTION2_15_L -1 -1.814e+05 2.345e+02 7.910e+02
|    ( - -5.568e+04 2 0)
|    ( QUESTION2 -1 -1.255e+05 2.021e+02 5.475e+02
|        ( - -8.906e+03 1 0)
|        ( QUESTION16 -1 -1.164e+05 1.693e+02 5.122e+02
|            ( - -4.241e+04 1 0)
|            ( QUESTION14 -1 -7.381e+04 1.655e+02 3.262e+02
|                ( - -6.050e+04 5 0)
|                ( - -1.315e+04 2 0)))))
s>    ( QUESTION2_15_L -1 -1.814e+05 2.345e+02 7.910e+02
s>        ( - -5.568e+04 2 0)
s>        ( QUESTION2 -1 -1.255e+05 2.021e+02 5.475e+02
s>            ( - -8.906e+03 1 0)
s>            ( QUESTION16 -1 -1.164e+05 1.693e+02 5.122e+02
s>                ( - -4.241e+04 1 0)
s>                ( QUESTION14 -1 -7.381e+04 1.655e+02 3.262e+02
s>                    ( - -6.050e+04 5 0)
s>                    ( - -1.315e+04 2 0)))))INFO: dtree.c(1439): stop. leaf nodes are specific
INFO: dtree.c(1478): Final simple tree
|( QUESTION2_0_L -1 -4.577e+05 1.891e+02 2.014e+03
|    ( - -4.542e+05 15 0)
|    ( - -3.316e+03 2 0))
s>    ( QUESTION2_0_L -1 -4.577e+05 1.891e+02 2.014e+03
s>        ( - -4.542e+05 15 0)
s>        ( - -3.316e+03 2 0))INFO: dtree.c(1315): Comp split 11
INFO: dtree.c(1439): stop. leaf nodes are specific
INFO: dtree.c(1478): Final simple tree
|( QUESTION0 -1 -8.556e+05 2.040e+02 3.836e+03
|    ( - -8.528e+05 25 0)
|    ( - -2.624e+03 1 0))
s>    ( QUESTION0 -1 -8.556e+05 2.040e+02 3.836e+03
s>        ( - -8.528e+05 25 0)
s>        ( - -2.624e+03 1 0))INFO: dtree.c(1439): stop. leaf nodes are specific
INFO: dtree.c(1478): Final simple tree
|( WDBNDRY_E 0 -1.831e+04 2.311e+02 8.402e+01
|    ( - -7.456e+03 3 0)
|    ( - -1.062e+04 3 0))
s>    ( WDBNDRY_E 0 -1.831e+04 2.311e+02 8.402e+01
s>        ( - -7.456e+03 3 0)
s>        ( - -1.062e+04 3 0))INFO: dtree.c(1315): Comp split 12
INFO: dtree.c(1439): stop. leaf nodes are specific
INFO: dtree.c(1478): Final simple tree
|( QUESTION2 -1 -6.897e+04 1.496e+02 3.022e+02
|    ( - -5.568e+04 2 0)
|    ( - -1.315e+04 2 0))
s>    ( QUESTION2 -1 -6.897e+04 1.496e+02 3.022e+02
s>        ( - -5.568e+04 2 0)
s>        ( - -1.315e+04 2 0))INFO: dtree.c(1439): stop. leaf nodes are specific
INFO: dtree.c(1478): Final simple tree
|( QUESTION2 -1 -1.122e+05 1.958e+02 4.888e+02
|    ( - -8.906e+03 1 0)
|    ( QUESTION14 -1 -1.031e+05 1.712e+02 4.535e+02
|        ( - -6.050e+04 5 0)
|        ( - -4.241e+04 1 0)))
s>    ( QUESTION2 -1 -1.122e+05 1.958e+02 4.888e+02
s>        ( - -8.906e+03 1 0)
s>        ( QUESTION14 -1 -1.031e+05 1.712e+02 4.535e+02
s>            ( - -6.050e+04 5 0)
s>            ( - -4.241e+04 1 0)))INFO: dtree.c(1315): Comp split 13
INFO: dtree.c(1439): stop. leaf nodes are specific
INFO: dtree.c(1478): Final simple tree
|( SILENCE -1 -1.496e+05 1.707e+02 6.706e+02
|    ( - -3.231e+02 1 0)
|    ( - -1.491e+05 1 0))
s>    ( SILENCE -1 -1.496e+05 1.707e+02 6.706e+02
s>        ( - -3.231e+02 1 0)
s>        ( - -1.491e+05 1 0))INFO: dtree.c(1315): Comp split 14
INFO: dtree.c(1315): Comp split 15
INFO: dtree.c(1439): stop. leaf nodes are specific
INFO: dtree.c(1478): Final simple tree
|( QUESTION18 -1 -2.021e+04 1.417e+02 9.703e+01
|    ( - -1.399e+03 1 0)
|    ( WDBNDRY_B 0 -1.867e+04 1.316e+02 9.003e+01
|        ( QUESTION15 -1 -1.786e+04 1.183e+02 8.603e+01
|            ( - -7.331e+02 1 0)
|            ( QUESTION13 -1 -1.701e+04 1.167e+02 8.203e+01
|                ( - -3.197e+03 2 0)
|                ( SILENCE -1 -1.369e+04 9.420e+01 6.603e+01
|                    ( - -7.414e+02 1 0)
|                    ( QUESTION0 -1 -1.286e+04 8.291e+01 6.203e+01
|                        ( - -1.144e+04 4 0)
|                        ( - -1.335e+03 1 0)))))
|        ( - -6.821e+02 1 0)))
s>    ( QUESTION18 -1 -2.021e+04 1.417e+02 9.703e+01
s>        ( - -1.399e+03 1 0)
s>        ( WDBNDRY_B 0 -1.867e+04 1.316e+02 9.003e+01
s>            ( QUESTION15 -1 -1.786e+04 1.183e+02 8.603e+01
s>                ( - -7.331e+02 1 0)
s>                ( QUESTION13 -1 -1.701e+04 1.167e+02 8.203e+01
s>                    ( - -3.197e+03 2 0)
s>                    ( SILENCE -1 -1.369e+04 9.420e+01 6.603e+01
s>                        ( - -7.414e+02 1 0)
s>                        ( QUESTION0 -1 -1.286e+04 8.291e+01 6.203e+01
s>                            ( - -1.144e+04 4 0)
s>                            ( - -1.335e+03 1 0)))))
s>            ( - -6.821e+02 1 0)))INFO: dtree.c(1439): stop. leaf nodes are specific
INFO: dtree.c(1478): Final simple tree
|( QUESTION0_9_R 1 -4.825e+03 1.750e+02 2.500e+01
|    ( - -1.917e+03 1 0)
|    ( - -2.733e+03 1 0))
s>    ( QUESTION0_9_R 1 -4.825e+03 1.750e+02 2.500e+01
s>        ( - -1.917e+03 1 0)
s>        ( - -2.733e+03 1 0))INFO: dtree.c(1315): Comp split 16
INFO: dtree.c(1315): Comp split 17
INFO: dtree.c(1439): stop. leaf nodes are specific
INFO: dtree.c(1478): Final simple tree
|( QUESTION14 -1 -1.031e+05 1.712e+02 4.535e+02
|    ( - -6.050e+04 5 0)
|    ( - -4.241e+04 1 0))
s>    ( QUESTION14 -1 -1.031e+05 1.712e+02 4.535e+02
s>        ( - -6.050e+04 5 0)
s>        ( - -4.241e+04 1 0))INFO: dtree.c(1315): Comp split 18
INFO: dtree.c(1439): stop. leaf nodes are specific
INFO: dtree.c(1478): Final simple tree
|( WDBNDRY_E 0 -1.118e+06 1.241e+02 5.302e+03
|    ( - -2.892e+03 2 0)
|    ( - -1.115e+06 6 0))
s>    ( WDBNDRY_E 0 -1.118e+06 1.241e+02 5.302e+03
s>        ( - -2.892e+03 2 0)
s>        ( - -1.115e+06 6 0))INFO: dtree.c(1315): Comp split 19
INFO: dtree.c(1315): Comp split 20
INFO: dtree.c(1315): Comp split 21
INFO: dtree.c(1315): Comp split 22
INFO: dtree.c(1315): Comp split 23
INFO: dtree.c(1315): Comp split 24
INFO: dtree.c(1439): stop. leaf nodes are specific
INFO: dtree.c(1478): Final simple tree
|( QUESTION3 -1 -4.779e+03 1.134e+02 2.235e+01
|    ( - -4.106e+03 2 0)
|    ( - -5.600e+02 1 0))
s>    ( QUESTION3 -1 -4.779e+03 1.134e+02 2.235e+01
s>        ( - -4.106e+03 2 0)
s>        ( - -5.600e+02 1 0))INFO: dtree.c(1315): Comp split 25
INFO: dtree.c(1315): Comp split 26
INFO: dtree.c(1439): stop. leaf nodes are specific
INFO: dtree.c(1478): Final simple tree
|( WDBNDRY_B 0 -1.867e+04 1.316e+02 9.003e+01
|    ( QUESTION15 -1 -1.786e+04 1.183e+02 8.603e+01
|        ( - -7.331e+02 1 0)
|        ( QUESTION13 -1 -1.701e+04 1.167e+02 8.203e+01
|            ( - -3.197e+03 2 0)
|            ( SILENCE -1 -1.369e+04 9.420e+01 6.603e+01
|                ( - -7.414e+02 1 0)
|                ( QUESTION0 -1 -1.286e+04 8.291e+01 6.203e+01
|                    ( - -1.144e+04 4 0)
|                    ( - -1.335e+03 1 0)))))
|    ( - -6.821e+02 1 0))
s>    ( WDBNDRY_B 0 -1.867e+04 1.316e+02 9.003e+01
s>        ( QUESTION15 -1 -1.786e+04 1.183e+02 8.603e+01
s>            ( - -7.331e+02 1 0)
s>            ( QUESTION13 -1 -1.701e+04 1.167e+02 8.203e+01
s>                ( - -3.197e+03 2 0)
s>                ( SILENCE -1 -1.369e+04 9.420e+01 6.603e+01
s>                    ( - -7.414e+02 1 0)
s>                    ( QUESTION0 -1 -1.286e+04 8.291e+01 6.203e+01
s>                        ( - -1.144e+04 4 0)
s>                        ( - -1.335e+03 1 0)))))
s>        ( - -6.821e+02 1 0))INFO: dtree.c(1315): Comp split 27
INFO: dtree.c(1439): stop. leaf nodes are specific
INFO: dtree.c(1478): Final simple tree
|( WDBNDRY_E 0 -1.113e+05 1.383e+02 5.063e+02
|    ( - -1.155e+03 1 0)
|    ( - -1.100e+05 5 0))
s>    ( WDBNDRY_E 0 -1.113e+05 1.383e+02 5.063e+02
s>        ( - -1.155e+03 1 0)
s>        ( - -1.100e+05 5 0))INFO: dtree.c(1315): Comp split 28
INFO: dtree.c(1315): Comp split 29
INFO: dtree.c(1439): stop. leaf nodes are specific
INFO: dtree.c(1478): Final simple tree
|( QUESTION15 -1 -1.786e+04 1.183e+02 8.603e+01
|    ( - -7.331e+02 1 0)
|    ( QUESTION13 -1 -1.701e+04 1.167e+02 8.203e+01
|        ( - -3.197e+03 2 0)
|        ( SILENCE -1 -1.369e+04 9.420e+01 6.603e+01
|            ( - -7.414e+02 1 0)
|            ( QUESTION0 -1 -1.286e+04 8.291e+01 6.203e+01
|                ( - -1.144e+04 4 0)
|                ( - -1.335e+03 1 0)))))
s>    ( QUESTION15 -1 -1.786e+04 1.183e+02 8.603e+01
s>        ( - -7.331e+02 1 0)
s>        ( QUESTION13 -1 -1.701e+04 1.167e+02 8.203e+01
s>            ( - -3.197e+03 2 0)
s>            ( SILENCE -1 -1.369e+04 9.420e+01 6.603e+01
s>                ( - -7.414e+02 1 0)
s>                ( QUESTION0 -1 -1.286e+04 8.291e+01 6.203e+01
s>                    ( - -1.144e+04 4 0)
s>                    ( - -1.335e+03 1 0)))))INFO: dtree.c(1315): Comp split 30
INFO: dtree.c(1315): Comp split 31
INFO: dtree.c(1439): stop. leaf nodes are specific
INFO: dtree.c(1478): Final simple tree
|( QUESTION13 -1 -1.701e+04 1.167e+02 8.203e+01
|    ( - -3.197e+03 2 0)
|    ( SILENCE -1 -1.369e+04 9.420e+01 6.603e+01
|        ( - -7.414e+02 1 0)
|        ( QUESTION0 -1 -1.286e+04 8.291e+01 6.203e+01
|            ( - -1.144e+04 4 0)
|            ( - -1.335e+03 1 0))))
s>    ( QUESTION13 -1 -1.701e+04 1.167e+02 8.203e+01
s>        ( - -3.197e+03 2 0)
s>        ( SILENCE -1 -1.369e+04 9.420e+01 6.603e+01
s>            ( - -7.414e+02 1 0)
s>            ( QUESTION0 -1 -1.286e+04 8.291e+01 6.203e+01
s>                ( - -1.144e+04 4 0)
s>                ( - -1.335e+03 1 0))))INFO: dtree.c(1315): Comp split 32
INFO: dtree.c(1439): stop. leaf nodes are specific
INFO: dtree.c(1478): Final simple tree
|( SILENCE -1 -1.369e+04 9.420e+01 6.603e+01
|    ( - -7.414e+02 1 0)
|    ( QUESTION0 -1 -1.286e+04 8.291e+01 6.203e+01
|        ( - -1.144e+04 4 0)
|        ( - -1.335e+03 1 0)))
s>    ( SILENCE -1 -1.369e+04 9.420e+01 6.603e+01
s>        ( - -7.414e+02 1 0)
s>        ( QUESTION0 -1 -1.286e+04 8.291e+01 6.203e+01
s>            ( - -1.144e+04 4 0)
s>            ( - -1.335e+03 1 0)))INFO: dtree.c(1315): Comp split 33
INFO: dtree.c(1315): Comp split 34
INFO: dtree.c(1315): Comp split 35
INFO: dtree.c(1439): stop. leaf nodes are specific
INFO: dtree.c(1478): Final simple tree
|( QUESTION0 -1 -1.286e+04 8.291e+01 6.203e+01
|    ( - -1.144e+04 4 0)
|    ( - -1.335e+03 1 0))
s>    ( QUESTION0 -1 -1.286e+04 8.291e+01 6.203e+01
s>        ( - -1.144e+04 4 0)
s>        ( - -1.335e+03 1 0))INFO: dtree.c(1315): Comp split 36
INFO: dtree.c(1315): Comp split 37
INFO: dtree.c(1318): stop. leaf nodes are specific
Fri Mar 31 15:54:40 2023
