Current configuration:
[NAME]		[DEFLT]	[VALUE]
-allphones	no	no
-cntthresh	0.00001	1.000000e-05
-csplitmax	100	2000
-csplitmin	1	1
-csplitthr	8e-4	0.000000e+00
-example	no	no
-fullvar	no	no
-help		no	no
-meanfn			/home/lucija/Documents/Zadnji semestar/ROGJ/Prezentacije/CMUspinx/tutorial12/model_parameters/my_db.cd_cont_untied/means
-mixwfn			/home/lucija/Documents/Zadnji semestar/ROGJ/Prezentacije/CMUspinx/tutorial12/model_parameters/my_db.cd_cont_untied/mixture_weights
-moddeffn		/home/lucija/Documents/Zadnji semestar/ROGJ/Prezentacije/CMUspinx/tutorial12/model_architecture/my_db.untied.mdef
-mwfloor	1e-4	1.000000e-08
-phone			z
-psetfn			/home/lucija/Documents/Zadnji semestar/ROGJ/Prezentacije/CMUspinx/tutorial12/model_architecture/my_db.tree_questions
-ssplitmax	5	7
-ssplitmin	1	1
-ssplitthr	8e-4	0.000000e+00
-state			2
-stwt			1.0,0.05,0.0,
-treefn			/home/lucija/Documents/Zadnji semestar/ROGJ/Prezentacije/CMUspinx/tutorial12/trees/my_db.unpruned/z-2.dtree
-ts2cbfn	.semi.	.cont.
-varfloor	0.00001	1.000000e-05
-varfn			/home/lucija/Documents/Zadnji semestar/ROGJ/Prezentacije/CMUspinx/tutorial12/model_parameters/my_db.cd_cont_untied/variances

INFO: main.c(223): Reading: /home/lucija/Documents/Zadnji semestar/ROGJ/Prezentacije/CMUspinx/tutorial12/model_architecture/my_db.untied.mdef
INFO: model_def_io.c(573): Model definition info:
INFO: model_def_io.c(574): 10394 total models defined (32 base, 10362 tri)
INFO: model_def_io.c(575): 41576 total states
INFO: model_def_io.c(576): 31182 total tied states
INFO: model_def_io.c(577): 96 total tied CI states
INFO: model_def_io.c(578): 32 total tied transition matrices
INFO: model_def_io.c(579): 4 max state/model
INFO: model_def_io.c(580): 4 min state/model
INFO: main.c(242): Building trees for [z NOISE a b] through [z ž a b]
INFO: main.c(268): Covering states |[29076 29738]| == 663
INFO: main.c(275): Reading: /home/lucija/Documents/Zadnji semestar/ROGJ/Prezentacije/CMUspinx/tutorial12/model_parameters/my_db.cd_cont_untied/mixture_weights
INFO: s3mixw_io.c(172): Read /home/lucija/Documents/Zadnji semestar/ROGJ/Prezentacije/CMUspinx/tutorial12/model_parameters/my_db.cd_cont_untied/mixture_weights [663x1x1 array]
INFO: main.c(311): 220 of 221 models have observation count greater than 0.000010
INFO: main.c(95): nrm stwt: 0.000 0.048 0.952 
INFO: s3gau_io.c(168): Read /home/lucija/Documents/Zadnji semestar/ROGJ/Prezentacije/CMUspinx/tutorial12/model_parameters/my_db.cd_cont_untied/means [31182x1x1 array]
INFO: s3gau_io.c(168): Read /home/lucija/Documents/Zadnji semestar/ROGJ/Prezentacije/CMUspinx/tutorial12/model_parameters/my_db.cd_cont_untied/variances [31182x1x1 array]
INFO: main.c(549): Reading: /home/lucija/Documents/Zadnji semestar/ROGJ/Prezentacije/CMUspinx/tutorial12/model_architecture/my_db.tree_questions
INFO: main.c(587): 180 total simple questions (172 phone; 8 word bndry)
INFO: main.c(589): 42 Left Only questions, and 42 Right Only questions
INFO: dtree.c(1478): Final simple tree
|( QUESTION0_0_R 1 -3.635e+06 4.070e+04 1.604e+04
|    ( WDBNDRY_E 0 -2.852e+06 3.661e+03 1.276e+04
|        ( - -1.208e+05 17 0 QUESTION0 1 2.054e+02 5.313e+02)
|        ( WDBNDRY_B 0 -2.728e+06 2.344e+03 1.222e+04
|            ( - -1.394e+06 57 0 QUESTION0 1 1.450e+03 6.279e+03)
|            ( - -1.332e+06 44 0 QUESTION0 1 1.322e+03 5.946e+03)))
|    ( QUESTION0_17_R 1 -7.422e+05 4.235e+03 3.282e+03
|        ( - -2.580e+05 20 0 WDBNDRY_E 0 7.160e+02 1.148e+03)
|        ( QUESTION0_16_R 1 -4.800e+05 3.596e+03 2.134e+03
|            ( - -1.472e+05 10 0 WDBNDRY_I 0 6.888e+02 6.586e+02)
|            ( QUESTION17 1 -3.292e+05 2.198e+03 1.475e+03
|                ( - -1.623e+05 32 0 WDBNDRY_B 0 8.344e+02 7.433e+02)
|                ( WDBNDRY_E 0 -1.647e+05 2.213e+03 7.322e+02
|                    ( - -9.234e+04 28 0 QUESTION0_11_R 1 1.126e+03 4.046e+02)
|                    ( - -7.011e+04 12 0 SILENCE -1 4.534e+02 3.276e+02))))))
s>    ( QUESTION0_0_R 1 -3.635e+06 4.070e+04 1.604e+04
s>        ( WDBNDRY_E 0 -2.852e+06 3.661e+03 1.276e+04
s>            ( - -1.208e+05 17 0 QUESTION0 1 2.054e+02 5.313e+02)
s>            ( WDBNDRY_B 0 -2.728e+06 2.344e+03 1.222e+04
s>                ( - -1.394e+06 57 0 QUESTION0 1 1.450e+03 6.279e+03)
s>                ( - -1.332e+06 44 0 QUESTION0 1 1.322e+03 5.946e+03)))
s>        ( QUESTION0_17_R 1 -7.422e+05 4.235e+03 3.282e+03
s>            ( - -2.580e+05 20 0 WDBNDRY_E 0 7.160e+02 1.148e+03)
s>            ( QUESTION0_16_R 1 -4.800e+05 3.596e+03 2.134e+03
s>                ( - -1.472e+05 10 0 WDBNDRY_I 0 6.888e+02 6.586e+02)
s>                ( QUESTION17 1 -3.292e+05 2.198e+03 1.475e+03
s>                    ( - -1.623e+05 32 0 WDBNDRY_B 0 8.344e+02 7.433e+02)
s>                    ( WDBNDRY_E 0 -1.647e+05 2.213e+03 7.322e+02
s>                        ( - -9.234e+04 28 0 QUESTION0_11_R 1 1.126e+03 4.046e+02)
s>                        ( - -7.011e+04 12 0 SILENCE -1 4.534e+02 3.276e+02))))))INFO: dtree.c(1315): Comp split 0
INFO: dtree.c(1478): Final simple tree
|( QUESTION0_17_R 1 -7.422e+05 4.235e+03 3.282e+03
|    ( WDBNDRY_E 0 -2.580e+05 7.160e+02 1.148e+03
|        ( - -2.751e+04 5 0)
|        ( - -2.298e+05 15 0 WDBNDRY_B 0 6.403e+02 1.027e+03))
|    ( QUESTION0_16_R 1 -4.800e+05 3.596e+03 2.134e+03
|        ( - -1.472e+05 10 0 WDBNDRY_I 0 6.888e+02 6.586e+02)
|        ( QUESTION17 1 -3.292e+05 2.198e+03 1.475e+03
|            ( WDBNDRY_B 0 -1.623e+05 8.344e+02 7.433e+02
|                ( - -8.263e+04 19 0 QUESTION5 -1 4.895e+02 3.818e+02)
|                ( - -7.883e+04 13 0 QUESTION0 -1 1.523e+02 3.615e+02))
|            ( WDBNDRY_E 0 -1.647e+05 2.213e+03 7.322e+02
|                ( QUESTION0_11_R 1 -9.234e+04 1.126e+03 4.046e+02
|                    ( - -4.924e+04 10 0 QUESTION19 1 3.004e+02 2.220e+02)
|                    ( - -4.197e+04 18 0 QUESTION10 1 3.752e+02 1.825e+02))
|                ( - -7.011e+04 12 0 SILENCE -1 4.534e+02 3.276e+02)))))
s>    ( QUESTION0_17_R 1 -7.422e+05 4.235e+03 3.282e+03
s>        ( WDBNDRY_E 0 -2.580e+05 7.160e+02 1.148e+03
s>            ( - -2.751e+04 5 0)
s>            ( - -2.298e+05 15 0 WDBNDRY_B 0 6.403e+02 1.027e+03))
s>        ( QUESTION0_16_R 1 -4.800e+05 3.596e+03 2.134e+03
s>            ( - -1.472e+05 10 0 WDBNDRY_I 0 6.888e+02 6.586e+02)
s>            ( QUESTION17 1 -3.292e+05 2.198e+03 1.475e+03
s>                ( WDBNDRY_B 0 -1.623e+05 8.344e+02 7.433e+02
s>                    ( - -8.263e+04 19 0 QUESTION5 -1 4.895e+02 3.818e+02)
s>                    ( - -7.883e+04 13 0 QUESTION0 -1 1.523e+02 3.615e+02))
s>                ( WDBNDRY_E 0 -1.647e+05 2.213e+03 7.322e+02
s>                    ( QUESTION0_11_R 1 -9.234e+04 1.126e+03 4.046e+02
s>                        ( - -4.924e+04 10 0 QUESTION19 1 3.004e+02 2.220e+02)
s>                        ( - -4.197e+04 18 0 QUESTION10 1 3.752e+02 1.825e+02))
s>                    ( - -7.011e+04 12 0 SILENCE -1 4.534e+02 3.276e+02)))))INFO: dtree.c(1478): Final simple tree
|( WDBNDRY_E 0 -2.852e+06 3.661e+03 1.276e+04
|    ( - -1.208e+05 17 0 QUESTION0 1 2.054e+02 5.313e+02)
|    ( WDBNDRY_B 0 -2.728e+06 2.344e+03 1.222e+04
|        ( QUESTION0 1 -1.394e+06 1.450e+03 6.279e+03
|            ( QUESTION0 -1 -1.339e+06 1.202e+03 6.041e+03
|                ( - -9.341e+05 17 0 QUESTION2_4_L -1 4.056e+02 4.215e+03)
|                ( QUESTION14 -1 -4.035e+05 1.392e+03 1.825e+03
|                    ( - -1.717e+05 6 0)
|                    ( QUESTION2_1_L -1 -2.304e+05 9.658e+02 1.052e+03
|                        ( - -1.621e+05 15 0 QUESTION17 -1 3.913e+02 7.383e+02)
|                        ( - -6.730e+04 4 0 SILENCE -1 2.080e+02 3.139e+02))))
|            ( - -5.358e+04 15 0 QUESTION1 -1 1.734e+02 2.387e+02))
|        ( QUESTION0 1 -1.332e+06 1.322e+03 5.946e+03
|            ( - -1.285e+06 37 0 QUESTION2_3_L -1 3.332e+02 5.743e+03)
|            ( - -4.586e+04 7 0))))
s>    ( WDBNDRY_E 0 -2.852e+06 3.661e+03 1.276e+04
s>        ( - -1.208e+05 17 0 QUESTION0 1 2.054e+02 5.313e+02)
s>        ( WDBNDRY_B 0 -2.728e+06 2.344e+03 1.222e+04
s>            ( QUESTION0 1 -1.394e+06 1.450e+03 6.279e+03
s>                ( QUESTION0 -1 -1.339e+06 1.202e+03 6.041e+03
s>                    ( - -9.341e+05 17 0 QUESTION2_4_L -1 4.056e+02 4.215e+03)
s>                    ( QUESTION14 -1 -4.035e+05 1.392e+03 1.825e+03
s>                        ( - -1.717e+05 6 0)
s>                        ( QUESTION2_1_L -1 -2.304e+05 9.658e+02 1.052e+03
s>                            ( - -1.621e+05 15 0 QUESTION17 -1 3.913e+02 7.383e+02)
s>                            ( - -6.730e+04 4 0 SILENCE -1 2.080e+02 3.139e+02))))
s>                ( - -5.358e+04 15 0 QUESTION1 -1 1.734e+02 2.387e+02))
s>            ( QUESTION0 1 -1.332e+06 1.322e+03 5.946e+03
s>                ( - -1.285e+06 37 0 QUESTION2_3_L -1 3.332e+02 5.743e+03)
s>                ( - -4.586e+04 7 0))))INFO: dtree.c(1315): Comp split 1
INFO: dtree.c(1478): Final simple tree
|( WDBNDRY_I 0 -2.124e+05 8.909e+02 9.653e+02
|    ( - -7.190e+04 7 0 QUESTION0 -1 1.509e+02 3.305e+02)
|    ( QUESTION0_9_R 1 -1.396e+05 7.924e+02 6.348e+02
|        ( QUESTION19 1 -4.924e+04 3.004e+02 2.220e+02
|            ( - -4.252e+04 7 0)
|            ( - -6.422e+03 3 0))
|        ( QUESTION5 -1 -8.957e+04 4.882e+02 4.128e+02
|            ( - 2.412e+02 1 0)
|            ( QUESTION0 -1 -8.932e+04 3.381e+02 4.118e+02
|                ( WDBNDRY_B 0 -5.863e+04 1.663e+02 2.710e+02
|                    ( - -5.168e+04 9 0 QUESTION2_0_L -1 9.567e+01 2.400e+02)
|                    ( - -6.785e+03 6 0))
|                ( QUESTION4 -1 -3.035e+04 1.702e+02 1.408e+02
|                    ( - -2.602e+02 1 0)
|                    ( - -2.992e+04 8 0 QUESTION13 -1 1.628e+02 1.388e+02))))))
s>    ( WDBNDRY_I 0 -2.124e+05 8.909e+02 9.653e+02
s>        ( - -7.190e+04 7 0 QUESTION0 -1 1.509e+02 3.305e+02)
s>        ( QUESTION0_9_R 1 -1.396e+05 7.924e+02 6.348e+02
s>            ( QUESTION19 1 -4.924e+04 3.004e+02 2.220e+02
s>                ( - -4.252e+04 7 0)
s>                ( - -6.422e+03 3 0))
s>            ( QUESTION5 -1 -8.957e+04 4.882e+02 4.128e+02
s>                ( - 2.412e+02 1 0)
s>                ( QUESTION0 -1 -8.932e+04 3.381e+02 4.118e+02
s>                    ( WDBNDRY_B 0 -5.863e+04 1.663e+02 2.710e+02
s>                        ( - -5.168e+04 9 0 QUESTION2_0_L -1 9.567e+01 2.400e+02)
s>                        ( - -6.785e+03 6 0))
s>                    ( QUESTION4 -1 -3.035e+04 1.702e+02 1.408e+02
s>                        ( - -2.602e+02 1 0)
s>                        ( - -2.992e+04 8 0 QUESTION13 -1 1.628e+02 1.388e+02))))))INFO: dtree.c(1478): Final simple tree
|( QUESTION0_17_R 1 -5.249e+05 3.629e+03 2.316e+03
|    ( WDBNDRY_E 0 -2.580e+05 7.160e+02 1.148e+03
|        ( - -2.751e+04 5 0)
|        ( WDBNDRY_B 0 -2.298e+05 6.403e+02 1.027e+03
|            ( - -2.949e+04 8 0 SILENCE -1 4.523e+02 1.299e+02)
|            ( - -1.996e+05 7 0 QUESTION0 -1 1.796e+02 8.972e+02)))
|    ( QUESTION0_20_R 1 -2.633e+05 2.323e+03 1.169e+03
|        ( WDBNDRY_E 0 -7.673e+04 5.964e+02 3.529e+02
|            ( - -6.019e+03 3 0)
|            ( - -7.011e+04 12 0 SILENCE -1 4.534e+02 3.276e+02))
|        ( WDBNDRY_I 0 -1.842e+05 1.446e+03 8.159e+02
|            ( - -1.157e+05 5 0 QUESTION0 -1 4.511e+02 5.216e+02)
|            ( QUESTION13 1 -6.712e+04 6.290e+02 2.943e+02
|                ( - -3.233e+04 6 0 QUESTION0_9_R 1 2.538e+02 1.430e+02)
|                ( - -3.416e+04 14 0 QUESTION10 1 3.144e+02 1.512e+02)))))
s>    ( QUESTION0_17_R 1 -5.249e+05 3.629e+03 2.316e+03
s>        ( WDBNDRY_E 0 -2.580e+05 7.160e+02 1.148e+03
s>            ( - -2.751e+04 5 0)
s>            ( WDBNDRY_B 0 -2.298e+05 6.403e+02 1.027e+03
s>                ( - -2.949e+04 8 0 SILENCE -1 4.523e+02 1.299e+02)
s>                ( - -1.996e+05 7 0 QUESTION0 -1 1.796e+02 8.972e+02)))
s>        ( QUESTION0_20_R 1 -2.633e+05 2.323e+03 1.169e+03
s>            ( WDBNDRY_E 0 -7.673e+04 5.964e+02 3.529e+02
s>                ( - -6.019e+03 3 0)
s>                ( - -7.011e+04 12 0 SILENCE -1 4.534e+02 3.276e+02))
s>            ( WDBNDRY_I 0 -1.842e+05 1.446e+03 8.159e+02
s>                ( - -1.157e+05 5 0 QUESTION0 -1 4.511e+02 5.216e+02)
s>                ( QUESTION13 1 -6.712e+04 6.290e+02 2.943e+02
s>                    ( - -3.233e+04 6 0 QUESTION0_9_R 1 2.538e+02 1.430e+02)
s>                    ( - -3.416e+04 14 0 QUESTION10 1 3.144e+02 1.512e+02)))))INFO: dtree.c(1315): Comp split 2
INFO: dtree.c(1478): Final simple tree
|( WDBNDRY_B 0 -2.626e+06 2.388e+03 1.178e+04
|    ( QUESTION0 -1 -1.339e+06 1.202e+03 6.041e+03
|        ( QUESTION2_4_L -1 -9.341e+05 4.056e+02 4.215e+03
|            ( - -1.428e+04 2 0)
|            ( - -9.195e+05 15 0 QUESTION2_0_L -1 1.166e+02 4.150e+03))
|        ( QUESTION14 -1 -4.035e+05 1.392e+03 1.825e+03
|            ( - -1.717e+05 6 0)
|            ( QUESTION2_1_L -1 -2.304e+05 9.658e+02 1.052e+03
|                ( QUESTION17 -1 -1.621e+05 3.913e+02 7.383e+02
|                    ( - -1.150e+05 2 0)
|                    ( - -4.672e+04 13 0 QUESTION10 -1 1.923e+02 2.148e+02))
|                ( - -6.730e+04 4 0 SILENCE -1 2.080e+02 3.139e+02))))
|    ( QUESTION2_3_L -1 -1.285e+06 3.332e+02 5.743e+03
|        ( - -4.180e+03 1 0)
|        ( - -1.280e+06 36 0 QUESTION17 -1 2.339e+02 5.724e+03)))
s>    ( WDBNDRY_B 0 -2.626e+06 2.388e+03 1.178e+04
s>        ( QUESTION0 -1 -1.339e+06 1.202e+03 6.041e+03
s>            ( QUESTION2_4_L -1 -9.341e+05 4.056e+02 4.215e+03
s>                ( - -1.428e+04 2 0)
s>                ( - -9.195e+05 15 0 QUESTION2_0_L -1 1.166e+02 4.150e+03))
s>            ( QUESTION14 -1 -4.035e+05 1.392e+03 1.825e+03
s>                ( - -1.717e+05 6 0)
s>                ( QUESTION2_1_L -1 -2.304e+05 9.658e+02 1.052e+03
s>                    ( QUESTION17 -1 -1.621e+05 3.913e+02 7.383e+02
s>                        ( - -1.150e+05 2 0)
s>                        ( - -4.672e+04 13 0 QUESTION10 -1 1.923e+02 2.148e+02))
s>                    ( - -6.730e+04 4 0 SILENCE -1 2.080e+02 3.139e+02))))
s>        ( QUESTION2_3_L -1 -1.285e+06 3.332e+02 5.743e+03
s>            ( - -4.180e+03 1 0)
s>            ( - -1.280e+06 36 0 QUESTION17 -1 2.339e+02 5.724e+03)))INFO: dtree.c(1478): Final simple tree
|( QUESTION0 1 -2.227e+05 2.093e+03 9.722e+02
|    ( - -1.176e+05 14 0)
|    ( WDBNDRY_B 0 -1.030e+05 4.762e+02 4.539e+02
|        ( QUESTION1 -1 -5.358e+04 1.734e+02 2.387e+02
|            ( QUESTION2 -1 -1.109e+04 1.298e+02 4.987e+01
|                ( - -1.199e+03 2 0)
|                ( QUESTION14 -1 -9.761e+03 1.126e+02 4.387e+01
|                    ( - -7.575e+02 1 0)
|                    ( - -8.891e+03 2 0)))
|            ( SILENCE -1 -4.231e+04 1.243e+02 1.889e+02
|                ( - -7.622e+02 1 0)
|                ( - -4.143e+04 9 0)))
|        ( WDBNDRY_E 0 -4.897e+04 1.509e+02 2.151e+02
|            ( - -2.966e+03 3 0)
|            ( - -4.586e+04 7 0))))
s>    ( QUESTION0 1 -2.227e+05 2.093e+03 9.722e+02
s>        ( - -1.176e+05 14 0)
s>        ( WDBNDRY_B 0 -1.030e+05 4.762e+02 4.539e+02
s>            ( QUESTION1 -1 -5.358e+04 1.734e+02 2.387e+02
s>                ( QUESTION2 -1 -1.109e+04 1.298e+02 4.987e+01
s>                    ( - -1.199e+03 2 0)
s>                    ( QUESTION14 -1 -9.761e+03 1.126e+02 4.387e+01
s>                        ( - -7.575e+02 1 0)
s>                        ( - -8.891e+03 2 0)))
s>                ( SILENCE -1 -4.231e+04 1.243e+02 1.889e+02
s>                    ( - -7.622e+02 1 0)
s>                    ( - -4.143e+04 9 0)))
s>            ( WDBNDRY_E 0 -4.897e+04 1.509e+02 2.151e+02
s>                ( - -2.966e+03 3 0)
s>                ( - -4.586e+04 7 0))))INFO: dtree.c(1315): Comp split 3
INFO: dtree.c(1478): Final simple tree
|( QUESTION0_20_R 1 -2.633e+05 2.323e+03 1.169e+03
|    ( WDBNDRY_E 0 -7.673e+04 5.964e+02 3.529e+02
|        ( - -6.019e+03 3 0)
|        ( SILENCE -1 -7.011e+04 4.534e+02 3.276e+02
|            ( - 2.419e+02 1 0)
|            ( QUESTION0 -1 -6.990e+04 4.505e+02 3.266e+02
|                ( - -6.967e+04 10 0 WDBNDRY_B 0 1.579e+02 3.256e+02)
|                ( - 2.167e+02 1 0))))
|    ( WDBNDRY_I 0 -1.842e+05 1.446e+03 8.159e+02
|        ( QUESTION0 -1 -1.157e+05 4.511e+02 5.216e+02
|            ( - -1.154e+05 4 0 QUESTION0_19_R 1 2.030e+02 5.206e+02)
|            ( - 2.165e+02 1 0))
|        ( QUESTION13 1 -6.712e+04 6.290e+02 2.943e+02
|            ( - -3.233e+04 6 0 QUESTION0_9_R 1 2.538e+02 1.430e+02)
|            ( - -3.416e+04 14 0 QUESTION10 1 3.144e+02 1.512e+02))))
s>    ( QUESTION0_20_R 1 -2.633e+05 2.323e+03 1.169e+03
s>        ( WDBNDRY_E 0 -7.673e+04 5.964e+02 3.529e+02
s>            ( - -6.019e+03 3 0)
s>            ( SILENCE -1 -7.011e+04 4.534e+02 3.276e+02
s>                ( - 2.419e+02 1 0)
s>                ( QUESTION0 -1 -6.990e+04 4.505e+02 3.266e+02
s>                    ( - -6.967e+04 10 0 WDBNDRY_B 0 1.579e+02 3.256e+02)
s>                    ( - 2.167e+02 1 0))))
s>        ( WDBNDRY_I 0 -1.842e+05 1.446e+03 8.159e+02
s>            ( QUESTION0 -1 -1.157e+05 4.511e+02 5.216e+02
s>                ( - -1.154e+05 4 0 QUESTION0_19_R 1 2.030e+02 5.206e+02)
s>                ( - 2.165e+02 1 0))
s>            ( QUESTION13 1 -6.712e+04 6.290e+02 2.943e+02
s>                ( - -3.233e+04 6 0 QUESTION0_9_R 1 2.538e+02 1.430e+02)
s>                ( - -3.416e+04 14 0 QUESTION10 1 3.144e+02 1.512e+02))))INFO: dtree.c(1439): stop. leaf nodes are specific
INFO: dtree.c(1478): Final simple tree
|( WDBNDRY_E 0 -2.580e+05 7.160e+02 1.148e+03
|    ( - -2.751e+04 5 0)
|    ( WDBNDRY_B 0 -2.298e+05 6.403e+02 1.027e+03
|        ( SILENCE -1 -2.949e+04 4.523e+02 1.299e+02
|            ( - 2.414e+02 1 0)
|            ( QUESTION13 -1 -2.928e+04 1.486e+02 1.289e+02
|                ( - -2.992e+02 1 0)
|                ( QUESTION0 -1 -2.883e+04 1.243e+02 1.269e+02
|                    ( - -2.774e+04 5 0)
|                    ( - -9.686e+02 1 0))))
|        ( QUESTION0 -1 -1.996e+05 1.796e+02 8.972e+02
|            ( - -1.992e+05 6 0)
|            ( - -2.705e+02 1 0))))
s>    ( WDBNDRY_E 0 -2.580e+05 7.160e+02 1.148e+03
s>        ( - -2.751e+04 5 0)
s>        ( WDBNDRY_B 0 -2.298e+05 6.403e+02 1.027e+03
s>            ( SILENCE -1 -2.949e+04 4.523e+02 1.299e+02
s>                ( - 2.414e+02 1 0)
s>                ( QUESTION13 -1 -2.928e+04 1.486e+02 1.289e+02
s>                    ( - -2.992e+02 1 0)
s>                    ( QUESTION0 -1 -2.883e+04 1.243e+02 1.269e+02
s>                        ( - -2.774e+04 5 0)
s>                        ( - -9.686e+02 1 0))))
s>            ( QUESTION0 -1 -1.996e+05 1.796e+02 8.972e+02
s>                ( - -1.992e+05 6 0)
s>                ( - -2.705e+02 1 0))))INFO: dtree.c(1315): Comp split 4
INFO: dtree.c(1478): Final simple tree
|( QUESTION2_1_L -1 -2.304e+05 9.658e+02 1.052e+03
|    ( QUESTION17 -1 -1.621e+05 3.913e+02 7.383e+02
|        ( - -1.150e+05 2 0)
|        ( QUESTION10 -1 -4.672e+04 1.923e+02 2.148e+02
|            ( - -1.129e+04 2 0 QUESTION11 -1 8.093e+01 5.383e+01)
|            ( QUESTION16 -1 -3.524e+04 1.310e+02 1.610e+02
|                ( - -7.899e+03 1 0)
|                ( QUESTION19 -1 -2.721e+04 1.103e+02 1.247e+02
|                    ( - -1.214e+04 2 0)
|                    ( QUESTION6 -1 -1.495e+04 9.598e+01 7.014e+01
|                        ( - -1.622e+03 2 0)
|                        ( - -1.324e+04 6 0 QUESTION2 -1 9.228e+01 6.214e+01))))))
|    ( SILENCE -1 -6.730e+04 2.080e+02 3.139e+02
|        ( - -4.814e+04 2 0)
|        ( - -1.895e+04 2 0)))
s>    ( QUESTION2_1_L -1 -2.304e+05 9.658e+02 1.052e+03
s>        ( QUESTION17 -1 -1.621e+05 3.913e+02 7.383e+02
s>            ( - -1.150e+05 2 0)
s>            ( QUESTION10 -1 -4.672e+04 1.923e+02 2.148e+02
s>                ( - -1.129e+04 2 0 QUESTION11 -1 8.093e+01 5.383e+01)
s>                ( QUESTION16 -1 -3.524e+04 1.310e+02 1.610e+02
s>                    ( - -7.899e+03 1 0)
s>                    ( QUESTION19 -1 -2.721e+04 1.103e+02 1.247e+02
s>                        ( - -1.214e+04 2 0)
s>                        ( QUESTION6 -1 -1.495e+04 9.598e+01 7.014e+01
s>                            ( - -1.622e+03 2 0)
s>                            ( - -1.324e+04 6 0 QUESTION2 -1 9.228e+01 6.214e+01))))))
s>        ( SILENCE -1 -6.730e+04 2.080e+02 3.139e+02
s>            ( - -4.814e+04 2 0)
s>            ( - -1.895e+04 2 0)))INFO: dtree.c(1478): Final simple tree
|( WDBNDRY_B 0 -2.393e+06 1.722e+03 1.073e+04
|    ( QUESTION0 -1 -1.107e+06 7.959e+02 4.988e+03
|        ( QUESTION2_4_L -1 -9.341e+05 4.056e+02 4.215e+03
|            ( - -1.428e+04 2 0)
|            ( - -9.195e+05 15 0 QUESTION2_0_L -1 1.166e+02 4.150e+03))
|        ( - -1.717e+05 6 0))
|    ( QUESTION2_3_L -1 -1.285e+06 3.332e+02 5.743e+03
|        ( - -4.180e+03 1 0)
|        ( QUESTION17 -1 -1.280e+06 2.339e+02 5.724e+03
|            ( - -2.064e+02 1 0)
|            ( QUESTION15 -1 -1.280e+06 2.051e+02 5.722e+03
|                ( - -4.399e+03 3 0)
|                ( QUESTION0 -1 -1.275e+06 1.301e+02 5.701e+03
|                    ( - -1.248e+06 24 0)
|                    ( - -2.660e+04 8 0))))))
s>    ( WDBNDRY_B 0 -2.393e+06 1.722e+03 1.073e+04
s>        ( QUESTION0 -1 -1.107e+06 7.959e+02 4.988e+03
s>            ( QUESTION2_4_L -1 -9.341e+05 4.056e+02 4.215e+03
s>                ( - -1.428e+04 2 0)
s>                ( - -9.195e+05 15 0 QUESTION2_0_L -1 1.166e+02 4.150e+03))
s>            ( - -1.717e+05 6 0))
s>        ( QUESTION2_3_L -1 -1.285e+06 3.332e+02 5.743e+03
s>            ( - -4.180e+03 1 0)
s>            ( QUESTION17 -1 -1.280e+06 2.339e+02 5.724e+03
s>                ( - -2.064e+02 1 0)
s>                ( QUESTION15 -1 -1.280e+06 2.051e+02 5.722e+03
s>                    ( - -4.399e+03 3 0)
s>                    ( QUESTION0 -1 -1.275e+06 1.301e+02 5.701e+03
s>                        ( - -1.248e+06 24 0)
s>                        ( - -2.660e+04 8 0))))))INFO: dtree.c(1315): Comp split 5
INFO: dtree.c(1439): stop. leaf nodes are specific
INFO: dtree.c(1478): Final simple tree
|( SILENCE -1 -7.011e+04 4.534e+02 3.276e+02
|    ( - 2.419e+02 1 0)
|    ( QUESTION0 -1 -6.990e+04 4.505e+02 3.266e+02
|        ( WDBNDRY_B 0 -6.967e+04 1.579e+02 3.256e+02
|            ( - -2.604e+03 5 0)
|            ( - -6.691e+04 5 0))
|        ( - 2.167e+02 1 0)))
s>    ( SILENCE -1 -7.011e+04 4.534e+02 3.276e+02
s>        ( - 2.419e+02 1 0)
s>        ( QUESTION0 -1 -6.990e+04 4.505e+02 3.266e+02
s>            ( WDBNDRY_B 0 -6.967e+04 1.579e+02 3.256e+02
s>                ( - -2.604e+03 5 0)
s>                ( - -6.691e+04 5 0))
s>            ( - 2.167e+02 1 0)))INFO: dtree.c(1478): Final simple tree
|( WDBNDRY_I 0 -1.907e+05 1.619e+03 8.411e+02
|    ( QUESTION0 -1 -1.157e+05 4.511e+02 5.216e+02
|        ( - -1.154e+05 4 0 QUESTION0_19_R 1 2.030e+02 5.206e+02)
|        ( - 2.165e+02 1 0))
|    ( QUESTION0_16_R 1 -7.344e+04 6.328e+02 3.195e+02
|        ( - -3.084e+04 5 0 WDBNDRY_B 0 2.111e+02 1.370e+02)
|        ( QUESTION10 1 -4.197e+04 3.752e+02 1.825e+02
|            ( QUESTION11 1 -2.860e+04 2.206e+02 1.291e+02
|                ( - -1.510e+04 3 0)
|                ( - -1.328e+04 5 0 QUESTION0_2_R 1 1.808e+02 6.005e+01))
|            ( QUESTION0_14_R 1 -1.300e+04 2.463e+02 5.337e+01
|                ( - -1.241e+03 1 0)
|                ( QUESTION0_15_R 1 -1.151e+04 2.450e+02 4.737e+01
|                    ( - -6.019e+03 3 0)
|                    ( - -5.246e+03 6 0 QUESTION0_10_R 1 1.768e+02 2.209e+01))))))
s>    ( WDBNDRY_I 0 -1.907e+05 1.619e+03 8.411e+02
s>        ( QUESTION0 -1 -1.157e+05 4.511e+02 5.216e+02
s>            ( - -1.154e+05 4 0 QUESTION0_19_R 1 2.030e+02 5.206e+02)
s>            ( - 2.165e+02 1 0))
s>        ( QUESTION0_16_R 1 -7.344e+04 6.328e+02 3.195e+02
s>            ( - -3.084e+04 5 0 WDBNDRY_B 0 2.111e+02 1.370e+02)
s>            ( QUESTION10 1 -4.197e+04 3.752e+02 1.825e+02
s>                ( QUESTION11 1 -2.860e+04 2.206e+02 1.291e+02
s>                    ( - -1.510e+04 3 0)
s>                    ( - -1.328e+04 5 0 QUESTION0_2_R 1 1.808e+02 6.005e+01))
s>                ( QUESTION0_14_R 1 -1.300e+04 2.463e+02 5.337e+01
s>                    ( - -1.241e+03 1 0)
s>                    ( QUESTION0_15_R 1 -1.151e+04 2.450e+02 4.737e+01
s>                        ( - -6.019e+03 3 0)
s>                        ( - -5.246e+03 6 0 QUESTION0_10_R 1 1.768e+02 2.209e+01))))))INFO: dtree.c(1315): Comp split 6
INFO: dtree.c(1439): stop. leaf nodes are specific
INFO: dtree.c(1478): Final simple tree
|( WDBNDRY_B 0 -1.189e+05 1.360e+02 5.243e+02
|    ( - -1.199e+03 2 0)
|    ( - -1.176e+05 14 0))
s>    ( WDBNDRY_B 0 -1.189e+05 1.360e+02 5.243e+02
s>        ( - -1.199e+03 2 0)
s>        ( - -1.176e+05 14 0))INFO: dtree.c(1439): stop. leaf nodes are specific
INFO: dtree.c(1478): Final simple tree
|( WDBNDRY_B 0 -1.017e+05 4.798e+02 4.479e+02
|    ( QUESTION1 -1 -5.223e+04 1.602e+02 2.327e+02
|        ( QUESTION14 -1 -9.761e+03 1.126e+02 4.387e+01
|            ( - -7.575e+02 1 0)
|            ( - -8.891e+03 2 0))
|        ( SILENCE -1 -4.231e+04 1.243e+02 1.889e+02
|            ( - -7.622e+02 1 0)
|            ( - -4.143e+04 9 0)))
|    ( WDBNDRY_E 0 -4.897e+04 1.509e+02 2.151e+02
|        ( - -2.966e+03 3 0)
|        ( - -4.586e+04 7 0)))
s>    ( WDBNDRY_B 0 -1.017e+05 4.798e+02 4.479e+02
s>        ( QUESTION1 -1 -5.223e+04 1.602e+02 2.327e+02
s>            ( QUESTION14 -1 -9.761e+03 1.126e+02 4.387e+01
s>                ( - -7.575e+02 1 0)
s>                ( - -8.891e+03 2 0))
s>            ( SILENCE -1 -4.231e+04 1.243e+02 1.889e+02
s>                ( - -7.622e+02 1 0)
s>                ( - -4.143e+04 9 0)))
s>        ( WDBNDRY_E 0 -4.897e+04 1.509e+02 2.151e+02
s>            ( - -2.966e+03 3 0)
s>            ( - -4.586e+04 7 0)))INFO: dtree.c(1315): Comp split 7
INFO: dtree.c(1439): stop. leaf nodes are specific
INFO: dtree.c(1478): Final simple tree
|( QUESTION17 -1 -1.280e+06 2.339e+02 5.724e+03
|    ( - -2.064e+02 1 0)
|    ( QUESTION15 -1 -1.280e+06 2.051e+02 5.722e+03
|        ( - -4.399e+03 3 0)
|        ( QUESTION0 -1 -1.275e+06 1.301e+02 5.701e+03
|            ( - -1.248e+06 24 0)
|            ( - -2.660e+04 8 0))))
s>    ( QUESTION17 -1 -1.280e+06 2.339e+02 5.724e+03
s>        ( - -2.064e+02 1 0)
s>        ( QUESTION15 -1 -1.280e+06 2.051e+02 5.722e+03
s>            ( - -4.399e+03 3 0)
s>            ( QUESTION0 -1 -1.275e+06 1.301e+02 5.701e+03
s>                ( - -1.248e+06 24 0)
s>                ( - -2.660e+04 8 0))))INFO: dtree.c(1439): stop. leaf nodes are specific
INFO: dtree.c(1478): Final simple tree
|( QUESTION0 -1 -1.111e+06 7.917e+02 5.008e+03
|    ( QUESTION2_4_L -1 -9.386e+05 5.281e+02 4.235e+03
|        ( WDBNDRY_B 0 -1.865e+04 1.893e+02 8.427e+01
|            ( - -1.428e+04 2 0)
|            ( - -4.180e+03 1 0))
|        ( QUESTION2_0_L -1 -9.195e+05 1.166e+02 4.150e+03
|            ( - -9.186e+05 14 0)
|            ( - -7.404e+02 1 0)))
|    ( - -1.717e+05 6 0))
s>    ( QUESTION0 -1 -1.111e+06 7.917e+02 5.008e+03
s>        ( QUESTION2_4_L -1 -9.386e+05 5.281e+02 4.235e+03
s>            ( WDBNDRY_B 0 -1.865e+04 1.893e+02 8.427e+01
s>                ( - -1.428e+04 2 0)
s>                ( - -4.180e+03 1 0))
s>            ( QUESTION2_0_L -1 -9.195e+05 1.166e+02 4.150e+03
s>                ( - -9.186e+05 14 0)
s>                ( - -7.404e+02 1 0)))
s>        ( - -1.717e+05 6 0))INFO: dtree.c(1315): Comp split 8
INFO: dtree.c(1439): stop. leaf nodes are specific
INFO: dtree.c(1478): Final simple tree
|( QUESTION0_19_R 1 -1.154e+05 2.030e+02 5.206e+02
|    ( - -1.708e+03 1 0)
|    ( - -1.135e+05 3 0))
s>    ( QUESTION0_19_R 1 -1.154e+05 2.030e+02 5.206e+02
s>        ( - -1.708e+03 1 0)
s>        ( - -1.135e+05 3 0))INFO: dtree.c(1478): Final simple tree
|( QUESTION0_16_R 1 -7.367e+04 6.345e+02 3.205e+02
|    ( WDBNDRY_I 0 -3.107e+04 4.482e+02 1.380e+02
|        ( - 2.165e+02 1 0)
|        ( WDBNDRY_B 0 -3.084e+04 2.111e+02 1.370e+02
|            ( - -3.505e+03 2 0)
|            ( - -2.712e+04 3 0)))
|    ( QUESTION10 1 -4.197e+04 3.752e+02 1.825e+02
|        ( QUESTION11 1 -2.860e+04 2.206e+02 1.291e+02
|            ( - -1.510e+04 3 0)
|            ( - -1.328e+04 5 0 QUESTION0_2_R 1 1.808e+02 6.005e+01))
|        ( QUESTION0_14_R 1 -1.300e+04 2.463e+02 5.337e+01
|            ( - -1.241e+03 1 0)
|            ( QUESTION0_15_R 1 -1.151e+04 2.450e+02 4.737e+01
|                ( - -6.019e+03 3 0)
|                ( - -5.246e+03 6 0 QUESTION0_10_R 1 1.768e+02 2.209e+01)))))
s>    ( QUESTION0_16_R 1 -7.367e+04 6.345e+02 3.205e+02
s>        ( WDBNDRY_I 0 -3.107e+04 4.482e+02 1.380e+02
s>            ( - 2.165e+02 1 0)
s>            ( WDBNDRY_B 0 -3.084e+04 2.111e+02 1.370e+02
s>                ( - -3.505e+03 2 0)
s>                ( - -2.712e+04 3 0)))
s>        ( QUESTION10 1 -4.197e+04 3.752e+02 1.825e+02
s>            ( QUESTION11 1 -2.860e+04 2.206e+02 1.291e+02
s>                ( - -1.510e+04 3 0)
s>                ( - -1.328e+04 5 0 QUESTION0_2_R 1 1.808e+02 6.005e+01))
s>            ( QUESTION0_14_R 1 -1.300e+04 2.463e+02 5.337e+01
s>                ( - -1.241e+03 1 0)
s>                ( QUESTION0_15_R 1 -1.151e+04 2.450e+02 4.737e+01
s>                    ( - -6.019e+03 3 0)
s>                    ( - -5.246e+03 6 0 QUESTION0_10_R 1 1.768e+02 2.209e+01)))))INFO: dtree.c(1315): Comp split 9
INFO: dtree.c(1478): Final simple tree
|( QUESTION17 -1 -1.621e+05 3.913e+02 7.383e+02
|    ( - -1.150e+05 2 0)
|    ( QUESTION10 -1 -4.672e+04 1.923e+02 2.148e+02
|        ( QUESTION11 -1 -1.129e+04 8.093e+01 5.383e+01
|            ( - -9.727e+02 1 0)
|            ( - -1.023e+04 1 0))
|        ( QUESTION16 -1 -3.524e+04 1.310e+02 1.610e+02
|            ( - -7.899e+03 1 0)
|            ( QUESTION19 -1 -2.721e+04 1.103e+02 1.247e+02
|                ( - -1.214e+04 2 0)
|                ( QUESTION6 -1 -1.495e+04 9.598e+01 7.014e+01
|                    ( - -1.622e+03 2 0)
|                    ( QUESTION2 -1 -1.324e+04 9.228e+01 6.214e+01
|                        ( - -9.470e+02 2 0)
|                        ( - -1.220e+04 4 0)))))))
s>    ( QUESTION17 -1 -1.621e+05 3.913e+02 7.383e+02
s>        ( - -1.150e+05 2 0)
s>        ( QUESTION10 -1 -4.672e+04 1.923e+02 2.148e+02
s>            ( QUESTION11 -1 -1.129e+04 8.093e+01 5.383e+01
s>                ( - -9.727e+02 1 0)
s>                ( - -1.023e+04 1 0))
s>            ( QUESTION16 -1 -3.524e+04 1.310e+02 1.610e+02
s>                ( - -7.899e+03 1 0)
s>                ( QUESTION19 -1 -2.721e+04 1.103e+02 1.247e+02
s>                    ( - -1.214e+04 2 0)
s>                    ( QUESTION6 -1 -1.495e+04 9.598e+01 7.014e+01
s>                        ( - -1.622e+03 2 0)
s>                        ( QUESTION2 -1 -1.324e+04 9.228e+01 6.214e+01
s>                            ( - -9.470e+02 2 0)
s>                            ( - -1.220e+04 4 0)))))))INFO: dtree.c(1439): stop. leaf nodes are specific
INFO: dtree.c(1478): Final simple tree
|( SILENCE -1 -6.730e+04 2.080e+02 3.139e+02
|    ( - -4.814e+04 2 0)
|    ( - -1.895e+04 2 0))
s>    ( SILENCE -1 -6.730e+04 2.080e+02 3.139e+02
s>        ( - -4.814e+04 2 0)
s>        ( - -1.895e+04 2 0))INFO: dtree.c(1315): Comp split 10
INFO: dtree.c(1478): Final simple tree
|( QUESTION0_9_R 1 -1.321e+05 7.132e+02 6.028e+02
|    ( - -4.252e+04 7 0)
|    ( QUESTION0 -1 -8.889e+04 3.303e+02 4.098e+02
|        ( WDBNDRY_B 0 -5.863e+04 1.663e+02 2.710e+02
|            ( - -5.168e+04 9 0 QUESTION2_0_L -1 9.567e+01 2.400e+02)
|            ( - -6.785e+03 6 0))
|        ( QUESTION13 -1 -2.992e+04 1.628e+02 1.388e+02
|            ( QUESTION16 -1 -6.654e+03 1.288e+02 3.106e+01
|                ( - -2.885e+02 1 0)
|                ( QUESTION20 -1 -6.237e+03 1.224e+02 2.906e+01
|                    ( - -9.555e+02 1 0)
|                    ( - -5.159e+03 4 0 QUESTION14 -1 8.070e+01 2.406e+01)))
|            ( SILENCE -1 -2.311e+04 9.999e+01 1.077e+02
|                ( - -1.372e+04 1 0)
|                ( - -9.289e+03 1 0)))))
s>    ( QUESTION0_9_R 1 -1.321e+05 7.132e+02 6.028e+02
s>        ( - -4.252e+04 7 0)
s>        ( QUESTION0 -1 -8.889e+04 3.303e+02 4.098e+02
s>            ( WDBNDRY_B 0 -5.863e+04 1.663e+02 2.710e+02
s>                ( - -5.168e+04 9 0 QUESTION2_0_L -1 9.567e+01 2.400e+02)
s>                ( - -6.785e+03 6 0))
s>            ( QUESTION13 -1 -2.992e+04 1.628e+02 1.388e+02
s>                ( QUESTION16 -1 -6.654e+03 1.288e+02 3.106e+01
s>                    ( - -2.885e+02 1 0)
s>                    ( QUESTION20 -1 -6.237e+03 1.224e+02 2.906e+01
s>                        ( - -9.555e+02 1 0)
s>                        ( - -5.159e+03 4 0 QUESTION14 -1 8.070e+01 2.406e+01)))
s>                ( SILENCE -1 -2.311e+04 9.999e+01 1.077e+02
s>                    ( - -1.372e+04 1 0)
s>                    ( - -9.289e+03 1 0)))))INFO: dtree.c(1439): stop. leaf nodes are specific
INFO: dtree.c(1478): Final simple tree
|( QUESTION5 -1 -7.935e+04 4.723e+02 3.625e+02
|    ( - 2.412e+02 1 0)
|    ( WDBNDRY_E 0 -7.912e+04 3.690e+02 3.615e+02
|        ( - -6.422e+03 3 0)
|        ( WDBNDRY_B 0 -7.233e+04 1.694e+02 3.325e+02
|            ( - -2.602e+02 1 0)
|            ( QUESTION0 -1 -7.190e+04 1.509e+02 3.305e+02
|                ( - -7.080e+04 6 0)
|                ( - -9.468e+02 1 0)))))
s>    ( QUESTION5 -1 -7.935e+04 4.723e+02 3.625e+02
s>        ( - 2.412e+02 1 0)
s>        ( WDBNDRY_E 0 -7.912e+04 3.690e+02 3.615e+02
s>            ( - -6.422e+03 3 0)
s>            ( WDBNDRY_B 0 -7.233e+04 1.694e+02 3.325e+02
s>                ( - -2.602e+02 1 0)
s>                ( QUESTION0 -1 -7.190e+04 1.509e+02 3.305e+02
s>                    ( - -7.080e+04 6 0)
s>                    ( - -9.468e+02 1 0)))))INFO: dtree.c(1315): Comp split 11
INFO: dtree.c(1439): stop. leaf nodes are specific
INFO: dtree.c(1478): Final simple tree
|( QUESTION2_0_L -1 -9.333e+05 4.053e+02 4.211e+03
|    ( - -9.186e+05 14 0)
|    ( - -1.428e+04 2 0))
s>    ( QUESTION2_0_L -1 -9.333e+05 4.053e+02 4.211e+03
s>        ( - -9.186e+05 14 0)
s>        ( - -1.428e+04 2 0))INFO: dtree.c(1439): stop. leaf nodes are specific
INFO: dtree.c(1478): Final simple tree
|( WDBNDRY_B 0 -1.770e+05 3.042e+02 7.968e+02
|    ( QUESTION0 -1 -1.725e+05 1.120e+02 7.773e+02
|        ( - -7.404e+02 1 0)
|        ( - -1.717e+05 6 0))
|    ( - -4.180e+03 1 0))
s>    ( WDBNDRY_B 0 -1.770e+05 3.042e+02 7.968e+02
s>        ( QUESTION0 -1 -1.725e+05 1.120e+02 7.773e+02
s>            ( - -7.404e+02 1 0)
s>            ( - -1.717e+05 6 0))
s>        ( - -4.180e+03 1 0))INFO: dtree.c(1315): Comp split 12
INFO: dtree.c(1439): stop. leaf nodes are specific
INFO: dtree.c(1478): Final simple tree
|( WDBNDRY_B 0 -2.298e+05 6.403e+02 1.027e+03
|    ( SILENCE -1 -2.949e+04 4.523e+02 1.299e+02
|        ( - 2.414e+02 1 0)
|        ( QUESTION13 -1 -2.928e+04 1.486e+02 1.289e+02
|            ( - -2.992e+02 1 0)
|            ( QUESTION0 -1 -2.883e+04 1.243e+02 1.269e+02
|                ( - -2.774e+04 5 0)
|                ( - -9.686e+02 1 0))))
|    ( QUESTION0 -1 -1.996e+05 1.796e+02 8.972e+02
|        ( - -1.992e+05 6 0)
|        ( - -2.705e+02 1 0)))
s>    ( WDBNDRY_B 0 -2.298e+05 6.403e+02 1.027e+03
s>        ( SILENCE -1 -2.949e+04 4.523e+02 1.299e+02
s>            ( - 2.414e+02 1 0)
s>            ( QUESTION13 -1 -2.928e+04 1.486e+02 1.289e+02
s>                ( - -2.992e+02 1 0)
s>                ( QUESTION0 -1 -2.883e+04 1.243e+02 1.269e+02
s>                    ( - -2.774e+04 5 0)
s>                    ( - -9.686e+02 1 0))))
s>        ( QUESTION0 -1 -1.996e+05 1.796e+02 8.972e+02
s>            ( - -1.992e+05 6 0)
s>            ( - -2.705e+02 1 0)))INFO: dtree.c(1315): Comp split 13
INFO: dtree.c(1478): Final simple tree
|( QUESTION0 -1 -8.889e+04 3.303e+02 4.098e+02
|    ( WDBNDRY_B 0 -5.863e+04 1.663e+02 2.710e+02
|        ( QUESTION2_0_L -1 -5.168e+04 9.567e+01 2.400e+02
|            ( - -5.105e+04 8 0)
|            ( - -5.348e+02 1 0))
|        ( - -6.785e+03 6 0))
|    ( QUESTION13 -1 -2.992e+04 1.628e+02 1.388e+02
|        ( QUESTION16 -1 -6.654e+03 1.288e+02 3.106e+01
|            ( - -2.885e+02 1 0)
|            ( QUESTION20 -1 -6.237e+03 1.224e+02 2.906e+01
|                ( - -9.555e+02 1 0)
|                ( - -5.159e+03 4 0 QUESTION14 -1 8.070e+01 2.406e+01)))
|        ( SILENCE -1 -2.311e+04 9.999e+01 1.077e+02
|            ( - -1.372e+04 1 0)
|            ( - -9.289e+03 1 0))))
s>    ( QUESTION0 -1 -8.889e+04 3.303e+02 4.098e+02
s>        ( WDBNDRY_B 0 -5.863e+04 1.663e+02 2.710e+02
s>            ( QUESTION2_0_L -1 -5.168e+04 9.567e+01 2.400e+02
s>                ( - -5.105e+04 8 0)
s>                ( - -5.348e+02 1 0))
s>            ( - -6.785e+03 6 0))
s>        ( QUESTION13 -1 -2.992e+04 1.628e+02 1.388e+02
s>            ( QUESTION16 -1 -6.654e+03 1.288e+02 3.106e+01
s>                ( - -2.885e+02 1 0)
s>                ( QUESTION20 -1 -6.237e+03 1.224e+02 2.906e+01
s>                    ( - -9.555e+02 1 0)
s>                    ( - -5.159e+03 4 0 QUESTION14 -1 8.070e+01 2.406e+01)))
s>            ( SILENCE -1 -2.311e+04 9.999e+01 1.077e+02
s>                ( - -1.372e+04 1 0)
s>                ( - -9.289e+03 1 0))))INFO: dtree.c(1315): Comp split 14
INFO: dtree.c(1439): stop. leaf nodes are specific
INFO: dtree.c(1478): Final simple tree
|( QUESTION13 -1 -2.007e+05 1.427e+02 9.022e+02
|    ( - -2.992e+02 1 0)
|    ( WDBNDRY_B 0 -2.003e+05 1.119e+02 9.002e+02
|        ( - -9.686e+02 1 0)
|        ( - -1.992e+05 6 0)))
s>    ( QUESTION13 -1 -2.007e+05 1.427e+02 9.022e+02
s>        ( - -2.992e+02 1 0)
s>        ( WDBNDRY_B 0 -2.003e+05 1.119e+02 9.002e+02
s>            ( - -9.686e+02 1 0)
s>            ( - -1.992e+05 6 0)))INFO: dtree.c(1439): stop. leaf nodes are specific
INFO: dtree.c(1478): Final simple tree
|( SILENCE -1 -2.838e+04 4.518e+02 1.249e+02
|    ( - 2.414e+02 1 0)
|    ( WDBNDRY_B 0 -2.817e+04 1.645e+02 1.239e+02
|        ( - -2.774e+04 5 0)
|        ( - -2.705e+02 1 0)))
s>    ( SILENCE -1 -2.838e+04 4.518e+02 1.249e+02
s>        ( - 2.414e+02 1 0)
s>        ( WDBNDRY_B 0 -2.817e+04 1.645e+02 1.239e+02
s>            ( - -2.774e+04 5 0)
s>            ( - -2.705e+02 1 0)))INFO: dtree.c(1315): Comp split 15
INFO: dtree.c(1439): stop. leaf nodes are specific
INFO: dtree.c(1478): Final simple tree
|( QUESTION10 1 -4.046e+04 3.573e+02 1.765e+02
|    ( QUESTION11 1 -2.860e+04 2.206e+02 1.291e+02
|        ( - -1.510e+04 3 0)
|        ( QUESTION0_2_R 1 -1.328e+04 1.808e+02 6.005e+01
|            ( - -1.020e+04 3 0)
|            ( - -2.892e+03 2 0)))
|    ( QUESTION0_15_R 1 -1.151e+04 2.450e+02 4.737e+01
|        ( - -6.019e+03 3 0)
|        ( QUESTION0_10_R 1 -5.246e+03 1.768e+02 2.209e+01
|            ( - -3.409e+02 1 0)
|            ( SILENCE 1 -4.729e+03 1.167e+02 2.009e+01
|                ( - -4.029e+03 4 0)
|                ( - -5.824e+02 1 0)))))
s>    ( QUESTION10 1 -4.046e+04 3.573e+02 1.765e+02
s>        ( QUESTION11 1 -2.860e+04 2.206e+02 1.291e+02
s>            ( - -1.510e+04 3 0)
s>            ( QUESTION0_2_R 1 -1.328e+04 1.808e+02 6.005e+01
s>                ( - -1.020e+04 3 0)
s>                ( - -2.892e+03 2 0)))
s>        ( QUESTION0_15_R 1 -1.151e+04 2.450e+02 4.737e+01
s>            ( - -6.019e+03 3 0)
s>            ( QUESTION0_10_R 1 -5.246e+03 1.768e+02 2.209e+01
s>                ( - -3.409e+02 1 0)
s>                ( SILENCE 1 -4.729e+03 1.167e+02 2.009e+01
s>                    ( - -4.029e+03 4 0)
s>                    ( - -5.824e+02 1 0)))))INFO: dtree.c(1439): stop. leaf nodes are specific
INFO: dtree.c(1478): Final simple tree
|( WDBNDRY_I 0 -3.257e+04 4.483e+02 1.440e+02
|    ( - 2.165e+02 1 0)
|    ( QUESTION0_9_R 1 -3.233e+04 2.538e+02 1.430e+02
|        ( - -1.241e+03 1 0)
|        ( WDBNDRY_B 0 -3.084e+04 2.111e+02 1.370e+02
|            ( - -3.505e+03 2 0)
|            ( - -2.712e+04 3 0))))
s>    ( WDBNDRY_I 0 -3.257e+04 4.483e+02 1.440e+02
s>        ( - 2.165e+02 1 0)
s>        ( QUESTION0_9_R 1 -3.233e+04 2.538e+02 1.430e+02
s>            ( - -1.241e+03 1 0)
s>            ( WDBNDRY_B 0 -3.084e+04 2.111e+02 1.370e+02
s>                ( - -3.505e+03 2 0)
s>                ( - -2.712e+04 3 0))))INFO: dtree.c(1315): Comp split 16
INFO: dtree.c(1439): stop. leaf nodes are specific
INFO: dtree.c(1478): Final simple tree
|( WDBNDRY_E 0 -4.897e+04 1.509e+02 2.151e+02
|    ( - -2.966e+03 3 0)
|    ( - -4.586e+04 7 0))
s>    ( WDBNDRY_E 0 -4.897e+04 1.509e+02 2.151e+02
s>        ( - -2.966e+03 3 0)
s>        ( - -4.586e+04 7 0))INFO: dtree.c(1439): stop. leaf nodes are specific
INFO: dtree.c(1478): Final simple tree
|( QUESTION1 -1 -5.223e+04 1.602e+02 2.327e+02
|    ( QUESTION14 -1 -9.761e+03 1.126e+02 4.387e+01
|        ( - -7.575e+02 1 0)
|        ( - -8.891e+03 2 0))
|    ( SILENCE -1 -4.231e+04 1.243e+02 1.889e+02
|        ( - -7.622e+02 1 0)
|        ( - -4.143e+04 9 0)))
s>    ( QUESTION1 -1 -5.223e+04 1.602e+02 2.327e+02
s>        ( QUESTION14 -1 -9.761e+03 1.126e+02 4.387e+01
s>            ( - -7.575e+02 1 0)
s>            ( - -8.891e+03 2 0))
s>        ( SILENCE -1 -4.231e+04 1.243e+02 1.889e+02
s>            ( - -7.622e+02 1 0)
s>            ( - -4.143e+04 9 0)))INFO: dtree.c(1315): Comp split 17
INFO: dtree.c(1439): stop. leaf nodes are specific
INFO: dtree.c(1478): Final simple tree
|( WDBNDRY_E 0 -7.912e+04 3.690e+02 3.615e+02
|    ( - -6.422e+03 3 0)
|    ( WDBNDRY_B 0 -7.233e+04 1.694e+02 3.325e+02
|        ( - -2.602e+02 1 0)
|        ( QUESTION0 -1 -7.190e+04 1.509e+02 3.305e+02
|            ( - -7.080e+04 6 0)
|            ( - -9.468e+02 1 0))))
s>    ( WDBNDRY_E 0 -7.912e+04 3.690e+02 3.615e+02
s>        ( - -6.422e+03 3 0)
s>        ( WDBNDRY_B 0 -7.233e+04 1.694e+02 3.325e+02
s>            ( - -2.602e+02 1 0)
s>            ( QUESTION0 -1 -7.190e+04 1.509e+02 3.305e+02
s>                ( - -7.080e+04 6 0)
s>                ( - -9.468e+02 1 0))))INFO: dtree.c(1315): Comp split 18
INFO: dtree.c(1439): stop. leaf nodes are specific
INFO: dtree.c(1478): Final simple tree
|( QUESTION0 -1 -6.990e+04 4.505e+02 3.266e+02
|    ( WDBNDRY_B 0 -6.967e+04 1.579e+02 3.256e+02
|        ( - -2.604e+03 5 0)
|        ( - -6.691e+04 5 0))
|    ( - 2.167e+02 1 0))
s>    ( QUESTION0 -1 -6.990e+04 4.505e+02 3.266e+02
s>        ( WDBNDRY_B 0 -6.967e+04 1.579e+02 3.256e+02
s>            ( - -2.604e+03 5 0)
s>            ( - -6.691e+04 5 0))
s>        ( - 2.167e+02 1 0))INFO: dtree.c(1315): Comp split 19
INFO: dtree.c(1439): stop. leaf nodes are specific
INFO: dtree.c(1478): Final simple tree
|( WDBNDRY_B 0 -2.817e+04 1.645e+02 1.239e+02
|    ( - -2.774e+04 5 0)
|    ( - -2.705e+02 1 0))
s>    ( WDBNDRY_B 0 -2.817e+04 1.645e+02 1.239e+02
s>        ( - -2.774e+04 5 0)
s>        ( - -2.705e+02 1 0))INFO: dtree.c(1315): Comp split 20
INFO: dtree.c(1439): stop. leaf nodes are specific
INFO: dtree.c(1478): Final simple tree
|( WDBNDRY_B 0 -6.967e+04 1.579e+02 3.256e+02
|    ( - -2.604e+03 5 0)
|    ( - -6.691e+04 5 0))
s>    ( WDBNDRY_B 0 -6.967e+04 1.579e+02 3.256e+02
s>        ( - -2.604e+03 5 0)
s>        ( - -6.691e+04 5 0))INFO: dtree.c(1315): Comp split 21
INFO: dtree.c(1439): stop. leaf nodes are specific
INFO: dtree.c(1478): Final simple tree
|( QUESTION0_9_R 1 -3.233e+04 2.538e+02 1.430e+02
|    ( - -1.241e+03 1 0)
|    ( WDBNDRY_B 0 -3.084e+04 2.111e+02 1.370e+02
|        ( - -3.505e+03 2 0)
|        ( - -2.712e+04 3 0)))
s>    ( QUESTION0_9_R 1 -3.233e+04 2.538e+02 1.430e+02
s>        ( - -1.241e+03 1 0)
s>        ( WDBNDRY_B 0 -3.084e+04 2.111e+02 1.370e+02
s>            ( - -3.505e+03 2 0)
s>            ( - -2.712e+04 3 0)))INFO: dtree.c(1315): Comp split 22
INFO: dtree.c(1315): Comp split 23
INFO: dtree.c(1439): stop. leaf nodes are specific
INFO: dtree.c(1478): Final simple tree
|( QUESTION13 -1 -2.420e+04 1.349e+02 1.127e+02
|    ( - -9.555e+02 1 0)
|    ( SILENCE -1 -2.311e+04 9.999e+01 1.077e+02
|        ( - -1.372e+04 1 0)
|        ( - -9.289e+03 1 0)))
s>    ( QUESTION13 -1 -2.420e+04 1.349e+02 1.127e+02
s>        ( - -9.555e+02 1 0)
s>        ( SILENCE -1 -2.311e+04 9.999e+01 1.077e+02
s>            ( - -1.372e+04 1 0)
s>            ( - -9.289e+03 1 0)))INFO: dtree.c(1439): stop. leaf nodes are specific
INFO: dtree.c(1478): Final simple tree
|( WDBNDRY_B 0 -6.430e+04 1.602e+02 2.971e+02
|    ( QUESTION16 -1 -5.735e+04 1.368e+02 2.661e+02
|        ( - -2.885e+02 1 0)
|        ( QUESTION15 -1 -5.693e+04 1.095e+02 2.641e+02
|            ( - -1.863e+03 1 0)
|            ( QUESTION2_3_L -1 -5.496e+04 9.585e+01 2.550e+02
|                ( - -5.348e+02 1 0)
|                ( QUESTION0 -1 -5.432e+04 5.829e+01 2.520e+02
|                    ( - -5.105e+04 8 0)
|                    ( - -3.215e+03 3 0)))))
|    ( - -6.785e+03 6 0))
s>    ( WDBNDRY_B 0 -6.430e+04 1.602e+02 2.971e+02
s>        ( QUESTION16 -1 -5.735e+04 1.368e+02 2.661e+02
s>            ( - -2.885e+02 1 0)
s>            ( QUESTION15 -1 -5.693e+04 1.095e+02 2.641e+02
s>                ( - -1.863e+03 1 0)
s>                ( QUESTION2_3_L -1 -5.496e+04 9.585e+01 2.550e+02
s>                    ( - -5.348e+02 1 0)
s>                    ( QUESTION0 -1 -5.432e+04 5.829e+01 2.520e+02
s>                        ( - -5.105e+04 8 0)
s>                        ( - -3.215e+03 3 0)))))
s>        ( - -6.785e+03 6 0))INFO: dtree.c(1315): Comp split 24
INFO: dtree.c(1439): stop. leaf nodes are specific
INFO: dtree.c(1478): Final simple tree
|( QUESTION10 -1 -4.672e+04 1.923e+02 2.148e+02
|    ( QUESTION11 -1 -1.129e+04 8.093e+01 5.383e+01
|        ( - -9.727e+02 1 0)
|        ( - -1.023e+04 1 0))
|    ( QUESTION16 -1 -3.524e+04 1.310e+02 1.610e+02
|        ( - -7.899e+03 1 0)
|        ( QUESTION19 -1 -2.721e+04 1.103e+02 1.247e+02
|            ( - -1.214e+04 2 0)
|            ( QUESTION6 -1 -1.495e+04 9.598e+01 7.014e+01
|                ( - -1.622e+03 2 0)
|                ( QUESTION2 -1 -1.324e+04 9.228e+01 6.214e+01
|                    ( - -9.470e+02 2 0)
|                    ( - -1.220e+04 4 0))))))
s>    ( QUESTION10 -1 -4.672e+04 1.923e+02 2.148e+02
s>        ( QUESTION11 -1 -1.129e+04 8.093e+01 5.383e+01
s>            ( - -9.727e+02 1 0)
s>            ( - -1.023e+04 1 0))
s>        ( QUESTION16 -1 -3.524e+04 1.310e+02 1.610e+02
s>            ( - -7.899e+03 1 0)
s>            ( QUESTION19 -1 -2.721e+04 1.103e+02 1.247e+02
s>                ( - -1.214e+04 2 0)
s>                ( QUESTION6 -1 -1.495e+04 9.598e+01 7.014e+01
s>                    ( - -1.622e+03 2 0)
s>                    ( QUESTION2 -1 -1.324e+04 9.228e+01 6.214e+01
s>                        ( - -9.470e+02 2 0)
s>                        ( - -1.220e+04 4 0))))))INFO: dtree.c(1315): Comp split 25
INFO: dtree.c(1439): stop. leaf nodes are specific
INFO: dtree.c(1478): Final simple tree
|( WDBNDRY_B 0 -7.233e+04 1.694e+02 3.325e+02
|    ( - -2.602e+02 1 0)
|    ( QUESTION0 -1 -7.190e+04 1.509e+02 3.305e+02
|        ( - -7.080e+04 6 0)
|        ( - -9.468e+02 1 0)))
s>    ( WDBNDRY_B 0 -7.233e+04 1.694e+02 3.325e+02
s>        ( - -2.602e+02 1 0)
s>        ( QUESTION0 -1 -7.190e+04 1.509e+02 3.305e+02
s>            ( - -7.080e+04 6 0)
s>            ( - -9.468e+02 1 0)))INFO: dtree.c(1315): Comp split 26
INFO: dtree.c(1439): stop. leaf nodes are specific
INFO: dtree.c(1478): Final simple tree
|( QUESTION0_15_R 1 -1.151e+04 2.450e+02 4.737e+01
|    ( - -6.019e+03 3 0)
|    ( QUESTION0_10_R 1 -5.246e+03 1.768e+02 2.209e+01
|        ( - -3.409e+02 1 0)
|        ( SILENCE 1 -4.729e+03 1.167e+02 2.009e+01
|            ( - -4.029e+03 4 0)
|            ( - -5.824e+02 1 0))))
s>    ( QUESTION0_15_R 1 -1.151e+04 2.450e+02 4.737e+01
s>        ( - -6.019e+03 3 0)
s>        ( QUESTION0_10_R 1 -5.246e+03 1.768e+02 2.209e+01
s>            ( - -3.409e+02 1 0)
s>            ( SILENCE 1 -4.729e+03 1.167e+02 2.009e+01
s>                ( - -4.029e+03 4 0)
s>                ( - -5.824e+02 1 0))))INFO: dtree.c(1439): stop. leaf nodes are specific
INFO: dtree.c(1478): Final simple tree
|( QUESTION11 1 -2.860e+04 2.206e+02 1.291e+02
|    ( - -1.510e+04 3 0)
|    ( QUESTION0_2_R 1 -1.328e+04 1.808e+02 6.005e+01
|        ( - -1.020e+04 3 0)
|        ( - -2.892e+03 2 0)))
s>    ( QUESTION11 1 -2.860e+04 2.206e+02 1.291e+02
s>        ( - -1.510e+04 3 0)
s>        ( QUESTION0_2_R 1 -1.328e+04 1.808e+02 6.005e+01
s>            ( - -1.020e+04 3 0)
s>            ( - -2.892e+03 2 0)))INFO: dtree.c(1315): Comp split 27
INFO: dtree.c(1439): stop. leaf nodes are specific
INFO: dtree.c(1478): Final simple tree
|( QUESTION0 -1 -1.725e+05 1.120e+02 7.773e+02
|    ( - -7.404e+02 1 0)
|    ( - -1.717e+05 6 0))
s>    ( QUESTION0 -1 -1.725e+05 1.120e+02 7.773e+02
s>        ( - -7.404e+02 1 0)
s>        ( - -1.717e+05 6 0))INFO: dtree.c(1315): Comp split 28
INFO: dtree.c(1439): stop. leaf nodes are specific
INFO: dtree.c(1478): Final simple tree
|( WDBNDRY_B 0 -3.084e+04 2.111e+02 1.370e+02
|    ( - -3.505e+03 2 0)
|    ( - -2.712e+04 3 0))
s>    ( WDBNDRY_B 0 -3.084e+04 2.111e+02 1.370e+02
s>        ( - -3.505e+03 2 0)
s>        ( - -2.712e+04 3 0))INFO: dtree.c(1315): Comp split 29
INFO: dtree.c(1439): stop. leaf nodes are specific
INFO: dtree.c(1478): Final simple tree
|( QUESTION0_10_R 1 -5.246e+03 1.768e+02 2.209e+01
|    ( - -3.409e+02 1 0)
|    ( SILENCE 1 -4.729e+03 1.167e+02 2.009e+01
|        ( - -4.029e+03 4 0)
|        ( - -5.824e+02 1 0)))
s>    ( QUESTION0_10_R 1 -5.246e+03 1.768e+02 2.209e+01
s>        ( - -3.409e+02 1 0)
s>        ( SILENCE 1 -4.729e+03 1.167e+02 2.009e+01
s>            ( - -4.029e+03 4 0)
s>            ( - -5.824e+02 1 0)))INFO: dtree.c(1315): Comp split 30
INFO: dtree.c(1439): stop. leaf nodes are specific
INFO: dtree.c(1478): Final simple tree
|( QUESTION15 -1 -1.280e+06 2.051e+02 5.722e+03
|    ( - -4.399e+03 3 0)
|    ( QUESTION0 -1 -1.275e+06 1.301e+02 5.701e+03
|        ( - -1.248e+06 24 0)
|        ( - -2.660e+04 8 0)))
s>    ( QUESTION15 -1 -1.280e+06 2.051e+02 5.722e+03
s>        ( - -4.399e+03 3 0)
s>        ( QUESTION0 -1 -1.275e+06 1.301e+02 5.701e+03
s>            ( - -1.248e+06 24 0)
s>            ( - -2.660e+04 8 0)))INFO: dtree.c(1315): Comp split 31
INFO: dtree.c(1439): stop. leaf nodes are specific
INFO: dtree.c(1478): Final simple tree
|( QUESTION0_2_R 1 -1.328e+04 1.808e+02 6.005e+01
|    ( - -1.020e+04 3 0)
|    ( - -2.892e+03 2 0))
s>    ( QUESTION0_2_R 1 -1.328e+04 1.808e+02 6.005e+01
s>        ( - -1.020e+04 3 0)
s>        ( - -2.892e+03 2 0))INFO: dtree.c(1315): Comp split 32
INFO: dtree.c(1315): Comp split 33
INFO: dtree.c(1315): Comp split 34
INFO: dtree.c(1439): stop. leaf nodes are specific
INFO: dtree.c(1478): Final simple tree
|( QUESTION0 -1 -1.275e+06 1.301e+02 5.701e+03
|    ( - -1.248e+06 24 0)
|    ( - -2.660e+04 8 0))
s>    ( QUESTION0 -1 -1.275e+06 1.301e+02 5.701e+03
s>        ( - -1.248e+06 24 0)
s>        ( - -2.660e+04 8 0))INFO: dtree.c(1315): Comp split 35
INFO: dtree.c(1315): Comp split 36
INFO: dtree.c(1439): stop. leaf nodes are specific
INFO: dtree.c(1478): Final simple tree
|( QUESTION19 -1 -2.721e+04 1.103e+02 1.247e+02
|    ( - -1.214e+04 2 0)
|    ( QUESTION6 -1 -1.495e+04 9.598e+01 7.014e+01
|        ( - -1.622e+03 2 0)
|        ( QUESTION2 -1 -1.324e+04 9.228e+01 6.214e+01
|            ( - -9.470e+02 2 0)
|            ( - -1.220e+04 4 0))))
s>    ( QUESTION19 -1 -2.721e+04 1.103e+02 1.247e+02
s>        ( - -1.214e+04 2 0)
s>        ( QUESTION6 -1 -1.495e+04 9.598e+01 7.014e+01
s>            ( - -1.622e+03 2 0)
s>            ( QUESTION2 -1 -1.324e+04 9.228e+01 6.214e+01
s>                ( - -9.470e+02 2 0)
s>                ( - -1.220e+04 4 0))))INFO: dtree.c(1439): stop. leaf nodes are specific
INFO: dtree.c(1478): Final simple tree
|( QUESTION2 -1 -1.932e+04 1.300e+02 9.009e+01
|    ( QUESTION11 -1 -1.129e+04 8.093e+01 5.383e+01
|        ( - -9.727e+02 1 0)
|        ( - -1.023e+04 1 0))
|    ( - -7.899e+03 1 0))
s>    ( QUESTION2 -1 -1.932e+04 1.300e+02 9.009e+01
s>        ( QUESTION11 -1 -1.129e+04 8.093e+01 5.383e+01
s>            ( - -9.727e+02 1 0)
s>            ( - -1.023e+04 1 0))
s>        ( - -7.899e+03 1 0))INFO: dtree.c(1315): Comp split 37
INFO: dtree.c(1315): Comp split 38
INFO: dtree.c(1439): stop. leaf nodes are specific
INFO: dtree.c(1478): Final simple tree
|( SILENCE 1 -4.729e+03 1.167e+02 2.009e+01
|    ( - -4.029e+03 4 0)
|    ( - -5.824e+02 1 0))
s>    ( SILENCE 1 -4.729e+03 1.167e+02 2.009e+01
s>        ( - -4.029e+03 4 0)
s>        ( - -5.824e+02 1 0))INFO: dtree.c(1315): Comp split 39
INFO: dtree.c(1439): stop. leaf nodes are specific
INFO: dtree.c(1478): Final simple tree
|( WDBNDRY_B 0 -8.746e+03 9.806e+01 4.006e+01
|    ( - -1.863e+03 1 0)
|    ( - -6.785e+03 6 0))
s>    ( WDBNDRY_B 0 -8.746e+03 9.806e+01 4.006e+01
s>        ( - -1.863e+03 1 0)
s>        ( - -6.785e+03 6 0))INFO: dtree.c(1439): stop. leaf nodes are specific
INFO: dtree.c(1478): Final simple tree
|( QUESTION15 -1 -5.538e+04 1.371e+02 2.570e+02
|    ( - -2.885e+02 1 0)
|    ( QUESTION2_3_L -1 -5.496e+04 9.585e+01 2.550e+02
|        ( - -5.348e+02 1 0)
|        ( QUESTION0 -1 -5.432e+04 5.829e+01 2.520e+02
|            ( - -5.105e+04 8 0)
|            ( - -3.215e+03 3 0))))
s>    ( QUESTION15 -1 -5.538e+04 1.371e+02 2.570e+02
s>        ( - -2.885e+02 1 0)
s>        ( QUESTION2_3_L -1 -5.496e+04 9.585e+01 2.550e+02
s>            ( - -5.348e+02 1 0)
s>            ( QUESTION0 -1 -5.432e+04 5.829e+01 2.520e+02
s>                ( - -5.105e+04 8 0)
s>                ( - -3.215e+03 3 0))))INFO: dtree.c(1315): Comp split 40
INFO: dtree.c(1439): stop. leaf nodes are specific
INFO: dtree.c(1478): Final simple tree
|( QUESTION0 -1 -7.190e+04 1.509e+02 3.305e+02
|    ( - -7.080e+04 6 0)
|    ( - -9.468e+02 1 0))
s>    ( QUESTION0 -1 -7.190e+04 1.509e+02 3.305e+02
s>        ( - -7.080e+04 6 0)
s>        ( - -9.468e+02 1 0))INFO: dtree.c(1315): Comp split 41
INFO: dtree.c(1315): Comp split 42
INFO: dtree.c(1439): stop. leaf nodes are specific
INFO: dtree.c(1478): Final simple tree
|( SILENCE -1 -4.231e+04 1.243e+02 1.889e+02
|    ( - -7.622e+02 1 0)
|    ( - -4.143e+04 9 0))
s>    ( SILENCE -1 -4.231e+04 1.243e+02 1.889e+02
s>        ( - -7.622e+02 1 0)
s>        ( - -4.143e+04 9 0))INFO: dtree.c(1439): stop. leaf nodes are specific
INFO: dtree.c(1478): Final simple tree
|( QUESTION14 -1 -9.761e+03 1.126e+02 4.387e+01
|    ( - -7.575e+02 1 0)
|    ( - -8.891e+03 2 0))
s>    ( QUESTION14 -1 -9.761e+03 1.126e+02 4.387e+01
s>        ( - -7.575e+02 1 0)
s>        ( - -8.891e+03 2 0))INFO: dtree.c(1315): Comp split 43
INFO: dtree.c(1315): Comp split 44
INFO: dtree.c(1315): Comp split 45
INFO: dtree.c(1315): Comp split 46
INFO: dtree.c(1439): stop. leaf nodes are specific
INFO: dtree.c(1478): Final simple tree
|( WDBNDRY_B 0 -2.003e+05 1.119e+02 9.002e+02
|    ( - -9.686e+02 1 0)
|    ( - -1.992e+05 6 0))
s>    ( WDBNDRY_B 0 -2.003e+05 1.119e+02 9.002e+02
s>        ( - -9.686e+02 1 0)
s>        ( - -1.992e+05 6 0))INFO: dtree.c(1315): Comp split 47
INFO: dtree.c(1439): stop. leaf nodes are specific
INFO: dtree.c(1478): Final simple tree
|( QUESTION2_3_L -1 -5.496e+04 9.585e+01 2.550e+02
|    ( - -5.348e+02 1 0)
|    ( QUESTION0 -1 -5.432e+04 5.829e+01 2.520e+02
|        ( - -5.105e+04 8 0)
|        ( - -3.215e+03 3 0)))
s>    ( QUESTION2_3_L -1 -5.496e+04 9.585e+01 2.550e+02
s>        ( - -5.348e+02 1 0)
s>        ( QUESTION0 -1 -5.432e+04 5.829e+01 2.520e+02
s>            ( - -5.105e+04 8 0)
s>            ( - -3.215e+03 3 0)))INFO: dtree.c(1315): Comp split 48
INFO: dtree.c(1315): Comp split 49
INFO: dtree.c(1439): stop. leaf nodes are specific
INFO: dtree.c(1478): Final simple tree
|( SILENCE -1 -2.311e+04 9.999e+01 1.077e+02
|    ( - -1.372e+04 1 0)
|    ( - -9.289e+03 1 0))
s>    ( SILENCE -1 -2.311e+04 9.999e+01 1.077e+02
s>        ( - -1.372e+04 1 0)
s>        ( - -9.289e+03 1 0))INFO: dtree.c(1315): Comp split 50
INFO: dtree.c(1315): Comp split 51
INFO: dtree.c(1439): stop. leaf nodes are specific
INFO: dtree.c(1478): Final simple tree
|( QUESTION11 -1 -1.129e+04 8.093e+01 5.383e+01
|    ( - -9.727e+02 1 0)
|    ( - -1.023e+04 1 0))
s>    ( QUESTION11 -1 -1.129e+04 8.093e+01 5.383e+01
s>        ( - -9.727e+02 1 0)
s>        ( - -1.023e+04 1 0))INFO: dtree.c(1315): Comp split 52
INFO: dtree.c(1315): Comp split 53
INFO: dtree.c(1315): Comp split 54
INFO: dtree.c(1315): Comp split 55
INFO: dtree.c(1315): Comp split 56
INFO: dtree.c(1315): Comp split 57
INFO: dtree.c(1439): stop. leaf nodes are specific
INFO: dtree.c(1478): Final simple tree
|( QUESTION2 -1 -1.324e+04 9.228e+01 6.214e+01
|    ( - -9.470e+02 2 0)
|    ( - -1.220e+04 4 0))
s>    ( QUESTION2 -1 -1.324e+04 9.228e+01 6.214e+01
s>        ( - -9.470e+02 2 0)
s>        ( - -1.220e+04 4 0))INFO: dtree.c(1439): stop. leaf nodes are specific
INFO: dtree.c(1478): Final simple tree
|( QUESTION2 -1 -1.386e+04 9.499e+01 6.259e+01
|    ( - -1.622e+03 2 0)
|    ( - -1.214e+04 2 0))
s>    ( QUESTION2 -1 -1.386e+04 9.499e+01 6.259e+01
s>        ( - -1.622e+03 2 0)
s>        ( - -1.214e+04 2 0))INFO: dtree.c(1315): Comp split 58
INFO: dtree.c(1315): Comp split 59
INFO: dtree.c(1315): Comp split 60
INFO: dtree.c(1439): stop. leaf nodes are specific
INFO: dtree.c(1478): Final simple tree
|( QUESTION0 -1 -5.432e+04 5.829e+01 2.520e+02
|    ( - -5.105e+04 8 0)
|    ( - -3.215e+03 3 0))
s>    ( QUESTION0 -1 -5.432e+04 5.829e+01 2.520e+02
s>        ( - -5.105e+04 8 0)
s>        ( - -3.215e+03 3 0))INFO: dtree.c(1315): Comp split 61
INFO: dtree.c(1315): Comp split 62
INFO: dtree.c(1315): Comp split 63
INFO: dtree.c(1315): Comp split 64
INFO: dtree.c(1315): Comp split 65
INFO: dtree.c(1318): stop. leaf nodes are specific
Fri Mar 31 16:00:20 2023
