Current configuration:
[NAME]		[DEFLT]	[VALUE]
-allphones	no	no
-cntthresh	0.00001	1.000000e-05
-csplitmax	100	2000
-csplitmin	1	1
-csplitthr	8e-4	0.000000e+00
-example	no	no
-fullvar	no	no
-help		no	no
-meanfn			/home/lucija/Documents/Zadnji semestar/ROGJ/Prezentacije/CMUspinx/tutorial12/model_parameters/my_db.cd_cont_untied/means
-mixwfn			/home/lucija/Documents/Zadnji semestar/ROGJ/Prezentacije/CMUspinx/tutorial12/model_parameters/my_db.cd_cont_untied/mixture_weights
-moddeffn		/home/lucija/Documents/Zadnji semestar/ROGJ/Prezentacije/CMUspinx/tutorial12/model_architecture/my_db.untied.mdef
-mwfloor	1e-4	1.000000e-08
-phone			n
-psetfn			/home/lucija/Documents/Zadnji semestar/ROGJ/Prezentacije/CMUspinx/tutorial12/model_architecture/my_db.tree_questions
-ssplitmax	5	7
-ssplitmin	1	1
-ssplitthr	8e-4	0.000000e+00
-state			1
-stwt			1.0,0.05,0.0,
-treefn			/home/lucija/Documents/Zadnji semestar/ROGJ/Prezentacije/CMUspinx/tutorial12/trees/my_db.unpruned/n-1.dtree
-ts2cbfn	.semi.	.cont.
-varfloor	0.00001	1.000000e-05
-varfn			/home/lucija/Documents/Zadnji semestar/ROGJ/Prezentacije/CMUspinx/tutorial12/model_parameters/my_db.cd_cont_untied/variances

INFO: main.c(223): Reading: /home/lucija/Documents/Zadnji semestar/ROGJ/Prezentacije/CMUspinx/tutorial12/model_architecture/my_db.untied.mdef
INFO: model_def_io.c(573): Model definition info:
INFO: model_def_io.c(574): 10394 total models defined (32 base, 10362 tri)
INFO: model_def_io.c(575): 41576 total states
INFO: model_def_io.c(576): 31182 total tied states
INFO: model_def_io.c(577): 96 total tied CI states
INFO: model_def_io.c(578): 32 total tied transition matrices
INFO: model_def_io.c(579): 4 max state/model
INFO: model_def_io.c(580): 4 min state/model
INFO: main.c(242): Building trees for [n NOISE a b] through [n ž u i]
INFO: main.c(268): Covering states |[16881 17915]| == 1035
INFO: main.c(275): Reading: /home/lucija/Documents/Zadnji semestar/ROGJ/Prezentacije/CMUspinx/tutorial12/model_parameters/my_db.cd_cont_untied/mixture_weights
INFO: s3mixw_io.c(172): Read /home/lucija/Documents/Zadnji semestar/ROGJ/Prezentacije/CMUspinx/tutorial12/model_parameters/my_db.cd_cont_untied/mixture_weights [1035x1x1 array]
INFO: main.c(311): 343 of 345 models have observation count greater than 0.000010
INFO: main.c(95): nrm stwt: 0.045 0.909 0.045 
INFO: s3gau_io.c(168): Read /home/lucija/Documents/Zadnji semestar/ROGJ/Prezentacije/CMUspinx/tutorial12/model_parameters/my_db.cd_cont_untied/means [31182x1x1 array]
INFO: s3gau_io.c(168): Read /home/lucija/Documents/Zadnji semestar/ROGJ/Prezentacije/CMUspinx/tutorial12/model_parameters/my_db.cd_cont_untied/variances [31182x1x1 array]
INFO: main.c(549): Reading: /home/lucija/Documents/Zadnji semestar/ROGJ/Prezentacije/CMUspinx/tutorial12/model_architecture/my_db.tree_questions
INFO: main.c(587): 180 total simple questions (172 phone; 8 word bndry)
INFO: main.c(589): 42 Left Only questions, and 42 Right Only questions
INFO: dtree.c(1478): Final simple tree
|( QUESTION0_0_R 1 -1.060e+07 6.447e+04 4.726e+04
|    ( QUESTION0 -1 -9.198e+06 2.976e+04 4.132e+04
|        ( WDBNDRY_B 0 -5.377e+06 6.912e+03 2.442e+04
|            ( - -1.494e+06 29 0 QUESTION2_0_L -1 2.297e+02 6.808e+03)
|            ( - -3.876e+06 62 0 WDBNDRY_E 0 3.463e+03 1.761e+04))
|        ( QUESTION13 -1 -3.791e+06 1.501e+04 1.690e+04
|            ( - -2.384e+06 82 0 QUESTION14 -1 5.133e+03 1.073e+04)
|            ( QUESTION4 -1 -1.392e+06 1.154e+04 6.174e+03
|                ( - -7.955e+05 44 0 QUESTION5 -1 2.933e+03 3.535e+03)
|                ( - -5.848e+05 8 0 SILENCE -1 1.064e+03 2.639e+03))))
|    ( QUESTION0_2_R 1 -1.338e+06 1.108e+04 5.935e+03
|        ( - -4.959e+05 32 0 WDBNDRY_E 0 4.145e+03 2.203e+03)
|        ( QUESTION4 1 -8.306e+05 6.487e+03 3.732e+03
|            ( - -2.037e+05 13 0 WDBNDRY_E 0 1.676e+03 8.971e+02)
|            ( - -6.204e+05 73 0 QUESTION15 1 3.440e+03 2.835e+03))))
s>    ( QUESTION0_0_R 1 -1.060e+07 6.447e+04 4.726e+04
s>        ( QUESTION0 -1 -9.198e+06 2.976e+04 4.132e+04
s>            ( WDBNDRY_B 0 -5.377e+06 6.912e+03 2.442e+04
s>                ( - -1.494e+06 29 0 QUESTION2_0_L -1 2.297e+02 6.808e+03)
s>                ( - -3.876e+06 62 0 WDBNDRY_E 0 3.463e+03 1.761e+04))
s>            ( QUESTION13 -1 -3.791e+06 1.501e+04 1.690e+04
s>                ( - -2.384e+06 82 0 QUESTION14 -1 5.133e+03 1.073e+04)
s>                ( QUESTION4 -1 -1.392e+06 1.154e+04 6.174e+03
s>                    ( - -7.955e+05 44 0 QUESTION5 -1 2.933e+03 3.535e+03)
s>                    ( - -5.848e+05 8 0 SILENCE -1 1.064e+03 2.639e+03))))
s>        ( QUESTION0_2_R 1 -1.338e+06 1.108e+04 5.935e+03
s>            ( - -4.959e+05 32 0 WDBNDRY_E 0 4.145e+03 2.203e+03)
s>            ( QUESTION4 1 -8.306e+05 6.487e+03 3.732e+03
s>                ( - -2.037e+05 13 0 WDBNDRY_E 0 1.676e+03 8.971e+02)
s>                ( - -6.204e+05 73 0 QUESTION15 1 3.440e+03 2.835e+03))))INFO: dtree.c(1315): Comp split 0
INFO: dtree.c(1478): Final simple tree
|( QUESTION0 -1 -9.198e+06 2.976e+04 4.132e+04
|    ( WDBNDRY_B 0 -5.377e+06 6.912e+03 2.442e+04
|        ( - -1.494e+06 29 0 QUESTION2_0_L -1 2.297e+02 6.808e+03)
|        ( - -3.876e+06 62 0 WDBNDRY_E 0 3.463e+03 1.761e+04))
|    ( QUESTION13 -1 -3.791e+06 1.501e+04 1.690e+04
|        ( QUESTION14 -1 -2.384e+06 5.133e+03 1.073e+04
|            ( - -1.023e+06 35 0 WDBNDRY_B 0 1.120e+03 4.688e+03)
|            ( QUESTION17 -1 -1.356e+06 6.736e+03 6.040e+03
|                ( - -4.222e+05 11 0 WDBNDRY_B 0 3.274e+03 1.918e+03)
|                ( QUESTION16 -1 -9.275e+05 4.260e+03 4.122e+03
|                    ( - -5.877e+05 9 0 WDBNDRY_B 0 4.157e+02 2.623e+03)
|                    ( - -3.356e+05 27 0 WDBNDRY_B 0 1.219e+03 1.499e+03))))
|        ( QUESTION4 -1 -1.392e+06 1.154e+04 6.174e+03
|            ( - -7.955e+05 44 0 QUESTION5 -1 2.933e+03 3.535e+03)
|            ( - -5.848e+05 8 0 SILENCE -1 1.064e+03 2.639e+03))))
s>    ( QUESTION0 -1 -9.198e+06 2.976e+04 4.132e+04
s>        ( WDBNDRY_B 0 -5.377e+06 6.912e+03 2.442e+04
s>            ( - -1.494e+06 29 0 QUESTION2_0_L -1 2.297e+02 6.808e+03)
s>            ( - -3.876e+06 62 0 WDBNDRY_E 0 3.463e+03 1.761e+04))
s>        ( QUESTION13 -1 -3.791e+06 1.501e+04 1.690e+04
s>            ( QUESTION14 -1 -2.384e+06 5.133e+03 1.073e+04
s>                ( - -1.023e+06 35 0 WDBNDRY_B 0 1.120e+03 4.688e+03)
s>                ( QUESTION17 -1 -1.356e+06 6.736e+03 6.040e+03
s>                    ( - -4.222e+05 11 0 WDBNDRY_B 0 3.274e+03 1.918e+03)
s>                    ( QUESTION16 -1 -9.275e+05 4.260e+03 4.122e+03
s>                        ( - -5.877e+05 9 0 WDBNDRY_B 0 4.157e+02 2.623e+03)
s>                        ( - -3.356e+05 27 0 WDBNDRY_B 0 1.219e+03 1.499e+03))))
s>            ( QUESTION4 -1 -1.392e+06 1.154e+04 6.174e+03
s>                ( - -7.955e+05 44 0 QUESTION5 -1 2.933e+03 3.535e+03)
s>                ( - -5.848e+05 8 0 SILENCE -1 1.064e+03 2.639e+03))))INFO: dtree.c(1478): Final simple tree
|( QUESTION0_2_R 1 -1.338e+06 1.108e+04 5.935e+03
|    ( WDBNDRY_E 0 -4.959e+05 4.145e+03 2.203e+03
|        ( - -1.780e+05 13 0 QUESTION12 1 8.603e+02 7.864e+02)
|        ( QUESTION0_3_R 1 -3.137e+05 1.866e+03 1.416e+03
|            ( - -2.665e+05 9 0 QUESTION11 1 1.946e+02 1.208e+03)
|            ( - -4.529e+04 10 0 QUESTION0_5_R 1 2.978e+02 2.082e+02)))
|    ( QUESTION4 1 -8.306e+05 6.487e+03 3.732e+03
|        ( - -2.037e+05 13 0 WDBNDRY_E 0 1.676e+03 8.971e+02)
|        ( QUESTION15 1 -6.204e+05 3.440e+03 2.835e+03
|            ( QUESTION0_9_R 1 -4.038e+05 2.082e+03 1.866e+03
|                ( - -2.545e+05 24 0 WDBNDRY_E 0 6.854e+02 1.169e+03)
|                ( - -1.472e+05 22 0 WDBNDRY_E 0 6.179e+02 6.971e+02))
|            ( QUESTION0_19_R 1 -2.132e+05 1.896e+03 9.686e+02
|                ( - -3.874e+04 2 0 WDBNDRY_E 0 1.127e+02 1.825e+02)
|                ( - -1.726e+05 25 0 QUESTION0_15_R 1 1.003e+03 7.861e+02)))))
s>    ( QUESTION0_2_R 1 -1.338e+06 1.108e+04 5.935e+03
s>        ( WDBNDRY_E 0 -4.959e+05 4.145e+03 2.203e+03
s>            ( - -1.780e+05 13 0 QUESTION12 1 8.603e+02 7.864e+02)
s>            ( QUESTION0_3_R 1 -3.137e+05 1.866e+03 1.416e+03
s>                ( - -2.665e+05 9 0 QUESTION11 1 1.946e+02 1.208e+03)
s>                ( - -4.529e+04 10 0 QUESTION0_5_R 1 2.978e+02 2.082e+02)))
s>        ( QUESTION4 1 -8.306e+05 6.487e+03 3.732e+03
s>            ( - -2.037e+05 13 0 WDBNDRY_E 0 1.676e+03 8.971e+02)
s>            ( QUESTION15 1 -6.204e+05 3.440e+03 2.835e+03
s>                ( QUESTION0_9_R 1 -4.038e+05 2.082e+03 1.866e+03
s>                    ( - -2.545e+05 24 0 WDBNDRY_E 0 6.854e+02 1.169e+03)
s>                    ( - -1.472e+05 22 0 WDBNDRY_E 0 6.179e+02 6.971e+02))
s>                ( QUESTION0_19_R 1 -2.132e+05 1.896e+03 9.686e+02
s>                    ( - -3.874e+04 2 0 WDBNDRY_E 0 1.127e+02 1.825e+02)
s>                    ( - -1.726e+05 25 0 QUESTION0_15_R 1 1.003e+03 7.861e+02)))))INFO: dtree.c(1315): Comp split 1
INFO: dtree.c(1478): Final simple tree
|( WDBNDRY_B 0 -2.326e+06 1.106e+04 1.030e+04
|    ( QUESTION2_1_L -1 -7.558e+05 1.761e+03 3.403e+03
|        ( - -1.692e+05 32 0 QUESTION16 -1 4.195e+02 7.637e+02)
|        ( SILENCE -1 -5.848e+05 1.064e+03 2.639e+03
|            ( - -4.128e+05 4 0)
|            ( - -1.710e+05 4 0)))
|    ( QUESTION16 -1 -1.559e+06 8.893e+03 6.893e+03
|        ( - -5.672e+05 5 0)
|        ( QUESTION5 -1 -9.832e+05 3.469e+03 4.362e+03
|            ( QUESTION6 -1 -5.115e+05 1.330e+03 2.285e+03
|                ( - -1.928e+05 9 0)
|                ( - -3.174e+05 9 0 QUESTION8 -1 4.152e+02 1.416e+03))
|            ( QUESTION11 -1 -4.682e+05 1.886e+03 2.077e+03
|                ( - -1.869e+05 5 0)
|                ( - -2.794e+05 20 0 QUESTION2 -1 9.705e+02 1.245e+03)))))
s>    ( WDBNDRY_B 0 -2.326e+06 1.106e+04 1.030e+04
s>        ( QUESTION2_1_L -1 -7.558e+05 1.761e+03 3.403e+03
s>            ( - -1.692e+05 32 0 QUESTION16 -1 4.195e+02 7.637e+02)
s>            ( SILENCE -1 -5.848e+05 1.064e+03 2.639e+03
s>                ( - -4.128e+05 4 0)
s>                ( - -1.710e+05 4 0)))
s>        ( QUESTION16 -1 -1.559e+06 8.893e+03 6.893e+03
s>            ( - -5.672e+05 5 0)
s>            ( QUESTION5 -1 -9.832e+05 3.469e+03 4.362e+03
s>                ( QUESTION6 -1 -5.115e+05 1.330e+03 2.285e+03
s>                    ( - -1.928e+05 9 0)
s>                    ( - -3.174e+05 9 0 QUESTION8 -1 4.152e+02 1.416e+03))
s>                ( QUESTION11 -1 -4.682e+05 1.886e+03 2.077e+03
s>                    ( - -1.869e+05 5 0)
s>                    ( - -2.794e+05 20 0 QUESTION2 -1 9.705e+02 1.245e+03)))))INFO: dtree.c(1478): Final simple tree
|( WDBNDRY_B 0 -6.831e+06 7.524e+03 3.103e+04
|    ( QUESTION15 -1 -1.754e+06 1.265e+03 7.967e+03
|        ( - -9.204e+04 5 0)
|        ( QUESTION0 -1 -1.660e+06 7.679e+02 7.561e+03
|            ( - -1.494e+06 29 0 QUESTION2_0_L -1 2.297e+02 6.808e+03)
|            ( - -1.652e+05 15 0)))
|    ( QUESTION0 -1 -5.070e+06 7.763e+03 2.306e+04
|        ( WDBNDRY_E 0 -3.876e+06 3.463e+03 1.761e+04
|            ( - -1.361e+05 27 0 QUESTION0 1 5.671e+02 5.925e+02)
|            ( QUESTION2_0_L -1 -3.736e+06 3.322e+03 1.702e+04
|                ( - -3.553e+06 26 0 QUESTION0 1 1.544e+02 1.619e+04)
|                ( - -1.805e+05 9 0)))
|        ( QUESTION14 -1 -1.186e+06 2.882e+03 5.447e+03
|            ( - -8.562e+05 20 0)
|            ( - -3.269e+05 6 0))))
s>    ( WDBNDRY_B 0 -6.831e+06 7.524e+03 3.103e+04
s>        ( QUESTION15 -1 -1.754e+06 1.265e+03 7.967e+03
s>            ( - -9.204e+04 5 0)
s>            ( QUESTION0 -1 -1.660e+06 7.679e+02 7.561e+03
s>                ( - -1.494e+06 29 0 QUESTION2_0_L -1 2.297e+02 6.808e+03)
s>                ( - -1.652e+05 15 0)))
s>        ( QUESTION0 -1 -5.070e+06 7.763e+03 2.306e+04
s>            ( WDBNDRY_E 0 -3.876e+06 3.463e+03 1.761e+04
s>                ( - -1.361e+05 27 0 QUESTION0 1 5.671e+02 5.925e+02)
s>                ( QUESTION2_0_L -1 -3.736e+06 3.322e+03 1.702e+04
s>                    ( - -3.553e+06 26 0 QUESTION0 1 1.544e+02 1.619e+04)
s>                    ( - -1.805e+05 9 0)))
s>            ( QUESTION14 -1 -1.186e+06 2.882e+03 5.447e+03
s>                ( - -8.562e+05 20 0)
s>                ( - -3.269e+05 6 0))))INFO: dtree.c(1315): Comp split 2
INFO: dtree.c(1478): Final simple tree
|( QUESTION4 1 -8.306e+05 6.487e+03 3.732e+03
|    ( WDBNDRY_E 0 -2.037e+05 1.676e+03 8.971e+02
|        ( - -2.758e+04 5 0 QUESTION0_13_R 1 1.537e+02 1.302e+02)
|        ( - -1.744e+05 8 0 QUESTION0_13_R 1 4.886e+02 7.669e+02))
|    ( QUESTION15 1 -6.204e+05 3.440e+03 2.835e+03
|        ( QUESTION0_9_R 1 -4.038e+05 2.082e+03 1.866e+03
|            ( WDBNDRY_E 0 -2.545e+05 6.854e+02 1.169e+03
|                ( - -5.228e+04 15 0 QUESTION19 1 1.438e+02 2.385e+02)
|                ( - -2.015e+05 9 0 QUESTION19 1 7.104e+02 9.308e+02))
|            ( - -1.472e+05 22 0 WDBNDRY_E 0 6.179e+02 6.971e+02))
|        ( QUESTION0_19_R 1 -2.132e+05 1.896e+03 9.686e+02
|            ( - -3.874e+04 2 0 WDBNDRY_E 0 1.127e+02 1.825e+02)
|            ( QUESTION0_15_R 1 -1.726e+05 1.003e+03 7.861e+02
|                ( - -6.843e+04 13 0 QUESTION0_17_R 1 2.094e+02 3.116e+02)
|                ( - -1.031e+05 12 0 QUESTION0 -1 4.225e+02 4.746e+02)))))
s>    ( QUESTION4 1 -8.306e+05 6.487e+03 3.732e+03
s>        ( WDBNDRY_E 0 -2.037e+05 1.676e+03 8.971e+02
s>            ( - -2.758e+04 5 0 QUESTION0_13_R 1 1.537e+02 1.302e+02)
s>            ( - -1.744e+05 8 0 QUESTION0_13_R 1 4.886e+02 7.669e+02))
s>        ( QUESTION15 1 -6.204e+05 3.440e+03 2.835e+03
s>            ( QUESTION0_9_R 1 -4.038e+05 2.082e+03 1.866e+03
s>                ( WDBNDRY_E 0 -2.545e+05 6.854e+02 1.169e+03
s>                    ( - -5.228e+04 15 0 QUESTION19 1 1.438e+02 2.385e+02)
s>                    ( - -2.015e+05 9 0 QUESTION19 1 7.104e+02 9.308e+02))
s>                ( - -1.472e+05 22 0 WDBNDRY_E 0 6.179e+02 6.971e+02))
s>            ( QUESTION0_19_R 1 -2.132e+05 1.896e+03 9.686e+02
s>                ( - -3.874e+04 2 0 WDBNDRY_E 0 1.127e+02 1.825e+02)
s>                ( QUESTION0_15_R 1 -1.726e+05 1.003e+03 7.861e+02
s>                    ( - -6.843e+04 13 0 QUESTION0_17_R 1 2.094e+02 3.116e+02)
s>                    ( - -1.031e+05 12 0 QUESTION0 -1 4.225e+02 4.746e+02)))))INFO: dtree.c(1478): Final simple tree
|( WDBNDRY_E 0 -4.959e+05 4.145e+03 2.203e+03
|    ( QUESTION12 1 -1.780e+05 8.603e+02 7.864e+02
|        ( - -8.084e+04 4 0)
|        ( QUESTION5 1 -9.634e+04 4.806e+02 4.172e+02
|            ( - -9.324e+03 4 0 QUESTION0_5_R 1 9.442e+01 4.158e+01)
|            ( QUESTION0_3_R 1 -8.654e+04 1.359e+02 3.756e+02
|                ( - -8.610e+04 4 0)
|                ( - -3.012e+02 1 0))))
|    ( QUESTION0_3_R 1 -3.137e+05 1.866e+03 1.416e+03
|        ( QUESTION11 1 -2.665e+05 1.946e+02 1.208e+03
|            ( - -2.630e+05 5 0)
|            ( - -3.336e+03 4 0))
|        ( QUESTION0_5_R 1 -4.529e+04 2.978e+02 2.082e+02
|            ( - -1.249e+03 2 0)
|            ( - -4.374e+04 8 0 QUESTION2_0_L -1 1.232e+02 2.012e+02))))
s>    ( WDBNDRY_E 0 -4.959e+05 4.145e+03 2.203e+03
s>        ( QUESTION12 1 -1.780e+05 8.603e+02 7.864e+02
s>            ( - -8.084e+04 4 0)
s>            ( QUESTION5 1 -9.634e+04 4.806e+02 4.172e+02
s>                ( - -9.324e+03 4 0 QUESTION0_5_R 1 9.442e+01 4.158e+01)
s>                ( QUESTION0_3_R 1 -8.654e+04 1.359e+02 3.756e+02
s>                    ( - -8.610e+04 4 0)
s>                    ( - -3.012e+02 1 0))))
s>        ( QUESTION0_3_R 1 -3.137e+05 1.866e+03 1.416e+03
s>            ( QUESTION11 1 -2.665e+05 1.946e+02 1.208e+03
s>                ( - -2.630e+05 5 0)
s>                ( - -3.336e+03 4 0))
s>            ( QUESTION0_5_R 1 -4.529e+04 2.978e+02 2.082e+02
s>                ( - -1.249e+03 2 0)
s>                ( - -4.374e+04 8 0 QUESTION2_0_L -1 1.232e+02 2.012e+02))))INFO: dtree.c(1315): Comp split 3
INFO: dtree.c(1478): Final simple tree
|( QUESTION16 -1 -1.559e+06 8.893e+03 6.893e+03
|    ( - -5.672e+05 5 0)
|    ( QUESTION5 -1 -9.832e+05 3.469e+03 4.362e+03
|        ( QUESTION6 -1 -5.115e+05 1.330e+03 2.285e+03
|            ( - -1.928e+05 9 0)
|            ( QUESTION8 -1 -3.174e+05 4.152e+02 1.416e+03
|                ( - -2.935e+05 5 0)
|                ( - -2.352e+04 4 0)))
|        ( QUESTION11 -1 -4.682e+05 1.886e+03 2.077e+03
|            ( - -1.869e+05 5 0)
|            ( QUESTION2 -1 -2.794e+05 9.705e+02 1.245e+03
|                ( - -6.587e+04 5 0)
|                ( QUESTION2_17_L -1 -2.126e+05 6.555e+02 9.473e+02
|                    ( - -6.502e+04 4 0)
|                    ( - -1.469e+05 11 0 QUESTION19 -1 3.075e+02 6.609e+02))))))
s>    ( QUESTION16 -1 -1.559e+06 8.893e+03 6.893e+03
s>        ( - -5.672e+05 5 0)
s>        ( QUESTION5 -1 -9.832e+05 3.469e+03 4.362e+03
s>            ( QUESTION6 -1 -5.115e+05 1.330e+03 2.285e+03
s>                ( - -1.928e+05 9 0)
s>                ( QUESTION8 -1 -3.174e+05 4.152e+02 1.416e+03
s>                    ( - -2.935e+05 5 0)
s>                    ( - -2.352e+04 4 0)))
s>            ( QUESTION11 -1 -4.682e+05 1.886e+03 2.077e+03
s>                ( - -1.869e+05 5 0)
s>                ( QUESTION2 -1 -2.794e+05 9.705e+02 1.245e+03
s>                    ( - -6.587e+04 5 0)
s>                    ( QUESTION2_17_L -1 -2.126e+05 6.555e+02 9.473e+02
s>                        ( - -6.502e+04 4 0)
s>                        ( - -1.469e+05 11 0 QUESTION19 -1 3.075e+02 6.609e+02))))))INFO: dtree.c(1478): Final simple tree
|( QUESTION2_1_L -1 -7.558e+05 1.761e+03 3.403e+03
|    ( QUESTION16 -1 -1.692e+05 4.195e+02 7.637e+02
|        ( - -2.008e+04 4 0)
|        ( QUESTION20 -1 -1.487e+05 2.143e+02 6.713e+02
|            ( - -3.129e+04 7 0)
|            ( QUESTION2 -1 -1.172e+05 1.984e+02 5.305e+02
|                ( QUESTION5 -1 -2.668e+04 1.611e+02 1.199e+02
|                    ( QUESTION9 -1 -1.132e+04 1.322e+02 5.117e+01
|                        ( - -2.669e+03 3 0)
|                        ( - -8.517e+03 5 0 QUESTION6 -1 1.276e+02 3.817e+01))
|                    ( - -1.520e+04 8 0 QUESTION2_15_L -1 1.141e+02 6.875e+01))
|                ( - -9.034e+04 5 0))))
|    ( SILENCE -1 -5.848e+05 1.064e+03 2.639e+03
|        ( - -4.128e+05 4 0)
|        ( - -1.710e+05 4 0)))
s>    ( QUESTION2_1_L -1 -7.558e+05 1.761e+03 3.403e+03
s>        ( QUESTION16 -1 -1.692e+05 4.195e+02 7.637e+02
s>            ( - -2.008e+04 4 0)
s>            ( QUESTION20 -1 -1.487e+05 2.143e+02 6.713e+02
s>                ( - -3.129e+04 7 0)
s>                ( QUESTION2 -1 -1.172e+05 1.984e+02 5.305e+02
s>                    ( QUESTION5 -1 -2.668e+04 1.611e+02 1.199e+02
s>                        ( QUESTION9 -1 -1.132e+04 1.322e+02 5.117e+01
s>                            ( - -2.669e+03 3 0)
s>                            ( - -8.517e+03 5 0 QUESTION6 -1 1.276e+02 3.817e+01))
s>                        ( - -1.520e+04 8 0 QUESTION2_15_L -1 1.141e+02 6.875e+01))
s>                    ( - -9.034e+04 5 0))))
s>        ( SILENCE -1 -5.848e+05 1.064e+03 2.639e+03
s>            ( - -4.128e+05 4 0)
s>            ( - -1.710e+05 4 0)))INFO: dtree.c(1315): Comp split 4
INFO: dtree.c(1478): Final simple tree
|( QUESTION5 -1 -9.832e+05 3.469e+03 4.362e+03
|    ( QUESTION6 -1 -5.115e+05 1.330e+03 2.285e+03
|        ( - -1.928e+05 9 0)
|        ( QUESTION8 -1 -3.174e+05 4.152e+02 1.416e+03
|            ( - -2.935e+05 5 0)
|            ( - -2.352e+04 4 0)))
|    ( QUESTION11 -1 -4.682e+05 1.886e+03 2.077e+03
|        ( - -1.869e+05 5 0)
|        ( QUESTION2 -1 -2.794e+05 9.705e+02 1.245e+03
|            ( - -6.587e+04 5 0)
|            ( QUESTION2_17_L -1 -2.126e+05 6.555e+02 9.473e+02
|                ( - -6.502e+04 4 0)
|                ( QUESTION19 -1 -1.469e+05 3.075e+02 6.609e+02
|                    ( - -1.394e+05 5 0)
|                    ( - -7.180e+03 6 0))))))
s>    ( QUESTION5 -1 -9.832e+05 3.469e+03 4.362e+03
s>        ( QUESTION6 -1 -5.115e+05 1.330e+03 2.285e+03
s>            ( - -1.928e+05 9 0)
s>            ( QUESTION8 -1 -3.174e+05 4.152e+02 1.416e+03
s>                ( - -2.935e+05 5 0)
s>                ( - -2.352e+04 4 0)))
s>        ( QUESTION11 -1 -4.682e+05 1.886e+03 2.077e+03
s>            ( - -1.869e+05 5 0)
s>            ( QUESTION2 -1 -2.794e+05 9.705e+02 1.245e+03
s>                ( - -6.587e+04 5 0)
s>                ( QUESTION2_17_L -1 -2.126e+05 6.555e+02 9.473e+02
s>                    ( - -6.502e+04 4 0)
s>                    ( QUESTION19 -1 -1.469e+05 3.075e+02 6.609e+02
s>                        ( - -1.394e+05 5 0)
s>                        ( - -7.180e+03 6 0))))))INFO: dtree.c(1315): Comp split 5
INFO: dtree.c(1439): stop. leaf nodes are specific
INFO: dtree.c(1478): Final simple tree
|( QUESTION14 -1 -1.186e+06 2.882e+03 5.447e+03
|    ( - -8.562e+05 20 0)
|    ( - -3.269e+05 6 0))
s>    ( QUESTION14 -1 -1.186e+06 2.882e+03 5.447e+03
s>        ( - -8.562e+05 20 0)
s>        ( - -3.269e+05 6 0))INFO: dtree.c(1478): Final simple tree
|( WDBNDRY_B 0 -5.637e+06 7.451e+03 2.558e+04
|    ( QUESTION15 -1 -1.754e+06 1.265e+03 7.967e+03
|        ( - -9.204e+04 5 0)
|        ( QUESTION0 -1 -1.660e+06 7.679e+02 7.561e+03
|            ( QUESTION2_0_L -1 -1.494e+06 2.297e+02 6.808e+03
|                ( - -1.479e+06 25 0)
|                ( - -1.465e+04 4 0 QUESTION2_4_L -1 2.150e+02 6.667e+01))
|            ( - -1.652e+05 15 0)))
|    ( WDBNDRY_E 0 -3.876e+06 3.463e+03 1.761e+04
|        ( QUESTION0 1 -1.361e+05 5.671e+02 5.925e+02
|            ( - -1.264e+05 23 0 QUESTION2_0_L -1 1.728e+02 5.480e+02)
|            ( - -9.127e+03 4 0))
|        ( QUESTION2_0_L -1 -3.736e+06 3.322e+03 1.702e+04
|            ( - -3.553e+06 26 0 QUESTION0 1 1.544e+02 1.619e+04)
|            ( - -1.805e+05 9 0))))
s>    ( WDBNDRY_B 0 -5.637e+06 7.451e+03 2.558e+04
s>        ( QUESTION15 -1 -1.754e+06 1.265e+03 7.967e+03
s>            ( - -9.204e+04 5 0)
s>            ( QUESTION0 -1 -1.660e+06 7.679e+02 7.561e+03
s>                ( QUESTION2_0_L -1 -1.494e+06 2.297e+02 6.808e+03
s>                    ( - -1.479e+06 25 0)
s>                    ( - -1.465e+04 4 0 QUESTION2_4_L -1 2.150e+02 6.667e+01))
s>                ( - -1.652e+05 15 0)))
s>        ( WDBNDRY_E 0 -3.876e+06 3.463e+03 1.761e+04
s>            ( QUESTION0 1 -1.361e+05 5.671e+02 5.925e+02
s>                ( - -1.264e+05 23 0 QUESTION2_0_L -1 1.728e+02 5.480e+02)
s>                ( - -9.127e+03 4 0))
s>            ( QUESTION2_0_L -1 -3.736e+06 3.322e+03 1.702e+04
s>                ( - -3.553e+06 26 0 QUESTION0 1 1.544e+02 1.619e+04)
s>                ( - -1.805e+05 9 0))))INFO: dtree.c(1315): Comp split 6
INFO: dtree.c(1439): stop. leaf nodes are specific
INFO: dtree.c(1478): Final simple tree
|( QUESTION0_13_R 1 -1.744e+05 4.886e+02 7.669e+02
|    ( - -1.672e+05 6 0)
|    ( - -6.710e+03 2 0))
s>    ( QUESTION0_13_R 1 -1.744e+05 4.886e+02 7.669e+02
s>        ( - -1.672e+05 6 0)
s>        ( - -6.710e+03 2 0))INFO: dtree.c(1478): Final simple tree
|( QUESTION15 1 -6.485e+05 3.576e+03 2.965e+03
|    ( QUESTION0_9_R 1 -4.038e+05 2.082e+03 1.866e+03
|        ( WDBNDRY_E 0 -2.545e+05 6.854e+02 1.169e+03
|            ( - -5.228e+04 15 0 QUESTION19 1 1.438e+02 2.385e+02)
|            ( QUESTION19 1 -2.015e+05 7.104e+02 9.308e+02
|                ( - -1.808e+05 6 0)
|                ( - -2.001e+04 3 0)))
|        ( WDBNDRY_E 0 -1.472e+05 6.179e+02 6.971e+02
|            ( - -1.092e+05 12 0 QUESTION17 1 2.906e+02 5.219e+02)
|            ( - -3.745e+04 10 0 QUESTION17 1 2.628e+02 1.752e+02)))
|    ( QUESTION0_19_R 1 -2.411e+05 1.952e+03 1.099e+03
|        ( - -3.874e+04 2 0 WDBNDRY_E 0 1.127e+02 1.825e+02)
|        ( QUESTION0_15_R 1 -2.004e+05 1.001e+03 9.164e+02
|            ( - -6.843e+04 13 0 QUESTION0_17_R 1 2.094e+02 3.116e+02)
|            ( - -1.310e+05 17 0 QUESTION0 -1 4.221e+02 6.048e+02))))
s>    ( QUESTION15 1 -6.485e+05 3.576e+03 2.965e+03
s>        ( QUESTION0_9_R 1 -4.038e+05 2.082e+03 1.866e+03
s>            ( WDBNDRY_E 0 -2.545e+05 6.854e+02 1.169e+03
s>                ( - -5.228e+04 15 0 QUESTION19 1 1.438e+02 2.385e+02)
s>                ( QUESTION19 1 -2.015e+05 7.104e+02 9.308e+02
s>                    ( - -1.808e+05 6 0)
s>                    ( - -2.001e+04 3 0)))
s>            ( WDBNDRY_E 0 -1.472e+05 6.179e+02 6.971e+02
s>                ( - -1.092e+05 12 0 QUESTION17 1 2.906e+02 5.219e+02)
s>                ( - -3.745e+04 10 0 QUESTION17 1 2.628e+02 1.752e+02)))
s>        ( QUESTION0_19_R 1 -2.411e+05 1.952e+03 1.099e+03
s>            ( - -3.874e+04 2 0 WDBNDRY_E 0 1.127e+02 1.825e+02)
s>            ( QUESTION0_15_R 1 -2.004e+05 1.001e+03 9.164e+02
s>                ( - -6.843e+04 13 0 QUESTION0_17_R 1 2.094e+02 3.116e+02)
s>                ( - -1.310e+05 17 0 QUESTION0 -1 4.221e+02 6.048e+02))))INFO: dtree.c(1315): Comp split 7
INFO: dtree.c(1439): stop. leaf nodes are specific
INFO: dtree.c(1478): Final simple tree
|( WDBNDRY_E 0 -3.876e+06 3.463e+03 1.761e+04
|    ( QUESTION0 1 -1.361e+05 5.671e+02 5.925e+02
|        ( QUESTION2_0_L -1 -1.264e+05 1.728e+02 5.480e+02
|            ( - -1.255e+05 22 0)
|            ( - -7.422e+02 1 0))
|        ( - -9.127e+03 4 0))
|    ( QUESTION2_0_L -1 -3.736e+06 3.322e+03 1.702e+04
|        ( QUESTION0 1 -3.553e+06 1.544e+02 1.619e+04
|            ( - -3.552e+06 25 0)
|            ( - -3.009e+02 1 0))
|        ( - -1.805e+05 9 0)))
s>    ( WDBNDRY_E 0 -3.876e+06 3.463e+03 1.761e+04
s>        ( QUESTION0 1 -1.361e+05 5.671e+02 5.925e+02
s>            ( QUESTION2_0_L -1 -1.264e+05 1.728e+02 5.480e+02
s>                ( - -1.255e+05 22 0)
s>                ( - -7.422e+02 1 0))
s>            ( - -9.127e+03 4 0))
s>        ( QUESTION2_0_L -1 -3.736e+06 3.322e+03 1.702e+04
s>            ( QUESTION0 1 -3.553e+06 1.544e+02 1.619e+04
s>                ( - -3.552e+06 25 0)
s>                ( - -3.009e+02 1 0))
s>            ( - -1.805e+05 9 0)))INFO: dtree.c(1439): stop. leaf nodes are specific
INFO: dtree.c(1478): Final simple tree
|( QUESTION15 -1 -1.754e+06 1.265e+03 7.967e+03
|    ( - -9.204e+04 5 0)
|    ( QUESTION0 -1 -1.660e+06 7.679e+02 7.561e+03
|        ( QUESTION2_0_L -1 -1.494e+06 2.297e+02 6.808e+03
|            ( - -1.479e+06 25 0)
|            ( QUESTION2_4_L -1 -1.465e+04 2.150e+02 6.667e+01
|                ( - -1.041e+04 3 0)
|                ( - -4.022e+03 1 0)))
|        ( - -1.652e+05 15 0)))
s>    ( QUESTION15 -1 -1.754e+06 1.265e+03 7.967e+03
s>        ( - -9.204e+04 5 0)
s>        ( QUESTION0 -1 -1.660e+06 7.679e+02 7.561e+03
s>            ( QUESTION2_0_L -1 -1.494e+06 2.297e+02 6.808e+03
s>                ( - -1.479e+06 25 0)
s>                ( QUESTION2_4_L -1 -1.465e+04 2.150e+02 6.667e+01
s>                    ( - -1.041e+04 3 0)
s>                    ( - -4.022e+03 1 0)))
s>            ( - -1.652e+05 15 0)))INFO: dtree.c(1315): Comp split 8
INFO: dtree.c(1439): stop. leaf nodes are specific
INFO: dtree.c(1478): Final simple tree
|( WDBNDRY_E 0 -3.562e+06 3.854e+02 1.624e+04
|    ( - -9.127e+03 4 0)
|    ( - -3.552e+06 25 0))
s>    ( WDBNDRY_E 0 -3.562e+06 3.854e+02 1.624e+04
s>        ( - -9.127e+03 4 0)
s>        ( - -3.552e+06 25 0))INFO: dtree.c(1439): stop. leaf nodes are specific
INFO: dtree.c(1478): Final simple tree
|( WDBNDRY_E 0 -3.084e+05 9.912e+02 1.375e+03
|    ( QUESTION2_0_L -1 -1.264e+05 1.728e+02 5.480e+02
|        ( - -1.255e+05 22 0)
|        ( - -7.422e+02 1 0))
|    ( QUESTION0 1 -1.810e+05 1.599e+02 8.274e+02
|        ( - -1.805e+05 9 0)
|        ( - -3.009e+02 1 0)))
s>    ( WDBNDRY_E 0 -3.084e+05 9.912e+02 1.375e+03
s>        ( QUESTION2_0_L -1 -1.264e+05 1.728e+02 5.480e+02
s>            ( - -1.255e+05 22 0)
s>            ( - -7.422e+02 1 0))
s>        ( QUESTION0 1 -1.810e+05 1.599e+02 8.274e+02
s>            ( - -1.805e+05 9 0)
s>            ( - -3.009e+02 1 0)))INFO: dtree.c(1315): Comp split 9
INFO: dtree.c(1478): Final simple tree
|( QUESTION0_6_R 1 -2.279e+05 1.161e+03 1.010e+03
|    ( QUESTION2_0_L -1 -4.475e+04 1.223e+02 2.052e+02
|        ( WDBNDRY_E 0 -4.431e+04 8.700e+01 2.032e+02
|            ( - -9.230e+02 3 0 QUESTION0_7_R 1 1.476e+02 4.000e+00)
|            ( - -4.330e+04 7 0 QUESTION0_7_R 1 1.062e+02 1.992e+02))
|        ( - -3.156e+02 1 0))
|    ( QUESTION12 1 -1.820e+05 8.266e+02 8.044e+02
|        ( WDBNDRY_E 0 -8.440e+04 2.186e+02 3.842e+02
|            ( - -8.084e+04 4 0)
|            ( - -3.336e+03 4 0))
|        ( QUESTION0_3_R 1 -9.681e+04 5.197e+02 4.202e+02
|            ( - -8.610e+04 4 0)
|            ( WDBNDRY_E 0 -1.019e+04 1.823e+02 4.658e+01
|                ( - -8.755e+03 2 0)
|                ( - -1.249e+03 2 0)))))
s>    ( QUESTION0_6_R 1 -2.279e+05 1.161e+03 1.010e+03
s>        ( QUESTION2_0_L -1 -4.475e+04 1.223e+02 2.052e+02
s>            ( WDBNDRY_E 0 -4.431e+04 8.700e+01 2.032e+02
s>                ( - -9.230e+02 3 0 QUESTION0_7_R 1 1.476e+02 4.000e+00)
s>                ( - -4.330e+04 7 0 QUESTION0_7_R 1 1.062e+02 1.992e+02))
s>            ( - -3.156e+02 1 0))
s>        ( QUESTION12 1 -1.820e+05 8.266e+02 8.044e+02
s>            ( WDBNDRY_E 0 -8.440e+04 2.186e+02 3.842e+02
s>                ( - -8.084e+04 4 0)
s>                ( - -3.336e+03 4 0))
s>            ( QUESTION0_3_R 1 -9.681e+04 5.197e+02 4.202e+02
s>                ( - -8.610e+04 4 0)
s>                ( WDBNDRY_E 0 -1.019e+04 1.823e+02 4.658e+01
s>                    ( - -8.755e+03 2 0)
s>                    ( - -1.249e+03 2 0)))))INFO: dtree.c(1315): Comp split 10
INFO: dtree.c(1478): Final simple tree
|( QUESTION0_19_R 1 -2.411e+05 1.952e+03 1.099e+03
|    ( - -3.874e+04 2 0 WDBNDRY_E 0 1.127e+02 1.825e+02)
|    ( QUESTION0_15_R 1 -2.004e+05 1.001e+03 9.164e+02
|        ( QUESTION0_17_R 1 -6.843e+04 2.094e+02 3.116e+02
|            ( - -5.655e+04 7 0)
|            ( - -1.167e+04 6 0 WDBNDRY_E 0 8.622e+01 5.260e+01))
|        ( QUESTION0 -1 -1.310e+05 4.221e+02 6.048e+02
|            ( QUESTION0_13_R 1 -1.307e+05 2.606e+02 6.038e+02
|                ( - -2.551e+04 3 0)
|                ( SILENCE 1 -1.049e+05 1.702e+02 4.826e+02
|                    ( - -7.758e+04 6 0 QUESTION2_0_L -1 1.421e+02 3.579e+02)
|                    ( QUESTION0_10_R 1 -2.719e+04 1.421e+02 1.247e+02
|                        ( - -1.912e+03 2 0)
|                        ( - -2.513e+04 5 0))))
|            ( - 1.766e+02 1 0))))
s>    ( QUESTION0_19_R 1 -2.411e+05 1.952e+03 1.099e+03
s>        ( - -3.874e+04 2 0 WDBNDRY_E 0 1.127e+02 1.825e+02)
s>        ( QUESTION0_15_R 1 -2.004e+05 1.001e+03 9.164e+02
s>            ( QUESTION0_17_R 1 -6.843e+04 2.094e+02 3.116e+02
s>                ( - -5.655e+04 7 0)
s>                ( - -1.167e+04 6 0 WDBNDRY_E 0 8.622e+01 5.260e+01))
s>            ( QUESTION0 -1 -1.310e+05 4.221e+02 6.048e+02
s>                ( QUESTION0_13_R 1 -1.307e+05 2.606e+02 6.038e+02
s>                    ( - -2.551e+04 3 0)
s>                    ( SILENCE 1 -1.049e+05 1.702e+02 4.826e+02
s>                        ( - -7.758e+04 6 0 QUESTION2_0_L -1 1.421e+02 3.579e+02)
s>                        ( QUESTION0_10_R 1 -2.719e+04 1.421e+02 1.247e+02
s>                            ( - -1.912e+03 2 0)
s>                            ( - -2.513e+04 5 0))))
s>                ( - 1.766e+02 1 0))))INFO: dtree.c(1478): Final simple tree
|( QUESTION0_9_R 1 -4.038e+05 2.082e+03 1.866e+03
|    ( WDBNDRY_E 0 -2.545e+05 6.854e+02 1.169e+03
|        ( - -5.228e+04 15 0 QUESTION19 1 1.438e+02 2.385e+02)
|        ( QUESTION19 1 -2.015e+05 7.104e+02 9.308e+02
|            ( - -1.808e+05 6 0)
|            ( - -2.001e+04 3 0)))
|    ( WDBNDRY_E 0 -1.472e+05 6.179e+02 6.971e+02
|        ( QUESTION17 1 -1.092e+05 2.906e+02 5.219e+02
|            ( - -1.142e+04 7 0)
|            ( QUESTION2_0_L -1 -9.746e+04 2.817e+02 4.687e+02
|                ( - -9.552e+04 4 0)
|                ( - -1.653e+03 1 0)))
|        ( QUESTION17 1 -3.745e+04 2.628e+02 1.752e+02
|            ( - -1.015e+04 5 0)
|            ( - -2.704e+04 5 0))))
s>    ( QUESTION0_9_R 1 -4.038e+05 2.082e+03 1.866e+03
s>        ( WDBNDRY_E 0 -2.545e+05 6.854e+02 1.169e+03
s>            ( - -5.228e+04 15 0 QUESTION19 1 1.438e+02 2.385e+02)
s>            ( QUESTION19 1 -2.015e+05 7.104e+02 9.308e+02
s>                ( - -1.808e+05 6 0)
s>                ( - -2.001e+04 3 0)))
s>        ( WDBNDRY_E 0 -1.472e+05 6.179e+02 6.971e+02
s>            ( QUESTION17 1 -1.092e+05 2.906e+02 5.219e+02
s>                ( - -1.142e+04 7 0)
s>                ( QUESTION2_0_L -1 -9.746e+04 2.817e+02 4.687e+02
s>                    ( - -9.552e+04 4 0)
s>                    ( - -1.653e+03 1 0)))
s>            ( QUESTION17 1 -3.745e+04 2.628e+02 1.752e+02
s>                ( - -1.015e+04 5 0)
s>                ( - -2.704e+04 5 0))))INFO: dtree.c(1315): Comp split 11
INFO: dtree.c(1439): stop. leaf nodes are specific
INFO: dtree.c(1478): Final simple tree
|( QUESTION11 -1 -4.682e+05 1.886e+03 2.077e+03
|    ( - -1.869e+05 5 0)
|    ( QUESTION2 -1 -2.794e+05 9.705e+02 1.245e+03
|        ( - -6.587e+04 5 0)
|        ( QUESTION2_17_L -1 -2.126e+05 6.555e+02 9.473e+02
|            ( - -6.502e+04 4 0)
|            ( QUESTION19 -1 -1.469e+05 3.075e+02 6.609e+02
|                ( - -1.394e+05 5 0)
|                ( - -7.180e+03 6 0)))))
s>    ( QUESTION11 -1 -4.682e+05 1.886e+03 2.077e+03
s>        ( - -1.869e+05 5 0)
s>        ( QUESTION2 -1 -2.794e+05 9.705e+02 1.245e+03
s>            ( - -6.587e+04 5 0)
s>            ( QUESTION2_17_L -1 -2.126e+05 6.555e+02 9.473e+02
s>                ( - -6.502e+04 4 0)
s>                ( QUESTION19 -1 -1.469e+05 3.075e+02 6.609e+02
s>                    ( - -1.394e+05 5 0)
s>                    ( - -7.180e+03 6 0)))))INFO: dtree.c(1439): stop. leaf nodes are specific
INFO: dtree.c(1478): Final simple tree
|( QUESTION6 -1 -5.115e+05 1.330e+03 2.285e+03
|    ( - -1.928e+05 9 0)
|    ( QUESTION8 -1 -3.174e+05 4.152e+02 1.416e+03
|        ( - -2.935e+05 5 0)
|        ( - -2.352e+04 4 0)))
s>    ( QUESTION6 -1 -5.115e+05 1.330e+03 2.285e+03
s>        ( - -1.928e+05 9 0)
s>        ( QUESTION8 -1 -3.174e+05 4.152e+02 1.416e+03
s>            ( - -2.935e+05 5 0)
s>            ( - -2.352e+04 4 0)))INFO: dtree.c(1315): Comp split 12
INFO: dtree.c(1315): Comp split 13
INFO: dtree.c(1439): stop. leaf nodes are specific
INFO: dtree.c(1478): Final simple tree
|( WDBNDRY_E 0 -1.472e+05 6.179e+02 6.971e+02
|    ( QUESTION17 1 -1.092e+05 2.906e+02 5.219e+02
|        ( - -1.142e+04 7 0)
|        ( QUESTION2_0_L -1 -9.746e+04 2.817e+02 4.687e+02
|            ( - -9.552e+04 4 0)
|            ( - -1.653e+03 1 0)))
|    ( QUESTION17 1 -3.745e+04 2.628e+02 1.752e+02
|        ( - -1.015e+04 5 0)
|        ( - -2.704e+04 5 0)))
s>    ( WDBNDRY_E 0 -1.472e+05 6.179e+02 6.971e+02
s>        ( QUESTION17 1 -1.092e+05 2.906e+02 5.219e+02
s>            ( - -1.142e+04 7 0)
s>            ( QUESTION2_0_L -1 -9.746e+04 2.817e+02 4.687e+02
s>                ( - -9.552e+04 4 0)
s>                ( - -1.653e+03 1 0)))
s>        ( QUESTION17 1 -3.745e+04 2.628e+02 1.752e+02
s>            ( - -1.015e+04 5 0)
s>            ( - -2.704e+04 5 0)))INFO: dtree.c(1439): stop. leaf nodes are specific
INFO: dtree.c(1478): Final simple tree
|( WDBNDRY_E 0 -2.545e+05 6.854e+02 1.169e+03
|    ( QUESTION19 1 -5.228e+04 1.438e+02 2.385e+02
|        ( - -4.840e+04 8 0)
|        ( QUESTION0_11_R 1 -3.736e+03 1.101e+02 1.598e+01
|            ( - -2.781e+03 5 0)
|            ( - -8.453e+02 2 0)))
|    ( QUESTION19 1 -2.015e+05 7.104e+02 9.308e+02
|        ( - -1.808e+05 6 0)
|        ( - -2.001e+04 3 0)))
s>    ( WDBNDRY_E 0 -2.545e+05 6.854e+02 1.169e+03
s>        ( QUESTION19 1 -5.228e+04 1.438e+02 2.385e+02
s>            ( - -4.840e+04 8 0)
s>            ( QUESTION0_11_R 1 -3.736e+03 1.101e+02 1.598e+01
s>                ( - -2.781e+03 5 0)
s>                ( - -8.453e+02 2 0)))
s>        ( QUESTION19 1 -2.015e+05 7.104e+02 9.308e+02
s>            ( - -1.808e+05 6 0)
s>            ( - -2.001e+04 3 0)))INFO: dtree.c(1315): Comp split 14
INFO: dtree.c(1439): stop. leaf nodes are specific
INFO: dtree.c(1478): Final simple tree
|( WDBNDRY_E 0 -3.874e+04 1.127e+02 1.825e+02
|    ( - -6.205e+02 1 0)
|    ( - -3.801e+04 1 0))
s>    ( WDBNDRY_E 0 -3.874e+04 1.127e+02 1.825e+02
s>        ( - -6.205e+02 1 0)
s>        ( - -3.801e+04 1 0))INFO: dtree.c(1478): Final simple tree
|( QUESTION0_15_R 1 -2.004e+05 1.001e+03 9.164e+02
|    ( QUESTION0_17_R 1 -6.843e+04 2.094e+02 3.116e+02
|        ( - -5.655e+04 7 0)
|        ( - -1.167e+04 6 0 WDBNDRY_E 0 8.622e+01 5.260e+01))
|    ( QUESTION0 -1 -1.310e+05 4.221e+02 6.048e+02
|        ( QUESTION0_13_R 1 -1.307e+05 2.606e+02 6.038e+02
|            ( - -2.551e+04 3 0)
|            ( SILENCE 1 -1.049e+05 1.702e+02 4.826e+02
|                ( QUESTION2_0_L -1 -7.758e+04 1.421e+02 3.579e+02
|                    ( - -7.669e+04 5 0)
|                    ( - -7.407e+02 1 0))
|                ( QUESTION0_10_R 1 -2.719e+04 1.421e+02 1.247e+02
|                    ( - -1.912e+03 2 0)
|                    ( - -2.513e+04 5 0))))
|        ( - 1.766e+02 1 0)))
s>    ( QUESTION0_15_R 1 -2.004e+05 1.001e+03 9.164e+02
s>        ( QUESTION0_17_R 1 -6.843e+04 2.094e+02 3.116e+02
s>            ( - -5.655e+04 7 0)
s>            ( - -1.167e+04 6 0 WDBNDRY_E 0 8.622e+01 5.260e+01))
s>        ( QUESTION0 -1 -1.310e+05 4.221e+02 6.048e+02
s>            ( QUESTION0_13_R 1 -1.307e+05 2.606e+02 6.038e+02
s>                ( - -2.551e+04 3 0)
s>                ( SILENCE 1 -1.049e+05 1.702e+02 4.826e+02
s>                    ( QUESTION2_0_L -1 -7.758e+04 1.421e+02 3.579e+02
s>                        ( - -7.669e+04 5 0)
s>                        ( - -7.407e+02 1 0))
s>                    ( QUESTION0_10_R 1 -2.719e+04 1.421e+02 1.247e+02
s>                        ( - -1.912e+03 2 0)
s>                        ( - -2.513e+04 5 0))))
s>            ( - 1.766e+02 1 0)))INFO: dtree.c(1315): Comp split 15
INFO: dtree.c(1439): stop. leaf nodes are specific
INFO: dtree.c(1478): Final simple tree
|( QUESTION2 -1 -2.794e+05 9.705e+02 1.245e+03
|    ( - -6.587e+04 5 0)
|    ( QUESTION2_17_L -1 -2.126e+05 6.555e+02 9.473e+02
|        ( - -6.502e+04 4 0)
|        ( QUESTION19 -1 -1.469e+05 3.075e+02 6.609e+02
|            ( - -1.394e+05 5 0)
|            ( - -7.180e+03 6 0))))
s>    ( QUESTION2 -1 -2.794e+05 9.705e+02 1.245e+03
s>        ( - -6.587e+04 5 0)
s>        ( QUESTION2_17_L -1 -2.126e+05 6.555e+02 9.473e+02
s>            ( - -6.502e+04 4 0)
s>            ( QUESTION19 -1 -1.469e+05 3.075e+02 6.609e+02
s>                ( - -1.394e+05 5 0)
s>                ( - -7.180e+03 6 0))))INFO: dtree.c(1315): Comp split 16
INFO: dtree.c(1478): Final simple tree
|( QUESTION16 -1 -1.692e+05 4.195e+02 7.637e+02
|    ( - -2.008e+04 4 0)
|    ( QUESTION20 -1 -1.487e+05 2.143e+02 6.713e+02
|        ( - -3.129e+04 7 0)
|        ( QUESTION2 -1 -1.172e+05 1.984e+02 5.305e+02
|            ( QUESTION5 -1 -2.668e+04 1.611e+02 1.199e+02
|                ( QUESTION9 -1 -1.132e+04 1.322e+02 5.117e+01
|                    ( - -2.669e+03 3 0)
|                    ( QUESTION6 -1 -8.517e+03 1.276e+02 3.817e+01
|                        ( - -7.532e+03 4 0)
|                        ( - -8.575e+02 1 0)))
|                ( QUESTION2_15_L -1 -1.520e+04 1.141e+02 6.875e+01
|                    ( - -9.515e+03 4 0)
|                    ( - -5.571e+03 4 0 QUESTION11 -1 1.926e+02 2.600e+01)))
|            ( - -9.034e+04 5 0))))
s>    ( QUESTION16 -1 -1.692e+05 4.195e+02 7.637e+02
s>        ( - -2.008e+04 4 0)
s>        ( QUESTION20 -1 -1.487e+05 2.143e+02 6.713e+02
s>            ( - -3.129e+04 7 0)
s>            ( QUESTION2 -1 -1.172e+05 1.984e+02 5.305e+02
s>                ( QUESTION5 -1 -2.668e+04 1.611e+02 1.199e+02
s>                    ( QUESTION9 -1 -1.132e+04 1.322e+02 5.117e+01
s>                        ( - -2.669e+03 3 0)
s>                        ( QUESTION6 -1 -8.517e+03 1.276e+02 3.817e+01
s>                            ( - -7.532e+03 4 0)
s>                            ( - -8.575e+02 1 0)))
s>                    ( QUESTION2_15_L -1 -1.520e+04 1.141e+02 6.875e+01
s>                        ( - -9.515e+03 4 0)
s>                        ( - -5.571e+03 4 0 QUESTION11 -1 1.926e+02 2.600e+01)))
s>                ( - -9.034e+04 5 0))))INFO: dtree.c(1439): stop. leaf nodes are specific
INFO: dtree.c(1478): Final simple tree
|( SILENCE -1 -5.848e+05 1.064e+03 2.639e+03
|    ( - -4.128e+05 4 0)
|    ( - -1.710e+05 4 0))
s>    ( SILENCE -1 -5.848e+05 1.064e+03 2.639e+03
s>        ( - -4.128e+05 4 0)
s>        ( - -1.710e+05 4 0))INFO: dtree.c(1315): Comp split 17
INFO: dtree.c(1439): stop. leaf nodes are specific
INFO: dtree.c(1478): Final simple tree
|( QUESTION0 -1 -9.623e+04 1.717e+02 4.241e+02
|    ( - -4.022e+03 1 0)
|    ( - -9.204e+04 5 0))
s>    ( QUESTION0 -1 -9.623e+04 1.717e+02 4.241e+02
s>        ( - -4.022e+03 1 0)
s>        ( - -9.204e+04 5 0))INFO: dtree.c(1439): stop. leaf nodes are specific
INFO: dtree.c(1478): Final simple tree
|( QUESTION0 -1 -1.656e+06 7.672e+02 7.543e+03
|    ( QUESTION2_0_L -1 -1.490e+06 1.840e+02 6.790e+03
|        ( - -1.479e+06 25 0)
|        ( - -1.041e+04 3 0))
|    ( - -1.652e+05 15 0))
s>    ( QUESTION0 -1 -1.656e+06 7.672e+02 7.543e+03
s>        ( QUESTION2_0_L -1 -1.490e+06 1.840e+02 6.790e+03
s>            ( - -1.479e+06 25 0)
s>            ( - -1.041e+04 3 0))
s>        ( - -1.652e+05 15 0))INFO: dtree.c(1315): Comp split 18
INFO: dtree.c(1439): stop. leaf nodes are specific
INFO: dtree.c(1478): Final simple tree
|( QUESTION8 -1 -3.174e+05 4.152e+02 1.416e+03
|    ( - -2.935e+05 5 0)
|    ( - -2.352e+04 4 0))
s>    ( QUESTION8 -1 -3.174e+05 4.152e+02 1.416e+03
s>        ( - -2.935e+05 5 0)
s>        ( - -2.352e+04 4 0))INFO: dtree.c(1315): Comp split 19
INFO: dtree.c(1439): stop. leaf nodes are specific
INFO: dtree.c(1478): Final simple tree
|( QUESTION12 1 -1.820e+05 8.266e+02 8.044e+02
|    ( WDBNDRY_E 0 -8.440e+04 2.186e+02 3.842e+02
|        ( - -8.084e+04 4 0)
|        ( - -3.336e+03 4 0))
|    ( QUESTION0_3_R 1 -9.681e+04 5.197e+02 4.202e+02
|        ( - -8.610e+04 4 0)
|        ( WDBNDRY_E 0 -1.019e+04 1.823e+02 4.658e+01
|            ( - -8.755e+03 2 0)
|            ( - -1.249e+03 2 0))))
s>    ( QUESTION12 1 -1.820e+05 8.266e+02 8.044e+02
s>        ( WDBNDRY_E 0 -8.440e+04 2.186e+02 3.842e+02
s>            ( - -8.084e+04 4 0)
s>            ( - -3.336e+03 4 0))
s>        ( QUESTION0_3_R 1 -9.681e+04 5.197e+02 4.202e+02
s>            ( - -8.610e+04 4 0)
s>            ( WDBNDRY_E 0 -1.019e+04 1.823e+02 4.658e+01
s>                ( - -8.755e+03 2 0)
s>                ( - -1.249e+03 2 0))))INFO: dtree.c(1439): stop. leaf nodes are specific
INFO: dtree.c(1478): Final simple tree
|( QUESTION2_0_L -1 -4.475e+04 1.223e+02 2.052e+02
|    ( WDBNDRY_E 0 -4.431e+04 8.700e+01 2.032e+02
|        ( QUESTION0_7_R 1 -9.230e+02 1.476e+02 4.000e+00
|            ( - -4.742e+02 2 0)
|            ( - -3.012e+02 1 0))
|        ( QUESTION0_7_R 1 -4.330e+04 1.062e+02 1.992e+02
|            ( - -3.430e+02 2 0)
|            ( - -4.285e+04 5 0)))
|    ( - -3.156e+02 1 0))
s>    ( QUESTION2_0_L -1 -4.475e+04 1.223e+02 2.052e+02
s>        ( WDBNDRY_E 0 -4.431e+04 8.700e+01 2.032e+02
s>            ( QUESTION0_7_R 1 -9.230e+02 1.476e+02 4.000e+00
s>                ( - -4.742e+02 2 0)
s>                ( - -3.012e+02 1 0))
s>            ( QUESTION0_7_R 1 -4.330e+04 1.062e+02 1.992e+02
s>                ( - -3.430e+02 2 0)
s>                ( - -4.285e+04 5 0)))
s>        ( - -3.156e+02 1 0))INFO: dtree.c(1315): Comp split 20
INFO: dtree.c(1315): Comp split 21
INFO: dtree.c(1439): stop. leaf nodes are specific
INFO: dtree.c(1478): Final simple tree
|( QUESTION0_10_R 1 -1.286e+05 2.627e+02 5.948e+02
|    ( - -2.551e+04 3 0)
|    ( SILENCE 1 -1.029e+05 1.593e+02 4.736e+02
|        ( QUESTION2_0_L -1 -7.758e+04 1.421e+02 3.579e+02
|            ( - -7.669e+04 5 0)
|            ( - -7.407e+02 1 0))
|        ( - -2.513e+04 5 0)))
s>    ( QUESTION0_10_R 1 -1.286e+05 2.627e+02 5.948e+02
s>        ( - -2.551e+04 3 0)
s>        ( SILENCE 1 -1.029e+05 1.593e+02 4.736e+02
s>            ( QUESTION2_0_L -1 -7.758e+04 1.421e+02 3.579e+02
s>                ( - -7.669e+04 5 0)
s>                ( - -7.407e+02 1 0))
s>            ( - -2.513e+04 5 0)))INFO: dtree.c(1439): stop. leaf nodes are specific
INFO: dtree.c(1478): Final simple tree
|( SILENCE 1 -7.072e+04 4.176e+02 3.216e+02
|    ( - 1.766e+02 1 0)
|    ( QUESTION0_17_R 1 -7.048e+04 2.377e+02 3.206e+02
|        ( - -5.655e+04 7 0)
|        ( QUESTION0_9_R 1 -1.369e+04 1.054e+02 6.160e+01
|            ( - -1.912e+03 2 0)
|            ( WDBNDRY_E 0 -1.167e+04 8.622e+01 5.260e+01
|                ( - -9.939e+03 3 0)
|                ( - -1.643e+03 3 0)))))
s>    ( SILENCE 1 -7.072e+04 4.176e+02 3.216e+02
s>        ( - 1.766e+02 1 0)
s>        ( QUESTION0_17_R 1 -7.048e+04 2.377e+02 3.206e+02
s>            ( - -5.655e+04 7 0)
s>            ( QUESTION0_9_R 1 -1.369e+04 1.054e+02 6.160e+01
s>                ( - -1.912e+03 2 0)
s>                ( WDBNDRY_E 0 -1.167e+04 8.622e+01 5.260e+01
s>                    ( - -9.939e+03 3 0)
s>                    ( - -1.643e+03 3 0)))))INFO: dtree.c(1315): Comp split 22
INFO: dtree.c(1439): stop. leaf nodes are specific
INFO: dtree.c(1478): Final simple tree
|( QUESTION2 -1 -1.390e+05 7.037e+02 6.166e+02
|    ( - -6.587e+04 5 0)
|    ( QUESTION19 -1 -7.242e+04 2.177e+02 3.194e+02
|        ( - -6.502e+04 4 0)
|        ( - -7.180e+03 6 0)))
s>    ( QUESTION2 -1 -1.390e+05 7.037e+02 6.166e+02
s>        ( - -6.587e+04 5 0)
s>        ( QUESTION19 -1 -7.242e+04 2.177e+02 3.194e+02
s>            ( - -6.502e+04 4 0)
s>            ( - -7.180e+03 6 0)))INFO: dtree.c(1315): Comp split 23
INFO: dtree.c(1439): stop. leaf nodes are specific
INFO: dtree.c(1478): Final simple tree
|( QUESTION2_0_L -1 -1.268e+05 1.727e+02 5.500e+02
|    ( WDBNDRY_E 0 -1.259e+05 1.524e+02 5.470e+02
|        ( - -1.255e+05 22 0)
|        ( - -3.009e+02 1 0))
|    ( - -7.422e+02 1 0))
s>    ( QUESTION2_0_L -1 -1.268e+05 1.727e+02 5.500e+02
s>        ( WDBNDRY_E 0 -1.259e+05 1.524e+02 5.470e+02
s>            ( - -1.255e+05 22 0)
s>            ( - -3.009e+02 1 0))
s>        ( - -7.422e+02 1 0))INFO: dtree.c(1315): Comp split 24
INFO: dtree.c(1439): stop. leaf nodes are specific
INFO: dtree.c(1478): Final simple tree
|( QUESTION0_3_R 1 -1.003e+05 5.043e+02 4.352e+02
|    ( WDBNDRY_E 0 -8.965e+04 2.126e+02 3.886e+02
|        ( - -8.610e+04 4 0)
|        ( - -3.336e+03 4 0))
|    ( WDBNDRY_E 0 -1.019e+04 1.823e+02 4.658e+01
|        ( - -8.755e+03 2 0)
|        ( - -1.249e+03 2 0)))
s>    ( QUESTION0_3_R 1 -1.003e+05 5.043e+02 4.352e+02
s>        ( WDBNDRY_E 0 -8.965e+04 2.126e+02 3.886e+02
s>            ( - -8.610e+04 4 0)
s>            ( - -3.336e+03 4 0))
s>        ( WDBNDRY_E 0 -1.019e+04 1.823e+02 4.658e+01
s>            ( - -8.755e+03 2 0)
s>            ( - -1.249e+03 2 0)))INFO: dtree.c(1315): Comp split 25
INFO: dtree.c(1439): stop. leaf nodes are specific
INFO: dtree.c(1478): Final simple tree
|( WDBNDRY_E 0 -7.287e+04 5.803e+02 3.345e+02
|    ( QUESTION19 1 -5.228e+04 1.438e+02 2.385e+02
|        ( - -4.840e+04 8 0)
|        ( QUESTION0_11_R 1 -3.736e+03 1.101e+02 1.598e+01
|            ( - -2.781e+03 5 0)
|            ( - -8.453e+02 2 0)))
|    ( - -2.001e+04 3 0))
s>    ( WDBNDRY_E 0 -7.287e+04 5.803e+02 3.345e+02
s>        ( QUESTION19 1 -5.228e+04 1.438e+02 2.385e+02
s>            ( - -4.840e+04 8 0)
s>            ( QUESTION0_11_R 1 -3.736e+03 1.101e+02 1.598e+01
s>                ( - -2.781e+03 5 0)
s>                ( - -8.453e+02 2 0)))
s>        ( - -2.001e+04 3 0))INFO: dtree.c(1315): Comp split 26
INFO: dtree.c(1439): stop. leaf nodes are specific
INFO: dtree.c(1478): Final simple tree
|( QUESTION2_0_L -1 -1.490e+06 1.840e+02 6.790e+03
|    ( - -1.479e+06 25 0)
|    ( - -1.041e+04 3 0))
s>    ( QUESTION2_0_L -1 -1.490e+06 1.840e+02 6.790e+03
s>        ( - -1.479e+06 25 0)
s>        ( - -1.041e+04 3 0))INFO: dtree.c(1315): Comp split 27
INFO: dtree.c(1439): stop. leaf nodes are specific
INFO: dtree.c(1478): Final simple tree
|( QUESTION19 -1 -7.242e+04 2.177e+02 3.194e+02
|    ( - -6.502e+04 4 0)
|    ( - -7.180e+03 6 0))
s>    ( QUESTION19 -1 -7.242e+04 2.177e+02 3.194e+02
s>        ( - -6.502e+04 4 0)
s>        ( - -7.180e+03 6 0))INFO: dtree.c(1315): Comp split 28
INFO: dtree.c(1439): stop. leaf nodes are specific
INFO: dtree.c(1478): Final simple tree
|( QUESTION17 1 -1.092e+05 2.906e+02 5.219e+02
|    ( - -1.142e+04 7 0)
|    ( QUESTION2_0_L -1 -9.746e+04 2.817e+02 4.687e+02
|        ( - -9.552e+04 4 0)
|        ( - -1.653e+03 1 0)))
s>    ( QUESTION17 1 -1.092e+05 2.906e+02 5.219e+02
s>        ( - -1.142e+04 7 0)
s>        ( QUESTION2_0_L -1 -9.746e+04 2.817e+02 4.687e+02
s>            ( - -9.552e+04 4 0)
s>            ( - -1.653e+03 1 0)))INFO: dtree.c(1439): stop. leaf nodes are specific
INFO: dtree.c(1478): Final simple tree
|( QUESTION17 1 -3.745e+04 2.628e+02 1.752e+02
|    ( - -1.015e+04 5 0)
|    ( - -2.704e+04 5 0))
s>    ( QUESTION17 1 -3.745e+04 2.628e+02 1.752e+02
s>        ( - -1.015e+04 5 0)
s>        ( - -2.704e+04 5 0))INFO: dtree.c(1315): Comp split 29
INFO: dtree.c(1439): stop. leaf nodes are specific
INFO: dtree.c(1478): Final simple tree
|( QUESTION19 1 -5.228e+04 1.438e+02 2.385e+02
|    ( - -4.840e+04 8 0)
|    ( QUESTION0_11_R 1 -3.736e+03 1.101e+02 1.598e+01
|        ( - -2.781e+03 5 0)
|        ( - -8.453e+02 2 0)))
s>    ( QUESTION19 1 -5.228e+04 1.438e+02 2.385e+02
s>        ( - -4.840e+04 8 0)
s>        ( QUESTION0_11_R 1 -3.736e+03 1.101e+02 1.598e+01
s>            ( - -2.781e+03 5 0)
s>            ( - -8.453e+02 2 0)))INFO: dtree.c(1315): Comp split 30
INFO: dtree.c(1439): stop. leaf nodes are specific
INFO: dtree.c(1478): Final simple tree
|( WDBNDRY_E 0 -8.965e+04 2.126e+02 3.886e+02
|    ( - -8.610e+04 4 0)
|    ( - -3.336e+03 4 0))
s>    ( WDBNDRY_E 0 -8.965e+04 2.126e+02 3.886e+02
s>        ( - -8.610e+04 4 0)
s>        ( - -3.336e+03 4 0))INFO: dtree.c(1439): stop. leaf nodes are specific
INFO: dtree.c(1478): Final simple tree
|( WDBNDRY_E 0 -1.019e+04 1.823e+02 4.658e+01
|    ( - -8.755e+03 2 0)
|    ( - -1.249e+03 2 0))
s>    ( WDBNDRY_E 0 -1.019e+04 1.823e+02 4.658e+01
s>        ( - -8.755e+03 2 0)
s>        ( - -1.249e+03 2 0))INFO: dtree.c(1315): Comp split 31
INFO: dtree.c(1315): Comp split 32
INFO: dtree.c(1478): Final simple tree
|( QUESTION20 -1 -1.487e+05 2.143e+02 6.713e+02
|    ( - -3.129e+04 7 0)
|    ( QUESTION2 -1 -1.172e+05 1.984e+02 5.305e+02
|        ( QUESTION5 -1 -2.668e+04 1.611e+02 1.199e+02
|            ( QUESTION9 -1 -1.132e+04 1.322e+02 5.117e+01
|                ( - -2.669e+03 3 0)
|                ( QUESTION6 -1 -8.517e+03 1.276e+02 3.817e+01
|                    ( - -7.532e+03 4 0)
|                    ( - -8.575e+02 1 0)))
|            ( QUESTION2_15_L -1 -1.520e+04 1.141e+02 6.875e+01
|                ( - -9.515e+03 4 0)
|                ( QUESTION11 -1 -5.571e+03 1.926e+02 2.600e+01
|                    ( - -2.829e+02 1 0)
|                    ( - -5.096e+03 3 0))))
|        ( - -9.034e+04 5 0)))
s>    ( QUESTION20 -1 -1.487e+05 2.143e+02 6.713e+02
s>        ( - -3.129e+04 7 0)
s>        ( QUESTION2 -1 -1.172e+05 1.984e+02 5.305e+02
s>            ( QUESTION5 -1 -2.668e+04 1.611e+02 1.199e+02
s>                ( QUESTION9 -1 -1.132e+04 1.322e+02 5.117e+01
s>                    ( - -2.669e+03 3 0)
s>                    ( QUESTION6 -1 -8.517e+03 1.276e+02 3.817e+01
s>                        ( - -7.532e+03 4 0)
s>                        ( - -8.575e+02 1 0)))
s>                ( QUESTION2_15_L -1 -1.520e+04 1.141e+02 6.875e+01
s>                    ( - -9.515e+03 4 0)
s>                    ( QUESTION11 -1 -5.571e+03 1.926e+02 2.600e+01
s>                        ( - -2.829e+02 1 0)
s>                        ( - -5.096e+03 3 0))))
s>            ( - -9.034e+04 5 0)))INFO: dtree.c(1315): Comp split 33
INFO: dtree.c(1439): stop. leaf nodes are specific
INFO: dtree.c(1478): Final simple tree
|( QUESTION0_17_R 1 -7.048e+04 2.377e+02 3.206e+02
|    ( - -5.655e+04 7 0)
|    ( QUESTION0_9_R 1 -1.369e+04 1.054e+02 6.160e+01
|        ( - -1.912e+03 2 0)
|        ( WDBNDRY_E 0 -1.167e+04 8.622e+01 5.260e+01
|            ( - -9.939e+03 3 0)
|            ( - -1.643e+03 3 0))))
s>    ( QUESTION0_17_R 1 -7.048e+04 2.377e+02 3.206e+02
s>        ( - -5.655e+04 7 0)
s>        ( QUESTION0_9_R 1 -1.369e+04 1.054e+02 6.160e+01
s>            ( - -1.912e+03 2 0)
s>            ( WDBNDRY_E 0 -1.167e+04 8.622e+01 5.260e+01
s>                ( - -9.939e+03 3 0)
s>                ( - -1.643e+03 3 0))))INFO: dtree.c(1315): Comp split 34
INFO: dtree.c(1315): Comp split 35
INFO: dtree.c(1315): Comp split 36
INFO: dtree.c(1439): stop. leaf nodes are specific
INFO: dtree.c(1478): Final simple tree
|( QUESTION2_0_L -1 -9.746e+04 2.817e+02 4.687e+02
|    ( - -9.552e+04 4 0)
|    ( - -1.653e+03 1 0))
s>    ( QUESTION2_0_L -1 -9.746e+04 2.817e+02 4.687e+02
s>        ( - -9.552e+04 4 0)
s>        ( - -1.653e+03 1 0))INFO: dtree.c(1315): Comp split 37
INFO: dtree.c(1315): Comp split 38
INFO: dtree.c(1315): Comp split 39
INFO: dtree.c(1439): stop. leaf nodes are specific
INFO: dtree.c(1478): Final simple tree
|( SILENCE 1 -1.029e+05 1.593e+02 4.736e+02
|    ( QUESTION2_0_L -1 -7.758e+04 1.421e+02 3.579e+02
|        ( - -7.669e+04 5 0)
|        ( - -7.407e+02 1 0))
|    ( - -2.513e+04 5 0))
s>    ( SILENCE 1 -1.029e+05 1.593e+02 4.736e+02
s>        ( QUESTION2_0_L -1 -7.758e+04 1.421e+02 3.579e+02
s>            ( - -7.669e+04 5 0)
s>            ( - -7.407e+02 1 0))
s>        ( - -2.513e+04 5 0))INFO: dtree.c(1315): Comp split 40
INFO: dtree.c(1439): stop. leaf nodes are specific
INFO: dtree.c(1478): Final simple tree
|( QUESTION0_9_R 1 -1.369e+04 1.054e+02 6.160e+01
|    ( - -1.912e+03 2 0)
|    ( WDBNDRY_E 0 -1.167e+04 8.622e+01 5.260e+01
|        ( - -9.939e+03 3 0)
|        ( - -1.643e+03 3 0)))
s>    ( QUESTION0_9_R 1 -1.369e+04 1.054e+02 6.160e+01
s>        ( - -1.912e+03 2 0)
s>        ( WDBNDRY_E 0 -1.167e+04 8.622e+01 5.260e+01
s>            ( - -9.939e+03 3 0)
s>            ( - -1.643e+03 3 0)))INFO: dtree.c(1315): Comp split 41
INFO: dtree.c(1315): Comp split 42
INFO: dtree.c(1439): stop. leaf nodes are specific
INFO: dtree.c(1478): Final simple tree
|( QUESTION2 -1 -1.172e+05 1.984e+02 5.305e+02
|    ( QUESTION5 -1 -2.668e+04 1.611e+02 1.199e+02
|        ( QUESTION9 -1 -1.132e+04 1.322e+02 5.117e+01
|            ( - -2.669e+03 3 0)
|            ( QUESTION6 -1 -8.517e+03 1.276e+02 3.817e+01
|                ( - -7.532e+03 4 0)
|                ( - -8.575e+02 1 0)))
|        ( QUESTION2_15_L -1 -1.520e+04 1.141e+02 6.875e+01
|            ( - -9.515e+03 4 0)
|            ( QUESTION11 -1 -5.571e+03 1.926e+02 2.600e+01
|                ( - -2.829e+02 1 0)
|                ( - -5.096e+03 3 0))))
|    ( - -9.034e+04 5 0))
s>    ( QUESTION2 -1 -1.172e+05 1.984e+02 5.305e+02
s>        ( QUESTION5 -1 -2.668e+04 1.611e+02 1.199e+02
s>            ( QUESTION9 -1 -1.132e+04 1.322e+02 5.117e+01
s>                ( - -2.669e+03 3 0)
s>                ( QUESTION6 -1 -8.517e+03 1.276e+02 3.817e+01
s>                    ( - -7.532e+03 4 0)
s>                    ( - -8.575e+02 1 0)))
s>            ( QUESTION2_15_L -1 -1.520e+04 1.141e+02 6.875e+01
s>                ( - -9.515e+03 4 0)
s>                ( QUESTION11 -1 -5.571e+03 1.926e+02 2.600e+01
s>                    ( - -2.829e+02 1 0)
s>                    ( - -5.096e+03 3 0))))
s>        ( - -9.034e+04 5 0))INFO: dtree.c(1315): Comp split 43
INFO: dtree.c(1315): Comp split 44
INFO: dtree.c(1439): stop. leaf nodes are specific
INFO: dtree.c(1478): Final simple tree
|( QUESTION5 -1 -2.100e+04 1.619e+02 9.393e+01
|    ( QUESTION9 -1 -1.132e+04 1.322e+02 5.117e+01
|        ( - -2.669e+03 3 0)
|        ( QUESTION6 -1 -8.517e+03 1.276e+02 3.817e+01
|            ( - -7.532e+03 4 0)
|            ( - -8.575e+02 1 0)))
|    ( - -9.515e+03 4 0))
s>    ( QUESTION5 -1 -2.100e+04 1.619e+02 9.393e+01
s>        ( QUESTION9 -1 -1.132e+04 1.322e+02 5.117e+01
s>            ( - -2.669e+03 3 0)
s>            ( QUESTION6 -1 -8.517e+03 1.276e+02 3.817e+01
s>                ( - -7.532e+03 4 0)
s>                ( - -8.575e+02 1 0)))
s>        ( - -9.515e+03 4 0))INFO: dtree.c(1439): stop. leaf nodes are specific
INFO: dtree.c(1478): Final simple tree
|( QUESTION11 -1 -9.602e+04 1.867e+02 4.366e+02
|    ( - -2.829e+02 1 0)
|    ( QUESTION2 -1 -9.555e+04 1.134e+02 4.346e+02
|        ( - -5.096e+03 3 0)
|        ( - -9.034e+04 5 0)))
s>    ( QUESTION11 -1 -9.602e+04 1.867e+02 4.366e+02
s>        ( - -2.829e+02 1 0)
s>        ( QUESTION2 -1 -9.555e+04 1.134e+02 4.346e+02
s>            ( - -5.096e+03 3 0)
s>            ( - -9.034e+04 5 0)))INFO: dtree.c(1315): Comp split 45
INFO: dtree.c(1439): stop. leaf nodes are specific
INFO: dtree.c(1478): Final simple tree
|( QUESTION2 -1 -9.555e+04 1.134e+02 4.346e+02
|    ( - -5.096e+03 3 0)
|    ( - -9.034e+04 5 0))
s>    ( QUESTION2 -1 -9.555e+04 1.134e+02 4.346e+02
s>        ( - -5.096e+03 3 0)
s>        ( - -9.034e+04 5 0))INFO: dtree.c(1315): Comp split 46
INFO: dtree.c(1315): Comp split 47
INFO: dtree.c(1315): Comp split 48
INFO: dtree.c(1439): stop. leaf nodes are specific
INFO: dtree.c(1478): Final simple tree
|( WDBNDRY_E 0 -1.259e+05 1.524e+02 5.470e+02
|    ( - -1.255e+05 22 0)
|    ( - -3.009e+02 1 0))
s>    ( WDBNDRY_E 0 -1.259e+05 1.524e+02 5.470e+02
s>        ( - -1.255e+05 22 0)
s>        ( - -3.009e+02 1 0))INFO: dtree.c(1315): Comp split 49
INFO: dtree.c(1315): Comp split 50
INFO: dtree.c(1439): stop. leaf nodes are specific
INFO: dtree.c(1478): Final simple tree
|( QUESTION5 -1 -1.050e+04 1.310e+02 4.675e+01
|    ( - -8.575e+02 1 0)
|    ( - -9.515e+03 4 0))
s>    ( QUESTION5 -1 -1.050e+04 1.310e+02 4.675e+01
s>        ( - -8.575e+02 1 0)
s>        ( - -9.515e+03 4 0))INFO: dtree.c(1439): stop. leaf nodes are specific
INFO: dtree.c(1478): Final simple tree
|( QUESTION6 -1 -1.033e+04 1.277e+02 4.717e+01
|    ( - -7.532e+03 4 0)
|    ( - -2.669e+03 3 0))
s>    ( QUESTION6 -1 -1.033e+04 1.277e+02 4.717e+01
s>        ( - -7.532e+03 4 0)
s>        ( - -2.669e+03 3 0))INFO: dtree.c(1315): Comp split 51
INFO: dtree.c(1439): stop. leaf nodes are specific
INFO: dtree.c(1478): Final simple tree
|( SILENCE 1 -2.602e+04 1.418e+02 1.197e+02
|    ( - -7.407e+02 1 0)
|    ( - -2.513e+04 5 0))
s>    ( SILENCE 1 -2.602e+04 1.418e+02 1.197e+02
s>        ( - -7.407e+02 1 0)
s>        ( - -2.513e+04 5 0))INFO: dtree.c(1315): Comp split 52
INFO: dtree.c(1315): Comp split 53
INFO: dtree.c(1439): stop. leaf nodes are specific
INFO: dtree.c(1478): Final simple tree
|( QUESTION0_11_R 1 -3.736e+03 1.101e+02 1.598e+01
|    ( - -2.781e+03 5 0)
|    ( - -8.453e+02 2 0))
s>    ( QUESTION0_11_R 1 -3.736e+03 1.101e+02 1.598e+01
s>        ( - -2.781e+03 5 0)
s>        ( - -8.453e+02 2 0))INFO: dtree.c(1315): Comp split 54
INFO: dtree.c(1315): Comp split 55
INFO: dtree.c(1315): Comp split 56
INFO: dtree.c(1439): stop. leaf nodes are specific
INFO: dtree.c(1478): Final simple tree
|( QUESTION2_0_L -1 -4.432e+04 1.226e+02 2.032e+02
|    ( WDBNDRY_E 0 -4.388e+04 1.044e+02 2.012e+02
|        ( - -4.742e+02 2 0)
|        ( QUESTION0_7_R 1 -4.330e+04 1.062e+02 1.992e+02
|            ( - -3.430e+02 2 0)
|            ( - -4.285e+04 5 0)))
|    ( - -3.156e+02 1 0))
s>    ( QUESTION2_0_L -1 -4.432e+04 1.226e+02 2.032e+02
s>        ( WDBNDRY_E 0 -4.388e+04 1.044e+02 2.012e+02
s>            ( - -4.742e+02 2 0)
s>            ( QUESTION0_7_R 1 -4.330e+04 1.062e+02 1.992e+02
s>                ( - -3.430e+02 2 0)
s>                ( - -4.285e+04 5 0)))
s>        ( - -3.156e+02 1 0))INFO: dtree.c(1315): Comp split 57
INFO: dtree.c(1315): Comp split 58
INFO: dtree.c(1439): stop. leaf nodes are specific
INFO: dtree.c(1478): Final simple tree
|( WDBNDRY_E 0 -4.388e+04 1.044e+02 2.012e+02
|    ( - -4.742e+02 2 0)
|    ( QUESTION0_7_R 1 -4.330e+04 1.062e+02 1.992e+02
|        ( - -3.430e+02 2 0)
|        ( - -4.285e+04 5 0)))
s>    ( WDBNDRY_E 0 -4.388e+04 1.044e+02 2.012e+02
s>        ( - -4.742e+02 2 0)
s>        ( QUESTION0_7_R 1 -4.330e+04 1.062e+02 1.992e+02
s>            ( - -3.430e+02 2 0)
s>            ( - -4.285e+04 5 0)))INFO: dtree.c(1315): Comp split 59
INFO: dtree.c(1315): Comp split 60
INFO: dtree.c(1315): Comp split 61
INFO: dtree.c(1315): Comp split 62
INFO: dtree.c(1439): stop. leaf nodes are specific
INFO: dtree.c(1478): Final simple tree
|( WDBNDRY_E 0 -4.343e+04 1.046e+02 1.992e+02
|    ( - -4.742e+02 2 0)
|    ( - -4.285e+04 5 0))
s>    ( WDBNDRY_E 0 -4.343e+04 1.046e+02 1.992e+02
s>        ( - -4.742e+02 2 0)
s>        ( - -4.285e+04 5 0))INFO: dtree.c(1315): Comp split 63
INFO: dtree.c(1439): stop. leaf nodes are specific
INFO: dtree.c(1478): Final simple tree
|( WDBNDRY_E 0 -1.167e+04 8.622e+01 5.260e+01
|    ( - -9.939e+03 3 0)
|    ( - -1.643e+03 3 0))
s>    ( WDBNDRY_E 0 -1.167e+04 8.622e+01 5.260e+01
s>        ( - -9.939e+03 3 0)
s>        ( - -1.643e+03 3 0))INFO: dtree.c(1315): Comp split 64
INFO: dtree.c(1315): Comp split 65
INFO: dtree.c(1315): Comp split 66
INFO: dtree.c(1318): stop. leaf nodes are specific
Fri Mar 31 15:57:25 2023
