Current configuration:
[NAME]		[DEFLT]	[VALUE]
-allphones	no	no
-cntthresh	0.00001	1.000000e-05
-csplitmax	100	2000
-csplitmin	1	1
-csplitthr	8e-4	0.000000e+00
-example	no	no
-fullvar	no	no
-help		no	no
-meanfn			/home/lucija/Documents/Zadnji semestar/ROGJ/Prezentacije/CMUspinx/tutorial12/model_parameters/my_db.cd_cont_untied/means
-mixwfn			/home/lucija/Documents/Zadnji semestar/ROGJ/Prezentacije/CMUspinx/tutorial12/model_parameters/my_db.cd_cont_untied/mixture_weights
-moddeffn		/home/lucija/Documents/Zadnji semestar/ROGJ/Prezentacije/CMUspinx/tutorial12/model_architecture/my_db.untied.mdef
-mwfloor	1e-4	1.000000e-08
-phone			g
-psetfn			/home/lucija/Documents/Zadnji semestar/ROGJ/Prezentacije/CMUspinx/tutorial12/model_architecture/my_db.tree_questions
-ssplitmax	5	7
-ssplitmin	1	1
-ssplitthr	8e-4	0.000000e+00
-state			2
-stwt			1.0,0.05,0.0,
-treefn			/home/lucija/Documents/Zadnji semestar/ROGJ/Prezentacije/CMUspinx/tutorial12/trees/my_db.unpruned/g-2.dtree
-ts2cbfn	.semi.	.cont.
-varfloor	0.00001	1.000000e-05
-varfn			/home/lucija/Documents/Zadnji semestar/ROGJ/Prezentacije/CMUspinx/tutorial12/model_parameters/my_db.cd_cont_untied/variances

INFO: main.c(223): Reading: /home/lucija/Documents/Zadnji semestar/ROGJ/Prezentacije/CMUspinx/tutorial12/model_architecture/my_db.untied.mdef
INFO: model_def_io.c(573): Model definition info:
INFO: model_def_io.c(574): 10394 total models defined (32 base, 10362 tri)
INFO: model_def_io.c(575): 41576 total states
INFO: model_def_io.c(576): 31182 total tied states
INFO: model_def_io.c(577): 96 total tied CI states
INFO: model_def_io.c(578): 32 total tied transition matrices
INFO: model_def_io.c(579): 4 max state/model
INFO: model_def_io.c(580): 4 min state/model
INFO: main.c(242): Building trees for [g NOISE a b] through [g ć o b]
INFO: main.c(268): Covering states |[9261 9890]| == 630
INFO: main.c(275): Reading: /home/lucija/Documents/Zadnji semestar/ROGJ/Prezentacije/CMUspinx/tutorial12/model_parameters/my_db.cd_cont_untied/mixture_weights
INFO: s3mixw_io.c(172): Read /home/lucija/Documents/Zadnji semestar/ROGJ/Prezentacije/CMUspinx/tutorial12/model_parameters/my_db.cd_cont_untied/mixture_weights [630x1x1 array]
INFO: main.c(311): 209 of 210 models have observation count greater than 0.000010
INFO: main.c(95): nrm stwt: 0.000 0.048 0.952 
INFO: s3gau_io.c(168): Read /home/lucija/Documents/Zadnji semestar/ROGJ/Prezentacije/CMUspinx/tutorial12/model_parameters/my_db.cd_cont_untied/means [31182x1x1 array]
INFO: s3gau_io.c(168): Read /home/lucija/Documents/Zadnji semestar/ROGJ/Prezentacije/CMUspinx/tutorial12/model_parameters/my_db.cd_cont_untied/variances [31182x1x1 array]
INFO: main.c(549): Reading: /home/lucija/Documents/Zadnji semestar/ROGJ/Prezentacije/CMUspinx/tutorial12/model_architecture/my_db.tree_questions
INFO: main.c(587): 180 total simple questions (172 phone; 8 word bndry)
INFO: main.c(589): 42 Left Only questions, and 42 Right Only questions
INFO: dtree.c(1478): Final simple tree
|( QUESTION0_0_R 1 -3.721e+06 2.322e+04 1.630e+04
|    ( QUESTION0 1 -2.040e+06 9.196e+03 8.885e+03
|        ( WDBNDRY_E 0 -1.389e+06 1.009e+04 6.088e+03
|            ( - -2.608e+05 13 0 QUESTION0 -1 1.897e+02 1.166e+03)
|            ( - -1.118e+06 85 0 WDBNDRY_B 0 1.816e+03 4.922e+03))
|        ( WDBNDRY_B 0 -6.416e+05 4.066e+03 2.798e+03
|            ( - -2.380e+05 28 0 QUESTION4 -1 6.134e+02 1.061e+03)
|            ( - -3.995e+05 18 0 QUESTION2_6_L -1 1.015e+03 1.737e+03)))
|    ( QUESTION0_17_R 1 -1.658e+06 1.005e+04 7.414e+03
|        ( - -6.057e+05 11 0 WDBNDRY_E 0 3.735e+03 2.742e+03)
|        ( WDBNDRY_E 0 -1.042e+06 9.151e+03 4.672e+03
|            ( QUESTION0_3_R 1 -6.654e+05 3.900e+03 2.989e+03
|                ( - -1.328e+05 6 0 QUESTION11 1 1.288e+03 5.995e+02)
|                ( - -5.287e+05 35 0 QUESTION0_12_R 1 2.257e+03 2.389e+03))
|            ( - -3.679e+05 13 0 WDBNDRY_B 0 7.589e+02 1.683e+03))))
s>    ( QUESTION0_0_R 1 -3.721e+06 2.322e+04 1.630e+04
s>        ( QUESTION0 1 -2.040e+06 9.196e+03 8.885e+03
s>            ( WDBNDRY_E 0 -1.389e+06 1.009e+04 6.088e+03
s>                ( - -2.608e+05 13 0 QUESTION0 -1 1.897e+02 1.166e+03)
s>                ( - -1.118e+06 85 0 WDBNDRY_B 0 1.816e+03 4.922e+03))
s>            ( WDBNDRY_B 0 -6.416e+05 4.066e+03 2.798e+03
s>                ( - -2.380e+05 28 0 QUESTION4 -1 6.134e+02 1.061e+03)
s>                ( - -3.995e+05 18 0 QUESTION2_6_L -1 1.015e+03 1.737e+03)))
s>        ( QUESTION0_17_R 1 -1.658e+06 1.005e+04 7.414e+03
s>            ( - -6.057e+05 11 0 WDBNDRY_E 0 3.735e+03 2.742e+03)
s>            ( WDBNDRY_E 0 -1.042e+06 9.151e+03 4.672e+03
s>                ( QUESTION0_3_R 1 -6.654e+05 3.900e+03 2.989e+03
s>                    ( - -1.328e+05 6 0 QUESTION11 1 1.288e+03 5.995e+02)
s>                    ( - -5.287e+05 35 0 QUESTION0_12_R 1 2.257e+03 2.389e+03))
s>                ( - -3.679e+05 13 0 WDBNDRY_B 0 7.589e+02 1.683e+03))))INFO: dtree.c(1315): Comp split 0
INFO: dtree.c(1478): Final simple tree
|( QUESTION0_17_R 1 -1.925e+06 1.058e+04 8.580e+03
|    ( WDBNDRY_E 0 -6.057e+05 3.735e+03 2.742e+03
|        ( - -1.690e+05 6 0)
|        ( - -4.330e+05 5 0 QUESTION0 -1 1.673e+02 1.978e+03))
|    ( WDBNDRY_E 0 -1.309e+06 9.817e+03 5.838e+03
|        ( QUESTION0_0_R 1 -9.314e+05 5.201e+03 4.155e+03
|            ( - -2.608e+05 13 0 QUESTION0 -1 1.897e+02 1.166e+03)
|            ( QUESTION0_3_R 1 -6.654e+05 3.900e+03 2.989e+03
|                ( QUESTION11 1 -1.328e+05 1.288e+03 5.995e+02
|                    ( - -4.729e+04 3 0 QUESTION0 -1 1.851e+02 2.161e+02)
|                    ( - -8.422e+04 3 0 QUESTION0 -1 4.138e+02 3.834e+02))
|                ( QUESTION0_12_R 1 -5.287e+05 2.257e+03 2.389e+03
|                    ( - -9.699e+04 2 0)
|                    ( - -4.294e+05 33 0 QUESTION0_6_R 1 1.118e+03 1.937e+03))))
|        ( - -3.679e+05 13 0 WDBNDRY_B 0 7.589e+02 1.683e+03)))
s>    ( QUESTION0_17_R 1 -1.925e+06 1.058e+04 8.580e+03
s>        ( WDBNDRY_E 0 -6.057e+05 3.735e+03 2.742e+03
s>            ( - -1.690e+05 6 0)
s>            ( - -4.330e+05 5 0 QUESTION0 -1 1.673e+02 1.978e+03))
s>        ( WDBNDRY_E 0 -1.309e+06 9.817e+03 5.838e+03
s>            ( QUESTION0_0_R 1 -9.314e+05 5.201e+03 4.155e+03
s>                ( - -2.608e+05 13 0 QUESTION0 -1 1.897e+02 1.166e+03)
s>                ( QUESTION0_3_R 1 -6.654e+05 3.900e+03 2.989e+03
s>                    ( QUESTION11 1 -1.328e+05 1.288e+03 5.995e+02
s>                        ( - -4.729e+04 3 0 QUESTION0 -1 1.851e+02 2.161e+02)
s>                        ( - -8.422e+04 3 0 QUESTION0 -1 4.138e+02 3.834e+02))
s>                    ( QUESTION0_12_R 1 -5.287e+05 2.257e+03 2.389e+03
s>                        ( - -9.699e+04 2 0)
s>                        ( - -4.294e+05 33 0 QUESTION0_6_R 1 1.118e+03 1.937e+03))))
s>            ( - -3.679e+05 13 0 WDBNDRY_B 0 7.589e+02 1.683e+03)))INFO: dtree.c(1478): Final simple tree
|( QUESTION0 1 -1.771e+06 1.137e+04 7.719e+03
|    ( WDBNDRY_B 0 -1.118e+06 1.816e+03 4.922e+03
|        ( - -2.109e+05 44 0 QUESTION0 -1 4.160e+02 9.407e+02)
|        ( QUESTION14 -1 -9.054e+05 5.097e+02 3.981e+03
|            ( - -1.644e+04 9 0)
|            ( - -8.884e+05 32 0 QUESTION2_0_L -1 3.128e+02 3.906e+03)))
|    ( WDBNDRY_B 0 -6.416e+05 4.066e+03 2.798e+03
|        ( QUESTION4 -1 -2.380e+05 6.134e+02 1.061e+03
|            ( - -3.162e+04 2 0 QUESTION11 -1 1.621e+02 1.439e+02)
|            ( - -2.058e+05 26 0 QUESTION1 -1 3.942e+02 9.167e+02))
|        ( QUESTION2_6_L -1 -3.995e+05 1.015e+03 1.737e+03
|            ( - -2.877e+04 3 0 QUESTION2 -1 1.217e+02 1.280e+02)
|            ( WDBNDRY_E 0 -3.697e+05 6.779e+02 1.609e+03
|                ( - -1.339e+04 3 0)
|                ( - -3.557e+05 12 0 QUESTION0 -1 1.426e+02 1.549e+03)))))
s>    ( QUESTION0 1 -1.771e+06 1.137e+04 7.719e+03
s>        ( WDBNDRY_B 0 -1.118e+06 1.816e+03 4.922e+03
s>            ( - -2.109e+05 44 0 QUESTION0 -1 4.160e+02 9.407e+02)
s>            ( QUESTION14 -1 -9.054e+05 5.097e+02 3.981e+03
s>                ( - -1.644e+04 9 0)
s>                ( - -8.884e+05 32 0 QUESTION2_0_L -1 3.128e+02 3.906e+03)))
s>        ( WDBNDRY_B 0 -6.416e+05 4.066e+03 2.798e+03
s>            ( QUESTION4 -1 -2.380e+05 6.134e+02 1.061e+03
s>                ( - -3.162e+04 2 0 QUESTION11 -1 1.621e+02 1.439e+02)
s>                ( - -2.058e+05 26 0 QUESTION1 -1 3.942e+02 9.167e+02))
s>            ( QUESTION2_6_L -1 -3.995e+05 1.015e+03 1.737e+03
s>                ( - -2.877e+04 3 0 QUESTION2 -1 1.217e+02 1.280e+02)
s>                ( WDBNDRY_E 0 -3.697e+05 6.779e+02 1.609e+03
s>                    ( - -1.339e+04 3 0)
s>                    ( - -3.557e+05 12 0 QUESTION0 -1 1.426e+02 1.549e+03)))))INFO: dtree.c(1315): Comp split 1
INFO: dtree.c(1478): Final simple tree
|( WDBNDRY_B 0 -6.416e+05 4.066e+03 2.798e+03
|    ( QUESTION4 -1 -2.380e+05 6.134e+02 1.061e+03
|        ( - -3.162e+04 2 0 QUESTION11 -1 1.621e+02 1.439e+02)
|        ( QUESTION1 -1 -2.058e+05 3.942e+02 9.167e+02
|            ( QUESTION19 -1 -2.961e+04 2.411e+02 1.295e+02
|                ( - -3.892e+03 2 0)
|                ( - -2.548e+04 12 0 QUESTION16 -1 1.838e+02 1.115e+02))
|            ( SILENCE -1 -1.758e+05 2.034e+02 7.873e+02
|                ( - -7.759e+03 2 0)
|                ( - -1.678e+05 10 0))))
|    ( QUESTION2_6_L -1 -3.995e+05 1.015e+03 1.737e+03
|        ( - -2.877e+04 3 0 QUESTION2 -1 1.217e+02 1.280e+02)
|        ( WDBNDRY_E 0 -3.697e+05 6.779e+02 1.609e+03
|            ( - -1.339e+04 3 0)
|            ( - -3.557e+05 12 0 QUESTION0 -1 1.426e+02 1.549e+03))))
s>    ( WDBNDRY_B 0 -6.416e+05 4.066e+03 2.798e+03
s>        ( QUESTION4 -1 -2.380e+05 6.134e+02 1.061e+03
s>            ( - -3.162e+04 2 0 QUESTION11 -1 1.621e+02 1.439e+02)
s>            ( QUESTION1 -1 -2.058e+05 3.942e+02 9.167e+02
s>                ( QUESTION19 -1 -2.961e+04 2.411e+02 1.295e+02
s>                    ( - -3.892e+03 2 0)
s>                    ( - -2.548e+04 12 0 QUESTION16 -1 1.838e+02 1.115e+02))
s>                ( SILENCE -1 -1.758e+05 2.034e+02 7.873e+02
s>                    ( - -7.759e+03 2 0)
s>                    ( - -1.678e+05 10 0))))
s>        ( QUESTION2_6_L -1 -3.995e+05 1.015e+03 1.737e+03
s>            ( - -2.877e+04 3 0 QUESTION2 -1 1.217e+02 1.280e+02)
s>            ( WDBNDRY_E 0 -3.697e+05 6.779e+02 1.609e+03
s>                ( - -1.339e+04 3 0)
s>                ( - -3.557e+05 12 0 QUESTION0 -1 1.426e+02 1.549e+03))))INFO: dtree.c(1478): Final simple tree
|( WDBNDRY_B 0 -1.118e+06 1.816e+03 4.922e+03
|    ( QUESTION0 -1 -2.109e+05 4.160e+02 9.407e+02
|        ( QUESTION2_0_L -1 -1.827e+05 2.486e+02 8.185e+02
|            ( - -1.805e+05 19 0)
|            ( - -1.951e+03 1 0))
|        ( QUESTION19 -1 -2.778e+04 2.400e+02 1.222e+02
|            ( - -4.267e+03 1 0)
|            ( - -2.328e+04 23 0 QUESTION11 -1 1.769e+02 1.019e+02)))
|    ( QUESTION14 -1 -9.054e+05 5.097e+02 3.981e+03
|        ( - -1.644e+04 9 0)
|        ( QUESTION2_0_L -1 -8.884e+05 3.128e+02 3.906e+03
|            ( - -8.675e+05 24 0)
|            ( QUESTION18 -1 -2.068e+04 2.871e+02 9.248e+01
|                ( - -2.530e+03 1 0)
|                ( - -1.786e+04 7 0 QUESTION13 -1 1.830e+02 8.019e+01)))))
s>    ( WDBNDRY_B 0 -1.118e+06 1.816e+03 4.922e+03
s>        ( QUESTION0 -1 -2.109e+05 4.160e+02 9.407e+02
s>            ( QUESTION2_0_L -1 -1.827e+05 2.486e+02 8.185e+02
s>                ( - -1.805e+05 19 0)
s>                ( - -1.951e+03 1 0))
s>            ( QUESTION19 -1 -2.778e+04 2.400e+02 1.222e+02
s>                ( - -4.267e+03 1 0)
s>                ( - -2.328e+04 23 0 QUESTION11 -1 1.769e+02 1.019e+02)))
s>        ( QUESTION14 -1 -9.054e+05 5.097e+02 3.981e+03
s>            ( - -1.644e+04 9 0)
s>            ( QUESTION2_0_L -1 -8.884e+05 3.128e+02 3.906e+03
s>                ( - -8.675e+05 24 0)
s>                ( QUESTION18 -1 -2.068e+04 2.871e+02 9.248e+01
s>                    ( - -2.530e+03 1 0)
s>                    ( - -1.786e+04 7 0 QUESTION13 -1 1.830e+02 8.019e+01)))))INFO: dtree.c(1315): Comp split 2
INFO: dtree.c(1439): stop. leaf nodes are specific
INFO: dtree.c(1478): Final simple tree
|( QUESTION0 -1 -4.330e+05 1.673e+02 1.978e+03
|    ( - -4.320e+05 4 0)
|    ( - -8.905e+02 1 0))
s>    ( QUESTION0 -1 -4.330e+05 1.673e+02 1.978e+03
s>        ( - -4.320e+05 4 0)
s>        ( - -8.905e+02 1 0))INFO: dtree.c(1478): Final simple tree
|( WDBNDRY_E 0 -1.481e+06 1.044e+04 6.603e+03
|    ( QUESTION0_0_R 1 -1.103e+06 5.728e+03 4.919e+03
|        ( - -2.608e+05 13 0 QUESTION0 -1 1.897e+02 1.166e+03)
|        ( QUESTION0_3_R 1 -8.363e+05 4.291e+03 3.753e+03
|            ( QUESTION11 1 -1.328e+05 1.288e+03 5.995e+02
|                ( - -4.729e+04 3 0 QUESTION0 -1 1.851e+02 2.161e+02)
|                ( - -8.422e+04 3 0 QUESTION0 -1 4.138e+02 3.834e+02))
|            ( QUESTION0_12_R 1 -6.992e+05 1.969e+03 3.154e+03
|                ( - -9.699e+04 2 0)
|                ( QUESTION0_17_R 1 -6.003e+05 1.851e+03 2.702e+03
|                    ( - -1.690e+05 6 0)
|                    ( QUESTION0_6_R 1 -4.294e+05 1.118e+03 1.937e+03
|                        ( - -1.327e+05 3 0 QUESTION0 -1 4.725e+02 5.999e+02)
|                        ( - -2.956e+05 30 0 QUESTION13 1 8.793e+02 1.337e+03))))))
|    ( - -3.679e+05 13 0 WDBNDRY_B 0 7.589e+02 1.683e+03))
s>    ( WDBNDRY_E 0 -1.481e+06 1.044e+04 6.603e+03
s>        ( QUESTION0_0_R 1 -1.103e+06 5.728e+03 4.919e+03
s>            ( - -2.608e+05 13 0 QUESTION0 -1 1.897e+02 1.166e+03)
s>            ( QUESTION0_3_R 1 -8.363e+05 4.291e+03 3.753e+03
s>                ( QUESTION11 1 -1.328e+05 1.288e+03 5.995e+02
s>                    ( - -4.729e+04 3 0 QUESTION0 -1 1.851e+02 2.161e+02)
s>                    ( - -8.422e+04 3 0 QUESTION0 -1 4.138e+02 3.834e+02))
s>                ( QUESTION0_12_R 1 -6.992e+05 1.969e+03 3.154e+03
s>                    ( - -9.699e+04 2 0)
s>                    ( QUESTION0_17_R 1 -6.003e+05 1.851e+03 2.702e+03
s>                        ( - -1.690e+05 6 0)
s>                        ( QUESTION0_6_R 1 -4.294e+05 1.118e+03 1.937e+03
s>                            ( - -1.327e+05 3 0 QUESTION0 -1 4.725e+02 5.999e+02)
s>                            ( - -2.956e+05 30 0 QUESTION13 1 8.793e+02 1.337e+03))))))
s>        ( - -3.679e+05 13 0 WDBNDRY_B 0 7.589e+02 1.683e+03))INFO: dtree.c(1315): Comp split 3
INFO: dtree.c(1478): Final simple tree
|( QUESTION0_0_R 1 -1.103e+06 5.728e+03 4.919e+03
|    ( - -2.608e+05 13 0 QUESTION0 -1 1.897e+02 1.166e+03)
|    ( QUESTION0_3_R 1 -8.363e+05 4.291e+03 3.753e+03
|        ( QUESTION11 1 -1.328e+05 1.288e+03 5.995e+02
|            ( - -4.729e+04 3 0 QUESTION0 -1 1.851e+02 2.161e+02)
|            ( - -8.422e+04 3 0 QUESTION0 -1 4.138e+02 3.834e+02))
|        ( QUESTION0_12_R 1 -6.992e+05 1.969e+03 3.154e+03
|            ( - -9.699e+04 2 0)
|            ( QUESTION0_17_R 1 -6.003e+05 1.851e+03 2.702e+03
|                ( - -1.690e+05 6 0)
|                ( QUESTION0_6_R 1 -4.294e+05 1.118e+03 1.937e+03
|                    ( - -1.327e+05 3 0 QUESTION0 -1 4.725e+02 5.999e+02)
|                    ( QUESTION13 1 -2.956e+05 8.793e+02 1.337e+03
|                        ( - -2.119e+05 21 0 QUESTION0_20_R 1 6.659e+02 9.617e+02)
|                        ( - -8.276e+04 9 0 QUESTION0_2_R 1 4.943e+02 3.756e+02)))))))
s>    ( QUESTION0_0_R 1 -1.103e+06 5.728e+03 4.919e+03
s>        ( - -2.608e+05 13 0 QUESTION0 -1 1.897e+02 1.166e+03)
s>        ( QUESTION0_3_R 1 -8.363e+05 4.291e+03 3.753e+03
s>            ( QUESTION11 1 -1.328e+05 1.288e+03 5.995e+02
s>                ( - -4.729e+04 3 0 QUESTION0 -1 1.851e+02 2.161e+02)
s>                ( - -8.422e+04 3 0 QUESTION0 -1 4.138e+02 3.834e+02))
s>            ( QUESTION0_12_R 1 -6.992e+05 1.969e+03 3.154e+03
s>                ( - -9.699e+04 2 0)
s>                ( QUESTION0_17_R 1 -6.003e+05 1.851e+03 2.702e+03
s>                    ( - -1.690e+05 6 0)
s>                    ( QUESTION0_6_R 1 -4.294e+05 1.118e+03 1.937e+03
s>                        ( - -1.327e+05 3 0 QUESTION0 -1 4.725e+02 5.999e+02)
s>                        ( QUESTION13 1 -2.956e+05 8.793e+02 1.337e+03
s>                            ( - -2.119e+05 21 0 QUESTION0_20_R 1 6.659e+02 9.617e+02)
s>                            ( - -8.276e+04 9 0 QUESTION0_2_R 1 4.943e+02 3.756e+02)))))))INFO: dtree.c(1478): Final simple tree
|( WDBNDRY_B 0 -3.679e+05 7.589e+02 1.683e+03
|    ( QUESTION13 -1 -2.915e+04 4.683e+02 1.306e+02
|        ( - 2.419e+02 1 0)
|        ( QUESTION0 -1 -2.893e+04 2.219e+02 1.296e+02
|            ( QUESTION2_0_L -1 -1.987e+04 1.403e+02 9.037e+01
|                ( - -1.904e+04 4 0)
|                ( - -6.926e+02 1 0))
|            ( SILENCE -1 -8.831e+03 1.350e+02 3.926e+01
|                ( - -6.455e+03 1 0)
|                ( - -2.242e+03 1 0))))
|    ( QUESTION0_2_R 1 -3.380e+05 2.350e+02 1.553e+03
|        ( - -6.996e+02 1 0)
|        ( QUESTION0_9_R 1 -3.371e+05 1.757e+02 1.549e+03
|            ( - -7.497e+02 1 0)
|            ( - -3.362e+05 3 0))))
s>    ( WDBNDRY_B 0 -3.679e+05 7.589e+02 1.683e+03
s>        ( QUESTION13 -1 -2.915e+04 4.683e+02 1.306e+02
s>            ( - 2.419e+02 1 0)
s>            ( QUESTION0 -1 -2.893e+04 2.219e+02 1.296e+02
s>                ( QUESTION2_0_L -1 -1.987e+04 1.403e+02 9.037e+01
s>                    ( - -1.904e+04 4 0)
s>                    ( - -6.926e+02 1 0))
s>                ( SILENCE -1 -8.831e+03 1.350e+02 3.926e+01
s>                    ( - -6.455e+03 1 0)
s>                    ( - -2.242e+03 1 0))))
s>        ( QUESTION0_2_R 1 -3.380e+05 2.350e+02 1.553e+03
s>            ( - -6.996e+02 1 0)
s>            ( QUESTION0_9_R 1 -3.371e+05 1.757e+02 1.549e+03
s>                ( - -7.497e+02 1 0)
s>                ( - -3.362e+05 3 0))))INFO: dtree.c(1315): Comp split 4
INFO: dtree.c(1478): Final simple tree
|( QUESTION0_3_R 1 -8.363e+05 4.291e+03 3.753e+03
|    ( QUESTION11 1 -1.328e+05 1.288e+03 5.995e+02
|        ( - -4.729e+04 3 0 QUESTION0 -1 1.851e+02 2.161e+02)
|        ( - -8.422e+04 3 0 QUESTION0 -1 4.138e+02 3.834e+02))
|    ( QUESTION0_12_R 1 -6.992e+05 1.969e+03 3.154e+03
|        ( - -9.699e+04 2 0)
|        ( QUESTION0_17_R 1 -6.003e+05 1.851e+03 2.702e+03
|            ( - -1.690e+05 6 0)
|            ( QUESTION0_6_R 1 -4.294e+05 1.118e+03 1.937e+03
|                ( - -1.327e+05 3 0 QUESTION0 -1 4.725e+02 5.999e+02)
|                ( QUESTION13 1 -2.956e+05 8.793e+02 1.337e+03
|                    ( QUESTION0_20_R 1 -2.119e+05 6.659e+02 9.617e+02
|                        ( - -5.302e+04 8 0 QUESTION0 -1 4.700e+02 2.419e+02)
|                        ( - -1.583e+05 13 0 QUESTION19 1 3.587e+02 7.198e+02))
|                    ( - -8.276e+04 9 0 QUESTION0_2_R 1 4.943e+02 3.756e+02))))))
s>    ( QUESTION0_3_R 1 -8.363e+05 4.291e+03 3.753e+03
s>        ( QUESTION11 1 -1.328e+05 1.288e+03 5.995e+02
s>            ( - -4.729e+04 3 0 QUESTION0 -1 1.851e+02 2.161e+02)
s>            ( - -8.422e+04 3 0 QUESTION0 -1 4.138e+02 3.834e+02))
s>        ( QUESTION0_12_R 1 -6.992e+05 1.969e+03 3.154e+03
s>            ( - -9.699e+04 2 0)
s>            ( QUESTION0_17_R 1 -6.003e+05 1.851e+03 2.702e+03
s>                ( - -1.690e+05 6 0)
s>                ( QUESTION0_6_R 1 -4.294e+05 1.118e+03 1.937e+03
s>                    ( - -1.327e+05 3 0 QUESTION0 -1 4.725e+02 5.999e+02)
s>                    ( QUESTION13 1 -2.956e+05 8.793e+02 1.337e+03
s>                        ( QUESTION0_20_R 1 -2.119e+05 6.659e+02 9.617e+02
s>                            ( - -5.302e+04 8 0 QUESTION0 -1 4.700e+02 2.419e+02)
s>                            ( - -1.583e+05 13 0 QUESTION19 1 3.587e+02 7.198e+02))
s>                        ( - -8.276e+04 9 0 QUESTION0_2_R 1 4.943e+02 3.756e+02))))))INFO: dtree.c(1439): stop. leaf nodes are specific
INFO: dtree.c(1478): Final simple tree
|( QUESTION0 -1 -2.608e+05 1.897e+02 1.166e+03
|    ( - -2.573e+05 11 0)
|    ( - -3.284e+03 2 0))
s>    ( QUESTION0 -1 -2.608e+05 1.897e+02 1.166e+03
s>        ( - -2.573e+05 11 0)
s>        ( - -3.284e+03 2 0))INFO: dtree.c(1315): Comp split 5
INFO: dtree.c(1439): stop. leaf nodes are specific
INFO: dtree.c(1478): Final simple tree
|( WDBNDRY_E 0 -3.697e+05 6.779e+02 1.609e+03
|    ( - -1.339e+04 3 0)
|    ( QUESTION0 -1 -3.557e+05 1.426e+02 1.549e+03
|        ( - -3.545e+05 10 0)
|        ( - -1.036e+03 2 0)))
s>    ( WDBNDRY_E 0 -3.697e+05 6.779e+02 1.609e+03
s>        ( - -1.339e+04 3 0)
s>        ( QUESTION0 -1 -3.557e+05 1.426e+02 1.549e+03
s>            ( - -3.545e+05 10 0)
s>            ( - -1.036e+03 2 0)))INFO: dtree.c(1478): Final simple tree
|( QUESTION4 -1 -2.674e+05 6.564e+02 1.189e+03
|    ( WDBNDRY_B 0 -6.046e+04 5.401e+02 2.699e+02
|        ( QUESTION11 -1 -3.162e+04 1.621e+02 1.439e+02
|            ( - -3.045e+04 1 0)
|            ( - -1.003e+03 1 0))
|        ( - -2.830e+04 2 0))
|    ( QUESTION13 -1 -2.063e+05 3.982e+02 9.187e+02
|        ( QUESTION19 -1 -2.758e+04 2.475e+02 1.205e+02
|            ( - -3.892e+03 2 0)
|            ( QUESTION16 -1 -2.344e+04 1.962e+02 1.025e+02
|                ( - -1.298e+04 3 0 QUESTION17 -1 1.279e+02 5.750e+01)
|                ( - -1.027e+04 8 0 QUESTION14 -1 1.264e+02 4.500e+01)))
|        ( QUESTION0 -1 -1.783e+05 2.476e+02 7.983e+02
|            ( - -1.678e+05 10 0)
|            ( - -1.021e+04 4 0 SILENCE -1 1.052e+02 4.673e+01))))
s>    ( QUESTION4 -1 -2.674e+05 6.564e+02 1.189e+03
s>        ( WDBNDRY_B 0 -6.046e+04 5.401e+02 2.699e+02
s>            ( QUESTION11 -1 -3.162e+04 1.621e+02 1.439e+02
s>                ( - -3.045e+04 1 0)
s>                ( - -1.003e+03 1 0))
s>            ( - -2.830e+04 2 0))
s>        ( QUESTION13 -1 -2.063e+05 3.982e+02 9.187e+02
s>            ( QUESTION19 -1 -2.758e+04 2.475e+02 1.205e+02
s>                ( - -3.892e+03 2 0)
s>                ( QUESTION16 -1 -2.344e+04 1.962e+02 1.025e+02
s>                    ( - -1.298e+04 3 0 QUESTION17 -1 1.279e+02 5.750e+01)
s>                    ( - -1.027e+04 8 0 QUESTION14 -1 1.264e+02 4.500e+01)))
s>            ( QUESTION0 -1 -1.783e+05 2.476e+02 7.983e+02
s>                ( - -1.678e+05 10 0)
s>                ( - -1.021e+04 4 0 SILENCE -1 1.052e+02 4.673e+01))))INFO: dtree.c(1315): Comp split 6
INFO: dtree.c(1439): stop. leaf nodes are specific
INFO: dtree.c(1478): Final simple tree
|( QUESTION11 1 -1.328e+05 1.288e+03 5.995e+02
|    ( QUESTION0 -1 -4.729e+04 1.851e+02 2.161e+02
|        ( - -4.603e+04 2 0)
|        ( - -1.077e+03 1 0))
|    ( QUESTION0 -1 -8.422e+04 4.138e+02 3.834e+02
|        ( - -7.978e+04 2 0)
|        ( - -4.028e+03 1 0)))
s>    ( QUESTION11 1 -1.328e+05 1.288e+03 5.995e+02
s>        ( QUESTION0 -1 -4.729e+04 1.851e+02 2.161e+02
s>            ( - -4.603e+04 2 0)
s>            ( - -1.077e+03 1 0))
s>        ( QUESTION0 -1 -8.422e+04 4.138e+02 3.834e+02
s>            ( - -7.978e+04 2 0)
s>            ( - -4.028e+03 1 0)))INFO: dtree.c(1478): Final simple tree
|( QUESTION0_12_R 1 -6.992e+05 1.969e+03 3.154e+03
|    ( - -9.699e+04 2 0)
|    ( QUESTION0_17_R 1 -6.003e+05 1.851e+03 2.702e+03
|        ( - -1.690e+05 6 0)
|        ( QUESTION0_6_R 1 -4.294e+05 1.118e+03 1.937e+03
|            ( QUESTION0 -1 -1.327e+05 4.725e+02 5.999e+02
|                ( - -1.325e+05 2 0 QUESTION0_7_R 1 1.951e+02 5.989e+02)
|                ( - 2.424e+02 1 0))
|            ( QUESTION13 1 -2.956e+05 8.793e+02 1.337e+03
|                ( QUESTION0_20_R 1 -2.119e+05 6.659e+02 9.617e+02
|                    ( - -5.302e+04 8 0 QUESTION0 -1 4.700e+02 2.419e+02)
|                    ( - -1.583e+05 13 0 QUESTION19 1 3.587e+02 7.198e+02))
|                ( QUESTION0_2_R 1 -8.276e+04 4.943e+02 3.756e+02
|                    ( - -1.535e+04 1 0)
|                    ( - -6.691e+04 8 0 QUESTION0_15_R 1 1.489e+02 3.064e+02))))))
s>    ( QUESTION0_12_R 1 -6.992e+05 1.969e+03 3.154e+03
s>        ( - -9.699e+04 2 0)
s>        ( QUESTION0_17_R 1 -6.003e+05 1.851e+03 2.702e+03
s>            ( - -1.690e+05 6 0)
s>            ( QUESTION0_6_R 1 -4.294e+05 1.118e+03 1.937e+03
s>                ( QUESTION0 -1 -1.327e+05 4.725e+02 5.999e+02
s>                    ( - -1.325e+05 2 0 QUESTION0_7_R 1 1.951e+02 5.989e+02)
s>                    ( - 2.424e+02 1 0))
s>                ( QUESTION13 1 -2.956e+05 8.793e+02 1.337e+03
s>                    ( QUESTION0_20_R 1 -2.119e+05 6.659e+02 9.617e+02
s>                        ( - -5.302e+04 8 0 QUESTION0 -1 4.700e+02 2.419e+02)
s>                        ( - -1.583e+05 13 0 QUESTION19 1 3.587e+02 7.198e+02))
s>                    ( QUESTION0_2_R 1 -8.276e+04 4.943e+02 3.756e+02
s>                        ( - -1.535e+04 1 0)
s>                        ( - -6.691e+04 8 0 QUESTION0_15_R 1 1.489e+02 3.064e+02))))))INFO: dtree.c(1315): Comp split 7
INFO: dtree.c(1478): Final simple tree
|( QUESTION0_6_R 1 -3.758e+05 1.172e+03 1.695e+03
|    ( QUESTION0 -1 -1.327e+05 4.725e+02 5.999e+02
|        ( QUESTION0_7_R 1 -1.325e+05 1.951e+02 5.989e+02
|            ( - -1.133e+03 1 0)
|            ( - -1.312e+05 1 0))
|        ( - 2.424e+02 1 0))
|    ( QUESTION13 1 -2.419e+05 8.515e+02 1.095e+03
|        ( QUESTION19 1 -1.583e+05 3.587e+02 7.198e+02
|            ( - -8.952e+04 6 0 QUESTION0 -1 1.136e+02 4.076e+02)
|            ( QUESTION0_9_R 1 -6.838e+04 2.019e+02 3.122e+02
|                ( - -3.623e+04 3 0 QUESTION0 -1 1.848e+02 1.665e+02)
|                ( - -3.195e+04 4 0)))
|        ( QUESTION0_2_R 1 -8.276e+04 4.943e+02 3.756e+02
|            ( - -1.535e+04 1 0)
|            ( - -6.691e+04 8 0 QUESTION0_15_R 1 1.489e+02 3.064e+02))))
s>    ( QUESTION0_6_R 1 -3.758e+05 1.172e+03 1.695e+03
s>        ( QUESTION0 -1 -1.327e+05 4.725e+02 5.999e+02
s>            ( QUESTION0_7_R 1 -1.325e+05 1.951e+02 5.989e+02
s>                ( - -1.133e+03 1 0)
s>                ( - -1.312e+05 1 0))
s>            ( - 2.424e+02 1 0))
s>        ( QUESTION13 1 -2.419e+05 8.515e+02 1.095e+03
s>            ( QUESTION19 1 -1.583e+05 3.587e+02 7.198e+02
s>                ( - -8.952e+04 6 0 QUESTION0 -1 1.136e+02 4.076e+02)
s>                ( QUESTION0_9_R 1 -6.838e+04 2.019e+02 3.122e+02
s>                    ( - -3.623e+04 3 0 QUESTION0 -1 1.848e+02 1.665e+02)
s>                    ( - -3.195e+04 4 0)))
s>            ( QUESTION0_2_R 1 -8.276e+04 4.943e+02 3.756e+02
s>                ( - -1.535e+04 1 0)
s>                ( - -6.691e+04 8 0 QUESTION0_15_R 1 1.489e+02 3.064e+02))))INFO: dtree.c(1439): stop. leaf nodes are specific
INFO: dtree.c(1478): Final simple tree
|( QUESTION0_9_R 1 -3.210e+05 1.443e+03 1.458e+03
|    ( - -9.699e+04 2 0)
|    ( QUESTION0_16_R 1 -2.226e+05 6.009e+02 1.006e+03
|        ( - -1.690e+05 6 0)
|        ( QUESTION0 -1 -5.302e+04 4.700e+02 2.419e+02
|            ( QUESTION17 1 -5.279e+04 1.912e+02 2.409e+02
|                ( - -1.337e+04 4 0)
|                ( - -3.924e+04 3 0))
|            ( - 2.421e+02 1 0))))
s>    ( QUESTION0_9_R 1 -3.210e+05 1.443e+03 1.458e+03
s>        ( - -9.699e+04 2 0)
s>        ( QUESTION0_16_R 1 -2.226e+05 6.009e+02 1.006e+03
s>            ( - -1.690e+05 6 0)
s>            ( QUESTION0 -1 -5.302e+04 4.700e+02 2.419e+02
s>                ( QUESTION17 1 -5.279e+04 1.912e+02 2.409e+02
s>                    ( - -1.337e+04 4 0)
s>                    ( - -3.924e+04 3 0))
s>                ( - 2.421e+02 1 0))))INFO: dtree.c(1315): Comp split 8
INFO: dtree.c(1478): Final simple tree
|( QUESTION2_0_L -1 -9.289e+05 4.958e+02 4.083e+03
|    ( - -8.710e+05 28 0 WDBNDRY_B 0 9.368e+01 3.828e+03)
|    ( QUESTION14 -1 -5.747e+04 3.051e+02 2.544e+02
|        ( WDBNDRY_B 0 -2.402e+04 2.530e+02 1.082e+02
|            ( - -7.328e+03 7 0)
|            ( - -1.644e+04 9 0))
|        ( QUESTION19 -1 -3.314e+04 2.478e+02 1.462e+02
|            ( - -2.530e+03 1 0)
|            ( WDBNDRY_B 0 -3.036e+04 2.138e+02 1.339e+02
|                ( QUESTION11 -1 -1.229e+04 1.791e+02 5.369e+01
|                    ( - -2.711e+02 1 0)
|                    ( - -1.184e+04 11 0 QUESTION16 -1 1.620e+02 5.169e+01))
|                ( QUESTION13 -1 -1.786e+04 1.830e+02 8.019e+01
|                    ( - -1.060e+04 2 0)
|                    ( - -7.073e+03 5 0 QUESTION0 -1 1.558e+02 3.292e+01))))))
s>    ( QUESTION2_0_L -1 -9.289e+05 4.958e+02 4.083e+03
s>        ( - -8.710e+05 28 0 WDBNDRY_B 0 9.368e+01 3.828e+03)
s>        ( QUESTION14 -1 -5.747e+04 3.051e+02 2.544e+02
s>            ( WDBNDRY_B 0 -2.402e+04 2.530e+02 1.082e+02
s>                ( - -7.328e+03 7 0)
s>                ( - -1.644e+04 9 0))
s>            ( QUESTION19 -1 -3.314e+04 2.478e+02 1.462e+02
s>                ( - -2.530e+03 1 0)
s>                ( WDBNDRY_B 0 -3.036e+04 2.138e+02 1.339e+02
s>                    ( QUESTION11 -1 -1.229e+04 1.791e+02 5.369e+01
s>                        ( - -2.711e+02 1 0)
s>                        ( - -1.184e+04 11 0 QUESTION16 -1 1.620e+02 5.169e+01))
s>                    ( QUESTION13 -1 -1.786e+04 1.830e+02 8.019e+01
s>                        ( - -1.060e+04 2 0)
s>                        ( - -7.073e+03 5 0 QUESTION0 -1 1.558e+02 3.292e+01))))))INFO: dtree.c(1439): stop. leaf nodes are specific
INFO: dtree.c(1478): Final simple tree
|( QUESTION2_2_L -1 -1.871e+05 2.475e+02 8.388e+02
|    ( - -1.951e+03 1 0)
|    ( QUESTION0 -1 -1.849e+05 1.982e+02 8.288e+02
|        ( - -1.805e+05 19 0)
|        ( - -4.267e+03 1 0)))
s>    ( QUESTION2_2_L -1 -1.871e+05 2.475e+02 8.388e+02
s>        ( - -1.951e+03 1 0)
s>        ( QUESTION0 -1 -1.849e+05 1.982e+02 8.288e+02
s>            ( - -1.805e+05 19 0)
s>            ( - -4.267e+03 1 0)))INFO: dtree.c(1315): Comp split 9
INFO: dtree.c(1439): stop. leaf nodes are specific
INFO: dtree.c(1478): Final simple tree
|( QUESTION0_16_R 1 -2.226e+05 6.009e+02 1.006e+03
|    ( - -1.690e+05 6 0)
|    ( QUESTION0 -1 -5.302e+04 4.700e+02 2.419e+02
|        ( QUESTION17 1 -5.279e+04 1.912e+02 2.409e+02
|            ( - -1.337e+04 4 0)
|            ( - -3.924e+04 3 0))
|        ( - 2.421e+02 1 0)))
s>    ( QUESTION0_16_R 1 -2.226e+05 6.009e+02 1.006e+03
s>        ( - -1.690e+05 6 0)
s>        ( QUESTION0 -1 -5.302e+04 4.700e+02 2.419e+02
s>            ( QUESTION17 1 -5.279e+04 1.912e+02 2.409e+02
s>                ( - -1.337e+04 4 0)
s>                ( - -3.924e+04 3 0))
s>            ( - 2.421e+02 1 0)))INFO: dtree.c(1315): Comp split 10
INFO: dtree.c(1439): stop. leaf nodes are specific
INFO: dtree.c(1478): Final simple tree
|( QUESTION0_2_R 1 -6.823e+04 1.924e+02 3.124e+02
|    ( - -1.133e+03 1 0)
|    ( QUESTION0_15_R 1 -6.691e+04 1.489e+02 3.064e+02
|        ( - -4.999e+02 1 0)
|        ( QUESTION0 -1 -6.626e+04 1.380e+02 3.034e+02
|            ( SILENCE 1 -6.444e+04 1.080e+02 2.950e+02
|                ( - -3.385e+04 3 0)
|                ( - -3.048e+04 3 0))
|            ( - -1.683e+03 1 0))))
s>    ( QUESTION0_2_R 1 -6.823e+04 1.924e+02 3.124e+02
s>        ( - -1.133e+03 1 0)
s>        ( QUESTION0_15_R 1 -6.691e+04 1.489e+02 3.064e+02
s>            ( - -4.999e+02 1 0)
s>            ( QUESTION0 -1 -6.626e+04 1.380e+02 3.034e+02
s>                ( SILENCE 1 -6.444e+04 1.080e+02 2.950e+02
s>                    ( - -3.385e+04 3 0)
s>                    ( - -3.048e+04 3 0))
s>                ( - -1.683e+03 1 0))))INFO: dtree.c(1478): Final simple tree
|( QUESTION0_6_R 1 -3.062e+05 8.675e+02 1.383e+03
|    ( QUESTION0_7_R 1 -1.314e+05 4.725e+02 5.939e+02
|        ( - 2.424e+02 1 0)
|        ( - -1.312e+05 1 0))
|    ( QUESTION19 1 -1.739e+05 3.671e+02 7.890e+02
|        ( QUESTION0 -1 -8.952e+04 1.136e+02 4.076e+02
|            ( - -8.818e+04 5 0)
|            ( - -1.228e+03 1 0))
|        ( QUESTION0_2_R 1 -8.403e+04 2.947e+02 3.814e+02
|            ( - -1.535e+04 1 0)
|            ( QUESTION0_9_R 1 -6.838e+04 2.019e+02 3.122e+02
|                ( QUESTION0 -1 -3.623e+04 1.848e+02 1.665e+02
|                    ( - -3.457e+04 2 0)
|                    ( - -1.473e+03 1 0))
|                ( - -3.195e+04 4 0)))))
s>    ( QUESTION0_6_R 1 -3.062e+05 8.675e+02 1.383e+03
s>        ( QUESTION0_7_R 1 -1.314e+05 4.725e+02 5.939e+02
s>            ( - 2.424e+02 1 0)
s>            ( - -1.312e+05 1 0))
s>        ( QUESTION19 1 -1.739e+05 3.671e+02 7.890e+02
s>            ( QUESTION0 -1 -8.952e+04 1.136e+02 4.076e+02
s>                ( - -8.818e+04 5 0)
s>                ( - -1.228e+03 1 0))
s>            ( QUESTION0_2_R 1 -8.403e+04 2.947e+02 3.814e+02
s>                ( - -1.535e+04 1 0)
s>                ( QUESTION0_9_R 1 -6.838e+04 2.019e+02 3.122e+02
s>                    ( QUESTION0 -1 -3.623e+04 1.848e+02 1.665e+02
s>                        ( - -3.457e+04 2 0)
s>                        ( - -1.473e+03 1 0))
s>                    ( - -3.195e+04 4 0)))))INFO: dtree.c(1315): Comp split 11
INFO: dtree.c(1439): stop. leaf nodes are specific
INFO: dtree.c(1478): Final simple tree
|( QUESTION0 -1 -8.548e+04 4.327e+02 3.894e+02
|    ( - -7.978e+04 2 0)
|    ( QUESTION11 1 -5.270e+03 1.652e+02 2.500e+01
|        ( - -1.077e+03 1 0)
|        ( - -4.028e+03 1 0)))
s>    ( QUESTION0 -1 -8.548e+04 4.327e+02 3.894e+02
s>        ( - -7.978e+04 2 0)
s>        ( QUESTION11 1 -5.270e+03 1.652e+02 2.500e+01
s>            ( - -1.077e+03 1 0)
s>            ( - -4.028e+03 1 0)))INFO: dtree.c(1315): Comp split 12
INFO: dtree.c(1439): stop. leaf nodes are specific
INFO: dtree.c(1478): Final simple tree
|( QUESTION19 1 -1.739e+05 3.671e+02 7.890e+02
|    ( QUESTION0 -1 -8.952e+04 1.136e+02 4.076e+02
|        ( - -8.818e+04 5 0)
|        ( - -1.228e+03 1 0))
|    ( QUESTION0_2_R 1 -8.403e+04 2.947e+02 3.814e+02
|        ( - -1.535e+04 1 0)
|        ( QUESTION0_9_R 1 -6.838e+04 2.019e+02 3.122e+02
|            ( QUESTION0 -1 -3.623e+04 1.848e+02 1.665e+02
|                ( - -3.457e+04 2 0)
|                ( - -1.473e+03 1 0))
|            ( - -3.195e+04 4 0))))
s>    ( QUESTION19 1 -1.739e+05 3.671e+02 7.890e+02
s>        ( QUESTION0 -1 -8.952e+04 1.136e+02 4.076e+02
s>            ( - -8.818e+04 5 0)
s>            ( - -1.228e+03 1 0))
s>        ( QUESTION0_2_R 1 -8.403e+04 2.947e+02 3.814e+02
s>            ( - -1.535e+04 1 0)
s>            ( QUESTION0_9_R 1 -6.838e+04 2.019e+02 3.122e+02
s>                ( QUESTION0 -1 -3.623e+04 1.848e+02 1.665e+02
s>                    ( - -3.457e+04 2 0)
s>                    ( - -1.473e+03 1 0))
s>                ( - -3.195e+04 4 0))))INFO: dtree.c(1439): stop. leaf nodes are specific
INFO: dtree.c(1478): Final simple tree
|( QUESTION0_7_R 1 -1.314e+05 4.725e+02 5.939e+02
|    ( - 2.424e+02 1 0)
|    ( - -1.312e+05 1 0))
s>    ( QUESTION0_7_R 1 -1.314e+05 4.725e+02 5.939e+02
s>        ( - 2.424e+02 1 0)
s>        ( - -1.312e+05 1 0))INFO: dtree.c(1315): Comp split 13
INFO: dtree.c(1439): stop. leaf nodes are specific
INFO: dtree.c(1478): Final simple tree
|( QUESTION0_9_R 1 -3.379e+05 1.757e+02 1.553e+03
|    ( - -7.497e+02 1 0)
|    ( WDBNDRY_B 0 -3.370e+05 1.336e+02 1.549e+03
|        ( - -6.926e+02 1 0)
|        ( - -3.362e+05 3 0)))
s>    ( QUESTION0_9_R 1 -3.379e+05 1.757e+02 1.553e+03
s>        ( - -7.497e+02 1 0)
s>        ( WDBNDRY_B 0 -3.370e+05 1.336e+02 1.549e+03
s>            ( - -6.926e+02 1 0)
s>            ( - -3.362e+05 3 0)))INFO: dtree.c(1439): stop. leaf nodes are specific
INFO: dtree.c(1478): Final simple tree
|( QUESTION13 -1 -2.922e+04 4.684e+02 1.306e+02
|    ( - 2.419e+02 1 0)
|    ( QUESTION0 -1 -2.899e+04 2.276e+02 1.296e+02
|        ( WDBNDRY_B 0 -1.994e+04 1.962e+02 9.037e+01
|            ( - -1.904e+04 4 0)
|            ( - -6.996e+02 1 0))
|        ( SILENCE -1 -8.831e+03 1.350e+02 3.926e+01
|            ( - -6.455e+03 1 0)
|            ( - -2.242e+03 1 0))))
s>    ( QUESTION13 -1 -2.922e+04 4.684e+02 1.306e+02
s>        ( - 2.419e+02 1 0)
s>        ( QUESTION0 -1 -2.899e+04 2.276e+02 1.296e+02
s>            ( WDBNDRY_B 0 -1.994e+04 1.962e+02 9.037e+01
s>                ( - -1.904e+04 4 0)
s>                ( - -6.996e+02 1 0))
s>            ( SILENCE -1 -8.831e+03 1.350e+02 3.926e+01
s>                ( - -6.455e+03 1 0)
s>                ( - -2.242e+03 1 0))))INFO: dtree.c(1315): Comp split 14
INFO: dtree.c(1439): stop. leaf nodes are specific
INFO: dtree.c(1478): Final simple tree
|( WDBNDRY_E 0 -1.454e+04 1.229e+02 6.511e+01
|    ( - -1.339e+04 3 0)
|    ( - -1.036e+03 2 0))
s>    ( WDBNDRY_E 0 -1.454e+04 1.229e+02 6.511e+01
s>        ( - -1.339e+04 3 0)
s>        ( - -1.036e+03 2 0))INFO: dtree.c(1315): Comp split 15
INFO: dtree.c(1478): Final simple tree
|( QUESTION13 -1 -2.021e+05 4.005e+02 9.008e+02
|    ( QUESTION16 -1 -2.344e+04 1.962e+02 1.025e+02
|        ( QUESTION17 -1 -1.298e+04 1.279e+02 5.750e+01
|            ( - -1.552e+03 1 0)
|            ( WDBNDRY_B 0 -1.130e+04 1.185e+02 5.050e+01
|                ( - -1.084e+04 1 0)
|                ( - -3.405e+02 1 0)))
|        ( QUESTION14 -1 -1.027e+04 1.264e+02 4.500e+01
|            ( - -5.624e+03 4 0)
|            ( - -4.515e+03 4 0)))
|    ( QUESTION0 -1 -1.783e+05 2.476e+02 7.983e+02
|        ( - -1.678e+05 10 0)
|        ( SILENCE -1 -1.021e+04 1.052e+02 4.673e+01
|            ( - -7.759e+03 2 0)
|            ( - -2.347e+03 2 0))))
s>    ( QUESTION13 -1 -2.021e+05 4.005e+02 9.008e+02
s>        ( QUESTION16 -1 -2.344e+04 1.962e+02 1.025e+02
s>            ( QUESTION17 -1 -1.298e+04 1.279e+02 5.750e+01
s>                ( - -1.552e+03 1 0)
s>                ( WDBNDRY_B 0 -1.130e+04 1.185e+02 5.050e+01
s>                    ( - -1.084e+04 1 0)
s>                    ( - -3.405e+02 1 0)))
s>            ( QUESTION14 -1 -1.027e+04 1.264e+02 4.500e+01
s>                ( - -5.624e+03 4 0)
s>                ( - -4.515e+03 4 0)))
s>        ( QUESTION0 -1 -1.783e+05 2.476e+02 7.983e+02
s>            ( - -1.678e+05 10 0)
s>            ( SILENCE -1 -1.021e+04 1.052e+02 4.673e+01
s>                ( - -7.759e+03 2 0)
s>                ( - -2.347e+03 2 0))))INFO: dtree.c(1439): stop. leaf nodes are specific
INFO: dtree.c(1478): Final simple tree
|( WDBNDRY_B 0 -6.456e+04 5.947e+02 2.878e+02
|    ( QUESTION11 -1 -3.566e+04 2.154e+02 1.619e+02
|        ( - -3.045e+04 1 0)
|        ( QUESTION2 -1 -4.994e+03 9.891e+01 2.298e+01
|            ( - -1.003e+03 1 0)
|            ( - -3.892e+03 2 0)))
|    ( - -2.830e+04 2 0))
s>    ( WDBNDRY_B 0 -6.456e+04 5.947e+02 2.878e+02
s>        ( QUESTION11 -1 -3.566e+04 2.154e+02 1.619e+02
s>            ( - -3.045e+04 1 0)
s>            ( QUESTION2 -1 -4.994e+03 9.891e+01 2.298e+01
s>                ( - -1.003e+03 1 0)
s>                ( - -3.892e+03 2 0)))
s>        ( - -2.830e+04 2 0))INFO: dtree.c(1315): Comp split 16
INFO: dtree.c(1439): stop. leaf nodes are specific
INFO: dtree.c(1478): Final simple tree
|( QUESTION0 -1 -5.302e+04 4.700e+02 2.419e+02
|    ( QUESTION17 1 -5.279e+04 1.912e+02 2.409e+02
|        ( - -1.337e+04 4 0)
|        ( - -3.924e+04 3 0))
|    ( - 2.421e+02 1 0))
s>    ( QUESTION0 -1 -5.302e+04 4.700e+02 2.419e+02
s>        ( QUESTION17 1 -5.279e+04 1.912e+02 2.409e+02
s>            ( - -1.337e+04 4 0)
s>            ( - -3.924e+04 3 0))
s>        ( - 2.421e+02 1 0))INFO: dtree.c(1315): Comp split 17
INFO: dtree.c(1439): stop. leaf nodes are specific
INFO: dtree.c(1478): Final simple tree
|( QUESTION11 -1 -3.566e+04 2.154e+02 1.619e+02
|    ( - -3.045e+04 1 0)
|    ( QUESTION2 -1 -4.994e+03 9.891e+01 2.298e+01
|        ( - -1.003e+03 1 0)
|        ( - -3.892e+03 2 0)))
s>    ( QUESTION11 -1 -3.566e+04 2.154e+02 1.619e+02
s>        ( - -3.045e+04 1 0)
s>        ( QUESTION2 -1 -4.994e+03 9.891e+01 2.298e+01
s>            ( - -1.003e+03 1 0)
s>            ( - -3.892e+03 2 0)))INFO: dtree.c(1315): Comp split 18
INFO: dtree.c(1478): Final simple tree
|( QUESTION14 -1 -4.718e+04 3.777e+02 2.089e+02
|    ( - -1.644e+04 9 0)
|    ( WDBNDRY_B 0 -3.036e+04 2.138e+02 1.339e+02
|        ( QUESTION11 -1 -1.229e+04 1.791e+02 5.369e+01
|            ( - -2.711e+02 1 0)
|            ( QUESTION16 -1 -1.184e+04 1.620e+02 5.169e+01
|                ( - -5.257e+02 1 0)
|                ( - -1.115e+04 10 0 QUESTION13 -1 1.225e+02 4.869e+01)))
|        ( QUESTION13 -1 -1.786e+04 1.830e+02 8.019e+01
|            ( - -1.060e+04 2 0)
|            ( QUESTION0 -1 -7.073e+03 1.558e+02 3.292e+01
|                ( - -2.741e+02 1 0)
|                ( QUESTION2_14_L -1 -6.643e+03 1.495e+02 3.092e+01
|                    ( - -7.536e+02 1 0)
|                    ( - -5.740e+03 3 0))))))
s>    ( QUESTION14 -1 -4.718e+04 3.777e+02 2.089e+02
s>        ( - -1.644e+04 9 0)
s>        ( WDBNDRY_B 0 -3.036e+04 2.138e+02 1.339e+02
s>            ( QUESTION11 -1 -1.229e+04 1.791e+02 5.369e+01
s>                ( - -2.711e+02 1 0)
s>                ( QUESTION16 -1 -1.184e+04 1.620e+02 5.169e+01
s>                    ( - -5.257e+02 1 0)
s>                    ( - -1.115e+04 10 0 QUESTION13 -1 1.225e+02 4.869e+01)))
s>            ( QUESTION13 -1 -1.786e+04 1.830e+02 8.019e+01
s>                ( - -1.060e+04 2 0)
s>                ( QUESTION0 -1 -7.073e+03 1.558e+02 3.292e+01
s>                    ( - -2.741e+02 1 0)
s>                    ( QUESTION2_14_L -1 -6.643e+03 1.495e+02 3.092e+01
s>                        ( - -7.536e+02 1 0)
s>                        ( - -5.740e+03 3 0))))))INFO: dtree.c(1439): stop. leaf nodes are specific
INFO: dtree.c(1478): Final simple tree
|( QUESTION15 -1 -8.812e+05 2.483e+02 3.874e+03
|    ( - -2.530e+03 1 0)
|    ( WDBNDRY_B 0 -8.785e+05 1.447e+02 3.862e+03
|        ( QUESTION2 -1 -1.085e+04 8.951e+01 4.819e+01
|            ( - -3.433e+03 4 0)
|            ( - -7.328e+03 7 0))
|        ( - -8.675e+05 24 0)))
s>    ( QUESTION15 -1 -8.812e+05 2.483e+02 3.874e+03
s>        ( - -2.530e+03 1 0)
s>        ( WDBNDRY_B 0 -8.785e+05 1.447e+02 3.862e+03
s>            ( QUESTION2 -1 -1.085e+04 8.951e+01 4.819e+01
s>                ( - -3.433e+03 4 0)
s>                ( - -7.328e+03 7 0))
s>            ( - -8.675e+05 24 0)))INFO: dtree.c(1315): Comp split 19
INFO: dtree.c(1315): Comp split 20
INFO: dtree.c(1439): stop. leaf nodes are specific
INFO: dtree.c(1478): Final simple tree
|( QUESTION17 1 -5.279e+04 1.912e+02 2.409e+02
|    ( - -1.337e+04 4 0)
|    ( - -3.924e+04 3 0))
s>    ( QUESTION17 1 -5.279e+04 1.912e+02 2.409e+02
s>        ( - -1.337e+04 4 0)
s>        ( - -3.924e+04 3 0))INFO: dtree.c(1315): Comp split 21
INFO: dtree.c(1439): stop. leaf nodes are specific
INFO: dtree.c(1478): Final simple tree
|( QUESTION0 -1 -2.899e+04 2.276e+02 1.296e+02
|    ( WDBNDRY_B 0 -1.994e+04 1.962e+02 9.037e+01
|        ( - -1.904e+04 4 0)
|        ( - -6.996e+02 1 0))
|    ( SILENCE -1 -8.831e+03 1.350e+02 3.926e+01
|        ( - -6.455e+03 1 0)
|        ( - -2.242e+03 1 0)))
s>    ( QUESTION0 -1 -2.899e+04 2.276e+02 1.296e+02
s>        ( WDBNDRY_B 0 -1.994e+04 1.962e+02 9.037e+01
s>            ( - -1.904e+04 4 0)
s>            ( - -6.996e+02 1 0))
s>        ( SILENCE -1 -8.831e+03 1.350e+02 3.926e+01
s>            ( - -6.455e+03 1 0)
s>            ( - -2.242e+03 1 0)))INFO: dtree.c(1315): Comp split 22
INFO: dtree.c(1439): stop. leaf nodes are specific
INFO: dtree.c(1478): Final simple tree
|( WDBNDRY_B 0 -2.832e+04 2.174e+02 1.249e+02
|    ( QUESTION13 -1 -1.115e+04 1.225e+02 4.869e+01
|        ( - -2.158e+03 2 0)
|        ( QUESTION10 -1 -8.871e+03 1.213e+02 3.869e+01
|            ( - -1.645e+03 3 0)
|            ( SILENCE -1 -7.104e+03 1.120e+02 3.069e+01
|                ( - -5.803e+03 3 0)
|                ( - -1.189e+03 2 0))))
|    ( QUESTION13 -1 -1.695e+04 1.778e+02 7.619e+01
|        ( - -1.060e+04 2 0)
|        ( QUESTION0 -1 -6.171e+03 1.562e+02 2.892e+01
|            ( - -2.741e+02 1 0)
|            ( - -5.740e+03 3 0))))
s>    ( WDBNDRY_B 0 -2.832e+04 2.174e+02 1.249e+02
s>        ( QUESTION13 -1 -1.115e+04 1.225e+02 4.869e+01
s>            ( - -2.158e+03 2 0)
s>            ( QUESTION10 -1 -8.871e+03 1.213e+02 3.869e+01
s>                ( - -1.645e+03 3 0)
s>                ( SILENCE -1 -7.104e+03 1.120e+02 3.069e+01
s>                    ( - -5.803e+03 3 0)
s>                    ( - -1.189e+03 2 0))))
s>        ( QUESTION13 -1 -1.695e+04 1.778e+02 7.619e+01
s>            ( - -1.060e+04 2 0)
s>            ( QUESTION0 -1 -6.171e+03 1.562e+02 2.892e+01
s>                ( - -2.741e+02 1 0)
s>                ( - -5.740e+03 3 0))))INFO: dtree.c(1439): stop. leaf nodes are specific
INFO: dtree.c(1478): Final simple tree
|( QUESTION11 -1 -1.841e+04 1.662e+02 8.402e+01
|    ( - -2.711e+02 1 0)
|    ( WDBNDRY_B 0 -1.797e+04 1.391e+02 8.202e+01
|        ( - -5.257e+02 1 0)
|        ( QUESTION2 -1 -1.731e+04 1.127e+02 7.902e+01
|            ( - -7.536e+02 1 0)
|            ( - -1.644e+04 9 0))))
s>    ( QUESTION11 -1 -1.841e+04 1.662e+02 8.402e+01
s>        ( - -2.711e+02 1 0)
s>        ( WDBNDRY_B 0 -1.797e+04 1.391e+02 8.202e+01
s>            ( - -5.257e+02 1 0)
s>            ( QUESTION2 -1 -1.731e+04 1.127e+02 7.902e+01
s>                ( - -7.536e+02 1 0)
s>                ( - -1.644e+04 9 0))))INFO: dtree.c(1315): Comp split 23
INFO: dtree.c(1439): stop. leaf nodes are specific
INFO: dtree.c(1478): Final simple tree
|( QUESTION11 1 -5.270e+03 1.652e+02 2.500e+01
|    ( - -1.077e+03 1 0)
|    ( - -4.028e+03 1 0))
s>    ( QUESTION11 1 -5.270e+03 1.652e+02 2.500e+01
s>        ( - -1.077e+03 1 0)
s>        ( - -4.028e+03 1 0))INFO: dtree.c(1315): Comp split 24
INFO: dtree.c(1439): stop. leaf nodes are specific
INFO: dtree.c(1478): Final simple tree
|( QUESTION16 -1 -2.178e+04 2.195e+02 9.550e+01
|    ( WDBNDRY_B 0 -1.130e+04 1.185e+02 5.050e+01
|        ( - -1.084e+04 1 0)
|        ( - -3.405e+02 1 0))
|    ( QUESTION14 -1 -1.027e+04 1.264e+02 4.500e+01
|        ( - -5.624e+03 4 0)
|        ( - -4.515e+03 4 0)))
s>    ( QUESTION16 -1 -2.178e+04 2.195e+02 9.550e+01
s>        ( WDBNDRY_B 0 -1.130e+04 1.185e+02 5.050e+01
s>            ( - -1.084e+04 1 0)
s>            ( - -3.405e+02 1 0))
s>        ( QUESTION14 -1 -1.027e+04 1.264e+02 4.500e+01
s>            ( - -5.624e+03 4 0)
s>            ( - -4.515e+03 4 0)))INFO: dtree.c(1439): stop. leaf nodes are specific
INFO: dtree.c(1478): Final simple tree
|( QUESTION0 -1 -1.799e+05 2.419e+02 8.053e+02
|    ( - -1.678e+05 10 0)
|    ( QUESTION2 -1 -1.185e+04 1.101e+02 5.373e+01
|        ( - -2.347e+03 2 0)
|        ( SILENCE -1 -9.397e+03 8.559e+01 4.272e+01
|            ( - -7.759e+03 2 0)
|            ( - -1.552e+03 1 0))))
s>    ( QUESTION0 -1 -1.799e+05 2.419e+02 8.053e+02
s>        ( - -1.678e+05 10 0)
s>        ( QUESTION2 -1 -1.185e+04 1.101e+02 5.373e+01
s>            ( - -2.347e+03 2 0)
s>            ( SILENCE -1 -9.397e+03 8.559e+01 4.272e+01
s>                ( - -7.759e+03 2 0)
s>                ( - -1.552e+03 1 0))))INFO: dtree.c(1315): Comp split 25
INFO: dtree.c(1439): stop. leaf nodes are specific
INFO: dtree.c(1478): Final simple tree
|( QUESTION0_2_R 1 -8.536e+04 2.928e+02 3.874e+02
|    ( - -1.535e+04 1 0)
|    ( QUESTION20 1 -6.971e+04 2.003e+02 3.182e+02
|        ( QUESTION0 -1 -3.623e+04 1.848e+02 1.665e+02
|            ( - -3.457e+04 2 0)
|            ( - -1.473e+03 1 0))
|        ( QUESTION0_9_R 1 -3.329e+04 1.051e+02 1.517e+02
|            ( - -1.228e+03 1 0)
|            ( - -3.195e+04 4 0))))
s>    ( QUESTION0_2_R 1 -8.536e+04 2.928e+02 3.874e+02
s>        ( - -1.535e+04 1 0)
s>        ( QUESTION20 1 -6.971e+04 2.003e+02 3.182e+02
s>            ( QUESTION0 -1 -3.623e+04 1.848e+02 1.665e+02
s>                ( - -3.457e+04 2 0)
s>                ( - -1.473e+03 1 0))
s>            ( QUESTION0_9_R 1 -3.329e+04 1.051e+02 1.517e+02
s>                ( - -1.228e+03 1 0)
s>                ( - -3.195e+04 4 0))))INFO: dtree.c(1315): Comp split 26
INFO: dtree.c(1439): stop. leaf nodes are specific
INFO: dtree.c(1478): Final simple tree
|( QUESTION0_9_R 1 -6.673e+04 2.073e+02 3.052e+02
|    ( - -3.457e+04 2 0)
|    ( - -3.195e+04 4 0))
s>    ( QUESTION0_9_R 1 -6.673e+04 2.073e+02 3.052e+02
s>        ( - -3.457e+04 2 0)
s>        ( - -3.195e+04 4 0))INFO: dtree.c(1439): stop. leaf nodes are specific
INFO: dtree.c(1478): Final simple tree
|( QUESTION20 1 -1.833e+04 1.635e+02 8.218e+01
|    ( - -1.473e+03 1 0)
|    ( QUESTION0_2_R 1 -1.669e+04 1.096e+02 7.518e+01
|        ( - -1.535e+04 1 0)
|        ( - -1.228e+03 1 0)))
s>    ( QUESTION20 1 -1.833e+04 1.635e+02 8.218e+01
s>        ( - -1.473e+03 1 0)
s>        ( QUESTION0_2_R 1 -1.669e+04 1.096e+02 7.518e+01
s>            ( - -1.535e+04 1 0)
s>            ( - -1.228e+03 1 0)))INFO: dtree.c(1315): Comp split 27
INFO: dtree.c(1439): stop. leaf nodes are specific
INFO: dtree.c(1478): Final simple tree
|( WDBNDRY_B 0 -8.785e+05 1.447e+02 3.862e+03
|    ( QUESTION2 -1 -1.085e+04 8.951e+01 4.819e+01
|        ( - -3.433e+03 4 0)
|        ( - -7.328e+03 7 0))
|    ( - -8.675e+05 24 0))
s>    ( WDBNDRY_B 0 -8.785e+05 1.447e+02 3.862e+03
s>        ( QUESTION2 -1 -1.085e+04 8.951e+01 4.819e+01
s>            ( - -3.433e+03 4 0)
s>            ( - -7.328e+03 7 0))
s>        ( - -8.675e+05 24 0))INFO: dtree.c(1315): Comp split 28
INFO: dtree.c(1439): stop. leaf nodes are specific
INFO: dtree.c(1478): Final simple tree
|( QUESTION0 -1 -1.849e+05 1.982e+02 8.288e+02
|    ( - -1.805e+05 19 0)
|    ( - -4.267e+03 1 0))
s>    ( QUESTION0 -1 -1.849e+05 1.982e+02 8.288e+02
s>        ( - -1.805e+05 19 0)
s>        ( - -4.267e+03 1 0))INFO: dtree.c(1315): Comp split 29
INFO: dtree.c(1439): stop. leaf nodes are specific
INFO: dtree.c(1478): Final simple tree
|( SILENCE -1 -1.021e+04 1.052e+02 4.673e+01
|    ( - -7.759e+03 2 0)
|    ( - -2.347e+03 2 0))
s>    ( SILENCE -1 -1.021e+04 1.052e+02 4.673e+01
s>        ( - -7.759e+03 2 0)
s>        ( - -2.347e+03 2 0))INFO: dtree.c(1439): stop. leaf nodes are specific
INFO: dtree.c(1478): Final simple tree
|( QUESTION0 -1 -1.695e+05 8.602e+01 7.585e+02
|    ( - -1.678e+05 10 0)
|    ( - -1.552e+03 1 0))
s>    ( QUESTION0 -1 -1.695e+05 8.602e+01 7.585e+02
s>        ( - -1.678e+05 10 0)
s>        ( - -1.552e+03 1 0))INFO: dtree.c(1315): Comp split 30
INFO: dtree.c(1439): stop. leaf nodes are specific
INFO: dtree.c(1478): Final simple tree
|( SILENCE -1 -8.831e+03 1.350e+02 3.926e+01
|    ( - -6.455e+03 1 0)
|    ( - -2.242e+03 1 0))
s>    ( SILENCE -1 -8.831e+03 1.350e+02 3.926e+01
s>        ( - -6.455e+03 1 0)
s>        ( - -2.242e+03 1 0))INFO: dtree.c(1439): stop. leaf nodes are specific
INFO: dtree.c(1478): Final simple tree
|( WDBNDRY_B 0 -1.994e+04 1.962e+02 9.037e+01
|    ( - -1.904e+04 4 0)
|    ( - -6.996e+02 1 0))
s>    ( WDBNDRY_B 0 -1.994e+04 1.962e+02 9.037e+01
s>        ( - -1.904e+04 4 0)
s>        ( - -6.996e+02 1 0))INFO: dtree.c(1315): Comp split 31
INFO: dtree.c(1439): stop. leaf nodes are specific
INFO: dtree.c(1478): Final simple tree
|( QUESTION14 -1 -1.027e+04 1.264e+02 4.500e+01
|    ( - -5.624e+03 4 0)
|    ( - -4.515e+03 4 0))
s>    ( QUESTION14 -1 -1.027e+04 1.264e+02 4.500e+01
s>        ( - -5.624e+03 4 0)
s>        ( - -4.515e+03 4 0))INFO: dtree.c(1439): stop. leaf nodes are specific
INFO: dtree.c(1478): Final simple tree
|( WDBNDRY_B 0 -1.130e+04 1.185e+02 5.050e+01
|    ( - -1.084e+04 1 0)
|    ( - -3.405e+02 1 0))
s>    ( WDBNDRY_B 0 -1.130e+04 1.185e+02 5.050e+01
s>        ( - -1.084e+04 1 0)
s>        ( - -3.405e+02 1 0))INFO: dtree.c(1315): Comp split 32
INFO: dtree.c(1439): stop. leaf nodes are specific
INFO: dtree.c(1478): Final simple tree
|( QUESTION0 -1 -6.171e+03 1.562e+02 2.892e+01
|    ( - -2.741e+02 1 0)
|    ( - -5.740e+03 3 0))
s>    ( QUESTION0 -1 -6.171e+03 1.562e+02 2.892e+01
s>        ( - -2.741e+02 1 0)
s>        ( - -5.740e+03 3 0))INFO: dtree.c(1439): stop. leaf nodes are specific
INFO: dtree.c(1478): Final simple tree
|( WDBNDRY_B 0 -2.193e+04 1.767e+02 9.596e+01
|    ( QUESTION13 -1 -1.115e+04 1.225e+02 4.869e+01
|        ( - -2.158e+03 2 0)
|        ( QUESTION10 -1 -8.871e+03 1.213e+02 3.869e+01
|            ( - -1.645e+03 3 0)
|            ( SILENCE -1 -7.104e+03 1.120e+02 3.069e+01
|                ( - -5.803e+03 3 0)
|                ( - -1.189e+03 2 0))))
|    ( - -1.060e+04 2 0))
s>    ( WDBNDRY_B 0 -2.193e+04 1.767e+02 9.596e+01
s>        ( QUESTION13 -1 -1.115e+04 1.225e+02 4.869e+01
s>            ( - -2.158e+03 2 0)
s>            ( QUESTION10 -1 -8.871e+03 1.213e+02 3.869e+01
s>                ( - -1.645e+03 3 0)
s>                ( SILENCE -1 -7.104e+03 1.120e+02 3.069e+01
s>                    ( - -5.803e+03 3 0)
s>                    ( - -1.189e+03 2 0))))
s>        ( - -1.060e+04 2 0))INFO: dtree.c(1315): Comp split 33
INFO: dtree.c(1439): stop. leaf nodes are specific
INFO: dtree.c(1478): Final simple tree
|( QUESTION2 -1 -4.994e+03 9.891e+01 2.298e+01
|    ( - -1.003e+03 1 0)
|    ( - -3.892e+03 2 0))
s>    ( QUESTION2 -1 -4.994e+03 9.891e+01 2.298e+01
s>        ( - -1.003e+03 1 0)
s>        ( - -3.892e+03 2 0))INFO: dtree.c(1315): Comp split 34
INFO: dtree.c(1315): Comp split 35
INFO: dtree.c(1315): Comp split 36
INFO: dtree.c(1315): Comp split 37
INFO: dtree.c(1439): stop. leaf nodes are specific
INFO: dtree.c(1478): Final simple tree
|( QUESTION0_15_R 1 -6.691e+04 1.489e+02 3.064e+02
|    ( - -4.999e+02 1 0)
|    ( QUESTION0 -1 -6.626e+04 1.380e+02 3.034e+02
|        ( SILENCE 1 -6.444e+04 1.080e+02 2.950e+02
|            ( - -3.385e+04 3 0)
|            ( - -3.048e+04 3 0))
|        ( - -1.683e+03 1 0)))
s>    ( QUESTION0_15_R 1 -6.691e+04 1.489e+02 3.064e+02
s>        ( - -4.999e+02 1 0)
s>        ( QUESTION0 -1 -6.626e+04 1.380e+02 3.034e+02
s>            ( SILENCE 1 -6.444e+04 1.080e+02 2.950e+02
s>                ( - -3.385e+04 3 0)
s>                ( - -3.048e+04 3 0))
s>            ( - -1.683e+03 1 0)))INFO: dtree.c(1315): Comp split 38
INFO: dtree.c(1315): Comp split 39
INFO: dtree.c(1315): Comp split 40
INFO: dtree.c(1439): stop. leaf nodes are specific
INFO: dtree.c(1478): Final simple tree
|( QUESTION13 -1 -1.115e+04 1.225e+02 4.869e+01
|    ( - -2.158e+03 2 0)
|    ( QUESTION10 -1 -8.871e+03 1.213e+02 3.869e+01
|        ( - -1.645e+03 3 0)
|        ( SILENCE -1 -7.104e+03 1.120e+02 3.069e+01
|            ( - -5.803e+03 3 0)
|            ( - -1.189e+03 2 0))))
s>    ( QUESTION13 -1 -1.115e+04 1.225e+02 4.869e+01
s>        ( - -2.158e+03 2 0)
s>        ( QUESTION10 -1 -8.871e+03 1.213e+02 3.869e+01
s>            ( - -1.645e+03 3 0)
s>            ( SILENCE -1 -7.104e+03 1.120e+02 3.069e+01
s>                ( - -5.803e+03 3 0)
s>                ( - -1.189e+03 2 0))))INFO: dtree.c(1315): Comp split 41
INFO: dtree.c(1439): stop. leaf nodes are specific
INFO: dtree.c(1478): Final simple tree
|( WDBNDRY_B 0 -3.370e+05 1.336e+02 1.549e+03
|    ( - -6.926e+02 1 0)
|    ( - -3.362e+05 3 0))
s>    ( WDBNDRY_B 0 -3.370e+05 1.336e+02 1.549e+03
s>        ( - -6.926e+02 1 0)
s>        ( - -3.362e+05 3 0))INFO: dtree.c(1315): Comp split 42
INFO: dtree.c(1315): Comp split 43
INFO: dtree.c(1439): stop. leaf nodes are specific
INFO: dtree.c(1478): Final simple tree
|( WDBNDRY_B 0 -1.797e+04 1.391e+02 8.202e+01
|    ( - -5.257e+02 1 0)
|    ( QUESTION2 -1 -1.731e+04 1.127e+02 7.902e+01
|        ( - -7.536e+02 1 0)
|        ( - -1.644e+04 9 0)))
s>    ( WDBNDRY_B 0 -1.797e+04 1.391e+02 8.202e+01
s>        ( - -5.257e+02 1 0)
s>        ( QUESTION2 -1 -1.731e+04 1.127e+02 7.902e+01
s>            ( - -7.536e+02 1 0)
s>            ( - -1.644e+04 9 0)))INFO: dtree.c(1315): Comp split 44
INFO: dtree.c(1315): Comp split 45
INFO: dtree.c(1439): stop. leaf nodes are specific
INFO: dtree.c(1478): Final simple tree
|( QUESTION0_2_R 1 -1.669e+04 1.096e+02 7.518e+01
|    ( - -1.535e+04 1 0)
|    ( - -1.228e+03 1 0))
s>    ( QUESTION0_2_R 1 -1.669e+04 1.096e+02 7.518e+01
s>        ( - -1.535e+04 1 0)
s>        ( - -1.228e+03 1 0))INFO: dtree.c(1315): Comp split 46
INFO: dtree.c(1315): Comp split 47
INFO: dtree.c(1439): stop. leaf nodes are specific
INFO: dtree.c(1478): Final simple tree
|( QUESTION0 -1 -6.626e+04 1.380e+02 3.034e+02
|    ( SILENCE 1 -6.444e+04 1.080e+02 2.950e+02
|        ( - -3.385e+04 3 0)
|        ( - -3.048e+04 3 0))
|    ( - -1.683e+03 1 0))
s>    ( QUESTION0 -1 -6.626e+04 1.380e+02 3.034e+02
s>        ( SILENCE 1 -6.444e+04 1.080e+02 2.950e+02
s>            ( - -3.385e+04 3 0)
s>            ( - -3.048e+04 3 0))
s>        ( - -1.683e+03 1 0))INFO: dtree.c(1315): Comp split 48
INFO: dtree.c(1439): stop. leaf nodes are specific
INFO: dtree.c(1478): Final simple tree
|( QUESTION2 -1 -1.085e+04 8.951e+01 4.819e+01
|    ( - -3.433e+03 4 0)
|    ( - -7.328e+03 7 0))
s>    ( QUESTION2 -1 -1.085e+04 8.951e+01 4.819e+01
s>        ( - -3.433e+03 4 0)
s>        ( - -7.328e+03 7 0))INFO: dtree.c(1315): Comp split 49
INFO: dtree.c(1439): stop. leaf nodes are specific
INFO: dtree.c(1478): Final simple tree
|( QUESTION2 -1 -1.731e+04 1.127e+02 7.902e+01
|    ( - -7.536e+02 1 0)
|    ( - -1.644e+04 9 0))
s>    ( QUESTION2 -1 -1.731e+04 1.127e+02 7.902e+01
s>        ( - -7.536e+02 1 0)
s>        ( - -1.644e+04 9 0))INFO: dtree.c(1315): Comp split 50
INFO: dtree.c(1439): stop. leaf nodes are specific
INFO: dtree.c(1478): Final simple tree
|( SILENCE 1 -6.444e+04 1.080e+02 2.950e+02
|    ( - -3.385e+04 3 0)
|    ( - -3.048e+04 3 0))
s>    ( SILENCE 1 -6.444e+04 1.080e+02 2.950e+02
s>        ( - -3.385e+04 3 0)
s>        ( - -3.048e+04 3 0))INFO: dtree.c(1315): Comp split 51
INFO: dtree.c(1315): Comp split 52
INFO: dtree.c(1315): Comp split 53
INFO: dtree.c(1439): stop. leaf nodes are specific
INFO: dtree.c(1478): Final simple tree
|( SILENCE -1 -7.568e+03 1.193e+02 3.369e+01
|    ( - -5.803e+03 3 0)
|    ( - -1.645e+03 3 0))
s>    ( SILENCE -1 -7.568e+03 1.193e+02 3.369e+01
s>        ( - -5.803e+03 3 0)
s>        ( - -1.645e+03 3 0))INFO: dtree.c(1439): stop. leaf nodes are specific
INFO: dtree.c(1478): Final simple tree
|( QUESTION2 -1 -3.455e+03 1.084e+02 1.500e+01
|    ( - -1.189e+03 2 0)
|    ( - -2.158e+03 2 0))
s>    ( QUESTION2 -1 -3.455e+03 1.084e+02 1.500e+01
s>        ( - -1.189e+03 2 0)
s>        ( - -2.158e+03 2 0))INFO: dtree.c(1315): Comp split 54
INFO: dtree.c(1315): Comp split 55
INFO: dtree.c(1315): Comp split 56
INFO: dtree.c(1315): Comp split 57
INFO: dtree.c(1315): Comp split 58
INFO: dtree.c(1315): Comp split 59
INFO: dtree.c(1315): Comp split 60
INFO: dtree.c(1315): Comp split 61
INFO: dtree.c(1315): Comp split 62
INFO: dtree.c(1315): Comp split 63
INFO: dtree.c(1315): Comp split 64
INFO: dtree.c(1315): Comp split 65
INFO: dtree.c(1315): Comp split 66
INFO: dtree.c(1318): stop. leaf nodes are specific
Fri Mar 31 15:55:48 2023
