Current configuration:
[NAME]		[DEFLT]	[VALUE]
-allphones	no	no
-cntthresh	0.00001	1.000000e-05
-csplitmax	100	2000
-csplitmin	1	1
-csplitthr	8e-4	0.000000e+00
-example	no	no
-fullvar	no	no
-help		no	no
-meanfn			/home/lucija/Documents/Zadnji semestar/ROGJ/Prezentacije/CMUspinx/tutorial12/model_parameters/my_db.cd_cont_untied/means
-mixwfn			/home/lucija/Documents/Zadnji semestar/ROGJ/Prezentacije/CMUspinx/tutorial12/model_parameters/my_db.cd_cont_untied/mixture_weights
-moddeffn		/home/lucija/Documents/Zadnji semestar/ROGJ/Prezentacije/CMUspinx/tutorial12/model_architecture/my_db.untied.mdef
-mwfloor	1e-4	1.000000e-08
-phone			m
-psetfn			/home/lucija/Documents/Zadnji semestar/ROGJ/Prezentacije/CMUspinx/tutorial12/model_architecture/my_db.tree_questions
-ssplitmax	5	7
-ssplitmin	1	1
-ssplitthr	8e-4	0.000000e+00
-state			0
-stwt			1.0,0.05,0.0,
-treefn			/home/lucija/Documents/Zadnji semestar/ROGJ/Prezentacije/CMUspinx/tutorial12/trees/my_db.unpruned/m-0.dtree
-ts2cbfn	.semi.	.cont.
-varfloor	0.00001	1.000000e-05
-varfn			/home/lucija/Documents/Zadnji semestar/ROGJ/Prezentacije/CMUspinx/tutorial12/model_parameters/my_db.cd_cont_untied/variances

INFO: main.c(223): Reading: /home/lucija/Documents/Zadnji semestar/ROGJ/Prezentacije/CMUspinx/tutorial12/model_architecture/my_db.untied.mdef
INFO: model_def_io.c(573): Model definition info:
INFO: model_def_io.c(574): 10394 total models defined (32 base, 10362 tri)
INFO: model_def_io.c(575): 41576 total states
INFO: model_def_io.c(576): 31182 total tied states
INFO: model_def_io.c(577): 96 total tied CI states
INFO: model_def_io.c(578): 32 total tied transition matrices
INFO: model_def_io.c(579): 4 max state/model
INFO: model_def_io.c(580): 4 min state/model
INFO: main.c(242): Building trees for [m NOISE a b] through [m š o b]
INFO: main.c(268): Covering states |[15873 16880]| == 1008
INFO: main.c(275): Reading: /home/lucija/Documents/Zadnji semestar/ROGJ/Prezentacije/CMUspinx/tutorial12/model_parameters/my_db.cd_cont_untied/mixture_weights
INFO: s3mixw_io.c(172): Read /home/lucija/Documents/Zadnji semestar/ROGJ/Prezentacije/CMUspinx/tutorial12/model_parameters/my_db.cd_cont_untied/mixture_weights [1008x1x1 array]
INFO: main.c(311): 334 of 336 models have observation count greater than 0.000010
INFO: main.c(95): nrm stwt: 0.952 0.048 0.000 
INFO: s3gau_io.c(168): Read /home/lucija/Documents/Zadnji semestar/ROGJ/Prezentacije/CMUspinx/tutorial12/model_parameters/my_db.cd_cont_untied/means [31182x1x1 array]
INFO: s3gau_io.c(168): Read /home/lucija/Documents/Zadnji semestar/ROGJ/Prezentacije/CMUspinx/tutorial12/model_parameters/my_db.cd_cont_untied/variances [31182x1x1 array]
INFO: main.c(549): Reading: /home/lucija/Documents/Zadnji semestar/ROGJ/Prezentacije/CMUspinx/tutorial12/model_architecture/my_db.tree_questions
INFO: main.c(587): 180 total simple questions (172 phone; 8 word bndry)
INFO: main.c(589): 42 Left Only questions, and 42 Right Only questions
INFO: dtree.c(1478): Final simple tree
|( QUESTION0 -1 -9.323e+06 3.667e+04 4.320e+04
|    ( WDBNDRY_E 0 -7.777e+06 1.635e+04 3.633e+04
|        ( - -3.000e+06 103 0 QUESTION0_0_R 1 3.751e+03 1.427e+04)
|        ( WDBNDRY_B 0 -4.760e+06 1.255e+04 2.206e+04
|            ( - -1.510e+06 45 0 QUESTION0 1 3.628e+02 7.099e+03)
|            ( QUESTION0_0_R 1 -3.238e+06 7.955e+03 1.497e+04
|                ( - -2.801e+06 35 0 QUESTION2_0_L -1 3.265e+02 1.295e+04)
|                ( - -4.288e+05 32 0 QUESTION19 1 2.345e+03 2.012e+03))))
|    ( QUESTION13 -1 -1.509e+06 9.298e+03 6.872e+03
|        ( QUESTION0_18_R 1 -8.768e+05 4.541e+03 4.071e+03
|            ( - -1.402e+05 1 0)
|            ( - -7.321e+05 76 0 QUESTION14 -1 2.541e+03 3.418e+03))
|        ( QUESTION4 -1 -6.232e+05 4.989e+03 2.801e+03
|            ( - -3.152e+05 29 0 QUESTION12 -1 1.052e+03 1.434e+03)
|            ( - -3.030e+05 13 0 SILENCE -1 1.144e+03 1.367e+03))))
s>    ( QUESTION0 -1 -9.323e+06 3.667e+04 4.320e+04
s>        ( WDBNDRY_E 0 -7.777e+06 1.635e+04 3.633e+04
s>            ( - -3.000e+06 103 0 QUESTION0_0_R 1 3.751e+03 1.427e+04)
s>            ( WDBNDRY_B 0 -4.760e+06 1.255e+04 2.206e+04
s>                ( - -1.510e+06 45 0 QUESTION0 1 3.628e+02 7.099e+03)
s>                ( QUESTION0_0_R 1 -3.238e+06 7.955e+03 1.497e+04
s>                    ( - -2.801e+06 35 0 QUESTION2_0_L -1 3.265e+02 1.295e+04)
s>                    ( - -4.288e+05 32 0 QUESTION19 1 2.345e+03 2.012e+03))))
s>        ( QUESTION13 -1 -1.509e+06 9.298e+03 6.872e+03
s>            ( QUESTION0_18_R 1 -8.768e+05 4.541e+03 4.071e+03
s>                ( - -1.402e+05 1 0)
s>                ( - -7.321e+05 76 0 QUESTION14 -1 2.541e+03 3.418e+03))
s>            ( QUESTION4 -1 -6.232e+05 4.989e+03 2.801e+03
s>                ( - -3.152e+05 29 0 QUESTION12 -1 1.052e+03 1.434e+03)
s>                ( - -3.030e+05 13 0 SILENCE -1 1.144e+03 1.367e+03))))INFO: dtree.c(1315): Comp split 0
INFO: dtree.c(1478): Final simple tree
|( QUESTION0 -1 -2.884e+06 1.108e+04 1.332e+04
|    ( - -1.510e+06 45 0 QUESTION0 1 3.628e+02 7.099e+03)
|    ( QUESTION13 -1 -1.363e+06 8.127e+03 6.218e+03
|        ( QUESTION14 -1 -7.321e+05 2.541e+03 3.418e+03
|            ( WDBNDRY_I 0 -2.565e+05 1.331e+03 1.214e+03
|                ( - -7.581e+04 7 0 QUESTION0_0_R 1 1.877e+02 3.563e+02)
|                ( - -1.794e+05 23 0 WDBNDRY_B 0 9.232e+02 8.580e+02))
|            ( QUESTION2_17_L -1 -4.731e+05 1.696e+03 2.203e+03
|                ( QUESTION17 -1 -3.478e+05 1.517e+03 1.632e+03
|                    ( - -1.492e+05 11 0 WDBNDRY_B 0 1.355e+02 6.932e+02)
|                    ( - -1.971e+05 11 0 QUESTION0 1 1.684e+02 9.390e+02))
|                ( - -1.235e+05 24 0 WDBNDRY_B 0 3.381e+02 5.711e+02)))
|        ( QUESTION4 -1 -6.232e+05 4.989e+03 2.801e+03
|            ( - -3.152e+05 29 0 QUESTION12 -1 1.052e+03 1.434e+03)
|            ( - -3.030e+05 13 0 SILENCE -1 1.144e+03 1.367e+03))))
s>    ( QUESTION0 -1 -2.884e+06 1.108e+04 1.332e+04
s>        ( - -1.510e+06 45 0 QUESTION0 1 3.628e+02 7.099e+03)
s>        ( QUESTION13 -1 -1.363e+06 8.127e+03 6.218e+03
s>            ( QUESTION14 -1 -7.321e+05 2.541e+03 3.418e+03
s>                ( WDBNDRY_I 0 -2.565e+05 1.331e+03 1.214e+03
s>                    ( - -7.581e+04 7 0 QUESTION0_0_R 1 1.877e+02 3.563e+02)
s>                    ( - -1.794e+05 23 0 WDBNDRY_B 0 9.232e+02 8.580e+02))
s>                ( QUESTION2_17_L -1 -4.731e+05 1.696e+03 2.203e+03
s>                    ( QUESTION17 -1 -3.478e+05 1.517e+03 1.632e+03
s>                        ( - -1.492e+05 11 0 WDBNDRY_B 0 1.355e+02 6.932e+02)
s>                        ( - -1.971e+05 11 0 QUESTION0 1 1.684e+02 9.390e+02))
s>                    ( - -1.235e+05 24 0 WDBNDRY_B 0 3.381e+02 5.711e+02)))
s>            ( QUESTION4 -1 -6.232e+05 4.989e+03 2.801e+03
s>                ( - -3.152e+05 29 0 QUESTION12 -1 1.052e+03 1.434e+03)
s>                ( - -3.030e+05 13 0 SILENCE -1 1.144e+03 1.367e+03))))INFO: dtree.c(1478): Final simple tree
|( WDBNDRY_E 0 -6.399e+06 1.648e+04 2.988e+04
|    ( QUESTION0_0_R 1 -3.000e+06 3.751e+03 1.427e+04
|        ( - -1.060e+06 30 0 QUESTION0 1 6.013e+02 5.072e+03)
|        ( QUESTION0_15_R 1 -1.937e+06 2.914e+03 9.194e+03
|            ( - -6.154e+05 25 0 QUESTION0_16_R 1 1.365e+03 2.955e+03)
|            ( SILENCE 1 -1.318e+06 2.158e+03 6.239e+03
|                ( - -2.664e+05 5 0)
|                ( - -1.050e+06 43 0 QUESTION2 1 1.658e+03 4.974e+03))))
|    ( QUESTION0_0_R 1 -3.382e+06 9.639e+03 1.562e+04
|        ( - -2.801e+06 35 0 QUESTION2_0_L -1 3.265e+02 1.295e+04)
|        ( QUESTION19 1 -5.713e+05 2.805e+03 2.666e+03
|            ( - -2.131e+05 5 0)
|            ( QUESTION0 -1 -3.554e+05 1.886e+03 1.662e+03
|                ( - -2.133e+05 27 0 QUESTION0_16_R 1 9.543e+02 1.008e+03)
|                ( - -1.402e+05 1 0)))))
s>    ( WDBNDRY_E 0 -6.399e+06 1.648e+04 2.988e+04
s>        ( QUESTION0_0_R 1 -3.000e+06 3.751e+03 1.427e+04
s>            ( - -1.060e+06 30 0 QUESTION0 1 6.013e+02 5.072e+03)
s>            ( QUESTION0_15_R 1 -1.937e+06 2.914e+03 9.194e+03
s>                ( - -6.154e+05 25 0 QUESTION0_16_R 1 1.365e+03 2.955e+03)
s>                ( SILENCE 1 -1.318e+06 2.158e+03 6.239e+03
s>                    ( - -2.664e+05 5 0)
s>                    ( - -1.050e+06 43 0 QUESTION2 1 1.658e+03 4.974e+03))))
s>        ( QUESTION0_0_R 1 -3.382e+06 9.639e+03 1.562e+04
s>            ( - -2.801e+06 35 0 QUESTION2_0_L -1 3.265e+02 1.295e+04)
s>            ( QUESTION19 1 -5.713e+05 2.805e+03 2.666e+03
s>                ( - -2.131e+05 5 0)
s>                ( QUESTION0 -1 -3.554e+05 1.886e+03 1.662e+03
s>                    ( - -2.133e+05 27 0 QUESTION0_16_R 1 9.543e+02 1.008e+03)
s>                    ( - -1.402e+05 1 0)))))INFO: dtree.c(1315): Comp split 1
INFO: dtree.c(1478): Final simple tree
|( QUESTION2_1_L -1 -7.476e+05 4.753e+03 3.372e+03
|    ( QUESTION12 -1 -4.398e+05 1.522e+03 2.005e+03
|        ( - -1.761e+05 10 0 WDBNDRY_B 0 4.264e+02 8.047e+02)
|        ( QUESTION2_15_L -1 -2.622e+05 1.065e+03 1.200e+03
|            ( - -8.799e+04 11 0 QUESTION0 1 2.846e+02 4.003e+02)
|            ( QUESTION10 -1 -1.732e+05 5.881e+02 8.000e+02
|                ( - -3.102e+04 2 0)
|                ( QUESTION8 -1 -1.415e+05 4.616e+02 6.530e+02
|                    ( - 2.419e+02 1 0)
|                    ( - -1.413e+05 29 0 QUESTION2 -1 3.499e+02 6.520e+02)))))
|    ( SILENCE -1 -3.030e+05 1.144e+03 1.367e+03
|        ( QUESTION0 1 -2.187e+05 4.727e+02 9.863e+02
|            ( - -2.185e+05 5 0)
|            ( - 2.422e+02 1 0))
|        ( - -8.312e+04 7 0 QUESTION0_0_R 1 9.046e+01 3.803e+02)))
s>    ( QUESTION2_1_L -1 -7.476e+05 4.753e+03 3.372e+03
s>        ( QUESTION12 -1 -4.398e+05 1.522e+03 2.005e+03
s>            ( - -1.761e+05 10 0 WDBNDRY_B 0 4.264e+02 8.047e+02)
s>            ( QUESTION2_15_L -1 -2.622e+05 1.065e+03 1.200e+03
s>                ( - -8.799e+04 11 0 QUESTION0 1 2.846e+02 4.003e+02)
s>                ( QUESTION10 -1 -1.732e+05 5.881e+02 8.000e+02
s>                    ( - -3.102e+04 2 0)
s>                    ( QUESTION8 -1 -1.415e+05 4.616e+02 6.530e+02
s>                        ( - 2.419e+02 1 0)
s>                        ( - -1.413e+05 29 0 QUESTION2 -1 3.499e+02 6.520e+02)))))
s>        ( SILENCE -1 -3.030e+05 1.144e+03 1.367e+03
s>            ( QUESTION0 1 -2.187e+05 4.727e+02 9.863e+02
s>                ( - -2.185e+05 5 0)
s>                ( - 2.422e+02 1 0))
s>            ( - -8.312e+04 7 0 QUESTION0_0_R 1 9.046e+01 3.803e+02)))INFO: dtree.c(1478): Final simple tree
|( QUESTION16 -1 -2.118e+06 2.649e+03 9.945e+03
|    ( QUESTION17 -1 -3.474e+05 1.523e+03 1.630e+03
|        ( - -1.492e+05 11 0 WDBNDRY_B 0 1.355e+02 6.932e+02)
|        ( - -1.966e+05 10 0 WDBNDRY_B 0 1.329e+02 9.370e+02))
|    ( WDBNDRY_I 0 -1.768e+06 1.397e+03 8.315e+03
|        ( - -7.581e+04 7 0 QUESTION0_0_R 1 1.877e+02 3.563e+02)
|        ( WDBNDRY_B 0 -1.691e+06 1.190e+03 7.959e+03
|            ( QUESTION14 -1 -1.676e+06 7.136e+02 7.886e+03
|                ( - -1.650e+05 21 0)
|                ( QUESTION0 1 -1.510e+06 3.585e+02 7.101e+03
|                    ( - -1.488e+06 34 0 QUESTION2_0_L -1 1.637e+02 6.997e+03)
|                    ( - -2.145e+04 12 0 QUESTION0_0_R 1 1.870e+02 1.040e+02)))
|            ( QUESTION0_2_R 1 -1.347e+04 6.388e+02 7.330e+01
|                ( - -1.035e+04 1 0)
|                ( - -2.485e+03 1 0)))))
s>    ( QUESTION16 -1 -2.118e+06 2.649e+03 9.945e+03
s>        ( QUESTION17 -1 -3.474e+05 1.523e+03 1.630e+03
s>            ( - -1.492e+05 11 0 WDBNDRY_B 0 1.355e+02 6.932e+02)
s>            ( - -1.966e+05 10 0 WDBNDRY_B 0 1.329e+02 9.370e+02))
s>        ( WDBNDRY_I 0 -1.768e+06 1.397e+03 8.315e+03
s>            ( - -7.581e+04 7 0 QUESTION0_0_R 1 1.877e+02 3.563e+02)
s>            ( WDBNDRY_B 0 -1.691e+06 1.190e+03 7.959e+03
s>                ( QUESTION14 -1 -1.676e+06 7.136e+02 7.886e+03
s>                    ( - -1.650e+05 21 0)
s>                    ( QUESTION0 1 -1.510e+06 3.585e+02 7.101e+03
s>                        ( - -1.488e+06 34 0 QUESTION2_0_L -1 1.637e+02 6.997e+03)
s>                        ( - -2.145e+04 12 0 QUESTION0_0_R 1 1.870e+02 1.040e+02)))
s>                ( QUESTION0_2_R 1 -1.347e+04 6.388e+02 7.330e+01
s>                    ( - -1.035e+04 1 0)
s>                    ( - -2.485e+03 1 0)))))INFO: dtree.c(1315): Comp split 2
INFO: dtree.c(1478): Final simple tree
|( QUESTION0 1 -3.216e+06 3.763e+03 1.527e+04
|    ( QUESTION0_0_R 1 -1.096e+06 1.420e+03 5.239e+03
|        ( - -1.025e+06 23 0)
|        ( - -6.890e+04 6 0 WDBNDRY_E 0 1.863e+02 3.280e+02))
|    ( QUESTION0_15_R 1 -2.117e+06 3.474e+03 1.003e+04
|        ( WDBNDRY_E 0 -7.308e+05 1.761e+03 3.497e+03
|            ( QUESTION0_17_R 1 -6.130e+05 1.355e+03 2.944e+03
|                ( - -1.990e+05 8 0)
|                ( - -4.126e+05 15 0 QUESTION0_16_R 1 6.044e+02 1.996e+03))
|            ( - -1.161e+05 11 0 QUESTION0_17_R 1 6.866e+02 5.530e+02))
|        ( SILENCE 1 -1.383e+06 2.232e+03 6.538e+03
|            ( - -2.664e+05 5 0)
|            ( QUESTION2 1 -1.114e+06 1.634e+03 5.274e+03
|                ( - -6.134e+05 38 0 QUESTION3 1 1.291e+03 2.911e+03)
|                ( - -4.991e+05 24 0 QUESTION20 1 1.064e+03 2.362e+03)))))
s>    ( QUESTION0 1 -3.216e+06 3.763e+03 1.527e+04
s>        ( QUESTION0_0_R 1 -1.096e+06 1.420e+03 5.239e+03
s>            ( - -1.025e+06 23 0)
s>            ( - -6.890e+04 6 0 WDBNDRY_E 0 1.863e+02 3.280e+02))
s>        ( QUESTION0_15_R 1 -2.117e+06 3.474e+03 1.003e+04
s>            ( WDBNDRY_E 0 -7.308e+05 1.761e+03 3.497e+03
s>                ( QUESTION0_17_R 1 -6.130e+05 1.355e+03 2.944e+03
s>                    ( - -1.990e+05 8 0)
s>                    ( - -4.126e+05 15 0 QUESTION0_16_R 1 6.044e+02 1.996e+03))
s>                ( - -1.161e+05 11 0 QUESTION0_17_R 1 6.866e+02 5.530e+02))
s>            ( SILENCE 1 -1.383e+06 2.232e+03 6.538e+03
s>                ( - -2.664e+05 5 0)
s>                ( QUESTION2 1 -1.114e+06 1.634e+03 5.274e+03
s>                    ( - -6.134e+05 38 0 QUESTION3 1 1.291e+03 2.911e+03)
s>                    ( - -4.991e+05 24 0 QUESTION20 1 1.064e+03 2.362e+03)))))INFO: dtree.c(1439): stop. leaf nodes are specific
INFO: dtree.c(1478): Final simple tree
|( QUESTION0_0_R 1 -3.166e+06 8.315e+03 1.461e+04
|    ( QUESTION2_0_L -1 -2.801e+06 3.265e+02 1.295e+04
|        ( QUESTION0 1 -2.796e+06 2.642e+02 1.293e+04
|            ( - -2.791e+06 30 0)
|            ( - -4.377e+03 2 0))
|        ( QUESTION0 1 -5.396e+03 1.016e+02 2.700e+01
|            ( - -4.584e+03 2 0)
|            ( - -7.105e+02 1 0)))
|    ( QUESTION0_9_R 1 -3.560e+05 2.732e+03 1.657e+03
|        ( - -2.131e+05 5 0)
|        ( - -1.402e+05 1 0)))
s>    ( QUESTION0_0_R 1 -3.166e+06 8.315e+03 1.461e+04
s>        ( QUESTION2_0_L -1 -2.801e+06 3.265e+02 1.295e+04
s>            ( QUESTION0 1 -2.796e+06 2.642e+02 1.293e+04
s>                ( - -2.791e+06 30 0)
s>                ( - -4.377e+03 2 0))
s>            ( QUESTION0 1 -5.396e+03 1.016e+02 2.700e+01
s>                ( - -4.584e+03 2 0)
s>                ( - -7.105e+02 1 0)))
s>        ( QUESTION0_9_R 1 -3.560e+05 2.732e+03 1.657e+03
s>            ( - -2.131e+05 5 0)
s>            ( - -1.402e+05 1 0)))INFO: dtree.c(1315): Comp split 3
INFO: dtree.c(1439): stop. leaf nodes are specific
INFO: dtree.c(1478): Final simple tree
|( QUESTION0_9_R 1 -3.568e+05 2.727e+03 1.661e+03
|    ( - -2.131e+05 5 0)
|    ( QUESTION0_0_R 1 -1.410e+05 1.324e+02 6.575e+02
|        ( - -7.105e+02 1 0)
|        ( - -1.402e+05 1 0)))
s>    ( QUESTION0_9_R 1 -3.568e+05 2.727e+03 1.661e+03
s>        ( - -2.131e+05 5 0)
s>        ( QUESTION0_0_R 1 -1.410e+05 1.324e+02 6.575e+02
s>            ( - -7.105e+02 1 0)
s>            ( - -1.402e+05 1 0)))INFO: dtree.c(1439): stop. leaf nodes are specific
INFO: dtree.c(1478): Final simple tree
|( QUESTION2_0_L -1 -2.800e+06 2.960e+02 1.295e+04
|    ( QUESTION0 1 -2.796e+06 2.642e+02 1.293e+04
|        ( - -2.791e+06 30 0)
|        ( - -4.377e+03 2 0))
|    ( - -4.584e+03 2 0))
s>    ( QUESTION2_0_L -1 -2.800e+06 2.960e+02 1.295e+04
s>        ( QUESTION0 1 -2.796e+06 2.642e+02 1.293e+04
s>            ( - -2.791e+06 30 0)
s>            ( - -4.377e+03 2 0))
s>        ( - -4.584e+03 2 0))INFO: dtree.c(1315): Comp split 4
INFO: dtree.c(1478): Final simple tree
|( QUESTION12 -1 -4.398e+05 1.522e+03 2.005e+03
|    ( WDBNDRY_B 0 -1.761e+05 4.264e+02 8.047e+02
|        ( - -2.473e+04 5 0 QUESTION0 1 1.727e+02 1.150e+02)
|        ( - -1.509e+05 5 0))
|    ( QUESTION2_15_L -1 -2.622e+05 1.065e+03 1.200e+03
|        ( - -8.799e+04 11 0 QUESTION0 1 2.846e+02 4.003e+02)
|        ( QUESTION10 -1 -1.732e+05 5.881e+02 8.000e+02
|            ( - -3.102e+04 2 0)
|            ( QUESTION8 -1 -1.415e+05 4.616e+02 6.530e+02
|                ( - 2.419e+02 1 0)
|                ( QUESTION2 -1 -1.413e+05 3.499e+02 6.520e+02
|                    ( - -1.744e+04 5 0 WDBNDRY_B 0 2.065e+02 8.096e+01)
|                    ( WDBNDRY_B 0 -1.235e+05 3.381e+02 5.711e+02
|                        ( - -9.195e+04 16 0 QUESTION19 -1 3.465e+02 4.284e+02)
|                        ( - -3.124e+04 8 0 QUESTION19 -1 1.817e+02 1.427e+02)))))))
s>    ( QUESTION12 -1 -4.398e+05 1.522e+03 2.005e+03
s>        ( WDBNDRY_B 0 -1.761e+05 4.264e+02 8.047e+02
s>            ( - -2.473e+04 5 0 QUESTION0 1 1.727e+02 1.150e+02)
s>            ( - -1.509e+05 5 0))
s>        ( QUESTION2_15_L -1 -2.622e+05 1.065e+03 1.200e+03
s>            ( - -8.799e+04 11 0 QUESTION0 1 2.846e+02 4.003e+02)
s>            ( QUESTION10 -1 -1.732e+05 5.881e+02 8.000e+02
s>                ( - -3.102e+04 2 0)
s>                ( QUESTION8 -1 -1.415e+05 4.616e+02 6.530e+02
s>                    ( - 2.419e+02 1 0)
s>                    ( QUESTION2 -1 -1.413e+05 3.499e+02 6.520e+02
s>                        ( - -1.744e+04 5 0 WDBNDRY_B 0 2.065e+02 8.096e+01)
s>                        ( WDBNDRY_B 0 -1.235e+05 3.381e+02 5.711e+02
s>                            ( - -9.195e+04 16 0 QUESTION19 -1 3.465e+02 4.284e+02)
s>                            ( - -3.124e+04 8 0 QUESTION19 -1 1.817e+02 1.427e+02)))))))INFO: dtree.c(1439): stop. leaf nodes are specific
INFO: dtree.c(1478): Final simple tree
|( SILENCE -1 -3.030e+05 1.144e+03 1.367e+03
|    ( QUESTION0 1 -2.187e+05 4.727e+02 9.863e+02
|        ( - -2.185e+05 5 0)
|        ( - 2.422e+02 1 0))
|    ( QUESTION0_0_R 1 -8.312e+04 9.046e+01 3.803e+02
|        ( - -8.266e+04 6 0)
|        ( - -3.727e+02 1 0)))
s>    ( SILENCE -1 -3.030e+05 1.144e+03 1.367e+03
s>        ( QUESTION0 1 -2.187e+05 4.727e+02 9.863e+02
s>            ( - -2.185e+05 5 0)
s>            ( - 2.422e+02 1 0))
s>        ( QUESTION0_0_R 1 -8.312e+04 9.046e+01 3.803e+02
s>            ( - -8.266e+04 6 0)
s>            ( - -3.727e+02 1 0)))INFO: dtree.c(1315): Comp split 5
INFO: dtree.c(1478): Final simple tree
|( SILENCE 1 -1.383e+06 2.232e+03 6.538e+03
|    ( - -2.664e+05 5 0)
|    ( QUESTION2 1 -1.114e+06 1.634e+03 5.274e+03
|        ( QUESTION3 1 -6.134e+05 1.291e+03 2.911e+03
|            ( - -1.653e+05 4 0)
|            ( WDBNDRY_E 0 -4.468e+05 6.722e+02 2.122e+03
|                ( QUESTION0_5_R 1 -4.207e+05 4.264e+02 2.001e+03
|                    ( - -2.479e+04 4 0)
|                    ( - -3.955e+05 20 0 QUESTION12 1 3.335e+02 1.880e+03))
|                ( - -2.542e+04 10 0 QUESTION0_4_R 1 2.015e+02 1.207e+02)))
|        ( QUESTION20 1 -4.991e+05 1.064e+03 2.362e+03
|            ( - -1.704e+05 8 0 WDBNDRY_E 0 2.705e+02 8.065e+02)
|            ( QUESTION0_0_R 1 -3.276e+05 6.211e+02 1.556e+03
|                ( - -3.382e+04 7 0)
|                ( - -2.931e+05 9 0)))))
s>    ( SILENCE 1 -1.383e+06 2.232e+03 6.538e+03
s>        ( - -2.664e+05 5 0)
s>        ( QUESTION2 1 -1.114e+06 1.634e+03 5.274e+03
s>            ( QUESTION3 1 -6.134e+05 1.291e+03 2.911e+03
s>                ( - -1.653e+05 4 0)
s>                ( WDBNDRY_E 0 -4.468e+05 6.722e+02 2.122e+03
s>                    ( QUESTION0_5_R 1 -4.207e+05 4.264e+02 2.001e+03
s>                        ( - -2.479e+04 4 0)
s>                        ( - -3.955e+05 20 0 QUESTION12 1 3.335e+02 1.880e+03))
s>                    ( - -2.542e+04 10 0 QUESTION0_4_R 1 2.015e+02 1.207e+02)))
s>            ( QUESTION20 1 -4.991e+05 1.064e+03 2.362e+03
s>                ( - -1.704e+05 8 0 WDBNDRY_E 0 2.705e+02 8.065e+02)
s>                ( QUESTION0_0_R 1 -3.276e+05 6.211e+02 1.556e+03
s>                    ( - -3.382e+04 7 0)
s>                    ( - -2.931e+05 9 0)))))INFO: dtree.c(1478): Final simple tree
|( QUESTION0_0_R 1 -1.829e+06 3.015e+03 8.736e+03
|    ( - -1.025e+06 23 0)
|    ( WDBNDRY_E 0 -8.011e+05 2.332e+03 3.825e+03
|        ( QUESTION0_16_R 1 -6.154e+05 1.365e+03 2.955e+03
|            ( QUESTION0_17_R 1 -2.582e+05 6.295e+02 1.234e+03
|                ( - -1.990e+05 8 0)
|                ( - -5.857e+04 5 0 QUESTION0_19_R 1 2.026e+02 2.867e+02))
|            ( - -3.558e+05 12 0 QUESTION17 1 4.506e+02 1.721e+03))
|        ( QUESTION0_18_R 1 -1.834e+05 7.816e+02 8.700e+02
|            ( - -6.851e+04 5 0 QUESTION0_19_R 1 3.270e+02 3.271e+02)
|            ( QUESTION0_16_R 1 -1.141e+05 6.720e+02 5.430e+02
|                ( - -5.989e+04 5 0)
|                ( QUESTION17 1 -5.350e+04 5.942e+02 2.564e+02
|                    ( - -1.389e+04 3 0)
|                    ( - -3.902e+04 2 0))))))
s>    ( QUESTION0_0_R 1 -1.829e+06 3.015e+03 8.736e+03
s>        ( - -1.025e+06 23 0)
s>        ( WDBNDRY_E 0 -8.011e+05 2.332e+03 3.825e+03
s>            ( QUESTION0_16_R 1 -6.154e+05 1.365e+03 2.955e+03
s>                ( QUESTION0_17_R 1 -2.582e+05 6.295e+02 1.234e+03
s>                    ( - -1.990e+05 8 0)
s>                    ( - -5.857e+04 5 0 QUESTION0_19_R 1 2.026e+02 2.867e+02))
s>                ( - -3.558e+05 12 0 QUESTION17 1 4.506e+02 1.721e+03))
s>            ( QUESTION0_18_R 1 -1.834e+05 7.816e+02 8.700e+02
s>                ( - -6.851e+04 5 0 QUESTION0_19_R 1 3.270e+02 3.271e+02)
s>                ( QUESTION0_16_R 1 -1.141e+05 6.720e+02 5.430e+02
s>                    ( - -5.989e+04 5 0)
s>                    ( QUESTION17 1 -5.350e+04 5.942e+02 2.564e+02
s>                        ( - -1.389e+04 3 0)
s>                        ( - -3.902e+04 2 0))))))INFO: dtree.c(1315): Comp split 6
INFO: dtree.c(1478): Final simple tree
|( QUESTION2 1 -9.223e+05 1.563e+03 4.362e+03
|    ( WDBNDRY_E 0 -4.216e+05 6.674e+02 2.000e+03
|        ( QUESTION12 1 -3.955e+05 3.335e+02 1.880e+03
|            ( QUESTION0_2_R 1 -4.955e+04 3.612e+02 2.390e+02
|                ( - -4.016e+04 5 0)
|                ( - -9.023e+03 2 0))
|            ( - -3.456e+05 13 0 QUESTION0_2_R 1 2.624e+02 1.641e+03))
|        ( - -2.542e+04 10 0 QUESTION0_4_R 1 2.015e+02 1.207e+02))
|    ( QUESTION20 1 -4.991e+05 1.064e+03 2.362e+03
|        ( WDBNDRY_E 0 -1.704e+05 2.705e+02 8.065e+02
|            ( - -1.666e+05 6 0 QUESTION0_11_R 1 1.217e+02 7.889e+02)
|            ( - -3.552e+03 2 0))
|        ( QUESTION0_0_R 1 -3.276e+05 6.211e+02 1.556e+03
|            ( - -3.382e+04 7 0)
|            ( - -2.931e+05 9 0))))
s>    ( QUESTION2 1 -9.223e+05 1.563e+03 4.362e+03
s>        ( WDBNDRY_E 0 -4.216e+05 6.674e+02 2.000e+03
s>            ( QUESTION12 1 -3.955e+05 3.335e+02 1.880e+03
s>                ( QUESTION0_2_R 1 -4.955e+04 3.612e+02 2.390e+02
s>                    ( - -4.016e+04 5 0)
s>                    ( - -9.023e+03 2 0))
s>                ( - -3.456e+05 13 0 QUESTION0_2_R 1 2.624e+02 1.641e+03))
s>            ( - -2.542e+04 10 0 QUESTION0_4_R 1 2.015e+02 1.207e+02))
s>        ( QUESTION20 1 -4.991e+05 1.064e+03 2.362e+03
s>            ( WDBNDRY_E 0 -1.704e+05 2.705e+02 8.065e+02
s>                ( - -1.666e+05 6 0 QUESTION0_11_R 1 1.217e+02 7.889e+02)
s>                ( - -3.552e+03 2 0))
s>            ( QUESTION0_0_R 1 -3.276e+05 6.211e+02 1.556e+03
s>                ( - -3.382e+04 7 0)
s>                ( - -2.931e+05 9 0))))INFO: dtree.c(1439): stop. leaf nodes are specific
INFO: dtree.c(1478): Final simple tree
|( QUESTION0_8_R 1 -4.573e+05 4.978e+02 2.175e+03
|    ( - -1.653e+05 4 0)
|    ( SILENCE 1 -2.915e+05 3.410e+02 1.386e+03
|        ( - -2.664e+05 5 0)
|        ( - -2.479e+04 4 0)))
s>    ( QUESTION0_8_R 1 -4.573e+05 4.978e+02 2.175e+03
s>        ( - -1.653e+05 4 0)
s>        ( SILENCE 1 -2.915e+05 3.410e+02 1.386e+03
s>            ( - -2.664e+05 5 0)
s>            ( - -2.479e+04 4 0)))INFO: dtree.c(1315): Comp split 7
INFO: dtree.c(1439): stop. leaf nodes are specific
INFO: dtree.c(1478): Final simple tree
|( QUESTION0_0_R 1 -1.099e+06 7.283e+02 5.267e+03
|    ( - -1.025e+06 23 0)
|    ( WDBNDRY_E 0 -7.282e+04 3.640e+02 3.560e+02
|        ( QUESTION0_19_R 1 -5.857e+04 2.026e+02 2.867e+02
|            ( - -2.175e+03 2 0)
|            ( - -5.620e+04 3 0))
|        ( - -1.389e+04 3 0)))
s>    ( QUESTION0_0_R 1 -1.099e+06 7.283e+02 5.267e+03
s>        ( - -1.025e+06 23 0)
s>        ( WDBNDRY_E 0 -7.282e+04 3.640e+02 3.560e+02
s>            ( QUESTION0_19_R 1 -5.857e+04 2.026e+02 2.867e+02
s>                ( - -2.175e+03 2 0)
s>                ( - -5.620e+04 3 0))
s>            ( - -1.389e+04 3 0)))INFO: dtree.c(1439): stop. leaf nodes are specific
INFO: dtree.c(1478): Final simple tree
|( WDBNDRY_E 0 -7.275e+05 2.356e+03 3.469e+03
|    ( QUESTION0_16_R 1 -5.563e+05 1.431e+03 2.668e+03
|        ( - -1.990e+05 8 0)
|        ( QUESTION17 1 -3.558e+05 4.506e+02 1.721e+03
|            ( - -3.643e+04 8 0)
|            ( - -3.189e+05 4 0)))
|    ( QUESTION0_18_R 1 -1.688e+05 8.023e+02 8.007e+02
|        ( QUESTION0_19_R 1 -6.851e+04 3.270e+02 3.271e+02
|            ( - -6.653e+04 4 0)
|            ( - -1.651e+03 1 0))
|        ( QUESTION0_16_R 1 -9.951e+04 5.971e+02 4.736e+02
|            ( - -5.989e+04 5 0)
|            ( - -3.902e+04 2 0))))
s>    ( WDBNDRY_E 0 -7.275e+05 2.356e+03 3.469e+03
s>        ( QUESTION0_16_R 1 -5.563e+05 1.431e+03 2.668e+03
s>            ( - -1.990e+05 8 0)
s>            ( QUESTION17 1 -3.558e+05 4.506e+02 1.721e+03
s>                ( - -3.643e+04 8 0)
s>                ( - -3.189e+05 4 0)))
s>        ( QUESTION0_18_R 1 -1.688e+05 8.023e+02 8.007e+02
s>            ( QUESTION0_19_R 1 -6.851e+04 3.270e+02 3.271e+02
s>                ( - -6.653e+04 4 0)
s>                ( - -1.651e+03 1 0))
s>            ( QUESTION0_16_R 1 -9.951e+04 5.971e+02 4.736e+02
s>                ( - -5.989e+04 5 0)
s>                ( - -3.902e+04 2 0))))INFO: dtree.c(1315): Comp split 8
INFO: dtree.c(1439): stop. leaf nodes are specific
INFO: dtree.c(1478): Final simple tree
|( QUESTION0_0_R 1 -1.410e+05 1.324e+02 6.575e+02
|    ( - -7.105e+02 1 0)
|    ( - -1.402e+05 1 0))
s>    ( QUESTION0_0_R 1 -1.410e+05 1.324e+02 6.575e+02
s>        ( - -7.105e+02 1 0)
s>        ( - -1.402e+05 1 0))INFO: dtree.c(1315): Comp split 9
INFO: dtree.c(1478): Final simple tree
|( WDBNDRY_I 0 -1.768e+06 1.397e+03 8.315e+03
|    ( QUESTION0_0_R 1 -7.581e+04 1.877e+02 3.563e+02
|        ( - -7.514e+04 6 0)
|        ( - -4.913e+02 1 0))
|    ( WDBNDRY_B 0 -1.691e+06 1.190e+03 7.959e+03
|        ( QUESTION14 -1 -1.676e+06 7.136e+02 7.886e+03
|            ( - -1.650e+05 21 0)
|            ( QUESTION0 1 -1.510e+06 3.585e+02 7.101e+03
|                ( - -1.488e+06 34 0 QUESTION2_0_L -1 1.637e+02 6.997e+03)
|                ( QUESTION0_0_R 1 -2.145e+04 1.870e+02 1.040e+02
|                    ( - -9.098e+03 8 0 QUESTION0 -1 1.647e+02 4.449e+01)
|                    ( - -1.216e+04 4 0))))
|        ( QUESTION0_2_R 1 -1.347e+04 6.388e+02 7.330e+01
|            ( - -1.035e+04 1 0)
|            ( - -2.485e+03 1 0))))
s>    ( WDBNDRY_I 0 -1.768e+06 1.397e+03 8.315e+03
s>        ( QUESTION0_0_R 1 -7.581e+04 1.877e+02 3.563e+02
s>            ( - -7.514e+04 6 0)
s>            ( - -4.913e+02 1 0))
s>        ( WDBNDRY_B 0 -1.691e+06 1.190e+03 7.959e+03
s>            ( QUESTION14 -1 -1.676e+06 7.136e+02 7.886e+03
s>                ( - -1.650e+05 21 0)
s>                ( QUESTION0 1 -1.510e+06 3.585e+02 7.101e+03
s>                    ( - -1.488e+06 34 0 QUESTION2_0_L -1 1.637e+02 6.997e+03)
s>                    ( QUESTION0_0_R 1 -2.145e+04 1.870e+02 1.040e+02
s>                        ( - -9.098e+03 8 0 QUESTION0 -1 1.647e+02 4.449e+01)
s>                        ( - -1.216e+04 4 0))))
s>            ( QUESTION0_2_R 1 -1.347e+04 6.388e+02 7.330e+01
s>                ( - -1.035e+04 1 0)
s>                ( - -2.485e+03 1 0))))INFO: dtree.c(1439): stop. leaf nodes are specific
INFO: dtree.c(1478): Final simple tree
|( QUESTION17 -1 -3.474e+05 1.523e+03 1.630e+03
|    ( WDBNDRY_B 0 -1.492e+05 1.355e+02 6.932e+02
|        ( QUESTION0 1 -1.475e+05 9.550e+01 6.852e+02
|            ( - -1.462e+05 7 0)
|            ( - -1.244e+03 1 0))
|        ( - -1.596e+03 3 0))
|    ( WDBNDRY_B 0 -1.966e+05 1.329e+02 9.370e+02
|        ( - -1.912e+05 6 0)
|        ( - -5.311e+03 4 0)))
s>    ( QUESTION17 -1 -3.474e+05 1.523e+03 1.630e+03
s>        ( WDBNDRY_B 0 -1.492e+05 1.355e+02 6.932e+02
s>            ( QUESTION0 1 -1.475e+05 9.550e+01 6.852e+02
s>                ( - -1.462e+05 7 0)
s>                ( - -1.244e+03 1 0))
s>            ( - -1.596e+03 3 0))
s>        ( WDBNDRY_B 0 -1.966e+05 1.329e+02 9.370e+02
s>            ( - -1.912e+05 6 0)
s>            ( - -5.311e+03 4 0)))INFO: dtree.c(1315): Comp split 10
INFO: dtree.c(1439): stop. leaf nodes are specific
INFO: dtree.c(1478): Final simple tree
|( QUESTION0_17_R 1 -5.582e+05 1.435e+03 2.678e+03
|    ( - -1.990e+05 8 0)
|    ( QUESTION17 1 -3.578e+05 4.455e+02 1.731e+03
|        ( - -3.643e+04 8 0)
|        ( WDBNDRY_E 0 -3.209e+05 3.145e+02 1.552e+03
|            ( - -3.189e+05 4 0)
|            ( - -1.651e+03 1 0))))
s>    ( QUESTION0_17_R 1 -5.582e+05 1.435e+03 2.678e+03
s>        ( - -1.990e+05 8 0)
s>        ( QUESTION17 1 -3.578e+05 4.455e+02 1.731e+03
s>            ( - -3.643e+04 8 0)
s>            ( WDBNDRY_E 0 -3.209e+05 3.145e+02 1.552e+03
s>                ( - -3.189e+05 4 0)
s>                ( - -1.651e+03 1 0))))INFO: dtree.c(1439): stop. leaf nodes are specific
INFO: dtree.c(1478): Final simple tree
|( QUESTION0_18_R 1 -1.668e+05 7.879e+02 7.907e+02
|    ( - -6.653e+04 4 0)
|    ( QUESTION0_16_R 1 -9.951e+04 5.971e+02 4.736e+02
|        ( - -5.989e+04 5 0)
|        ( - -3.902e+04 2 0)))
s>    ( QUESTION0_18_R 1 -1.668e+05 7.879e+02 7.907e+02
s>        ( - -6.653e+04 4 0)
s>        ( QUESTION0_16_R 1 -9.951e+04 5.971e+02 4.736e+02
s>            ( - -5.989e+04 5 0)
s>            ( - -3.902e+04 2 0)))INFO: dtree.c(1315): Comp split 11
INFO: dtree.c(1478): Final simple tree
|( QUESTION10 -1 -1.732e+05 5.881e+02 8.000e+02
|    ( - -3.102e+04 2 0)
|    ( QUESTION8 -1 -1.415e+05 4.616e+02 6.530e+02
|        ( - 2.419e+02 1 0)
|        ( QUESTION2 -1 -1.413e+05 3.499e+02 6.520e+02
|            ( WDBNDRY_B 0 -1.744e+04 2.065e+02 8.096e+01
|                ( - -1.425e+04 3 0)
|                ( QUESTION6 -1 -2.986e+03 4.417e+02 1.500e+01
|                    ( - 2.149e+02 1 0)
|                    ( - -2.760e+03 1 0)))
|            ( WDBNDRY_B 0 -1.235e+05 3.381e+02 5.711e+02
|                ( QUESTION19 -1 -9.195e+04 3.465e+02 4.284e+02
|                    ( - -5.890e+04 6 0)
|                    ( - -3.270e+04 10 0))
|                ( - -3.124e+04 8 0 QUESTION19 -1 1.817e+02 1.427e+02)))))
s>    ( QUESTION10 -1 -1.732e+05 5.881e+02 8.000e+02
s>        ( - -3.102e+04 2 0)
s>        ( QUESTION8 -1 -1.415e+05 4.616e+02 6.530e+02
s>            ( - 2.419e+02 1 0)
s>            ( QUESTION2 -1 -1.413e+05 3.499e+02 6.520e+02
s>                ( WDBNDRY_B 0 -1.744e+04 2.065e+02 8.096e+01
s>                    ( - -1.425e+04 3 0)
s>                    ( QUESTION6 -1 -2.986e+03 4.417e+02 1.500e+01
s>                        ( - 2.149e+02 1 0)
s>                        ( - -2.760e+03 1 0)))
s>                ( WDBNDRY_B 0 -1.235e+05 3.381e+02 5.711e+02
s>                    ( QUESTION19 -1 -9.195e+04 3.465e+02 4.284e+02
s>                        ( - -5.890e+04 6 0)
s>                        ( - -3.270e+04 10 0))
s>                    ( - -3.124e+04 8 0 QUESTION19 -1 1.817e+02 1.427e+02)))))INFO: dtree.c(1439): stop. leaf nodes are specific
INFO: dtree.c(1478): Final simple tree
|( QUESTION2_14_L -1 -2.650e+05 8.602e+02 1.205e+03
|    ( QUESTION0 1 -8.862e+04 2.840e+02 4.033e+02
|        ( WDBNDRY_B 0 -7.499e+04 2.031e+02 3.419e+02
|            ( QUESTION11 -1 -2.564e+04 1.523e+02 1.175e+02
|                ( - -2.501e+04 5 0)
|                ( - -4.780e+02 1 0))
|            ( - -4.915e+04 5 0))
|        ( - -1.335e+04 1 0))
|    ( WDBNDRY_B 0 -1.755e+05 4.177e+02 8.017e+02
|        ( QUESTION0 1 -2.410e+04 1.734e+02 1.120e+02
|            ( - -2.347e+04 3 0)
|            ( - -4.598e+02 1 0))
|        ( - -1.509e+05 5 0)))
s>    ( QUESTION2_14_L -1 -2.650e+05 8.602e+02 1.205e+03
s>        ( QUESTION0 1 -8.862e+04 2.840e+02 4.033e+02
s>            ( WDBNDRY_B 0 -7.499e+04 2.031e+02 3.419e+02
s>                ( QUESTION11 -1 -2.564e+04 1.523e+02 1.175e+02
s>                    ( - -2.501e+04 5 0)
s>                    ( - -4.780e+02 1 0))
s>                ( - -4.915e+04 5 0))
s>            ( - -1.335e+04 1 0))
s>        ( WDBNDRY_B 0 -1.755e+05 4.177e+02 8.017e+02
s>            ( QUESTION0 1 -2.410e+04 1.734e+02 1.120e+02
s>                ( - -2.347e+04 3 0)
s>                ( - -4.598e+02 1 0))
s>            ( - -1.509e+05 5 0)))INFO: dtree.c(1315): Comp split 12
INFO: dtree.c(1439): stop. leaf nodes are specific
INFO: dtree.c(1478): Final simple tree
|( QUESTION20 1 -5.083e+05 1.071e+03 2.406e+03
|    ( WDBNDRY_E 0 -1.704e+05 2.705e+02 8.065e+02
|        ( QUESTION0_11_R 1 -1.666e+05 1.217e+02 7.889e+02
|            ( - -1.632e+05 4 0)
|            ( - -3.264e+03 2 0))
|        ( - -3.552e+03 2 0))
|    ( QUESTION0_0_R 1 -3.368e+05 6.216e+02 1.600e+03
|        ( - -3.382e+04 7 0)
|        ( QUESTION0_11_R 1 -3.024e+05 2.162e+02 1.439e+03
|            ( - -2.931e+05 9 0)
|            ( - -9.023e+03 2 0))))
s>    ( QUESTION20 1 -5.083e+05 1.071e+03 2.406e+03
s>        ( WDBNDRY_E 0 -1.704e+05 2.705e+02 8.065e+02
s>            ( QUESTION0_11_R 1 -1.666e+05 1.217e+02 7.889e+02
s>                ( - -1.632e+05 4 0)
s>                ( - -3.264e+03 2 0))
s>            ( - -3.552e+03 2 0))
s>        ( QUESTION0_0_R 1 -3.368e+05 6.216e+02 1.600e+03
s>            ( - -3.382e+04 7 0)
s>            ( QUESTION0_11_R 1 -3.024e+05 2.162e+02 1.439e+03
s>                ( - -2.931e+05 9 0)
s>                ( - -9.023e+03 2 0))))INFO: dtree.c(1478): Final simple tree
|( WDBNDRY_E 0 -4.123e+05 6.735e+02 1.956e+03
|    ( QUESTION12 1 -3.862e+05 3.975e+02 1.836e+03
|        ( - -4.016e+04 5 0)
|        ( QUESTION0_2_R 1 -3.456e+05 2.624e+02 1.641e+03
|            ( QUESTION0_7_R 1 -3.206e+05 2.020e+02 1.521e+03
|                ( - -9.791e+03 3 0)
|                ( QUESTION0_3_R 1 -3.107e+05 2.160e+02 1.475e+03
|                    ( - -3.062e+05 4 0)
|                    ( - -4.272e+03 3 0)))
|            ( - -2.474e+04 3 0)))
|    ( QUESTION0_4_R 1 -2.542e+04 2.015e+02 1.207e+02
|        ( - -4.238e+03 3 0)
|        ( QUESTION2_0_L -1 -2.098e+04 1.649e+02 9.965e+01
|            ( - -2.007e+04 6 0 QUESTION0_2_R 1 9.831e+01 9.565e+01)
|            ( - -7.483e+02 1 0))))
s>    ( WDBNDRY_E 0 -4.123e+05 6.735e+02 1.956e+03
s>        ( QUESTION12 1 -3.862e+05 3.975e+02 1.836e+03
s>            ( - -4.016e+04 5 0)
s>            ( QUESTION0_2_R 1 -3.456e+05 2.624e+02 1.641e+03
s>                ( QUESTION0_7_R 1 -3.206e+05 2.020e+02 1.521e+03
s>                    ( - -9.791e+03 3 0)
s>                    ( QUESTION0_3_R 1 -3.107e+05 2.160e+02 1.475e+03
s>                        ( - -3.062e+05 4 0)
s>                        ( - -4.272e+03 3 0)))
s>                ( - -2.474e+04 3 0)))
s>        ( QUESTION0_4_R 1 -2.542e+04 2.015e+02 1.207e+02
s>            ( - -4.238e+03 3 0)
s>            ( QUESTION2_0_L -1 -2.098e+04 1.649e+02 9.965e+01
s>                ( - -2.007e+04 6 0 QUESTION0_2_R 1 9.831e+01 9.565e+01)
s>                ( - -7.483e+02 1 0))))INFO: dtree.c(1315): Comp split 13
INFO: dtree.c(1439): stop. leaf nodes are specific
INFO: dtree.c(1478): Final simple tree
|( WDBNDRY_B 0 -1.492e+05 1.355e+02 6.932e+02
|    ( QUESTION0 1 -1.475e+05 9.550e+01 6.852e+02
|        ( - -1.462e+05 7 0)
|        ( - -1.244e+03 1 0))
|    ( - -1.596e+03 3 0))
s>    ( WDBNDRY_B 0 -1.492e+05 1.355e+02 6.932e+02
s>        ( QUESTION0 1 -1.475e+05 9.550e+01 6.852e+02
s>            ( - -1.462e+05 7 0)
s>            ( - -1.244e+03 1 0))
s>        ( - -1.596e+03 3 0))INFO: dtree.c(1439): stop. leaf nodes are specific
INFO: dtree.c(1478): Final simple tree
|( WDBNDRY_B 0 -1.966e+05 1.329e+02 9.370e+02
|    ( - -1.912e+05 6 0)
|    ( - -5.311e+03 4 0))
s>    ( WDBNDRY_B 0 -1.966e+05 1.329e+02 9.370e+02
s>        ( - -1.912e+05 6 0)
s>        ( - -5.311e+03 4 0))INFO: dtree.c(1315): Comp split 14
INFO: dtree.c(1439): stop. leaf nodes are specific
INFO: dtree.c(1478): Final simple tree
|( QUESTION17 1 -3.578e+05 4.455e+02 1.731e+03
|    ( - -3.643e+04 8 0)
|    ( WDBNDRY_E 0 -3.209e+05 3.145e+02 1.552e+03
|        ( - -3.189e+05 4 0)
|        ( - -1.651e+03 1 0)))
s>    ( QUESTION17 1 -3.578e+05 4.455e+02 1.731e+03
s>        ( - -3.643e+04 8 0)
s>        ( WDBNDRY_E 0 -3.209e+05 3.145e+02 1.552e+03
s>            ( - -3.189e+05 4 0)
s>            ( - -1.651e+03 1 0)))INFO: dtree.c(1315): Comp split 15
INFO: dtree.c(1439): stop. leaf nodes are specific
INFO: dtree.c(1478): Final simple tree
|( WDBNDRY_E 0 -1.116e+05 1.129e+03 5.306e+02
|    ( QUESTION0_2_R 1 -1.347e+04 6.388e+02 7.330e+01
|        ( - -1.035e+04 1 0)
|        ( - -2.485e+03 1 0))
|    ( WDBNDRY_B 0 -9.700e+04 4.172e+02 4.573e+02
|        ( QUESTION0_0_R 1 -2.145e+04 1.870e+02 1.040e+02
|            ( QUESTION0 -1 -9.098e+03 1.647e+02 4.449e+01
|                ( - -8.627e+03 7 0)
|                ( - -3.057e+02 1 0))
|            ( - -1.216e+04 4 0))
|        ( - -7.514e+04 6 0)))
s>    ( WDBNDRY_E 0 -1.116e+05 1.129e+03 5.306e+02
s>        ( QUESTION0_2_R 1 -1.347e+04 6.388e+02 7.330e+01
s>            ( - -1.035e+04 1 0)
s>            ( - -2.485e+03 1 0))
s>        ( WDBNDRY_B 0 -9.700e+04 4.172e+02 4.573e+02
s>            ( QUESTION0_0_R 1 -2.145e+04 1.870e+02 1.040e+02
s>                ( QUESTION0 -1 -9.098e+03 1.647e+02 4.449e+01
s>                    ( - -8.627e+03 7 0)
s>                    ( - -3.057e+02 1 0))
s>                ( - -1.216e+04 4 0))
s>            ( - -7.514e+04 6 0)))INFO: dtree.c(1439): stop. leaf nodes are specific
INFO: dtree.c(1478): Final simple tree
|( QUESTION0 -1 -1.655e+06 7.163e+02 7.785e+03
|    ( QUESTION2_0_L -1 -1.488e+06 1.637e+02 6.997e+03
|        ( - -1.485e+06 30 0)
|        ( - -3.082e+03 4 0))
|    ( WDBNDRY_B 0 -1.656e+05 1.766e+02 7.877e+02
|        ( - -1.650e+05 21 0)
|        ( - -4.913e+02 1 0)))
s>    ( QUESTION0 -1 -1.655e+06 7.163e+02 7.785e+03
s>        ( QUESTION2_0_L -1 -1.488e+06 1.637e+02 6.997e+03
s>            ( - -1.485e+06 30 0)
s>            ( - -3.082e+03 4 0))
s>        ( WDBNDRY_B 0 -1.656e+05 1.766e+02 7.877e+02
s>            ( - -1.650e+05 21 0)
s>            ( - -4.913e+02 1 0)))INFO: dtree.c(1315): Comp split 16
INFO: dtree.c(1439): stop. leaf nodes are specific
INFO: dtree.c(1478): Final simple tree
|( QUESTION0_0_R 1 -8.312e+04 9.046e+01 3.803e+02
|    ( - -8.266e+04 6 0)
|    ( - -3.727e+02 1 0))
s>    ( QUESTION0_0_R 1 -8.312e+04 9.046e+01 3.803e+02
s>        ( - -8.266e+04 6 0)
s>        ( - -3.727e+02 1 0))INFO: dtree.c(1439): stop. leaf nodes are specific
INFO: dtree.c(1478): Final simple tree
|( QUESTION0 1 -2.187e+05 4.727e+02 9.863e+02
|    ( - -2.185e+05 5 0)
|    ( - 2.422e+02 1 0))
s>    ( QUESTION0 1 -2.187e+05 4.727e+02 9.863e+02
s>        ( - -2.185e+05 5 0)
s>        ( - 2.422e+02 1 0))INFO: dtree.c(1315): Comp split 17
INFO: dtree.c(1439): stop. leaf nodes are specific
INFO: dtree.c(1478): Final simple tree
|( WDBNDRY_B 0 -9.700e+04 4.172e+02 4.573e+02
|    ( QUESTION0_0_R 1 -2.145e+04 1.870e+02 1.040e+02
|        ( QUESTION0 -1 -9.098e+03 1.647e+02 4.449e+01
|            ( - -8.627e+03 7 0)
|            ( - -3.057e+02 1 0))
|        ( - -1.216e+04 4 0))
|    ( - -7.514e+04 6 0))
s>    ( WDBNDRY_B 0 -9.700e+04 4.172e+02 4.573e+02
s>        ( QUESTION0_0_R 1 -2.145e+04 1.870e+02 1.040e+02
s>            ( QUESTION0 -1 -9.098e+03 1.647e+02 4.449e+01
s>                ( - -8.627e+03 7 0)
s>                ( - -3.057e+02 1 0))
s>            ( - -1.216e+04 4 0))
s>        ( - -7.514e+04 6 0))INFO: dtree.c(1439): stop. leaf nodes are specific
INFO: dtree.c(1478): Final simple tree
|( QUESTION0_2_R 1 -1.347e+04 6.388e+02 7.330e+01
|    ( - -1.035e+04 1 0)
|    ( - -2.485e+03 1 0))
s>    ( QUESTION0_2_R 1 -1.347e+04 6.388e+02 7.330e+01
s>        ( - -1.035e+04 1 0)
s>        ( - -2.485e+03 1 0))INFO: dtree.c(1315): Comp split 18
INFO: dtree.c(1439): stop. leaf nodes are specific
INFO: dtree.c(1478): Final simple tree
|( QUESTION0_0_R 1 -3.368e+05 6.216e+02 1.600e+03
|    ( - -3.382e+04 7 0)
|    ( QUESTION0_11_R 1 -3.024e+05 2.162e+02 1.439e+03
|        ( - -2.931e+05 9 0)
|        ( - -9.023e+03 2 0)))
s>    ( QUESTION0_0_R 1 -3.368e+05 6.216e+02 1.600e+03
s>        ( - -3.382e+04 7 0)
s>        ( QUESTION0_11_R 1 -3.024e+05 2.162e+02 1.439e+03
s>            ( - -2.931e+05 9 0)
s>            ( - -9.023e+03 2 0)))INFO: dtree.c(1439): stop. leaf nodes are specific
INFO: dtree.c(1478): Final simple tree
|( WDBNDRY_E 0 -1.704e+05 2.705e+02 8.065e+02
|    ( QUESTION0_11_R 1 -1.666e+05 1.217e+02 7.889e+02
|        ( - -1.632e+05 4 0)
|        ( - -3.264e+03 2 0))
|    ( - -3.552e+03 2 0))
s>    ( WDBNDRY_E 0 -1.704e+05 2.705e+02 8.065e+02
s>        ( QUESTION0_11_R 1 -1.666e+05 1.217e+02 7.889e+02
s>            ( - -1.632e+05 4 0)
s>            ( - -3.264e+03 2 0))
s>        ( - -3.552e+03 2 0))INFO: dtree.c(1315): Comp split 19
INFO: dtree.c(1439): stop. leaf nodes are specific
INFO: dtree.c(1478): Final simple tree
|( WDBNDRY_B 0 -7.499e+04 2.031e+02 3.419e+02
|    ( QUESTION11 -1 -2.564e+04 1.523e+02 1.175e+02
|        ( - -2.501e+04 5 0)
|        ( - -4.780e+02 1 0))
|    ( - -4.915e+04 5 0))
s>    ( WDBNDRY_B 0 -7.499e+04 2.031e+02 3.419e+02
s>        ( QUESTION11 -1 -2.564e+04 1.523e+02 1.175e+02
s>            ( - -2.501e+04 5 0)
s>            ( - -4.780e+02 1 0))
s>        ( - -4.915e+04 5 0))INFO: dtree.c(1439): stop. leaf nodes are specific
INFO: dtree.c(1478): Final simple tree
|( WDBNDRY_B 0 -1.891e+05 4.258e+02 8.631e+02
|    ( QUESTION0 1 -2.410e+04 1.734e+02 1.120e+02
|        ( - -2.347e+04 3 0)
|        ( - -4.598e+02 1 0))
|    ( QUESTION0 1 -1.646e+05 2.714e+02 7.511e+02
|        ( - -1.509e+05 5 0)
|        ( - -1.335e+04 1 0)))
s>    ( WDBNDRY_B 0 -1.891e+05 4.258e+02 8.631e+02
s>        ( QUESTION0 1 -2.410e+04 1.734e+02 1.120e+02
s>            ( - -2.347e+04 3 0)
s>            ( - -4.598e+02 1 0))
s>        ( QUESTION0 1 -1.646e+05 2.714e+02 7.511e+02
s>            ( - -1.509e+05 5 0)
s>            ( - -1.335e+04 1 0)))INFO: dtree.c(1315): Comp split 20
INFO: dtree.c(1439): stop. leaf nodes are specific
INFO: dtree.c(1478): Final simple tree
|( QUESTION0_16_R 1 -9.951e+04 5.971e+02 4.736e+02
|    ( - -5.989e+04 5 0)
|    ( - -3.902e+04 2 0))
s>    ( QUESTION0_16_R 1 -9.951e+04 5.971e+02 4.736e+02
s>        ( - -5.989e+04 5 0)
s>        ( - -3.902e+04 2 0))INFO: dtree.c(1315): Comp split 21
INFO: dtree.c(1439): stop. leaf nodes are specific
INFO: dtree.c(1478): Final simple tree
|( WDBNDRY_E 0 -7.282e+04 3.640e+02 3.560e+02
|    ( QUESTION0_19_R 1 -5.857e+04 2.026e+02 2.867e+02
|        ( - -2.175e+03 2 0)
|        ( - -5.620e+04 3 0))
|    ( - -1.389e+04 3 0))
s>    ( WDBNDRY_E 0 -7.282e+04 3.640e+02 3.560e+02
s>        ( QUESTION0_19_R 1 -5.857e+04 2.026e+02 2.867e+02
s>            ( - -2.175e+03 2 0)
s>            ( - -5.620e+04 3 0))
s>        ( - -1.389e+04 3 0))INFO: dtree.c(1315): Comp split 22
INFO: dtree.c(1439): stop. leaf nodes are specific
INFO: dtree.c(1478): Final simple tree
|( WDBNDRY_B 0 -1.656e+05 1.766e+02 7.877e+02
|    ( - -1.650e+05 21 0)
|    ( - -4.913e+02 1 0))
s>    ( WDBNDRY_B 0 -1.656e+05 1.766e+02 7.877e+02
s>        ( - -1.650e+05 21 0)
s>        ( - -4.913e+02 1 0))INFO: dtree.c(1439): stop. leaf nodes are specific
INFO: dtree.c(1478): Final simple tree
|( QUESTION2_0_L -1 -1.488e+06 1.637e+02 6.997e+03
|    ( - -1.485e+06 30 0)
|    ( - -3.082e+03 4 0))
s>    ( QUESTION2_0_L -1 -1.488e+06 1.637e+02 6.997e+03
s>        ( - -1.485e+06 30 0)
s>        ( - -3.082e+03 4 0))INFO: dtree.c(1315): Comp split 23
INFO: dtree.c(1439): stop. leaf nodes are specific
INFO: dtree.c(1478): Final simple tree
|( QUESTION12 1 -3.862e+05 3.975e+02 1.836e+03
|    ( - -4.016e+04 5 0)
|    ( QUESTION0_2_R 1 -3.456e+05 2.624e+02 1.641e+03
|        ( QUESTION0_7_R 1 -3.206e+05 2.020e+02 1.521e+03
|            ( - -9.791e+03 3 0)
|            ( QUESTION0_3_R 1 -3.107e+05 2.160e+02 1.475e+03
|                ( - -3.062e+05 4 0)
|                ( - -4.272e+03 3 0)))
|        ( - -2.474e+04 3 0)))
s>    ( QUESTION12 1 -3.862e+05 3.975e+02 1.836e+03
s>        ( - -4.016e+04 5 0)
s>        ( QUESTION0_2_R 1 -3.456e+05 2.624e+02 1.641e+03
s>            ( QUESTION0_7_R 1 -3.206e+05 2.020e+02 1.521e+03
s>                ( - -9.791e+03 3 0)
s>                ( QUESTION0_3_R 1 -3.107e+05 2.160e+02 1.475e+03
s>                    ( - -3.062e+05 4 0)
s>                    ( - -4.272e+03 3 0)))
s>            ( - -2.474e+04 3 0)))INFO: dtree.c(1439): stop. leaf nodes are specific
INFO: dtree.c(1478): Final simple tree
|( QUESTION0_4_R 1 -2.542e+04 2.015e+02 1.207e+02
|    ( - -4.238e+03 3 0)
|    ( QUESTION2_0_L -1 -2.098e+04 1.649e+02 9.965e+01
|        ( QUESTION0_2_R 1 -2.007e+04 9.831e+01 9.565e+01
|            ( - -1.939e+04 4 0)
|            ( - -5.721e+02 2 0))
|        ( - -7.483e+02 1 0)))
s>    ( QUESTION0_4_R 1 -2.542e+04 2.015e+02 1.207e+02
s>        ( - -4.238e+03 3 0)
s>        ( QUESTION2_0_L -1 -2.098e+04 1.649e+02 9.965e+01
s>            ( QUESTION0_2_R 1 -2.007e+04 9.831e+01 9.565e+01
s>                ( - -1.939e+04 4 0)
s>                ( - -5.721e+02 2 0))
s>            ( - -7.483e+02 1 0)))INFO: dtree.c(1315): Comp split 24
INFO: dtree.c(1315): Comp split 25
INFO: dtree.c(1439): stop. leaf nodes are specific
INFO: dtree.c(1478): Final simple tree
|( QUESTION0_11_R 1 -3.024e+05 2.162e+02 1.439e+03
|    ( - -2.931e+05 9 0)
|    ( - -9.023e+03 2 0))
s>    ( QUESTION0_11_R 1 -3.024e+05 2.162e+02 1.439e+03
s>        ( - -2.931e+05 9 0)
s>        ( - -9.023e+03 2 0))INFO: dtree.c(1315): Comp split 26
INFO: dtree.c(1315): Comp split 27
INFO: dtree.c(1478): Final simple tree
|( QUESTION8 -1 -1.415e+05 4.616e+02 6.530e+02
|    ( - 2.419e+02 1 0)
|    ( QUESTION2 -1 -1.413e+05 3.499e+02 6.520e+02
|        ( WDBNDRY_B 0 -1.744e+04 2.065e+02 8.096e+01
|            ( - -1.425e+04 3 0)
|            ( QUESTION6 -1 -2.986e+03 4.417e+02 1.500e+01
|                ( - 2.149e+02 1 0)
|                ( - -2.760e+03 1 0)))
|        ( WDBNDRY_B 0 -1.235e+05 3.381e+02 5.711e+02
|            ( QUESTION19 -1 -9.195e+04 3.465e+02 4.284e+02
|                ( - -5.890e+04 6 0)
|                ( - -3.270e+04 10 0))
|            ( QUESTION19 -1 -3.124e+04 1.817e+02 1.427e+02
|                ( - -2.424e+04 4 0)
|                ( - -6.820e+03 4 0)))))
s>    ( QUESTION8 -1 -1.415e+05 4.616e+02 6.530e+02
s>        ( - 2.419e+02 1 0)
s>        ( QUESTION2 -1 -1.413e+05 3.499e+02 6.520e+02
s>            ( WDBNDRY_B 0 -1.744e+04 2.065e+02 8.096e+01
s>                ( - -1.425e+04 3 0)
s>                ( QUESTION6 -1 -2.986e+03 4.417e+02 1.500e+01
s>                    ( - 2.149e+02 1 0)
s>                    ( - -2.760e+03 1 0)))
s>            ( WDBNDRY_B 0 -1.235e+05 3.381e+02 5.711e+02
s>                ( QUESTION19 -1 -9.195e+04 3.465e+02 4.284e+02
s>                    ( - -5.890e+04 6 0)
s>                    ( - -3.270e+04 10 0))
s>                ( QUESTION19 -1 -3.124e+04 1.817e+02 1.427e+02
s>                    ( - -2.424e+04 4 0)
s>                    ( - -6.820e+03 4 0)))))INFO: dtree.c(1315): Comp split 28
INFO: dtree.c(1439): stop. leaf nodes are specific
INFO: dtree.c(1478): Final simple tree
|( SILENCE 1 -2.915e+05 3.410e+02 1.386e+03
|    ( - -2.664e+05 5 0)
|    ( - -2.479e+04 4 0))
s>    ( SILENCE 1 -2.915e+05 3.410e+02 1.386e+03
s>        ( - -2.664e+05 5 0)
s>        ( - -2.479e+04 4 0))INFO: dtree.c(1315): Comp split 29
INFO: dtree.c(1439): stop. leaf nodes are specific
INFO: dtree.c(1478): Final simple tree
|( WDBNDRY_E 0 -3.836e+04 2.832e+02 1.890e+02
|    ( - -3.643e+04 8 0)
|    ( - -1.651e+03 1 0))
s>    ( WDBNDRY_E 0 -3.836e+04 2.832e+02 1.890e+02
s>        ( - -3.643e+04 8 0)
s>        ( - -1.651e+03 1 0))INFO: dtree.c(1315): Comp split 30
INFO: dtree.c(1315): Comp split 31
INFO: dtree.c(1439): stop. leaf nodes are specific
INFO: dtree.c(1478): Final simple tree
|( QUESTION8 -1 -8.218e+04 4.616e+02 3.764e+02
|    ( - 2.419e+02 1 0)
|    ( QUESTION2 -1 -8.196e+04 3.551e+02 3.754e+02
|        ( WDBNDRY_B 0 -1.744e+04 2.065e+02 8.096e+01
|            ( - -1.425e+04 3 0)
|            ( QUESTION6 -1 -2.986e+03 4.417e+02 1.500e+01
|                ( - 2.149e+02 1 0)
|                ( - -2.760e+03 1 0)))
|        ( QUESTION19 -1 -6.416e+04 2.195e+02 2.944e+02
|            ( - -2.424e+04 4 0)
|            ( WDBNDRY_B 0 -3.970e+04 1.709e+02 1.845e+02
|                ( - -3.270e+04 10 0)
|                ( - -6.820e+03 4 0)))))
s>    ( QUESTION8 -1 -8.218e+04 4.616e+02 3.764e+02
s>        ( - 2.419e+02 1 0)
s>        ( QUESTION2 -1 -8.196e+04 3.551e+02 3.754e+02
s>            ( WDBNDRY_B 0 -1.744e+04 2.065e+02 8.096e+01
s>                ( - -1.425e+04 3 0)
s>                ( QUESTION6 -1 -2.986e+03 4.417e+02 1.500e+01
s>                    ( - 2.149e+02 1 0)
s>                    ( - -2.760e+03 1 0)))
s>            ( QUESTION19 -1 -6.416e+04 2.195e+02 2.944e+02
s>                ( - -2.424e+04 4 0)
s>                ( WDBNDRY_B 0 -3.970e+04 1.709e+02 1.845e+02
s>                    ( - -3.270e+04 10 0)
s>                    ( - -6.820e+03 4 0)))))INFO: dtree.c(1315): Comp split 32
INFO: dtree.c(1439): stop. leaf nodes are specific
INFO: dtree.c(1478): Final simple tree
|( QUESTION2 -1 -8.196e+04 3.551e+02 3.754e+02
|    ( WDBNDRY_B 0 -1.744e+04 2.065e+02 8.096e+01
|        ( - -1.425e+04 3 0)
|        ( QUESTION6 -1 -2.986e+03 4.417e+02 1.500e+01
|            ( - 2.149e+02 1 0)
|            ( - -2.760e+03 1 0)))
|    ( QUESTION19 -1 -6.416e+04 2.195e+02 2.944e+02
|        ( - -2.424e+04 4 0)
|        ( WDBNDRY_B 0 -3.970e+04 1.709e+02 1.845e+02
|            ( - -3.270e+04 10 0)
|            ( - -6.820e+03 4 0))))
s>    ( QUESTION2 -1 -8.196e+04 3.551e+02 3.754e+02
s>        ( WDBNDRY_B 0 -1.744e+04 2.065e+02 8.096e+01
s>            ( - -1.425e+04 3 0)
s>            ( QUESTION6 -1 -2.986e+03 4.417e+02 1.500e+01
s>                ( - 2.149e+02 1 0)
s>                ( - -2.760e+03 1 0)))
s>        ( QUESTION19 -1 -6.416e+04 2.195e+02 2.944e+02
s>            ( - -2.424e+04 4 0)
s>            ( WDBNDRY_B 0 -3.970e+04 1.709e+02 1.845e+02
s>                ( - -3.270e+04 10 0)
s>                ( - -6.820e+03 4 0))))INFO: dtree.c(1315): Comp split 33
INFO: dtree.c(1439): stop. leaf nodes are specific
INFO: dtree.c(1478): Final simple tree
|( QUESTION0_3_R 1 -4.459e+04 1.542e+02 2.171e+02
|    ( - -4.016e+04 5 0)
|    ( - -4.272e+03 3 0))
s>    ( QUESTION0_3_R 1 -4.459e+04 1.542e+02 2.171e+02
s>        ( - -4.016e+04 5 0)
s>        ( - -4.272e+03 3 0))INFO: dtree.c(1439): stop. leaf nodes are specific
INFO: dtree.c(1478): Final simple tree
|( QUESTION0_2_R 1 -3.412e+05 2.636e+02 1.619e+03
|    ( QUESTION0_3_R 1 -3.162e+05 2.010e+02 1.499e+03
|        ( - -3.062e+05 4 0)
|        ( - -9.791e+03 3 0))
|    ( - -2.474e+04 3 0))
s>    ( QUESTION0_2_R 1 -3.412e+05 2.636e+02 1.619e+03
s>        ( QUESTION0_3_R 1 -3.162e+05 2.010e+02 1.499e+03
s>            ( - -3.062e+05 4 0)
s>            ( - -9.791e+03 3 0))
s>        ( - -2.474e+04 3 0))INFO: dtree.c(1315): Comp split 34
INFO: dtree.c(1439): stop. leaf nodes are specific
INFO: dtree.c(1478): Final simple tree
|( QUESTION2 -1 -8.173e+04 3.572e+02 3.744e+02
|    ( WDBNDRY_B 0 -1.722e+04 2.051e+02 7.996e+01
|        ( - -1.425e+04 3 0)
|        ( - -2.760e+03 1 0))
|    ( QUESTION19 -1 -6.416e+04 2.195e+02 2.944e+02
|        ( - -2.424e+04 4 0)
|        ( WDBNDRY_B 0 -3.970e+04 1.709e+02 1.845e+02
|            ( - -3.270e+04 10 0)
|            ( - -6.820e+03 4 0))))
s>    ( QUESTION2 -1 -8.173e+04 3.572e+02 3.744e+02
s>        ( WDBNDRY_B 0 -1.722e+04 2.051e+02 7.996e+01
s>            ( - -1.425e+04 3 0)
s>            ( - -2.760e+03 1 0))
s>        ( QUESTION19 -1 -6.416e+04 2.195e+02 2.944e+02
s>            ( - -2.424e+04 4 0)
s>            ( WDBNDRY_B 0 -3.970e+04 1.709e+02 1.845e+02
s>                ( - -3.270e+04 10 0)
s>                ( - -6.820e+03 4 0))))INFO: dtree.c(1315): Comp split 35
INFO: dtree.c(1439): stop. leaf nodes are specific
INFO: dtree.c(1478): Final simple tree
|( QUESTION0 1 -1.646e+05 2.714e+02 7.511e+02
|    ( - -1.509e+05 5 0)
|    ( - -1.335e+04 1 0))
s>    ( QUESTION0 1 -1.646e+05 2.714e+02 7.511e+02
s>        ( - -1.509e+05 5 0)
s>        ( - -1.335e+04 1 0))INFO: dtree.c(1439): stop. leaf nodes are specific
INFO: dtree.c(1478): Final simple tree
|( QUESTION0 1 -2.410e+04 1.734e+02 1.120e+02
|    ( - -2.347e+04 3 0)
|    ( - -4.598e+02 1 0))
s>    ( QUESTION0 1 -2.410e+04 1.734e+02 1.120e+02
s>        ( - -2.347e+04 3 0)
s>        ( - -4.598e+02 1 0))INFO: dtree.c(1315): Comp split 36
INFO: dtree.c(1439): stop. leaf nodes are specific
INFO: dtree.c(1478): Final simple tree
|( QUESTION0_0_R 1 -2.145e+04 1.870e+02 1.040e+02
|    ( QUESTION0 -1 -9.098e+03 1.647e+02 4.449e+01
|        ( - -8.627e+03 7 0)
|        ( - -3.057e+02 1 0))
|    ( - -1.216e+04 4 0))
s>    ( QUESTION0_0_R 1 -2.145e+04 1.870e+02 1.040e+02
s>        ( QUESTION0 -1 -9.098e+03 1.647e+02 4.449e+01
s>            ( - -8.627e+03 7 0)
s>            ( - -3.057e+02 1 0))
s>        ( - -1.216e+04 4 0))INFO: dtree.c(1315): Comp split 37
INFO: dtree.c(1439): stop. leaf nodes are specific
INFO: dtree.c(1478): Final simple tree
|( QUESTION0_19_R 1 -5.857e+04 2.026e+02 2.867e+02
|    ( - -2.175e+03 2 0)
|    ( - -5.620e+04 3 0))
s>    ( QUESTION0_19_R 1 -5.857e+04 2.026e+02 2.867e+02
s>        ( - -2.175e+03 2 0)
s>        ( - -5.620e+04 3 0))INFO: dtree.c(1315): Comp split 38
INFO: dtree.c(1439): stop. leaf nodes are specific
INFO: dtree.c(1478): Final simple tree
|( QUESTION19 -1 -6.416e+04 2.195e+02 2.944e+02
|    ( - -2.424e+04 4 0)
|    ( WDBNDRY_B 0 -3.970e+04 1.709e+02 1.845e+02
|        ( - -3.270e+04 10 0)
|        ( - -6.820e+03 4 0)))
s>    ( QUESTION19 -1 -6.416e+04 2.195e+02 2.944e+02
s>        ( - -2.424e+04 4 0)
s>        ( WDBNDRY_B 0 -3.970e+04 1.709e+02 1.845e+02
s>            ( - -3.270e+04 10 0)
s>            ( - -6.820e+03 4 0)))INFO: dtree.c(1439): stop. leaf nodes are specific
INFO: dtree.c(1478): Final simple tree
|( WDBNDRY_B 0 -1.722e+04 2.051e+02 7.996e+01
|    ( - -1.425e+04 3 0)
|    ( - -2.760e+03 1 0))
s>    ( WDBNDRY_B 0 -1.722e+04 2.051e+02 7.996e+01
s>        ( - -1.425e+04 3 0)
s>        ( - -2.760e+03 1 0))INFO: dtree.c(1315): Comp split 39
INFO: dtree.c(1315): Comp split 40
INFO: dtree.c(1439): stop. leaf nodes are specific
INFO: dtree.c(1478): Final simple tree
|( QUESTION0 1 -9.195e+03 2.340e+02 4.505e+01
|    ( - -4.584e+03 2 0)
|    ( - -4.377e+03 2 0))
s>    ( QUESTION0 1 -9.195e+03 2.340e+02 4.505e+01
s>        ( - -4.584e+03 2 0)
s>        ( - -4.377e+03 2 0))INFO: dtree.c(1315): Comp split 41
INFO: dtree.c(1315): Comp split 42
INFO: dtree.c(1315): Comp split 43
INFO: dtree.c(1439): stop. leaf nodes are specific
INFO: dtree.c(1478): Final simple tree
|( QUESTION0_11_R 1 -1.666e+05 1.217e+02 7.889e+02
|    ( - -1.632e+05 4 0)
|    ( - -3.264e+03 2 0))
s>    ( QUESTION0_11_R 1 -1.666e+05 1.217e+02 7.889e+02
s>        ( - -1.632e+05 4 0)
s>        ( - -3.264e+03 2 0))INFO: dtree.c(1315): Comp split 44
INFO: dtree.c(1439): stop. leaf nodes are specific
INFO: dtree.c(1478): Final simple tree
|( QUESTION0_3_R 1 -3.162e+05 2.010e+02 1.499e+03
|    ( - -3.062e+05 4 0)
|    ( - -9.791e+03 3 0))
s>    ( QUESTION0_3_R 1 -3.162e+05 2.010e+02 1.499e+03
s>        ( - -3.062e+05 4 0)
s>        ( - -9.791e+03 3 0))INFO: dtree.c(1315): Comp split 45
INFO: dtree.c(1315): Comp split 46
INFO: dtree.c(1439): stop. leaf nodes are specific
INFO: dtree.c(1478): Final simple tree
|( WDBNDRY_B 0 -3.970e+04 1.709e+02 1.845e+02
|    ( - -3.270e+04 10 0)
|    ( - -6.820e+03 4 0))
s>    ( WDBNDRY_B 0 -3.970e+04 1.709e+02 1.845e+02
s>        ( - -3.270e+04 10 0)
s>        ( - -6.820e+03 4 0))INFO: dtree.c(1315): Comp split 47
INFO: dtree.c(1315): Comp split 48
INFO: dtree.c(1439): stop. leaf nodes are specific
INFO: dtree.c(1478): Final simple tree
|( WDBNDRY_B 0 -4.978e+04 1.473e+02 2.274e+02
|    ( - -4.780e+02 1 0)
|    ( - -4.915e+04 5 0))
s>    ( WDBNDRY_B 0 -4.978e+04 1.473e+02 2.274e+02
s>        ( - -4.780e+02 1 0)
s>        ( - -4.915e+04 5 0))INFO: dtree.c(1315): Comp split 49
INFO: dtree.c(1315): Comp split 50
INFO: dtree.c(1315): Comp split 51
INFO: dtree.c(1439): stop. leaf nodes are specific
INFO: dtree.c(1478): Final simple tree
|( QUESTION2_0_L -1 -2.098e+04 1.649e+02 9.965e+01
|    ( QUESTION0_2_R 1 -2.007e+04 9.831e+01 9.565e+01
|        ( - -1.939e+04 4 0)
|        ( - -5.721e+02 2 0))
|    ( - -7.483e+02 1 0))
s>    ( QUESTION2_0_L -1 -2.098e+04 1.649e+02 9.965e+01
s>        ( QUESTION0_2_R 1 -2.007e+04 9.831e+01 9.565e+01
s>            ( - -1.939e+04 4 0)
s>            ( - -5.721e+02 2 0))
s>        ( - -7.483e+02 1 0))INFO: dtree.c(1315): Comp split 52
INFO: dtree.c(1315): Comp split 53
INFO: dtree.c(1439): stop. leaf nodes are specific
INFO: dtree.c(1478): Final simple tree
|( QUESTION0 -1 -9.098e+03 1.647e+02 4.449e+01
|    ( - -8.627e+03 7 0)
|    ( - -3.057e+02 1 0))
s>    ( QUESTION0 -1 -9.098e+03 1.647e+02 4.449e+01
s>        ( - -8.627e+03 7 0)
s>        ( - -3.057e+02 1 0))INFO: dtree.c(1315): Comp split 54
INFO: dtree.c(1315): Comp split 55
INFO: dtree.c(1315): Comp split 56
INFO: dtree.c(1315): Comp split 57
INFO: dtree.c(1439): stop. leaf nodes are specific
INFO: dtree.c(1478): Final simple tree
|( QUESTION0_2_R 1 -2.007e+04 9.831e+01 9.565e+01
|    ( - -1.939e+04 4 0)
|    ( - -5.721e+02 2 0))
s>    ( QUESTION0_2_R 1 -2.007e+04 9.831e+01 9.565e+01
s>        ( - -1.939e+04 4 0)
s>        ( - -5.721e+02 2 0))INFO: dtree.c(1315): Comp split 58
INFO: dtree.c(1315): Comp split 59
INFO: dtree.c(1315): Comp split 60
INFO: dtree.c(1315): Comp split 61
INFO: dtree.c(1315): Comp split 62
INFO: dtree.c(1439): stop. leaf nodes are specific
INFO: dtree.c(1478): Final simple tree
|( QUESTION0 1 -1.475e+05 9.550e+01 6.852e+02
|    ( - -1.462e+05 7 0)
|    ( - -1.244e+03 1 0))
s>    ( QUESTION0 1 -1.475e+05 9.550e+01 6.852e+02
s>        ( - -1.462e+05 7 0)
s>        ( - -1.244e+03 1 0))INFO: dtree.c(1315): Comp split 63
INFO: dtree.c(1315): Comp split 64
INFO: dtree.c(1315): Comp split 65
INFO: dtree.c(1315): Comp split 66
INFO: dtree.c(1315): Comp split 67
INFO: dtree.c(1315): Comp split 68
INFO: dtree.c(1315): Comp split 69
INFO: dtree.c(1318): stop. leaf nodes are specific
Fri Mar 31 15:57:11 2023
