Current configuration:
[NAME]		[DEFLT]	[VALUE]
-allphones	no	no
-cntthresh	0.00001	1.000000e-05
-csplitmax	100	2000
-csplitmin	1	1
-csplitthr	8e-4	0.000000e+00
-example	no	no
-fullvar	no	no
-help		no	no
-meanfn			/home/lucija/Documents/Zadnji semestar/ROGJ/Prezentacije/CMUspinx/tutorial7/model_parameters/my_db.cd_cont_untied/means
-mixwfn			/home/lucija/Documents/Zadnji semestar/ROGJ/Prezentacije/CMUspinx/tutorial7/model_parameters/my_db.cd_cont_untied/mixture_weights
-moddeffn		/home/lucija/Documents/Zadnji semestar/ROGJ/Prezentacije/CMUspinx/tutorial7/model_architecture/my_db.untied.mdef
-mwfloor	1e-4	1.000000e-08
-phone			m
-psetfn			/home/lucija/Documents/Zadnji semestar/ROGJ/Prezentacije/CMUspinx/tutorial7/model_architecture/my_db.tree_questions
-ssplitmax	5	7
-ssplitmin	1	1
-ssplitthr	8e-4	0.000000e+00
-state			2
-stwt			1.0,0.05,0.0,
-treefn			/home/lucija/Documents/Zadnji semestar/ROGJ/Prezentacije/CMUspinx/tutorial7/trees/my_db.unpruned/m-2.dtree
-ts2cbfn	.semi.	.cont.
-varfloor	0.00001	1.000000e-05
-varfn			/home/lucija/Documents/Zadnji semestar/ROGJ/Prezentacije/CMUspinx/tutorial7/model_parameters/my_db.cd_cont_untied/variances

INFO: main.c(223): Reading: /home/lucija/Documents/Zadnji semestar/ROGJ/Prezentacije/CMUspinx/tutorial7/model_architecture/my_db.untied.mdef
INFO: model_def_io.c(573): Model definition info:
INFO: model_def_io.c(574): 10762 total models defined (32 base, 10730 tri)
INFO: model_def_io.c(575): 43048 total states
INFO: model_def_io.c(576): 32286 total tied states
INFO: model_def_io.c(577): 96 total tied CI states
INFO: model_def_io.c(578): 32 total tied transition matrices
INFO: model_def_io.c(579): 4 max state/model
INFO: model_def_io.c(580): 4 min state/model
INFO: main.c(242): Building trees for [m NOISE a b] through [m š o b]
INFO: main.c(268): Covering states |[16359 17387]| == 1029
INFO: main.c(275): Reading: /home/lucija/Documents/Zadnji semestar/ROGJ/Prezentacije/CMUspinx/tutorial7/model_parameters/my_db.cd_cont_untied/mixture_weights
INFO: s3mixw_io.c(172): Read /home/lucija/Documents/Zadnji semestar/ROGJ/Prezentacije/CMUspinx/tutorial7/model_parameters/my_db.cd_cont_untied/mixture_weights [1029x1x1 array]
INFO: main.c(311): 341 of 343 models have observation count greater than 0.000010
INFO: main.c(95): nrm stwt: 0.000 0.048 0.952 
INFO: s3gau_io.c(168): Read /home/lucija/Documents/Zadnji semestar/ROGJ/Prezentacije/CMUspinx/tutorial7/model_parameters/my_db.cd_cont_untied/means [32286x1x1 array]
INFO: s3gau_io.c(168): Read /home/lucija/Documents/Zadnji semestar/ROGJ/Prezentacije/CMUspinx/tutorial7/model_parameters/my_db.cd_cont_untied/variances [32286x1x1 array]
INFO: main.c(549): Reading: /home/lucija/Documents/Zadnji semestar/ROGJ/Prezentacije/CMUspinx/tutorial7/model_architecture/my_db.tree_questions
INFO: main.c(587): 180 total simple questions (172 phone; 8 word bndry)
INFO: main.c(589): 42 Left Only questions, and 42 Right Only questions
INFO: dtree.c(1478): Final simple tree
|( QUESTION0_0_R 1 -9.108e+06 7.131e+04 4.103e+04
|    ( WDBNDRY_E 0 -6.139e+06 2.461e+04 2.777e+04
|        ( - -1.074e+06 29 0 QUESTION0 1 9.122e+02 4.880e+03)
|        ( WDBNDRY_B 0 -5.040e+06 1.098e+04 2.288e+04
|            ( - -1.889e+06 121 0 SILENCE -1 4.057e+03 8.573e+03)
|            ( - -3.140e+06 71 0 QUESTION2_0_L -1 3.533e+03 1.431e+04)))
|    ( QUESTION0_2_R 1 -2.898e+06 1.503e+04 1.326e+04
|        ( - -3.985e+05 29 0 QUESTION11 1 1.031e+03 1.807e+03)
|        ( QUESTION0_15_R 1 -2.485e+06 9.785e+03 1.145e+04
|            ( QUESTION0_19_R 1 -1.178e+06 5.934e+03 5.443e+03
|                ( - -1.968e+05 7 0 QUESTION0 -1 4.741e+02 9.180e+02)
|                ( - -9.752e+05 44 0 QUESTION0_17_R 1 3.664e+03 4.525e+03))
|            ( QUESTION0_10_R 1 -1.297e+06 7.831e+03 6.012e+03
|                ( - -7.507e+05 31 0 WDBNDRY_E 0 4.798e+03 3.448e+03)
|                ( - -5.384e+05 9 0 SILENCE 1 1.357e+03 2.564e+03)))))
s>    ( QUESTION0_0_R 1 -9.108e+06 7.131e+04 4.103e+04
s>        ( WDBNDRY_E 0 -6.139e+06 2.461e+04 2.777e+04
s>            ( - -1.074e+06 29 0 QUESTION0 1 9.122e+02 4.880e+03)
s>            ( WDBNDRY_B 0 -5.040e+06 1.098e+04 2.288e+04
s>                ( - -1.889e+06 121 0 SILENCE -1 4.057e+03 8.573e+03)
s>                ( - -3.140e+06 71 0 QUESTION2_0_L -1 3.533e+03 1.431e+04)))
s>        ( QUESTION0_2_R 1 -2.898e+06 1.503e+04 1.326e+04
s>            ( - -3.985e+05 29 0 QUESTION11 1 1.031e+03 1.807e+03)
s>            ( QUESTION0_15_R 1 -2.485e+06 9.785e+03 1.145e+04
s>                ( QUESTION0_19_R 1 -1.178e+06 5.934e+03 5.443e+03
s>                    ( - -1.968e+05 7 0 QUESTION0 -1 4.741e+02 9.180e+02)
s>                    ( - -9.752e+05 44 0 QUESTION0_17_R 1 3.664e+03 4.525e+03))
s>                ( QUESTION0_10_R 1 -1.297e+06 7.831e+03 6.012e+03
s>                    ( - -7.507e+05 31 0 WDBNDRY_E 0 4.798e+03 3.448e+03)
s>                    ( - -5.384e+05 9 0 SILENCE 1 1.357e+03 2.564e+03)))))INFO: dtree.c(1315): Comp split 0
INFO: dtree.c(1478): Final simple tree
|( WDBNDRY_B 0 -5.040e+06 1.098e+04 2.288e+04
|    ( SILENCE -1 -1.889e+06 4.057e+03 8.573e+03
|        ( - -2.446e+05 6 0 QUESTION0 1 2.714e+02 1.131e+03)
|        ( QUESTION16 -1 -1.641e+06 3.714e+03 7.442e+03
|            ( QUESTION17 -1 -2.122e+05 3.194e+03 9.631e+02
|                ( - -1.080e+05 8 0 QUESTION0 1 4.506e+02 4.935e+02)
|                ( - -1.010e+05 6 0))
|            ( QUESTION3 -1 -1.425e+06 2.783e+03 6.479e+03
|                ( - -1.115e+05 6 0)
|                ( - -1.311e+06 95 0 QUESTION2_6_L -1 9.866e+02 5.970e+03))))
|    ( QUESTION2_0_L -1 -3.140e+06 3.533e+03 1.431e+04
|        ( - -2.799e+06 32 0 QUESTION0 1 2.952e+02 1.278e+04)
|        ( QUESTION12 -1 -3.376e+05 3.289e+03 1.532e+03
|            ( - -1.545e+05 5 0)
|            ( - -1.798e+05 34 0 QUESTION2_2_L -1 1.546e+03 8.172e+02))))
s>    ( WDBNDRY_B 0 -5.040e+06 1.098e+04 2.288e+04
s>        ( SILENCE -1 -1.889e+06 4.057e+03 8.573e+03
s>            ( - -2.446e+05 6 0 QUESTION0 1 2.714e+02 1.131e+03)
s>            ( QUESTION16 -1 -1.641e+06 3.714e+03 7.442e+03
s>                ( QUESTION17 -1 -2.122e+05 3.194e+03 9.631e+02
s>                    ( - -1.080e+05 8 0 QUESTION0 1 4.506e+02 4.935e+02)
s>                    ( - -1.010e+05 6 0))
s>                ( QUESTION3 -1 -1.425e+06 2.783e+03 6.479e+03
s>                    ( - -1.115e+05 6 0)
s>                    ( - -1.311e+06 95 0 QUESTION2_6_L -1 9.866e+02 5.970e+03))))
s>        ( QUESTION2_0_L -1 -3.140e+06 3.533e+03 1.431e+04
s>            ( - -2.799e+06 32 0 QUESTION0 1 2.952e+02 1.278e+04)
s>            ( QUESTION12 -1 -3.376e+05 3.289e+03 1.532e+03
s>                ( - -1.545e+05 5 0)
s>                ( - -1.798e+05 34 0 QUESTION2_2_L -1 1.546e+03 8.172e+02))))INFO: dtree.c(1478): Final simple tree
|( QUESTION0 1 -3.987e+06 1.549e+04 1.814e+04
|    ( WDBNDRY_E 0 -1.244e+06 5.869e+03 5.654e+03
|        ( - -1.044e+06 25 0 QUESTION0_0_R 1 1.335e+02 4.747e+03)
|        ( - -1.944e+05 5 0 QUESTION0 -1 4.589e+02 9.070e+02))
|    ( QUESTION0_2_R 1 -2.727e+06 1.477e+04 1.249e+04
|        ( - -3.985e+05 29 0 QUESTION11 1 1.031e+03 1.807e+03)
|        ( QUESTION13 1 -2.314e+06 8.512e+03 1.068e+04
|            ( QUESTION0_9_R 1 -1.725e+06 7.548e+03 7.926e+03
|                ( WDBNDRY_E 0 -7.094e+05 4.777e+03 3.256e+03
|                    ( - -5.017e+05 17 0 QUESTION19 1 1.207e+03 2.310e+03)
|                    ( - -2.029e+05 6 0 QUESTION19 1 4.798e+02 9.458e+02))
|                ( QUESTION0_20_R 1 -1.008e+06 3.681e+03 4.669e+03
|                    ( - -4.876e+05 17 0 WDBNDRY_E 0 1.217e+03 2.252e+03)
|                    ( - -5.168e+05 33 0 WDBNDRY_E 0 2.267e+03 2.417e+03)))
|            ( - -5.800e+05 17 0 SILENCE 1 1.557e+03 2.756e+03))))
s>    ( QUESTION0 1 -3.987e+06 1.549e+04 1.814e+04
s>        ( WDBNDRY_E 0 -1.244e+06 5.869e+03 5.654e+03
s>            ( - -1.044e+06 25 0 QUESTION0_0_R 1 1.335e+02 4.747e+03)
s>            ( - -1.944e+05 5 0 QUESTION0 -1 4.589e+02 9.070e+02))
s>        ( QUESTION0_2_R 1 -2.727e+06 1.477e+04 1.249e+04
s>            ( - -3.985e+05 29 0 QUESTION11 1 1.031e+03 1.807e+03)
s>            ( QUESTION13 1 -2.314e+06 8.512e+03 1.068e+04
s>                ( QUESTION0_9_R 1 -1.725e+06 7.548e+03 7.926e+03
s>                    ( WDBNDRY_E 0 -7.094e+05 4.777e+03 3.256e+03
s>                        ( - -5.017e+05 17 0 QUESTION19 1 1.207e+03 2.310e+03)
s>                        ( - -2.029e+05 6 0 QUESTION19 1 4.798e+02 9.458e+02))
s>                    ( QUESTION0_20_R 1 -1.008e+06 3.681e+03 4.669e+03
s>                        ( - -4.876e+05 17 0 WDBNDRY_E 0 1.217e+03 2.252e+03)
s>                        ( - -5.168e+05 33 0 WDBNDRY_E 0 2.267e+03 2.417e+03)))
s>                ( - -5.800e+05 17 0 SILENCE 1 1.557e+03 2.756e+03))))INFO: dtree.c(1315): Comp split 1
INFO: dtree.c(1478): Final simple tree
|( QUESTION13 1 -2.314e+06 8.512e+03 1.068e+04
|    ( QUESTION0_9_R 1 -1.725e+06 7.548e+03 7.926e+03
|        ( WDBNDRY_E 0 -7.094e+05 4.777e+03 3.256e+03
|            ( - -5.017e+05 17 0 QUESTION19 1 1.207e+03 2.310e+03)
|            ( - -2.029e+05 6 0 QUESTION19 1 4.798e+02 9.458e+02))
|        ( QUESTION0_20_R 1 -1.008e+06 3.681e+03 4.669e+03
|            ( WDBNDRY_E 0 -4.876e+05 1.217e+03 2.252e+03
|                ( - -4.410e+05 12 0 QUESTION17 1 3.810e+02 2.040e+03)
|                ( - -4.537e+04 5 0 QUESTION17 1 2.486e+02 2.118e+02))
|            ( WDBNDRY_E 0 -5.168e+05 2.267e+03 2.417e+03
|                ( - -4.070e+05 19 0 QUESTION0_17_R 1 1.144e+03 1.890e+03)
|                ( - -1.075e+05 14 0 QUESTION4 -1 4.710e+02 5.270e+02))))
|    ( SILENCE 1 -5.800e+05 1.557e+03 2.756e+03
|        ( - -3.491e+05 5 0)
|        ( - -2.294e+05 12 0 QUESTION0_10_R 1 5.805e+02 1.075e+03)))
s>    ( QUESTION13 1 -2.314e+06 8.512e+03 1.068e+04
s>        ( QUESTION0_9_R 1 -1.725e+06 7.548e+03 7.926e+03
s>            ( WDBNDRY_E 0 -7.094e+05 4.777e+03 3.256e+03
s>                ( - -5.017e+05 17 0 QUESTION19 1 1.207e+03 2.310e+03)
s>                ( - -2.029e+05 6 0 QUESTION19 1 4.798e+02 9.458e+02))
s>            ( QUESTION0_20_R 1 -1.008e+06 3.681e+03 4.669e+03
s>                ( WDBNDRY_E 0 -4.876e+05 1.217e+03 2.252e+03
s>                    ( - -4.410e+05 12 0 QUESTION17 1 3.810e+02 2.040e+03)
s>                    ( - -4.537e+04 5 0 QUESTION17 1 2.486e+02 2.118e+02))
s>                ( WDBNDRY_E 0 -5.168e+05 2.267e+03 2.417e+03
s>                    ( - -4.070e+05 19 0 QUESTION0_17_R 1 1.144e+03 1.890e+03)
s>                    ( - -1.075e+05 14 0 QUESTION4 -1 4.710e+02 5.270e+02))))
s>        ( SILENCE 1 -5.800e+05 1.557e+03 2.756e+03
s>            ( - -3.491e+05 5 0)
s>            ( - -2.294e+05 12 0 QUESTION0_10_R 1 5.805e+02 1.075e+03)))INFO: dtree.c(1478): Final simple tree
|( QUESTION0_2_R 1 -1.655e+06 1.207e+04 7.461e+03
|    ( QUESTION11 1 -3.985e+05 1.031e+03 1.807e+03
|        ( WDBNDRY_E 0 -3.214e+05 5.994e+02 1.462e+03
|            ( QUESTION0 -1 -3.045e+05 5.937e+02 1.386e+03
|                ( - -2.990e+05 8 0 QUESTION0_3_R 1 1.768e+02 1.361e+03)
|                ( - -4.952e+03 1 0))
|            ( - -1.624e+04 8 0 QUESTION0 -1 4.449e+02 7.673e+01))
|        ( QUESTION0_3_R 1 -7.604e+04 6.396e+02 3.446e+02
|            ( - -4.348e+04 5 0)
|            ( - -3.192e+04 7 0 QUESTION0_5_R 1 3.558e+02 1.442e+02)))
|    ( WDBNDRY_E 0 -1.244e+06 5.869e+03 5.654e+03
|        ( - -1.044e+06 25 0 QUESTION0_0_R 1 1.335e+02 4.747e+03)
|        ( QUESTION0 -1 -1.944e+05 4.589e+02 9.070e+02
|            ( - -5.558e+04 4 0)
|            ( - -1.383e+05 1 0))))
s>    ( QUESTION0_2_R 1 -1.655e+06 1.207e+04 7.461e+03
s>        ( QUESTION11 1 -3.985e+05 1.031e+03 1.807e+03
s>            ( WDBNDRY_E 0 -3.214e+05 5.994e+02 1.462e+03
s>                ( QUESTION0 -1 -3.045e+05 5.937e+02 1.386e+03
s>                    ( - -2.990e+05 8 0 QUESTION0_3_R 1 1.768e+02 1.361e+03)
s>                    ( - -4.952e+03 1 0))
s>                ( - -1.624e+04 8 0 QUESTION0 -1 4.449e+02 7.673e+01))
s>            ( QUESTION0_3_R 1 -7.604e+04 6.396e+02 3.446e+02
s>                ( - -4.348e+04 5 0)
s>                ( - -3.192e+04 7 0 QUESTION0_5_R 1 3.558e+02 1.442e+02)))
s>        ( WDBNDRY_E 0 -1.244e+06 5.869e+03 5.654e+03
s>            ( - -1.044e+06 25 0 QUESTION0_0_R 1 1.335e+02 4.747e+03)
s>            ( QUESTION0 -1 -1.944e+05 4.589e+02 9.070e+02
s>                ( - -5.558e+04 4 0)
s>                ( - -1.383e+05 1 0))))INFO: dtree.c(1315): Comp split 2
INFO: dtree.c(1439): stop. leaf nodes are specific
INFO: dtree.c(1478): Final simple tree
|( QUESTION0 -1 -3.170e+06 2.825e+03 1.446e+04
|    ( QUESTION0 1 -2.799e+06 2.952e+02 1.278e+04
|        ( - -2.796e+06 30 0)
|        ( - -2.642e+03 2 0))
|    ( QUESTION17 -1 -3.686e+05 2.499e+03 1.678e+03
|        ( QUESTION0 1 -1.080e+05 4.506e+02 4.935e+02
|            ( - -1.077e+05 7 0)
|            ( - 1.887e+02 1 0))
|        ( WDBNDRY_B 0 -2.581e+05 2.582e+03 1.185e+03
|            ( - -1.010e+05 6 0)
|            ( - -1.545e+05 5 0))))
s>    ( QUESTION0 -1 -3.170e+06 2.825e+03 1.446e+04
s>        ( QUESTION0 1 -2.799e+06 2.952e+02 1.278e+04
s>            ( - -2.796e+06 30 0)
s>            ( - -2.642e+03 2 0))
s>        ( QUESTION17 -1 -3.686e+05 2.499e+03 1.678e+03
s>            ( QUESTION0 1 -1.080e+05 4.506e+02 4.935e+02
s>                ( - -1.077e+05 7 0)
s>                ( - 1.887e+02 1 0))
s>            ( WDBNDRY_B 0 -2.581e+05 2.582e+03 1.185e+03
s>                ( - -1.010e+05 6 0)
s>                ( - -1.545e+05 5 0))))INFO: dtree.c(1478): Final simple tree
|( QUESTION0 -1 -1.856e+06 4.029e+03 8.427e+03
|    ( - -1.052e+06 46 0 WDBNDRY_B 0 3.715e+02 4.795e+03)
|    ( QUESTION2_1_L -1 -8.004e+05 3.597e+03 3.632e+03
|        ( WDBNDRY_B 0 -4.399e+05 1.890e+03 1.992e+03
|            ( QUESTION14 -1 -2.654e+05 8.736e+02 1.207e+03
|                ( - -1.216e+05 21 0)
|                ( QUESTION12 -1 -1.429e+05 5.066e+02 6.465e+02
|                    ( - -2.443e+04 5 0 QUESTION0 1 1.605e+02 1.148e+02)
|                    ( - -1.180e+05 27 0 QUESTION2_19_L -1 3.464e+02 5.316e+02)))
|            ( QUESTION14 -1 -1.726e+05 1.549e+03 7.852e+02
|                ( - -7.534e+04 6 0)
|                ( - -9.569e+04 24 0 QUESTION18 -1 4.619e+02 4.314e+02)))
|        ( SILENCE -1 -3.569e+05 7.841e+02 1.640e+03
|            ( - -2.446e+05 6 0 QUESTION0 1 2.714e+02 1.131e+03)
|            ( - -1.115e+05 6 0))))
s>    ( QUESTION0 -1 -1.856e+06 4.029e+03 8.427e+03
s>        ( - -1.052e+06 46 0 WDBNDRY_B 0 3.715e+02 4.795e+03)
s>        ( QUESTION2_1_L -1 -8.004e+05 3.597e+03 3.632e+03
s>            ( WDBNDRY_B 0 -4.399e+05 1.890e+03 1.992e+03
s>                ( QUESTION14 -1 -2.654e+05 8.736e+02 1.207e+03
s>                    ( - -1.216e+05 21 0)
s>                    ( QUESTION12 -1 -1.429e+05 5.066e+02 6.465e+02
s>                        ( - -2.443e+04 5 0 QUESTION0 1 1.605e+02 1.148e+02)
s>                        ( - -1.180e+05 27 0 QUESTION2_19_L -1 3.464e+02 5.316e+02)))
s>                ( QUESTION14 -1 -1.726e+05 1.549e+03 7.852e+02
s>                    ( - -7.534e+04 6 0)
s>                    ( - -9.569e+04 24 0 QUESTION18 -1 4.619e+02 4.314e+02)))
s>            ( SILENCE -1 -3.569e+05 7.841e+02 1.640e+03
s>                ( - -2.446e+05 6 0 QUESTION0 1 2.714e+02 1.131e+03)
s>                ( - -1.115e+05 6 0))))INFO: dtree.c(1315): Comp split 3
INFO: dtree.c(1439): stop. leaf nodes are specific
INFO: dtree.c(1478): Final simple tree
|( WDBNDRY_E 0 -1.250e+06 5.880e+03 5.679e+03
|    ( QUESTION0_2_R 1 -1.049e+06 4.808e+02 4.772e+03
|        ( - -4.952e+03 1 0)
|        ( QUESTION0_0_R 1 -1.044e+06 1.335e+02 4.747e+03
|            ( - -1.042e+06 23 0)
|            ( - -2.315e+03 2 0)))
|    ( QUESTION0 -1 -1.944e+05 4.589e+02 9.070e+02
|        ( - -5.558e+04 4 0)
|        ( - -1.383e+05 1 0)))
s>    ( WDBNDRY_E 0 -1.250e+06 5.880e+03 5.679e+03
s>        ( QUESTION0_2_R 1 -1.049e+06 4.808e+02 4.772e+03
s>            ( - -4.952e+03 1 0)
s>            ( QUESTION0_0_R 1 -1.044e+06 1.335e+02 4.747e+03
s>                ( - -1.042e+06 23 0)
s>                ( - -2.315e+03 2 0)))
s>        ( QUESTION0 -1 -1.944e+05 4.589e+02 9.070e+02
s>            ( - -5.558e+04 4 0)
s>            ( - -1.383e+05 1 0)))INFO: dtree.c(1478): Final simple tree
|( QUESTION11 1 -3.929e+05 1.079e+03 1.782e+03
|    ( WDBNDRY_E 0 -3.158e+05 5.926e+02 1.437e+03
|        ( QUESTION0_3_R 1 -2.990e+05 1.768e+02 1.361e+03
|            ( - -2.974e+05 5 0)
|            ( - -1.404e+03 3 0))
|        ( QUESTION0 -1 -1.624e+04 4.449e+02 7.673e+01
|            ( QUESTION0_3_R 1 -1.601e+04 1.403e+02 7.573e+01
|                ( - -1.535e+04 5 0 QUESTION2_0_L -1 1.081e+02 7.273e+01)
|                ( - -5.181e+02 2 0))
|            ( - 2.174e+02 1 0)))
|    ( QUESTION0_3_R 1 -7.604e+04 6.396e+02 3.446e+02
|        ( - -4.348e+04 5 0)
|        ( QUESTION0_5_R 1 -3.192e+04 3.558e+02 1.442e+02
|            ( - -1.834e+04 4 0)
|            ( - -1.323e+04 3 0))))
s>    ( QUESTION11 1 -3.929e+05 1.079e+03 1.782e+03
s>        ( WDBNDRY_E 0 -3.158e+05 5.926e+02 1.437e+03
s>            ( QUESTION0_3_R 1 -2.990e+05 1.768e+02 1.361e+03
s>                ( - -2.974e+05 5 0)
s>                ( - -1.404e+03 3 0))
s>            ( QUESTION0 -1 -1.624e+04 4.449e+02 7.673e+01
s>                ( QUESTION0_3_R 1 -1.601e+04 1.403e+02 7.573e+01
s>                    ( - -1.535e+04 5 0 QUESTION2_0_L -1 1.081e+02 7.273e+01)
s>                    ( - -5.181e+02 2 0))
s>                ( - 2.174e+02 1 0)))
s>        ( QUESTION0_3_R 1 -7.604e+04 6.396e+02 3.446e+02
s>            ( - -4.348e+04 5 0)
s>            ( QUESTION0_5_R 1 -3.192e+04 3.558e+02 1.442e+02
s>                ( - -1.834e+04 4 0)
s>                ( - -1.323e+04 3 0))))INFO: dtree.c(1315): Comp split 4
INFO: dtree.c(1478): Final simple tree
|( QUESTION0_20_R 1 -1.008e+06 3.681e+03 4.669e+03
|    ( WDBNDRY_E 0 -4.876e+05 1.217e+03 2.252e+03
|        ( - -4.410e+05 12 0 QUESTION17 1 3.810e+02 2.040e+03)
|        ( - -4.537e+04 5 0 QUESTION17 1 2.486e+02 2.118e+02))
|    ( WDBNDRY_E 0 -5.168e+05 2.267e+03 2.417e+03
|        ( QUESTION0_17_R 1 -4.070e+05 1.144e+03 1.890e+03
|            ( QUESTION0 -1 -3.095e+05 4.883e+02 1.440e+03
|                ( - -3.083e+05 8 0)
|                ( - -7.356e+02 1 0))
|            ( QUESTION0_0_R 1 -9.629e+04 9.797e+02 4.498e+02
|                ( - -3.157e+04 6 0)
|                ( - -6.373e+04 4 0)))
|        ( QUESTION4 -1 -1.075e+05 4.710e+02 5.270e+02
|            ( - 2.412e+02 1 0)
|            ( - -1.073e+05 13 0 WDBNDRY_B 0 3.196e+02 5.260e+02))))
s>    ( QUESTION0_20_R 1 -1.008e+06 3.681e+03 4.669e+03
s>        ( WDBNDRY_E 0 -4.876e+05 1.217e+03 2.252e+03
s>            ( - -4.410e+05 12 0 QUESTION17 1 3.810e+02 2.040e+03)
s>            ( - -4.537e+04 5 0 QUESTION17 1 2.486e+02 2.118e+02))
s>        ( WDBNDRY_E 0 -5.168e+05 2.267e+03 2.417e+03
s>            ( QUESTION0_17_R 1 -4.070e+05 1.144e+03 1.890e+03
s>                ( QUESTION0 -1 -3.095e+05 4.883e+02 1.440e+03
s>                    ( - -3.083e+05 8 0)
s>                    ( - -7.356e+02 1 0))
s>                ( QUESTION0_0_R 1 -9.629e+04 9.797e+02 4.498e+02
s>                    ( - -3.157e+04 6 0)
s>                    ( - -6.373e+04 4 0)))
s>            ( QUESTION4 -1 -1.075e+05 4.710e+02 5.270e+02
s>                ( - 2.412e+02 1 0)
s>                ( - -1.073e+05 13 0 WDBNDRY_B 0 3.196e+02 5.260e+02))))INFO: dtree.c(1478): Final simple tree
|( QUESTION0_10_R 1 -1.297e+06 7.831e+03 6.012e+03
|    ( WDBNDRY_E 0 -7.507e+05 4.798e+03 3.448e+03
|        ( QUESTION19 1 -5.416e+05 1.201e+03 2.496e+03
|            ( - -2.922e+05 9 0)
|            ( QUESTION2 1 -2.483e+05 3.630e+02 1.143e+03
|                ( QUESTION0_13_R 1 -3.952e+04 2.794e+02 1.855e+02
|                    ( - -3.166e+04 4 0)
|                    ( - -7.587e+03 2 0))
|                ( - -2.084e+05 8 0 QUESTION0_11_R 1 1.952e+02 9.572e+02)))
|        ( QUESTION20 1 -2.043e+05 4.795e+02 9.518e+02
|            ( - 2.436e+02 1 0)
|            ( - -2.040e+05 7 0 QUESTION0_11_R 1 2.250e+02 9.508e+02)))
|    ( SILENCE 1 -5.384e+05 1.357e+03 2.564e+03
|        ( - -3.491e+05 5 0)
|        ( - -1.880e+05 4 0)))
s>    ( QUESTION0_10_R 1 -1.297e+06 7.831e+03 6.012e+03
s>        ( WDBNDRY_E 0 -7.507e+05 4.798e+03 3.448e+03
s>            ( QUESTION19 1 -5.416e+05 1.201e+03 2.496e+03
s>                ( - -2.922e+05 9 0)
s>                ( QUESTION2 1 -2.483e+05 3.630e+02 1.143e+03
s>                    ( QUESTION0_13_R 1 -3.952e+04 2.794e+02 1.855e+02
s>                        ( - -3.166e+04 4 0)
s>                        ( - -7.587e+03 2 0))
s>                    ( - -2.084e+05 8 0 QUESTION0_11_R 1 1.952e+02 9.572e+02)))
s>            ( QUESTION20 1 -2.043e+05 4.795e+02 9.518e+02
s>                ( - 2.436e+02 1 0)
s>                ( - -2.040e+05 7 0 QUESTION0_11_R 1 2.250e+02 9.508e+02)))
s>        ( SILENCE 1 -5.384e+05 1.357e+03 2.564e+03
s>            ( - -3.491e+05 5 0)
s>            ( - -1.880e+05 4 0)))INFO: dtree.c(1315): Comp split 5
INFO: dtree.c(1478): Final simple tree
|( WDBNDRY_E 0 -7.507e+05 4.798e+03 3.448e+03
|    ( QUESTION19 1 -5.416e+05 1.201e+03 2.496e+03
|        ( - -2.922e+05 9 0)
|        ( QUESTION2 1 -2.483e+05 3.630e+02 1.143e+03
|            ( QUESTION0_13_R 1 -3.952e+04 2.794e+02 1.855e+02
|                ( - -3.166e+04 4 0)
|                ( - -7.587e+03 2 0))
|            ( QUESTION0_11_R 1 -2.084e+05 1.952e+02 9.572e+02
|                ( - -2.029e+05 5 0)
|                ( - -5.251e+03 3 0))))
|    ( QUESTION20 1 -2.043e+05 4.795e+02 9.518e+02
|        ( - 2.436e+02 1 0)
|        ( QUESTION0_11_R 1 -2.040e+05 2.250e+02 9.508e+02
|            ( - -2.026e+05 5 0)
|            ( - -1.191e+03 2 0))))
s>    ( WDBNDRY_E 0 -7.507e+05 4.798e+03 3.448e+03
s>        ( QUESTION19 1 -5.416e+05 1.201e+03 2.496e+03
s>            ( - -2.922e+05 9 0)
s>            ( QUESTION2 1 -2.483e+05 3.630e+02 1.143e+03
s>                ( QUESTION0_13_R 1 -3.952e+04 2.794e+02 1.855e+02
s>                    ( - -3.166e+04 4 0)
s>                    ( - -7.587e+03 2 0))
s>                ( QUESTION0_11_R 1 -2.084e+05 1.952e+02 9.572e+02
s>                    ( - -2.029e+05 5 0)
s>                    ( - -5.251e+03 3 0))))
s>        ( QUESTION20 1 -2.043e+05 4.795e+02 9.518e+02
s>            ( - 2.436e+02 1 0)
s>            ( QUESTION0_11_R 1 -2.040e+05 2.250e+02 9.508e+02
s>                ( - -2.026e+05 5 0)
s>                ( - -1.191e+03 2 0))))INFO: dtree.c(1439): stop. leaf nodes are specific
INFO: dtree.c(1478): Final simple tree
|( SILENCE 1 -5.384e+05 1.357e+03 2.564e+03
|    ( - -3.491e+05 5 0)
|    ( - -1.880e+05 4 0))
s>    ( SILENCE 1 -5.384e+05 1.357e+03 2.564e+03
s>        ( - -3.491e+05 5 0)
s>        ( - -1.880e+05 4 0))INFO: dtree.c(1315): Comp split 6
INFO: dtree.c(1439): stop. leaf nodes are specific
INFO: dtree.c(1478): Final simple tree
|( QUESTION0_2_R 1 -1.049e+06 4.808e+02 4.772e+03
|    ( - -4.952e+03 1 0)
|    ( QUESTION0_0_R 1 -1.044e+06 1.335e+02 4.747e+03
|        ( - -1.042e+06 23 0)
|        ( - -2.315e+03 2 0)))
s>    ( QUESTION0_2_R 1 -1.049e+06 4.808e+02 4.772e+03
s>        ( - -4.952e+03 1 0)
s>        ( QUESTION0_0_R 1 -1.044e+06 1.335e+02 4.747e+03
s>            ( - -1.042e+06 23 0)
s>            ( - -2.315e+03 2 0)))INFO: dtree.c(1439): stop. leaf nodes are specific
INFO: dtree.c(1478): Final simple tree
|( QUESTION0 -1 -1.944e+05 4.589e+02 9.070e+02
|    ( - -5.558e+04 4 0)
|    ( - -1.383e+05 1 0))
s>    ( QUESTION0 -1 -1.944e+05 4.589e+02 9.070e+02
s>        ( - -5.558e+04 4 0)
s>        ( - -1.383e+05 1 0))INFO: dtree.c(1315): Comp split 7
INFO: dtree.c(1439): stop. leaf nodes are specific
INFO: dtree.c(1478): Final simple tree
|( SILENCE -1 -3.569e+05 7.841e+02 1.640e+03
|    ( QUESTION0 1 -2.446e+05 2.714e+02 1.131e+03
|        ( - -2.442e+05 5 0)
|        ( - -1.514e+02 1 0))
|    ( - -1.115e+05 6 0))
s>    ( SILENCE -1 -3.569e+05 7.841e+02 1.640e+03
s>        ( QUESTION0 1 -2.446e+05 2.714e+02 1.131e+03
s>            ( - -2.442e+05 5 0)
s>            ( - -1.514e+02 1 0))
s>        ( - -1.115e+05 6 0))INFO: dtree.c(1478): Final simple tree
|( WDBNDRY_B 0 -1.494e+06 3.289e+03 6.787e+03
|    ( QUESTION2_6_L -1 -1.311e+06 9.866e+02 5.970e+03
|        ( QUESTION12 -1 -1.429e+05 5.066e+02 6.465e+02
|            ( - -2.443e+04 5 0 QUESTION0 1 1.605e+02 1.148e+02)
|            ( - -1.180e+05 27 0 QUESTION2_19_L -1 3.464e+02 5.316e+02))
|        ( QUESTION0 -1 -1.167e+06 5.367e+02 5.323e+03
|            ( - -1.044e+06 42 0 QUESTION0 1 2.767e+02 4.763e+03)
|            ( - -1.216e+05 21 0)))
|    ( QUESTION2_2_L -1 -1.798e+05 1.546e+03 8.172e+02
|        ( QUESTION0 1 -8.253e+04 4.450e+02 3.857e+02
|            ( - -8.230e+04 9 0 QUESTION0 -1 2.654e+02 3.847e+02)
|            ( - 2.166e+02 1 0))
|        ( QUESTION18 -1 -9.569e+04 4.619e+02 4.314e+02
|            ( - -2.865e+04 8 0 QUESTION19 -1 1.887e+02 1.292e+02)
|            ( - -6.658e+04 16 0 QUESTION6 -1 4.369e+02 3.023e+02))))
s>    ( WDBNDRY_B 0 -1.494e+06 3.289e+03 6.787e+03
s>        ( QUESTION2_6_L -1 -1.311e+06 9.866e+02 5.970e+03
s>            ( QUESTION12 -1 -1.429e+05 5.066e+02 6.465e+02
s>                ( - -2.443e+04 5 0 QUESTION0 1 1.605e+02 1.148e+02)
s>                ( - -1.180e+05 27 0 QUESTION2_19_L -1 3.464e+02 5.316e+02))
s>            ( QUESTION0 -1 -1.167e+06 5.367e+02 5.323e+03
s>                ( - -1.044e+06 42 0 QUESTION0 1 2.767e+02 4.763e+03)
s>                ( - -1.216e+05 21 0)))
s>        ( QUESTION2_2_L -1 -1.798e+05 1.546e+03 8.172e+02
s>            ( QUESTION0 1 -8.253e+04 4.450e+02 3.857e+02
s>                ( - -8.230e+04 9 0 QUESTION0 -1 2.654e+02 3.847e+02)
s>                ( - 2.166e+02 1 0))
s>            ( QUESTION18 -1 -9.569e+04 4.619e+02 4.314e+02
s>                ( - -2.865e+04 8 0 QUESTION19 -1 1.887e+02 1.292e+02)
s>                ( - -6.658e+04 16 0 QUESTION6 -1 4.369e+02 3.023e+02))))INFO: dtree.c(1315): Comp split 8
INFO: dtree.c(1439): stop. leaf nodes are specific
INFO: dtree.c(1478): Final simple tree
|( QUESTION19 1 -5.432e+05 1.208e+03 2.503e+03
|    ( - -2.922e+05 9 0)
|    ( QUESTION2 1 -2.498e+05 3.740e+02 1.150e+03
|        ( QUESTION0_13_R 1 -4.083e+04 2.758e+02 1.915e+02
|            ( WDBNDRY_E 0 -3.297e+04 1.181e+02 1.553e+02
|                ( - -3.166e+04 4 0)
|                ( - -1.191e+03 2 0))
|            ( - -7.587e+03 2 0))
|        ( WDBNDRY_E 0 -2.086e+05 4.702e+02 9.582e+02
|            ( QUESTION0_11_R 1 -2.084e+05 1.952e+02 9.572e+02
|                ( - -2.029e+05 5 0)
|                ( - -5.251e+03 3 0))
|            ( - 2.436e+02 1 0))))
s>    ( QUESTION19 1 -5.432e+05 1.208e+03 2.503e+03
s>        ( - -2.922e+05 9 0)
s>        ( QUESTION2 1 -2.498e+05 3.740e+02 1.150e+03
s>            ( QUESTION0_13_R 1 -4.083e+04 2.758e+02 1.915e+02
s>                ( WDBNDRY_E 0 -3.297e+04 1.181e+02 1.553e+02
s>                    ( - -3.166e+04 4 0)
s>                    ( - -1.191e+03 2 0))
s>                ( - -7.587e+03 2 0))
s>            ( WDBNDRY_E 0 -2.086e+05 4.702e+02 9.582e+02
s>                ( QUESTION0_11_R 1 -2.084e+05 1.952e+02 9.572e+02
s>                    ( - -2.029e+05 5 0)
s>                    ( - -5.251e+03 3 0))
s>                ( - 2.436e+02 1 0))))INFO: dtree.c(1315): Comp split 9
INFO: dtree.c(1439): stop. leaf nodes are specific
INFO: dtree.c(1478): Final simple tree
|( WDBNDRY_E 0 -5.524e+05 1.296e+03 2.557e+03
|    ( QUESTION0_16_R 1 -5.058e+05 9.997e+02 2.346e+03
|        ( - -6.373e+04 4 0)
|        ( QUESTION17 1 -4.410e+05 3.810e+02 2.040e+03
|            ( - -2.434e+04 8 0)
|            ( - -4.163e+05 4 0)))
|    ( QUESTION17 1 -4.537e+04 2.486e+02 2.118e+02
|        ( - -3.322e+03 3 0)
|        ( - -4.180e+04 2 0)))
s>    ( WDBNDRY_E 0 -5.524e+05 1.296e+03 2.557e+03
s>        ( QUESTION0_16_R 1 -5.058e+05 9.997e+02 2.346e+03
s>            ( - -6.373e+04 4 0)
s>            ( QUESTION17 1 -4.410e+05 3.810e+02 2.040e+03
s>                ( - -2.434e+04 8 0)
s>                ( - -4.163e+05 4 0)))
s>        ( QUESTION17 1 -4.537e+04 2.486e+02 2.118e+02
s>            ( - -3.322e+03 3 0)
s>            ( - -4.180e+04 2 0)))INFO: dtree.c(1478): Final simple tree
|( WDBNDRY_E 0 -4.519e+05 2.192e+03 2.112e+03
|    ( QUESTION0_0_R 1 -3.421e+05 1.043e+03 1.585e+03
|        ( - -3.157e+04 6 0)
|        ( QUESTION0 -1 -3.095e+05 4.883e+02 1.440e+03
|            ( - -3.083e+05 8 0)
|            ( - -7.356e+02 1 0)))
|    ( QUESTION4 -1 -1.075e+05 4.710e+02 5.270e+02
|        ( - 2.412e+02 1 0)
|        ( WDBNDRY_B 0 -1.073e+05 3.196e+02 5.260e+02
|            ( QUESTION0 -1 -1.385e+04 2.430e+02 6.870e+01
|                ( - -1.326e+04 5 0)
|                ( - -3.466e+02 1 0))
|            ( QUESTION0_17_R 1 -9.313e+04 2.284e+02 4.573e+02
|                ( - -9.152e+04 5 0)
|                ( - -1.385e+03 2 0)))))
s>    ( WDBNDRY_E 0 -4.519e+05 2.192e+03 2.112e+03
s>        ( QUESTION0_0_R 1 -3.421e+05 1.043e+03 1.585e+03
s>            ( - -3.157e+04 6 0)
s>            ( QUESTION0 -1 -3.095e+05 4.883e+02 1.440e+03
s>                ( - -3.083e+05 8 0)
s>                ( - -7.356e+02 1 0)))
s>        ( QUESTION4 -1 -1.075e+05 4.710e+02 5.270e+02
s>            ( - 2.412e+02 1 0)
s>            ( WDBNDRY_B 0 -1.073e+05 3.196e+02 5.260e+02
s>                ( QUESTION0 -1 -1.385e+04 2.430e+02 6.870e+01
s>                    ( - -1.326e+04 5 0)
s>                    ( - -3.466e+02 1 0))
s>                ( QUESTION0_17_R 1 -9.313e+04 2.284e+02 4.573e+02
s>                    ( - -9.152e+04 5 0)
s>                    ( - -1.385e+03 2 0)))))INFO: dtree.c(1315): Comp split 10
INFO: dtree.c(1478): Final simple tree
|( QUESTION2_2_L -1 -1.798e+05 1.546e+03 8.172e+02
|    ( QUESTION0 1 -8.253e+04 4.450e+02 3.857e+02
|        ( QUESTION0 -1 -8.230e+04 2.654e+02 3.847e+02
|            ( - -6.698e+03 3 0)
|            ( - -7.534e+04 6 0))
|        ( - 2.166e+02 1 0))
|    ( QUESTION18 -1 -9.569e+04 4.619e+02 4.314e+02
|        ( - -2.865e+04 8 0 QUESTION19 -1 1.887e+02 1.292e+02)
|        ( QUESTION6 -1 -6.658e+04 4.369e+02 3.023e+02
|            ( - 2.143e+02 1 0)
|            ( QUESTION0 1 -6.636e+04 3.369e+02 3.013e+02
|                ( QUESTION9 -1 -5.542e+04 1.901e+02 2.519e+02
|                    ( - -1.380e+03 1 0)
|                    ( - -5.385e+04 13 0 QUESTION2 -1 1.631e+02 2.449e+02))
|                ( - -1.060e+04 1 0)))))
s>    ( QUESTION2_2_L -1 -1.798e+05 1.546e+03 8.172e+02
s>        ( QUESTION0 1 -8.253e+04 4.450e+02 3.857e+02
s>            ( QUESTION0 -1 -8.230e+04 2.654e+02 3.847e+02
s>                ( - -6.698e+03 3 0)
s>                ( - -7.534e+04 6 0))
s>            ( - 2.166e+02 1 0))
s>        ( QUESTION18 -1 -9.569e+04 4.619e+02 4.314e+02
s>            ( - -2.865e+04 8 0 QUESTION19 -1 1.887e+02 1.292e+02)
s>            ( QUESTION6 -1 -6.658e+04 4.369e+02 3.023e+02
s>                ( - 2.143e+02 1 0)
s>                ( QUESTION0 1 -6.636e+04 3.369e+02 3.013e+02
s>                    ( QUESTION9 -1 -5.542e+04 1.901e+02 2.519e+02
s>                        ( - -1.380e+03 1 0)
s>                        ( - -5.385e+04 13 0 QUESTION2 -1 1.631e+02 2.449e+02))
s>                    ( - -1.060e+04 1 0)))))INFO: dtree.c(1478): Final simple tree
|( QUESTION2_6_L -1 -1.311e+06 9.866e+02 5.970e+03
|    ( QUESTION12 -1 -1.429e+05 5.066e+02 6.465e+02
|        ( - -2.443e+04 5 0 QUESTION0 1 1.605e+02 1.148e+02)
|        ( QUESTION2_19_L -1 -1.180e+05 3.464e+02 5.316e+02
|            ( - -6.341e+04 16 0 QUESTION19 -1 2.495e+02 2.864e+02)
|            ( QUESTION2_15_L -1 -5.424e+04 2.537e+02 2.452e+02
|                ( - -2.572e+04 5 0)
|                ( QUESTION10 -1 -2.827e+04 3.357e+02 1.278e+02
|                    ( - -1.327e+04 2 0)
|                    ( - -1.467e+04 4 0 QUESTION0 1 1.904e+02 6.729e+01)))))
|    ( QUESTION0 -1 -1.167e+06 5.367e+02 5.323e+03
|        ( QUESTION0 1 -1.044e+06 2.767e+02 4.763e+03
|            ( - -1.038e+06 35 0 QUESTION2_4_L -1 6.940e+01 4.734e+03)
|            ( - -6.264e+03 7 0))
|        ( - -1.216e+05 21 0)))
s>    ( QUESTION2_6_L -1 -1.311e+06 9.866e+02 5.970e+03
s>        ( QUESTION12 -1 -1.429e+05 5.066e+02 6.465e+02
s>            ( - -2.443e+04 5 0 QUESTION0 1 1.605e+02 1.148e+02)
s>            ( QUESTION2_19_L -1 -1.180e+05 3.464e+02 5.316e+02
s>                ( - -6.341e+04 16 0 QUESTION19 -1 2.495e+02 2.864e+02)
s>                ( QUESTION2_15_L -1 -5.424e+04 2.537e+02 2.452e+02
s>                    ( - -2.572e+04 5 0)
s>                    ( QUESTION10 -1 -2.827e+04 3.357e+02 1.278e+02
s>                        ( - -1.327e+04 2 0)
s>                        ( - -1.467e+04 4 0 QUESTION0 1 1.904e+02 6.729e+01)))))
s>        ( QUESTION0 -1 -1.167e+06 5.367e+02 5.323e+03
s>            ( QUESTION0 1 -1.044e+06 2.767e+02 4.763e+03
s>                ( - -1.038e+06 35 0 QUESTION2_4_L -1 6.940e+01 4.734e+03)
s>                ( - -6.264e+03 7 0))
s>            ( - -1.216e+05 21 0)))INFO: dtree.c(1315): Comp split 11
INFO: dtree.c(1439): stop. leaf nodes are specific
INFO: dtree.c(1478): Final simple tree
|( WDBNDRY_B 0 -2.644e+05 1.895e+03 1.209e+03
|    ( QUESTION0 1 -1.080e+05 4.506e+02 4.935e+02
|        ( - -1.077e+05 7 0)
|        ( - 1.887e+02 1 0))
|    ( - -1.545e+05 5 0))
s>    ( WDBNDRY_B 0 -2.644e+05 1.895e+03 1.209e+03
s>        ( QUESTION0 1 -1.080e+05 4.506e+02 4.935e+02
s>            ( - -1.077e+05 7 0)
s>            ( - 1.887e+02 1 0))
s>        ( - -1.545e+05 5 0))INFO: dtree.c(1439): stop. leaf nodes are specific
INFO: dtree.c(1478): Final simple tree
|( WDBNDRY_B 0 -2.903e+06 2.903e+03 1.325e+04
|    ( - -1.010e+05 6 0)
|    ( QUESTION0 1 -2.799e+06 2.952e+02 1.278e+04
|        ( - -2.796e+06 30 0)
|        ( - -2.642e+03 2 0)))
s>    ( WDBNDRY_B 0 -2.903e+06 2.903e+03 1.325e+04
s>        ( - -1.010e+05 6 0)
s>        ( QUESTION0 1 -2.799e+06 2.952e+02 1.278e+04
s>            ( - -2.796e+06 30 0)
s>            ( - -2.642e+03 2 0)))INFO: dtree.c(1315): Comp split 12
INFO: dtree.c(1439): stop. leaf nodes are specific
INFO: dtree.c(1478): Final simple tree
|( QUESTION0 1 -2.799e+06 2.952e+02 1.278e+04
|    ( - -2.796e+06 30 0)
|    ( - -2.642e+03 2 0))
s>    ( QUESTION0 1 -2.799e+06 2.952e+02 1.278e+04
s>        ( - -2.796e+06 30 0)
s>        ( - -2.642e+03 2 0))INFO: dtree.c(1315): Comp split 13
INFO: dtree.c(1439): stop. leaf nodes are specific
INFO: dtree.c(1478): Final simple tree
|( WDBNDRY_E 0 -1.063e+05 4.514e+02 5.230e+02
|    ( - -7.356e+02 1 0)
|    ( WDBNDRY_B 0 -1.051e+05 3.093e+02 5.170e+02
|        ( - -1.326e+04 5 0)
|        ( - -9.152e+04 5 0)))
s>    ( WDBNDRY_E 0 -1.063e+05 4.514e+02 5.230e+02
s>        ( - -7.356e+02 1 0)
s>        ( WDBNDRY_B 0 -1.051e+05 3.093e+02 5.170e+02
s>            ( - -1.326e+04 5 0)
s>            ( - -9.152e+04 5 0)))INFO: dtree.c(1439): stop. leaf nodes are specific
INFO: dtree.c(1478): Final simple tree
|( QUESTION0_0_R 1 -3.432e+05 1.028e+03 1.589e+03
|    ( - -3.157e+04 6 0)
|    ( QUESTION4 -1 -3.106e+05 4.647e+02 1.444e+03
|        ( - 2.412e+02 1 0)
|        ( WDBNDRY_B 0 -3.103e+05 1.561e+02 1.443e+03
|            ( - -3.466e+02 1 0)
|            ( WDBNDRY_E 0 -3.098e+05 1.393e+02 1.441e+03
|                ( - -3.083e+05 8 0)
|                ( - -1.385e+03 2 0)))))
s>    ( QUESTION0_0_R 1 -3.432e+05 1.028e+03 1.589e+03
s>        ( - -3.157e+04 6 0)
s>        ( QUESTION4 -1 -3.106e+05 4.647e+02 1.444e+03
s>            ( - 2.412e+02 1 0)
s>            ( WDBNDRY_B 0 -3.103e+05 1.561e+02 1.443e+03
s>                ( - -3.466e+02 1 0)
s>                ( WDBNDRY_E 0 -3.098e+05 1.393e+02 1.441e+03
s>                    ( - -3.083e+05 8 0)
s>                    ( - -1.385e+03 2 0)))))INFO: dtree.c(1315): Comp split 14
INFO: dtree.c(1439): stop. leaf nodes are specific
INFO: dtree.c(1478): Final simple tree
|( QUESTION0 1 -1.080e+05 4.506e+02 4.935e+02
|    ( - -1.077e+05 7 0)
|    ( - 1.887e+02 1 0))
s>    ( QUESTION0 1 -1.080e+05 4.506e+02 4.935e+02
s>        ( - -1.077e+05 7 0)
s>        ( - 1.887e+02 1 0))INFO: dtree.c(1315): Comp split 15
INFO: dtree.c(1439): stop. leaf nodes are specific
INFO: dtree.c(1478): Final simple tree
|( QUESTION0 1 -8.430e+04 4.448e+02 3.937e+02
|    ( QUESTION6 -1 -8.407e+04 4.344e+02 3.927e+02
|        ( - 2.143e+02 1 0)
|        ( QUESTION0 -1 -8.385e+04 2.655e+02 3.917e+02
|            ( - -6.698e+03 3 0)
|            ( QUESTION2 -1 -7.689e+04 1.722e+02 3.608e+02
|                ( - -1.380e+03 1 0)
|                ( - -7.534e+04 6 0))))
|    ( - 2.166e+02 1 0))
s>    ( QUESTION0 1 -8.430e+04 4.448e+02 3.937e+02
s>        ( QUESTION6 -1 -8.407e+04 4.344e+02 3.927e+02
s>            ( - 2.143e+02 1 0)
s>            ( QUESTION0 -1 -8.385e+04 2.655e+02 3.917e+02
s>                ( - -6.698e+03 3 0)
s>                ( QUESTION2 -1 -7.689e+04 1.722e+02 3.608e+02
s>                    ( - -1.380e+03 1 0)
s>                    ( - -7.534e+04 6 0))))
s>        ( - 2.166e+02 1 0))INFO: dtree.c(1439): stop. leaf nodes are specific
INFO: dtree.c(1478): Final simple tree
|( QUESTION18 -1 -9.390e+04 4.643e+02 4.234e+02
|    ( QUESTION19 -1 -2.865e+04 1.887e+02 1.292e+02
|        ( - -2.565e+04 4 0)
|        ( - -2.804e+03 4 0))
|    ( QUESTION0 1 -6.479e+04 3.399e+02 2.943e+02
|        ( QUESTION2 -1 -5.385e+04 1.631e+02 2.449e+02
|            ( QUESTION5 -1 -4.766e+04 1.515e+02 2.169e+02
|                ( - -2.800e+02 1 0)
|                ( - -4.723e+04 5 0))
|            ( QUESTION17 -1 -6.026e+03 9.568e+01 2.800e+01
|                ( - -1.408e+03 3 0)
|                ( - -4.522e+03 4 0)))
|        ( - -1.060e+04 1 0)))
s>    ( QUESTION18 -1 -9.390e+04 4.643e+02 4.234e+02
s>        ( QUESTION19 -1 -2.865e+04 1.887e+02 1.292e+02
s>            ( - -2.565e+04 4 0)
s>            ( - -2.804e+03 4 0))
s>        ( QUESTION0 1 -6.479e+04 3.399e+02 2.943e+02
s>            ( QUESTION2 -1 -5.385e+04 1.631e+02 2.449e+02
s>                ( QUESTION5 -1 -4.766e+04 1.515e+02 2.169e+02
s>                    ( - -2.800e+02 1 0)
s>                    ( - -4.723e+04 5 0))
s>                ( QUESTION17 -1 -6.026e+03 9.568e+01 2.800e+01
s>                    ( - -1.408e+03 3 0)
s>                    ( - -4.522e+03 4 0)))
s>            ( - -1.060e+04 1 0)))INFO: dtree.c(1315): Comp split 16
INFO: dtree.c(1315): Comp split 17
INFO: dtree.c(1439): stop. leaf nodes are specific
INFO: dtree.c(1478): Final simple tree
|( QUESTION0_16_R 1 -5.093e+05 1.001e+03 2.362e+03
|    ( - -6.373e+04 4 0)
|    ( QUESTION17 1 -4.446e+05 4.175e+02 2.056e+03
|        ( WDBNDRY_E 0 -2.786e+04 1.904e+02 1.291e+02
|            ( - -2.434e+04 8 0)
|            ( - -3.322e+03 3 0))
|        ( - -4.163e+05 4 0)))
s>    ( QUESTION0_16_R 1 -5.093e+05 1.001e+03 2.362e+03
s>        ( - -6.373e+04 4 0)
s>        ( QUESTION17 1 -4.446e+05 4.175e+02 2.056e+03
s>            ( WDBNDRY_E 0 -2.786e+04 1.904e+02 1.291e+02
s>                ( - -2.434e+04 8 0)
s>                ( - -3.322e+03 3 0))
s>            ( - -4.163e+05 4 0)))INFO: dtree.c(1315): Comp split 18
INFO: dtree.c(1439): stop. leaf nodes are specific
INFO: dtree.c(1478): Final simple tree
|( QUESTION0_13_R 1 -2.419e+05 3.677e+02 1.114e+03
|    ( WDBNDRY_E 0 -3.297e+04 1.181e+02 1.553e+02
|        ( - -3.166e+04 4 0)
|        ( - -1.191e+03 2 0))
|    ( WDBNDRY_E 0 -2.086e+05 4.702e+02 9.582e+02
|        ( QUESTION0_11_R 1 -2.084e+05 1.952e+02 9.572e+02
|            ( - -2.029e+05 5 0)
|            ( - -5.251e+03 3 0))
|        ( - 2.436e+02 1 0)))
s>    ( QUESTION0_13_R 1 -2.419e+05 3.677e+02 1.114e+03
s>        ( WDBNDRY_E 0 -3.297e+04 1.181e+02 1.553e+02
s>            ( - -3.166e+04 4 0)
s>            ( - -1.191e+03 2 0))
s>        ( WDBNDRY_E 0 -2.086e+05 4.702e+02 9.582e+02
s>            ( QUESTION0_11_R 1 -2.084e+05 1.952e+02 9.572e+02
s>                ( - -2.029e+05 5 0)
s>                ( - -5.251e+03 3 0))
s>            ( - 2.436e+02 1 0)))INFO: dtree.c(1439): stop. leaf nodes are specific
INFO: dtree.c(1478): Final simple tree
|( QUESTION0_11_R 1 -3.000e+05 2.253e+02 1.389e+03
|    ( - -2.922e+05 9 0)
|    ( - -7.587e+03 2 0))
s>    ( QUESTION0_11_R 1 -3.000e+05 2.253e+02 1.389e+03
s>        ( - -2.922e+05 9 0)
s>        ( - -7.587e+03 2 0))INFO: dtree.c(1315): Comp split 19
INFO: dtree.c(1439): stop. leaf nodes are specific
INFO: dtree.c(1478): Final simple tree
|( QUESTION5 1 -7.760e+04 6.399e+02 3.516e+02
|    ( QUESTION0_5_R 1 -3.192e+04 3.558e+02 1.442e+02
|        ( - -1.834e+04 4 0)
|        ( - -1.323e+04 3 0))
|    ( QUESTION0_3_R 1 -4.504e+04 1.570e+02 2.073e+02
|        ( - -4.348e+04 5 0)
|        ( - -1.404e+03 3 0)))
s>    ( QUESTION5 1 -7.760e+04 6.399e+02 3.516e+02
s>        ( QUESTION0_5_R 1 -3.192e+04 3.558e+02 1.442e+02
s>            ( - -1.834e+04 4 0)
s>            ( - -1.323e+04 3 0))
s>        ( QUESTION0_3_R 1 -4.504e+04 1.570e+02 2.073e+02
s>            ( - -4.348e+04 5 0)
s>            ( - -1.404e+03 3 0)))INFO: dtree.c(1439): stop. leaf nodes are specific
INFO: dtree.c(1478): Final simple tree
|( WDBNDRY_E 0 -3.142e+05 5.920e+02 1.430e+03
|    ( - -2.974e+05 5 0)
|    ( QUESTION0 -1 -1.624e+04 4.449e+02 7.673e+01
|        ( QUESTION0_3_R 1 -1.601e+04 1.403e+02 7.573e+01
|            ( QUESTION2_0_L -1 -1.535e+04 1.081e+02 7.273e+01
|                ( - -1.491e+04 4 0)
|                ( - -3.340e+02 1 0))
|            ( - -5.181e+02 2 0))
|        ( - 2.174e+02 1 0)))
s>    ( WDBNDRY_E 0 -3.142e+05 5.920e+02 1.430e+03
s>        ( - -2.974e+05 5 0)
s>        ( QUESTION0 -1 -1.624e+04 4.449e+02 7.673e+01
s>            ( QUESTION0_3_R 1 -1.601e+04 1.403e+02 7.573e+01
s>                ( QUESTION2_0_L -1 -1.535e+04 1.081e+02 7.273e+01
s>                    ( - -1.491e+04 4 0)
s>                    ( - -3.340e+02 1 0))
s>                ( - -5.181e+02 2 0))
s>            ( - 2.174e+02 1 0)))INFO: dtree.c(1315): Comp split 20
INFO: dtree.c(1439): stop. leaf nodes are specific
INFO: dtree.c(1478): Final simple tree
|( WDBNDRY_E 0 -3.098e+05 1.393e+02 1.441e+03
|    ( - -3.083e+05 8 0)
|    ( - -1.385e+03 2 0))
s>    ( WDBNDRY_E 0 -3.098e+05 1.393e+02 1.441e+03
s>        ( - -3.083e+05 8 0)
s>        ( - -1.385e+03 2 0))INFO: dtree.c(1439): stop. leaf nodes are specific
INFO: dtree.c(1478): Final simple tree
|( QUESTION4 -1 -3.228e+04 4.645e+02 1.476e+02
|    ( - 2.412e+02 1 0)
|    ( WDBNDRY_B 0 -3.206e+04 1.370e+02 1.466e+02
|        ( - -3.466e+02 1 0)
|        ( - -3.157e+04 6 0)))
s>    ( QUESTION4 -1 -3.228e+04 4.645e+02 1.476e+02
s>        ( - 2.412e+02 1 0)
s>        ( WDBNDRY_B 0 -3.206e+04 1.370e+02 1.466e+02
s>            ( - -3.466e+02 1 0)
s>            ( - -3.157e+04 6 0)))INFO: dtree.c(1315): Comp split 21
INFO: dtree.c(1478): Final simple tree
|( QUESTION12 -1 -1.495e+05 5.086e+02 6.755e+02
|    ( - -2.443e+04 5 0 QUESTION0 1 1.605e+02 1.148e+02)
|    ( QUESTION2_19_L -1 -1.245e+05 3.552e+02 5.606e+02
|        ( QUESTION19 -1 -6.341e+04 2.495e+02 2.864e+02
|            ( - -3.049e+04 6 0)
|            ( - -3.267e+04 10 0))
|        ( QUESTION0 1 -6.075e+04 2.642e+02 2.742e+02
|            ( QUESTION2_15_L -1 -5.375e+04 2.645e+02 2.432e+02
|                ( - -2.572e+04 5 0)
|                ( QUESTION5 -1 -2.777e+04 3.298e+02 1.258e+02
|                    ( - -1.417e+04 3 0)
|                    ( - -1.327e+04 2 0)))
|            ( QUESTION0 -1 -6.736e+03 1.709e+02 3.100e+01
|                ( - -6.264e+03 7 0)
|                ( - -3.017e+02 1 0)))))
s>    ( QUESTION12 -1 -1.495e+05 5.086e+02 6.755e+02
s>        ( - -2.443e+04 5 0 QUESTION0 1 1.605e+02 1.148e+02)
s>        ( QUESTION2_19_L -1 -1.245e+05 3.552e+02 5.606e+02
s>            ( QUESTION19 -1 -6.341e+04 2.495e+02 2.864e+02
s>                ( - -3.049e+04 6 0)
s>                ( - -3.267e+04 10 0))
s>            ( QUESTION0 1 -6.075e+04 2.642e+02 2.742e+02
s>                ( QUESTION2_15_L -1 -5.375e+04 2.645e+02 2.432e+02
s>                    ( - -2.572e+04 5 0)
s>                    ( QUESTION5 -1 -2.777e+04 3.298e+02 1.258e+02
s>                        ( - -1.417e+04 3 0)
s>                        ( - -1.327e+04 2 0)))
s>                ( QUESTION0 -1 -6.736e+03 1.709e+02 3.100e+01
s>                    ( - -6.264e+03 7 0)
s>                    ( - -3.017e+02 1 0)))))INFO: dtree.c(1439): stop. leaf nodes are specific
INFO: dtree.c(1478): Final simple tree
|( QUESTION0 -1 -1.160e+06 5.330e+02 5.294e+03
|    ( QUESTION2_4_L -1 -1.038e+06 6.940e+01 4.734e+03
|        ( - -1.490e+03 4 0)
|        ( QUESTION2_0_L -1 -1.036e+06 4.662e+02 4.727e+03
|            ( - -1.036e+06 30 0)
|            ( - 2.412e+02 1 0)))
|    ( - -1.216e+05 21 0))
s>    ( QUESTION0 -1 -1.160e+06 5.330e+02 5.294e+03
s>        ( QUESTION2_4_L -1 -1.038e+06 6.940e+01 4.734e+03
s>            ( - -1.490e+03 4 0)
s>            ( QUESTION2_0_L -1 -1.036e+06 4.662e+02 4.727e+03
s>                ( - -1.036e+06 30 0)
s>                ( - 2.412e+02 1 0)))
s>        ( - -1.216e+05 21 0))INFO: dtree.c(1315): Comp split 22
INFO: dtree.c(1439): stop. leaf nodes are specific
INFO: dtree.c(1478): Final simple tree
|( QUESTION17 1 -4.446e+05 4.175e+02 2.056e+03
|    ( WDBNDRY_E 0 -2.786e+04 1.904e+02 1.291e+02
|        ( - -2.434e+04 8 0)
|        ( - -3.322e+03 3 0))
|    ( - -4.163e+05 4 0))
s>    ( QUESTION17 1 -4.446e+05 4.175e+02 2.056e+03
s>        ( WDBNDRY_E 0 -2.786e+04 1.904e+02 1.291e+02
s>            ( - -2.434e+04 8 0)
s>            ( - -3.322e+03 3 0))
s>        ( - -4.163e+05 4 0))INFO: dtree.c(1315): Comp split 23
INFO: dtree.c(1439): stop. leaf nodes are specific
INFO: dtree.c(1478): Final simple tree
|( SILENCE -1 -1.119e+05 2.703e+02 5.110e+02
|    ( - -1.514e+02 1 0)
|    ( - -1.115e+05 6 0))
s>    ( SILENCE -1 -1.119e+05 2.703e+02 5.110e+02
s>        ( - -1.514e+02 1 0)
s>        ( - -1.115e+05 6 0))INFO: dtree.c(1315): Comp split 24
INFO: dtree.c(1439): stop. leaf nodes are specific
INFO: dtree.c(1478): Final simple tree
|( QUESTION0_3_R 1 -4.504e+04 1.570e+02 2.073e+02
|    ( - -4.348e+04 5 0)
|    ( - -1.404e+03 3 0))
s>    ( QUESTION0_3_R 1 -4.504e+04 1.570e+02 2.073e+02
s>        ( - -4.348e+04 5 0)
s>        ( - -1.404e+03 3 0))INFO: dtree.c(1439): stop. leaf nodes are specific
INFO: dtree.c(1478): Final simple tree
|( QUESTION0_5_R 1 -3.192e+04 3.558e+02 1.442e+02
|    ( - -1.834e+04 4 0)
|    ( - -1.323e+04 3 0))
s>    ( QUESTION0_5_R 1 -3.192e+04 3.558e+02 1.442e+02
s>        ( - -1.834e+04 4 0)
s>        ( - -1.323e+04 3 0))INFO: dtree.c(1315): Comp split 25
INFO: dtree.c(1439): stop. leaf nodes are specific
INFO: dtree.c(1478): Final simple tree
|( QUESTION0 -1 -1.558e+04 4.447e+02 7.373e+01
|    ( QUESTION2_0_L -1 -1.535e+04 1.081e+02 7.273e+01
|        ( - -1.491e+04 4 0)
|        ( - -3.340e+02 1 0))
|    ( - 2.174e+02 1 0))
s>    ( QUESTION0 -1 -1.558e+04 4.447e+02 7.373e+01
s>        ( QUESTION2_0_L -1 -1.535e+04 1.081e+02 7.273e+01
s>            ( - -1.491e+04 4 0)
s>            ( - -3.340e+02 1 0))
s>        ( - 2.174e+02 1 0))INFO: dtree.c(1439): stop. leaf nodes are specific
INFO: dtree.c(1478): Final simple tree
|( WDBNDRY_E 0 -2.981e+05 1.178e+02 1.357e+03
|    ( - -2.974e+05 5 0)
|    ( - -5.181e+02 2 0))
s>    ( WDBNDRY_E 0 -2.981e+05 1.178e+02 1.357e+03
s>        ( - -2.974e+05 5 0)
s>        ( - -5.181e+02 2 0))INFO: dtree.c(1315): Comp split 26
INFO: dtree.c(1439): stop. leaf nodes are specific
INFO: dtree.c(1478): Final simple tree
|( QUESTION2 -1 -7.702e+04 3.493e+02 3.469e+02
|    ( - -1.327e+04 2 0)
|    ( QUESTION19 -1 -6.341e+04 2.495e+02 2.864e+02
|        ( - -3.049e+04 6 0)
|        ( - -3.267e+04 10 0)))
s>    ( QUESTION2 -1 -7.702e+04 3.493e+02 3.469e+02
s>        ( - -1.327e+04 2 0)
s>        ( QUESTION19 -1 -6.341e+04 2.495e+02 2.864e+02
s>            ( - -3.049e+04 6 0)
s>            ( - -3.267e+04 10 0)))INFO: dtree.c(1439): stop. leaf nodes are specific
INFO: dtree.c(1478): Final simple tree
|( QUESTION12 -1 -7.183e+04 4.092e+02 3.285e+02
|    ( QUESTION0 1 -2.443e+04 1.605e+02 1.148e+02
|        ( QUESTION2_14_L -1 -2.400e+04 1.320e+02 1.128e+02
|            ( - -3.104e+02 1 0)
|            ( - -2.356e+04 3 0))
|        ( - -2.752e+02 1 0))
|    ( QUESTION0 1 -4.698e+04 2.355e+02 2.137e+02
|        ( QUESTION5 -1 -4.001e+04 1.212e+02 1.827e+02
|            ( - -1.417e+04 3 0)
|            ( - -2.572e+04 5 0))
|        ( QUESTION0 -1 -6.736e+03 1.709e+02 3.100e+01
|            ( - -6.264e+03 7 0)
|            ( - -3.017e+02 1 0))))
s>    ( QUESTION12 -1 -7.183e+04 4.092e+02 3.285e+02
s>        ( QUESTION0 1 -2.443e+04 1.605e+02 1.148e+02
s>            ( QUESTION2_14_L -1 -2.400e+04 1.320e+02 1.128e+02
s>                ( - -3.104e+02 1 0)
s>                ( - -2.356e+04 3 0))
s>            ( - -2.752e+02 1 0))
s>        ( QUESTION0 1 -4.698e+04 2.355e+02 2.137e+02
s>            ( QUESTION5 -1 -4.001e+04 1.212e+02 1.827e+02
s>                ( - -1.417e+04 3 0)
s>                ( - -2.572e+04 5 0))
s>            ( QUESTION0 -1 -6.736e+03 1.709e+02 3.100e+01
s>                ( - -6.264e+03 7 0)
s>                ( - -3.017e+02 1 0))))INFO: dtree.c(1315): Comp split 27
INFO: dtree.c(1439): stop. leaf nodes are specific
INFO: dtree.c(1478): Final simple tree
|( QUESTION2_4_L -1 -1.038e+06 6.940e+01 4.734e+03
|    ( - -1.490e+03 4 0)
|    ( QUESTION2_0_L -1 -1.036e+06 4.662e+02 4.727e+03
|        ( - -1.036e+06 30 0)
|        ( - 2.412e+02 1 0)))
s>    ( QUESTION2_4_L -1 -1.038e+06 6.940e+01 4.734e+03
s>        ( - -1.490e+03 4 0)
s>        ( QUESTION2_0_L -1 -1.036e+06 4.662e+02 4.727e+03
s>            ( - -1.036e+06 30 0)
s>            ( - 2.412e+02 1 0)))INFO: dtree.c(1315): Comp split 28
INFO: dtree.c(1439): stop. leaf nodes are specific
INFO: dtree.c(1478): Final simple tree
|( QUESTION0_0_R 1 -1.044e+06 1.335e+02 4.747e+03
|    ( - -1.042e+06 23 0)
|    ( - -2.315e+03 2 0))
s>    ( QUESTION0_0_R 1 -1.044e+06 1.335e+02 4.747e+03
s>        ( - -1.042e+06 23 0)
s>        ( - -2.315e+03 2 0))INFO: dtree.c(1315): Comp split 29
INFO: dtree.c(1439): stop. leaf nodes are specific
INFO: dtree.c(1478): Final simple tree
|( QUESTION0_13_R 1 -2.417e+05 3.677e+02 1.113e+03
|    ( WDBNDRY_E 0 -3.297e+04 1.181e+02 1.553e+02
|        ( - -3.166e+04 4 0)
|        ( - -1.191e+03 2 0))
|    ( QUESTION0_11_R 1 -2.084e+05 1.952e+02 9.572e+02
|        ( - -2.029e+05 5 0)
|        ( - -5.251e+03 3 0)))
s>    ( QUESTION0_13_R 1 -2.417e+05 3.677e+02 1.113e+03
s>        ( WDBNDRY_E 0 -3.297e+04 1.181e+02 1.553e+02
s>            ( - -3.166e+04 4 0)
s>            ( - -1.191e+03 2 0))
s>        ( QUESTION0_11_R 1 -2.084e+05 1.952e+02 9.572e+02
s>            ( - -2.029e+05 5 0)
s>            ( - -5.251e+03 3 0)))INFO: dtree.c(1315): Comp split 30
INFO: dtree.c(1439): stop. leaf nodes are specific
INFO: dtree.c(1478): Final simple tree
|( QUESTION2_0_L -1 -1.038e+06 6.939e+01 4.733e+03
|    ( - -1.036e+06 30 0)
|    ( - -1.490e+03 4 0))
s>    ( QUESTION2_0_L -1 -1.038e+06 6.939e+01 4.733e+03
s>        ( - -1.036e+06 30 0)
s>        ( - -1.490e+03 4 0))INFO: dtree.c(1315): Comp split 31
INFO: dtree.c(1439): stop. leaf nodes are specific
INFO: dtree.c(1478): Final simple tree
|( WDBNDRY_B 0 -3.206e+04 1.370e+02 1.466e+02
|    ( - -3.466e+02 1 0)
|    ( - -3.157e+04 6 0))
s>    ( WDBNDRY_B 0 -3.206e+04 1.370e+02 1.466e+02
s>        ( - -3.466e+02 1 0)
s>        ( - -3.157e+04 6 0))INFO: dtree.c(1315): Comp split 32
INFO: dtree.c(1439): stop. leaf nodes are specific
INFO: dtree.c(1478): Final simple tree
|( QUESTION0 1 -6.479e+04 3.399e+02 2.943e+02
|    ( QUESTION2 -1 -5.385e+04 1.631e+02 2.449e+02
|        ( QUESTION5 -1 -4.766e+04 1.515e+02 2.169e+02
|            ( - -2.800e+02 1 0)
|            ( - -4.723e+04 5 0))
|        ( QUESTION17 -1 -6.026e+03 9.568e+01 2.800e+01
|            ( - -1.408e+03 3 0)
|            ( - -4.522e+03 4 0)))
|    ( - -1.060e+04 1 0))
s>    ( QUESTION0 1 -6.479e+04 3.399e+02 2.943e+02
s>        ( QUESTION2 -1 -5.385e+04 1.631e+02 2.449e+02
s>            ( QUESTION5 -1 -4.766e+04 1.515e+02 2.169e+02
s>                ( - -2.800e+02 1 0)
s>                ( - -4.723e+04 5 0))
s>            ( QUESTION17 -1 -6.026e+03 9.568e+01 2.800e+01
s>                ( - -1.408e+03 3 0)
s>                ( - -4.522e+03 4 0)))
s>        ( - -1.060e+04 1 0))INFO: dtree.c(1439): stop. leaf nodes are specific
INFO: dtree.c(1478): Final simple tree
|( QUESTION19 -1 -2.865e+04 1.887e+02 1.292e+02
|    ( - -2.565e+04 4 0)
|    ( - -2.804e+03 4 0))
s>    ( QUESTION19 -1 -2.865e+04 1.887e+02 1.292e+02
s>        ( - -2.565e+04 4 0)
s>        ( - -2.804e+03 4 0))INFO: dtree.c(1315): Comp split 33
INFO: dtree.c(1315): Comp split 34
INFO: dtree.c(1439): stop. leaf nodes are specific
INFO: dtree.c(1478): Final simple tree
|( WDBNDRY_B 0 -1.051e+05 3.093e+02 5.170e+02
|    ( - -1.326e+04 5 0)
|    ( - -9.152e+04 5 0))
s>    ( WDBNDRY_B 0 -1.051e+05 3.093e+02 5.170e+02
s>        ( - -1.326e+04 5 0)
s>        ( - -9.152e+04 5 0))INFO: dtree.c(1315): Comp split 35
INFO: dtree.c(1315): Comp split 36
INFO: dtree.c(1439): stop. leaf nodes are specific
INFO: dtree.c(1478): Final simple tree
|( QUESTION6 -1 -8.407e+04 4.344e+02 3.927e+02
|    ( - 2.143e+02 1 0)
|    ( QUESTION0 -1 -8.385e+04 2.655e+02 3.917e+02
|        ( - -6.698e+03 3 0)
|        ( QUESTION2 -1 -7.689e+04 1.722e+02 3.608e+02
|            ( - -1.380e+03 1 0)
|            ( - -7.534e+04 6 0))))
s>    ( QUESTION6 -1 -8.407e+04 4.344e+02 3.927e+02
s>        ( - 2.143e+02 1 0)
s>        ( QUESTION0 -1 -8.385e+04 2.655e+02 3.917e+02
s>            ( - -6.698e+03 3 0)
s>            ( QUESTION2 -1 -7.689e+04 1.722e+02 3.608e+02
s>                ( - -1.380e+03 1 0)
s>                ( - -7.534e+04 6 0))))INFO: dtree.c(1315): Comp split 37
INFO: dtree.c(1439): stop. leaf nodes are specific
INFO: dtree.c(1478): Final simple tree
|( QUESTION2_0_L -1 -1.535e+04 1.081e+02 7.273e+01
|    ( - -1.491e+04 4 0)
|    ( - -3.340e+02 1 0))
s>    ( QUESTION2_0_L -1 -1.535e+04 1.081e+02 7.273e+01
s>        ( - -1.491e+04 4 0)
s>        ( - -3.340e+02 1 0))INFO: dtree.c(1315): Comp split 38
INFO: dtree.c(1439): stop. leaf nodes are specific
INFO: dtree.c(1478): Final simple tree
|( QUESTION0 -1 -8.385e+04 2.655e+02 3.917e+02
|    ( - -6.698e+03 3 0)
|    ( QUESTION2 -1 -7.689e+04 1.722e+02 3.608e+02
|        ( - -1.380e+03 1 0)
|        ( - -7.534e+04 6 0)))
s>    ( QUESTION0 -1 -8.385e+04 2.655e+02 3.917e+02
s>        ( - -6.698e+03 3 0)
s>        ( QUESTION2 -1 -7.689e+04 1.722e+02 3.608e+02
s>            ( - -1.380e+03 1 0)
s>            ( - -7.534e+04 6 0)))INFO: dtree.c(1315): Comp split 39
INFO: dtree.c(1439): stop. leaf nodes are specific
INFO: dtree.c(1478): Final simple tree
|( QUESTION0 1 -4.785e+04 2.458e+02 2.177e+02
|    ( QUESTION12 -1 -4.045e+04 1.289e+02 1.847e+02
|        ( - -3.104e+02 1 0)
|        ( QUESTION5 -1 -4.001e+04 1.212e+02 1.827e+02
|            ( - -1.417e+04 3 0)
|            ( - -2.572e+04 5 0)))
|    ( QUESTION13 -1 -7.149e+03 1.680e+02 3.300e+01
|        ( - -3.017e+02 1 0)
|        ( QUESTION0 -1 -6.679e+03 1.402e+02 3.100e+01
|            ( - -6.264e+03 7 0)
|            ( - -2.752e+02 1 0))))
s>    ( QUESTION0 1 -4.785e+04 2.458e+02 2.177e+02
s>        ( QUESTION12 -1 -4.045e+04 1.289e+02 1.847e+02
s>            ( - -3.104e+02 1 0)
s>            ( QUESTION5 -1 -4.001e+04 1.212e+02 1.827e+02
s>                ( - -1.417e+04 3 0)
s>                ( - -2.572e+04 5 0)))
s>        ( QUESTION13 -1 -7.149e+03 1.680e+02 3.300e+01
s>            ( - -3.017e+02 1 0)
s>            ( QUESTION0 -1 -6.679e+03 1.402e+02 3.100e+01
s>                ( - -6.264e+03 7 0)
s>                ( - -2.752e+02 1 0))))INFO: dtree.c(1315): Comp split 40
INFO: dtree.c(1439): stop. leaf nodes are specific
INFO: dtree.c(1478): Final simple tree
|( WDBNDRY_E 0 -2.786e+04 1.904e+02 1.291e+02
|    ( - -2.434e+04 8 0)
|    ( - -3.322e+03 3 0))
s>    ( WDBNDRY_E 0 -2.786e+04 1.904e+02 1.291e+02
s>        ( - -2.434e+04 8 0)
s>        ( - -3.322e+03 3 0))INFO: dtree.c(1315): Comp split 41
INFO: dtree.c(1439): stop. leaf nodes are specific
INFO: dtree.c(1478): Final simple tree
|( WDBNDRY_E 0 -3.297e+04 1.181e+02 1.553e+02
|    ( - -3.166e+04 4 0)
|    ( - -1.191e+03 2 0))
s>    ( WDBNDRY_E 0 -3.297e+04 1.181e+02 1.553e+02
s>        ( - -3.166e+04 4 0)
s>        ( - -1.191e+03 2 0))INFO: dtree.c(1439): stop. leaf nodes are specific
INFO: dtree.c(1478): Final simple tree
|( QUESTION0_11_R 1 -2.084e+05 1.952e+02 9.572e+02
|    ( - -2.029e+05 5 0)
|    ( - -5.251e+03 3 0))
s>    ( QUESTION0_11_R 1 -2.084e+05 1.952e+02 9.572e+02
s>        ( - -2.029e+05 5 0)
s>        ( - -5.251e+03 3 0))INFO: dtree.c(1315): Comp split 42
INFO: dtree.c(1315): Comp split 43
INFO: dtree.c(1439): stop. leaf nodes are specific
INFO: dtree.c(1478): Final simple tree
|( QUESTION19 -1 -6.341e+04 2.495e+02 2.864e+02
|    ( - -3.049e+04 6 0)
|    ( - -3.267e+04 10 0))
s>    ( QUESTION19 -1 -6.341e+04 2.495e+02 2.864e+02
s>        ( - -3.049e+04 6 0)
s>        ( - -3.267e+04 10 0))INFO: dtree.c(1315): Comp split 44
INFO: dtree.c(1439): stop. leaf nodes are specific
INFO: dtree.c(1478): Final simple tree
|( QUESTION5 -1 -5.231e+04 1.512e+02 2.379e+02
|    ( - -2.800e+02 1 0)
|    ( QUESTION2 -1 -5.188e+04 1.282e+02 2.359e+02
|        ( - -4.723e+04 5 0)
|        ( - -4.522e+03 4 0)))
s>    ( QUESTION5 -1 -5.231e+04 1.512e+02 2.379e+02
s>        ( - -2.800e+02 1 0)
s>        ( QUESTION2 -1 -5.188e+04 1.282e+02 2.359e+02
s>            ( - -4.723e+04 5 0)
s>            ( - -4.522e+03 4 0)))INFO: dtree.c(1439): stop. leaf nodes are specific
INFO: dtree.c(1478): Final simple tree
|( QUESTION0 1 -1.214e+04 1.302e+02 5.636e+01
|    ( - -1.408e+03 3 0)
|    ( - -1.060e+04 1 0))
s>    ( QUESTION0 1 -1.214e+04 1.302e+02 5.636e+01
s>        ( - -1.408e+03 3 0)
s>        ( - -1.060e+04 1 0))INFO: dtree.c(1315): Comp split 45
INFO: dtree.c(1315): Comp split 46
INFO: dtree.c(1315): Comp split 47
INFO: dtree.c(1315): Comp split 48
INFO: dtree.c(1439): stop. leaf nodes are specific
INFO: dtree.c(1478): Final simple tree
|( QUESTION2 -1 -7.689e+04 1.722e+02 3.608e+02
|    ( - -1.380e+03 1 0)
|    ( - -7.534e+04 6 0))
s>    ( QUESTION2 -1 -7.689e+04 1.722e+02 3.608e+02
s>        ( - -1.380e+03 1 0)
s>        ( - -7.534e+04 6 0))INFO: dtree.c(1315): Comp split 49
INFO: dtree.c(1315): Comp split 50
INFO: dtree.c(1439): stop. leaf nodes are specific
INFO: dtree.c(1478): Final simple tree
|( QUESTION5 -1 -4.001e+04 1.212e+02 1.827e+02
|    ( - -1.417e+04 3 0)
|    ( - -2.572e+04 5 0))
s>    ( QUESTION5 -1 -4.001e+04 1.212e+02 1.827e+02
s>        ( - -1.417e+04 3 0)
s>        ( - -2.572e+04 5 0))INFO: dtree.c(1439): stop. leaf nodes are specific
INFO: dtree.c(1478): Final simple tree
|( QUESTION13 -1 -7.585e+03 1.666e+02 3.500e+01
|    ( - -3.017e+02 1 0)
|    ( QUESTION0 1 -7.117e+03 1.277e+02 3.300e+01
|        ( - -3.104e+02 1 0)
|        ( QUESTION0 -1 -6.679e+03 1.402e+02 3.100e+01
|            ( - -6.264e+03 7 0)
|            ( - -2.752e+02 1 0))))
s>    ( QUESTION13 -1 -7.585e+03 1.666e+02 3.500e+01
s>        ( - -3.017e+02 1 0)
s>        ( QUESTION0 1 -7.117e+03 1.277e+02 3.300e+01
s>            ( - -3.104e+02 1 0)
s>            ( QUESTION0 -1 -6.679e+03 1.402e+02 3.100e+01
s>                ( - -6.264e+03 7 0)
s>                ( - -2.752e+02 1 0))))INFO: dtree.c(1315): Comp split 51
INFO: dtree.c(1315): Comp split 52
INFO: dtree.c(1315): Comp split 53
INFO: dtree.c(1315): Comp split 54
INFO: dtree.c(1315): Comp split 55
INFO: dtree.c(1315): Comp split 56
INFO: dtree.c(1439): stop. leaf nodes are specific
INFO: dtree.c(1478): Final simple tree
|( QUESTION0 1 -7.117e+03 1.277e+02 3.300e+01
|    ( - -3.104e+02 1 0)
|    ( QUESTION0 -1 -6.679e+03 1.402e+02 3.100e+01
|        ( - -6.264e+03 7 0)
|        ( - -2.752e+02 1 0)))
s>    ( QUESTION0 1 -7.117e+03 1.277e+02 3.300e+01
s>        ( - -3.104e+02 1 0)
s>        ( QUESTION0 -1 -6.679e+03 1.402e+02 3.100e+01
s>            ( - -6.264e+03 7 0)
s>            ( - -2.752e+02 1 0)))INFO: dtree.c(1315): Comp split 57
INFO: dtree.c(1315): Comp split 58
INFO: dtree.c(1439): stop. leaf nodes are specific
INFO: dtree.c(1478): Final simple tree
|( QUESTION2 -1 -5.188e+04 1.282e+02 2.359e+02
|    ( - -4.723e+04 5 0)
|    ( - -4.522e+03 4 0))
s>    ( QUESTION2 -1 -5.188e+04 1.282e+02 2.359e+02
s>        ( - -4.723e+04 5 0)
s>        ( - -4.522e+03 4 0))INFO: dtree.c(1315): Comp split 59
INFO: dtree.c(1315): Comp split 60
INFO: dtree.c(1439): stop. leaf nodes are specific
INFO: dtree.c(1478): Final simple tree
|( QUESTION0 -1 -6.703e+03 1.294e+02 3.100e+01
|    ( - -6.264e+03 7 0)
|    ( - -3.104e+02 1 0))
s>    ( QUESTION0 -1 -6.703e+03 1.294e+02 3.100e+01
s>        ( - -6.264e+03 7 0)
s>        ( - -3.104e+02 1 0))INFO: dtree.c(1315): Comp split 61
INFO: dtree.c(1315): Comp split 62
INFO: dtree.c(1315): Comp split 63
INFO: dtree.c(1315): Comp split 64
INFO: dtree.c(1315): Comp split 65
INFO: dtree.c(1315): Comp split 66
INFO: dtree.c(1315): Comp split 67
INFO: dtree.c(1315): Comp split 68
INFO: dtree.c(1315): Comp split 69
INFO: dtree.c(1315): Comp split 70
INFO: dtree.c(1315): Comp split 71
INFO: dtree.c(1318): stop. leaf nodes are specific
Wed Mar 22 13:38:31 2023
