Current configuration:
[NAME]		[DEFLT]	[VALUE]
-allphones	no	no
-cntthresh	0.00001	1.000000e-05
-csplitmax	100	2000
-csplitmin	1	1
-csplitthr	8e-4	0.000000e+00
-example	no	no
-fullvar	no	no
-help		no	no
-meanfn			/home/lucija/Documents/Zadnji semestar/ROGJ/Prezentacije/CMUspinx/tutorial7/model_parameters/my_db.cd_cont_untied/means
-mixwfn			/home/lucija/Documents/Zadnji semestar/ROGJ/Prezentacije/CMUspinx/tutorial7/model_parameters/my_db.cd_cont_untied/mixture_weights
-moddeffn		/home/lucija/Documents/Zadnji semestar/ROGJ/Prezentacije/CMUspinx/tutorial7/model_architecture/my_db.untied.mdef
-mwfloor	1e-4	1.000000e-08
-phone			h
-psetfn			/home/lucija/Documents/Zadnji semestar/ROGJ/Prezentacije/CMUspinx/tutorial7/model_architecture/my_db.tree_questions
-ssplitmax	5	7
-ssplitmin	1	1
-ssplitthr	8e-4	0.000000e+00
-state			1
-stwt			1.0,0.05,0.0,
-treefn			/home/lucija/Documents/Zadnji semestar/ROGJ/Prezentacije/CMUspinx/tutorial7/trees/my_db.unpruned/h-1.dtree
-ts2cbfn	.semi.	.cont.
-varfloor	0.00001	1.000000e-05
-varfn			/home/lucija/Documents/Zadnji semestar/ROGJ/Prezentacije/CMUspinx/tutorial7/model_parameters/my_db.cd_cont_untied/variances

INFO: main.c(223): Reading: /home/lucija/Documents/Zadnji semestar/ROGJ/Prezentacije/CMUspinx/tutorial7/model_architecture/my_db.untied.mdef
INFO: model_def_io.c(573): Model definition info:
INFO: model_def_io.c(574): 10762 total models defined (32 base, 10730 tri)
INFO: model_def_io.c(575): 43048 total states
INFO: model_def_io.c(576): 32286 total tied states
INFO: model_def_io.c(577): 96 total tied CI states
INFO: model_def_io.c(578): 32 total tied transition matrices
INFO: model_def_io.c(579): 4 max state/model
INFO: model_def_io.c(580): 4 min state/model
INFO: main.c(242): Building trees for [h NOISE a b] through [h š l b]
INFO: main.c(268): Covering states |[10131 10553]| == 423
INFO: main.c(275): Reading: /home/lucija/Documents/Zadnji semestar/ROGJ/Prezentacije/CMUspinx/tutorial7/model_parameters/my_db.cd_cont_untied/mixture_weights
INFO: s3mixw_io.c(172): Read /home/lucija/Documents/Zadnji semestar/ROGJ/Prezentacije/CMUspinx/tutorial7/model_parameters/my_db.cd_cont_untied/mixture_weights [423x1x1 array]
INFO: main.c(311): 141 of 141 models have observation count greater than 0.000010
INFO: main.c(95): nrm stwt: 0.045 0.909 0.045 
INFO: s3gau_io.c(168): Read /home/lucija/Documents/Zadnji semestar/ROGJ/Prezentacije/CMUspinx/tutorial7/model_parameters/my_db.cd_cont_untied/means [32286x1x1 array]
INFO: s3gau_io.c(168): Read /home/lucija/Documents/Zadnji semestar/ROGJ/Prezentacije/CMUspinx/tutorial7/model_parameters/my_db.cd_cont_untied/variances [32286x1x1 array]
INFO: main.c(549): Reading: /home/lucija/Documents/Zadnji semestar/ROGJ/Prezentacije/CMUspinx/tutorial7/model_architecture/my_db.tree_questions
INFO: main.c(587): 180 total simple questions (172 phone; 8 word bndry)
INFO: main.c(589): 42 Left Only questions, and 42 Right Only questions
INFO: dtree.c(1478): Final simple tree
|( QUESTION15 1 -9.686e+05 1.148e+04 4.281e+03
|    ( QUESTION0_9_R 1 -2.054e+05 1.375e+03 9.194e+02
|        ( - -4.456e+04 8 0 WDBNDRY_E 0 3.001e+02 2.043e+02)
|        ( - -1.594e+05 3 0 QUESTION17 1 9.416e+02 7.151e+02))
|    ( QUESTION17 -1 -7.517e+05 4.146e+03 3.362e+03
|        ( - -7.986e+04 3 0 QUESTION0 1 6.352e+02 3.692e+02)
|        ( WDBNDRY_I 0 -6.677e+05 2.950e+03 2.993e+03
|            ( - -2.067e+05 36 0 QUESTION13 -1 5.650e+02 9.268e+02)
|            ( QUESTION13 1 -4.580e+05 2.111e+03 2.066e+03
|                ( WDBNDRY_B 0 -2.598e+05 1.290e+03 1.188e+03
|                    ( - -2.254e+05 30 0 QUESTION2_3_L -1 9.427e+02 1.040e+03)
|                    ( - -3.308e+04 6 0 QUESTION0_17_R 1 2.833e+02 1.482e+02))
|                ( WDBNDRY_B 0 -1.962e+05 1.176e+03 8.777e+02
|                    ( - -9.854e+04 38 0 QUESTION0 -1 4.699e+02 4.503e+02)
|                    ( - -9.644e+04 17 0 QUESTION0_1_R 1 1.201e+03 4.274e+02))))))
s>    ( QUESTION15 1 -9.686e+05 1.148e+04 4.281e+03
s>        ( QUESTION0_9_R 1 -2.054e+05 1.375e+03 9.194e+02
s>            ( - -4.456e+04 8 0 WDBNDRY_E 0 3.001e+02 2.043e+02)
s>            ( - -1.594e+05 3 0 QUESTION17 1 9.416e+02 7.151e+02))
s>        ( QUESTION17 -1 -7.517e+05 4.146e+03 3.362e+03
s>            ( - -7.986e+04 3 0 QUESTION0 1 6.352e+02 3.692e+02)
s>            ( WDBNDRY_I 0 -6.677e+05 2.950e+03 2.993e+03
s>                ( - -2.067e+05 36 0 QUESTION13 -1 5.650e+02 9.268e+02)
s>                ( QUESTION13 1 -4.580e+05 2.111e+03 2.066e+03
s>                    ( WDBNDRY_B 0 -2.598e+05 1.290e+03 1.188e+03
s>                        ( - -2.254e+05 30 0 QUESTION2_3_L -1 9.427e+02 1.040e+03)
s>                        ( - -3.308e+04 6 0 QUESTION0_17_R 1 2.833e+02 1.482e+02))
s>                    ( WDBNDRY_B 0 -1.962e+05 1.176e+03 8.777e+02
s>                        ( - -9.854e+04 38 0 QUESTION0 -1 4.699e+02 4.503e+02)
s>                        ( - -9.644e+04 17 0 QUESTION0_1_R 1 1.201e+03 4.274e+02))))))INFO: dtree.c(1315): Comp split 0
INFO: dtree.c(1478): Final simple tree
|( QUESTION17 -1 -7.517e+05 4.146e+03 3.362e+03
|    ( - -7.986e+04 3 0 QUESTION0 1 6.352e+02 3.692e+02)
|    ( WDBNDRY_I 0 -6.677e+05 2.950e+03 2.993e+03
|        ( - -2.067e+05 36 0 QUESTION13 -1 5.650e+02 9.268e+02)
|        ( QUESTION13 1 -4.580e+05 2.111e+03 2.066e+03
|            ( WDBNDRY_B 0 -2.598e+05 1.290e+03 1.188e+03
|                ( QUESTION2_3_L -1 -2.254e+05 9.427e+02 1.040e+03
|                    ( - -2.610e+04 1 0)
|                    ( - -1.984e+05 29 0 SILENCE -1 5.748e+02 9.141e+02))
|                ( - -3.308e+04 6 0 QUESTION0_17_R 1 2.833e+02 1.482e+02))
|            ( WDBNDRY_B 0 -1.962e+05 1.176e+03 8.777e+02
|                ( - -9.854e+04 38 0 QUESTION0 -1 4.699e+02 4.503e+02)
|                ( QUESTION0_1_R 1 -9.644e+04 1.201e+03 4.274e+02
|                    ( - -3.307e+04 9 0 QUESTION0_3_R 1 5.124e+02 1.459e+02)
|                    ( - -6.217e+04 8 0 SILENCE 1 2.499e+02 2.815e+02))))))
s>    ( QUESTION17 -1 -7.517e+05 4.146e+03 3.362e+03
s>        ( - -7.986e+04 3 0 QUESTION0 1 6.352e+02 3.692e+02)
s>        ( WDBNDRY_I 0 -6.677e+05 2.950e+03 2.993e+03
s>            ( - -2.067e+05 36 0 QUESTION13 -1 5.650e+02 9.268e+02)
s>            ( QUESTION13 1 -4.580e+05 2.111e+03 2.066e+03
s>                ( WDBNDRY_B 0 -2.598e+05 1.290e+03 1.188e+03
s>                    ( QUESTION2_3_L -1 -2.254e+05 9.427e+02 1.040e+03
s>                        ( - -2.610e+04 1 0)
s>                        ( - -1.984e+05 29 0 SILENCE -1 5.748e+02 9.141e+02))
s>                    ( - -3.308e+04 6 0 QUESTION0_17_R 1 2.833e+02 1.482e+02))
s>                ( WDBNDRY_B 0 -1.962e+05 1.176e+03 8.777e+02
s>                    ( - -9.854e+04 38 0 QUESTION0 -1 4.699e+02 4.503e+02)
s>                    ( QUESTION0_1_R 1 -9.644e+04 1.201e+03 4.274e+02
s>                        ( - -3.307e+04 9 0 QUESTION0_3_R 1 5.124e+02 1.459e+02)
s>                        ( - -6.217e+04 8 0 SILENCE 1 2.499e+02 2.815e+02))))))INFO: dtree.c(1439): stop. leaf nodes are specific
INFO: dtree.c(1478): Final simple tree
|( QUESTION0_9_R 1 -2.054e+05 1.375e+03 9.194e+02
|    ( WDBNDRY_E 0 -4.456e+04 3.001e+02 2.043e+02
|        ( QUESTION0_11_R 1 -3.862e+04 1.850e+02 1.776e+02
|            ( QUESTION19 1 -3.750e+04 1.376e+02 1.726e+02
|                ( - -3.404e+04 3 0)
|                ( - -3.325e+03 1 0))
|            ( - -9.331e+02 1 0))
|        ( QUESTION0 -1 -5.637e+03 2.144e+02 2.668e+01
|            ( - -4.764e+03 2 0)
|            ( - -6.589e+02 1 0)))
|    ( QUESTION17 1 -1.594e+05 9.416e+02 7.151e+02
|        ( - -2.180e+04 2 0)
|        ( - -1.367e+05 1 0)))
s>    ( QUESTION0_9_R 1 -2.054e+05 1.375e+03 9.194e+02
s>        ( WDBNDRY_E 0 -4.456e+04 3.001e+02 2.043e+02
s>            ( QUESTION0_11_R 1 -3.862e+04 1.850e+02 1.776e+02
s>                ( QUESTION19 1 -3.750e+04 1.376e+02 1.726e+02
s>                    ( - -3.404e+04 3 0)
s>                    ( - -3.325e+03 1 0))
s>                ( - -9.331e+02 1 0))
s>            ( QUESTION0 -1 -5.637e+03 2.144e+02 2.668e+01
s>                ( - -4.764e+03 2 0)
s>                ( - -6.589e+02 1 0)))
s>        ( QUESTION17 1 -1.594e+05 9.416e+02 7.151e+02
s>            ( - -2.180e+04 2 0)
s>            ( - -1.367e+05 1 0)))INFO: dtree.c(1315): Comp split 1
INFO: dtree.c(1478): Final simple tree
|( QUESTION0 1 -4.070e+05 2.058e+03 1.841e+03
|    ( QUESTION0 -1 -1.736e+05 6.367e+02 7.758e+02
|        ( - -1.549e+05 16 0)
|        ( - -1.806e+04 9 0 QUESTION14 -1 1.816e+02 8.586e+01))
|    ( SILENCE -1 -2.314e+05 6.007e+02 1.065e+03
|        ( - -1.564e+04 2 0)
|        ( QUESTION2_6_L -1 -2.152e+05 5.619e+02 9.926e+02
|            ( QUESTION2_17_L -1 -3.515e+04 4.361e+02 1.663e+02
|                ( - -1.637e+04 3 0 QUESTION16 -1 1.642e+02 7.842e+01)
|                ( - -1.835e+04 10 0 QUESTION20 -1 2.479e+02 8.783e+01))
|            ( WDBNDRY_B 0 -1.795e+05 3.690e+02 8.264e+02
|                ( - -1.476e+05 16 0 QUESTION0 -1 1.682e+02 6.803e+02)
|                ( QUESTION0_0_R 1 -3.152e+04 3.297e+02 1.461e+02
|                    ( - -1.304e+04 4 0)
|                    ( - -1.815e+04 5 0 QUESTION0_17_R 1 2.202e+02 8.451e+01))))))
s>    ( QUESTION0 1 -4.070e+05 2.058e+03 1.841e+03
s>        ( QUESTION0 -1 -1.736e+05 6.367e+02 7.758e+02
s>            ( - -1.549e+05 16 0)
s>            ( - -1.806e+04 9 0 QUESTION14 -1 1.816e+02 8.586e+01))
s>        ( SILENCE -1 -2.314e+05 6.007e+02 1.065e+03
s>            ( - -1.564e+04 2 0)
s>            ( QUESTION2_6_L -1 -2.152e+05 5.619e+02 9.926e+02
s>                ( QUESTION2_17_L -1 -3.515e+04 4.361e+02 1.663e+02
s>                    ( - -1.637e+04 3 0 QUESTION16 -1 1.642e+02 7.842e+01)
s>                    ( - -1.835e+04 10 0 QUESTION20 -1 2.479e+02 8.783e+01))
s>                ( WDBNDRY_B 0 -1.795e+05 3.690e+02 8.264e+02
s>                    ( - -1.476e+05 16 0 QUESTION0 -1 1.682e+02 6.803e+02)
s>                    ( QUESTION0_0_R 1 -3.152e+04 3.297e+02 1.461e+02
s>                        ( - -1.304e+04 4 0)
s>                        ( - -1.815e+04 5 0 QUESTION0_17_R 1 2.202e+02 8.451e+01))))))INFO: dtree.c(1478): Final simple tree
|( QUESTION17 -1 -3.393e+05 2.466e+03 1.521e+03
|    ( QUESTION0 1 -7.986e+04 6.352e+02 3.692e+02
|        ( - -7.579e+04 2 0)
|        ( - -3.437e+03 1 0))
|    ( QUESTION1 1 -2.570e+05 1.448e+03 1.152e+03
|        ( QUESTION0_3_R 1 -8.380e+04 7.677e+02 3.780e+02
|            ( - -1.336e+04 2 0 QUESTION11 1 1.967e+02 6.087e+01)
|            ( WDBNDRY_B 0 -6.967e+04 6.369e+02 3.172e+02
|                ( - -2.610e+04 1 0)
|                ( - -4.294e+04 12 0 QUESTION7 1 3.169e+02 1.912e+02)))
|        ( WDBNDRY_B 0 -1.718e+05 1.225e+03 7.738e+02
|            ( - -9.854e+04 38 0 QUESTION0 -1 4.699e+02 4.503e+02)
|            ( QUESTION0_0_R 1 -7.201e+04 4.754e+02 3.235e+02
|                ( - -5.699e+04 7 0)
|                ( - -1.454e+04 2 0 SILENCE 1 2.144e+02 6.390e+01)))))
s>    ( QUESTION17 -1 -3.393e+05 2.466e+03 1.521e+03
s>        ( QUESTION0 1 -7.986e+04 6.352e+02 3.692e+02
s>            ( - -7.579e+04 2 0)
s>            ( - -3.437e+03 1 0))
s>        ( QUESTION1 1 -2.570e+05 1.448e+03 1.152e+03
s>            ( QUESTION0_3_R 1 -8.380e+04 7.677e+02 3.780e+02
s>                ( - -1.336e+04 2 0 QUESTION11 1 1.967e+02 6.087e+01)
s>                ( WDBNDRY_B 0 -6.967e+04 6.369e+02 3.172e+02
s>                    ( - -2.610e+04 1 0)
s>                    ( - -4.294e+04 12 0 QUESTION7 1 3.169e+02 1.912e+02)))
s>            ( WDBNDRY_B 0 -1.718e+05 1.225e+03 7.738e+02
s>                ( - -9.854e+04 38 0 QUESTION0 -1 4.699e+02 4.503e+02)
s>                ( QUESTION0_0_R 1 -7.201e+04 4.754e+02 3.235e+02
s>                    ( - -5.699e+04 7 0)
s>                    ( - -1.454e+04 2 0 SILENCE 1 2.144e+02 6.390e+01)))))INFO: dtree.c(1315): Comp split 2
INFO: dtree.c(1478): Final simple tree
|( QUESTION1 1 -2.608e+05 1.355e+03 1.168e+03
|    ( QUESTION0_3_R 1 -8.769e+04 7.593e+02 3.941e+02
|        ( - -1.336e+04 2 0 QUESTION11 1 1.967e+02 6.087e+01)
|        ( QUESTION2_2_L -1 -7.357e+04 6.494e+02 3.332e+02
|            ( - -2.610e+04 1 0)
|            ( WDBNDRY_B 0 -4.682e+04 4.481e+02 2.072e+02
|                ( - -3.437e+03 1 0)
|                ( - -4.294e+04 12 0 QUESTION7 1 3.169e+02 1.912e+02))))
|    ( WDBNDRY_B 0 -1.718e+05 1.225e+03 7.738e+02
|        ( QUESTION0 -1 -9.854e+04 4.699e+02 4.503e+02
|            ( - -7.970e+04 19 0 QUESTION2_0_L -1 1.824e+02 3.664e+02)
|            ( - -1.837e+04 19 0 QUESTION16 -1 2.556e+02 8.399e+01))
|        ( QUESTION0_0_R 1 -7.201e+04 4.754e+02 3.235e+02
|            ( - -5.699e+04 7 0)
|            ( - -1.454e+04 2 0 SILENCE 1 2.144e+02 6.390e+01))))
s>    ( QUESTION1 1 -2.608e+05 1.355e+03 1.168e+03
s>        ( QUESTION0_3_R 1 -8.769e+04 7.593e+02 3.941e+02
s>            ( - -1.336e+04 2 0 QUESTION11 1 1.967e+02 6.087e+01)
s>            ( QUESTION2_2_L -1 -7.357e+04 6.494e+02 3.332e+02
s>                ( - -2.610e+04 1 0)
s>                ( WDBNDRY_B 0 -4.682e+04 4.481e+02 2.072e+02
s>                    ( - -3.437e+03 1 0)
s>                    ( - -4.294e+04 12 0 QUESTION7 1 3.169e+02 1.912e+02))))
s>        ( WDBNDRY_B 0 -1.718e+05 1.225e+03 7.738e+02
s>            ( QUESTION0 -1 -9.854e+04 4.699e+02 4.503e+02
s>                ( - -7.970e+04 19 0 QUESTION2_0_L -1 1.824e+02 3.664e+02)
s>                ( - -1.837e+04 19 0 QUESTION16 -1 2.556e+02 8.399e+01))
s>            ( QUESTION0_0_R 1 -7.201e+04 4.754e+02 3.235e+02
s>                ( - -5.699e+04 7 0)
s>                ( - -1.454e+04 2 0 SILENCE 1 2.144e+02 6.390e+01))))INFO: dtree.c(1315): Comp split 3
INFO: dtree.c(1478): Final simple tree
|( SILENCE -1 -2.314e+05 6.007e+02 1.065e+03
|    ( - -1.564e+04 2 0)
|    ( QUESTION2_6_L -1 -2.152e+05 5.619e+02 9.926e+02
|        ( QUESTION2_17_L -1 -3.515e+04 4.361e+02 1.663e+02
|            ( - -1.637e+04 3 0 QUESTION16 -1 1.642e+02 7.842e+01)
|            ( QUESTION20 -1 -1.835e+04 2.479e+02 8.783e+01
|                ( - -4.161e+03 2 0)
|                ( - -1.394e+04 8 0 QUESTION2 -1 2.079e+02 6.698e+01)))
|        ( WDBNDRY_B 0 -1.795e+05 3.690e+02 8.264e+02
|            ( - -1.476e+05 16 0 QUESTION0 -1 1.682e+02 6.803e+02)
|            ( QUESTION0_0_R 1 -3.152e+04 3.297e+02 1.461e+02
|                ( - -1.304e+04 4 0)
|                ( QUESTION0_17_R 1 -1.815e+04 2.202e+02 8.451e+01
|                    ( - -5.325e+03 2 0)
|                    ( - -1.260e+04 3 0))))))
s>    ( SILENCE -1 -2.314e+05 6.007e+02 1.065e+03
s>        ( - -1.564e+04 2 0)
s>        ( QUESTION2_6_L -1 -2.152e+05 5.619e+02 9.926e+02
s>            ( QUESTION2_17_L -1 -3.515e+04 4.361e+02 1.663e+02
s>                ( - -1.637e+04 3 0 QUESTION16 -1 1.642e+02 7.842e+01)
s>                ( QUESTION20 -1 -1.835e+04 2.479e+02 8.783e+01
s>                    ( - -4.161e+03 2 0)
s>                    ( - -1.394e+04 8 0 QUESTION2 -1 2.079e+02 6.698e+01)))
s>            ( WDBNDRY_B 0 -1.795e+05 3.690e+02 8.264e+02
s>                ( - -1.476e+05 16 0 QUESTION0 -1 1.682e+02 6.803e+02)
s>                ( QUESTION0_0_R 1 -3.152e+04 3.297e+02 1.461e+02
s>                    ( - -1.304e+04 4 0)
s>                    ( QUESTION0_17_R 1 -1.815e+04 2.202e+02 8.451e+01
s>                        ( - -5.325e+03 2 0)
s>                        ( - -1.260e+04 3 0))))))INFO: dtree.c(1439): stop. leaf nodes are specific
INFO: dtree.c(1478): Final simple tree
|( QUESTION0 -1 -1.736e+05 6.367e+02 7.758e+02
|    ( - -1.549e+05 16 0)
|    ( QUESTION14 -1 -1.806e+04 1.816e+02 8.586e+01
|        ( - -1.037e+04 5 0)
|        ( QUESTION2_19_L -1 -7.506e+03 1.587e+02 3.594e+01
|            ( - -3.255e+03 1 0)
|            ( QUESTION2 -1 -4.093e+03 1.486e+02 2.000e+01
|                ( - -4.921e+02 1 0)
|                ( - -3.452e+03 2 0)))))
s>    ( QUESTION0 -1 -1.736e+05 6.367e+02 7.758e+02
s>        ( - -1.549e+05 16 0)
s>        ( QUESTION14 -1 -1.806e+04 1.816e+02 8.586e+01
s>            ( - -1.037e+04 5 0)
s>            ( QUESTION2_19_L -1 -7.506e+03 1.587e+02 3.594e+01
s>                ( - -3.255e+03 1 0)
s>                ( QUESTION2 -1 -4.093e+03 1.486e+02 2.000e+01
s>                    ( - -4.921e+02 1 0)
s>                    ( - -3.452e+03 2 0)))))INFO: dtree.c(1315): Comp split 4
INFO: dtree.c(1439): stop. leaf nodes are specific
INFO: dtree.c(1478): Final simple tree
|( QUESTION0_9_R 1 -6.689e+04 5.336e+02 3.010e+02
|    ( WDBNDRY_E 0 -4.456e+04 3.001e+02 2.043e+02
|        ( QUESTION0_11_R 1 -3.862e+04 1.850e+02 1.776e+02
|            ( QUESTION19 1 -3.750e+04 1.376e+02 1.726e+02
|                ( - -3.404e+04 3 0)
|                ( - -3.325e+03 1 0))
|            ( - -9.331e+02 1 0))
|        ( QUESTION0 -1 -5.637e+03 2.144e+02 2.668e+01
|            ( - -4.764e+03 2 0)
|            ( - -6.589e+02 1 0)))
|    ( - -2.180e+04 2 0))
s>    ( QUESTION0_9_R 1 -6.689e+04 5.336e+02 3.010e+02
s>        ( WDBNDRY_E 0 -4.456e+04 3.001e+02 2.043e+02
s>            ( QUESTION0_11_R 1 -3.862e+04 1.850e+02 1.776e+02
s>                ( QUESTION19 1 -3.750e+04 1.376e+02 1.726e+02
s>                    ( - -3.404e+04 3 0)
s>                    ( - -3.325e+03 1 0))
s>                ( - -9.331e+02 1 0))
s>            ( QUESTION0 -1 -5.637e+03 2.144e+02 2.668e+01
s>                ( - -4.764e+03 2 0)
s>                ( - -6.589e+02 1 0)))
s>        ( - -2.180e+04 2 0))INFO: dtree.c(1315): Comp split 5
INFO: dtree.c(1478): Final simple tree
|( WDBNDRY_B 0 -1.606e+05 1.241e+03 7.259e+02
|    ( QUESTION0 -1 -1.024e+05 5.618e+02 4.663e+02
|        ( QUESTION2_0_L -1 -7.970e+04 1.824e+02 3.664e+02
|            ( - -7.786e+04 17 0)
|            ( - -1.659e+03 2 0))
|        ( QUESTION16 -1 -2.210e+04 3.293e+02 9.999e+01
|            ( QUESTION0 1 -4.796e+03 2.274e+02 2.200e+01
|                ( - -1.132e+03 1 0)
|                ( - -3.437e+03 1 0))
|            ( QUESTION15 -1 -1.698e+04 2.074e+02 7.799e+01
|                ( - -4.951e+03 3 0 QUESTION19 -1 9.598e+01 2.499e+01)
|                ( QUESTION5 -1 -1.182e+04 1.729e+02 5.299e+01
|                    ( - -2.868e+02 1 0)
|                    ( - -1.136e+04 14 0 QUESTION2_1_L -1 1.633e+02 5.099e+01)))))
|    ( - -5.699e+04 7 0))
s>    ( WDBNDRY_B 0 -1.606e+05 1.241e+03 7.259e+02
s>        ( QUESTION0 -1 -1.024e+05 5.618e+02 4.663e+02
s>            ( QUESTION2_0_L -1 -7.970e+04 1.824e+02 3.664e+02
s>                ( - -7.786e+04 17 0)
s>                ( - -1.659e+03 2 0))
s>            ( QUESTION16 -1 -2.210e+04 3.293e+02 9.999e+01
s>                ( QUESTION0 1 -4.796e+03 2.274e+02 2.200e+01
s>                    ( - -1.132e+03 1 0)
s>                    ( - -3.437e+03 1 0))
s>                ( QUESTION15 -1 -1.698e+04 2.074e+02 7.799e+01
s>                    ( - -4.951e+03 3 0 QUESTION19 -1 9.598e+01 2.499e+01)
s>                    ( QUESTION5 -1 -1.182e+04 1.729e+02 5.299e+01
s>                        ( - -2.868e+02 1 0)
s>                        ( - -1.136e+04 14 0 QUESTION2_1_L -1 1.633e+02 5.099e+01)))))
s>        ( - -5.699e+04 7 0))INFO: dtree.c(1478): Final simple tree
|( QUESTION0_3_R 1 -9.859e+04 7.798e+02 4.420e+02
|    ( QUESTION11 1 -1.336e+04 1.967e+02 6.087e+01
|        ( - -1.069e+04 1 0)
|        ( - -2.473e+03 1 0))
|    ( WDBNDRY_B 0 -8.445e+04 7.012e+02 3.811e+02
|        ( - -2.610e+04 1 0)
|        ( QUESTION0_17_R 1 -5.765e+04 2.986e+02 2.551e+02
|            ( - -1.364e+04 3 0)
|            ( QUESTION7 1 -4.371e+04 2.599e+02 1.932e+02
|                ( - -5.658e+03 2 0 QUESTION0_2_R 1 1.383e+02 2.603e+01)
|                ( QUESTION0_15_R 1 -3.779e+04 2.259e+02 1.671e+02
|                    ( - -1.349e+04 2 0 QUESTION0_19_R 1 1.474e+02 5.948e+01)
|                    ( SILENCE 1 -2.407e+04 2.306e+02 1.077e+02
|                        ( - -4.925e+03 1 0)
|                        ( - -1.891e+04 6 0 QUESTION0_6_R 1 1.474e+02 8.576e+01)))))))
s>    ( QUESTION0_3_R 1 -9.859e+04 7.798e+02 4.420e+02
s>        ( QUESTION11 1 -1.336e+04 1.967e+02 6.087e+01
s>            ( - -1.069e+04 1 0)
s>            ( - -2.473e+03 1 0))
s>        ( WDBNDRY_B 0 -8.445e+04 7.012e+02 3.811e+02
s>            ( - -2.610e+04 1 0)
s>            ( QUESTION0_17_R 1 -5.765e+04 2.986e+02 2.551e+02
s>                ( - -1.364e+04 3 0)
s>                ( QUESTION7 1 -4.371e+04 2.599e+02 1.932e+02
s>                    ( - -5.658e+03 2 0 QUESTION0_2_R 1 1.383e+02 2.603e+01)
s>                    ( QUESTION0_15_R 1 -3.779e+04 2.259e+02 1.671e+02
s>                        ( - -1.349e+04 2 0 QUESTION0_19_R 1 1.474e+02 5.948e+01)
s>                        ( SILENCE 1 -2.407e+04 2.306e+02 1.077e+02
s>                            ( - -4.925e+03 1 0)
s>                            ( - -1.891e+04 6 0 QUESTION0_6_R 1 1.474e+02 8.576e+01)))))))INFO: dtree.c(1315): Comp split 6
INFO: dtree.c(1439): stop. leaf nodes are specific
INFO: dtree.c(1478): Final simple tree
|( QUESTION2 -1 -5.877e+04 1.884e+02 2.676e+02
|    ( - -2.868e+02 1 0)
|    ( WDBNDRY_B 0 -5.830e+04 1.699e+02 2.656e+02
|        ( - -1.132e+03 1 0)
|        ( - -5.699e+04 7 0)))
s>    ( QUESTION2 -1 -5.877e+04 1.884e+02 2.676e+02
s>        ( - -2.868e+02 1 0)
s>        ( WDBNDRY_B 0 -5.830e+04 1.699e+02 2.656e+02
s>            ( - -1.132e+03 1 0)
s>            ( - -5.699e+04 7 0)))INFO: dtree.c(1478): Final simple tree
|( QUESTION0 -1 -1.005e+05 5.042e+02 4.583e+02
|    ( QUESTION2_0_L -1 -7.970e+04 1.824e+02 3.664e+02
|        ( - -7.786e+04 17 0)
|        ( - -1.659e+03 2 0))
|    ( QUESTION0 1 -2.029e+04 3.313e+02 9.199e+01
|        ( QUESTION15 -1 -1.652e+04 2.093e+02 7.599e+01
|            ( - -4.951e+03 3 0 QUESTION19 -1 9.598e+01 2.499e+01)
|            ( QUESTION2_1_L -1 -1.136e+04 1.633e+02 5.099e+01
|                ( QUESTION2 -1 -7.167e+03 1.392e+02 3.300e+01
|                    ( - -2.098e+03 3 0)
|                    ( - -4.930e+03 5 0))
|                ( SILENCE -1 -4.030e+03 1.243e+02 1.800e+01
|                    ( - -2.651e+03 3 0)
|                    ( - -1.255e+03 3 0))))
|        ( - -3.437e+03 1 0)))
s>    ( QUESTION0 -1 -1.005e+05 5.042e+02 4.583e+02
s>        ( QUESTION2_0_L -1 -7.970e+04 1.824e+02 3.664e+02
s>            ( - -7.786e+04 17 0)
s>            ( - -1.659e+03 2 0))
s>        ( QUESTION0 1 -2.029e+04 3.313e+02 9.199e+01
s>            ( QUESTION15 -1 -1.652e+04 2.093e+02 7.599e+01
s>                ( - -4.951e+03 3 0 QUESTION19 -1 9.598e+01 2.499e+01)
s>                ( QUESTION2_1_L -1 -1.136e+04 1.633e+02 5.099e+01
s>                    ( QUESTION2 -1 -7.167e+03 1.392e+02 3.300e+01
s>                        ( - -2.098e+03 3 0)
s>                        ( - -4.930e+03 5 0))
s>                    ( SILENCE -1 -4.030e+03 1.243e+02 1.800e+01
s>                        ( - -2.651e+03 3 0)
s>                        ( - -1.255e+03 3 0))))
s>            ( - -3.437e+03 1 0)))INFO: dtree.c(1315): Comp split 7
INFO: dtree.c(1478): Final simple tree
|( WDBNDRY_B 0 -8.445e+04 7.012e+02 3.811e+02
|    ( - -2.610e+04 1 0)
|    ( QUESTION0_17_R 1 -5.765e+04 2.986e+02 2.551e+02
|        ( - -1.364e+04 3 0)
|        ( QUESTION7 1 -4.371e+04 2.599e+02 1.932e+02
|            ( - -5.658e+03 2 0 QUESTION0_2_R 1 1.383e+02 2.603e+01)
|            ( QUESTION0_15_R 1 -3.779e+04 2.259e+02 1.671e+02
|                ( QUESTION0_19_R 1 -1.349e+04 1.474e+02 5.948e+01
|                    ( - -9.400e+03 1 0)
|                    ( - -3.946e+03 1 0))
|                ( SILENCE 1 -2.407e+04 2.306e+02 1.077e+02
|                    ( - -4.925e+03 1 0)
|                    ( QUESTION0_6_R 1 -1.891e+04 1.474e+02 8.576e+01
|                        ( - -7.735e+02 1 0)
|                        ( - -1.799e+04 5 0 QUESTION0_8_R 1 1.218e+02 8.176e+01)))))))
s>    ( WDBNDRY_B 0 -8.445e+04 7.012e+02 3.811e+02
s>        ( - -2.610e+04 1 0)
s>        ( QUESTION0_17_R 1 -5.765e+04 2.986e+02 2.551e+02
s>            ( - -1.364e+04 3 0)
s>            ( QUESTION7 1 -4.371e+04 2.599e+02 1.932e+02
s>                ( - -5.658e+03 2 0 QUESTION0_2_R 1 1.383e+02 2.603e+01)
s>                ( QUESTION0_15_R 1 -3.779e+04 2.259e+02 1.671e+02
s>                    ( QUESTION0_19_R 1 -1.349e+04 1.474e+02 5.948e+01
s>                        ( - -9.400e+03 1 0)
s>                        ( - -3.946e+03 1 0))
s>                    ( SILENCE 1 -2.407e+04 2.306e+02 1.077e+02
s>                        ( - -4.925e+03 1 0)
s>                        ( QUESTION0_6_R 1 -1.891e+04 1.474e+02 8.576e+01
s>                            ( - -7.735e+02 1 0)
s>                            ( - -1.799e+04 5 0 QUESTION0_8_R 1 1.218e+02 8.176e+01)))))))INFO: dtree.c(1439): stop. leaf nodes are specific
INFO: dtree.c(1478): Final simple tree
|( QUESTION11 1 -1.336e+04 1.967e+02 6.087e+01
|    ( - -1.069e+04 1 0)
|    ( - -2.473e+03 1 0))
s>    ( QUESTION11 1 -1.336e+04 1.967e+02 6.087e+01
s>        ( - -1.069e+04 1 0)
s>        ( - -2.473e+03 1 0))INFO: dtree.c(1315): Comp split 8
INFO: dtree.c(1478): Final simple tree
|( QUESTION16 -1 -1.962e+05 3.660e+02 9.048e+02
|    ( - -1.532e+04 2 0)
|    ( WDBNDRY_B 0 -1.805e+05 3.706e+02 8.314e+02
|        ( QUESTION0 -1 -1.486e+05 1.583e+02 6.853e+02
|            ( QUESTION0_0_R 1 -1.381e+05 1.576e+02 6.370e+02
|                ( - -1.358e+05 9 0)
|                ( - -2.165e+03 2 0))
|            ( QUESTION15 -1 -1.035e+04 1.611e+02 4.827e+01
|                ( - -8.845e+02 1 0)
|                ( - -9.307e+03 5 0 QUESTION2 -1 1.286e+02 4.327e+01)))
|        ( QUESTION0_0_R 1 -3.152e+04 3.297e+02 1.461e+02
|            ( - -1.304e+04 4 0)
|            ( QUESTION0_17_R 1 -1.815e+04 2.202e+02 8.451e+01
|                ( - -5.325e+03 2 0)
|                ( - -1.260e+04 3 0)))))
s>    ( QUESTION16 -1 -1.962e+05 3.660e+02 9.048e+02
s>        ( - -1.532e+04 2 0)
s>        ( WDBNDRY_B 0 -1.805e+05 3.706e+02 8.314e+02
s>            ( QUESTION0 -1 -1.486e+05 1.583e+02 6.853e+02
s>                ( QUESTION0_0_R 1 -1.381e+05 1.576e+02 6.370e+02
s>                    ( - -1.358e+05 9 0)
s>                    ( - -2.165e+03 2 0))
s>                ( QUESTION15 -1 -1.035e+04 1.611e+02 4.827e+01
s>                    ( - -8.845e+02 1 0)
s>                    ( - -9.307e+03 5 0 QUESTION2 -1 1.286e+02 4.327e+01)))
s>            ( QUESTION0_0_R 1 -3.152e+04 3.297e+02 1.461e+02
s>                ( - -1.304e+04 4 0)
s>                ( QUESTION0_17_R 1 -1.815e+04 2.202e+02 8.451e+01
s>                    ( - -5.325e+03 2 0)
s>                    ( - -1.260e+04 3 0)))))INFO: dtree.c(1478): Final simple tree
|( SILENCE -1 -3.447e+04 4.783e+02 1.604e+02
|    ( - -1.564e+04 2 0)
|    ( QUESTION20 -1 -1.835e+04 2.479e+02 8.783e+01
|        ( - -4.161e+03 2 0)
|        ( QUESTION2 -1 -1.394e+04 2.079e+02 6.698e+01
|            ( QUESTION12 -1 -9.592e+03 2.039e+02 4.598e+01
|                ( - -1.403e+03 1 0)
|                ( QUESTION0_0_R 1 -7.985e+03 1.778e+02 3.798e+01
|                    ( WDBNDRY_B 0 -7.341e+03 1.831e+02 3.498e+01
|                        ( - -6.855e+03 3 0 QUESTION5 -1 1.054e+02 3.298e+01)
|                        ( - -3.028e+02 1 0))
|                    ( - -4.660e+02 1 0)))
|            ( QUESTION0_0_R 1 -4.139e+03 1.473e+02 2.100e+01
|                ( - -2.518e+03 1 0)
|                ( - -1.474e+03 1 0)))))
s>    ( SILENCE -1 -3.447e+04 4.783e+02 1.604e+02
s>        ( - -1.564e+04 2 0)
s>        ( QUESTION20 -1 -1.835e+04 2.479e+02 8.783e+01
s>            ( - -4.161e+03 2 0)
s>            ( QUESTION2 -1 -1.394e+04 2.079e+02 6.698e+01
s>                ( QUESTION12 -1 -9.592e+03 2.039e+02 4.598e+01
s>                    ( - -1.403e+03 1 0)
s>                    ( QUESTION0_0_R 1 -7.985e+03 1.778e+02 3.798e+01
s>                        ( WDBNDRY_B 0 -7.341e+03 1.831e+02 3.498e+01
s>                            ( - -6.855e+03 3 0 QUESTION5 -1 1.054e+02 3.298e+01)
s>                            ( - -3.028e+02 1 0))
s>                        ( - -4.660e+02 1 0)))
s>                ( QUESTION0_0_R 1 -4.139e+03 1.473e+02 2.100e+01
s>                    ( - -2.518e+03 1 0)
s>                    ( - -1.474e+03 1 0)))))INFO: dtree.c(1315): Comp split 9
INFO: dtree.c(1478): Final simple tree
|( QUESTION0_17_R 1 -5.765e+04 2.986e+02 2.551e+02
|    ( - -1.364e+04 3 0)
|    ( QUESTION7 1 -4.371e+04 2.599e+02 1.932e+02
|        ( QUESTION0_2_R 1 -5.658e+03 1.383e+02 2.603e+01
|            ( - -2.550e+03 1 0)
|            ( - -2.970e+03 1 0))
|        ( QUESTION0_15_R 1 -3.779e+04 2.259e+02 1.671e+02
|            ( QUESTION0_19_R 1 -1.349e+04 1.474e+02 5.948e+01
|                ( - -9.400e+03 1 0)
|                ( - -3.946e+03 1 0))
|            ( SILENCE 1 -2.407e+04 2.306e+02 1.077e+02
|                ( - -4.925e+03 1 0)
|                ( QUESTION0_6_R 1 -1.891e+04 1.474e+02 8.576e+01
|                    ( - -7.735e+02 1 0)
|                    ( - -1.799e+04 5 0 QUESTION0_8_R 1 1.218e+02 8.176e+01))))))
s>    ( QUESTION0_17_R 1 -5.765e+04 2.986e+02 2.551e+02
s>        ( - -1.364e+04 3 0)
s>        ( QUESTION7 1 -4.371e+04 2.599e+02 1.932e+02
s>            ( QUESTION0_2_R 1 -5.658e+03 1.383e+02 2.603e+01
s>                ( - -2.550e+03 1 0)
s>                ( - -2.970e+03 1 0))
s>            ( QUESTION0_15_R 1 -3.779e+04 2.259e+02 1.671e+02
s>                ( QUESTION0_19_R 1 -1.349e+04 1.474e+02 5.948e+01
s>                    ( - -9.400e+03 1 0)
s>                    ( - -3.946e+03 1 0))
s>                ( SILENCE 1 -2.407e+04 2.306e+02 1.077e+02
s>                    ( - -4.925e+03 1 0)
s>                    ( QUESTION0_6_R 1 -1.891e+04 1.474e+02 8.576e+01
s>                        ( - -7.735e+02 1 0)
s>                        ( - -1.799e+04 5 0 QUESTION0_8_R 1 1.218e+02 8.176e+01))))))INFO: dtree.c(1315): Comp split 10
INFO: dtree.c(1439): stop. leaf nodes are specific
INFO: dtree.c(1478): Final simple tree
|( QUESTION14 -1 -1.806e+04 1.816e+02 8.586e+01
|    ( - -1.037e+04 5 0)
|    ( QUESTION2_19_L -1 -7.506e+03 1.587e+02 3.594e+01
|        ( - -3.255e+03 1 0)
|        ( QUESTION2 -1 -4.093e+03 1.486e+02 2.000e+01
|            ( - -4.921e+02 1 0)
|            ( - -3.452e+03 2 0))))
s>    ( QUESTION14 -1 -1.806e+04 1.816e+02 8.586e+01
s>        ( - -1.037e+04 5 0)
s>        ( QUESTION2_19_L -1 -7.506e+03 1.587e+02 3.594e+01
s>            ( - -3.255e+03 1 0)
s>            ( QUESTION2 -1 -4.093e+03 1.486e+02 2.000e+01
s>                ( - -4.921e+02 1 0)
s>                ( - -3.452e+03 2 0))))INFO: dtree.c(1315): Comp split 11
INFO: dtree.c(1439): stop. leaf nodes are specific
INFO: dtree.c(1478): Final simple tree
|( WDBNDRY_E 0 -4.456e+04 3.001e+02 2.043e+02
|    ( QUESTION0_11_R 1 -3.862e+04 1.850e+02 1.776e+02
|        ( QUESTION19 1 -3.750e+04 1.376e+02 1.726e+02
|            ( - -3.404e+04 3 0)
|            ( - -3.325e+03 1 0))
|        ( - -9.331e+02 1 0))
|    ( QUESTION0 -1 -5.637e+03 2.144e+02 2.668e+01
|        ( - -4.764e+03 2 0)
|        ( - -6.589e+02 1 0)))
s>    ( WDBNDRY_E 0 -4.456e+04 3.001e+02 2.043e+02
s>        ( QUESTION0_11_R 1 -3.862e+04 1.850e+02 1.776e+02
s>            ( QUESTION19 1 -3.750e+04 1.376e+02 1.726e+02
s>                ( - -3.404e+04 3 0)
s>                ( - -3.325e+03 1 0))
s>            ( - -9.331e+02 1 0))
s>        ( QUESTION0 -1 -5.637e+03 2.144e+02 2.668e+01
s>            ( - -4.764e+03 2 0)
s>            ( - -6.589e+02 1 0)))INFO: dtree.c(1315): Comp split 12
INFO: dtree.c(1439): stop. leaf nodes are specific
INFO: dtree.c(1478): Final simple tree
|( QUESTION0 1 -2.029e+04 3.313e+02 9.199e+01
|    ( QUESTION15 -1 -1.652e+04 2.093e+02 7.599e+01
|        ( QUESTION19 -1 -4.951e+03 9.598e+01 2.499e+01
|            ( - -2.083e+03 2 0)
|            ( - -2.772e+03 1 0))
|        ( QUESTION2_1_L -1 -1.136e+04 1.633e+02 5.099e+01
|            ( QUESTION2 -1 -7.167e+03 1.392e+02 3.300e+01
|                ( - -2.098e+03 3 0)
|                ( - -4.930e+03 5 0))
|            ( SILENCE -1 -4.030e+03 1.243e+02 1.800e+01
|                ( - -2.651e+03 3 0)
|                ( - -1.255e+03 3 0))))
|    ( - -3.437e+03 1 0))
s>    ( QUESTION0 1 -2.029e+04 3.313e+02 9.199e+01
s>        ( QUESTION15 -1 -1.652e+04 2.093e+02 7.599e+01
s>            ( QUESTION19 -1 -4.951e+03 9.598e+01 2.499e+01
s>                ( - -2.083e+03 2 0)
s>                ( - -2.772e+03 1 0))
s>            ( QUESTION2_1_L -1 -1.136e+04 1.633e+02 5.099e+01
s>                ( QUESTION2 -1 -7.167e+03 1.392e+02 3.300e+01
s>                    ( - -2.098e+03 3 0)
s>                    ( - -4.930e+03 5 0))
s>                ( SILENCE -1 -4.030e+03 1.243e+02 1.800e+01
s>                    ( - -2.651e+03 3 0)
s>                    ( - -1.255e+03 3 0))))
s>        ( - -3.437e+03 1 0))INFO: dtree.c(1439): stop. leaf nodes are specific
INFO: dtree.c(1478): Final simple tree
|( QUESTION2_0_L -1 -7.970e+04 1.824e+02 3.664e+02
|    ( - -7.786e+04 17 0)
|    ( - -1.659e+03 2 0))
s>    ( QUESTION2_0_L -1 -7.970e+04 1.824e+02 3.664e+02
s>        ( - -7.786e+04 17 0)
s>        ( - -1.659e+03 2 0))INFO: dtree.c(1315): Comp split 13
INFO: dtree.c(1439): stop. leaf nodes are specific
INFO: dtree.c(1478): Final simple tree
|( WDBNDRY_B 0 -1.629e+04 1.845e+02 7.553e+01
|    ( - -1.564e+04 2 0)
|    ( - -4.660e+02 1 0))
s>    ( WDBNDRY_B 0 -1.629e+04 1.845e+02 7.553e+01
s>        ( - -1.564e+04 2 0)
s>        ( - -4.660e+02 1 0))INFO: dtree.c(1439): stop. leaf nodes are specific
INFO: dtree.c(1478): Final simple tree
|( QUESTION2 -1 -1.769e+04 2.340e+02 8.483e+01
|    ( QUESTION12 -1 -8.945e+03 2.005e+02 4.298e+01
|        ( - -1.403e+03 1 0)
|        ( WDBNDRY_B 0 -7.341e+03 1.831e+02 3.498e+01
|            ( QUESTION5 -1 -6.855e+03 1.054e+02 3.298e+01
|                ( - -3.920e+02 1 0)
|                ( - -6.357e+03 2 0))
|            ( - -3.028e+02 1 0)))
|    ( QUESTION0_0_R 1 -8.508e+03 2.141e+02 4.185e+01
|        ( QUESTION19 -1 -6.820e+03 1.412e+02 3.385e+01
|            ( - -2.518e+03 1 0)
|            ( - -4.161e+03 2 0))
|        ( - -1.474e+03 1 0)))
s>    ( QUESTION2 -1 -1.769e+04 2.340e+02 8.483e+01
s>        ( QUESTION12 -1 -8.945e+03 2.005e+02 4.298e+01
s>            ( - -1.403e+03 1 0)
s>            ( WDBNDRY_B 0 -7.341e+03 1.831e+02 3.498e+01
s>                ( QUESTION5 -1 -6.855e+03 1.054e+02 3.298e+01
s>                    ( - -3.920e+02 1 0)
s>                    ( - -6.357e+03 2 0))
s>                ( - -3.028e+02 1 0)))
s>        ( QUESTION0_0_R 1 -8.508e+03 2.141e+02 4.185e+01
s>            ( QUESTION19 -1 -6.820e+03 1.412e+02 3.385e+01
s>                ( - -2.518e+03 1 0)
s>                ( - -4.161e+03 2 0))
s>            ( - -1.474e+03 1 0)))INFO: dtree.c(1315): Comp split 14
INFO: dtree.c(1439): stop. leaf nodes are specific
INFO: dtree.c(1478): Final simple tree
|( QUESTION0 -1 -1.486e+05 1.583e+02 6.853e+02
|    ( QUESTION0_0_R 1 -1.381e+05 1.576e+02 6.370e+02
|        ( - -1.358e+05 9 0)
|        ( - -2.165e+03 2 0))
|    ( QUESTION15 -1 -1.035e+04 1.611e+02 4.827e+01
|        ( - -8.845e+02 1 0)
|        ( QUESTION2 -1 -9.307e+03 1.286e+02 4.327e+01
|            ( - -2.068e+03 2 0)
|            ( - -7.110e+03 3 0))))
s>    ( QUESTION0 -1 -1.486e+05 1.583e+02 6.853e+02
s>        ( QUESTION0_0_R 1 -1.381e+05 1.576e+02 6.370e+02
s>            ( - -1.358e+05 9 0)
s>            ( - -2.165e+03 2 0))
s>        ( QUESTION15 -1 -1.035e+04 1.611e+02 4.827e+01
s>            ( - -8.845e+02 1 0)
s>            ( QUESTION2 -1 -9.307e+03 1.286e+02 4.327e+01
s>                ( - -2.068e+03 2 0)
s>                ( - -7.110e+03 3 0))))INFO: dtree.c(1439): stop. leaf nodes are specific
INFO: dtree.c(1478): Final simple tree
|( QUESTION0_0_R 1 -4.710e+04 2.964e+02 2.195e+02
|    ( WDBNDRY_B 0 -2.866e+04 2.936e+02 1.350e+02
|        ( - -1.532e+04 2 0)
|        ( - -1.304e+04 4 0))
|    ( QUESTION0_17_R 1 -1.815e+04 2.202e+02 8.451e+01
|        ( - -5.325e+03 2 0)
|        ( - -1.260e+04 3 0)))
s>    ( QUESTION0_0_R 1 -4.710e+04 2.964e+02 2.195e+02
s>        ( WDBNDRY_B 0 -2.866e+04 2.936e+02 1.350e+02
s>            ( - -1.532e+04 2 0)
s>            ( - -1.304e+04 4 0))
s>        ( QUESTION0_17_R 1 -1.815e+04 2.202e+02 8.451e+01
s>            ( - -5.325e+03 2 0)
s>            ( - -1.260e+04 3 0)))INFO: dtree.c(1315): Comp split 15
INFO: dtree.c(1439): stop. leaf nodes are specific
INFO: dtree.c(1478): Final simple tree
|( WDBNDRY_E 0 -3.833e+04 1.669e+02 1.766e+02
|    ( QUESTION19 1 -3.750e+04 1.376e+02 1.726e+02
|        ( - -3.404e+04 3 0)
|        ( - -3.325e+03 1 0))
|    ( - -6.589e+02 1 0))
s>    ( WDBNDRY_E 0 -3.833e+04 1.669e+02 1.766e+02
s>        ( QUESTION19 1 -3.750e+04 1.376e+02 1.726e+02
s>            ( - -3.404e+04 3 0)
s>            ( - -3.325e+03 1 0))
s>        ( - -6.589e+02 1 0))INFO: dtree.c(1439): stop. leaf nodes are specific
INFO: dtree.c(1478): Final simple tree
|( WDBNDRY_E 0 -5.874e+03 1.768e+02 2.768e+01
|    ( - -9.331e+02 1 0)
|    ( - -4.764e+03 2 0))
s>    ( WDBNDRY_E 0 -5.874e+03 1.768e+02 2.768e+01
s>        ( - -9.331e+02 1 0)
s>        ( - -4.764e+03 2 0))INFO: dtree.c(1315): Comp split 16
INFO: dtree.c(1439): stop. leaf nodes are specific
INFO: dtree.c(1478): Final simple tree
|( QUESTION15 -1 -1.652e+04 2.093e+02 7.599e+01
|    ( QUESTION19 -1 -4.951e+03 9.598e+01 2.499e+01
|        ( - -2.083e+03 2 0)
|        ( - -2.772e+03 1 0))
|    ( QUESTION2_1_L -1 -1.136e+04 1.633e+02 5.099e+01
|        ( QUESTION2 -1 -7.167e+03 1.392e+02 3.300e+01
|            ( - -2.098e+03 3 0)
|            ( - -4.930e+03 5 0))
|        ( SILENCE -1 -4.030e+03 1.243e+02 1.800e+01
|            ( - -2.651e+03 3 0)
|            ( - -1.255e+03 3 0))))
s>    ( QUESTION15 -1 -1.652e+04 2.093e+02 7.599e+01
s>        ( QUESTION19 -1 -4.951e+03 9.598e+01 2.499e+01
s>            ( - -2.083e+03 2 0)
s>            ( - -2.772e+03 1 0))
s>        ( QUESTION2_1_L -1 -1.136e+04 1.633e+02 5.099e+01
s>            ( QUESTION2 -1 -7.167e+03 1.392e+02 3.300e+01
s>                ( - -2.098e+03 3 0)
s>                ( - -4.930e+03 5 0))
s>            ( SILENCE -1 -4.030e+03 1.243e+02 1.800e+01
s>                ( - -2.651e+03 3 0)
s>                ( - -1.255e+03 3 0))))INFO: dtree.c(1315): Comp split 17
INFO: dtree.c(1439): stop. leaf nodes are specific
INFO: dtree.c(1478): Final simple tree
|( WDBNDRY_B 0 -3.374e+04 2.715e+02 1.579e+02
|    ( - -1.532e+04 2 0)
|    ( QUESTION0_17_R 1 -1.815e+04 2.202e+02 8.451e+01
|        ( - -5.325e+03 2 0)
|        ( - -1.260e+04 3 0)))
s>    ( WDBNDRY_B 0 -3.374e+04 2.715e+02 1.579e+02
s>        ( - -1.532e+04 2 0)
s>        ( QUESTION0_17_R 1 -1.815e+04 2.202e+02 8.451e+01
s>            ( - -5.325e+03 2 0)
s>            ( - -1.260e+04 3 0)))INFO: dtree.c(1315): Comp split 18
INFO: dtree.c(1439): stop. leaf nodes are specific
INFO: dtree.c(1478): Final simple tree
|( QUESTION0_8_R 1 -1.799e+04 1.218e+02 8.176e+01
|    ( - -1.494e+03 1 0)
|    ( QUESTION0_0_R 1 -1.638e+04 1.001e+02 7.476e+01
|        ( - -1.504e+04 2 0)
|        ( - -1.235e+03 2 0)))
s>    ( QUESTION0_8_R 1 -1.799e+04 1.218e+02 8.176e+01
s>        ( - -1.494e+03 1 0)
s>        ( QUESTION0_0_R 1 -1.638e+04 1.001e+02 7.476e+01
s>            ( - -1.504e+04 2 0)
s>            ( - -1.235e+03 2 0)))INFO: dtree.c(1439): stop. leaf nodes are specific
INFO: dtree.c(1478): Final simple tree
|( QUESTION0_17_R 1 -3.935e+04 2.918e+02 1.733e+02
|    ( - -1.364e+04 3 0)
|    ( QUESTION5 1 -2.542e+04 2.230e+02 1.114e+02
|        ( QUESTION0_2_R 1 -5.658e+03 1.383e+02 2.603e+01
|            ( - -2.550e+03 1 0)
|            ( - -2.970e+03 1 0))
|        ( SILENCE 1 -1.954e+04 1.937e+02 8.538e+01
|            ( - -4.925e+03 1 0)
|            ( QUESTION0_2_R 1 -1.442e+04 1.508e+02 6.348e+01
|                ( - -7.735e+02 1 0)
|                ( QUESTION0_19_R 1 -1.349e+04 1.474e+02 5.948e+01
|                    ( - -9.400e+03 1 0)
|                    ( - -3.946e+03 1 0))))))
s>    ( QUESTION0_17_R 1 -3.935e+04 2.918e+02 1.733e+02
s>        ( - -1.364e+04 3 0)
s>        ( QUESTION5 1 -2.542e+04 2.230e+02 1.114e+02
s>            ( QUESTION0_2_R 1 -5.658e+03 1.383e+02 2.603e+01
s>                ( - -2.550e+03 1 0)
s>                ( - -2.970e+03 1 0))
s>            ( SILENCE 1 -1.954e+04 1.937e+02 8.538e+01
s>                ( - -4.925e+03 1 0)
s>                ( QUESTION0_2_R 1 -1.442e+04 1.508e+02 6.348e+01
s>                    ( - -7.735e+02 1 0)
s>                    ( QUESTION0_19_R 1 -1.349e+04 1.474e+02 5.948e+01
s>                        ( - -9.400e+03 1 0)
s>                        ( - -3.946e+03 1 0))))))INFO: dtree.c(1315): Comp split 19
INFO: dtree.c(1439): stop. leaf nodes are specific
INFO: dtree.c(1478): Final simple tree
|( QUESTION0_2_R 1 -1.456e+04 1.454e+02 6.593e+01
|    ( - -7.735e+02 1 0)
|    ( - -1.364e+04 3 0))
s>    ( QUESTION0_2_R 1 -1.456e+04 1.454e+02 6.593e+01
s>        ( - -7.735e+02 1 0)
s>        ( - -1.364e+04 3 0))INFO: dtree.c(1439): stop. leaf nodes are specific
INFO: dtree.c(1478): Final simple tree
|( QUESTION0_15_R 1 -2.450e+04 2.291e+02 1.074e+02
|    ( QUESTION0_19_R 1 -1.349e+04 1.474e+02 5.948e+01
|        ( - -9.400e+03 1 0)
|        ( - -3.946e+03 1 0))
|    ( SILENCE 1 -1.078e+04 1.918e+02 4.794e+01
|        ( - -4.925e+03 1 0)
|        ( QUESTION0_2_R 1 -5.658e+03 1.383e+02 2.603e+01
|            ( - -2.550e+03 1 0)
|            ( - -2.970e+03 1 0))))
s>    ( QUESTION0_15_R 1 -2.450e+04 2.291e+02 1.074e+02
s>        ( QUESTION0_19_R 1 -1.349e+04 1.474e+02 5.948e+01
s>            ( - -9.400e+03 1 0)
s>            ( - -3.946e+03 1 0))
s>        ( SILENCE 1 -1.078e+04 1.918e+02 4.794e+01
s>            ( - -4.925e+03 1 0)
s>            ( QUESTION0_2_R 1 -5.658e+03 1.383e+02 2.603e+01
s>                ( - -2.550e+03 1 0)
s>                ( - -2.970e+03 1 0))))INFO: dtree.c(1315): Comp split 20
INFO: dtree.c(1439): stop. leaf nodes are specific
INFO: dtree.c(1478): Final simple tree
|( QUESTION0_17_R 1 -1.815e+04 2.202e+02 8.451e+01
|    ( - -5.325e+03 2 0)
|    ( - -1.260e+04 3 0))
s>    ( QUESTION0_17_R 1 -1.815e+04 2.202e+02 8.451e+01
s>        ( - -5.325e+03 2 0)
s>        ( - -1.260e+04 3 0))INFO: dtree.c(1315): Comp split 21
INFO: dtree.c(1439): stop. leaf nodes are specific
INFO: dtree.c(1478): Final simple tree
|( QUESTION2 -1 -5.743e+03 1.790e+02 2.885e+01
|    ( - -1.403e+03 1 0)
|    ( - -4.161e+03 2 0))
s>    ( QUESTION2 -1 -5.743e+03 1.790e+02 2.885e+01
s>        ( - -1.403e+03 1 0)
s>        ( - -4.161e+03 2 0))INFO: dtree.c(1439): stop. leaf nodes are specific
INFO: dtree.c(1478): Final simple tree
|( QUESTION2 -1 -1.169e+04 2.065e+02 5.598e+01
|    ( WDBNDRY_B 0 -7.341e+03 1.831e+02 3.498e+01
|        ( QUESTION5 -1 -6.855e+03 1.054e+02 3.298e+01
|            ( - -3.920e+02 1 0)
|            ( - -6.357e+03 2 0))
|        ( - -3.028e+02 1 0))
|    ( QUESTION0_0_R 1 -4.139e+03 1.473e+02 2.100e+01
|        ( - -2.518e+03 1 0)
|        ( - -1.474e+03 1 0)))
s>    ( QUESTION2 -1 -1.169e+04 2.065e+02 5.598e+01
s>        ( WDBNDRY_B 0 -7.341e+03 1.831e+02 3.498e+01
s>            ( QUESTION5 -1 -6.855e+03 1.054e+02 3.298e+01
s>                ( - -3.920e+02 1 0)
s>                ( - -6.357e+03 2 0))
s>            ( - -3.028e+02 1 0))
s>        ( QUESTION0_0_R 1 -4.139e+03 1.473e+02 2.100e+01
s>            ( - -2.518e+03 1 0)
s>            ( - -1.474e+03 1 0)))INFO: dtree.c(1315): Comp split 22
INFO: dtree.c(1439): stop. leaf nodes are specific
INFO: dtree.c(1478): Final simple tree
|( SILENCE 1 -1.078e+04 1.918e+02 4.794e+01
|    ( - -4.925e+03 1 0)
|    ( QUESTION0_2_R 1 -5.658e+03 1.383e+02 2.603e+01
|        ( - -2.550e+03 1 0)
|        ( - -2.970e+03 1 0)))
s>    ( SILENCE 1 -1.078e+04 1.918e+02 4.794e+01
s>        ( - -4.925e+03 1 0)
s>        ( QUESTION0_2_R 1 -5.658e+03 1.383e+02 2.603e+01
s>            ( - -2.550e+03 1 0)
s>            ( - -2.970e+03 1 0)))INFO: dtree.c(1439): stop. leaf nodes are specific
INFO: dtree.c(1478): Final simple tree
|( QUESTION0_19_R 1 -1.349e+04 1.474e+02 5.948e+01
|    ( - -9.400e+03 1 0)
|    ( - -3.946e+03 1 0))
s>    ( QUESTION0_19_R 1 -1.349e+04 1.474e+02 5.948e+01
s>        ( - -9.400e+03 1 0)
s>        ( - -3.946e+03 1 0))INFO: dtree.c(1315): Comp split 23
INFO: dtree.c(1315): Comp split 24
INFO: dtree.c(1439): stop. leaf nodes are specific
INFO: dtree.c(1478): Final simple tree
|( QUESTION2_1_L -1 -1.136e+04 1.633e+02 5.099e+01
|    ( QUESTION2 -1 -7.167e+03 1.392e+02 3.300e+01
|        ( - -2.098e+03 3 0)
|        ( - -4.930e+03 5 0))
|    ( SILENCE -1 -4.030e+03 1.243e+02 1.800e+01
|        ( - -2.651e+03 3 0)
|        ( - -1.255e+03 3 0)))
s>    ( QUESTION2_1_L -1 -1.136e+04 1.633e+02 5.099e+01
s>        ( QUESTION2 -1 -7.167e+03 1.392e+02 3.300e+01
s>            ( - -2.098e+03 3 0)
s>            ( - -4.930e+03 5 0))
s>        ( SILENCE -1 -4.030e+03 1.243e+02 1.800e+01
s>            ( - -2.651e+03 3 0)
s>            ( - -1.255e+03 3 0)))INFO: dtree.c(1439): stop. leaf nodes are specific
INFO: dtree.c(1478): Final simple tree
|( QUESTION19 -1 -4.951e+03 9.598e+01 2.499e+01
|    ( - -2.083e+03 2 0)
|    ( - -2.772e+03 1 0))
s>    ( QUESTION19 -1 -4.951e+03 9.598e+01 2.499e+01
s>        ( - -2.083e+03 2 0)
s>        ( - -2.772e+03 1 0))INFO: dtree.c(1315): Comp split 25
INFO: dtree.c(1439): stop. leaf nodes are specific
INFO: dtree.c(1478): Final simple tree
|( WDBNDRY_B 0 -7.341e+03 1.831e+02 3.498e+01
|    ( QUESTION5 -1 -6.855e+03 1.054e+02 3.298e+01
|        ( - -3.920e+02 1 0)
|        ( - -6.357e+03 2 0))
|    ( - -3.028e+02 1 0))
s>    ( WDBNDRY_B 0 -7.341e+03 1.831e+02 3.498e+01
s>        ( QUESTION5 -1 -6.855e+03 1.054e+02 3.298e+01
s>            ( - -3.920e+02 1 0)
s>            ( - -6.357e+03 2 0))
s>        ( - -3.028e+02 1 0))INFO: dtree.c(1439): stop. leaf nodes are specific
INFO: dtree.c(1478): Final simple tree
|( QUESTION0_0_R 1 -4.139e+03 1.473e+02 2.100e+01
|    ( - -2.518e+03 1 0)
|    ( - -1.474e+03 1 0))
s>    ( QUESTION0_0_R 1 -4.139e+03 1.473e+02 2.100e+01
s>        ( - -2.518e+03 1 0)
s>        ( - -1.474e+03 1 0))INFO: dtree.c(1315): Comp split 26
INFO: dtree.c(1315): Comp split 27
INFO: dtree.c(1439): stop. leaf nodes are specific
INFO: dtree.c(1478): Final simple tree
|( QUESTION0_2_R 1 -5.658e+03 1.383e+02 2.603e+01
|    ( - -2.550e+03 1 0)
|    ( - -2.970e+03 1 0))
s>    ( QUESTION0_2_R 1 -5.658e+03 1.383e+02 2.603e+01
s>        ( - -2.550e+03 1 0)
s>        ( - -2.970e+03 1 0))INFO: dtree.c(1315): Comp split 28
INFO: dtree.c(1439): stop. leaf nodes are specific
INFO: dtree.c(1478): Final simple tree
|( WDBNDRY_B 0 -5.830e+04 1.699e+02 2.656e+02
|    ( - -1.132e+03 1 0)
|    ( - -5.699e+04 7 0))
s>    ( WDBNDRY_B 0 -5.830e+04 1.699e+02 2.656e+02
s>        ( - -1.132e+03 1 0)
s>        ( - -5.699e+04 7 0))INFO: dtree.c(1315): Comp split 29
INFO: dtree.c(1315): Comp split 30
INFO: dtree.c(1439): stop. leaf nodes are specific
INFO: dtree.c(1478): Final simple tree
|( QUESTION5 -1 -6.855e+03 1.054e+02 3.298e+01
|    ( - -3.920e+02 1 0)
|    ( - -6.357e+03 2 0))
s>    ( QUESTION5 -1 -6.855e+03 1.054e+02 3.298e+01
s>        ( - -3.920e+02 1 0)
s>        ( - -6.357e+03 2 0))INFO: dtree.c(1315): Comp split 31
INFO: dtree.c(1315): Comp split 32
INFO: dtree.c(1439): stop. leaf nodes are specific
INFO: dtree.c(1478): Final simple tree
|( QUESTION2_19_L -1 -7.506e+03 1.587e+02 3.594e+01
|    ( - -3.255e+03 1 0)
|    ( QUESTION2 -1 -4.093e+03 1.486e+02 2.000e+01
|        ( - -4.921e+02 1 0)
|        ( - -3.452e+03 2 0)))
s>    ( QUESTION2_19_L -1 -7.506e+03 1.587e+02 3.594e+01
s>        ( - -3.255e+03 1 0)
s>        ( QUESTION2 -1 -4.093e+03 1.486e+02 2.000e+01
s>            ( - -4.921e+02 1 0)
s>            ( - -3.452e+03 2 0)))INFO: dtree.c(1315): Comp split 33
INFO: dtree.c(1315): Comp split 34
INFO: dtree.c(1315): Comp split 35
INFO: dtree.c(1315): Comp split 36
INFO: dtree.c(1439): stop. leaf nodes are specific
INFO: dtree.c(1478): Final simple tree
|( QUESTION2 -1 -9.307e+03 1.286e+02 4.327e+01
|    ( - -2.068e+03 2 0)
|    ( - -7.110e+03 3 0))
s>    ( QUESTION2 -1 -9.307e+03 1.286e+02 4.327e+01
s>        ( - -2.068e+03 2 0)
s>        ( - -7.110e+03 3 0))INFO: dtree.c(1439): stop. leaf nodes are specific
INFO: dtree.c(1478): Final simple tree
|( QUESTION0_0_R 1 -1.391e+05 1.573e+02 6.420e+02
|    ( QUESTION0 -1 -1.368e+05 1.513e+02 6.310e+02
|        ( - -1.358e+05 9 0)
|        ( - -8.845e+02 1 0))
|    ( - -2.165e+03 2 0))
s>    ( QUESTION0_0_R 1 -1.391e+05 1.573e+02 6.420e+02
s>        ( QUESTION0 -1 -1.368e+05 1.513e+02 6.310e+02
s>            ( - -1.358e+05 9 0)
s>            ( - -8.845e+02 1 0))
s>        ( - -2.165e+03 2 0))INFO: dtree.c(1315): Comp split 37
INFO: dtree.c(1439): stop. leaf nodes are specific
INFO: dtree.c(1478): Final simple tree
|( QUESTION19 1 -3.750e+04 1.376e+02 1.726e+02
|    ( - -3.404e+04 3 0)
|    ( - -3.325e+03 1 0))
s>    ( QUESTION19 1 -3.750e+04 1.376e+02 1.726e+02
s>        ( - -3.404e+04 3 0)
s>        ( - -3.325e+03 1 0))INFO: dtree.c(1315): Comp split 38
INFO: dtree.c(1439): stop. leaf nodes are specific
INFO: dtree.c(1478): Final simple tree
|( SILENCE -1 -4.030e+03 1.243e+02 1.800e+01
|    ( - -2.651e+03 3 0)
|    ( - -1.255e+03 3 0))
s>    ( SILENCE -1 -4.030e+03 1.243e+02 1.800e+01
s>        ( - -2.651e+03 3 0)
s>        ( - -1.255e+03 3 0))INFO: dtree.c(1439): stop. leaf nodes are specific
INFO: dtree.c(1478): Final simple tree
|( QUESTION2 -1 -7.167e+03 1.392e+02 3.300e+01
|    ( - -2.098e+03 3 0)
|    ( - -4.930e+03 5 0))
s>    ( QUESTION2 -1 -7.167e+03 1.392e+02 3.300e+01
s>        ( - -2.098e+03 3 0)
s>        ( - -4.930e+03 5 0))INFO: dtree.c(1315): Comp split 39
INFO: dtree.c(1439): stop. leaf nodes are specific
INFO: dtree.c(1478): Final simple tree
|( QUESTION2 -1 -4.093e+03 1.486e+02 2.000e+01
|    ( - -4.921e+02 1 0)
|    ( - -3.452e+03 2 0))
s>    ( QUESTION2 -1 -4.093e+03 1.486e+02 2.000e+01
s>        ( - -4.921e+02 1 0)
s>        ( - -3.452e+03 2 0))INFO: dtree.c(1315): Comp split 40
INFO: dtree.c(1439): stop. leaf nodes are specific
INFO: dtree.c(1478): Final simple tree
|( QUESTION0 -1 -1.368e+05 1.513e+02 6.310e+02
|    ( - -1.358e+05 9 0)
|    ( - -8.845e+02 1 0))
s>    ( QUESTION0 -1 -1.368e+05 1.513e+02 6.310e+02
s>        ( - -1.358e+05 9 0)
s>        ( - -8.845e+02 1 0))INFO: dtree.c(1315): Comp split 41
INFO: dtree.c(1315): Comp split 42
INFO: dtree.c(1315): Comp split 43
INFO: dtree.c(1315): Comp split 44
INFO: dtree.c(1315): Comp split 45
INFO: dtree.c(1315): Comp split 46
INFO: dtree.c(1315): Comp split 47
INFO: dtree.c(1315): Comp split 48
INFO: dtree.c(1315): Comp split 49
INFO: dtree.c(1315): Comp split 50
INFO: dtree.c(1315): Comp split 51
INFO: dtree.c(1439): stop. leaf nodes are specific
INFO: dtree.c(1478): Final simple tree
|( QUESTION0_0_R 1 -1.638e+04 1.001e+02 7.476e+01
|    ( - -1.504e+04 2 0)
|    ( - -1.235e+03 2 0))
s>    ( QUESTION0_0_R 1 -1.638e+04 1.001e+02 7.476e+01
s>        ( - -1.504e+04 2 0)
s>        ( - -1.235e+03 2 0))INFO: dtree.c(1315): Comp split 52
INFO: dtree.c(1315): Comp split 53
INFO: dtree.c(1315): Comp split 54
INFO: dtree.c(1315): Comp split 55
INFO: dtree.c(1318): stop. leaf nodes are specific
Wed Mar 22 13:37:02 2023
