Current configuration:
[NAME]		[DEFLT]	[VALUE]
-allphones	no	no
-cntthresh	0.00001	1.000000e-05
-csplitmax	100	2000
-csplitmin	1	1
-csplitthr	8e-4	0.000000e+00
-example	no	no
-fullvar	no	no
-help		no	no
-meanfn			/home/lucija/Documents/Zadnji semestar/ROGJ/Prezentacije/CMUspinx/tutorial7/model_parameters/my_db.cd_cont_untied/means
-mixwfn			/home/lucija/Documents/Zadnji semestar/ROGJ/Prezentacije/CMUspinx/tutorial7/model_parameters/my_db.cd_cont_untied/mixture_weights
-moddeffn		/home/lucija/Documents/Zadnji semestar/ROGJ/Prezentacije/CMUspinx/tutorial7/model_architecture/my_db.untied.mdef
-mwfloor	1e-4	1.000000e-08
-phone			r
-psetfn			/home/lucija/Documents/Zadnji semestar/ROGJ/Prezentacije/CMUspinx/tutorial7/model_architecture/my_db.tree_questions
-ssplitmax	5	7
-ssplitmin	1	1
-ssplitthr	8e-4	0.000000e+00
-state			1
-stwt			1.0,0.05,0.0,
-treefn			/home/lucija/Documents/Zadnji semestar/ROGJ/Prezentacije/CMUspinx/tutorial7/trees/my_db.unpruned/r-1.dtree
-ts2cbfn	.semi.	.cont.
-varfloor	0.00001	1.000000e-05
-varfn			/home/lucija/Documents/Zadnji semestar/ROGJ/Prezentacije/CMUspinx/tutorial7/model_parameters/my_db.cd_cont_untied/variances

INFO: main.c(223): Reading: /home/lucija/Documents/Zadnji semestar/ROGJ/Prezentacije/CMUspinx/tutorial7/model_architecture/my_db.untied.mdef
INFO: model_def_io.c(573): Model definition info:
INFO: model_def_io.c(574): 10762 total models defined (32 base, 10730 tri)
INFO: model_def_io.c(575): 43048 total states
INFO: model_def_io.c(576): 32286 total tied states
INFO: model_def_io.c(577): 96 total tied CI states
INFO: model_def_io.c(578): 32 total tied transition matrices
INFO: model_def_io.c(579): 4 max state/model
INFO: model_def_io.c(580): 4 min state/model
INFO: main.c(242): Building trees for [r NOISE a b] through [r ž t i]
INFO: main.c(268): Covering states |[22095 23111]| == 1017
INFO: main.c(275): Reading: /home/lucija/Documents/Zadnji semestar/ROGJ/Prezentacije/CMUspinx/tutorial7/model_parameters/my_db.cd_cont_untied/mixture_weights
INFO: s3mixw_io.c(172): Read /home/lucija/Documents/Zadnji semestar/ROGJ/Prezentacije/CMUspinx/tutorial7/model_parameters/my_db.cd_cont_untied/mixture_weights [1017x1x1 array]
INFO: main.c(311): 339 of 339 models have observation count greater than 0.000010
INFO: main.c(95): nrm stwt: 0.045 0.909 0.045 
INFO: s3gau_io.c(168): Read /home/lucija/Documents/Zadnji semestar/ROGJ/Prezentacije/CMUspinx/tutorial7/model_parameters/my_db.cd_cont_untied/means [32286x1x1 array]
INFO: s3gau_io.c(168): Read /home/lucija/Documents/Zadnji semestar/ROGJ/Prezentacije/CMUspinx/tutorial7/model_parameters/my_db.cd_cont_untied/variances [32286x1x1 array]
INFO: main.c(549): Reading: /home/lucija/Documents/Zadnji semestar/ROGJ/Prezentacije/CMUspinx/tutorial7/model_architecture/my_db.tree_questions
INFO: main.c(587): 180 total simple questions (172 phone; 8 word bndry)
INFO: main.c(589): 42 Left Only questions, and 42 Right Only questions
INFO: dtree.c(1478): Final simple tree
|( QUESTION0 -1 -1.156e+07 3.389e+04 5.188e+04
|    ( QUESTION0_0_R 1 -4.362e+06 2.646e+04 1.927e+04
|        ( - -3.337e+06 81 0 WDBNDRY_I 0 2.611e+03 1.487e+04)
|        ( QUESTION0_2_R 1 -9.980e+05 9.807e+03 4.399e+03
|            ( - -2.886e+05 27 0 WDBNDRY_E 0 3.194e+03 1.269e+03)
|            ( - -6.996e+05 77 0 WDBNDRY_E 0 4.794e+03 3.130e+03)))
|    ( QUESTION16 -1 -7.164e+06 1.573e+04 3.261e+04
|        ( - -2.180e+06 32 0 QUESTION0_0_R 1 8.002e+03 1.007e+04)
|        ( QUESTION0 1 -4.968e+06 1.105e+04 2.255e+04
|            ( QUESTION14 -1 -4.264e+06 1.222e+04 1.937e+04
|                ( - -5.768e+05 20 0 WDBNDRY_B 0 1.236e+03 2.711e+03)
|                ( QUESTION2_17_L -1 -3.675e+06 1.279e+04 1.666e+04
|                    ( - -1.321e+06 5 0)
|                    ( - -2.341e+06 53 0 QUESTION19 -1 3.991e+03 1.061e+04)))
|            ( - -6.932e+05 44 0 QUESTION0_18_R 1 4.316e+03 3.172e+03))))
s>    ( QUESTION0 -1 -1.156e+07 3.389e+04 5.188e+04
s>        ( QUESTION0_0_R 1 -4.362e+06 2.646e+04 1.927e+04
s>            ( - -3.337e+06 81 0 WDBNDRY_I 0 2.611e+03 1.487e+04)
s>            ( QUESTION0_2_R 1 -9.980e+05 9.807e+03 4.399e+03
s>                ( - -2.886e+05 27 0 WDBNDRY_E 0 3.194e+03 1.269e+03)
s>                ( - -6.996e+05 77 0 WDBNDRY_E 0 4.794e+03 3.130e+03)))
s>        ( QUESTION16 -1 -7.164e+06 1.573e+04 3.261e+04
s>            ( - -2.180e+06 32 0 QUESTION0_0_R 1 8.002e+03 1.007e+04)
s>            ( QUESTION0 1 -4.968e+06 1.105e+04 2.255e+04
s>                ( QUESTION14 -1 -4.264e+06 1.222e+04 1.937e+04
s>                    ( - -5.768e+05 20 0 WDBNDRY_B 0 1.236e+03 2.711e+03)
s>                    ( QUESTION2_17_L -1 -3.675e+06 1.279e+04 1.666e+04
s>                        ( - -1.321e+06 5 0)
s>                        ( - -2.341e+06 53 0 QUESTION19 -1 3.991e+03 1.061e+04)))
s>                ( - -6.932e+05 44 0 QUESTION0_18_R 1 4.316e+03 3.172e+03))))INFO: dtree.c(1315): Comp split 0
INFO: dtree.c(1478): Final simple tree
|( QUESTION0 -1 -5.263e+06 1.847e+04 2.363e+04
|    ( WDBNDRY_I 0 -3.337e+06 2.611e+03 1.487e+04
|        ( QUESTION0 1 -3.020e+06 1.096e+03 1.348e+04
|            ( - -3.003e+06 29 0 QUESTION2_0_L -1 1.607e+02 1.341e+04)
|            ( - -1.525e+04 2 0))
|        ( WDBNDRY_B 0 -3.152e+05 1.390e+03 1.390e+03
|            ( - -1.941e+05 27 0 QUESTION2_0_L -1 1.500e+02 8.630e+02)
|            ( QUESTION0 1 -1.197e+05 2.423e+02 5.266e+02
|                ( - -1.122e+05 17 0)
|                ( - -7.332e+03 6 0))))
|    ( QUESTION14 -1 -1.907e+06 8.605e+03 8.768e+03
|        ( WDBNDRY_B 0 -5.768e+05 1.236e+03 2.711e+03
|            ( - -4.366e+04 12 0)
|            ( - -5.319e+05 8 0))
|        ( - -1.321e+06 5 0)))
s>    ( QUESTION0 -1 -5.263e+06 1.847e+04 2.363e+04
s>        ( WDBNDRY_I 0 -3.337e+06 2.611e+03 1.487e+04
s>            ( QUESTION0 1 -3.020e+06 1.096e+03 1.348e+04
s>                ( - -3.003e+06 29 0 QUESTION2_0_L -1 1.607e+02 1.341e+04)
s>                ( - -1.525e+04 2 0))
s>            ( WDBNDRY_B 0 -3.152e+05 1.390e+03 1.390e+03
s>                ( - -1.941e+05 27 0 QUESTION2_0_L -1 1.500e+02 8.630e+02)
s>                ( QUESTION0 1 -1.197e+05 2.423e+02 5.266e+02
s>                    ( - -1.122e+05 17 0)
s>                    ( - -7.332e+03 6 0))))
s>        ( QUESTION14 -1 -1.907e+06 8.605e+03 8.768e+03
s>            ( WDBNDRY_B 0 -5.768e+05 1.236e+03 2.711e+03
s>                ( - -4.366e+04 12 0)
s>                ( - -5.319e+05 8 0))
s>            ( - -1.321e+06 5 0)))INFO: dtree.c(1478): Final simple tree
|( QUESTION2_6_L -1 -6.262e+06 2.774e+04 2.824e+04
|    ( QUESTION0_0_R 1 -5.070e+06 1.440e+04 2.312e+04
|        ( QUESTION16 -1 -4.090e+06 1.081e+04 1.868e+04
|            ( QUESTION17 -1 -1.770e+06 5.962e+03 8.218e+03
|                ( - -2.334e+05 14 0 WDBNDRY_B 0 2.351e+02 1.076e+03)
|                ( - -1.531e+06 8 0 WDBNDRY_B 0 1.369e+02 7.142e+03))
|            ( - -2.309e+06 44 0 QUESTION19 -1 4.075e+03 1.047e+04))
|        ( QUESTION0_18_R 1 -9.658e+05 5.983e+03 4.430e+03
|            ( - -3.341e+05 5 0 QUESTION2_17_L -1 2.089e+03 1.578e+03)
|            ( - -6.257e+05 33 0 QUESTION0_5_R 1 3.717e+03 2.853e+03)))
|    ( QUESTION0_16_R 1 -1.164e+06 9.247e+03 5.129e+03
|        ( - -4.807e+05 26 0 WDBNDRY_E 0 2.289e+03 2.179e+03)
|        ( QUESTION11 1 -6.742e+05 5.375e+03 2.949e+03
|            ( - -2.577e+05 13 0 WDBNDRY_E 0 2.906e+03 1.135e+03)
|            ( - -4.111e+05 90 0 QUESTION13 -1 2.462e+03 1.814e+03))))
s>    ( QUESTION2_6_L -1 -6.262e+06 2.774e+04 2.824e+04
s>        ( QUESTION0_0_R 1 -5.070e+06 1.440e+04 2.312e+04
s>            ( QUESTION16 -1 -4.090e+06 1.081e+04 1.868e+04
s>                ( QUESTION17 -1 -1.770e+06 5.962e+03 8.218e+03
s>                    ( - -2.334e+05 14 0 WDBNDRY_B 0 2.351e+02 1.076e+03)
s>                    ( - -1.531e+06 8 0 WDBNDRY_B 0 1.369e+02 7.142e+03))
s>                ( - -2.309e+06 44 0 QUESTION19 -1 4.075e+03 1.047e+04))
s>            ( QUESTION0_18_R 1 -9.658e+05 5.983e+03 4.430e+03
s>                ( - -3.341e+05 5 0 QUESTION2_17_L -1 2.089e+03 1.578e+03)
s>                ( - -6.257e+05 33 0 QUESTION0_5_R 1 3.717e+03 2.853e+03)))
s>        ( QUESTION0_16_R 1 -1.164e+06 9.247e+03 5.129e+03
s>            ( - -4.807e+05 26 0 WDBNDRY_E 0 2.289e+03 2.179e+03)
s>            ( QUESTION11 1 -6.742e+05 5.375e+03 2.949e+03
s>                ( - -2.577e+05 13 0 WDBNDRY_E 0 2.906e+03 1.135e+03)
s>                ( - -4.111e+05 90 0 QUESTION13 -1 2.462e+03 1.814e+03))))INFO: dtree.c(1315): Comp split 1
INFO: dtree.c(1478): Final simple tree
|( QUESTION0 -1 -1.801e+06 1.178e+04 7.981e+03
|    ( QUESTION0_2_R 1 -9.980e+05 9.807e+03 4.399e+03
|        ( WDBNDRY_E 0 -2.886e+05 3.194e+03 1.269e+03
|            ( - -1.160e+05 14 0 QUESTION0_3_R 1 5.000e+02 5.179e+02)
|            ( - -1.694e+05 13 0 QUESTION0_7_R 1 4.497e+02 7.512e+02))
|        ( WDBNDRY_E 0 -6.996e+05 4.794e+03 3.130e+03
|            ( - -2.407e+05 36 0 QUESTION13 1 9.057e+02 1.087e+03)
|            ( - -4.541e+05 41 0 QUESTION0_16_R 1 1.442e+03 2.043e+03)))
|    ( QUESTION0_5_R 1 -7.916e+05 3.959e+03 3.582e+03
|        ( - -1.673e+05 5 0 QUESTION16 -1 6.560e+02 7.730e+02)
|        ( QUESTION0_16_R 1 -6.203e+05 3.471e+03 2.809e+03
|            ( QUESTION17 -1 -3.101e+05 1.768e+03 1.426e+03
|                ( - -2.230e+05 2 0)
|                ( - -8.527e+04 4 0 QUESTION16 -1 4.619e+02 3.881e+02))
|            ( - -3.068e+05 47 0 QUESTION14 1 1.706e+03 1.382e+03))))
s>    ( QUESTION0 -1 -1.801e+06 1.178e+04 7.981e+03
s>        ( QUESTION0_2_R 1 -9.980e+05 9.807e+03 4.399e+03
s>            ( WDBNDRY_E 0 -2.886e+05 3.194e+03 1.269e+03
s>                ( - -1.160e+05 14 0 QUESTION0_3_R 1 5.000e+02 5.179e+02)
s>                ( - -1.694e+05 13 0 QUESTION0_7_R 1 4.497e+02 7.512e+02))
s>            ( WDBNDRY_E 0 -6.996e+05 4.794e+03 3.130e+03
s>                ( - -2.407e+05 36 0 QUESTION13 1 9.057e+02 1.087e+03)
s>                ( - -4.541e+05 41 0 QUESTION0_16_R 1 1.442e+03 2.043e+03)))
s>        ( QUESTION0_5_R 1 -7.916e+05 3.959e+03 3.582e+03
s>            ( - -1.673e+05 5 0 QUESTION16 -1 6.560e+02 7.730e+02)
s>            ( QUESTION0_16_R 1 -6.203e+05 3.471e+03 2.809e+03
s>                ( QUESTION17 -1 -3.101e+05 1.768e+03 1.426e+03
s>                    ( - -2.230e+05 2 0)
s>                    ( - -8.527e+04 4 0 QUESTION16 -1 4.619e+02 3.881e+02))
s>                ( - -3.068e+05 47 0 QUESTION14 1 1.706e+03 1.382e+03))))INFO: dtree.c(1478): Final simple tree
|( QUESTION16 -1 -4.432e+06 1.044e+04 2.026e+04
|    ( QUESTION17 -1 -1.782e+06 5.948e+03 8.271e+03
|        ( - -2.334e+05 14 0 WDBNDRY_B 0 2.351e+02 1.076e+03)
|        ( - -1.542e+06 9 0 QUESTION0_0_R 1 3.485e+02 7.195e+03))
|    ( QUESTION0 1 -2.640e+06 8.079e+03 1.199e+04
|        ( QUESTION19 -1 -2.309e+06 4.075e+03 1.047e+04
|            ( - -1.511e+06 8 0 WDBNDRY_B 0 1.445e+02 6.880e+03)
|            ( QUESTION11 -1 -7.941e+05 3.004e+03 3.586e+03
|                ( - -2.941e+05 8 0 QUESTION2_15_L -1 4.471e+02 1.344e+03)
|                ( QUESTION2 -1 -4.970e+05 1.348e+03 2.242e+03
|                    ( - -1.351e+05 15 0 QUESTION2_14_L -1 1.205e+03 6.096e+02)
|                    ( - -3.606e+05 12 0 WDBNDRY_B 0 3.030e+02 1.633e+03))))
|        ( QUESTION19 -1 -3.229e+05 2.089e+03 1.526e+03
|            ( - -1.984e+05 2 0 QUESTION0_0_R 1 4.753e+02 9.441e+02)
|            ( - -1.224e+05 3 0 QUESTION2 -1 1.709e+02 5.818e+02))))
s>    ( QUESTION16 -1 -4.432e+06 1.044e+04 2.026e+04
s>        ( QUESTION17 -1 -1.782e+06 5.948e+03 8.271e+03
s>            ( - -2.334e+05 14 0 WDBNDRY_B 0 2.351e+02 1.076e+03)
s>            ( - -1.542e+06 9 0 QUESTION0_0_R 1 3.485e+02 7.195e+03))
s>        ( QUESTION0 1 -2.640e+06 8.079e+03 1.199e+04
s>            ( QUESTION19 -1 -2.309e+06 4.075e+03 1.047e+04
s>                ( - -1.511e+06 8 0 WDBNDRY_B 0 1.445e+02 6.880e+03)
s>                ( QUESTION11 -1 -7.941e+05 3.004e+03 3.586e+03
s>                    ( - -2.941e+05 8 0 QUESTION2_15_L -1 4.471e+02 1.344e+03)
s>                    ( QUESTION2 -1 -4.970e+05 1.348e+03 2.242e+03
s>                        ( - -1.351e+05 15 0 QUESTION2_14_L -1 1.205e+03 6.096e+02)
s>                        ( - -3.606e+05 12 0 WDBNDRY_B 0 3.030e+02 1.633e+03))))
s>            ( QUESTION19 -1 -3.229e+05 2.089e+03 1.526e+03
s>                ( - -1.984e+05 2 0 QUESTION0_0_R 1 4.753e+02 9.441e+02)
s>                ( - -1.224e+05 3 0 QUESTION2 -1 1.709e+02 5.818e+02))))INFO: dtree.c(1315): Comp split 2
INFO: dtree.c(1478): Final simple tree
|( WDBNDRY_I 0 -3.382e+06 2.736e+03 1.507e+04
|    ( QUESTION0 1 -3.020e+06 1.096e+03 1.348e+04
|        ( QUESTION2_0_L -1 -3.003e+06 1.607e+02 1.341e+04
|            ( - -3.001e+06 28 0)
|            ( - -1.619e+03 1 0))
|        ( - -1.525e+04 2 0))
|    ( WDBNDRY_B 0 -3.593e+05 1.485e+03 1.589e+03
|        ( QUESTION2_0_L -1 -2.381e+05 3.332e+02 1.062e+03
|            ( - -1.913e+05 25 0)
|            ( QUESTION0 -1 -4.653e+04 1.474e+02 2.111e+02
|                ( - -2.726e+03 2 0)
|                ( - -4.366e+04 12 0)))
|        ( QUESTION0 1 -1.197e+05 2.423e+02 5.266e+02
|            ( - -1.122e+05 17 0)
|            ( - -7.332e+03 6 0))))
s>    ( WDBNDRY_I 0 -3.382e+06 2.736e+03 1.507e+04
s>        ( QUESTION0 1 -3.020e+06 1.096e+03 1.348e+04
s>            ( QUESTION2_0_L -1 -3.003e+06 1.607e+02 1.341e+04
s>                ( - -3.001e+06 28 0)
s>                ( - -1.619e+03 1 0))
s>            ( - -1.525e+04 2 0))
s>        ( WDBNDRY_B 0 -3.593e+05 1.485e+03 1.589e+03
s>            ( QUESTION2_0_L -1 -2.381e+05 3.332e+02 1.062e+03
s>                ( - -1.913e+05 25 0)
s>                ( QUESTION0 -1 -4.653e+04 1.474e+02 2.111e+02
s>                    ( - -2.726e+03 2 0)
s>                    ( - -4.366e+04 12 0)))
s>            ( QUESTION0 1 -1.197e+05 2.423e+02 5.266e+02
s>                ( - -1.122e+05 17 0)
s>                ( - -7.332e+03 6 0))))INFO: dtree.c(1439): stop. leaf nodes are specific
INFO: dtree.c(1478): Final simple tree
|( QUESTION14 -1 -1.862e+06 8.969e+03 8.569e+03
|    ( - -5.319e+05 8 0)
|    ( - -1.321e+06 5 0))
s>    ( QUESTION14 -1 -1.862e+06 8.969e+03 8.569e+03
s>        ( - -5.319e+05 8 0)
s>        ( - -1.321e+06 5 0))INFO: dtree.c(1315): Comp split 3
INFO: dtree.c(1439): stop. leaf nodes are specific
INFO: dtree.c(1478): Final simple tree
|( QUESTION0_0_R 1 -1.542e+06 3.485e+02 7.195e+03
|    ( WDBNDRY_B 0 -1.531e+06 1.369e+02 7.142e+03
|        ( - -4.757e+03 3 0)
|        ( - -1.526e+06 5 0))
|    ( - -1.110e+04 1 0))
s>    ( QUESTION0_0_R 1 -1.542e+06 3.485e+02 7.195e+03
s>        ( WDBNDRY_B 0 -1.531e+06 1.369e+02 7.142e+03
s>            ( - -4.757e+03 3 0)
s>            ( - -1.526e+06 5 0))
s>        ( - -1.110e+04 1 0))INFO: dtree.c(1478): Final simple tree
|( QUESTION0 1 -2.877e+06 7.452e+03 1.307e+04
|    ( QUESTION19 -1 -2.547e+06 4.644e+03 1.154e+04
|        ( - -1.511e+06 8 0 WDBNDRY_B 0 1.445e+02 6.880e+03)
|        ( QUESTION11 -1 -1.032e+06 4.068e+03 4.662e+03
|            ( - -2.941e+05 8 0 QUESTION2_15_L -1 4.471e+02 1.344e+03)
|            ( QUESTION16 -1 -7.333e+05 2.961e+03 3.318e+03
|                ( - -2.334e+05 14 0 WDBNDRY_B 0 2.351e+02 1.076e+03)
|                ( QUESTION2 -1 -4.970e+05 1.348e+03 2.242e+03
|                    ( QUESTION2_14_L -1 -1.351e+05 1.205e+03 6.096e+02
|                        ( - -3.559e+04 4 0)
|                        ( - -9.831e+04 11 0 QUESTION5 -1 4.049e+02 4.490e+02))
|                    ( - -3.606e+05 12 0 WDBNDRY_B 0 3.030e+02 1.633e+03)))))
|    ( QUESTION19 -1 -3.229e+05 2.089e+03 1.526e+03
|        ( - -1.984e+05 2 0 QUESTION0_0_R 1 4.753e+02 9.441e+02)
|        ( - -1.224e+05 3 0 QUESTION2 -1 1.709e+02 5.818e+02)))
s>    ( QUESTION0 1 -2.877e+06 7.452e+03 1.307e+04
s>        ( QUESTION19 -1 -2.547e+06 4.644e+03 1.154e+04
s>            ( - -1.511e+06 8 0 WDBNDRY_B 0 1.445e+02 6.880e+03)
s>            ( QUESTION11 -1 -1.032e+06 4.068e+03 4.662e+03
s>                ( - -2.941e+05 8 0 QUESTION2_15_L -1 4.471e+02 1.344e+03)
s>                ( QUESTION16 -1 -7.333e+05 2.961e+03 3.318e+03
s>                    ( - -2.334e+05 14 0 WDBNDRY_B 0 2.351e+02 1.076e+03)
s>                    ( QUESTION2 -1 -4.970e+05 1.348e+03 2.242e+03
s>                        ( QUESTION2_14_L -1 -1.351e+05 1.205e+03 6.096e+02
s>                            ( - -3.559e+04 4 0)
s>                            ( - -9.831e+04 11 0 QUESTION5 -1 4.049e+02 4.490e+02))
s>                        ( - -3.606e+05 12 0 WDBNDRY_B 0 3.030e+02 1.633e+03)))))
s>        ( QUESTION19 -1 -3.229e+05 2.089e+03 1.526e+03
s>            ( - -1.984e+05 2 0 QUESTION0_0_R 1 4.753e+02 9.441e+02)
s>            ( - -1.224e+05 3 0 QUESTION2 -1 1.709e+02 5.818e+02)))INFO: dtree.c(1315): Comp split 4
INFO: dtree.c(1478): Final simple tree
|( QUESTION0 -1 -9.702e+05 9.198e+03 4.333e+03
|    ( - -1.694e+05 13 0 QUESTION0_7_R 1 4.497e+02 7.512e+02)
|    ( QUESTION0_5_R 1 -7.916e+05 3.959e+03 3.582e+03
|        ( - -1.673e+05 5 0 QUESTION16 -1 6.560e+02 7.730e+02)
|        ( QUESTION0_16_R 1 -6.203e+05 3.471e+03 2.809e+03
|            ( QUESTION17 -1 -3.101e+05 1.768e+03 1.426e+03
|                ( - -2.230e+05 2 0)
|                ( - -8.527e+04 4 0 QUESTION16 -1 4.619e+02 3.881e+02))
|            ( QUESTION14 1 -3.068e+05 1.706e+03 1.382e+03
|                ( - -6.563e+04 2 0)
|                ( QUESTION19 -1 -2.394e+05 9.402e+02 1.089e+03
|                    ( - -9.182e+04 7 0 QUESTION19 1 4.739e+02 4.228e+02)
|                    ( WDBNDRY_B 0 -1.467e+05 9.514e+02 6.667e+02
|                        ( - -3.068e+04 10 0 SILENCE -1 1.731e+02 1.403e+02)
|                        ( - -1.151e+05 28 0 QUESTION2_15_L -1 7.353e+02 5.264e+02)))))))
s>    ( QUESTION0 -1 -9.702e+05 9.198e+03 4.333e+03
s>        ( - -1.694e+05 13 0 QUESTION0_7_R 1 4.497e+02 7.512e+02)
s>        ( QUESTION0_5_R 1 -7.916e+05 3.959e+03 3.582e+03
s>            ( - -1.673e+05 5 0 QUESTION16 -1 6.560e+02 7.730e+02)
s>            ( QUESTION0_16_R 1 -6.203e+05 3.471e+03 2.809e+03
s>                ( QUESTION17 -1 -3.101e+05 1.768e+03 1.426e+03
s>                    ( - -2.230e+05 2 0)
s>                    ( - -8.527e+04 4 0 QUESTION16 -1 4.619e+02 3.881e+02))
s>                ( QUESTION14 1 -3.068e+05 1.706e+03 1.382e+03
s>                    ( - -6.563e+04 2 0)
s>                    ( QUESTION19 -1 -2.394e+05 9.402e+02 1.089e+03
s>                        ( - -9.182e+04 7 0 QUESTION19 1 4.739e+02 4.228e+02)
s>                        ( WDBNDRY_B 0 -1.467e+05 9.514e+02 6.667e+02
s>                            ( - -3.068e+04 10 0 SILENCE -1 1.731e+02 1.403e+02)
s>                            ( - -1.151e+05 28 0 QUESTION2_15_L -1 7.353e+02 5.264e+02)))))))INFO: dtree.c(1478): Final simple tree
|( WDBNDRY_E 0 -8.193e+05 5.611e+03 3.648e+03
|    ( QUESTION0_3_R 1 -3.596e+05 2.909e+03 1.605e+03
|        ( - -9.952e+04 6 0 QUESTION11 1 2.839e+02 4.452e+02)
|        ( QUESTION13 1 -2.572e+05 8.655e+02 1.160e+03
|            ( QUESTION0_17_R 1 -1.447e+05 8.215e+02 6.666e+02
|                ( - -4.569e+04 7 0)
|                ( - -9.817e+04 19 0 QUESTION0_16_R 1 4.479e+02 4.428e+02))
|            ( QUESTION5 1 -1.116e+05 5.627e+02 4.932e+02
|                ( - -2.817e+04 9 0 QUESTION0_2_R 1 3.104e+02 1.265e+02)
|                ( - -8.290e+04 9 0 QUESTION0_10_R 1 4.426e+02 3.667e+02))))
|    ( QUESTION0_16_R 1 -4.541e+05 1.442e+03 2.043e+03
|        ( QUESTION0_17_R 1 -4.091e+05 9.849e+02 1.852e+03
|            ( - -3.271e+05 8 0)
|            ( - -8.101e+04 6 0 QUESTION0_19_R 1 3.704e+02 3.673e+02))
|        ( - -4.362e+04 27 0 QUESTION17 1 2.434e+02 1.915e+02)))
s>    ( WDBNDRY_E 0 -8.193e+05 5.611e+03 3.648e+03
s>        ( QUESTION0_3_R 1 -3.596e+05 2.909e+03 1.605e+03
s>            ( - -9.952e+04 6 0 QUESTION11 1 2.839e+02 4.452e+02)
s>            ( QUESTION13 1 -2.572e+05 8.655e+02 1.160e+03
s>                ( QUESTION0_17_R 1 -1.447e+05 8.215e+02 6.666e+02
s>                    ( - -4.569e+04 7 0)
s>                    ( - -9.817e+04 19 0 QUESTION0_16_R 1 4.479e+02 4.428e+02))
s>                ( QUESTION5 1 -1.116e+05 5.627e+02 4.932e+02
s>                    ( - -2.817e+04 9 0 QUESTION0_2_R 1 3.104e+02 1.265e+02)
s>                    ( - -8.290e+04 9 0 QUESTION0_10_R 1 4.426e+02 3.667e+02))))
s>        ( QUESTION0_16_R 1 -4.541e+05 1.442e+03 2.043e+03
s>            ( QUESTION0_17_R 1 -4.091e+05 9.849e+02 1.852e+03
s>                ( - -3.271e+05 8 0)
s>                ( - -8.101e+04 6 0 QUESTION0_19_R 1 3.704e+02 3.673e+02))
s>            ( - -4.362e+04 27 0 QUESTION17 1 2.434e+02 1.915e+02)))INFO: dtree.c(1315): Comp split 5
INFO: dtree.c(1439): stop. leaf nodes are specific
INFO: dtree.c(1478): Final simple tree
|( QUESTION19 -1 -5.956e+05 2.711e+03 2.762e+03
|    ( QUESTION0_0_R 1 -1.984e+05 4.753e+02 9.441e+02
|        ( - 2.426e+02 1 0)
|        ( - -1.982e+05 1 0))
|    ( QUESTION0_0_R 1 -3.945e+05 2.008e+03 1.818e+03
|        ( QUESTION2 -1 -2.700e+05 1.091e+03 1.236e+03
|            ( - -3.559e+04 4 0)
|            ( WDBNDRY_B 0 -2.334e+05 2.351e+02 1.076e+03
|                ( - -1.843e+04 4 0)
|                ( - -2.147e+05 10 0)))
|        ( QUESTION2 -1 -1.224e+05 1.709e+02 5.818e+02
|            ( - -2.286e+03 1 0)
|            ( - -1.200e+05 2 0))))
s>    ( QUESTION19 -1 -5.956e+05 2.711e+03 2.762e+03
s>        ( QUESTION0_0_R 1 -1.984e+05 4.753e+02 9.441e+02
s>            ( - 2.426e+02 1 0)
s>            ( - -1.982e+05 1 0))
s>        ( QUESTION0_0_R 1 -3.945e+05 2.008e+03 1.818e+03
s>            ( QUESTION2 -1 -2.700e+05 1.091e+03 1.236e+03
s>                ( - -3.559e+04 4 0)
s>                ( WDBNDRY_B 0 -2.334e+05 2.351e+02 1.076e+03
s>                    ( - -1.843e+04 4 0)
s>                    ( - -2.147e+05 10 0)))
s>            ( QUESTION2 -1 -1.224e+05 1.709e+02 5.818e+02
s>                ( - -2.286e+03 1 0)
s>                ( - -1.200e+05 2 0))))INFO: dtree.c(1478): Final simple tree
|( QUESTION19 -1 -2.272e+06 3.985e+03 1.031e+04
|    ( - -1.511e+06 8 0 WDBNDRY_B 0 1.445e+02 6.880e+03)
|    ( QUESTION11 -1 -7.573e+05 2.725e+03 3.425e+03
|        ( QUESTION2_15_L -1 -2.941e+05 4.471e+02 1.344e+03
|            ( - -2.939e+05 7 0 WDBNDRY_B 0 1.692e+02 1.343e+03)
|            ( - 2.174e+02 1 0))
|        ( QUESTION10 -1 -4.604e+05 1.582e+03 2.082e+03
|            ( - -9.306e+04 8 0 WDBNDRY_B 0 1.363e+02 4.259e+02)
|            ( QUESTION2 -1 -3.658e+05 3.861e+02 1.656e+03
|                ( WDBNDRY_B 0 -4.848e+03 4.802e+02 2.302e+01
|                    ( - 2.222e+02 1 0)
|                    ( - -4.590e+03 2 0))
|                ( WDBNDRY_B 0 -3.606e+05 3.030e+02 1.633e+03
|                    ( - -2.149e+04 5 0)
|                    ( - -3.388e+05 7 0))))))
s>    ( QUESTION19 -1 -2.272e+06 3.985e+03 1.031e+04
s>        ( - -1.511e+06 8 0 WDBNDRY_B 0 1.445e+02 6.880e+03)
s>        ( QUESTION11 -1 -7.573e+05 2.725e+03 3.425e+03
s>            ( QUESTION2_15_L -1 -2.941e+05 4.471e+02 1.344e+03
s>                ( - -2.939e+05 7 0 WDBNDRY_B 0 1.692e+02 1.343e+03)
s>                ( - 2.174e+02 1 0))
s>            ( QUESTION10 -1 -4.604e+05 1.582e+03 2.082e+03
s>                ( - -9.306e+04 8 0 WDBNDRY_B 0 1.363e+02 4.259e+02)
s>                ( QUESTION2 -1 -3.658e+05 3.861e+02 1.656e+03
s>                    ( WDBNDRY_B 0 -4.848e+03 4.802e+02 2.302e+01
s>                        ( - 2.222e+02 1 0)
s>                        ( - -4.590e+03 2 0))
s>                    ( WDBNDRY_B 0 -3.606e+05 3.030e+02 1.633e+03
s>                        ( - -2.149e+04 5 0)
s>                        ( - -3.388e+05 7 0))))))INFO: dtree.c(1315): Comp split 6
INFO: dtree.c(1478): Final simple tree
|( QUESTION0_5_R 1 -7.916e+05 3.959e+03 3.582e+03
|    ( - -1.673e+05 5 0 QUESTION16 -1 6.560e+02 7.730e+02)
|    ( QUESTION0_16_R 1 -6.203e+05 3.471e+03 2.809e+03
|        ( QUESTION17 -1 -3.101e+05 1.768e+03 1.426e+03
|            ( - -2.230e+05 2 0)
|            ( - -8.527e+04 4 0 QUESTION16 -1 4.619e+02 3.881e+02))
|        ( QUESTION14 1 -3.068e+05 1.706e+03 1.382e+03
|            ( - -6.563e+04 2 0)
|            ( QUESTION19 -1 -2.394e+05 9.402e+02 1.089e+03
|                ( - -9.182e+04 7 0 QUESTION19 1 4.739e+02 4.228e+02)
|                ( WDBNDRY_B 0 -1.467e+05 9.514e+02 6.667e+02
|                    ( - -3.068e+04 10 0 SILENCE -1 1.731e+02 1.403e+02)
|                    ( QUESTION2_15_L -1 -1.151e+05 7.353e+02 5.264e+02
|                        ( - -3.161e+04 5 0 QUESTION17 1 5.351e+02 1.454e+02)
|                        ( - -8.271e+04 23 0 QUESTION12 1 6.075e+02 3.809e+02)))))))
s>    ( QUESTION0_5_R 1 -7.916e+05 3.959e+03 3.582e+03
s>        ( - -1.673e+05 5 0 QUESTION16 -1 6.560e+02 7.730e+02)
s>        ( QUESTION0_16_R 1 -6.203e+05 3.471e+03 2.809e+03
s>            ( QUESTION17 -1 -3.101e+05 1.768e+03 1.426e+03
s>                ( - -2.230e+05 2 0)
s>                ( - -8.527e+04 4 0 QUESTION16 -1 4.619e+02 3.881e+02))
s>            ( QUESTION14 1 -3.068e+05 1.706e+03 1.382e+03
s>                ( - -6.563e+04 2 0)
s>                ( QUESTION19 -1 -2.394e+05 9.402e+02 1.089e+03
s>                    ( - -9.182e+04 7 0 QUESTION19 1 4.739e+02 4.228e+02)
s>                    ( WDBNDRY_B 0 -1.467e+05 9.514e+02 6.667e+02
s>                        ( - -3.068e+04 10 0 SILENCE -1 1.731e+02 1.403e+02)
s>                        ( QUESTION2_15_L -1 -1.151e+05 7.353e+02 5.264e+02
s>                            ( - -3.161e+04 5 0 QUESTION17 1 5.351e+02 1.454e+02)
s>                            ( - -8.271e+04 23 0 QUESTION12 1 6.075e+02 3.809e+02)))))))INFO: dtree.c(1439): stop. leaf nodes are specific
INFO: dtree.c(1478): Final simple tree
|( QUESTION0_7_R 1 -1.694e+05 4.497e+02 7.512e+02
|    ( - 1.943e+02 1 0)
|    ( QUESTION0_3_R 1 -1.691e+05 2.780e+02 7.502e+02
|        ( QUESTION11 1 -1.626e+05 1.177e+02 7.222e+02
|            ( - -1.619e+05 5 0)
|            ( - -6.003e+02 1 0))
|        ( QUESTION0_5_R 1 -6.265e+03 1.732e+02 2.802e+01
|            ( - -3.726e+03 3 0)
|            ( - -2.365e+03 3 0))))
s>    ( QUESTION0_7_R 1 -1.694e+05 4.497e+02 7.512e+02
s>        ( - 1.943e+02 1 0)
s>        ( QUESTION0_3_R 1 -1.691e+05 2.780e+02 7.502e+02
s>            ( QUESTION11 1 -1.626e+05 1.177e+02 7.222e+02
s>                ( - -1.619e+05 5 0)
s>                ( - -6.003e+02 1 0))
s>            ( QUESTION0_5_R 1 -6.265e+03 1.732e+02 2.802e+01
s>                ( - -3.726e+03 3 0)
s>                ( - -2.365e+03 3 0))))INFO: dtree.c(1315): Comp split 7
INFO: dtree.c(1315): Comp split 8
INFO: dtree.c(1439): stop. leaf nodes are specific
INFO: dtree.c(1478): Final simple tree
|( QUESTION0_17_R 1 -4.091e+05 9.849e+02 1.852e+03
|    ( - -3.271e+05 8 0)
|    ( QUESTION0_19_R 1 -8.101e+04 3.704e+02 3.673e+02
|        ( - -7.494e+04 3 0)
|        ( - -5.703e+03 3 0)))
s>    ( QUESTION0_17_R 1 -4.091e+05 9.849e+02 1.852e+03
s>        ( - -3.271e+05 8 0)
s>        ( QUESTION0_19_R 1 -8.101e+04 3.704e+02 3.673e+02
s>            ( - -7.494e+04 3 0)
s>            ( - -5.703e+03 3 0)))INFO: dtree.c(1478): Final simple tree
|( QUESTION0_3_R 1 -4.040e+05 3.035e+03 1.796e+03
|    ( - -9.952e+04 6 0 QUESTION11 1 2.839e+02 4.452e+02)
|    ( QUESTION13 1 -3.014e+05 9.103e+02 1.351e+03
|        ( QUESTION0_17_R 1 -1.864e+05 9.145e+02 8.471e+02
|            ( - -4.569e+04 7 0)
|            ( QUESTION0_16_R 1 -1.398e+05 5.270e+02 6.233e+02
|                ( - -2.141e+04 3 0)
|                ( WDBNDRY_E 0 -1.178e+05 4.222e+02 5.253e+02
|                    ( QUESTION19 1 -7.631e+04 3.826e+02 3.449e+02
|                        ( - -4.861e+04 6 0)
|                        ( - -2.732e+04 10 0 QUESTION17 1 2.286e+02 1.203e+02))
|                    ( - -4.110e+04 23 0 QUESTION17 1 2.485e+02 1.805e+02))))
|        ( QUESTION4 1 -1.142e+05 5.759e+02 5.042e+02
|            ( - -3.091e+04 14 0 QUESTION0_13_R 1 2.637e+02 1.385e+02)
|            ( - -8.268e+04 8 0 QUESTION0_9_R 1 2.593e+02 3.657e+02))))
s>    ( QUESTION0_3_R 1 -4.040e+05 3.035e+03 1.796e+03
s>        ( - -9.952e+04 6 0 QUESTION11 1 2.839e+02 4.452e+02)
s>        ( QUESTION13 1 -3.014e+05 9.103e+02 1.351e+03
s>            ( QUESTION0_17_R 1 -1.864e+05 9.145e+02 8.471e+02
s>                ( - -4.569e+04 7 0)
s>                ( QUESTION0_16_R 1 -1.398e+05 5.270e+02 6.233e+02
s>                    ( - -2.141e+04 3 0)
s>                    ( WDBNDRY_E 0 -1.178e+05 4.222e+02 5.253e+02
s>                        ( QUESTION19 1 -7.631e+04 3.826e+02 3.449e+02
s>                            ( - -4.861e+04 6 0)
s>                            ( - -2.732e+04 10 0 QUESTION17 1 2.286e+02 1.203e+02))
s>                        ( - -4.110e+04 23 0 QUESTION17 1 2.485e+02 1.805e+02))))
s>            ( QUESTION4 1 -1.142e+05 5.759e+02 5.042e+02
s>                ( - -3.091e+04 14 0 QUESTION0_13_R 1 2.637e+02 1.385e+02)
s>                ( - -8.268e+04 8 0 QUESTION0_9_R 1 2.593e+02 3.657e+02))))INFO: dtree.c(1315): Comp split 9
INFO: dtree.c(1439): stop. leaf nodes are specific
INFO: dtree.c(1478): Final simple tree
|( QUESTION10 -1 -6.576e+05 2.902e+03 2.976e+03
|    ( WDBNDRY_B 0 -2.939e+05 1.692e+02 1.343e+03
|        ( - -3.583e+03 3 0)
|        ( - -2.901e+05 4 0))
|    ( QUESTION2 -1 -3.608e+05 4.558e+02 1.634e+03
|        ( - 2.222e+02 1 0)
|        ( WDBNDRY_B 0 -3.606e+05 3.030e+02 1.633e+03
|            ( - -2.149e+04 5 0)
|            ( - -3.388e+05 7 0))))
s>    ( QUESTION10 -1 -6.576e+05 2.902e+03 2.976e+03
s>        ( WDBNDRY_B 0 -2.939e+05 1.692e+02 1.343e+03
s>            ( - -3.583e+03 3 0)
s>            ( - -2.901e+05 4 0))
s>        ( QUESTION2 -1 -3.608e+05 4.558e+02 1.634e+03
s>            ( - 2.222e+02 1 0)
s>            ( WDBNDRY_B 0 -3.606e+05 3.030e+02 1.633e+03
s>                ( - -2.149e+04 5 0)
s>                ( - -3.388e+05 7 0))))INFO: dtree.c(1439): stop. leaf nodes are specific
INFO: dtree.c(1478): Final simple tree
|( QUESTION12 -1 -1.610e+06 1.420e+03 7.329e+03
|    ( WDBNDRY_B 0 -9.306e+04 1.363e+02 4.259e+02
|        ( - -1.490e+03 2 0)
|        ( - -9.143e+04 6 0))
|    ( QUESTION10 -1 -1.516e+06 4.455e+02 6.903e+03
|        ( - 2.174e+02 1 0)
|        ( QUESTION2 -1 -1.516e+06 3.543e+02 6.902e+03
|            ( - -4.590e+03 2 0)
|            ( WDBNDRY_B 0 -1.511e+06 1.445e+02 6.880e+03
|                ( - -3.148e+03 3 0)
|                ( - -1.507e+06 5 0)))))
s>    ( QUESTION12 -1 -1.610e+06 1.420e+03 7.329e+03
s>        ( WDBNDRY_B 0 -9.306e+04 1.363e+02 4.259e+02
s>            ( - -1.490e+03 2 0)
s>            ( - -9.143e+04 6 0))
s>        ( QUESTION10 -1 -1.516e+06 4.455e+02 6.903e+03
s>            ( - 2.174e+02 1 0)
s>            ( QUESTION2 -1 -1.516e+06 3.543e+02 6.902e+03
s>                ( - -4.590e+03 2 0)
s>                ( WDBNDRY_B 0 -1.511e+06 1.445e+02 6.880e+03
s>                    ( - -3.148e+03 3 0)
s>                    ( - -1.507e+06 5 0)))))INFO: dtree.c(1315): Comp split 10
INFO: dtree.c(1478): Final simple tree
|( QUESTION14 1 -3.068e+05 1.706e+03 1.382e+03
|    ( - -6.563e+04 2 0)
|    ( QUESTION19 -1 -2.394e+05 9.402e+02 1.089e+03
|        ( QUESTION19 1 -9.182e+04 4.739e+02 4.228e+02
|            ( - 2.164e+02 1 0)
|            ( - -9.156e+04 6 0 QUESTION17 1 2.756e+02 4.218e+02))
|        ( WDBNDRY_B 0 -1.467e+05 9.514e+02 6.667e+02
|            ( - -3.068e+04 10 0 SILENCE -1 1.731e+02 1.403e+02)
|            ( QUESTION2_15_L -1 -1.151e+05 7.353e+02 5.264e+02
|                ( QUESTION17 1 -3.161e+04 5.351e+02 1.454e+02
|                    ( - -9.069e+03 1 0)
|                    ( - -2.201e+04 4 0 QUESTION0_2_R 1 4.219e+02 1.002e+02))
|                ( QUESTION12 1 -8.271e+04 6.075e+02 3.809e+02
|                    ( - -1.744e+04 2 0 QUESTION14 -1 1.142e+02 8.073e+01)
|                    ( - -6.467e+04 21 0 QUESTION5 -1 3.156e+02 3.002e+02))))))
s>    ( QUESTION14 1 -3.068e+05 1.706e+03 1.382e+03
s>        ( - -6.563e+04 2 0)
s>        ( QUESTION19 -1 -2.394e+05 9.402e+02 1.089e+03
s>            ( QUESTION19 1 -9.182e+04 4.739e+02 4.228e+02
s>                ( - 2.164e+02 1 0)
s>                ( - -9.156e+04 6 0 QUESTION17 1 2.756e+02 4.218e+02))
s>            ( WDBNDRY_B 0 -1.467e+05 9.514e+02 6.667e+02
s>                ( - -3.068e+04 10 0 SILENCE -1 1.731e+02 1.403e+02)
s>                ( QUESTION2_15_L -1 -1.151e+05 7.353e+02 5.264e+02
s>                    ( QUESTION17 1 -3.161e+04 5.351e+02 1.454e+02
s>                        ( - -9.069e+03 1 0)
s>                        ( - -2.201e+04 4 0 QUESTION0_2_R 1 4.219e+02 1.002e+02))
s>                    ( QUESTION12 1 -8.271e+04 6.075e+02 3.809e+02
s>                        ( - -1.744e+04 2 0 QUESTION14 -1 1.142e+02 8.073e+01)
s>                        ( - -6.467e+04 21 0 QUESTION5 -1 3.156e+02 3.002e+02))))))INFO: dtree.c(1478): Final simple tree
|( QUESTION17 -1 -4.808e+05 3.514e+03 2.199e+03
|    ( QUESTION0_2_R 1 -2.247e+05 2.760e+02 1.046e+03
|        ( - -1.418e+03 1 0)
|        ( - -2.230e+05 2 0))
|    ( QUESTION0_2_R 1 -2.526e+05 1.622e+03 1.154e+03
|        ( QUESTION16 -1 -1.657e+05 6.783e+02 7.658e+02
|            ( - -1.527e+05 1 0)
|            ( QUESTION19 -1 -1.229e+04 2.050e+02 5.638e+01
|                ( - -2.092e+02 1 0)
|                ( - -1.188e+04 2 0 QUESTION14 -1 1.505e+02 5.438e+01)))
|        ( QUESTION16 -1 -8.527e+04 4.619e+02 3.881e+02
|            ( - 2.064e+02 1 0)
|            ( QUESTION15 -1 -8.501e+04 4.052e+02 3.871e+02
|                ( - -6.581e+04 1 0)
|                ( - -1.880e+04 2 0 QUESTION2 -1 1.190e+02 8.669e+01)))))
s>    ( QUESTION17 -1 -4.808e+05 3.514e+03 2.199e+03
s>        ( QUESTION0_2_R 1 -2.247e+05 2.760e+02 1.046e+03
s>            ( - -1.418e+03 1 0)
s>            ( - -2.230e+05 2 0))
s>        ( QUESTION0_2_R 1 -2.526e+05 1.622e+03 1.154e+03
s>            ( QUESTION16 -1 -1.657e+05 6.783e+02 7.658e+02
s>                ( - -1.527e+05 1 0)
s>                ( QUESTION19 -1 -1.229e+04 2.050e+02 5.638e+01
s>                    ( - -2.092e+02 1 0)
s>                    ( - -1.188e+04 2 0 QUESTION14 -1 1.505e+02 5.438e+01)))
s>            ( QUESTION16 -1 -8.527e+04 4.619e+02 3.881e+02
s>                ( - 2.064e+02 1 0)
s>                ( QUESTION15 -1 -8.501e+04 4.052e+02 3.871e+02
s>                    ( - -6.581e+04 1 0)
s>                    ( - -1.880e+04 2 0 QUESTION2 -1 1.190e+02 8.669e+01)))))INFO: dtree.c(1315): Comp split 11
INFO: dtree.c(1478): Final simple tree
|( QUESTION0_2_R 1 -2.542e+05 1.616e+03 1.161e+03
|    ( QUESTION16 -1 -1.673e+05 6.560e+02 7.730e+02
|        ( QUESTION17 -1 -1.544e+05 2.496e+02 7.166e+02
|            ( - -1.418e+03 1 0)
|            ( - -1.527e+05 1 0))
|        ( QUESTION19 -1 -1.229e+04 2.050e+02 5.638e+01
|            ( - -2.092e+02 1 0)
|            ( QUESTION14 -1 -1.188e+04 1.505e+02 5.438e+01
|                ( - -9.221e+03 1 0)
|                ( - -2.504e+03 1 0))))
|    ( QUESTION16 -1 -8.527e+04 4.619e+02 3.881e+02
|        ( - 2.064e+02 1 0)
|        ( QUESTION15 -1 -8.501e+04 4.052e+02 3.871e+02
|            ( - -6.581e+04 1 0)
|            ( - -1.880e+04 2 0 QUESTION2 -1 1.190e+02 8.669e+01))))
s>    ( QUESTION0_2_R 1 -2.542e+05 1.616e+03 1.161e+03
s>        ( QUESTION16 -1 -1.673e+05 6.560e+02 7.730e+02
s>            ( QUESTION17 -1 -1.544e+05 2.496e+02 7.166e+02
s>                ( - -1.418e+03 1 0)
s>                ( - -1.527e+05 1 0))
s>            ( QUESTION19 -1 -1.229e+04 2.050e+02 5.638e+01
s>                ( - -2.092e+02 1 0)
s>                ( QUESTION14 -1 -1.188e+04 1.505e+02 5.438e+01
s>                    ( - -9.221e+03 1 0)
s>                    ( - -2.504e+03 1 0))))
s>        ( QUESTION16 -1 -8.527e+04 4.619e+02 3.881e+02
s>            ( - 2.064e+02 1 0)
s>            ( QUESTION15 -1 -8.501e+04 4.052e+02 3.871e+02
s>                ( - -6.581e+04 1 0)
s>                ( - -1.880e+04 2 0 QUESTION2 -1 1.190e+02 8.669e+01))))INFO: dtree.c(1315): Comp split 12
INFO: dtree.c(1478): Final simple tree
|( QUESTION13 1 -3.014e+05 9.103e+02 1.351e+03
|    ( QUESTION0_17_R 1 -1.864e+05 9.145e+02 8.471e+02
|        ( - -4.569e+04 7 0)
|        ( QUESTION0_16_R 1 -1.398e+05 5.270e+02 6.233e+02
|            ( - -2.141e+04 3 0)
|            ( WDBNDRY_E 0 -1.178e+05 4.222e+02 5.253e+02
|                ( QUESTION19 1 -7.631e+04 3.826e+02 3.449e+02
|                    ( - -4.861e+04 6 0)
|                    ( - -2.732e+04 10 0 QUESTION17 1 2.286e+02 1.203e+02))
|                ( - -4.110e+04 23 0 QUESTION17 1 2.485e+02 1.805e+02))))
|    ( QUESTION4 1 -1.142e+05 5.759e+02 5.042e+02
|        ( QUESTION0_13_R 1 -3.091e+04 2.637e+02 1.385e+02
|            ( - -1.397e+04 4 0 WDBNDRY_E 0 1.997e+02 6.279e+01)
|            ( - -1.668e+04 10 0 QUESTION0_5_R 1 1.456e+02 7.568e+01))
|        ( - -8.268e+04 8 0 QUESTION0_9_R 1 2.593e+02 3.657e+02)))
s>    ( QUESTION13 1 -3.014e+05 9.103e+02 1.351e+03
s>        ( QUESTION0_17_R 1 -1.864e+05 9.145e+02 8.471e+02
s>            ( - -4.569e+04 7 0)
s>            ( QUESTION0_16_R 1 -1.398e+05 5.270e+02 6.233e+02
s>                ( - -2.141e+04 3 0)
s>                ( WDBNDRY_E 0 -1.178e+05 4.222e+02 5.253e+02
s>                    ( QUESTION19 1 -7.631e+04 3.826e+02 3.449e+02
s>                        ( - -4.861e+04 6 0)
s>                        ( - -2.732e+04 10 0 QUESTION17 1 2.286e+02 1.203e+02))
s>                    ( - -4.110e+04 23 0 QUESTION17 1 2.485e+02 1.805e+02))))
s>        ( QUESTION4 1 -1.142e+05 5.759e+02 5.042e+02
s>            ( QUESTION0_13_R 1 -3.091e+04 2.637e+02 1.385e+02
s>                ( - -1.397e+04 4 0 WDBNDRY_E 0 1.997e+02 6.279e+01)
s>                ( - -1.668e+04 10 0 QUESTION0_5_R 1 1.456e+02 7.568e+01))
s>            ( - -8.268e+04 8 0 QUESTION0_9_R 1 2.593e+02 3.657e+02)))INFO: dtree.c(1439): stop. leaf nodes are specific
INFO: dtree.c(1478): Final simple tree
|( QUESTION11 1 -9.952e+04 2.839e+02 4.452e+02
|    ( - -8.915e+04 4 0)
|    ( - -1.009e+04 2 0))
s>    ( QUESTION11 1 -9.952e+04 2.839e+02 4.452e+02
s>        ( - -8.915e+04 4 0)
s>        ( - -1.009e+04 2 0))INFO: dtree.c(1315): Comp split 13
INFO: dtree.c(1439): stop. leaf nodes are specific
INFO: dtree.c(1478): Final simple tree
|( WDBNDRY_B 0 -3.772e+05 1.622e+03 1.666e+03
|    ( QUESTION2_0_L -1 -2.381e+05 3.332e+02 1.062e+03
|        ( - -1.913e+05 25 0)
|        ( QUESTION0 -1 -4.653e+04 1.474e+02 2.111e+02
|            ( - -2.726e+03 2 0)
|            ( - -4.366e+04 12 0)))
|    ( WDBNDRY_E 0 -1.375e+05 6.185e+02 6.039e+02
|        ( QUESTION0 1 -1.197e+05 2.423e+02 5.266e+02
|            ( - -1.122e+05 17 0)
|            ( - -7.332e+03 6 0))
|        ( QUESTION0 1 -1.712e+04 2.486e+02 7.733e+01
|            ( - -1.619e+03 1 0)
|            ( - -1.525e+04 2 0))))
s>    ( WDBNDRY_B 0 -3.772e+05 1.622e+03 1.666e+03
s>        ( QUESTION2_0_L -1 -2.381e+05 3.332e+02 1.062e+03
s>            ( - -1.913e+05 25 0)
s>            ( QUESTION0 -1 -4.653e+04 1.474e+02 2.111e+02
s>                ( - -2.726e+03 2 0)
s>                ( - -4.366e+04 12 0)))
s>        ( WDBNDRY_E 0 -1.375e+05 6.185e+02 6.039e+02
s>            ( QUESTION0 1 -1.197e+05 2.423e+02 5.266e+02
s>                ( - -1.122e+05 17 0)
s>                ( - -7.332e+03 6 0))
s>            ( QUESTION0 1 -1.712e+04 2.486e+02 7.733e+01
s>                ( - -1.619e+03 1 0)
s>                ( - -1.525e+04 2 0))))INFO: dtree.c(1315): Comp split 14
INFO: dtree.c(1439): stop. leaf nodes are specific
INFO: dtree.c(1478): Final simple tree
|( QUESTION5 -1 -3.645e+05 4.557e+02 1.651e+03
|    ( - 2.222e+02 1 0)
|    ( WDBNDRY_B 0 -3.643e+05 3.129e+02 1.650e+03
|        ( QUESTION2 -1 -2.519e+04 1.157e+02 1.150e+02
|            ( - -3.583e+03 3 0)
|            ( - -2.149e+04 5 0))
|        ( - -3.388e+05 7 0)))
s>    ( QUESTION5 -1 -3.645e+05 4.557e+02 1.651e+03
s>        ( - 2.222e+02 1 0)
s>        ( WDBNDRY_B 0 -3.643e+05 3.129e+02 1.650e+03
s>            ( QUESTION2 -1 -2.519e+04 1.157e+02 1.150e+02
s>                ( - -3.583e+03 3 0)
s>                ( - -2.149e+04 5 0))
s>            ( - -3.388e+05 7 0)))INFO: dtree.c(1315): Comp split 15
INFO: dtree.c(1439): stop. leaf nodes are specific
INFO: dtree.c(1478): Final simple tree
|( QUESTION0_0_R 1 -3.945e+05 2.008e+03 1.818e+03
|    ( QUESTION2 -1 -2.700e+05 1.091e+03 1.236e+03
|        ( - -3.559e+04 4 0)
|        ( WDBNDRY_B 0 -2.334e+05 2.351e+02 1.076e+03
|            ( - -1.843e+04 4 0)
|            ( - -2.147e+05 10 0)))
|    ( QUESTION2 -1 -1.224e+05 1.709e+02 5.818e+02
|        ( - -2.286e+03 1 0)
|        ( - -1.200e+05 2 0)))
s>    ( QUESTION0_0_R 1 -3.945e+05 2.008e+03 1.818e+03
s>        ( QUESTION2 -1 -2.700e+05 1.091e+03 1.236e+03
s>            ( - -3.559e+04 4 0)
s>            ( WDBNDRY_B 0 -2.334e+05 2.351e+02 1.076e+03
s>                ( - -1.843e+04 4 0)
s>                ( - -2.147e+05 10 0)))
s>        ( QUESTION2 -1 -1.224e+05 1.709e+02 5.818e+02
s>            ( - -2.286e+03 1 0)
s>            ( - -1.200e+05 2 0)))INFO: dtree.c(1439): stop. leaf nodes are specific
INFO: dtree.c(1478): Final simple tree
|( QUESTION0_0_R 1 -1.984e+05 4.753e+02 9.441e+02
|    ( - 2.426e+02 1 0)
|    ( - -1.982e+05 1 0))
s>    ( QUESTION0_0_R 1 -1.984e+05 4.753e+02 9.441e+02
s>        ( - 2.426e+02 1 0)
s>        ( - -1.982e+05 1 0))INFO: dtree.c(1315): Comp split 16
INFO: dtree.c(1439): stop. leaf nodes are specific
INFO: dtree.c(1478): Final simple tree
|( QUESTION2 -1 -2.700e+05 1.091e+03 1.236e+03
|    ( - -3.559e+04 4 0)
|    ( WDBNDRY_B 0 -2.334e+05 2.351e+02 1.076e+03
|        ( - -1.843e+04 4 0)
|        ( - -2.147e+05 10 0)))
s>    ( QUESTION2 -1 -2.700e+05 1.091e+03 1.236e+03
s>        ( - -3.559e+04 4 0)
s>        ( WDBNDRY_B 0 -2.334e+05 2.351e+02 1.076e+03
s>            ( - -1.843e+04 4 0)
s>            ( - -2.147e+05 10 0)))INFO: dtree.c(1439): stop. leaf nodes are specific
INFO: dtree.c(1478): Final simple tree
|( QUESTION2 -1 -1.224e+05 1.709e+02 5.818e+02
|    ( - -2.286e+03 1 0)
|    ( - -1.200e+05 2 0))
s>    ( QUESTION2 -1 -1.224e+05 1.709e+02 5.818e+02
s>        ( - -2.286e+03 1 0)
s>        ( - -1.200e+05 2 0))INFO: dtree.c(1315): Comp split 17
INFO: dtree.c(1478): Final simple tree
|( QUESTION19 -1 -2.394e+05 9.402e+02 1.089e+03
|    ( QUESTION19 1 -9.182e+04 4.739e+02 4.228e+02
|        ( - 2.164e+02 1 0)
|        ( - -9.156e+04 6 0 QUESTION17 1 2.756e+02 4.218e+02))
|    ( WDBNDRY_B 0 -1.467e+05 9.514e+02 6.667e+02
|        ( - -3.068e+04 10 0 SILENCE -1 1.731e+02 1.403e+02)
|        ( QUESTION2_15_L -1 -1.151e+05 7.353e+02 5.264e+02
|            ( QUESTION17 1 -3.161e+04 5.351e+02 1.454e+02
|                ( - -9.069e+03 1 0)
|                ( QUESTION0_2_R 1 -2.201e+04 4.219e+02 1.002e+02
|                    ( - 1.737e+02 1 0)
|                    ( - -2.176e+04 3 0 QUESTION0_9_R 1 1.977e+02 9.925e+01)))
|            ( QUESTION12 1 -8.271e+04 6.075e+02 3.809e+02
|                ( - -1.744e+04 2 0 QUESTION14 -1 1.142e+02 8.073e+01)
|                ( - -6.467e+04 21 0 QUESTION5 -1 3.156e+02 3.002e+02)))))
s>    ( QUESTION19 -1 -2.394e+05 9.402e+02 1.089e+03
s>        ( QUESTION19 1 -9.182e+04 4.739e+02 4.228e+02
s>            ( - 2.164e+02 1 0)
s>            ( - -9.156e+04 6 0 QUESTION17 1 2.756e+02 4.218e+02))
s>        ( WDBNDRY_B 0 -1.467e+05 9.514e+02 6.667e+02
s>            ( - -3.068e+04 10 0 SILENCE -1 1.731e+02 1.403e+02)
s>            ( QUESTION2_15_L -1 -1.151e+05 7.353e+02 5.264e+02
s>                ( QUESTION17 1 -3.161e+04 5.351e+02 1.454e+02
s>                    ( - -9.069e+03 1 0)
s>                    ( QUESTION0_2_R 1 -2.201e+04 4.219e+02 1.002e+02
s>                        ( - 1.737e+02 1 0)
s>                        ( - -2.176e+04 3 0 QUESTION0_9_R 1 1.977e+02 9.925e+01)))
s>                ( QUESTION12 1 -8.271e+04 6.075e+02 3.809e+02
s>                    ( - -1.744e+04 2 0 QUESTION14 -1 1.142e+02 8.073e+01)
s>                    ( - -6.467e+04 21 0 QUESTION5 -1 3.156e+02 3.002e+02)))))INFO: dtree.c(1315): Comp split 18
INFO: dtree.c(1439): stop. leaf nodes are specific
INFO: dtree.c(1478): Final simple tree
|( WDBNDRY_I 0 -1.385e+05 6.899e+02 6.079e+02
|    ( - -1.525e+04 2 0)
|    ( QUESTION0 1 -1.226e+05 2.406e+02 5.386e+02
|        ( WDBNDRY_B 0 -1.150e+05 1.248e+02 5.056e+02
|            ( - -2.726e+03 2 0)
|            ( - -1.122e+05 17 0))
|        ( - -7.332e+03 6 0)))
s>    ( WDBNDRY_I 0 -1.385e+05 6.899e+02 6.079e+02
s>        ( - -1.525e+04 2 0)
s>        ( QUESTION0 1 -1.226e+05 2.406e+02 5.386e+02
s>            ( WDBNDRY_B 0 -1.150e+05 1.248e+02 5.056e+02
s>                ( - -2.726e+03 2 0)
s>                ( - -1.122e+05 17 0))
s>            ( - -7.332e+03 6 0)))INFO: dtree.c(1439): stop. leaf nodes are specific
INFO: dtree.c(1478): Final simple tree
|( QUESTION2_0_L -1 -2.370e+05 3.333e+02 1.058e+03
|    ( - -1.913e+05 25 0)
|    ( WDBNDRY_B 0 -4.542e+04 1.469e+02 2.071e+02
|        ( - -4.366e+04 12 0)
|        ( - -1.619e+03 1 0)))
s>    ( QUESTION2_0_L -1 -2.370e+05 3.333e+02 1.058e+03
s>        ( - -1.913e+05 25 0)
s>        ( WDBNDRY_B 0 -4.542e+04 1.469e+02 2.071e+02
s>            ( - -4.366e+04 12 0)
s>            ( - -1.619e+03 1 0)))INFO: dtree.c(1315): Comp split 19
INFO: dtree.c(1439): stop. leaf nodes are specific
INFO: dtree.c(1478): Final simple tree
|( QUESTION15 -1 -8.501e+04 4.052e+02 3.871e+02
|    ( - -6.581e+04 1 0)
|    ( QUESTION2 -1 -1.880e+04 1.190e+02 8.669e+01
|        ( - -1.816e+04 1 0)
|        ( - -5.256e+02 1 0)))
s>    ( QUESTION15 -1 -8.501e+04 4.052e+02 3.871e+02
s>        ( - -6.581e+04 1 0)
s>        ( QUESTION2 -1 -1.880e+04 1.190e+02 8.669e+01
s>            ( - -1.816e+04 1 0)
s>            ( - -5.256e+02 1 0)))INFO: dtree.c(1439): stop. leaf nodes are specific
INFO: dtree.c(1478): Final simple tree
|( QUESTION16 -1 -1.676e+05 6.543e+02 7.740e+02
|    ( QUESTION0_2_R 1 -1.546e+05 4.622e+02 7.176e+02
|        ( QUESTION17 -1 -1.544e+05 2.496e+02 7.166e+02
|            ( - -1.418e+03 1 0)
|            ( - -1.527e+05 1 0))
|        ( - 2.064e+02 1 0))
|    ( QUESTION19 -1 -1.229e+04 2.050e+02 5.638e+01
|        ( - -2.092e+02 1 0)
|        ( QUESTION14 -1 -1.188e+04 1.505e+02 5.438e+01
|            ( - -9.221e+03 1 0)
|            ( - -2.504e+03 1 0))))
s>    ( QUESTION16 -1 -1.676e+05 6.543e+02 7.740e+02
s>        ( QUESTION0_2_R 1 -1.546e+05 4.622e+02 7.176e+02
s>            ( QUESTION17 -1 -1.544e+05 2.496e+02 7.166e+02
s>                ( - -1.418e+03 1 0)
s>                ( - -1.527e+05 1 0))
s>            ( - 2.064e+02 1 0))
s>        ( QUESTION19 -1 -1.229e+04 2.050e+02 5.638e+01
s>            ( - -2.092e+02 1 0)
s>            ( QUESTION14 -1 -1.188e+04 1.505e+02 5.438e+01
s>                ( - -9.221e+03 1 0)
s>                ( - -2.504e+03 1 0))))INFO: dtree.c(1315): Comp split 20
INFO: dtree.c(1439): stop. leaf nodes are specific
INFO: dtree.c(1478): Final simple tree
|( QUESTION11 -1 -1.517e+06 4.455e+02 6.910e+03
|    ( - 2.174e+02 1 0)
|    ( QUESTION5 -1 -1.517e+06 3.542e+02 6.909e+03
|        ( - -4.590e+03 2 0)
|        ( WDBNDRY_B 0 -1.512e+06 1.266e+02 6.887e+03
|            ( QUESTION2 -1 -4.756e+03 1.180e+02 2.200e+01
|                ( - -1.490e+03 2 0)
|                ( - -3.148e+03 3 0))
|            ( - -1.507e+06 5 0))))
s>    ( QUESTION11 -1 -1.517e+06 4.455e+02 6.910e+03
s>        ( - 2.174e+02 1 0)
s>        ( QUESTION5 -1 -1.517e+06 3.542e+02 6.909e+03
s>            ( - -4.590e+03 2 0)
s>            ( WDBNDRY_B 0 -1.512e+06 1.266e+02 6.887e+03
s>                ( QUESTION2 -1 -4.756e+03 1.180e+02 2.200e+01
s>                    ( - -1.490e+03 2 0)
s>                    ( - -3.148e+03 3 0))
s>                ( - -1.507e+06 5 0))))INFO: dtree.c(1315): Comp split 21
INFO: dtree.c(1478): Final simple tree
|( QUESTION0_16_R 1 -1.712e+05 5.385e+02 7.618e+02
|    ( - -2.141e+04 3 0)
|    ( WDBNDRY_E 0 -1.492e+05 4.628e+02 6.638e+02
|        ( QUESTION0_2_R 1 -1.051e+05 4.580e+02 4.723e+02
|            ( - -1.601e+04 8 0 QUESTION0_5_R 1 1.459e+02 7.268e+01)
|            ( QUESTION0_14_R 1 -8.865e+04 4.439e+02 3.996e+02
|                ( - 2.207e+02 1 0)
|                ( QUESTION19 1 -8.843e+04 3.562e+02 3.986e+02
|                    ( - -4.861e+04 6 0)
|                    ( QUESTION0_12_R 1 -3.947e+04 3.035e+02 1.740e+02
|                        ( - -1.185e+04 1 0)
|                        ( - -2.732e+04 10 0 QUESTION17 1 2.286e+02 1.203e+02)))))
|        ( QUESTION17 1 -4.362e+04 2.434e+02 1.915e+02
|            ( - -1.226e+04 8 0)
|            ( - -3.112e+04 19 0 QUESTION20 1 1.877e+02 1.361e+02))))
s>    ( QUESTION0_16_R 1 -1.712e+05 5.385e+02 7.618e+02
s>        ( - -2.141e+04 3 0)
s>        ( WDBNDRY_E 0 -1.492e+05 4.628e+02 6.638e+02
s>            ( QUESTION0_2_R 1 -1.051e+05 4.580e+02 4.723e+02
s>                ( - -1.601e+04 8 0 QUESTION0_5_R 1 1.459e+02 7.268e+01)
s>                ( QUESTION0_14_R 1 -8.865e+04 4.439e+02 3.996e+02
s>                    ( - 2.207e+02 1 0)
s>                    ( QUESTION19 1 -8.843e+04 3.562e+02 3.986e+02
s>                        ( - -4.861e+04 6 0)
s>                        ( QUESTION0_12_R 1 -3.947e+04 3.035e+02 1.740e+02
s>                            ( - -1.185e+04 1 0)
s>                            ( - -2.732e+04 10 0 QUESTION17 1 2.286e+02 1.203e+02)))))
s>            ( QUESTION17 1 -4.362e+04 2.434e+02 1.915e+02
s>                ( - -1.226e+04 8 0)
s>                ( - -3.112e+04 19 0 QUESTION20 1 1.877e+02 1.361e+02))))INFO: dtree.c(1439): stop. leaf nodes are specific
INFO: dtree.c(1478): Final simple tree
|( QUESTION0_15_R 1 -1.291e+05 7.414e+02 5.895e+02
|    ( QUESTION0_17_R 1 -4.633e+04 1.764e+02 2.268e+02
|        ( - -4.569e+04 7 0)
|        ( - -4.690e+02 1 0))
|    ( SILENCE 1 -8.203e+04 2.559e+02 3.627e+02
|        ( - -4.882e+04 4 0)
|        ( - -3.295e+04 3 0)))
s>    ( QUESTION0_15_R 1 -1.291e+05 7.414e+02 5.895e+02
s>        ( QUESTION0_17_R 1 -4.633e+04 1.764e+02 2.268e+02
s>            ( - -4.569e+04 7 0)
s>            ( - -4.690e+02 1 0))
s>        ( SILENCE 1 -8.203e+04 2.559e+02 3.627e+02
s>            ( - -4.882e+04 4 0)
s>            ( - -3.295e+04 3 0)))INFO: dtree.c(1315): Comp split 22
INFO: dtree.c(1478): Final simple tree
|( QUESTION2_15_L -1 -9.721e+04 6.748e+02 4.466e+02
|    ( QUESTION17 1 -3.161e+04 5.351e+02 1.454e+02
|        ( - -9.069e+03 1 0)
|        ( QUESTION0_2_R 1 -2.201e+04 4.219e+02 1.002e+02
|            ( - 1.737e+02 1 0)
|            ( - -2.176e+04 3 0 QUESTION0_9_R 1 1.977e+02 9.925e+01)))
|    ( QUESTION19 -1 -6.492e+04 4.729e+02 3.012e+02
|        ( - 2.164e+02 1 0)
|        ( QUESTION5 -1 -6.467e+04 3.156e+02 3.002e+02
|            ( - -1.269e+04 1 0)
|            ( QUESTION0_15_R 1 -5.166e+04 2.535e+02 2.402e+02
|                ( QUESTION17 1 -1.441e+04 2.358e+02 6.901e+01
|                    ( - -4.084e+03 4 0 QUESTION14 -1 1.338e+02 1.900e+01)
|                    ( - -1.009e+04 2 0 QUESTION14 -1 1.002e+02 5.001e+01))
|                ( - -3.700e+04 14 0 QUESTION20 1 2.096e+02 1.712e+02)))))
s>    ( QUESTION2_15_L -1 -9.721e+04 6.748e+02 4.466e+02
s>        ( QUESTION17 1 -3.161e+04 5.351e+02 1.454e+02
s>            ( - -9.069e+03 1 0)
s>            ( QUESTION0_2_R 1 -2.201e+04 4.219e+02 1.002e+02
s>                ( - 1.737e+02 1 0)
s>                ( - -2.176e+04 3 0 QUESTION0_9_R 1 1.977e+02 9.925e+01)))
s>        ( QUESTION19 -1 -6.492e+04 4.729e+02 3.012e+02
s>            ( - 2.164e+02 1 0)
s>            ( QUESTION5 -1 -6.467e+04 3.156e+02 3.002e+02
s>                ( - -1.269e+04 1 0)
s>                ( QUESTION0_15_R 1 -5.166e+04 2.535e+02 2.402e+02
s>                    ( QUESTION17 1 -1.441e+04 2.358e+02 6.901e+01
s>                        ( - -4.084e+03 4 0 QUESTION14 -1 1.338e+02 1.900e+01)
s>                        ( - -1.009e+04 2 0 QUESTION14 -1 1.002e+02 5.001e+01))
s>                    ( - -3.700e+04 14 0 QUESTION20 1 2.096e+02 1.712e+02)))))INFO: dtree.c(1478): Final simple tree
|( WDBNDRY_B 0 -1.411e+05 9.005e+02 6.428e+02
|    ( SILENCE -1 -3.068e+04 1.731e+02 1.403e+02
|        ( - -1.982e+04 5 0)
|        ( - -1.069e+04 5 0))
|    ( QUESTION0_3_R 1 -1.095e+05 4.863e+02 5.025e+02
|        ( - -1.744e+04 2 0 QUESTION14 -1 1.142e+02 8.073e+01)
|        ( QUESTION17 1 -9.156e+04 2.756e+02 4.218e+02
|            ( - -6.782e+03 2 0)
|            ( QUESTION0_9_R 1 -8.450e+04 2.240e+02 3.894e+02
|                ( QUESTION2_17_L -1 -2.416e+03 1.540e+02 1.200e+01
|                    ( - -3.023e+02 1 0)
|                    ( - -1.959e+03 1 0))
|                ( QUESTION0_2_R 1 -8.186e+04 1.219e+02 3.774e+02
|                    ( - -5.436e+02 1 0)
|                    ( - -8.120e+04 1 0))))))
s>    ( WDBNDRY_B 0 -1.411e+05 9.005e+02 6.428e+02
s>        ( SILENCE -1 -3.068e+04 1.731e+02 1.403e+02
s>            ( - -1.982e+04 5 0)
s>            ( - -1.069e+04 5 0))
s>        ( QUESTION0_3_R 1 -1.095e+05 4.863e+02 5.025e+02
s>            ( - -1.744e+04 2 0 QUESTION14 -1 1.142e+02 8.073e+01)
s>            ( QUESTION17 1 -9.156e+04 2.756e+02 4.218e+02
s>                ( - -6.782e+03 2 0)
s>                ( QUESTION0_9_R 1 -8.450e+04 2.240e+02 3.894e+02
s>                    ( QUESTION2_17_L -1 -2.416e+03 1.540e+02 1.200e+01
s>                        ( - -3.023e+02 1 0)
s>                        ( - -1.959e+03 1 0))
s>                    ( QUESTION0_2_R 1 -8.186e+04 1.219e+02 3.774e+02
s>                        ( - -5.436e+02 1 0)
s>                        ( - -8.120e+04 1 0))))))INFO: dtree.c(1315): Comp split 23
INFO: dtree.c(1439): stop. leaf nodes are specific
INFO: dtree.c(1478): Final simple tree
|( WDBNDRY_B 0 -2.334e+05 2.351e+02 1.076e+03
|    ( - -1.843e+04 4 0)
|    ( - -2.147e+05 10 0))
s>    ( WDBNDRY_B 0 -2.334e+05 2.351e+02 1.076e+03
s>        ( - -1.843e+04 4 0)
s>        ( - -2.147e+05 10 0))INFO: dtree.c(1315): Comp split 24
INFO: dtree.c(1439): stop. leaf nodes are specific
INFO: dtree.c(1478): Final simple tree
|( QUESTION0_19_R 1 -8.101e+04 3.704e+02 3.673e+02
|    ( - -7.494e+04 3 0)
|    ( - -5.703e+03 3 0))
s>    ( QUESTION0_19_R 1 -8.101e+04 3.704e+02 3.673e+02
s>        ( - -7.494e+04 3 0)
s>        ( - -5.703e+03 3 0))INFO: dtree.c(1315): Comp split 25
INFO: dtree.c(1439): stop. leaf nodes are specific
INFO: dtree.c(1478): Final simple tree
|( QUESTION0_3_R 1 -1.095e+05 4.863e+02 5.025e+02
|    ( QUESTION14 -1 -1.744e+04 1.142e+02 8.073e+01
|        ( - -1.107e+04 1 0)
|        ( - -6.257e+03 1 0))
|    ( QUESTION17 1 -9.156e+04 2.756e+02 4.218e+02
|        ( - -6.782e+03 2 0)
|        ( QUESTION0_9_R 1 -8.450e+04 2.240e+02 3.894e+02
|            ( QUESTION2_17_L -1 -2.416e+03 1.540e+02 1.200e+01
|                ( - -3.023e+02 1 0)
|                ( - -1.959e+03 1 0))
|            ( QUESTION0_2_R 1 -8.186e+04 1.219e+02 3.774e+02
|                ( - -5.436e+02 1 0)
|                ( - -8.120e+04 1 0)))))
s>    ( QUESTION0_3_R 1 -1.095e+05 4.863e+02 5.025e+02
s>        ( QUESTION14 -1 -1.744e+04 1.142e+02 8.073e+01
s>            ( - -1.107e+04 1 0)
s>            ( - -6.257e+03 1 0))
s>        ( QUESTION17 1 -9.156e+04 2.756e+02 4.218e+02
s>            ( - -6.782e+03 2 0)
s>            ( QUESTION0_9_R 1 -8.450e+04 2.240e+02 3.894e+02
s>                ( QUESTION2_17_L -1 -2.416e+03 1.540e+02 1.200e+01
s>                    ( - -3.023e+02 1 0)
s>                    ( - -1.959e+03 1 0))
s>                ( QUESTION0_2_R 1 -8.186e+04 1.219e+02 3.774e+02
s>                    ( - -5.436e+02 1 0)
s>                    ( - -8.120e+04 1 0)))))INFO: dtree.c(1439): stop. leaf nodes are specific
INFO: dtree.c(1478): Final simple tree
|( SILENCE -1 -3.068e+04 1.731e+02 1.403e+02
|    ( - -1.982e+04 5 0)
|    ( - -1.069e+04 5 0))
s>    ( SILENCE -1 -3.068e+04 1.731e+02 1.403e+02
s>        ( - -1.982e+04 5 0)
s>        ( - -1.069e+04 5 0))INFO: dtree.c(1315): Comp split 26
INFO: dtree.c(1439): stop. leaf nodes are specific
INFO: dtree.c(1478): Final simple tree
|( QUESTION0_2_R 1 -1.409e+04 4.605e+02 6.456e+01
|    ( QUESTION19 -1 -1.384e+04 2.017e+02 6.356e+01
|        ( - -2.092e+02 1 0)
|        ( QUESTION18 -1 -1.342e+04 1.516e+02 6.156e+01
|            ( - -2.504e+03 1 0)
|            ( QUESTION14 -1 -1.077e+04 1.305e+02 4.955e+01
|                ( - -9.221e+03 1 0)
|                ( - -1.418e+03 1 0))))
|    ( - 2.064e+02 1 0))
s>    ( QUESTION0_2_R 1 -1.409e+04 4.605e+02 6.456e+01
s>        ( QUESTION19 -1 -1.384e+04 2.017e+02 6.356e+01
s>            ( - -2.092e+02 1 0)
s>            ( QUESTION18 -1 -1.342e+04 1.516e+02 6.156e+01
s>                ( - -2.504e+03 1 0)
s>                ( QUESTION14 -1 -1.077e+04 1.305e+02 4.955e+01
s>                    ( - -9.221e+03 1 0)
s>                    ( - -1.418e+03 1 0))))
s>        ( - 2.064e+02 1 0))INFO: dtree.c(1315): Comp split 27
INFO: dtree.c(1439): stop. leaf nodes are specific
INFO: dtree.c(1478): Final simple tree
|( SILENCE 1 -8.203e+04 2.559e+02 3.627e+02
|    ( - -4.882e+04 4 0)
|    ( - -3.295e+04 3 0))
s>    ( SILENCE 1 -8.203e+04 2.559e+02 3.627e+02
s>        ( - -4.882e+04 4 0)
s>        ( - -3.295e+04 3 0))INFO: dtree.c(1439): stop. leaf nodes are specific
INFO: dtree.c(1478): Final simple tree
|( QUESTION0_17_R 1 -4.633e+04 1.764e+02 2.268e+02
|    ( - -4.569e+04 7 0)
|    ( - -4.690e+02 1 0))
s>    ( QUESTION0_17_R 1 -4.633e+04 1.764e+02 2.268e+02
s>        ( - -4.569e+04 7 0)
s>        ( - -4.690e+02 1 0))INFO: dtree.c(1315): Comp split 28
INFO: dtree.c(1439): stop. leaf nodes are specific
INFO: dtree.c(1478): Final simple tree
|( QUESTION2 -1 -2.201e+04 4.678e+02 1.002e+02
|    ( QUESTION0_9_R 1 -2.176e+04 1.977e+02 9.925e+01
|        ( QUESTION0_11_R 1 -1.946e+04 1.402e+02 9.020e+01
|            ( - -1.435e+03 1 0)
|            ( - -1.788e+04 1 0))
|        ( - -2.105e+03 1 0))
|    ( - 2.164e+02 1 0))
s>    ( QUESTION2 -1 -2.201e+04 4.678e+02 1.002e+02
s>        ( QUESTION0_9_R 1 -2.176e+04 1.977e+02 9.925e+01
s>            ( QUESTION0_11_R 1 -1.946e+04 1.402e+02 9.020e+01
s>                ( - -1.435e+03 1 0)
s>                ( - -1.788e+04 1 0))
s>            ( - -2.105e+03 1 0))
s>        ( - 2.164e+02 1 0))INFO: dtree.c(1478): Final simple tree
|( QUESTION2_15_L -1 -7.448e+04 4.817e+02 3.464e+02
|    ( QUESTION0_2_R 1 -9.330e+03 4.341e+02 4.619e+01
|        ( - 1.737e+02 1 0)
|        ( - -9.069e+03 1 0))
|    ( QUESTION5 -1 -6.467e+04 3.156e+02 3.002e+02
|        ( - -1.269e+04 1 0)
|        ( QUESTION0_15_R 1 -5.166e+04 2.535e+02 2.402e+02
|            ( QUESTION17 1 -1.441e+04 2.358e+02 6.901e+01
|                ( - -4.084e+03 4 0 QUESTION14 -1 1.338e+02 1.900e+01)
|                ( - -1.009e+04 2 0 QUESTION14 -1 1.002e+02 5.001e+01))
|            ( QUESTION20 1 -3.700e+04 2.096e+02 1.712e+02
|                ( - -5.671e+03 4 0 QUESTION0_11_R 1 1.583e+02 2.686e+01)
|                ( QUESTION10 1 -3.112e+04 1.802e+02 1.443e+02
|                    ( - -3.383e+03 3 0 QUESTION14 -1 1.105e+02 1.607e+01)
|                    ( - -2.755e+04 7 0 QUESTION15 -1 4.456e+02 1.282e+02))))))
s>    ( QUESTION2_15_L -1 -7.448e+04 4.817e+02 3.464e+02
s>        ( QUESTION0_2_R 1 -9.330e+03 4.341e+02 4.619e+01
s>            ( - 1.737e+02 1 0)
s>            ( - -9.069e+03 1 0))
s>        ( QUESTION5 -1 -6.467e+04 3.156e+02 3.002e+02
s>            ( - -1.269e+04 1 0)
s>            ( QUESTION0_15_R 1 -5.166e+04 2.535e+02 2.402e+02
s>                ( QUESTION17 1 -1.441e+04 2.358e+02 6.901e+01
s>                    ( - -4.084e+03 4 0 QUESTION14 -1 1.338e+02 1.900e+01)
s>                    ( - -1.009e+04 2 0 QUESTION14 -1 1.002e+02 5.001e+01))
s>                ( QUESTION20 1 -3.700e+04 2.096e+02 1.712e+02
s>                    ( - -5.671e+03 4 0 QUESTION0_11_R 1 1.583e+02 2.686e+01)
s>                    ( QUESTION10 1 -3.112e+04 1.802e+02 1.443e+02
s>                        ( - -3.383e+03 3 0 QUESTION14 -1 1.105e+02 1.607e+01)
s>                        ( - -2.755e+04 7 0 QUESTION15 -1 4.456e+02 1.282e+02))))))INFO: dtree.c(1315): Comp split 29
INFO: dtree.c(1439): stop. leaf nodes are specific
INFO: dtree.c(1478): Final simple tree
|( QUESTION0 1 -1.226e+05 2.406e+02 5.386e+02
|    ( WDBNDRY_B 0 -1.150e+05 1.248e+02 5.056e+02
|        ( - -2.726e+03 2 0)
|        ( - -1.122e+05 17 0))
|    ( - -7.332e+03 6 0))
s>    ( QUESTION0 1 -1.226e+05 2.406e+02 5.386e+02
s>        ( WDBNDRY_B 0 -1.150e+05 1.248e+02 5.056e+02
s>            ( - -2.726e+03 2 0)
s>            ( - -1.122e+05 17 0))
s>        ( - -7.332e+03 6 0))INFO: dtree.c(1315): Comp split 30
INFO: dtree.c(1478): Final simple tree
|( WDBNDRY_E 0 -1.048e+05 4.506e+02 4.699e+02
|    ( QUESTION0_11_R 1 -6.074e+04 2.842e+02 2.784e+02
|        ( - -4.861e+04 6 0)
|        ( - -1.185e+04 1 0))
|    ( QUESTION17 1 -4.362e+04 2.434e+02 1.915e+02
|        ( - -1.226e+04 8 0)
|        ( QUESTION20 1 -3.112e+04 1.877e+02 1.361e+02
|            ( QUESTION0_11_R 1 -1.314e+04 1.420e+02 5.783e+01
|                ( - -1.199e+04 4 0)
|                ( - -1.009e+03 2 0))
|            ( QUESTION0_9_R 1 -1.780e+04 1.496e+02 7.824e+01
|                ( QUESTION0_11_R 1 -1.033e+04 1.290e+02 4.607e+01
|                    ( - -7.838e+03 5 0)
|                    ( - -2.366e+03 4 0 QUESTION0_13_R 1 9.541e+01 1.100e+01))
|                ( - -7.313e+03 4 0)))))
s>    ( WDBNDRY_E 0 -1.048e+05 4.506e+02 4.699e+02
s>        ( QUESTION0_11_R 1 -6.074e+04 2.842e+02 2.784e+02
s>            ( - -4.861e+04 6 0)
s>            ( - -1.185e+04 1 0))
s>        ( QUESTION17 1 -4.362e+04 2.434e+02 1.915e+02
s>            ( - -1.226e+04 8 0)
s>            ( QUESTION20 1 -3.112e+04 1.877e+02 1.361e+02
s>                ( QUESTION0_11_R 1 -1.314e+04 1.420e+02 5.783e+01
s>                    ( - -1.199e+04 4 0)
s>                    ( - -1.009e+03 2 0))
s>                ( QUESTION0_9_R 1 -1.780e+04 1.496e+02 7.824e+01
s>                    ( QUESTION0_11_R 1 -1.033e+04 1.290e+02 4.607e+01
s>                        ( - -7.838e+03 5 0)
s>                        ( - -2.366e+03 4 0 QUESTION0_13_R 1 9.541e+01 1.100e+01))
s>                    ( - -7.313e+03 4 0)))))INFO: dtree.c(1439): stop. leaf nodes are specific
INFO: dtree.c(1478): Final simple tree
|( QUESTION0_16_R 1 -6.579e+04 4.611e+02 2.919e+02
|    ( - -2.141e+04 3 0)
|    ( QUESTION0_12_R 1 -4.392e+04 4.436e+02 1.939e+02
|        ( - 2.207e+02 1 0)
|        ( QUESTION0_2_R 1 -4.369e+04 3.695e+02 1.929e+02
|            ( QUESTION0_5_R 1 -1.601e+04 1.459e+02 7.268e+01
|                ( - -1.241e+04 6 0)
|                ( - -3.452e+03 2 0))
|            ( QUESTION17 1 -2.732e+04 2.286e+02 1.203e+02
|                ( - -8.104e+03 5 0)
|                ( QUESTION0_9_R 1 -1.898e+04 1.304e+02 8.184e+01
|                    ( - -3.960e+03 3 0)
|                    ( - -1.489e+04 2 0))))))
s>    ( QUESTION0_16_R 1 -6.579e+04 4.611e+02 2.919e+02
s>        ( - -2.141e+04 3 0)
s>        ( QUESTION0_12_R 1 -4.392e+04 4.436e+02 1.939e+02
s>            ( - 2.207e+02 1 0)
s>            ( QUESTION0_2_R 1 -4.369e+04 3.695e+02 1.929e+02
s>                ( QUESTION0_5_R 1 -1.601e+04 1.459e+02 7.268e+01
s>                    ( - -1.241e+04 6 0)
s>                    ( - -3.452e+03 2 0))
s>                ( QUESTION17 1 -2.732e+04 2.286e+02 1.203e+02
s>                    ( - -8.104e+03 5 0)
s>                    ( QUESTION0_9_R 1 -1.898e+04 1.304e+02 8.184e+01
s>                        ( - -3.960e+03 3 0)
s>                        ( - -1.489e+04 2 0))))))INFO: dtree.c(1315): Comp split 31
INFO: dtree.c(1478): Final simple tree
|( QUESTION2_15_L -1 -6.491e+04 4.206e+02 3.012e+02
|    ( - 1.737e+02 1 0)
|    ( QUESTION5 -1 -6.467e+04 3.156e+02 3.002e+02
|        ( - -1.269e+04 1 0)
|        ( QUESTION0_15_R 1 -5.166e+04 2.535e+02 2.402e+02
|            ( QUESTION17 1 -1.441e+04 2.358e+02 6.901e+01
|                ( - -4.084e+03 4 0 QUESTION14 -1 1.338e+02 1.900e+01)
|                ( - -1.009e+04 2 0 QUESTION14 -1 1.002e+02 5.001e+01))
|            ( QUESTION20 1 -3.700e+04 2.096e+02 1.712e+02
|                ( - -5.671e+03 4 0 QUESTION0_11_R 1 1.583e+02 2.686e+01)
|                ( QUESTION10 1 -3.112e+04 1.802e+02 1.443e+02
|                    ( - -3.383e+03 3 0 QUESTION14 -1 1.105e+02 1.607e+01)
|                    ( QUESTION15 -1 -2.755e+04 4.456e+02 1.282e+02
|                        ( - 1.841e+02 1 0)
|                        ( - -2.729e+04 6 0 QUESTION2 -1 1.546e+02 1.272e+02)))))))
s>    ( QUESTION2_15_L -1 -6.491e+04 4.206e+02 3.012e+02
s>        ( - 1.737e+02 1 0)
s>        ( QUESTION5 -1 -6.467e+04 3.156e+02 3.002e+02
s>            ( - -1.269e+04 1 0)
s>            ( QUESTION0_15_R 1 -5.166e+04 2.535e+02 2.402e+02
s>                ( QUESTION17 1 -1.441e+04 2.358e+02 6.901e+01
s>                    ( - -4.084e+03 4 0 QUESTION14 -1 1.338e+02 1.900e+01)
s>                    ( - -1.009e+04 2 0 QUESTION14 -1 1.002e+02 5.001e+01))
s>                ( QUESTION20 1 -3.700e+04 2.096e+02 1.712e+02
s>                    ( - -5.671e+03 4 0 QUESTION0_11_R 1 1.583e+02 2.686e+01)
s>                    ( QUESTION10 1 -3.112e+04 1.802e+02 1.443e+02
s>                        ( - -3.383e+03 3 0 QUESTION14 -1 1.105e+02 1.607e+01)
s>                        ( QUESTION15 -1 -2.755e+04 4.456e+02 1.282e+02
s>                            ( - 1.841e+02 1 0)
s>                            ( - -2.729e+04 6 0 QUESTION2 -1 1.546e+02 1.272e+02)))))))INFO: dtree.c(1315): Comp split 32
INFO: dtree.c(1439): stop. leaf nodes are specific
INFO: dtree.c(1478): Final simple tree
|( QUESTION17 1 -9.156e+04 2.756e+02 4.218e+02
|    ( - -6.782e+03 2 0)
|    ( QUESTION0_9_R 1 -8.450e+04 2.240e+02 3.894e+02
|        ( QUESTION2_17_L -1 -2.416e+03 1.540e+02 1.200e+01
|            ( - -3.023e+02 1 0)
|            ( - -1.959e+03 1 0))
|        ( QUESTION0_2_R 1 -8.186e+04 1.219e+02 3.774e+02
|            ( - -5.436e+02 1 0)
|            ( - -8.120e+04 1 0))))
s>    ( QUESTION17 1 -9.156e+04 2.756e+02 4.218e+02
s>        ( - -6.782e+03 2 0)
s>        ( QUESTION0_9_R 1 -8.450e+04 2.240e+02 3.894e+02
s>            ( QUESTION2_17_L -1 -2.416e+03 1.540e+02 1.200e+01
s>                ( - -3.023e+02 1 0)
s>                ( - -1.959e+03 1 0))
s>            ( QUESTION0_2_R 1 -8.186e+04 1.219e+02 3.774e+02
s>                ( - -5.436e+02 1 0)
s>                ( - -8.120e+04 1 0))))INFO: dtree.c(1439): stop. leaf nodes are specific
INFO: dtree.c(1478): Final simple tree
|( QUESTION14 -1 -1.744e+04 1.142e+02 8.073e+01
|    ( - -1.107e+04 1 0)
|    ( - -6.257e+03 1 0))
s>    ( QUESTION14 -1 -1.744e+04 1.142e+02 8.073e+01
s>        ( - -1.107e+04 1 0)
s>        ( - -6.257e+03 1 0))INFO: dtree.c(1315): Comp split 33
INFO: dtree.c(1315): Comp split 34
INFO: dtree.c(1439): stop. leaf nodes are specific
INFO: dtree.c(1478): Final simple tree
|( QUESTION0_11_R 1 -6.875e+04 2.752e+02 3.134e+02
|    ( WDBNDRY_E 0 -5.663e+04 1.793e+02 2.597e+02
|        ( - -4.861e+04 6 0)
|        ( - -7.838e+03 5 0))
|    ( - -1.185e+04 1 0))
s>    ( QUESTION0_11_R 1 -6.875e+04 2.752e+02 3.134e+02
s>        ( WDBNDRY_E 0 -5.663e+04 1.793e+02 2.597e+02
s>            ( - -4.861e+04 6 0)
s>            ( - -7.838e+03 5 0))
s>        ( - -1.185e+04 1 0))INFO: dtree.c(1439): stop. leaf nodes are specific
INFO: dtree.c(1478): Final simple tree
|( QUESTION0_11_R 1 -3.559e+04 2.151e+02 1.564e+02
|    ( - -1.199e+04 4 0)
|    ( QUESTION0_9_R 1 -2.339e+04 1.642e+02 1.036e+02
|        ( QUESTION2 1 -3.502e+03 1.271e+02 1.600e+01
|            ( QUESTION0_13_R 1 -2.366e+03 9.541e+01 1.100e+01
|                ( - -1.921e+03 3 0)
|                ( - -3.498e+02 1 0))
|            ( - -1.009e+03 2 0))
|        ( QUESTION17 1 -1.972e+04 1.565e+02 8.758e+01
|            ( - -1.226e+04 8 0)
|            ( - -7.313e+03 4 0))))
s>    ( QUESTION0_11_R 1 -3.559e+04 2.151e+02 1.564e+02
s>        ( - -1.199e+04 4 0)
s>        ( QUESTION0_9_R 1 -2.339e+04 1.642e+02 1.036e+02
s>            ( QUESTION2 1 -3.502e+03 1.271e+02 1.600e+01
s>                ( QUESTION0_13_R 1 -2.366e+03 9.541e+01 1.100e+01
s>                    ( - -1.921e+03 3 0)
s>                    ( - -3.498e+02 1 0))
s>                ( - -1.009e+03 2 0))
s>            ( QUESTION17 1 -1.972e+04 1.565e+02 8.758e+01
s>                ( - -1.226e+04 8 0)
s>                ( - -7.313e+03 4 0))))INFO: dtree.c(1315): Comp split 35
INFO: dtree.c(1439): stop. leaf nodes are specific
INFO: dtree.c(1478): Final simple tree
|( QUESTION0_9_R 1 -2.176e+04 1.977e+02 9.925e+01
|    ( QUESTION0_11_R 1 -1.946e+04 1.402e+02 9.020e+01
|        ( - -1.435e+03 1 0)
|        ( - -1.788e+04 1 0))
|    ( - -2.105e+03 1 0))
s>    ( QUESTION0_9_R 1 -2.176e+04 1.977e+02 9.925e+01
s>        ( QUESTION0_11_R 1 -1.946e+04 1.402e+02 9.020e+01
s>            ( - -1.435e+03 1 0)
s>            ( - -1.788e+04 1 0))
s>        ( - -2.105e+03 1 0))INFO: dtree.c(1315): Comp split 36
INFO: dtree.c(1439): stop. leaf nodes are specific
INFO: dtree.c(1478): Final simple tree
|( QUESTION0_12_R 1 -4.392e+04 4.436e+02 1.939e+02
|    ( - 2.207e+02 1 0)
|    ( QUESTION0_2_R 1 -4.369e+04 3.695e+02 1.929e+02
|        ( QUESTION0_5_R 1 -1.601e+04 1.459e+02 7.268e+01
|            ( - -1.241e+04 6 0)
|            ( - -3.452e+03 2 0))
|        ( QUESTION17 1 -2.732e+04 2.286e+02 1.203e+02
|            ( - -8.104e+03 5 0)
|            ( QUESTION0_9_R 1 -1.898e+04 1.304e+02 8.184e+01
|                ( - -3.960e+03 3 0)
|                ( - -1.489e+04 2 0)))))
s>    ( QUESTION0_12_R 1 -4.392e+04 4.436e+02 1.939e+02
s>        ( - 2.207e+02 1 0)
s>        ( QUESTION0_2_R 1 -4.369e+04 3.695e+02 1.929e+02
s>            ( QUESTION0_5_R 1 -1.601e+04 1.459e+02 7.268e+01
s>                ( - -1.241e+04 6 0)
s>                ( - -3.452e+03 2 0))
s>            ( QUESTION17 1 -2.732e+04 2.286e+02 1.203e+02
s>                ( - -8.104e+03 5 0)
s>                ( QUESTION0_9_R 1 -1.898e+04 1.304e+02 8.184e+01
s>                    ( - -3.960e+03 3 0)
s>                    ( - -1.489e+04 2 0)))))INFO: dtree.c(1315): Comp split 37
INFO: dtree.c(1439): stop. leaf nodes are specific
INFO: dtree.c(1478): Final simple tree
|( QUESTION19 -1 -1.384e+04 2.017e+02 6.356e+01
|    ( - -2.092e+02 1 0)
|    ( QUESTION18 -1 -1.342e+04 1.516e+02 6.156e+01
|        ( - -2.504e+03 1 0)
|        ( QUESTION14 -1 -1.077e+04 1.305e+02 4.955e+01
|            ( - -9.221e+03 1 0)
|            ( - -1.418e+03 1 0))))
s>    ( QUESTION19 -1 -1.384e+04 2.017e+02 6.356e+01
s>        ( - -2.092e+02 1 0)
s>        ( QUESTION18 -1 -1.342e+04 1.516e+02 6.156e+01
s>            ( - -2.504e+03 1 0)
s>            ( QUESTION14 -1 -1.077e+04 1.305e+02 4.955e+01
s>                ( - -9.221e+03 1 0)
s>                ( - -1.418e+03 1 0))))INFO: dtree.c(1315): Comp split 38
INFO: dtree.c(1439): stop. leaf nodes are specific
INFO: dtree.c(1478): Final simple tree
|( WDBNDRY_B 0 -3.643e+05 3.129e+02 1.650e+03
|    ( QUESTION2 -1 -2.519e+04 1.157e+02 1.150e+02
|        ( - -3.583e+03 3 0)
|        ( - -2.149e+04 5 0))
|    ( - -3.388e+05 7 0))
s>    ( WDBNDRY_B 0 -3.643e+05 3.129e+02 1.650e+03
s>        ( QUESTION2 -1 -2.519e+04 1.157e+02 1.150e+02
s>            ( - -3.583e+03 3 0)
s>            ( - -2.149e+04 5 0))
s>        ( - -3.388e+05 7 0))INFO: dtree.c(1315): Comp split 39
INFO: dtree.c(1439): stop. leaf nodes are specific
INFO: dtree.c(1478): Final simple tree
|( QUESTION0_3_R 1 -1.691e+05 2.780e+02 7.502e+02
|    ( QUESTION11 1 -1.626e+05 1.177e+02 7.222e+02
|        ( - -1.619e+05 5 0)
|        ( - -6.003e+02 1 0))
|    ( QUESTION0_5_R 1 -6.265e+03 1.732e+02 2.802e+01
|        ( - -3.726e+03 3 0)
|        ( - -2.365e+03 3 0)))
s>    ( QUESTION0_3_R 1 -1.691e+05 2.780e+02 7.502e+02
s>        ( QUESTION11 1 -1.626e+05 1.177e+02 7.222e+02
s>            ( - -1.619e+05 5 0)
s>            ( - -6.003e+02 1 0))
s>        ( QUESTION0_5_R 1 -6.265e+03 1.732e+02 2.802e+01
s>            ( - -3.726e+03 3 0)
s>            ( - -2.365e+03 3 0)))INFO: dtree.c(1315): Comp split 40
INFO: dtree.c(1478): Final simple tree
|( QUESTION2_15_L -1 -6.465e+04 4.206e+02 3.002e+02
|    ( - 1.737e+02 1 0)
|    ( QUESTION5 -1 -6.440e+04 3.152e+02 2.992e+02
|        ( - -1.269e+04 1 0)
|        ( QUESTION0_15_R 1 -5.140e+04 2.520e+02 2.392e+02
|            ( QUESTION17 1 -1.441e+04 2.358e+02 6.901e+01
|                ( - -4.084e+03 4 0 QUESTION14 -1 1.338e+02 1.900e+01)
|                ( - -1.009e+04 2 0 QUESTION14 -1 1.002e+02 5.001e+01))
|            ( QUESTION20 1 -3.674e+04 2.093e+02 1.702e+02
|                ( QUESTION0_11_R 1 -5.671e+03 1.583e+02 2.686e+01
|                    ( - -1.794e+03 2 0 QUESTION2 -1 1.114e+02 9.000e+00)
|                    ( - -3.718e+03 2 0 QUESTION14 -1 4.574e+02 1.786e+01))
|                ( QUESTION10 1 -3.086e+04 1.818e+02 1.433e+02
|                    ( - -3.383e+03 3 0 QUESTION14 -1 1.105e+02 1.607e+01)
|                    ( - -2.729e+04 6 0 QUESTION2 -1 1.546e+02 1.272e+02))))))
s>    ( QUESTION2_15_L -1 -6.465e+04 4.206e+02 3.002e+02
s>        ( - 1.737e+02 1 0)
s>        ( QUESTION5 -1 -6.440e+04 3.152e+02 2.992e+02
s>            ( - -1.269e+04 1 0)
s>            ( QUESTION0_15_R 1 -5.140e+04 2.520e+02 2.392e+02
s>                ( QUESTION17 1 -1.441e+04 2.358e+02 6.901e+01
s>                    ( - -4.084e+03 4 0 QUESTION14 -1 1.338e+02 1.900e+01)
s>                    ( - -1.009e+04 2 0 QUESTION14 -1 1.002e+02 5.001e+01))
s>                ( QUESTION20 1 -3.674e+04 2.093e+02 1.702e+02
s>                    ( QUESTION0_11_R 1 -5.671e+03 1.583e+02 2.686e+01
s>                        ( - -1.794e+03 2 0 QUESTION2 -1 1.114e+02 9.000e+00)
s>                        ( - -3.718e+03 2 0 QUESTION14 -1 4.574e+02 1.786e+01))
s>                    ( QUESTION10 1 -3.086e+04 1.818e+02 1.433e+02
s>                        ( - -3.383e+03 3 0 QUESTION14 -1 1.105e+02 1.607e+01)
s>                        ( - -2.729e+04 6 0 QUESTION2 -1 1.546e+02 1.272e+02))))))INFO: dtree.c(1315): Comp split 41
INFO: dtree.c(1439): stop. leaf nodes are specific
INFO: dtree.c(1478): Final simple tree
|( QUESTION5 -1 -1.517e+06 3.542e+02 6.909e+03
|    ( - -4.590e+03 2 0)
|    ( WDBNDRY_B 0 -1.512e+06 1.266e+02 6.887e+03
|        ( QUESTION2 -1 -4.756e+03 1.180e+02 2.200e+01
|            ( - -1.490e+03 2 0)
|            ( - -3.148e+03 3 0))
|        ( - -1.507e+06 5 0)))
s>    ( QUESTION5 -1 -1.517e+06 3.542e+02 6.909e+03
s>        ( - -4.590e+03 2 0)
s>        ( WDBNDRY_B 0 -1.512e+06 1.266e+02 6.887e+03
s>            ( QUESTION2 -1 -4.756e+03 1.180e+02 2.200e+01
s>                ( - -1.490e+03 2 0)
s>                ( - -3.148e+03 3 0))
s>            ( - -1.507e+06 5 0)))INFO: dtree.c(1315): Comp split 42
INFO: dtree.c(1439): stop. leaf nodes are specific
INFO: dtree.c(1478): Final simple tree
|( QUESTION0_2_R 1 -4.369e+04 3.695e+02 1.929e+02
|    ( QUESTION0_5_R 1 -1.601e+04 1.459e+02 7.268e+01
|        ( - -1.241e+04 6 0)
|        ( - -3.452e+03 2 0))
|    ( QUESTION17 1 -2.732e+04 2.286e+02 1.203e+02
|        ( - -8.104e+03 5 0)
|        ( QUESTION0_9_R 1 -1.898e+04 1.304e+02 8.184e+01
|            ( - -3.960e+03 3 0)
|            ( - -1.489e+04 2 0))))
s>    ( QUESTION0_2_R 1 -4.369e+04 3.695e+02 1.929e+02
s>        ( QUESTION0_5_R 1 -1.601e+04 1.459e+02 7.268e+01
s>            ( - -1.241e+04 6 0)
s>            ( - -3.452e+03 2 0))
s>        ( QUESTION17 1 -2.732e+04 2.286e+02 1.203e+02
s>            ( - -8.104e+03 5 0)
s>            ( QUESTION0_9_R 1 -1.898e+04 1.304e+02 8.184e+01
s>                ( - -3.960e+03 3 0)
s>                ( - -1.489e+04 2 0))))INFO: dtree.c(1315): Comp split 43
INFO: dtree.c(1478): Final simple tree
|( QUESTION5 -1 -6.440e+04 3.152e+02 2.992e+02
|    ( - -1.269e+04 1 0)
|    ( QUESTION0_15_R 1 -5.140e+04 2.520e+02 2.392e+02
|        ( QUESTION17 1 -1.441e+04 2.358e+02 6.901e+01
|            ( - -4.084e+03 4 0 QUESTION14 -1 1.338e+02 1.900e+01)
|            ( - -1.009e+04 2 0 QUESTION14 -1 1.002e+02 5.001e+01))
|        ( QUESTION20 1 -3.674e+04 2.093e+02 1.702e+02
|            ( QUESTION0_11_R 1 -5.671e+03 1.583e+02 2.686e+01
|                ( - -1.794e+03 2 0 QUESTION2 -1 1.114e+02 9.000e+00)
|                ( QUESTION14 -1 -3.718e+03 4.574e+02 1.786e+01
|                    ( - -3.477e+03 1 0)
|                    ( - 2.164e+02 1 0)))
|            ( QUESTION10 1 -3.086e+04 1.818e+02 1.433e+02
|                ( - -3.383e+03 3 0 QUESTION14 -1 1.105e+02 1.607e+01)
|                ( - -2.729e+04 6 0 QUESTION2 -1 1.546e+02 1.272e+02)))))
s>    ( QUESTION5 -1 -6.440e+04 3.152e+02 2.992e+02
s>        ( - -1.269e+04 1 0)
s>        ( QUESTION0_15_R 1 -5.140e+04 2.520e+02 2.392e+02
s>            ( QUESTION17 1 -1.441e+04 2.358e+02 6.901e+01
s>                ( - -4.084e+03 4 0 QUESTION14 -1 1.338e+02 1.900e+01)
s>                ( - -1.009e+04 2 0 QUESTION14 -1 1.002e+02 5.001e+01))
s>            ( QUESTION20 1 -3.674e+04 2.093e+02 1.702e+02
s>                ( QUESTION0_11_R 1 -5.671e+03 1.583e+02 2.686e+01
s>                    ( - -1.794e+03 2 0 QUESTION2 -1 1.114e+02 9.000e+00)
s>                    ( QUESTION14 -1 -3.718e+03 4.574e+02 1.786e+01
s>                        ( - -3.477e+03 1 0)
s>                        ( - 2.164e+02 1 0)))
s>                ( QUESTION10 1 -3.086e+04 1.818e+02 1.433e+02
s>                    ( - -3.383e+03 3 0 QUESTION14 -1 1.105e+02 1.607e+01)
s>                    ( - -2.729e+04 6 0 QUESTION2 -1 1.546e+02 1.272e+02)))))INFO: dtree.c(1315): Comp split 44
INFO: dtree.c(1478): Final simple tree
|( QUESTION5 -1 -6.417e+04 3.174e+02 2.982e+02
|    ( - -1.269e+04 1 0)
|    ( QUESTION0_15_R 1 -5.116e+04 2.495e+02 2.382e+02
|        ( QUESTION17 1 -1.441e+04 2.358e+02 6.901e+01
|            ( - -4.084e+03 4 0 QUESTION14 -1 1.338e+02 1.900e+01)
|            ( - -1.009e+04 2 0 QUESTION14 -1 1.002e+02 5.001e+01))
|        ( QUESTION20 1 -3.650e+04 2.154e+02 1.692e+02
|            ( QUESTION0_11_R 1 -5.428e+03 1.565e+02 2.586e+01
|                ( - -1.794e+03 2 0 QUESTION2 -1 1.114e+02 9.000e+00)
|                ( - -3.477e+03 1 0))
|            ( QUESTION10 1 -3.086e+04 1.818e+02 1.433e+02
|                ( - -3.383e+03 3 0 QUESTION14 -1 1.105e+02 1.607e+01)
|                ( QUESTION2 -1 -2.729e+04 1.546e+02 1.272e+02
|                    ( - -5.588e+02 1 0)
|                    ( - -2.658e+04 5 0 QUESTION0_2_R 1 1.170e+02 1.242e+02))))))
s>    ( QUESTION5 -1 -6.417e+04 3.174e+02 2.982e+02
s>        ( - -1.269e+04 1 0)
s>        ( QUESTION0_15_R 1 -5.116e+04 2.495e+02 2.382e+02
s>            ( QUESTION17 1 -1.441e+04 2.358e+02 6.901e+01
s>                ( - -4.084e+03 4 0 QUESTION14 -1 1.338e+02 1.900e+01)
s>                ( - -1.009e+04 2 0 QUESTION14 -1 1.002e+02 5.001e+01))
s>            ( QUESTION20 1 -3.650e+04 2.154e+02 1.692e+02
s>                ( QUESTION0_11_R 1 -5.428e+03 1.565e+02 2.586e+01
s>                    ( - -1.794e+03 2 0 QUESTION2 -1 1.114e+02 9.000e+00)
s>                    ( - -3.477e+03 1 0))
s>                ( QUESTION10 1 -3.086e+04 1.818e+02 1.433e+02
s>                    ( - -3.383e+03 3 0 QUESTION14 -1 1.105e+02 1.607e+01)
s>                    ( QUESTION2 -1 -2.729e+04 1.546e+02 1.272e+02
s>                        ( - -5.588e+02 1 0)
s>                        ( - -2.658e+04 5 0 QUESTION0_2_R 1 1.170e+02 1.242e+02))))))INFO: dtree.c(1315): Comp split 45
INFO: dtree.c(1439): stop. leaf nodes are specific
INFO: dtree.c(1478): Final simple tree
|( QUESTION2 -1 -1.880e+04 1.190e+02 8.669e+01
|    ( - -1.816e+04 1 0)
|    ( - -5.256e+02 1 0))
s>    ( QUESTION2 -1 -1.880e+04 1.190e+02 8.669e+01
s>        ( - -1.816e+04 1 0)
s>        ( - -5.256e+02 1 0))INFO: dtree.c(1315): Comp split 46
INFO: dtree.c(1439): stop. leaf nodes are specific
INFO: dtree.c(1478): Final simple tree
|( QUESTION0_9_R 1 -1.898e+04 1.304e+02 8.184e+01
|    ( - -3.960e+03 3 0)
|    ( - -1.489e+04 2 0))
s>    ( QUESTION0_9_R 1 -1.898e+04 1.304e+02 8.184e+01
s>        ( - -3.960e+03 3 0)
s>        ( - -1.489e+04 2 0))INFO: dtree.c(1439): stop. leaf nodes are specific
INFO: dtree.c(1478): Final simple tree
|( QUESTION0_2_R 1 -2.434e+04 2.255e+02 1.111e+02
|    ( QUESTION0_5_R 1 -1.601e+04 1.459e+02 7.268e+01
|        ( - -1.241e+04 6 0)
|        ( - -3.452e+03 2 0))
|    ( - -8.104e+03 5 0))
s>    ( QUESTION0_2_R 1 -2.434e+04 2.255e+02 1.111e+02
s>        ( QUESTION0_5_R 1 -1.601e+04 1.459e+02 7.268e+01
s>            ( - -1.241e+04 6 0)
s>            ( - -3.452e+03 2 0))
s>        ( - -8.104e+03 5 0))INFO: dtree.c(1315): Comp split 47
INFO: dtree.c(1315): Comp split 48
INFO: dtree.c(1439): stop. leaf nodes are specific
INFO: dtree.c(1478): Final simple tree
|( WDBNDRY_B 0 -1.512e+06 1.266e+02 6.887e+03
|    ( QUESTION2 -1 -4.756e+03 1.180e+02 2.200e+01
|        ( - -1.490e+03 2 0)
|        ( - -3.148e+03 3 0))
|    ( - -1.507e+06 5 0))
s>    ( WDBNDRY_B 0 -1.512e+06 1.266e+02 6.887e+03
s>        ( QUESTION2 -1 -4.756e+03 1.180e+02 2.200e+01
s>            ( - -1.490e+03 2 0)
s>            ( - -3.148e+03 3 0))
s>        ( - -1.507e+06 5 0))INFO: dtree.c(1315): Comp split 49
INFO: dtree.c(1439): stop. leaf nodes are specific
INFO: dtree.c(1478): Final simple tree
|( WDBNDRY_B 0 -1.531e+06 1.369e+02 7.142e+03
|    ( - -4.757e+03 3 0)
|    ( - -1.526e+06 5 0))
s>    ( WDBNDRY_B 0 -1.531e+06 1.369e+02 7.142e+03
s>        ( - -4.757e+03 3 0)
s>        ( - -1.526e+06 5 0))INFO: dtree.c(1315): Comp split 50
INFO: dtree.c(1439): stop. leaf nodes are specific
INFO: dtree.c(1478): Final simple tree
|( QUESTION14 -1 -1.009e+04 1.002e+02 5.001e+01
|    ( - -8.876e+03 1 0)
|    ( - -1.118e+03 1 0))
s>    ( QUESTION14 -1 -1.009e+04 1.002e+02 5.001e+01
s>        ( - -8.876e+03 1 0)
s>        ( - -1.118e+03 1 0))INFO: dtree.c(1478): Final simple tree
|( QUESTION5 -1 -5.374e+04 3.011e+02 2.482e+02
|    ( - -1.269e+04 1 0)
|    ( QUESTION19 1 -4.075e+04 2.044e+02 1.882e+02
|        ( QUESTION2 -1 -2.287e+04 1.513e+02 1.062e+02
|            ( - -5.588e+02 1 0)
|            ( - -2.216e+04 3 0))
|        ( QUESTION0_2_R 1 -1.767e+04 1.907e+02 8.194e+01
|            ( QUESTION0_7_R 1 -7.845e+03 1.650e+02 3.707e+01
|                ( - -4.297e+03 2 0)
|                ( - -3.383e+03 3 0 QUESTION14 -1 1.105e+02 1.607e+01))
|            ( QUESTION14 -1 -9.632e+03 1.612e+02 4.486e+01
|                ( QUESTION0_9_R 1 -5.516e+03 1.355e+02 2.586e+01
|                    ( - -3.477e+03 1 0)
|                    ( - -1.903e+03 2 0))
|                ( - -3.955e+03 4 0 QUESTION16 -1 1.267e+02 1.900e+01)))))
s>    ( QUESTION5 -1 -5.374e+04 3.011e+02 2.482e+02
s>        ( - -1.269e+04 1 0)
s>        ( QUESTION19 1 -4.075e+04 2.044e+02 1.882e+02
s>            ( QUESTION2 -1 -2.287e+04 1.513e+02 1.062e+02
s>                ( - -5.588e+02 1 0)
s>                ( - -2.216e+04 3 0))
s>            ( QUESTION0_2_R 1 -1.767e+04 1.907e+02 8.194e+01
s>                ( QUESTION0_7_R 1 -7.845e+03 1.650e+02 3.707e+01
s>                    ( - -4.297e+03 2 0)
s>                    ( - -3.383e+03 3 0 QUESTION14 -1 1.105e+02 1.607e+01))
s>                ( QUESTION14 -1 -9.632e+03 1.612e+02 4.486e+01
s>                    ( QUESTION0_9_R 1 -5.516e+03 1.355e+02 2.586e+01
s>                        ( - -3.477e+03 1 0)
s>                        ( - -1.903e+03 2 0))
s>                    ( - -3.955e+03 4 0 QUESTION16 -1 1.267e+02 1.900e+01)))))INFO: dtree.c(1315): Comp split 51
INFO: dtree.c(1439): stop. leaf nodes are specific
INFO: dtree.c(1478): Final simple tree
|( WDBNDRY_B 0 -4.542e+04 1.469e+02 2.071e+02
|    ( - -4.366e+04 12 0)
|    ( - -1.619e+03 1 0))
s>    ( WDBNDRY_B 0 -4.542e+04 1.469e+02 2.071e+02
s>        ( - -4.366e+04 12 0)
s>        ( - -1.619e+03 1 0))INFO: dtree.c(1315): Comp split 52
INFO: dtree.c(1439): stop. leaf nodes are specific
INFO: dtree.c(1478): Final simple tree
|( QUESTION5 -1 -1.681e+04 1.693e+02 7.901e+01
|    ( - -1.269e+04 1 0)
|    ( QUESTION16 -1 -3.955e+03 1.267e+02 1.900e+01
|        ( - -4.932e+02 1 0)
|        ( QUESTION0_9_R 1 -3.335e+03 9.852e+01 1.600e+01
|            ( - -1.189e+03 1 0)
|            ( - -2.047e+03 2 0))))
s>    ( QUESTION5 -1 -1.681e+04 1.693e+02 7.901e+01
s>        ( - -1.269e+04 1 0)
s>        ( QUESTION16 -1 -3.955e+03 1.267e+02 1.900e+01
s>            ( - -4.932e+02 1 0)
s>            ( QUESTION0_9_R 1 -3.335e+03 9.852e+01 1.600e+01
s>                ( - -1.189e+03 1 0)
s>                ( - -2.047e+03 2 0))))INFO: dtree.c(1478): Final simple tree
|( QUESTION0_12_R 1 -3.661e+04 1.964e+02 1.692e+02
|    ( - -3.477e+03 1 0)
|    ( QUESTION10 1 -3.293e+04 1.779e+02 1.523e+02
|        ( QUESTION14 -1 -3.383e+03 1.105e+02 1.607e+01
|            ( - -9.596e+02 1 0)
|            ( QUESTION0_3_R 1 -2.313e+03 9.959e+01 1.107e+01
|                ( - -7.251e+02 1 0)
|                ( - -1.488e+03 1 0)))
|        ( QUESTION0_15_R 1 -2.937e+04 1.795e+02 1.362e+02
|            ( - -1.903e+03 2 0)
|            ( QUESTION2 -1 -2.729e+04 1.546e+02 1.272e+02
|                ( - -5.588e+02 1 0)
|                ( QUESTION0_2_R 1 -2.658e+04 1.170e+02 1.242e+02
|                    ( - -4.297e+03 2 0)
|                    ( - -2.216e+04 3 0))))))
s>    ( QUESTION0_12_R 1 -3.661e+04 1.964e+02 1.692e+02
s>        ( - -3.477e+03 1 0)
s>        ( QUESTION10 1 -3.293e+04 1.779e+02 1.523e+02
s>            ( QUESTION14 -1 -3.383e+03 1.105e+02 1.607e+01
s>                ( - -9.596e+02 1 0)
s>                ( QUESTION0_3_R 1 -2.313e+03 9.959e+01 1.107e+01
s>                    ( - -7.251e+02 1 0)
s>                    ( - -1.488e+03 1 0)))
s>            ( QUESTION0_15_R 1 -2.937e+04 1.795e+02 1.362e+02
s>                ( - -1.903e+03 2 0)
s>                ( QUESTION2 -1 -2.729e+04 1.546e+02 1.272e+02
s>                    ( - -5.588e+02 1 0)
s>                    ( QUESTION0_2_R 1 -2.658e+04 1.170e+02 1.242e+02
s>                        ( - -4.297e+03 2 0)
s>                        ( - -2.216e+04 3 0))))))INFO: dtree.c(1315): Comp split 53
INFO: dtree.c(1439): stop. leaf nodes are specific
INFO: dtree.c(1478): Final simple tree
|( QUESTION0_2_R 1 -8.186e+04 1.219e+02 3.774e+02
|    ( - -5.436e+02 1 0)
|    ( - -8.120e+04 1 0))
s>    ( QUESTION0_2_R 1 -8.186e+04 1.219e+02 3.774e+02
s>        ( - -5.436e+02 1 0)
s>        ( - -8.120e+04 1 0))INFO: dtree.c(1439): stop. leaf nodes are specific
INFO: dtree.c(1478): Final simple tree
|( QUESTION0_9_R 1 -9.384e+03 1.862e+02 4.438e+01
|    ( QUESTION2_17_L -1 -2.416e+03 1.540e+02 1.200e+01
|        ( - -3.023e+02 1 0)
|        ( - -1.959e+03 1 0))
|    ( - -6.782e+03 2 0))
s>    ( QUESTION0_9_R 1 -9.384e+03 1.862e+02 4.438e+01
s>        ( QUESTION2_17_L -1 -2.416e+03 1.540e+02 1.200e+01
s>            ( - -3.023e+02 1 0)
s>            ( - -1.959e+03 1 0))
s>        ( - -6.782e+03 2 0))INFO: dtree.c(1315): Comp split 54
INFO: dtree.c(1439): stop. leaf nodes are specific
INFO: dtree.c(1478): Final simple tree
|( QUESTION2 -1 -2.519e+04 1.157e+02 1.150e+02
|    ( - -3.583e+03 3 0)
|    ( - -2.149e+04 5 0))
s>    ( QUESTION2 -1 -2.519e+04 1.157e+02 1.150e+02
s>        ( - -3.583e+03 3 0)
s>        ( - -2.149e+04 5 0))INFO: dtree.c(1315): Comp split 55
INFO: dtree.c(1439): stop. leaf nodes are specific
INFO: dtree.c(1478): Final simple tree
|( QUESTION0_6_R 1 -6.968e+03 1.670e+02 3.102e+01
|    ( - -2.365e+03 3 0)
|    ( QUESTION0_3_R 1 -4.436e+03 1.091e+02 2.002e+01
|        ( - -6.003e+02 1 0)
|        ( - -3.726e+03 3 0)))
s>    ( QUESTION0_6_R 1 -6.968e+03 1.670e+02 3.102e+01
s>        ( - -2.365e+03 3 0)
s>        ( QUESTION0_3_R 1 -4.436e+03 1.091e+02 2.002e+01
s>            ( - -6.003e+02 1 0)
s>            ( - -3.726e+03 3 0)))INFO: dtree.c(1315): Comp split 56
INFO: dtree.c(1315): Comp split 57
INFO: dtree.c(1439): stop. leaf nodes are specific
INFO: dtree.c(1478): Final simple tree
|( WDBNDRY_E 0 -5.663e+04 1.793e+02 2.597e+02
|    ( - -4.861e+04 6 0)
|    ( - -7.838e+03 5 0))
s>    ( WDBNDRY_E 0 -5.663e+04 1.793e+02 2.597e+02
s>        ( - -4.861e+04 6 0)
s>        ( - -7.838e+03 5 0))INFO: dtree.c(1315): Comp split 58
INFO: dtree.c(1315): Comp split 59
INFO: dtree.c(1439): stop. leaf nodes are specific
INFO: dtree.c(1478): Final simple tree
|( WDBNDRY_B 0 -1.150e+05 1.248e+02 5.056e+02
|    ( - -2.726e+03 2 0)
|    ( - -1.122e+05 17 0))
s>    ( WDBNDRY_B 0 -1.150e+05 1.248e+02 5.056e+02
s>        ( - -2.726e+03 2 0)
s>        ( - -1.122e+05 17 0))INFO: dtree.c(1315): Comp split 60
INFO: dtree.c(1439): stop. leaf nodes are specific
INFO: dtree.c(1478): Final simple tree
|( QUESTION10 1 -3.086e+04 1.818e+02 1.433e+02
|    ( QUESTION14 -1 -3.383e+03 1.105e+02 1.607e+01
|        ( - -9.596e+02 1 0)
|        ( QUESTION0_3_R 1 -2.313e+03 9.959e+01 1.107e+01
|            ( - -7.251e+02 1 0)
|            ( - -1.488e+03 1 0)))
|    ( QUESTION2 -1 -2.729e+04 1.546e+02 1.272e+02
|        ( - -5.588e+02 1 0)
|        ( QUESTION0_2_R 1 -2.658e+04 1.170e+02 1.242e+02
|            ( - -4.297e+03 2 0)
|            ( - -2.216e+04 3 0))))
s>    ( QUESTION10 1 -3.086e+04 1.818e+02 1.433e+02
s>        ( QUESTION14 -1 -3.383e+03 1.105e+02 1.607e+01
s>            ( - -9.596e+02 1 0)
s>            ( QUESTION0_3_R 1 -2.313e+03 9.959e+01 1.107e+01
s>                ( - -7.251e+02 1 0)
s>                ( - -1.488e+03 1 0)))
s>        ( QUESTION2 -1 -2.729e+04 1.546e+02 1.272e+02
s>            ( - -5.588e+02 1 0)
s>            ( QUESTION0_2_R 1 -2.658e+04 1.170e+02 1.242e+02
s>                ( - -4.297e+03 2 0)
s>                ( - -2.216e+04 3 0))))INFO: dtree.c(1439): stop. leaf nodes are specific
INFO: dtree.c(1478): Final simple tree
|( QUESTION0_9_R 1 -5.516e+03 1.355e+02 2.586e+01
|    ( - -3.477e+03 1 0)
|    ( - -1.903e+03 2 0))
s>    ( QUESTION0_9_R 1 -5.516e+03 1.355e+02 2.586e+01
s>        ( - -3.477e+03 1 0)
s>        ( - -1.903e+03 2 0))INFO: dtree.c(1315): Comp split 61
INFO: dtree.c(1315): Comp split 62
INFO: dtree.c(1439): stop. leaf nodes are specific
INFO: dtree.c(1478): Final simple tree
|( QUESTION0_9_R 1 -1.431e+04 1.372e+02 6.441e+01
|    ( - -1.921e+03 3 0)
|    ( - -1.226e+04 8 0))
s>    ( QUESTION0_9_R 1 -1.431e+04 1.372e+02 6.441e+01
s>        ( - -1.921e+03 3 0)
s>        ( - -1.226e+04 8 0))INFO: dtree.c(1439): stop. leaf nodes are specific
INFO: dtree.c(1478): Final simple tree
|( QUESTION0_11_R 1 -2.105e+04 1.582e+02 9.201e+01
|    ( - -1.199e+04 4 0)
|    ( QUESTION18 1 -8.903e+03 1.413e+02 3.918e+01
|        ( - -1.009e+03 2 0)
|        ( QUESTION0_9_R 1 -7.753e+03 9.102e+01 3.418e+01
|            ( - -3.498e+02 1 0)
|            ( - -7.313e+03 4 0))))
s>    ( QUESTION0_11_R 1 -2.105e+04 1.582e+02 9.201e+01
s>        ( - -1.199e+04 4 0)
s>        ( QUESTION18 1 -8.903e+03 1.413e+02 3.918e+01
s>            ( - -1.009e+03 2 0)
s>            ( QUESTION0_9_R 1 -7.753e+03 9.102e+01 3.418e+01
s>                ( - -3.498e+02 1 0)
s>                ( - -7.313e+03 4 0))))INFO: dtree.c(1315): Comp split 63
INFO: dtree.c(1439): stop. leaf nodes are specific
INFO: dtree.c(1478): Final simple tree
|( QUESTION0_5_R 1 -1.601e+04 1.459e+02 7.268e+01
|    ( - -1.241e+04 6 0)
|    ( - -3.452e+03 2 0))
s>    ( QUESTION0_5_R 1 -1.601e+04 1.459e+02 7.268e+01
s>        ( - -1.241e+04 6 0)
s>        ( - -3.452e+03 2 0))INFO: dtree.c(1315): Comp split 64
INFO: dtree.c(1439): stop. leaf nodes are specific
INFO: dtree.c(1478): Final simple tree
|( QUESTION0_9_R 1 -7.219e+03 1.350e+02 3.438e+01
|    ( - -3.023e+02 1 0)
|    ( - -6.782e+03 2 0))
s>    ( QUESTION0_9_R 1 -7.219e+03 1.350e+02 3.438e+01
s>        ( - -3.023e+02 1 0)
s>        ( - -6.782e+03 2 0))INFO: dtree.c(1315): Comp split 65
INFO: dtree.c(1439): stop. leaf nodes are specific
INFO: dtree.c(1478): Final simple tree
|( QUESTION18 -1 -1.342e+04 1.516e+02 6.156e+01
|    ( - -2.504e+03 1 0)
|    ( QUESTION14 -1 -1.077e+04 1.305e+02 4.955e+01
|        ( - -9.221e+03 1 0)
|        ( - -1.418e+03 1 0)))
s>    ( QUESTION18 -1 -1.342e+04 1.516e+02 6.156e+01
s>        ( - -2.504e+03 1 0)
s>        ( QUESTION14 -1 -1.077e+04 1.305e+02 4.955e+01
s>            ( - -9.221e+03 1 0)
s>            ( - -1.418e+03 1 0)))INFO: dtree.c(1315): Comp split 66
INFO: dtree.c(1439): stop. leaf nodes are specific
INFO: dtree.c(1478): Final simple tree
|( QUESTION0_11_R 1 -1.946e+04 1.402e+02 9.020e+01
|    ( - -1.435e+03 1 0)
|    ( - -1.788e+04 1 0))
s>    ( QUESTION0_11_R 1 -1.946e+04 1.402e+02 9.020e+01
s>        ( - -1.435e+03 1 0)
s>        ( - -1.788e+04 1 0))INFO: dtree.c(1315): Comp split 67
INFO: dtree.c(1439): stop. leaf nodes are specific
INFO: dtree.c(1478): Final simple tree
|( QUESTION2 -1 -2.729e+04 1.546e+02 1.272e+02
|    ( - -5.588e+02 1 0)
|    ( QUESTION0_2_R 1 -2.658e+04 1.170e+02 1.242e+02
|        ( - -4.297e+03 2 0)
|        ( - -2.216e+04 3 0)))
s>    ( QUESTION2 -1 -2.729e+04 1.546e+02 1.272e+02
s>        ( - -5.588e+02 1 0)
s>        ( QUESTION0_2_R 1 -2.658e+04 1.170e+02 1.242e+02
s>            ( - -4.297e+03 2 0)
s>            ( - -2.216e+04 3 0)))INFO: dtree.c(1439): stop. leaf nodes are specific
INFO: dtree.c(1478): Final simple tree
|( QUESTION14 -1 -3.383e+03 1.105e+02 1.607e+01
|    ( - -9.596e+02 1 0)
|    ( QUESTION0_3_R 1 -2.313e+03 9.959e+01 1.107e+01
|        ( - -7.251e+02 1 0)
|        ( - -1.488e+03 1 0)))
s>    ( QUESTION14 -1 -3.383e+03 1.105e+02 1.607e+01
s>        ( - -9.596e+02 1 0)
s>        ( QUESTION0_3_R 1 -2.313e+03 9.959e+01 1.107e+01
s>            ( - -7.251e+02 1 0)
s>            ( - -1.488e+03 1 0)))INFO: dtree.c(1315): Comp split 68
INFO: dtree.c(1315): Comp split 69
INFO: dtree.c(1315): Comp split 70
INFO: dtree.c(1315): Comp split 71
INFO: dtree.c(1315): Comp split 72
INFO: dtree.c(1439): stop. leaf nodes are specific
INFO: dtree.c(1478): Final simple tree
|( QUESTION16 -1 -3.955e+03 1.267e+02 1.900e+01
|    ( - -4.932e+02 1 0)
|    ( QUESTION0_9_R 1 -3.335e+03 9.852e+01 1.600e+01
|        ( - -1.189e+03 1 0)
|        ( - -2.047e+03 2 0)))
s>    ( QUESTION16 -1 -3.955e+03 1.267e+02 1.900e+01
s>        ( - -4.932e+02 1 0)
s>        ( QUESTION0_9_R 1 -3.335e+03 9.852e+01 1.600e+01
s>            ( - -1.189e+03 1 0)
s>            ( - -2.047e+03 2 0)))INFO: dtree.c(1315): Comp split 73
INFO: dtree.c(1439): stop. leaf nodes are specific
INFO: dtree.c(1478): Final simple tree
|( QUESTION0_3_R 1 -4.436e+03 1.091e+02 2.002e+01
|    ( - -6.003e+02 1 0)
|    ( - -3.726e+03 3 0))
s>    ( QUESTION0_3_R 1 -4.436e+03 1.091e+02 2.002e+01
s>        ( - -6.003e+02 1 0)
s>        ( - -3.726e+03 3 0))INFO: dtree.c(1315): Comp split 74
INFO: dtree.c(1439): stop. leaf nodes are specific
INFO: dtree.c(1478): Final simple tree
|( QUESTION18 1 -8.903e+03 1.413e+02 3.918e+01
|    ( - -1.009e+03 2 0)
|    ( QUESTION0_9_R 1 -7.753e+03 9.102e+01 3.418e+01
|        ( - -3.498e+02 1 0)
|        ( - -7.313e+03 4 0)))
s>    ( QUESTION18 1 -8.903e+03 1.413e+02 3.918e+01
s>        ( - -1.009e+03 2 0)
s>        ( QUESTION0_9_R 1 -7.753e+03 9.102e+01 3.418e+01
s>            ( - -3.498e+02 1 0)
s>            ( - -7.313e+03 4 0)))INFO: dtree.c(1315): Comp split 75
INFO: dtree.c(1439): stop. leaf nodes are specific
INFO: dtree.c(1478): Final simple tree
|( QUESTION0_2_R 1 -2.658e+04 1.170e+02 1.242e+02
|    ( - -4.297e+03 2 0)
|    ( - -2.216e+04 3 0))
s>    ( QUESTION0_2_R 1 -2.658e+04 1.170e+02 1.242e+02
s>        ( - -4.297e+03 2 0)
s>        ( - -2.216e+04 3 0))INFO: dtree.c(1315): Comp split 76
INFO: dtree.c(1439): stop. leaf nodes are specific
INFO: dtree.c(1478): Final simple tree
|( QUESTION14 -1 -1.077e+04 1.305e+02 4.955e+01
|    ( - -9.221e+03 1 0)
|    ( - -1.418e+03 1 0))
s>    ( QUESTION14 -1 -1.077e+04 1.305e+02 4.955e+01
s>        ( - -9.221e+03 1 0)
s>        ( - -1.418e+03 1 0))INFO: dtree.c(1315): Comp split 77
INFO: dtree.c(1315): Comp split 78
INFO: dtree.c(1315): Comp split 79
INFO: dtree.c(1439): stop. leaf nodes are specific
INFO: dtree.c(1478): Final simple tree
|( WDBNDRY_B 0 -1.509e+06 1.001e+02 6.872e+03
|    ( - -1.490e+03 2 0)
|    ( - -1.507e+06 5 0))
s>    ( WDBNDRY_B 0 -1.509e+06 1.001e+02 6.872e+03
s>        ( - -1.490e+03 2 0)
s>        ( - -1.507e+06 5 0))INFO: dtree.c(1315): Comp split 80
INFO: dtree.c(1439): stop. leaf nodes are specific
INFO: dtree.c(1478): Final simple tree
|( QUESTION0_9_R 1 -7.753e+03 9.102e+01 3.418e+01
|    ( - -3.498e+02 1 0)
|    ( - -7.313e+03 4 0))
s>    ( QUESTION0_9_R 1 -7.753e+03 9.102e+01 3.418e+01
s>        ( - -3.498e+02 1 0)
s>        ( - -7.313e+03 4 0))INFO: dtree.c(1315): Comp split 81
INFO: dtree.c(1315): Comp split 82
INFO: dtree.c(1315): Comp split 83
INFO: dtree.c(1315): Comp split 84
INFO: dtree.c(1315): Comp split 85
INFO: dtree.c(1315): Comp split 86
INFO: dtree.c(1315): Comp split 87
INFO: dtree.c(1315): Comp split 88
INFO: dtree.c(1439): stop. leaf nodes are specific
INFO: dtree.c(1478): Final simple tree
|( QUESTION0_9_R 1 -3.335e+03 9.852e+01 1.600e+01
|    ( - -1.189e+03 1 0)
|    ( - -2.047e+03 2 0))
s>    ( QUESTION0_9_R 1 -3.335e+03 9.852e+01 1.600e+01
s>        ( - -1.189e+03 1 0)
s>        ( - -2.047e+03 2 0))INFO: dtree.c(1315): Comp split 89
INFO: dtree.c(1315): Comp split 90
INFO: dtree.c(1315): Comp split 91
INFO: dtree.c(1315): Comp split 92
INFO: dtree.c(1315): Comp split 93
INFO: dtree.c(1315): Comp split 94
INFO: dtree.c(1315): Comp split 95
INFO: dtree.c(1439): stop. leaf nodes are specific
INFO: dtree.c(1478): Final simple tree
|( QUESTION0_3_R 1 -2.313e+03 9.959e+01 1.107e+01
|    ( - -7.251e+02 1 0)
|    ( - -1.488e+03 1 0))
s>    ( QUESTION0_3_R 1 -2.313e+03 9.959e+01 1.107e+01
s>        ( - -7.251e+02 1 0)
s>        ( - -1.488e+03 1 0))INFO: dtree.c(1315): Comp split 96
INFO: dtree.c(1315): Comp split 97
INFO: dtree.c(1315): Comp split 98
INFO: dtree.c(1315): Comp split 99
INFO: dtree.c(1315): Comp split 100
INFO: dtree.c(1315): Comp split 101
INFO: dtree.c(1315): Comp split 102
INFO: dtree.c(1318): stop. leaf nodes are specific
Wed Mar 22 13:39:37 2023
