Current configuration:
[NAME]		[DEFLT]	[VALUE]
-allphones	no	no
-cntthresh	0.00001	1.000000e-05
-csplitmax	100	2000
-csplitmin	1	1
-csplitthr	8e-4	0.000000e+00
-example	no	no
-fullvar	no	no
-help		no	no
-meanfn			/home/lucija/Documents/Zadnji semestar/ROGJ/Prezentacije/CMUspinx/tutorial7/model_parameters/my_db.cd_cont_untied/means
-mixwfn			/home/lucija/Documents/Zadnji semestar/ROGJ/Prezentacije/CMUspinx/tutorial7/model_parameters/my_db.cd_cont_untied/mixture_weights
-moddeffn		/home/lucija/Documents/Zadnji semestar/ROGJ/Prezentacije/CMUspinx/tutorial7/model_architecture/my_db.untied.mdef
-mwfloor	1e-4	1.000000e-08
-phone			j
-psetfn			/home/lucija/Documents/Zadnji semestar/ROGJ/Prezentacije/CMUspinx/tutorial7/model_architecture/my_db.tree_questions
-ssplitmax	5	7
-ssplitmin	1	1
-ssplitthr	8e-4	0.000000e+00
-state			2
-stwt			1.0,0.05,0.0,
-treefn			/home/lucija/Documents/Zadnji semestar/ROGJ/Prezentacije/CMUspinx/tutorial7/trees/my_db.unpruned/j-2.dtree
-ts2cbfn	.semi.	.cont.
-varfloor	0.00001	1.000000e-05
-varfn			/home/lucija/Documents/Zadnji semestar/ROGJ/Prezentacije/CMUspinx/tutorial7/model_parameters/my_db.cd_cont_untied/variances

INFO: main.c(223): Reading: /home/lucija/Documents/Zadnji semestar/ROGJ/Prezentacije/CMUspinx/tutorial7/model_architecture/my_db.untied.mdef
INFO: model_def_io.c(573): Model definition info:
INFO: model_def_io.c(574): 10762 total models defined (32 base, 10730 tri)
INFO: model_def_io.c(575): 43048 total states
INFO: model_def_io.c(576): 32286 total tied states
INFO: model_def_io.c(577): 96 total tied CI states
INFO: model_def_io.c(578): 32 total tied transition matrices
INFO: model_def_io.c(579): 4 max state/model
INFO: model_def_io.c(580): 4 min state/model
INFO: main.c(242): Building trees for [j NOISE a b] through [j ž u i]
INFO: main.c(268): Covering states |[13947 14588]| == 642
INFO: main.c(275): Reading: /home/lucija/Documents/Zadnji semestar/ROGJ/Prezentacije/CMUspinx/tutorial7/model_parameters/my_db.cd_cont_untied/mixture_weights
INFO: s3mixw_io.c(172): Read /home/lucija/Documents/Zadnji semestar/ROGJ/Prezentacije/CMUspinx/tutorial7/model_parameters/my_db.cd_cont_untied/mixture_weights [642x1x1 array]
INFO: main.c(311): 213 of 214 models have observation count greater than 0.000010
INFO: main.c(95): nrm stwt: 0.000 0.048 0.952 
INFO: s3gau_io.c(168): Read /home/lucija/Documents/Zadnji semestar/ROGJ/Prezentacije/CMUspinx/tutorial7/model_parameters/my_db.cd_cont_untied/means [32286x1x1 array]
INFO: s3gau_io.c(168): Read /home/lucija/Documents/Zadnji semestar/ROGJ/Prezentacije/CMUspinx/tutorial7/model_parameters/my_db.cd_cont_untied/variances [32286x1x1 array]
INFO: main.c(549): Reading: /home/lucija/Documents/Zadnji semestar/ROGJ/Prezentacije/CMUspinx/tutorial7/model_architecture/my_db.tree_questions
INFO: main.c(587): 180 total simple questions (172 phone; 8 word bndry)
INFO: main.c(589): 42 Left Only questions, and 42 Right Only questions
INFO: dtree.c(1478): Final simple tree
|( WDBNDRY_B 0 -8.129e+06 5.191e+04 3.725e+04
|    ( QUESTION2_6_L -1 -3.045e+06 5.269e+03 1.403e+04
|        ( - -4.016e+05 31 0 QUESTION2_17_L -1 2.085e+03 1.892e+03)
|        ( - -2.639e+06 46 0 SILENCE -1 3.182e+03 1.214e+04))
|    ( QUESTION0 -1 -5.032e+06 4.560e+04 2.322e+04
|        ( QUESTION0_0_R 1 -2.098e+06 1.718e+04 9.525e+03
|            ( - -1.537e+06 43 0 WDBNDRY_E 0 1.235e+03 7.028e+03)
|            ( QUESTION0_16_R 1 -5.443e+05 5.283e+03 2.497e+03
|                ( - -2.594e+05 14 0 QUESTION0_17_R 1 2.486e+03 1.211e+03)
|                ( - -2.797e+05 47 0 QUESTION13 1 3.165e+03 1.285e+03)))
|        ( QUESTION14 -1 -2.888e+06 1.256e+04 1.369e+04
|            ( - -1.522e+06 7 0)
|            ( QUESTION5 -1 -1.353e+06 4.158e+03 6.402e+03
|                ( - -5.124e+04 9 0 QUESTION2_11_L -1 1.826e+02 2.338e+02)
|                ( - -1.298e+06 16 0 QUESTION11 -1 3.571e+03 6.168e+03)))))
s>    ( WDBNDRY_B 0 -8.129e+06 5.191e+04 3.725e+04
s>        ( QUESTION2_6_L -1 -3.045e+06 5.269e+03 1.403e+04
s>            ( - -4.016e+05 31 0 QUESTION2_17_L -1 2.085e+03 1.892e+03)
s>            ( - -2.639e+06 46 0 SILENCE -1 3.182e+03 1.214e+04))
s>        ( QUESTION0 -1 -5.032e+06 4.560e+04 2.322e+04
s>            ( QUESTION0_0_R 1 -2.098e+06 1.718e+04 9.525e+03
s>                ( - -1.537e+06 43 0 WDBNDRY_E 0 1.235e+03 7.028e+03)
s>                ( QUESTION0_16_R 1 -5.443e+05 5.283e+03 2.497e+03
s>                    ( - -2.594e+05 14 0 QUESTION0_17_R 1 2.486e+03 1.211e+03)
s>                    ( - -2.797e+05 47 0 QUESTION13 1 3.165e+03 1.285e+03)))
s>            ( QUESTION14 -1 -2.888e+06 1.256e+04 1.369e+04
s>                ( - -1.522e+06 7 0)
s>                ( QUESTION5 -1 -1.353e+06 4.158e+03 6.402e+03
s>                    ( - -5.124e+04 9 0 QUESTION2_11_L -1 1.826e+02 2.338e+02)
s>                    ( - -1.298e+06 16 0 QUESTION11 -1 3.571e+03 6.168e+03)))))INFO: dtree.c(1315): Comp split 0
INFO: dtree.c(1478): Final simple tree
|( QUESTION14 -1 -2.832e+06 1.197e+04 1.346e+04
|    ( - -1.522e+06 7 0)
|    ( QUESTION11 -1 -1.298e+06 3.571e+03 6.168e+03
|        ( QUESTION2_15_L -1 -6.477e+05 2.462e+02 3.105e+03
|            ( - -6.429e+05 2 0)
|            ( - -4.590e+03 1 0))
|        ( QUESTION2 -1 -6.465e+05 1.394e+03 3.063e+03
|            ( - -1.386e+04 2 0)
|            ( QUESTION19 -1 -6.313e+05 1.115e+03 2.993e+03
|                ( - -9.911e+04 3 0 QUESTION2_17_L -1 2.042e+02 4.747e+02)
|                ( QUESTION17 -1 -5.311e+05 7.962e+02 2.518e+03
|                    ( - -5.188e+04 3 0)
|                    ( QUESTION16 -1 -4.784e+05 2.652e+02 2.270e+03
|                        ( - -4.770e+05 3 0)
|                        ( - -1.110e+03 2 0)))))))
s>    ( QUESTION14 -1 -2.832e+06 1.197e+04 1.346e+04
s>        ( - -1.522e+06 7 0)
s>        ( QUESTION11 -1 -1.298e+06 3.571e+03 6.168e+03
s>            ( QUESTION2_15_L -1 -6.477e+05 2.462e+02 3.105e+03
s>                ( - -6.429e+05 2 0)
s>                ( - -4.590e+03 1 0))
s>            ( QUESTION2 -1 -6.465e+05 1.394e+03 3.063e+03
s>                ( - -1.386e+04 2 0)
s>                ( QUESTION19 -1 -6.313e+05 1.115e+03 2.993e+03
s>                    ( - -9.911e+04 3 0 QUESTION2_17_L -1 2.042e+02 4.747e+02)
s>                    ( QUESTION17 -1 -5.311e+05 7.962e+02 2.518e+03
s>                        ( - -5.188e+04 3 0)
s>                        ( QUESTION16 -1 -4.784e+05 2.652e+02 2.270e+03
s>                            ( - -4.770e+05 3 0)
s>                            ( - -1.110e+03 2 0)))))))INFO: dtree.c(1478): Final simple tree
|( WDBNDRY_B 0 -5.240e+06 4.310e+04 2.379e+04
|    ( QUESTION2_6_L -1 -3.045e+06 5.269e+03 1.403e+04
|        ( - -4.016e+05 31 0 QUESTION2_17_L -1 2.085e+03 1.892e+03)
|        ( SILENCE -1 -2.639e+06 3.182e+03 1.214e+04
|            ( - -1.094e+05 4 0)
|            ( - -2.526e+06 42 0 QUESTION13 -1 1.772e+03 1.164e+04)))
|    ( QUESTION0_0_R 1 -2.152e+06 1.712e+04 9.759e+03
|        ( - -1.590e+06 52 0 QUESTION7 -1 2.430e+03 7.262e+03)
|        ( QUESTION0_16_R 1 -5.443e+05 5.283e+03 2.497e+03
|            ( QUESTION0_17_R 1 -2.594e+05 2.486e+03 1.211e+03
|                ( - -1.489e+05 10 0 WDBNDRY_E 0 2.411e+02 6.935e+02)
|                ( - -1.080e+05 4 0 WDBNDRY_E 0 3.424e+02 5.179e+02))
|            ( QUESTION13 1 -2.797e+05 3.165e+03 1.285e+03
|                ( - -1.846e+05 23 0 QUESTION20 1 1.373e+03 8.711e+02)
|                ( - -9.192e+04 24 0 QUESTION4 1 1.159e+03 4.143e+02)))))
s>    ( WDBNDRY_B 0 -5.240e+06 4.310e+04 2.379e+04
s>        ( QUESTION2_6_L -1 -3.045e+06 5.269e+03 1.403e+04
s>            ( - -4.016e+05 31 0 QUESTION2_17_L -1 2.085e+03 1.892e+03)
s>            ( SILENCE -1 -2.639e+06 3.182e+03 1.214e+04
s>                ( - -1.094e+05 4 0)
s>                ( - -2.526e+06 42 0 QUESTION13 -1 1.772e+03 1.164e+04)))
s>        ( QUESTION0_0_R 1 -2.152e+06 1.712e+04 9.759e+03
s>            ( - -1.590e+06 52 0 QUESTION7 -1 2.430e+03 7.262e+03)
s>            ( QUESTION0_16_R 1 -5.443e+05 5.283e+03 2.497e+03
s>                ( QUESTION0_17_R 1 -2.594e+05 2.486e+03 1.211e+03
s>                    ( - -1.489e+05 10 0 WDBNDRY_E 0 2.411e+02 6.935e+02)
s>                    ( - -1.080e+05 4 0 WDBNDRY_E 0 3.424e+02 5.179e+02))
s>                ( QUESTION13 1 -2.797e+05 3.165e+03 1.285e+03
s>                    ( - -1.846e+05 23 0 QUESTION20 1 1.373e+03 8.711e+02)
s>                    ( - -9.192e+04 24 0 QUESTION4 1 1.159e+03 4.143e+02)))))INFO: dtree.c(1315): Comp split 1
INFO: dtree.c(1478): Final simple tree
|( QUESTION0_0_R 1 -2.152e+06 1.712e+04 9.759e+03
|    ( QUESTION7 -1 -1.590e+06 2.430e+03 7.262e+03
|        ( - -4.758e+04 5 0)
|        ( WDBNDRY_E 0 -1.540e+06 1.235e+03 7.045e+03
|            ( - -5.206e+04 14 0 QUESTION0 1 2.283e+02 2.382e+02)
|            ( - -1.487e+06 33 0 QUESTION0 1 3.522e+02 6.807e+03)))
|    ( QUESTION0_16_R 1 -5.443e+05 5.283e+03 2.497e+03
|        ( QUESTION0_17_R 1 -2.594e+05 2.486e+03 1.211e+03
|            ( - -1.489e+05 10 0 WDBNDRY_E 0 2.411e+02 6.935e+02)
|            ( - -1.080e+05 4 0 WDBNDRY_E 0 3.424e+02 5.179e+02))
|        ( QUESTION13 1 -2.797e+05 3.165e+03 1.285e+03
|            ( QUESTION20 1 -1.846e+05 1.373e+03 8.711e+02
|                ( - -2.129e+04 5 0 QUESTION0_11_R 1 2.981e+02 9.884e+01)
|                ( - -1.619e+05 18 0 QUESTION0_9_R 1 8.807e+02 7.722e+02))
|            ( - -9.192e+04 24 0 QUESTION4 1 1.159e+03 4.143e+02))))
s>    ( QUESTION0_0_R 1 -2.152e+06 1.712e+04 9.759e+03
s>        ( QUESTION7 -1 -1.590e+06 2.430e+03 7.262e+03
s>            ( - -4.758e+04 5 0)
s>            ( WDBNDRY_E 0 -1.540e+06 1.235e+03 7.045e+03
s>                ( - -5.206e+04 14 0 QUESTION0 1 2.283e+02 2.382e+02)
s>                ( - -1.487e+06 33 0 QUESTION0 1 3.522e+02 6.807e+03)))
s>        ( QUESTION0_16_R 1 -5.443e+05 5.283e+03 2.497e+03
s>            ( QUESTION0_17_R 1 -2.594e+05 2.486e+03 1.211e+03
s>                ( - -1.489e+05 10 0 WDBNDRY_E 0 2.411e+02 6.935e+02)
s>                ( - -1.080e+05 4 0 WDBNDRY_E 0 3.424e+02 5.179e+02))
s>            ( QUESTION13 1 -2.797e+05 3.165e+03 1.285e+03
s>                ( QUESTION20 1 -1.846e+05 1.373e+03 8.711e+02
s>                    ( - -2.129e+04 5 0 QUESTION0_11_R 1 2.981e+02 9.884e+01)
s>                    ( - -1.619e+05 18 0 QUESTION0_9_R 1 8.807e+02 7.722e+02))
s>                ( - -9.192e+04 24 0 QUESTION4 1 1.159e+03 4.143e+02))))INFO: dtree.c(1478): Final simple tree
|( QUESTION2_6_L -1 -3.045e+06 5.269e+03 1.403e+04
|    ( QUESTION2_17_L -1 -4.016e+05 2.085e+03 1.892e+03
|        ( QUESTION17 -1 -2.470e+05 8.066e+02 1.177e+03
|            ( - -1.478e+05 5 0)
|            ( - -9.833e+04 5 0 QUESTION16 -1 1.830e+02 4.665e+02))
|        ( QUESTION20 -1 -1.526e+05 9.369e+02 7.147e+02
|            ( - -1.747e+04 6 0)
|            ( - -1.342e+05 15 0 QUESTION12 -1 4.148e+02 6.350e+02)))
|    ( SILENCE -1 -2.639e+06 3.182e+03 1.214e+04
|        ( - -1.094e+05 4 0)
|        ( QUESTION13 -1 -2.526e+06 1.772e+03 1.164e+04
|            ( - -4.362e+05 15 0)
|            ( QUESTION0 -1 -2.088e+06 8.254e+02 9.594e+03
|                ( - -2.051e+06 23 0 QUESTION2_0_L -1 1.223e+02 9.428e+03)
|                ( - -3.627e+04 4 0)))))
s>    ( QUESTION2_6_L -1 -3.045e+06 5.269e+03 1.403e+04
s>        ( QUESTION2_17_L -1 -4.016e+05 2.085e+03 1.892e+03
s>            ( QUESTION17 -1 -2.470e+05 8.066e+02 1.177e+03
s>                ( - -1.478e+05 5 0)
s>                ( - -9.833e+04 5 0 QUESTION16 -1 1.830e+02 4.665e+02))
s>            ( QUESTION20 -1 -1.526e+05 9.369e+02 7.147e+02
s>                ( - -1.747e+04 6 0)
s>                ( - -1.342e+05 15 0 QUESTION12 -1 4.148e+02 6.350e+02)))
s>        ( SILENCE -1 -2.639e+06 3.182e+03 1.214e+04
s>            ( - -1.094e+05 4 0)
s>            ( QUESTION13 -1 -2.526e+06 1.772e+03 1.164e+04
s>                ( - -4.362e+05 15 0)
s>                ( QUESTION0 -1 -2.088e+06 8.254e+02 9.594e+03
s>                    ( - -2.051e+06 23 0 QUESTION2_0_L -1 1.223e+02 9.428e+03)
s>                    ( - -3.627e+04 4 0)))))INFO: dtree.c(1315): Comp split 2
INFO: dtree.c(1478): Final simple tree
|( QUESTION0_16_R 1 -5.443e+05 5.283e+03 2.497e+03
|    ( QUESTION0_17_R 1 -2.594e+05 2.486e+03 1.211e+03
|        ( - -1.489e+05 10 0 WDBNDRY_E 0 2.411e+02 6.935e+02)
|        ( - -1.080e+05 4 0 WDBNDRY_E 0 3.424e+02 5.179e+02))
|    ( QUESTION13 1 -2.797e+05 3.165e+03 1.285e+03
|        ( QUESTION20 1 -1.846e+05 1.373e+03 8.711e+02
|            ( - -2.129e+04 5 0 QUESTION0_11_R 1 2.981e+02 9.884e+01)
|            ( QUESTION0_9_R 1 -1.619e+05 8.807e+02 7.722e+02
|                ( WDBNDRY_E 0 -1.057e+05 6.761e+02 5.096e+02
|                    ( - -7.832e+04 4 0)
|                    ( - -2.670e+04 4 0))
|                ( - -5.534e+04 10 0 QUESTION17 1 5.231e+02 2.627e+02)))
|        ( QUESTION4 1 -9.192e+04 1.159e+03 4.143e+02
|            ( - -6.379e+04 19 0 QUESTION11 1 4.886e+02 2.858e+02)
|            ( - -2.697e+04 5 0 SILENCE 1 1.386e+02 1.285e+02))))
s>    ( QUESTION0_16_R 1 -5.443e+05 5.283e+03 2.497e+03
s>        ( QUESTION0_17_R 1 -2.594e+05 2.486e+03 1.211e+03
s>            ( - -1.489e+05 10 0 WDBNDRY_E 0 2.411e+02 6.935e+02)
s>            ( - -1.080e+05 4 0 WDBNDRY_E 0 3.424e+02 5.179e+02))
s>        ( QUESTION13 1 -2.797e+05 3.165e+03 1.285e+03
s>            ( QUESTION20 1 -1.846e+05 1.373e+03 8.711e+02
s>                ( - -2.129e+04 5 0 QUESTION0_11_R 1 2.981e+02 9.884e+01)
s>                ( QUESTION0_9_R 1 -1.619e+05 8.807e+02 7.722e+02
s>                    ( WDBNDRY_E 0 -1.057e+05 6.761e+02 5.096e+02
s>                        ( - -7.832e+04 4 0)
s>                        ( - -2.670e+04 4 0))
s>                    ( - -5.534e+04 10 0 QUESTION17 1 5.231e+02 2.627e+02)))
s>            ( QUESTION4 1 -9.192e+04 1.159e+03 4.143e+02
s>                ( - -6.379e+04 19 0 QUESTION11 1 4.886e+02 2.858e+02)
s>                ( - -2.697e+04 5 0 SILENCE 1 1.386e+02 1.285e+02))))INFO: dtree.c(1478): Final simple tree
|( QUESTION7 -1 -1.590e+06 2.430e+03 7.262e+03
|    ( - -4.758e+04 5 0)
|    ( WDBNDRY_E 0 -1.540e+06 1.235e+03 7.045e+03
|        ( QUESTION0 1 -5.206e+04 2.283e+02 2.382e+02
|            ( - -4.661e+04 10 0)
|            ( - -5.226e+03 4 0))
|        ( QUESTION0 1 -1.487e+06 3.522e+02 6.807e+03
|            ( QUESTION2_2_L -1 -1.480e+06 1.931e+02 6.773e+03
|                ( - -2.620e+02 1 0)
|                ( QUESTION2_11_L -1 -1.479e+06 1.270e+02 6.771e+03
|                    ( - -3.261e+03 3 0)
|                    ( QUESTION0 -1 -1.476e+06 4.687e+02 6.755e+03
|                        ( - -1.476e+06 25 0)
|                        ( - 2.411e+02 1 0))))
|            ( - -6.991e+03 3 0))))
s>    ( QUESTION7 -1 -1.590e+06 2.430e+03 7.262e+03
s>        ( - -4.758e+04 5 0)
s>        ( WDBNDRY_E 0 -1.540e+06 1.235e+03 7.045e+03
s>            ( QUESTION0 1 -5.206e+04 2.283e+02 2.382e+02
s>                ( - -4.661e+04 10 0)
s>                ( - -5.226e+03 4 0))
s>            ( QUESTION0 1 -1.487e+06 3.522e+02 6.807e+03
s>                ( QUESTION2_2_L -1 -1.480e+06 1.931e+02 6.773e+03
s>                    ( - -2.620e+02 1 0)
s>                    ( QUESTION2_11_L -1 -1.479e+06 1.270e+02 6.771e+03
s>                        ( - -3.261e+03 3 0)
s>                        ( QUESTION0 -1 -1.476e+06 4.687e+02 6.755e+03
s>                            ( - -1.476e+06 25 0)
s>                            ( - 2.411e+02 1 0))))
s>                ( - -6.991e+03 3 0))))INFO: dtree.c(1315): Comp split 3
INFO: dtree.c(1439): stop. leaf nodes are specific
INFO: dtree.c(1478): Final simple tree
|( QUESTION14 -1 -1.575e+06 8.219e+02 7.537e+03
|    ( - -1.522e+06 7 0)
|    ( - -5.188e+04 3 0))
s>    ( QUESTION14 -1 -1.575e+06 8.219e+02 7.537e+03
s>        ( - -1.522e+06 7 0)
s>        ( - -5.188e+04 3 0))INFO: dtree.c(1439): stop. leaf nodes are specific
INFO: dtree.c(1478): Final simple tree
|( QUESTION11 -1 -1.245e+06 3.297e+03 5.920e+03
|    ( QUESTION2_15_L -1 -6.477e+05 2.462e+02 3.105e+03
|        ( - -6.429e+05 2 0)
|        ( - -4.590e+03 1 0))
|    ( QUESTION16 -1 -5.940e+05 1.438e+03 2.815e+03
|        ( - -4.770e+05 3 0)
|        ( QUESTION2 -1 -1.155e+05 1.163e+03 5.511e+02
|            ( - -1.386e+04 2 0)
|            ( QUESTION19 -1 -1.005e+05 2.941e+02 4.807e+02
|                ( QUESTION2_17_L -1 -9.911e+04 2.042e+02 4.747e+02
|                    ( - -2.829e+03 1 0)
|                    ( - -9.608e+04 2 0))
|                ( - -1.110e+03 2 0)))))
s>    ( QUESTION11 -1 -1.245e+06 3.297e+03 5.920e+03
s>        ( QUESTION2_15_L -1 -6.477e+05 2.462e+02 3.105e+03
s>            ( - -6.429e+05 2 0)
s>            ( - -4.590e+03 1 0))
s>        ( QUESTION16 -1 -5.940e+05 1.438e+03 2.815e+03
s>            ( - -4.770e+05 3 0)
s>            ( QUESTION2 -1 -1.155e+05 1.163e+03 5.511e+02
s>                ( - -1.386e+04 2 0)
s>                ( QUESTION19 -1 -1.005e+05 2.941e+02 4.807e+02
s>                    ( QUESTION2_17_L -1 -9.911e+04 2.042e+02 4.747e+02
s>                        ( - -2.829e+03 1 0)
s>                        ( - -9.608e+04 2 0))
s>                    ( - -1.110e+03 2 0)))))INFO: dtree.c(1315): Comp split 4
INFO: dtree.c(1439): stop. leaf nodes are specific
INFO: dtree.c(1478): Final simple tree
|( SILENCE -1 -2.657e+06 3.143e+03 1.222e+04
|    ( - -1.094e+05 4 0)
|    ( QUESTION14 -1 -2.544e+06 1.806e+03 1.172e+04
|        ( - -4.362e+05 15 0)
|        ( QUESTION0 -1 -2.106e+06 1.192e+03 9.673e+03
|            ( QUESTION2_0_L -1 -2.051e+06 1.223e+02 9.428e+03
|                ( - -2.048e+06 20 0)
|                ( - -2.751e+03 3 0))
|            ( QUESTION2 -1 -5.410e+04 3.646e+02 2.451e+02
|                ( - -3.627e+04 4 0)
|                ( - -1.747e+04 6 0)))))
s>    ( SILENCE -1 -2.657e+06 3.143e+03 1.222e+04
s>        ( - -1.094e+05 4 0)
s>        ( QUESTION14 -1 -2.544e+06 1.806e+03 1.172e+04
s>            ( - -4.362e+05 15 0)
s>            ( QUESTION0 -1 -2.106e+06 1.192e+03 9.673e+03
s>                ( QUESTION2_0_L -1 -2.051e+06 1.223e+02 9.428e+03
s>                    ( - -2.048e+06 20 0)
s>                    ( - -2.751e+03 3 0))
s>                ( QUESTION2 -1 -5.410e+04 3.646e+02 2.451e+02
s>                    ( - -3.627e+04 4 0)
s>                    ( - -1.747e+04 6 0)))))INFO: dtree.c(1478): Final simple tree
|( QUESTION2_17_L -1 -3.831e+05 1.957e+03 1.812e+03
|    ( QUESTION17 -1 -2.470e+05 8.066e+02 1.177e+03
|        ( - -1.478e+05 5 0)
|        ( QUESTION16 -1 -9.833e+04 1.830e+02 4.665e+02
|            ( - -9.768e+04 4 0)
|            ( - -4.677e+02 1 0)))
|    ( QUESTION12 -1 -1.342e+05 4.148e+02 6.350e+02
|        ( - -6.914e+03 3 0)
|        ( QUESTION5 -1 -1.268e+05 3.702e+02 6.030e+02
|            ( - -1.029e+04 4 0 QUESTION6 -1 1.437e+02 4.773e+01)
|            ( QUESTION2_15_L -1 -1.162e+05 1.935e+02 5.553e+02
|                ( - -6.103e+04 4 0)
|                ( QUESTION2 -1 -5.494e+04 2.830e+02 2.619e+02
|                    ( - -5.656e+03 1 0)
|                    ( - -4.900e+04 3 0))))))
s>    ( QUESTION2_17_L -1 -3.831e+05 1.957e+03 1.812e+03
s>        ( QUESTION17 -1 -2.470e+05 8.066e+02 1.177e+03
s>            ( - -1.478e+05 5 0)
s>            ( QUESTION16 -1 -9.833e+04 1.830e+02 4.665e+02
s>                ( - -9.768e+04 4 0)
s>                ( - -4.677e+02 1 0)))
s>        ( QUESTION12 -1 -1.342e+05 4.148e+02 6.350e+02
s>            ( - -6.914e+03 3 0)
s>            ( QUESTION5 -1 -1.268e+05 3.702e+02 6.030e+02
s>                ( - -1.029e+04 4 0 QUESTION6 -1 1.437e+02 4.773e+01)
s>                ( QUESTION2_15_L -1 -1.162e+05 1.935e+02 5.553e+02
s>                    ( - -6.103e+04 4 0)
s>                    ( QUESTION2 -1 -5.494e+04 2.830e+02 2.619e+02
s>                        ( - -5.656e+03 1 0)
s>                        ( - -4.900e+04 3 0))))))INFO: dtree.c(1315): Comp split 5
INFO: dtree.c(1478): Final simple tree
|( QUESTION13 1 -2.797e+05 3.165e+03 1.285e+03
|    ( QUESTION20 1 -1.846e+05 1.373e+03 8.711e+02
|        ( - -2.129e+04 5 0 QUESTION0_11_R 1 2.981e+02 9.884e+01)
|        ( QUESTION0_9_R 1 -1.619e+05 8.807e+02 7.722e+02
|            ( WDBNDRY_E 0 -1.057e+05 6.761e+02 5.096e+02
|                ( - -7.832e+04 4 0)
|                ( - -2.670e+04 4 0))
|            ( QUESTION17 1 -5.534e+04 5.231e+02 2.627e+02
|                ( - -2.433e+04 7 0 WDBNDRY_E 0 3.026e+02 1.166e+02)
|                ( - -3.049e+04 3 0 WDBNDRY_E 0 1.219e+02 1.461e+02))))
|    ( QUESTION4 1 -9.192e+04 1.159e+03 4.143e+02
|        ( QUESTION11 1 -6.379e+04 4.886e+02 2.858e+02
|            ( - -4.343e+04 8 0 WDBNDRY_E 0 4.008e+02 1.961e+02)
|            ( - -1.987e+04 11 0 QUESTION0_3_R 1 3.483e+02 8.977e+01))
|        ( - -2.697e+04 5 0 SILENCE 1 1.386e+02 1.285e+02)))
s>    ( QUESTION13 1 -2.797e+05 3.165e+03 1.285e+03
s>        ( QUESTION20 1 -1.846e+05 1.373e+03 8.711e+02
s>            ( - -2.129e+04 5 0 QUESTION0_11_R 1 2.981e+02 9.884e+01)
s>            ( QUESTION0_9_R 1 -1.619e+05 8.807e+02 7.722e+02
s>                ( WDBNDRY_E 0 -1.057e+05 6.761e+02 5.096e+02
s>                    ( - -7.832e+04 4 0)
s>                    ( - -2.670e+04 4 0))
s>                ( QUESTION17 1 -5.534e+04 5.231e+02 2.627e+02
s>                    ( - -2.433e+04 7 0 WDBNDRY_E 0 3.026e+02 1.166e+02)
s>                    ( - -3.049e+04 3 0 WDBNDRY_E 0 1.219e+02 1.461e+02))))
s>        ( QUESTION4 1 -9.192e+04 1.159e+03 4.143e+02
s>            ( QUESTION11 1 -6.379e+04 4.886e+02 2.858e+02
s>                ( - -4.343e+04 8 0 WDBNDRY_E 0 4.008e+02 1.961e+02)
s>                ( - -1.987e+04 11 0 QUESTION0_3_R 1 3.483e+02 8.977e+01))
s>            ( - -2.697e+04 5 0 SILENCE 1 1.386e+02 1.285e+02)))INFO: dtree.c(1439): stop. leaf nodes are specific
INFO: dtree.c(1478): Final simple tree
|( QUESTION0_17_R 1 -2.594e+05 2.486e+03 1.211e+03
|    ( WDBNDRY_E 0 -1.489e+05 2.411e+02 6.935e+02
|        ( - -9.604e+03 4 0)
|        ( - -1.390e+05 6 0))
|    ( WDBNDRY_E 0 -1.080e+05 3.424e+02 5.179e+02
|        ( - -4.119e+03 2 0)
|        ( QUESTION0_19_R 1 -1.036e+05 1.944e+02 4.980e+02
|            ( - -1.934e+03 1 0)
|            ( - -1.015e+05 1 0))))
s>    ( QUESTION0_17_R 1 -2.594e+05 2.486e+03 1.211e+03
s>        ( WDBNDRY_E 0 -1.489e+05 2.411e+02 6.935e+02
s>            ( - -9.604e+03 4 0)
s>            ( - -1.390e+05 6 0))
s>        ( WDBNDRY_E 0 -1.080e+05 3.424e+02 5.179e+02
s>            ( - -4.119e+03 2 0)
s>            ( QUESTION0_19_R 1 -1.036e+05 1.944e+02 4.980e+02
s>                ( - -1.934e+03 1 0)
s>                ( - -1.015e+05 1 0))))INFO: dtree.c(1315): Comp split 6
INFO: dtree.c(1439): stop. leaf nodes are specific
INFO: dtree.c(1478): Final simple tree
|( QUESTION0 -1 -2.489e+06 1.769e+03 1.147e+04
|    ( QUESTION2_0_L -1 -2.051e+06 1.223e+02 9.428e+03
|        ( - -2.048e+06 20 0)
|        ( - -2.751e+03 3 0))
|    ( - -4.362e+05 15 0))
s>    ( QUESTION0 -1 -2.489e+06 1.769e+03 1.147e+04
s>        ( QUESTION2_0_L -1 -2.051e+06 1.223e+02 9.428e+03
s>            ( - -2.048e+06 20 0)
s>            ( - -2.751e+03 3 0))
s>        ( - -4.362e+05 15 0))INFO: dtree.c(1439): stop. leaf nodes are specific
INFO: dtree.c(1478): Final simple tree
|( QUESTION13 -1 -1.638e+05 5.174e+02 7.443e+02
|    ( - -1.747e+04 6 0)
|    ( SILENCE -1 -1.458e+05 1.454e+02 6.646e+02
|        ( - -1.094e+05 4 0)
|        ( - -3.627e+04 4 0)))
s>    ( QUESTION13 -1 -1.638e+05 5.174e+02 7.443e+02
s>        ( - -1.747e+04 6 0)
s>        ( SILENCE -1 -1.458e+05 1.454e+02 6.646e+02
s>            ( - -1.094e+05 4 0)
s>            ( - -3.627e+04 4 0)))INFO: dtree.c(1315): Comp split 7
INFO: dtree.c(1439): stop. leaf nodes are specific
INFO: dtree.c(1478): Final simple tree
|( QUESTION0_9_R 1 -1.619e+05 8.807e+02 7.722e+02
|    ( WDBNDRY_E 0 -1.057e+05 6.761e+02 5.096e+02
|        ( - -7.832e+04 4 0)
|        ( - -2.670e+04 4 0))
|    ( QUESTION17 1 -5.534e+04 5.231e+02 2.627e+02
|        ( WDBNDRY_E 0 -2.433e+04 3.026e+02 1.166e+02
|            ( - -1.590e+04 3 0)
|            ( - -8.130e+03 4 0))
|        ( WDBNDRY_E 0 -3.049e+04 1.219e+02 1.461e+02
|            ( - -2.985e+04 2 0)
|            ( - -5.194e+02 1 0))))
s>    ( QUESTION0_9_R 1 -1.619e+05 8.807e+02 7.722e+02
s>        ( WDBNDRY_E 0 -1.057e+05 6.761e+02 5.096e+02
s>            ( - -7.832e+04 4 0)
s>            ( - -2.670e+04 4 0))
s>        ( QUESTION17 1 -5.534e+04 5.231e+02 2.627e+02
s>            ( WDBNDRY_E 0 -2.433e+04 3.026e+02 1.166e+02
s>                ( - -1.590e+04 3 0)
s>                ( - -8.130e+03 4 0))
s>            ( WDBNDRY_E 0 -3.049e+04 1.219e+02 1.461e+02
s>                ( - -2.985e+04 2 0)
s>                ( - -5.194e+02 1 0))))INFO: dtree.c(1478): Final simple tree
|( QUESTION0_2_R 1 -1.137e+05 1.156e+03 5.132e+02
|    ( WDBNDRY_E 0 -5.942e+04 4.381e+02 2.668e+02
|        ( - -3.181e+04 8 0 QUESTION0_3_R 1 2.605e+02 1.438e+02)
|        ( QUESTION0_5_R 1 -2.717e+04 4.937e+02 1.230e+02
|            ( - 2.406e+02 1 0)
|            ( QUESTION0_3_R 1 -2.692e+04 4.766e+02 1.220e+02
|                ( QUESTION11 1 -2.668e+04 3.089e+02 1.210e+02
|                    ( - -2.392e+04 4 0)
|                    ( - -2.451e+03 1 0))
|                ( - 2.416e+02 1 0))))
|    ( QUESTION0_14_R 1 -5.316e+04 5.792e+02 2.463e+02
|        ( - -1.275e+04 1 0)
|        ( QUESTION0_10_R 1 -3.982e+04 4.116e+02 1.865e+02
|            ( - -1.244e+04 8 0 QUESTION0_11_R 1 1.737e+02 5.804e+01)
|            ( - -2.697e+04 5 0 SILENCE 1 1.386e+02 1.285e+02))))
s>    ( QUESTION0_2_R 1 -1.137e+05 1.156e+03 5.132e+02
s>        ( WDBNDRY_E 0 -5.942e+04 4.381e+02 2.668e+02
s>            ( - -3.181e+04 8 0 QUESTION0_3_R 1 2.605e+02 1.438e+02)
s>            ( QUESTION0_5_R 1 -2.717e+04 4.937e+02 1.230e+02
s>                ( - 2.406e+02 1 0)
s>                ( QUESTION0_3_R 1 -2.692e+04 4.766e+02 1.220e+02
s>                    ( QUESTION11 1 -2.668e+04 3.089e+02 1.210e+02
s>                        ( - -2.392e+04 4 0)
s>                        ( - -2.451e+03 1 0))
s>                    ( - 2.416e+02 1 0))))
s>        ( QUESTION0_14_R 1 -5.316e+04 5.792e+02 2.463e+02
s>            ( - -1.275e+04 1 0)
s>            ( QUESTION0_10_R 1 -3.982e+04 4.116e+02 1.865e+02
s>                ( - -1.244e+04 8 0 QUESTION0_11_R 1 1.737e+02 5.804e+01)
s>                ( - -2.697e+04 5 0 SILENCE 1 1.386e+02 1.285e+02))))INFO: dtree.c(1315): Comp split 8
INFO: dtree.c(1439): stop. leaf nodes are specific
INFO: dtree.c(1478): Final simple tree
|( QUESTION16 -1 -5.940e+05 1.438e+03 2.815e+03
|    ( - -4.770e+05 3 0)
|    ( QUESTION2 -1 -1.155e+05 1.163e+03 5.511e+02
|        ( - -1.386e+04 2 0)
|        ( QUESTION19 -1 -1.005e+05 2.941e+02 4.807e+02
|            ( QUESTION2_17_L -1 -9.911e+04 2.042e+02 4.747e+02
|                ( - -2.829e+03 1 0)
|                ( - -9.608e+04 2 0))
|            ( - -1.110e+03 2 0))))
s>    ( QUESTION16 -1 -5.940e+05 1.438e+03 2.815e+03
s>        ( - -4.770e+05 3 0)
s>        ( QUESTION2 -1 -1.155e+05 1.163e+03 5.511e+02
s>            ( - -1.386e+04 2 0)
s>            ( QUESTION19 -1 -1.005e+05 2.941e+02 4.807e+02
s>                ( QUESTION2_17_L -1 -9.911e+04 2.042e+02 4.747e+02
s>                    ( - -2.829e+03 1 0)
s>                    ( - -9.608e+04 2 0))
s>                ( - -1.110e+03 2 0))))INFO: dtree.c(1439): stop. leaf nodes are specific
INFO: dtree.c(1478): Final simple tree
|( QUESTION2_15_L -1 -6.477e+05 2.462e+02 3.105e+03
|    ( - -6.429e+05 2 0)
|    ( - -4.590e+03 1 0))
s>    ( QUESTION2_15_L -1 -6.477e+05 2.462e+02 3.105e+03
s>        ( - -6.429e+05 2 0)
s>        ( - -4.590e+03 1 0))INFO: dtree.c(1315): Comp split 9
INFO: dtree.c(1439): stop. leaf nodes are specific
INFO: dtree.c(1478): Final simple tree
|( WDBNDRY_E 0 -1.553e+05 3.815e+02 7.228e+02
|    ( QUESTION0_17_R 1 -1.389e+04 1.671e+02 6.522e+01
|        ( - -9.604e+03 4 0)
|        ( - -4.119e+03 2 0))
|    ( QUESTION0_17_R 1 -1.411e+05 1.123e+02 6.576e+02
|        ( - -1.390e+05 6 0)
|        ( - -1.934e+03 1 0)))
s>    ( WDBNDRY_E 0 -1.553e+05 3.815e+02 7.228e+02
s>        ( QUESTION0_17_R 1 -1.389e+04 1.671e+02 6.522e+01
s>            ( - -9.604e+03 4 0)
s>            ( - -4.119e+03 2 0))
s>        ( QUESTION0_17_R 1 -1.411e+05 1.123e+02 6.576e+02
s>            ( - -1.390e+05 6 0)
s>            ( - -1.934e+03 1 0)))INFO: dtree.c(1315): Comp split 10
INFO: dtree.c(1439): stop. leaf nodes are specific
INFO: dtree.c(1478): Final simple tree
|( QUESTION0 1 -1.492e+06 2.739e+02 6.828e+03
|    ( QUESTION0 -1 -1.479e+06 1.271e+02 6.770e+03
|        ( - -1.476e+06 25 0)
|        ( - -3.261e+03 3 0))
|    ( WDBNDRY_E 0 -1.247e+04 2.564e+02 5.820e+01
|        ( - -5.226e+03 4 0)
|        ( - -6.991e+03 3 0)))
s>    ( QUESTION0 1 -1.492e+06 2.739e+02 6.828e+03
s>        ( QUESTION0 -1 -1.479e+06 1.271e+02 6.770e+03
s>            ( - -1.476e+06 25 0)
s>            ( - -3.261e+03 3 0))
s>        ( WDBNDRY_E 0 -1.247e+04 2.564e+02 5.820e+01
s>            ( - -5.226e+03 4 0)
s>            ( - -6.991e+03 3 0)))INFO: dtree.c(1439): stop. leaf nodes are specific
INFO: dtree.c(1478): Final simple tree
|( WDBNDRY_E 0 -9.604e+04 1.183e+03 4.337e+02
|    ( - -4.661e+04 10 0)
|    ( QUESTION6 -1 -4.825e+04 4.588e+02 2.198e+02
|        ( - 2.411e+02 1 0)
|        ( QUESTION0 -1 -4.803e+04 1.894e+02 2.188e+02
|            ( - -2.620e+02 1 0)
|            ( - -4.758e+04 5 0))))
s>    ( WDBNDRY_E 0 -9.604e+04 1.183e+03 4.337e+02
s>        ( - -4.661e+04 10 0)
s>        ( QUESTION6 -1 -4.825e+04 4.588e+02 2.198e+02
s>            ( - 2.411e+02 1 0)
s>            ( QUESTION0 -1 -4.803e+04 1.894e+02 2.188e+02
s>                ( - -2.620e+02 1 0)
s>                ( - -4.758e+04 5 0))))INFO: dtree.c(1315): Comp split 11
INFO: dtree.c(1439): stop. leaf nodes are specific
INFO: dtree.c(1478): Final simple tree
|( QUESTION5 -1 -1.268e+05 3.702e+02 6.030e+02
|    ( QUESTION6 -1 -1.029e+04 1.437e+02 4.773e+01
|        ( - -6.440e+03 1 0)
|        ( QUESTION8 -1 -3.710e+03 1.157e+02 1.703e+01
|            ( - -5.274e+02 1 0)
|            ( - -3.067e+03 2 0)))
|    ( QUESTION2_15_L -1 -1.162e+05 1.935e+02 5.553e+02
|        ( - -6.103e+04 4 0)
|        ( QUESTION2 -1 -5.494e+04 2.830e+02 2.619e+02
|            ( - -5.656e+03 1 0)
|            ( - -4.900e+04 3 0))))
s>    ( QUESTION5 -1 -1.268e+05 3.702e+02 6.030e+02
s>        ( QUESTION6 -1 -1.029e+04 1.437e+02 4.773e+01
s>            ( - -6.440e+03 1 0)
s>            ( QUESTION8 -1 -3.710e+03 1.157e+02 1.703e+01
s>                ( - -5.274e+02 1 0)
s>                ( - -3.067e+03 2 0)))
s>        ( QUESTION2_15_L -1 -1.162e+05 1.935e+02 5.553e+02
s>            ( - -6.103e+04 4 0)
s>            ( QUESTION2 -1 -5.494e+04 2.830e+02 2.619e+02
s>                ( - -5.656e+03 1 0)
s>                ( - -4.900e+04 3 0))))INFO: dtree.c(1439): stop. leaf nodes are specific
INFO: dtree.c(1478): Final simple tree
|( QUESTION17 -1 -2.541e+05 8.053e+02 1.209e+03
|    ( - -1.478e+05 5 0)
|    ( QUESTION16 -1 -1.055e+05 2.589e+02 4.984e+02
|        ( - -9.768e+04 4 0)
|        ( QUESTION2 -1 -7.553e+03 1.715e+02 3.498e+01
|            ( - -6.914e+03 3 0)
|            ( - -4.677e+02 1 0))))
s>    ( QUESTION17 -1 -2.541e+05 8.053e+02 1.209e+03
s>        ( - -1.478e+05 5 0)
s>        ( QUESTION16 -1 -1.055e+05 2.589e+02 4.984e+02
s>            ( - -9.768e+04 4 0)
s>            ( QUESTION2 -1 -7.553e+03 1.715e+02 3.498e+01
s>                ( - -6.914e+03 3 0)
s>                ( - -4.677e+02 1 0))))INFO: dtree.c(1315): Comp split 12
INFO: dtree.c(1439): stop. leaf nodes are specific
INFO: dtree.c(1478): Final simple tree
|( QUESTION2_0_L -1 -2.051e+06 1.223e+02 9.428e+03
|    ( - -2.048e+06 20 0)
|    ( - -2.751e+03 3 0))
s>    ( QUESTION2_0_L -1 -2.051e+06 1.223e+02 9.428e+03
s>        ( - -2.048e+06 20 0)
s>        ( - -2.751e+03 3 0))INFO: dtree.c(1315): Comp split 13
INFO: dtree.c(1439): stop. leaf nodes are specific
INFO: dtree.c(1478): Final simple tree
|( QUESTION2 -1 -1.141e+05 1.174e+03 5.451e+02
|    ( - -1.386e+04 2 0)
|    ( QUESTION2_17_L -1 -9.911e+04 2.042e+02 4.747e+02
|        ( - -2.829e+03 1 0)
|        ( - -9.608e+04 2 0)))
s>    ( QUESTION2 -1 -1.141e+05 1.174e+03 5.451e+02
s>        ( - -1.386e+04 2 0)
s>        ( QUESTION2_17_L -1 -9.911e+04 2.042e+02 4.747e+02
s>            ( - -2.829e+03 1 0)
s>            ( - -9.608e+04 2 0)))INFO: dtree.c(1439): stop. leaf nodes are specific
INFO: dtree.c(1478): Final simple tree
|( QUESTION16 -1 -4.784e+05 2.652e+02 2.270e+03
|    ( - -4.770e+05 3 0)
|    ( - -1.110e+03 2 0))
s>    ( QUESTION16 -1 -4.784e+05 2.652e+02 2.270e+03
s>        ( - -4.770e+05 3 0)
s>        ( - -1.110e+03 2 0))INFO: dtree.c(1315): Comp split 14
INFO: dtree.c(1439): stop. leaf nodes are specific
INFO: dtree.c(1478): Final simple tree
|( QUESTION6 -1 -4.825e+04 4.588e+02 2.198e+02
|    ( - 2.411e+02 1 0)
|    ( QUESTION0 -1 -4.803e+04 1.894e+02 2.188e+02
|        ( - -2.620e+02 1 0)
|        ( - -4.758e+04 5 0)))
s>    ( QUESTION6 -1 -4.825e+04 4.588e+02 2.198e+02
s>        ( - 2.411e+02 1 0)
s>        ( QUESTION0 -1 -4.803e+04 1.894e+02 2.188e+02
s>            ( - -2.620e+02 1 0)
s>            ( - -4.758e+04 5 0)))INFO: dtree.c(1315): Comp split 15
INFO: dtree.c(1439): stop. leaf nodes are specific
INFO: dtree.c(1478): Final simple tree
|( QUESTION2_17_L -1 -9.911e+04 2.042e+02 4.747e+02
|    ( - -2.829e+03 1 0)
|    ( - -9.608e+04 2 0))
s>    ( QUESTION2_17_L -1 -9.911e+04 2.042e+02 4.747e+02
s>        ( - -2.829e+03 1 0)
s>        ( - -9.608e+04 2 0))INFO: dtree.c(1315): Comp split 16
INFO: dtree.c(1439): stop. leaf nodes are specific
INFO: dtree.c(1478): Final simple tree
|( QUESTION0_10_R 1 -3.982e+04 4.116e+02 1.865e+02
|    ( QUESTION0_11_R 1 -1.244e+04 1.737e+02 5.804e+01
|        ( WDBNDRY_E 0 -8.244e+03 1.237e+02 3.903e+01
|            ( - -3.141e+03 1 0)
|            ( - -4.979e+03 3 0))
|        ( WDBNDRY_E 0 -4.025e+03 1.084e+02 1.900e+01
|            ( - -1.042e+03 2 0)
|            ( - -2.875e+03 2 0)))
|    ( SILENCE 1 -2.697e+04 1.386e+02 1.285e+02
|        ( - -1.719e+04 3 0)
|        ( - -9.639e+03 2 0)))
s>    ( QUESTION0_10_R 1 -3.982e+04 4.116e+02 1.865e+02
s>        ( QUESTION0_11_R 1 -1.244e+04 1.737e+02 5.804e+01
s>            ( WDBNDRY_E 0 -8.244e+03 1.237e+02 3.903e+01
s>                ( - -3.141e+03 1 0)
s>                ( - -4.979e+03 3 0))
s>            ( WDBNDRY_E 0 -4.025e+03 1.084e+02 1.900e+01
s>                ( - -1.042e+03 2 0)
s>                ( - -2.875e+03 2 0)))
s>        ( SILENCE 1 -2.697e+04 1.386e+02 1.285e+02
s>            ( - -1.719e+04 3 0)
s>            ( - -9.639e+03 2 0)))INFO: dtree.c(1478): Final simple tree
|( QUESTION0_2_R 1 -7.274e+04 5.663e+02 3.266e+02
|    ( WDBNDRY_E 0 -5.942e+04 4.381e+02 2.668e+02
|        ( QUESTION0_3_R 1 -3.181e+04 2.605e+02 1.438e+02
|            ( QUESTION11 1 -2.672e+04 2.147e+02 1.217e+02
|                ( - -1.841e+04 2 0)
|                ( - -8.101e+03 2 0))
|            ( - -4.830e+03 4 0 QUESTION5 1 1.727e+02 2.213e+01))
|        ( QUESTION0_5_R 1 -2.717e+04 4.937e+02 1.230e+02
|            ( - 2.406e+02 1 0)
|            ( QUESTION0_3_R 1 -2.692e+04 4.766e+02 1.220e+02
|                ( QUESTION11 1 -2.668e+04 3.089e+02 1.210e+02
|                    ( - -2.392e+04 4 0)
|                    ( - -2.451e+03 1 0))
|                ( - 2.416e+02 1 0))))
|    ( - -1.275e+04 1 0))
s>    ( QUESTION0_2_R 1 -7.274e+04 5.663e+02 3.266e+02
s>        ( WDBNDRY_E 0 -5.942e+04 4.381e+02 2.668e+02
s>            ( QUESTION0_3_R 1 -3.181e+04 2.605e+02 1.438e+02
s>                ( QUESTION11 1 -2.672e+04 2.147e+02 1.217e+02
s>                    ( - -1.841e+04 2 0)
s>                    ( - -8.101e+03 2 0))
s>                ( - -4.830e+03 4 0 QUESTION5 1 1.727e+02 2.213e+01))
s>            ( QUESTION0_5_R 1 -2.717e+04 4.937e+02 1.230e+02
s>                ( - 2.406e+02 1 0)
s>                ( QUESTION0_3_R 1 -2.692e+04 4.766e+02 1.220e+02
s>                    ( QUESTION11 1 -2.668e+04 3.089e+02 1.210e+02
s>                        ( - -2.392e+04 4 0)
s>                        ( - -2.451e+03 1 0))
s>                    ( - 2.416e+02 1 0))))
s>        ( - -1.275e+04 1 0))INFO: dtree.c(1315): Comp split 17
INFO: dtree.c(1439): stop. leaf nodes are specific
INFO: dtree.c(1478): Final simple tree
|( WDBNDRY_E 0 -8.244e+04 4.555e+02 3.926e+02
|    ( QUESTION17 1 -4.615e+04 4.015e+02 2.208e+02
|        ( - -1.590e+04 3 0)
|        ( - -2.985e+04 2 0))
|    ( QUESTION0_9_R 1 -3.584e+04 3.701e+02 1.718e+02
|        ( - -2.670e+04 4 0)
|        ( QUESTION17 1 -8.771e+03 1.220e+02 4.189e+01
|            ( - -8.130e+03 4 0)
|            ( - -5.194e+02 1 0))))
s>    ( WDBNDRY_E 0 -8.244e+04 4.555e+02 3.926e+02
s>        ( QUESTION17 1 -4.615e+04 4.015e+02 2.208e+02
s>            ( - -1.590e+04 3 0)
s>            ( - -2.985e+04 2 0))
s>        ( QUESTION0_9_R 1 -3.584e+04 3.701e+02 1.718e+02
s>            ( - -2.670e+04 4 0)
s>            ( QUESTION17 1 -8.771e+03 1.220e+02 4.189e+01
s>                ( - -8.130e+03 4 0)
s>                ( - -5.194e+02 1 0))))INFO: dtree.c(1315): Comp split 18
INFO: dtree.c(1315): Comp split 19
INFO: dtree.c(1439): stop. leaf nodes are specific
INFO: dtree.c(1478): Final simple tree
|( QUESTION16 -1 -1.055e+05 2.589e+02 4.984e+02
|    ( - -9.768e+04 4 0)
|    ( QUESTION2 -1 -7.553e+03 1.715e+02 3.498e+01
|        ( - -6.914e+03 3 0)
|        ( - -4.677e+02 1 0)))
s>    ( QUESTION16 -1 -1.055e+05 2.589e+02 4.984e+02
s>        ( - -9.768e+04 4 0)
s>        ( QUESTION2 -1 -7.553e+03 1.715e+02 3.498e+01
s>            ( - -6.914e+03 3 0)
s>            ( - -4.677e+02 1 0)))INFO: dtree.c(1315): Comp split 20
INFO: dtree.c(1478): Final simple tree
|( QUESTION0_2_R 1 -4.816e+04 4.710e+02 2.175e+02
|    ( QUESTION0_3_R 1 -3.493e+04 2.606e+02 1.577e+02
|        ( QUESTION11 1 -2.938e+04 2.423e+02 1.335e+02
|            ( - -1.841e+04 2 0)
|            ( WDBNDRY_E 0 -1.073e+04 1.800e+02 4.964e+01
|                ( - -8.101e+03 2 0)
|                ( - -2.451e+03 1 0)))
|        ( QUESTION0_5_R 1 -5.292e+03 1.384e+02 2.413e+01
|            ( WDBNDRY_E 0 -2.519e+03 4.823e+02 1.200e+01
|                ( - -2.277e+03 2 0)
|                ( - 2.406e+02 1 0))
|            ( WDBNDRY_E 0 -2.634e+03 4.744e+02 1.214e+01
|                ( - -2.402e+03 2 0 QUESTION0_7_R 1 1.712e+02 1.114e+01)
|                ( - 2.416e+02 1 0))))
|    ( - -1.275e+04 1 0))
s>    ( QUESTION0_2_R 1 -4.816e+04 4.710e+02 2.175e+02
s>        ( QUESTION0_3_R 1 -3.493e+04 2.606e+02 1.577e+02
s>            ( QUESTION11 1 -2.938e+04 2.423e+02 1.335e+02
s>                ( - -1.841e+04 2 0)
s>                ( WDBNDRY_E 0 -1.073e+04 1.800e+02 4.964e+01
s>                    ( - -8.101e+03 2 0)
s>                    ( - -2.451e+03 1 0)))
s>            ( QUESTION0_5_R 1 -5.292e+03 1.384e+02 2.413e+01
s>                ( WDBNDRY_E 0 -2.519e+03 4.823e+02 1.200e+01
s>                    ( - -2.277e+03 2 0)
s>                    ( - 2.406e+02 1 0))
s>                ( WDBNDRY_E 0 -2.634e+03 4.744e+02 1.214e+01
s>                    ( - -2.402e+03 2 0 QUESTION0_7_R 1 1.712e+02 1.114e+01)
s>                    ( - 2.416e+02 1 0))))
s>        ( - -1.275e+04 1 0))INFO: dtree.c(1315): Comp split 21
INFO: dtree.c(1439): stop. leaf nodes are specific
INFO: dtree.c(1478): Final simple tree
|( WDBNDRY_E 0 -3.049e+04 1.219e+02 1.461e+02
|    ( - -2.985e+04 2 0)
|    ( - -5.194e+02 1 0))
s>    ( WDBNDRY_E 0 -3.049e+04 1.219e+02 1.461e+02
s>        ( - -2.985e+04 2 0)
s>        ( - -5.194e+02 1 0))INFO: dtree.c(1439): stop. leaf nodes are specific
INFO: dtree.c(1478): Final simple tree
|( QUESTION0_9_R 1 -5.140e+04 3.659e+02 2.465e+02
|    ( - -2.670e+04 4 0)
|    ( WDBNDRY_E 0 -2.433e+04 3.026e+02 1.166e+02
|        ( - -1.590e+04 3 0)
|        ( - -8.130e+03 4 0)))
s>    ( QUESTION0_9_R 1 -5.140e+04 3.659e+02 2.465e+02
s>        ( - -2.670e+04 4 0)
s>        ( WDBNDRY_E 0 -2.433e+04 3.026e+02 1.166e+02
s>            ( - -1.590e+04 3 0)
s>            ( - -8.130e+03 4 0)))INFO: dtree.c(1315): Comp split 22
INFO: dtree.c(1439): stop. leaf nodes are specific
INFO: dtree.c(1478): Final simple tree
|( SILENCE -1 -1.458e+05 1.454e+02 6.646e+02
|    ( - -1.094e+05 4 0)
|    ( - -3.627e+04 4 0))
s>    ( SILENCE -1 -1.458e+05 1.454e+02 6.646e+02
s>        ( - -1.094e+05 4 0)
s>        ( - -3.627e+04 4 0))INFO: dtree.c(1315): Comp split 23
INFO: dtree.c(1478): Final simple tree
|( QUESTION0_2_R 1 -4.792e+04 4.702e+02 2.165e+02
|    ( QUESTION0_3_R 1 -3.469e+04 2.574e+02 1.567e+02
|        ( QUESTION11 1 -2.938e+04 2.423e+02 1.335e+02
|            ( - -1.841e+04 2 0)
|            ( WDBNDRY_E 0 -1.073e+04 1.800e+02 4.964e+01
|                ( - -8.101e+03 2 0)
|                ( - -2.451e+03 1 0)))
|        ( WDBNDRY_E 0 -5.055e+03 4.666e+02 2.313e+01
|            ( QUESTION5 1 -4.830e+03 1.727e+02 2.213e+01
|                ( QUESTION0_5_R 1 -4.390e+03 1.502e+02 2.013e+01
|                    ( - -2.277e+03 2 0)
|                    ( - -1.963e+03 1 0))
|                ( - -2.675e+02 1 0))
|            ( - 2.416e+02 1 0)))
|    ( - -1.275e+04 1 0))
s>    ( QUESTION0_2_R 1 -4.792e+04 4.702e+02 2.165e+02
s>        ( QUESTION0_3_R 1 -3.469e+04 2.574e+02 1.567e+02
s>            ( QUESTION11 1 -2.938e+04 2.423e+02 1.335e+02
s>                ( - -1.841e+04 2 0)
s>                ( WDBNDRY_E 0 -1.073e+04 1.800e+02 4.964e+01
s>                    ( - -8.101e+03 2 0)
s>                    ( - -2.451e+03 1 0)))
s>            ( WDBNDRY_E 0 -5.055e+03 4.666e+02 2.313e+01
s>                ( QUESTION5 1 -4.830e+03 1.727e+02 2.213e+01
s>                    ( QUESTION0_5_R 1 -4.390e+03 1.502e+02 2.013e+01
s>                        ( - -2.277e+03 2 0)
s>                        ( - -1.963e+03 1 0))
s>                    ( - -2.675e+02 1 0))
s>                ( - 2.416e+02 1 0)))
s>        ( - -1.275e+04 1 0))INFO: dtree.c(1315): Comp split 24
INFO: dtree.c(1439): stop. leaf nodes are specific
INFO: dtree.c(1478): Final simple tree
|( QUESTION0_3_R 1 -3.469e+04 2.574e+02 1.567e+02
|    ( QUESTION11 1 -2.938e+04 2.423e+02 1.335e+02
|        ( - -1.841e+04 2 0)
|        ( WDBNDRY_E 0 -1.073e+04 1.800e+02 4.964e+01
|            ( - -8.101e+03 2 0)
|            ( - -2.451e+03 1 0)))
|    ( WDBNDRY_E 0 -5.055e+03 4.666e+02 2.313e+01
|        ( QUESTION5 1 -4.830e+03 1.727e+02 2.213e+01
|            ( QUESTION0_5_R 1 -4.390e+03 1.502e+02 2.013e+01
|                ( - -2.277e+03 2 0)
|                ( - -1.963e+03 1 0))
|            ( - -2.675e+02 1 0))
|        ( - 2.416e+02 1 0)))
s>    ( QUESTION0_3_R 1 -3.469e+04 2.574e+02 1.567e+02
s>        ( QUESTION11 1 -2.938e+04 2.423e+02 1.335e+02
s>            ( - -1.841e+04 2 0)
s>            ( WDBNDRY_E 0 -1.073e+04 1.800e+02 4.964e+01
s>                ( - -8.101e+03 2 0)
s>                ( - -2.451e+03 1 0)))
s>        ( WDBNDRY_E 0 -5.055e+03 4.666e+02 2.313e+01
s>            ( QUESTION5 1 -4.830e+03 1.727e+02 2.213e+01
s>                ( QUESTION0_5_R 1 -4.390e+03 1.502e+02 2.013e+01
s>                    ( - -2.277e+03 2 0)
s>                    ( - -1.963e+03 1 0))
s>                ( - -2.675e+02 1 0))
s>            ( - 2.416e+02 1 0)))INFO: dtree.c(1315): Comp split 25
INFO: dtree.c(1439): stop. leaf nodes are specific
INFO: dtree.c(1478): Final simple tree
|( QUESTION0_3_R 1 -3.447e+04 2.554e+02 1.557e+02
|    ( QUESTION11 1 -2.938e+04 2.423e+02 1.335e+02
|        ( - -1.841e+04 2 0)
|        ( WDBNDRY_E 0 -1.073e+04 1.800e+02 4.964e+01
|            ( - -8.101e+03 2 0)
|            ( - -2.451e+03 1 0)))
|    ( QUESTION5 1 -4.830e+03 1.727e+02 2.213e+01
|        ( QUESTION0_5_R 1 -4.390e+03 1.502e+02 2.013e+01
|            ( - -2.277e+03 2 0)
|            ( - -1.963e+03 1 0))
|        ( - -2.675e+02 1 0)))
s>    ( QUESTION0_3_R 1 -3.447e+04 2.554e+02 1.557e+02
s>        ( QUESTION11 1 -2.938e+04 2.423e+02 1.335e+02
s>            ( - -1.841e+04 2 0)
s>            ( WDBNDRY_E 0 -1.073e+04 1.800e+02 4.964e+01
s>                ( - -8.101e+03 2 0)
s>                ( - -2.451e+03 1 0)))
s>        ( QUESTION5 1 -4.830e+03 1.727e+02 2.213e+01
s>            ( QUESTION0_5_R 1 -4.390e+03 1.502e+02 2.013e+01
s>                ( - -2.277e+03 2 0)
s>                ( - -1.963e+03 1 0))
s>            ( - -2.675e+02 1 0)))INFO: dtree.c(1315): Comp split 26
INFO: dtree.c(1439): stop. leaf nodes are specific
INFO: dtree.c(1478): Final simple tree
|( QUESTION0 -1 -4.803e+04 1.894e+02 2.188e+02
|    ( - -2.620e+02 1 0)
|    ( - -4.758e+04 5 0))
s>    ( QUESTION0 -1 -4.803e+04 1.894e+02 2.188e+02
s>        ( - -2.620e+02 1 0)
s>        ( - -4.758e+04 5 0))INFO: dtree.c(1315): Comp split 27
INFO: dtree.c(1439): stop. leaf nodes are specific
INFO: dtree.c(1478): Final simple tree
|( QUESTION0_11_R 1 -1.244e+04 1.737e+02 5.804e+01
|    ( WDBNDRY_E 0 -8.244e+03 1.237e+02 3.903e+01
|        ( - -3.141e+03 1 0)
|        ( - -4.979e+03 3 0))
|    ( WDBNDRY_E 0 -4.025e+03 1.084e+02 1.900e+01
|        ( - -1.042e+03 2 0)
|        ( - -2.875e+03 2 0)))
s>    ( QUESTION0_11_R 1 -1.244e+04 1.737e+02 5.804e+01
s>        ( WDBNDRY_E 0 -8.244e+03 1.237e+02 3.903e+01
s>            ( - -3.141e+03 1 0)
s>            ( - -4.979e+03 3 0))
s>        ( WDBNDRY_E 0 -4.025e+03 1.084e+02 1.900e+01
s>            ( - -1.042e+03 2 0)
s>            ( - -2.875e+03 2 0)))INFO: dtree.c(1439): stop. leaf nodes are specific
INFO: dtree.c(1478): Final simple tree
|( SILENCE 1 -2.697e+04 1.386e+02 1.285e+02
|    ( - -1.719e+04 3 0)
|    ( - -9.639e+03 2 0))
s>    ( SILENCE 1 -2.697e+04 1.386e+02 1.285e+02
s>        ( - -1.719e+04 3 0)
s>        ( - -9.639e+03 2 0))INFO: dtree.c(1315): Comp split 28
INFO: dtree.c(1439): stop. leaf nodes are specific
INFO: dtree.c(1478): Final simple tree
|( QUESTION5 -1 -1.621e+04 2.637e+02 7.502e+01
|    ( QUESTION6 -1 -1.029e+04 1.437e+02 4.773e+01
|        ( - -6.440e+03 1 0)
|        ( QUESTION8 -1 -3.710e+03 1.157e+02 1.703e+01
|            ( - -5.274e+02 1 0)
|            ( - -3.067e+03 2 0)))
|    ( - -5.656e+03 1 0))
s>    ( QUESTION5 -1 -1.621e+04 2.637e+02 7.502e+01
s>        ( QUESTION6 -1 -1.029e+04 1.437e+02 4.773e+01
s>            ( - -6.440e+03 1 0)
s>            ( QUESTION8 -1 -3.710e+03 1.157e+02 1.703e+01
s>                ( - -5.274e+02 1 0)
s>                ( - -3.067e+03 2 0)))
s>        ( - -5.656e+03 1 0))INFO: dtree.c(1439): stop. leaf nodes are specific
INFO: dtree.c(1478): Final simple tree
|( QUESTION2 -1 -1.102e+05 1.751e+02 5.280e+02
|    ( - -6.103e+04 4 0)
|    ( - -4.900e+04 3 0))
s>    ( QUESTION2 -1 -1.102e+05 1.751e+02 5.280e+02
s>        ( - -6.103e+04 4 0)
s>        ( - -4.900e+04 3 0))INFO: dtree.c(1315): Comp split 29
INFO: dtree.c(1439): stop. leaf nodes are specific
INFO: dtree.c(1478): Final simple tree
|( QUESTION0_17_R 1 -1.411e+05 1.123e+02 6.576e+02
|    ( - -1.390e+05 6 0)
|    ( - -1.934e+03 1 0))
s>    ( QUESTION0_17_R 1 -1.411e+05 1.123e+02 6.576e+02
s>        ( - -1.390e+05 6 0)
s>        ( - -1.934e+03 1 0))INFO: dtree.c(1439): stop. leaf nodes are specific
INFO: dtree.c(1478): Final simple tree
|( QUESTION0_17_R 1 -1.389e+04 1.671e+02 6.522e+01
|    ( - -9.604e+03 4 0)
|    ( - -4.119e+03 2 0))
s>    ( QUESTION0_17_R 1 -1.389e+04 1.671e+02 6.522e+01
s>        ( - -9.604e+03 4 0)
s>        ( - -4.119e+03 2 0))INFO: dtree.c(1315): Comp split 30
INFO: dtree.c(1439): stop. leaf nodes are specific
INFO: dtree.c(1478): Final simple tree
|( WDBNDRY_E 0 -2.433e+04 3.026e+02 1.166e+02
|    ( - -1.590e+04 3 0)
|    ( - -8.130e+03 4 0))
s>    ( WDBNDRY_E 0 -2.433e+04 3.026e+02 1.166e+02
s>        ( - -1.590e+04 3 0)
s>        ( - -8.130e+03 4 0))INFO: dtree.c(1315): Comp split 31
INFO: dtree.c(1439): stop. leaf nodes are specific
INFO: dtree.c(1478): Final simple tree
|( WDBNDRY_E 0 -1.484e+06 1.780e+02 6.794e+03
|    ( - -5.226e+03 4 0)
|    ( QUESTION0 -1 -1.479e+06 1.271e+02 6.770e+03
|        ( - -1.476e+06 25 0)
|        ( - -3.261e+03 3 0)))
s>    ( WDBNDRY_E 0 -1.484e+06 1.780e+02 6.794e+03
s>        ( - -5.226e+03 4 0)
s>        ( QUESTION0 -1 -1.479e+06 1.271e+02 6.770e+03
s>            ( - -1.476e+06 25 0)
s>            ( - -3.261e+03 3 0)))INFO: dtree.c(1315): Comp split 32
INFO: dtree.c(1315): Comp split 33
INFO: dtree.c(1439): stop. leaf nodes are specific
INFO: dtree.c(1478): Final simple tree
|( WDBNDRY_E 0 -4.903e+03 1.749e+02 2.280e+01
|    ( - -2.277e+03 2 0)
|    ( - -2.451e+03 1 0))
s>    ( WDBNDRY_E 0 -4.903e+03 1.749e+02 2.280e+01
s>        ( - -2.277e+03 2 0)
s>        ( - -2.451e+03 1 0))INFO: dtree.c(1439): stop. leaf nodes are specific
INFO: dtree.c(1478): Final simple tree
|( QUESTION12 1 -2.928e+04 2.234e+02 1.328e+02
|    ( - -8.101e+03 2 0)
|    ( QUESTION0_3_R 1 -2.096e+04 1.492e+02 9.502e+01
|        ( - -1.841e+04 2 0)
|        ( QUESTION0_7_R 1 -2.402e+03 1.712e+02 1.114e+01
|            ( - -1.963e+03 1 0)
|            ( - -2.675e+02 1 0))))
s>    ( QUESTION12 1 -2.928e+04 2.234e+02 1.328e+02
s>        ( - -8.101e+03 2 0)
s>        ( QUESTION0_3_R 1 -2.096e+04 1.492e+02 9.502e+01
s>            ( - -1.841e+04 2 0)
s>            ( QUESTION0_7_R 1 -2.402e+03 1.712e+02 1.114e+01
s>                ( - -1.963e+03 1 0)
s>                ( - -2.675e+02 1 0))))INFO: dtree.c(1315): Comp split 34
INFO: dtree.c(1315): Comp split 35
INFO: dtree.c(1439): stop. leaf nodes are specific
INFO: dtree.c(1478): Final simple tree
|( QUESTION6 -1 -1.029e+04 1.437e+02 4.773e+01
|    ( - -6.440e+03 1 0)
|    ( QUESTION8 -1 -3.710e+03 1.157e+02 1.703e+01
|        ( - -5.274e+02 1 0)
|        ( - -3.067e+03 2 0)))
s>    ( QUESTION6 -1 -1.029e+04 1.437e+02 4.773e+01
s>        ( - -6.440e+03 1 0)
s>        ( QUESTION8 -1 -3.710e+03 1.157e+02 1.703e+01
s>            ( - -5.274e+02 1 0)
s>            ( - -3.067e+03 2 0)))INFO: dtree.c(1315): Comp split 36
INFO: dtree.c(1439): stop. leaf nodes are specific
INFO: dtree.c(1478): Final simple tree
|( QUESTION2 -1 -7.553e+03 1.715e+02 3.498e+01
|    ( - -6.914e+03 3 0)
|    ( - -4.677e+02 1 0))
s>    ( QUESTION2 -1 -7.553e+03 1.715e+02 3.498e+01
s>        ( - -6.914e+03 3 0)
s>        ( - -4.677e+02 1 0))INFO: dtree.c(1315): Comp split 37
INFO: dtree.c(1315): Comp split 38
INFO: dtree.c(1439): stop. leaf nodes are specific
INFO: dtree.c(1478): Final simple tree
|( QUESTION0_3_R 1 -2.096e+04 1.492e+02 9.502e+01
|    ( - -1.841e+04 2 0)
|    ( QUESTION0_7_R 1 -2.402e+03 1.712e+02 1.114e+01
|        ( - -1.963e+03 1 0)
|        ( - -2.675e+02 1 0)))
s>    ( QUESTION0_3_R 1 -2.096e+04 1.492e+02 9.502e+01
s>        ( - -1.841e+04 2 0)
s>        ( QUESTION0_7_R 1 -2.402e+03 1.712e+02 1.114e+01
s>            ( - -1.963e+03 1 0)
s>            ( - -2.675e+02 1 0)))INFO: dtree.c(1315): Comp split 39
INFO: dtree.c(1315): Comp split 40
INFO: dtree.c(1315): Comp split 41
INFO: dtree.c(1439): stop. leaf nodes are specific
INFO: dtree.c(1478): Final simple tree
|( QUESTION0_3_R 1 -2.050e+04 1.338e+02 9.302e+01
|    ( - -1.841e+04 2 0)
|    ( - -1.963e+03 1 0))
s>    ( QUESTION0_3_R 1 -2.050e+04 1.338e+02 9.302e+01
s>        ( - -1.841e+04 2 0)
s>        ( - -1.963e+03 1 0))INFO: dtree.c(1315): Comp split 42
INFO: dtree.c(1439): stop. leaf nodes are specific
INFO: dtree.c(1478): Final simple tree
|( QUESTION0 -1 -1.479e+06 1.271e+02 6.770e+03
|    ( - -1.476e+06 25 0)
|    ( - -3.261e+03 3 0))
s>    ( QUESTION0 -1 -1.479e+06 1.271e+02 6.770e+03
s>        ( - -1.476e+06 25 0)
s>        ( - -3.261e+03 3 0))INFO: dtree.c(1315): Comp split 43
INFO: dtree.c(1315): Comp split 44
INFO: dtree.c(1315): Comp split 45
INFO: dtree.c(1439): stop. leaf nodes are specific
INFO: dtree.c(1478): Final simple tree
|( WDBNDRY_E 0 -4.025e+03 1.084e+02 1.900e+01
|    ( - -1.042e+03 2 0)
|    ( - -2.875e+03 2 0))
s>    ( WDBNDRY_E 0 -4.025e+03 1.084e+02 1.900e+01
s>        ( - -1.042e+03 2 0)
s>        ( - -2.875e+03 2 0))INFO: dtree.c(1439): stop. leaf nodes are specific
INFO: dtree.c(1478): Final simple tree
|( WDBNDRY_E 0 -8.244e+03 1.237e+02 3.903e+01
|    ( - -3.141e+03 1 0)
|    ( - -4.979e+03 3 0))
s>    ( WDBNDRY_E 0 -8.244e+03 1.237e+02 3.903e+01
s>        ( - -3.141e+03 1 0)
s>        ( - -4.979e+03 3 0))INFO: dtree.c(1315): Comp split 46
INFO: dtree.c(1315): Comp split 47
INFO: dtree.c(1315): Comp split 48
INFO: dtree.c(1315): Comp split 49
INFO: dtree.c(1439): stop. leaf nodes are specific
INFO: dtree.c(1478): Final simple tree
|( QUESTION8 -1 -3.710e+03 1.157e+02 1.703e+01
|    ( - -5.274e+02 1 0)
|    ( - -3.067e+03 2 0))
s>    ( QUESTION8 -1 -3.710e+03 1.157e+02 1.703e+01
s>        ( - -5.274e+02 1 0)
s>        ( - -3.067e+03 2 0))INFO: dtree.c(1315): Comp split 50
INFO: dtree.c(1315): Comp split 51
INFO: dtree.c(1315): Comp split 52
INFO: dtree.c(1315): Comp split 53
INFO: dtree.c(1315): Comp split 54
INFO: dtree.c(1315): Comp split 55
INFO: dtree.c(1315): Comp split 56
INFO: dtree.c(1315): Comp split 57
INFO: dtree.c(1315): Comp split 58
INFO: dtree.c(1315): Comp split 59
INFO: dtree.c(1318): stop. leaf nodes are specific
Wed Mar 22 13:38:03 2023
