Current configuration:
[NAME]		[DEFLT]	[VALUE]
-allphones	no	no
-cntthresh	0.00001	1.000000e-05
-csplitmax	100	2000
-csplitmin	1	1
-csplitthr	8e-4	0.000000e+00
-example	no	no
-fullvar	no	no
-help		no	no
-meanfn			/home/lucija/Documents/Zadnji semestar/ROGJ/Prezentacije/CMUspinx/tutorial7/model_parameters/my_db.cd_cont_untied/means
-mixwfn			/home/lucija/Documents/Zadnji semestar/ROGJ/Prezentacije/CMUspinx/tutorial7/model_parameters/my_db.cd_cont_untied/mixture_weights
-moddeffn		/home/lucija/Documents/Zadnji semestar/ROGJ/Prezentacije/CMUspinx/tutorial7/model_architecture/my_db.untied.mdef
-mwfloor	1e-4	1.000000e-08
-phone			f
-psetfn			/home/lucija/Documents/Zadnji semestar/ROGJ/Prezentacije/CMUspinx/tutorial7/model_architecture/my_db.tree_questions
-ssplitmax	5	7
-ssplitmin	1	1
-ssplitthr	8e-4	0.000000e+00
-state			0
-stwt			1.0,0.05,0.0,
-treefn			/home/lucija/Documents/Zadnji semestar/ROGJ/Prezentacije/CMUspinx/tutorial7/trees/my_db.unpruned/f-0.dtree
-ts2cbfn	.semi.	.cont.
-varfloor	0.00001	1.000000e-05
-varfn			/home/lucija/Documents/Zadnji semestar/ROGJ/Prezentacije/CMUspinx/tutorial7/model_parameters/my_db.cd_cont_untied/variances

INFO: main.c(223): Reading: /home/lucija/Documents/Zadnji semestar/ROGJ/Prezentacije/CMUspinx/tutorial7/model_architecture/my_db.untied.mdef
INFO: model_def_io.c(573): Model definition info:
INFO: model_def_io.c(574): 10762 total models defined (32 base, 10730 tri)
INFO: model_def_io.c(575): 43048 total states
INFO: model_def_io.c(576): 32286 total tied states
INFO: model_def_io.c(577): 96 total tied CI states
INFO: model_def_io.c(578): 32 total tied transition matrices
INFO: model_def_io.c(579): 4 max state/model
INFO: model_def_io.c(580): 4 min state/model
INFO: main.c(242): Building trees for [f NOISE a b] through [f z i b]
INFO: main.c(268): Covering states |[9309 9491]| == 183
INFO: main.c(275): Reading: /home/lucija/Documents/Zadnji semestar/ROGJ/Prezentacije/CMUspinx/tutorial7/model_parameters/my_db.cd_cont_untied/mixture_weights
INFO: s3mixw_io.c(172): Read /home/lucija/Documents/Zadnji semestar/ROGJ/Prezentacije/CMUspinx/tutorial7/model_parameters/my_db.cd_cont_untied/mixture_weights [183x1x1 array]
INFO: main.c(311): 61 of 61 models have observation count greater than 0.000010
INFO: main.c(95): nrm stwt: 0.952 0.048 0.000 
INFO: s3gau_io.c(168): Read /home/lucija/Documents/Zadnji semestar/ROGJ/Prezentacije/CMUspinx/tutorial7/model_parameters/my_db.cd_cont_untied/means [32286x1x1 array]
INFO: s3gau_io.c(168): Read /home/lucija/Documents/Zadnji semestar/ROGJ/Prezentacije/CMUspinx/tutorial7/model_parameters/my_db.cd_cont_untied/variances [32286x1x1 array]
INFO: main.c(549): Reading: /home/lucija/Documents/Zadnji semestar/ROGJ/Prezentacije/CMUspinx/tutorial7/model_architecture/my_db.tree_questions
INFO: main.c(587): 180 total simple questions (172 phone; 8 word bndry)
INFO: main.c(589): 42 Left Only questions, and 42 Right Only questions
INFO: dtree.c(1478): Final simple tree
|( QUESTION11 -1 -1.555e+05 9.590e+02 7.201e+02
|    ( - -2.771e+04 4 0 WDBNDRY_B 0 2.243e+02 1.325e+02)
|    ( QUESTION0 -1 -1.268e+05 5.281e+02 5.876e+02
|        ( WDBNDRY_B 0 -8.827e+04 3.114e+02 4.137e+02
|            ( QUESTION0 1 -4.736e+04 2.879e+02 2.204e+02
|                ( - -2.339e+04 12 0)
|                ( - -2.368e+04 6 0))
|            ( - -4.060e+04 19 0 QUESTION0_12_R 1 1.889e+02 1.933e+02))
|        ( WDBNDRY_E 0 -3.805e+04 4.969e+02 1.739e+02
|            ( - 2.415e+02 1 0)
|            ( QUESTION16 -1 -3.779e+04 4.547e+02 1.729e+02
|                ( - 1.584e+02 1 0)
|                ( WDBNDRY_B 0 -3.750e+04 2.820e+02 1.719e+02
|                    ( - -2.398e+04 13 0 QUESTION0 1 2.363e+02 1.109e+02)
|                    ( - -1.324e+04 5 0 QUESTION0 1 1.502e+02 6.097e+01))))))
s>    ( QUESTION11 -1 -1.555e+05 9.590e+02 7.201e+02
s>        ( - -2.771e+04 4 0 WDBNDRY_B 0 2.243e+02 1.325e+02)
s>        ( QUESTION0 -1 -1.268e+05 5.281e+02 5.876e+02
s>            ( WDBNDRY_B 0 -8.827e+04 3.114e+02 4.137e+02
s>                ( QUESTION0 1 -4.736e+04 2.879e+02 2.204e+02
s>                    ( - -2.339e+04 12 0)
s>                    ( - -2.368e+04 6 0))
s>                ( - -4.060e+04 19 0 QUESTION0_12_R 1 1.889e+02 1.933e+02))
s>            ( WDBNDRY_E 0 -3.805e+04 4.969e+02 1.739e+02
s>                ( - 2.415e+02 1 0)
s>                ( QUESTION16 -1 -3.779e+04 4.547e+02 1.729e+02
s>                    ( - 1.584e+02 1 0)
s>                    ( WDBNDRY_B 0 -3.750e+04 2.820e+02 1.719e+02
s>                        ( - -2.398e+04 13 0 QUESTION0 1 2.363e+02 1.109e+02)
s>                        ( - -1.324e+04 5 0 QUESTION0 1 1.502e+02 6.097e+01))))))INFO: dtree.c(1315): Comp split 0
INFO: dtree.c(1478): Final simple tree
|( QUESTION0 -1 -1.268e+05 5.281e+02 5.876e+02
|    ( WDBNDRY_B 0 -8.827e+04 3.114e+02 4.137e+02
|        ( QUESTION0 1 -4.736e+04 2.879e+02 2.204e+02
|            ( - -2.339e+04 12 0)
|            ( - -2.368e+04 6 0))
|        ( - -4.060e+04 19 0 QUESTION0_12_R 1 1.889e+02 1.933e+02))
|    ( WDBNDRY_E 0 -3.805e+04 4.969e+02 1.739e+02
|        ( - 2.415e+02 1 0)
|        ( QUESTION16 -1 -3.779e+04 4.547e+02 1.729e+02
|            ( - 1.584e+02 1 0)
|            ( WDBNDRY_B 0 -3.750e+04 2.820e+02 1.719e+02
|                ( QUESTION0 1 -2.398e+04 2.363e+02 1.109e+02
|                    ( - -5.363e+03 6 0 SILENCE -1 5.047e+02 2.500e+01)
|                    ( - -1.838e+04 7 0 QUESTION14 -1 1.836e+02 8.592e+01))
|                ( - -1.324e+04 5 0 QUESTION0 1 1.502e+02 6.097e+01)))))
s>    ( QUESTION0 -1 -1.268e+05 5.281e+02 5.876e+02
s>        ( WDBNDRY_B 0 -8.827e+04 3.114e+02 4.137e+02
s>            ( QUESTION0 1 -4.736e+04 2.879e+02 2.204e+02
s>                ( - -2.339e+04 12 0)
s>                ( - -2.368e+04 6 0))
s>            ( - -4.060e+04 19 0 QUESTION0_12_R 1 1.889e+02 1.933e+02))
s>        ( WDBNDRY_E 0 -3.805e+04 4.969e+02 1.739e+02
s>            ( - 2.415e+02 1 0)
s>            ( QUESTION16 -1 -3.779e+04 4.547e+02 1.729e+02
s>                ( - 1.584e+02 1 0)
s>                ( WDBNDRY_B 0 -3.750e+04 2.820e+02 1.719e+02
s>                    ( QUESTION0 1 -2.398e+04 2.363e+02 1.109e+02
s>                        ( - -5.363e+03 6 0 SILENCE -1 5.047e+02 2.500e+01)
s>                        ( - -1.838e+04 7 0 QUESTION14 -1 1.836e+02 8.592e+01))
s>                    ( - -1.324e+04 5 0 QUESTION0 1 1.502e+02 6.097e+01)))))INFO: dtree.c(1439): stop. leaf nodes are specific
INFO: dtree.c(1478): Final simple tree
|( WDBNDRY_B 0 -2.771e+04 2.243e+02 1.325e+02
|    ( QUESTION0 1 -2.202e+04 1.297e+02 1.065e+02
|        ( QUESTION2_15_L -1 -1.575e+03 1.568e+02 8.000e+00
|            ( - -4.741e+02 1 0)
|            ( - -9.437e+02 1 0))
|        ( - -2.031e+04 1 0))
|    ( - -5.468e+03 1 0))
s>    ( WDBNDRY_B 0 -2.771e+04 2.243e+02 1.325e+02
s>        ( QUESTION0 1 -2.202e+04 1.297e+02 1.065e+02
s>            ( QUESTION2_15_L -1 -1.575e+03 1.568e+02 8.000e+00
s>                ( - -4.741e+02 1 0)
s>                ( - -9.437e+02 1 0))
s>            ( - -2.031e+04 1 0))
s>        ( - -5.468e+03 1 0))INFO: dtree.c(1315): Comp split 1
INFO: dtree.c(1478): Final simple tree
|( SILENCE -1 -9.383e+04 5.116e+02 4.387e+02
|    ( - 2.427e+02 1 0)
|    ( WDBNDRY_B 0 -9.356e+04 3.417e+02 4.377e+02
|        ( QUESTION0 1 -5.261e+04 2.952e+02 2.444e+02
|            ( QUESTION13 -1 -2.863e+04 1.633e+02 1.360e+02
|                ( - -1.610e+03 1 0)
|                ( - -2.686e+04 16 0 QUESTION3 -1 1.536e+02 1.280e+02))
|            ( - -2.368e+04 6 0))
|        ( QUESTION0_12_R 1 -4.060e+04 1.889e+02 1.933e+02
|            ( - -4.128e+02 1 0)
|            ( QUESTION14 1 -4.000e+04 1.595e+02 1.903e+02
|                ( WDBNDRY_E 0 -2.429e+03 1.620e+02 1.200e+01
|                    ( - -3.042e+02 1 0)
|                    ( - -1.963e+03 1 0))
|                ( - -3.741e+04 16 0 WDBNDRY_E 0 1.202e+02 1.783e+02)))))
s>    ( SILENCE -1 -9.383e+04 5.116e+02 4.387e+02
s>        ( - 2.427e+02 1 0)
s>        ( WDBNDRY_B 0 -9.356e+04 3.417e+02 4.377e+02
s>            ( QUESTION0 1 -5.261e+04 2.952e+02 2.444e+02
s>                ( QUESTION13 -1 -2.863e+04 1.633e+02 1.360e+02
s>                    ( - -1.610e+03 1 0)
s>                    ( - -2.686e+04 16 0 QUESTION3 -1 1.536e+02 1.280e+02))
s>                ( - -2.368e+04 6 0))
s>            ( QUESTION0_12_R 1 -4.060e+04 1.889e+02 1.933e+02
s>                ( - -4.128e+02 1 0)
s>                ( QUESTION14 1 -4.000e+04 1.595e+02 1.903e+02
s>                    ( WDBNDRY_E 0 -2.429e+03 1.620e+02 1.200e+01
s>                        ( - -3.042e+02 1 0)
s>                        ( - -1.963e+03 1 0))
s>                    ( - -3.741e+04 16 0 WDBNDRY_E 0 1.202e+02 1.783e+02)))))INFO: dtree.c(1478): Final simple tree
|( WDBNDRY_E 0 -3.245e+04 5.005e+02 1.489e+02
|    ( - 2.415e+02 1 0)
|    ( QUESTION16 -1 -3.219e+04 4.562e+02 1.479e+02
|        ( - 1.584e+02 1 0)
|        ( WDBNDRY_B 0 -3.189e+04 2.774e+02 1.469e+02
|            ( QUESTION14 -1 -1.838e+04 1.836e+02 8.592e+01
|                ( - -1.471e+04 4 0)
|                ( QUESTION2_17_L -1 -3.486e+03 1.549e+02 1.700e+01
|                    ( - -1.912e+03 1 0)
|                    ( SILENCE -1 -1.419e+03 1.626e+02 7.000e+00
|                        ( - -7.704e+02 1 0)
|                        ( - -4.859e+02 1 0))))
|            ( QUESTION0 1 -1.324e+04 1.502e+02 6.097e+01
|                ( - -1.237e+04 4 0)
|                ( - -7.152e+02 1 0)))))
s>    ( WDBNDRY_E 0 -3.245e+04 5.005e+02 1.489e+02
s>        ( - 2.415e+02 1 0)
s>        ( QUESTION16 -1 -3.219e+04 4.562e+02 1.479e+02
s>            ( - 1.584e+02 1 0)
s>            ( WDBNDRY_B 0 -3.189e+04 2.774e+02 1.469e+02
s>                ( QUESTION14 -1 -1.838e+04 1.836e+02 8.592e+01
s>                    ( - -1.471e+04 4 0)
s>                    ( QUESTION2_17_L -1 -3.486e+03 1.549e+02 1.700e+01
s>                        ( - -1.912e+03 1 0)
s>                        ( SILENCE -1 -1.419e+03 1.626e+02 7.000e+00
s>                            ( - -7.704e+02 1 0)
s>                            ( - -4.859e+02 1 0))))
s>                ( QUESTION0 1 -1.324e+04 1.502e+02 6.097e+01
s>                    ( - -1.237e+04 4 0)
s>                    ( - -7.152e+02 1 0)))))INFO: dtree.c(1315): Comp split 2
INFO: dtree.c(1478): Final simple tree
|( WDBNDRY_B 0 -9.356e+04 3.417e+02 4.377e+02
|    ( QUESTION0 1 -5.261e+04 2.952e+02 2.444e+02
|        ( QUESTION13 -1 -2.863e+04 1.633e+02 1.360e+02
|            ( - -1.610e+03 1 0)
|            ( QUESTION3 -1 -2.686e+04 1.536e+02 1.280e+02
|                ( - -1.394e+03 3 0)
|                ( - -2.531e+04 13 0 QUESTION0 -1 1.372e+02 1.210e+02)))
|        ( - -2.368e+04 6 0))
|    ( QUESTION0_12_R 1 -4.060e+04 1.889e+02 1.933e+02
|        ( - -4.128e+02 1 0)
|        ( QUESTION14 1 -4.000e+04 1.595e+02 1.903e+02
|            ( WDBNDRY_E 0 -2.429e+03 1.620e+02 1.200e+01
|                ( - -3.042e+02 1 0)
|                ( - -1.963e+03 1 0))
|            ( - -3.741e+04 16 0 WDBNDRY_E 0 1.202e+02 1.783e+02))))
s>    ( WDBNDRY_B 0 -9.356e+04 3.417e+02 4.377e+02
s>        ( QUESTION0 1 -5.261e+04 2.952e+02 2.444e+02
s>            ( QUESTION13 -1 -2.863e+04 1.633e+02 1.360e+02
s>                ( - -1.610e+03 1 0)
s>                ( QUESTION3 -1 -2.686e+04 1.536e+02 1.280e+02
s>                    ( - -1.394e+03 3 0)
s>                    ( - -2.531e+04 13 0 QUESTION0 -1 1.372e+02 1.210e+02)))
s>            ( - -2.368e+04 6 0))
s>        ( QUESTION0_12_R 1 -4.060e+04 1.889e+02 1.933e+02
s>            ( - -4.128e+02 1 0)
s>            ( QUESTION14 1 -4.000e+04 1.595e+02 1.903e+02
s>                ( WDBNDRY_E 0 -2.429e+03 1.620e+02 1.200e+01
s>                    ( - -3.042e+02 1 0)
s>                    ( - -1.963e+03 1 0))
s>                ( - -3.741e+04 16 0 WDBNDRY_E 0 1.202e+02 1.783e+02))))INFO: dtree.c(1315): Comp split 3
INFO: dtree.c(1439): stop. leaf nodes are specific
INFO: dtree.c(1478): Final simple tree
|( QUESTION16 -1 -3.219e+04 4.562e+02 1.479e+02
|    ( - 1.584e+02 1 0)
|    ( WDBNDRY_B 0 -3.189e+04 2.774e+02 1.469e+02
|        ( QUESTION14 -1 -1.838e+04 1.836e+02 8.592e+01
|            ( - -1.471e+04 4 0)
|            ( QUESTION2_17_L -1 -3.486e+03 1.549e+02 1.700e+01
|                ( - -1.912e+03 1 0)
|                ( SILENCE -1 -1.419e+03 1.626e+02 7.000e+00
|                    ( - -7.704e+02 1 0)
|                    ( - -4.859e+02 1 0))))
|        ( QUESTION0 1 -1.324e+04 1.502e+02 6.097e+01
|            ( - -1.237e+04 4 0)
|            ( - -7.152e+02 1 0))))
s>    ( QUESTION16 -1 -3.219e+04 4.562e+02 1.479e+02
s>        ( - 1.584e+02 1 0)
s>        ( WDBNDRY_B 0 -3.189e+04 2.774e+02 1.469e+02
s>            ( QUESTION14 -1 -1.838e+04 1.836e+02 8.592e+01
s>                ( - -1.471e+04 4 0)
s>                ( QUESTION2_17_L -1 -3.486e+03 1.549e+02 1.700e+01
s>                    ( - -1.912e+03 1 0)
s>                    ( SILENCE -1 -1.419e+03 1.626e+02 7.000e+00
s>                        ( - -7.704e+02 1 0)
s>                        ( - -4.859e+02 1 0))))
s>            ( QUESTION0 1 -1.324e+04 1.502e+02 6.097e+01
s>                ( - -1.237e+04 4 0)
s>                ( - -7.152e+02 1 0))))INFO: dtree.c(1315): Comp split 4
INFO: dtree.c(1439): stop. leaf nodes are specific
INFO: dtree.c(1478): Final simple tree
|( WDBNDRY_B 0 -3.189e+04 2.774e+02 1.469e+02
|    ( QUESTION14 -1 -1.838e+04 1.836e+02 8.592e+01
|        ( - -1.471e+04 4 0)
|        ( QUESTION2_17_L -1 -3.486e+03 1.549e+02 1.700e+01
|            ( - -1.912e+03 1 0)
|            ( SILENCE -1 -1.419e+03 1.626e+02 7.000e+00
|                ( - -7.704e+02 1 0)
|                ( - -4.859e+02 1 0))))
|    ( QUESTION0 1 -1.324e+04 1.502e+02 6.097e+01
|        ( - -1.237e+04 4 0)
|        ( - -7.152e+02 1 0)))
s>    ( WDBNDRY_B 0 -3.189e+04 2.774e+02 1.469e+02
s>        ( QUESTION14 -1 -1.838e+04 1.836e+02 8.592e+01
s>            ( - -1.471e+04 4 0)
s>            ( QUESTION2_17_L -1 -3.486e+03 1.549e+02 1.700e+01
s>                ( - -1.912e+03 1 0)
s>                ( SILENCE -1 -1.419e+03 1.626e+02 7.000e+00
s>                    ( - -7.704e+02 1 0)
s>                    ( - -4.859e+02 1 0))))
s>        ( QUESTION0 1 -1.324e+04 1.502e+02 6.097e+01
s>            ( - -1.237e+04 4 0)
s>            ( - -7.152e+02 1 0)))INFO: dtree.c(1315): Comp split 5
INFO: dtree.c(1439): stop. leaf nodes are specific
INFO: dtree.c(1478): Final simple tree
|( QUESTION0 1 -5.304e+04 2.909e+02 2.464e+02
|    ( QUESTION13 -1 -2.863e+04 1.633e+02 1.360e+02
|        ( - -1.610e+03 1 0)
|        ( QUESTION3 -1 -2.686e+04 1.536e+02 1.280e+02
|            ( - -1.394e+03 3 0)
|            ( QUESTION0 -1 -2.531e+04 1.372e+02 1.210e+02
|                ( - -2.339e+04 12 0)
|                ( - -1.790e+03 1 0))))
|    ( WDBNDRY_B 0 -2.412e+04 1.299e+02 1.104e+02
|        ( - -2.368e+04 6 0)
|        ( - -3.042e+02 1 0)))
s>    ( QUESTION0 1 -5.304e+04 2.909e+02 2.464e+02
s>        ( QUESTION13 -1 -2.863e+04 1.633e+02 1.360e+02
s>            ( - -1.610e+03 1 0)
s>            ( QUESTION3 -1 -2.686e+04 1.536e+02 1.280e+02
s>                ( - -1.394e+03 3 0)
s>                ( QUESTION0 -1 -2.531e+04 1.372e+02 1.210e+02
s>                    ( - -2.339e+04 12 0)
s>                    ( - -1.790e+03 1 0))))
s>        ( WDBNDRY_B 0 -2.412e+04 1.299e+02 1.104e+02
s>            ( - -2.368e+04 6 0)
s>            ( - -3.042e+02 1 0)))INFO: dtree.c(1439): stop. leaf nodes are specific
INFO: dtree.c(1478): Final simple tree
|( QUESTION14 1 -4.017e+04 1.967e+02 1.913e+02
|    ( - -1.963e+03 1 0)
|    ( QUESTION0_12_R 1 -3.801e+04 1.867e+02 1.813e+02
|        ( - -4.128e+02 1 0)
|        ( WDBNDRY_E 0 -3.741e+04 1.202e+02 1.783e+02
|            ( QUESTION0_0_R 1 -2.375e+03 1.275e+02 1.200e+01
|                ( - -9.641e+02 1 0)
|                ( - -1.284e+03 1 0))
|            ( QUESTION0_9_R 1 -3.492e+04 4.877e+02 1.663e+02
|                ( - 2.413e+02 1 0)
|                ( QUESTION0_0_R 1 -3.467e+04 1.097e+02 1.653e+02
|                    ( - -3.340e+04 11 0)
|                    ( - -1.163e+03 2 0))))))
s>    ( QUESTION14 1 -4.017e+04 1.967e+02 1.913e+02
s>        ( - -1.963e+03 1 0)
s>        ( QUESTION0_12_R 1 -3.801e+04 1.867e+02 1.813e+02
s>            ( - -4.128e+02 1 0)
s>            ( WDBNDRY_E 0 -3.741e+04 1.202e+02 1.783e+02
s>                ( QUESTION0_0_R 1 -2.375e+03 1.275e+02 1.200e+01
s>                    ( - -9.641e+02 1 0)
s>                    ( - -1.284e+03 1 0))
s>                ( QUESTION0_9_R 1 -3.492e+04 4.877e+02 1.663e+02
s>                    ( - 2.413e+02 1 0)
s>                    ( QUESTION0_0_R 1 -3.467e+04 1.097e+02 1.653e+02
s>                        ( - -3.340e+04 11 0)
s>                        ( - -1.163e+03 2 0))))))INFO: dtree.c(1315): Comp split 6
INFO: dtree.c(1439): stop. leaf nodes are specific
INFO: dtree.c(1478): Final simple tree
|( QUESTION14 1 -3.992e+04 1.967e+02 1.903e+02
|    ( - -1.963e+03 1 0)
|    ( QUESTION0_12_R 1 -3.776e+04 1.868e+02 1.803e+02
|        ( - -4.128e+02 1 0)
|        ( WDBNDRY_E 0 -3.716e+04 1.192e+02 1.773e+02
|            ( QUESTION0_0_R 1 -2.375e+03 1.275e+02 1.200e+01
|                ( - -9.641e+02 1 0)
|                ( - -1.284e+03 1 0))
|            ( QUESTION0_0_R 1 -3.467e+04 1.097e+02 1.653e+02
|                ( - -3.340e+04 11 0)
|                ( - -1.163e+03 2 0)))))
s>    ( QUESTION14 1 -3.992e+04 1.967e+02 1.903e+02
s>        ( - -1.963e+03 1 0)
s>        ( QUESTION0_12_R 1 -3.776e+04 1.868e+02 1.803e+02
s>            ( - -4.128e+02 1 0)
s>            ( WDBNDRY_E 0 -3.716e+04 1.192e+02 1.773e+02
s>                ( QUESTION0_0_R 1 -2.375e+03 1.275e+02 1.200e+01
s>                    ( - -9.641e+02 1 0)
s>                    ( - -1.284e+03 1 0))
s>                ( QUESTION0_0_R 1 -3.467e+04 1.097e+02 1.653e+02
s>                    ( - -3.340e+04 11 0)
s>                    ( - -1.163e+03 2 0)))))INFO: dtree.c(1315): Comp split 7
INFO: dtree.c(1439): stop. leaf nodes are specific
INFO: dtree.c(1478): Final simple tree
|( QUESTION13 -1 -2.906e+04 1.621e+02 1.380e+02
|    ( - -1.610e+03 1 0)
|    ( QUESTION3 -1 -2.729e+04 1.537e+02 1.300e+02
|        ( - -1.394e+03 3 0)
|        ( QUESTION0 -1 -2.574e+04 1.386e+02 1.230e+02
|            ( WDBNDRY_B 0 -2.381e+04 1.245e+02 1.140e+02
|                ( - -2.339e+04 12 0)
|                ( - -3.042e+02 1 0))
|            ( - -1.790e+03 1 0))))
s>    ( QUESTION13 -1 -2.906e+04 1.621e+02 1.380e+02
s>        ( - -1.610e+03 1 0)
s>        ( QUESTION3 -1 -2.729e+04 1.537e+02 1.300e+02
s>            ( - -1.394e+03 3 0)
s>            ( QUESTION0 -1 -2.574e+04 1.386e+02 1.230e+02
s>                ( WDBNDRY_B 0 -2.381e+04 1.245e+02 1.140e+02
s>                    ( - -2.339e+04 12 0)
s>                    ( - -3.042e+02 1 0))
s>                ( - -1.790e+03 1 0))))INFO: dtree.c(1315): Comp split 8
INFO: dtree.c(1439): stop. leaf nodes are specific
INFO: dtree.c(1478): Final simple tree
|( QUESTION14 -1 -1.838e+04 1.836e+02 8.592e+01
|    ( - -1.471e+04 4 0)
|    ( QUESTION2_17_L -1 -3.486e+03 1.549e+02 1.700e+01
|        ( - -1.912e+03 1 0)
|        ( SILENCE -1 -1.419e+03 1.626e+02 7.000e+00
|            ( - -7.704e+02 1 0)
|            ( - -4.859e+02 1 0))))
s>    ( QUESTION14 -1 -1.838e+04 1.836e+02 8.592e+01
s>        ( - -1.471e+04 4 0)
s>        ( QUESTION2_17_L -1 -3.486e+03 1.549e+02 1.700e+01
s>            ( - -1.912e+03 1 0)
s>            ( SILENCE -1 -1.419e+03 1.626e+02 7.000e+00
s>                ( - -7.704e+02 1 0)
s>                ( - -4.859e+02 1 0))))INFO: dtree.c(1439): stop. leaf nodes are specific
INFO: dtree.c(1478): Final simple tree
|( QUESTION0 1 -1.324e+04 1.502e+02 6.097e+01
|    ( - -1.237e+04 4 0)
|    ( - -7.152e+02 1 0))
s>    ( QUESTION0 1 -1.324e+04 1.502e+02 6.097e+01
s>        ( - -1.237e+04 4 0)
s>        ( - -7.152e+02 1 0))INFO: dtree.c(1315): Comp split 9
INFO: dtree.c(1439): stop. leaf nodes are specific
INFO: dtree.c(1478): Final simple tree
|( QUESTION0 1 -2.135e+04 9.998e+01 1.035e+02
|    ( - -9.437e+02 1 0)
|    ( - -2.031e+04 1 0))
s>    ( QUESTION0 1 -2.135e+04 9.998e+01 1.035e+02
s>        ( - -9.437e+02 1 0)
s>        ( - -2.031e+04 1 0))INFO: dtree.c(1439): stop. leaf nodes are specific
INFO: dtree.c(1478): Final simple tree
|( WDBNDRY_B 0 -6.128e+03 1.861e+02 2.894e+01
|    ( - -4.741e+02 1 0)
|    ( - -5.468e+03 1 0))
s>    ( WDBNDRY_B 0 -6.128e+03 1.861e+02 2.894e+01
s>        ( - -4.741e+02 1 0)
s>        ( - -5.468e+03 1 0))INFO: dtree.c(1315): Comp split 10
INFO: dtree.c(1439): stop. leaf nodes are specific
INFO: dtree.c(1478): Final simple tree
|( QUESTION0_12_R 1 -3.776e+04 1.868e+02 1.803e+02
|    ( - -4.128e+02 1 0)
|    ( WDBNDRY_E 0 -3.716e+04 1.192e+02 1.773e+02
|        ( QUESTION0_0_R 1 -2.375e+03 1.275e+02 1.200e+01
|            ( - -9.641e+02 1 0)
|            ( - -1.284e+03 1 0))
|        ( QUESTION0_0_R 1 -3.467e+04 1.097e+02 1.653e+02
|            ( - -3.340e+04 11 0)
|            ( - -1.163e+03 2 0))))
s>    ( QUESTION0_12_R 1 -3.776e+04 1.868e+02 1.803e+02
s>        ( - -4.128e+02 1 0)
s>        ( WDBNDRY_E 0 -3.716e+04 1.192e+02 1.773e+02
s>            ( QUESTION0_0_R 1 -2.375e+03 1.275e+02 1.200e+01
s>                ( - -9.641e+02 1 0)
s>                ( - -1.284e+03 1 0))
s>            ( QUESTION0_0_R 1 -3.467e+04 1.097e+02 1.653e+02
s>                ( - -3.340e+04 11 0)
s>                ( - -1.163e+03 2 0))))INFO: dtree.c(1315): Comp split 11
INFO: dtree.c(1439): stop. leaf nodes are specific
INFO: dtree.c(1478): Final simple tree
|( WDBNDRY_E 0 -3.716e+04 1.192e+02 1.773e+02
|    ( QUESTION0_0_R 1 -2.375e+03 1.275e+02 1.200e+01
|        ( - -9.641e+02 1 0)
|        ( - -1.284e+03 1 0))
|    ( QUESTION0_0_R 1 -3.467e+04 1.097e+02 1.653e+02
|        ( - -3.340e+04 11 0)
|        ( - -1.163e+03 2 0)))
s>    ( WDBNDRY_E 0 -3.716e+04 1.192e+02 1.773e+02
s>        ( QUESTION0_0_R 1 -2.375e+03 1.275e+02 1.200e+01
s>            ( - -9.641e+02 1 0)
s>            ( - -1.284e+03 1 0))
s>        ( QUESTION0_0_R 1 -3.467e+04 1.097e+02 1.653e+02
s>            ( - -3.340e+04 11 0)
s>            ( - -1.163e+03 2 0)))INFO: dtree.c(1315): Comp split 12
INFO: dtree.c(1315): Comp split 13
INFO: dtree.c(1439): stop. leaf nodes are specific
INFO: dtree.c(1478): Final simple tree
|( QUESTION0 -1 -2.531e+04 1.372e+02 1.210e+02
|    ( - -2.339e+04 12 0)
|    ( - -1.790e+03 1 0))
s>    ( QUESTION0 -1 -2.531e+04 1.372e+02 1.210e+02
s>        ( - -2.339e+04 12 0)
s>        ( - -1.790e+03 1 0))INFO: dtree.c(1439): stop. leaf nodes are specific
INFO: dtree.c(1478): Final simple tree
|( QUESTION13 -1 -3.566e+03 1.337e+02 1.700e+01
|    ( - -1.610e+03 1 0)
|    ( WDBNDRY_B 0 -1.822e+03 1.244e+02 9.000e+00
|        ( - -1.394e+03 3 0)
|        ( - -3.042e+02 1 0)))
s>    ( QUESTION13 -1 -3.566e+03 1.337e+02 1.700e+01
s>        ( - -1.610e+03 1 0)
s>        ( WDBNDRY_B 0 -1.822e+03 1.244e+02 9.000e+00
s>            ( - -1.394e+03 3 0)
s>            ( - -3.042e+02 1 0)))INFO: dtree.c(1315): Comp split 14
INFO: dtree.c(1439): stop. leaf nodes are specific
INFO: dtree.c(1478): Final simple tree
|( QUESTION2_17_L -1 -3.486e+03 1.549e+02 1.700e+01
|    ( - -1.912e+03 1 0)
|    ( SILENCE -1 -1.419e+03 1.626e+02 7.000e+00
|        ( - -7.704e+02 1 0)
|        ( - -4.859e+02 1 0)))
s>    ( QUESTION2_17_L -1 -3.486e+03 1.549e+02 1.700e+01
s>        ( - -1.912e+03 1 0)
s>        ( SILENCE -1 -1.419e+03 1.626e+02 7.000e+00
s>            ( - -7.704e+02 1 0)
s>            ( - -4.859e+02 1 0)))INFO: dtree.c(1315): Comp split 15
INFO: dtree.c(1439): stop. leaf nodes are specific
INFO: dtree.c(1478): Final simple tree
|( SILENCE -1 -1.419e+03 1.626e+02 7.000e+00
|    ( - -7.704e+02 1 0)
|    ( - -4.859e+02 1 0))
s>    ( SILENCE -1 -1.419e+03 1.626e+02 7.000e+00
s>        ( - -7.704e+02 1 0)
s>        ( - -4.859e+02 1 0))INFO: dtree.c(1315): Comp split 16
INFO: dtree.c(1315): Comp split 17
INFO: dtree.c(1315): Comp split 18
INFO: dtree.c(1315): Comp split 19
INFO: dtree.c(1439): stop. leaf nodes are specific
INFO: dtree.c(1478): Final simple tree
|( WDBNDRY_B 0 -1.822e+03 1.244e+02 9.000e+00
|    ( - -1.394e+03 3 0)
|    ( - -3.042e+02 1 0))
s>    ( WDBNDRY_B 0 -1.822e+03 1.244e+02 9.000e+00
s>        ( - -1.394e+03 3 0)
s>        ( - -3.042e+02 1 0))INFO: dtree.c(1315): Comp split 20
INFO: dtree.c(1439): stop. leaf nodes are specific
INFO: dtree.c(1478): Final simple tree
|( WDBNDRY_E 0 -3.607e+04 1.175e+02 1.723e+02
|    ( - -1.284e+03 1 0)
|    ( QUESTION0_0_R 1 -3.467e+04 1.097e+02 1.653e+02
|        ( - -3.340e+04 11 0)
|        ( - -1.163e+03 2 0)))
s>    ( WDBNDRY_E 0 -3.607e+04 1.175e+02 1.723e+02
s>        ( - -1.284e+03 1 0)
s>        ( QUESTION0_0_R 1 -3.467e+04 1.097e+02 1.653e+02
s>            ( - -3.340e+04 11 0)
s>            ( - -1.163e+03 2 0)))INFO: dtree.c(1315): Comp split 21
INFO: dtree.c(1315): Comp split 22
INFO: dtree.c(1439): stop. leaf nodes are specific
INFO: dtree.c(1478): Final simple tree
|( QUESTION0_0_R 1 -3.467e+04 1.097e+02 1.653e+02
|    ( - -3.340e+04 11 0)
|    ( - -1.163e+03 2 0))
s>    ( QUESTION0_0_R 1 -3.467e+04 1.097e+02 1.653e+02
s>        ( - -3.340e+04 11 0)
s>        ( - -1.163e+03 2 0))INFO: dtree.c(1315): Comp split 23
INFO: dtree.c(1315): Comp split 24
INFO: dtree.c(1315): Comp split 25
INFO: dtree.c(1318): stop. leaf nodes are specific
Wed Mar 22 13:36:49 2023
