Current configuration:
[NAME]		[DEFLT]	[VALUE]
-allphones	no	no
-cntthresh	0.00001	1.000000e-05
-csplitmax	100	2000
-csplitmin	1	1
-csplitthr	8e-4	0.000000e+00
-example	no	no
-fullvar	no	no
-help		no	no
-meanfn			/home/lucija/Documents/Zadnji semestar/ROGJ/Prezentacije/CMUspinx/tutorial7/model_parameters/my_db.cd_cont_untied/means
-mixwfn			/home/lucija/Documents/Zadnji semestar/ROGJ/Prezentacije/CMUspinx/tutorial7/model_parameters/my_db.cd_cont_untied/mixture_weights
-moddeffn		/home/lucija/Documents/Zadnji semestar/ROGJ/Prezentacije/CMUspinx/tutorial7/model_architecture/my_db.untied.mdef
-mwfloor	1e-4	1.000000e-08
-phone			k
-psetfn			/home/lucija/Documents/Zadnji semestar/ROGJ/Prezentacije/CMUspinx/tutorial7/model_architecture/my_db.tree_questions
-ssplitmax	5	7
-ssplitmin	1	1
-ssplitthr	8e-4	0.000000e+00
-state			1
-stwt			1.0,0.05,0.0,
-treefn			/home/lucija/Documents/Zadnji semestar/ROGJ/Prezentacije/CMUspinx/tutorial7/trees/my_db.unpruned/k-1.dtree
-ts2cbfn	.semi.	.cont.
-varfloor	0.00001	1.000000e-05
-varfn			/home/lucija/Documents/Zadnji semestar/ROGJ/Prezentacije/CMUspinx/tutorial7/model_parameters/my_db.cd_cont_untied/variances

INFO: main.c(223): Reading: /home/lucija/Documents/Zadnji semestar/ROGJ/Prezentacije/CMUspinx/tutorial7/model_architecture/my_db.untied.mdef
INFO: model_def_io.c(573): Model definition info:
INFO: model_def_io.c(574): 10762 total models defined (32 base, 10730 tri)
INFO: model_def_io.c(575): 43048 total states
INFO: model_def_io.c(576): 32286 total tied states
INFO: model_def_io.c(577): 96 total tied CI states
INFO: model_def_io.c(578): 32 total tied transition matrices
INFO: model_def_io.c(579): 4 max state/model
INFO: model_def_io.c(580): 4 min state/model
INFO: main.c(242): Building trees for [k NOISE a b] through [k š u i]
INFO: main.c(268): Covering states |[14589 15521]| == 933
INFO: main.c(275): Reading: /home/lucija/Documents/Zadnji semestar/ROGJ/Prezentacije/CMUspinx/tutorial7/model_parameters/my_db.cd_cont_untied/mixture_weights
INFO: s3mixw_io.c(172): Read /home/lucija/Documents/Zadnji semestar/ROGJ/Prezentacije/CMUspinx/tutorial7/model_parameters/my_db.cd_cont_untied/mixture_weights [933x1x1 array]
INFO: main.c(311): 310 of 311 models have observation count greater than 0.000010
INFO: main.c(95): nrm stwt: 0.045 0.909 0.045 
INFO: s3gau_io.c(168): Read /home/lucija/Documents/Zadnji semestar/ROGJ/Prezentacije/CMUspinx/tutorial7/model_parameters/my_db.cd_cont_untied/means [32286x1x1 array]
INFO: s3gau_io.c(168): Read /home/lucija/Documents/Zadnji semestar/ROGJ/Prezentacije/CMUspinx/tutorial7/model_parameters/my_db.cd_cont_untied/variances [32286x1x1 array]
INFO: main.c(549): Reading: /home/lucija/Documents/Zadnji semestar/ROGJ/Prezentacije/CMUspinx/tutorial7/model_architecture/my_db.tree_questions
INFO: main.c(587): 180 total simple questions (172 phone; 8 word bndry)
INFO: main.c(589): 42 Left Only questions, and 42 Right Only questions
INFO: dtree.c(1478): Final simple tree
|( QUESTION4 -1 -5.247e+06 2.289e+04 2.231e+04
|    ( QUESTION2_9_L -1 -1.559e+06 6.088e+03 6.749e+03
|        ( - -4.115e+05 15 0 QUESTION6 -1 1.262e+03 1.806e+03)
|        ( WDBNDRY_B 0 -1.141e+06 2.916e+03 4.943e+03
|            ( - -9.501e+04 13 0 QUESTION0 1 5.932e+02 4.071e+02)
|            ( - -1.043e+06 11 0 WDBNDRY_E 0 4.657e+02 4.536e+03)))
|    ( QUESTION0 1 -3.665e+06 8.366e+03 1.556e+04
|        ( WDBNDRY_I 0 -2.659e+06 6.085e+03 1.134e+04
|            ( - -1.468e+06 59 0 QUESTION2_19_L -1 2.612e+03 6.343e+03)
|            ( QUESTION19 -1 -1.184e+06 3.382e+03 4.993e+03
|                ( - -1.083e+05 4 0 QUESTION2_17_L -1 3.207e+02 4.776e+02)
|                ( - -1.073e+06 86 0 QUESTION14 -1 2.423e+03 4.515e+03)))
|        ( QUESTION0_0_R 1 -9.983e+05 4.875e+03 4.221e+03
|            ( - -5.011e+05 39 0 WDBNDRY_I 0 2.276e+03 2.149e+03)
|            ( - -4.924e+05 83 0 WDBNDRY_I 0 1.277e+03 2.072e+03))))
s>    ( QUESTION4 -1 -5.247e+06 2.289e+04 2.231e+04
s>        ( QUESTION2_9_L -1 -1.559e+06 6.088e+03 6.749e+03
s>            ( - -4.115e+05 15 0 QUESTION6 -1 1.262e+03 1.806e+03)
s>            ( WDBNDRY_B 0 -1.141e+06 2.916e+03 4.943e+03
s>                ( - -9.501e+04 13 0 QUESTION0 1 5.932e+02 4.071e+02)
s>                ( - -1.043e+06 11 0 WDBNDRY_E 0 4.657e+02 4.536e+03)))
s>        ( QUESTION0 1 -3.665e+06 8.366e+03 1.556e+04
s>            ( WDBNDRY_I 0 -2.659e+06 6.085e+03 1.134e+04
s>                ( - -1.468e+06 59 0 QUESTION2_19_L -1 2.612e+03 6.343e+03)
s>                ( QUESTION19 -1 -1.184e+06 3.382e+03 4.993e+03
s>                    ( - -1.083e+05 4 0 QUESTION2_17_L -1 3.207e+02 4.776e+02)
s>                    ( - -1.073e+06 86 0 QUESTION14 -1 2.423e+03 4.515e+03)))
s>            ( QUESTION0_0_R 1 -9.983e+05 4.875e+03 4.221e+03
s>                ( - -5.011e+05 39 0 WDBNDRY_I 0 2.276e+03 2.149e+03)
s>                ( - -4.924e+05 83 0 WDBNDRY_I 0 1.277e+03 2.072e+03))))INFO: dtree.c(1315): Comp split 0
INFO: dtree.c(1478): Final simple tree
|( QUESTION0 1 -3.763e+06 8.516e+03 1.596e+04
|    ( WDBNDRY_I 0 -2.745e+06 6.923e+03 1.169e+04
|        ( QUESTION2_19_L -1 -1.468e+06 2.612e+03 6.343e+03
|            ( - -1.784e+05 5 0)
|            ( - -1.287e+06 54 0 QUESTION2_2_L -1 4.570e+02 5.561e+03))
|        ( QUESTION2_6_L -1 -1.270e+06 3.808e+03 5.350e+03
|            ( - -2.379e+05 28 0 QUESTION19 -1 1.134e+03 1.017e+03)
|            ( QUESTION0 -1 -1.028e+06 2.713e+03 4.333e+03
|                ( - -7.924e+05 48 0 WDBNDRY_B 0 1.679e+03 3.347e+03)
|                ( - -2.328e+05 23 0 QUESTION13 -1 1.380e+03 9.865e+02))))
|    ( QUESTION0_0_R 1 -1.010e+06 4.851e+03 4.271e+03
|        ( WDBNDRY_I 0 -5.126e+05 2.286e+03 2.199e+03
|            ( - -2.042e+05 12 0 QUESTION15 -1 1.096e+03 8.731e+02)
|            ( - -3.061e+05 31 0 QUESTION16 -1 6.015e+02 1.326e+03))
|        ( - -4.924e+05 83 0 WDBNDRY_I 0 1.277e+03 2.072e+03)))
s>    ( QUESTION0 1 -3.763e+06 8.516e+03 1.596e+04
s>        ( WDBNDRY_I 0 -2.745e+06 6.923e+03 1.169e+04
s>            ( QUESTION2_19_L -1 -1.468e+06 2.612e+03 6.343e+03
s>                ( - -1.784e+05 5 0)
s>                ( - -1.287e+06 54 0 QUESTION2_2_L -1 4.570e+02 5.561e+03))
s>            ( QUESTION2_6_L -1 -1.270e+06 3.808e+03 5.350e+03
s>                ( - -2.379e+05 28 0 QUESTION19 -1 1.134e+03 1.017e+03)
s>                ( QUESTION0 -1 -1.028e+06 2.713e+03 4.333e+03
s>                    ( - -7.924e+05 48 0 WDBNDRY_B 0 1.679e+03 3.347e+03)
s>                    ( - -2.328e+05 23 0 QUESTION13 -1 1.380e+03 9.865e+02))))
s>        ( QUESTION0_0_R 1 -1.010e+06 4.851e+03 4.271e+03
s>            ( WDBNDRY_I 0 -5.126e+05 2.286e+03 2.199e+03
s>                ( - -2.042e+05 12 0 QUESTION15 -1 1.096e+03 8.731e+02)
s>                ( - -3.061e+05 31 0 QUESTION16 -1 6.015e+02 1.326e+03))
s>            ( - -4.924e+05 83 0 WDBNDRY_I 0 1.277e+03 2.072e+03)))INFO: dtree.c(1478): Final simple tree
|( QUESTION5 -1 -1.460e+06 5.695e+03 6.342e+03
|    ( QUESTION6 -1 -4.115e+05 1.262e+03 1.806e+03
|        ( WDBNDRY_B 0 -3.318e+05 1.222e+02 1.457e+03
|            ( - -3.607e+03 3 0 QUESTION0 1 1.075e+02 1.500e+01)
|            ( - -3.280e+05 6 0 QUESTION0 1 1.223e+02 1.442e+03))
|        ( WDBNDRY_B 0 -7.844e+04 4.587e+02 3.493e+02
|            ( - 2.065e+02 1 0)
|            ( - -7.819e+04 5 0)))
|    ( WDBNDRY_E 0 -1.043e+06 4.657e+02 4.536e+03
|        ( - 2.192e+02 1 0)
|        ( QUESTION2_15_L -1 -1.043e+06 4.479e+02 4.535e+03
|            ( QUESTION0 1 -1.043e+06 2.157e+02 4.534e+03
|                ( - -1.031e+06 6 0 QUESTION0_0_R 1 1.180e+02 4.482e+03)
|                ( - -1.195e+04 3 0 QUESTION0_0_R 1 1.077e+02 5.218e+01))
|            ( - 1.810e+02 1 0))))
s>    ( QUESTION5 -1 -1.460e+06 5.695e+03 6.342e+03
s>        ( QUESTION6 -1 -4.115e+05 1.262e+03 1.806e+03
s>            ( WDBNDRY_B 0 -3.318e+05 1.222e+02 1.457e+03
s>                ( - -3.607e+03 3 0 QUESTION0 1 1.075e+02 1.500e+01)
s>                ( - -3.280e+05 6 0 QUESTION0 1 1.223e+02 1.442e+03))
s>            ( WDBNDRY_B 0 -7.844e+04 4.587e+02 3.493e+02
s>                ( - 2.065e+02 1 0)
s>                ( - -7.819e+04 5 0)))
s>        ( WDBNDRY_E 0 -1.043e+06 4.657e+02 4.536e+03
s>            ( - 2.192e+02 1 0)
s>            ( QUESTION2_15_L -1 -1.043e+06 4.479e+02 4.535e+03
s>                ( QUESTION0 1 -1.043e+06 2.157e+02 4.534e+03
s>                    ( - -1.031e+06 6 0 QUESTION0_0_R 1 1.180e+02 4.482e+03)
s>                    ( - -1.195e+04 3 0 QUESTION0_0_R 1 1.077e+02 5.218e+01))
s>                ( - 1.810e+02 1 0))))INFO: dtree.c(1315): Comp split 1
INFO: dtree.c(1478): Final simple tree
|( WDBNDRY_I 0 -2.303e+06 6.271e+03 9.832e+03
|    ( QUESTION14 1 -1.545e+06 3.834e+03 6.648e+03
|        ( QUESTION15 -1 -2.190e+05 1.049e+03 9.367e+02
|            ( - -3.187e+04 1 0)
|            ( - -1.861e+05 18 0 QUESTION0_0_R 1 7.141e+02 7.968e+02))
|        ( QUESTION0 1 -1.322e+06 1.400e+03 5.711e+03
|            ( - -1.287e+06 54 0 QUESTION2_2_L -1 4.570e+02 5.561e+03)
|            ( - -3.362e+04 14 0 QUESTION0 -1 4.609e+02 1.498e+02)))
|    ( WDBNDRY_B 0 -7.517e+05 2.777e+03 3.184e+03
|        ( - -3.016e+05 30 0 QUESTION16 -1 5.859e+02 1.307e+03)
|        ( QUESTION4 1 -4.473e+05 1.007e+03 1.877e+03
|            ( - -6.714e+04 20 0 QUESTION5 1 3.221e+02 2.857e+02)
|            ( QUESTION13 1 -3.792e+05 1.137e+03 1.592e+03
|                ( - -1.682e+05 36 0 QUESTION0 -1 4.766e+02 7.095e+02)
|                ( - -2.098e+05 7 0 SILENCE 1 1.826e+02 8.822e+02)))))
s>    ( WDBNDRY_I 0 -2.303e+06 6.271e+03 9.832e+03
s>        ( QUESTION14 1 -1.545e+06 3.834e+03 6.648e+03
s>            ( QUESTION15 -1 -2.190e+05 1.049e+03 9.367e+02
s>                ( - -3.187e+04 1 0)
s>                ( - -1.861e+05 18 0 QUESTION0_0_R 1 7.141e+02 7.968e+02))
s>            ( QUESTION0 1 -1.322e+06 1.400e+03 5.711e+03
s>                ( - -1.287e+06 54 0 QUESTION2_2_L -1 4.570e+02 5.561e+03)
s>                ( - -3.362e+04 14 0 QUESTION0 -1 4.609e+02 1.498e+02)))
s>        ( WDBNDRY_B 0 -7.517e+05 2.777e+03 3.184e+03
s>            ( - -3.016e+05 30 0 QUESTION16 -1 5.859e+02 1.307e+03)
s>            ( QUESTION4 1 -4.473e+05 1.007e+03 1.877e+03
s>                ( - -6.714e+04 20 0 QUESTION5 1 3.221e+02 2.857e+02)
s>                ( QUESTION13 1 -3.792e+05 1.137e+03 1.592e+03
s>                    ( - -1.682e+05 36 0 QUESTION0 -1 4.766e+02 7.095e+02)
s>                    ( - -2.098e+05 7 0 SILENCE 1 1.826e+02 8.822e+02)))))INFO: dtree.c(1478): Final simple tree
|( WDBNDRY_I 0 -1.451e+06 3.016e+03 6.132e+03
|    ( - -1.784e+05 5 0)
|    ( QUESTION2_6_L -1 -1.270e+06 3.808e+03 5.350e+03
|        ( QUESTION19 -1 -2.379e+05 1.134e+03 1.017e+03
|            ( - -1.083e+05 4 0 QUESTION2_17_L -1 3.207e+02 4.776e+02)
|            ( QUESTION2_15_L -1 -1.284e+05 1.095e+03 5.391e+02
|                ( - -7.144e+04 3 0)
|                ( - -5.585e+04 21 0 QUESTION17 -1 2.784e+02 2.288e+02)))
|        ( QUESTION0 -1 -1.028e+06 2.713e+03 4.333e+03
|            ( WDBNDRY_B 0 -7.924e+05 1.679e+03 3.347e+03
|                ( - -6.137e+05 30 0 QUESTION2_0_L -1 1.942e+02 2.602e+03)
|                ( - -1.771e+05 18 0 QUESTION0_0_R 1 4.418e+02 7.444e+02))
|            ( QUESTION13 -1 -2.328e+05 1.380e+03 9.865e+02
|                ( - -1.587e+05 15 0 WDBNDRY_B 0 1.868e+02 6.805e+02)
|                ( - -7.276e+04 8 0 SILENCE -1 6.374e+02 3.060e+02)))))
s>    ( WDBNDRY_I 0 -1.451e+06 3.016e+03 6.132e+03
s>        ( - -1.784e+05 5 0)
s>        ( QUESTION2_6_L -1 -1.270e+06 3.808e+03 5.350e+03
s>            ( QUESTION19 -1 -2.379e+05 1.134e+03 1.017e+03
s>                ( - -1.083e+05 4 0 QUESTION2_17_L -1 3.207e+02 4.776e+02)
s>                ( QUESTION2_15_L -1 -1.284e+05 1.095e+03 5.391e+02
s>                    ( - -7.144e+04 3 0)
s>                    ( - -5.585e+04 21 0 QUESTION17 -1 2.784e+02 2.288e+02)))
s>            ( QUESTION0 -1 -1.028e+06 2.713e+03 4.333e+03
s>                ( WDBNDRY_B 0 -7.924e+05 1.679e+03 3.347e+03
s>                    ( - -6.137e+05 30 0 QUESTION2_0_L -1 1.942e+02 2.602e+03)
s>                    ( - -1.771e+05 18 0 QUESTION0_0_R 1 4.418e+02 7.444e+02))
s>                ( QUESTION13 -1 -2.328e+05 1.380e+03 9.865e+02
s>                    ( - -1.587e+05 15 0 WDBNDRY_B 0 1.868e+02 6.805e+02)
s>                    ( - -7.276e+04 8 0 SILENCE -1 6.374e+02 3.060e+02)))))INFO: dtree.c(1315): Comp split 2
INFO: dtree.c(1478): Final simple tree
|( QUESTION0 1 -1.477e+06 3.757e+03 6.358e+03
|    ( QUESTION2_2_L -1 -1.287e+06 4.570e+02 5.561e+03
|        ( QUESTION0 -1 -7.643e+04 1.789e+02 3.341e+02
|            ( - -9.225e+03 6 0)
|            ( - -6.703e+04 16 0))
|        ( QUESTION0_0_R 1 -1.210e+06 2.053e+02 5.227e+03
|            ( QUESTION0 -1 -1.206e+06 1.143e+02 5.207e+03
|                ( - -1.203e+06 26 0)
|                ( - -2.592e+03 3 0))
|            ( - -4.595e+03 3 0)))
|    ( QUESTION0_0_R 1 -1.861e+05 7.141e+02 7.968e+02
|        ( - -1.712e+05 11 0 QUESTION0 -1 7.348e+01 7.331e+02)
|        ( QUESTION0_17_R 1 -1.414e+04 1.723e+02 6.365e+01
|            ( - -9.444e+03 5 0)
|            ( - -4.523e+03 2 0))))
s>    ( QUESTION0 1 -1.477e+06 3.757e+03 6.358e+03
s>        ( QUESTION2_2_L -1 -1.287e+06 4.570e+02 5.561e+03
s>            ( QUESTION0 -1 -7.643e+04 1.789e+02 3.341e+02
s>                ( - -9.225e+03 6 0)
s>                ( - -6.703e+04 16 0))
s>            ( QUESTION0_0_R 1 -1.210e+06 2.053e+02 5.227e+03
s>                ( QUESTION0 -1 -1.206e+06 1.143e+02 5.207e+03
s>                    ( - -1.203e+06 26 0)
s>                    ( - -2.592e+03 3 0))
s>                ( - -4.595e+03 3 0)))
s>        ( QUESTION0_0_R 1 -1.861e+05 7.141e+02 7.968e+02
s>            ( - -1.712e+05 11 0 QUESTION0 -1 7.348e+01 7.331e+02)
s>            ( QUESTION0_17_R 1 -1.414e+04 1.723e+02 6.365e+01
s>                ( - -9.444e+03 5 0)
s>                ( - -4.523e+03 2 0))))INFO: dtree.c(1478): Final simple tree
|( QUESTION0_0_R 1 -8.193e+05 2.819e+03 3.474e+03
|    ( QUESTION2_6_L -1 -3.389e+05 9.679e+02 1.466e+03
|        ( QUESTION16 -1 -6.137e+04 6.334e+02 2.646e+02
|            ( - -1.288e+04 3 0 QUESTION17 -1 1.809e+02 5.539e+01)
|            ( - -4.785e+04 7 0 WDBNDRY_B 0 3.587e+02 2.092e+02))
|        ( QUESTION0 -1 -2.766e+05 4.948e+02 1.201e+03
|            ( - -2.217e+05 16 0 QUESTION2_0_L -1 4.563e+02 9.655e+02)
|            ( - -5.443e+04 6 0 QUESTION13 -1 3.332e+02 2.356e+02)))
|    ( QUESTION4 1 -4.776e+05 1.297e+03 2.008e+03
|        ( - -8.146e+04 28 0 QUESTION5 1 3.420e+02 3.481e+02)
|        ( QUESTION13 1 -3.948e+05 1.341e+03 1.660e+03
|            ( WDBNDRY_I 0 -1.836e+05 6.251e+02 7.781e+02
|                ( - -1.932e+04 6 0 QUESTION0 -1 4.599e+02 8.749e+01)
|                ( - -1.637e+05 35 0 QUESTION0 -1 4.764e+02 6.906e+02))
|            ( - -2.098e+05 7 0 SILENCE 1 1.826e+02 8.822e+02))))
s>    ( QUESTION0_0_R 1 -8.193e+05 2.819e+03 3.474e+03
s>        ( QUESTION2_6_L -1 -3.389e+05 9.679e+02 1.466e+03
s>            ( QUESTION16 -1 -6.137e+04 6.334e+02 2.646e+02
s>                ( - -1.288e+04 3 0 QUESTION17 -1 1.809e+02 5.539e+01)
s>                ( - -4.785e+04 7 0 WDBNDRY_B 0 3.587e+02 2.092e+02))
s>            ( QUESTION0 -1 -2.766e+05 4.948e+02 1.201e+03
s>                ( - -2.217e+05 16 0 QUESTION2_0_L -1 4.563e+02 9.655e+02)
s>                ( - -5.443e+04 6 0 QUESTION13 -1 3.332e+02 2.356e+02)))
s>        ( QUESTION4 1 -4.776e+05 1.297e+03 2.008e+03
s>            ( - -8.146e+04 28 0 QUESTION5 1 3.420e+02 3.481e+02)
s>            ( QUESTION13 1 -3.948e+05 1.341e+03 1.660e+03
s>                ( WDBNDRY_I 0 -1.836e+05 6.251e+02 7.781e+02
s>                    ( - -1.932e+04 6 0 QUESTION0 -1 4.599e+02 8.749e+01)
s>                    ( - -1.637e+05 35 0 QUESTION0 -1 4.764e+02 6.906e+02))
s>                ( - -2.098e+05 7 0 SILENCE 1 1.826e+02 8.822e+02))))INFO: dtree.c(1315): Comp split 3
INFO: dtree.c(1439): stop. leaf nodes are specific
INFO: dtree.c(1478): Final simple tree
|( WDBNDRY_E 0 -1.043e+06 4.657e+02 4.536e+03
|    ( - 2.192e+02 1 0)
|    ( QUESTION2_15_L -1 -1.043e+06 4.479e+02 4.535e+03
|        ( QUESTION0 1 -1.043e+06 2.157e+02 4.534e+03
|            ( QUESTION0_0_R 1 -1.031e+06 1.180e+02 4.482e+03
|                ( - -1.030e+06 5 0)
|                ( - -6.211e+02 1 0))
|            ( QUESTION0_0_R 1 -1.195e+04 1.077e+02 5.218e+01
|                ( - -1.128e+04 2 0)
|                ( - -5.629e+02 1 0)))
|        ( - 1.810e+02 1 0)))
s>    ( WDBNDRY_E 0 -1.043e+06 4.657e+02 4.536e+03
s>        ( - 2.192e+02 1 0)
s>        ( QUESTION2_15_L -1 -1.043e+06 4.479e+02 4.535e+03
s>            ( QUESTION0 1 -1.043e+06 2.157e+02 4.534e+03
s>                ( QUESTION0_0_R 1 -1.031e+06 1.180e+02 4.482e+03
s>                    ( - -1.030e+06 5 0)
s>                    ( - -6.211e+02 1 0))
s>                ( QUESTION0_0_R 1 -1.195e+04 1.077e+02 5.218e+01
s>                    ( - -1.128e+04 2 0)
s>                    ( - -5.629e+02 1 0)))
s>            ( - 1.810e+02 1 0)))INFO: dtree.c(1439): stop. leaf nodes are specific
INFO: dtree.c(1478): Final simple tree
|( QUESTION6 -1 -4.115e+05 1.262e+03 1.806e+03
|    ( WDBNDRY_B 0 -3.318e+05 1.222e+02 1.457e+03
|        ( QUESTION0 1 -3.607e+03 1.075e+02 1.500e+01
|            ( - -1.736e+03 2 0)
|            ( - -1.763e+03 1 0))
|        ( QUESTION0 1 -3.280e+05 1.223e+02 1.442e+03
|            ( - -3.273e+05 5 0)
|            ( - -5.703e+02 1 0)))
|    ( WDBNDRY_B 0 -7.844e+04 4.587e+02 3.493e+02
|        ( - 2.065e+02 1 0)
|        ( - -7.819e+04 5 0)))
s>    ( QUESTION6 -1 -4.115e+05 1.262e+03 1.806e+03
s>        ( WDBNDRY_B 0 -3.318e+05 1.222e+02 1.457e+03
s>            ( QUESTION0 1 -3.607e+03 1.075e+02 1.500e+01
s>                ( - -1.736e+03 2 0)
s>                ( - -1.763e+03 1 0))
s>            ( QUESTION0 1 -3.280e+05 1.223e+02 1.442e+03
s>                ( - -3.273e+05 5 0)
s>                ( - -5.703e+02 1 0)))
s>        ( WDBNDRY_B 0 -7.844e+04 4.587e+02 3.493e+02
s>            ( - 2.065e+02 1 0)
s>            ( - -7.819e+04 5 0)))INFO: dtree.c(1315): Comp split 4
INFO: dtree.c(1439): stop. leaf nodes are specific
INFO: dtree.c(1478): Final simple tree
|( QUESTION2_19_L -1 -1.806e+05 8.544e+02 7.879e+02
|    ( - -1.066e+05 3 0)
|    ( QUESTION2 -1 -7.315e+04 2.881e+02 3.163e+02
|        ( - -7.144e+04 3 0)
|        ( - -1.418e+03 1 0)))
s>    ( QUESTION2_19_L -1 -1.806e+05 8.544e+02 7.879e+02
s>        ( - -1.066e+05 3 0)
s>        ( QUESTION2 -1 -7.315e+04 2.881e+02 3.163e+02
s>            ( - -7.144e+04 3 0)
s>            ( - -1.418e+03 1 0)))INFO: dtree.c(1478): Final simple tree
|( QUESTION0 -1 -1.265e+06 3.105e+03 5.344e+03
|    ( WDBNDRY_B 0 -7.924e+05 1.679e+03 3.347e+03
|        ( - -6.137e+05 30 0 QUESTION2_0_L -1 1.942e+02 2.602e+03)
|        ( QUESTION0_0_R 1 -1.771e+05 4.418e+02 7.444e+02
|            ( - -1.768e+05 17 0 QUESTION2_0_L -1 1.460e+02 7.434e+02)
|            ( - 1.116e+02 1 0)))
|    ( WDBNDRY_B 0 -4.697e+05 1.981e+03 1.997e+03
|        ( QUESTION14 -1 -2.889e+05 1.484e+03 1.213e+03
|            ( - -1.582e+05 14 0)
|            ( SILENCE -1 -1.292e+05 7.495e+02 5.348e+02
|                ( - -4.737e+04 4 0)
|                ( QUESTION3 -1 -8.109e+04 4.939e+02 3.345e+02
|                    ( - -2.475e+04 4 0)
|                    ( - -5.585e+04 21 0 QUESTION17 -1 2.784e+02 2.288e+02))))
|        ( - -1.788e+05 6 0 WDBNDRY_E 0 1.721e+02 7.840e+02)))
s>    ( QUESTION0 -1 -1.265e+06 3.105e+03 5.344e+03
s>        ( WDBNDRY_B 0 -7.924e+05 1.679e+03 3.347e+03
s>            ( - -6.137e+05 30 0 QUESTION2_0_L -1 1.942e+02 2.602e+03)
s>            ( QUESTION0_0_R 1 -1.771e+05 4.418e+02 7.444e+02
s>                ( - -1.768e+05 17 0 QUESTION2_0_L -1 1.460e+02 7.434e+02)
s>                ( - 1.116e+02 1 0)))
s>        ( WDBNDRY_B 0 -4.697e+05 1.981e+03 1.997e+03
s>            ( QUESTION14 -1 -2.889e+05 1.484e+03 1.213e+03
s>                ( - -1.582e+05 14 0)
s>                ( SILENCE -1 -1.292e+05 7.495e+02 5.348e+02
s>                    ( - -4.737e+04 4 0)
s>                    ( QUESTION3 -1 -8.109e+04 4.939e+02 3.345e+02
s>                        ( - -2.475e+04 4 0)
s>                        ( - -5.585e+04 21 0 QUESTION17 -1 2.784e+02 2.288e+02))))
s>            ( - -1.788e+05 6 0 WDBNDRY_E 0 1.721e+02 7.840e+02)))INFO: dtree.c(1315): Comp split 5
INFO: dtree.c(1439): stop. leaf nodes are specific
INFO: dtree.c(1478): Final simple tree
|( QUESTION0_0_R 1 -1.760e+05 1.748e+02 7.532e+02
|    ( QUESTION0 -1 -1.712e+05 7.348e+01 7.331e+02
|        ( - -1.705e+05 9 0)
|        ( - -6.488e+02 2 0))
|    ( - -4.595e+03 3 0))
s>    ( QUESTION0_0_R 1 -1.760e+05 1.748e+02 7.532e+02
s>        ( QUESTION0 -1 -1.712e+05 7.348e+01 7.331e+02
s>            ( - -1.705e+05 9 0)
s>            ( - -6.488e+02 2 0))
s>        ( - -4.595e+03 3 0))INFO: dtree.c(1439): stop. leaf nodes are specific
INFO: dtree.c(1478): Final simple tree
|( QUESTION0_0_R 1 -1.297e+06 5.176e+02 5.605e+03
|    ( QUESTION2_2_L -1 -1.283e+06 4.573e+02 5.541e+03
|        ( QUESTION0 -1 -7.643e+04 1.789e+02 3.341e+02
|            ( - -9.225e+03 6 0)
|            ( - -6.703e+04 16 0))
|        ( QUESTION0 -1 -1.206e+06 1.143e+02 5.207e+03
|            ( - -1.203e+06 26 0)
|            ( - -2.592e+03 3 0)))
|    ( QUESTION0_17_R 1 -1.414e+04 1.723e+02 6.365e+01
|        ( - -9.444e+03 5 0)
|        ( - -4.523e+03 2 0)))
s>    ( QUESTION0_0_R 1 -1.297e+06 5.176e+02 5.605e+03
s>        ( QUESTION2_2_L -1 -1.283e+06 4.573e+02 5.541e+03
s>            ( QUESTION0 -1 -7.643e+04 1.789e+02 3.341e+02
s>                ( - -9.225e+03 6 0)
s>                ( - -6.703e+04 16 0))
s>            ( QUESTION0 -1 -1.206e+06 1.143e+02 5.207e+03
s>                ( - -1.203e+06 26 0)
s>                ( - -2.592e+03 3 0)))
s>        ( QUESTION0_17_R 1 -1.414e+04 1.723e+02 6.365e+01
s>            ( - -9.444e+03 5 0)
s>            ( - -4.523e+03 2 0)))INFO: dtree.c(1315): Comp split 6
INFO: dtree.c(1478): Final simple tree
|( WDBNDRY_B 0 -8.487e+05 1.714e+03 3.576e+03
|    ( QUESTION0 -1 -6.698e+05 3.337e+02 2.831e+03
|        ( QUESTION2_0_L -1 -6.137e+05 1.942e+02 2.602e+03
|            ( QUESTION0_0_R 1 -6.057e+05 1.635e+02 2.568e+03
|                ( - -6.042e+05 21 0)
|                ( - -1.387e+03 3 0))
|            ( - -7.730e+03 6 0 QUESTION0_0_R 1 1.631e+02 3.419e+01))
|        ( QUESTION17 -1 -5.585e+04 2.784e+02 2.288e+02
|            ( - -2.105e+04 4 0)
|            ( QUESTION10 -1 -3.452e+04 1.815e+02 1.398e+02
|                ( - -9.215e+03 4 0 QUESTION11 -1 8.510e+01 3.912e+01)
|                ( - -2.512e+04 13 0 QUESTION18 -1 1.349e+02 1.007e+02))))
|    ( QUESTION0_0_R 1 -1.771e+05 4.418e+02 7.444e+02
|        ( - -1.768e+05 17 0 QUESTION2_0_L -1 1.460e+02 7.434e+02)
|        ( - 1.116e+02 1 0)))
s>    ( WDBNDRY_B 0 -8.487e+05 1.714e+03 3.576e+03
s>        ( QUESTION0 -1 -6.698e+05 3.337e+02 2.831e+03
s>            ( QUESTION2_0_L -1 -6.137e+05 1.942e+02 2.602e+03
s>                ( QUESTION0_0_R 1 -6.057e+05 1.635e+02 2.568e+03
s>                    ( - -6.042e+05 21 0)
s>                    ( - -1.387e+03 3 0))
s>                ( - -7.730e+03 6 0 QUESTION0_0_R 1 1.631e+02 3.419e+01))
s>            ( QUESTION17 -1 -5.585e+04 2.784e+02 2.288e+02
s>                ( - -2.105e+04 4 0)
s>                ( QUESTION10 -1 -3.452e+04 1.815e+02 1.398e+02
s>                    ( - -9.215e+03 4 0 QUESTION11 -1 8.510e+01 3.912e+01)
s>                    ( - -2.512e+04 13 0 QUESTION18 -1 1.349e+02 1.007e+02))))
s>        ( QUESTION0_0_R 1 -1.771e+05 4.418e+02 7.444e+02
s>            ( - -1.768e+05 17 0 QUESTION2_0_L -1 1.460e+02 7.434e+02)
s>            ( - 1.116e+02 1 0)))INFO: dtree.c(1439): stop. leaf nodes are specific
INFO: dtree.c(1478): Final simple tree
|( WDBNDRY_B 0 -4.133e+05 2.119e+03 1.768e+03
|    ( QUESTION13 -1 -2.323e+05 1.385e+03 9.845e+02
|        ( - -1.582e+05 14 0)
|        ( SILENCE -1 -7.276e+04 6.374e+02 3.060e+02
|            ( - -4.737e+04 4 0)
|            ( - -2.475e+04 4 0)))
|    ( WDBNDRY_E 0 -1.788e+05 1.721e+02 7.840e+02
|        ( - -3.038e+02 1 0)
|        ( - -1.784e+05 5 0)))
s>    ( WDBNDRY_B 0 -4.133e+05 2.119e+03 1.768e+03
s>        ( QUESTION13 -1 -2.323e+05 1.385e+03 9.845e+02
s>            ( - -1.582e+05 14 0)
s>            ( SILENCE -1 -7.276e+04 6.374e+02 3.060e+02
s>                ( - -4.737e+04 4 0)
s>                ( - -2.475e+04 4 0)))
s>        ( WDBNDRY_E 0 -1.788e+05 1.721e+02 7.840e+02
s>            ( - -3.038e+02 1 0)
s>            ( - -1.784e+05 5 0)))INFO: dtree.c(1315): Comp split 7
INFO: dtree.c(1478): Final simple tree
|( QUESTION4 1 -4.776e+05 1.297e+03 2.008e+03
|    ( QUESTION5 1 -8.146e+04 3.420e+02 3.481e+02
|        ( - -2.231e+04 10 0 QUESTION0_6_R 1 2.038e+02 9.412e+01)
|        ( - -5.881e+04 18 0 WDBNDRY_I 0 3.834e+02 2.539e+02))
|    ( QUESTION13 1 -3.948e+05 1.341e+03 1.660e+03
|        ( WDBNDRY_I 0 -1.836e+05 6.251e+02 7.781e+02
|            ( QUESTION0 -1 -1.932e+04 4.599e+02 8.749e+01
|                ( - -1.907e+04 5 0)
|                ( - 2.181e+02 1 0))
|            ( QUESTION0 -1 -1.637e+05 4.764e+02 6.906e+02
|                ( QUESTION0_12_R 1 -1.634e+05 3.546e+02 6.896e+02
|                    ( - -4.548e+03 2 0)
|                    ( - -1.585e+05 32 0 QUESTION0_17_R 1 2.445e+02 6.672e+02))
|                ( - 2.420e+02 1 0)))
|        ( - -2.098e+05 7 0 SILENCE 1 1.826e+02 8.822e+02)))
s>    ( QUESTION4 1 -4.776e+05 1.297e+03 2.008e+03
s>        ( QUESTION5 1 -8.146e+04 3.420e+02 3.481e+02
s>            ( - -2.231e+04 10 0 QUESTION0_6_R 1 2.038e+02 9.412e+01)
s>            ( - -5.881e+04 18 0 WDBNDRY_I 0 3.834e+02 2.539e+02))
s>        ( QUESTION13 1 -3.948e+05 1.341e+03 1.660e+03
s>            ( WDBNDRY_I 0 -1.836e+05 6.251e+02 7.781e+02
s>                ( QUESTION0 -1 -1.932e+04 4.599e+02 8.749e+01
s>                    ( - -1.907e+04 5 0)
s>                    ( - 2.181e+02 1 0))
s>                ( QUESTION0 -1 -1.637e+05 4.764e+02 6.906e+02
s>                    ( QUESTION0_12_R 1 -1.634e+05 3.546e+02 6.896e+02
s>                        ( - -4.548e+03 2 0)
s>                        ( - -1.585e+05 32 0 QUESTION0_17_R 1 2.445e+02 6.672e+02))
s>                    ( - 2.420e+02 1 0)))
s>            ( - -2.098e+05 7 0 SILENCE 1 1.826e+02 8.822e+02)))INFO: dtree.c(1478): Final simple tree
|( QUESTION2_6_L -1 -3.389e+05 9.679e+02 1.466e+03
|    ( QUESTION16 -1 -6.137e+04 6.334e+02 2.646e+02
|        ( - -1.288e+04 3 0 QUESTION17 -1 1.809e+02 5.539e+01)
|        ( WDBNDRY_B 0 -4.785e+04 3.587e+02 2.092e+02
|            ( - -1.562e+04 6 0 QUESTION5 -1 1.397e+02 6.928e+01)
|            ( - -3.187e+04 1 0)))
|    ( QUESTION0 -1 -2.766e+05 4.948e+02 1.201e+03
|        ( QUESTION2_0_L -1 -2.217e+05 4.563e+02 9.655e+02
|            ( WDBNDRY_B 0 -2.214e+05 2.709e+02 9.645e+02
|                ( - -2.118e+05 10 0)
|                ( - -9.302e+03 5 0))
|            ( - 2.066e+02 1 0))
|        ( QUESTION13 -1 -5.443e+04 3.332e+02 2.356e+02
|            ( - -4.345e+04 4 0)
|            ( - -1.065e+04 2 0 SILENCE -1 1.191e+02 4.703e+01))))
s>    ( QUESTION2_6_L -1 -3.389e+05 9.679e+02 1.466e+03
s>        ( QUESTION16 -1 -6.137e+04 6.334e+02 2.646e+02
s>            ( - -1.288e+04 3 0 QUESTION17 -1 1.809e+02 5.539e+01)
s>            ( WDBNDRY_B 0 -4.785e+04 3.587e+02 2.092e+02
s>                ( - -1.562e+04 6 0 QUESTION5 -1 1.397e+02 6.928e+01)
s>                ( - -3.187e+04 1 0)))
s>        ( QUESTION0 -1 -2.766e+05 4.948e+02 1.201e+03
s>            ( QUESTION2_0_L -1 -2.217e+05 4.563e+02 9.655e+02
s>                ( WDBNDRY_B 0 -2.214e+05 2.709e+02 9.645e+02
s>                    ( - -2.118e+05 10 0)
s>                    ( - -9.302e+03 5 0))
s>                ( - 2.066e+02 1 0))
s>            ( QUESTION13 -1 -5.443e+04 3.332e+02 2.356e+02
s>                ( - -4.345e+04 4 0)
s>                ( - -1.065e+04 2 0 SILENCE -1 1.191e+02 4.703e+01))))INFO: dtree.c(1315): Comp split 8
INFO: dtree.c(1439): stop. leaf nodes are specific
INFO: dtree.c(1478): Final simple tree
|( QUESTION13 -1 -2.323e+05 1.385e+03 9.845e+02
|    ( - -1.582e+05 14 0)
|    ( SILENCE -1 -7.276e+04 6.374e+02 3.060e+02
|        ( - -4.737e+04 4 0)
|        ( - -2.475e+04 4 0)))
s>    ( QUESTION13 -1 -2.323e+05 1.385e+03 9.845e+02
s>        ( - -1.582e+05 14 0)
s>        ( SILENCE -1 -7.276e+04 6.374e+02 3.060e+02
s>            ( - -4.737e+04 4 0)
s>            ( - -2.475e+04 4 0)))INFO: dtree.c(1439): stop. leaf nodes are specific
INFO: dtree.c(1478): Final simple tree
|( WDBNDRY_E 0 -1.788e+05 1.721e+02 7.840e+02
|    ( - -3.038e+02 1 0)
|    ( - -1.784e+05 5 0))
s>    ( WDBNDRY_E 0 -1.788e+05 1.721e+02 7.840e+02
s>        ( - -3.038e+02 1 0)
s>        ( - -1.784e+05 5 0))INFO: dtree.c(1315): Comp split 9
INFO: dtree.c(1439): stop. leaf nodes are specific
INFO: dtree.c(1478): Final simple tree
|( SILENCE 1 -2.098e+05 1.826e+02 8.822e+02
|    ( - -1.389e+05 4 0)
|    ( - -7.077e+04 3 0))
s>    ( SILENCE 1 -2.098e+05 1.826e+02 8.822e+02
s>        ( - -1.389e+05 4 0)
s>        ( - -7.077e+04 3 0))INFO: dtree.c(1478): Final simple tree
|( QUESTION0_2_R 1 -2.659e+05 8.779e+02 1.126e+03
|    ( QUESTION5 1 -7.224e+04 3.230e+02 3.098e+02
|        ( - -1.311e+04 6 0 QUESTION0_5_R 1 1.904e+02 5.583e+01)
|        ( WDBNDRY_I 0 -5.881e+04 3.834e+02 2.539e+02
|            ( - -1.179e+04 6 0 QUESTION0_3_R 1 2.344e+02 5.334e+01)
|            ( - -4.663e+04 12 0 QUESTION0 -1 1.818e+02 2.006e+02)))
|    ( WDBNDRY_I 0 -1.928e+05 6.230e+02 8.163e+02
|        ( QUESTION0 -1 -1.932e+04 4.599e+02 8.749e+01
|            ( - -1.907e+04 5 0)
|            ( - 2.181e+02 1 0))
|        ( QUESTION0 -1 -1.729e+05 4.765e+02 7.289e+02
|            ( QUESTION0_14_R 1 -1.726e+05 3.513e+02 7.279e+02
|                ( - -4.548e+03 2 0)
|                ( - -1.677e+05 36 0 QUESTION0_17_R 1 2.395e+02 7.055e+02))
|            ( - 2.420e+02 1 0))))
s>    ( QUESTION0_2_R 1 -2.659e+05 8.779e+02 1.126e+03
s>        ( QUESTION5 1 -7.224e+04 3.230e+02 3.098e+02
s>            ( - -1.311e+04 6 0 QUESTION0_5_R 1 1.904e+02 5.583e+01)
s>            ( WDBNDRY_I 0 -5.881e+04 3.834e+02 2.539e+02
s>                ( - -1.179e+04 6 0 QUESTION0_3_R 1 2.344e+02 5.334e+01)
s>                ( - -4.663e+04 12 0 QUESTION0 -1 1.818e+02 2.006e+02)))
s>        ( WDBNDRY_I 0 -1.928e+05 6.230e+02 8.163e+02
s>            ( QUESTION0 -1 -1.932e+04 4.599e+02 8.749e+01
s>                ( - -1.907e+04 5 0)
s>                ( - 2.181e+02 1 0))
s>            ( QUESTION0 -1 -1.729e+05 4.765e+02 7.289e+02
s>                ( QUESTION0_14_R 1 -1.726e+05 3.513e+02 7.279e+02
s>                    ( - -4.548e+03 2 0)
s>                    ( - -1.677e+05 36 0 QUESTION0_17_R 1 2.395e+02 7.055e+02))
s>                ( - 2.420e+02 1 0))))INFO: dtree.c(1315): Comp split 10
INFO: dtree.c(1439): stop. leaf nodes are specific
INFO: dtree.c(1478): Final simple tree
|( QUESTION2_0_L -1 -1.862e+05 1.962e+02 7.836e+02
|    ( WDBNDRY_B 0 -1.776e+05 1.380e+02 7.464e+02
|        ( - -1.387e+03 3 0)
|        ( - -1.761e+05 16 0))
|    ( QUESTION0_0_R 1 -8.436e+03 1.589e+02 3.719e+01
|        ( WDBNDRY_B 0 -7.946e+03 1.484e+02 3.519e+01
|            ( - -7.237e+03 5 0)
|            ( - -5.612e+02 1 0))
|        ( - -3.304e+02 1 0)))
s>    ( QUESTION2_0_L -1 -1.862e+05 1.962e+02 7.836e+02
s>        ( WDBNDRY_B 0 -1.776e+05 1.380e+02 7.464e+02
s>            ( - -1.387e+03 3 0)
s>            ( - -1.761e+05 16 0))
s>        ( QUESTION0_0_R 1 -8.436e+03 1.589e+02 3.719e+01
s>            ( WDBNDRY_B 0 -7.946e+03 1.484e+02 3.519e+01
s>                ( - -7.237e+03 5 0)
s>                ( - -5.612e+02 1 0))
s>            ( - -3.304e+02 1 0)))INFO: dtree.c(1478): Final simple tree
|( WDBNDRY_B 0 -6.607e+05 4.411e+02 2.792e+03
|    ( QUESTION0 -1 -6.604e+05 3.342e+02 2.791e+03
|        ( - -6.042e+05 21 0)
|        ( QUESTION17 -1 -5.585e+04 2.784e+02 2.288e+02
|            ( - -2.105e+04 4 0)
|            ( QUESTION10 -1 -3.452e+04 1.815e+02 1.398e+02
|                ( QUESTION11 -1 -9.215e+03 8.510e+01 3.912e+01
|                    ( - -7.452e+02 2 0)
|                    ( - -8.385e+03 2 0))
|                ( QUESTION18 -1 -2.512e+04 1.349e+02 1.007e+02
|                    ( - -1.282e+04 7 0)
|                    ( QUESTION2 -1 -1.216e+04 1.185e+02 4.965e+01
|                        ( - -2.058e+03 2 0)
|                        ( - -9.988e+03 4 0))))))
|    ( - 1.116e+02 1 0))
s>    ( WDBNDRY_B 0 -6.607e+05 4.411e+02 2.792e+03
s>        ( QUESTION0 -1 -6.604e+05 3.342e+02 2.791e+03
s>            ( - -6.042e+05 21 0)
s>            ( QUESTION17 -1 -5.585e+04 2.784e+02 2.288e+02
s>                ( - -2.105e+04 4 0)
s>                ( QUESTION10 -1 -3.452e+04 1.815e+02 1.398e+02
s>                    ( QUESTION11 -1 -9.215e+03 8.510e+01 3.912e+01
s>                        ( - -7.452e+02 2 0)
s>                        ( - -8.385e+03 2 0))
s>                    ( QUESTION18 -1 -2.512e+04 1.349e+02 1.007e+02
s>                        ( - -1.282e+04 7 0)
s>                        ( QUESTION2 -1 -1.216e+04 1.185e+02 4.965e+01
s>                            ( - -2.058e+03 2 0)
s>                            ( - -9.988e+03 4 0))))))
s>        ( - 1.116e+02 1 0))INFO: dtree.c(1315): Comp split 11
INFO: dtree.c(1439): stop. leaf nodes are specific
INFO: dtree.c(1478): Final simple tree
|( SILENCE -1 -7.276e+04 6.374e+02 3.060e+02
|    ( - -4.737e+04 4 0)
|    ( - -2.475e+04 4 0))
s>    ( SILENCE -1 -7.276e+04 6.374e+02 3.060e+02
s>        ( - -4.737e+04 4 0)
s>        ( - -2.475e+04 4 0))INFO: dtree.c(1315): Comp split 12
INFO: dtree.c(1439): stop. leaf nodes are specific
INFO: dtree.c(1478): Final simple tree
|( WDBNDRY_B 0 -3.318e+05 1.222e+02 1.457e+03
|    ( QUESTION0 1 -3.607e+03 1.075e+02 1.500e+01
|        ( - -1.736e+03 2 0)
|        ( - -1.763e+03 1 0))
|    ( QUESTION0 1 -3.280e+05 1.223e+02 1.442e+03
|        ( - -3.273e+05 5 0)
|        ( - -5.703e+02 1 0)))
s>    ( WDBNDRY_B 0 -3.318e+05 1.222e+02 1.457e+03
s>        ( QUESTION0 1 -3.607e+03 1.075e+02 1.500e+01
s>            ( - -1.736e+03 2 0)
s>            ( - -1.763e+03 1 0))
s>        ( QUESTION0 1 -3.280e+05 1.223e+02 1.442e+03
s>            ( - -3.273e+05 5 0)
s>            ( - -5.703e+02 1 0)))INFO: dtree.c(1439): stop. leaf nodes are specific
INFO: dtree.c(1478): Final simple tree
|( WDBNDRY_B 0 -7.844e+04 4.587e+02 3.493e+02
|    ( - 2.065e+02 1 0)
|    ( - -7.819e+04 5 0))
s>    ( WDBNDRY_B 0 -7.844e+04 4.587e+02 3.493e+02
s>        ( - 2.065e+02 1 0)
s>        ( - -7.819e+04 5 0))INFO: dtree.c(1315): Comp split 13
INFO: dtree.c(1478): Final simple tree
|( QUESTION0_2_R 1 -9.668e+04 6.038e+02 4.186e+02
|    ( QUESTION5 1 -7.224e+04 3.230e+02 3.098e+02
|        ( QUESTION0_5_R 1 -1.311e+04 1.904e+02 5.583e+01
|            ( - -5.568e+03 4 0 WDBNDRY_E 0 1.052e+02 2.442e+01)
|            ( - -7.355e+03 2 0))
|        ( WDBNDRY_I 0 -5.881e+04 3.834e+02 2.539e+02
|            ( QUESTION0_3_R 1 -1.179e+04 2.344e+02 5.334e+01
|                ( - -7.658e+03 4 0)
|                ( - -3.900e+03 2 0))
|            ( QUESTION0 -1 -4.663e+04 1.818e+02 2.006e+02
|                ( - -4.467e+04 10 0 WDBNDRY_E 0 1.801e+02 1.926e+02)
|                ( - -1.776e+03 2 0 QUESTION11 1 2.080e+02 8.000e+00))))
|    ( WDBNDRY_E 0 -2.383e+04 2.096e+02 1.088e+02
|        ( - -4.548e+03 2 0)
|        ( - -1.907e+04 5 0)))
s>    ( QUESTION0_2_R 1 -9.668e+04 6.038e+02 4.186e+02
s>        ( QUESTION5 1 -7.224e+04 3.230e+02 3.098e+02
s>            ( QUESTION0_5_R 1 -1.311e+04 1.904e+02 5.583e+01
s>                ( - -5.568e+03 4 0 WDBNDRY_E 0 1.052e+02 2.442e+01)
s>                ( - -7.355e+03 2 0))
s>            ( WDBNDRY_I 0 -5.881e+04 3.834e+02 2.539e+02
s>                ( QUESTION0_3_R 1 -1.179e+04 2.344e+02 5.334e+01
s>                    ( - -7.658e+03 4 0)
s>                    ( - -3.900e+03 2 0))
s>                ( QUESTION0 -1 -4.663e+04 1.818e+02 2.006e+02
s>                    ( - -4.467e+04 10 0 WDBNDRY_E 0 1.801e+02 1.926e+02)
s>                    ( - -1.776e+03 2 0 QUESTION11 1 2.080e+02 8.000e+00))))
s>        ( WDBNDRY_E 0 -2.383e+04 2.096e+02 1.088e+02
s>            ( - -4.548e+03 2 0)
s>            ( - -1.907e+04 5 0)))INFO: dtree.c(1478): Final simple tree
|( WDBNDRY_I 0 -1.682e+05 4.585e+02 7.075e+02
|    ( - 2.181e+02 1 0)
|    ( QUESTION0 -1 -1.680e+05 4.762e+02 7.065e+02
|        ( QUESTION0_17_R 1 -1.677e+05 2.395e+02 7.055e+02
|            ( - -6.482e+04 8 0 WDBNDRY_B 0 1.205e+02 2.659e+02)
|            ( WDBNDRY_B 0 -1.027e+05 2.399e+02 4.396e+02
|                ( - -2.823e+03 2 0)
|                ( QUESTION0_20_R 1 -9.960e+04 2.011e+02 4.266e+02
|                    ( - -2.577e+04 9 0 QUESTION17 1 1.520e+02 1.077e+02)
|                    ( QUESTION19 1 -7.363e+04 2.009e+02 3.190e+02
|                        ( - -4.678e+04 8 0)
|                        ( QUESTION0_12_R 1 -2.665e+04 1.772e+02 1.132e+02
|                            ( - -9.013e+03 4 0)
|                            ( - -1.746e+04 5 0 QUESTION0_9_R 1 1.552e+02 7.490e+01))))))
|        ( - 2.420e+02 1 0)))
s>    ( WDBNDRY_I 0 -1.682e+05 4.585e+02 7.075e+02
s>        ( - 2.181e+02 1 0)
s>        ( QUESTION0 -1 -1.680e+05 4.762e+02 7.065e+02
s>            ( QUESTION0_17_R 1 -1.677e+05 2.395e+02 7.055e+02
s>                ( - -6.482e+04 8 0 WDBNDRY_B 0 1.205e+02 2.659e+02)
s>                ( WDBNDRY_B 0 -1.027e+05 2.399e+02 4.396e+02
s>                    ( - -2.823e+03 2 0)
s>                    ( QUESTION0_20_R 1 -9.960e+04 2.011e+02 4.266e+02
s>                        ( - -2.577e+04 9 0 QUESTION17 1 1.520e+02 1.077e+02)
s>                        ( QUESTION19 1 -7.363e+04 2.009e+02 3.190e+02
s>                            ( - -4.678e+04 8 0)
s>                            ( QUESTION0_12_R 1 -2.665e+04 1.772e+02 1.132e+02
s>                                ( - -9.013e+03 4 0)
s>                                ( - -1.746e+04 5 0 QUESTION0_9_R 1 1.552e+02 7.490e+01))))))
s>            ( - 2.420e+02 1 0)))INFO: dtree.c(1315): Comp split 14
INFO: dtree.c(1478): Final simple tree
|( QUESTION2_2_L -1 -5.766e+04 4.530e+02 2.502e+02
|    ( - 2.066e+02 1 0)
|    ( WDBNDRY_I 0 -5.741e+04 3.824e+02 2.492e+02
|        ( - -3.187e+04 1 0)
|        ( WDBNDRY_B 0 -2.516e+04 2.377e+02 1.092e+02
|            ( QUESTION5 -1 -1.562e+04 1.397e+02 6.928e+01
|                ( - -1.466e+03 1 0)
|                ( QUESTION20 -1 -1.402e+04 1.117e+02 6.228e+01
|                    ( - -8.188e+02 1 0)
|                    ( QUESTION2 -1 -1.309e+04 9.702e+01 5.828e+01
|                        ( QUESTION11 -1 -9.488e+03 8.782e+01 4.271e+01
|                            ( - -6.395e+03 1 0)
|                            ( - -3.005e+03 2 0))
|                        ( - -3.501e+03 1 0))))
|            ( - -9.302e+03 5 0))))
s>    ( QUESTION2_2_L -1 -5.766e+04 4.530e+02 2.502e+02
s>        ( - 2.066e+02 1 0)
s>        ( WDBNDRY_I 0 -5.741e+04 3.824e+02 2.492e+02
s>            ( - -3.187e+04 1 0)
s>            ( WDBNDRY_B 0 -2.516e+04 2.377e+02 1.092e+02
s>                ( QUESTION5 -1 -1.562e+04 1.397e+02 6.928e+01
s>                    ( - -1.466e+03 1 0)
s>                    ( QUESTION20 -1 -1.402e+04 1.117e+02 6.228e+01
s>                        ( - -8.188e+02 1 0)
s>                        ( QUESTION2 -1 -1.309e+04 9.702e+01 5.828e+01
s>                            ( QUESTION11 -1 -9.488e+03 8.782e+01 4.271e+01
s>                                ( - -6.395e+03 1 0)
s>                                ( - -3.005e+03 2 0))
s>                            ( - -3.501e+03 1 0))))
s>                ( - -9.302e+03 5 0))))INFO: dtree.c(1439): stop. leaf nodes are specific
INFO: dtree.c(1478): Final simple tree
|( QUESTION15 -1 -2.803e+05 6.007e+02 1.215e+03
|    ( QUESTION17 -1 -1.288e+04 1.809e+02 5.539e+01
|        ( - -2.639e+03 2 0)
|        ( - -1.006e+04 1 0))
|    ( QUESTION0 -1 -2.668e+05 5.102e+02 1.160e+03
|        ( - -2.118e+05 10 0)
|        ( QUESTION13 -1 -5.443e+04 3.332e+02 2.356e+02
|            ( - -4.345e+04 4 0)
|            ( SILENCE -1 -1.065e+04 1.191e+02 4.703e+01
|                ( - -8.302e+03 1 0)
|                ( - -2.229e+03 1 0)))))
s>    ( QUESTION15 -1 -2.803e+05 6.007e+02 1.215e+03
s>        ( QUESTION17 -1 -1.288e+04 1.809e+02 5.539e+01
s>            ( - -2.639e+03 2 0)
s>            ( - -1.006e+04 1 0))
s>        ( QUESTION0 -1 -2.668e+05 5.102e+02 1.160e+03
s>            ( - -2.118e+05 10 0)
s>            ( QUESTION13 -1 -5.443e+04 3.332e+02 2.356e+02
s>                ( - -4.345e+04 4 0)
s>                ( SILENCE -1 -1.065e+04 1.191e+02 4.703e+01
s>                    ( - -8.302e+03 1 0)
s>                    ( - -2.229e+03 1 0)))))INFO: dtree.c(1315): Comp split 15
INFO: dtree.c(1439): stop. leaf nodes are specific
INFO: dtree.c(1478): Final simple tree
|( QUESTION2 -1 -7.315e+04 2.881e+02 3.163e+02
|    ( - -7.144e+04 3 0)
|    ( - -1.418e+03 1 0))
s>    ( QUESTION2 -1 -7.315e+04 2.881e+02 3.163e+02
s>        ( - -7.144e+04 3 0)
s>        ( - -1.418e+03 1 0))INFO: dtree.c(1315): Comp split 16
INFO: dtree.c(1439): stop. leaf nodes are specific
INFO: dtree.c(1478): Final simple tree
|( QUESTION0 -1 -2.695e+05 5.058e+02 1.170e+03
|    ( - -2.118e+05 10 0)
|    ( QUESTION14 -1 -5.721e+04 3.447e+02 2.459e+02
|        ( - -4.345e+04 4 0)
|        ( SILENCE -1 -1.341e+04 1.334e+02 5.738e+01
|            ( - -8.302e+03 1 0)
|            ( QUESTION2 -1 -4.974e+03 1.054e+02 2.035e+01
|                ( - -2.229e+03 1 0)
|                ( - -2.639e+03 2 0)))))
s>    ( QUESTION0 -1 -2.695e+05 5.058e+02 1.170e+03
s>        ( - -2.118e+05 10 0)
s>        ( QUESTION14 -1 -5.721e+04 3.447e+02 2.459e+02
s>            ( - -4.345e+04 4 0)
s>            ( SILENCE -1 -1.341e+04 1.334e+02 5.738e+01
s>                ( - -8.302e+03 1 0)
s>                ( QUESTION2 -1 -4.974e+03 1.054e+02 2.035e+01
s>                    ( - -2.229e+03 1 0)
s>                    ( - -2.639e+03 2 0)))))INFO: dtree.c(1315): Comp split 17
INFO: dtree.c(1315): Comp split 18
INFO: dtree.c(1439): stop. leaf nodes are specific
INFO: dtree.c(1478): Final simple tree
|( QUESTION0_2_R 1 -2.799e+04 2.552e+02 1.269e+02
|    ( - -3.900e+03 2 0)
|    ( WDBNDRY_E 0 -2.383e+04 2.096e+02 1.088e+02
|        ( - -4.548e+03 2 0)
|        ( - -1.907e+04 5 0)))
s>    ( QUESTION0_2_R 1 -2.799e+04 2.552e+02 1.269e+02
s>        ( - -3.900e+03 2 0)
s>        ( WDBNDRY_E 0 -2.383e+04 2.096e+02 1.088e+02
s>            ( - -4.548e+03 2 0)
s>            ( - -1.907e+04 5 0)))INFO: dtree.c(1478): Final simple tree
|( QUESTION5 1 -6.806e+04 3.290e+02 2.917e+02
|    ( QUESTION0_5_R 1 -1.311e+04 1.904e+02 5.583e+01
|        ( - -5.568e+03 4 0 WDBNDRY_E 0 1.052e+02 2.442e+01)
|        ( - -7.355e+03 2 0))
|    ( WDBNDRY_I 0 -5.462e+04 3.283e+02 2.358e+02
|        ( - -7.658e+03 4 0)
|        ( QUESTION0 -1 -4.663e+04 1.818e+02 2.006e+02
|            ( WDBNDRY_E 0 -4.467e+04 1.801e+02 1.926e+02
|                ( QUESTION11 1 -4.423e+04 1.739e+02 1.906e+02
|                    ( - -3.588e+04 6 0 QUESTION0_3_R 1 1.612e+02 1.546e+02)
|                    ( - -8.171e+03 3 0))
|                ( - -2.636e+02 1 0))
|            ( QUESTION11 1 -1.776e+03 2.080e+02 8.000e+00
|                ( - -4.032e+02 1 0)
|                ( - -1.165e+03 1 0)))))
s>    ( QUESTION5 1 -6.806e+04 3.290e+02 2.917e+02
s>        ( QUESTION0_5_R 1 -1.311e+04 1.904e+02 5.583e+01
s>            ( - -5.568e+03 4 0 WDBNDRY_E 0 1.052e+02 2.442e+01)
s>            ( - -7.355e+03 2 0))
s>        ( WDBNDRY_I 0 -5.462e+04 3.283e+02 2.358e+02
s>            ( - -7.658e+03 4 0)
s>            ( QUESTION0 -1 -4.663e+04 1.818e+02 2.006e+02
s>                ( WDBNDRY_E 0 -4.467e+04 1.801e+02 1.926e+02
s>                    ( QUESTION11 1 -4.423e+04 1.739e+02 1.906e+02
s>                        ( - -3.588e+04 6 0 QUESTION0_3_R 1 1.612e+02 1.546e+02)
s>                        ( - -8.171e+03 3 0))
s>                    ( - -2.636e+02 1 0))
s>                ( QUESTION11 1 -1.776e+03 2.080e+02 8.000e+00
s>                    ( - -4.032e+02 1 0)
s>                    ( - -1.165e+03 1 0)))))INFO: dtree.c(1315): Comp split 19
INFO: dtree.c(1439): stop. leaf nodes are specific
INFO: dtree.c(1478): Final simple tree
|( QUESTION2_2_L -1 -1.283e+06 4.573e+02 5.541e+03
|    ( QUESTION0 -1 -7.643e+04 1.789e+02 3.341e+02
|        ( - -9.225e+03 6 0)
|        ( - -6.703e+04 16 0))
|    ( QUESTION0 -1 -1.206e+06 1.143e+02 5.207e+03
|        ( - -1.203e+06 26 0)
|        ( - -2.592e+03 3 0)))
s>    ( QUESTION2_2_L -1 -1.283e+06 4.573e+02 5.541e+03
s>        ( QUESTION0 -1 -7.643e+04 1.789e+02 3.341e+02
s>            ( - -9.225e+03 6 0)
s>            ( - -6.703e+04 16 0))
s>        ( QUESTION0 -1 -1.206e+06 1.143e+02 5.207e+03
s>            ( - -1.203e+06 26 0)
s>            ( - -2.592e+03 3 0)))INFO: dtree.c(1439): stop. leaf nodes are specific
INFO: dtree.c(1478): Final simple tree
|( QUESTION0_17_R 1 -1.414e+04 1.723e+02 6.365e+01
|    ( - -9.444e+03 5 0)
|    ( - -4.523e+03 2 0))
s>    ( QUESTION0_17_R 1 -1.414e+04 1.723e+02 6.365e+01
s>        ( - -9.444e+03 5 0)
s>        ( - -4.523e+03 2 0))INFO: dtree.c(1315): Comp split 20
INFO: dtree.c(1439): stop. leaf nodes are specific
INFO: dtree.c(1478): Final simple tree
|( QUESTION0 -1 -2.146e+05 1.306e+02 9.349e+02
|    ( - -2.118e+05 10 0)
|    ( - -2.639e+03 2 0))
s>    ( QUESTION0 -1 -2.146e+05 1.306e+02 9.349e+02
s>        ( - -2.118e+05 10 0)
s>        ( - -2.639e+03 2 0))INFO: dtree.c(1439): stop. leaf nodes are specific
INFO: dtree.c(1478): Final simple tree
|( QUESTION13 -1 -5.443e+04 3.332e+02 2.356e+02
|    ( - -4.345e+04 4 0)
|    ( SILENCE -1 -1.065e+04 1.191e+02 4.703e+01
|        ( - -8.302e+03 1 0)
|        ( - -2.229e+03 1 0)))
s>    ( QUESTION13 -1 -5.443e+04 3.332e+02 2.356e+02
s>        ( - -4.345e+04 4 0)
s>        ( SILENCE -1 -1.065e+04 1.191e+02 4.703e+01
s>            ( - -8.302e+03 1 0)
s>            ( - -2.229e+03 1 0)))INFO: dtree.c(1315): Comp split 21
INFO: dtree.c(1478): Final simple tree
|( WDBNDRY_I 0 -1.680e+05 4.586e+02 7.065e+02
|    ( - 2.181e+02 1 0)
|    ( QUESTION0_17_R 1 -1.677e+05 2.395e+02 7.055e+02
|        ( - -6.482e+04 8 0 WDBNDRY_B 0 1.205e+02 2.659e+02)
|        ( WDBNDRY_B 0 -1.027e+05 2.399e+02 4.396e+02
|            ( - -2.823e+03 2 0)
|            ( QUESTION0_20_R 1 -9.960e+04 2.011e+02 4.266e+02
|                ( - -2.577e+04 9 0 QUESTION17 1 1.520e+02 1.077e+02)
|                ( QUESTION19 1 -7.363e+04 2.009e+02 3.190e+02
|                    ( - -4.678e+04 8 0)
|                    ( QUESTION0_12_R 1 -2.665e+04 1.772e+02 1.132e+02
|                        ( - -9.013e+03 4 0)
|                        ( QUESTION0_9_R 1 -1.746e+04 1.552e+02 7.490e+01
|                            ( - -9.901e+03 2 0)
|                            ( - -7.405e+03 3 0))))))))
s>    ( WDBNDRY_I 0 -1.680e+05 4.586e+02 7.065e+02
s>        ( - 2.181e+02 1 0)
s>        ( QUESTION0_17_R 1 -1.677e+05 2.395e+02 7.055e+02
s>            ( - -6.482e+04 8 0 WDBNDRY_B 0 1.205e+02 2.659e+02)
s>            ( WDBNDRY_B 0 -1.027e+05 2.399e+02 4.396e+02
s>                ( - -2.823e+03 2 0)
s>                ( QUESTION0_20_R 1 -9.960e+04 2.011e+02 4.266e+02
s>                    ( - -2.577e+04 9 0 QUESTION17 1 1.520e+02 1.077e+02)
s>                    ( QUESTION19 1 -7.363e+04 2.009e+02 3.190e+02
s>                        ( - -4.678e+04 8 0)
s>                        ( QUESTION0_12_R 1 -2.665e+04 1.772e+02 1.132e+02
s>                            ( - -9.013e+03 4 0)
s>                            ( QUESTION0_9_R 1 -1.746e+04 1.552e+02 7.490e+01
s>                                ( - -9.901e+03 2 0)
s>                                ( - -7.405e+03 3 0))))))))INFO: dtree.c(1315): Comp split 22
INFO: dtree.c(1439): stop. leaf nodes are specific
INFO: dtree.c(1478): Final simple tree
|( QUESTION2_15_L -1 -1.043e+06 4.479e+02 4.535e+03
|    ( QUESTION0 1 -1.043e+06 2.157e+02 4.534e+03
|        ( QUESTION0_0_R 1 -1.031e+06 1.180e+02 4.482e+03
|            ( - -1.030e+06 5 0)
|            ( - -6.211e+02 1 0))
|        ( QUESTION0_0_R 1 -1.195e+04 1.077e+02 5.218e+01
|            ( - -1.128e+04 2 0)
|            ( - -5.629e+02 1 0)))
|    ( - 1.810e+02 1 0))
s>    ( QUESTION2_15_L -1 -1.043e+06 4.479e+02 4.535e+03
s>        ( QUESTION0 1 -1.043e+06 2.157e+02 4.534e+03
s>            ( QUESTION0_0_R 1 -1.031e+06 1.180e+02 4.482e+03
s>                ( - -1.030e+06 5 0)
s>                ( - -6.211e+02 1 0))
s>            ( QUESTION0_0_R 1 -1.195e+04 1.077e+02 5.218e+01
s>                ( - -1.128e+04 2 0)
s>                ( - -5.629e+02 1 0)))
s>        ( - 1.810e+02 1 0))INFO: dtree.c(1315): Comp split 23
INFO: dtree.c(1315): Comp split 24
INFO: dtree.c(1478): Final simple tree
|( QUESTION0_17_R 1 -1.677e+05 2.395e+02 7.055e+02
|    ( - -6.482e+04 8 0 WDBNDRY_B 0 1.205e+02 2.659e+02)
|    ( WDBNDRY_B 0 -1.027e+05 2.399e+02 4.396e+02
|        ( - -2.823e+03 2 0)
|        ( QUESTION0_20_R 1 -9.960e+04 2.011e+02 4.266e+02
|            ( QUESTION17 1 -2.577e+04 1.520e+02 1.077e+02
|                ( - -6.485e+03 5 0)
|                ( - -1.913e+04 4 0))
|            ( QUESTION19 1 -7.363e+04 2.009e+02 3.190e+02
|                ( - -4.678e+04 8 0)
|                ( QUESTION0_12_R 1 -2.665e+04 1.772e+02 1.132e+02
|                    ( - -9.013e+03 4 0)
|                    ( QUESTION0_9_R 1 -1.746e+04 1.552e+02 7.490e+01
|                        ( - -9.901e+03 2 0)
|                        ( - -7.405e+03 3 0)))))))
s>    ( QUESTION0_17_R 1 -1.677e+05 2.395e+02 7.055e+02
s>        ( - -6.482e+04 8 0 WDBNDRY_B 0 1.205e+02 2.659e+02)
s>        ( WDBNDRY_B 0 -1.027e+05 2.399e+02 4.396e+02
s>            ( - -2.823e+03 2 0)
s>            ( QUESTION0_20_R 1 -9.960e+04 2.011e+02 4.266e+02
s>                ( QUESTION17 1 -2.577e+04 1.520e+02 1.077e+02
s>                    ( - -6.485e+03 5 0)
s>                    ( - -1.913e+04 4 0))
s>                ( QUESTION19 1 -7.363e+04 2.009e+02 3.190e+02
s>                    ( - -4.678e+04 8 0)
s>                    ( QUESTION0_12_R 1 -2.665e+04 1.772e+02 1.132e+02
s>                        ( - -9.013e+03 4 0)
s>                        ( QUESTION0_9_R 1 -1.746e+04 1.552e+02 7.490e+01
s>                            ( - -9.901e+03 2 0)
s>                            ( - -7.405e+03 3 0)))))))INFO: dtree.c(1315): Comp split 25
INFO: dtree.c(1439): stop. leaf nodes are specific
INFO: dtree.c(1478): Final simple tree
|( QUESTION0 -1 -1.206e+06 1.143e+02 5.207e+03
|    ( - -1.203e+06 26 0)
|    ( - -2.592e+03 3 0))
s>    ( QUESTION0 -1 -1.206e+06 1.143e+02 5.207e+03
s>        ( - -1.203e+06 26 0)
s>        ( - -2.592e+03 3 0))INFO: dtree.c(1439): stop. leaf nodes are specific
INFO: dtree.c(1478): Final simple tree
|( QUESTION0 -1 -7.643e+04 1.789e+02 3.341e+02
|    ( - -9.225e+03 6 0)
|    ( - -6.703e+04 16 0))
s>    ( QUESTION0 -1 -7.643e+04 1.789e+02 3.341e+02
s>        ( - -9.225e+03 6 0)
s>        ( - -6.703e+04 16 0))INFO: dtree.c(1315): Comp split 26
INFO: dtree.c(1439): stop. leaf nodes are specific
INFO: dtree.c(1478): Final simple tree
|( WDBNDRY_I 0 -5.741e+04 3.824e+02 2.492e+02
|    ( - -3.187e+04 1 0)
|    ( WDBNDRY_B 0 -2.516e+04 2.377e+02 1.092e+02
|        ( QUESTION5 -1 -1.562e+04 1.397e+02 6.928e+01
|            ( - -1.466e+03 1 0)
|            ( QUESTION20 -1 -1.402e+04 1.117e+02 6.228e+01
|                ( - -8.188e+02 1 0)
|                ( QUESTION2 -1 -1.309e+04 9.702e+01 5.828e+01
|                    ( QUESTION11 -1 -9.488e+03 8.782e+01 4.271e+01
|                        ( - -6.395e+03 1 0)
|                        ( - -3.005e+03 2 0))
|                    ( - -3.501e+03 1 0))))
|        ( - -9.302e+03 5 0)))
s>    ( WDBNDRY_I 0 -5.741e+04 3.824e+02 2.492e+02
s>        ( - -3.187e+04 1 0)
s>        ( WDBNDRY_B 0 -2.516e+04 2.377e+02 1.092e+02
s>            ( QUESTION5 -1 -1.562e+04 1.397e+02 6.928e+01
s>                ( - -1.466e+03 1 0)
s>                ( QUESTION20 -1 -1.402e+04 1.117e+02 6.228e+01
s>                    ( - -8.188e+02 1 0)
s>                    ( QUESTION2 -1 -1.309e+04 9.702e+01 5.828e+01
s>                        ( QUESTION11 -1 -9.488e+03 8.782e+01 4.271e+01
s>                            ( - -6.395e+03 1 0)
s>                            ( - -3.005e+03 2 0))
s>                        ( - -3.501e+03 1 0))))
s>            ( - -9.302e+03 5 0)))INFO: dtree.c(1315): Comp split 27
INFO: dtree.c(1439): stop. leaf nodes are specific
INFO: dtree.c(1478): Final simple tree
|( QUESTION0 1 -1.043e+06 2.157e+02 4.534e+03
|    ( QUESTION0_0_R 1 -1.031e+06 1.180e+02 4.482e+03
|        ( - -1.030e+06 5 0)
|        ( - -6.211e+02 1 0))
|    ( QUESTION0_0_R 1 -1.195e+04 1.077e+02 5.218e+01
|        ( - -1.128e+04 2 0)
|        ( - -5.629e+02 1 0)))
s>    ( QUESTION0 1 -1.043e+06 2.157e+02 4.534e+03
s>        ( QUESTION0_0_R 1 -1.031e+06 1.180e+02 4.482e+03
s>            ( - -1.030e+06 5 0)
s>            ( - -6.211e+02 1 0))
s>        ( QUESTION0_0_R 1 -1.195e+04 1.077e+02 5.218e+01
s>            ( - -1.128e+04 2 0)
s>            ( - -5.629e+02 1 0)))INFO: dtree.c(1315): Comp split 28
INFO: dtree.c(1439): stop. leaf nodes are specific
INFO: dtree.c(1478): Final simple tree
|( QUESTION0 -1 -6.604e+05 3.342e+02 2.791e+03
|    ( - -6.042e+05 21 0)
|    ( QUESTION17 -1 -5.585e+04 2.784e+02 2.288e+02
|        ( - -2.105e+04 4 0)
|        ( QUESTION10 -1 -3.452e+04 1.815e+02 1.398e+02
|            ( QUESTION11 -1 -9.215e+03 8.510e+01 3.912e+01
|                ( - -7.452e+02 2 0)
|                ( - -8.385e+03 2 0))
|            ( QUESTION18 -1 -2.512e+04 1.349e+02 1.007e+02
|                ( - -1.282e+04 7 0)
|                ( QUESTION2 -1 -1.216e+04 1.185e+02 4.965e+01
|                    ( - -2.058e+03 2 0)
|                    ( - -9.988e+03 4 0))))))
s>    ( QUESTION0 -1 -6.604e+05 3.342e+02 2.791e+03
s>        ( - -6.042e+05 21 0)
s>        ( QUESTION17 -1 -5.585e+04 2.784e+02 2.288e+02
s>            ( - -2.105e+04 4 0)
s>            ( QUESTION10 -1 -3.452e+04 1.815e+02 1.398e+02
s>                ( QUESTION11 -1 -9.215e+03 8.510e+01 3.912e+01
s>                    ( - -7.452e+02 2 0)
s>                    ( - -8.385e+03 2 0))
s>                ( QUESTION18 -1 -2.512e+04 1.349e+02 1.007e+02
s>                    ( - -1.282e+04 7 0)
s>                    ( QUESTION2 -1 -1.216e+04 1.185e+02 4.965e+01
s>                        ( - -2.058e+03 2 0)
s>                        ( - -9.988e+03 4 0))))))INFO: dtree.c(1315): Comp split 29
INFO: dtree.c(1439): stop. leaf nodes are specific
INFO: dtree.c(1478): Final simple tree
|( WDBNDRY_B 0 -2.516e+04 2.377e+02 1.092e+02
|    ( QUESTION5 -1 -1.562e+04 1.397e+02 6.928e+01
|        ( - -1.466e+03 1 0)
|        ( QUESTION20 -1 -1.402e+04 1.117e+02 6.228e+01
|            ( - -8.188e+02 1 0)
|            ( QUESTION2 -1 -1.309e+04 9.702e+01 5.828e+01
|                ( QUESTION11 -1 -9.488e+03 8.782e+01 4.271e+01
|                    ( - -6.395e+03 1 0)
|                    ( - -3.005e+03 2 0))
|                ( - -3.501e+03 1 0))))
|    ( - -9.302e+03 5 0))
s>    ( WDBNDRY_B 0 -2.516e+04 2.377e+02 1.092e+02
s>        ( QUESTION5 -1 -1.562e+04 1.397e+02 6.928e+01
s>            ( - -1.466e+03 1 0)
s>            ( QUESTION20 -1 -1.402e+04 1.117e+02 6.228e+01
s>                ( - -8.188e+02 1 0)
s>                ( QUESTION2 -1 -1.309e+04 9.702e+01 5.828e+01
s>                    ( QUESTION11 -1 -9.488e+03 8.782e+01 4.271e+01
s>                        ( - -6.395e+03 1 0)
s>                        ( - -3.005e+03 2 0))
s>                    ( - -3.501e+03 1 0))))
s>        ( - -9.302e+03 5 0))INFO: dtree.c(1315): Comp split 30
INFO: dtree.c(1439): stop. leaf nodes are specific
INFO: dtree.c(1478): Final simple tree
|( QUESTION0 -1 -4.663e+04 1.818e+02 2.006e+02
|    ( WDBNDRY_E 0 -4.467e+04 1.801e+02 1.926e+02
|        ( QUESTION11 1 -4.423e+04 1.739e+02 1.906e+02
|            ( QUESTION0_3_R 1 -3.588e+04 1.612e+02 1.546e+02
|                ( - -3.469e+04 4 0)
|                ( - -1.030e+03 2 0))
|            ( - -8.171e+03 3 0))
|        ( - -2.636e+02 1 0))
|    ( QUESTION11 1 -1.776e+03 2.080e+02 8.000e+00
|        ( - -4.032e+02 1 0)
|        ( - -1.165e+03 1 0)))
s>    ( QUESTION0 -1 -4.663e+04 1.818e+02 2.006e+02
s>        ( WDBNDRY_E 0 -4.467e+04 1.801e+02 1.926e+02
s>            ( QUESTION11 1 -4.423e+04 1.739e+02 1.906e+02
s>                ( QUESTION0_3_R 1 -3.588e+04 1.612e+02 1.546e+02
s>                    ( - -3.469e+04 4 0)
s>                    ( - -1.030e+03 2 0))
s>                ( - -8.171e+03 3 0))
s>            ( - -2.636e+02 1 0))
s>        ( QUESTION11 1 -1.776e+03 2.080e+02 8.000e+00
s>            ( - -4.032e+02 1 0)
s>            ( - -1.165e+03 1 0)))INFO: dtree.c(1439): stop. leaf nodes are specific
INFO: dtree.c(1478): Final simple tree
|( QUESTION0_3_R 1 -2.108e+04 3.113e+02 9.106e+01
|    ( - -7.658e+03 4 0)
|    ( QUESTION0_5_R 1 -1.311e+04 1.904e+02 5.583e+01
|        ( WDBNDRY_E 0 -5.568e+03 1.052e+02 2.442e+01
|            ( - -3.480e+03 2 0)
|            ( - -1.983e+03 2 0))
|        ( - -7.355e+03 2 0)))
s>    ( QUESTION0_3_R 1 -2.108e+04 3.113e+02 9.106e+01
s>        ( - -7.658e+03 4 0)
s>        ( QUESTION0_5_R 1 -1.311e+04 1.904e+02 5.583e+01
s>            ( WDBNDRY_E 0 -5.568e+03 1.052e+02 2.442e+01
s>                ( - -3.480e+03 2 0)
s>                ( - -1.983e+03 2 0))
s>            ( - -7.355e+03 2 0)))INFO: dtree.c(1315): Comp split 31
INFO: dtree.c(1439): stop. leaf nodes are specific
INFO: dtree.c(1478): Final simple tree
|( QUESTION17 -1 -5.585e+04 2.784e+02 2.288e+02
|    ( - -2.105e+04 4 0)
|    ( QUESTION10 -1 -3.452e+04 1.815e+02 1.398e+02
|        ( QUESTION11 -1 -9.215e+03 8.510e+01 3.912e+01
|            ( - -7.452e+02 2 0)
|            ( - -8.385e+03 2 0))
|        ( QUESTION18 -1 -2.512e+04 1.349e+02 1.007e+02
|            ( - -1.282e+04 7 0)
|            ( QUESTION2 -1 -1.216e+04 1.185e+02 4.965e+01
|                ( - -2.058e+03 2 0)
|                ( - -9.988e+03 4 0)))))
s>    ( QUESTION17 -1 -5.585e+04 2.784e+02 2.288e+02
s>        ( - -2.105e+04 4 0)
s>        ( QUESTION10 -1 -3.452e+04 1.815e+02 1.398e+02
s>            ( QUESTION11 -1 -9.215e+03 8.510e+01 3.912e+01
s>                ( - -7.452e+02 2 0)
s>                ( - -8.385e+03 2 0))
s>            ( QUESTION18 -1 -2.512e+04 1.349e+02 1.007e+02
s>                ( - -1.282e+04 7 0)
s>                ( QUESTION2 -1 -1.216e+04 1.185e+02 4.965e+01
s>                    ( - -2.058e+03 2 0)
s>                    ( - -9.988e+03 4 0)))))INFO: dtree.c(1315): Comp split 32
INFO: dtree.c(1439): stop. leaf nodes are specific
INFO: dtree.c(1478): Final simple tree
|( SILENCE -1 -1.065e+04 1.191e+02 4.703e+01
|    ( - -8.302e+03 1 0)
|    ( - -2.229e+03 1 0))
s>    ( SILENCE -1 -1.065e+04 1.191e+02 4.703e+01
s>        ( - -8.302e+03 1 0)
s>        ( - -2.229e+03 1 0))INFO: dtree.c(1315): Comp split 33
INFO: dtree.c(1439): stop. leaf nodes are specific
INFO: dtree.c(1478): Final simple tree
|( QUESTION0_5_R 1 -1.311e+04 1.904e+02 5.583e+01
|    ( WDBNDRY_E 0 -5.568e+03 1.052e+02 2.442e+01
|        ( - -3.480e+03 2 0)
|        ( - -1.983e+03 2 0))
|    ( - -7.355e+03 2 0))
s>    ( QUESTION0_5_R 1 -1.311e+04 1.904e+02 5.583e+01
s>        ( WDBNDRY_E 0 -5.568e+03 1.052e+02 2.442e+01
s>            ( - -3.480e+03 2 0)
s>            ( - -1.983e+03 2 0))
s>        ( - -7.355e+03 2 0))INFO: dtree.c(1315): Comp split 34
INFO: dtree.c(1439): stop. leaf nodes are specific
INFO: dtree.c(1478): Final simple tree
|( QUESTION16 -1 -2.595e+04 1.320e+02 1.037e+02
|    ( - -9.988e+03 4 0)
|    ( QUESTION5 -1 -1.583e+04 1.198e+02 6.205e+01
|        ( - -2.058e+03 2 0)
|        ( QUESTION2 -1 -1.365e+04 8.725e+01 5.405e+01
|            ( - -7.452e+02 2 0)
|            ( - -1.282e+04 7 0))))
s>    ( QUESTION16 -1 -2.595e+04 1.320e+02 1.037e+02
s>        ( - -9.988e+03 4 0)
s>        ( QUESTION5 -1 -1.583e+04 1.198e+02 6.205e+01
s>            ( - -2.058e+03 2 0)
s>            ( QUESTION2 -1 -1.365e+04 8.725e+01 5.405e+01
s>                ( - -7.452e+02 2 0)
s>                ( - -1.282e+04 7 0))))INFO: dtree.c(1439): stop. leaf nodes are specific
INFO: dtree.c(1478): Final simple tree
|( QUESTION2 -1 -2.961e+04 1.676e+02 1.251e+02
|    ( - -8.385e+03 2 0)
|    ( - -2.105e+04 4 0))
s>    ( QUESTION2 -1 -2.961e+04 1.676e+02 1.251e+02
s>        ( - -8.385e+03 2 0)
s>        ( - -2.105e+04 4 0))INFO: dtree.c(1315): Comp split 35
INFO: dtree.c(1315): Comp split 36
INFO: dtree.c(1439): stop. leaf nodes are specific
INFO: dtree.c(1478): Final simple tree
|( QUESTION0_9_R 1 -8.408e+04 1.832e+02 3.478e+02
|    ( QUESTION0_11_R 1 -1.907e+04 1.599e+02 8.192e+01
|        ( - -9.901e+03 2 0)
|        ( - -9.013e+03 4 0))
|    ( WDBNDRY_B 0 -6.482e+04 1.205e+02 2.659e+02
|        ( - -1.804e+03 2 0)
|        ( - -6.290e+04 6 0)))
s>    ( QUESTION0_9_R 1 -8.408e+04 1.832e+02 3.478e+02
s>        ( QUESTION0_11_R 1 -1.907e+04 1.599e+02 8.192e+01
s>            ( - -9.901e+03 2 0)
s>            ( - -9.013e+03 4 0))
s>        ( WDBNDRY_B 0 -6.482e+04 1.205e+02 2.659e+02
s>            ( - -1.804e+03 2 0)
s>            ( - -6.290e+04 6 0)))INFO: dtree.c(1439): stop. leaf nodes are specific
INFO: dtree.c(1478): Final simple tree
|( WDBNDRY_B 0 -8.336e+04 2.315e+02 3.577e+02
|    ( - -2.823e+03 2 0)
|    ( QUESTION0_20_R 1 -8.031e+04 1.934e+02 3.447e+02
|        ( QUESTION17 1 -2.577e+04 1.520e+02 1.077e+02
|            ( - -6.485e+03 5 0)
|            ( - -1.913e+04 4 0))
|        ( QUESTION0_9_R 1 -5.435e+04 1.617e+02 2.371e+02
|            ( - -4.678e+04 8 0)
|            ( - -7.405e+03 3 0))))
s>    ( WDBNDRY_B 0 -8.336e+04 2.315e+02 3.577e+02
s>        ( - -2.823e+03 2 0)
s>        ( QUESTION0_20_R 1 -8.031e+04 1.934e+02 3.447e+02
s>            ( QUESTION17 1 -2.577e+04 1.520e+02 1.077e+02
s>                ( - -6.485e+03 5 0)
s>                ( - -1.913e+04 4 0))
s>            ( QUESTION0_9_R 1 -5.435e+04 1.617e+02 2.371e+02
s>                ( - -4.678e+04 8 0)
s>                ( - -7.405e+03 3 0))))INFO: dtree.c(1315): Comp split 37
INFO: dtree.c(1439): stop. leaf nodes are specific
INFO: dtree.c(1478): Final simple tree
|( QUESTION5 -1 -1.469e+04 1.415e+02 6.528e+01
|    ( - -1.466e+03 1 0)
|    ( QUESTION2 -1 -1.309e+04 9.702e+01 5.828e+01
|        ( QUESTION11 -1 -9.488e+03 8.782e+01 4.271e+01
|            ( - -6.395e+03 1 0)
|            ( - -3.005e+03 2 0))
|        ( - -3.501e+03 1 0)))
s>    ( QUESTION5 -1 -1.469e+04 1.415e+02 6.528e+01
s>        ( - -1.466e+03 1 0)
s>        ( QUESTION2 -1 -1.309e+04 9.702e+01 5.828e+01
s>            ( QUESTION11 -1 -9.488e+03 8.782e+01 4.271e+01
s>                ( - -6.395e+03 1 0)
s>                ( - -3.005e+03 2 0))
s>            ( - -3.501e+03 1 0)))INFO: dtree.c(1439): stop. leaf nodes are specific
INFO: dtree.c(1478): Final simple tree
|( WDBNDRY_B 0 -1.021e+04 8.893e+01 4.395e+01
|    ( - -8.188e+02 1 0)
|    ( - -9.302e+03 5 0))
s>    ( WDBNDRY_B 0 -1.021e+04 8.893e+01 4.395e+01
s>        ( - -8.188e+02 1 0)
s>        ( - -9.302e+03 5 0))INFO: dtree.c(1315): Comp split 38
INFO: dtree.c(1439): stop. leaf nodes are specific
INFO: dtree.c(1478): Final simple tree
|( WDBNDRY_E 0 -2.383e+04 2.096e+02 1.088e+02
|    ( - -4.548e+03 2 0)
|    ( - -1.907e+04 5 0))
s>    ( WDBNDRY_E 0 -2.383e+04 2.096e+02 1.088e+02
s>        ( - -4.548e+03 2 0)
s>        ( - -1.907e+04 5 0))INFO: dtree.c(1315): Comp split 39
INFO: dtree.c(1439): stop. leaf nodes are specific
INFO: dtree.c(1478): Final simple tree
|( QUESTION0_20_R 1 -8.031e+04 1.934e+02 3.447e+02
|    ( QUESTION17 1 -2.577e+04 1.520e+02 1.077e+02
|        ( - -6.485e+03 5 0)
|        ( - -1.913e+04 4 0))
|    ( QUESTION0_9_R 1 -5.435e+04 1.617e+02 2.371e+02
|        ( - -4.678e+04 8 0)
|        ( - -7.405e+03 3 0)))
s>    ( QUESTION0_20_R 1 -8.031e+04 1.934e+02 3.447e+02
s>        ( QUESTION17 1 -2.577e+04 1.520e+02 1.077e+02
s>            ( - -6.485e+03 5 0)
s>            ( - -1.913e+04 4 0))
s>        ( QUESTION0_9_R 1 -5.435e+04 1.617e+02 2.371e+02
s>            ( - -4.678e+04 8 0)
s>            ( - -7.405e+03 3 0)))INFO: dtree.c(1315): Comp split 40
INFO: dtree.c(1439): stop. leaf nodes are specific
INFO: dtree.c(1478): Final simple tree
|( WDBNDRY_E 0 -4.524e+04 1.799e+02 1.946e+02
|    ( QUESTION11 1 -4.480e+04 1.741e+02 1.926e+02
|        ( QUESTION0 -1 -3.645e+04 1.630e+02 1.566e+02
|            ( QUESTION0_3_R 1 -3.588e+04 1.612e+02 1.546e+02
|                ( - -3.469e+04 4 0)
|                ( - -1.030e+03 2 0))
|            ( - -4.032e+02 1 0))
|        ( - -8.171e+03 3 0))
|    ( - -2.636e+02 1 0))
s>    ( WDBNDRY_E 0 -4.524e+04 1.799e+02 1.946e+02
s>        ( QUESTION11 1 -4.480e+04 1.741e+02 1.926e+02
s>            ( QUESTION0 -1 -3.645e+04 1.630e+02 1.566e+02
s>                ( QUESTION0_3_R 1 -3.588e+04 1.612e+02 1.546e+02
s>                    ( - -3.469e+04 4 0)
s>                    ( - -1.030e+03 2 0))
s>                ( - -4.032e+02 1 0))
s>            ( - -8.171e+03 3 0))
s>        ( - -2.636e+02 1 0))INFO: dtree.c(1315): Comp split 41
INFO: dtree.c(1439): stop. leaf nodes are specific
INFO: dtree.c(1478): Final simple tree
|( QUESTION0_0_R 1 -1.031e+06 1.180e+02 4.482e+03
|    ( - -1.030e+06 5 0)
|    ( - -6.211e+02 1 0))
s>    ( QUESTION0_0_R 1 -1.031e+06 1.180e+02 4.482e+03
s>        ( - -1.030e+06 5 0)
s>        ( - -6.211e+02 1 0))INFO: dtree.c(1439): stop. leaf nodes are specific
INFO: dtree.c(1478): Final simple tree
|( QUESTION0_0_R 1 -1.195e+04 1.077e+02 5.218e+01
|    ( - -1.128e+04 2 0)
|    ( - -5.629e+02 1 0))
s>    ( QUESTION0_0_R 1 -1.195e+04 1.077e+02 5.218e+01
s>        ( - -1.128e+04 2 0)
s>        ( - -5.629e+02 1 0))INFO: dtree.c(1315): Comp split 42
INFO: dtree.c(1315): Comp split 43
INFO: dtree.c(1439): stop. leaf nodes are specific
INFO: dtree.c(1478): Final simple tree
|( QUESTION0_0_R 1 -8.436e+03 1.589e+02 3.719e+01
|    ( WDBNDRY_B 0 -7.946e+03 1.484e+02 3.519e+01
|        ( - -7.237e+03 5 0)
|        ( - -5.612e+02 1 0))
|    ( - -3.304e+02 1 0))
s>    ( QUESTION0_0_R 1 -8.436e+03 1.589e+02 3.719e+01
s>        ( WDBNDRY_B 0 -7.946e+03 1.484e+02 3.519e+01
s>            ( - -7.237e+03 5 0)
s>            ( - -5.612e+02 1 0))
s>        ( - -3.304e+02 1 0))INFO: dtree.c(1439): stop. leaf nodes are specific
INFO: dtree.c(1478): Final simple tree
|( WDBNDRY_B 0 -1.776e+05 1.380e+02 7.464e+02
|    ( - -1.387e+03 3 0)
|    ( - -1.761e+05 16 0))
s>    ( WDBNDRY_B 0 -1.776e+05 1.380e+02 7.464e+02
s>        ( - -1.387e+03 3 0)
s>        ( - -1.761e+05 16 0))INFO: dtree.c(1315): Comp split 44
INFO: dtree.c(1439): stop. leaf nodes are specific
INFO: dtree.c(1478): Final simple tree
|( QUESTION0_9_R 1 -5.435e+04 1.617e+02 2.371e+02
|    ( - -4.678e+04 8 0)
|    ( - -7.405e+03 3 0))
s>    ( QUESTION0_9_R 1 -5.435e+04 1.617e+02 2.371e+02
s>        ( - -4.678e+04 8 0)
s>        ( - -7.405e+03 3 0))INFO: dtree.c(1439): stop. leaf nodes are specific
INFO: dtree.c(1478): Final simple tree
|( QUESTION17 1 -2.577e+04 1.520e+02 1.077e+02
|    ( - -6.485e+03 5 0)
|    ( - -1.913e+04 4 0))
s>    ( QUESTION17 1 -2.577e+04 1.520e+02 1.077e+02
s>        ( - -6.485e+03 5 0)
s>        ( - -1.913e+04 4 0))INFO: dtree.c(1315): Comp split 45
INFO: dtree.c(1439): stop. leaf nodes are specific
INFO: dtree.c(1478): Final simple tree
|( WDBNDRY_E 0 -5.568e+03 1.052e+02 2.442e+01
|    ( - -3.480e+03 2 0)
|    ( - -1.983e+03 2 0))
s>    ( WDBNDRY_E 0 -5.568e+03 1.052e+02 2.442e+01
s>        ( - -3.480e+03 2 0)
s>        ( - -1.983e+03 2 0))INFO: dtree.c(1315): Comp split 46
INFO: dtree.c(1439): stop. leaf nodes are specific
INFO: dtree.c(1478): Final simple tree
|( QUESTION0_11_R 1 -2.099e+04 1.653e+02 8.992e+01
|    ( - -9.901e+03 2 0)
|    ( WDBNDRY_B 0 -1.093e+04 1.115e+02 4.628e+01
|        ( - -1.804e+03 2 0)
|        ( - -9.013e+03 4 0)))
s>    ( QUESTION0_11_R 1 -2.099e+04 1.653e+02 8.992e+01
s>        ( - -9.901e+03 2 0)
s>        ( WDBNDRY_B 0 -1.093e+04 1.115e+02 4.628e+01
s>            ( - -1.804e+03 2 0)
s>            ( - -9.013e+03 4 0)))INFO: dtree.c(1315): Comp split 47
INFO: dtree.c(1439): stop. leaf nodes are specific
INFO: dtree.c(1478): Final simple tree
|( QUESTION0_3_R 1 -9.351e+03 1.502e+02 4.104e+01
|    ( - -8.171e+03 3 0)
|    ( - -1.030e+03 2 0))
s>    ( QUESTION0_3_R 1 -9.351e+03 1.502e+02 4.104e+01
s>        ( - -8.171e+03 3 0)
s>        ( - -1.030e+03 2 0))INFO: dtree.c(1439): stop. leaf nodes are specific
INFO: dtree.c(1478): Final simple tree
|( WDBNDRY_E 0 -3.570e+04 1.795e+02 1.536e+02
|    ( QUESTION0 -1 -3.526e+04 1.629e+02 1.516e+02
|        ( - -3.469e+04 4 0)
|        ( - -4.032e+02 1 0))
|    ( - -2.636e+02 1 0))
s>    ( WDBNDRY_E 0 -3.570e+04 1.795e+02 1.536e+02
s>        ( QUESTION0 -1 -3.526e+04 1.629e+02 1.516e+02
s>            ( - -3.469e+04 4 0)
s>            ( - -4.032e+02 1 0))
s>        ( - -2.636e+02 1 0))INFO: dtree.c(1315): Comp split 48
INFO: dtree.c(1315): Comp split 49
INFO: dtree.c(1439): stop. leaf nodes are specific
INFO: dtree.c(1478): Final simple tree
|( QUESTION0 -1 -3.526e+04 1.629e+02 1.516e+02
|    ( - -3.469e+04 4 0)
|    ( - -4.032e+02 1 0))
s>    ( QUESTION0 -1 -3.526e+04 1.629e+02 1.516e+02
s>        ( - -3.469e+04 4 0)
s>        ( - -4.032e+02 1 0))INFO: dtree.c(1315): Comp split 50
INFO: dtree.c(1315): Comp split 51
INFO: dtree.c(1439): stop. leaf nodes are specific
INFO: dtree.c(1478): Final simple tree
|( QUESTION0 -1 -1.712e+05 7.348e+01 7.331e+02
|    ( - -1.705e+05 9 0)
|    ( - -6.488e+02 2 0))
s>    ( QUESTION0 -1 -1.712e+05 7.348e+01 7.331e+02
s>        ( - -1.705e+05 9 0)
s>        ( - -6.488e+02 2 0))INFO: dtree.c(1315): Comp split 52
INFO: dtree.c(1315): Comp split 53
INFO: dtree.c(1315): Comp split 54
INFO: dtree.c(1315): Comp split 55
INFO: dtree.c(1439): stop. leaf nodes are specific
INFO: dtree.c(1478): Final simple tree
|( WDBNDRY_B 0 -1.093e+04 1.115e+02 4.628e+01
|    ( - -1.804e+03 2 0)
|    ( - -9.013e+03 4 0))
s>    ( WDBNDRY_B 0 -1.093e+04 1.115e+02 4.628e+01
s>        ( - -1.804e+03 2 0)
s>        ( - -9.013e+03 4 0))INFO: dtree.c(1315): Comp split 56
INFO: dtree.c(1315): Comp split 57
INFO: dtree.c(1315): Comp split 58
INFO: dtree.c(1439): stop. leaf nodes are specific
INFO: dtree.c(1478): Final simple tree
|( WDBNDRY_B 0 -7.946e+03 1.484e+02 3.519e+01
|    ( - -7.237e+03 5 0)
|    ( - -5.612e+02 1 0))
s>    ( WDBNDRY_B 0 -7.946e+03 1.484e+02 3.519e+01
s>        ( - -7.237e+03 5 0)
s>        ( - -5.612e+02 1 0))INFO: dtree.c(1315): Comp split 59
INFO: dtree.c(1315): Comp split 60
INFO: dtree.c(1315): Comp split 61
INFO: dtree.c(1315): Comp split 62
INFO: dtree.c(1439): stop. leaf nodes are specific
INFO: dtree.c(1478): Final simple tree
|( QUESTION2 -1 -1.309e+04 9.702e+01 5.828e+01
|    ( QUESTION11 -1 -9.488e+03 8.782e+01 4.271e+01
|        ( - -6.395e+03 1 0)
|        ( - -3.005e+03 2 0))
|    ( - -3.501e+03 1 0))
s>    ( QUESTION2 -1 -1.309e+04 9.702e+01 5.828e+01
s>        ( QUESTION11 -1 -9.488e+03 8.782e+01 4.271e+01
s>            ( - -6.395e+03 1 0)
s>            ( - -3.005e+03 2 0))
s>        ( - -3.501e+03 1 0))INFO: dtree.c(1315): Comp split 63
INFO: dtree.c(1315): Comp split 64
INFO: dtree.c(1439): stop. leaf nodes are specific
INFO: dtree.c(1478): Final simple tree
|( QUESTION2 -1 -1.365e+04 8.725e+01 5.405e+01
|    ( - -7.452e+02 2 0)
|    ( - -1.282e+04 7 0))
s>    ( QUESTION2 -1 -1.365e+04 8.725e+01 5.405e+01
s>        ( - -7.452e+02 2 0)
s>        ( - -1.282e+04 7 0))INFO: dtree.c(1439): stop. leaf nodes are specific
INFO: dtree.c(1478): Final simple tree
|( QUESTION2 -1 -1.216e+04 1.185e+02 4.965e+01
|    ( - -2.058e+03 2 0)
|    ( - -9.988e+03 4 0))
s>    ( QUESTION2 -1 -1.216e+04 1.185e+02 4.965e+01
s>        ( - -2.058e+03 2 0)
s>        ( - -9.988e+03 4 0))INFO: dtree.c(1315): Comp split 65
INFO: dtree.c(1315): Comp split 66
INFO: dtree.c(1439): stop. leaf nodes are specific
INFO: dtree.c(1478): Final simple tree
|( WDBNDRY_B 0 -4.295e+03 1.174e+02 1.800e+01
|    ( QUESTION0 1 -3.607e+03 1.075e+02 1.500e+01
|        ( - -1.736e+03 2 0)
|        ( - -1.763e+03 1 0))
|    ( - -5.703e+02 1 0))
s>    ( WDBNDRY_B 0 -4.295e+03 1.174e+02 1.800e+01
s>        ( QUESTION0 1 -3.607e+03 1.075e+02 1.500e+01
s>            ( - -1.736e+03 2 0)
s>            ( - -1.763e+03 1 0))
s>        ( - -5.703e+02 1 0))INFO: dtree.c(1315): Comp split 67
INFO: dtree.c(1315): Comp split 68
INFO: dtree.c(1315): Comp split 69
INFO: dtree.c(1315): Comp split 70
INFO: dtree.c(1439): stop. leaf nodes are specific
INFO: dtree.c(1478): Final simple tree
|( QUESTION0 1 -3.607e+03 1.075e+02 1.500e+01
|    ( - -1.736e+03 2 0)
|    ( - -1.763e+03 1 0))
s>    ( QUESTION0 1 -3.607e+03 1.075e+02 1.500e+01
s>        ( - -1.736e+03 2 0)
s>        ( - -1.763e+03 1 0))INFO: dtree.c(1315): Comp split 71
INFO: dtree.c(1315): Comp split 72
INFO: dtree.c(1315): Comp split 73
INFO: dtree.c(1315): Comp split 74
INFO: dtree.c(1315): Comp split 75
INFO: dtree.c(1315): Comp split 76
INFO: dtree.c(1439): stop. leaf nodes are specific
INFO: dtree.c(1478): Final simple tree
|( QUESTION11 -1 -9.488e+03 8.782e+01 4.271e+01
|    ( - -6.395e+03 1 0)
|    ( - -3.005e+03 2 0))
s>    ( QUESTION11 -1 -9.488e+03 8.782e+01 4.271e+01
s>        ( - -6.395e+03 1 0)
s>        ( - -3.005e+03 2 0))INFO: dtree.c(1315): Comp split 77
INFO: dtree.c(1315): Comp split 78
INFO: dtree.c(1315): Comp split 79
INFO: dtree.c(1315): Comp split 80
INFO: dtree.c(1315): Comp split 81
INFO: dtree.c(1318): stop. leaf nodes are specific
Wed Mar 22 13:38:10 2023
