Current configuration:
[NAME]		[DEFLT]	[VALUE]
-dictfn			/home/lucija/Documents/Zadnji semestar/ROGJ/Prezentacije/CMUspinx/tutorial15/etc/my_db.dic
-example	no	no
-fdictfn		/home/lucija/Documents/Zadnji semestar/ROGJ/Prezentacije/CMUspinx/tutorial15/etc/my_db.filler
-help		no	no
-ignorewpos	no	no
-inCDmdef		
-inCImdef		
-lsnfn			
-maxtriphones	100000	100000
-minocc		1	1
-n_state_pm	3	3
-oalltphnmdef		/home/lucija/Documents/Zadnji semestar/ROGJ/Prezentacije/CMUspinx/tutorial15/model_architecture/my_db.alltriphones.mdef
-ocimdef		
-ocountfn		
-ountiedmdef		
-phnlstfn		/home/lucija/Documents/Zadnji semestar/ROGJ/Prezentacije/CMUspinx/tutorial15/model_architecture/my_db.phonelist
-triphnlstfn		

INFO: main.c(94): Will write alltriphone mdef file /home/lucija/Documents/Zadnji semestar/ROGJ/Prezentacije/CMUspinx/tutorial15/model_architecture/my_db.alltriphones.mdef
INFO: mk_mdef_gen.c(189): 0 single word triphones in input phone list
INFO: mk_mdef_gen.c(190): 0 word beginning triphones in input phone list
INFO: mk_mdef_gen.c(191): 0 word internal triphones in input phone list
INFO: mk_mdef_gen.c(192): 0 word ending triphones in input phone list
INFO: mk_mdef_gen.c(280): Reading dict /home/lucija/Documents/Zadnji semestar/ROGJ/Prezentacije/CMUspinx/tutorial15/etc/my_db.dic
INFO: mk_mdef_gen.c(322): 9889 words in dict /home/lucija/Documents/Zadnji semestar/ROGJ/Prezentacije/CMUspinx/tutorial15/etc/my_db.dic
INFO: mk_mdef_gen.c(280): Reading dict /home/lucija/Documents/Zadnji semestar/ROGJ/Prezentacije/CMUspinx/tutorial15/etc/my_db.filler
INFO: mk_mdef_gen.c(322): 46 words in dict /home/lucija/Documents/Zadnji semestar/ROGJ/Prezentacije/CMUspinx/tutorial15/etc/my_db.filler
INFO: mk_mdef_gen.c(442): 9935 words in dictionary
INFO: mk_mdef_gen.c(443): 7936 unique single word triphones in dictionary
INFO: mk_mdef_gen.c(444): 8804 unique word beginning triphones in dictionary
INFO: mk_mdef_gen.c(445): 4081 unique word internal triphones in dictionary
INFO: mk_mdef_gen.c(446): 8352 unique word ending triphones in dictionary
INFO: mk_mdef_gen.c(897): 32 n_base, 29173 n_tri
INFO: mk_mdef_gen.c(969): Wrote mdef file /home/lucija/Documents/Zadnji semestar/ROGJ/Prezentacije/CMUspinx/tutorial15/model_architecture/my_db.alltriphones.mdef
Mon Apr 24 17:50:55 2023
