Current configuration:
[NAME]		[DEFLT]	[VALUE]
-allphones	no	no
-cntthresh	0.00001	1.000000e-05
-csplitmax	100	2000
-csplitmin	1	1
-csplitthr	8e-4	0.000000e+00
-example	no	no
-fullvar	no	no
-help		no	no
-meanfn			/home/lucija/Documents/Zadnji semestar/ROGJ/Prezentacije/CMUspinx/tutorial16/model_parameters/my_db.cd_cont_untied/means
-mixwfn			/home/lucija/Documents/Zadnji semestar/ROGJ/Prezentacije/CMUspinx/tutorial16/model_parameters/my_db.cd_cont_untied/mixture_weights
-moddeffn		/home/lucija/Documents/Zadnji semestar/ROGJ/Prezentacije/CMUspinx/tutorial16/model_architecture/my_db.untied.mdef
-mwfloor	1e-4	1.000000e-08
-phone			l
-psetfn			/home/lucija/Documents/Zadnji semestar/ROGJ/Prezentacije/CMUspinx/tutorial16/model_architecture/my_db.tree_questions
-ssplitmax	5	7
-ssplitmin	1	1
-ssplitthr	8e-4	0.000000e+00
-state			1
-stwt			1.0,0.05,0.0,
-treefn			/home/lucija/Documents/Zadnji semestar/ROGJ/Prezentacije/CMUspinx/tutorial16/trees/my_db.unpruned/l-1.dtree
-ts2cbfn	.semi.	.cont.
-varfloor	0.00001	1.000000e-05
-varfn			/home/lucija/Documents/Zadnji semestar/ROGJ/Prezentacije/CMUspinx/tutorial16/model_parameters/my_db.cd_cont_untied/variances

INFO: main.c(223): Reading: /home/lucija/Documents/Zadnji semestar/ROGJ/Prezentacije/CMUspinx/tutorial16/model_architecture/my_db.untied.mdef
INFO: model_def_io.c(573): Model definition info:
INFO: model_def_io.c(574): 11902 total models defined (32 base, 11870 tri)
INFO: model_def_io.c(575): 47608 total states
INFO: model_def_io.c(576): 35706 total tied states
INFO: model_def_io.c(577): 96 total tied CI states
INFO: model_def_io.c(578): 32 total tied transition matrices
INFO: model_def_io.c(579): 4 max state/model
INFO: model_def_io.c(580): 4 min state/model
INFO: main.c(242): Building trees for [l NOISE a b] through [l š o i]
INFO: main.c(268): Covering states |[17076 17735]| == 660
INFO: main.c(275): Reading: /home/lucija/Documents/Zadnji semestar/ROGJ/Prezentacije/CMUspinx/tutorial16/model_parameters/my_db.cd_cont_untied/mixture_weights
INFO: s3mixw_io.c(172): Read /home/lucija/Documents/Zadnji semestar/ROGJ/Prezentacije/CMUspinx/tutorial16/model_parameters/my_db.cd_cont_untied/mixture_weights [660x1x1 array]
INFO: main.c(311): 219 of 220 models have observation count greater than 0.000010
INFO: main.c(95): nrm stwt: 0.045 0.909 0.045 
INFO: s3gau_io.c(168): Read /home/lucija/Documents/Zadnji semestar/ROGJ/Prezentacije/CMUspinx/tutorial16/model_parameters/my_db.cd_cont_untied/means [35706x1x1 array]
INFO: s3gau_io.c(168): Read /home/lucija/Documents/Zadnji semestar/ROGJ/Prezentacije/CMUspinx/tutorial16/model_parameters/my_db.cd_cont_untied/variances [35706x1x1 array]
INFO: main.c(549): Reading: /home/lucija/Documents/Zadnji semestar/ROGJ/Prezentacije/CMUspinx/tutorial16/model_architecture/my_db.tree_questions
INFO: main.c(587): 176 total simple questions (168 phone; 8 word bndry)
INFO: main.c(589): 42 Left Only questions, and 42 Right Only questions
INFO: dtree.c(1478): Final simple tree
|( QUESTION0 -1 -4.790e+06 3.335e+04 2.069e+04
|    ( QUESTION0 1 -2.491e+06 6.735e+03 1.091e+04
|        ( WDBNDRY_I 0 -2.192e+06 1.925e+03 9.635e+03
|            ( - -1.998e+06 27 0 QUESTION2_0_L -1 4.075e+02 8.801e+03)
|            ( - -1.916e+05 32 0 WDBNDRY_B 0 3.837e+02 8.343e+02))
|        ( QUESTION0_16_R 1 -2.928e+05 1.974e+03 1.280e+03
|            ( - -1.912e+05 13 0 WDBNDRY_E 0 5.947e+02 8.567e+02)
|            ( - -9.965e+04 59 0 WDBNDRY_E 0 9.623e+02 4.233e+02)))
|    ( QUESTION8 -1 -2.265e+06 1.844e+04 9.772e+03
|        ( - -8.369e+05 26 0 QUESTION18 -1 1.559e+03 3.652e+03)
|        ( QUESTION6 -1 -1.410e+06 4.716e+03 6.120e+03
|            ( - -8.114e+05 13 0 WDBNDRY_B 0 1.453e+02 3.554e+03)
|            ( QUESTION2_16_L -1 -5.938e+05 3.136e+03 2.566e+03
|                ( - -2.621e+05 11 0 QUESTION5 -1 6.050e+02 1.138e+03)
|                ( - -3.286e+05 38 0 QUESTION4 -1 1.463e+03 1.428e+03)))))
s>    ( QUESTION0 -1 -4.790e+06 3.335e+04 2.069e+04
s>        ( QUESTION0 1 -2.491e+06 6.735e+03 1.091e+04
s>            ( WDBNDRY_I 0 -2.192e+06 1.925e+03 9.635e+03
s>                ( - -1.998e+06 27 0 QUESTION2_0_L -1 4.075e+02 8.801e+03)
s>                ( - -1.916e+05 32 0 WDBNDRY_B 0 3.837e+02 8.343e+02))
s>            ( QUESTION0_16_R 1 -2.928e+05 1.974e+03 1.280e+03
s>                ( - -1.912e+05 13 0 WDBNDRY_E 0 5.947e+02 8.567e+02)
s>                ( - -9.965e+04 59 0 WDBNDRY_E 0 9.623e+02 4.233e+02)))
s>        ( QUESTION8 -1 -2.265e+06 1.844e+04 9.772e+03
s>            ( - -8.369e+05 26 0 QUESTION18 -1 1.559e+03 3.652e+03)
s>            ( QUESTION6 -1 -1.410e+06 4.716e+03 6.120e+03
s>                ( - -8.114e+05 13 0 WDBNDRY_B 0 1.453e+02 3.554e+03)
s>                ( QUESTION2_16_L -1 -5.938e+05 3.136e+03 2.566e+03
s>                    ( - -2.621e+05 11 0 QUESTION5 -1 6.050e+02 1.138e+03)
s>                    ( - -3.286e+05 38 0 QUESTION4 -1 1.463e+03 1.428e+03)))))INFO: dtree.c(1315): Comp split 0
INFO: dtree.c(1478): Final simple tree
|( QUESTION8 -1 -2.265e+06 1.844e+04 9.772e+03
|    ( QUESTION18 -1 -8.369e+05 1.559e+03 3.652e+03
|        ( - -5.775e+04 6 0 WDBNDRY_I 0 5.148e+02 2.589e+02)
|        ( QUESTION14 -1 -7.776e+05 6.277e+02 3.393e+03
|            ( - -9.982e+03 1 0)
|            ( - -7.670e+05 19 0 QUESTION12 -1 4.556e+02 3.346e+03)))
|    ( QUESTION6 -1 -1.410e+06 4.716e+03 6.120e+03
|        ( - -8.114e+05 13 0 WDBNDRY_B 0 1.453e+02 3.554e+03)
|        ( QUESTION2_16_L -1 -5.938e+05 3.136e+03 2.566e+03
|            ( - -2.621e+05 11 0 QUESTION5 -1 6.050e+02 1.138e+03)
|            ( QUESTION4 -1 -3.286e+05 1.463e+03 1.428e+03
|                ( QUESTION2_20_L -1 -1.479e+05 1.010e+03 6.459e+02
|                    ( - -9.482e+04 5 0)
|                    ( - -5.209e+04 8 0 WDBNDRY_B 0 1.830e+02 2.221e+02))
|                ( - -1.792e+05 25 0 WDBNDRY_B 0 4.039e+02 7.826e+02)))))
s>    ( QUESTION8 -1 -2.265e+06 1.844e+04 9.772e+03
s>        ( QUESTION18 -1 -8.369e+05 1.559e+03 3.652e+03
s>            ( - -5.775e+04 6 0 WDBNDRY_I 0 5.148e+02 2.589e+02)
s>            ( QUESTION14 -1 -7.776e+05 6.277e+02 3.393e+03
s>                ( - -9.982e+03 1 0)
s>                ( - -7.670e+05 19 0 QUESTION12 -1 4.556e+02 3.346e+03)))
s>        ( QUESTION6 -1 -1.410e+06 4.716e+03 6.120e+03
s>            ( - -8.114e+05 13 0 WDBNDRY_B 0 1.453e+02 3.554e+03)
s>            ( QUESTION2_16_L -1 -5.938e+05 3.136e+03 2.566e+03
s>                ( - -2.621e+05 11 0 QUESTION5 -1 6.050e+02 1.138e+03)
s>                ( QUESTION4 -1 -3.286e+05 1.463e+03 1.428e+03
s>                    ( QUESTION2_20_L -1 -1.479e+05 1.010e+03 6.459e+02
s>                        ( - -9.482e+04 5 0)
s>                        ( - -5.209e+04 8 0 WDBNDRY_B 0 1.830e+02 2.221e+02))
s>                    ( - -1.792e+05 25 0 WDBNDRY_B 0 4.039e+02 7.826e+02)))))INFO: dtree.c(1478): Final simple tree
|( QUESTION0 1 -2.491e+06 6.735e+03 1.091e+04
|    ( WDBNDRY_I 0 -2.192e+06 1.925e+03 9.635e+03
|        ( - -1.998e+06 27 0 QUESTION2_0_L -1 4.075e+02 8.801e+03)
|        ( - -1.916e+05 32 0 WDBNDRY_B 0 3.837e+02 8.343e+02))
|    ( QUESTION0_16_R 1 -2.928e+05 1.974e+03 1.280e+03
|        ( WDBNDRY_E 0 -1.912e+05 5.947e+02 8.567e+02
|            ( - -1.052e+04 7 0)
|            ( - -1.800e+05 6 0))
|        ( WDBNDRY_E 0 -9.965e+04 9.623e+02 4.233e+02
|            ( QUESTION0_5_R 1 -3.987e+04 4.869e+02 1.758e+02
|                ( - 2.419e+02 1 0)
|                ( - -3.962e+04 27 0 QUESTION9 1 4.232e+02 1.748e+02))
|            ( QUESTION19 1 -5.882e+04 5.779e+02 2.475e+02
|                ( - -1.289e+04 9 0 QUESTION0_2_R 1 1.162e+02 5.660e+01)
|                ( - -4.536e+04 22 0 QUESTION0_10_R 1 2.787e+02 1.909e+02)))))
s>    ( QUESTION0 1 -2.491e+06 6.735e+03 1.091e+04
s>        ( WDBNDRY_I 0 -2.192e+06 1.925e+03 9.635e+03
s>            ( - -1.998e+06 27 0 QUESTION2_0_L -1 4.075e+02 8.801e+03)
s>            ( - -1.916e+05 32 0 WDBNDRY_B 0 3.837e+02 8.343e+02))
s>        ( QUESTION0_16_R 1 -2.928e+05 1.974e+03 1.280e+03
s>            ( WDBNDRY_E 0 -1.912e+05 5.947e+02 8.567e+02
s>                ( - -1.052e+04 7 0)
s>                ( - -1.800e+05 6 0))
s>            ( WDBNDRY_E 0 -9.965e+04 9.623e+02 4.233e+02
s>                ( QUESTION0_5_R 1 -3.987e+04 4.869e+02 1.758e+02
s>                    ( - 2.419e+02 1 0)
s>                    ( - -3.962e+04 27 0 QUESTION9 1 4.232e+02 1.748e+02))
s>                ( QUESTION19 1 -5.882e+04 5.779e+02 2.475e+02
s>                    ( - -1.289e+04 9 0 QUESTION0_2_R 1 1.162e+02 5.660e+01)
s>                    ( - -4.536e+04 22 0 QUESTION0_10_R 1 2.787e+02 1.909e+02)))))INFO: dtree.c(1315): Comp split 1
INFO: dtree.c(1478): Final simple tree
|( QUESTION2_7_L -1 -8.900e+05 1.915e+03 3.874e+03
|    ( QUESTION14 -1 -7.801e+05 6.295e+02 3.405e+03
|        ( - -9.982e+03 1 0)
|        ( WDBNDRY_E 0 -7.695e+05 5.507e+02 3.358e+03
|            ( - -3.162e+03 1 0)
|            ( QUESTION12 -1 -7.658e+05 4.553e+02 3.341e+03
|                ( - -1.312e+04 4 0)
|                ( QUESTION19 -1 -7.522e+05 3.864e+02 3.282e+03
|                    ( - -7.290e+05 7 0 WDBNDRY_B 0 3.066e+02 3.181e+03)
|                    ( - -2.285e+04 7 0 QUESTION11 -1 1.835e+02 1.012e+02)))))
|    ( QUESTION10 -1 -1.079e+05 6.158e+02 4.689e+02
|        ( WDBNDRY_B 0 -5.312e+04 3.684e+02 2.379e+02
|            ( - -3.474e+03 3 0)
|            ( - -4.927e+04 1 0))
|        ( - -5.419e+04 10 0 WDBNDRY_B 0 1.859e+02 2.311e+02)))
s>    ( QUESTION2_7_L -1 -8.900e+05 1.915e+03 3.874e+03
s>        ( QUESTION14 -1 -7.801e+05 6.295e+02 3.405e+03
s>            ( - -9.982e+03 1 0)
s>            ( WDBNDRY_E 0 -7.695e+05 5.507e+02 3.358e+03
s>                ( - -3.162e+03 1 0)
s>                ( QUESTION12 -1 -7.658e+05 4.553e+02 3.341e+03
s>                    ( - -1.312e+04 4 0)
s>                    ( QUESTION19 -1 -7.522e+05 3.864e+02 3.282e+03
s>                        ( - -7.290e+05 7 0 WDBNDRY_B 0 3.066e+02 3.181e+03)
s>                        ( - -2.285e+04 7 0 QUESTION11 -1 1.835e+02 1.012e+02)))))
s>        ( QUESTION10 -1 -1.079e+05 6.158e+02 4.689e+02
s>            ( WDBNDRY_B 0 -5.312e+04 3.684e+02 2.379e+02
s>                ( - -3.474e+03 3 0)
s>                ( - -4.927e+04 1 0))
s>            ( - -5.419e+04 10 0 WDBNDRY_B 0 1.859e+02 2.311e+02)))INFO: dtree.c(1478): Final simple tree
|( QUESTION6 -1 -1.356e+06 4.494e+03 5.898e+03
|    ( - -8.114e+05 13 0 WDBNDRY_B 0 1.453e+02 3.554e+03)
|    ( QUESTION2_16_L -1 -5.406e+05 2.931e+03 2.344e+03
|        ( QUESTION5 -1 -2.621e+05 6.050e+02 1.138e+03
|            ( - -1.923e+04 5 0 WDBNDRY_B 0 1.546e+02 8.475e+01)
|            ( - -2.422e+05 6 0 WDBNDRY_B 0 1.902e+02 1.053e+03))
|        ( QUESTION4 -1 -2.756e+05 1.526e+03 1.206e+03
|            ( - -9.482e+04 5 0)
|            ( WDBNDRY_B 0 -1.792e+05 4.039e+02 7.826e+02
|                ( - -1.548e+04 14 0 SILENCE -1 1.644e+02 6.594e+01)
|                ( WDBNDRY_E 0 -1.633e+05 2.299e+02 7.166e+02
|                    ( - -2.677e+02 1 0)
|                    ( QUESTION0_0_R 1 -1.628e+05 2.099e+02 7.146e+02
|                        ( - -5.947e+02 1 0)
|                        ( - -1.620e+05 9 0)))))))
s>    ( QUESTION6 -1 -1.356e+06 4.494e+03 5.898e+03
s>        ( - -8.114e+05 13 0 WDBNDRY_B 0 1.453e+02 3.554e+03)
s>        ( QUESTION2_16_L -1 -5.406e+05 2.931e+03 2.344e+03
s>            ( QUESTION5 -1 -2.621e+05 6.050e+02 1.138e+03
s>                ( - -1.923e+04 5 0 WDBNDRY_B 0 1.546e+02 8.475e+01)
s>                ( - -2.422e+05 6 0 WDBNDRY_B 0 1.902e+02 1.053e+03))
s>            ( QUESTION4 -1 -2.756e+05 1.526e+03 1.206e+03
s>                ( - -9.482e+04 5 0)
s>                ( WDBNDRY_B 0 -1.792e+05 4.039e+02 7.826e+02
s>                    ( - -1.548e+04 14 0 SILENCE -1 1.644e+02 6.594e+01)
s>                    ( WDBNDRY_E 0 -1.633e+05 2.299e+02 7.166e+02
s>                        ( - -2.677e+02 1 0)
s>                        ( QUESTION0_0_R 1 -1.628e+05 2.099e+02 7.146e+02
s>                            ( - -5.947e+02 1 0)
s>                            ( - -1.620e+05 9 0)))))))INFO: dtree.c(1315): Comp split 2
INFO: dtree.c(1478): Final simple tree
|( QUESTION0_16_R 1 -2.928e+05 1.974e+03 1.280e+03
|    ( WDBNDRY_E 0 -1.912e+05 5.947e+02 8.567e+02
|        ( - -1.052e+04 7 0)
|        ( - -1.800e+05 6 0))
|    ( WDBNDRY_E 0 -9.965e+04 9.623e+02 4.233e+02
|        ( QUESTION0_5_R 1 -3.987e+04 4.869e+02 1.758e+02
|            ( - 2.419e+02 1 0)
|            ( QUESTION9 1 -3.962e+04 4.232e+02 1.748e+02
|                ( - -7.585e+03 3 0)
|                ( SILENCE 1 -3.162e+04 3.389e+02 1.418e+02
|                    ( - -1.677e+04 3 0)
|                    ( - -1.450e+04 21 0 QUESTION0_1_R 1 1.983e+02 6.422e+01))))
|        ( QUESTION19 1 -5.882e+04 5.779e+02 2.475e+02
|            ( - -1.289e+04 9 0 QUESTION0_2_R 1 1.162e+02 5.660e+01)
|            ( - -4.536e+04 22 0 QUESTION0_10_R 1 2.787e+02 1.909e+02))))
s>    ( QUESTION0_16_R 1 -2.928e+05 1.974e+03 1.280e+03
s>        ( WDBNDRY_E 0 -1.912e+05 5.947e+02 8.567e+02
s>            ( - -1.052e+04 7 0)
s>            ( - -1.800e+05 6 0))
s>        ( WDBNDRY_E 0 -9.965e+04 9.623e+02 4.233e+02
s>            ( QUESTION0_5_R 1 -3.987e+04 4.869e+02 1.758e+02
s>                ( - 2.419e+02 1 0)
s>                ( QUESTION9 1 -3.962e+04 4.232e+02 1.748e+02
s>                    ( - -7.585e+03 3 0)
s>                    ( SILENCE 1 -3.162e+04 3.389e+02 1.418e+02
s>                        ( - -1.677e+04 3 0)
s>                        ( - -1.450e+04 21 0 QUESTION0_1_R 1 1.983e+02 6.422e+01))))
s>            ( QUESTION19 1 -5.882e+04 5.779e+02 2.475e+02
s>                ( - -1.289e+04 9 0 QUESTION0_2_R 1 1.162e+02 5.660e+01)
s>                ( - -4.536e+04 22 0 QUESTION0_10_R 1 2.787e+02 1.909e+02))))INFO: dtree.c(1439): stop. leaf nodes are specific
INFO: dtree.c(1478): Final simple tree
|( WDBNDRY_I 0 -2.192e+06 1.925e+03 9.635e+03
|    ( QUESTION2_0_L -1 -1.998e+06 4.075e+02 8.801e+03
|        ( - -1.988e+06 25 0)
|        ( - -9.550e+03 2 0))
|    ( WDBNDRY_B 0 -1.916e+05 3.837e+02 8.343e+02
|        ( QUESTION2_0_L -1 -1.858e+05 1.287e+02 8.082e+02
|            ( - -1.845e+05 24 0)
|            ( - -1.161e+03 3 0))
|        ( - -5.464e+03 5 0)))
s>    ( WDBNDRY_I 0 -2.192e+06 1.925e+03 9.635e+03
s>        ( QUESTION2_0_L -1 -1.998e+06 4.075e+02 8.801e+03
s>            ( - -1.988e+06 25 0)
s>            ( - -9.550e+03 2 0))
s>        ( WDBNDRY_B 0 -1.916e+05 3.837e+02 8.343e+02
s>            ( QUESTION2_0_L -1 -1.858e+05 1.287e+02 8.082e+02
s>                ( - -1.845e+05 24 0)
s>                ( - -1.161e+03 3 0))
s>            ( - -5.464e+03 5 0)))INFO: dtree.c(1315): Comp split 3
INFO: dtree.c(1478): Final simple tree
|( QUESTION2_16_L -1 -5.406e+05 2.931e+03 2.344e+03
|    ( QUESTION5 -1 -2.621e+05 6.050e+02 1.138e+03
|        ( - -1.923e+04 5 0 WDBNDRY_B 0 1.546e+02 8.475e+01)
|        ( WDBNDRY_B 0 -2.422e+05 1.902e+02 1.053e+03
|            ( - -2.503e+02 1 0)
|            ( - -2.418e+05 5 0)))
|    ( QUESTION4 -1 -2.756e+05 1.526e+03 1.206e+03
|        ( - -9.482e+04 5 0)
|        ( WDBNDRY_B 0 -1.792e+05 4.039e+02 7.826e+02
|            ( - -1.548e+04 14 0 SILENCE -1 1.644e+02 6.594e+01)
|            ( WDBNDRY_E 0 -1.633e+05 2.299e+02 7.166e+02
|                ( - -2.677e+02 1 0)
|                ( QUESTION0_0_R 1 -1.628e+05 2.099e+02 7.146e+02
|                    ( - -5.947e+02 1 0)
|                    ( - -1.620e+05 9 0))))))
s>    ( QUESTION2_16_L -1 -5.406e+05 2.931e+03 2.344e+03
s>        ( QUESTION5 -1 -2.621e+05 6.050e+02 1.138e+03
s>            ( - -1.923e+04 5 0 WDBNDRY_B 0 1.546e+02 8.475e+01)
s>            ( WDBNDRY_B 0 -2.422e+05 1.902e+02 1.053e+03
s>                ( - -2.503e+02 1 0)
s>                ( - -2.418e+05 5 0)))
s>        ( QUESTION4 -1 -2.756e+05 1.526e+03 1.206e+03
s>            ( - -9.482e+04 5 0)
s>            ( WDBNDRY_B 0 -1.792e+05 4.039e+02 7.826e+02
s>                ( - -1.548e+04 14 0 SILENCE -1 1.644e+02 6.594e+01)
s>                ( WDBNDRY_E 0 -1.633e+05 2.299e+02 7.166e+02
s>                    ( - -2.677e+02 1 0)
s>                    ( QUESTION0_0_R 1 -1.628e+05 2.099e+02 7.146e+02
s>                        ( - -5.947e+02 1 0)
s>                        ( - -1.620e+05 9 0))))))INFO: dtree.c(1439): stop. leaf nodes are specific
INFO: dtree.c(1478): Final simple tree
|( WDBNDRY_B 0 -8.114e+05 1.453e+02 3.554e+03
|    ( - -1.923e+03 4 0)
|    ( - -8.093e+05 9 0))
s>    ( WDBNDRY_B 0 -8.114e+05 1.453e+02 3.554e+03
s>        ( - -1.923e+03 4 0)
s>        ( - -8.093e+05 9 0))INFO: dtree.c(1315): Comp split 4
INFO: dtree.c(1439): stop. leaf nodes are specific
INFO: dtree.c(1478): Final simple tree
|( QUESTION4 -1 -2.585e+05 3.962e+02 1.120e+03
|    ( - -2.418e+05 5 0)
|    ( WDBNDRY_B 0 -1.629e+04 2.076e+02 6.894e+01
|        ( SILENCE -1 -1.548e+04 1.644e+02 6.594e+01
|            ( - -5.177e+03 4 0)
|            ( - -1.014e+04 10 0))
|        ( - -5.947e+02 1 0)))
s>    ( QUESTION4 -1 -2.585e+05 3.962e+02 1.120e+03
s>        ( - -2.418e+05 5 0)
s>        ( WDBNDRY_B 0 -1.629e+04 2.076e+02 6.894e+01
s>            ( SILENCE -1 -1.548e+04 1.644e+02 6.594e+01
s>                ( - -5.177e+03 4 0)
s>                ( - -1.014e+04 10 0))
s>            ( - -5.947e+02 1 0)))INFO: dtree.c(1439): stop. leaf nodes are specific
INFO: dtree.c(1478): Final simple tree
|( QUESTION7 -1 -2.789e+05 1.451e+03 1.224e+03
|    ( WDBNDRY_B 0 -9.525e+04 1.783e+02 4.259e+02
|        ( - -2.503e+02 1 0)
|        ( - -9.482e+04 5 0))
|    ( QUESTION3 -1 -1.822e+05 4.466e+02 7.984e+02
|        ( WDBNDRY_E 0 -1.625e+05 2.300e+02 7.136e+02
|            ( - -2.677e+02 1 0)
|            ( - -1.620e+05 9 0))
|        ( WDBNDRY_B 0 -1.923e+04 1.546e+02 8.475e+01
|            ( - -8.561e+02 1 0)
|            ( - -1.822e+04 4 0))))
s>    ( QUESTION7 -1 -2.789e+05 1.451e+03 1.224e+03
s>        ( WDBNDRY_B 0 -9.525e+04 1.783e+02 4.259e+02
s>            ( - -2.503e+02 1 0)
s>            ( - -9.482e+04 5 0))
s>        ( QUESTION3 -1 -1.822e+05 4.466e+02 7.984e+02
s>            ( WDBNDRY_E 0 -1.625e+05 2.300e+02 7.136e+02
s>                ( - -2.677e+02 1 0)
s>                ( - -1.620e+05 9 0))
s>            ( WDBNDRY_B 0 -1.923e+04 1.546e+02 8.475e+01
s>                ( - -8.561e+02 1 0)
s>                ( - -1.822e+04 4 0))))INFO: dtree.c(1315): Comp split 5
INFO: dtree.c(1478): Final simple tree
|( WDBNDRY_E 0 -1.107e+05 1.206e+03 4.713e+02
|    ( QUESTION0_5_R 1 -5.067e+04 4.876e+02 2.237e+02
|        ( - 2.419e+02 1 0)
|        ( QUESTION9 1 -5.042e+04 4.616e+02 2.227e+02
|            ( - -7.585e+03 3 0)
|            ( QUESTION0_8_R 1 -4.238e+04 2.673e+02 1.898e+02
|                ( - -9.056e+03 13 0 QUESTION0_12_R 1 1.380e+02 4.022e+01)
|                ( QUESTION0_1_R 1 -3.305e+04 2.558e+02 1.496e+02
|                    ( - -2.593e+03 4 0 QUESTION17 1 1.780e+02 1.200e+01)
|                    ( - -3.021e+04 14 0 QUESTION0_0_R 1 2.154e+02 1.376e+02)))))
|    ( QUESTION19 1 -5.882e+04 5.779e+02 2.475e+02
|        ( - -1.289e+04 9 0 QUESTION0_2_R 1 1.162e+02 5.660e+01)
|        ( QUESTION0_10_R 1 -4.536e+04 2.787e+02 1.909e+02
|            ( - -3.736e+04 8 0)
|            ( - -7.713e+03 14 0 QUESTION0_4_R 1 2.033e+02 3.299e+01))))
s>    ( WDBNDRY_E 0 -1.107e+05 1.206e+03 4.713e+02
s>        ( QUESTION0_5_R 1 -5.067e+04 4.876e+02 2.237e+02
s>            ( - 2.419e+02 1 0)
s>            ( QUESTION9 1 -5.042e+04 4.616e+02 2.227e+02
s>                ( - -7.585e+03 3 0)
s>                ( QUESTION0_8_R 1 -4.238e+04 2.673e+02 1.898e+02
s>                    ( - -9.056e+03 13 0 QUESTION0_12_R 1 1.380e+02 4.022e+01)
s>                    ( QUESTION0_1_R 1 -3.305e+04 2.558e+02 1.496e+02
s>                        ( - -2.593e+03 4 0 QUESTION17 1 1.780e+02 1.200e+01)
s>                        ( - -3.021e+04 14 0 QUESTION0_0_R 1 2.154e+02 1.376e+02)))))
s>        ( QUESTION19 1 -5.882e+04 5.779e+02 2.475e+02
s>            ( - -1.289e+04 9 0 QUESTION0_2_R 1 1.162e+02 5.660e+01)
s>            ( QUESTION0_10_R 1 -4.536e+04 2.787e+02 1.909e+02
s>                ( - -3.736e+04 8 0)
s>                ( - -7.713e+03 14 0 QUESTION0_4_R 1 2.033e+02 3.299e+01))))INFO: dtree.c(1315): Comp split 6
INFO: dtree.c(1439): stop. leaf nodes are specific
INFO: dtree.c(1478): Final simple tree
|( QUESTION12 -1 -7.658e+05 4.553e+02 3.341e+03
|    ( - -1.312e+04 4 0)
|    ( QUESTION19 -1 -7.522e+05 3.864e+02 3.282e+03
|        ( WDBNDRY_B 0 -7.290e+05 3.066e+02 3.181e+03
|            ( - -3.092e+03 2 0)
|            ( - -7.256e+05 5 0))
|        ( QUESTION11 -1 -2.285e+04 1.835e+02 1.012e+02
|            ( - -2.632e+02 1 0)
|            ( QUESTION18 -1 -2.240e+04 1.467e+02 9.924e+01
|                ( - -8.149e+02 1 0)
|                ( WDBNDRY_B 0 -2.144e+04 1.245e+02 9.524e+01
|                    ( - -3.750e+02 2 0)
|                    ( - -2.094e+04 3 0))))))
s>    ( QUESTION12 -1 -7.658e+05 4.553e+02 3.341e+03
s>        ( - -1.312e+04 4 0)
s>        ( QUESTION19 -1 -7.522e+05 3.864e+02 3.282e+03
s>            ( WDBNDRY_B 0 -7.290e+05 3.066e+02 3.181e+03
s>                ( - -3.092e+03 2 0)
s>                ( - -7.256e+05 5 0))
s>            ( QUESTION11 -1 -2.285e+04 1.835e+02 1.012e+02
s>                ( - -2.632e+02 1 0)
s>                ( QUESTION18 -1 -2.240e+04 1.467e+02 9.924e+01
s>                    ( - -8.149e+02 1 0)
s>                    ( WDBNDRY_B 0 -2.144e+04 1.245e+02 9.524e+01
s>                        ( - -3.750e+02 2 0)
s>                        ( - -2.094e+04 3 0))))))INFO: dtree.c(1439): stop. leaf nodes are specific
INFO: dtree.c(1478): Final simple tree
|( QUESTION10 -1 -1.222e+05 6.333e+02 5.330e+02
|    ( QUESTION11 -1 -6.733e+04 5.685e+02 3.019e+02
|        ( - -9.982e+03 1 0)
|        ( WDBNDRY_I 0 -5.678e+04 5.279e+02 2.549e+02
|            ( - -4.927e+04 1 0)
|            ( WDBNDRY_B 0 -6.978e+03 3.423e+02 3.300e+01
|                ( - -3.474e+03 3 0)
|                ( - -3.162e+03 1 0))))
|    ( WDBNDRY_B 0 -5.419e+04 1.859e+02 2.311e+02
|        ( QUESTION2 -1 -5.075e+03 1.435e+02 2.200e+01
|            ( - -2.978e+03 3 0)
|            ( - -1.953e+03 2 0))
|        ( - -4.893e+04 5 0)))
s>    ( QUESTION10 -1 -1.222e+05 6.333e+02 5.330e+02
s>        ( QUESTION11 -1 -6.733e+04 5.685e+02 3.019e+02
s>            ( - -9.982e+03 1 0)
s>            ( WDBNDRY_I 0 -5.678e+04 5.279e+02 2.549e+02
s>                ( - -4.927e+04 1 0)
s>                ( WDBNDRY_B 0 -6.978e+03 3.423e+02 3.300e+01
s>                    ( - -3.474e+03 3 0)
s>                    ( - -3.162e+03 1 0))))
s>        ( WDBNDRY_B 0 -5.419e+04 1.859e+02 2.311e+02
s>            ( QUESTION2 -1 -5.075e+03 1.435e+02 2.200e+01
s>                ( - -2.978e+03 3 0)
s>                ( - -1.953e+03 2 0))
s>            ( - -4.893e+04 5 0)))INFO: dtree.c(1315): Comp split 7
INFO: dtree.c(1439): stop. leaf nodes are specific
INFO: dtree.c(1478): Final simple tree
|( WDBNDRY_B 0 -2.016e+05 4.725e+02 8.773e+02
|    ( QUESTION2_0_L -1 -1.858e+05 1.287e+02 8.082e+02
|        ( - -1.845e+05 24 0)
|        ( - -1.161e+03 3 0))
|    ( WDBNDRY_E 0 -1.532e+04 3.107e+02 6.910e+01
|        ( - -5.464e+03 5 0)
|        ( - -9.550e+03 2 0)))
s>    ( WDBNDRY_B 0 -2.016e+05 4.725e+02 8.773e+02
s>        ( QUESTION2_0_L -1 -1.858e+05 1.287e+02 8.082e+02
s>            ( - -1.845e+05 24 0)
s>            ( - -1.161e+03 3 0))
s>        ( WDBNDRY_E 0 -1.532e+04 3.107e+02 6.910e+01
s>            ( - -5.464e+03 5 0)
s>            ( - -9.550e+03 2 0)))INFO: dtree.c(1315): Comp split 8
INFO: dtree.c(1439): stop. leaf nodes are specific
INFO: dtree.c(1478): Final simple tree
|( QUESTION3 -1 -1.822e+05 4.466e+02 7.984e+02
|    ( WDBNDRY_E 0 -1.625e+05 2.300e+02 7.136e+02
|        ( - -2.677e+02 1 0)
|        ( - -1.620e+05 9 0))
|    ( WDBNDRY_B 0 -1.923e+04 1.546e+02 8.475e+01
|        ( - -8.561e+02 1 0)
|        ( - -1.822e+04 4 0)))
s>    ( QUESTION3 -1 -1.822e+05 4.466e+02 7.984e+02
s>        ( WDBNDRY_E 0 -1.625e+05 2.300e+02 7.136e+02
s>            ( - -2.677e+02 1 0)
s>            ( - -1.620e+05 9 0))
s>        ( WDBNDRY_B 0 -1.923e+04 1.546e+02 8.475e+01
s>            ( - -8.561e+02 1 0)
s>            ( - -1.822e+04 4 0)))INFO: dtree.c(1439): stop. leaf nodes are specific
INFO: dtree.c(1478): Final simple tree
|( WDBNDRY_B 0 -9.525e+04 1.783e+02 4.259e+02
|    ( - -2.503e+02 1 0)
|    ( - -9.482e+04 5 0))
s>    ( WDBNDRY_B 0 -9.525e+04 1.783e+02 4.259e+02
s>        ( - -2.503e+02 1 0)
s>        ( - -9.482e+04 5 0))INFO: dtree.c(1315): Comp split 9
INFO: dtree.c(1478): Final simple tree
|( QUESTION8 1 -5.833e+04 4.197e+02 2.557e+02
|    ( QUESTION9 1 -1.892e+04 2.675e+02 8.120e+01
|        ( - -7.585e+03 3 0)
|        ( QUESTION0_12_R 1 -1.106e+04 1.814e+02 4.822e+01
|            ( - -3.253e+03 2 0)
|            ( QUESTION0_5_R 1 -7.630e+03 1.717e+02 3.300e+01
|                ( - -3.287e+02 1 0)
|                ( - -7.130e+03 15 0 QUESTION0_3_R 1 1.299e+02 3.100e+01))))
|    ( QUESTION4 1 -3.899e+04 2.709e+02 1.745e+02
|        ( - -8.417e+03 13 0 QUESTION6 1 1.407e+02 3.699e+01)
|        ( QUESTION0_16_R 1 -3.031e+04 2.172e+02 1.376e+02
|            ( - -1.052e+04 7 0)
|            ( SILENCE 1 -1.957e+04 1.670e+02 8.958e+01
|                ( - -1.677e+04 3 0)
|                ( - -2.632e+03 4 0 WDBNDRY_E 0 6.513e+01 1.200e+01)))))
s>    ( QUESTION8 1 -5.833e+04 4.197e+02 2.557e+02
s>        ( QUESTION9 1 -1.892e+04 2.675e+02 8.120e+01
s>            ( - -7.585e+03 3 0)
s>            ( QUESTION0_12_R 1 -1.106e+04 1.814e+02 4.822e+01
s>                ( - -3.253e+03 2 0)
s>                ( QUESTION0_5_R 1 -7.630e+03 1.717e+02 3.300e+01
s>                    ( - -3.287e+02 1 0)
s>                    ( - -7.130e+03 15 0 QUESTION0_3_R 1 1.299e+02 3.100e+01))))
s>        ( QUESTION4 1 -3.899e+04 2.709e+02 1.745e+02
s>            ( - -8.417e+03 13 0 QUESTION6 1 1.407e+02 3.699e+01)
s>            ( QUESTION0_16_R 1 -3.031e+04 2.172e+02 1.376e+02
s>                ( - -1.052e+04 7 0)
s>                ( SILENCE 1 -1.957e+04 1.670e+02 8.958e+01
s>                    ( - -1.677e+04 3 0)
s>                    ( - -2.632e+03 4 0 WDBNDRY_E 0 6.513e+01 1.200e+01)))))INFO: dtree.c(1439): stop. leaf nodes are specific
INFO: dtree.c(1478): Final simple tree
|( QUESTION0_1_R 1 -5.107e+04 5.964e+02 2.155e+02
|    ( WDBNDRY_E 0 -1.312e+04 4.687e+02 5.760e+01
|        ( - 2.419e+02 1 0)
|        ( QUESTION0_2_R 1 -1.289e+04 1.162e+02 5.660e+01
|            ( - -1.079e+04 5 0)
|            ( - -1.979e+03 4 0)))
|    ( - -3.736e+04 8 0))
s>    ( QUESTION0_1_R 1 -5.107e+04 5.964e+02 2.155e+02
s>        ( WDBNDRY_E 0 -1.312e+04 4.687e+02 5.760e+01
s>            ( - 2.419e+02 1 0)
s>            ( QUESTION0_2_R 1 -1.289e+04 1.162e+02 5.660e+01
s>                ( - -1.079e+04 5 0)
s>                ( - -1.979e+03 4 0)))
s>        ( - -3.736e+04 8 0))INFO: dtree.c(1315): Comp split 10
INFO: dtree.c(1439): stop. leaf nodes are specific
INFO: dtree.c(1478): Final simple tree
|( WDBNDRY_E 0 -6.150e+04 4.672e+02 2.641e+02
|    ( - -3.162e+03 1 0)
|    ( WDBNDRY_B 0 -5.787e+04 2.576e+02 2.471e+02
|        ( QUESTION9 -1 -8.687e+03 1.515e+02 3.800e+01
|            ( - -1.953e+03 2 0)
|            ( QUESTION2 -1 -6.582e+03 1.298e+02 2.900e+01
|                ( - -2.978e+03 3 0)
|                ( - -3.474e+03 3 0)))
|        ( - -4.893e+04 5 0)))
s>    ( WDBNDRY_E 0 -6.150e+04 4.672e+02 2.641e+02
s>        ( - -3.162e+03 1 0)
s>        ( WDBNDRY_B 0 -5.787e+04 2.576e+02 2.471e+02
s>            ( QUESTION9 -1 -8.687e+03 1.515e+02 3.800e+01
s>                ( - -1.953e+03 2 0)
s>                ( QUESTION2 -1 -6.582e+03 1.298e+02 2.900e+01
s>                    ( - -2.978e+03 3 0)
s>                    ( - -3.474e+03 3 0)))
s>            ( - -4.893e+04 5 0)))INFO: dtree.c(1439): stop. leaf nodes are specific
INFO: dtree.c(1478): Final simple tree
|( QUESTION11 -1 -5.980e+04 5.389e+02 2.689e+02
|    ( - -9.982e+03 1 0)
|    ( - -4.927e+04 1 0))
s>    ( QUESTION11 -1 -5.980e+04 5.389e+02 2.689e+02
s>        ( - -9.982e+03 1 0)
s>        ( - -4.927e+04 1 0))INFO: dtree.c(1315): Comp split 11
INFO: dtree.c(1439): stop. leaf nodes are specific
INFO: dtree.c(1478): Final simple tree
|( WDBNDRY_E 0 -1.312e+04 4.687e+02 5.760e+01
|    ( - 2.419e+02 1 0)
|    ( QUESTION0_2_R 1 -1.289e+04 1.162e+02 5.660e+01
|        ( - -1.079e+04 5 0)
|        ( - -1.979e+03 4 0)))
s>    ( WDBNDRY_E 0 -1.312e+04 4.687e+02 5.760e+01
s>        ( - 2.419e+02 1 0)
s>        ( QUESTION0_2_R 1 -1.289e+04 1.162e+02 5.660e+01
s>            ( - -1.079e+04 5 0)
s>            ( - -1.979e+03 4 0)))INFO: dtree.c(1315): Comp split 12
INFO: dtree.c(1439): stop. leaf nodes are specific
INFO: dtree.c(1478): Final simple tree
|( SILENCE 1 -2.749e+04 2.040e+02 1.256e+02
|    ( - -1.677e+04 3 0)
|    ( - -1.052e+04 7 0))
s>    ( SILENCE 1 -2.749e+04 2.040e+02 1.256e+02
s>        ( - -1.677e+04 3 0)
s>        ( - -1.052e+04 7 0))INFO: dtree.c(1478): Final simple tree
|( QUESTION9 1 -3.026e+04 3.221e+02 1.302e+02
|    ( - -7.585e+03 3 0)
|    ( QUESTION0_12_R 1 -2.235e+04 1.802e+02 9.721e+01
|        ( - -3.253e+03 2 0)
|        ( QUESTION0_5_R 1 -1.892e+04 1.660e+02 8.199e+01
|            ( - -3.287e+02 1 0)
|            ( QUESTION0_1_R 1 -1.842e+04 1.690e+02 7.999e+01
|                ( - -3.796e+03 7 0 QUESTION17 1 1.372e+02 1.700e+01)
|                ( QUESTION6 1 -1.446e+04 1.462e+02 6.299e+01
|                    ( WDBNDRY_E 0 -3.156e+03 1.556e+02 1.399e+01
|                        ( - -7.318e+02 2 0)
|                        ( - -2.268e+03 2 0))
|                    ( QUESTION0_19_R 1 -1.115e+04 1.983e+02 4.900e+01
|                        ( - -2.215e+02 1 0)
|                        ( - -1.073e+04 20 0 QUESTION0_10_R 1 9.455e+01 4.700e+01)))))))
s>    ( QUESTION9 1 -3.026e+04 3.221e+02 1.302e+02
s>        ( - -7.585e+03 3 0)
s>        ( QUESTION0_12_R 1 -2.235e+04 1.802e+02 9.721e+01
s>            ( - -3.253e+03 2 0)
s>            ( QUESTION0_5_R 1 -1.892e+04 1.660e+02 8.199e+01
s>                ( - -3.287e+02 1 0)
s>                ( QUESTION0_1_R 1 -1.842e+04 1.690e+02 7.999e+01
s>                    ( - -3.796e+03 7 0 QUESTION17 1 1.372e+02 1.700e+01)
s>                    ( QUESTION6 1 -1.446e+04 1.462e+02 6.299e+01
s>                        ( WDBNDRY_E 0 -3.156e+03 1.556e+02 1.399e+01
s>                            ( - -7.318e+02 2 0)
s>                            ( - -2.268e+03 2 0))
s>                        ( QUESTION0_19_R 1 -1.115e+04 1.983e+02 4.900e+01
s>                            ( - -2.215e+02 1 0)
s>                            ( - -1.073e+04 20 0 QUESTION0_10_R 1 9.455e+01 4.700e+01)))))))INFO: dtree.c(1315): Comp split 13
INFO: dtree.c(1315): Comp split 14
INFO: dtree.c(1439): stop. leaf nodes are specific
INFO: dtree.c(1478): Final simple tree
|( QUESTION12 -1 -3.971e+04 4.070e+02 1.736e+02
|    ( - -1.312e+04 4 0)
|    ( QUESTION19 -1 -2.619e+04 2.490e+02 1.152e+02
|        ( - -3.092e+03 2 0)
|        ( QUESTION11 -1 -2.285e+04 1.835e+02 1.012e+02
|            ( - -2.632e+02 1 0)
|            ( QUESTION18 -1 -2.240e+04 1.467e+02 9.924e+01
|                ( - -8.149e+02 1 0)
|                ( WDBNDRY_B 0 -2.144e+04 1.245e+02 9.524e+01
|                    ( - -3.750e+02 2 0)
|                    ( - -2.094e+04 3 0))))))
s>    ( QUESTION12 -1 -3.971e+04 4.070e+02 1.736e+02
s>        ( - -1.312e+04 4 0)
s>        ( QUESTION19 -1 -2.619e+04 2.490e+02 1.152e+02
s>            ( - -3.092e+03 2 0)
s>            ( QUESTION11 -1 -2.285e+04 1.835e+02 1.012e+02
s>                ( - -2.632e+02 1 0)
s>                ( QUESTION18 -1 -2.240e+04 1.467e+02 9.924e+01
s>                    ( - -8.149e+02 1 0)
s>                    ( WDBNDRY_B 0 -2.144e+04 1.245e+02 9.524e+01
s>                        ( - -3.750e+02 2 0)
s>                        ( - -2.094e+04 3 0))))))INFO: dtree.c(1315): Comp split 15
INFO: dtree.c(1439): stop. leaf nodes are specific
INFO: dtree.c(1478): Final simple tree
|( WDBNDRY_E 0 -1.532e+04 3.107e+02 6.910e+01
|    ( - -5.464e+03 5 0)
|    ( - -9.550e+03 2 0))
s>    ( WDBNDRY_E 0 -1.532e+04 3.107e+02 6.910e+01
s>        ( - -5.464e+03 5 0)
s>        ( - -9.550e+03 2 0))INFO: dtree.c(1439): stop. leaf nodes are specific
INFO: dtree.c(1478): Final simple tree
|( QUESTION2_0_L -1 -1.858e+05 1.287e+02 8.082e+02
|    ( - -1.845e+05 24 0)
|    ( - -1.161e+03 3 0))
s>    ( QUESTION2_0_L -1 -1.858e+05 1.287e+02 8.082e+02
s>        ( - -1.845e+05 24 0)
s>        ( - -1.161e+03 3 0))INFO: dtree.c(1315): Comp split 16
INFO: dtree.c(1439): stop. leaf nodes are specific
INFO: dtree.c(1478): Final simple tree
|( QUESTION0_2_R 1 -1.289e+04 1.162e+02 5.660e+01
|    ( - -1.079e+04 5 0)
|    ( - -1.979e+03 4 0))
s>    ( QUESTION0_2_R 1 -1.289e+04 1.162e+02 5.660e+01
s>        ( - -1.079e+04 5 0)
s>        ( - -1.979e+03 4 0))INFO: dtree.c(1315): Comp split 17
INFO: dtree.c(1439): stop. leaf nodes are specific
INFO: dtree.c(1478): Final simple tree
|( WDBNDRY_B 0 -5.787e+04 2.576e+02 2.471e+02
|    ( QUESTION9 -1 -8.687e+03 1.515e+02 3.800e+01
|        ( - -1.953e+03 2 0)
|        ( QUESTION2 -1 -6.582e+03 1.298e+02 2.900e+01
|            ( - -2.978e+03 3 0)
|            ( - -3.474e+03 3 0)))
|    ( - -4.893e+04 5 0))
s>    ( WDBNDRY_B 0 -5.787e+04 2.576e+02 2.471e+02
s>        ( QUESTION9 -1 -8.687e+03 1.515e+02 3.800e+01
s>            ( - -1.953e+03 2 0)
s>            ( QUESTION2 -1 -6.582e+03 1.298e+02 2.900e+01
s>                ( - -2.978e+03 3 0)
s>                ( - -3.474e+03 3 0)))
s>        ( - -4.893e+04 5 0))INFO: dtree.c(1315): Comp split 18
INFO: dtree.c(1439): stop. leaf nodes are specific
INFO: dtree.c(1478): Final simple tree
|( WDBNDRY_E 0 -1.635e+05 2.302e+02 7.176e+02
|    ( - -2.677e+02 1 0)
|    ( WDBNDRY_B 0 -1.630e+05 1.530e+02 7.156e+02
|        ( - -8.561e+02 1 0)
|        ( - -1.620e+05 9 0)))
s>    ( WDBNDRY_E 0 -1.635e+05 2.302e+02 7.176e+02
s>        ( - -2.677e+02 1 0)
s>        ( WDBNDRY_B 0 -1.630e+05 1.530e+02 7.156e+02
s>            ( - -8.561e+02 1 0)
s>            ( - -1.620e+05 9 0)))INFO: dtree.c(1315): Comp split 19
INFO: dtree.c(1439): stop. leaf nodes are specific
INFO: dtree.c(1478): Final simple tree
|( QUESTION19 -1 -2.619e+04 2.490e+02 1.152e+02
|    ( - -3.092e+03 2 0)
|    ( QUESTION11 -1 -2.285e+04 1.835e+02 1.012e+02
|        ( - -2.632e+02 1 0)
|        ( QUESTION18 -1 -2.240e+04 1.467e+02 9.924e+01
|            ( - -8.149e+02 1 0)
|            ( WDBNDRY_B 0 -2.144e+04 1.245e+02 9.524e+01
|                ( - -3.750e+02 2 0)
|                ( - -2.094e+04 3 0)))))
s>    ( QUESTION19 -1 -2.619e+04 2.490e+02 1.152e+02
s>        ( - -3.092e+03 2 0)
s>        ( QUESTION11 -1 -2.285e+04 1.835e+02 1.012e+02
s>            ( - -2.632e+02 1 0)
s>            ( QUESTION18 -1 -2.240e+04 1.467e+02 9.924e+01
s>                ( - -8.149e+02 1 0)
s>                ( WDBNDRY_B 0 -2.144e+04 1.245e+02 9.524e+01
s>                    ( - -3.750e+02 2 0)
s>                    ( - -2.094e+04 3 0)))))INFO: dtree.c(1315): Comp split 20
INFO: dtree.c(1439): stop. leaf nodes are specific
INFO: dtree.c(1478): Final simple tree
|( WDBNDRY_B 0 -1.629e+04 2.076e+02 6.894e+01
|    ( SILENCE -1 -1.548e+04 1.644e+02 6.594e+01
|        ( - -5.177e+03 4 0)
|        ( - -1.014e+04 10 0))
|    ( - -5.947e+02 1 0))
s>    ( WDBNDRY_B 0 -1.629e+04 2.076e+02 6.894e+01
s>        ( SILENCE -1 -1.548e+04 1.644e+02 6.594e+01
s>            ( - -5.177e+03 4 0)
s>            ( - -1.014e+04 10 0))
s>        ( - -5.947e+02 1 0))INFO: dtree.c(1315): Comp split 21
INFO: dtree.c(1478): Final simple tree
|( QUESTION0_12_R 1 -2.185e+04 1.788e+02 9.521e+01
|    ( - -3.253e+03 2 0)
|    ( QUESTION0_1_R 1 -1.842e+04 1.690e+02 7.999e+01
|        ( QUESTION17 1 -3.796e+03 1.372e+02 1.700e+01
|            ( - -1.402e+03 3 0 WDBNDRY_E 0 1.890e+02 7.000e+00)
|            ( WDBNDRY_E 0 -2.257e+03 1.963e+02 1.000e+01
|                ( - -1.772e+03 3 0 QUESTION0_2_R 1 1.192e+02 8.000e+00)
|                ( - -2.888e+02 1 0)))
|        ( QUESTION6 1 -1.446e+04 1.462e+02 6.299e+01
|            ( WDBNDRY_E 0 -3.156e+03 1.556e+02 1.399e+01
|                ( - -7.318e+02 2 0)
|                ( - -2.268e+03 2 0))
|            ( QUESTION0_19_R 1 -1.115e+04 1.983e+02 4.900e+01
|                ( - -2.215e+02 1 0)
|                ( - -1.073e+04 20 0 QUESTION0_10_R 1 9.455e+01 4.700e+01)))))
s>    ( QUESTION0_12_R 1 -2.185e+04 1.788e+02 9.521e+01
s>        ( - -3.253e+03 2 0)
s>        ( QUESTION0_1_R 1 -1.842e+04 1.690e+02 7.999e+01
s>            ( QUESTION17 1 -3.796e+03 1.372e+02 1.700e+01
s>                ( - -1.402e+03 3 0 WDBNDRY_E 0 1.890e+02 7.000e+00)
s>                ( WDBNDRY_E 0 -2.257e+03 1.963e+02 1.000e+01
s>                    ( - -1.772e+03 3 0 QUESTION0_2_R 1 1.192e+02 8.000e+00)
s>                    ( - -2.888e+02 1 0)))
s>            ( QUESTION6 1 -1.446e+04 1.462e+02 6.299e+01
s>                ( WDBNDRY_E 0 -3.156e+03 1.556e+02 1.399e+01
s>                    ( - -7.318e+02 2 0)
s>                    ( - -2.268e+03 2 0))
s>                ( QUESTION0_19_R 1 -1.115e+04 1.983e+02 4.900e+01
s>                    ( - -2.215e+02 1 0)
s>                    ( - -1.073e+04 20 0 QUESTION0_10_R 1 9.455e+01 4.700e+01)))))INFO: dtree.c(1439): stop. leaf nodes are specific
INFO: dtree.c(1478): Final simple tree
|( WDBNDRY_E 0 -8.056e+03 1.422e+02 3.498e+01
|    ( - -7.585e+03 3 0)
|    ( - -3.287e+02 1 0))
s>    ( WDBNDRY_E 0 -8.056e+03 1.422e+02 3.498e+01
s>        ( - -7.585e+03 3 0)
s>        ( - -3.287e+02 1 0))INFO: dtree.c(1315): Comp split 22
INFO: dtree.c(1315): Comp split 23
INFO: dtree.c(1439): stop. leaf nodes are specific
INFO: dtree.c(1478): Final simple tree
|( QUESTION2 -1 -6.582e+03 1.298e+02 2.900e+01
|    ( - -2.978e+03 3 0)
|    ( - -3.474e+03 3 0))
s>    ( QUESTION2 -1 -6.582e+03 1.298e+02 2.900e+01
s>        ( - -2.978e+03 3 0)
s>        ( - -3.474e+03 3 0))INFO: dtree.c(1439): stop. leaf nodes are specific
INFO: dtree.c(1478): Final simple tree
|( WDBNDRY_B 0 -5.103e+04 1.470e+02 2.181e+02
|    ( - -1.953e+03 2 0)
|    ( - -4.893e+04 5 0))
s>    ( WDBNDRY_B 0 -5.103e+04 1.470e+02 2.181e+02
s>        ( - -1.953e+03 2 0)
s>        ( - -4.893e+04 5 0))INFO: dtree.c(1315): Comp split 24
INFO: dtree.c(1439): stop. leaf nodes are specific
INFO: dtree.c(1478): Final simple tree
|( QUESTION11 -1 -2.285e+04 1.835e+02 1.012e+02
|    ( - -2.632e+02 1 0)
|    ( QUESTION18 -1 -2.240e+04 1.467e+02 9.924e+01
|        ( - -8.149e+02 1 0)
|        ( WDBNDRY_B 0 -2.144e+04 1.245e+02 9.524e+01
|            ( - -3.750e+02 2 0)
|            ( - -2.094e+04 3 0))))
s>    ( QUESTION11 -1 -2.285e+04 1.835e+02 1.012e+02
s>        ( - -2.632e+02 1 0)
s>        ( QUESTION18 -1 -2.240e+04 1.467e+02 9.924e+01
s>            ( - -8.149e+02 1 0)
s>            ( WDBNDRY_B 0 -2.144e+04 1.245e+02 9.524e+01
s>                ( - -3.750e+02 2 0)
s>                ( - -2.094e+04 3 0))))INFO: dtree.c(1315): Comp split 25
INFO: dtree.c(1439): stop. leaf nodes are specific
INFO: dtree.c(1478): Final simple tree
|( WDBNDRY_B 0 -1.630e+05 1.530e+02 7.156e+02
|    ( - -8.561e+02 1 0)
|    ( - -1.620e+05 9 0))
s>    ( WDBNDRY_B 0 -1.630e+05 1.530e+02 7.156e+02
s>        ( - -8.561e+02 1 0)
s>        ( - -1.620e+05 9 0))INFO: dtree.c(1315): Comp split 26
INFO: dtree.c(1439): stop. leaf nodes are specific
INFO: dtree.c(1478): Final simple tree
|( QUESTION0_1_R 1 -2.750e+03 1.930e+02 1.199e+01
|    ( - -2.888e+02 1 0)
|    ( - -2.268e+03 2 0))
s>    ( QUESTION0_1_R 1 -2.750e+03 1.930e+02 1.199e+01
s>        ( - -2.888e+02 1 0)
s>        ( - -2.268e+03 2 0))INFO: dtree.c(1478): Final simple tree
|( QUESTION0_1_R 1 -1.889e+04 1.732e+02 8.322e+01
|    ( WDBNDRY_E 0 -3.297e+03 1.338e+02 1.500e+01
|        ( QUESTION17 1 -2.593e+03 1.780e+02 1.200e+01
|            ( - -6.425e+02 1 0)
|            ( QUESTION0_2_R 1 -1.772e+03 1.192e+02 8.000e+00
|                ( - -4.082e+02 2 0)
|                ( - -1.245e+03 1 0)))
|        ( - -5.703e+02 2 0))
|    ( QUESTION0_12_R 1 -1.542e+04 1.520e+02 6.822e+01
|        ( - -3.253e+03 2 0)
|        ( QUESTION6 1 -1.201e+04 1.284e+02 5.300e+01
|            ( - -7.318e+02 2 0)
|            ( QUESTION0_19_R 1 -1.115e+04 1.983e+02 4.900e+01
|                ( - -2.215e+02 1 0)
|                ( - -1.073e+04 20 0 QUESTION0_10_R 1 9.455e+01 4.700e+01)))))
s>    ( QUESTION0_1_R 1 -1.889e+04 1.732e+02 8.322e+01
s>        ( WDBNDRY_E 0 -3.297e+03 1.338e+02 1.500e+01
s>            ( QUESTION17 1 -2.593e+03 1.780e+02 1.200e+01
s>                ( - -6.425e+02 1 0)
s>                ( QUESTION0_2_R 1 -1.772e+03 1.192e+02 8.000e+00
s>                    ( - -4.082e+02 2 0)
s>                    ( - -1.245e+03 1 0)))
s>            ( - -5.703e+02 2 0))
s>        ( QUESTION0_12_R 1 -1.542e+04 1.520e+02 6.822e+01
s>            ( - -3.253e+03 2 0)
s>            ( QUESTION6 1 -1.201e+04 1.284e+02 5.300e+01
s>                ( - -7.318e+02 2 0)
s>                ( QUESTION0_19_R 1 -1.115e+04 1.983e+02 4.900e+01
s>                    ( - -2.215e+02 1 0)
s>                    ( - -1.073e+04 20 0 QUESTION0_10_R 1 9.455e+01 4.700e+01)))))INFO: dtree.c(1315): Comp split 27
INFO: dtree.c(1478): Final simple tree
|( QUESTION0_12_R 1 -1.803e+04 1.624e+02 7.922e+01
|    ( - -3.253e+03 2 0)
|    ( QUESTION0_3_R 1 -1.461e+04 1.483e+02 6.400e+01
|        ( - -1.245e+03 1 0)
|        ( QUESTION6 1 -1.322e+04 1.266e+02 5.800e+01
|            ( - -7.318e+02 2 0)
|            ( QUESTION0_19_R 1 -1.236e+04 1.973e+02 5.400e+01
|                ( - -2.215e+02 1 0)
|                ( QUESTION0_10_R 1 -1.194e+04 1.086e+02 5.200e+01
|                    ( - -4.708e+03 8 0)
|                    ( QUESTION0_0_R 1 -7.126e+03 9.790e+01 3.100e+01
|                        ( QUESTION19 1 -5.329e+03 9.253e+01 2.300e+01
|                            ( - -4.082e+02 2 0)
|                            ( - -4.828e+03 12 0 QUESTION0_1_R 1 1.194e+02 2.100e+01))
|                        ( - -1.700e+03 2 0)))))))
s>    ( QUESTION0_12_R 1 -1.803e+04 1.624e+02 7.922e+01
s>        ( - -3.253e+03 2 0)
s>        ( QUESTION0_3_R 1 -1.461e+04 1.483e+02 6.400e+01
s>            ( - -1.245e+03 1 0)
s>            ( QUESTION6 1 -1.322e+04 1.266e+02 5.800e+01
s>                ( - -7.318e+02 2 0)
s>                ( QUESTION0_19_R 1 -1.236e+04 1.973e+02 5.400e+01
s>                    ( - -2.215e+02 1 0)
s>                    ( QUESTION0_10_R 1 -1.194e+04 1.086e+02 5.200e+01
s>                        ( - -4.708e+03 8 0)
s>                        ( QUESTION0_0_R 1 -7.126e+03 9.790e+01 3.100e+01
s>                            ( QUESTION19 1 -5.329e+03 9.253e+01 2.300e+01
s>                                ( - -4.082e+02 2 0)
s>                                ( - -4.828e+03 12 0 QUESTION0_1_R 1 1.194e+02 2.100e+01))
s>                            ( - -1.700e+03 2 0)))))))INFO: dtree.c(1315): Comp split 28
INFO: dtree.c(1439): stop. leaf nodes are specific
INFO: dtree.c(1478): Final simple tree
|( SILENCE -1 -1.548e+04 1.644e+02 6.594e+01
|    ( - -5.177e+03 4 0)
|    ( - -1.014e+04 10 0))
s>    ( SILENCE -1 -1.548e+04 1.644e+02 6.594e+01
s>        ( - -5.177e+03 4 0)
s>        ( - -1.014e+04 10 0))INFO: dtree.c(1315): Comp split 29
INFO: dtree.c(1315): Comp split 30
INFO: dtree.c(1478): Final simple tree
|( QUESTION0_12_R 1 -1.761e+04 1.635e+02 7.722e+01
|    ( - -3.253e+03 2 0)
|    ( QUESTION0_3_R 1 -1.420e+04 1.495e+02 6.200e+01
|        ( - -1.245e+03 1 0)
|        ( QUESTION0_19_R 1 -1.280e+04 1.266e+02 5.600e+01
|            ( - -7.318e+02 2 0)
|            ( QUESTION0_10_R 1 -1.194e+04 1.086e+02 5.200e+01
|                ( - -4.708e+03 8 0)
|                ( QUESTION0_0_R 1 -7.126e+03 9.790e+01 3.100e+01
|                    ( QUESTION19 1 -5.329e+03 9.253e+01 2.300e+01
|                        ( - -4.082e+02 2 0)
|                        ( QUESTION0_1_R 1 -4.828e+03 1.194e+02 2.100e+01
|                            ( - -5.703e+02 2 0)
|                            ( - -4.138e+03 10 0 WDBNDRY_E 0 7.973e+01 1.800e+01)))
|                    ( - -1.700e+03 2 0))))))
s>    ( QUESTION0_12_R 1 -1.761e+04 1.635e+02 7.722e+01
s>        ( - -3.253e+03 2 0)
s>        ( QUESTION0_3_R 1 -1.420e+04 1.495e+02 6.200e+01
s>            ( - -1.245e+03 1 0)
s>            ( QUESTION0_19_R 1 -1.280e+04 1.266e+02 5.600e+01
s>                ( - -7.318e+02 2 0)
s>                ( QUESTION0_10_R 1 -1.194e+04 1.086e+02 5.200e+01
s>                    ( - -4.708e+03 8 0)
s>                    ( QUESTION0_0_R 1 -7.126e+03 9.790e+01 3.100e+01
s>                        ( QUESTION19 1 -5.329e+03 9.253e+01 2.300e+01
s>                            ( - -4.082e+02 2 0)
s>                            ( QUESTION0_1_R 1 -4.828e+03 1.194e+02 2.100e+01
s>                                ( - -5.703e+02 2 0)
s>                                ( - -4.138e+03 10 0 WDBNDRY_E 0 7.973e+01 1.800e+01)))
s>                        ( - -1.700e+03 2 0))))))INFO: dtree.c(1315): Comp split 31
INFO: dtree.c(1315): Comp split 32
INFO: dtree.c(1439): stop. leaf nodes are specific
INFO: dtree.c(1478): Final simple tree
|( QUESTION18 -1 -2.240e+04 1.467e+02 9.924e+01
|    ( - -8.149e+02 1 0)
|    ( WDBNDRY_B 0 -2.144e+04 1.245e+02 9.524e+01
|        ( - -3.750e+02 2 0)
|        ( - -2.094e+04 3 0)))
s>    ( QUESTION18 -1 -2.240e+04 1.467e+02 9.924e+01
s>        ( - -8.149e+02 1 0)
s>        ( WDBNDRY_B 0 -2.144e+04 1.245e+02 9.524e+01
s>            ( - -3.750e+02 2 0)
s>            ( - -2.094e+04 3 0)))INFO: dtree.c(1315): Comp split 33
INFO: dtree.c(1315): Comp split 34
INFO: dtree.c(1439): stop. leaf nodes are specific
INFO: dtree.c(1478): Final simple tree
|( QUESTION0_8_R 1 -4.802e+03 1.370e+02 2.222e+01
|    ( - -3.253e+03 2 0)
|    ( WDBNDRY_E 0 -1.412e+03 1.100e+02 7.000e+00
|        ( - -7.318e+02 2 0)
|        ( - -5.703e+02 2 0)))
s>    ( QUESTION0_8_R 1 -4.802e+03 1.370e+02 2.222e+01
s>        ( - -3.253e+03 2 0)
s>        ( WDBNDRY_E 0 -1.412e+03 1.100e+02 7.000e+00
s>            ( - -7.318e+02 2 0)
s>            ( - -5.703e+02 2 0)))INFO: dtree.c(1439): stop. leaf nodes are specific
INFO: dtree.c(1478): Final simple tree
|( QUESTION0_3_R 1 -1.264e+04 1.506e+02 5.500e+01
|    ( - -1.245e+03 1 0)
|    ( QUESTION0_1_R 1 -1.125e+04 1.050e+02 4.900e+01
|        ( - -4.082e+02 2 0)
|        ( QUESTION0_10_R 1 -1.073e+04 9.455e+01 4.700e+01
|            ( - -4.708e+03 8 0)
|            ( QUESTION0_0_R 1 -5.933e+03 9.478e+01 2.600e+01
|                ( WDBNDRY_E 0 -4.138e+03 7.973e+01 1.800e+01
|                    ( - -8.657e+02 3 0)
|                    ( QUESTION0_8_R 1 -3.193e+03 4.814e+01 1.400e+01
|                        ( - -2.277e+03 5 0)
|                        ( - -8.673e+02 2 0)))
|                ( - -1.700e+03 2 0)))))
s>    ( QUESTION0_3_R 1 -1.264e+04 1.506e+02 5.500e+01
s>        ( - -1.245e+03 1 0)
s>        ( QUESTION0_1_R 1 -1.125e+04 1.050e+02 4.900e+01
s>            ( - -4.082e+02 2 0)
s>            ( QUESTION0_10_R 1 -1.073e+04 9.455e+01 4.700e+01
s>                ( - -4.708e+03 8 0)
s>                ( QUESTION0_0_R 1 -5.933e+03 9.478e+01 2.600e+01
s>                    ( WDBNDRY_E 0 -4.138e+03 7.973e+01 1.800e+01
s>                        ( - -8.657e+02 3 0)
s>                        ( QUESTION0_8_R 1 -3.193e+03 4.814e+01 1.400e+01
s>                            ( - -2.277e+03 5 0)
s>                            ( - -8.673e+02 2 0)))
s>                    ( - -1.700e+03 2 0)))))INFO: dtree.c(1315): Comp split 35
INFO: dtree.c(1315): Comp split 36
INFO: dtree.c(1439): stop. leaf nodes are specific
INFO: dtree.c(1478): Final simple tree
|( WDBNDRY_B 0 -1.306e+03 1.159e+02 6.000e+00
|    ( - -3.750e+02 2 0)
|    ( - -8.149e+02 1 0))
s>    ( WDBNDRY_B 0 -1.306e+03 1.159e+02 6.000e+00
s>        ( - -3.750e+02 2 0)
s>        ( - -8.149e+02 1 0))INFO: dtree.c(1315): Comp split 37
INFO: dtree.c(1315): Comp split 38
INFO: dtree.c(1439): stop. leaf nodes are specific
INFO: dtree.c(1478): Final simple tree
|( QUESTION0_1_R 1 -1.125e+04 1.050e+02 4.900e+01
|    ( - -4.082e+02 2 0)
|    ( QUESTION0_10_R 1 -1.073e+04 9.455e+01 4.700e+01
|        ( - -4.708e+03 8 0)
|        ( QUESTION0_0_R 1 -5.933e+03 9.478e+01 2.600e+01
|            ( WDBNDRY_E 0 -4.138e+03 7.973e+01 1.800e+01
|                ( - -8.657e+02 3 0)
|                ( QUESTION0_8_R 1 -3.193e+03 4.814e+01 1.400e+01
|                    ( - -2.277e+03 5 0)
|                    ( - -8.673e+02 2 0)))
|            ( - -1.700e+03 2 0))))
s>    ( QUESTION0_1_R 1 -1.125e+04 1.050e+02 4.900e+01
s>        ( - -4.082e+02 2 0)
s>        ( QUESTION0_10_R 1 -1.073e+04 9.455e+01 4.700e+01
s>            ( - -4.708e+03 8 0)
s>            ( QUESTION0_0_R 1 -5.933e+03 9.478e+01 2.600e+01
s>                ( WDBNDRY_E 0 -4.138e+03 7.973e+01 1.800e+01
s>                    ( - -8.657e+02 3 0)
s>                    ( QUESTION0_8_R 1 -3.193e+03 4.814e+01 1.400e+01
s>                        ( - -2.277e+03 5 0)
s>                        ( - -8.673e+02 2 0)))
s>                ( - -1.700e+03 2 0))))INFO: dtree.c(1315): Comp split 39
INFO: dtree.c(1315): Comp split 40
INFO: dtree.c(1315): Comp split 41
INFO: dtree.c(1315): Comp split 42
INFO: dtree.c(1439): stop. leaf nodes are specific
INFO: dtree.c(1478): Final simple tree
|( WDBNDRY_E 0 -1.412e+03 1.100e+02 7.000e+00
|    ( - -7.318e+02 2 0)
|    ( - -5.703e+02 2 0))
s>    ( WDBNDRY_E 0 -1.412e+03 1.100e+02 7.000e+00
s>        ( - -7.318e+02 2 0)
s>        ( - -5.703e+02 2 0))INFO: dtree.c(1315): Comp split 43
INFO: dtree.c(1315): Comp split 44
INFO: dtree.c(1315): Comp split 45
INFO: dtree.c(1315): Comp split 46
INFO: dtree.c(1315): Comp split 47
INFO: dtree.c(1439): stop. leaf nodes are specific
INFO: dtree.c(1478): Final simple tree
|( QUESTION0_1_R 1 -4.637e+03 9.089e+01 2.000e+01
|    ( - -4.082e+02 2 0)
|    ( WDBNDRY_E 0 -4.138e+03 7.973e+01 1.800e+01
|        ( - -8.657e+02 3 0)
|        ( QUESTION0_8_R 1 -3.193e+03 4.814e+01 1.400e+01
|            ( - -2.277e+03 5 0)
|            ( - -8.673e+02 2 0))))
s>    ( QUESTION0_1_R 1 -4.637e+03 9.089e+01 2.000e+01
s>        ( - -4.082e+02 2 0)
s>        ( WDBNDRY_E 0 -4.138e+03 7.973e+01 1.800e+01
s>            ( - -8.657e+02 3 0)
s>            ( QUESTION0_8_R 1 -3.193e+03 4.814e+01 1.400e+01
s>                ( - -2.277e+03 5 0)
s>                ( - -8.673e+02 2 0))))INFO: dtree.c(1439): stop. leaf nodes are specific
INFO: dtree.c(1478): Final simple tree
|( QUESTION0_0_R 1 -6.496e+03 8.847e+01 2.900e+01
|    ( - -4.708e+03 8 0)
|    ( - -1.700e+03 2 0))
s>    ( QUESTION0_0_R 1 -6.496e+03 8.847e+01 2.900e+01
s>        ( - -4.708e+03 8 0)
s>        ( - -1.700e+03 2 0))INFO: dtree.c(1315): Comp split 48
INFO: dtree.c(1315): Comp split 49
INFO: dtree.c(1439): stop. leaf nodes are specific
INFO: dtree.c(1478): Final simple tree
|( WDBNDRY_E 0 -4.138e+03 7.973e+01 1.800e+01
|    ( - -8.657e+02 3 0)
|    ( QUESTION0_8_R 1 -3.193e+03 4.814e+01 1.400e+01
|        ( - -2.277e+03 5 0)
|        ( - -8.673e+02 2 0)))
s>    ( WDBNDRY_E 0 -4.138e+03 7.973e+01 1.800e+01
s>        ( - -8.657e+02 3 0)
s>        ( QUESTION0_8_R 1 -3.193e+03 4.814e+01 1.400e+01
s>            ( - -2.277e+03 5 0)
s>            ( - -8.673e+02 2 0)))INFO: dtree.c(1315): Comp split 50
INFO: dtree.c(1315): Comp split 51
INFO: dtree.c(1439): stop. leaf nodes are specific
INFO: dtree.c(1478): Final simple tree
|( QUESTION0_8_R 1 -3.193e+03 4.814e+01 1.400e+01
|    ( - -2.277e+03 5 0)
|    ( - -8.673e+02 2 0))
s>    ( QUESTION0_8_R 1 -3.193e+03 4.814e+01 1.400e+01
s>        ( - -2.277e+03 5 0)
s>        ( - -8.673e+02 2 0))INFO: dtree.c(1315): Comp split 52
INFO: dtree.c(1315): Comp split 53
INFO: dtree.c(1318): stop. leaf nodes are specific
Mon Apr 24 17:44:58 2023
