Current configuration:
[NAME]		[DEFLT]	[VALUE]
-allphones	no	no
-cntthresh	0.00001	1.000000e-05
-csplitmax	100	2000
-csplitmin	1	1
-csplitthr	8e-4	0.000000e+00
-example	no	no
-fullvar	no	no
-help		no	no
-meanfn			/home/lucija/Documents/Zadnji semestar/ROGJ/Prezentacije/CMUspinx/tutorial16/model_parameters/my_db.cd_cont_untied/means
-mixwfn			/home/lucija/Documents/Zadnji semestar/ROGJ/Prezentacije/CMUspinx/tutorial16/model_parameters/my_db.cd_cont_untied/mixture_weights
-moddeffn		/home/lucija/Documents/Zadnji semestar/ROGJ/Prezentacije/CMUspinx/tutorial16/model_architecture/my_db.untied.mdef
-mwfloor	1e-4	1.000000e-08
-phone			n
-psetfn			/home/lucija/Documents/Zadnji semestar/ROGJ/Prezentacije/CMUspinx/tutorial16/model_architecture/my_db.tree_questions
-ssplitmax	5	7
-ssplitmin	1	1
-ssplitthr	8e-4	0.000000e+00
-state			1
-stwt			1.0,0.05,0.0,
-treefn			/home/lucija/Documents/Zadnji semestar/ROGJ/Prezentacije/CMUspinx/tutorial16/trees/my_db.unpruned/n-1.dtree
-ts2cbfn	.semi.	.cont.
-varfloor	0.00001	1.000000e-05
-varfn			/home/lucija/Documents/Zadnji semestar/ROGJ/Prezentacije/CMUspinx/tutorial16/model_parameters/my_db.cd_cont_untied/variances

INFO: main.c(223): Reading: /home/lucija/Documents/Zadnji semestar/ROGJ/Prezentacije/CMUspinx/tutorial16/model_architecture/my_db.untied.mdef
INFO: model_def_io.c(573): Model definition info:
INFO: model_def_io.c(574): 11902 total models defined (32 base, 11870 tri)
INFO: model_def_io.c(575): 47608 total states
INFO: model_def_io.c(576): 35706 total tied states
INFO: model_def_io.c(577): 96 total tied CI states
INFO: model_def_io.c(578): 32 total tied transition matrices
INFO: model_def_io.c(579): 4 max state/model
INFO: model_def_io.c(580): 4 min state/model
INFO: main.c(242): Building trees for [n NOISE a b] through [n ž u i]
INFO: main.c(268): Covering states |[19098 20210]| == 1113
INFO: main.c(275): Reading: /home/lucija/Documents/Zadnji semestar/ROGJ/Prezentacije/CMUspinx/tutorial16/model_parameters/my_db.cd_cont_untied/mixture_weights
INFO: s3mixw_io.c(172): Read /home/lucija/Documents/Zadnji semestar/ROGJ/Prezentacije/CMUspinx/tutorial16/model_parameters/my_db.cd_cont_untied/mixture_weights [1113x1x1 array]
INFO: main.c(311): 369 of 371 models have observation count greater than 0.000010
INFO: main.c(95): nrm stwt: 0.045 0.909 0.045 
INFO: s3gau_io.c(168): Read /home/lucija/Documents/Zadnji semestar/ROGJ/Prezentacije/CMUspinx/tutorial16/model_parameters/my_db.cd_cont_untied/means [35706x1x1 array]
INFO: s3gau_io.c(168): Read /home/lucija/Documents/Zadnji semestar/ROGJ/Prezentacije/CMUspinx/tutorial16/model_parameters/my_db.cd_cont_untied/variances [35706x1x1 array]
INFO: main.c(549): Reading: /home/lucija/Documents/Zadnji semestar/ROGJ/Prezentacije/CMUspinx/tutorial16/model_architecture/my_db.tree_questions
INFO: main.c(587): 176 total simple questions (168 phone; 8 word bndry)
INFO: main.c(589): 42 Left Only questions, and 42 Right Only questions
INFO: dtree.c(1478): Final simple tree
|( QUESTION0_20_R 1 -1.325e+07 7.964e+04 5.884e+04
|    ( QUESTION0 -1 -1.148e+07 3.676e+04 5.135e+04
|        ( WDBNDRY_B 0 -6.759e+06 8.815e+03 3.055e+04
|            ( - -1.894e+06 29 0 QUESTION2_0_L -1 2.882e+02 8.562e+03)
|            ( - -4.856e+06 67 0 WDBNDRY_E 0 4.292e+03 2.198e+04))
|        ( QUESTION2 -1 -4.682e+06 1.788e+04 2.081e+04
|            ( - -2.977e+06 86 0 QUESTION3 -1 6.077e+03 1.335e+04)
|            ( WDBNDRY_B 0 -1.687e+06 1.367e+04 7.460e+03
|                ( - -7.358e+05 28 0 SILENCE -1 1.404e+03 3.312e+03)
|                ( - -9.373e+05 32 0 QUESTION11 -1 3.589e+03 4.148e+03))))
|    ( QUESTION0_1_R 1 -1.689e+06 1.425e+04 7.485e+03
|        ( - -6.111e+05 34 0 WDBNDRY_E 0 4.524e+03 2.704e+03)
|        ( QUESTION0_11_R 1 -1.064e+06 7.416e+03 4.780e+03
|            ( - -2.561e+05 17 0 WDBNDRY_E 0 2.066e+03 1.133e+03)
|            ( - -8.005e+05 76 0 QUESTION4 1 3.910e+03 3.647e+03))))
s>    ( QUESTION0_20_R 1 -1.325e+07 7.964e+04 5.884e+04
s>        ( QUESTION0 -1 -1.148e+07 3.676e+04 5.135e+04
s>            ( WDBNDRY_B 0 -6.759e+06 8.815e+03 3.055e+04
s>                ( - -1.894e+06 29 0 QUESTION2_0_L -1 2.882e+02 8.562e+03)
s>                ( - -4.856e+06 67 0 WDBNDRY_E 0 4.292e+03 2.198e+04))
s>            ( QUESTION2 -1 -4.682e+06 1.788e+04 2.081e+04
s>                ( - -2.977e+06 86 0 QUESTION3 -1 6.077e+03 1.335e+04)
s>                ( WDBNDRY_B 0 -1.687e+06 1.367e+04 7.460e+03
s>                    ( - -7.358e+05 28 0 SILENCE -1 1.404e+03 3.312e+03)
s>                    ( - -9.373e+05 32 0 QUESTION11 -1 3.589e+03 4.148e+03))))
s>        ( QUESTION0_1_R 1 -1.689e+06 1.425e+04 7.485e+03
s>            ( - -6.111e+05 34 0 WDBNDRY_E 0 4.524e+03 2.704e+03)
s>            ( QUESTION0_11_R 1 -1.064e+06 7.416e+03 4.780e+03
s>                ( - -2.561e+05 17 0 WDBNDRY_E 0 2.066e+03 1.133e+03)
s>                ( - -8.005e+05 76 0 QUESTION4 1 3.910e+03 3.647e+03))))INFO: dtree.c(1315): Comp split 0
INFO: dtree.c(1478): Final simple tree
|( QUESTION0 -1 -1.148e+07 3.676e+04 5.135e+04
|    ( WDBNDRY_B 0 -6.759e+06 8.815e+03 3.055e+04
|        ( - -1.894e+06 29 0 QUESTION2_0_L -1 2.882e+02 8.562e+03)
|        ( - -4.856e+06 67 0 WDBNDRY_E 0 4.292e+03 2.198e+04))
|    ( QUESTION2 -1 -4.682e+06 1.788e+04 2.081e+04
|        ( QUESTION3 -1 -2.977e+06 6.077e+03 1.335e+04
|            ( - -1.294e+06 38 0 WDBNDRY_B 0 1.494e+03 5.906e+03)
|            ( QUESTION6 -1 -1.677e+06 7.805e+03 7.440e+03
|                ( - -4.745e+05 14 0 WDBNDRY_B 0 3.440e+03 2.155e+03)
|                ( QUESTION5 -1 -1.194e+06 5.482e+03 5.285e+03
|                    ( - -7.523e+05 10 0 WDBNDRY_B 0 5.241e+02 3.338e+03)
|                    ( - -4.366e+05 24 0 WDBNDRY_B 0 1.587e+03 1.946e+03))))
|        ( WDBNDRY_B 0 -1.687e+06 1.367e+04 7.460e+03
|            ( - -7.358e+05 28 0 SILENCE -1 1.404e+03 3.312e+03)
|            ( - -9.373e+05 32 0 QUESTION11 -1 3.589e+03 4.148e+03))))
s>    ( QUESTION0 -1 -1.148e+07 3.676e+04 5.135e+04
s>        ( WDBNDRY_B 0 -6.759e+06 8.815e+03 3.055e+04
s>            ( - -1.894e+06 29 0 QUESTION2_0_L -1 2.882e+02 8.562e+03)
s>            ( - -4.856e+06 67 0 WDBNDRY_E 0 4.292e+03 2.198e+04))
s>        ( QUESTION2 -1 -4.682e+06 1.788e+04 2.081e+04
s>            ( QUESTION3 -1 -2.977e+06 6.077e+03 1.335e+04
s>                ( - -1.294e+06 38 0 WDBNDRY_B 0 1.494e+03 5.906e+03)
s>                ( QUESTION6 -1 -1.677e+06 7.805e+03 7.440e+03
s>                    ( - -4.745e+05 14 0 WDBNDRY_B 0 3.440e+03 2.155e+03)
s>                    ( QUESTION5 -1 -1.194e+06 5.482e+03 5.285e+03
s>                        ( - -7.523e+05 10 0 WDBNDRY_B 0 5.241e+02 3.338e+03)
s>                        ( - -4.366e+05 24 0 WDBNDRY_B 0 1.587e+03 1.946e+03))))
s>            ( WDBNDRY_B 0 -1.687e+06 1.367e+04 7.460e+03
s>                ( - -7.358e+05 28 0 SILENCE -1 1.404e+03 3.312e+03)
s>                ( - -9.373e+05 32 0 QUESTION11 -1 3.589e+03 4.148e+03))))INFO: dtree.c(1478): Final simple tree
|( QUESTION0_1_R 1 -1.689e+06 1.425e+04 7.485e+03
|    ( WDBNDRY_E 0 -6.111e+05 4.524e+03 2.704e+03
|        ( - -2.168e+05 14 0 QUESTION17 1 9.848e+02 9.550e+02)
|        ( QUESTION0_2_R 1 -3.898e+05 2.473e+03 1.749e+03
|            ( - -3.277e+05 9 0 QUESTION17 1 2.555e+02 1.479e+03)
|            ( - -5.965e+04 11 0 QUESTION0_4_R 1 2.696e+02 2.708e+02)))
|    ( QUESTION0_11_R 1 -1.064e+06 7.416e+03 4.780e+03
|        ( WDBNDRY_E 0 -2.561e+05 2.066e+03 1.133e+03
|            ( - -3.784e+04 7 0 QUESTION0_12_R 1 2.088e+02 1.795e+02)
|            ( - -2.162e+05 10 0 QUESTION0_12_R 1 5.135e+02 9.537e+02))
|        ( QUESTION4 1 -8.005e+05 3.910e+03 3.647e+03
|            ( QUESTION0_8_R 1 -5.270e+05 2.805e+03 2.428e+03
|                ( - -3.329e+05 25 0 WDBNDRY_E 0 8.876e+02 1.519e+03)
|                ( - -1.913e+05 23 0 WDBNDRY_E 0 6.687e+02 9.093e+02))
|            ( - -2.696e+05 28 0 QUESTION0_18_R 1 2.023e+03 1.219e+03))))
s>    ( QUESTION0_1_R 1 -1.689e+06 1.425e+04 7.485e+03
s>        ( WDBNDRY_E 0 -6.111e+05 4.524e+03 2.704e+03
s>            ( - -2.168e+05 14 0 QUESTION17 1 9.848e+02 9.550e+02)
s>            ( QUESTION0_2_R 1 -3.898e+05 2.473e+03 1.749e+03
s>                ( - -3.277e+05 9 0 QUESTION17 1 2.555e+02 1.479e+03)
s>                ( - -5.965e+04 11 0 QUESTION0_4_R 1 2.696e+02 2.708e+02)))
s>        ( QUESTION0_11_R 1 -1.064e+06 7.416e+03 4.780e+03
s>            ( WDBNDRY_E 0 -2.561e+05 2.066e+03 1.133e+03
s>                ( - -3.784e+04 7 0 QUESTION0_12_R 1 2.088e+02 1.795e+02)
s>                ( - -2.162e+05 10 0 QUESTION0_12_R 1 5.135e+02 9.537e+02))
s>            ( QUESTION4 1 -8.005e+05 3.910e+03 3.647e+03
s>                ( QUESTION0_8_R 1 -5.270e+05 2.805e+03 2.428e+03
s>                    ( - -3.329e+05 25 0 WDBNDRY_E 0 8.876e+02 1.519e+03)
s>                    ( - -1.913e+05 23 0 WDBNDRY_E 0 6.687e+02 9.093e+02))
s>                ( - -2.696e+05 28 0 QUESTION0_18_R 1 2.023e+03 1.219e+03))))INFO: dtree.c(1315): Comp split 1
INFO: dtree.c(1478): Final simple tree
|( WDBNDRY_B 0 -2.890e+06 1.352e+04 1.274e+04
|    ( QUESTION2_1_L -1 -9.125e+05 2.243e+03 4.102e+03
|        ( - -2.293e+05 35 0 QUESTION2_16_L -1 5.816e+02 1.032e+03)
|        ( - -6.809e+05 8 0 SILENCE -1 1.327e+03 3.070e+03))
|    ( QUESTION5 -1 -1.964e+06 1.110e+04 8.643e+03
|        ( - -7.204e+05 5 0)
|        ( QUESTION11 -1 -1.232e+06 4.311e+03 5.446e+03
|            ( QUESTION12 -1 -6.062e+05 1.381e+03 2.697e+03
|                ( - -2.367e+05 10 0)
|                ( - -3.681e+05 9 0 QUESTION14 -1 4.791e+02 1.633e+03))
|            ( QUESTION19 -1 -6.215e+05 2.119e+03 2.750e+03
|                ( - -2.303e+05 6 0)
|                ( QUESTION2_7_L -1 -3.891e+05 1.470e+03 1.728e+03
|                    ( - -9.299e+04 5 0)
|                    ( - -2.946e+05 16 0 QUESTION2_16_L -1 8.343e+02 1.311e+03))))))
s>    ( WDBNDRY_B 0 -2.890e+06 1.352e+04 1.274e+04
s>        ( QUESTION2_1_L -1 -9.125e+05 2.243e+03 4.102e+03
s>            ( - -2.293e+05 35 0 QUESTION2_16_L -1 5.816e+02 1.032e+03)
s>            ( - -6.809e+05 8 0 SILENCE -1 1.327e+03 3.070e+03))
s>        ( QUESTION5 -1 -1.964e+06 1.110e+04 8.643e+03
s>            ( - -7.204e+05 5 0)
s>            ( QUESTION11 -1 -1.232e+06 4.311e+03 5.446e+03
s>                ( QUESTION12 -1 -6.062e+05 1.381e+03 2.697e+03
s>                    ( - -2.367e+05 10 0)
s>                    ( - -3.681e+05 9 0 QUESTION14 -1 4.791e+02 1.633e+03))
s>                ( QUESTION19 -1 -6.215e+05 2.119e+03 2.750e+03
s>                    ( - -2.303e+05 6 0)
s>                    ( QUESTION2_7_L -1 -3.891e+05 1.470e+03 1.728e+03
s>                        ( - -9.299e+04 5 0)
s>                        ( - -2.946e+05 16 0 QUESTION2_16_L -1 8.343e+02 1.311e+03))))))INFO: dtree.c(1478): Final simple tree
|( WDBNDRY_B 0 -8.538e+06 9.772e+03 3.861e+04
|    ( QUESTION4 -1 -2.207e+06 1.211e+03 9.959e+03
|        ( - -1.036e+05 6 0)
|        ( QUESTION0 -1 -2.102e+06 8.627e+02 9.499e+03
|            ( - -1.894e+06 29 0 QUESTION2_0_L -1 2.882e+02 8.562e+03)
|            ( - -2.070e+05 18 0)))
|    ( QUESTION0 -1 -6.321e+06 8.757e+03 2.865e+04
|        ( WDBNDRY_E 0 -4.856e+06 4.292e+03 2.198e+04
|            ( - -1.957e+05 31 0 QUESTION0 1 5.147e+02 8.392e+02)
|            ( QUESTION2_0_L -1 -4.656e+06 3.605e+03 2.114e+04
|                ( - -4.437e+06 26 0 QUESTION0 1 1.057e+02 2.017e+04)
|                ( - -2.154e+05 10 0 QUESTION0 1 4.685e+02 9.795e+02)))
|        ( QUESTION3 -1 -1.456e+06 3.262e+03 6.665e+03
|            ( - -1.086e+06 20 0)
|            ( - -3.674e+05 8 0))))
s>    ( WDBNDRY_B 0 -8.538e+06 9.772e+03 3.861e+04
s>        ( QUESTION4 -1 -2.207e+06 1.211e+03 9.959e+03
s>            ( - -1.036e+05 6 0)
s>            ( QUESTION0 -1 -2.102e+06 8.627e+02 9.499e+03
s>                ( - -1.894e+06 29 0 QUESTION2_0_L -1 2.882e+02 8.562e+03)
s>                ( - -2.070e+05 18 0)))
s>        ( QUESTION0 -1 -6.321e+06 8.757e+03 2.865e+04
s>            ( WDBNDRY_E 0 -4.856e+06 4.292e+03 2.198e+04
s>                ( - -1.957e+05 31 0 QUESTION0 1 5.147e+02 8.392e+02)
s>                ( QUESTION2_0_L -1 -4.656e+06 3.605e+03 2.114e+04
s>                    ( - -4.437e+06 26 0 QUESTION0 1 1.057e+02 2.017e+04)
s>                    ( - -2.154e+05 10 0 QUESTION0 1 4.685e+02 9.795e+02)))
s>            ( QUESTION3 -1 -1.456e+06 3.262e+03 6.665e+03
s>                ( - -1.086e+06 20 0)
s>                ( - -3.674e+05 8 0))))INFO: dtree.c(1315): Comp split 2
INFO: dtree.c(1478): Final simple tree
|( QUESTION4 1 -8.390e+05 4.217e+03 3.827e+03
|    ( QUESTION0_8_R 1 -5.270e+05 2.805e+03 2.428e+03
|        ( WDBNDRY_E 0 -3.329e+05 8.876e+02 1.519e+03
|            ( - -6.826e+04 14 0)
|            ( - -2.638e+05 11 0))
|        ( WDBNDRY_E 0 -1.913e+05 6.687e+02 9.093e+02
|            ( QUESTION6 1 -1.311e+05 4.364e+02 6.313e+02
|                ( - -1.366e+04 7 0)
|                ( - -1.170e+05 5 0 QUESTION2_0_L -1 2.710e+02 5.692e+02))
|            ( - -5.948e+04 11 0 QUESTION6 1 3.277e+02 2.781e+02)))
|    ( QUESTION0_18_R 1 -3.078e+05 2.078e+03 1.398e+03
|        ( - -4.176e+04 3 0 WDBNDRY_E 0 1.559e+02 1.961e+02)
|        ( QUESTION0_14_R 1 -2.640e+05 1.479e+03 1.202e+03
|            ( - -9.696e+04 13 0 QUESTION0_16_R 1 3.038e+02 4.429e+02)
|            ( - -1.655e+05 19 0 QUESTION0 -1 4.222e+02 7.594e+02))))
s>    ( QUESTION4 1 -8.390e+05 4.217e+03 3.827e+03
s>        ( QUESTION0_8_R 1 -5.270e+05 2.805e+03 2.428e+03
s>            ( WDBNDRY_E 0 -3.329e+05 8.876e+02 1.519e+03
s>                ( - -6.826e+04 14 0)
s>                ( - -2.638e+05 11 0))
s>            ( WDBNDRY_E 0 -1.913e+05 6.687e+02 9.093e+02
s>                ( QUESTION6 1 -1.311e+05 4.364e+02 6.313e+02
s>                    ( - -1.366e+04 7 0)
s>                    ( - -1.170e+05 5 0 QUESTION2_0_L -1 2.710e+02 5.692e+02))
s>                ( - -5.948e+04 11 0 QUESTION6 1 3.277e+02 2.781e+02)))
s>        ( QUESTION0_18_R 1 -3.078e+05 2.078e+03 1.398e+03
s>            ( - -4.176e+04 3 0 WDBNDRY_E 0 1.559e+02 1.961e+02)
s>            ( QUESTION0_14_R 1 -2.640e+05 1.479e+03 1.202e+03
s>                ( - -9.696e+04 13 0 QUESTION0_16_R 1 3.038e+02 4.429e+02)
s>                ( - -1.655e+05 19 0 QUESTION0 -1 4.222e+02 7.594e+02))))INFO: dtree.c(1478): Final simple tree
|( QUESTION0_1_R 1 -8.358e+05 8.548e+03 3.658e+03
|    ( WDBNDRY_E 0 -6.111e+05 4.524e+03 2.704e+03
|        ( QUESTION17 1 -2.168e+05 9.848e+02 9.550e+02
|            ( - -9.779e+04 4 0)
|            ( QUESTION0_4_R 1 -1.180e+05 7.070e+02 5.118e+02
|                ( - -1.317e+04 3 0)
|                ( - -1.041e+05 7 0 QUESTION0_6_R 1 9.864e+01 4.523e+02)))
|        ( QUESTION0_2_R 1 -3.898e+05 2.473e+03 1.749e+03
|            ( - -3.277e+05 9 0 QUESTION17 1 2.555e+02 1.479e+03)
|            ( QUESTION0_4_R 1 -5.965e+04 2.696e+02 2.708e+02
|                ( - -1.068e+03 2 0)
|                ( - -5.831e+04 9 0 QUESTION2_0_L -1 1.239e+02 2.648e+02))))
|    ( QUESTION0_12_R 1 -2.162e+05 5.135e+02 9.537e+02
|        ( - -2.047e+05 7 0)
|        ( - -1.102e+04 3 0)))
s>    ( QUESTION0_1_R 1 -8.358e+05 8.548e+03 3.658e+03
s>        ( WDBNDRY_E 0 -6.111e+05 4.524e+03 2.704e+03
s>            ( QUESTION17 1 -2.168e+05 9.848e+02 9.550e+02
s>                ( - -9.779e+04 4 0)
s>                ( QUESTION0_4_R 1 -1.180e+05 7.070e+02 5.118e+02
s>                    ( - -1.317e+04 3 0)
s>                    ( - -1.041e+05 7 0 QUESTION0_6_R 1 9.864e+01 4.523e+02)))
s>            ( QUESTION0_2_R 1 -3.898e+05 2.473e+03 1.749e+03
s>                ( - -3.277e+05 9 0 QUESTION17 1 2.555e+02 1.479e+03)
s>                ( QUESTION0_4_R 1 -5.965e+04 2.696e+02 2.708e+02
s>                    ( - -1.068e+03 2 0)
s>                    ( - -5.831e+04 9 0 QUESTION2_0_L -1 1.239e+02 2.648e+02))))
s>        ( QUESTION0_12_R 1 -2.162e+05 5.135e+02 9.537e+02
s>            ( - -2.047e+05 7 0)
s>            ( - -1.102e+04 3 0)))INFO: dtree.c(1315): Comp split 3
INFO: dtree.c(1478): Final simple tree
|( QUESTION5 -1 -1.964e+06 1.110e+04 8.643e+03
|    ( - -7.204e+05 5 0)
|    ( QUESTION11 -1 -1.232e+06 4.311e+03 5.446e+03
|        ( QUESTION12 -1 -6.062e+05 1.381e+03 2.697e+03
|            ( - -2.367e+05 10 0)
|            ( QUESTION14 -1 -3.681e+05 4.791e+02 1.633e+03
|                ( - -3.398e+05 5 0)
|                ( - -2.783e+04 4 0)))
|        ( QUESTION19 -1 -6.215e+05 2.119e+03 2.750e+03
|            ( - -2.303e+05 6 0)
|            ( QUESTION2_7_L -1 -3.891e+05 1.470e+03 1.728e+03
|                ( - -9.299e+04 5 0)
|                ( QUESTION2_16_L -1 -2.946e+05 8.343e+02 1.311e+03
|                    ( - -8.171e+04 5 0)
|                    ( - -2.121e+05 11 0 QUESTION2_20_L -1 4.482e+02 9.515e+02))))))
s>    ( QUESTION5 -1 -1.964e+06 1.110e+04 8.643e+03
s>        ( - -7.204e+05 5 0)
s>        ( QUESTION11 -1 -1.232e+06 4.311e+03 5.446e+03
s>            ( QUESTION12 -1 -6.062e+05 1.381e+03 2.697e+03
s>                ( - -2.367e+05 10 0)
s>                ( QUESTION14 -1 -3.681e+05 4.791e+02 1.633e+03
s>                    ( - -3.398e+05 5 0)
s>                    ( - -2.783e+04 4 0)))
s>            ( QUESTION19 -1 -6.215e+05 2.119e+03 2.750e+03
s>                ( - -2.303e+05 6 0)
s>                ( QUESTION2_7_L -1 -3.891e+05 1.470e+03 1.728e+03
s>                    ( - -9.299e+04 5 0)
s>                    ( QUESTION2_16_L -1 -2.946e+05 8.343e+02 1.311e+03
s>                        ( - -8.171e+04 5 0)
s>                        ( - -2.121e+05 11 0 QUESTION2_20_L -1 4.482e+02 9.515e+02))))))INFO: dtree.c(1478): Final simple tree
|( QUESTION2_1_L -1 -9.125e+05 2.243e+03 4.102e+03
|    ( QUESTION2_16_L -1 -2.293e+05 5.816e+02 1.032e+03
|        ( QUESTION5 -1 -3.268e+04 2.234e+02 1.489e+02
|            ( - -3.129e+04 5 0)
|            ( - -1.170e+03 1 0))
|        ( QUESTION2_20_L -1 -1.960e+05 2.795e+02 8.826e+02
|            ( QUESTION2 -1 -4.892e+04 2.175e+02 2.197e+02
|                ( - -3.822e+04 4 0)
|                ( - -1.049e+04 3 0))
|            ( QUESTION11 -1 -1.468e+05 2.534e+02 6.629e+02
|                ( - -1.897e+04 9 0 QUESTION15 -1 1.750e+02 8.636e+01)
|                ( - -1.276e+05 13 0 QUESTION19 -1 2.124e+02 5.766e+02))))
|    ( SILENCE -1 -6.809e+05 1.327e+03 3.070e+03
|        ( - -4.997e+05 4 0)
|        ( - -1.799e+05 4 0)))
s>    ( QUESTION2_1_L -1 -9.125e+05 2.243e+03 4.102e+03
s>        ( QUESTION2_16_L -1 -2.293e+05 5.816e+02 1.032e+03
s>            ( QUESTION5 -1 -3.268e+04 2.234e+02 1.489e+02
s>                ( - -3.129e+04 5 0)
s>                ( - -1.170e+03 1 0))
s>            ( QUESTION2_20_L -1 -1.960e+05 2.795e+02 8.826e+02
s>                ( QUESTION2 -1 -4.892e+04 2.175e+02 2.197e+02
s>                    ( - -3.822e+04 4 0)
s>                    ( - -1.049e+04 3 0))
s>                ( QUESTION11 -1 -1.468e+05 2.534e+02 6.629e+02
s>                    ( - -1.897e+04 9 0 QUESTION15 -1 1.750e+02 8.636e+01)
s>                    ( - -1.276e+05 13 0 QUESTION19 -1 2.124e+02 5.766e+02))))
s>        ( SILENCE -1 -6.809e+05 1.327e+03 3.070e+03
s>            ( - -4.997e+05 4 0)
s>            ( - -1.799e+05 4 0)))INFO: dtree.c(1315): Comp split 4
INFO: dtree.c(1478): Final simple tree
|( QUESTION11 -1 -1.232e+06 4.311e+03 5.446e+03
|    ( QUESTION12 -1 -6.062e+05 1.381e+03 2.697e+03
|        ( - -2.367e+05 10 0)
|        ( QUESTION14 -1 -3.681e+05 4.791e+02 1.633e+03
|            ( - -3.398e+05 5 0)
|            ( - -2.783e+04 4 0)))
|    ( QUESTION19 -1 -6.215e+05 2.119e+03 2.750e+03
|        ( - -2.303e+05 6 0)
|        ( QUESTION2_7_L -1 -3.891e+05 1.470e+03 1.728e+03
|            ( - -9.299e+04 5 0)
|            ( QUESTION2_16_L -1 -2.946e+05 8.343e+02 1.311e+03
|                ( - -8.171e+04 5 0)
|                ( QUESTION2_20_L -1 -2.121e+05 4.482e+02 9.515e+02
|                    ( - -1.447e+04 6 0 QUESTION2 -1 1.198e+02 6.444e+01)
|                    ( - -1.971e+05 5 0))))))
s>    ( QUESTION11 -1 -1.232e+06 4.311e+03 5.446e+03
s>        ( QUESTION12 -1 -6.062e+05 1.381e+03 2.697e+03
s>            ( - -2.367e+05 10 0)
s>            ( QUESTION14 -1 -3.681e+05 4.791e+02 1.633e+03
s>                ( - -3.398e+05 5 0)
s>                ( - -2.783e+04 4 0)))
s>        ( QUESTION19 -1 -6.215e+05 2.119e+03 2.750e+03
s>            ( - -2.303e+05 6 0)
s>            ( QUESTION2_7_L -1 -3.891e+05 1.470e+03 1.728e+03
s>                ( - -9.299e+04 5 0)
s>                ( QUESTION2_16_L -1 -2.946e+05 8.343e+02 1.311e+03
s>                    ( - -8.171e+04 5 0)
s>                    ( QUESTION2_20_L -1 -2.121e+05 4.482e+02 9.515e+02
s>                        ( - -1.447e+04 6 0 QUESTION2 -1 1.198e+02 6.444e+01)
s>                        ( - -1.971e+05 5 0))))))INFO: dtree.c(1315): Comp split 5
INFO: dtree.c(1478): Final simple tree
|( QUESTION0 -1 -6.321e+06 8.757e+03 2.865e+04
|    ( WDBNDRY_E 0 -4.856e+06 4.292e+03 2.198e+04
|        ( QUESTION0 1 -1.957e+05 5.147e+02 8.392e+02
|            ( QUESTION2_0_L -1 -1.821e+05 1.714e+02 7.791e+02
|                ( - -1.812e+05 24 0)
|                ( - -7.521e+02 1 0))
|            ( - -1.301e+04 6 0))
|        ( QUESTION2_0_L -1 -4.656e+06 3.605e+03 2.114e+04
|            ( - -4.437e+06 26 0 QUESTION0 1 1.057e+02 2.017e+04)
|            ( QUESTION0 1 -2.154e+05 4.685e+02 9.795e+02
|                ( - -2.151e+05 9 0)
|                ( - 1.984e+02 1 0))))
|    ( QUESTION3 -1 -1.456e+06 3.262e+03 6.665e+03
|        ( - -1.086e+06 20 0)
|        ( - -3.674e+05 8 0)))
s>    ( QUESTION0 -1 -6.321e+06 8.757e+03 2.865e+04
s>        ( WDBNDRY_E 0 -4.856e+06 4.292e+03 2.198e+04
s>            ( QUESTION0 1 -1.957e+05 5.147e+02 8.392e+02
s>                ( QUESTION2_0_L -1 -1.821e+05 1.714e+02 7.791e+02
s>                    ( - -1.812e+05 24 0)
s>                    ( - -7.521e+02 1 0))
s>                ( - -1.301e+04 6 0))
s>            ( QUESTION2_0_L -1 -4.656e+06 3.605e+03 2.114e+04
s>                ( - -4.437e+06 26 0 QUESTION0 1 1.057e+02 2.017e+04)
s>                ( QUESTION0 1 -2.154e+05 4.685e+02 9.795e+02
s>                    ( - -2.151e+05 9 0)
s>                    ( - 1.984e+02 1 0))))
s>        ( QUESTION3 -1 -1.456e+06 3.262e+03 6.665e+03
s>            ( - -1.086e+06 20 0)
s>            ( - -3.674e+05 8 0)))INFO: dtree.c(1439): stop. leaf nodes are specific
INFO: dtree.c(1478): Final simple tree
|( QUESTION4 -1 -2.207e+06 1.211e+03 9.959e+03
|    ( - -1.036e+05 6 0)
|    ( QUESTION0 -1 -2.102e+06 8.627e+02 9.499e+03
|        ( QUESTION2_0_L -1 -1.894e+06 2.882e+02 8.562e+03
|            ( - -1.876e+06 25 0)
|            ( QUESTION2_4_L -1 -1.770e+04 2.966e+02 7.929e+01
|                ( - -1.208e+04 3 0)
|                ( - -5.323e+03 1 0)))
|        ( - -2.070e+05 18 0)))
s>    ( QUESTION4 -1 -2.207e+06 1.211e+03 9.959e+03
s>        ( - -1.036e+05 6 0)
s>        ( QUESTION0 -1 -2.102e+06 8.627e+02 9.499e+03
s>            ( QUESTION2_0_L -1 -1.894e+06 2.882e+02 8.562e+03
s>                ( - -1.876e+06 25 0)
s>                ( QUESTION2_4_L -1 -1.770e+04 2.966e+02 7.929e+01
s>                    ( - -1.208e+04 3 0)
s>                    ( - -5.323e+03 1 0)))
s>            ( - -2.070e+05 18 0)))INFO: dtree.c(1315): Comp split 6
INFO: dtree.c(1439): stop. leaf nodes are specific
INFO: dtree.c(1478): Final simple tree
|( QUESTION3 -1 -1.456e+06 3.262e+03 6.665e+03
|    ( - -1.086e+06 20 0)
|    ( - -3.674e+05 8 0))
s>    ( QUESTION3 -1 -1.456e+06 3.262e+03 6.665e+03
s>        ( - -1.086e+06 20 0)
s>        ( - -3.674e+05 8 0))INFO: dtree.c(1439): stop. leaf nodes are specific
INFO: dtree.c(1478): Final simple tree
|( WDBNDRY_E 0 -4.856e+06 4.292e+03 2.198e+04
|    ( QUESTION0 1 -1.957e+05 5.147e+02 8.392e+02
|        ( QUESTION2_0_L -1 -1.821e+05 1.714e+02 7.791e+02
|            ( - -1.812e+05 24 0)
|            ( - -7.521e+02 1 0))
|        ( - -1.301e+04 6 0))
|    ( QUESTION2_0_L -1 -4.656e+06 3.605e+03 2.114e+04
|        ( QUESTION0 1 -4.437e+06 1.057e+02 2.017e+04
|            ( - -4.437e+06 25 0)
|            ( - -5.901e+02 1 0))
|        ( QUESTION0 1 -2.154e+05 4.685e+02 9.795e+02
|            ( - -2.151e+05 9 0)
|            ( - 1.984e+02 1 0))))
s>    ( WDBNDRY_E 0 -4.856e+06 4.292e+03 2.198e+04
s>        ( QUESTION0 1 -1.957e+05 5.147e+02 8.392e+02
s>            ( QUESTION2_0_L -1 -1.821e+05 1.714e+02 7.791e+02
s>                ( - -1.812e+05 24 0)
s>                ( - -7.521e+02 1 0))
s>            ( - -1.301e+04 6 0))
s>        ( QUESTION2_0_L -1 -4.656e+06 3.605e+03 2.114e+04
s>            ( QUESTION0 1 -4.437e+06 1.057e+02 2.017e+04
s>                ( - -4.437e+06 25 0)
s>                ( - -5.901e+02 1 0))
s>            ( QUESTION0 1 -2.154e+05 4.685e+02 9.795e+02
s>                ( - -2.151e+05 9 0)
s>                ( - 1.984e+02 1 0))))INFO: dtree.c(1315): Comp split 7
INFO: dtree.c(1439): stop. leaf nodes are specific
INFO: dtree.c(1478): Final simple tree
|( QUESTION0_12_R 1 -2.162e+05 5.135e+02 9.537e+02
|    ( - -2.047e+05 7 0)
|    ( - -1.102e+04 3 0))
s>    ( QUESTION0_12_R 1 -2.162e+05 5.135e+02 9.537e+02
s>        ( - -2.047e+05 7 0)
s>        ( - -1.102e+04 3 0))INFO: dtree.c(1478): Final simple tree
|( WDBNDRY_E 0 -6.111e+05 4.524e+03 2.704e+03
|    ( QUESTION17 1 -2.168e+05 9.848e+02 9.550e+02
|        ( - -9.779e+04 4 0)
|        ( QUESTION0_4_R 1 -1.180e+05 7.070e+02 5.118e+02
|            ( - -1.317e+04 3 0)
|            ( - -1.041e+05 7 0 QUESTION0_6_R 1 9.864e+01 4.523e+02)))
|    ( QUESTION0_2_R 1 -3.898e+05 2.473e+03 1.749e+03
|        ( QUESTION17 1 -3.277e+05 2.555e+02 1.479e+03
|            ( - -5.609e+03 4 0)
|            ( - -3.218e+05 5 0))
|        ( QUESTION0_4_R 1 -5.965e+04 2.696e+02 2.708e+02
|            ( - -1.068e+03 2 0)
|            ( QUESTION2_0_L -1 -5.831e+04 1.239e+02 2.648e+02
|                ( - -5.787e+04 8 0 QUESTION0_6_R 1 9.270e+01 2.628e+02)
|                ( - -3.156e+02 1 0)))))
s>    ( WDBNDRY_E 0 -6.111e+05 4.524e+03 2.704e+03
s>        ( QUESTION17 1 -2.168e+05 9.848e+02 9.550e+02
s>            ( - -9.779e+04 4 0)
s>            ( QUESTION0_4_R 1 -1.180e+05 7.070e+02 5.118e+02
s>                ( - -1.317e+04 3 0)
s>                ( - -1.041e+05 7 0 QUESTION0_6_R 1 9.864e+01 4.523e+02)))
s>        ( QUESTION0_2_R 1 -3.898e+05 2.473e+03 1.749e+03
s>            ( QUESTION17 1 -3.277e+05 2.555e+02 1.479e+03
s>                ( - -5.609e+03 4 0)
s>                ( - -3.218e+05 5 0))
s>            ( QUESTION0_4_R 1 -5.965e+04 2.696e+02 2.708e+02
s>                ( - -1.068e+03 2 0)
s>                ( QUESTION2_0_L -1 -5.831e+04 1.239e+02 2.648e+02
s>                    ( - -5.787e+04 8 0 QUESTION0_6_R 1 9.270e+01 2.628e+02)
s>                    ( - -3.156e+02 1 0)))))INFO: dtree.c(1315): Comp split 8
INFO: dtree.c(1439): stop. leaf nodes are specific
INFO: dtree.c(1478): Final simple tree
|( WDBNDRY_E 0 -4.450e+06 3.476e+02 2.022e+04
|    ( - -1.301e+04 6 0)
|    ( - -4.437e+06 25 0))
s>    ( WDBNDRY_E 0 -4.450e+06 3.476e+02 2.022e+04
s>        ( - -1.301e+04 6 0)
s>        ( - -4.437e+06 25 0))INFO: dtree.c(1439): stop. leaf nodes are specific
INFO: dtree.c(1478): Final simple tree
|( WDBNDRY_E 0 -3.996e+05 1.329e+03 1.762e+03
|    ( QUESTION2_0_L -1 -1.821e+05 1.714e+02 7.791e+02
|        ( - -1.812e+05 24 0)
|        ( - -7.521e+02 1 0))
|    ( QUESTION0 1 -2.161e+05 1.149e+02 9.825e+02
|        ( - -2.151e+05 9 0)
|        ( QUESTION2_0_L -1 -8.562e+02 4.645e+02 4.000e+00
|            ( - -5.901e+02 1 0)
|            ( - 1.984e+02 1 0))))
s>    ( WDBNDRY_E 0 -3.996e+05 1.329e+03 1.762e+03
s>        ( QUESTION2_0_L -1 -1.821e+05 1.714e+02 7.791e+02
s>            ( - -1.812e+05 24 0)
s>            ( - -7.521e+02 1 0))
s>        ( QUESTION0 1 -2.161e+05 1.149e+02 9.825e+02
s>            ( - -2.151e+05 9 0)
s>            ( QUESTION2_0_L -1 -8.562e+02 4.645e+02 4.000e+00
s>                ( - -5.901e+02 1 0)
s>                ( - 1.984e+02 1 0))))INFO: dtree.c(1315): Comp split 9
INFO: dtree.c(1478): Final simple tree
|( QUESTION0_5_R 1 -2.836e+05 1.511e+03 1.251e+03
|    ( QUESTION2_0_L -1 -5.932e+04 1.232e+02 2.688e+02
|        ( QUESTION0_6_R 1 -5.888e+04 8.759e+01 2.668e+02
|            ( - -1.188e+03 5 0 WDBNDRY_E 0 1.090e+02 5.000e+00)
|            ( - -5.761e+04 6 0 WDBNDRY_E 0 1.307e+02 2.618e+02))
|        ( - -3.156e+02 1 0))
|    ( QUESTION17 1 -2.228e+05 9.412e+02 9.820e+02
|        ( WDBNDRY_E 0 -1.036e+05 1.941e+02 4.682e+02
|            ( - -9.779e+04 4 0)
|            ( - -5.609e+03 4 0))
|        ( QUESTION0_2_R 1 -1.183e+05 7.192e+02 5.138e+02
|            ( - -1.031e+05 4 0)
|            ( WDBNDRY_E 0 -1.443e+04 1.941e+02 6.546e+01
|                ( - -1.317e+04 3 0)
|                ( - -1.068e+03 2 0)))))
s>    ( QUESTION0_5_R 1 -2.836e+05 1.511e+03 1.251e+03
s>        ( QUESTION2_0_L -1 -5.932e+04 1.232e+02 2.688e+02
s>            ( QUESTION0_6_R 1 -5.888e+04 8.759e+01 2.668e+02
s>                ( - -1.188e+03 5 0 WDBNDRY_E 0 1.090e+02 5.000e+00)
s>                ( - -5.761e+04 6 0 WDBNDRY_E 0 1.307e+02 2.618e+02))
s>            ( - -3.156e+02 1 0))
s>        ( QUESTION17 1 -2.228e+05 9.412e+02 9.820e+02
s>            ( WDBNDRY_E 0 -1.036e+05 1.941e+02 4.682e+02
s>                ( - -9.779e+04 4 0)
s>                ( - -5.609e+03 4 0))
s>            ( QUESTION0_2_R 1 -1.183e+05 7.192e+02 5.138e+02
s>                ( - -1.031e+05 4 0)
s>                ( WDBNDRY_E 0 -1.443e+04 1.941e+02 6.546e+01
s>                    ( - -1.317e+04 3 0)
s>                    ( - -1.068e+03 2 0)))))INFO: dtree.c(1315): Comp split 10
INFO: dtree.c(1439): stop. leaf nodes are specific
INFO: dtree.c(1478): Final simple tree
|( QUESTION13 -1 -6.210e+05 1.392e+03 2.761e+03
|    ( QUESTION14 -1 -3.681e+05 4.791e+02 1.633e+03
|        ( - -3.398e+05 5 0)
|        ( - -2.783e+04 4 0))
|    ( QUESTION11 -1 -2.516e+05 3.862e+02 1.128e+03
|        ( - -2.367e+05 10 0)
|        ( QUESTION2 -1 -1.447e+04 1.198e+02 6.444e+01
|            ( - -1.172e+04 4 0)
|            ( - -2.624e+03 2 0))))
s>    ( QUESTION13 -1 -6.210e+05 1.392e+03 2.761e+03
s>        ( QUESTION14 -1 -3.681e+05 4.791e+02 1.633e+03
s>            ( - -3.398e+05 5 0)
s>            ( - -2.783e+04 4 0))
s>        ( QUESTION11 -1 -2.516e+05 3.862e+02 1.128e+03
s>            ( - -2.367e+05 10 0)
s>            ( QUESTION2 -1 -1.447e+04 1.198e+02 6.444e+01
s>                ( - -1.172e+04 4 0)
s>                ( - -2.624e+03 2 0))))INFO: dtree.c(1439): stop. leaf nodes are specific
INFO: dtree.c(1478): Final simple tree
|( QUESTION19 -1 -6.067e+05 2.085e+03 2.685e+03
|    ( - -2.303e+05 6 0)
|    ( QUESTION2 -1 -3.742e+05 1.462e+03 1.664e+03
|        ( QUESTION2_16_L -1 -2.798e+05 9.272e+02 1.246e+03
|            ( - -8.171e+04 5 0)
|            ( - -1.971e+05 5 0))
|        ( - -9.299e+04 5 0)))
s>    ( QUESTION19 -1 -6.067e+05 2.085e+03 2.685e+03
s>        ( - -2.303e+05 6 0)
s>        ( QUESTION2 -1 -3.742e+05 1.462e+03 1.664e+03
s>            ( QUESTION2_16_L -1 -2.798e+05 9.272e+02 1.246e+03
s>                ( - -8.171e+04 5 0)
s>                ( - -1.971e+05 5 0))
s>            ( - -9.299e+04 5 0)))INFO: dtree.c(1315): Comp split 11
INFO: dtree.c(1439): stop. leaf nodes are specific
INFO: dtree.c(1478): Final simple tree
|( QUESTION0_8_R 1 -5.270e+05 2.805e+03 2.428e+03
|    ( WDBNDRY_E 0 -3.329e+05 8.876e+02 1.519e+03
|        ( - -6.826e+04 14 0)
|        ( - -2.638e+05 11 0))
|    ( WDBNDRY_E 0 -1.913e+05 6.687e+02 9.093e+02
|        ( QUESTION6 1 -1.311e+05 4.364e+02 6.313e+02
|            ( - -1.366e+04 7 0)
|            ( QUESTION2_0_L -1 -1.170e+05 2.710e+02 5.692e+02
|                ( - -1.151e+05 4 0)
|                ( - -1.653e+03 1 0)))
|        ( QUESTION6 1 -5.948e+04 3.277e+02 2.781e+02
|            ( - -1.854e+04 6 0)
|            ( - -4.061e+04 5 0))))
s>    ( QUESTION0_8_R 1 -5.270e+05 2.805e+03 2.428e+03
s>        ( WDBNDRY_E 0 -3.329e+05 8.876e+02 1.519e+03
s>            ( - -6.826e+04 14 0)
s>            ( - -2.638e+05 11 0))
s>        ( WDBNDRY_E 0 -1.913e+05 6.687e+02 9.093e+02
s>            ( QUESTION6 1 -1.311e+05 4.364e+02 6.313e+02
s>                ( - -1.366e+04 7 0)
s>                ( QUESTION2_0_L -1 -1.170e+05 2.710e+02 5.692e+02
s>                    ( - -1.151e+05 4 0)
s>                    ( - -1.653e+03 1 0)))
s>            ( QUESTION6 1 -5.948e+04 3.277e+02 2.781e+02
s>                ( - -1.854e+04 6 0)
s>                ( - -4.061e+04 5 0))))INFO: dtree.c(1478): Final simple tree
|( QUESTION0_18_R 1 -3.078e+05 2.078e+03 1.398e+03
|    ( - -4.176e+04 3 0 WDBNDRY_E 0 1.559e+02 1.961e+02)
|    ( QUESTION0_14_R 1 -2.640e+05 1.479e+03 1.202e+03
|        ( QUESTION0_16_R 1 -9.696e+04 3.038e+02 4.429e+02
|            ( - -7.514e+04 7 0)
|            ( - -2.152e+04 6 0 WDBNDRY_E 0 1.273e+02 9.714e+01))
|        ( QUESTION0 -1 -1.655e+05 4.222e+02 7.594e+02
|            ( QUESTION0_12_R 1 -1.653e+05 2.923e+02 7.584e+02
|                ( - -3.389e+04 3 0)
|                ( QUESTION0_9_R 1 -1.311e+05 2.035e+02 5.959e+02
|                    ( - -3.739e+03 4 0)
|                    ( SILENCE 1 -1.272e+05 1.653e+02 5.789e+02
|                        ( - -9.986e+04 6 0 QUESTION2_0_L -1 1.592e+02 4.548e+02)
|                        ( - -2.714e+04 5 0))))
|            ( - 1.766e+02 1 0))))
s>    ( QUESTION0_18_R 1 -3.078e+05 2.078e+03 1.398e+03
s>        ( - -4.176e+04 3 0 WDBNDRY_E 0 1.559e+02 1.961e+02)
s>        ( QUESTION0_14_R 1 -2.640e+05 1.479e+03 1.202e+03
s>            ( QUESTION0_16_R 1 -9.696e+04 3.038e+02 4.429e+02
s>                ( - -7.514e+04 7 0)
s>                ( - -2.152e+04 6 0 WDBNDRY_E 0 1.273e+02 9.714e+01))
s>            ( QUESTION0 -1 -1.655e+05 4.222e+02 7.594e+02
s>                ( QUESTION0_12_R 1 -1.653e+05 2.923e+02 7.584e+02
s>                    ( - -3.389e+04 3 0)
s>                    ( QUESTION0_9_R 1 -1.311e+05 2.035e+02 5.959e+02
s>                        ( - -3.739e+03 4 0)
s>                        ( SILENCE 1 -1.272e+05 1.653e+02 5.789e+02
s>                            ( - -9.986e+04 6 0 QUESTION2_0_L -1 1.592e+02 4.548e+02)
s>                            ( - -2.714e+04 5 0))))
s>                ( - 1.766e+02 1 0))))INFO: dtree.c(1315): Comp split 12
INFO: dtree.c(1315): Comp split 13
INFO: dtree.c(1439): stop. leaf nodes are specific
INFO: dtree.c(1478): Final simple tree
|( WDBNDRY_E 0 -1.913e+05 6.687e+02 9.093e+02
|    ( QUESTION6 1 -1.311e+05 4.364e+02 6.313e+02
|        ( - -1.366e+04 7 0)
|        ( QUESTION2_0_L -1 -1.170e+05 2.710e+02 5.692e+02
|            ( - -1.151e+05 4 0)
|            ( - -1.653e+03 1 0)))
|    ( QUESTION6 1 -5.948e+04 3.277e+02 2.781e+02
|        ( - -1.854e+04 6 0)
|        ( - -4.061e+04 5 0)))
s>    ( WDBNDRY_E 0 -1.913e+05 6.687e+02 9.093e+02
s>        ( QUESTION6 1 -1.311e+05 4.364e+02 6.313e+02
s>            ( - -1.366e+04 7 0)
s>            ( QUESTION2_0_L -1 -1.170e+05 2.710e+02 5.692e+02
s>                ( - -1.151e+05 4 0)
s>                ( - -1.653e+03 1 0)))
s>        ( QUESTION6 1 -5.948e+04 3.277e+02 2.781e+02
s>            ( - -1.854e+04 6 0)
s>            ( - -4.061e+04 5 0)))INFO: dtree.c(1439): stop. leaf nodes are specific
INFO: dtree.c(1478): Final simple tree
|( WDBNDRY_E 0 -3.329e+05 8.876e+02 1.519e+03
|    ( - -6.826e+04 14 0)
|    ( - -2.638e+05 11 0))
s>    ( WDBNDRY_E 0 -3.329e+05 8.876e+02 1.519e+03
s>        ( - -6.826e+04 14 0)
s>        ( - -2.638e+05 11 0))INFO: dtree.c(1315): Comp split 14
INFO: dtree.c(1478): Final simple tree
|( QUESTION2_16_L -1 -2.293e+05 5.816e+02 1.032e+03
|    ( QUESTION5 -1 -3.268e+04 2.234e+02 1.489e+02
|        ( - -3.129e+04 5 0)
|        ( - -1.170e+03 1 0))
|    ( QUESTION2_20_L -1 -1.960e+05 2.795e+02 8.826e+02
|        ( QUESTION2 -1 -4.892e+04 2.175e+02 2.197e+02
|            ( - -3.822e+04 4 0)
|            ( - -1.049e+04 3 0))
|        ( QUESTION11 -1 -1.468e+05 2.534e+02 6.629e+02
|            ( QUESTION15 -1 -1.897e+04 1.750e+02 8.636e+01
|                ( - -7.389e+03 3 0)
|                ( - -1.141e+04 6 0 QUESTION12 -1 1.206e+02 5.101e+01))
|            ( QUESTION19 -1 -1.276e+05 2.124e+02 5.766e+02
|                ( - -1.745e+04 5 0)
|                ( - -1.100e+05 8 0 QUESTION2 -1 9.909e+01 4.994e+02)))))
s>    ( QUESTION2_16_L -1 -2.293e+05 5.816e+02 1.032e+03
s>        ( QUESTION5 -1 -3.268e+04 2.234e+02 1.489e+02
s>            ( - -3.129e+04 5 0)
s>            ( - -1.170e+03 1 0))
s>        ( QUESTION2_20_L -1 -1.960e+05 2.795e+02 8.826e+02
s>            ( QUESTION2 -1 -4.892e+04 2.175e+02 2.197e+02
s>                ( - -3.822e+04 4 0)
s>                ( - -1.049e+04 3 0))
s>            ( QUESTION11 -1 -1.468e+05 2.534e+02 6.629e+02
s>                ( QUESTION15 -1 -1.897e+04 1.750e+02 8.636e+01
s>                    ( - -7.389e+03 3 0)
s>                    ( - -1.141e+04 6 0 QUESTION12 -1 1.206e+02 5.101e+01))
s>                ( QUESTION19 -1 -1.276e+05 2.124e+02 5.766e+02
s>                    ( - -1.745e+04 5 0)
s>                    ( - -1.100e+05 8 0 QUESTION2 -1 9.909e+01 4.994e+02)))))INFO: dtree.c(1439): stop. leaf nodes are specific
INFO: dtree.c(1478): Final simple tree
|( SILENCE -1 -6.809e+05 1.327e+03 3.070e+03
|    ( - -4.997e+05 4 0)
|    ( - -1.799e+05 4 0))
s>    ( SILENCE -1 -6.809e+05 1.327e+03 3.070e+03
s>        ( - -4.997e+05 4 0)
s>        ( - -1.799e+05 4 0))INFO: dtree.c(1315): Comp split 15
INFO: dtree.c(1439): stop. leaf nodes are specific
INFO: dtree.c(1478): Final simple tree
|( QUESTION2 -1 -3.742e+05 1.462e+03 1.664e+03
|    ( QUESTION2_16_L -1 -2.798e+05 9.272e+02 1.246e+03
|        ( - -8.171e+04 5 0)
|        ( - -1.971e+05 5 0))
|    ( - -9.299e+04 5 0))
s>    ( QUESTION2 -1 -3.742e+05 1.462e+03 1.664e+03
s>        ( QUESTION2_16_L -1 -2.798e+05 9.272e+02 1.246e+03
s>            ( - -8.171e+04 5 0)
s>            ( - -1.971e+05 5 0))
s>        ( - -9.299e+04 5 0))INFO: dtree.c(1315): Comp split 16
INFO: dtree.c(1478): Final simple tree
|( QUESTION0_14_R 1 -2.640e+05 1.479e+03 1.202e+03
|    ( QUESTION0_16_R 1 -9.696e+04 3.038e+02 4.429e+02
|        ( - -7.514e+04 7 0)
|        ( - -2.152e+04 6 0 WDBNDRY_E 0 1.273e+02 9.714e+01))
|    ( QUESTION0 -1 -1.655e+05 4.222e+02 7.594e+02
|        ( QUESTION0_12_R 1 -1.653e+05 2.923e+02 7.584e+02
|            ( - -3.389e+04 3 0)
|            ( QUESTION0_9_R 1 -1.311e+05 2.035e+02 5.959e+02
|                ( - -3.739e+03 4 0)
|                ( SILENCE 1 -1.272e+05 1.653e+02 5.789e+02
|                    ( QUESTION2_0_L -1 -9.986e+04 1.592e+02 4.548e+02
|                        ( - -9.841e+04 5 0)
|                        ( - -1.288e+03 1 0))
|                    ( - -2.714e+04 5 0))))
|        ( - 1.766e+02 1 0)))
s>    ( QUESTION0_14_R 1 -2.640e+05 1.479e+03 1.202e+03
s>        ( QUESTION0_16_R 1 -9.696e+04 3.038e+02 4.429e+02
s>            ( - -7.514e+04 7 0)
s>            ( - -2.152e+04 6 0 WDBNDRY_E 0 1.273e+02 9.714e+01))
s>        ( QUESTION0 -1 -1.655e+05 4.222e+02 7.594e+02
s>            ( QUESTION0_12_R 1 -1.653e+05 2.923e+02 7.584e+02
s>                ( - -3.389e+04 3 0)
s>                ( QUESTION0_9_R 1 -1.311e+05 2.035e+02 5.959e+02
s>                    ( - -3.739e+03 4 0)
s>                    ( SILENCE 1 -1.272e+05 1.653e+02 5.789e+02
s>                        ( QUESTION2_0_L -1 -9.986e+04 1.592e+02 4.548e+02
s>                            ( - -9.841e+04 5 0)
s>                            ( - -1.288e+03 1 0))
s>                        ( - -2.714e+04 5 0))))
s>            ( - 1.766e+02 1 0)))INFO: dtree.c(1439): stop. leaf nodes are specific
INFO: dtree.c(1478): Final simple tree
|( WDBNDRY_E 0 -4.176e+04 1.559e+02 1.961e+02
|    ( - -1.303e+03 2 0)
|    ( - -4.031e+04 1 0))
s>    ( WDBNDRY_E 0 -4.176e+04 1.559e+02 1.961e+02
s>        ( - -1.303e+03 2 0)
s>        ( - -4.031e+04 1 0))INFO: dtree.c(1315): Comp split 17
INFO: dtree.c(1439): stop. leaf nodes are specific
INFO: dtree.c(1478): Final simple tree
|( QUESTION17 1 -2.228e+05 9.412e+02 9.820e+02
|    ( WDBNDRY_E 0 -1.036e+05 1.941e+02 4.682e+02
|        ( - -9.779e+04 4 0)
|        ( - -5.609e+03 4 0))
|    ( QUESTION0_2_R 1 -1.183e+05 7.192e+02 5.138e+02
|        ( - -1.031e+05 4 0)
|        ( WDBNDRY_E 0 -1.443e+04 1.941e+02 6.546e+01
|            ( - -1.317e+04 3 0)
|            ( - -1.068e+03 2 0))))
s>    ( QUESTION17 1 -2.228e+05 9.412e+02 9.820e+02
s>        ( WDBNDRY_E 0 -1.036e+05 1.941e+02 4.682e+02
s>            ( - -9.779e+04 4 0)
s>            ( - -5.609e+03 4 0))
s>        ( QUESTION0_2_R 1 -1.183e+05 7.192e+02 5.138e+02
s>            ( - -1.031e+05 4 0)
s>            ( WDBNDRY_E 0 -1.443e+04 1.941e+02 6.546e+01
s>                ( - -1.317e+04 3 0)
s>                ( - -1.068e+03 2 0))))INFO: dtree.c(1439): stop. leaf nodes are specific
INFO: dtree.c(1478): Final simple tree
|( QUESTION2_0_L -1 -5.932e+04 1.232e+02 2.688e+02
|    ( QUESTION0_6_R 1 -5.888e+04 8.759e+01 2.668e+02
|        ( WDBNDRY_E 0 -1.188e+03 1.090e+02 5.000e+00
|            ( - -4.742e+02 2 0)
|            ( - -6.051e+02 3 0))
|        ( WDBNDRY_E 0 -5.761e+04 1.307e+02 2.618e+02
|            ( - -3.012e+02 1 0)
|            ( - -5.718e+04 5 0)))
|    ( - -3.156e+02 1 0))
s>    ( QUESTION2_0_L -1 -5.932e+04 1.232e+02 2.688e+02
s>        ( QUESTION0_6_R 1 -5.888e+04 8.759e+01 2.668e+02
s>            ( WDBNDRY_E 0 -1.188e+03 1.090e+02 5.000e+00
s>                ( - -4.742e+02 2 0)
s>                ( - -6.051e+02 3 0))
s>            ( WDBNDRY_E 0 -5.761e+04 1.307e+02 2.618e+02
s>                ( - -3.012e+02 1 0)
s>                ( - -5.718e+04 5 0)))
s>        ( - -3.156e+02 1 0))INFO: dtree.c(1315): Comp split 18
INFO: dtree.c(1439): stop. leaf nodes are specific
INFO: dtree.c(1478): Final simple tree
|( QUESTION0_12_R 1 -1.653e+05 2.923e+02 7.584e+02
|    ( - -3.389e+04 3 0)
|    ( QUESTION0_9_R 1 -1.311e+05 2.035e+02 5.959e+02
|        ( - -3.739e+03 4 0)
|        ( SILENCE 1 -1.272e+05 1.653e+02 5.789e+02
|            ( QUESTION2_0_L -1 -9.986e+04 1.592e+02 4.548e+02
|                ( - -9.841e+04 5 0)
|                ( - -1.288e+03 1 0))
|            ( - -2.714e+04 5 0))))
s>    ( QUESTION0_12_R 1 -1.653e+05 2.923e+02 7.584e+02
s>        ( - -3.389e+04 3 0)
s>        ( QUESTION0_9_R 1 -1.311e+05 2.035e+02 5.959e+02
s>            ( - -3.739e+03 4 0)
s>            ( SILENCE 1 -1.272e+05 1.653e+02 5.789e+02
s>                ( QUESTION2_0_L -1 -9.986e+04 1.592e+02 4.548e+02
s>                    ( - -9.841e+04 5 0)
s>                    ( - -1.288e+03 1 0))
s>                ( - -2.714e+04 5 0))))INFO: dtree.c(1439): stop. leaf nodes are specific
INFO: dtree.c(1478): Final simple tree
|( SILENCE 1 -9.721e+04 4.192e+02 4.439e+02
|    ( - 1.766e+02 1 0)
|    ( QUESTION0_16_R 1 -9.696e+04 3.038e+02 4.429e+02
|        ( - -7.514e+04 7 0)
|        ( WDBNDRY_E 0 -2.152e+04 1.273e+02 9.714e+01
|            ( - -1.845e+04 3 0)
|            ( - -2.947e+03 3 0))))
s>    ( SILENCE 1 -9.721e+04 4.192e+02 4.439e+02
s>        ( - 1.766e+02 1 0)
s>        ( QUESTION0_16_R 1 -9.696e+04 3.038e+02 4.429e+02
s>            ( - -7.514e+04 7 0)
s>            ( WDBNDRY_E 0 -2.152e+04 1.273e+02 9.714e+01
s>                ( - -1.845e+04 3 0)
s>                ( - -2.947e+03 3 0))))INFO: dtree.c(1315): Comp split 19
INFO: dtree.c(1439): stop. leaf nodes are specific
INFO: dtree.c(1478): Final simple tree
|( QUESTION2_16_L -1 -2.798e+05 9.272e+02 1.246e+03
|    ( - -8.171e+04 5 0)
|    ( - -1.971e+05 5 0))
s>    ( QUESTION2_16_L -1 -2.798e+05 9.272e+02 1.246e+03
s>        ( - -8.171e+04 5 0)
s>        ( - -1.971e+05 5 0))INFO: dtree.c(1315): Comp split 20
INFO: dtree.c(1439): stop. leaf nodes are specific
INFO: dtree.c(1478): Final simple tree
|( QUESTION11 -1 -2.516e+05 3.862e+02 1.128e+03
|    ( - -2.367e+05 10 0)
|    ( QUESTION2 -1 -1.447e+04 1.198e+02 6.444e+01
|        ( - -1.172e+04 4 0)
|        ( - -2.624e+03 2 0)))
s>    ( QUESTION11 -1 -2.516e+05 3.862e+02 1.128e+03
s>        ( - -2.367e+05 10 0)
s>        ( QUESTION2 -1 -1.447e+04 1.198e+02 6.444e+01
s>            ( - -1.172e+04 4 0)
s>            ( - -2.624e+03 2 0)))INFO: dtree.c(1439): stop. leaf nodes are specific
INFO: dtree.c(1478): Final simple tree
|( QUESTION14 -1 -3.681e+05 4.791e+02 1.633e+03
|    ( - -3.398e+05 5 0)
|    ( - -2.783e+04 4 0))
s>    ( QUESTION14 -1 -3.681e+05 4.791e+02 1.633e+03
s>        ( - -3.398e+05 5 0)
s>        ( - -2.783e+04 4 0))INFO: dtree.c(1315): Comp split 21
INFO: dtree.c(1439): stop. leaf nodes are specific
INFO: dtree.c(1478): Final simple tree
|( QUESTION0 -1 -1.092e+05 2.679e+02 4.839e+02
|    ( - -5.323e+03 1 0)
|    ( - -1.036e+05 6 0))
s>    ( QUESTION0 -1 -1.092e+05 2.679e+02 4.839e+02
s>        ( - -5.323e+03 1 0)
s>        ( - -1.036e+05 6 0))INFO: dtree.c(1439): stop. leaf nodes are specific
INFO: dtree.c(1478): Final simple tree
|( QUESTION0 -1 -2.096e+06 8.653e+02 9.475e+03
|    ( QUESTION2_0_L -1 -1.889e+06 1.902e+02 8.538e+03
|        ( - -1.876e+06 25 0)
|        ( - -1.208e+04 3 0))
|    ( - -2.070e+05 18 0))
s>    ( QUESTION0 -1 -2.096e+06 8.653e+02 9.475e+03
s>        ( QUESTION2_0_L -1 -1.889e+06 1.902e+02 8.538e+03
s>            ( - -1.876e+06 25 0)
s>            ( - -1.208e+04 3 0))
s>        ( - -2.070e+05 18 0))INFO: dtree.c(1315): Comp split 22
INFO: dtree.c(1439): stop. leaf nodes are specific
INFO: dtree.c(1478): Final simple tree
|( QUESTION2_0_L -1 -1.831e+05 1.149e+02 7.831e+02
|    ( WDBNDRY_E 0 -1.819e+05 1.060e+02 7.791e+02
|        ( - -1.812e+05 24 0)
|        ( - -5.901e+02 1 0))
|    ( WDBNDRY_E 0 -1.079e+03 5.249e+02 4.000e+00
|        ( - -7.521e+02 1 0)
|        ( - 1.984e+02 1 0)))
s>    ( QUESTION2_0_L -1 -1.831e+05 1.149e+02 7.831e+02
s>        ( WDBNDRY_E 0 -1.819e+05 1.060e+02 7.791e+02
s>            ( - -1.812e+05 24 0)
s>            ( - -5.901e+02 1 0))
s>        ( WDBNDRY_E 0 -1.079e+03 5.249e+02 4.000e+00
s>            ( - -7.521e+02 1 0)
s>            ( - 1.984e+02 1 0)))INFO: dtree.c(1315): Comp split 23
INFO: dtree.c(1315): Comp split 24
INFO: dtree.c(1439): stop. leaf nodes are specific
INFO: dtree.c(1478): Final simple tree
|( QUESTION0_2_R 1 -1.240e+05 7.050e+02 5.388e+02
|    ( WDBNDRY_E 0 -1.089e+05 1.845e+02 4.733e+02
|        ( - -1.031e+05 4 0)
|        ( - -5.609e+03 4 0))
|    ( WDBNDRY_E 0 -1.443e+04 1.941e+02 6.546e+01
|        ( - -1.317e+04 3 0)
|        ( - -1.068e+03 2 0)))
s>    ( QUESTION0_2_R 1 -1.240e+05 7.050e+02 5.388e+02
s>        ( WDBNDRY_E 0 -1.089e+05 1.845e+02 4.733e+02
s>            ( - -1.031e+05 4 0)
s>            ( - -5.609e+03 4 0))
s>        ( WDBNDRY_E 0 -1.443e+04 1.941e+02 6.546e+01
s>            ( - -1.317e+04 3 0)
s>            ( - -1.068e+03 2 0)))INFO: dtree.c(1315): Comp split 25
INFO: dtree.c(1315): Comp split 26
INFO: dtree.c(1315): Comp split 27
INFO: dtree.c(1439): stop. leaf nodes are specific
INFO: dtree.c(1478): Final simple tree
|( QUESTION2_0_L -1 -1.889e+06 1.902e+02 8.538e+03
|    ( - -1.876e+06 25 0)
|    ( - -1.208e+04 3 0))
s>    ( QUESTION2_0_L -1 -1.889e+06 1.902e+02 8.538e+03
s>        ( - -1.876e+06 25 0)
s>        ( - -1.208e+04 3 0))INFO: dtree.c(1315): Comp split 28
INFO: dtree.c(1439): stop. leaf nodes are specific
INFO: dtree.c(1478): Final simple tree
|( QUESTION2_0_L -1 -1.170e+05 2.710e+02 5.692e+02
|    ( - -1.151e+05 4 0)
|    ( - -1.653e+03 1 0))
s>    ( QUESTION2_0_L -1 -1.170e+05 2.710e+02 5.692e+02
s>        ( - -1.151e+05 4 0)
s>        ( - -1.653e+03 1 0))INFO: dtree.c(1439): stop. leaf nodes are specific
INFO: dtree.c(1478): Final simple tree
|( QUESTION6 1 -7.346e+04 4.091e+02 3.402e+02
|    ( WDBNDRY_E 0 -3.244e+04 2.359e+02 1.513e+02
|        ( - -1.366e+04 7 0)
|        ( - -1.854e+04 6 0))
|    ( - -4.061e+04 5 0))
s>    ( QUESTION6 1 -7.346e+04 4.091e+02 3.402e+02
s>        ( WDBNDRY_E 0 -3.244e+04 2.359e+02 1.513e+02
s>            ( - -1.366e+04 7 0)
s>            ( - -1.854e+04 6 0))
s>        ( - -4.061e+04 5 0))INFO: dtree.c(1315): Comp split 29
INFO: dtree.c(1439): stop. leaf nodes are specific
INFO: dtree.c(1478): Final simple tree
|( WDBNDRY_E 0 -1.443e+04 1.941e+02 6.546e+01
|    ( - -1.317e+04 3 0)
|    ( - -1.068e+03 2 0))
s>    ( WDBNDRY_E 0 -1.443e+04 1.941e+02 6.546e+01
s>        ( - -1.317e+04 3 0)
s>        ( - -1.068e+03 2 0))INFO: dtree.c(1439): stop. leaf nodes are specific
INFO: dtree.c(1478): Final simple tree
|( WDBNDRY_E 0 -1.089e+05 1.845e+02 4.733e+02
|    ( - -1.031e+05 4 0)
|    ( - -5.609e+03 4 0))
s>    ( WDBNDRY_E 0 -1.089e+05 1.845e+02 4.733e+02
s>        ( - -1.031e+05 4 0)
s>        ( - -5.609e+03 4 0))INFO: dtree.c(1315): Comp split 30
INFO: dtree.c(1439): stop. leaf nodes are specific
INFO: dtree.c(1478): Final simple tree
|( QUESTION5 -1 -3.268e+04 2.234e+02 1.489e+02
|    ( - -3.129e+04 5 0)
|    ( - -1.170e+03 1 0))
s>    ( QUESTION5 -1 -3.268e+04 2.234e+02 1.489e+02
s>        ( - -3.129e+04 5 0)
s>        ( - -1.170e+03 1 0))INFO: dtree.c(1478): Final simple tree
|( QUESTION2_20_L -1 -1.960e+05 2.795e+02 8.826e+02
|    ( QUESTION2 -1 -4.892e+04 2.175e+02 2.197e+02
|        ( - -3.822e+04 4 0)
|        ( - -1.049e+04 3 0))
|    ( QUESTION11 -1 -1.468e+05 2.534e+02 6.629e+02
|        ( QUESTION15 -1 -1.897e+04 1.750e+02 8.636e+01
|            ( - -7.389e+03 3 0)
|            ( QUESTION12 -1 -1.141e+04 1.206e+02 5.101e+01
|                ( - -9.642e+03 4 0)
|                ( - -1.642e+03 2 0)))
|        ( QUESTION19 -1 -1.276e+05 2.124e+02 5.766e+02
|            ( - -1.745e+04 5 0)
|            ( QUESTION2 -1 -1.100e+05 9.909e+01 4.994e+02
|                ( - -1.032e+05 5 0)
|                ( - -6.659e+03 3 0)))))
s>    ( QUESTION2_20_L -1 -1.960e+05 2.795e+02 8.826e+02
s>        ( QUESTION2 -1 -4.892e+04 2.175e+02 2.197e+02
s>            ( - -3.822e+04 4 0)
s>            ( - -1.049e+04 3 0))
s>        ( QUESTION11 -1 -1.468e+05 2.534e+02 6.629e+02
s>            ( QUESTION15 -1 -1.897e+04 1.750e+02 8.636e+01
s>                ( - -7.389e+03 3 0)
s>                ( QUESTION12 -1 -1.141e+04 1.206e+02 5.101e+01
s>                    ( - -9.642e+03 4 0)
s>                    ( - -1.642e+03 2 0)))
s>            ( QUESTION19 -1 -1.276e+05 2.124e+02 5.766e+02
s>                ( - -1.745e+04 5 0)
s>                ( QUESTION2 -1 -1.100e+05 9.909e+01 4.994e+02
s>                    ( - -1.032e+05 5 0)
s>                    ( - -6.659e+03 3 0)))))INFO: dtree.c(1315): Comp split 31
INFO: dtree.c(1315): Comp split 32
INFO: dtree.c(1315): Comp split 33
INFO: dtree.c(1439): stop. leaf nodes are specific
INFO: dtree.c(1478): Final simple tree
|( QUESTION2_0_L -1 -1.828e+05 1.713e+02 7.821e+02
|    ( WDBNDRY_E 0 -1.819e+05 1.060e+02 7.791e+02
|        ( - -1.812e+05 24 0)
|        ( - -5.901e+02 1 0))
|    ( - -7.521e+02 1 0))
s>    ( QUESTION2_0_L -1 -1.828e+05 1.713e+02 7.821e+02
s>        ( WDBNDRY_E 0 -1.819e+05 1.060e+02 7.791e+02
s>            ( - -1.812e+05 24 0)
s>            ( - -5.901e+02 1 0))
s>        ( - -7.521e+02 1 0))INFO: dtree.c(1315): Comp split 34
INFO: dtree.c(1439): stop. leaf nodes are specific
INFO: dtree.c(1478): Final simple tree
|( QUESTION0_16_R 1 -9.696e+04 3.038e+02 4.429e+02
|    ( - -7.514e+04 7 0)
|    ( WDBNDRY_E 0 -2.152e+04 1.273e+02 9.714e+01
|        ( - -1.845e+04 3 0)
|        ( - -2.947e+03 3 0)))
s>    ( QUESTION0_16_R 1 -9.696e+04 3.038e+02 4.429e+02
s>        ( - -7.514e+04 7 0)
s>        ( WDBNDRY_E 0 -2.152e+04 1.273e+02 9.714e+01
s>            ( - -1.845e+04 3 0)
s>            ( - -2.947e+03 3 0)))INFO: dtree.c(1315): Comp split 35
INFO: dtree.c(1439): stop. leaf nodes are specific
INFO: dtree.c(1478): Final simple tree
|( WDBNDRY_E 0 -3.244e+04 2.359e+02 1.513e+02
|    ( - -1.366e+04 7 0)
|    ( - -1.854e+04 6 0))
s>    ( WDBNDRY_E 0 -3.244e+04 2.359e+02 1.513e+02
s>        ( - -1.366e+04 7 0)
s>        ( - -1.854e+04 6 0))INFO: dtree.c(1315): Comp split 36
INFO: dtree.c(1439): stop. leaf nodes are specific
INFO: dtree.c(1478): Final simple tree
|( QUESTION2 -1 -1.447e+04 1.198e+02 6.444e+01
|    ( - -1.172e+04 4 0)
|    ( - -2.624e+03 2 0))
s>    ( QUESTION2 -1 -1.447e+04 1.198e+02 6.444e+01
s>        ( - -1.172e+04 4 0)
s>        ( - -2.624e+03 2 0))INFO: dtree.c(1315): Comp split 37
INFO: dtree.c(1439): stop. leaf nodes are specific
INFO: dtree.c(1478): Final simple tree
|( QUESTION2 -1 -4.580e+04 1.976e+02 2.073e+02
|    ( - -3.822e+04 4 0)
|    ( - -7.389e+03 3 0))
s>    ( QUESTION2 -1 -4.580e+04 1.976e+02 2.073e+02
s>        ( - -3.822e+04 4 0)
s>        ( - -7.389e+03 3 0))INFO: dtree.c(1439): stop. leaf nodes are specific
INFO: dtree.c(1478): Final simple tree
|( QUESTION2 -1 -1.499e+05 2.418e+02 6.753e+02
|    ( - -1.032e+05 5 0)
|    ( QUESTION18 -1 -4.643e+04 1.736e+02 2.065e+02
|        ( - -1.049e+04 3 0)
|        ( QUESTION11 -1 -3.577e+04 1.628e+02 1.588e+02
|            ( QUESTION12 -1 -1.141e+04 1.206e+02 5.101e+01
|                ( - -9.642e+03 4 0)
|                ( - -1.642e+03 2 0))
|            ( QUESTION17 -1 -2.421e+04 1.017e+02 1.078e+02
|                ( - -6.659e+03 3 0)
|                ( - -1.745e+04 5 0)))))
s>    ( QUESTION2 -1 -1.499e+05 2.418e+02 6.753e+02
s>        ( - -1.032e+05 5 0)
s>        ( QUESTION18 -1 -4.643e+04 1.736e+02 2.065e+02
s>            ( - -1.049e+04 3 0)
s>            ( QUESTION11 -1 -3.577e+04 1.628e+02 1.588e+02
s>                ( QUESTION12 -1 -1.141e+04 1.206e+02 5.101e+01
s>                    ( - -9.642e+03 4 0)
s>                    ( - -1.642e+03 2 0))
s>                ( QUESTION17 -1 -2.421e+04 1.017e+02 1.078e+02
s>                    ( - -6.659e+03 3 0)
s>                    ( - -1.745e+04 5 0)))))INFO: dtree.c(1315): Comp split 38
INFO: dtree.c(1315): Comp split 39
INFO: dtree.c(1439): stop. leaf nodes are specific
INFO: dtree.c(1478): Final simple tree
|( WDBNDRY_E 0 -2.152e+04 1.273e+02 9.714e+01
|    ( - -1.845e+04 3 0)
|    ( - -2.947e+03 3 0))
s>    ( WDBNDRY_E 0 -2.152e+04 1.273e+02 9.714e+01
s>        ( - -1.845e+04 3 0)
s>        ( - -2.947e+03 3 0))INFO: dtree.c(1315): Comp split 40
INFO: dtree.c(1439): stop. leaf nodes are specific
INFO: dtree.c(1478): Final simple tree
|( QUESTION0_9_R 1 -1.311e+05 2.035e+02 5.959e+02
|    ( - -3.739e+03 4 0)
|    ( SILENCE 1 -1.272e+05 1.653e+02 5.789e+02
|        ( QUESTION2_0_L -1 -9.986e+04 1.592e+02 4.548e+02
|            ( - -9.841e+04 5 0)
|            ( - -1.288e+03 1 0))
|        ( - -2.714e+04 5 0)))
s>    ( QUESTION0_9_R 1 -1.311e+05 2.035e+02 5.959e+02
s>        ( - -3.739e+03 4 0)
s>        ( SILENCE 1 -1.272e+05 1.653e+02 5.789e+02
s>            ( QUESTION2_0_L -1 -9.986e+04 1.592e+02 4.548e+02
s>                ( - -9.841e+04 5 0)
s>                ( - -1.288e+03 1 0))
s>            ( - -2.714e+04 5 0)))INFO: dtree.c(1315): Comp split 41
INFO: dtree.c(1315): Comp split 42
INFO: dtree.c(1315): Comp split 43
INFO: dtree.c(1439): stop. leaf nodes are specific
INFO: dtree.c(1478): Final simple tree
|( QUESTION2 -1 -1.100e+05 9.909e+01 4.994e+02
|    ( - -1.032e+05 5 0)
|    ( - -6.659e+03 3 0))
s>    ( QUESTION2 -1 -1.100e+05 9.909e+01 4.994e+02
s>        ( - -1.032e+05 5 0)
s>        ( - -6.659e+03 3 0))INFO: dtree.c(1439): stop. leaf nodes are specific
INFO: dtree.c(1478): Final simple tree
|( QUESTION17 -1 -3.967e+04 1.756e+02 1.759e+02
|    ( - -1.049e+04 3 0)
|    ( QUESTION11 -1 -2.901e+04 1.567e+02 1.282e+02
|        ( QUESTION12 -1 -1.141e+04 1.206e+02 5.101e+01
|            ( - -9.642e+03 4 0)
|            ( - -1.642e+03 2 0))
|        ( - -1.745e+04 5 0)))
s>    ( QUESTION17 -1 -3.967e+04 1.756e+02 1.759e+02
s>        ( - -1.049e+04 3 0)
s>        ( QUESTION11 -1 -2.901e+04 1.567e+02 1.282e+02
s>            ( QUESTION12 -1 -1.141e+04 1.206e+02 5.101e+01
s>                ( - -9.642e+03 4 0)
s>                ( - -1.642e+03 2 0))
s>            ( - -1.745e+04 5 0)))INFO: dtree.c(1315): Comp split 44
INFO: dtree.c(1315): Comp split 45
INFO: dtree.c(1315): Comp split 46
INFO: dtree.c(1439): stop. leaf nodes are specific
INFO: dtree.c(1478): Final simple tree
|( SILENCE 1 -1.272e+05 1.653e+02 5.789e+02
|    ( QUESTION2_0_L -1 -9.986e+04 1.592e+02 4.548e+02
|        ( - -9.841e+04 5 0)
|        ( - -1.288e+03 1 0))
|    ( - -2.714e+04 5 0))
s>    ( SILENCE 1 -1.272e+05 1.653e+02 5.789e+02
s>        ( QUESTION2_0_L -1 -9.986e+04 1.592e+02 4.548e+02
s>            ( - -9.841e+04 5 0)
s>            ( - -1.288e+03 1 0))
s>        ( - -2.714e+04 5 0))INFO: dtree.c(1315): Comp split 47
INFO: dtree.c(1315): Comp split 48
INFO: dtree.c(1315): Comp split 49
INFO: dtree.c(1315): Comp split 50
INFO: dtree.c(1315): Comp split 51
INFO: dtree.c(1439): stop. leaf nodes are specific
INFO: dtree.c(1478): Final simple tree
|( QUESTION11 -1 -2.901e+04 1.567e+02 1.282e+02
|    ( QUESTION12 -1 -1.141e+04 1.206e+02 5.101e+01
|        ( - -9.642e+03 4 0)
|        ( - -1.642e+03 2 0))
|    ( - -1.745e+04 5 0))
s>    ( QUESTION11 -1 -2.901e+04 1.567e+02 1.282e+02
s>        ( QUESTION12 -1 -1.141e+04 1.206e+02 5.101e+01
s>            ( - -9.642e+03 4 0)
s>            ( - -1.642e+03 2 0))
s>        ( - -1.745e+04 5 0))INFO: dtree.c(1315): Comp split 52
INFO: dtree.c(1439): stop. leaf nodes are specific
INFO: dtree.c(1478): Final simple tree
|( WDBNDRY_E 0 -1.819e+05 1.060e+02 7.791e+02
|    ( - -1.812e+05 24 0)
|    ( - -5.901e+02 1 0))
s>    ( WDBNDRY_E 0 -1.819e+05 1.060e+02 7.791e+02
s>        ( - -1.812e+05 24 0)
s>        ( - -5.901e+02 1 0))INFO: dtree.c(1315): Comp split 53
INFO: dtree.c(1439): stop. leaf nodes are specific
INFO: dtree.c(1478): Final simple tree
|( SILENCE 1 -2.858e+04 1.566e+02 1.311e+02
|    ( - -1.288e+03 1 0)
|    ( - -2.714e+04 5 0))
s>    ( SILENCE 1 -2.858e+04 1.566e+02 1.311e+02
s>        ( - -1.288e+03 1 0)
s>        ( - -2.714e+04 5 0))INFO: dtree.c(1315): Comp split 54
INFO: dtree.c(1439): stop. leaf nodes are specific
INFO: dtree.c(1478): Final simple tree
|( QUESTION12 -1 -1.141e+04 1.206e+02 5.101e+01
|    ( - -9.642e+03 4 0)
|    ( - -1.642e+03 2 0))
s>    ( QUESTION12 -1 -1.141e+04 1.206e+02 5.101e+01
s>        ( - -9.642e+03 4 0)
s>        ( - -1.642e+03 2 0))INFO: dtree.c(1315): Comp split 55
INFO: dtree.c(1315): Comp split 56
INFO: dtree.c(1315): Comp split 57
INFO: dtree.c(1439): stop. leaf nodes are specific
INFO: dtree.c(1478): Final simple tree
|( QUESTION2_0_L -1 -5.889e+04 1.234e+02 2.668e+02
|    ( WDBNDRY_E 0 -5.845e+04 1.039e+02 2.648e+02
|        ( - -4.742e+02 2 0)
|        ( QUESTION0_6_R 1 -5.787e+04 9.270e+01 2.628e+02
|            ( - -6.051e+02 3 0)
|            ( - -5.718e+04 5 0)))
|    ( - -3.156e+02 1 0))
s>    ( QUESTION2_0_L -1 -5.889e+04 1.234e+02 2.668e+02
s>        ( WDBNDRY_E 0 -5.845e+04 1.039e+02 2.648e+02
s>            ( - -4.742e+02 2 0)
s>            ( QUESTION0_6_R 1 -5.787e+04 9.270e+01 2.628e+02
s>                ( - -6.051e+02 3 0)
s>                ( - -5.718e+04 5 0)))
s>        ( - -3.156e+02 1 0))INFO: dtree.c(1315): Comp split 58
INFO: dtree.c(1315): Comp split 59
INFO: dtree.c(1439): stop. leaf nodes are specific
INFO: dtree.c(1478): Final simple tree
|( WDBNDRY_E 0 -5.845e+04 1.039e+02 2.648e+02
|    ( - -4.742e+02 2 0)
|    ( QUESTION0_6_R 1 -5.787e+04 9.270e+01 2.628e+02
|        ( - -6.051e+02 3 0)
|        ( - -5.718e+04 5 0)))
s>    ( WDBNDRY_E 0 -5.845e+04 1.039e+02 2.648e+02
s>        ( - -4.742e+02 2 0)
s>        ( QUESTION0_6_R 1 -5.787e+04 9.270e+01 2.628e+02
s>            ( - -6.051e+02 3 0)
s>            ( - -5.718e+04 5 0)))INFO: dtree.c(1315): Comp split 60
INFO: dtree.c(1315): Comp split 61
INFO: dtree.c(1315): Comp split 62
INFO: dtree.c(1315): Comp split 63
INFO: dtree.c(1439): stop. leaf nodes are specific
INFO: dtree.c(1478): Final simple tree
|( QUESTION0_6_R 1 -5.787e+04 9.270e+01 2.628e+02
|    ( - -6.051e+02 3 0)
|    ( - -5.718e+04 5 0))
s>    ( QUESTION0_6_R 1 -5.787e+04 9.270e+01 2.628e+02
s>        ( - -6.051e+02 3 0)
s>        ( - -5.718e+04 5 0))INFO: dtree.c(1315): Comp split 64
INFO: dtree.c(1315): Comp split 65
INFO: dtree.c(1315): Comp split 66
INFO: dtree.c(1318): stop. leaf nodes are specific
Mon Apr 24 17:45:22 2023
