Current configuration:
[NAME]		[DEFLT]	[VALUE]
-allphones	no	no
-cntthresh	0.00001	1.000000e-05
-csplitmax	100	2000
-csplitmin	1	1
-csplitthr	8e-4	0.000000e+00
-example	no	no
-fullvar	no	no
-help		no	no
-meanfn			/home/lucija/Documents/Zadnji semestar/ROGJ/Prezentacije/CMUspinx/tutorial16/model_parameters/my_db.cd_cont_untied/means
-mixwfn			/home/lucija/Documents/Zadnji semestar/ROGJ/Prezentacije/CMUspinx/tutorial16/model_parameters/my_db.cd_cont_untied/mixture_weights
-moddeffn		/home/lucija/Documents/Zadnji semestar/ROGJ/Prezentacije/CMUspinx/tutorial16/model_architecture/my_db.untied.mdef
-mwfloor	1e-4	1.000000e-08
-phone			lj
-psetfn			/home/lucija/Documents/Zadnji semestar/ROGJ/Prezentacije/CMUspinx/tutorial16/model_architecture/my_db.tree_questions
-ssplitmax	5	7
-ssplitmin	1	1
-ssplitthr	8e-4	0.000000e+00
-state			2
-stwt			1.0,0.05,0.0,
-treefn			/home/lucija/Documents/Zadnji semestar/ROGJ/Prezentacije/CMUspinx/tutorial16/trees/my_db.unpruned/lj-2.dtree
-ts2cbfn	.semi.	.cont.
-varfloor	0.00001	1.000000e-05
-varfn			/home/lucija/Documents/Zadnji semestar/ROGJ/Prezentacije/CMUspinx/tutorial16/model_parameters/my_db.cd_cont_untied/variances

INFO: main.c(223): Reading: /home/lucija/Documents/Zadnji semestar/ROGJ/Prezentacije/CMUspinx/tutorial16/model_architecture/my_db.untied.mdef
INFO: model_def_io.c(573): Model definition info:
INFO: model_def_io.c(574): 11902 total models defined (32 base, 11870 tri)
INFO: model_def_io.c(575): 47608 total states
INFO: model_def_io.c(576): 35706 total tied states
INFO: model_def_io.c(577): 96 total tied CI states
INFO: model_def_io.c(578): 32 total tied transition matrices
INFO: model_def_io.c(579): 4 max state/model
INFO: model_def_io.c(580): 4 min state/model
INFO: main.c(242): Building trees for [lj SIL u b] through [lj ž i i]
INFO: main.c(268): Covering states |[17736 17990]| == 255
INFO: main.c(275): Reading: /home/lucija/Documents/Zadnji semestar/ROGJ/Prezentacije/CMUspinx/tutorial16/model_parameters/my_db.cd_cont_untied/mixture_weights
INFO: s3mixw_io.c(172): Read /home/lucija/Documents/Zadnji semestar/ROGJ/Prezentacije/CMUspinx/tutorial16/model_parameters/my_db.cd_cont_untied/mixture_weights [255x1x1 array]
INFO: main.c(311): 85 of 85 models have observation count greater than 0.000010
INFO: main.c(95): nrm stwt: 0.000 0.048 0.952 
INFO: s3gau_io.c(168): Read /home/lucija/Documents/Zadnji semestar/ROGJ/Prezentacije/CMUspinx/tutorial16/model_parameters/my_db.cd_cont_untied/means [35706x1x1 array]
INFO: s3gau_io.c(168): Read /home/lucija/Documents/Zadnji semestar/ROGJ/Prezentacije/CMUspinx/tutorial16/model_parameters/my_db.cd_cont_untied/variances [35706x1x1 array]
INFO: main.c(549): Reading: /home/lucija/Documents/Zadnji semestar/ROGJ/Prezentacije/CMUspinx/tutorial16/model_architecture/my_db.tree_questions
INFO: main.c(587): 176 total simple questions (168 phone; 8 word bndry)
INFO: main.c(589): 42 Left Only questions, and 42 Right Only questions
INFO: dtree.c(1478): Final simple tree
|( QUESTION7 -1 -1.236e+06 7.338e+03 5.630e+03
|    ( QUESTION2_16_L -1 -2.316e+05 2.094e+03 1.061e+03
|        ( - -1.807e+05 4 0)
|        ( - -4.873e+04 4 0 QUESTION2_20_L -1 4.907e+02 2.270e+02))
|    ( QUESTION0_20_R 1 -9.974e+05 5.878e+03 4.569e+03
|        ( WDBNDRY_B 0 -9.004e+05 6.449e+03 4.151e+03
|            ( - -8.279e+04 15 0 QUESTION6 -1 4.185e+02 3.835e+02)
|            ( QUESTION3 -1 -8.111e+05 2.557e+03 3.767e+03
|                ( - -2.826e+05 9 0)
|                ( QUESTION2_0_L -1 -5.260e+05 1.913e+03 2.443e+03
|                    ( - -3.020e+05 25 0 QUESTION0 1 2.303e+02 1.420e+03)
|                    ( QUESTION6 -1 -2.221e+05 1.993e+03 1.022e+03
|                        ( - -8.212e+04 4 0)
|                        ( - -1.380e+05 9 0 QUESTION8 -1 1.242e+03 6.331e+02)))))
|        ( - -9.116e+04 15 0 QUESTION0_14_R 1 8.522e+02 4.188e+02)))
s>    ( QUESTION7 -1 -1.236e+06 7.338e+03 5.630e+03
s>        ( QUESTION2_16_L -1 -2.316e+05 2.094e+03 1.061e+03
s>            ( - -1.807e+05 4 0)
s>            ( - -4.873e+04 4 0 QUESTION2_20_L -1 4.907e+02 2.270e+02))
s>        ( QUESTION0_20_R 1 -9.974e+05 5.878e+03 4.569e+03
s>            ( WDBNDRY_B 0 -9.004e+05 6.449e+03 4.151e+03
s>                ( - -8.279e+04 15 0 QUESTION6 -1 4.185e+02 3.835e+02)
s>                ( QUESTION3 -1 -8.111e+05 2.557e+03 3.767e+03
s>                    ( - -2.826e+05 9 0)
s>                    ( QUESTION2_0_L -1 -5.260e+05 1.913e+03 2.443e+03
s>                        ( - -3.020e+05 25 0 QUESTION0 1 2.303e+02 1.420e+03)
s>                        ( QUESTION6 -1 -2.221e+05 1.993e+03 1.022e+03
s>                            ( - -8.212e+04 4 0)
s>                            ( - -1.380e+05 9 0 QUESTION8 -1 1.242e+03 6.331e+02)))))
s>            ( - -9.116e+04 15 0 QUESTION0_14_R 1 8.522e+02 4.188e+02)))INFO: dtree.c(1315): Comp split 0
INFO: dtree.c(1478): Final simple tree
|( QUESTION4 -1 -2.643e+05 8.138e+02 1.217e+03
|    ( QUESTION6 -1 -1.839e+05 3.700e+02 8.476e+02
|        ( - -2.123e+03 1 0)
|        ( WDBNDRY_B 0 -1.814e+05 1.905e+02 8.366e+02
|            ( - -5.065e+02 1 0)
|            ( - -1.807e+05 4 0)))
|    ( QUESTION2_3_L -1 -7.956e+04 2.769e+02 3.695e+02
|        ( - -8.574e+02 1 0)
|        ( QUESTION1 -1 -7.843e+04 1.549e+02 3.645e+02
|            ( QUESTION19 -1 -9.185e+03 1.610e+02 4.330e+01
|                ( - -2.712e+02 1 0)
|                ( - -8.753e+03 2 0 QUESTION2 -1 1.086e+02 4.130e+01))
|            ( SILENCE -1 -6.909e+04 1.188e+02 3.212e+02
|                ( - -2.291e+03 1 0)
|                ( - -6.668e+04 8 0)))))
s>    ( QUESTION4 -1 -2.643e+05 8.138e+02 1.217e+03
s>        ( QUESTION6 -1 -1.839e+05 3.700e+02 8.476e+02
s>            ( - -2.123e+03 1 0)
s>            ( WDBNDRY_B 0 -1.814e+05 1.905e+02 8.366e+02
s>                ( - -5.065e+02 1 0)
s>                ( - -1.807e+05 4 0)))
s>        ( QUESTION2_3_L -1 -7.956e+04 2.769e+02 3.695e+02
s>            ( - -8.574e+02 1 0)
s>            ( QUESTION1 -1 -7.843e+04 1.549e+02 3.645e+02
s>                ( QUESTION19 -1 -9.185e+03 1.610e+02 4.330e+01
s>                    ( - -2.712e+02 1 0)
s>                    ( - -8.753e+03 2 0 QUESTION2 -1 1.086e+02 4.130e+01))
s>                ( SILENCE -1 -6.909e+04 1.188e+02 3.212e+02
s>                    ( - -2.291e+03 1 0)
s>                    ( - -6.668e+04 8 0)))))INFO: dtree.c(1478): Final simple tree
|( QUESTION0_20_R 1 -9.589e+05 6.241e+03 4.413e+03
|    ( QUESTION3 -1 -8.615e+05 2.867e+03 3.994e+03
|        ( - -2.826e+05 9 0)
|        ( QUESTION2_0_L -1 -5.760e+05 2.126e+03 2.670e+03
|            ( - -3.020e+05 25 0 QUESTION0 1 2.303e+02 1.420e+03)
|            ( QUESTION6 -1 -2.719e+05 2.163e+03 1.249e+03
|                ( - -8.212e+04 4 0)
|                ( QUESTION5 -1 -1.877e+05 1.280e+03 8.601e+02
|                    ( - -6.849e+04 1 0)
|                    ( QUESTION16 -1 -1.179e+05 8.941e+02 5.413e+02
|                        ( - -3.546e+04 3 0 QUESTION17 -1 1.533e+02 1.631e+02)
|                        ( - -8.153e+04 9 0 QUESTION0 -1 8.306e+02 3.782e+02))))))
|    ( QUESTION0_14_R 1 -9.116e+04 8.522e+02 4.188e+02
|        ( - -7.460e+04 5 0 QUESTION0_16_R 1 3.918e+02 3.485e+02)
|        ( - -1.570e+04 10 0 QUESTION0_11_R 1 4.646e+02 7.030e+01)))
s>    ( QUESTION0_20_R 1 -9.589e+05 6.241e+03 4.413e+03
s>        ( QUESTION3 -1 -8.615e+05 2.867e+03 3.994e+03
s>            ( - -2.826e+05 9 0)
s>            ( QUESTION2_0_L -1 -5.760e+05 2.126e+03 2.670e+03
s>                ( - -3.020e+05 25 0 QUESTION0 1 2.303e+02 1.420e+03)
s>                ( QUESTION6 -1 -2.719e+05 2.163e+03 1.249e+03
s>                    ( - -8.212e+04 4 0)
s>                    ( QUESTION5 -1 -1.877e+05 1.280e+03 8.601e+02
s>                        ( - -6.849e+04 1 0)
s>                        ( QUESTION16 -1 -1.179e+05 8.941e+02 5.413e+02
s>                            ( - -3.546e+04 3 0 QUESTION17 -1 1.533e+02 1.631e+02)
s>                            ( - -8.153e+04 9 0 QUESTION0 -1 8.306e+02 3.782e+02))))))
s>        ( QUESTION0_14_R 1 -9.116e+04 8.522e+02 4.188e+02
s>            ( - -7.460e+04 5 0 QUESTION0_16_R 1 3.918e+02 3.485e+02)
s>            ( - -1.570e+04 10 0 QUESTION0_11_R 1 4.646e+02 7.030e+01)))INFO: dtree.c(1315): Comp split 1
INFO: dtree.c(1478): Final simple tree
|( QUESTION3 -1 -8.615e+05 2.867e+03 3.994e+03
|    ( - -2.826e+05 9 0)
|    ( QUESTION2_0_L -1 -5.760e+05 2.126e+03 2.670e+03
|        ( - -3.020e+05 25 0 QUESTION0 1 2.303e+02 1.420e+03)
|        ( QUESTION6 -1 -2.719e+05 2.163e+03 1.249e+03
|            ( - -8.212e+04 4 0)
|            ( QUESTION5 -1 -1.877e+05 1.280e+03 8.601e+02
|                ( - -6.849e+04 1 0)
|                ( QUESTION16 -1 -1.179e+05 8.941e+02 5.413e+02
|                    ( - -3.546e+04 3 0 QUESTION17 -1 1.533e+02 1.631e+02)
|                    ( QUESTION0 -1 -8.153e+04 8.306e+02 3.782e+02
|                        ( - -1.591e+04 1 0)
|                        ( QUESTION2_20_L -1 -6.480e+04 4.919e+02 3.021e+02
|                            ( - -1.070e+04 2 0 WDBNDRY_B 0 3.758e+02 4.884e+01)
|                            ( - -5.360e+04 6 0 WDBNDRY_B 0 5.862e+02 2.533e+02))))))))
s>    ( QUESTION3 -1 -8.615e+05 2.867e+03 3.994e+03
s>        ( - -2.826e+05 9 0)
s>        ( QUESTION2_0_L -1 -5.760e+05 2.126e+03 2.670e+03
s>            ( - -3.020e+05 25 0 QUESTION0 1 2.303e+02 1.420e+03)
s>            ( QUESTION6 -1 -2.719e+05 2.163e+03 1.249e+03
s>                ( - -8.212e+04 4 0)
s>                ( QUESTION5 -1 -1.877e+05 1.280e+03 8.601e+02
s>                    ( - -6.849e+04 1 0)
s>                    ( QUESTION16 -1 -1.179e+05 8.941e+02 5.413e+02
s>                        ( - -3.546e+04 3 0 QUESTION17 -1 1.533e+02 1.631e+02)
s>                        ( QUESTION0 -1 -8.153e+04 8.306e+02 3.782e+02
s>                            ( - -1.591e+04 1 0)
s>                            ( QUESTION2_20_L -1 -6.480e+04 4.919e+02 3.021e+02
s>                                ( - -1.070e+04 2 0 WDBNDRY_B 0 3.758e+02 4.884e+01)
s>                                ( - -5.360e+04 6 0 WDBNDRY_B 0 5.862e+02 2.533e+02))))))))INFO: dtree.c(1478): Final simple tree
|( QUESTION0_14_R 1 -9.116e+04 8.522e+02 4.188e+02
|    ( QUESTION0_16_R 1 -7.460e+04 3.918e+02 3.485e+02
|        ( - -6.997e+04 4 0)
|        ( - -4.243e+03 1 0))
|    ( QUESTION0_11_R 1 -1.570e+04 4.646e+02 7.030e+01
|        ( - 2.416e+02 1 0)
|        ( QUESTION9 1 -1.548e+04 4.606e+02 6.930e+01
|            ( - 2.421e+02 1 0)
|            ( QUESTION0_3_R 1 -1.526e+04 3.739e+02 6.830e+01
|                ( - -5.837e+03 1 0)
|                ( QUESTION0_1_R 1 -9.051e+03 1.739e+02 4.114e+01
|                    ( WDBNDRY_E 0 -3.241e+03 4.716e+02 1.500e+01
|                        ( - 2.404e+02 1 0)
|                        ( - -3.010e+03 2 0))
|                    ( - -5.636e+03 4 0 WDBNDRY_E 0 1.388e+02 2.614e+01))))))
s>    ( QUESTION0_14_R 1 -9.116e+04 8.522e+02 4.188e+02
s>        ( QUESTION0_16_R 1 -7.460e+04 3.918e+02 3.485e+02
s>            ( - -6.997e+04 4 0)
s>            ( - -4.243e+03 1 0))
s>        ( QUESTION0_11_R 1 -1.570e+04 4.646e+02 7.030e+01
s>            ( - 2.416e+02 1 0)
s>            ( QUESTION9 1 -1.548e+04 4.606e+02 6.930e+01
s>                ( - 2.421e+02 1 0)
s>                ( QUESTION0_3_R 1 -1.526e+04 3.739e+02 6.830e+01
s>                    ( - -5.837e+03 1 0)
s>                    ( QUESTION0_1_R 1 -9.051e+03 1.739e+02 4.114e+01
s>                        ( WDBNDRY_E 0 -3.241e+03 4.716e+02 1.500e+01
s>                            ( - 2.404e+02 1 0)
s>                            ( - -3.010e+03 2 0))
s>                        ( - -5.636e+03 4 0 WDBNDRY_E 0 1.388e+02 2.614e+01))))))INFO: dtree.c(1315): Comp split 2
INFO: dtree.c(1478): Final simple tree
|( QUESTION5 -1 -1.877e+05 1.280e+03 8.601e+02
|    ( - -6.849e+04 1 0)
|    ( QUESTION16 -1 -1.179e+05 8.941e+02 5.413e+02
|        ( - -3.546e+04 3 0 QUESTION17 -1 1.533e+02 1.631e+02)
|        ( QUESTION0 -1 -8.153e+04 8.306e+02 3.782e+02
|            ( - -1.591e+04 1 0)
|            ( QUESTION2_20_L -1 -6.480e+04 4.919e+02 3.021e+02
|                ( WDBNDRY_B 0 -1.070e+04 3.758e+02 4.884e+01
|                    ( - -6.063e+02 1 0)
|                    ( - -9.719e+03 1 0))
|                ( WDBNDRY_B 0 -5.360e+04 5.862e+02 2.533e+02
|                    ( - -2.818e+03 1 0)
|                    ( QUESTION2 -1 -5.020e+04 3.093e+02 2.393e+02
|                        ( - -3.412e+04 1 0)
|                        ( - -1.577e+04 4 0)))))))
s>    ( QUESTION5 -1 -1.877e+05 1.280e+03 8.601e+02
s>        ( - -6.849e+04 1 0)
s>        ( QUESTION16 -1 -1.179e+05 8.941e+02 5.413e+02
s>            ( - -3.546e+04 3 0 QUESTION17 -1 1.533e+02 1.631e+02)
s>            ( QUESTION0 -1 -8.153e+04 8.306e+02 3.782e+02
s>                ( - -1.591e+04 1 0)
s>                ( QUESTION2_20_L -1 -6.480e+04 4.919e+02 3.021e+02
s>                    ( WDBNDRY_B 0 -1.070e+04 3.758e+02 4.884e+01
s>                        ( - -6.063e+02 1 0)
s>                        ( - -9.719e+03 1 0))
s>                    ( WDBNDRY_B 0 -5.360e+04 5.862e+02 2.533e+02
s>                        ( - -2.818e+03 1 0)
s>                        ( QUESTION2 -1 -5.020e+04 3.093e+02 2.393e+02
s>                            ( - -3.412e+04 1 0)
s>                            ( - -1.577e+04 4 0)))))))INFO: dtree.c(1439): stop. leaf nodes are specific
INFO: dtree.c(1478): Final simple tree
|( QUESTION3 -1 -6.695e+05 2.242e+03 3.134e+03
|    ( - -2.826e+05 9 0)
|    ( QUESTION0 -1 -3.847e+05 5.875e+02 1.810e+03
|        ( QUESTION0 1 -3.020e+05 2.303e+02 1.420e+03
|            ( WDBNDRY_E 0 -3.000e+05 1.256e+02 1.411e+03
|                ( - -9.746e+02 3 0)
|                ( - -2.989e+05 20 0))
|            ( - -1.680e+03 2 0))
|        ( - -8.212e+04 4 0)))
s>    ( QUESTION3 -1 -6.695e+05 2.242e+03 3.134e+03
s>        ( - -2.826e+05 9 0)
s>        ( QUESTION0 -1 -3.847e+05 5.875e+02 1.810e+03
s>            ( QUESTION0 1 -3.020e+05 2.303e+02 1.420e+03
s>                ( WDBNDRY_E 0 -3.000e+05 1.256e+02 1.411e+03
s>                    ( - -9.746e+02 3 0)
s>                    ( - -2.989e+05 20 0))
s>                ( - -1.680e+03 2 0))
s>            ( - -8.212e+04 4 0)))INFO: dtree.c(1315): Comp split 3
INFO: dtree.c(1439): stop. leaf nodes are specific
INFO: dtree.c(1478): Final simple tree
|( QUESTION0 -1 -3.847e+05 5.875e+02 1.810e+03
|    ( QUESTION0 1 -3.020e+05 2.303e+02 1.420e+03
|        ( WDBNDRY_E 0 -3.000e+05 1.256e+02 1.411e+03
|            ( - -9.746e+02 3 0)
|            ( - -2.989e+05 20 0))
|        ( - -1.680e+03 2 0))
|    ( - -8.212e+04 4 0))
s>    ( QUESTION0 -1 -3.847e+05 5.875e+02 1.810e+03
s>        ( QUESTION0 1 -3.020e+05 2.303e+02 1.420e+03
s>            ( WDBNDRY_E 0 -3.000e+05 1.256e+02 1.411e+03
s>                ( - -9.746e+02 3 0)
s>                ( - -2.989e+05 20 0))
s>            ( - -1.680e+03 2 0))
s>        ( - -8.212e+04 4 0))INFO: dtree.c(1315): Comp split 4
INFO: dtree.c(1439): stop. leaf nodes are specific
INFO: dtree.c(1478): Final simple tree
|( QUESTION16 -1 -1.011e+05 8.833e+02 4.652e+02
|    ( QUESTION17 -1 -3.546e+04 1.533e+02 1.631e+02
|        ( - -1.341e+03 2 0)
|        ( - -3.396e+04 1 0))
|    ( QUESTION2_20_L -1 -6.480e+04 4.919e+02 3.021e+02
|        ( WDBNDRY_B 0 -1.070e+04 3.758e+02 4.884e+01
|            ( - -6.063e+02 1 0)
|            ( - -9.719e+03 1 0))
|        ( WDBNDRY_B 0 -5.360e+04 5.862e+02 2.533e+02
|            ( - -2.818e+03 1 0)
|            ( QUESTION2 -1 -5.020e+04 3.093e+02 2.393e+02
|                ( - -3.412e+04 1 0)
|                ( - -1.577e+04 4 0)))))
s>    ( QUESTION16 -1 -1.011e+05 8.833e+02 4.652e+02
s>        ( QUESTION17 -1 -3.546e+04 1.533e+02 1.631e+02
s>            ( - -1.341e+03 2 0)
s>            ( - -3.396e+04 1 0))
s>        ( QUESTION2_20_L -1 -6.480e+04 4.919e+02 3.021e+02
s>            ( WDBNDRY_B 0 -1.070e+04 3.758e+02 4.884e+01
s>                ( - -6.063e+02 1 0)
s>                ( - -9.719e+03 1 0))
s>            ( WDBNDRY_B 0 -5.360e+04 5.862e+02 2.533e+02
s>                ( - -2.818e+03 1 0)
s>                ( QUESTION2 -1 -5.020e+04 3.093e+02 2.393e+02
s>                    ( - -3.412e+04 1 0)
s>                    ( - -1.577e+04 4 0)))))INFO: dtree.c(1439): stop. leaf nodes are specific
INFO: dtree.c(1478): Final simple tree
|( QUESTION0 -1 -8.514e+04 7.457e+02 3.949e+02
|    ( - -1.591e+04 1 0)
|    ( - -6.849e+04 1 0))
s>    ( QUESTION0 -1 -8.514e+04 7.457e+02 3.949e+02
s>        ( - -1.591e+04 1 0)
s>        ( - -6.849e+04 1 0))INFO: dtree.c(1315): Comp split 5
INFO: dtree.c(1439): stop. leaf nodes are specific
INFO: dtree.c(1478): Final simple tree
|( WDBNDRY_B 0 -1.272e+04 1.858e+02 5.884e+01
|    ( - -2.818e+03 1 0)
|    ( - -9.719e+03 1 0))
s>    ( WDBNDRY_B 0 -1.272e+04 1.858e+02 5.884e+01
s>        ( - -2.818e+03 1 0)
s>        ( - -9.719e+03 1 0))INFO: dtree.c(1439): stop. leaf nodes are specific
INFO: dtree.c(1478): Final simple tree
|( QUESTION16 -1 -8.735e+04 8.023e+02 4.064e+02
|    ( QUESTION17 -1 -3.546e+04 1.533e+02 1.631e+02
|        ( - -1.341e+03 2 0)
|        ( - -3.396e+04 1 0))
|    ( QUESTION2 -1 -5.109e+04 3.009e+02 2.433e+02
|        ( WDBNDRY_B 0 -3.502e+04 2.959e+02 1.681e+02
|            ( - -6.063e+02 1 0)
|            ( - -3.412e+04 1 0))
|        ( - -1.577e+04 4 0)))
s>    ( QUESTION16 -1 -8.735e+04 8.023e+02 4.064e+02
s>        ( QUESTION17 -1 -3.546e+04 1.533e+02 1.631e+02
s>            ( - -1.341e+03 2 0)
s>            ( - -3.396e+04 1 0))
s>        ( QUESTION2 -1 -5.109e+04 3.009e+02 2.433e+02
s>            ( WDBNDRY_B 0 -3.502e+04 2.959e+02 1.681e+02
s>                ( - -6.063e+02 1 0)
s>                ( - -3.412e+04 1 0))
s>            ( - -1.577e+04 4 0)))INFO: dtree.c(1315): Comp split 6
INFO: dtree.c(1439): stop. leaf nodes are specific
INFO: dtree.c(1478): Final simple tree
|( QUESTION1 -1 -7.869e+04 1.811e+02 3.655e+02
|    ( QUESTION4 -1 -9.417e+03 1.571e+02 4.430e+01
|        ( - -5.065e+02 1 0)
|        ( QUESTION2 -1 -8.753e+03 1.086e+02 4.130e+01
|            ( - -1.580e+03 1 0)
|            ( - -7.065e+03 1 0)))
|    ( SILENCE -1 -6.909e+04 1.188e+02 3.212e+02
|        ( - -2.291e+03 1 0)
|        ( - -6.668e+04 8 0)))
s>    ( QUESTION1 -1 -7.869e+04 1.811e+02 3.655e+02
s>        ( QUESTION4 -1 -9.417e+03 1.571e+02 4.430e+01
s>            ( - -5.065e+02 1 0)
s>            ( QUESTION2 -1 -8.753e+03 1.086e+02 4.130e+01
s>                ( - -1.580e+03 1 0)
s>                ( - -7.065e+03 1 0)))
s>        ( SILENCE -1 -6.909e+04 1.188e+02 3.212e+02
s>            ( - -2.291e+03 1 0)
s>            ( - -6.668e+04 8 0)))INFO: dtree.c(1439): stop. leaf nodes are specific
INFO: dtree.c(1478): Final simple tree
|( WDBNDRY_B 0 -1.847e+05 3.906e+02 8.516e+02
|    ( QUESTION8 -1 -3.622e+03 2.301e+02 1.799e+01
|        ( - -2.712e+02 1 0)
|        ( QUESTION0 -1 -3.120e+03 1.402e+02 1.599e+01
|            ( - -8.574e+02 1 0)
|            ( - -2.123e+03 1 0)))
|    ( - -1.807e+05 4 0))
s>    ( WDBNDRY_B 0 -1.847e+05 3.906e+02 8.516e+02
s>        ( QUESTION8 -1 -3.622e+03 2.301e+02 1.799e+01
s>            ( - -2.712e+02 1 0)
s>            ( QUESTION0 -1 -3.120e+03 1.402e+02 1.599e+01
s>                ( - -8.574e+02 1 0)
s>                ( - -2.123e+03 1 0)))
s>        ( - -1.807e+05 4 0))INFO: dtree.c(1315): Comp split 7
INFO: dtree.c(1478): Final simple tree
|( QUESTION0_11_R 1 -1.570e+04 4.646e+02 7.030e+01
|    ( - 2.416e+02 1 0)
|    ( QUESTION9 1 -1.548e+04 4.606e+02 6.930e+01
|        ( - 2.421e+02 1 0)
|        ( QUESTION0_3_R 1 -1.526e+04 3.739e+02 6.830e+01
|            ( - -5.837e+03 1 0)
|            ( QUESTION0_1_R 1 -9.051e+03 1.739e+02 4.114e+01
|                ( WDBNDRY_E 0 -3.241e+03 4.716e+02 1.500e+01
|                    ( - 2.404e+02 1 0)
|                    ( - -3.010e+03 2 0))
|                ( WDBNDRY_E 0 -5.636e+03 1.388e+02 2.614e+01
|                    ( SILENCE 1 -3.080e+03 1.304e+02 1.500e+01
|                        ( - -7.257e+02 1 0)
|                        ( - -2.224e+03 2 0))
|                    ( - -2.417e+03 1 0))))))
s>    ( QUESTION0_11_R 1 -1.570e+04 4.646e+02 7.030e+01
s>        ( - 2.416e+02 1 0)
s>        ( QUESTION9 1 -1.548e+04 4.606e+02 6.930e+01
s>            ( - 2.421e+02 1 0)
s>            ( QUESTION0_3_R 1 -1.526e+04 3.739e+02 6.830e+01
s>                ( - -5.837e+03 1 0)
s>                ( QUESTION0_1_R 1 -9.051e+03 1.739e+02 4.114e+01
s>                    ( WDBNDRY_E 0 -3.241e+03 4.716e+02 1.500e+01
s>                        ( - 2.404e+02 1 0)
s>                        ( - -3.010e+03 2 0))
s>                    ( WDBNDRY_E 0 -5.636e+03 1.388e+02 2.614e+01
s>                        ( SILENCE 1 -3.080e+03 1.304e+02 1.500e+01
s>                            ( - -7.257e+02 1 0)
s>                            ( - -2.224e+03 2 0))
s>                        ( - -2.417e+03 1 0))))))INFO: dtree.c(1439): stop. leaf nodes are specific
INFO: dtree.c(1478): Final simple tree
|( QUESTION0_16_R 1 -7.460e+04 3.918e+02 3.485e+02
|    ( - -6.997e+04 4 0)
|    ( - -4.243e+03 1 0))
s>    ( QUESTION0_16_R 1 -7.460e+04 3.918e+02 3.485e+02
s>        ( - -6.997e+04 4 0)
s>        ( - -4.243e+03 1 0))INFO: dtree.c(1315): Comp split 8
INFO: dtree.c(1439): stop. leaf nodes are specific
INFO: dtree.c(1478): Final simple tree
|( QUESTION2 -1 -5.020e+04 3.093e+02 2.393e+02
|    ( - -3.412e+04 1 0)
|    ( - -1.577e+04 4 0))
s>    ( QUESTION2 -1 -5.020e+04 3.093e+02 2.393e+02
s>        ( - -3.412e+04 1 0)
s>        ( - -1.577e+04 4 0))INFO: dtree.c(1439): stop. leaf nodes are specific
INFO: dtree.c(1478): Final simple tree
|( WDBNDRY_B 0 -3.634e+04 2.732e+02 1.671e+02
|    ( - -6.063e+02 1 0)
|    ( QUESTION17 -1 -3.546e+04 1.533e+02 1.631e+02
|        ( - -1.341e+03 2 0)
|        ( - -3.396e+04 1 0)))
s>    ( WDBNDRY_B 0 -3.634e+04 2.732e+02 1.671e+02
s>        ( - -6.063e+02 1 0)
s>        ( QUESTION17 -1 -3.546e+04 1.533e+02 1.631e+02
s>            ( - -1.341e+03 2 0)
s>            ( - -3.396e+04 1 0)))INFO: dtree.c(1315): Comp split 9
INFO: dtree.c(1315): Comp split 10
INFO: dtree.c(1439): stop. leaf nodes are specific
INFO: dtree.c(1478): Final simple tree
|( WDBNDRY_E 0 -3.000e+05 1.256e+02 1.411e+03
|    ( - -9.746e+02 3 0)
|    ( - -2.989e+05 20 0))
s>    ( WDBNDRY_E 0 -3.000e+05 1.256e+02 1.411e+03
s>        ( - -9.746e+02 3 0)
s>        ( - -2.989e+05 20 0))INFO: dtree.c(1439): stop. leaf nodes are specific
INFO: dtree.c(1478): Final simple tree
|( WDBNDRY_E 0 -8.402e+04 2.220e+02 3.984e+02
|    ( - -1.680e+03 2 0)
|    ( - -8.212e+04 4 0))
s>    ( WDBNDRY_E 0 -8.402e+04 2.220e+02 3.984e+02
s>        ( - -1.680e+03 2 0)
s>        ( - -8.212e+04 4 0))INFO: dtree.c(1315): Comp split 11
INFO: dtree.c(1439): stop. leaf nodes are specific
INFO: dtree.c(1478): Final simple tree
|( QUESTION0_11_R 1 -1.547e+04 4.647e+02 6.930e+01
|    ( - 2.416e+02 1 0)
|    ( QUESTION9 1 -1.525e+04 4.607e+02 6.830e+01
|        ( - 2.421e+02 1 0)
|        ( QUESTION0_3_R 1 -1.503e+04 3.775e+02 6.730e+01
|            ( - -5.837e+03 1 0)
|            ( WDBNDRY_E 0 -8.813e+03 1.681e+02 4.014e+01
|                ( SILENCE 1 -3.080e+03 1.304e+02 1.500e+01
|                    ( - -7.257e+02 1 0)
|                    ( - -2.224e+03 2 0))
|                ( QUESTION0_1_R 1 -5.565e+03 1.374e+02 2.514e+01
|                    ( - -3.010e+03 2 0)
|                    ( - -2.417e+03 1 0))))))
s>    ( QUESTION0_11_R 1 -1.547e+04 4.647e+02 6.930e+01
s>        ( - 2.416e+02 1 0)
s>        ( QUESTION9 1 -1.525e+04 4.607e+02 6.830e+01
s>            ( - 2.421e+02 1 0)
s>            ( QUESTION0_3_R 1 -1.503e+04 3.775e+02 6.730e+01
s>                ( - -5.837e+03 1 0)
s>                ( WDBNDRY_E 0 -8.813e+03 1.681e+02 4.014e+01
s>                    ( SILENCE 1 -3.080e+03 1.304e+02 1.500e+01
s>                        ( - -7.257e+02 1 0)
s>                        ( - -2.224e+03 2 0))
s>                    ( QUESTION0_1_R 1 -5.565e+03 1.374e+02 2.514e+01
s>                        ( - -3.010e+03 2 0)
s>                        ( - -2.417e+03 1 0))))))INFO: dtree.c(1315): Comp split 12
INFO: dtree.c(1439): stop. leaf nodes are specific
INFO: dtree.c(1478): Final simple tree
|( QUESTION0 -1 -3.120e+03 1.402e+02 1.599e+01
|    ( - -8.574e+02 1 0)
|    ( - -2.123e+03 1 0))
s>    ( QUESTION0 -1 -3.120e+03 1.402e+02 1.599e+01
s>        ( - -8.574e+02 1 0)
s>        ( - -2.123e+03 1 0))INFO: dtree.c(1439): stop. leaf nodes are specific
INFO: dtree.c(1478): Final simple tree
|( WDBNDRY_B 0 -1.812e+05 1.472e+02 8.356e+02
|    ( - -2.712e+02 1 0)
|    ( - -1.807e+05 4 0))
s>    ( WDBNDRY_B 0 -1.812e+05 1.472e+02 8.356e+02
s>        ( - -2.712e+02 1 0)
s>        ( - -1.807e+05 4 0))INFO: dtree.c(1315): Comp split 13
INFO: dtree.c(1439): stop. leaf nodes are specific
INFO: dtree.c(1478): Final simple tree
|( QUESTION9 1 -1.525e+04 4.607e+02 6.830e+01
|    ( - 2.421e+02 1 0)
|    ( QUESTION0_3_R 1 -1.503e+04 3.775e+02 6.730e+01
|        ( - -5.837e+03 1 0)
|        ( WDBNDRY_E 0 -8.813e+03 1.681e+02 4.014e+01
|            ( SILENCE 1 -3.080e+03 1.304e+02 1.500e+01
|                ( - -7.257e+02 1 0)
|                ( - -2.224e+03 2 0))
|            ( QUESTION0_1_R 1 -5.565e+03 1.374e+02 2.514e+01
|                ( - -3.010e+03 2 0)
|                ( - -2.417e+03 1 0)))))
s>    ( QUESTION9 1 -1.525e+04 4.607e+02 6.830e+01
s>        ( - 2.421e+02 1 0)
s>        ( QUESTION0_3_R 1 -1.503e+04 3.775e+02 6.730e+01
s>            ( - -5.837e+03 1 0)
s>            ( WDBNDRY_E 0 -8.813e+03 1.681e+02 4.014e+01
s>                ( SILENCE 1 -3.080e+03 1.304e+02 1.500e+01
s>                    ( - -7.257e+02 1 0)
s>                    ( - -2.224e+03 2 0))
s>                ( QUESTION0_1_R 1 -5.565e+03 1.374e+02 2.514e+01
s>                    ( - -3.010e+03 2 0)
s>                    ( - -2.417e+03 1 0)))))INFO: dtree.c(1315): Comp split 14
INFO: dtree.c(1439): stop. leaf nodes are specific
INFO: dtree.c(1478): Final simple tree
|( QUESTION0_3_R 1 -1.503e+04 3.775e+02 6.730e+01
|    ( - -5.837e+03 1 0)
|    ( WDBNDRY_E 0 -8.813e+03 1.681e+02 4.014e+01
|        ( SILENCE 1 -3.080e+03 1.304e+02 1.500e+01
|            ( - -7.257e+02 1 0)
|            ( - -2.224e+03 2 0))
|        ( QUESTION0_1_R 1 -5.565e+03 1.374e+02 2.514e+01
|            ( - -3.010e+03 2 0)
|            ( - -2.417e+03 1 0))))
s>    ( QUESTION0_3_R 1 -1.503e+04 3.775e+02 6.730e+01
s>        ( - -5.837e+03 1 0)
s>        ( WDBNDRY_E 0 -8.813e+03 1.681e+02 4.014e+01
s>            ( SILENCE 1 -3.080e+03 1.304e+02 1.500e+01
s>                ( - -7.257e+02 1 0)
s>                ( - -2.224e+03 2 0))
s>            ( QUESTION0_1_R 1 -5.565e+03 1.374e+02 2.514e+01
s>                ( - -3.010e+03 2 0)
s>                ( - -2.417e+03 1 0))))INFO: dtree.c(1315): Comp split 15
INFO: dtree.c(1315): Comp split 16
INFO: dtree.c(1439): stop. leaf nodes are specific
INFO: dtree.c(1478): Final simple tree
|( WDBNDRY_E 0 -8.813e+03 1.681e+02 4.014e+01
|    ( SILENCE 1 -3.080e+03 1.304e+02 1.500e+01
|        ( - -7.257e+02 1 0)
|        ( - -2.224e+03 2 0))
|    ( QUESTION0_1_R 1 -5.565e+03 1.374e+02 2.514e+01
|        ( - -3.010e+03 2 0)
|        ( - -2.417e+03 1 0)))
s>    ( WDBNDRY_E 0 -8.813e+03 1.681e+02 4.014e+01
s>        ( SILENCE 1 -3.080e+03 1.304e+02 1.500e+01
s>            ( - -7.257e+02 1 0)
s>            ( - -2.224e+03 2 0))
s>        ( QUESTION0_1_R 1 -5.565e+03 1.374e+02 2.514e+01
s>            ( - -3.010e+03 2 0)
s>            ( - -2.417e+03 1 0)))INFO: dtree.c(1315): Comp split 17
INFO: dtree.c(1315): Comp split 18
INFO: dtree.c(1439): stop. leaf nodes are specific
INFO: dtree.c(1478): Final simple tree
|( QUESTION17 -1 -3.546e+04 1.533e+02 1.631e+02
|    ( - -1.341e+03 2 0)
|    ( - -3.396e+04 1 0))
s>    ( QUESTION17 -1 -3.546e+04 1.533e+02 1.631e+02
s>        ( - -1.341e+03 2 0)
s>        ( - -3.396e+04 1 0))INFO: dtree.c(1315): Comp split 19
INFO: dtree.c(1315): Comp split 20
INFO: dtree.c(1315): Comp split 21
INFO: dtree.c(1439): stop. leaf nodes are specific
INFO: dtree.c(1478): Final simple tree
|( QUESTION4 -1 -9.417e+03 1.571e+02 4.430e+01
|    ( - -5.065e+02 1 0)
|    ( QUESTION2 -1 -8.753e+03 1.086e+02 4.130e+01
|        ( - -1.580e+03 1 0)
|        ( - -7.065e+03 1 0)))
s>    ( QUESTION4 -1 -9.417e+03 1.571e+02 4.430e+01
s>        ( - -5.065e+02 1 0)
s>        ( QUESTION2 -1 -8.753e+03 1.086e+02 4.130e+01
s>            ( - -1.580e+03 1 0)
s>            ( - -7.065e+03 1 0)))INFO: dtree.c(1439): stop. leaf nodes are specific
INFO: dtree.c(1478): Final simple tree
|( SILENCE -1 -6.909e+04 1.188e+02 3.212e+02
|    ( - -2.291e+03 1 0)
|    ( - -6.668e+04 8 0))
s>    ( SILENCE -1 -6.909e+04 1.188e+02 3.212e+02
s>        ( - -2.291e+03 1 0)
s>        ( - -6.668e+04 8 0))INFO: dtree.c(1315): Comp split 22
INFO: dtree.c(1439): stop. leaf nodes are specific
INFO: dtree.c(1478): Final simple tree
|( QUESTION0_1_R 1 -5.565e+03 1.374e+02 2.514e+01
|    ( - -3.010e+03 2 0)
|    ( - -2.417e+03 1 0))
s>    ( QUESTION0_1_R 1 -5.565e+03 1.374e+02 2.514e+01
s>        ( - -3.010e+03 2 0)
s>        ( - -2.417e+03 1 0))INFO: dtree.c(1439): stop. leaf nodes are specific
INFO: dtree.c(1478): Final simple tree
|( SILENCE 1 -3.080e+03 1.304e+02 1.500e+01
|    ( - -7.257e+02 1 0)
|    ( - -2.224e+03 2 0))
s>    ( SILENCE 1 -3.080e+03 1.304e+02 1.500e+01
s>        ( - -7.257e+02 1 0)
s>        ( - -2.224e+03 2 0))INFO: dtree.c(1315): Comp split 23
INFO: dtree.c(1439): stop. leaf nodes are specific
INFO: dtree.c(1478): Final simple tree
|( QUESTION2 -1 -8.753e+03 1.086e+02 4.130e+01
|    ( - -1.580e+03 1 0)
|    ( - -7.065e+03 1 0))
s>    ( QUESTION2 -1 -8.753e+03 1.086e+02 4.130e+01
s>        ( - -1.580e+03 1 0)
s>        ( - -7.065e+03 1 0))INFO: dtree.c(1315): Comp split 24
INFO: dtree.c(1315): Comp split 25
INFO: dtree.c(1315): Comp split 26
INFO: dtree.c(1315): Comp split 27
INFO: dtree.c(1315): Comp split 28
INFO: dtree.c(1315): Comp split 29
INFO: dtree.c(1315): Comp split 30
INFO: dtree.c(1315): Comp split 31
INFO: dtree.c(1315): Comp split 32
INFO: dtree.c(1318): stop. leaf nodes are specific
Mon Apr 24 17:45:03 2023
