Current configuration:
[NAME]		[DEFLT]	[VALUE]
-allphones	no	no
-example	no	no
-help		no	no
-itreedir		/home/lucija/Documents/Zadnji semestar/ROGJ/Prezentacije/CMUspinx/tutorial13/trees/my_db.unpruned
-minocc		0.0	0.000000e+00
-moddeffn		/home/lucija/Documents/Zadnji semestar/ROGJ/Prezentacije/CMUspinx/tutorial13/model_architecture/my_db.alltriphones.mdef
-nseno			200
-otreedir		/home/lucija/Documents/Zadnji semestar/ROGJ/Prezentacije/CMUspinx/tutorial13/trees/my_db.200
-psetfn			/home/lucija/Documents/Zadnji semestar/ROGJ/Prezentacije/CMUspinx/tutorial13/model_architecture/my_db.tree_questions

INFO: main.c(76): Reading: /home/lucija/Documents/Zadnji semestar/ROGJ/Prezentacije/CMUspinx/tutorial13/model_architecture/my_db.alltriphones.mdef
INFO: model_def_io.c(573): Model definition info:
INFO: model_def_io.c(574): 33475 total models defined (32 base, 33443 tri)
INFO: model_def_io.c(575): 133900 total states
INFO: model_def_io.c(576): 100425 total tied states
INFO: model_def_io.c(577): 96 total tied CI states
INFO: model_def_io.c(578): 32 total tied transition matrices
INFO: model_def_io.c(579): 4 max state/model
INFO: model_def_io.c(580): 4 min state/model
INFO: main.c(82): Reading: /home/lucija/Documents/Zadnji semestar/ROGJ/Prezentacije/CMUspinx/tutorial13/model_architecture/my_db.tree_questions
INFO: main.c(183): NOISE-0	159 [0 < 0.000000e+00]
INFO: main.c(183): NOISE-1	159 [0 < 0.000000e+00]
INFO: main.c(183): NOISE-2	159 [0 < 0.000000e+00]
INFO: main.c(183): a-0	767 [0 < 0.000000e+00]
INFO: main.c(183): a-1	767 [0 < 0.000000e+00]
INFO: main.c(183): a-2	767 [0 < 0.000000e+00]
INFO: main.c(183): b-0	121 [0 < 0.000000e+00]
INFO: main.c(183): b-1	121 [0 < 0.000000e+00]
INFO: main.c(183): b-2	121 [0 < 0.000000e+00]
INFO: main.c(183): c-0	97 [0 < 0.000000e+00]
INFO: main.c(183): c-1	97 [0 < 0.000000e+00]
INFO: main.c(183): c-2	97 [0 < 0.000000e+00]
INFO: main.c(183): d-0	196 [0 < 0.000000e+00]
INFO: main.c(183): d-1	196 [0 < 0.000000e+00]
INFO: main.c(183): d-2	196 [0 < 0.000000e+00]
INFO: main.c(183): dž-0	24 [0 < 0.000000e+00]
INFO: main.c(183): dž-1	24 [0 < 0.000000e+00]
INFO: main.c(183): dž-2	24 [0 < 0.000000e+00]
INFO: main.c(183): e-0	560 [0 < 0.000000e+00]
INFO: main.c(183): e-1	560 [0 < 0.000000e+00]
INFO: main.c(183): e-2	560 [0 < 0.000000e+00]
INFO: main.c(183): f-0	69 [0 < 0.000000e+00]
INFO: main.c(183): f-1	69 [0 < 0.000000e+00]
INFO: main.c(183): f-2	69 [0 < 0.000000e+00]
INFO: main.c(183): g-0	148 [0 < 0.000000e+00]
INFO: main.c(183): g-1	148 [0 < 0.000000e+00]
INFO: main.c(183): g-2	148 [0 < 0.000000e+00]
INFO: main.c(183): h-0	116 [0 < 0.000000e+00]
INFO: main.c(183): h-1	116 [0 < 0.000000e+00]
INFO: main.c(183): h-2	116 [0 < 0.000000e+00]
INFO: main.c(183): i-0	802 [0 < 0.000000e+00]
INFO: main.c(183): i-1	802 [0 < 0.000000e+00]
INFO: main.c(183): i-2	802 [0 < 0.000000e+00]
INFO: main.c(183): j-0	139 [0 < 0.000000e+00]
INFO: main.c(183): j-1	139 [0 < 0.000000e+00]
INFO: main.c(183): j-2	139 [0 < 0.000000e+00]
INFO: main.c(183): k-0	188 [0 < 0.000000e+00]
INFO: main.c(183): k-1	188 [0 < 0.000000e+00]
INFO: main.c(183): k-2	188 [0 < 0.000000e+00]
INFO: main.c(183): l-0	136 [0 < 0.000000e+00]
INFO: main.c(183): l-1	136 [0 < 0.000000e+00]
INFO: main.c(183): l-2	136 [0 < 0.000000e+00]
INFO: main.c(183): lj-0	64 [0 < 0.000000e+00]
INFO: main.c(183): lj-1	64 [0 < 0.000000e+00]
INFO: main.c(183): lj-2	64 [0 < 0.000000e+00]
INFO: main.c(183): m-0	185 [0 < 0.000000e+00]
INFO: main.c(183): m-1	185 [0 < 0.000000e+00]
INFO: main.c(183): m-2	185 [0 < 0.000000e+00]
INFO: main.c(183): n-0	175 [0 < 0.000000e+00]
INFO: main.c(183): n-1	175 [0 < 0.000000e+00]
INFO: main.c(183): n-2	175 [0 < 0.000000e+00]
INFO: main.c(183): nj-0	63 [0 < 0.000000e+00]
INFO: main.c(183): nj-1	63 [0 < 0.000000e+00]
INFO: main.c(183): nj-2	63 [0 < 0.000000e+00]
INFO: main.c(183): o-0	623 [0 < 0.000000e+00]
INFO: main.c(183): o-1	623 [0 < 0.000000e+00]
INFO: main.c(183): o-2	623 [0 < 0.000000e+00]
INFO: main.c(183): p-0	147 [0 < 0.000000e+00]
INFO: main.c(183): p-1	147 [0 < 0.000000e+00]
INFO: main.c(183): p-2	147 [0 < 0.000000e+00]
INFO: main.c(183): r-0	217 [0 < 0.000000e+00]
INFO: main.c(183): r-1	217 [0 < 0.000000e+00]
INFO: main.c(183): r-2	217 [0 < 0.000000e+00]
INFO: main.c(183): s-0	342 [0 < 0.000000e+00]
INFO: main.c(183): s-1	342 [0 < 0.000000e+00]
INFO: main.c(183): s-2	342 [0 < 0.000000e+00]
INFO: main.c(183): t-0	232 [0 < 0.000000e+00]
INFO: main.c(183): t-1	232 [0 < 0.000000e+00]
INFO: main.c(183): t-2	232 [0 < 0.000000e+00]
INFO: main.c(183): u-0	815 [0 < 0.000000e+00]
INFO: main.c(183): u-1	815 [0 < 0.000000e+00]
INFO: main.c(183): u-2	815 [0 < 0.000000e+00]
INFO: main.c(183): v-0	155 [0 < 0.000000e+00]
INFO: main.c(183): v-1	155 [0 < 0.000000e+00]
INFO: main.c(183): v-2	155 [0 < 0.000000e+00]
INFO: main.c(183): z-0	160 [0 < 0.000000e+00]
INFO: main.c(183): z-1	160 [0 < 0.000000e+00]
INFO: main.c(183): z-2	160 [0 < 0.000000e+00]
INFO: main.c(183): ć-0	65 [0 < 0.000000e+00]
INFO: main.c(183): ć-1	65 [0 < 0.000000e+00]
INFO: main.c(183): ć-2	65 [0 < 0.000000e+00]
INFO: main.c(183): č-0	92 [0 < 0.000000e+00]
INFO: main.c(183): č-1	92 [0 < 0.000000e+00]
INFO: main.c(183): č-2	92 [0 < 0.000000e+00]
INFO: main.c(183): đ-0	16 [0 < 0.000000e+00]
INFO: main.c(183): đ-1	16 [0 < 0.000000e+00]
INFO: main.c(183): đ-2	16 [0 < 0.000000e+00]
INFO: main.c(183): š-0	127 [0 < 0.000000e+00]
INFO: main.c(183): š-1	127 [0 < 0.000000e+00]
INFO: main.c(183): š-2	127 [0 < 0.000000e+00]
INFO: main.c(183): ž-0	62 [0 < 0.000000e+00]
INFO: main.c(183): ž-1	62 [0 < 0.000000e+00]
INFO: main.c(183): ž-2	62 [0 < 0.000000e+00]
INFO: main.c(270): Prior to pruning n_seno= 21186
INFO: main.c(278): n_twig= 6716
INFO: main.c(308): Pruning 20986 nodes
INFO: main.c(340): Root node extracted (dž 0) from heap
INFO: main.c(340): Root node extracted (dž 1) from heap
INFO: main.c(340): Root node extracted (dž 2) from heap
INFO: main.c(340): Root node extracted (f 1) from heap
INFO: main.c(340): Root node extracted (f 0) from heap
INFO: main.c(340): Root node extracted (f 2) from heap
INFO: main.c(340): Root node extracted (đ 0) from heap
INFO: main.c(340): Root node extracted (đ 1) from heap
INFO: main.c(340): Root node extracted (đ 2) from heap
INFO: main.c(340): Root node extracted (NOISE 1) from heap
INFO: main.c(340): Root node extracted (ć 1) from heap
INFO: main.c(340): Root node extracted (c 1) from heap
INFO: main.c(340): Root node extracted (lj 1) from heap
INFO: main.c(340): Root node extracted (h 0) from heap
INFO: main.c(340): Root node extracted (lj 0) from heap
INFO: main.c(340): Root node extracted (c 0) from heap
INFO: main.c(340): Root node extracted (c 2) from heap
INFO: main.c(340): Root node extracted (č 0) from heap
INFO: main.c(340): Root node extracted (h 2) from heap
INFO: main.c(340): Root node extracted (ž 1) from heap
INFO: main.c(340): Root node extracted (nj 1) from heap
INFO: main.c(340): Root node extracted (h 1) from heap
INFO: main.c(340): Root node extracted (nj 2) from heap
INFO: main.c(340): Root node extracted (ž 2) from heap
INFO: main.c(340): Root node extracted (ć 2) from heap
INFO: main.c(340): Root node extracted (lj 2) from heap
INFO: main.c(340): Root node extracted (NOISE 0) from heap
INFO: main.c(340): Root node extracted (ž 0) from heap
INFO: main.c(340): Root node extracted (ć 0) from heap
INFO: main.c(340): Root node extracted (č 1) from heap
INFO: main.c(340): Root node extracted (g 1) from heap
INFO: main.c(340): Root node extracted (nj 0) from heap
INFO: main.c(340): Root node extracted (b 1) from heap
INFO: main.c(340): Root node extracted (z 1) from heap
INFO: main.c(340): Root node extracted (b 0) from heap
INFO: main.c(340): Root node extracted (p 1) from heap
INFO: main.c(340): Root node extracted (NOISE 2) from heap
INFO: main.c(340): Root node extracted (š 1) from heap
INFO: main.c(340): Root node extracted (š 0) from heap
INFO: main.c(340): Root node extracted (č 2) from heap
INFO: main.c(340): Root node extracted (g 2) from heap
INFO: main.c(340): Root node extracted (g 0) from heap
INFO: main.c(340): Root node extracted (z 0) from heap
INFO: main.c(340): Root node extracted (k 1) from heap
INFO: main.c(340): Root node extracted (b 2) from heap
INFO: main.c(340): Root node extracted (š 2) from heap
INFO: main.c(386): NOISE-0	1
INFO: main.c(386): NOISE-1	1
INFO: main.c(386): NOISE-2	1
INFO: main.c(386): a-0	9
INFO: main.c(386): a-1	9
INFO: main.c(386): a-2	13
INFO: main.c(386): b-0	1
INFO: main.c(386): b-1	1
INFO: main.c(386): b-2	1
INFO: main.c(386): c-0	1
INFO: main.c(386): c-1	1
INFO: main.c(386): c-2	1
INFO: main.c(386): d-0	5
INFO: main.c(386): d-1	3
INFO: main.c(386): d-2	5
INFO: main.c(386): dž-0	1
INFO: main.c(386): dž-1	1
INFO: main.c(386): dž-2	1
INFO: main.c(386): e-0	7
INFO: main.c(386): e-1	9
INFO: main.c(386): e-2	9
INFO: main.c(386): f-0	1
INFO: main.c(386): f-1	1
INFO: main.c(386): f-2	1
INFO: main.c(386): g-0	1
INFO: main.c(386): g-1	1
INFO: main.c(386): g-2	1
INFO: main.c(386): h-0	1
INFO: main.c(386): h-1	1
INFO: main.c(386): h-2	1
INFO: main.c(386): i-0	5
INFO: main.c(386): i-1	5
INFO: main.c(386): i-2	11
INFO: main.c(386): j-0	5
INFO: main.c(386): j-1	5
INFO: main.c(386): j-2	5
INFO: main.c(386): k-0	3
INFO: main.c(386): k-1	1
INFO: main.c(386): k-2	3
INFO: main.c(386): l-0	3
INFO: main.c(386): l-1	3
INFO: main.c(386): l-2	3
INFO: main.c(386): lj-0	1
INFO: main.c(386): lj-1	1
INFO: main.c(386): lj-2	1
INFO: main.c(386): m-0	3
INFO: main.c(386): m-1	5
INFO: main.c(386): m-2	5
INFO: main.c(386): n-0	7
INFO: main.c(386): n-1	5
INFO: main.c(386): n-2	5
INFO: main.c(386): nj-0	1
INFO: main.c(386): nj-1	1
INFO: main.c(386): nj-2	1
INFO: main.c(386): o-0	11
INFO: main.c(386): o-1	9
INFO: main.c(386): o-2	11
INFO: main.c(386): p-0	3
INFO: main.c(386): p-1	1
INFO: main.c(386): p-2	3
INFO: main.c(386): r-0	5
INFO: main.c(386): r-1	3
INFO: main.c(386): r-2	5
INFO: main.c(386): s-0	7
INFO: main.c(386): s-1	3
INFO: main.c(386): s-2	5
INFO: main.c(386): t-0	5
INFO: main.c(386): t-1	3
INFO: main.c(386): t-2	5
INFO: main.c(386): u-0	7
INFO: main.c(386): u-1	3
INFO: main.c(386): u-2	11
INFO: main.c(386): v-0	3
INFO: main.c(386): v-1	3
INFO: main.c(386): v-2	3
INFO: main.c(386): z-0	1
INFO: main.c(386): z-1	1
INFO: main.c(386): z-2	3
INFO: main.c(386): ć-0	1
INFO: main.c(386): ć-1	1
INFO: main.c(386): ć-2	1
INFO: main.c(386): č-0	1
INFO: main.c(386): č-1	1
INFO: main.c(386): č-2	1
INFO: main.c(386): đ-0	1
INFO: main.c(386): đ-1	1
INFO: main.c(386): đ-2	1
INFO: main.c(386): š-0	1
INFO: main.c(386): š-1	1
INFO: main.c(386): š-2	1
INFO: main.c(386): ž-0	1
INFO: main.c(386): ž-1	1
INFO: main.c(386): ž-2	1
Tue Apr  4 21:21:50 2023
